2024-10-22 20:45:52 INFO: Starting experiment with for requestedPixelSizeMicrons with value of 0.75
2024-10-22 20:45:52 INFO: Running with the following configuration:
{'detectionImageBrightfield': 'Hematoxylin OD', 'requestedPixelSizeMicrons': 0.75, 'backgroundRadiusMicrons': 4.0, 'backgroundByReconstruction': True, 'medianRadiusMicrons': 0.0, 'sigmaMicrons': 1.5, 'minAreaMicrons': 10.0, 'maxAreaMicrons': 80.0, 'threshold': 0.1, 'maxBackground': 2.0, 'watershedPostProcess': True, 'cellExpansionMicrons': 5.0, 'includeNuclei': True, 'smoothBoundaries': True, 'makeMeasurements': True, 'backgroundRadiusPixel': 8.0, 'cellExpansionPixel': 10.0, 'medianRadiusPixel': 0.0, 'minAreaPixel': 20.0, 'maxAreaPixel': 160.0}
2024-10-22 20:45:52 INFO: Starting QuPath image extraction with the following parameters: image_dir=/home/ilants/Documents/jupyter_test, output_dir=/home/ilants/Documents/jupyter_test/single_image_multiple_params/exp_requestedPixelSizeMicrons_0.75, image_type=svs, groovy_script=/home/ilants/Documents/utls/nucleus_detection_wargs.groovy, config_file=/home/ilants/Documents/jupyter_test/single_image_multiple_params/exp_requestedPixelSizeMicrons_0.75/cfg.json, program_path=/home/ilants/Documents/QuPath-v0.5.1-Linux/QuPath/bin/QuPath
2024-10-22 20:45:53 INFO: 20:45:53.526 [main] [INFO ] qupath.lib.gui.prefs.PathPrefs - Setting default Locale to en_US
2024-10-22 20:45:53 INFO: 20:45:53.529 [main] [INFO ] qupath.lib.gui.prefs.PathPrefs - Setting Locale for FORMAT to en_US
2024-10-22 20:45:53 INFO: 20:45:53.529 [main] [INFO ] qupath.lib.gui.prefs.PathPrefs - Setting Locale for DISPLAY to en_US
2024-10-22 20:45:53 INFO: 20:45:53.543 [main] [INFO ] qupath.lib.common.ThreadTools - Setting parallelism to 63
2024-10-22 20:45:53 INFO: 20:45:53.561 [main] [INFO ] qupath.ScriptCommand - Setting tile cache size to 32200.00 MB (25.0% max memory)
2024-10-22 20:45:53 INFO: 20:45:53.619 [main] [INFO ] qupath.lib.scripting.QP - Initializing type adapters
2024-10-22 20:45:53 INFO: Warning: Versions of org.bytedeco:javacpp:1.5.9 and org.bytedeco:opencv:4.6.0-1.5.8 do not match.
2024-10-22 20:45:53 INFO: Warning: Versions of org.bytedeco:javacpp:1.5.9 and org.bytedeco:openblas:0.3.21-1.5.8 do not match.
2024-10-22 20:45:55 INFO: project parameters are: {"detectionImageBrightfield": "Hematoxylin OD","requestedPixelSizeMicrons": 0.75,"backgroundRadiusMicrons": 4.0,"backgroundByReconstruction": true,"medianRadiusMicrons": 0.0,"sigmaMicrons": 1.5,"minAreaMicrons": 10.0,"maxAreaMicrons": 80.0,"threshold": 0.1,"maxBackground": 2.0,"watershedPostProcess": true,"cellExpansionMicrons": 5.0,"includeNuclei": true,"smoothBoundaries": true,"makeMeasurements": true,"backgroundRadiusPixel": 8.0,"cellExpansionPixel": 10.0,"medianRadiusPixel": 0.0,"minAreaPixel": 20.0,"maxAreaPixel": 160.0}
2024-10-22 20:45:55 INFO: New project created at: /home/ilants/Documents/jupyter_test/single_image_multiple_params/exp_requestedPixelSizeMicrons_0.75/QPProject
2024-10-22 20:45:55 INFO: Added: /home/ilants/Documents/jupyter_test/TCGA-GI-A2C8-01Z-00-DX1.09BD8AC9-645A-4C8B-9B36-77D833BDBA09.svs
2024-10-22 20:45:55 INFO: /home/ilants/Documents/jupyter_test/TCGA-GI-A2C8-01Z-00-DX1.09BD8AC9-645A-4C8B-9B36-77D833BDBA09.svs
2024-10-22 20:45:55 INFO: 20:45:55.603 [main] [INFO ] q.l.i.s.b.BioFormatsServerOptions - Setting max Bio-Formats readers to 32
2024-10-22 20:45:56 INFO: UriImageSupport (class qupath.lib.images.servers.bioformats.BioFormatsServerBuilder) support=3.0, builders=1
2024-10-22 20:45:56 INFO: true
2024-10-22 20:45:56 INFO: 20:45:56.306 [main] [WARN ] qupath.lib.scripting.QP - createSelectAllObject(boolean) is deprecated, use createFullImageAnnotation(boolean) instead
2024-10-22 20:45:56 INFO: 20:45:56.306 [main] [WARN ] qupath.lib.scripting.QP - createSelectAllObject(boolean, int, int) is deprecated, use createFullImageAnnotation(boolean, int, int) instead
2024-10-22 20:45:56 INFO: 20:45:56.317 [main] [WARN ] q.l.plugins.parameters.ParameterList - Unable to set parameter backgroundRadiusPixel with value 8.0
2024-10-22 20:45:56 INFO: 20:45:56.317 [main] [WARN ] q.l.plugins.parameters.ParameterList - Unable to set parameter cellExpansionPixel with value 10.0
2024-10-22 20:45:56 INFO: 20:45:56.317 [main] [WARN ] q.l.plugins.parameters.ParameterList - Unable to set parameter medianRadiusPixel with value 0.0
2024-10-22 20:45:56 INFO: 20:45:56.317 [main] [WARN ] q.l.plugins.parameters.ParameterList - Unable to set parameter minAreaPixel with value 20.0
2024-10-22 20:45:56 INFO: 20:45:56.317 [main] [WARN ] q.l.plugins.parameters.ParameterList - Unable to set parameter maxAreaPixel with value 160.0
2024-10-22 20:46:11 INFO: 20:46:11.625 [task-runner-1-22] [INFO ] q.lib.plugins.DetectionPluginTools - 0 nuclei detected (processing time: 15.19 seconds)
2024-10-22 20:46:11 INFO: 20:46:11.651 [main] [INFO ] q.l.p.CommandLineTaskRunner$CommandLineProgressMonitor - 0 nuclei detected (1%)
2024-10-22 20:46:12 INFO: 20:46:12.546 [task-runner-1-8] [INFO ] q.lib.plugins.DetectionPluginTools - 0 nuclei detected (processing time: 16.12 seconds)
2024-10-22 20:46:12 INFO: 20:46:12.558 [main] [INFO ] q.l.p.CommandLineTaskRunner$CommandLineProgressMonitor - 0 nuclei detected (3%)
2024-10-22 20:46:13 INFO: 20:46:13.377 [task-runner-1-7] [INFO ] q.lib.plugins.DetectionPluginTools - 2 nuclei detected (processing time: 16.95 seconds)
2024-10-22 20:46:13 INFO: 20:46:13.379 [main] [INFO ] q.l.p.CommandLineTaskRunner$CommandLineProgressMonitor - 2 nuclei detected (4%)
2024-10-22 20:46:13 INFO: 20:46:13.382 [task-runner-1-55] [INFO ] q.lib.plugins.DetectionPluginTools - 1 nucleus detected (processing time: 16.94 seconds)
2024-10-22 20:46:13 INFO: 20:46:13.382 [main] [INFO ] q.l.p.CommandLineTaskRunner$CommandLineProgressMonitor - 1 nucleus detected (5%)
2024-10-22 20:46:13 INFO: 20:46:13.388 [task-runner-1-21] [INFO ] q.lib.plugins.DetectionPluginTools - 1 nucleus detected (processing time: 16.95 seconds)
2024-10-22 20:46:13 INFO: 20:46:13.389 [main] [INFO ] q.l.p.CommandLineTaskRunner$CommandLineProgressMonitor - 1 nucleus detected (6%)
2024-10-22 20:46:13 INFO: 20:46:13.390 [task-runner-1-11] [INFO ] q.lib.plugins.DetectionPluginTools - 12 nuclei detected (processing time: 16.96 seconds)
2024-10-22 20:46:13 INFO: 20:46:13.390 [task-runner-1-1] [INFO ] q.lib.plugins.DetectionPluginTools - 3 nuclei detected (processing time: 16.96 seconds)
2024-10-22 20:46:13 INFO: 20:46:13.390 [main] [INFO ] q.l.p.CommandLineTaskRunner$CommandLineProgressMonitor - 12 nuclei detected (8%)
2024-10-22 20:46:13 INFO: 20:46:13.391 [main] [INFO ] q.l.p.CommandLineTaskRunner$CommandLineProgressMonitor - 3 nuclei detected (9%)
2024-10-22 20:46:13 INFO: 20:46:13.392 [task-runner-1-10] [INFO ] q.lib.plugins.DetectionPluginTools - 6 nuclei detected (processing time: 16.96 seconds)
2024-10-22 20:46:13 INFO: 20:46:13.392 [main] [INFO ] q.l.p.CommandLineTaskRunner$CommandLineProgressMonitor - 6 nuclei detected (10%)
2024-10-22 20:46:13 INFO: 20:46:13.394 [task-runner-1-9] [INFO ] q.lib.plugins.DetectionPluginTools - 9 nuclei detected (processing time: 16.96 seconds)
2024-10-22 20:46:13 INFO: 20:46:13.395 [main] [INFO ] q.l.p.CommandLineTaskRunner$CommandLineProgressMonitor - 9 nuclei detected (12%)
2024-10-22 20:46:13 INFO: 20:46:13.431 [task-runner-1-6] [INFO ] q.lib.plugins.DetectionPluginTools - 15 nuclei detected (processing time: 17.00 seconds)
2024-10-22 20:46:13 INFO: 20:46:13.432 [main] [INFO ] q.l.p.CommandLineTaskRunner$CommandLineProgressMonitor - 15 nuclei detected (13%)
2024-10-22 20:46:13 INFO: 20:46:13.453 [task-runner-1-2] [INFO ] q.lib.plugins.DetectionPluginTools - 23 nuclei detected (processing time: 17.02 seconds)
2024-10-22 20:46:13 INFO: 20:46:13.453 [main] [INFO ] q.l.p.CommandLineTaskRunner$CommandLineProgressMonitor - 23 nuclei detected (14%)
2024-10-22 20:46:13 INFO: 20:46:13.502 [task-runner-1-44] [INFO ] q.lib.plugins.DetectionPluginTools - 39 nuclei detected (processing time: 17.07 seconds)
2024-10-22 20:46:13 INFO: 20:46:13.519 [main] [INFO ] q.l.p.CommandLineTaskRunner$CommandLineProgressMonitor - 39 nuclei detected (16%)
2024-10-22 20:46:13 INFO: 20:46:13.530 [task-runner-1-5] [INFO ] q.lib.plugins.DetectionPluginTools - 79 nuclei detected (processing time: 17.10 seconds)
2024-10-22 20:46:13 INFO: 20:46:13.532 [main] [INFO ] q.l.p.CommandLineTaskRunner$CommandLineProgressMonitor - 79 nuclei detected (17%)
2024-10-22 20:46:13 INFO: 20:46:13.592 [task-runner-1-3] [INFO ] q.lib.plugins.DetectionPluginTools - 108 nuclei detected (processing time: 17.16 seconds)
2024-10-22 20:46:13 INFO: 20:46:13.593 [main] [INFO ] q.l.p.CommandLineTaskRunner$CommandLineProgressMonitor - 108 nuclei detected (18%)
2024-10-22 20:46:13 INFO: 20:46:13.594 [task-runner-1-33] [INFO ] q.lib.plugins.DetectionPluginTools - 90 nuclei detected (processing time: 17.16 seconds)
2024-10-22 20:46:13 INFO: 20:46:13.599 [main] [INFO ] q.l.p.CommandLineTaskRunner$CommandLineProgressMonitor - 90 nuclei detected (19%)
2024-10-22 20:46:13 INFO: 20:46:13.675 [task-runner-1-20] [INFO ] q.lib.plugins.DetectionPluginTools - 154 nuclei detected (processing time: 17.24 seconds)
2024-10-22 20:46:13 INFO: 20:46:13.676 [main] [INFO ] q.l.p.CommandLineTaskRunner$CommandLineProgressMonitor - 154 nuclei detected (21%)
2024-10-22 20:46:13 INFO: 20:46:13.730 [task-runner-1-34] [INFO ] q.lib.plugins.DetectionPluginTools - 210 nuclei detected (processing time: 17.30 seconds)
2024-10-22 20:46:13 INFO: 20:46:13.734 [main] [INFO ] q.l.p.CommandLineTaskRunner$CommandLineProgressMonitor - 210 nuclei detected (22%)
2024-10-22 20:46:13 INFO: 20:46:13.905 [task-runner-1-23] [INFO ] q.lib.plugins.DetectionPluginTools - 303 nuclei detected (processing time: 17.47 seconds)
2024-10-22 20:46:13 INFO: 20:46:13.906 [main] [INFO ] q.l.p.CommandLineTaskRunner$CommandLineProgressMonitor - 303 nuclei detected (23%)
2024-10-22 20:46:13 INFO: 20:46:13.908 [task-runner-1-45] [INFO ] q.lib.plugins.DetectionPluginTools - 289 nuclei detected (processing time: 17.47 seconds)
2024-10-22 20:46:13 INFO: 20:46:13.910 [main] [INFO ] q.l.p.CommandLineTaskRunner$CommandLineProgressMonitor - 289 nuclei detected (25%)
2024-10-22 20:46:13 INFO: 20:46:13.938 [task-runner-1-12] [INFO ] q.lib.plugins.DetectionPluginTools - 353 nuclei detected (processing time: 17.49 seconds)
2024-10-22 20:46:13 INFO: 20:46:13.939 [main] [INFO ] q.l.p.CommandLineTaskRunner$CommandLineProgressMonitor - 353 nuclei detected (26%)
2024-10-22 20:46:14 INFO: 20:46:14.060 [task-runner-1-56] [INFO ] q.lib.plugins.DetectionPluginTools - 517 nuclei detected (processing time: 17.62 seconds)
2024-10-22 20:46:14 INFO: 20:46:14.062 [main] [INFO ] q.l.p.CommandLineTaskRunner$CommandLineProgressMonitor - 517 nuclei detected (27%)
2024-10-22 20:46:14 INFO: 20:46:14.075 [task-runner-1-4] [INFO ] q.lib.plugins.DetectionPluginTools - 482 nuclei detected (processing time: 17.64 seconds)
2024-10-22 20:46:14 INFO: 20:46:14.075 [main] [INFO ] q.l.p.CommandLineTaskRunner$CommandLineProgressMonitor - 482 nuclei detected (29%)
2024-10-22 20:46:14 INFO: 20:46:14.077 [task-runner-1-46] [INFO ] q.lib.plugins.DetectionPluginTools - 446 nuclei detected (processing time: 17.64 seconds)
2024-10-22 20:46:14 INFO: 20:46:14.079 [main] [INFO ] q.l.p.CommandLineTaskRunner$CommandLineProgressMonitor - 446 nuclei detected (30%)
2024-10-22 20:46:14 INFO: 20:46:14.116 [task-runner-1-19] [INFO ] q.lib.plugins.DetectionPluginTools - 623 nuclei detected (processing time: 17.68 seconds)
2024-10-22 20:46:14 INFO: 20:46:14.117 [main] [INFO ] q.l.p.CommandLineTaskRunner$CommandLineProgressMonitor - 623 nuclei detected (31%)
2024-10-22 20:46:14 INFO: 20:46:14.180 [task-runner-1-13] [INFO ] q.lib.plugins.DetectionPluginTools - 800 nuclei detected (processing time: 17.75 seconds)
2024-10-22 20:46:14 INFO: 20:46:14.183 [main] [INFO ] q.l.p.CommandLineTaskRunner$CommandLineProgressMonitor - 800 nuclei detected (32%)
2024-10-22 20:46:14 INFO: 20:46:14.195 [task-runner-1-31] [INFO ] q.lib.plugins.DetectionPluginTools - 798 nuclei detected (processing time: 17.76 seconds)
2024-10-22 20:46:14 INFO: 20:46:14.195 [main] [INFO ] q.l.p.CommandLineTaskRunner$CommandLineProgressMonitor - 798 nuclei detected (34%)
2024-10-22 20:46:18 INFO: 20:46:18.171 [task-runner-1-32] [INFO ] q.lib.plugins.DetectionPluginTools - 381 nuclei detected (processing time: 21.74 seconds)
2024-10-22 20:46:18 INFO: 20:46:18.171 [main] [INFO ] q.l.p.CommandLineTaskRunner$CommandLineProgressMonitor - 381 nuclei detected (35%)
2024-10-22 20:46:18 INFO: 20:46:18.207 [task-runner-1-57] [INFO ] q.lib.plugins.DetectionPluginTools - 435 nuclei detected (processing time: 21.77 seconds)
2024-10-22 20:46:18 INFO: 20:46:18.208 [main] [INFO ] q.l.p.CommandLineTaskRunner$CommandLineProgressMonitor - 435 nuclei detected (36%)
2024-10-22 20:46:18 INFO: 20:46:18.505 [task-runner-1-35] [INFO ] q.lib.plugins.DetectionPluginTools - 969 nuclei detected (processing time: 22.07 seconds)
2024-10-22 20:46:18 INFO: 20:46:18.506 [main] [INFO ] q.l.p.CommandLineTaskRunner$CommandLineProgressMonitor - 969 nuclei detected (38%)
2024-10-22 20:46:18 INFO: 20:46:18.507 [task-runner-1-43] [INFO ] q.lib.plugins.DetectionPluginTools - 1067 nuclei detected (processing time: 22.07 seconds)
2024-10-22 20:46:18 INFO: 20:46:18.507 [main] [INFO ] q.l.p.CommandLineTaskRunner$CommandLineProgressMonitor - 1067 nuclei detected (39%)
2024-10-22 20:46:18 INFO: 20:46:18.557 [task-runner-1-58] [INFO ] q.lib.plugins.DetectionPluginTools - 1263 nuclei detected (processing time: 22.12 seconds)
2024-10-22 20:46:18 INFO: 20:46:18.559 [main] [INFO ] q.l.p.CommandLineTaskRunner$CommandLineProgressMonitor - 1263 nuclei detected (40%)
2024-10-22 20:46:18 INFO: 20:46:18.576 [task-runner-1-24] [INFO ] q.lib.plugins.DetectionPluginTools - 1327 nuclei detected (processing time: 22.14 seconds)
2024-10-22 20:46:18 INFO: 20:46:18.576 [main] [INFO ] q.l.p.CommandLineTaskRunner$CommandLineProgressMonitor - 1327 nuclei detected (42%)
2024-10-22 20:46:18 INFO: 20:46:18.677 [task-runner-1-59] [INFO ] q.lib.plugins.DetectionPluginTools - 1814 nuclei detected (processing time: 22.24 seconds)
2024-10-22 20:46:18 INFO: 20:46:18.678 [main] [INFO ] q.l.p.CommandLineTaskRunner$CommandLineProgressMonitor - 1814 nuclei detected (43%)
2024-10-22 20:46:18 INFO: 20:46:18.678 [task-runner-1-60] [INFO ] q.lib.plugins.DetectionPluginTools - 1608 nuclei detected (processing time: 22.24 seconds)
2024-10-22 20:46:18 INFO: 20:46:18.679 [main] [INFO ] q.l.p.CommandLineTaskRunner$CommandLineProgressMonitor - 1608 nuclei detected (44%)
2024-10-22 20:46:18 INFO: 20:46:18.702 [task-runner-1-54] [INFO ] q.lib.plugins.DetectionPluginTools - 2326 nuclei detected (processing time: 22.26 seconds)
2024-10-22 20:46:18 INFO: 20:46:18.703 [main] [INFO ] q.l.p.CommandLineTaskRunner$CommandLineProgressMonitor - 2326 nuclei detected (45%)
2024-10-22 20:46:18 INFO: 20:46:18.799 [task-runner-1-18] [INFO ] q.lib.plugins.DetectionPluginTools - 3040 nuclei detected (processing time: 22.37 seconds)
2024-10-22 20:46:18 INFO: 20:46:18.799 [main] [INFO ] q.l.p.CommandLineTaskRunner$CommandLineProgressMonitor - 3040 nuclei detected (47%)
2024-10-22 20:46:18 INFO: 20:46:18.950 [task-runner-1-14] [INFO ] q.lib.plugins.DetectionPluginTools - 5075 nuclei detected (processing time: 22.52 seconds)
2024-10-22 20:46:18 INFO: 20:46:18.951 [main] [INFO ] q.l.p.CommandLineTaskRunner$CommandLineProgressMonitor - 5075 nuclei detected (48%)
2024-10-22 20:46:19 INFO: 20:46:19.051 [task-runner-1-61] [INFO ] q.lib.plugins.DetectionPluginTools - 4348 nuclei detected (processing time: 22.61 seconds)
2024-10-22 20:46:19 INFO: 20:46:19.051 [main] [INFO ] q.l.p.CommandLineTaskRunner$CommandLineProgressMonitor - 4348 nuclei detected (49%)
2024-10-22 20:46:19 INFO: 20:46:19.132 [task-runner-1-10] [INFO ] q.lib.plugins.DetectionPluginTools - 1 nucleus detected (processing time: 5.74 seconds)
2024-10-22 20:46:19 INFO: 20:46:19.133 [main] [INFO ] q.l.p.CommandLineTaskRunner$CommandLineProgressMonitor - 1 nucleus detected (51%)
2024-10-22 20:46:19 INFO: 20:46:19.370 [task-runner-1-2] [INFO ] q.lib.plugins.DetectionPluginTools - 11 nuclei detected (processing time: 5.92 seconds)
2024-10-22 20:46:19 INFO: 20:46:19.371 [main] [INFO ] q.l.p.CommandLineTaskRunner$CommandLineProgressMonitor - 11 nuclei detected (52%)
2024-10-22 20:46:19 INFO: 20:46:19.385 [task-runner-1-1] [INFO ] q.lib.plugins.DetectionPluginTools - 4 nuclei detected (processing time: 6.00 seconds)
2024-10-22 20:46:19 INFO: 20:46:19.386 [main] [INFO ] q.l.p.CommandLineTaskRunner$CommandLineProgressMonitor - 4 nuclei detected (53%)
2024-10-22 20:46:19 INFO: 20:46:19.489 [task-runner-1-36] [INFO ] q.lib.plugins.DetectionPluginTools - 5695 nuclei detected (processing time: 23.05 seconds)
2024-10-22 20:46:19 INFO: 20:46:19.489 [main] [INFO ] q.l.p.CommandLineTaskRunner$CommandLineProgressMonitor - 5695 nuclei detected (55%)
2024-10-22 20:46:19 INFO: 20:46:19.613 [task-runner-1-30] [INFO ] q.lib.plugins.DetectionPluginTools - 4142 nuclei detected (processing time: 23.18 seconds)
2024-10-22 20:46:19 INFO: 20:46:19.613 [main] [INFO ] q.l.p.CommandLineTaskRunner$CommandLineProgressMonitor - 4142 nuclei detected (56%)
2024-10-22 20:46:19 INFO: 20:46:19.938 [task-runner-1-9] [INFO ] q.lib.plugins.DetectionPluginTools - 0 nuclei detected (processing time: 6.54 seconds)
2024-10-22 20:46:19 INFO: 20:46:19.939 [main] [INFO ] q.l.p.CommandLineTaskRunner$CommandLineProgressMonitor - 0 nuclei detected (57%)
2024-10-22 20:46:19 INFO: 20:46:19.945 [task-runner-1-7] [INFO ] q.lib.plugins.DetectionPluginTools - 0 nuclei detected (processing time: 6.57 seconds)
2024-10-22 20:46:19 INFO: 20:46:19.946 [main] [INFO ] q.l.p.CommandLineTaskRunner$CommandLineProgressMonitor - 0 nuclei detected (58%)
2024-10-22 20:46:20 INFO: 20:46:20.381 [task-runner-1-21] [INFO ] q.lib.plugins.DetectionPluginTools - 1 nucleus detected (processing time: 6.99 seconds)
2024-10-22 20:46:20 INFO: 20:46:20.381 [main] [INFO ] q.l.p.CommandLineTaskRunner$CommandLineProgressMonitor - 1 nucleus detected (60%)
2024-10-22 20:46:20 INFO: 20:46:20.480 [task-runner-1-8] [INFO ] q.lib.plugins.DetectionPluginTools - 475 nuclei detected (processing time: 7.92 seconds)
2024-10-22 20:46:20 INFO: 20:46:20.481 [main] [INFO ] q.l.p.CommandLineTaskRunner$CommandLineProgressMonitor - 475 nuclei detected (61%)
2024-10-22 20:46:20 INFO: 20:46:20.586 [task-runner-1-17] [INFO ] q.lib.plugins.DetectionPluginTools - 3229 nuclei detected (processing time: 24.15 seconds)
2024-10-22 20:46:20 INFO: 20:46:20.586 [main] [INFO ] q.l.p.CommandLineTaskRunner$CommandLineProgressMonitor - 3229 nuclei detected (62%)
2024-10-22 20:46:20 INFO: 20:46:20.649 [task-runner-1-6] [INFO ] q.lib.plugins.DetectionPluginTools - 1 nucleus detected (processing time: 7.22 seconds)
2024-10-22 20:46:20 INFO: 20:46:20.650 [main] [INFO ] q.l.p.CommandLineTaskRunner$CommandLineProgressMonitor - 1 nucleus detected (64%)
2024-10-22 20:46:20 INFO: 20:46:20.709 [task-runner-1-49] [INFO ] q.lib.plugins.DetectionPluginTools - 5943 nuclei detected (processing time: 24.27 seconds)
2024-10-22 20:46:20 INFO: 20:46:20.709 [main] [INFO ] q.l.p.CommandLineTaskRunner$CommandLineProgressMonitor - 5943 nuclei detected (65%)
2024-10-22 20:46:20 INFO: 20:46:20.760 [task-runner-1-3] [INFO ] q.lib.plugins.DetectionPluginTools - 0 nuclei detected (processing time: 7.17 seconds)
2024-10-22 20:46:20 INFO: 20:46:20.760 [main] [INFO ] q.l.p.CommandLineTaskRunner$CommandLineProgressMonitor - 0 nuclei detected (66%)
2024-10-22 20:46:20 INFO: 20:46:20.782 [task-runner-1-11] [INFO ] q.lib.plugins.DetectionPluginTools - 1 nucleus detected (processing time: 7.39 seconds)
2024-10-22 20:46:20 INFO: 20:46:20.783 [main] [INFO ] q.l.p.CommandLineTaskRunner$CommandLineProgressMonitor - 1 nucleus detected (68%)
2024-10-22 20:46:20 INFO: 20:46:20.795 [task-runner-1-55] [INFO ] q.lib.plugins.DetectionPluginTools - 43 nuclei detected (processing time: 7.41 seconds)
2024-10-22 20:46:20 INFO: 20:46:20.795 [main] [INFO ] q.l.p.CommandLineTaskRunner$CommandLineProgressMonitor - 43 nuclei detected (69%)
2024-10-22 20:46:20 INFO: 20:46:20.933 [task-runner-1-5] [INFO ] q.lib.plugins.DetectionPluginTools - 0 nuclei detected (processing time: 7.40 seconds)
2024-10-22 20:46:20 INFO: 20:46:20.933 [main] [INFO ] q.l.p.CommandLineTaskRunner$CommandLineProgressMonitor - 0 nuclei detected (70%)
2024-10-22 20:46:21 INFO: 20:46:21.005 [task-runner-1-25] [INFO ] q.lib.plugins.DetectionPluginTools - 5427 nuclei detected (processing time: 24.57 seconds)
2024-10-22 20:46:21 INFO: 20:46:21.006 [main] [INFO ] q.l.p.CommandLineTaskRunner$CommandLineProgressMonitor - 5427 nuclei detected (71%)
2024-10-22 20:46:21 INFO: 20:46:21.275 [task-runner-1-16] [INFO ] q.lib.plugins.DetectionPluginTools - 4774 nuclei detected (processing time: 24.84 seconds)
2024-10-22 20:46:21 INFO: 20:46:21.275 [main] [INFO ] q.l.p.CommandLineTaskRunner$CommandLineProgressMonitor - 4774 nuclei detected (73%)
2024-10-22 20:46:21 INFO: 20:46:21.561 [task-runner-1-44] [INFO ] q.lib.plugins.DetectionPluginTools - 543 nuclei detected (processing time: 8.04 seconds)
2024-10-22 20:46:21 INFO: 20:46:21.562 [main] [INFO ] q.l.p.CommandLineTaskRunner$CommandLineProgressMonitor - 543 nuclei detected (74%)
2024-10-22 20:46:21 INFO: 20:46:21.594 [task-runner-1-62] [INFO ] q.lib.plugins.DetectionPluginTools - 6484 nuclei detected (processing time: 25.15 seconds)
2024-10-22 20:46:21 INFO: 20:46:21.594 [main] [INFO ] q.l.p.CommandLineTaskRunner$CommandLineProgressMonitor - 6484 nuclei detected (75%)
2024-10-22 20:46:21 INFO: 20:46:21.825 [task-runner-1-47] [INFO ] q.lib.plugins.DetectionPluginTools - 5272 nuclei detected (processing time: 25.39 seconds)
2024-10-22 20:46:21 INFO: 20:46:21.825 [main] [INFO ] q.l.p.CommandLineTaskRunner$CommandLineProgressMonitor - 5272 nuclei detected (77%)
2024-10-22 20:46:21 INFO: 20:46:21.850 [task-runner-1-42] [INFO ] q.lib.plugins.DetectionPluginTools - 4542 nuclei detected (processing time: 25.41 seconds)
2024-10-22 20:46:21 INFO: 20:46:21.850 [main] [INFO ] q.l.p.CommandLineTaskRunner$CommandLineProgressMonitor - 4542 nuclei detected (78%)
2024-10-22 20:46:22 INFO: 20:46:22.111 [task-runner-1-28] [INFO ] q.lib.plugins.DetectionPluginTools - 6998 nuclei detected (processing time: 25.68 seconds)
2024-10-22 20:46:22 INFO: 20:46:22.111 [main] [INFO ] q.l.p.CommandLineTaskRunner$CommandLineProgressMonitor - 6998 nuclei detected (79%)
2024-10-22 20:46:22 INFO: 20:46:22.151 [task-runner-1-48] [INFO ] q.lib.plugins.DetectionPluginTools - 6313 nuclei detected (processing time: 25.71 seconds)
2024-10-22 20:46:22 INFO: 20:46:22.151 [main] [INFO ] q.l.p.CommandLineTaskRunner$CommandLineProgressMonitor - 6313 nuclei detected (81%)
2024-10-22 20:46:22 INFO: 20:46:22.298 [task-runner-1-52] [INFO ] q.lib.plugins.DetectionPluginTools - 8325 nuclei detected (processing time: 25.86 seconds)
2024-10-22 20:46:22 INFO: 20:46:22.299 [main] [INFO ] q.l.p.CommandLineTaskRunner$CommandLineProgressMonitor - 8325 nuclei detected (82%)
2024-10-22 20:46:22 INFO: 20:46:22.329 [task-runner-1-15] [INFO ] q.lib.plugins.DetectionPluginTools - 8033 nuclei detected (processing time: 25.90 seconds)
2024-10-22 20:46:22 INFO: 20:46:22.329 [main] [INFO ] q.l.p.CommandLineTaskRunner$CommandLineProgressMonitor - 8033 nuclei detected (83%)
2024-10-22 20:46:22 INFO: 20:46:22.345 [task-runner-1-41] [INFO ] q.lib.plugins.DetectionPluginTools - 6081 nuclei detected (processing time: 25.91 seconds)
2024-10-22 20:46:22 INFO: 20:46:22.345 [main] [INFO ] q.l.p.CommandLineTaskRunner$CommandLineProgressMonitor - 6081 nuclei detected (84%)
2024-10-22 20:46:22 INFO: 20:46:22.407 [task-runner-1-40] [INFO ] q.lib.plugins.DetectionPluginTools - 7421 nuclei detected (processing time: 25.97 seconds)
2024-10-22 20:46:22 INFO: 20:46:22.408 [main] [INFO ] q.l.p.CommandLineTaskRunner$CommandLineProgressMonitor - 7421 nuclei detected (86%)
2024-10-22 20:46:22 INFO: 20:46:22.646 [task-runner-1-39] [INFO ] q.lib.plugins.DetectionPluginTools - 8320 nuclei detected (processing time: 26.21 seconds)
2024-10-22 20:46:22 INFO: 20:46:22.647 [main] [INFO ] q.l.p.CommandLineTaskRunner$CommandLineProgressMonitor - 8320 nuclei detected (87%)
2024-10-22 20:46:22 INFO: 20:46:22.771 [task-runner-1-63] [INFO ] q.lib.plugins.DetectionPluginTools - 8940 nuclei detected (processing time: 26.33 seconds)
2024-10-22 20:46:22 INFO: 20:46:22.771 [main] [INFO ] q.l.p.CommandLineTaskRunner$CommandLineProgressMonitor - 8940 nuclei detected (88%)
2024-10-22 20:46:22 INFO: 20:46:22.849 [task-runner-1-29] [INFO ] q.lib.plugins.DetectionPluginTools - 6022 nuclei detected (processing time: 26.42 seconds)
2024-10-22 20:46:22 INFO: 20:46:22.849 [main] [INFO ] q.l.p.CommandLineTaskRunner$CommandLineProgressMonitor - 6022 nuclei detected (90%)
2024-10-22 20:46:22 INFO: 20:46:22.855 [task-runner-1-38] [INFO ] q.lib.plugins.DetectionPluginTools - 8143 nuclei detected (processing time: 26.42 seconds)
2024-10-22 20:46:22 INFO: 20:46:22.855 [main] [INFO ] q.l.p.CommandLineTaskRunner$CommandLineProgressMonitor - 8143 nuclei detected (91%)
2024-10-22 20:46:22 INFO: 20:46:22.968 [task-runner-1-27] [INFO ] q.lib.plugins.DetectionPluginTools - 6735 nuclei detected (processing time: 26.53 seconds)
2024-10-22 20:46:22 INFO: 20:46:22.968 [main] [INFO ] q.l.p.CommandLineTaskRunner$CommandLineProgressMonitor - 6735 nuclei detected (92%)
2024-10-22 20:46:23 INFO: 20:46:23.059 [task-runner-1-50] [INFO ] q.lib.plugins.DetectionPluginTools - 7002 nuclei detected (processing time: 26.62 seconds)
2024-10-22 20:46:23 INFO: 20:46:23.060 [main] [INFO ] q.l.p.CommandLineTaskRunner$CommandLineProgressMonitor - 7002 nuclei detected (94%)
2024-10-22 20:46:23 INFO: 20:46:23.129 [task-runner-1-53] [INFO ] q.lib.plugins.DetectionPluginTools - 9007 nuclei detected (processing time: 26.69 seconds)
2024-10-22 20:46:23 INFO: 20:46:23.129 [main] [INFO ] q.l.p.CommandLineTaskRunner$CommandLineProgressMonitor - 9007 nuclei detected (95%)
2024-10-22 20:46:23 INFO: 20:46:23.370 [task-runner-1-51] [INFO ] q.lib.plugins.DetectionPluginTools - 7245 nuclei detected (processing time: 26.93 seconds)
2024-10-22 20:46:23 INFO: 20:46:23.370 [main] [INFO ] q.l.p.CommandLineTaskRunner$CommandLineProgressMonitor - 7245 nuclei detected (96%)
2024-10-22 20:46:23 INFO: 20:46:23.547 [task-runner-1-26] [INFO ] q.lib.plugins.DetectionPluginTools - 11662 nuclei detected (processing time: 27.11 seconds)
2024-10-22 20:46:23 INFO: 20:46:23.548 [main] [INFO ] q.l.p.CommandLineTaskRunner$CommandLineProgressMonitor - 11662 nuclei detected (97%)
2024-10-22 20:46:23 INFO: 20:46:23.792 [task-runner-1-37] [INFO ] q.lib.plugins.DetectionPluginTools - 10449 nuclei detected (processing time: 27.36 seconds)
2024-10-22 20:46:23 INFO: 20:46:23.792 [main] [INFO ] q.l.p.CommandLineTaskRunner$CommandLineProgressMonitor - 10449 nuclei detected (99%)
2024-10-22 20:46:24 INFO: 20:46:24.776 [task-runner-1-22] [INFO ] q.lib.plugins.DetectionPluginTools - 8664 nuclei detected (processing time: 13.13 seconds)
2024-10-22 20:46:24 INFO: 20:46:24.776 [main] [INFO ] q.l.p.CommandLineTaskRunner$CommandLineProgressMonitor - 8664 nuclei detected (100%)
2024-10-22 20:46:24 INFO: 20:46:24.776 [main] [INFO ] q.l.p.CommandLineTaskRunner$CommandLineProgressMonitor - Processing complete in 28.35 seconds
2024-10-22 20:46:24 INFO: 20:46:24.776 [main] [INFO ] q.l.p.CommandLineTaskRunner$CommandLineProgressMonitor - Tasks completed!
2024-10-22 20:46:30 INFO: 20:46:30.268 [main] [WARN ] q.l.p.objects.SmoothFeaturesPlugin - Smoothing using annotations
2024-10-22 20:46:33 INFO: 20:46:33.672 [main] [INFO ] q.l.p.CommandLineTaskRunner$CommandLineProgressMonitor - Completed (100%)
2024-10-22 20:46:33 INFO: 20:46:33.672 [main] [INFO ] q.l.p.CommandLineTaskRunner$CommandLineProgressMonitor - Processing complete in 3.40 seconds
2024-10-22 20:46:33 INFO: 20:46:33.672 [main] [INFO ] q.l.p.CommandLineTaskRunner$CommandLineProgressMonitor - Tasks completed!
2024-10-22 20:46:33 INFO: 20:46:33.674 [main] [WARN ] q.l.p.objects.SmoothFeaturesPlugin - Smoothing using annotations
2024-10-22 20:46:39 INFO: 20:46:39.971 [main] [INFO ] q.l.p.CommandLineTaskRunner$CommandLineProgressMonitor - Completed (100%)
2024-10-22 20:46:39 INFO: 20:46:39.972 [main] [INFO ] q.l.p.CommandLineTaskRunner$CommandLineProgressMonitor - Processing complete in 6.30 seconds
2024-10-22 20:46:39 INFO: 20:46:39.972 [main] [INFO ] q.l.p.CommandLineTaskRunner$CommandLineProgressMonitor - Tasks completed!
2024-10-22 20:46:39 INFO: 20:46:39.974 [main] [WARN ] q.l.p.objects.SmoothFeaturesPlugin - Smoothing using annotations
2024-10-22 20:46:59 INFO: 20:46:59.888 [main] [INFO ] q.l.p.CommandLineTaskRunner$CommandLineProgressMonitor - Completed (100%)
2024-10-22 20:46:59 INFO: 20:46:59.890 [main] [INFO ] q.l.p.CommandLineTaskRunner$CommandLineProgressMonitor - Processing complete in 19.92 seconds
2024-10-22 20:46:59 INFO: 20:46:59.890 [main] [INFO ] q.l.p.CommandLineTaskRunner$CommandLineProgressMonitor - Tasks completed!
2024-10-22 20:47:00 INFO: 20:47:00.113 [task-runner-5-2] [INFO ] q.l.a.IntensityFeaturesPlugin - Splitting Rectangle (0, 0, 63784, 39311) into 40 tiles for intensity measurements
2024-10-22 20:47:00 INFO: 20:47:00.330 [main] [INFO ] q.l.p.CommandLineTaskRunner$CommandLineProgressMonitor - Completed (0%)
2024-10-22 20:47:01 INFO: 20:47:01.438 [main] [INFO ] q.l.p.CommandLineTaskRunner$CommandLineProgressMonitor - Completed (1%)
2024-10-22 20:47:01 INFO: 20:47:01.772 [main] [INFO ] q.l.p.CommandLineTaskRunner$CommandLineProgressMonitor - Completed (2%)
2024-10-22 20:47:01 INFO: 20:47:01.914 [main] [INFO ] q.l.p.CommandLineTaskRunner$CommandLineProgressMonitor - Completed (3%)
2024-10-22 20:47:02 INFO: 20:47:02.086 [main] [INFO ] q.l.p.CommandLineTaskRunner$CommandLineProgressMonitor - Completed (4%)
2024-10-22 20:47:02 INFO: 20:47:02.208 [main] [INFO ] q.l.p.CommandLineTaskRunner$CommandLineProgressMonitor - Completed (5%)
2024-10-22 20:47:02 INFO: 20:47:02.328 [main] [INFO ] q.l.p.CommandLineTaskRunner$CommandLineProgressMonitor - Completed (6%)
2024-10-22 20:47:02 INFO: 20:47:02.730 [main] [INFO ] q.l.p.CommandLineTaskRunner$CommandLineProgressMonitor - Completed (7%)
2024-10-22 20:47:02 INFO: 20:47:02.830 [main] [INFO ] q.l.p.CommandLineTaskRunner$CommandLineProgressMonitor - Completed (8%)
2024-10-22 20:47:02 INFO: 20:47:02.919 [main] [INFO ] q.l.p.CommandLineTaskRunner$CommandLineProgressMonitor - Completed (9%)
2024-10-22 20:47:03 INFO: 20:47:03.012 [main] [INFO ] q.l.p.CommandLineTaskRunner$CommandLineProgressMonitor - Completed (10%)
2024-10-22 20:47:03 INFO: 20:47:03.437 [main] [INFO ] q.l.p.CommandLineTaskRunner$CommandLineProgressMonitor - Completed (11%)
2024-10-22 20:47:03 INFO: 20:47:03.534 [main] [INFO ] q.l.p.CommandLineTaskRunner$CommandLineProgressMonitor - Completed (12%)
2024-10-22 20:47:03 INFO: 20:47:03.630 [main] [INFO ] q.l.p.CommandLineTaskRunner$CommandLineProgressMonitor - Completed (13%)
2024-10-22 20:47:03 INFO: 20:47:03.766 [main] [INFO ] q.l.p.CommandLineTaskRunner$CommandLineProgressMonitor - Completed (14%)
2024-10-22 20:47:03 INFO: 20:47:03.860 [main] [INFO ] q.l.p.CommandLineTaskRunner$CommandLineProgressMonitor - Completed (15%)
2024-10-22 20:47:04 INFO: 20:47:04.272 [main] [INFO ] q.l.p.CommandLineTaskRunner$CommandLineProgressMonitor - Completed (16%)
2024-10-22 20:47:04 INFO: 20:47:04.386 [main] [INFO ] q.l.p.CommandLineTaskRunner$CommandLineProgressMonitor - Completed (17%)
2024-10-22 20:47:04 INFO: 20:47:04.486 [main] [INFO ] q.l.p.CommandLineTaskRunner$CommandLineProgressMonitor - Completed (18%)
2024-10-22 20:47:04 INFO: 20:47:04.586 [main] [INFO ] q.l.p.CommandLineTaskRunner$CommandLineProgressMonitor - Completed (19%)
2024-10-22 20:47:04 INFO: 20:47:04.685 [main] [INFO ] q.l.p.CommandLineTaskRunner$CommandLineProgressMonitor - Completed (20%)
2024-10-22 20:47:05 INFO: 20:47:05.046 [main] [INFO ] q.l.p.CommandLineTaskRunner$CommandLineProgressMonitor - Completed (21%)
2024-10-22 20:47:05 INFO: 20:47:05.132 [main] [INFO ] q.l.p.CommandLineTaskRunner$CommandLineProgressMonitor - Completed (22%)
2024-10-22 20:47:05 INFO: 20:47:05.221 [main] [INFO ] q.l.p.CommandLineTaskRunner$CommandLineProgressMonitor - Completed (23%)
2024-10-22 20:47:05 INFO: 20:47:05.311 [main] [INFO ] q.l.p.CommandLineTaskRunner$CommandLineProgressMonitor - Completed (24%)
2024-10-22 20:47:05 INFO: 20:47:05.580 [main] [INFO ] q.l.p.CommandLineTaskRunner$CommandLineProgressMonitor - Completed (25%)
2024-10-22 20:47:05 INFO: 20:47:05.682 [main] [INFO ] q.l.p.CommandLineTaskRunner$CommandLineProgressMonitor - Completed (26%)
2024-10-22 20:47:05 INFO: 20:47:05.770 [main] [INFO ] q.l.p.CommandLineTaskRunner$CommandLineProgressMonitor - Completed (27%)
2024-10-22 20:47:05 INFO: 20:47:05.860 [main] [INFO ] q.l.p.CommandLineTaskRunner$CommandLineProgressMonitor - Completed (28%)
2024-10-22 20:47:05 INFO: 20:47:05.966 [main] [INFO ] q.l.p.CommandLineTaskRunner$CommandLineProgressMonitor - Completed (29%)
2024-10-22 20:47:06 INFO: 20:47:06.058 [main] [INFO ] q.l.p.CommandLineTaskRunner$CommandLineProgressMonitor - Completed (30%)
2024-10-22 20:47:06 INFO: 20:47:06.150 [main] [INFO ] q.l.p.CommandLineTaskRunner$CommandLineProgressMonitor - Completed (31%)
2024-10-22 20:47:06 INFO: 20:47:06.254 [main] [INFO ] q.l.p.CommandLineTaskRunner$CommandLineProgressMonitor - Completed (32%)
2024-10-22 20:47:06 INFO: 20:47:06.363 [main] [INFO ] q.l.p.CommandLineTaskRunner$CommandLineProgressMonitor - Completed (33%)
2024-10-22 20:47:06 INFO: 20:47:06.744 [main] [INFO ] q.l.p.CommandLineTaskRunner$CommandLineProgressMonitor - Completed (34%)
2024-10-22 20:47:06 INFO: 20:47:06.890 [main] [INFO ] q.l.p.CommandLineTaskRunner$CommandLineProgressMonitor - Completed (35%)
2024-10-22 20:47:06 INFO: 20:47:06.980 [main] [INFO ] q.l.p.CommandLineTaskRunner$CommandLineProgressMonitor - Completed (36%)
2024-10-22 20:47:07 INFO: 20:47:07.071 [main] [INFO ] q.l.p.CommandLineTaskRunner$CommandLineProgressMonitor - Completed (37%)
2024-10-22 20:47:07 INFO: 20:47:07.164 [main] [INFO ] q.l.p.CommandLineTaskRunner$CommandLineProgressMonitor - Completed (38%)
2024-10-22 20:47:07 INFO: 20:47:07.244 [main] [INFO ] q.l.p.CommandLineTaskRunner$CommandLineProgressMonitor - Completed (39%)
2024-10-22 20:47:07 INFO: 20:47:07.336 [main] [INFO ] q.l.p.CommandLineTaskRunner$CommandLineProgressMonitor - Completed (40%)
2024-10-22 20:47:07 INFO: 20:47:07.420 [main] [INFO ] q.l.p.CommandLineTaskRunner$CommandLineProgressMonitor - Completed (41%)
2024-10-22 20:47:07 INFO: 20:47:07.721 [main] [INFO ] q.l.p.CommandLineTaskRunner$CommandLineProgressMonitor - Completed (42%)
2024-10-22 20:47:07 INFO: 20:47:07.815 [main] [INFO ] q.l.p.CommandLineTaskRunner$CommandLineProgressMonitor - Completed (43%)
2024-10-22 20:47:07 INFO: 20:47:07.904 [main] [INFO ] q.l.p.CommandLineTaskRunner$CommandLineProgressMonitor - Completed (44%)
2024-10-22 20:47:07 INFO: 20:47:07.987 [main] [INFO ] q.l.p.CommandLineTaskRunner$CommandLineProgressMonitor - Completed (45%)
2024-10-22 20:47:08 INFO: 20:47:08.076 [main] [INFO ] q.l.p.CommandLineTaskRunner$CommandLineProgressMonitor - Completed (46%)
2024-10-22 20:47:08 INFO: 20:47:08.160 [main] [INFO ] q.l.p.CommandLineTaskRunner$CommandLineProgressMonitor - Completed (47%)
2024-10-22 20:47:08 INFO: 20:47:08.252 [main] [INFO ] q.l.p.CommandLineTaskRunner$CommandLineProgressMonitor - Completed (48%)
2024-10-22 20:47:08 INFO: 20:47:08.337 [main] [INFO ] q.l.p.CommandLineTaskRunner$CommandLineProgressMonitor - Completed (49%)
2024-10-22 20:47:08 INFO: 20:47:08.425 [main] [INFO ] q.l.p.CommandLineTaskRunner$CommandLineProgressMonitor - Completed (50%)
2024-10-22 20:47:08 INFO: 20:47:08.729 [main] [INFO ] q.l.p.CommandLineTaskRunner$CommandLineProgressMonitor - Completed (51%)
2024-10-22 20:47:08 INFO: 20:47:08.830 [main] [INFO ] q.l.p.CommandLineTaskRunner$CommandLineProgressMonitor - Completed (52%)
2024-10-22 20:47:08 INFO: 20:47:08.933 [main] [INFO ] q.l.p.CommandLineTaskRunner$CommandLineProgressMonitor - Completed (53%)
2024-10-22 20:47:09 INFO: 20:47:09.037 [main] [INFO ] q.l.p.CommandLineTaskRunner$CommandLineProgressMonitor - Completed (54%)
2024-10-22 20:47:09 INFO: 20:47:09.144 [main] [INFO ] q.l.p.CommandLineTaskRunner$CommandLineProgressMonitor - Completed (55%)
2024-10-22 20:47:09 INFO: 20:47:09.246 [main] [INFO ] q.l.p.CommandLineTaskRunner$CommandLineProgressMonitor - Completed (56%)
2024-10-22 20:47:09 INFO: 20:47:09.341 [main] [INFO ] q.l.p.CommandLineTaskRunner$CommandLineProgressMonitor - Completed (57%)
2024-10-22 20:47:09 INFO: 20:47:09.436 [main] [INFO ] q.l.p.CommandLineTaskRunner$CommandLineProgressMonitor - Completed (58%)
2024-10-22 20:47:09 INFO: 20:47:09.535 [main] [INFO ] q.l.p.CommandLineTaskRunner$CommandLineProgressMonitor - Completed (59%)
2024-10-22 20:47:09 INFO: 20:47:09.664 [main] [INFO ] q.l.p.CommandLineTaskRunner$CommandLineProgressMonitor - Completed (60%)
2024-10-22 20:47:09 INFO: 20:47:09.753 [main] [INFO ] q.l.p.CommandLineTaskRunner$CommandLineProgressMonitor - Completed (61%)
2024-10-22 20:47:10 INFO: 20:47:10.009 [main] [INFO ] q.l.p.CommandLineTaskRunner$CommandLineProgressMonitor - Completed (62%)
2024-10-22 20:47:10 INFO: 20:47:10.096 [main] [INFO ] q.l.p.CommandLineTaskRunner$CommandLineProgressMonitor - Completed (63%)
2024-10-22 20:47:10 INFO: 20:47:10.185 [main] [INFO ] q.l.p.CommandLineTaskRunner$CommandLineProgressMonitor - Completed (64%)
2024-10-22 20:47:10 INFO: 20:47:10.271 [main] [INFO ] q.l.p.CommandLineTaskRunner$CommandLineProgressMonitor - Completed (65%)
2024-10-22 20:47:10 INFO: 20:47:10.359 [main] [INFO ] q.l.p.CommandLineTaskRunner$CommandLineProgressMonitor - Completed (66%)
2024-10-22 20:47:10 INFO: 20:47:10.452 [main] [INFO ] q.l.p.CommandLineTaskRunner$CommandLineProgressMonitor - Completed (67%)
2024-10-22 20:47:10 INFO: 20:47:10.541 [main] [INFO ] q.l.p.CommandLineTaskRunner$CommandLineProgressMonitor - Completed (68%)
2024-10-22 20:47:10 INFO: 20:47:10.630 [main] [INFO ] q.l.p.CommandLineTaskRunner$CommandLineProgressMonitor - Completed (69%)
2024-10-22 20:47:10 INFO: 20:47:10.720 [main] [INFO ] q.l.p.CommandLineTaskRunner$CommandLineProgressMonitor - Completed (70%)
2024-10-22 20:47:10 INFO: 20:47:10.807 [main] [INFO ] q.l.p.CommandLineTaskRunner$CommandLineProgressMonitor - Completed (71%)
2024-10-22 20:47:10 INFO: 20:47:10.894 [main] [INFO ] q.l.p.CommandLineTaskRunner$CommandLineProgressMonitor - Completed (72%)
2024-10-22 20:47:10 INFO: 20:47:10.977 [main] [INFO ] q.l.p.CommandLineTaskRunner$CommandLineProgressMonitor - Completed (73%)
2024-10-22 20:47:11 INFO: 20:47:11.065 [main] [INFO ] q.l.p.CommandLineTaskRunner$CommandLineProgressMonitor - Completed (74%)
2024-10-22 20:47:11 INFO: 20:47:11.154 [main] [INFO ] q.l.p.CommandLineTaskRunner$CommandLineProgressMonitor - Completed (75%)
2024-10-22 20:47:11 INFO: 20:47:11.240 [main] [INFO ] q.l.p.CommandLineTaskRunner$CommandLineProgressMonitor - Completed (76%)
2024-10-22 20:47:11 INFO: 20:47:11.324 [main] [INFO ] q.l.p.CommandLineTaskRunner$CommandLineProgressMonitor - Completed (77%)
2024-10-22 20:47:11 INFO: 20:47:11.558 [main] [INFO ] q.l.p.CommandLineTaskRunner$CommandLineProgressMonitor - Completed (78%)
2024-10-22 20:47:11 INFO: 20:47:11.649 [main] [INFO ] q.l.p.CommandLineTaskRunner$CommandLineProgressMonitor - Completed (79%)
2024-10-22 20:47:11 INFO: 20:47:11.737 [main] [INFO ] q.l.p.CommandLineTaskRunner$CommandLineProgressMonitor - Completed (80%)
2024-10-22 20:47:11 INFO: 20:47:11.823 [main] [INFO ] q.l.p.CommandLineTaskRunner$CommandLineProgressMonitor - Completed (81%)
2024-10-22 20:47:11 INFO: 20:47:11.906 [main] [INFO ] q.l.p.CommandLineTaskRunner$CommandLineProgressMonitor - Completed (82%)
2024-10-22 20:47:12 INFO: 20:47:12.000 [main] [INFO ] q.l.p.CommandLineTaskRunner$CommandLineProgressMonitor - Completed (83%)
2024-10-22 20:47:12 INFO: 20:47:12.099 [main] [INFO ] q.l.p.CommandLineTaskRunner$CommandLineProgressMonitor - Completed (84%)
2024-10-22 20:47:12 INFO: 20:47:12.222 [main] [INFO ] q.l.p.CommandLineTaskRunner$CommandLineProgressMonitor - Completed (85%)
2024-10-22 20:47:12 INFO: 20:47:12.310 [main] [INFO ] q.l.p.CommandLineTaskRunner$CommandLineProgressMonitor - Completed (86%)
2024-10-22 20:47:12 INFO: 20:47:12.397 [main] [INFO ] q.l.p.CommandLineTaskRunner$CommandLineProgressMonitor - Completed (87%)
2024-10-22 20:47:12 INFO: 20:47:12.485 [main] [INFO ] q.l.p.CommandLineTaskRunner$CommandLineProgressMonitor - Completed (88%)
2024-10-22 20:47:12 INFO: 20:47:12.577 [main] [INFO ] q.l.p.CommandLineTaskRunner$CommandLineProgressMonitor - Completed (89%)
2024-10-22 20:47:12 INFO: 20:47:12.660 [main] [INFO ] q.l.p.CommandLineTaskRunner$CommandLineProgressMonitor - Completed (90%)
2024-10-22 20:47:12 INFO: 20:47:12.749 [main] [INFO ] q.l.p.CommandLineTaskRunner$CommandLineProgressMonitor - Completed (91%)
2024-10-22 20:47:12 INFO: 20:47:12.833 [main] [INFO ] q.l.p.CommandLineTaskRunner$CommandLineProgressMonitor - Completed (92%)
2024-10-22 20:47:13 INFO: 20:47:13.006 [main] [INFO ] q.l.p.CommandLineTaskRunner$CommandLineProgressMonitor - Completed (93%)
2024-10-22 20:47:13 INFO: 20:47:13.094 [main] [INFO ] q.l.p.CommandLineTaskRunner$CommandLineProgressMonitor - Completed (94%)
2024-10-22 20:47:13 INFO: 20:47:13.173 [main] [INFO ] q.l.p.CommandLineTaskRunner$CommandLineProgressMonitor - Completed (95%)
2024-10-22 20:47:13 INFO: 20:47:13.261 [main] [INFO ] q.l.p.CommandLineTaskRunner$CommandLineProgressMonitor - Completed (96%)
2024-10-22 20:47:13 INFO: 20:47:13.345 [main] [INFO ] q.l.p.CommandLineTaskRunner$CommandLineProgressMonitor - Completed (97%)
2024-10-22 20:47:13 INFO: 20:47:13.428 [main] [INFO ] q.l.p.CommandLineTaskRunner$CommandLineProgressMonitor - Completed (98%)
2024-10-22 20:47:13 INFO: 20:47:13.517 [main] [INFO ] q.l.p.CommandLineTaskRunner$CommandLineProgressMonitor - Completed (99%)
2024-10-22 20:47:13 INFO: 20:47:13.600 [main] [INFO ] q.l.p.CommandLineTaskRunner$CommandLineProgressMonitor - Completed (100%)
2024-10-22 20:48:13 INFO: 20:48:13.022 [main] [INFO ] q.l.p.CommandLineTaskRunner$CommandLineProgressMonitor - Completed (100%)
2024-10-22 20:48:13 INFO: 20:48:13.023 [main] [INFO ] q.l.p.CommandLineTaskRunner$CommandLineProgressMonitor - Processing complete in 72.92 seconds
2024-10-22 20:48:13 INFO: 20:48:13.023 [main] [INFO ] q.l.p.CommandLineTaskRunner$CommandLineProgressMonitor - Tasks completed!
2024-10-22 20:50:14 INFO: 20:50:14.475 [task-runner-6-1] [WARN ] q.o.features.DelaunayTriangulation - Some objects have missing measurements! Statistics will calculated only for objects with measurements available.
2024-10-22 20:50:14 INFO: 20:50:14.475 [task-runner-6-1] [WARN ] q.o.features.DelaunayTriangulation - Missing measurements: [ROI: 1.00 µm per pixel: Residual: Haralick Correlation (F2), ROI: 1.00 µm per pixel: Residual: Haralick Information measure of correlation 1 (F11), ROI: 1.00 µm per pixel: OD Sum: Haralick Correlation (F2), ROI: 1.00 µm per pixel: OD Sum: Haralick Information measure of correlation 1 (F11), ROI: 1.00 µm per pixel: Residual: Haralick Information measure of correlation 2 (F12), ROI: 1.00 µm per pixel: Green: Haralick Correlation (F2), ROI: 1.00 µm per pixel: Green: Haralick Information measure of correlation 1 (F11)]
2024-10-22 20:50:14 INFO: 20:50:14.516 [main] [INFO ] q.l.p.CommandLineTaskRunner$CommandLineProgressMonitor - Delaunay triangulation calculated for Annotation (192992 objects) (100%)
2024-10-22 20:50:14 INFO: 20:50:14.517 [main] [INFO ] q.l.p.CommandLineTaskRunner$CommandLineProgressMonitor - Processing complete in 121.46 seconds
2024-10-22 20:50:14 INFO: 20:50:14.517 [main] [INFO ] q.l.p.CommandLineTaskRunner$CommandLineProgressMonitor - Tasks completed!
2024-10-22 20:52:27 INFO: TCGA-GI-A2C8-01Z-00-DX1.09BD8AC9-645A-4C8B-9B36-77D833BDBA09
2024-10-22 20:52:27 INFO: QuPath subprocess completed.
2024-10-22 20:52:38 INFO: QuPath image extraction completed successfully. Output directory: /home/ilants/Documents/jupyter_test/single_image_multiple_params/exp_requestedPixelSizeMicrons_0.75
2024-10-22 20:52:38 INFO: Summary table saved to: /home/ilants/Documents/jupyter_test/single_image_multiple_params/exp_requestedPixelSizeMicrons_0.75/Summary_Table.csv
2024-10-22 20:52:38 INFO: Experiment completed successfully.
