2024-10-22 20:58:40 INFO: Starting experiment with for requestedPixelSizeMicrons with value of 1.25
2024-10-22 20:58:40 INFO: Running with the following configuration:
{'detectionImageBrightfield': 'Hematoxylin OD', 'requestedPixelSizeMicrons': 1.25, 'backgroundRadiusMicrons': 4.0, 'backgroundByReconstruction': True, 'medianRadiusMicrons': 0.0, 'sigmaMicrons': 1.5, 'minAreaMicrons': 10.0, 'maxAreaMicrons': 80.0, 'threshold': 0.1, 'maxBackground': 2.0, 'watershedPostProcess': True, 'cellExpansionMicrons': 5.0, 'includeNuclei': True, 'smoothBoundaries': True, 'makeMeasurements': True, 'backgroundRadiusPixel': 8.0, 'cellExpansionPixel': 10.0, 'medianRadiusPixel': 0.0, 'minAreaPixel': 20.0, 'maxAreaPixel': 160.0}
2024-10-22 20:58:40 INFO: Starting QuPath image extraction with the following parameters: image_dir=/home/ilants/Documents/jupyter_test, output_dir=/home/ilants/Documents/jupyter_test/single_image_multiple_params/exp_requestedPixelSizeMicrons_1.25, image_type=svs, groovy_script=/home/ilants/Documents/utls/nucleus_detection_wargs.groovy, config_file=/home/ilants/Documents/jupyter_test/single_image_multiple_params/exp_requestedPixelSizeMicrons_1.25/cfg.json, program_path=/home/ilants/Documents/QuPath-v0.5.1-Linux/QuPath/bin/QuPath
2024-10-22 20:58:41 INFO: 20:58:41.440 [main] [INFO ] qupath.lib.gui.prefs.PathPrefs - Setting default Locale to en_US
2024-10-22 20:58:41 INFO: 20:58:41.443 [main] [INFO ] qupath.lib.gui.prefs.PathPrefs - Setting Locale for FORMAT to en_US
2024-10-22 20:58:41 INFO: 20:58:41.444 [main] [INFO ] qupath.lib.gui.prefs.PathPrefs - Setting Locale for DISPLAY to en_US
2024-10-22 20:58:41 INFO: 20:58:41.458 [main] [INFO ] qupath.lib.common.ThreadTools - Setting parallelism to 63
2024-10-22 20:58:41 INFO: 20:58:41.476 [main] [INFO ] qupath.ScriptCommand - Setting tile cache size to 32200.00 MB (25.0% max memory)
2024-10-22 20:58:41 INFO: 20:58:41.524 [main] [INFO ] qupath.lib.scripting.QP - Initializing type adapters
2024-10-22 20:58:41 INFO: Warning: Versions of org.bytedeco:javacpp:1.5.9 and org.bytedeco:opencv:4.6.0-1.5.8 do not match.
2024-10-22 20:58:41 INFO: Warning: Versions of org.bytedeco:javacpp:1.5.9 and org.bytedeco:openblas:0.3.21-1.5.8 do not match.
2024-10-22 20:58:43 INFO: project parameters are: {"detectionImageBrightfield": "Hematoxylin OD","requestedPixelSizeMicrons": 1.25,"backgroundRadiusMicrons": 4.0,"backgroundByReconstruction": true,"medianRadiusMicrons": 0.0,"sigmaMicrons": 1.5,"minAreaMicrons": 10.0,"maxAreaMicrons": 80.0,"threshold": 0.1,"maxBackground": 2.0,"watershedPostProcess": true,"cellExpansionMicrons": 5.0,"includeNuclei": true,"smoothBoundaries": true,"makeMeasurements": true,"backgroundRadiusPixel": 8.0,"cellExpansionPixel": 10.0,"medianRadiusPixel": 0.0,"minAreaPixel": 20.0,"maxAreaPixel": 160.0}
2024-10-22 20:58:43 INFO: New project created at: /home/ilants/Documents/jupyter_test/single_image_multiple_params/exp_requestedPixelSizeMicrons_1.25/QPProject
2024-10-22 20:58:43 INFO: Added: /home/ilants/Documents/jupyter_test/TCGA-GI-A2C8-01Z-00-DX1.09BD8AC9-645A-4C8B-9B36-77D833BDBA09.svs
2024-10-22 20:58:43 INFO: /home/ilants/Documents/jupyter_test/TCGA-GI-A2C8-01Z-00-DX1.09BD8AC9-645A-4C8B-9B36-77D833BDBA09.svs
2024-10-22 20:58:43 INFO: 20:58:43.474 [main] [INFO ] q.l.i.s.b.BioFormatsServerOptions - Setting max Bio-Formats readers to 32
2024-10-22 20:58:43 INFO: UriImageSupport (class qupath.lib.images.servers.bioformats.BioFormatsServerBuilder) support=3.0, builders=1
2024-10-22 20:58:43 INFO: true
2024-10-22 20:58:44 INFO: 20:58:44.155 [main] [WARN ] qupath.lib.scripting.QP - createSelectAllObject(boolean) is deprecated, use createFullImageAnnotation(boolean) instead
2024-10-22 20:58:44 INFO: 20:58:44.155 [main] [WARN ] qupath.lib.scripting.QP - createSelectAllObject(boolean, int, int) is deprecated, use createFullImageAnnotation(boolean, int, int) instead
2024-10-22 20:58:44 INFO: 20:58:44.166 [main] [WARN ] q.l.plugins.parameters.ParameterList - Unable to set parameter backgroundRadiusPixel with value 8.0
2024-10-22 20:58:44 INFO: 20:58:44.166 [main] [WARN ] q.l.plugins.parameters.ParameterList - Unable to set parameter cellExpansionPixel with value 10.0
2024-10-22 20:58:44 INFO: 20:58:44.166 [main] [WARN ] q.l.plugins.parameters.ParameterList - Unable to set parameter medianRadiusPixel with value 0.0
2024-10-22 20:58:44 INFO: 20:58:44.166 [main] [WARN ] q.l.plugins.parameters.ParameterList - Unable to set parameter minAreaPixel with value 20.0
2024-10-22 20:58:44 INFO: 20:58:44.166 [main] [WARN ] q.l.plugins.parameters.ParameterList - Unable to set parameter maxAreaPixel with value 160.0
2024-10-22 20:58:52 INFO: 20:58:52.512 [task-runner-1-28] [INFO ] q.lib.plugins.DetectionPluginTools - 0 nuclei detected (processing time: 8.27 seconds)
2024-10-22 20:58:52 INFO: 20:58:52.513 [main] [INFO ] q.l.p.CommandLineTaskRunner$CommandLineProgressMonitor - 0 nuclei detected (4%)
2024-10-22 20:58:52 INFO: 20:58:52.526 [task-runner-1-7] [INFO ] q.lib.plugins.DetectionPluginTools - 12 nuclei detected (processing time: 8.29 seconds)
2024-10-22 20:58:52 INFO: 20:58:52.526 [main] [INFO ] q.l.p.CommandLineTaskRunner$CommandLineProgressMonitor - 12 nuclei detected (7%)
2024-10-22 20:58:52 INFO: 20:58:52.571 [task-runner-1-6] [INFO ] q.lib.plugins.DetectionPluginTools - 87 nuclei detected (processing time: 8.33 seconds)
2024-10-22 20:58:52 INFO: 20:58:52.572 [main] [INFO ] q.l.p.CommandLineTaskRunner$CommandLineProgressMonitor - 87 nuclei detected (11%)
2024-10-22 20:58:52 INFO: 20:58:52.635 [task-runner-1-14] [INFO ] q.lib.plugins.DetectionPluginTools - 375 nuclei detected (processing time: 8.40 seconds)
2024-10-22 20:58:52 INFO: 20:58:52.635 [main] [INFO ] q.l.p.CommandLineTaskRunner$CommandLineProgressMonitor - 375 nuclei detected (14%)
2024-10-22 20:58:52 INFO: 20:58:52.654 [task-runner-1-22] [INFO ] q.lib.plugins.DetectionPluginTools - 489 nuclei detected (processing time: 8.41 seconds)
2024-10-22 20:58:52 INFO: 20:58:52.654 [main] [INFO ] q.l.p.CommandLineTaskRunner$CommandLineProgressMonitor - 489 nuclei detected (18%)
2024-10-22 20:58:52 INFO: 20:58:52.692 [task-runner-1-23] [INFO ] q.lib.plugins.DetectionPluginTools - 627 nuclei detected (processing time: 8.45 seconds)
2024-10-22 20:58:52 INFO: 20:58:52.693 [main] [INFO ] q.l.p.CommandLineTaskRunner$CommandLineProgressMonitor - 627 nuclei detected (21%)
2024-10-22 20:58:53 INFO: 20:58:53.848 [task-runner-1-21] [INFO ] q.lib.plugins.DetectionPluginTools - 210 nuclei detected (processing time: 9.61 seconds)
2024-10-22 20:58:53 INFO: 20:58:53.848 [main] [INFO ] q.l.p.CommandLineTaskRunner$CommandLineProgressMonitor - 210 nuclei detected (25%)
2024-10-22 20:58:53 INFO: 20:58:53.873 [task-runner-1-1] [INFO ] q.lib.plugins.DetectionPluginTools - 498 nuclei detected (processing time: 9.64 seconds)
2024-10-22 20:58:53 INFO: 20:58:53.874 [main] [INFO ] q.l.p.CommandLineTaskRunner$CommandLineProgressMonitor - 498 nuclei detected (29%)
2024-10-22 20:58:53 INFO: 20:58:53.875 [task-runner-1-15] [INFO ] q.lib.plugins.DetectionPluginTools - 653 nuclei detected (processing time: 9.64 seconds)
2024-10-22 20:58:53 INFO: 20:58:53.876 [main] [INFO ] q.l.p.CommandLineTaskRunner$CommandLineProgressMonitor - 653 nuclei detected (32%)
2024-10-22 20:58:53 INFO: 20:58:53.885 [task-runner-1-24] [INFO ] q.lib.plugins.DetectionPluginTools - 657 nuclei detected (processing time: 9.64 seconds)
2024-10-22 20:58:53 INFO: 20:58:53.886 [main] [INFO ] q.l.p.CommandLineTaskRunner$CommandLineProgressMonitor - 657 nuclei detected (36%)
2024-10-22 20:58:53 INFO: 20:58:53.898 [task-runner-1-5] [INFO ] q.lib.plugins.DetectionPluginTools - 1030 nuclei detected (processing time: 9.66 seconds)
2024-10-22 20:58:53 INFO: 20:58:53.898 [main] [INFO ] q.l.p.CommandLineTaskRunner$CommandLineProgressMonitor - 1030 nuclei detected (39%)
2024-10-22 20:58:53 INFO: 20:58:53.937 [task-runner-1-8] [INFO ] q.lib.plugins.DetectionPluginTools - 1142 nuclei detected (processing time: 9.70 seconds)
2024-10-22 20:58:53 INFO: 20:58:53.938 [main] [INFO ] q.l.p.CommandLineTaskRunner$CommandLineProgressMonitor - 1142 nuclei detected (43%)
2024-10-22 20:58:54 INFO: 20:58:54.024 [task-runner-1-25] [INFO ] q.lib.plugins.DetectionPluginTools - 2787 nuclei detected (processing time: 9.78 seconds)
2024-10-22 20:58:54 INFO: 20:58:54.025 [main] [INFO ] q.l.p.CommandLineTaskRunner$CommandLineProgressMonitor - 2787 nuclei detected (46%)
2024-10-22 20:58:54 INFO: 20:58:54.251 [task-runner-1-4] [INFO ] q.lib.plugins.DetectionPluginTools - 3168 nuclei detected (processing time: 10.01 seconds)
2024-10-22 20:58:54 INFO: 20:58:54.251 [main] [INFO ] q.l.p.CommandLineTaskRunner$CommandLineProgressMonitor - 3168 nuclei detected (50%)
2024-10-22 20:58:54 INFO: 20:58:54.274 [task-runner-1-13] [INFO ] q.lib.plugins.DetectionPluginTools - 3707 nuclei detected (processing time: 10.03 seconds)
2024-10-22 20:58:54 INFO: 20:58:54.274 [main] [INFO ] q.l.p.CommandLineTaskRunner$CommandLineProgressMonitor - 3707 nuclei detected (54%)
2024-10-22 20:58:54 INFO: 20:58:54.355 [task-runner-1-2] [INFO ] q.lib.plugins.DetectionPluginTools - 5488 nuclei detected (processing time: 10.12 seconds)
2024-10-22 20:58:54 INFO: 20:58:54.356 [main] [INFO ] q.l.p.CommandLineTaskRunner$CommandLineProgressMonitor - 5488 nuclei detected (57%)
2024-10-22 20:58:54 INFO: 20:58:54.422 [task-runner-1-27] [INFO ] q.lib.plugins.DetectionPluginTools - 6300 nuclei detected (processing time: 10.18 seconds)
2024-10-22 20:58:54 INFO: 20:58:54.423 [main] [INFO ] q.l.p.CommandLineTaskRunner$CommandLineProgressMonitor - 6300 nuclei detected (61%)
2024-10-22 20:58:54 INFO: 20:58:54.456 [task-runner-1-3] [INFO ] q.lib.plugins.DetectionPluginTools - 6579 nuclei detected (processing time: 10.22 seconds)
2024-10-22 20:58:54 INFO: 20:58:54.456 [main] [INFO ] q.l.p.CommandLineTaskRunner$CommandLineProgressMonitor - 6579 nuclei detected (64%)
2024-10-22 20:58:54 INFO: 20:58:54.527 [task-runner-1-26] [INFO ] q.lib.plugins.DetectionPluginTools - 7891 nuclei detected (processing time: 10.29 seconds)
2024-10-22 20:58:54 INFO: 20:58:54.528 [main] [INFO ] q.l.p.CommandLineTaskRunner$CommandLineProgressMonitor - 7891 nuclei detected (68%)
2024-10-22 20:58:54 INFO: 20:58:54.637 [task-runner-1-16] [INFO ] q.lib.plugins.DetectionPluginTools - 9825 nuclei detected (processing time: 10.40 seconds)
2024-10-22 20:58:54 INFO: 20:58:54.638 [main] [INFO ] q.l.p.CommandLineTaskRunner$CommandLineProgressMonitor - 9825 nuclei detected (71%)
2024-10-22 20:58:54 INFO: 20:58:54.692 [task-runner-1-9] [INFO ] q.lib.plugins.DetectionPluginTools - 10492 nuclei detected (processing time: 10.45 seconds)
2024-10-22 20:58:54 INFO: 20:58:54.693 [main] [INFO ] q.l.p.CommandLineTaskRunner$CommandLineProgressMonitor - 10492 nuclei detected (75%)
2024-10-22 20:58:55 INFO: 20:58:55.231 [task-runner-1-20] [INFO ] q.lib.plugins.DetectionPluginTools - 15547 nuclei detected (processing time: 10.99 seconds)
2024-10-22 20:58:55 INFO: 20:58:55.231 [main] [INFO ] q.l.p.CommandLineTaskRunner$CommandLineProgressMonitor - 15547 nuclei detected (79%)
2024-10-22 20:58:55 INFO: 20:58:55.387 [task-runner-1-12] [INFO ] q.lib.plugins.DetectionPluginTools - 12285 nuclei detected (processing time: 11.15 seconds)
2024-10-22 20:58:55 INFO: 20:58:55.387 [main] [INFO ] q.l.p.CommandLineTaskRunner$CommandLineProgressMonitor - 12285 nuclei detected (82%)
2024-10-22 20:58:55 INFO: 20:58:55.741 [task-runner-1-17] [INFO ] q.lib.plugins.DetectionPluginTools - 14921 nuclei detected (processing time: 11.50 seconds)
2024-10-22 20:58:55 INFO: 20:58:55.741 [main] [INFO ] q.l.p.CommandLineTaskRunner$CommandLineProgressMonitor - 14921 nuclei detected (86%)
2024-10-22 20:58:56 INFO: 20:58:56.299 [task-runner-1-11] [INFO ] q.lib.plugins.DetectionPluginTools - 16164 nuclei detected (processing time: 12.06 seconds)
2024-10-22 20:58:56 INFO: 20:58:56.299 [main] [INFO ] q.l.p.CommandLineTaskRunner$CommandLineProgressMonitor - 16164 nuclei detected (89%)
2024-10-22 20:58:56 INFO: 20:58:56.413 [task-runner-1-19] [INFO ] q.lib.plugins.DetectionPluginTools - 17499 nuclei detected (processing time: 12.17 seconds)
2024-10-22 20:58:56 INFO: 20:58:56.413 [main] [INFO ] q.l.p.CommandLineTaskRunner$CommandLineProgressMonitor - 17499 nuclei detected (93%)
2024-10-22 20:58:57 INFO: 20:58:57.402 [task-runner-1-18] [INFO ] q.lib.plugins.DetectionPluginTools - 17433 nuclei detected (processing time: 13.16 seconds)
2024-10-22 20:58:57 INFO: 20:58:57.402 [main] [INFO ] q.l.p.CommandLineTaskRunner$CommandLineProgressMonitor - 17433 nuclei detected (96%)
2024-10-22 20:58:57 INFO: 20:58:57.558 [task-runner-1-10] [INFO ] q.lib.plugins.DetectionPluginTools - 22463 nuclei detected (processing time: 13.32 seconds)
2024-10-22 20:58:57 INFO: 20:58:57.559 [main] [INFO ] q.l.p.CommandLineTaskRunner$CommandLineProgressMonitor - 22463 nuclei detected (100%)
2024-10-22 20:58:57 INFO: 20:58:57.559 [main] [INFO ] q.l.p.CommandLineTaskRunner$CommandLineProgressMonitor - Processing complete in 13.33 seconds
2024-10-22 20:58:57 INFO: 20:58:57.559 [main] [INFO ] q.l.p.CommandLineTaskRunner$CommandLineProgressMonitor - Tasks completed!
2024-10-22 20:59:01 INFO: 20:59:01.005 [main] [WARN ] q.l.p.objects.SmoothFeaturesPlugin - Smoothing using annotations
2024-10-22 20:59:04 INFO: 20:59:04.012 [main] [INFO ] q.l.p.CommandLineTaskRunner$CommandLineProgressMonitor - Completed (100%)
2024-10-22 20:59:04 INFO: 20:59:04.013 [main] [INFO ] q.l.p.CommandLineTaskRunner$CommandLineProgressMonitor - Processing complete in 3.01 seconds
2024-10-22 20:59:04 INFO: 20:59:04.013 [main] [INFO ] q.l.p.CommandLineTaskRunner$CommandLineProgressMonitor - Tasks completed!
2024-10-22 20:59:04 INFO: 20:59:04.015 [main] [WARN ] q.l.p.objects.SmoothFeaturesPlugin - Smoothing using annotations
2024-10-22 20:59:09 INFO: 20:59:09.800 [main] [INFO ] q.l.p.CommandLineTaskRunner$CommandLineProgressMonitor - Completed (100%)
2024-10-22 20:59:09 INFO: 20:59:09.800 [main] [INFO ] q.l.p.CommandLineTaskRunner$CommandLineProgressMonitor - Processing complete in 5.79 seconds
2024-10-22 20:59:09 INFO: 20:59:09.800 [main] [INFO ] q.l.p.CommandLineTaskRunner$CommandLineProgressMonitor - Tasks completed!
2024-10-22 20:59:09 INFO: 20:59:09.802 [main] [WARN ] q.l.p.objects.SmoothFeaturesPlugin - Smoothing using annotations
2024-10-22 20:59:22 INFO: 20:59:22.897 [main] [INFO ] q.l.p.CommandLineTaskRunner$CommandLineProgressMonitor - Completed (100%)
2024-10-22 20:59:22 INFO: 20:59:22.897 [main] [INFO ] q.l.p.CommandLineTaskRunner$CommandLineProgressMonitor - Processing complete in 13.10 seconds
2024-10-22 20:59:22 INFO: 20:59:22.897 [main] [INFO ] q.l.p.CommandLineTaskRunner$CommandLineProgressMonitor - Tasks completed!
2024-10-22 20:59:23 INFO: 20:59:23.093 [task-runner-5-2] [INFO ] q.l.a.IntensityFeaturesPlugin - Splitting Rectangle (0, 0, 63784, 39311) into 40 tiles for intensity measurements
2024-10-22 20:59:23 INFO: 20:59:23.292 [main] [INFO ] q.l.p.CommandLineTaskRunner$CommandLineProgressMonitor - Completed (0%)
2024-10-22 20:59:23 INFO: 20:59:23.959 [main] [INFO ] q.l.p.CommandLineTaskRunner$CommandLineProgressMonitor - Completed (1%)
2024-10-22 20:59:24 INFO: 20:59:24.193 [main] [INFO ] q.l.p.CommandLineTaskRunner$CommandLineProgressMonitor - Completed (2%)
2024-10-22 20:59:24 INFO: 20:59:24.688 [main] [INFO ] q.l.p.CommandLineTaskRunner$CommandLineProgressMonitor - Completed (3%)
2024-10-22 20:59:24 INFO: 20:59:24.988 [main] [INFO ] q.l.p.CommandLineTaskRunner$CommandLineProgressMonitor - Completed (4%)
2024-10-22 20:59:25 INFO: 20:59:25.114 [main] [INFO ] q.l.p.CommandLineTaskRunner$CommandLineProgressMonitor - Completed (5%)
2024-10-22 20:59:25 INFO: 20:59:25.196 [main] [INFO ] q.l.p.CommandLineTaskRunner$CommandLineProgressMonitor - Completed (6%)
2024-10-22 20:59:25 INFO: 20:59:25.297 [main] [INFO ] q.l.p.CommandLineTaskRunner$CommandLineProgressMonitor - Completed (7%)
2024-10-22 20:59:25 INFO: 20:59:25.638 [main] [INFO ] q.l.p.CommandLineTaskRunner$CommandLineProgressMonitor - Completed (8%)
2024-10-22 20:59:25 INFO: 20:59:25.710 [main] [INFO ] q.l.p.CommandLineTaskRunner$CommandLineProgressMonitor - Completed (9%)
2024-10-22 20:59:25 INFO: 20:59:25.820 [main] [INFO ] q.l.p.CommandLineTaskRunner$CommandLineProgressMonitor - Completed (10%)
2024-10-22 20:59:25 INFO: 20:59:25.911 [main] [INFO ] q.l.p.CommandLineTaskRunner$CommandLineProgressMonitor - Completed (11%)
2024-10-22 20:59:26 INFO: 20:59:26.017 [main] [INFO ] q.l.p.CommandLineTaskRunner$CommandLineProgressMonitor - Completed (12%)
2024-10-22 20:59:26 INFO: 20:59:26.111 [main] [INFO ] q.l.p.CommandLineTaskRunner$CommandLineProgressMonitor - Completed (13%)
2024-10-22 20:59:26 INFO: 20:59:26.202 [main] [INFO ] q.l.p.CommandLineTaskRunner$CommandLineProgressMonitor - Completed (14%)
2024-10-22 20:59:26 INFO: 20:59:26.279 [main] [INFO ] q.l.p.CommandLineTaskRunner$CommandLineProgressMonitor - Completed (15%)
2024-10-22 20:59:26 INFO: 20:59:26.353 [main] [INFO ] q.l.p.CommandLineTaskRunner$CommandLineProgressMonitor - Completed (16%)
2024-10-22 20:59:26 INFO: 20:59:26.436 [main] [INFO ] q.l.p.CommandLineTaskRunner$CommandLineProgressMonitor - Completed (17%)
2024-10-22 20:59:26 INFO: 20:59:26.546 [main] [INFO ] q.l.p.CommandLineTaskRunner$CommandLineProgressMonitor - Completed (18%)
2024-10-22 20:59:26 INFO: 20:59:26.630 [main] [INFO ] q.l.p.CommandLineTaskRunner$CommandLineProgressMonitor - Completed (19%)
2024-10-22 20:59:26 INFO: 20:59:26.715 [main] [INFO ] q.l.p.CommandLineTaskRunner$CommandLineProgressMonitor - Completed (20%)
2024-10-22 20:59:26 INFO: 20:59:26.800 [main] [INFO ] q.l.p.CommandLineTaskRunner$CommandLineProgressMonitor - Completed (21%)
2024-10-22 20:59:26 INFO: 20:59:26.886 [main] [INFO ] q.l.p.CommandLineTaskRunner$CommandLineProgressMonitor - Completed (22%)
2024-10-22 20:59:26 INFO: 20:59:26.975 [main] [INFO ] q.l.p.CommandLineTaskRunner$CommandLineProgressMonitor - Completed (23%)
2024-10-22 20:59:27 INFO: 20:59:27.061 [main] [INFO ] q.l.p.CommandLineTaskRunner$CommandLineProgressMonitor - Completed (24%)
2024-10-22 20:59:27 INFO: 20:59:27.207 [main] [INFO ] q.l.p.CommandLineTaskRunner$CommandLineProgressMonitor - Completed (25%)
2024-10-22 20:59:27 INFO: 20:59:27.413 [main] [INFO ] q.l.p.CommandLineTaskRunner$CommandLineProgressMonitor - Completed (26%)
2024-10-22 20:59:27 INFO: 20:59:27.497 [main] [INFO ] q.l.p.CommandLineTaskRunner$CommandLineProgressMonitor - Completed (27%)
2024-10-22 20:59:27 INFO: 20:59:27.585 [main] [INFO ] q.l.p.CommandLineTaskRunner$CommandLineProgressMonitor - Completed (28%)
2024-10-22 20:59:27 INFO: 20:59:27.705 [main] [INFO ] q.l.p.CommandLineTaskRunner$CommandLineProgressMonitor - Completed (29%)
2024-10-22 20:59:27 INFO: 20:59:27.799 [main] [INFO ] q.l.p.CommandLineTaskRunner$CommandLineProgressMonitor - Completed (30%)
2024-10-22 20:59:27 INFO: 20:59:27.896 [main] [INFO ] q.l.p.CommandLineTaskRunner$CommandLineProgressMonitor - Completed (31%)
2024-10-22 20:59:28 INFO: 20:59:28.023 [main] [INFO ] q.l.p.CommandLineTaskRunner$CommandLineProgressMonitor - Completed (32%)
2024-10-22 20:59:28 INFO: 20:59:28.138 [main] [INFO ] q.l.p.CommandLineTaskRunner$CommandLineProgressMonitor - Completed (33%)
2024-10-22 20:59:28 INFO: 20:59:28.267 [main] [INFO ] q.l.p.CommandLineTaskRunner$CommandLineProgressMonitor - Completed (34%)
2024-10-22 20:59:28 INFO: 20:59:28.388 [main] [INFO ] q.l.p.CommandLineTaskRunner$CommandLineProgressMonitor - Completed (35%)
2024-10-22 20:59:28 INFO: 20:59:28.496 [main] [INFO ] q.l.p.CommandLineTaskRunner$CommandLineProgressMonitor - Completed (36%)
2024-10-22 20:59:28 INFO: 20:59:28.591 [main] [INFO ] q.l.p.CommandLineTaskRunner$CommandLineProgressMonitor - Completed (37%)
2024-10-22 20:59:28 INFO: 20:59:28.681 [main] [INFO ] q.l.p.CommandLineTaskRunner$CommandLineProgressMonitor - Completed (38%)
2024-10-22 20:59:28 INFO: 20:59:28.770 [main] [INFO ] q.l.p.CommandLineTaskRunner$CommandLineProgressMonitor - Completed (39%)
2024-10-22 20:59:28 INFO: 20:59:28.856 [main] [INFO ] q.l.p.CommandLineTaskRunner$CommandLineProgressMonitor - Completed (40%)
2024-10-22 20:59:28 INFO: 20:59:28.945 [main] [INFO ] q.l.p.CommandLineTaskRunner$CommandLineProgressMonitor - Completed (41%)
2024-10-22 20:59:29 INFO: 20:59:29.232 [main] [INFO ] q.l.p.CommandLineTaskRunner$CommandLineProgressMonitor - Completed (42%)
2024-10-22 20:59:29 INFO: 20:59:29.339 [main] [INFO ] q.l.p.CommandLineTaskRunner$CommandLineProgressMonitor - Completed (43%)
2024-10-22 20:59:29 INFO: 20:59:29.427 [main] [INFO ] q.l.p.CommandLineTaskRunner$CommandLineProgressMonitor - Completed (44%)
2024-10-22 20:59:29 INFO: 20:59:29.497 [main] [INFO ] q.l.p.CommandLineTaskRunner$CommandLineProgressMonitor - Completed (45%)
2024-10-22 20:59:29 INFO: 20:59:29.568 [main] [INFO ] q.l.p.CommandLineTaskRunner$CommandLineProgressMonitor - Completed (46%)
2024-10-22 20:59:29 INFO: 20:59:29.639 [main] [INFO ] q.l.p.CommandLineTaskRunner$CommandLineProgressMonitor - Completed (47%)
2024-10-22 20:59:29 INFO: 20:59:29.712 [main] [INFO ] q.l.p.CommandLineTaskRunner$CommandLineProgressMonitor - Completed (48%)
2024-10-22 20:59:29 INFO: 20:59:29.783 [main] [INFO ] q.l.p.CommandLineTaskRunner$CommandLineProgressMonitor - Completed (49%)
2024-10-22 20:59:29 INFO: 20:59:29.853 [main] [INFO ] q.l.p.CommandLineTaskRunner$CommandLineProgressMonitor - Completed (50%)
2024-10-22 20:59:29 INFO: 20:59:29.923 [main] [INFO ] q.l.p.CommandLineTaskRunner$CommandLineProgressMonitor - Completed (51%)
2024-10-22 20:59:29 INFO: 20:59:29.994 [main] [INFO ] q.l.p.CommandLineTaskRunner$CommandLineProgressMonitor - Completed (52%)
2024-10-22 20:59:30 INFO: 20:59:30.064 [main] [INFO ] q.l.p.CommandLineTaskRunner$CommandLineProgressMonitor - Completed (53%)
2024-10-22 20:59:30 INFO: 20:59:30.135 [main] [INFO ] q.l.p.CommandLineTaskRunner$CommandLineProgressMonitor - Completed (54%)
2024-10-22 20:59:30 INFO: 20:59:30.206 [main] [INFO ] q.l.p.CommandLineTaskRunner$CommandLineProgressMonitor - Completed (55%)
2024-10-22 20:59:30 INFO: 20:59:30.277 [main] [INFO ] q.l.p.CommandLineTaskRunner$CommandLineProgressMonitor - Completed (56%)
2024-10-22 20:59:30 INFO: 20:59:30.347 [main] [INFO ] q.l.p.CommandLineTaskRunner$CommandLineProgressMonitor - Completed (57%)
2024-10-22 20:59:30 INFO: 20:59:30.417 [main] [INFO ] q.l.p.CommandLineTaskRunner$CommandLineProgressMonitor - Completed (58%)
2024-10-22 20:59:30 INFO: 20:59:30.494 [main] [INFO ] q.l.p.CommandLineTaskRunner$CommandLineProgressMonitor - Completed (59%)
2024-10-22 20:59:30 INFO: 20:59:30.701 [main] [INFO ] q.l.p.CommandLineTaskRunner$CommandLineProgressMonitor - Completed (60%)
2024-10-22 20:59:30 INFO: 20:59:30.772 [main] [INFO ] q.l.p.CommandLineTaskRunner$CommandLineProgressMonitor - Completed (61%)
2024-10-22 20:59:30 INFO: 20:59:30.843 [main] [INFO ] q.l.p.CommandLineTaskRunner$CommandLineProgressMonitor - Completed (62%)
2024-10-22 20:59:30 INFO: 20:59:30.915 [main] [INFO ] q.l.p.CommandLineTaskRunner$CommandLineProgressMonitor - Completed (63%)
2024-10-22 20:59:30 INFO: 20:59:30.985 [main] [INFO ] q.l.p.CommandLineTaskRunner$CommandLineProgressMonitor - Completed (64%)
2024-10-22 20:59:31 INFO: 20:59:31.056 [main] [INFO ] q.l.p.CommandLineTaskRunner$CommandLineProgressMonitor - Completed (65%)
2024-10-22 20:59:31 INFO: 20:59:31.126 [main] [INFO ] q.l.p.CommandLineTaskRunner$CommandLineProgressMonitor - Completed (66%)
2024-10-22 20:59:31 INFO: 20:59:31.197 [main] [INFO ] q.l.p.CommandLineTaskRunner$CommandLineProgressMonitor - Completed (67%)
2024-10-22 20:59:31 INFO: 20:59:31.274 [main] [INFO ] q.l.p.CommandLineTaskRunner$CommandLineProgressMonitor - Completed (68%)
2024-10-22 20:59:31 INFO: 20:59:31.342 [main] [INFO ] q.l.p.CommandLineTaskRunner$CommandLineProgressMonitor - Completed (69%)
2024-10-22 20:59:31 INFO: 20:59:31.407 [main] [INFO ] q.l.p.CommandLineTaskRunner$CommandLineProgressMonitor - Completed (70%)
2024-10-22 20:59:31 INFO: 20:59:31.477 [main] [INFO ] q.l.p.CommandLineTaskRunner$CommandLineProgressMonitor - Completed (71%)
2024-10-22 20:59:31 INFO: 20:59:31.547 [main] [INFO ] q.l.p.CommandLineTaskRunner$CommandLineProgressMonitor - Completed (72%)
2024-10-22 20:59:31 INFO: 20:59:31.626 [main] [INFO ] q.l.p.CommandLineTaskRunner$CommandLineProgressMonitor - Completed (73%)
2024-10-22 20:59:31 INFO: 20:59:31.687 [main] [INFO ] q.l.p.CommandLineTaskRunner$CommandLineProgressMonitor - Completed (74%)
2024-10-22 20:59:31 INFO: 20:59:31.756 [main] [INFO ] q.l.p.CommandLineTaskRunner$CommandLineProgressMonitor - Completed (75%)
2024-10-22 20:59:31 INFO: 20:59:31.826 [main] [INFO ] q.l.p.CommandLineTaskRunner$CommandLineProgressMonitor - Completed (76%)
2024-10-22 20:59:31 INFO: 20:59:31.897 [main] [INFO ] q.l.p.CommandLineTaskRunner$CommandLineProgressMonitor - Completed (77%)
2024-10-22 20:59:31 INFO: 20:59:31.967 [main] [INFO ] q.l.p.CommandLineTaskRunner$CommandLineProgressMonitor - Completed (78%)
2024-10-22 20:59:32 INFO: 20:59:32.038 [main] [INFO ] q.l.p.CommandLineTaskRunner$CommandLineProgressMonitor - Completed (79%)
2024-10-22 20:59:32 INFO: 20:59:32.108 [main] [INFO ] q.l.p.CommandLineTaskRunner$CommandLineProgressMonitor - Completed (80%)
2024-10-22 20:59:32 INFO: 20:59:32.178 [main] [INFO ] q.l.p.CommandLineTaskRunner$CommandLineProgressMonitor - Completed (81%)
2024-10-22 20:59:32 INFO: 20:59:32.249 [main] [INFO ] q.l.p.CommandLineTaskRunner$CommandLineProgressMonitor - Completed (82%)
2024-10-22 20:59:32 INFO: 20:59:32.320 [main] [INFO ] q.l.p.CommandLineTaskRunner$CommandLineProgressMonitor - Completed (83%)
2024-10-22 20:59:32 INFO: 20:59:32.390 [main] [INFO ] q.l.p.CommandLineTaskRunner$CommandLineProgressMonitor - Completed (84%)
2024-10-22 20:59:32 INFO: 20:59:32.461 [main] [INFO ] q.l.p.CommandLineTaskRunner$CommandLineProgressMonitor - Completed (85%)
2024-10-22 20:59:32 INFO: 20:59:32.532 [main] [INFO ] q.l.p.CommandLineTaskRunner$CommandLineProgressMonitor - Completed (86%)
2024-10-22 20:59:32 INFO: 20:59:32.602 [main] [INFO ] q.l.p.CommandLineTaskRunner$CommandLineProgressMonitor - Completed (87%)
2024-10-22 20:59:32 INFO: 20:59:32.672 [main] [INFO ] q.l.p.CommandLineTaskRunner$CommandLineProgressMonitor - Completed (88%)
2024-10-22 20:59:32 INFO: 20:59:32.744 [main] [INFO ] q.l.p.CommandLineTaskRunner$CommandLineProgressMonitor - Completed (89%)
2024-10-22 20:59:32 INFO: 20:59:32.814 [main] [INFO ] q.l.p.CommandLineTaskRunner$CommandLineProgressMonitor - Completed (90%)
2024-10-22 20:59:32 INFO: 20:59:32.885 [main] [INFO ] q.l.p.CommandLineTaskRunner$CommandLineProgressMonitor - Completed (91%)
2024-10-22 20:59:32 INFO: 20:59:32.955 [main] [INFO ] q.l.p.CommandLineTaskRunner$CommandLineProgressMonitor - Completed (92%)
2024-10-22 20:59:33 INFO: 20:59:33.025 [main] [INFO ] q.l.p.CommandLineTaskRunner$CommandLineProgressMonitor - Completed (93%)
2024-10-22 20:59:33 INFO: 20:59:33.167 [main] [INFO ] q.l.p.CommandLineTaskRunner$CommandLineProgressMonitor - Completed (94%)
2024-10-22 20:59:33 INFO: 20:59:33.241 [main] [INFO ] q.l.p.CommandLineTaskRunner$CommandLineProgressMonitor - Completed (95%)
2024-10-22 20:59:33 INFO: 20:59:33.313 [main] [INFO ] q.l.p.CommandLineTaskRunner$CommandLineProgressMonitor - Completed (96%)
2024-10-22 20:59:33 INFO: 20:59:33.383 [main] [INFO ] q.l.p.CommandLineTaskRunner$CommandLineProgressMonitor - Completed (97%)
2024-10-22 20:59:33 INFO: 20:59:33.454 [main] [INFO ] q.l.p.CommandLineTaskRunner$CommandLineProgressMonitor - Completed (98%)
2024-10-22 20:59:33 INFO: 20:59:33.524 [main] [INFO ] q.l.p.CommandLineTaskRunner$CommandLineProgressMonitor - Completed (99%)
2024-10-22 20:59:33 INFO: 20:59:33.593 [main] [INFO ] q.l.p.CommandLineTaskRunner$CommandLineProgressMonitor - Completed (100%)
2024-10-22 21:00:25 INFO: 21:00:25.672 [main] [INFO ] q.l.p.CommandLineTaskRunner$CommandLineProgressMonitor - Completed (100%)
2024-10-22 21:00:25 INFO: 21:00:25.674 [main] [INFO ] q.l.p.CommandLineTaskRunner$CommandLineProgressMonitor - Processing complete in 62.59 seconds
2024-10-22 21:00:25 INFO: 21:00:25.674 [main] [INFO ] q.l.p.CommandLineTaskRunner$CommandLineProgressMonitor - Tasks completed!
2024-10-22 21:02:12 INFO: 21:02:12.393 [task-runner-6-1] [WARN ] q.o.features.DelaunayTriangulation - Some objects have missing measurements! Statistics will calculated only for objects with measurements available.
2024-10-22 21:02:12 INFO: 21:02:12.394 [task-runner-6-1] [WARN ] q.o.features.DelaunayTriangulation - Missing measurements: [ROI: 1.00 µm per pixel: Residual: Haralick Correlation (F2), ROI: 1.00 µm per pixel: Residual: Haralick Information measure of correlation 1 (F11), ROI: 1.00 µm per pixel: Residual: Haralick Information measure of correlation 2 (F12), ROI: 1.00 µm per pixel: OD Sum: Haralick Correlation (F2), ROI: 1.00 µm per pixel: OD Sum: Haralick Information measure of correlation 1 (F11)]
2024-10-22 21:02:12 INFO: 21:02:12.414 [main] [INFO ] q.l.p.CommandLineTaskRunner$CommandLineProgressMonitor - Delaunay triangulation calculated for Annotation (168737 objects) (100%)
2024-10-22 21:02:12 INFO: 21:02:12.415 [main] [INFO ] q.l.p.CommandLineTaskRunner$CommandLineProgressMonitor - Processing complete in 106.69 seconds
2024-10-22 21:02:12 INFO: 21:02:12.416 [main] [INFO ] q.l.p.CommandLineTaskRunner$CommandLineProgressMonitor - Tasks completed!
2024-10-22 21:04:06 INFO: TCGA-GI-A2C8-01Z-00-DX1.09BD8AC9-645A-4C8B-9B36-77D833BDBA09
2024-10-22 21:04:06 INFO: QuPath subprocess completed.
2024-10-22 21:04:16 INFO: QuPath image extraction completed successfully. Output directory: /home/ilants/Documents/jupyter_test/single_image_multiple_params/exp_requestedPixelSizeMicrons_1.25
2024-10-22 21:04:16 INFO: Summary table saved to: /home/ilants/Documents/jupyter_test/single_image_multiple_params/exp_requestedPixelSizeMicrons_1.25/Summary_Table.csv
2024-10-22 21:04:16 INFO: Experiment completed successfully.
