2024-10-23 03:36:12 INFO: Starting experiment with for maxAreaMicrons with value of 90.0
2024-10-23 03:36:12 INFO: Running with the following configuration:
{'detectionImageBrightfield': 'Hematoxylin OD', 'requestedPixelSizeMicrons': 0.5, 'backgroundRadiusMicrons': 4.0, 'backgroundByReconstruction': True, 'medianRadiusMicrons': 0.0, 'sigmaMicrons': 1.5, 'minAreaMicrons': 10.0, 'maxAreaMicrons': 90.0, 'threshold': 0.1, 'maxBackground': 2.0, 'watershedPostProcess': True, 'cellExpansionMicrons': 5.0, 'includeNuclei': True, 'smoothBoundaries': True, 'makeMeasurements': True, 'backgroundRadiusPixel': 8.0, 'cellExpansionPixel': 10.0, 'medianRadiusPixel': 0.0, 'minAreaPixel': 20.0, 'maxAreaPixel': 160.0}
2024-10-23 03:36:12 INFO: Starting QuPath image extraction with the following parameters: image_dir=/home/ilants/Documents/jupyter_test, output_dir=/home/ilants/Documents/jupyter_test/single_image_multiple_params/exp_maxAreaMicrons_90.0, image_type=svs, groovy_script=/home/ilants/Documents/utls/nucleus_detection_wargs.groovy, config_file=/home/ilants/Documents/jupyter_test/single_image_multiple_params/exp_maxAreaMicrons_90.0/cfg.json, program_path=/home/ilants/Documents/QuPath-v0.5.1-Linux/QuPath/bin/QuPath
2024-10-23 03:36:13 INFO: 03:36:13.304 [main] [INFO ] qupath.lib.gui.prefs.PathPrefs - Setting default Locale to en_US
2024-10-23 03:36:13 INFO: 03:36:13.308 [main] [INFO ] qupath.lib.gui.prefs.PathPrefs - Setting Locale for FORMAT to en_US
2024-10-23 03:36:13 INFO: 03:36:13.308 [main] [INFO ] qupath.lib.gui.prefs.PathPrefs - Setting Locale for DISPLAY to en_US
2024-10-23 03:36:13 INFO: 03:36:13.322 [main] [INFO ] qupath.lib.common.ThreadTools - Setting parallelism to 63
2024-10-23 03:36:13 INFO: 03:36:13.340 [main] [INFO ] qupath.ScriptCommand - Setting tile cache size to 32200.00 MB (25.0% max memory)
2024-10-23 03:36:13 INFO: 03:36:13.388 [main] [INFO ] qupath.lib.scripting.QP - Initializing type adapters
2024-10-23 03:36:13 INFO: Warning: Versions of org.bytedeco:javacpp:1.5.9 and org.bytedeco:opencv:4.6.0-1.5.8 do not match.
2024-10-23 03:36:13 INFO: Warning: Versions of org.bytedeco:javacpp:1.5.9 and org.bytedeco:openblas:0.3.21-1.5.8 do not match.
2024-10-23 03:36:14 INFO: project parameters are: {"detectionImageBrightfield": "Hematoxylin OD","requestedPixelSizeMicrons": 0.5,"backgroundRadiusMicrons": 4.0,"backgroundByReconstruction": true,"medianRadiusMicrons": 0.0,"sigmaMicrons": 1.5,"minAreaMicrons": 10.0,"maxAreaMicrons": 90.0,"threshold": 0.1,"maxBackground": 2.0,"watershedPostProcess": true,"cellExpansionMicrons": 5.0,"includeNuclei": true,"smoothBoundaries": true,"makeMeasurements": true,"backgroundRadiusPixel": 8.0,"cellExpansionPixel": 10.0,"medianRadiusPixel": 0.0,"minAreaPixel": 20.0,"maxAreaPixel": 160.0}
2024-10-23 03:36:15 INFO: New project created at: /home/ilants/Documents/jupyter_test/single_image_multiple_params/exp_maxAreaMicrons_90.0/QPProject
2024-10-23 03:36:15 INFO: Added: /home/ilants/Documents/jupyter_test/TCGA-GI-A2C8-01Z-00-DX1.09BD8AC9-645A-4C8B-9B36-77D833BDBA09.svs
2024-10-23 03:36:15 INFO: /home/ilants/Documents/jupyter_test/TCGA-GI-A2C8-01Z-00-DX1.09BD8AC9-645A-4C8B-9B36-77D833BDBA09.svs
2024-10-23 03:36:15 INFO: 03:36:15.366 [main] [INFO ] q.l.i.s.b.BioFormatsServerOptions - Setting max Bio-Formats readers to 32
2024-10-23 03:36:15 INFO: UriImageSupport (class qupath.lib.images.servers.bioformats.BioFormatsServerBuilder) support=3.0, builders=1
2024-10-23 03:36:15 INFO: true
2024-10-23 03:36:16 INFO: 03:36:16.028 [main] [WARN ] qupath.lib.scripting.QP - createSelectAllObject(boolean) is deprecated, use createFullImageAnnotation(boolean) instead
2024-10-23 03:36:16 INFO: 03:36:16.028 [main] [WARN ] qupath.lib.scripting.QP - createSelectAllObject(boolean, int, int) is deprecated, use createFullImageAnnotation(boolean, int, int) instead
2024-10-23 03:36:16 INFO: 03:36:16.039 [main] [WARN ] q.l.plugins.parameters.ParameterList - Unable to set parameter backgroundRadiusPixel with value 8.0
2024-10-23 03:36:16 INFO: 03:36:16.039 [main] [WARN ] q.l.plugins.parameters.ParameterList - Unable to set parameter cellExpansionPixel with value 10.0
2024-10-23 03:36:16 INFO: 03:36:16.039 [main] [WARN ] q.l.plugins.parameters.ParameterList - Unable to set parameter medianRadiusPixel with value 0.0
2024-10-23 03:36:16 INFO: 03:36:16.039 [main] [WARN ] q.l.plugins.parameters.ParameterList - Unable to set parameter minAreaPixel with value 20.0
2024-10-23 03:36:16 INFO: 03:36:16.039 [main] [WARN ] q.l.plugins.parameters.ParameterList - Unable to set parameter maxAreaPixel with value 160.0
2024-10-23 03:36:30 INFO: 03:36:30.623 [task-runner-1-1] [INFO ] q.lib.plugins.DetectionPluginTools - 0 nuclei detected (processing time: 14.48 seconds)
2024-10-23 03:36:30 INFO: 03:36:30.624 [task-runner-1-4] [INFO ] q.lib.plugins.DetectionPluginTools - 0 nuclei detected (processing time: 14.48 seconds)
2024-10-23 03:36:30 INFO: 03:36:30.623 [task-runner-1-12] [INFO ] q.lib.plugins.DetectionPluginTools - 0 nuclei detected (processing time: 14.47 seconds)
2024-10-23 03:36:30 INFO: 03:36:30.623 [task-runner-1-9] [INFO ] q.lib.plugins.DetectionPluginTools - 0 nuclei detected (processing time: 14.47 seconds)
2024-10-23 03:36:30 INFO: 03:36:30.627 [main] [INFO ] q.l.p.CommandLineTaskRunner$CommandLineProgressMonitor - 0 nuclei detected (1%)
2024-10-23 03:36:30 INFO: 03:36:30.627 [main] [INFO ] q.l.p.CommandLineTaskRunner$CommandLineProgressMonitor - 0 nuclei detected (2%)
2024-10-23 03:36:30 INFO: 03:36:30.627 [main] [INFO ] q.l.p.CommandLineTaskRunner$CommandLineProgressMonitor - 0 nuclei detected (3%)
2024-10-23 03:36:30 INFO: 03:36:30.628 [task-runner-1-16] [INFO ] q.lib.plugins.DetectionPluginTools - 0 nuclei detected (processing time: 14.48 seconds)
2024-10-23 03:36:30 INFO: 03:36:30.628 [task-runner-1-7] [INFO ] q.lib.plugins.DetectionPluginTools - 1 nucleus detected (processing time: 14.48 seconds)
2024-10-23 03:36:30 INFO: 03:36:30.629 [main] [INFO ] q.l.p.CommandLineTaskRunner$CommandLineProgressMonitor - 1 nucleus detected (4%)
2024-10-23 03:36:30 INFO: 03:36:30.629 [task-runner-1-32] [INFO ] q.lib.plugins.DetectionPluginTools - 0 nuclei detected (processing time: 14.48 seconds)
2024-10-23 03:36:30 INFO: 03:36:30.629 [main] [INFO ] q.l.p.CommandLineTaskRunner$CommandLineProgressMonitor - 0 nuclei detected (4%)
2024-10-23 03:36:30 INFO: 03:36:30.630 [task-runner-1-11] [INFO ] q.lib.plugins.DetectionPluginTools - 1 nucleus detected (processing time: 14.48 seconds)
2024-10-23 03:36:30 INFO: 03:36:30.630 [task-runner-1-10] [INFO ] q.lib.plugins.DetectionPluginTools - 1 nucleus detected (processing time: 14.48 seconds)
2024-10-23 03:36:30 INFO: 03:36:30.630 [main] [INFO ] q.l.p.CommandLineTaskRunner$CommandLineProgressMonitor - 1 nucleus detected (5%)
2024-10-23 03:36:30 INFO: 03:36:30.630 [main] [INFO ] q.l.p.CommandLineTaskRunner$CommandLineProgressMonitor - 1 nucleus detected (6%)
2024-10-23 03:36:30 INFO: 03:36:30.629 [task-runner-1-2] [INFO ] q.lib.plugins.DetectionPluginTools - 2 nuclei detected (processing time: 14.48 seconds)
2024-10-23 03:36:30 INFO: 03:36:30.631 [main] [INFO ] q.l.p.CommandLineTaskRunner$CommandLineProgressMonitor - 2 nuclei detected (6%)
2024-10-23 03:36:30 INFO: 03:36:30.632 [task-runner-1-27] [INFO ] q.lib.plugins.DetectionPluginTools - 1 nucleus detected (processing time: 14.48 seconds)
2024-10-23 03:36:30 INFO: 03:36:30.632 [main] [INFO ] q.l.p.CommandLineTaskRunner$CommandLineProgressMonitor - 1 nucleus detected (7%)
2024-10-23 03:36:30 INFO: 03:36:30.635 [task-runner-1-14] [INFO ] q.lib.plugins.DetectionPluginTools - 2 nuclei detected (processing time: 14.49 seconds)
2024-10-23 03:36:30 INFO: 03:36:30.636 [main] [INFO ] q.l.p.CommandLineTaskRunner$CommandLineProgressMonitor - 2 nuclei detected (8%)
2024-10-23 03:36:30 INFO: 03:36:30.646 [task-runner-1-29] [INFO ] q.lib.plugins.DetectionPluginTools - 5 nuclei detected (processing time: 14.50 seconds)
2024-10-23 03:36:30 INFO: 03:36:30.646 [main] [INFO ] q.l.p.CommandLineTaskRunner$CommandLineProgressMonitor - 5 nuclei detected (8%)
2024-10-23 03:36:30 INFO: 03:36:30.672 [task-runner-1-8] [INFO ] q.lib.plugins.DetectionPluginTools - 2 nuclei detected (processing time: 14.52 seconds)
2024-10-23 03:36:30 INFO: 03:36:30.672 [task-runner-1-6] [INFO ] q.lib.plugins.DetectionPluginTools - 6 nuclei detected (processing time: 14.53 seconds)
2024-10-23 03:36:30 INFO: 03:36:30.673 [task-runner-1-28] [INFO ] q.lib.plugins.DetectionPluginTools - 22 nuclei detected (processing time: 14.52 seconds)
2024-10-23 03:36:30 INFO: 03:36:30.673 [main] [INFO ] q.l.p.CommandLineTaskRunner$CommandLineProgressMonitor - 6 nuclei detected (9%)
2024-10-23 03:36:30 INFO: 03:36:30.673 [main] [INFO ] q.l.p.CommandLineTaskRunner$CommandLineProgressMonitor - 22 nuclei detected (9%)
2024-10-23 03:36:30 INFO: 03:36:30.673 [task-runner-1-31] [INFO ] q.lib.plugins.DetectionPluginTools - 13 nuclei detected (processing time: 14.52 seconds)
2024-10-23 03:36:30 INFO: 03:36:30.674 [main] [INFO ] q.l.p.CommandLineTaskRunner$CommandLineProgressMonitor - 2 nuclei detected (10%)
2024-10-23 03:36:30 INFO: 03:36:30.674 [main] [INFO ] q.l.p.CommandLineTaskRunner$CommandLineProgressMonitor - 13 nuclei detected (11%)
2024-10-23 03:36:30 INFO: 03:36:30.706 [task-runner-1-5] [INFO ] q.lib.plugins.DetectionPluginTools - 61 nuclei detected (processing time: 14.56 seconds)
2024-10-23 03:36:30 INFO: 03:36:30.707 [main] [INFO ] q.l.p.CommandLineTaskRunner$CommandLineProgressMonitor - 61 nuclei detected (11%)
2024-10-23 03:36:30 INFO: 03:36:30.829 [task-runner-1-45] [INFO ] q.lib.plugins.DetectionPluginTools - 115 nuclei detected (processing time: 14.68 seconds)
2024-10-23 03:36:30 INFO: 03:36:30.831 [main] [INFO ] q.l.p.CommandLineTaskRunner$CommandLineProgressMonitor - 115 nuclei detected (12%)
2024-10-23 03:36:30 INFO: 03:36:30.904 [task-runner-1-63] [INFO ] q.lib.plugins.DetectionPluginTools - 150 nuclei detected (processing time: 14.75 seconds)
2024-10-23 03:36:30 INFO: 03:36:30.909 [main] [INFO ] q.l.p.CommandLineTaskRunner$CommandLineProgressMonitor - 150 nuclei detected (13%)
2024-10-23 03:36:30 INFO: 03:36:30.925 [task-runner-1-18] [INFO ] q.lib.plugins.DetectionPluginTools - 252 nuclei detected (processing time: 14.78 seconds)
2024-10-23 03:36:30 INFO: 03:36:30.926 [main] [INFO ] q.l.p.CommandLineTaskRunner$CommandLineProgressMonitor - 252 nuclei detected (13%)
2024-10-23 03:36:31 INFO: 03:36:31.009 [task-runner-1-50] [INFO ] q.lib.plugins.DetectionPluginTools - 331 nuclei detected (processing time: 14.86 seconds)
2024-10-23 03:36:31 INFO: 03:36:31.013 [main] [INFO ] q.l.p.CommandLineTaskRunner$CommandLineProgressMonitor - 331 nuclei detected (14%)
2024-10-23 03:36:32 INFO: 03:36:32.623 [task-runner-1-17] [INFO ] q.lib.plugins.DetectionPluginTools - 3 nuclei detected (processing time: 16.47 seconds)
2024-10-23 03:36:32 INFO: 03:36:32.624 [task-runner-1-15] [INFO ] q.lib.plugins.DetectionPluginTools - 0 nuclei detected (processing time: 16.48 seconds)
2024-10-23 03:36:32 INFO: 03:36:32.624 [main] [INFO ] q.l.p.CommandLineTaskRunner$CommandLineProgressMonitor - 3 nuclei detected (14%)
2024-10-23 03:36:32 INFO: 03:36:32.624 [main] [INFO ] q.l.p.CommandLineTaskRunner$CommandLineProgressMonitor - 0 nuclei detected (15%)
2024-10-23 03:36:32 INFO: 03:36:32.624 [task-runner-1-48] [INFO ] q.lib.plugins.DetectionPluginTools - 0 nuclei detected (processing time: 16.47 seconds)
2024-10-23 03:36:32 INFO: 03:36:32.626 [task-runner-1-30] [INFO ] q.lib.plugins.DetectionPluginTools - 1 nucleus detected (processing time: 16.48 seconds)
2024-10-23 03:36:32 INFO: 03:36:32.627 [main] [INFO ] q.l.p.CommandLineTaskRunner$CommandLineProgressMonitor - 0 nuclei detected (16%)
2024-10-23 03:36:32 INFO: 03:36:32.627 [main] [INFO ] q.l.p.CommandLineTaskRunner$CommandLineProgressMonitor - 1 nucleus detected (16%)
2024-10-23 03:36:32 INFO: 03:36:32.626 [task-runner-1-3] [INFO ] q.lib.plugins.DetectionPluginTools - 0 nuclei detected (processing time: 16.48 seconds)
2024-10-23 03:36:32 INFO: 03:36:32.628 [main] [INFO ] q.l.p.CommandLineTaskRunner$CommandLineProgressMonitor - 0 nuclei detected (17%)
2024-10-23 03:36:32 INFO: 03:36:32.636 [task-runner-1-47] [INFO ] q.lib.plugins.DetectionPluginTools - 7 nuclei detected (processing time: 16.48 seconds)
2024-10-23 03:36:32 INFO: 03:36:32.636 [task-runner-1-13] [INFO ] q.lib.plugins.DetectionPluginTools - 8 nuclei detected (processing time: 16.49 seconds)
2024-10-23 03:36:32 INFO: 03:36:32.642 [main] [INFO ] q.l.p.CommandLineTaskRunner$CommandLineProgressMonitor - 7 nuclei detected (18%)
2024-10-23 03:36:32 INFO: 03:36:32.642 [main] [INFO ] q.l.p.CommandLineTaskRunner$CommandLineProgressMonitor - 8 nuclei detected (18%)
2024-10-23 03:36:32 INFO: 03:36:32.645 [task-runner-1-26] [INFO ] q.lib.plugins.DetectionPluginTools - 50 nuclei detected (processing time: 16.49 seconds)
2024-10-23 03:36:32 INFO: 03:36:32.646 [main] [INFO ] q.l.p.CommandLineTaskRunner$CommandLineProgressMonitor - 50 nuclei detected (19%)
2024-10-23 03:36:32 INFO: 03:36:32.750 [task-runner-1-46] [INFO ] q.lib.plugins.DetectionPluginTools - 58 nuclei detected (processing time: 16.60 seconds)
2024-10-23 03:36:32 INFO: 03:36:32.751 [main] [INFO ] q.l.p.CommandLineTaskRunner$CommandLineProgressMonitor - 58 nuclei detected (19%)
2024-10-23 03:36:32 INFO: 03:36:32.884 [task-runner-1-49] [INFO ] q.lib.plugins.DetectionPluginTools - 131 nuclei detected (processing time: 16.73 seconds)
2024-10-23 03:36:32 INFO: 03:36:32.887 [main] [INFO ] q.l.p.CommandLineTaskRunner$CommandLineProgressMonitor - 131 nuclei detected (20%)
2024-10-23 03:36:33 INFO: 03:36:33.035 [task-runner-1-19] [INFO ] q.lib.plugins.DetectionPluginTools - 153 nuclei detected (processing time: 16.88 seconds)
2024-10-23 03:36:33 INFO: 03:36:33.036 [main] [INFO ] q.l.p.CommandLineTaskRunner$CommandLineProgressMonitor - 153 nuclei detected (21%)
2024-10-23 03:36:33 INFO: 03:36:33.098 [task-runner-1-33] [INFO ] q.lib.plugins.DetectionPluginTools - 238 nuclei detected (processing time: 16.95 seconds)
2024-10-23 03:36:33 INFO: 03:36:33.099 [main] [INFO ] q.l.p.CommandLineTaskRunner$CommandLineProgressMonitor - 238 nuclei detected (21%)
2024-10-23 03:36:33 INFO: 03:36:33.246 [task-runner-1-62] [INFO ] q.lib.plugins.DetectionPluginTools - 219 nuclei detected (processing time: 17.09 seconds)
2024-10-23 03:36:33 INFO: 03:36:33.247 [main] [INFO ] q.l.p.CommandLineTaskRunner$CommandLineProgressMonitor - 219 nuclei detected (22%)
2024-10-23 03:36:33 INFO: 03:36:33.310 [task-runner-1-61] [INFO ] q.lib.plugins.DetectionPluginTools - 211 nuclei detected (processing time: 17.16 seconds)
2024-10-23 03:36:33 INFO: 03:36:33.312 [main] [INFO ] q.l.p.CommandLineTaskRunner$CommandLineProgressMonitor - 211 nuclei detected (23%)
2024-10-23 03:36:33 INFO: 03:36:33.398 [task-runner-1-35] [INFO ] q.lib.plugins.DetectionPluginTools - 289 nuclei detected (processing time: 17.25 seconds)
2024-10-23 03:36:33 INFO: 03:36:33.402 [main] [INFO ] q.l.p.CommandLineTaskRunner$CommandLineProgressMonitor - 289 nuclei detected (23%)
2024-10-23 03:36:33 INFO: 03:36:33.418 [task-runner-1-25] [INFO ] q.lib.plugins.DetectionPluginTools - 357 nuclei detected (processing time: 17.27 seconds)
2024-10-23 03:36:33 INFO: 03:36:33.420 [task-runner-1-44] [INFO ] q.lib.plugins.DetectionPluginTools - 276 nuclei detected (processing time: 17.27 seconds)
2024-10-23 03:36:33 INFO: 03:36:33.421 [main] [INFO ] q.l.p.CommandLineTaskRunner$CommandLineProgressMonitor - 357 nuclei detected (24%)
2024-10-23 03:36:33 INFO: 03:36:33.421 [main] [INFO ] q.l.p.CommandLineTaskRunner$CommandLineProgressMonitor - 276 nuclei detected (24%)
2024-10-23 03:36:33 INFO: 03:36:33.435 [task-runner-1-34] [INFO ] q.lib.plugins.DetectionPluginTools - 407 nuclei detected (processing time: 17.28 seconds)
2024-10-23 03:36:33 INFO: 03:36:33.437 [main] [INFO ] q.l.p.CommandLineTaskRunner$CommandLineProgressMonitor - 407 nuclei detected (25%)
2024-10-23 03:36:33 INFO: 03:36:33.662 [task-runner-1-20] [INFO ] q.lib.plugins.DetectionPluginTools - 688 nuclei detected (processing time: 17.51 seconds)
2024-10-23 03:36:33 INFO: 03:36:33.667 [main] [INFO ] q.l.p.CommandLineTaskRunner$CommandLineProgressMonitor - 688 nuclei detected (26%)
2024-10-23 03:36:33 INFO: 03:36:33.995 [task-runner-1-51] [INFO ] q.lib.plugins.DetectionPluginTools - 891 nuclei detected (processing time: 17.84 seconds)
2024-10-23 03:36:33 INFO: 03:36:33.996 [main] [INFO ] q.l.p.CommandLineTaskRunner$CommandLineProgressMonitor - 891 nuclei detected (26%)
2024-10-23 03:36:34 INFO: 03:36:34.022 [task-runner-1-24] [INFO ] q.lib.plugins.DetectionPluginTools - 1026 nuclei detected (processing time: 17.87 seconds)
2024-10-23 03:36:34 INFO: 03:36:34.023 [main] [INFO ] q.l.p.CommandLineTaskRunner$CommandLineProgressMonitor - 1026 nuclei detected (27%)
2024-10-23 03:36:34 INFO: 03:36:34.188 [task-runner-1-23] [INFO ] q.lib.plugins.DetectionPluginTools - 1025 nuclei detected (processing time: 18.04 seconds)
2024-10-23 03:36:34 INFO: 03:36:34.189 [main] [INFO ] q.l.p.CommandLineTaskRunner$CommandLineProgressMonitor - 1025 nuclei detected (28%)
2024-10-23 03:36:34 INFO: 03:36:34.224 [task-runner-1-43] [INFO ] q.lib.plugins.DetectionPluginTools - 1005 nuclei detected (processing time: 18.07 seconds)
2024-10-23 03:36:34 INFO: 03:36:34.225 [main] [INFO ] q.l.p.CommandLineTaskRunner$CommandLineProgressMonitor - 1005 nuclei detected (28%)
2024-10-23 03:36:34 INFO: 03:36:34.340 [task-runner-1-22] [INFO ] q.lib.plugins.DetectionPluginTools - 1419 nuclei detected (processing time: 18.19 seconds)
2024-10-23 03:36:34 INFO: 03:36:34.341 [main] [INFO ] q.l.p.CommandLineTaskRunner$CommandLineProgressMonitor - 1419 nuclei detected (29%)
2024-10-23 03:36:34 INFO: 03:36:34.356 [task-runner-1-60] [INFO ] q.lib.plugins.DetectionPluginTools - 1156 nuclei detected (processing time: 18.20 seconds)
2024-10-23 03:36:34 INFO: 03:36:34.358 [main] [INFO ] q.l.p.CommandLineTaskRunner$CommandLineProgressMonitor - 1156 nuclei detected (29%)
2024-10-23 03:36:35 INFO: 03:36:35.194 [task-runner-1-40] [INFO ] q.lib.plugins.DetectionPluginTools - 2178 nuclei detected (processing time: 19.04 seconds)
2024-10-23 03:36:35 INFO: 03:36:35.195 [main] [INFO ] q.l.p.CommandLineTaskRunner$CommandLineProgressMonitor - 2178 nuclei detected (30%)
2024-10-23 03:36:35 INFO: 03:36:35.523 [task-runner-1-36] [INFO ] q.lib.plugins.DetectionPluginTools - 2097 nuclei detected (processing time: 19.37 seconds)
2024-10-23 03:36:35 INFO: 03:36:35.525 [main] [INFO ] q.l.p.CommandLineTaskRunner$CommandLineProgressMonitor - 2097 nuclei detected (31%)
2024-10-23 03:36:35 INFO: 03:36:35.606 [task-runner-1-21] [INFO ] q.lib.plugins.DetectionPluginTools - 3813 nuclei detected (processing time: 19.46 seconds)
2024-10-23 03:36:35 INFO: 03:36:35.607 [main] [INFO ] q.l.p.CommandLineTaskRunner$CommandLineProgressMonitor - 3813 nuclei detected (31%)
2024-10-23 03:36:35 INFO: 03:36:35.903 [task-runner-1-52] [INFO ] q.lib.plugins.DetectionPluginTools - 2617 nuclei detected (processing time: 19.75 seconds)
2024-10-23 03:36:35 INFO: 03:36:35.905 [main] [INFO ] q.l.p.CommandLineTaskRunner$CommandLineProgressMonitor - 2617 nuclei detected (32%)
2024-10-23 03:36:36 INFO: 03:36:36.288 [task-runner-1-1] [INFO ] q.lib.plugins.DetectionPluginTools - 1 nucleus detected (processing time: 5.66 seconds)
2024-10-23 03:36:36 INFO: 03:36:36.289 [main] [INFO ] q.l.p.CommandLineTaskRunner$CommandLineProgressMonitor - 1 nucleus detected (33%)
2024-10-23 03:36:36 INFO: 03:36:36.947 [task-runner-1-42] [INFO ] q.lib.plugins.DetectionPluginTools - 2715 nuclei detected (processing time: 20.79 seconds)
2024-10-23 03:36:36 INFO: 03:36:36.948 [main] [INFO ] q.l.p.CommandLineTaskRunner$CommandLineProgressMonitor - 2715 nuclei detected (33%)
2024-10-23 03:36:37 INFO: 03:36:37.358 [task-runner-1-59] [INFO ] q.lib.plugins.DetectionPluginTools - 2811 nuclei detected (processing time: 21.20 seconds)
2024-10-23 03:36:37 INFO: 03:36:37.359 [main] [INFO ] q.l.p.CommandLineTaskRunner$CommandLineProgressMonitor - 2811 nuclei detected (34%)
2024-10-23 03:36:37 INFO: 03:36:37.701 [task-runner-1-9] [INFO ] q.lib.plugins.DetectionPluginTools - 387 nuclei detected (processing time: 7.08 seconds)
2024-10-23 03:36:37 INFO: 03:36:37.703 [main] [INFO ] q.l.p.CommandLineTaskRunner$CommandLineProgressMonitor - 387 nuclei detected (34%)
2024-10-23 03:36:37 INFO: 03:36:37.727 [task-runner-1-31] [INFO ] q.lib.plugins.DetectionPluginTools - 0 nuclei detected (processing time: 7.05 seconds)
2024-10-23 03:36:37 INFO: 03:36:37.729 [main] [INFO ] q.l.p.CommandLineTaskRunner$CommandLineProgressMonitor - 0 nuclei detected (35%)
2024-10-23 03:36:37 INFO: 03:36:37.772 [task-runner-1-4] [INFO ] q.lib.plugins.DetectionPluginTools - 117 nuclei detected (processing time: 7.15 seconds)
2024-10-23 03:36:37 INFO: 03:36:37.773 [main] [INFO ] q.l.p.CommandLineTaskRunner$CommandLineProgressMonitor - 117 nuclei detected (36%)
2024-10-23 03:36:38 INFO: 03:36:38.017 [task-runner-1-41] [INFO ] q.lib.plugins.DetectionPluginTools - 2564 nuclei detected (processing time: 21.87 seconds)
2024-10-23 03:36:38 INFO: 03:36:38.018 [main] [INFO ] q.l.p.CommandLineTaskRunner$CommandLineProgressMonitor - 2564 nuclei detected (36%)
2024-10-23 03:36:38 INFO: 03:36:38.031 [task-runner-1-5] [INFO ] q.lib.plugins.DetectionPluginTools - 117 nuclei detected (processing time: 7.32 seconds)
2024-10-23 03:36:38 INFO: 03:36:38.045 [main] [INFO ] q.l.p.CommandLineTaskRunner$CommandLineProgressMonitor - 117 nuclei detected (37%)
2024-10-23 03:36:38 INFO: 03:36:38.192 [task-runner-1-45] [INFO ] q.lib.plugins.DetectionPluginTools - 140 nuclei detected (processing time: 7.36 seconds)
2024-10-23 03:36:38 INFO: 03:36:38.193 [main] [INFO ] q.l.p.CommandLineTaskRunner$CommandLineProgressMonitor - 140 nuclei detected (38%)
2024-10-23 03:36:38 INFO: 03:36:38.761 [task-runner-1-39] [INFO ] q.lib.plugins.DetectionPluginTools - 3013 nuclei detected (processing time: 22.61 seconds)
2024-10-23 03:36:38 INFO: 03:36:38.765 [main] [INFO ] q.l.p.CommandLineTaskRunner$CommandLineProgressMonitor - 3013 nuclei detected (38%)
2024-10-23 03:36:38 INFO: 03:36:38.982 [task-runner-1-12] [INFO ] q.lib.plugins.DetectionPluginTools - 497 nuclei detected (processing time: 8.36 seconds)
2024-10-23 03:36:38 INFO: 03:36:38.983 [main] [INFO ] q.l.p.CommandLineTaskRunner$CommandLineProgressMonitor - 497 nuclei detected (39%)
2024-10-23 03:36:39 INFO: 03:36:39.203 [task-runner-1-58] [INFO ] q.lib.plugins.DetectionPluginTools - 2754 nuclei detected (processing time: 23.05 seconds)
2024-10-23 03:36:39 INFO: 03:36:39.204 [main] [INFO ] q.l.p.CommandLineTaskRunner$CommandLineProgressMonitor - 2754 nuclei detected (39%)
2024-10-23 03:36:39 INFO: 03:36:39.882 [task-runner-1-38] [INFO ] q.lib.plugins.DetectionPluginTools - 3929 nuclei detected (processing time: 23.73 seconds)
2024-10-23 03:36:39 INFO: 03:36:39.883 [main] [INFO ] q.l.p.CommandLineTaskRunner$CommandLineProgressMonitor - 3929 nuclei detected (40%)
2024-10-23 03:36:39 INFO: 03:36:39.915 [task-runner-1-8] [INFO ] q.lib.plugins.DetectionPluginTools - 217 nuclei detected (processing time: 9.24 seconds)
2024-10-23 03:36:39 INFO: 03:36:39.917 [main] [INFO ] q.l.p.CommandLineTaskRunner$CommandLineProgressMonitor - 217 nuclei detected (41%)
2024-10-23 03:36:39 INFO: 03:36:39.982 [task-runner-1-19] [INFO ] q.lib.plugins.DetectionPluginTools - 3 nuclei detected (processing time: 6.95 seconds)
2024-10-23 03:36:39 INFO: 03:36:39.984 [main] [INFO ] q.l.p.CommandLineTaskRunner$CommandLineProgressMonitor - 3 nuclei detected (41%)
2024-10-23 03:36:40 INFO: 03:36:40.134 [task-runner-1-56] [INFO ] q.lib.plugins.DetectionPluginTools - 4135 nuclei detected (processing time: 23.98 seconds)
2024-10-23 03:36:40 INFO: 03:36:40.136 [main] [INFO ] q.l.p.CommandLineTaskRunner$CommandLineProgressMonitor - 4135 nuclei detected (42%)
2024-10-23 03:36:40 INFO: 03:36:40.252 [task-runner-1-49] [INFO ] q.lib.plugins.DetectionPluginTools - 110 nuclei detected (processing time: 7.37 seconds)
2024-10-23 03:36:40 INFO: 03:36:40.254 [main] [INFO ] q.l.p.CommandLineTaskRunner$CommandLineProgressMonitor - 110 nuclei detected (43%)
2024-10-23 03:36:40 INFO: 03:36:40.402 [task-runner-1-57] [INFO ] q.lib.plugins.DetectionPluginTools - 3406 nuclei detected (processing time: 24.25 seconds)
2024-10-23 03:36:40 INFO: 03:36:40.404 [main] [INFO ] q.l.p.CommandLineTaskRunner$CommandLineProgressMonitor - 3406 nuclei detected (43%)
2024-10-23 03:36:40 INFO: 03:36:40.585 [task-runner-1-55] [INFO ] q.lib.plugins.DetectionPluginTools - 3349 nuclei detected (processing time: 24.43 seconds)
2024-10-23 03:36:40 INFO: 03:36:40.586 [main] [INFO ] q.l.p.CommandLineTaskRunner$CommandLineProgressMonitor - 3349 nuclei detected (44%)
2024-10-23 03:36:40 INFO: 03:36:40.937 [task-runner-1-62] [INFO ] q.lib.plugins.DetectionPluginTools - 150 nuclei detected (processing time: 7.69 seconds)
2024-10-23 03:36:40 INFO: 03:36:40.939 [main] [INFO ] q.l.p.CommandLineTaskRunner$CommandLineProgressMonitor - 150 nuclei detected (44%)
2024-10-23 03:36:40 INFO: 03:36:40.960 [task-runner-1-33] [INFO ] q.lib.plugins.DetectionPluginTools - 152 nuclei detected (processing time: 7.86 seconds)
2024-10-23 03:36:40 INFO: 03:36:40.964 [main] [INFO ] q.l.p.CommandLineTaskRunner$CommandLineProgressMonitor - 152 nuclei detected (45%)
2024-10-23 03:36:41 INFO: 03:36:41.063 [task-runner-1-37] [INFO ] q.lib.plugins.DetectionPluginTools - 4550 nuclei detected (processing time: 24.91 seconds)
2024-10-23 03:36:41 INFO: 03:36:41.067 [main] [INFO ] q.l.p.CommandLineTaskRunner$CommandLineProgressMonitor - 4550 nuclei detected (46%)
2024-10-23 03:36:41 INFO: 03:36:41.321 [task-runner-1-54] [INFO ] q.lib.plugins.DetectionPluginTools - 4716 nuclei detected (processing time: 25.17 seconds)
2024-10-23 03:36:41 INFO: 03:36:41.323 [main] [INFO ] q.l.p.CommandLineTaskRunner$CommandLineProgressMonitor - 4716 nuclei detected (46%)
2024-10-23 03:36:41 INFO: 03:36:41.365 [task-runner-1-40] [INFO ] q.lib.plugins.DetectionPluginTools - 45 nuclei detected (processing time: 6.17 seconds)
2024-10-23 03:36:41 INFO: 03:36:41.365 [task-runner-1-61] [INFO ] q.lib.plugins.DetectionPluginTools - 247 nuclei detected (processing time: 8.05 seconds)
2024-10-23 03:36:41 INFO: 03:36:41.368 [main] [INFO ] q.l.p.CommandLineTaskRunner$CommandLineProgressMonitor - 45 nuclei detected (47%)
2024-10-23 03:36:41 INFO: 03:36:41.379 [main] [INFO ] q.l.p.CommandLineTaskRunner$CommandLineProgressMonitor - 247 nuclei detected (48%)
2024-10-23 03:36:41 INFO: 03:36:41.638 [task-runner-1-63] [INFO ] q.lib.plugins.DetectionPluginTools - 869 nuclei detected (processing time: 10.73 seconds)
2024-10-23 03:36:41 INFO: 03:36:41.640 [main] [INFO ] q.l.p.CommandLineTaskRunner$CommandLineProgressMonitor - 869 nuclei detected (48%)
2024-10-23 03:36:42 INFO: 03:36:42.211 [task-runner-1-6] [INFO ] q.lib.plugins.DetectionPluginTools - 747 nuclei detected (processing time: 11.54 seconds)
2024-10-23 03:36:42 INFO: 03:36:42.212 [main] [INFO ] q.l.p.CommandLineTaskRunner$CommandLineProgressMonitor - 747 nuclei detected (49%)
2024-10-23 03:36:42 INFO: 03:36:42.459 [task-runner-1-53] [INFO ] q.lib.plugins.DetectionPluginTools - 6160 nuclei detected (processing time: 26.31 seconds)
2024-10-23 03:36:42 INFO: 03:36:42.461 [main] [INFO ] q.l.p.CommandLineTaskRunner$CommandLineProgressMonitor - 6160 nuclei detected (49%)
2024-10-23 03:36:42 INFO: 03:36:42.710 [task-runner-1-21] [INFO ] q.lib.plugins.DetectionPluginTools - 343 nuclei detected (processing time: 7.10 seconds)
2024-10-23 03:36:42 INFO: 03:36:42.712 [main] [INFO ] q.l.p.CommandLineTaskRunner$CommandLineProgressMonitor - 343 nuclei detected (50%)
2024-10-23 03:36:42 INFO: 03:36:42.933 [task-runner-1-36] [INFO ] q.lib.plugins.DetectionPluginTools - 1 nucleus detected (processing time: 7.41 seconds)
2024-10-23 03:36:42 INFO: 03:36:42.935 [main] [INFO ] q.l.p.CommandLineTaskRunner$CommandLineProgressMonitor - 1 nucleus detected (51%)
2024-10-23 03:36:43 INFO: 03:36:43.838 [task-runner-1-52] [INFO ] q.lib.plugins.DetectionPluginTools - 262 nuclei detected (processing time: 7.93 seconds)
2024-10-23 03:36:43 INFO: 03:36:43.841 [main] [INFO ] q.l.p.CommandLineTaskRunner$CommandLineProgressMonitor - 262 nuclei detected (51%)
2024-10-23 03:36:43 INFO: 03:36:43.887 [task-runner-1-46] [INFO ] q.lib.plugins.DetectionPluginTools - 796 nuclei detected (processing time: 11.13 seconds)
2024-10-23 03:36:43 INFO: 03:36:43.888 [main] [INFO ] q.l.p.CommandLineTaskRunner$CommandLineProgressMonitor - 796 nuclei detected (52%)
2024-10-23 03:36:44 INFO: 03:36:44.442 [task-runner-1-28] [INFO ] q.lib.plugins.DetectionPluginTools - 1466 nuclei detected (processing time: 13.77 seconds)
2024-10-23 03:36:44 INFO: 03:36:44.448 [main] [INFO ] q.l.p.CommandLineTaskRunner$CommandLineProgressMonitor - 1466 nuclei detected (53%)
2024-10-23 03:36:46 INFO: 03:36:46.473 [task-runner-1-38] [INFO ] q.lib.plugins.DetectionPluginTools - 0 nuclei detected (processing time: 6.59 seconds)
2024-10-23 03:36:46 INFO: 03:36:46.475 [main] [INFO ] q.l.p.CommandLineTaskRunner$CommandLineProgressMonitor - 0 nuclei detected (53%)
2024-10-23 03:36:46 INFO: 03:36:46.627 [task-runner-1-1] [INFO ] q.lib.plugins.DetectionPluginTools - 310 nuclei detected (processing time: 10.34 seconds)
2024-10-23 03:36:46 INFO: 03:36:46.629 [main] [INFO ] q.l.p.CommandLineTaskRunner$CommandLineProgressMonitor - 310 nuclei detected (54%)
2024-10-23 03:36:46 INFO: 03:36:46.891 [task-runner-1-56] [INFO ] q.lib.plugins.DetectionPluginTools - 81 nuclei detected (processing time: 6.76 seconds)
2024-10-23 03:36:46 INFO: 03:36:46.892 [main] [INFO ] q.l.p.CommandLineTaskRunner$CommandLineProgressMonitor - 81 nuclei detected (54%)
2024-10-23 03:36:46 INFO: 03:36:46.922 [task-runner-1-19] [INFO ] q.lib.plugins.DetectionPluginTools - 112 nuclei detected (processing time: 6.94 seconds)
2024-10-23 03:36:46 INFO: 03:36:46.923 [main] [INFO ] q.l.p.CommandLineTaskRunner$CommandLineProgressMonitor - 112 nuclei detected (55%)
2024-10-23 03:36:47 INFO: 03:36:47.046 [task-runner-1-8] [INFO ] q.lib.plugins.DetectionPluginTools - 0 nuclei detected (processing time: 7.13 seconds)
2024-10-23 03:36:47 INFO: 03:36:47.046 [main] [INFO ] q.l.p.CommandLineTaskRunner$CommandLineProgressMonitor - 0 nuclei detected (56%)
2024-10-23 03:36:47 INFO: 03:36:47.107 [task-runner-1-37] [INFO ] q.lib.plugins.DetectionPluginTools - 0 nuclei detected (processing time: 6.04 seconds)
2024-10-23 03:36:47 INFO: 03:36:47.405 [task-runner-1-33] [INFO ] q.lib.plugins.DetectionPluginTools - 0 nuclei detected (processing time: 6.44 seconds)
2024-10-23 03:36:47 INFO: 03:36:47.406 [main] [INFO ] q.l.p.CommandLineTaskRunner$CommandLineProgressMonitor - 0 nuclei detected (57%)
2024-10-23 03:36:47 INFO: 03:36:47.603 [task-runner-1-49] [INFO ] q.lib.plugins.DetectionPluginTools - 111 nuclei detected (processing time: 7.35 seconds)
2024-10-23 03:36:47 INFO: 03:36:47.606 [main] [INFO ] q.l.p.CommandLineTaskRunner$CommandLineProgressMonitor - 111 nuclei detected (57%)
2024-10-23 03:36:47 INFO: 03:36:47.808 [task-runner-1-54] [INFO ] q.lib.plugins.DetectionPluginTools - 24 nuclei detected (processing time: 6.48 seconds)
2024-10-23 03:36:47 INFO: 03:36:47.811 [main] [INFO ] q.l.p.CommandLineTaskRunner$CommandLineProgressMonitor - 24 nuclei detected (58%)
2024-10-23 03:36:47 INFO: 03:36:47.885 [task-runner-1-55] [INFO ] q.lib.plugins.DetectionPluginTools - 12 nuclei detected (processing time: 7.30 seconds)
2024-10-23 03:36:47 INFO: 03:36:47.887 [main] [INFO ] q.l.p.CommandLineTaskRunner$CommandLineProgressMonitor - 12 nuclei detected (59%)
2024-10-23 03:36:48 INFO: 03:36:48.102 [task-runner-1-57] [INFO ] q.lib.plugins.DetectionPluginTools - 3 nuclei detected (processing time: 7.70 seconds)
2024-10-23 03:36:48 INFO: 03:36:48.104 [main] [INFO ] q.l.p.CommandLineTaskRunner$CommandLineProgressMonitor - 3 nuclei detected (59%)
2024-10-23 03:36:48 INFO: 03:36:48.210 [task-runner-1-62] [INFO ] q.lib.plugins.DetectionPluginTools - 0 nuclei detected (processing time: 7.27 seconds)
2024-10-23 03:36:48 INFO: 03:36:48.211 [main] [INFO ] q.l.p.CommandLineTaskRunner$CommandLineProgressMonitor - 0 nuclei detected (60%)
2024-10-23 03:36:48 INFO: 03:36:48.429 [task-runner-1-16] [INFO ] q.lib.plugins.DetectionPluginTools - 2797 nuclei detected (processing time: 17.80 seconds)
2024-10-23 03:36:48 INFO: 03:36:48.434 [main] [INFO ] q.l.p.CommandLineTaskRunner$CommandLineProgressMonitor - 2797 nuclei detected (61%)
2024-10-23 03:36:48 INFO: 03:36:48.601 [task-runner-1-40] [INFO ] q.lib.plugins.DetectionPluginTools - 363 nuclei detected (processing time: 7.23 seconds)
2024-10-23 03:36:48 INFO: 03:36:48.642 [main] [INFO ] q.l.p.CommandLineTaskRunner$CommandLineProgressMonitor - 363 nuclei detected (61%)
2024-10-23 03:36:49 INFO: 03:36:49.099 [task-runner-1-53] [INFO ] q.lib.plugins.DetectionPluginTools - 0 nuclei detected (processing time: 6.64 seconds)
2024-10-23 03:36:49 INFO: 03:36:49.101 [main] [INFO ] q.l.p.CommandLineTaskRunner$CommandLineProgressMonitor - 0 nuclei detected (62%)
2024-10-23 03:36:49 INFO: 03:36:49.514 [task-runner-1-21] [INFO ] q.lib.plugins.DetectionPluginTools - 0 nuclei detected (processing time: 6.80 seconds)
2024-10-23 03:36:49 INFO: 03:36:49.515 [main] [INFO ] q.l.p.CommandLineTaskRunner$CommandLineProgressMonitor - 0 nuclei detected (63%)
2024-10-23 03:36:49 INFO: 03:36:49.533 [task-runner-1-58] [INFO ] q.lib.plugins.DetectionPluginTools - 1127 nuclei detected (processing time: 10.33 seconds)
2024-10-23 03:36:49 INFO: 03:36:49.535 [main] [INFO ] q.l.p.CommandLineTaskRunner$CommandLineProgressMonitor - 1127 nuclei detected (63%)
2024-10-23 03:36:49 INFO: 03:36:49.832 [task-runner-1-36] [INFO ] q.lib.plugins.DetectionPluginTools - 0 nuclei detected (processing time: 6.90 seconds)
2024-10-23 03:36:49 INFO: 03:36:49.834 [main] [INFO ] q.l.p.CommandLineTaskRunner$CommandLineProgressMonitor - 0 nuclei detected (64%)
2024-10-23 03:36:49 INFO: 03:36:49.953 [task-runner-1-60] [INFO ] q.lib.plugins.DetectionPluginTools - 2329 nuclei detected (processing time: 15.60 seconds)
2024-10-23 03:36:49 INFO: 03:36:49.955 [main] [INFO ] q.l.p.CommandLineTaskRunner$CommandLineProgressMonitor - 2329 nuclei detected (64%)
2024-10-23 03:36:50 INFO: 03:36:50.587 [task-runner-1-46] [INFO ] q.lib.plugins.DetectionPluginTools - 1 nucleus detected (processing time: 6.70 seconds)
2024-10-23 03:36:50 INFO: 03:36:50.587 [main] [INFO ] q.l.p.CommandLineTaskRunner$CommandLineProgressMonitor - 1 nucleus detected (65%)
2024-10-23 03:36:50 INFO: 03:36:50.712 [task-runner-1-52] [INFO ] q.lib.plugins.DetectionPluginTools - 8 nuclei detected (processing time: 6.87 seconds)
2024-10-23 03:36:50 INFO: 03:36:50.714 [main] [INFO ] q.l.p.CommandLineTaskRunner$CommandLineProgressMonitor - 8 nuclei detected (66%)
2024-10-23 03:36:51 INFO: 03:36:51.145 [task-runner-1-31] [INFO ] q.lib.plugins.DetectionPluginTools - 1393 nuclei detected (processing time: 13.42 seconds)
2024-10-23 03:36:51 INFO: 03:36:51.145 [main] [INFO ] q.l.p.CommandLineTaskRunner$CommandLineProgressMonitor - 1393 nuclei detected (66%)
2024-10-23 03:36:51 INFO: 03:36:51.377 [task-runner-1-28] [INFO ] q.lib.plugins.DetectionPluginTools - 0 nuclei detected (processing time: 6.93 seconds)
2024-10-23 03:36:51 INFO: 03:36:51.377 [main] [INFO ] q.l.p.CommandLineTaskRunner$CommandLineProgressMonitor - 0 nuclei detected (67%)
2024-10-23 03:36:51 INFO: 03:36:51.587 [task-runner-1-29] [INFO ] q.lib.plugins.DetectionPluginTools - 3399 nuclei detected (processing time: 20.94 seconds)
2024-10-23 03:36:51 INFO: 03:36:51.588 [main] [INFO ] q.l.p.CommandLineTaskRunner$CommandLineProgressMonitor - 3399 nuclei detected (68%)
2024-10-23 03:36:51 INFO: 03:36:51.954 [task-runner-1-11] [INFO ] q.lib.plugins.DetectionPluginTools - 4176 nuclei detected (processing time: 21.32 seconds)
2024-10-23 03:36:51 INFO: 03:36:51.954 [main] [INFO ] q.l.p.CommandLineTaskRunner$CommandLineProgressMonitor - 4176 nuclei detected (68%)
2024-10-23 03:36:51 INFO: 03:36:51.988 [task-runner-1-9] [INFO ] q.lib.plugins.DetectionPluginTools - 1370 nuclei detected (processing time: 14.28 seconds)
2024-10-23 03:36:51 INFO: 03:36:51.989 [main] [INFO ] q.l.p.CommandLineTaskRunner$CommandLineProgressMonitor - 1370 nuclei detected (69%)
2024-10-23 03:36:52 INFO: 03:36:52.166 [task-runner-1-19] [INFO ] q.lib.plugins.DetectionPluginTools - 1 nucleus detected (processing time: 5.24 seconds)
2024-10-23 03:36:52 INFO: 03:36:52.167 [main] [INFO ] q.l.p.CommandLineTaskRunner$CommandLineProgressMonitor - 1 nucleus detected (69%)
2024-10-23 03:36:52 INFO: 03:36:52.729 [task-runner-1-18] [INFO ] q.lib.plugins.DetectionPluginTools - 3213 nuclei detected (processing time: 21.80 seconds)
2024-10-23 03:36:52 INFO: 03:36:52.730 [main] [INFO ] q.l.p.CommandLineTaskRunner$CommandLineProgressMonitor - 3213 nuclei detected (70%)
2024-10-23 03:36:52 INFO: 03:36:52.733 [task-runner-1-47] [INFO ] q.lib.plugins.DetectionPluginTools - 3171 nuclei detected (processing time: 20.10 seconds)
2024-10-23 03:36:52 INFO: 03:36:52.733 [main] [INFO ] q.l.p.CommandLineTaskRunner$CommandLineProgressMonitor - 3171 nuclei detected (71%)
2024-10-23 03:36:52 INFO: 03:36:52.746 [task-runner-1-33] [INFO ] q.lib.plugins.DetectionPluginTools - 1 nucleus detected (processing time: 5.34 seconds)
2024-10-23 03:36:52 INFO: 03:36:52.746 [main] [INFO ] q.l.p.CommandLineTaskRunner$CommandLineProgressMonitor - 1 nucleus detected (71%)
2024-10-23 03:36:52 INFO: 03:36:52.870 [task-runner-1-2] [INFO ] q.lib.plugins.DetectionPluginTools - 4103 nuclei detected (processing time: 22.24 seconds)
2024-10-23 03:36:52 INFO: 03:36:52.871 [main] [INFO ] q.l.p.CommandLineTaskRunner$CommandLineProgressMonitor - 4103 nuclei detected (72%)
2024-10-23 03:36:52 INFO: 03:36:52.912 [task-runner-1-61] [INFO ] q.lib.plugins.DetectionPluginTools - 1576 nuclei detected (processing time: 11.53 seconds)
2024-10-23 03:36:52 INFO: 03:36:52.912 [main] [INFO ] q.l.p.CommandLineTaskRunner$CommandLineProgressMonitor - 1576 nuclei detected (73%)
2024-10-23 03:36:53 INFO: 03:36:53.005 [task-runner-1-26] [INFO ] q.lib.plugins.DetectionPluginTools - 2573 nuclei detected (processing time: 20.36 seconds)
2024-10-23 03:36:53 INFO: 03:36:53.006 [main] [INFO ] q.l.p.CommandLineTaskRunner$CommandLineProgressMonitor - 2573 nuclei detected (73%)
2024-10-23 03:36:53 INFO: 03:36:53.021 [task-runner-1-1] [INFO ] q.lib.plugins.DetectionPluginTools - 1 nucleus detected (processing time: 6.39 seconds)
2024-10-23 03:36:53 INFO: 03:36:53.022 [main] [INFO ] q.l.p.CommandLineTaskRunner$CommandLineProgressMonitor - 1 nucleus detected (74%)
2024-10-23 03:36:53 INFO: 03:36:53.055 [task-runner-1-38] [INFO ] q.lib.plugins.DetectionPluginTools - 1 nucleus detected (processing time: 6.58 seconds)
2024-10-23 03:36:53 INFO: 03:36:53.090 [task-runner-1-44] [INFO ] q.lib.plugins.DetectionPluginTools - 2821 nuclei detected (processing time: 19.67 seconds)
2024-10-23 03:36:53 INFO: 03:36:53.090 [main] [INFO ] q.l.p.CommandLineTaskRunner$CommandLineProgressMonitor - 2821 nuclei detected (75%)
2024-10-23 03:36:53 INFO: 03:36:53.113 [task-runner-1-27] [INFO ] q.lib.plugins.DetectionPluginTools - 3755 nuclei detected (processing time: 22.48 seconds)
2024-10-23 03:36:53 INFO: 03:36:53.113 [main] [INFO ] q.l.p.CommandLineTaskRunner$CommandLineProgressMonitor - 3755 nuclei detected (76%)
2024-10-23 03:36:53 INFO: 03:36:53.219 [task-runner-1-8] [INFO ] q.lib.plugins.DetectionPluginTools - 1 nucleus detected (processing time: 6.17 seconds)
2024-10-23 03:36:53 INFO: 03:36:53.219 [main] [INFO ] q.l.p.CommandLineTaskRunner$CommandLineProgressMonitor - 1 nucleus detected (76%)
2024-10-23 03:36:53 INFO: 03:36:53.255 [task-runner-1-56] [INFO ] q.lib.plugins.DetectionPluginTools - 0 nuclei detected (processing time: 6.36 seconds)
2024-10-23 03:36:53 INFO: 03:36:53.255 [main] [INFO ] q.l.p.CommandLineTaskRunner$CommandLineProgressMonitor - 0 nuclei detected (77%)
2024-10-23 03:36:53 INFO: 03:36:53.338 [task-runner-1-59] [INFO ] q.lib.plugins.DetectionPluginTools - 2127 nuclei detected (processing time: 15.98 seconds)
2024-10-23 03:36:53 INFO: 03:36:53.338 [main] [INFO ] q.l.p.CommandLineTaskRunner$CommandLineProgressMonitor - 2127 nuclei detected (78%)
2024-10-23 03:36:53 INFO: 03:36:53.393 [task-runner-1-50] [INFO ] q.lib.plugins.DetectionPluginTools - 3529 nuclei detected (processing time: 22.38 seconds)
2024-10-23 03:36:53 INFO: 03:36:53.394 [main] [INFO ] q.l.p.CommandLineTaskRunner$CommandLineProgressMonitor - 3529 nuclei detected (78%)
2024-10-23 03:36:53 INFO: 03:36:53.587 [task-runner-1-42] [INFO ] q.lib.plugins.DetectionPluginTools - 1188 nuclei detected (processing time: 16.64 seconds)
2024-10-23 03:36:53 INFO: 03:36:53.587 [main] [INFO ] q.l.p.CommandLineTaskRunner$CommandLineProgressMonitor - 1188 nuclei detected (79%)
2024-10-23 03:36:53 INFO: 03:36:53.639 [task-runner-1-34] [INFO ] q.lib.plugins.DetectionPluginTools - 2953 nuclei detected (processing time: 20.20 seconds)
2024-10-23 03:36:53 INFO: 03:36:53.640 [main] [INFO ] q.l.p.CommandLineTaskRunner$CommandLineProgressMonitor - 2953 nuclei detected (79%)
2024-10-23 03:36:53 INFO: 03:36:53.695 [task-runner-1-35] [INFO ] q.lib.plugins.DetectionPluginTools - 2721 nuclei detected (processing time: 20.29 seconds)
2024-10-23 03:36:53 INFO: 03:36:53.696 [main] [INFO ] q.l.p.CommandLineTaskRunner$CommandLineProgressMonitor - 2721 nuclei detected (80%)
2024-10-23 03:36:53 INFO: 03:36:53.721 [task-runner-1-14] [INFO ] q.lib.plugins.DetectionPluginTools - 3523 nuclei detected (processing time: 23.09 seconds)
2024-10-23 03:36:53 INFO: 03:36:53.721 [main] [INFO ] q.l.p.CommandLineTaskRunner$CommandLineProgressMonitor - 3523 nuclei detected (81%)
2024-10-23 03:36:53 INFO: 03:36:53.778 [task-runner-1-30] [INFO ] q.lib.plugins.DetectionPluginTools - 4312 nuclei detected (processing time: 21.15 seconds)
2024-10-23 03:36:53 INFO: 03:36:53.778 [main] [INFO ] q.l.p.CommandLineTaskRunner$CommandLineProgressMonitor - 4312 nuclei detected (81%)
2024-10-23 03:36:53 INFO: 03:36:53.794 [task-runner-1-62] [INFO ] q.lib.plugins.DetectionPluginTools - 0 nuclei detected (processing time: 5.58 seconds)
2024-10-23 03:36:53 INFO: 03:36:53.794 [main] [INFO ] q.l.p.CommandLineTaskRunner$CommandLineProgressMonitor - 0 nuclei detected (82%)
2024-10-23 03:36:53 INFO: 03:36:53.801 [task-runner-1-54] [INFO ] q.lib.plugins.DetectionPluginTools - 0 nuclei detected (processing time: 5.99 seconds)
2024-10-23 03:36:53 INFO: 03:36:53.801 [main] [INFO ] q.l.p.CommandLineTaskRunner$CommandLineProgressMonitor - 0 nuclei detected (83%)
2024-10-23 03:36:53 INFO: 03:36:53.850 [task-runner-1-55] [INFO ] q.lib.plugins.DetectionPluginTools - 0 nuclei detected (processing time: 5.96 seconds)
2024-10-23 03:36:53 INFO: 03:36:53.855 [task-runner-1-3] [INFO ] q.lib.plugins.DetectionPluginTools - 3696 nuclei detected (processing time: 21.23 seconds)
2024-10-23 03:36:53 INFO: 03:36:53.855 [main] [INFO ] q.l.p.CommandLineTaskRunner$CommandLineProgressMonitor - 3696 nuclei detected (84%)
2024-10-23 03:36:53 INFO: 03:36:53.871 [task-runner-1-57] [INFO ] q.lib.plugins.DetectionPluginTools - 0 nuclei detected (processing time: 5.77 seconds)
2024-10-23 03:36:53 INFO: 03:36:53.871 [main] [INFO ] q.l.p.CommandLineTaskRunner$CommandLineProgressMonitor - 0 nuclei detected (84%)
2024-10-23 03:36:53 INFO: 03:36:53.877 [task-runner-1-49] [INFO ] q.lib.plugins.DetectionPluginTools - 0 nuclei detected (processing time: 6.27 seconds)
2024-10-23 03:36:53 INFO: 03:36:53.877 [main] [INFO ] q.l.p.CommandLineTaskRunner$CommandLineProgressMonitor - 0 nuclei detected (85%)
2024-10-23 03:36:53 INFO: 03:36:53.890 [task-runner-1-16] [INFO ] q.lib.plugins.DetectionPluginTools - 0 nuclei detected (processing time: 5.46 seconds)
2024-10-23 03:36:53 INFO: 03:36:53.890 [main] [INFO ] q.l.p.CommandLineTaskRunner$CommandLineProgressMonitor - 0 nuclei detected (86%)
2024-10-23 03:36:53 INFO: 03:36:53.937 [task-runner-1-37] [INFO ] q.lib.plugins.DetectionPluginTools - 0 nuclei detected (processing time: 6.83 seconds)
2024-10-23 03:36:53 INFO: 03:36:53.988 [task-runner-1-20] [INFO ] q.lib.plugins.DetectionPluginTools - 3825 nuclei detected (processing time: 20.32 seconds)
2024-10-23 03:36:53 INFO: 03:36:53.989 [main] [INFO ] q.l.p.CommandLineTaskRunner$CommandLineProgressMonitor - 3825 nuclei detected (87%)
2024-10-23 03:36:54 INFO: 03:36:54.018 [task-runner-1-13] [INFO ] q.lib.plugins.DetectionPluginTools - 2997 nuclei detected (processing time: 21.38 seconds)
2024-10-23 03:36:54 INFO: 03:36:54.018 [main] [INFO ] q.l.p.CommandLineTaskRunner$CommandLineProgressMonitor - 2997 nuclei detected (88%)
2024-10-23 03:36:54 INFO: 03:36:54.052 [task-runner-1-7] [INFO ] q.lib.plugins.DetectionPluginTools - 5530 nuclei detected (processing time: 23.42 seconds)
2024-10-23 03:36:54 INFO: 03:36:54.052 [main] [INFO ] q.l.p.CommandLineTaskRunner$CommandLineProgressMonitor - 5530 nuclei detected (88%)
2024-10-23 03:36:54 INFO: 03:36:54.152 [task-runner-1-51] [INFO ] q.lib.plugins.DetectionPluginTools - 3739 nuclei detected (processing time: 20.16 seconds)
2024-10-23 03:36:54 INFO: 03:36:54.152 [main] [INFO ] q.l.p.CommandLineTaskRunner$CommandLineProgressMonitor - 3739 nuclei detected (89%)
2024-10-23 03:36:54 INFO: 03:36:54.258 [task-runner-1-4] [INFO ] q.lib.plugins.DetectionPluginTools - 3116 nuclei detected (processing time: 16.49 seconds)
2024-10-23 03:36:54 INFO: 03:36:54.259 [main] [INFO ] q.l.p.CommandLineTaskRunner$CommandLineProgressMonitor - 3116 nuclei detected (89%)
2024-10-23 03:36:54 INFO: 03:36:54.297 [task-runner-1-15] [INFO ] q.lib.plugins.DetectionPluginTools - 3930 nuclei detected (processing time: 21.67 seconds)
2024-10-23 03:36:54 INFO: 03:36:54.297 [main] [INFO ] q.l.p.CommandLineTaskRunner$CommandLineProgressMonitor - 3930 nuclei detected (90%)
2024-10-23 03:36:54 INFO: 03:36:54.403 [task-runner-1-17] [INFO ] q.lib.plugins.DetectionPluginTools - 4606 nuclei detected (processing time: 21.78 seconds)
2024-10-23 03:36:54 INFO: 03:36:54.403 [task-runner-1-24] [INFO ] q.lib.plugins.DetectionPluginTools - 3767 nuclei detected (processing time: 20.38 seconds)
2024-10-23 03:36:54 INFO: 03:36:54.404 [main] [INFO ] q.l.p.CommandLineTaskRunner$CommandLineProgressMonitor - 4606 nuclei detected (91%)
2024-10-23 03:36:54 INFO: 03:36:54.404 [main] [INFO ] q.l.p.CommandLineTaskRunner$CommandLineProgressMonitor - 3767 nuclei detected (91%)
2024-10-23 03:36:54 INFO: 03:36:54.421 [task-runner-1-10] [INFO ] q.lib.plugins.DetectionPluginTools - 4385 nuclei detected (processing time: 23.79 seconds)
2024-10-23 03:36:54 INFO: 03:36:54.422 [main] [INFO ] q.l.p.CommandLineTaskRunner$CommandLineProgressMonitor - 4385 nuclei detected (92%)
2024-10-23 03:36:54 INFO: 03:36:54.638 [task-runner-1-63] [INFO ] q.lib.plugins.DetectionPluginTools - 2390 nuclei detected (processing time: 13.00 seconds)
2024-10-23 03:36:54 INFO: 03:36:54.638 [main] [INFO ] q.l.p.CommandLineTaskRunner$CommandLineProgressMonitor - 2390 nuclei detected (93%)
2024-10-23 03:36:54 INFO: 03:36:54.697 [task-runner-1-43] [INFO ] q.lib.plugins.DetectionPluginTools - 4129 nuclei detected (processing time: 20.47 seconds)
2024-10-23 03:36:54 INFO: 03:36:54.698 [main] [INFO ] q.l.p.CommandLineTaskRunner$CommandLineProgressMonitor - 4129 nuclei detected (93%)
2024-10-23 03:36:54 INFO: 03:36:54.715 [task-runner-1-25] [INFO ] q.lib.plugins.DetectionPluginTools - 3725 nuclei detected (processing time: 21.29 seconds)
2024-10-23 03:36:54 INFO: 03:36:54.716 [main] [INFO ] q.l.p.CommandLineTaskRunner$CommandLineProgressMonitor - 3725 nuclei detected (94%)
2024-10-23 03:36:54 INFO: 03:36:54.791 [task-runner-1-48] [INFO ] q.lib.plugins.DetectionPluginTools - 4283 nuclei detected (processing time: 22.17 seconds)
2024-10-23 03:36:54 INFO: 03:36:54.791 [main] [INFO ] q.l.p.CommandLineTaskRunner$CommandLineProgressMonitor - 4283 nuclei detected (94%)
2024-10-23 03:36:54 INFO: 03:36:54.858 [task-runner-1-6] [INFO ] q.lib.plugins.DetectionPluginTools - 2818 nuclei detected (processing time: 12.65 seconds)
2024-10-23 03:36:54 INFO: 03:36:54.858 [main] [INFO ] q.l.p.CommandLineTaskRunner$CommandLineProgressMonitor - 2818 nuclei detected (95%)
2024-10-23 03:36:55 INFO: 03:36:55.048 [task-runner-1-32] [INFO ] q.lib.plugins.DetectionPluginTools - 6751 nuclei detected (processing time: 24.42 seconds)
2024-10-23 03:36:55 INFO: 03:36:55.048 [main] [INFO ] q.l.p.CommandLineTaskRunner$CommandLineProgressMonitor - 6751 nuclei detected (96%)
2024-10-23 03:36:55 INFO: 03:36:55.185 [task-runner-1-23] [INFO ] q.lib.plugins.DetectionPluginTools - 4822 nuclei detected (processing time: 21.00 seconds)
2024-10-23 03:36:55 INFO: 03:36:55.186 [main] [INFO ] q.l.p.CommandLineTaskRunner$CommandLineProgressMonitor - 4822 nuclei detected (96%)
2024-10-23 03:36:55 INFO: 03:36:55.549 [task-runner-1-41] [INFO ] q.lib.plugins.DetectionPluginTools - 4041 nuclei detected (processing time: 17.53 seconds)
2024-10-23 03:36:55 INFO: 03:36:55.549 [main] [INFO ] q.l.p.CommandLineTaskRunner$CommandLineProgressMonitor - 4041 nuclei detected (97%)
2024-10-23 03:36:55 INFO: 03:36:55.624 [task-runner-1-22] [INFO ] q.lib.plugins.DetectionPluginTools - 5383 nuclei detected (processing time: 21.28 seconds)
2024-10-23 03:36:55 INFO: 03:36:55.625 [main] [INFO ] q.l.p.CommandLineTaskRunner$CommandLineProgressMonitor - 5383 nuclei detected (98%)
2024-10-23 03:36:56 INFO: 03:36:56.261 [task-runner-1-5] [INFO ] q.lib.plugins.DetectionPluginTools - 5310 nuclei detected (processing time: 18.22 seconds)
2024-10-23 03:36:56 INFO: 03:36:56.262 [main] [INFO ] q.l.p.CommandLineTaskRunner$CommandLineProgressMonitor - 5310 nuclei detected (98%)
2024-10-23 03:36:56 INFO: 03:36:56.316 [task-runner-1-12] [INFO ] q.lib.plugins.DetectionPluginTools - 4860 nuclei detected (processing time: 17.33 seconds)
2024-10-23 03:36:56 INFO: 03:36:56.317 [main] [INFO ] q.l.p.CommandLineTaskRunner$CommandLineProgressMonitor - 4860 nuclei detected (99%)
2024-10-23 03:36:56 INFO: 03:36:56.609 [task-runner-1-39] [INFO ] q.lib.plugins.DetectionPluginTools - 5810 nuclei detected (processing time: 17.84 seconds)
2024-10-23 03:36:56 INFO: 03:36:56.609 [main] [INFO ] q.l.p.CommandLineTaskRunner$CommandLineProgressMonitor - 5810 nuclei detected (99%)
2024-10-23 03:36:56 INFO: 03:36:56.725 [task-runner-1-45] [INFO ] q.lib.plugins.DetectionPluginTools - 5726 nuclei detected (processing time: 18.53 seconds)
2024-10-23 03:36:56 INFO: 03:36:56.726 [main] [INFO ] q.l.p.CommandLineTaskRunner$CommandLineProgressMonitor - 5726 nuclei detected (100%)
2024-10-23 03:36:56 INFO: 03:36:56.726 [main] [INFO ] q.l.p.CommandLineTaskRunner$CommandLineProgressMonitor - Processing complete in 40.58 seconds
2024-10-23 03:36:56 INFO: 03:36:56.726 [main] [INFO ] q.l.p.CommandLineTaskRunner$CommandLineProgressMonitor - Tasks completed!
2024-10-23 03:37:09 INFO: 03:37:09.378 [main] [WARN ] q.l.p.objects.SmoothFeaturesPlugin - Smoothing using annotations
2024-10-23 03:37:13 INFO: 03:37:13.701 [main] [INFO ] q.l.p.CommandLineTaskRunner$CommandLineProgressMonitor - Completed (100%)
2024-10-23 03:37:13 INFO: 03:37:13.702 [main] [INFO ] q.l.p.CommandLineTaskRunner$CommandLineProgressMonitor - Processing complete in 4.32 seconds
2024-10-23 03:37:13 INFO: 03:37:13.702 [main] [INFO ] q.l.p.CommandLineTaskRunner$CommandLineProgressMonitor - Tasks completed!
2024-10-23 03:37:13 INFO: 03:37:13.703 [main] [WARN ] q.l.p.objects.SmoothFeaturesPlugin - Smoothing using annotations
2024-10-23 03:37:19 INFO: 03:37:19.996 [main] [INFO ] q.l.p.CommandLineTaskRunner$CommandLineProgressMonitor - Completed (100%)
2024-10-23 03:37:19 INFO: 03:37:19.997 [main] [INFO ] q.l.p.CommandLineTaskRunner$CommandLineProgressMonitor - Processing complete in 6.29 seconds
2024-10-23 03:37:20 INFO: 03:37:19.997 [main] [INFO ] q.l.p.CommandLineTaskRunner$CommandLineProgressMonitor - Tasks completed!
2024-10-23 03:37:20 INFO: 03:37:19.998 [main] [WARN ] q.l.p.objects.SmoothFeaturesPlugin - Smoothing using annotations
2024-10-23 03:37:38 INFO: 03:37:38.072 [main] [INFO ] q.l.p.CommandLineTaskRunner$CommandLineProgressMonitor - Completed (100%)
2024-10-23 03:37:38 INFO: 03:37:38.072 [main] [INFO ] q.l.p.CommandLineTaskRunner$CommandLineProgressMonitor - Processing complete in 18.07 seconds
2024-10-23 03:37:38 INFO: 03:37:38.072 [main] [INFO ] q.l.p.CommandLineTaskRunner$CommandLineProgressMonitor - Tasks completed!
2024-10-23 03:37:38 INFO: 03:37:38.270 [task-runner-5-2] [INFO ] q.l.a.IntensityFeaturesPlugin - Splitting Rectangle (0, 0, 63784, 39311) into 40 tiles for intensity measurements
2024-10-23 03:37:38 INFO: 03:37:38.449 [main] [INFO ] q.l.p.CommandLineTaskRunner$CommandLineProgressMonitor - Completed (0%)
2024-10-23 03:37:39 INFO: 03:37:39.344 [main] [INFO ] q.l.p.CommandLineTaskRunner$CommandLineProgressMonitor - Completed (1%)
2024-10-23 03:37:39 INFO: 03:37:39.697 [main] [INFO ] q.l.p.CommandLineTaskRunner$CommandLineProgressMonitor - Completed (2%)
2024-10-23 03:37:39 INFO: 03:37:39.859 [main] [INFO ] q.l.p.CommandLineTaskRunner$CommandLineProgressMonitor - Completed (3%)
2024-10-23 03:37:39 INFO: 03:37:39.997 [main] [INFO ] q.l.p.CommandLineTaskRunner$CommandLineProgressMonitor - Completed (4%)
2024-10-23 03:37:40 INFO: 03:37:40.444 [main] [INFO ] q.l.p.CommandLineTaskRunner$CommandLineProgressMonitor - Completed (5%)
2024-10-23 03:37:40 INFO: 03:37:40.548 [main] [INFO ] q.l.p.CommandLineTaskRunner$CommandLineProgressMonitor - Completed (6%)
2024-10-23 03:37:40 INFO: 03:37:40.657 [main] [INFO ] q.l.p.CommandLineTaskRunner$CommandLineProgressMonitor - Completed (7%)
2024-10-23 03:37:40 INFO: 03:37:40.762 [main] [INFO ] q.l.p.CommandLineTaskRunner$CommandLineProgressMonitor - Completed (8%)
2024-10-23 03:37:41 INFO: 03:37:41.209 [main] [INFO ] q.l.p.CommandLineTaskRunner$CommandLineProgressMonitor - Completed (9%)
2024-10-23 03:37:41 INFO: 03:37:41.328 [main] [INFO ] q.l.p.CommandLineTaskRunner$CommandLineProgressMonitor - Completed (10%)
2024-10-23 03:37:41 INFO: 03:37:41.438 [main] [INFO ] q.l.p.CommandLineTaskRunner$CommandLineProgressMonitor - Completed (11%)
2024-10-23 03:37:41 INFO: 03:37:41.553 [main] [INFO ] q.l.p.CommandLineTaskRunner$CommandLineProgressMonitor - Completed (12%)
2024-10-23 03:37:41 INFO: 03:37:41.669 [main] [INFO ] q.l.p.CommandLineTaskRunner$CommandLineProgressMonitor - Completed (13%)
2024-10-23 03:37:42 INFO: 03:37:42.116 [main] [INFO ] q.l.p.CommandLineTaskRunner$CommandLineProgressMonitor - Completed (14%)
2024-10-23 03:37:42 INFO: 03:37:42.307 [main] [INFO ] q.l.p.CommandLineTaskRunner$CommandLineProgressMonitor - Completed (15%)
2024-10-23 03:37:42 INFO: 03:37:42.429 [main] [INFO ] q.l.p.CommandLineTaskRunner$CommandLineProgressMonitor - Completed (16%)
2024-10-23 03:37:42 INFO: 03:37:42.534 [main] [INFO ] q.l.p.CommandLineTaskRunner$CommandLineProgressMonitor - Completed (17%)
2024-10-23 03:37:42 INFO: 03:37:42.643 [main] [INFO ] q.l.p.CommandLineTaskRunner$CommandLineProgressMonitor - Completed (18%)
2024-10-23 03:37:43 INFO: 03:37:43.058 [main] [INFO ] q.l.p.CommandLineTaskRunner$CommandLineProgressMonitor - Completed (19%)
2024-10-23 03:37:43 INFO: 03:37:43.156 [main] [INFO ] q.l.p.CommandLineTaskRunner$CommandLineProgressMonitor - Completed (20%)
2024-10-23 03:37:43 INFO: 03:37:43.265 [main] [INFO ] q.l.p.CommandLineTaskRunner$CommandLineProgressMonitor - Completed (21%)
2024-10-23 03:37:43 INFO: 03:37:43.372 [main] [INFO ] q.l.p.CommandLineTaskRunner$CommandLineProgressMonitor - Completed (22%)
2024-10-23 03:37:43 INFO: 03:37:43.475 [main] [INFO ] q.l.p.CommandLineTaskRunner$CommandLineProgressMonitor - Completed (23%)
2024-10-23 03:37:43 INFO: 03:37:43.581 [main] [INFO ] q.l.p.CommandLineTaskRunner$CommandLineProgressMonitor - Completed (24%)
2024-10-23 03:37:44 INFO: 03:37:44.219 [main] [INFO ] q.l.p.CommandLineTaskRunner$CommandLineProgressMonitor - Completed (25%)
2024-10-23 03:37:44 INFO: 03:37:44.320 [main] [INFO ] q.l.p.CommandLineTaskRunner$CommandLineProgressMonitor - Completed (26%)
2024-10-23 03:37:44 INFO: 03:37:44.443 [main] [INFO ] q.l.p.CommandLineTaskRunner$CommandLineProgressMonitor - Completed (27%)
2024-10-23 03:37:44 INFO: 03:37:44.552 [main] [INFO ] q.l.p.CommandLineTaskRunner$CommandLineProgressMonitor - Completed (28%)
2024-10-23 03:37:44 INFO: 03:37:44.703 [main] [INFO ] q.l.p.CommandLineTaskRunner$CommandLineProgressMonitor - Completed (29%)
2024-10-23 03:37:45 INFO: 03:37:45.114 [main] [INFO ] q.l.p.CommandLineTaskRunner$CommandLineProgressMonitor - Completed (30%)
2024-10-23 03:37:45 INFO: 03:37:45.216 [main] [INFO ] q.l.p.CommandLineTaskRunner$CommandLineProgressMonitor - Completed (31%)
2024-10-23 03:37:45 INFO: 03:37:45.309 [main] [INFO ] q.l.p.CommandLineTaskRunner$CommandLineProgressMonitor - Completed (32%)
2024-10-23 03:37:45 INFO: 03:37:45.431 [main] [INFO ] q.l.p.CommandLineTaskRunner$CommandLineProgressMonitor - Completed (33%)
2024-10-23 03:37:45 INFO: 03:37:45.544 [main] [INFO ] q.l.p.CommandLineTaskRunner$CommandLineProgressMonitor - Completed (34%)
2024-10-23 03:37:45 INFO: 03:37:45.896 [main] [INFO ] q.l.p.CommandLineTaskRunner$CommandLineProgressMonitor - Completed (35%)
2024-10-23 03:37:46 INFO: 03:37:46.003 [main] [INFO ] q.l.p.CommandLineTaskRunner$CommandLineProgressMonitor - Completed (36%)
2024-10-23 03:37:46 INFO: 03:37:46.117 [main] [INFO ] q.l.p.CommandLineTaskRunner$CommandLineProgressMonitor - Completed (37%)
2024-10-23 03:37:46 INFO: 03:37:46.227 [main] [INFO ] q.l.p.CommandLineTaskRunner$CommandLineProgressMonitor - Completed (38%)
2024-10-23 03:37:46 INFO: 03:37:46.335 [main] [INFO ] q.l.p.CommandLineTaskRunner$CommandLineProgressMonitor - Completed (39%)
2024-10-23 03:37:46 INFO: 03:37:46.447 [main] [INFO ] q.l.p.CommandLineTaskRunner$CommandLineProgressMonitor - Completed (40%)
2024-10-23 03:37:46 INFO: 03:37:46.549 [main] [INFO ] q.l.p.CommandLineTaskRunner$CommandLineProgressMonitor - Completed (41%)
2024-10-23 03:37:46 INFO: 03:37:46.669 [main] [INFO ] q.l.p.CommandLineTaskRunner$CommandLineProgressMonitor - Completed (42%)
2024-10-23 03:37:46 INFO: 03:37:46.772 [main] [INFO ] q.l.p.CommandLineTaskRunner$CommandLineProgressMonitor - Completed (43%)
2024-10-23 03:37:46 INFO: 03:37:46.883 [main] [INFO ] q.l.p.CommandLineTaskRunner$CommandLineProgressMonitor - Completed (44%)
2024-10-23 03:37:46 INFO: 03:37:46.992 [main] [INFO ] q.l.p.CommandLineTaskRunner$CommandLineProgressMonitor - Completed (45%)
2024-10-23 03:37:47 INFO: 03:37:47.122 [main] [INFO ] q.l.p.CommandLineTaskRunner$CommandLineProgressMonitor - Completed (46%)
2024-10-23 03:37:47 INFO: 03:37:47.254 [main] [INFO ] q.l.p.CommandLineTaskRunner$CommandLineProgressMonitor - Completed (47%)
2024-10-23 03:37:47 INFO: 03:37:47.409 [main] [INFO ] q.l.p.CommandLineTaskRunner$CommandLineProgressMonitor - Completed (48%)
2024-10-23 03:37:47 INFO: 03:37:47.508 [main] [INFO ] q.l.p.CommandLineTaskRunner$CommandLineProgressMonitor - Completed (49%)
2024-10-23 03:37:47 INFO: 03:37:47.613 [main] [INFO ] q.l.p.CommandLineTaskRunner$CommandLineProgressMonitor - Completed (50%)
2024-10-23 03:37:47 INFO: 03:37:47.716 [main] [INFO ] q.l.p.CommandLineTaskRunner$CommandLineProgressMonitor - Completed (51%)
2024-10-23 03:37:47 INFO: 03:37:47.827 [main] [INFO ] q.l.p.CommandLineTaskRunner$CommandLineProgressMonitor - Completed (52%)
2024-10-23 03:37:47 INFO: 03:37:47.928 [main] [INFO ] q.l.p.CommandLineTaskRunner$CommandLineProgressMonitor - Completed (53%)
2024-10-23 03:37:48 INFO: 03:37:48.028 [main] [INFO ] q.l.p.CommandLineTaskRunner$CommandLineProgressMonitor - Completed (54%)
2024-10-23 03:37:48 INFO: 03:37:48.133 [main] [INFO ] q.l.p.CommandLineTaskRunner$CommandLineProgressMonitor - Completed (55%)
2024-10-23 03:37:48 INFO: 03:37:48.238 [main] [INFO ] q.l.p.CommandLineTaskRunner$CommandLineProgressMonitor - Completed (56%)
2024-10-23 03:37:48 INFO: 03:37:48.337 [main] [INFO ] q.l.p.CommandLineTaskRunner$CommandLineProgressMonitor - Completed (57%)
2024-10-23 03:37:48 INFO: 03:37:48.458 [main] [INFO ] q.l.p.CommandLineTaskRunner$CommandLineProgressMonitor - Completed (58%)
2024-10-23 03:37:48 INFO: 03:37:48.558 [main] [INFO ] q.l.p.CommandLineTaskRunner$CommandLineProgressMonitor - Completed (59%)
2024-10-23 03:37:48 INFO: 03:37:48.665 [main] [INFO ] q.l.p.CommandLineTaskRunner$CommandLineProgressMonitor - Completed (60%)
2024-10-23 03:37:48 INFO: 03:37:48.780 [main] [INFO ] q.l.p.CommandLineTaskRunner$CommandLineProgressMonitor - Completed (61%)
2024-10-23 03:37:48 INFO: 03:37:48.899 [main] [INFO ] q.l.p.CommandLineTaskRunner$CommandLineProgressMonitor - Completed (62%)
2024-10-23 03:37:49 INFO: 03:37:49.029 [main] [INFO ] q.l.p.CommandLineTaskRunner$CommandLineProgressMonitor - Completed (63%)
2024-10-23 03:37:49 INFO: 03:37:49.236 [main] [INFO ] q.l.p.CommandLineTaskRunner$CommandLineProgressMonitor - Completed (64%)
2024-10-23 03:37:49 INFO: 03:37:49.402 [main] [INFO ] q.l.p.CommandLineTaskRunner$CommandLineProgressMonitor - Completed (65%)
2024-10-23 03:37:49 INFO: 03:37:49.556 [main] [INFO ] q.l.p.CommandLineTaskRunner$CommandLineProgressMonitor - Completed (66%)
2024-10-23 03:37:49 INFO: 03:37:49.718 [main] [INFO ] q.l.p.CommandLineTaskRunner$CommandLineProgressMonitor - Completed (67%)
2024-10-23 03:37:49 INFO: 03:37:49.873 [main] [INFO ] q.l.p.CommandLineTaskRunner$CommandLineProgressMonitor - Completed (68%)
2024-10-23 03:37:50 INFO: 03:37:50.029 [main] [INFO ] q.l.p.CommandLineTaskRunner$CommandLineProgressMonitor - Completed (69%)
2024-10-23 03:37:50 INFO: 03:37:50.142 [main] [INFO ] q.l.p.CommandLineTaskRunner$CommandLineProgressMonitor - Completed (70%)
2024-10-23 03:37:50 INFO: 03:37:50.286 [main] [INFO ] q.l.p.CommandLineTaskRunner$CommandLineProgressMonitor - Completed (71%)
2024-10-23 03:37:50 INFO: 03:37:50.489 [main] [INFO ] q.l.p.CommandLineTaskRunner$CommandLineProgressMonitor - Completed (72%)
2024-10-23 03:37:50 INFO: 03:37:50.649 [main] [INFO ] q.l.p.CommandLineTaskRunner$CommandLineProgressMonitor - Completed (73%)
2024-10-23 03:37:50 INFO: 03:37:50.789 [main] [INFO ] q.l.p.CommandLineTaskRunner$CommandLineProgressMonitor - Completed (74%)
2024-10-23 03:37:50 INFO: 03:37:50.947 [main] [INFO ] q.l.p.CommandLineTaskRunner$CommandLineProgressMonitor - Completed (75%)
2024-10-23 03:37:51 INFO: 03:37:51.087 [main] [INFO ] q.l.p.CommandLineTaskRunner$CommandLineProgressMonitor - Completed (76%)
2024-10-23 03:37:51 INFO: 03:37:51.248 [main] [INFO ] q.l.p.CommandLineTaskRunner$CommandLineProgressMonitor - Completed (77%)
2024-10-23 03:37:51 INFO: 03:37:51.384 [main] [INFO ] q.l.p.CommandLineTaskRunner$CommandLineProgressMonitor - Completed (78%)
2024-10-23 03:37:51 INFO: 03:37:51.481 [main] [INFO ] q.l.p.CommandLineTaskRunner$CommandLineProgressMonitor - Completed (79%)
2024-10-23 03:37:51 INFO: 03:37:51.627 [main] [INFO ] q.l.p.CommandLineTaskRunner$CommandLineProgressMonitor - Completed (80%)
2024-10-23 03:37:51 INFO: 03:37:51.756 [main] [INFO ] q.l.p.CommandLineTaskRunner$CommandLineProgressMonitor - Completed (81%)
2024-10-23 03:37:51 INFO: 03:37:51.908 [main] [INFO ] q.l.p.CommandLineTaskRunner$CommandLineProgressMonitor - Completed (82%)
2024-10-23 03:37:52 INFO: 03:37:52.046 [main] [INFO ] q.l.p.CommandLineTaskRunner$CommandLineProgressMonitor - Completed (83%)
2024-10-23 03:37:52 INFO: 03:37:52.213 [main] [INFO ] q.l.p.CommandLineTaskRunner$CommandLineProgressMonitor - Completed (84%)
2024-10-23 03:37:52 INFO: 03:37:52.361 [main] [INFO ] q.l.p.CommandLineTaskRunner$CommandLineProgressMonitor - Completed (85%)
2024-10-23 03:37:52 INFO: 03:37:52.503 [main] [INFO ] q.l.p.CommandLineTaskRunner$CommandLineProgressMonitor - Completed (86%)
2024-10-23 03:37:52 INFO: 03:37:52.655 [main] [INFO ] q.l.p.CommandLineTaskRunner$CommandLineProgressMonitor - Completed (87%)
2024-10-23 03:37:52 INFO: 03:37:52.809 [main] [INFO ] q.l.p.CommandLineTaskRunner$CommandLineProgressMonitor - Completed (88%)
2024-10-23 03:37:52 INFO: 03:37:52.958 [main] [INFO ] q.l.p.CommandLineTaskRunner$CommandLineProgressMonitor - Completed (89%)
2024-10-23 03:37:53 INFO: 03:37:53.179 [main] [INFO ] q.l.p.CommandLineTaskRunner$CommandLineProgressMonitor - Completed (90%)
2024-10-23 03:37:53 INFO: 03:37:53.274 [main] [INFO ] q.l.p.CommandLineTaskRunner$CommandLineProgressMonitor - Completed (91%)
2024-10-23 03:37:53 INFO: 03:37:53.367 [main] [INFO ] q.l.p.CommandLineTaskRunner$CommandLineProgressMonitor - Completed (92%)
2024-10-23 03:37:53 INFO: 03:37:53.465 [main] [INFO ] q.l.p.CommandLineTaskRunner$CommandLineProgressMonitor - Completed (93%)
2024-10-23 03:37:53 INFO: 03:37:53.565 [main] [INFO ] q.l.p.CommandLineTaskRunner$CommandLineProgressMonitor - Completed (94%)
2024-10-23 03:37:53 INFO: 03:37:53.663 [main] [INFO ] q.l.p.CommandLineTaskRunner$CommandLineProgressMonitor - Completed (95%)
2024-10-23 03:37:53 INFO: 03:37:53.754 [main] [INFO ] q.l.p.CommandLineTaskRunner$CommandLineProgressMonitor - Completed (96%)
2024-10-23 03:37:53 INFO: 03:37:53.858 [main] [INFO ] q.l.p.CommandLineTaskRunner$CommandLineProgressMonitor - Completed (97%)
2024-10-23 03:37:53 INFO: 03:37:53.974 [main] [INFO ] q.l.p.CommandLineTaskRunner$CommandLineProgressMonitor - Completed (98%)
2024-10-23 03:37:54 INFO: 03:37:54.078 [main] [INFO ] q.l.p.CommandLineTaskRunner$CommandLineProgressMonitor - Completed (99%)
2024-10-23 03:37:54 INFO: 03:37:54.190 [main] [INFO ] q.l.p.CommandLineTaskRunner$CommandLineProgressMonitor - Completed (100%)
2024-10-23 03:38:53 INFO: 03:38:53.473 [main] [INFO ] q.l.p.CommandLineTaskRunner$CommandLineProgressMonitor - Completed (100%)
2024-10-23 03:38:53 INFO: 03:38:53.474 [main] [INFO ] q.l.p.CommandLineTaskRunner$CommandLineProgressMonitor - Processing complete in 75.22 seconds
2024-10-23 03:38:53 INFO: 03:38:53.474 [main] [INFO ] q.l.p.CommandLineTaskRunner$CommandLineProgressMonitor - Tasks completed!
2024-10-23 03:40:55 INFO: 03:40:55.069 [task-runner-6-1] [WARN ] q.o.features.DelaunayTriangulation - Some objects have missing measurements! Statistics will calculated only for objects with measurements available.
2024-10-23 03:40:55 INFO: 03:40:55.070 [task-runner-6-1] [WARN ] q.o.features.DelaunayTriangulation - Missing measurements: [ROI: 1.00 m per pixel: Residual: Haralick Correlation (F2), ROI: 1.00 m per pixel: Residual: Haralick Information measure of correlation 1 (F11), ROI: 1.00 m per pixel: Residual: Haralick Information measure of correlation 2 (F12)]
2024-10-23 03:40:55 INFO: 03:40:55.091 [main] [INFO ] q.l.p.CommandLineTaskRunner$CommandLineProgressMonitor - Delaunay triangulation calculated for Annotation (203139 objects) (100%)
2024-10-23 03:40:55 INFO: 03:40:55.091 [main] [INFO ] q.l.p.CommandLineTaskRunner$CommandLineProgressMonitor - Processing complete in 121.57 seconds
2024-10-23 03:40:55 INFO: 03:40:55.092 [main] [INFO ] q.l.p.CommandLineTaskRunner$CommandLineProgressMonitor - Tasks completed!
2024-10-23 03:43:12 INFO: TCGA-GI-A2C8-01Z-00-DX1.09BD8AC9-645A-4C8B-9B36-77D833BDBA09
2024-10-23 03:43:12 INFO: QuPath subprocess completed.
2024-10-23 03:43:23 INFO: QuPath image extraction completed successfully. Output directory: /home/ilants/Documents/jupyter_test/single_image_multiple_params/exp_maxAreaMicrons_90.0
2024-10-23 03:43:23 INFO: Summary table saved to: /home/ilants/Documents/jupyter_test/single_image_multiple_params/exp_maxAreaMicrons_90.0/Summary_Table.csv
2024-10-23 03:43:23 INFO: Experiment completed successfully.
