2024-10-22 22:31:52 INFO: Starting experiment with for threshold with value of 0.05
2024-10-22 22:31:52 INFO: Running with the following configuration:
{'detectionImageBrightfield': 'Hematoxylin OD', 'requestedPixelSizeMicrons': 0.5, 'backgroundRadiusMicrons': 4.0, 'backgroundByReconstruction': True, 'medianRadiusMicrons': 0.0, 'sigmaMicrons': 1.5, 'minAreaMicrons': 10.0, 'maxAreaMicrons': 80.0, 'threshold': 0.05, 'maxBackground': 2.0, 'watershedPostProcess': True, 'cellExpansionMicrons': 5.0, 'includeNuclei': True, 'smoothBoundaries': True, 'makeMeasurements': True, 'backgroundRadiusPixel': 8.0, 'cellExpansionPixel': 10.0, 'medianRadiusPixel': 0.0, 'minAreaPixel': 20.0, 'maxAreaPixel': 160.0}
2024-10-22 22:31:52 INFO: Starting QuPath image extraction with the following parameters: image_dir=/home/ilants/Documents/jupyter_test, output_dir=/home/ilants/Documents/jupyter_test/single_image_multiple_params/exp_threshold_0.05, image_type=svs, groovy_script=/home/ilants/Documents/utls/nucleus_detection_wargs.groovy, config_file=/home/ilants/Documents/jupyter_test/single_image_multiple_params/exp_threshold_0.05/cfg.json, program_path=/home/ilants/Documents/QuPath-v0.5.1-Linux/QuPath/bin/QuPath
2024-10-22 22:31:53 INFO: 22:31:53.151 [main] [INFO ] qupath.lib.gui.prefs.PathPrefs - Setting default Locale to en_US
2024-10-22 22:31:53 INFO: 22:31:53.154 [main] [INFO ] qupath.lib.gui.prefs.PathPrefs - Setting Locale for FORMAT to en_US
2024-10-22 22:31:53 INFO: 22:31:53.154 [main] [INFO ] qupath.lib.gui.prefs.PathPrefs - Setting Locale for DISPLAY to en_US
2024-10-22 22:31:53 INFO: 22:31:53.168 [main] [INFO ] qupath.lib.common.ThreadTools - Setting parallelism to 63
2024-10-22 22:31:53 INFO: 22:31:53.187 [main] [INFO ] qupath.ScriptCommand - Setting tile cache size to 32200.00 MB (25.0% max memory)
2024-10-22 22:31:53 INFO: 22:31:53.241 [main] [INFO ] qupath.lib.scripting.QP - Initializing type adapters
2024-10-22 22:31:53 INFO: Warning: Versions of org.bytedeco:javacpp:1.5.9 and org.bytedeco:opencv:4.6.0-1.5.8 do not match.
2024-10-22 22:31:53 INFO: Warning: Versions of org.bytedeco:javacpp:1.5.9 and org.bytedeco:openblas:0.3.21-1.5.8 do not match.
2024-10-22 22:31:54 INFO: project parameters are: {"detectionImageBrightfield": "Hematoxylin OD","requestedPixelSizeMicrons": 0.5,"backgroundRadiusMicrons": 4.0,"backgroundByReconstruction": true,"medianRadiusMicrons": 0.0,"sigmaMicrons": 1.5,"minAreaMicrons": 10.0,"maxAreaMicrons": 80.0,"threshold": 0.05,"maxBackground": 2.0,"watershedPostProcess": true,"cellExpansionMicrons": 5.0,"includeNuclei": true,"smoothBoundaries": true,"makeMeasurements": true,"backgroundRadiusPixel": 8.0,"cellExpansionPixel": 10.0,"medianRadiusPixel": 0.0,"minAreaPixel": 20.0,"maxAreaPixel": 160.0}
2024-10-22 22:31:54 INFO: New project created at: /home/ilants/Documents/jupyter_test/single_image_multiple_params/exp_threshold_0.05/QPProject
2024-10-22 22:31:54 INFO: Added: /home/ilants/Documents/jupyter_test/TCGA-GI-A2C8-01Z-00-DX1.09BD8AC9-645A-4C8B-9B36-77D833BDBA09.svs
2024-10-22 22:31:54 INFO: /home/ilants/Documents/jupyter_test/TCGA-GI-A2C8-01Z-00-DX1.09BD8AC9-645A-4C8B-9B36-77D833BDBA09.svs
2024-10-22 22:31:55 INFO: 22:31:55.206 [main] [INFO ] q.l.i.s.b.BioFormatsServerOptions - Setting max Bio-Formats readers to 32
2024-10-22 22:31:55 INFO: UriImageSupport (class qupath.lib.images.servers.bioformats.BioFormatsServerBuilder) support=3.0, builders=1
2024-10-22 22:31:55 INFO: true
2024-10-22 22:31:55 INFO: 22:31:55.855 [main] [WARN ] qupath.lib.scripting.QP - createSelectAllObject(boolean) is deprecated, use createFullImageAnnotation(boolean) instead
2024-10-22 22:31:55 INFO: 22:31:55.855 [main] [WARN ] qupath.lib.scripting.QP - createSelectAllObject(boolean, int, int) is deprecated, use createFullImageAnnotation(boolean, int, int) instead
2024-10-22 22:31:55 INFO: 22:31:55.865 [main] [WARN ] q.l.plugins.parameters.ParameterList - Unable to set parameter backgroundRadiusPixel with value 8.0
2024-10-22 22:31:55 INFO: 22:31:55.865 [main] [WARN ] q.l.plugins.parameters.ParameterList - Unable to set parameter cellExpansionPixel with value 10.0
2024-10-22 22:31:55 INFO: 22:31:55.865 [main] [WARN ] q.l.plugins.parameters.ParameterList - Unable to set parameter medianRadiusPixel with value 0.0
2024-10-22 22:31:55 INFO: 22:31:55.865 [main] [WARN ] q.l.plugins.parameters.ParameterList - Unable to set parameter minAreaPixel with value 20.0
2024-10-22 22:31:55 INFO: 22:31:55.865 [main] [WARN ] q.l.plugins.parameters.ParameterList - Unable to set parameter maxAreaPixel with value 160.0
2024-10-22 22:32:08 INFO: 22:32:08.472 [task-runner-1-12] [INFO ] q.lib.plugins.DetectionPluginTools - 0 nuclei detected (processing time: 12.48 seconds)
2024-10-22 22:32:08 INFO: 22:32:08.474 [task-runner-1-16] [INFO ] q.lib.plugins.DetectionPluginTools - 0 nuclei detected (processing time: 12.48 seconds)
2024-10-22 22:32:08 INFO: 22:32:08.485 [main] [INFO ] q.l.p.CommandLineTaskRunner$CommandLineProgressMonitor - 0 nuclei detected (1%)
2024-10-22 22:32:08 INFO: 22:32:08.480 [task-runner-1-3] [INFO ] q.lib.plugins.DetectionPluginTools - 0 nuclei detected (processing time: 12.49 seconds)
2024-10-22 22:32:08 INFO: 22:32:08.498 [main] [INFO ] q.l.p.CommandLineTaskRunner$CommandLineProgressMonitor - 0 nuclei detected (2%)
2024-10-22 22:32:09 INFO: 22:32:09.143 [task-runner-1-9] [INFO ] q.lib.plugins.DetectionPluginTools - 1 nucleus detected (processing time: 13.15 seconds)
2024-10-22 22:32:09 INFO: 22:32:09.144 [main] [INFO ] q.l.p.CommandLineTaskRunner$CommandLineProgressMonitor - 1 nucleus detected (3%)
2024-10-22 22:32:11 INFO: 22:32:11.772 [task-runner-1-27] [INFO ] q.lib.plugins.DetectionPluginTools - 1 nucleus detected (processing time: 15.78 seconds)
2024-10-22 22:32:11 INFO: 22:32:11.772 [task-runner-1-4] [INFO ] q.lib.plugins.DetectionPluginTools - 1 nucleus detected (processing time: 15.78 seconds)
2024-10-22 22:32:11 INFO: 22:32:11.772 [main] [INFO ] q.l.p.CommandLineTaskRunner$CommandLineProgressMonitor - 1 nucleus detected (4%)
2024-10-22 22:32:11 INFO: 22:32:11.776 [task-runner-1-8] [INFO ] q.lib.plugins.DetectionPluginTools - 2 nuclei detected (processing time: 15.79 seconds)
2024-10-22 22:32:11 INFO: 22:32:11.777 [main] [INFO ] q.l.p.CommandLineTaskRunner$CommandLineProgressMonitor - 2 nuclei detected (4%)
2024-10-22 22:32:11 INFO: 22:32:11.796 [task-runner-1-17] [INFO ] q.lib.plugins.DetectionPluginTools - 8 nuclei detected (processing time: 15.81 seconds)
2024-10-22 22:32:11 INFO: 22:32:11.796 [task-runner-1-29] [INFO ] q.lib.plugins.DetectionPluginTools - 8 nuclei detected (processing time: 15.80 seconds)
2024-10-22 22:32:11 INFO: 22:32:11.797 [main] [INFO ] q.l.p.CommandLineTaskRunner$CommandLineProgressMonitor - 8 nuclei detected (5%)
2024-10-22 22:32:11 INFO: 22:32:11.797 [main] [INFO ] q.l.p.CommandLineTaskRunner$CommandLineProgressMonitor - 8 nuclei detected (6%)
2024-10-22 22:32:11 INFO: 22:32:11.797 [task-runner-1-2] [INFO ] q.lib.plugins.DetectionPluginTools - 4 nuclei detected (processing time: 15.81 seconds)
2024-10-22 22:32:11 INFO: 22:32:11.798 [main] [INFO ] q.l.p.CommandLineTaskRunner$CommandLineProgressMonitor - 4 nuclei detected (6%)
2024-10-22 22:32:11 INFO: 22:32:11.800 [task-runner-1-48] [INFO ] q.lib.plugins.DetectionPluginTools - 2 nuclei detected (processing time: 15.80 seconds)
2024-10-22 22:32:11 INFO: 22:32:11.801 [main] [INFO ] q.l.p.CommandLineTaskRunner$CommandLineProgressMonitor - 2 nuclei detected (7%)
2024-10-22 22:32:11 INFO: 22:32:11.800 [task-runner-1-10] [INFO ] q.lib.plugins.DetectionPluginTools - 1 nucleus detected (processing time: 15.81 seconds)
2024-10-22 22:32:11 INFO: 22:32:11.803 [main] [INFO ] q.l.p.CommandLineTaskRunner$CommandLineProgressMonitor - 1 nucleus detected (8%)
2024-10-22 22:32:11 INFO: 22:32:11.816 [task-runner-1-1] [INFO ] q.lib.plugins.DetectionPluginTools - 2 nuclei detected (processing time: 15.83 seconds)
2024-10-22 22:32:11 INFO: 22:32:11.817 [main] [INFO ] q.l.p.CommandLineTaskRunner$CommandLineProgressMonitor - 2 nuclei detected (8%)
2024-10-22 22:32:11 INFO: 22:32:11.819 [task-runner-1-7] [INFO ] q.lib.plugins.DetectionPluginTools - 2 nuclei detected (processing time: 15.83 seconds)
2024-10-22 22:32:11 INFO: 22:32:11.820 [main] [INFO ] q.l.p.CommandLineTaskRunner$CommandLineProgressMonitor - 2 nuclei detected (9%)
2024-10-22 22:32:11 INFO: 22:32:11.827 [task-runner-1-32] [INFO ] q.lib.plugins.DetectionPluginTools - 1 nucleus detected (processing time: 15.83 seconds)
2024-10-22 22:32:11 INFO: 22:32:11.828 [main] [INFO ] q.l.p.CommandLineTaskRunner$CommandLineProgressMonitor - 1 nucleus detected (9%)
2024-10-22 22:32:11 INFO: 22:32:11.829 [task-runner-1-15] [INFO ] q.lib.plugins.DetectionPluginTools - 4 nuclei detected (processing time: 15.84 seconds)
2024-10-22 22:32:11 INFO: 22:32:11.830 [main] [INFO ] q.l.p.CommandLineTaskRunner$CommandLineProgressMonitor - 4 nuclei detected (10%)
2024-10-22 22:32:11 INFO: 22:32:11.832 [task-runner-1-30] [INFO ] q.lib.plugins.DetectionPluginTools - 5 nuclei detected (processing time: 15.84 seconds)
2024-10-22 22:32:11 INFO: 22:32:11.832 [main] [INFO ] q.l.p.CommandLineTaskRunner$CommandLineProgressMonitor - 5 nuclei detected (11%)
2024-10-22 22:32:11 INFO: 22:32:11.838 [task-runner-1-13] [INFO ] q.lib.plugins.DetectionPluginTools - 19 nuclei detected (processing time: 15.85 seconds)
2024-10-22 22:32:11 INFO: 22:32:11.839 [main] [INFO ] q.l.p.CommandLineTaskRunner$CommandLineProgressMonitor - 19 nuclei detected (11%)
2024-10-22 22:32:11 INFO: 22:32:11.847 [task-runner-1-11] [INFO ] q.lib.plugins.DetectionPluginTools - 2 nuclei detected (processing time: 15.86 seconds)
2024-10-22 22:32:11 INFO: 22:32:11.848 [main] [INFO ] q.l.p.CommandLineTaskRunner$CommandLineProgressMonitor - 2 nuclei detected (12%)
2024-10-22 22:32:11 INFO: 22:32:11.879 [task-runner-1-47] [INFO ] q.lib.plugins.DetectionPluginTools - 13 nuclei detected (processing time: 15.88 seconds)
2024-10-22 22:32:11 INFO: 22:32:11.880 [task-runner-1-28] [INFO ] q.lib.plugins.DetectionPluginTools - 44 nuclei detected (processing time: 15.89 seconds)
2024-10-22 22:32:11 INFO: 22:32:11.880 [main] [INFO ] q.l.p.CommandLineTaskRunner$CommandLineProgressMonitor - 13 nuclei detected (13%)
2024-10-22 22:32:11 INFO: 22:32:11.880 [main] [INFO ] q.l.p.CommandLineTaskRunner$CommandLineProgressMonitor - 44 nuclei detected (13%)
2024-10-22 22:32:11 INFO: 22:32:11.892 [task-runner-1-14] [INFO ] q.lib.plugins.DetectionPluginTools - 10 nuclei detected (processing time: 15.90 seconds)
2024-10-22 22:32:11 INFO: 22:32:11.894 [main] [INFO ] q.l.p.CommandLineTaskRunner$CommandLineProgressMonitor - 10 nuclei detected (14%)
2024-10-22 22:32:11 INFO: 22:32:11.899 [task-runner-1-6] [INFO ] q.lib.plugins.DetectionPluginTools - 26 nuclei detected (processing time: 15.91 seconds)
2024-10-22 22:32:11 INFO: 22:32:11.900 [main] [INFO ] q.l.p.CommandLineTaskRunner$CommandLineProgressMonitor - 26 nuclei detected (14%)
2024-10-22 22:32:11 INFO: 22:32:11.911 [task-runner-1-31] [INFO ] q.lib.plugins.DetectionPluginTools - 23 nuclei detected (processing time: 15.92 seconds)
2024-10-22 22:32:11 INFO: 22:32:11.912 [main] [INFO ] q.l.p.CommandLineTaskRunner$CommandLineProgressMonitor - 23 nuclei detected (15%)
2024-10-22 22:32:11 INFO: 22:32:11.991 [task-runner-1-26] [INFO ] q.lib.plugins.DetectionPluginTools - 80 nuclei detected (processing time: 16.00 seconds)
2024-10-22 22:32:12 INFO: 22:32:11.992 [main] [INFO ] q.l.p.CommandLineTaskRunner$CommandLineProgressMonitor - 80 nuclei detected (16%)
2024-10-22 22:32:12 INFO: 22:32:12.059 [task-runner-1-46] [INFO ] q.lib.plugins.DetectionPluginTools - 121 nuclei detected (processing time: 16.06 seconds)
2024-10-22 22:32:12 INFO: 22:32:12.061 [main] [INFO ] q.l.p.CommandLineTaskRunner$CommandLineProgressMonitor - 121 nuclei detected (16%)
2024-10-22 22:32:12 INFO: 22:32:12.059 [task-runner-1-5] [INFO ] q.lib.plugins.DetectionPluginTools - 113 nuclei detected (processing time: 16.07 seconds)
2024-10-22 22:32:12 INFO: 22:32:12.062 [main] [INFO ] q.l.p.CommandLineTaskRunner$CommandLineProgressMonitor - 113 nuclei detected (17%)
2024-10-22 22:32:12 INFO: 22:32:12.393 [task-runner-1-49] [INFO ] q.lib.plugins.DetectionPluginTools - 275 nuclei detected (processing time: 16.40 seconds)
2024-10-22 22:32:12 INFO: 22:32:12.394 [main] [INFO ] q.l.p.CommandLineTaskRunner$CommandLineProgressMonitor - 275 nuclei detected (18%)
2024-10-22 22:32:12 INFO: 22:32:12.489 [task-runner-1-33] [INFO ] q.lib.plugins.DetectionPluginTools - 345 nuclei detected (processing time: 16.50 seconds)
2024-10-22 22:32:12 INFO: 22:32:12.491 [main] [INFO ] q.l.p.CommandLineTaskRunner$CommandLineProgressMonitor - 345 nuclei detected (18%)
2024-10-22 22:32:12 INFO: 22:32:12.517 [task-runner-1-45] [INFO ] q.lib.plugins.DetectionPluginTools - 311 nuclei detected (processing time: 16.52 seconds)
2024-10-22 22:32:12 INFO: 22:32:12.518 [main] [INFO ] q.l.p.CommandLineTaskRunner$CommandLineProgressMonitor - 311 nuclei detected (19%)
2024-10-22 22:32:12 INFO: 22:32:12.696 [task-runner-1-63] [INFO ] q.lib.plugins.DetectionPluginTools - 402 nuclei detected (processing time: 16.70 seconds)
2024-10-22 22:32:12 INFO: 22:32:12.703 [main] [INFO ] q.l.p.CommandLineTaskRunner$CommandLineProgressMonitor - 402 nuclei detected (19%)
2024-10-22 22:32:12 INFO: 22:32:12.712 [task-runner-1-19] [INFO ] q.lib.plugins.DetectionPluginTools - 419 nuclei detected (processing time: 16.72 seconds)
2024-10-22 22:32:12 INFO: 22:32:12.713 [main] [INFO ] q.l.p.CommandLineTaskRunner$CommandLineProgressMonitor - 419 nuclei detected (20%)
2024-10-22 22:32:12 INFO: 22:32:12.776 [task-runner-1-18] [INFO ] q.lib.plugins.DetectionPluginTools - 435 nuclei detected (processing time: 16.79 seconds)
2024-10-22 22:32:12 INFO: 22:32:12.784 [main] [INFO ] q.l.p.CommandLineTaskRunner$CommandLineProgressMonitor - 435 nuclei detected (21%)
2024-10-22 22:32:12 INFO: 22:32:12.924 [task-runner-1-62] [INFO ] q.lib.plugins.DetectionPluginTools - 607 nuclei detected (processing time: 16.93 seconds)
2024-10-22 22:32:12 INFO: 22:32:12.927 [main] [INFO ] q.l.p.CommandLineTaskRunner$CommandLineProgressMonitor - 607 nuclei detected (21%)
2024-10-22 22:32:12 INFO: 22:32:12.970 [task-runner-1-50] [INFO ] q.lib.plugins.DetectionPluginTools - 721 nuclei detected (processing time: 16.97 seconds)
2024-10-22 22:32:12 INFO: 22:32:12.972 [main] [INFO ] q.l.p.CommandLineTaskRunner$CommandLineProgressMonitor - 721 nuclei detected (22%)
2024-10-22 22:32:12 INFO: 22:32:12.973 [task-runner-1-25] [INFO ] q.lib.plugins.DetectionPluginTools - 681 nuclei detected (processing time: 16.98 seconds)
2024-10-22 22:32:12 INFO: 22:32:12.973 [main] [INFO ] q.l.p.CommandLineTaskRunner$CommandLineProgressMonitor - 681 nuclei detected (23%)
2024-10-22 22:32:12 INFO: 22:32:12.983 [task-runner-1-35] [INFO ] q.lib.plugins.DetectionPluginTools - 711 nuclei detected (processing time: 16.99 seconds)
2024-10-22 22:32:12 INFO: 22:32:12.985 [main] [INFO ] q.l.p.CommandLineTaskRunner$CommandLineProgressMonitor - 711 nuclei detected (23%)
2024-10-22 22:32:13 INFO: 22:32:13.000 [task-runner-1-34] [INFO ] q.lib.plugins.DetectionPluginTools - 740 nuclei detected (processing time: 17.01 seconds)
2024-10-22 22:32:13 INFO: 22:32:13.001 [main] [INFO ] q.l.p.CommandLineTaskRunner$CommandLineProgressMonitor - 740 nuclei detected (24%)
2024-10-22 22:32:13 INFO: 22:32:13.011 [task-runner-1-61] [INFO ] q.lib.plugins.DetectionPluginTools - 667 nuclei detected (processing time: 17.01 seconds)
2024-10-22 22:32:13 INFO: 22:32:13.012 [main] [INFO ] q.l.p.CommandLineTaskRunner$CommandLineProgressMonitor - 667 nuclei detected (24%)
2024-10-22 22:32:13 INFO: 22:32:13.017 [task-runner-1-44] [INFO ] q.lib.plugins.DetectionPluginTools - 809 nuclei detected (processing time: 17.02 seconds)
2024-10-22 22:32:13 INFO: 22:32:13.018 [main] [INFO ] q.l.p.CommandLineTaskRunner$CommandLineProgressMonitor - 809 nuclei detected (25%)
2024-10-22 22:32:13 INFO: 22:32:13.030 [task-runner-1-20] [INFO ] q.lib.plugins.DetectionPluginTools - 974 nuclei detected (processing time: 17.04 seconds)
2024-10-22 22:32:13 INFO: 22:32:13.030 [main] [INFO ] q.l.p.CommandLineTaskRunner$CommandLineProgressMonitor - 974 nuclei detected (26%)
2024-10-22 22:32:13 INFO: 22:32:13.276 [task-runner-1-24] [INFO ] q.lib.plugins.DetectionPluginTools - 1544 nuclei detected (processing time: 17.28 seconds)
2024-10-22 22:32:13 INFO: 22:32:13.278 [main] [INFO ] q.l.p.CommandLineTaskRunner$CommandLineProgressMonitor - 1544 nuclei detected (26%)
2024-10-22 22:32:13 INFO: 22:32:13.292 [task-runner-1-51] [INFO ] q.lib.plugins.DetectionPluginTools - 1645 nuclei detected (processing time: 17.30 seconds)
2024-10-22 22:32:13 INFO: 22:32:13.293 [main] [INFO ] q.l.p.CommandLineTaskRunner$CommandLineProgressMonitor - 1645 nuclei detected (27%)
2024-10-22 22:32:13 INFO: 22:32:13.367 [task-runner-1-23] [INFO ] q.lib.plugins.DetectionPluginTools - 1661 nuclei detected (processing time: 17.38 seconds)
2024-10-22 22:32:13 INFO: 22:32:13.368 [main] [INFO ] q.l.p.CommandLineTaskRunner$CommandLineProgressMonitor - 1661 nuclei detected (28%)
2024-10-22 22:32:13 INFO: 22:32:13.370 [task-runner-1-43] [INFO ] q.lib.plugins.DetectionPluginTools - 1723 nuclei detected (processing time: 17.37 seconds)
2024-10-22 22:32:13 INFO: 22:32:13.372 [main] [INFO ] q.l.p.CommandLineTaskRunner$CommandLineProgressMonitor - 1723 nuclei detected (28%)
2024-10-22 22:32:13 INFO: 22:32:13.409 [task-runner-1-22] [INFO ] q.lib.plugins.DetectionPluginTools - 1913 nuclei detected (processing time: 17.42 seconds)
2024-10-22 22:32:13 INFO: 22:32:13.411 [main] [INFO ] q.l.p.CommandLineTaskRunner$CommandLineProgressMonitor - 1913 nuclei detected (29%)
2024-10-22 22:32:13 INFO: 22:32:13.425 [task-runner-1-60] [INFO ] q.lib.plugins.DetectionPluginTools - 2064 nuclei detected (processing time: 17.43 seconds)
2024-10-22 22:32:13 INFO: 22:32:13.427 [main] [INFO ] q.l.p.CommandLineTaskRunner$CommandLineProgressMonitor - 2064 nuclei detected (29%)
2024-10-22 22:32:14 INFO: 22:32:14.528 [task-runner-1-16] [INFO ] q.lib.plugins.DetectionPluginTools - 1 nucleus detected (processing time: 6.04 seconds)
2024-10-22 22:32:14 INFO: 22:32:14.530 [main] [INFO ] q.l.p.CommandLineTaskRunner$CommandLineProgressMonitor - 1 nucleus detected (30%)
2024-10-22 22:32:15 INFO: 22:32:15.585 [task-runner-1-21] [INFO ] q.lib.plugins.DetectionPluginTools - 4334 nuclei detected (processing time: 19.59 seconds)
2024-10-22 22:32:15 INFO: 22:32:15.593 [main] [INFO ] q.l.p.CommandLineTaskRunner$CommandLineProgressMonitor - 4334 nuclei detected (31%)
2024-10-22 22:32:16 INFO: 22:32:16.273 [task-runner-1-3] [INFO ] q.lib.plugins.DetectionPluginTools - 223 nuclei detected (processing time: 7.78 seconds)
2024-10-22 22:32:16 INFO: 22:32:16.275 [main] [INFO ] q.l.p.CommandLineTaskRunner$CommandLineProgressMonitor - 223 nuclei detected (31%)
2024-10-22 22:32:16 INFO: 22:32:16.621 [task-runner-1-12] [INFO ] q.lib.plugins.DetectionPluginTools - 687 nuclei detected (processing time: 8.13 seconds)
2024-10-22 22:32:16 INFO: 22:32:16.622 [main] [INFO ] q.l.p.CommandLineTaskRunner$CommandLineProgressMonitor - 687 nuclei detected (32%)
2024-10-22 22:32:17 INFO: 22:32:17.184 [task-runner-1-36] [INFO ] q.lib.plugins.DetectionPluginTools - 3307 nuclei detected (processing time: 21.19 seconds)
2024-10-22 22:32:17 INFO: 22:32:17.185 [main] [INFO ] q.l.p.CommandLineTaskRunner$CommandLineProgressMonitor - 3307 nuclei detected (33%)
2024-10-22 22:32:17 INFO: 22:32:17.694 [task-runner-1-42] [INFO ] q.lib.plugins.DetectionPluginTools - 3858 nuclei detected (processing time: 21.70 seconds)
2024-10-22 22:32:17 INFO: 22:32:17.696 [main] [INFO ] q.l.p.CommandLineTaskRunner$CommandLineProgressMonitor - 3858 nuclei detected (33%)
2024-10-22 22:32:17 INFO: 22:32:17.883 [task-runner-1-30] [INFO ] q.lib.plugins.DetectionPluginTools - 0 nuclei detected (processing time: 6.05 seconds)
2024-10-22 22:32:17 INFO: 22:32:17.884 [main] [INFO ] q.l.p.CommandLineTaskRunner$CommandLineProgressMonitor - 0 nuclei detected (34%)
2024-10-22 22:32:18 INFO: 22:32:18.309 [task-runner-1-59] [INFO ] q.lib.plugins.DetectionPluginTools - 4037 nuclei detected (processing time: 22.31 seconds)
2024-10-22 22:32:18 INFO: 22:32:18.310 [main] [INFO ] q.l.p.CommandLineTaskRunner$CommandLineProgressMonitor - 4037 nuclei detected (34%)
2024-10-22 22:32:18 INFO: 22:32:18.314 [task-runner-1-52] [INFO ] q.lib.plugins.DetectionPluginTools - 4071 nuclei detected (processing time: 22.32 seconds)
2024-10-22 22:32:18 INFO: 22:32:18.317 [main] [INFO ] q.l.p.CommandLineTaskRunner$CommandLineProgressMonitor - 4071 nuclei detected (35%)
2024-10-22 22:32:18 INFO: 22:32:18.420 [task-runner-1-40] [INFO ] q.lib.plugins.DetectionPluginTools - 3499 nuclei detected (processing time: 22.43 seconds)
2024-10-22 22:32:18 INFO: 22:32:18.422 [main] [INFO ] q.l.p.CommandLineTaskRunner$CommandLineProgressMonitor - 3499 nuclei detected (36%)
2024-10-22 22:32:19 INFO: 22:32:19.096 [task-runner-1-11] [INFO ] q.lib.plugins.DetectionPluginTools - 400 nuclei detected (processing time: 7.25 seconds)
2024-10-22 22:32:19 INFO: 22:32:19.098 [main] [INFO ] q.l.p.CommandLineTaskRunner$CommandLineProgressMonitor - 400 nuclei detected (36%)
2024-10-22 22:32:19 INFO: 22:32:19.560 [task-runner-1-58] [INFO ] q.lib.plugins.DetectionPluginTools - 3974 nuclei detected (processing time: 23.56 seconds)
2024-10-22 22:32:19 INFO: 22:32:19.561 [main] [INFO ] q.l.p.CommandLineTaskRunner$CommandLineProgressMonitor - 3974 nuclei detected (37%)
2024-10-22 22:32:19 INFO: 22:32:19.609 [task-runner-1-9] [INFO ] q.lib.plugins.DetectionPluginTools - 1017 nuclei detected (processing time: 10.47 seconds)
2024-10-22 22:32:19 INFO: 22:32:19.611 [main] [INFO ] q.l.p.CommandLineTaskRunner$CommandLineProgressMonitor - 1017 nuclei detected (38%)
2024-10-22 22:32:19 INFO: 22:32:19.621 [task-runner-1-13] [INFO ] q.lib.plugins.DetectionPluginTools - 211 nuclei detected (processing time: 7.78 seconds)
2024-10-22 22:32:19 INFO: 22:32:19.622 [main] [INFO ] q.l.p.CommandLineTaskRunner$CommandLineProgressMonitor - 211 nuclei detected (38%)
2024-10-22 22:32:19 INFO: 22:32:19.735 [task-runner-1-39] [INFO ] q.lib.plugins.DetectionPluginTools - 4189 nuclei detected (processing time: 23.74 seconds)
2024-10-22 22:32:19 INFO: 22:32:19.738 [main] [INFO ] q.l.p.CommandLineTaskRunner$CommandLineProgressMonitor - 4189 nuclei detected (39%)
2024-10-22 22:32:19 INFO: 22:32:19.795 [task-runner-1-41] [INFO ] q.lib.plugins.DetectionPluginTools - 3749 nuclei detected (processing time: 23.80 seconds)
2024-10-22 22:32:19 INFO: 22:32:19.796 [main] [INFO ] q.l.p.CommandLineTaskRunner$CommandLineProgressMonitor - 3749 nuclei detected (39%)
2024-10-22 22:32:19 INFO: 22:32:19.982 [task-runner-1-19] [INFO ] q.lib.plugins.DetectionPluginTools - 318 nuclei detected (processing time: 7.27 seconds)
2024-10-22 22:32:19 INFO: 22:32:19.985 [main] [INFO ] q.l.p.CommandLineTaskRunner$CommandLineProgressMonitor - 318 nuclei detected (40%)
2024-10-22 22:32:20 INFO: 22:32:20.063 [task-runner-1-18] [INFO ] q.lib.plugins.DetectionPluginTools - 3 nuclei detected (processing time: 7.28 seconds)
2024-10-22 22:32:20 INFO: 22:32:20.065 [main] [INFO ] q.l.p.CommandLineTaskRunner$CommandLineProgressMonitor - 3 nuclei detected (41%)
2024-10-22 22:32:20 INFO: 22:32:20.471 [task-runner-1-38] [INFO ] q.lib.plugins.DetectionPluginTools - 4933 nuclei detected (processing time: 24.48 seconds)
2024-10-22 22:32:20 INFO: 22:32:20.475 [main] [INFO ] q.l.p.CommandLineTaskRunner$CommandLineProgressMonitor - 4933 nuclei detected (41%)
2024-10-22 22:32:20 INFO: 22:32:20.648 [task-runner-1-15] [INFO ] q.lib.plugins.DetectionPluginTools - 658 nuclei detected (processing time: 8.82 seconds)
2024-10-22 22:32:20 INFO: 22:32:20.649 [main] [INFO ] q.l.p.CommandLineTaskRunner$CommandLineProgressMonitor - 658 nuclei detected (42%)
2024-10-22 22:32:20 INFO: 22:32:20.923 [task-runner-1-37] [INFO ] q.lib.plugins.DetectionPluginTools - 6044 nuclei detected (processing time: 24.93 seconds)
2024-10-22 22:32:20 INFO: 22:32:20.924 [main] [INFO ] q.l.p.CommandLineTaskRunner$CommandLineProgressMonitor - 6044 nuclei detected (43%)
2024-10-22 22:32:21 INFO: 22:32:21.501 [task-runner-1-16] [INFO ] q.lib.plugins.DetectionPluginTools - 82 nuclei detected (processing time: 6.97 seconds)
2024-10-22 22:32:21 INFO: 22:32:21.503 [main] [INFO ] q.l.p.CommandLineTaskRunner$CommandLineProgressMonitor - 82 nuclei detected (43%)
2024-10-22 22:32:21 INFO: 22:32:21.569 [task-runner-1-62] [INFO ] q.lib.plugins.DetectionPluginTools - 272 nuclei detected (processing time: 8.64 seconds)
2024-10-22 22:32:21 INFO: 22:32:21.571 [main] [INFO ] q.l.p.CommandLineTaskRunner$CommandLineProgressMonitor - 272 nuclei detected (44%)
2024-10-22 22:32:21 INFO: 22:32:21.699 [task-runner-1-57] [INFO ] q.lib.plugins.DetectionPluginTools - 4573 nuclei detected (processing time: 25.70 seconds)
2024-10-22 22:32:21 INFO: 22:32:21.701 [main] [INFO ] q.l.p.CommandLineTaskRunner$CommandLineProgressMonitor - 4573 nuclei detected (44%)
2024-10-22 22:32:21 INFO: 22:32:21.935 [task-runner-1-55] [INFO ] q.lib.plugins.DetectionPluginTools - 4970 nuclei detected (processing time: 25.94 seconds)
2024-10-22 22:32:21 INFO: 22:32:21.936 [main] [INFO ] q.l.p.CommandLineTaskRunner$CommandLineProgressMonitor - 4970 nuclei detected (45%)
2024-10-22 22:32:21 INFO: 22:32:21.996 [task-runner-1-50] [INFO ] q.lib.plugins.DetectionPluginTools - 337 nuclei detected (processing time: 9.02 seconds)
2024-10-22 22:32:22 INFO: 22:32:21.999 [main] [INFO ] q.l.p.CommandLineTaskRunner$CommandLineProgressMonitor - 337 nuclei detected (46%)
2024-10-22 22:32:22 INFO: 22:32:22.244 [task-runner-1-21] [INFO ] q.lib.plugins.DetectionPluginTools - 1 nucleus detected (processing time: 6.65 seconds)
2024-10-22 22:32:22 INFO: 22:32:22.248 [main] [INFO ] q.l.p.CommandLineTaskRunner$CommandLineProgressMonitor - 1 nucleus detected (46%)
2024-10-22 22:32:22 INFO: 22:32:22.271 [task-runner-1-28] [INFO ] q.lib.plugins.DetectionPluginTools - 1413 nuclei detected (processing time: 10.39 seconds)
2024-10-22 22:32:22 INFO: 22:32:22.275 [task-runner-1-56] [INFO ] q.lib.plugins.DetectionPluginTools - 5423 nuclei detected (processing time: 26.28 seconds)
2024-10-22 22:32:22 INFO: 22:32:22.276 [main] [INFO ] q.l.p.CommandLineTaskRunner$CommandLineProgressMonitor - 5423 nuclei detected (47%)
2024-10-22 22:32:22 INFO: 22:32:22.280 [main] [INFO ] q.l.p.CommandLineTaskRunner$CommandLineProgressMonitor - 1413 nuclei detected (48%)
2024-10-22 22:32:22 INFO: 22:32:22.411 [task-runner-1-25] [INFO ] q.lib.plugins.DetectionPluginTools - 618 nuclei detected (processing time: 9.44 seconds)
2024-10-22 22:32:22 INFO: 22:32:22.414 [main] [INFO ] q.l.p.CommandLineTaskRunner$CommandLineProgressMonitor - 618 nuclei detected (48%)
2024-10-22 22:32:22 INFO: 22:32:22.607 [task-runner-1-54] [INFO ] q.lib.plugins.DetectionPluginTools - 6241 nuclei detected (processing time: 26.61 seconds)
2024-10-22 22:32:22 INFO: 22:32:22.610 [main] [INFO ] q.l.p.CommandLineTaskRunner$CommandLineProgressMonitor - 6241 nuclei detected (49%)
2024-10-22 22:32:23 INFO: 22:32:23.188 [task-runner-1-53] [INFO ] q.lib.plugins.DetectionPluginTools - 7367 nuclei detected (processing time: 27.19 seconds)
2024-10-22 22:32:23 INFO: 22:32:23.189 [main] [INFO ] q.l.p.CommandLineTaskRunner$CommandLineProgressMonitor - 7367 nuclei detected (49%)
2024-10-22 22:32:24 INFO: 22:32:24.430 [task-runner-1-3] [INFO ] q.lib.plugins.DetectionPluginTools - 540 nuclei detected (processing time: 8.15 seconds)
2024-10-22 22:32:24 INFO: 22:32:24.432 [main] [INFO ] q.l.p.CommandLineTaskRunner$CommandLineProgressMonitor - 540 nuclei detected (50%)
2024-10-22 22:32:24 INFO: 22:32:24.500 [task-runner-1-32] [INFO ] q.lib.plugins.DetectionPluginTools - 1500 nuclei detected (processing time: 12.67 seconds)
2024-10-22 22:32:24 INFO: 22:32:24.504 [main] [INFO ] q.l.p.CommandLineTaskRunner$CommandLineProgressMonitor - 1500 nuclei detected (51%)
2024-10-22 22:32:24 INFO: 22:32:24.954 [task-runner-1-12] [INFO ] q.lib.plugins.DetectionPluginTools - 572 nuclei detected (processing time: 8.33 seconds)
2024-10-22 22:32:24 INFO: 22:32:24.955 [main] [INFO ] q.l.p.CommandLineTaskRunner$CommandLineProgressMonitor - 572 nuclei detected (51%)
2024-10-22 22:32:25 INFO: 22:32:25.559 [task-runner-1-63] [INFO ] q.lib.plugins.DetectionPluginTools - 1704 nuclei detected (processing time: 12.86 seconds)
2024-10-22 22:32:25 INFO: 22:32:25.561 [main] [INFO ] q.l.p.CommandLineTaskRunner$CommandLineProgressMonitor - 1704 nuclei detected (52%)
2024-10-22 22:32:25 INFO: 22:32:25.905 [task-runner-1-19] [INFO ] q.lib.plugins.DetectionPluginTools - 0 nuclei detected (processing time: 5.92 seconds)
2024-10-22 22:32:25 INFO: 22:32:25.909 [main] [INFO ] q.l.p.CommandLineTaskRunner$CommandLineProgressMonitor - 0 nuclei detected (53%)
2024-10-22 22:32:26 INFO: 22:32:26.109 [task-runner-1-7] [INFO ] q.lib.plugins.DetectionPluginTools - 2564 nuclei detected (processing time: 14.29 seconds)
2024-10-22 22:32:26 INFO: 22:32:26.111 [main] [INFO ] q.l.p.CommandLineTaskRunner$CommandLineProgressMonitor - 2564 nuclei detected (53%)
2024-10-22 22:32:26 INFO: 22:32:26.505 [task-runner-1-18] [INFO ] q.lib.plugins.DetectionPluginTools - 1 nucleus detected (processing time: 6.44 seconds)
2024-10-22 22:32:26 INFO: 22:32:26.507 [main] [INFO ] q.l.p.CommandLineTaskRunner$CommandLineProgressMonitor - 1 nucleus detected (54%)
2024-10-22 22:32:27 INFO: 22:32:27.159 [task-runner-1-38] [INFO ] q.lib.plugins.DetectionPluginTools - 148 nuclei detected (processing time: 6.68 seconds)
2024-10-22 22:32:27 INFO: 22:32:27.162 [main] [INFO ] q.l.p.CommandLineTaskRunner$CommandLineProgressMonitor - 148 nuclei detected (54%)
2024-10-22 22:32:27 INFO: 22:32:27.582 [task-runner-1-62] [INFO ] q.lib.plugins.DetectionPluginTools - 39 nuclei detected (processing time: 6.01 seconds)
2024-10-22 22:32:27 INFO: 22:32:27.586 [main] [INFO ] q.l.p.CommandLineTaskRunner$CommandLineProgressMonitor - 39 nuclei detected (55%)
2024-10-22 22:32:27 INFO: 22:32:27.655 [task-runner-1-16] [INFO ] q.lib.plugins.DetectionPluginTools - 13 nuclei detected (processing time: 6.15 seconds)
2024-10-22 22:32:27 INFO: 22:32:27.657 [main] [INFO ] q.l.p.CommandLineTaskRunner$CommandLineProgressMonitor - 13 nuclei detected (56%)
2024-10-22 22:32:28 INFO: 22:32:28.090 [task-runner-1-37] [INFO ] q.lib.plugins.DetectionPluginTools - 172 nuclei detected (processing time: 7.16 seconds)
2024-10-22 22:32:28 INFO: 22:32:28.092 [main] [INFO ] q.l.p.CommandLineTaskRunner$CommandLineProgressMonitor - 172 nuclei detected (56%)
2024-10-22 22:32:28 INFO: 22:32:28.101 [task-runner-1-15] [INFO ] q.lib.plugins.DetectionPluginTools - 130 nuclei detected (processing time: 7.45 seconds)
2024-10-22 22:32:28 INFO: 22:32:28.105 [main] [INFO ] q.l.p.CommandLineTaskRunner$CommandLineProgressMonitor - 130 nuclei detected (57%)
2024-10-22 22:32:28 INFO: 22:32:28.173 [task-runner-1-57] [INFO ] q.lib.plugins.DetectionPluginTools - 2 nuclei detected (processing time: 6.47 seconds)
2024-10-22 22:32:28 INFO: 22:32:28.175 [main] [INFO ] q.l.p.CommandLineTaskRunner$CommandLineProgressMonitor - 2 nuclei detected (57%)
2024-10-22 22:32:28 INFO: 22:32:28.415 [task-runner-1-55] [INFO ] q.lib.plugins.DetectionPluginTools - 0 nuclei detected (processing time: 6.48 seconds)
2024-10-22 22:32:28 INFO: 22:32:28.416 [main] [INFO ] q.l.p.CommandLineTaskRunner$CommandLineProgressMonitor - 0 nuclei detected (58%)
2024-10-22 22:32:28 INFO: 22:32:28.573 [task-runner-1-21] [INFO ] q.lib.plugins.DetectionPluginTools - 36 nuclei detected (processing time: 6.32 seconds)
2024-10-22 22:32:28 INFO: 22:32:28.578 [main] [INFO ] q.l.p.CommandLineTaskRunner$CommandLineProgressMonitor - 36 nuclei detected (59%)
2024-10-22 22:32:28 INFO: 22:32:28.772 [task-runner-1-50] [INFO ] q.lib.plugins.DetectionPluginTools - 0 nuclei detected (processing time: 6.77 seconds)
2024-10-22 22:32:28 INFO: 22:32:28.775 [main] [INFO ] q.l.p.CommandLineTaskRunner$CommandLineProgressMonitor - 0 nuclei detected (59%)
2024-10-22 22:32:29 INFO: 22:32:29.358 [task-runner-1-41] [INFO ] q.lib.plugins.DetectionPluginTools - 1503 nuclei detected (processing time: 9.56 seconds)
2024-10-22 22:32:29 INFO: 22:32:29.360 [main] [INFO ] q.l.p.CommandLineTaskRunner$CommandLineProgressMonitor - 1503 nuclei detected (60%)
2024-10-22 22:32:29 INFO: 22:32:29.405 [task-runner-1-56] [INFO ] q.lib.plugins.DetectionPluginTools - 441 nuclei detected (processing time: 7.13 seconds)
2024-10-22 22:32:29 INFO: 22:32:29.406 [main] [INFO ] q.l.p.CommandLineTaskRunner$CommandLineProgressMonitor - 441 nuclei detected (61%)
2024-10-22 22:32:29 INFO: 22:32:29.583 [task-runner-1-36] [INFO ] q.lib.plugins.DetectionPluginTools - 888 nuclei detected (processing time: 12.40 seconds)
2024-10-22 22:32:29 INFO: 22:32:29.588 [main] [INFO ] q.l.p.CommandLineTaskRunner$CommandLineProgressMonitor - 888 nuclei detected (61%)
2024-10-22 22:32:29 INFO: 22:32:29.890 [task-runner-1-53] [INFO ] q.lib.plugins.DetectionPluginTools - 1 nucleus detected (processing time: 6.70 seconds)
2024-10-22 22:32:29 INFO: 22:32:29.892 [main] [INFO ] q.l.p.CommandLineTaskRunner$CommandLineProgressMonitor - 1 nucleus detected (62%)
2024-10-22 22:32:30 INFO: 22:32:30.768 [task-runner-1-32] [INFO ] q.lib.plugins.DetectionPluginTools - 1 nucleus detected (processing time: 6.26 seconds)
2024-10-22 22:32:30 INFO: 22:32:30.770 [main] [INFO ] q.l.p.CommandLineTaskRunner$CommandLineProgressMonitor - 1 nucleus detected (63%)
2024-10-22 22:32:30 INFO: 22:32:30.790 [task-runner-1-63] [INFO ] q.lib.plugins.DetectionPluginTools - 1 nucleus detected (processing time: 5.22 seconds)
2024-10-22 22:32:30 INFO: 22:32:30.846 [task-runner-1-60] [INFO ] q.lib.plugins.DetectionPluginTools - 3265 nuclei detected (processing time: 17.42 seconds)
2024-10-22 22:32:30 INFO: 22:32:30.848 [main] [INFO ] q.l.p.CommandLineTaskRunner$CommandLineProgressMonitor - 3265 nuclei detected (64%)
2024-10-22 22:32:30 INFO: 22:32:30.864 [task-runner-1-3] [INFO ] q.lib.plugins.DetectionPluginTools - 0 nuclei detected (processing time: 6.43 seconds)
2024-10-22 22:32:30 INFO: 22:32:30.865 [main] [INFO ] q.l.p.CommandLineTaskRunner$CommandLineProgressMonitor - 0 nuclei detected (64%)
2024-10-22 22:32:31 INFO: 22:32:31.165 [task-runner-1-12] [INFO ] q.lib.plugins.DetectionPluginTools - 22 nuclei detected (processing time: 6.21 seconds)
2024-10-22 22:32:31 INFO: 22:32:31.166 [main] [INFO ] q.l.p.CommandLineTaskRunner$CommandLineProgressMonitor - 22 nuclei detected (65%)
2024-10-22 22:32:32 INFO: 22:32:32.166 [task-runner-1-19] [INFO ] q.lib.plugins.DetectionPluginTools - 1 nucleus detected (processing time: 6.26 seconds)
2024-10-22 22:32:32 INFO: 22:32:32.170 [main] [INFO ] q.l.p.CommandLineTaskRunner$CommandLineProgressMonitor - 1 nucleus detected (66%)
2024-10-22 22:32:32 INFO: 22:32:32.233 [task-runner-1-7] [INFO ] q.lib.plugins.DetectionPluginTools - 2 nuclei detected (processing time: 6.12 seconds)
2024-10-22 22:32:32 INFO: 22:32:32.235 [main] [INFO ] q.l.p.CommandLineTaskRunner$CommandLineProgressMonitor - 2 nuclei detected (66%)
2024-10-22 22:32:32 INFO: 22:32:32.431 [task-runner-1-27] [INFO ] q.lib.plugins.DetectionPluginTools - 4102 nuclei detected (processing time: 20.66 seconds)
2024-10-22 22:32:32 INFO: 22:32:32.437 [main] [INFO ] q.l.p.CommandLineTaskRunner$CommandLineProgressMonitor - 4102 nuclei detected (67%)
2024-10-22 22:32:32 INFO: 22:32:32.993 [task-runner-1-18] [INFO ] q.lib.plugins.DetectionPluginTools - 4 nuclei detected (processing time: 6.49 seconds)
2024-10-22 22:32:32 INFO: 22:32:32.995 [main] [INFO ] q.l.p.CommandLineTaskRunner$CommandLineProgressMonitor - 4 nuclei detected (68%)
2024-10-22 22:32:33 INFO: 22:32:33.211 [task-runner-1-38] [INFO ] q.lib.plugins.DetectionPluginTools - 0 nuclei detected (processing time: 6.05 seconds)
2024-10-22 22:32:33 INFO: 22:32:33.211 [main] [INFO ] q.l.p.CommandLineTaskRunner$CommandLineProgressMonitor - 0 nuclei detected (68%)
2024-10-22 22:32:33 INFO: 22:32:33.392 [task-runner-1-16] [INFO ] q.lib.plugins.DetectionPluginTools - 2 nuclei detected (processing time: 5.74 seconds)
2024-10-22 22:32:33 INFO: 22:32:33.393 [main] [INFO ] q.l.p.CommandLineTaskRunner$CommandLineProgressMonitor - 2 nuclei detected (69%)
2024-10-22 22:32:33 INFO: 22:32:33.422 [task-runner-1-28] [INFO ] q.lib.plugins.DetectionPluginTools - 1930 nuclei detected (processing time: 11.14 seconds)
2024-10-22 22:32:33 INFO: 22:32:33.422 [main] [INFO ] q.l.p.CommandLineTaskRunner$CommandLineProgressMonitor - 1930 nuclei detected (69%)
2024-10-22 22:32:33 INFO: 22:32:33.658 [task-runner-1-57] [INFO ] q.lib.plugins.DetectionPluginTools - 0 nuclei detected (processing time: 5.48 seconds)
2024-10-22 22:32:33 INFO: 22:32:33.659 [main] [INFO ] q.l.p.CommandLineTaskRunner$CommandLineProgressMonitor - 0 nuclei detected (70%)
2024-10-22 22:32:33 INFO: 22:32:33.685 [task-runner-1-50] [INFO ] q.lib.plugins.DetectionPluginTools - 0 nuclei detected (processing time: 4.91 seconds)
2024-10-22 22:32:33 INFO: 22:32:33.686 [main] [INFO ] q.l.p.CommandLineTaskRunner$CommandLineProgressMonitor - 0 nuclei detected (71%)
2024-10-22 22:32:33 INFO: 22:32:33.696 [task-runner-1-62] [INFO ] q.lib.plugins.DetectionPluginTools - 3 nuclei detected (processing time: 6.11 seconds)
2024-10-22 22:32:33 INFO: 22:32:33.696 [main] [INFO ] q.l.p.CommandLineTaskRunner$CommandLineProgressMonitor - 3 nuclei detected (71%)
2024-10-22 22:32:33 INFO: 22:32:33.817 [task-runner-1-15] [INFO ] q.lib.plugins.DetectionPluginTools - 1 nucleus detected (processing time: 5.71 seconds)
2024-10-22 22:32:33 INFO: 22:32:33.817 [main] [INFO ] q.l.p.CommandLineTaskRunner$CommandLineProgressMonitor - 1 nucleus detected (72%)
2024-10-22 22:32:33 INFO: 22:32:33.821 [task-runner-1-55] [INFO ] q.lib.plugins.DetectionPluginTools - 0 nuclei detected (processing time: 5.40 seconds)
2024-10-22 22:32:33 INFO: 22:32:33.821 [main] [INFO ] q.l.p.CommandLineTaskRunner$CommandLineProgressMonitor - 0 nuclei detected (73%)
2024-10-22 22:32:33 INFO: 22:32:33.871 [task-runner-1-21] [INFO ] q.lib.plugins.DetectionPluginTools - 2 nuclei detected (processing time: 5.29 seconds)
2024-10-22 22:32:33 INFO: 22:32:33.872 [main] [INFO ] q.l.p.CommandLineTaskRunner$CommandLineProgressMonitor - 2 nuclei detected (73%)
2024-10-22 22:32:34 INFO: 22:32:34.038 [task-runner-1-37] [INFO ] q.lib.plugins.DetectionPluginTools - 0 nuclei detected (processing time: 5.95 seconds)
2024-10-22 22:32:34 INFO: 22:32:34.038 [main] [INFO ] q.l.p.CommandLineTaskRunner$CommandLineProgressMonitor - 0 nuclei detected (74%)
2024-10-22 22:32:34 INFO: 22:32:34.059 [task-runner-1-56] [INFO ] q.lib.plugins.DetectionPluginTools - 8 nuclei detected (processing time: 4.65 seconds)
2024-10-22 22:32:34 INFO: 22:32:34.059 [main] [INFO ] q.l.p.CommandLineTaskRunner$CommandLineProgressMonitor - 8 nuclei detected (74%)
2024-10-22 22:32:34 INFO: 22:32:34.346 [task-runner-1-59] [INFO ] q.lib.plugins.DetectionPluginTools - 2370 nuclei detected (processing time: 16.04 seconds)
2024-10-22 22:32:34 INFO: 22:32:34.347 [main] [INFO ] q.l.p.CommandLineTaskRunner$CommandLineProgressMonitor - 2370 nuclei detected (75%)
2024-10-22 22:32:34 INFO: 22:32:34.420 [task-runner-1-41] [INFO ] q.lib.plugins.DetectionPluginTools - 0 nuclei detected (processing time: 5.06 seconds)
2024-10-22 22:32:34 INFO: 22:32:34.421 [main] [INFO ] q.l.p.CommandLineTaskRunner$CommandLineProgressMonitor - 0 nuclei detected (76%)
2024-10-22 22:32:34 INFO: 22:32:34.551 [task-runner-1-45] [INFO ] q.lib.plugins.DetectionPluginTools - 4305 nuclei detected (processing time: 22.03 seconds)
2024-10-22 22:32:34 INFO: 22:32:34.552 [main] [INFO ] q.l.p.CommandLineTaskRunner$CommandLineProgressMonitor - 4305 nuclei detected (76%)
2024-10-22 22:32:34 INFO: 22:32:34.990 [task-runner-1-49] [INFO ] q.lib.plugins.DetectionPluginTools - 4339 nuclei detected (processing time: 22.60 seconds)
2024-10-22 22:32:34 INFO: 22:32:34.991 [main] [INFO ] q.l.p.CommandLineTaskRunner$CommandLineProgressMonitor - 4339 nuclei detected (77%)
2024-10-22 22:32:35 INFO: 22:32:35.085 [task-runner-1-52] [INFO ] q.lib.plugins.DetectionPluginTools - 2396 nuclei detected (processing time: 16.77 seconds)
2024-10-22 22:32:35 INFO: 22:32:35.086 [main] [INFO ] q.l.p.CommandLineTaskRunner$CommandLineProgressMonitor - 2396 nuclei detected (78%)
2024-10-22 22:32:35 INFO: 22:32:35.220 [task-runner-1-42] [INFO ] q.lib.plugins.DetectionPluginTools - 2169 nuclei detected (processing time: 17.52 seconds)
2024-10-22 22:32:35 INFO: 22:32:35.220 [main] [INFO ] q.l.p.CommandLineTaskRunner$CommandLineProgressMonitor - 2169 nuclei detected (78%)
2024-10-22 22:32:35 INFO: 22:32:35.290 [task-runner-1-5] [INFO ] q.lib.plugins.DetectionPluginTools - 5038 nuclei detected (processing time: 23.23 seconds)
2024-10-22 22:32:35 INFO: 22:32:35.291 [main] [INFO ] q.l.p.CommandLineTaskRunner$CommandLineProgressMonitor - 5038 nuclei detected (79%)
2024-10-22 22:32:35 INFO: 22:32:35.334 [task-runner-1-10] [INFO ] q.lib.plugins.DetectionPluginTools - 4921 nuclei detected (processing time: 23.53 seconds)
2024-10-22 22:32:35 INFO: 22:32:35.335 [main] [INFO ] q.l.p.CommandLineTaskRunner$CommandLineProgressMonitor - 4921 nuclei detected (79%)
2024-10-22 22:32:35 INFO: 22:32:35.381 [task-runner-1-30] [INFO ] q.lib.plugins.DetectionPluginTools - 3239 nuclei detected (processing time: 17.50 seconds)
2024-10-22 22:32:35 INFO: 22:32:35.381 [main] [INFO ] q.l.p.CommandLineTaskRunner$CommandLineProgressMonitor - 3239 nuclei detected (80%)
2024-10-22 22:32:35 INFO: 22:32:35.388 [task-runner-1-33] [INFO ] q.lib.plugins.DetectionPluginTools - 4254 nuclei detected (processing time: 22.90 seconds)
2024-10-22 22:32:35 INFO: 22:32:35.389 [main] [INFO ] q.l.p.CommandLineTaskRunner$CommandLineProgressMonitor - 4254 nuclei detected (81%)
2024-10-22 22:32:35 INFO: 22:32:35.433 [task-runner-1-31] [INFO ] q.lib.plugins.DetectionPluginTools - 5494 nuclei detected (processing time: 23.52 seconds)
2024-10-22 22:32:35 INFO: 22:32:35.435 [main] [INFO ] q.l.p.CommandLineTaskRunner$CommandLineProgressMonitor - 5494 nuclei detected (81%)
2024-10-22 22:32:35 INFO: 22:32:35.465 [task-runner-1-48] [INFO ] q.lib.plugins.DetectionPluginTools - 5086 nuclei detected (processing time: 23.66 seconds)
2024-10-22 22:32:35 INFO: 22:32:35.466 [main] [INFO ] q.l.p.CommandLineTaskRunner$CommandLineProgressMonitor - 5086 nuclei detected (82%)
2024-10-22 22:32:35 INFO: 22:32:35.565 [task-runner-1-54] [INFO ] q.lib.plugins.DetectionPluginTools - 3468 nuclei detected (processing time: 12.96 seconds)
2024-10-22 22:32:35 INFO: 22:32:35.565 [main] [INFO ] q.l.p.CommandLineTaskRunner$CommandLineProgressMonitor - 3468 nuclei detected (83%)
2024-10-22 22:32:35 INFO: 22:32:35.632 [task-runner-1-44] [INFO ] q.lib.plugins.DetectionPluginTools - 4427 nuclei detected (processing time: 22.61 seconds)
2024-10-22 22:32:35 INFO: 22:32:35.633 [main] [INFO ] q.l.p.CommandLineTaskRunner$CommandLineProgressMonitor - 4427 nuclei detected (83%)
2024-10-22 22:32:35 INFO: 22:32:35.638 [task-runner-1-51] [INFO ] q.lib.plugins.DetectionPluginTools - 5194 nuclei detected (processing time: 22.35 seconds)
2024-10-22 22:32:35 INFO: 22:32:35.639 [main] [INFO ] q.l.p.CommandLineTaskRunner$CommandLineProgressMonitor - 5194 nuclei detected (84%)
2024-10-22 22:32:35 INFO: 22:32:35.677 [task-runner-1-1] [INFO ] q.lib.plugins.DetectionPluginTools - 4751 nuclei detected (processing time: 23.86 seconds)
2024-10-22 22:32:35 INFO: 22:32:35.677 [main] [INFO ] q.l.p.CommandLineTaskRunner$CommandLineProgressMonitor - 4751 nuclei detected (84%)
2024-10-22 22:32:35 INFO: 22:32:35.827 [task-runner-1-24] [INFO ] q.lib.plugins.DetectionPluginTools - 5117 nuclei detected (processing time: 22.55 seconds)
2024-10-22 22:32:35 INFO: 22:32:35.828 [main] [INFO ] q.l.p.CommandLineTaskRunner$CommandLineProgressMonitor - 5117 nuclei detected (85%)
2024-10-22 22:32:35 INFO: 22:32:35.902 [task-runner-1-61] [INFO ] q.lib.plugins.DetectionPluginTools - 4216 nuclei detected (processing time: 22.89 seconds)
2024-10-22 22:32:35 INFO: 22:32:35.902 [task-runner-1-6] [INFO ] q.lib.plugins.DetectionPluginTools - 6275 nuclei detected (processing time: 24.00 seconds)
2024-10-22 22:32:35 INFO: 22:32:35.903 [main] [INFO ] q.l.p.CommandLineTaskRunner$CommandLineProgressMonitor - 4216 nuclei detected (86%)
2024-10-22 22:32:35 INFO: 22:32:35.903 [main] [INFO ] q.l.p.CommandLineTaskRunner$CommandLineProgressMonitor - 6275 nuclei detected (86%)
2024-10-22 22:32:36 INFO: 22:32:36.045 [task-runner-1-14] [INFO ] q.lib.plugins.DetectionPluginTools - 5541 nuclei detected (processing time: 24.15 seconds)
2024-10-22 22:32:36 INFO: 22:32:36.045 [main] [INFO ] q.l.p.CommandLineTaskRunner$CommandLineProgressMonitor - 5541 nuclei detected (87%)
2024-10-22 22:32:36 INFO: 22:32:36.060 [task-runner-1-40] [INFO ] q.lib.plugins.DetectionPluginTools - 4220 nuclei detected (processing time: 17.64 seconds)
2024-10-22 22:32:36 INFO: 22:32:36.060 [main] [INFO ] q.l.p.CommandLineTaskRunner$CommandLineProgressMonitor - 4220 nuclei detected (88%)
2024-10-22 22:32:36 INFO: 22:32:36.153 [task-runner-1-35] [INFO ] q.lib.plugins.DetectionPluginTools - 4134 nuclei detected (processing time: 23.17 seconds)
2024-10-22 22:32:36 INFO: 22:32:36.153 [main] [INFO ] q.l.p.CommandLineTaskRunner$CommandLineProgressMonitor - 4134 nuclei detected (88%)
2024-10-22 22:32:36 INFO: 22:32:36.153 [task-runner-1-47] [INFO ] q.lib.plugins.DetectionPluginTools - 4905 nuclei detected (processing time: 24.27 seconds)
2024-10-22 22:32:36 INFO: 22:32:36.154 [main] [INFO ] q.l.p.CommandLineTaskRunner$CommandLineProgressMonitor - 4905 nuclei detected (89%)
2024-10-22 22:32:36 INFO: 22:32:36.223 [task-runner-1-34] [INFO ] q.lib.plugins.DetectionPluginTools - 5016 nuclei detected (processing time: 23.22 seconds)
2024-10-22 22:32:36 INFO: 22:32:36.223 [main] [INFO ] q.l.p.CommandLineTaskRunner$CommandLineProgressMonitor - 5016 nuclei detected (89%)
2024-10-22 22:32:36 INFO: 22:32:36.238 [task-runner-1-25] [INFO ] q.lib.plugins.DetectionPluginTools - 3021 nuclei detected (processing time: 13.82 seconds)
2024-10-22 22:32:36 INFO: 22:32:36.239 [main] [INFO ] q.l.p.CommandLineTaskRunner$CommandLineProgressMonitor - 3021 nuclei detected (90%)
2024-10-22 22:32:36 INFO: 22:32:36.276 [task-runner-1-2] [INFO ] q.lib.plugins.DetectionPluginTools - 5398 nuclei detected (processing time: 24.48 seconds)
2024-10-22 22:32:36 INFO: 22:32:36.276 [main] [INFO ] q.l.p.CommandLineTaskRunner$CommandLineProgressMonitor - 5398 nuclei detected (91%)
2024-10-22 22:32:36 INFO: 22:32:36.309 [task-runner-1-29] [INFO ] q.lib.plugins.DetectionPluginTools - 5821 nuclei detected (processing time: 24.51 seconds)
2024-10-22 22:32:36 INFO: 22:32:36.310 [main] [INFO ] q.l.p.CommandLineTaskRunner$CommandLineProgressMonitor - 5821 nuclei detected (91%)
2024-10-22 22:32:36 INFO: 22:32:36.311 [task-runner-1-17] [INFO ] q.lib.plugins.DetectionPluginTools - 5597 nuclei detected (processing time: 24.51 seconds)
2024-10-22 22:32:36 INFO: 22:32:36.314 [main] [INFO ] q.l.p.CommandLineTaskRunner$CommandLineProgressMonitor - 5597 nuclei detected (92%)
2024-10-22 22:32:36 INFO: 22:32:36.345 [task-runner-1-26] [INFO ] q.lib.plugins.DetectionPluginTools - 5567 nuclei detected (processing time: 24.35 seconds)
2024-10-22 22:32:36 INFO: 22:32:36.346 [main] [INFO ] q.l.p.CommandLineTaskRunner$CommandLineProgressMonitor - 5567 nuclei detected (93%)
2024-10-22 22:32:36 INFO: 22:32:36.411 [task-runner-1-20] [INFO ] q.lib.plugins.DetectionPluginTools - 4950 nuclei detected (processing time: 23.38 seconds)
2024-10-22 22:32:36 INFO: 22:32:36.414 [main] [INFO ] q.l.p.CommandLineTaskRunner$CommandLineProgressMonitor - 4950 nuclei detected (93%)
2024-10-22 22:32:36 INFO: 22:32:36.532 [task-runner-1-43] [INFO ] q.lib.plugins.DetectionPluginTools - 5424 nuclei detected (processing time: 23.16 seconds)
2024-10-22 22:32:36 INFO: 22:32:36.533 [main] [INFO ] q.l.p.CommandLineTaskRunner$CommandLineProgressMonitor - 5424 nuclei detected (94%)
2024-10-22 22:32:36 INFO: 22:32:36.618 [task-runner-1-46] [INFO ] q.lib.plugins.DetectionPluginTools - 5558 nuclei detected (processing time: 24.56 seconds)
2024-10-22 22:32:36 INFO: 22:32:36.619 [main] [INFO ] q.l.p.CommandLineTaskRunner$CommandLineProgressMonitor - 5558 nuclei detected (94%)
2024-10-22 22:32:36 INFO: 22:32:36.706 [task-runner-1-4] [INFO ] q.lib.plugins.DetectionPluginTools - 6971 nuclei detected (processing time: 24.93 seconds)
2024-10-22 22:32:36 INFO: 22:32:36.706 [main] [INFO ] q.l.p.CommandLineTaskRunner$CommandLineProgressMonitor - 6971 nuclei detected (95%)
2024-10-22 22:32:36 INFO: 22:32:36.853 [task-runner-1-22] [INFO ] q.lib.plugins.DetectionPluginTools - 6523 nuclei detected (processing time: 23.44 seconds)
2024-10-22 22:32:36 INFO: 22:32:36.854 [main] [INFO ] q.l.p.CommandLineTaskRunner$CommandLineProgressMonitor - 6523 nuclei detected (96%)
2024-10-22 22:32:36 INFO: 22:32:36.938 [task-runner-1-8] [INFO ] q.lib.plugins.DetectionPluginTools - 7869 nuclei detected (processing time: 25.16 seconds)
2024-10-22 22:32:36 INFO: 22:32:36.938 [main] [INFO ] q.l.p.CommandLineTaskRunner$CommandLineProgressMonitor - 7869 nuclei detected (96%)
2024-10-22 22:32:36 INFO: 22:32:36.944 [task-runner-1-23] [INFO ] q.lib.plugins.DetectionPluginTools - 6067 nuclei detected (processing time: 23.58 seconds)
2024-10-22 22:32:36 INFO: 22:32:36.945 [main] [INFO ] q.l.p.CommandLineTaskRunner$CommandLineProgressMonitor - 6067 nuclei detected (97%)
2024-10-22 22:32:37 INFO: 22:32:37.325 [task-runner-1-11] [INFO ] q.lib.plugins.DetectionPluginTools - 5356 nuclei detected (processing time: 18.23 seconds)
2024-10-22 22:32:37 INFO: 22:32:37.325 [main] [INFO ] q.l.p.CommandLineTaskRunner$CommandLineProgressMonitor - 5356 nuclei detected (98%)
2024-10-22 22:32:37 INFO: 22:32:37.771 [task-runner-1-39] [INFO ] q.lib.plugins.DetectionPluginTools - 6480 nuclei detected (processing time: 18.03 seconds)
2024-10-22 22:32:37 INFO: 22:32:37.772 [main] [INFO ] q.l.p.CommandLineTaskRunner$CommandLineProgressMonitor - 6480 nuclei detected (98%)
2024-10-22 22:32:37 INFO: 22:32:37.938 [task-runner-1-9] [INFO ] q.lib.plugins.DetectionPluginTools - 7136 nuclei detected (processing time: 18.33 seconds)
2024-10-22 22:32:37 INFO: 22:32:37.938 [main] [INFO ] q.l.p.CommandLineTaskRunner$CommandLineProgressMonitor - 7136 nuclei detected (99%)
2024-10-22 22:32:38 INFO: 22:32:38.001 [task-runner-1-58] [INFO ] q.lib.plugins.DetectionPluginTools - 6654 nuclei detected (processing time: 18.44 seconds)
2024-10-22 22:32:38 INFO: 22:32:38.001 [main] [INFO ] q.l.p.CommandLineTaskRunner$CommandLineProgressMonitor - 6654 nuclei detected (99%)
2024-10-22 22:32:38 INFO: 22:32:38.305 [task-runner-1-13] [INFO ] q.lib.plugins.DetectionPluginTools - 7070 nuclei detected (processing time: 18.68 seconds)
2024-10-22 22:32:38 INFO: 22:32:38.305 [main] [INFO ] q.l.p.CommandLineTaskRunner$CommandLineProgressMonitor - 7070 nuclei detected (100%)
2024-10-22 22:32:38 INFO: 22:32:38.306 [main] [INFO ] q.l.p.CommandLineTaskRunner$CommandLineProgressMonitor - Processing complete in 42.32 seconds
2024-10-22 22:32:38 INFO: 22:32:38.306 [main] [INFO ] q.l.p.CommandLineTaskRunner$CommandLineProgressMonitor - Tasks completed!
2024-10-22 22:32:53 INFO: 22:32:53.437 [main] [WARN ] q.l.p.objects.SmoothFeaturesPlugin - Smoothing using annotations
2024-10-22 22:32:59 INFO: 22:32:59.125 [main] [INFO ] q.l.p.CommandLineTaskRunner$CommandLineProgressMonitor - Completed (100%)
2024-10-22 22:32:59 INFO: 22:32:59.126 [main] [INFO ] q.l.p.CommandLineTaskRunner$CommandLineProgressMonitor - Processing complete in 5.69 seconds
2024-10-22 22:32:59 INFO: 22:32:59.126 [main] [INFO ] q.l.p.CommandLineTaskRunner$CommandLineProgressMonitor - Tasks completed!
2024-10-22 22:32:59 INFO: 22:32:59.128 [main] [WARN ] q.l.p.objects.SmoothFeaturesPlugin - Smoothing using annotations
2024-10-22 22:33:11 INFO: 22:33:11.986 [main] [INFO ] q.l.p.CommandLineTaskRunner$CommandLineProgressMonitor - Completed (100%)
2024-10-22 22:33:11 INFO: 22:33:11.986 [main] [INFO ] q.l.p.CommandLineTaskRunner$CommandLineProgressMonitor - Processing complete in 12.86 seconds
2024-10-22 22:33:11 INFO: 22:33:11.986 [main] [INFO ] q.l.p.CommandLineTaskRunner$CommandLineProgressMonitor - Tasks completed!
2024-10-22 22:33:11 INFO: 22:33:11.988 [main] [WARN ] q.l.p.objects.SmoothFeaturesPlugin - Smoothing using annotations
2024-10-22 22:33:42 INFO: 22:33:42.428 [main] [INFO ] q.l.p.CommandLineTaskRunner$CommandLineProgressMonitor - Completed (100%)
2024-10-22 22:33:42 INFO: 22:33:42.429 [main] [INFO ] q.l.p.CommandLineTaskRunner$CommandLineProgressMonitor - Processing complete in 30.44 seconds
2024-10-22 22:33:42 INFO: 22:33:42.429 [main] [INFO ] q.l.p.CommandLineTaskRunner$CommandLineProgressMonitor - Tasks completed!
2024-10-22 22:33:42 INFO: 22:33:42.704 [task-runner-5-2] [INFO ] q.l.a.IntensityFeaturesPlugin - Splitting Rectangle (0, 0, 63784, 39311) into 40 tiles for intensity measurements
2024-10-22 22:33:43 INFO: 22:33:43.099 [main] [INFO ] q.l.p.CommandLineTaskRunner$CommandLineProgressMonitor - Completed (0%)
2024-10-22 22:33:43 INFO: 22:33:43.956 [main] [INFO ] q.l.p.CommandLineTaskRunner$CommandLineProgressMonitor - Completed (1%)
2024-10-22 22:33:44 INFO: 22:33:44.349 [main] [INFO ] q.l.p.CommandLineTaskRunner$CommandLineProgressMonitor - Completed (2%)
2024-10-22 22:33:44 INFO: 22:33:44.526 [main] [INFO ] q.l.p.CommandLineTaskRunner$CommandLineProgressMonitor - Completed (3%)
2024-10-22 22:33:44 INFO: 22:33:44.684 [main] [INFO ] q.l.p.CommandLineTaskRunner$CommandLineProgressMonitor - Completed (4%)
2024-10-22 22:33:44 INFO: 22:33:44.874 [main] [INFO ] q.l.p.CommandLineTaskRunner$CommandLineProgressMonitor - Completed (5%)
2024-10-22 22:33:45 INFO: 22:33:45.026 [main] [INFO ] q.l.p.CommandLineTaskRunner$CommandLineProgressMonitor - Completed (6%)
2024-10-22 22:33:45 INFO: 22:33:45.152 [main] [INFO ] q.l.p.CommandLineTaskRunner$CommandLineProgressMonitor - Completed (7%)
2024-10-22 22:33:45 INFO: 22:33:45.728 [main] [INFO ] q.l.p.CommandLineTaskRunner$CommandLineProgressMonitor - Completed (8%)
2024-10-22 22:33:45 INFO: 22:33:45.875 [main] [INFO ] q.l.p.CommandLineTaskRunner$CommandLineProgressMonitor - Completed (9%)
2024-10-22 22:33:46 INFO: 22:33:46.023 [main] [INFO ] q.l.p.CommandLineTaskRunner$CommandLineProgressMonitor - Completed (10%)
2024-10-22 22:33:46 INFO: 22:33:46.662 [main] [INFO ] q.l.p.CommandLineTaskRunner$CommandLineProgressMonitor - Completed (11%)
2024-10-22 22:33:46 INFO: 22:33:46.820 [main] [INFO ] q.l.p.CommandLineTaskRunner$CommandLineProgressMonitor - Completed (12%)
2024-10-22 22:33:46 INFO: 22:33:46.988 [main] [INFO ] q.l.p.CommandLineTaskRunner$CommandLineProgressMonitor - Completed (13%)
2024-10-22 22:33:47 INFO: 22:33:47.127 [main] [INFO ] q.l.p.CommandLineTaskRunner$CommandLineProgressMonitor - Completed (14%)
2024-10-22 22:33:47 INFO: 22:33:47.319 [main] [INFO ] q.l.p.CommandLineTaskRunner$CommandLineProgressMonitor - Completed (15%)
2024-10-22 22:33:47 INFO: 22:33:47.491 [main] [INFO ] q.l.p.CommandLineTaskRunner$CommandLineProgressMonitor - Completed (16%)
2024-10-22 22:33:47 INFO: 22:33:47.860 [main] [INFO ] q.l.p.CommandLineTaskRunner$CommandLineProgressMonitor - Completed (17%)
2024-10-22 22:33:47 INFO: 22:33:47.992 [main] [INFO ] q.l.p.CommandLineTaskRunner$CommandLineProgressMonitor - Completed (18%)
2024-10-22 22:33:48 INFO: 22:33:48.480 [main] [INFO ] q.l.p.CommandLineTaskRunner$CommandLineProgressMonitor - Completed (19%)
2024-10-22 22:33:48 INFO: 22:33:48.641 [main] [INFO ] q.l.p.CommandLineTaskRunner$CommandLineProgressMonitor - Completed (20%)
2024-10-22 22:33:48 INFO: 22:33:48.780 [main] [INFO ] q.l.p.CommandLineTaskRunner$CommandLineProgressMonitor - Completed (21%)
2024-10-22 22:33:48 INFO: 22:33:48.913 [main] [INFO ] q.l.p.CommandLineTaskRunner$CommandLineProgressMonitor - Completed (22%)
2024-10-22 22:33:49 INFO: 22:33:49.035 [main] [INFO ] q.l.p.CommandLineTaskRunner$CommandLineProgressMonitor - Completed (23%)
2024-10-22 22:33:49 INFO: 22:33:49.174 [main] [INFO ] q.l.p.CommandLineTaskRunner$CommandLineProgressMonitor - Completed (24%)
2024-10-22 22:33:49 INFO: 22:33:49.295 [main] [INFO ] q.l.p.CommandLineTaskRunner$CommandLineProgressMonitor - Completed (25%)
2024-10-22 22:33:49 INFO: 22:33:49.426 [main] [INFO ] q.l.p.CommandLineTaskRunner$CommandLineProgressMonitor - Completed (26%)
2024-10-22 22:33:49 INFO: 22:33:49.888 [main] [INFO ] q.l.p.CommandLineTaskRunner$CommandLineProgressMonitor - Completed (27%)
2024-10-22 22:33:50 INFO: 22:33:50.043 [main] [INFO ] q.l.p.CommandLineTaskRunner$CommandLineProgressMonitor - Completed (28%)
2024-10-22 22:33:50 INFO: 22:33:50.202 [main] [INFO ] q.l.p.CommandLineTaskRunner$CommandLineProgressMonitor - Completed (29%)
2024-10-22 22:33:50 INFO: 22:33:50.392 [main] [INFO ] q.l.p.CommandLineTaskRunner$CommandLineProgressMonitor - Completed (30%)
2024-10-22 22:33:50 INFO: 22:33:50.543 [main] [INFO ] q.l.p.CommandLineTaskRunner$CommandLineProgressMonitor - Completed (31%)
2024-10-22 22:33:50 INFO: 22:33:50.682 [main] [INFO ] q.l.p.CommandLineTaskRunner$CommandLineProgressMonitor - Completed (32%)
2024-10-22 22:33:50 INFO: 22:33:50.829 [main] [INFO ] q.l.p.CommandLineTaskRunner$CommandLineProgressMonitor - Completed (33%)
2024-10-22 22:33:50 INFO: 22:33:50.956 [main] [INFO ] q.l.p.CommandLineTaskRunner$CommandLineProgressMonitor - Completed (34%)
2024-10-22 22:33:51 INFO: 22:33:51.417 [main] [INFO ] q.l.p.CommandLineTaskRunner$CommandLineProgressMonitor - Completed (35%)
2024-10-22 22:33:51 INFO: 22:33:51.572 [main] [INFO ] q.l.p.CommandLineTaskRunner$CommandLineProgressMonitor - Completed (36%)
2024-10-22 22:33:51 INFO: 22:33:51.726 [main] [INFO ] q.l.p.CommandLineTaskRunner$CommandLineProgressMonitor - Completed (37%)
2024-10-22 22:33:51 INFO: 22:33:51.879 [main] [INFO ] q.l.p.CommandLineTaskRunner$CommandLineProgressMonitor - Completed (38%)
2024-10-22 22:33:52 INFO: 22:33:52.042 [main] [INFO ] q.l.p.CommandLineTaskRunner$CommandLineProgressMonitor - Completed (39%)
2024-10-22 22:33:52 INFO: 22:33:52.193 [main] [INFO ] q.l.p.CommandLineTaskRunner$CommandLineProgressMonitor - Completed (40%)
2024-10-22 22:33:52 INFO: 22:33:52.322 [main] [INFO ] q.l.p.CommandLineTaskRunner$CommandLineProgressMonitor - Completed (41%)
2024-10-22 22:33:52 INFO: 22:33:52.466 [main] [INFO ] q.l.p.CommandLineTaskRunner$CommandLineProgressMonitor - Completed (42%)
2024-10-22 22:33:52 INFO: 22:33:52.870 [main] [INFO ] q.l.p.CommandLineTaskRunner$CommandLineProgressMonitor - Completed (43%)
2024-10-22 22:33:53 INFO: 22:33:53.019 [main] [INFO ] q.l.p.CommandLineTaskRunner$CommandLineProgressMonitor - Completed (44%)
2024-10-22 22:33:53 INFO: 22:33:53.169 [main] [INFO ] q.l.p.CommandLineTaskRunner$CommandLineProgressMonitor - Completed (45%)
2024-10-22 22:33:53 INFO: 22:33:53.318 [main] [INFO ] q.l.p.CommandLineTaskRunner$CommandLineProgressMonitor - Completed (46%)
2024-10-22 22:33:53 INFO: 22:33:53.481 [main] [INFO ] q.l.p.CommandLineTaskRunner$CommandLineProgressMonitor - Completed (47%)
2024-10-22 22:33:53 INFO: 22:33:53.672 [main] [INFO ] q.l.p.CommandLineTaskRunner$CommandLineProgressMonitor - Completed (48%)
2024-10-22 22:33:53 INFO: 22:33:53.807 [main] [INFO ] q.l.p.CommandLineTaskRunner$CommandLineProgressMonitor - Completed (49%)
2024-10-22 22:33:53 INFO: 22:33:53.941 [main] [INFO ] q.l.p.CommandLineTaskRunner$CommandLineProgressMonitor - Completed (50%)
2024-10-22 22:33:54 INFO: 22:33:54.074 [main] [INFO ] q.l.p.CommandLineTaskRunner$CommandLineProgressMonitor - Completed (51%)
2024-10-22 22:33:54 INFO: 22:33:54.404 [main] [INFO ] q.l.p.CommandLineTaskRunner$CommandLineProgressMonitor - Completed (52%)
2024-10-22 22:33:54 INFO: 22:33:54.558 [main] [INFO ] q.l.p.CommandLineTaskRunner$CommandLineProgressMonitor - Completed (53%)
2024-10-22 22:33:54 INFO: 22:33:54.707 [main] [INFO ] q.l.p.CommandLineTaskRunner$CommandLineProgressMonitor - Completed (54%)
2024-10-22 22:33:54 INFO: 22:33:54.856 [main] [INFO ] q.l.p.CommandLineTaskRunner$CommandLineProgressMonitor - Completed (55%)
2024-10-22 22:33:55 INFO: 22:33:55.004 [main] [INFO ] q.l.p.CommandLineTaskRunner$CommandLineProgressMonitor - Completed (56%)
2024-10-22 22:33:55 INFO: 22:33:55.157 [main] [INFO ] q.l.p.CommandLineTaskRunner$CommandLineProgressMonitor - Completed (57%)
2024-10-22 22:33:55 INFO: 22:33:55.295 [main] [INFO ] q.l.p.CommandLineTaskRunner$CommandLineProgressMonitor - Completed (58%)
2024-10-22 22:33:55 INFO: 22:33:55.425 [main] [INFO ] q.l.p.CommandLineTaskRunner$CommandLineProgressMonitor - Completed (59%)
2024-10-22 22:33:55 INFO: 22:33:55.566 [main] [INFO ] q.l.p.CommandLineTaskRunner$CommandLineProgressMonitor - Completed (60%)
2024-10-22 22:33:55 INFO: 22:33:55.704 [main] [INFO ] q.l.p.CommandLineTaskRunner$CommandLineProgressMonitor - Completed (61%)
2024-10-22 22:33:55 INFO: 22:33:55.848 [main] [INFO ] q.l.p.CommandLineTaskRunner$CommandLineProgressMonitor - Completed (62%)
2024-10-22 22:33:56 INFO: 22:33:56.170 [main] [INFO ] q.l.p.CommandLineTaskRunner$CommandLineProgressMonitor - Completed (63%)
2024-10-22 22:33:56 INFO: 22:33:56.316 [main] [INFO ] q.l.p.CommandLineTaskRunner$CommandLineProgressMonitor - Completed (64%)
2024-10-22 22:33:56 INFO: 22:33:56.505 [main] [INFO ] q.l.p.CommandLineTaskRunner$CommandLineProgressMonitor - Completed (65%)
2024-10-22 22:33:56 INFO: 22:33:56.657 [main] [INFO ] q.l.p.CommandLineTaskRunner$CommandLineProgressMonitor - Completed (66%)
2024-10-22 22:33:56 INFO: 22:33:56.804 [main] [INFO ] q.l.p.CommandLineTaskRunner$CommandLineProgressMonitor - Completed (67%)
2024-10-22 22:33:56 INFO: 22:33:56.961 [main] [INFO ] q.l.p.CommandLineTaskRunner$CommandLineProgressMonitor - Completed (68%)
2024-10-22 22:33:57 INFO: 22:33:57.093 [main] [INFO ] q.l.p.CommandLineTaskRunner$CommandLineProgressMonitor - Completed (69%)
2024-10-22 22:33:57 INFO: 22:33:57.227 [main] [INFO ] q.l.p.CommandLineTaskRunner$CommandLineProgressMonitor - Completed (70%)
2024-10-22 22:33:57 INFO: 22:33:57.366 [main] [INFO ] q.l.p.CommandLineTaskRunner$CommandLineProgressMonitor - Completed (71%)
2024-10-22 22:33:57 INFO: 22:33:57.492 [main] [INFO ] q.l.p.CommandLineTaskRunner$CommandLineProgressMonitor - Completed (72%)
2024-10-22 22:33:57 INFO: 22:33:57.633 [main] [INFO ] q.l.p.CommandLineTaskRunner$CommandLineProgressMonitor - Completed (73%)
2024-10-22 22:33:57 INFO: 22:33:57.765 [main] [INFO ] q.l.p.CommandLineTaskRunner$CommandLineProgressMonitor - Completed (74%)
2024-10-22 22:33:57 INFO: 22:33:57.918 [main] [INFO ] q.l.p.CommandLineTaskRunner$CommandLineProgressMonitor - Completed (75%)
2024-10-22 22:33:58 INFO: 22:33:58.108 [main] [INFO ] q.l.p.CommandLineTaskRunner$CommandLineProgressMonitor - Completed (76%)
2024-10-22 22:33:58 INFO: 22:33:58.317 [main] [INFO ] q.l.p.CommandLineTaskRunner$CommandLineProgressMonitor - Completed (77%)
2024-10-22 22:33:58 INFO: 22:33:58.526 [main] [INFO ] q.l.p.CommandLineTaskRunner$CommandLineProgressMonitor - Completed (78%)
2024-10-22 22:33:58 INFO: 22:33:58.823 [main] [INFO ] q.l.p.CommandLineTaskRunner$CommandLineProgressMonitor - Completed (79%)
2024-10-22 22:33:58 INFO: 22:33:58.972 [main] [INFO ] q.l.p.CommandLineTaskRunner$CommandLineProgressMonitor - Completed (80%)
2024-10-22 22:33:59 INFO: 22:33:59.110 [main] [INFO ] q.l.p.CommandLineTaskRunner$CommandLineProgressMonitor - Completed (81%)
2024-10-22 22:33:59 INFO: 22:33:59.278 [main] [INFO ] q.l.p.CommandLineTaskRunner$CommandLineProgressMonitor - Completed (82%)
2024-10-22 22:33:59 INFO: 22:33:59.446 [main] [INFO ] q.l.p.CommandLineTaskRunner$CommandLineProgressMonitor - Completed (83%)
2024-10-22 22:33:59 INFO: 22:33:59.608 [main] [INFO ] q.l.p.CommandLineTaskRunner$CommandLineProgressMonitor - Completed (84%)
2024-10-22 22:33:59 INFO: 22:33:59.769 [main] [INFO ] q.l.p.CommandLineTaskRunner$CommandLineProgressMonitor - Completed (85%)
2024-10-22 22:33:59 INFO: 22:33:59.908 [main] [INFO ] q.l.p.CommandLineTaskRunner$CommandLineProgressMonitor - Completed (86%)
2024-10-22 22:34:00 INFO: 22:34:00.039 [main] [INFO ] q.l.p.CommandLineTaskRunner$CommandLineProgressMonitor - Completed (87%)
2024-10-22 22:34:00 INFO: 22:34:00.174 [main] [INFO ] q.l.p.CommandLineTaskRunner$CommandLineProgressMonitor - Completed (88%)
2024-10-22 22:34:00 INFO: 22:34:00.307 [main] [INFO ] q.l.p.CommandLineTaskRunner$CommandLineProgressMonitor - Completed (89%)
2024-10-22 22:34:00 INFO: 22:34:00.435 [main] [INFO ] q.l.p.CommandLineTaskRunner$CommandLineProgressMonitor - Completed (90%)
2024-10-22 22:34:00 INFO: 22:34:00.561 [main] [INFO ] q.l.p.CommandLineTaskRunner$CommandLineProgressMonitor - Completed (91%)
2024-10-22 22:34:00 INFO: 22:34:00.690 [main] [INFO ] q.l.p.CommandLineTaskRunner$CommandLineProgressMonitor - Completed (92%)
2024-10-22 22:34:00 INFO: 22:34:00.815 [main] [INFO ] q.l.p.CommandLineTaskRunner$CommandLineProgressMonitor - Completed (93%)
2024-10-22 22:34:00 INFO: 22:34:00.944 [main] [INFO ] q.l.p.CommandLineTaskRunner$CommandLineProgressMonitor - Completed (94%)
2024-10-22 22:34:01 INFO: 22:34:01.155 [main] [INFO ] q.l.p.CommandLineTaskRunner$CommandLineProgressMonitor - Completed (95%)
2024-10-22 22:34:01 INFO: 22:34:01.288 [main] [INFO ] q.l.p.CommandLineTaskRunner$CommandLineProgressMonitor - Completed (96%)
2024-10-22 22:34:01 INFO: 22:34:01.423 [main] [INFO ] q.l.p.CommandLineTaskRunner$CommandLineProgressMonitor - Completed (97%)
2024-10-22 22:34:01 INFO: 22:34:01.586 [main] [INFO ] q.l.p.CommandLineTaskRunner$CommandLineProgressMonitor - Completed (98%)
2024-10-22 22:34:01 INFO: 22:34:01.732 [main] [INFO ] q.l.p.CommandLineTaskRunner$CommandLineProgressMonitor - Completed (99%)
2024-10-22 22:34:01 INFO: 22:34:01.876 [main] [INFO ] q.l.p.CommandLineTaskRunner$CommandLineProgressMonitor - Completed (100%)
2024-10-22 22:34:53 INFO: 22:34:53.121 [main] [INFO ] q.l.p.CommandLineTaskRunner$CommandLineProgressMonitor - Completed (100%)
2024-10-22 22:34:53 INFO: 22:34:53.121 [main] [INFO ] q.l.p.CommandLineTaskRunner$CommandLineProgressMonitor - Processing complete in 70.43 seconds
2024-10-22 22:34:53 INFO: 22:34:53.122 [main] [INFO ] q.l.p.CommandLineTaskRunner$CommandLineProgressMonitor - Tasks completed!
2024-10-22 22:37:51 INFO: 22:37:51.995 [task-runner-6-1] [WARN ] q.o.features.DelaunayTriangulation - Some objects have missing measurements! Statistics will calculated only for objects with measurements available.
2024-10-22 22:37:51 INFO: 22:37:51.995 [task-runner-6-1] [WARN ] q.o.features.DelaunayTriangulation - Missing measurements: [ROI: 1.00 m per pixel: Residual: Haralick Correlation (F2), ROI: 1.00 m per pixel: Residual: Haralick Information measure of correlation 1 (F11), ROI: 1.00 m per pixel: Hematoxylin: Haralick Correlation (F2), ROI: 1.00 m per pixel: Hematoxylin: Haralick Information measure of correlation 1 (F11), ROI: 1.00 m per pixel: Residual: Haralick Information measure of correlation 2 (F12), ROI: 1.00 m per pixel: Eosin: Haralick Correlation (F2), ROI: 1.00 m per pixel: Eosin: Haralick Information measure of correlation 1 (F11)]
2024-10-22 22:37:52 INFO: 22:37:52.051 [main] [INFO ] q.l.p.CommandLineTaskRunner$CommandLineProgressMonitor - Delaunay triangulation calculated for Annotation (281131 objects) (100%)
2024-10-22 22:37:52 INFO: 22:37:52.051 [main] [INFO ] q.l.p.CommandLineTaskRunner$CommandLineProgressMonitor - Processing complete in 178.88 seconds
2024-10-22 22:37:52 INFO: 22:37:52.051 [main] [INFO ] q.l.p.CommandLineTaskRunner$CommandLineProgressMonitor - Tasks completed!
2024-10-22 22:41:04 INFO: TCGA-GI-A2C8-01Z-00-DX1.09BD8AC9-645A-4C8B-9B36-77D833BDBA09
2024-10-22 22:41:04 INFO: QuPath subprocess completed.
2024-10-22 22:41:20 INFO: QuPath image extraction completed successfully. Output directory: /home/ilants/Documents/jupyter_test/single_image_multiple_params/exp_threshold_0.05
2024-10-22 22:41:20 INFO: Summary table saved to: /home/ilants/Documents/jupyter_test/single_image_multiple_params/exp_threshold_0.05/Summary_Table.csv
2024-10-22 22:41:20 INFO: Experiment completed successfully.
