2024-10-23 01:00:18 INFO: Starting experiment with for sigmaMicrons with value of 1
2024-10-23 01:00:18 INFO: Running with the following configuration:
{'detectionImageBrightfield': 'Hematoxylin OD', 'requestedPixelSizeMicrons': 0.5, 'backgroundRadiusMicrons': 4.0, 'backgroundByReconstruction': True, 'medianRadiusMicrons': 0.0, 'sigmaMicrons': 1, 'minAreaMicrons': 10.0, 'maxAreaMicrons': 80.0, 'threshold': 0.1, 'maxBackground': 2.0, 'watershedPostProcess': True, 'cellExpansionMicrons': 5.0, 'includeNuclei': True, 'smoothBoundaries': True, 'makeMeasurements': True, 'backgroundRadiusPixel': 8.0, 'cellExpansionPixel': 10.0, 'medianRadiusPixel': 0.0, 'minAreaPixel': 20.0, 'maxAreaPixel': 160.0}
2024-10-23 01:00:18 INFO: Starting QuPath image extraction with the following parameters: image_dir=/home/ilants/Documents/jupyter_test, output_dir=/home/ilants/Documents/jupyter_test/single_image_multiple_params/exp_sigmaMicrons_1, image_type=svs, groovy_script=/home/ilants/Documents/utls/nucleus_detection_wargs.groovy, config_file=/home/ilants/Documents/jupyter_test/single_image_multiple_params/exp_sigmaMicrons_1/cfg.json, program_path=/home/ilants/Documents/QuPath-v0.5.1-Linux/QuPath/bin/QuPath
2024-10-23 01:00:19 INFO: 01:00:19.512 [main] [INFO ] qupath.lib.gui.prefs.PathPrefs - Setting default Locale to en_US
2024-10-23 01:00:19 INFO: 01:00:19.515 [main] [INFO ] qupath.lib.gui.prefs.PathPrefs - Setting Locale for FORMAT to en_US
2024-10-23 01:00:19 INFO: 01:00:19.515 [main] [INFO ] qupath.lib.gui.prefs.PathPrefs - Setting Locale for DISPLAY to en_US
2024-10-23 01:00:19 INFO: 01:00:19.529 [main] [INFO ] qupath.lib.common.ThreadTools - Setting parallelism to 63
2024-10-23 01:00:19 INFO: 01:00:19.547 [main] [INFO ] qupath.ScriptCommand - Setting tile cache size to 32200.00 MB (25.0% max memory)
2024-10-23 01:00:19 INFO: 01:00:19.604 [main] [INFO ] qupath.lib.scripting.QP - Initializing type adapters
2024-10-23 01:00:19 INFO: Warning: Versions of org.bytedeco:javacpp:1.5.9 and org.bytedeco:opencv:4.6.0-1.5.8 do not match.
2024-10-23 01:00:19 INFO: Warning: Versions of org.bytedeco:javacpp:1.5.9 and org.bytedeco:openblas:0.3.21-1.5.8 do not match.
2024-10-23 01:00:21 INFO: project parameters are: {"detectionImageBrightfield": "Hematoxylin OD","requestedPixelSizeMicrons": 0.5,"backgroundRadiusMicrons": 4.0,"backgroundByReconstruction": true,"medianRadiusMicrons": 0.0,"sigmaMicrons": 1,"minAreaMicrons": 10.0,"maxAreaMicrons": 80.0,"threshold": 0.1,"maxBackground": 2.0,"watershedPostProcess": true,"cellExpansionMicrons": 5.0,"includeNuclei": true,"smoothBoundaries": true,"makeMeasurements": true,"backgroundRadiusPixel": 8.0,"cellExpansionPixel": 10.0,"medianRadiusPixel": 0.0,"minAreaPixel": 20.0,"maxAreaPixel": 160.0}
2024-10-23 01:00:21 INFO: New project created at: /home/ilants/Documents/jupyter_test/single_image_multiple_params/exp_sigmaMicrons_1/QPProject
2024-10-23 01:00:21 INFO: Added: /home/ilants/Documents/jupyter_test/TCGA-GI-A2C8-01Z-00-DX1.09BD8AC9-645A-4C8B-9B36-77D833BDBA09.svs
2024-10-23 01:00:21 INFO: /home/ilants/Documents/jupyter_test/TCGA-GI-A2C8-01Z-00-DX1.09BD8AC9-645A-4C8B-9B36-77D833BDBA09.svs
2024-10-23 01:00:21 INFO: 01:00:21.560 [main] [INFO ] q.l.i.s.b.BioFormatsServerOptions - Setting max Bio-Formats readers to 32
2024-10-23 01:00:22 INFO: UriImageSupport (class qupath.lib.images.servers.bioformats.BioFormatsServerBuilder) support=3.0, builders=1
2024-10-23 01:00:22 INFO: true
2024-10-23 01:00:22 INFO: 01:00:22.242 [main] [WARN ] qupath.lib.scripting.QP - createSelectAllObject(boolean) is deprecated, use createFullImageAnnotation(boolean) instead
2024-10-23 01:00:22 INFO: 01:00:22.242 [main] [WARN ] qupath.lib.scripting.QP - createSelectAllObject(boolean, int, int) is deprecated, use createFullImageAnnotation(boolean, int, int) instead
2024-10-23 01:00:22 INFO: 01:00:22.253 [main] [WARN ] q.l.plugins.parameters.ParameterList - Unable to set parameter backgroundRadiusPixel with value 8.0
2024-10-23 01:00:22 INFO: 01:00:22.253 [main] [WARN ] q.l.plugins.parameters.ParameterList - Unable to set parameter cellExpansionPixel with value 10.0
2024-10-23 01:00:22 INFO: 01:00:22.253 [main] [WARN ] q.l.plugins.parameters.ParameterList - Unable to set parameter medianRadiusPixel with value 0.0
2024-10-23 01:00:22 INFO: 01:00:22.253 [main] [WARN ] q.l.plugins.parameters.ParameterList - Unable to set parameter minAreaPixel with value 20.0
2024-10-23 01:00:22 INFO: 01:00:22.253 [main] [WARN ] q.l.plugins.parameters.ParameterList - Unable to set parameter maxAreaPixel with value 160.0
2024-10-23 01:00:35 INFO: 01:00:35.153 [task-runner-1-12] [INFO ] q.lib.plugins.DetectionPluginTools - 0 nuclei detected (processing time: 12.78 seconds)
2024-10-23 01:00:35 INFO: 01:00:35.156 [task-runner-1-16] [INFO ] q.lib.plugins.DetectionPluginTools - 0 nuclei detected (processing time: 12.78 seconds)
2024-10-23 01:00:35 INFO: 01:00:35.156 [main] [INFO ] q.l.p.CommandLineTaskRunner$CommandLineProgressMonitor - 0 nuclei detected (1%)
2024-10-23 01:00:35 INFO: 01:00:35.156 [task-runner-1-48] [INFO ] q.lib.plugins.DetectionPluginTools - 0 nuclei detected (processing time: 12.77 seconds)
2024-10-23 01:00:35 INFO: 01:00:35.159 [task-runner-1-11] [INFO ] q.lib.plugins.DetectionPluginTools - 1 nucleus detected (processing time: 12.78 seconds)
2024-10-23 01:00:35 INFO: 01:00:35.159 [task-runner-1-17] [INFO ] q.lib.plugins.DetectionPluginTools - 1 nucleus detected (processing time: 12.78 seconds)
2024-10-23 01:00:35 INFO: 01:00:35.159 [main] [INFO ] q.l.p.CommandLineTaskRunner$CommandLineProgressMonitor - 0 nuclei detected (2%)
2024-10-23 01:00:35 INFO: 01:00:35.159 [main] [INFO ] q.l.p.CommandLineTaskRunner$CommandLineProgressMonitor - 1 nucleus detected (3%)
2024-10-23 01:00:35 INFO: 01:00:35.159 [task-runner-1-3] [INFO ] q.lib.plugins.DetectionPluginTools - 0 nuclei detected (processing time: 12.79 seconds)
2024-10-23 01:00:35 INFO: 01:00:35.159 [main] [INFO ] q.l.p.CommandLineTaskRunner$CommandLineProgressMonitor - 0 nuclei detected (4%)
2024-10-23 01:00:35 INFO: 01:00:35.160 [task-runner-1-32] [INFO ] q.lib.plugins.DetectionPluginTools - 0 nuclei detected (processing time: 12.78 seconds)
2024-10-23 01:00:35 INFO: 01:00:35.160 [task-runner-1-10] [INFO ] q.lib.plugins.DetectionPluginTools - 1 nucleus detected (processing time: 12.79 seconds)
2024-10-23 01:00:35 INFO: 01:00:35.160 [main] [INFO ] q.l.p.CommandLineTaskRunner$CommandLineProgressMonitor - 1 nucleus detected (5%)
2024-10-23 01:00:35 INFO: 01:00:35.170 [task-runner-1-30] [INFO ] q.lib.plugins.DetectionPluginTools - 3 nuclei detected (processing time: 12.79 seconds)
2024-10-23 01:00:35 INFO: 01:00:35.170 [task-runner-1-27] [INFO ] q.lib.plugins.DetectionPluginTools - 1 nucleus detected (processing time: 12.79 seconds)
2024-10-23 01:00:35 INFO: 01:00:35.170 [task-runner-1-1] [INFO ] q.lib.plugins.DetectionPluginTools - 2 nuclei detected (processing time: 12.80 seconds)
2024-10-23 01:00:35 INFO: 01:00:35.171 [main] [INFO ] q.l.p.CommandLineTaskRunner$CommandLineProgressMonitor - 3 nuclei detected (6%)
2024-10-23 01:00:35 INFO: 01:00:35.171 [main] [INFO ] q.l.p.CommandLineTaskRunner$CommandLineProgressMonitor - 1 nucleus detected (6%)
2024-10-23 01:00:35 INFO: 01:00:35.171 [main] [INFO ] q.l.p.CommandLineTaskRunner$CommandLineProgressMonitor - 2 nuclei detected (7%)
2024-10-23 01:00:35 INFO: 01:00:35.172 [task-runner-1-4] [INFO ] q.lib.plugins.DetectionPluginTools - 1 nucleus detected (processing time: 12.80 seconds)
2024-10-23 01:00:35 INFO: 01:00:35.172 [main] [INFO ] q.l.p.CommandLineTaskRunner$CommandLineProgressMonitor - 1 nucleus detected (8%)
2024-10-23 01:00:35 INFO: 01:00:35.173 [task-runner-1-15] [INFO ] q.lib.plugins.DetectionPluginTools - 2 nuclei detected (processing time: 12.80 seconds)
2024-10-23 01:00:35 INFO: 01:00:35.173 [task-runner-1-2] [INFO ] q.lib.plugins.DetectionPluginTools - 3 nuclei detected (processing time: 12.80 seconds)
2024-10-23 01:00:35 INFO: 01:00:35.173 [task-runner-1-14] [INFO ] q.lib.plugins.DetectionPluginTools - 5 nuclei detected (processing time: 12.80 seconds)
2024-10-23 01:00:35 INFO: 01:00:35.173 [main] [INFO ] q.l.p.CommandLineTaskRunner$CommandLineProgressMonitor - 2 nuclei detected (8%)
2024-10-23 01:00:35 INFO: 01:00:35.173 [main] [INFO ] q.l.p.CommandLineTaskRunner$CommandLineProgressMonitor - 3 nuclei detected (9%)
2024-10-23 01:00:35 INFO: 01:00:35.173 [main] [INFO ] q.l.p.CommandLineTaskRunner$CommandLineProgressMonitor - 5 nuclei detected (9%)
2024-10-23 01:00:35 INFO: 01:00:35.179 [task-runner-1-29] [INFO ] q.lib.plugins.DetectionPluginTools - 7 nuclei detected (processing time: 12.80 seconds)
2024-10-23 01:00:35 INFO: 01:00:35.190 [main] [INFO ] q.l.p.CommandLineTaskRunner$CommandLineProgressMonitor - 7 nuclei detected (10%)
2024-10-23 01:00:35 INFO: 01:00:35.190 [task-runner-1-6] [INFO ] q.lib.plugins.DetectionPluginTools - 4 nuclei detected (processing time: 12.82 seconds)
2024-10-23 01:00:35 INFO: 01:00:35.190 [main] [INFO ] q.l.p.CommandLineTaskRunner$CommandLineProgressMonitor - 4 nuclei detected (11%)
2024-10-23 01:00:35 INFO: 01:00:35.198 [task-runner-1-47] [INFO ] q.lib.plugins.DetectionPluginTools - 9 nuclei detected (processing time: 12.82 seconds)
2024-10-23 01:00:35 INFO: 01:00:35.199 [main] [INFO ] q.l.p.CommandLineTaskRunner$CommandLineProgressMonitor - 9 nuclei detected (11%)
2024-10-23 01:00:35 INFO: 01:00:35.201 [task-runner-1-13] [INFO ] q.lib.plugins.DetectionPluginTools - 8 nuclei detected (processing time: 12.83 seconds)
2024-10-23 01:00:35 INFO: 01:00:35.201 [main] [INFO ] q.l.p.CommandLineTaskRunner$CommandLineProgressMonitor - 8 nuclei detected (12%)
2024-10-23 01:00:35 INFO: 01:00:35.239 [task-runner-1-31] [INFO ] q.lib.plugins.DetectionPluginTools - 16 nuclei detected (processing time: 12.86 seconds)
2024-10-23 01:00:35 INFO: 01:00:35.248 [main] [INFO ] q.l.p.CommandLineTaskRunner$CommandLineProgressMonitor - 16 nuclei detected (13%)
2024-10-23 01:00:35 INFO: 01:00:35.271 [task-runner-1-28] [INFO ] q.lib.plugins.DetectionPluginTools - 32 nuclei detected (processing time: 12.89 seconds)
2024-10-23 01:00:35 INFO: 01:00:35.274 [main] [INFO ] q.l.p.CommandLineTaskRunner$CommandLineProgressMonitor - 32 nuclei detected (13%)
2024-10-23 01:00:35 INFO: 01:00:35.292 [task-runner-1-26] [INFO ] q.lib.plugins.DetectionPluginTools - 59 nuclei detected (processing time: 12.92 seconds)
2024-10-23 01:00:35 INFO: 01:00:35.293 [main] [INFO ] q.l.p.CommandLineTaskRunner$CommandLineProgressMonitor - 59 nuclei detected (14%)
2024-10-23 01:00:35 INFO: 01:00:35.333 [task-runner-1-5] [INFO ] q.lib.plugins.DetectionPluginTools - 57 nuclei detected (processing time: 12.96 seconds)
2024-10-23 01:00:35 INFO: 01:00:35.341 [main] [INFO ] q.l.p.CommandLineTaskRunner$CommandLineProgressMonitor - 57 nuclei detected (14%)
2024-10-23 01:00:35 INFO: 01:00:35.476 [task-runner-1-46] [INFO ] q.lib.plugins.DetectionPluginTools - 84 nuclei detected (processing time: 13.09 seconds)
2024-10-23 01:00:35 INFO: 01:00:35.476 [main] [INFO ] q.l.p.CommandLineTaskRunner$CommandLineProgressMonitor - 84 nuclei detected (15%)
2024-10-23 01:00:35 INFO: 01:00:35.688 [task-runner-1-49] [INFO ] q.lib.plugins.DetectionPluginTools - 152 nuclei detected (processing time: 13.31 seconds)
2024-10-23 01:00:35 INFO: 01:00:35.690 [main] [INFO ] q.l.p.CommandLineTaskRunner$CommandLineProgressMonitor - 152 nuclei detected (16%)
2024-10-23 01:00:35 INFO: 01:00:35.711 [task-runner-1-19] [INFO ] q.lib.plugins.DetectionPluginTools - 166 nuclei detected (processing time: 13.34 seconds)
2024-10-23 01:00:35 INFO: 01:00:35.712 [main] [INFO ] q.l.p.CommandLineTaskRunner$CommandLineProgressMonitor - 166 nuclei detected (16%)
2024-10-23 01:00:35 INFO: 01:00:35.715 [task-runner-1-45] [INFO ] q.lib.plugins.DetectionPluginTools - 166 nuclei detected (processing time: 13.34 seconds)
2024-10-23 01:00:35 INFO: 01:00:35.731 [main] [INFO ] q.l.p.CommandLineTaskRunner$CommandLineProgressMonitor - 166 nuclei detected (17%)
2024-10-23 01:00:35 INFO: 01:00:35.741 [task-runner-1-63] [INFO ] q.lib.plugins.DetectionPluginTools - 188 nuclei detected (processing time: 13.36 seconds)
2024-10-23 01:00:35 INFO: 01:00:35.742 [main] [INFO ] q.l.p.CommandLineTaskRunner$CommandLineProgressMonitor - 188 nuclei detected (18%)
2024-10-23 01:00:35 INFO: 01:00:35.780 [task-runner-1-18] [INFO ] q.lib.plugins.DetectionPluginTools - 226 nuclei detected (processing time: 13.40 seconds)
2024-10-23 01:00:35 INFO: 01:00:35.781 [main] [INFO ] q.l.p.CommandLineTaskRunner$CommandLineProgressMonitor - 226 nuclei detected (18%)
2024-10-23 01:00:35 INFO: 01:00:35.828 [task-runner-1-62] [INFO ] q.lib.plugins.DetectionPluginTools - 301 nuclei detected (processing time: 13.44 seconds)
2024-10-23 01:00:35 INFO: 01:00:35.830 [main] [INFO ] q.l.p.CommandLineTaskRunner$CommandLineProgressMonitor - 301 nuclei detected (19%)
2024-10-23 01:00:35 INFO: 01:00:35.851 [task-runner-1-25] [INFO ] q.lib.plugins.DetectionPluginTools - 376 nuclei detected (processing time: 13.47 seconds)
2024-10-23 01:00:35 INFO: 01:00:35.853 [main] [INFO ] q.l.p.CommandLineTaskRunner$CommandLineProgressMonitor - 376 nuclei detected (19%)
2024-10-23 01:00:35 INFO: 01:00:35.854 [task-runner-1-35] [INFO ] q.lib.plugins.DetectionPluginTools - 337 nuclei detected (processing time: 13.48 seconds)
2024-10-23 01:00:35 INFO: 01:00:35.855 [main] [INFO ] q.l.p.CommandLineTaskRunner$CommandLineProgressMonitor - 337 nuclei detected (20%)
2024-10-23 01:00:35 INFO: 01:00:35.875 [task-runner-1-50] [INFO ] q.lib.plugins.DetectionPluginTools - 342 nuclei detected (processing time: 13.49 seconds)
2024-10-23 01:00:35 INFO: 01:00:35.876 [main] [INFO ] q.l.p.CommandLineTaskRunner$CommandLineProgressMonitor - 342 nuclei detected (21%)
2024-10-23 01:00:35 INFO: 01:00:35.882 [task-runner-1-34] [INFO ] q.lib.plugins.DetectionPluginTools - 426 nuclei detected (processing time: 13.50 seconds)
2024-10-23 01:00:35 INFO: 01:00:35.885 [main] [INFO ] q.l.p.CommandLineTaskRunner$CommandLineProgressMonitor - 426 nuclei detected (21%)
2024-10-23 01:00:35 INFO: 01:00:35.895 [task-runner-1-61] [INFO ] q.lib.plugins.DetectionPluginTools - 365 nuclei detected (processing time: 13.51 seconds)
2024-10-23 01:00:35 INFO: 01:00:35.896 [main] [INFO ] q.l.p.CommandLineTaskRunner$CommandLineProgressMonitor - 365 nuclei detected (22%)
2024-10-23 01:00:35 INFO: 01:00:35.905 [task-runner-1-44] [INFO ] q.lib.plugins.DetectionPluginTools - 416 nuclei detected (processing time: 13.53 seconds)
2024-10-23 01:00:35 INFO: 01:00:35.906 [main] [INFO ] q.l.p.CommandLineTaskRunner$CommandLineProgressMonitor - 416 nuclei detected (23%)
2024-10-23 01:00:35 INFO: 01:00:35.985 [task-runner-1-20] [INFO ] q.lib.plugins.DetectionPluginTools - 666 nuclei detected (processing time: 13.61 seconds)
2024-10-23 01:00:35 INFO: 01:00:35.987 [main] [INFO ] q.l.p.CommandLineTaskRunner$CommandLineProgressMonitor - 666 nuclei detected (23%)
2024-10-23 01:00:37 INFO: 01:00:37.438 [task-runner-1-7] [INFO ] q.lib.plugins.DetectionPluginTools - 1 nucleus detected (processing time: 15.06 seconds)
2024-10-23 01:00:37 INFO: 01:00:37.438 [task-runner-1-9] [INFO ] q.lib.plugins.DetectionPluginTools - 0 nuclei detected (processing time: 15.06 seconds)
2024-10-23 01:00:37 INFO: 01:00:37.439 [main] [INFO ] q.l.p.CommandLineTaskRunner$CommandLineProgressMonitor - 1 nucleus detected (24%)
2024-10-23 01:00:37 INFO: 01:00:37.440 [main] [INFO ] q.l.p.CommandLineTaskRunner$CommandLineProgressMonitor - 0 nuclei detected (24%)
2024-10-23 01:00:37 INFO: 01:00:37.463 [task-runner-1-8] [INFO ] q.lib.plugins.DetectionPluginTools - 1 nucleus detected (processing time: 15.09 seconds)
2024-10-23 01:00:37 INFO: 01:00:37.464 [main] [INFO ] q.l.p.CommandLineTaskRunner$CommandLineProgressMonitor - 1 nucleus detected (25%)
2024-10-23 01:00:37 INFO: 01:00:37.637 [task-runner-1-33] [INFO ] q.lib.plugins.DetectionPluginTools - 245 nuclei detected (processing time: 15.26 seconds)
2024-10-23 01:00:37 INFO: 01:00:37.638 [main] [INFO ] q.l.p.CommandLineTaskRunner$CommandLineProgressMonitor - 245 nuclei detected (26%)
2024-10-23 01:00:38 INFO: 01:00:38.127 [task-runner-1-51] [INFO ] q.lib.plugins.DetectionPluginTools - 982 nuclei detected (processing time: 15.75 seconds)
2024-10-23 01:00:38 INFO: 01:00:38.128 [main] [INFO ] q.l.p.CommandLineTaskRunner$CommandLineProgressMonitor - 982 nuclei detected (26%)
2024-10-23 01:00:38 INFO: 01:00:38.174 [task-runner-1-24] [INFO ] q.lib.plugins.DetectionPluginTools - 999 nuclei detected (processing time: 15.80 seconds)
2024-10-23 01:00:38 INFO: 01:00:38.179 [main] [INFO ] q.l.p.CommandLineTaskRunner$CommandLineProgressMonitor - 999 nuclei detected (27%)
2024-10-23 01:00:38 INFO: 01:00:38.207 [task-runner-1-23] [INFO ] q.lib.plugins.DetectionPluginTools - 1045 nuclei detected (processing time: 15.83 seconds)
2024-10-23 01:00:38 INFO: 01:00:38.208 [main] [INFO ] q.l.p.CommandLineTaskRunner$CommandLineProgressMonitor - 1045 nuclei detected (28%)
2024-10-23 01:00:38 INFO: 01:00:38.332 [task-runner-1-43] [INFO ] q.lib.plugins.DetectionPluginTools - 1158 nuclei detected (processing time: 15.95 seconds)
2024-10-23 01:00:38 INFO: 01:00:38.333 [main] [INFO ] q.l.p.CommandLineTaskRunner$CommandLineProgressMonitor - 1158 nuclei detected (28%)
2024-10-23 01:00:39 INFO: 01:00:39.327 [task-runner-1-60] [INFO ] q.lib.plugins.DetectionPluginTools - 1411 nuclei detected (processing time: 16.94 seconds)
2024-10-23 01:00:39 INFO: 01:00:39.329 [main] [INFO ] q.l.p.CommandLineTaskRunner$CommandLineProgressMonitor - 1411 nuclei detected (29%)
2024-10-23 01:00:40 INFO: 01:00:40.006 [task-runner-1-22] [INFO ] q.lib.plugins.DetectionPluginTools - 1458 nuclei detected (processing time: 17.63 seconds)
2024-10-23 01:00:40 INFO: 01:00:40.007 [main] [INFO ] q.l.p.CommandLineTaskRunner$CommandLineProgressMonitor - 1458 nuclei detected (29%)
2024-10-23 01:00:42 INFO: 01:00:42.100 [task-runner-1-12] [INFO ] q.lib.plugins.DetectionPluginTools - 1 nucleus detected (processing time: 6.94 seconds)
2024-10-23 01:00:42 INFO: 01:00:42.102 [main] [INFO ] q.l.p.CommandLineTaskRunner$CommandLineProgressMonitor - 1 nucleus detected (30%)
2024-10-23 01:00:42 INFO: 01:00:42.560 [task-runner-1-36] [INFO ] q.lib.plugins.DetectionPluginTools - 2203 nuclei detected (processing time: 20.18 seconds)
2024-10-23 01:00:42 INFO: 01:00:42.561 [main] [INFO ] q.l.p.CommandLineTaskRunner$CommandLineProgressMonitor - 2203 nuclei detected (31%)
2024-10-23 01:00:42 INFO: 01:00:42.593 [task-runner-1-6] [INFO ] q.lib.plugins.DetectionPluginTools - 0 nuclei detected (processing time: 7.40 seconds)
2024-10-23 01:00:42 INFO: 01:00:42.595 [main] [INFO ] q.l.p.CommandLineTaskRunner$CommandLineProgressMonitor - 0 nuclei detected (31%)
2024-10-23 01:00:43 INFO: 01:00:43.546 [task-runner-1-59] [INFO ] q.lib.plugins.DetectionPluginTools - 3089 nuclei detected (processing time: 21.16 seconds)
2024-10-23 01:00:43 INFO: 01:00:43.547 [main] [INFO ] q.l.p.CommandLineTaskRunner$CommandLineProgressMonitor - 3089 nuclei detected (32%)
2024-10-23 01:00:43 INFO: 01:00:43.655 [task-runner-1-50] [INFO ] q.lib.plugins.DetectionPluginTools - 3 nuclei detected (processing time: 7.78 seconds)
2024-10-23 01:00:43 INFO: 01:00:43.657 [main] [INFO ] q.l.p.CommandLineTaskRunner$CommandLineProgressMonitor - 3 nuclei detected (33%)
2024-10-23 01:00:43 INFO: 01:00:43.842 [task-runner-1-48] [INFO ] q.lib.plugins.DetectionPluginTools - 396 nuclei detected (processing time: 8.68 seconds)
2024-10-23 01:00:43 INFO: 01:00:43.843 [main] [INFO ] q.l.p.CommandLineTaskRunner$CommandLineProgressMonitor - 396 nuclei detected (33%)
2024-10-23 01:00:43 INFO: 01:00:43.895 [task-runner-1-16] [INFO ] q.lib.plugins.DetectionPluginTools - 130 nuclei detected (processing time: 8.74 seconds)
2024-10-23 01:00:43 INFO: 01:00:43.897 [main] [INFO ] q.l.p.CommandLineTaskRunner$CommandLineProgressMonitor - 130 nuclei detected (34%)
2024-10-23 01:00:43 INFO: 01:00:43.911 [task-runner-1-35] [INFO ] q.lib.plugins.DetectionPluginTools - 161 nuclei detected (processing time: 8.06 seconds)
2024-10-23 01:00:43 INFO: 01:00:43.913 [main] [INFO ] q.l.p.CommandLineTaskRunner$CommandLineProgressMonitor - 161 nuclei detected (34%)
2024-10-23 01:00:44 INFO: 01:00:44.343 [task-runner-1-47] [INFO ] q.lib.plugins.DetectionPluginTools - 125 nuclei detected (processing time: 9.14 seconds)
2024-10-23 01:00:44 INFO: 01:00:44.346 [main] [INFO ] q.l.p.CommandLineTaskRunner$CommandLineProgressMonitor - 125 nuclei detected (35%)
2024-10-23 01:00:44 INFO: 01:00:44.438 [task-runner-1-13] [INFO ] q.lib.plugins.DetectionPluginTools - 179 nuclei detected (processing time: 9.24 seconds)
2024-10-23 01:00:44 INFO: 01:00:44.447 [task-runner-1-29] [INFO ] q.lib.plugins.DetectionPluginTools - 287 nuclei detected (processing time: 9.26 seconds)
2024-10-23 01:00:44 INFO: 01:00:44.447 [main] [INFO ] q.l.p.CommandLineTaskRunner$CommandLineProgressMonitor - 287 nuclei detected (36%)
2024-10-23 01:00:44 INFO: 01:00:44.471 [main] [INFO ] q.l.p.CommandLineTaskRunner$CommandLineProgressMonitor - 179 nuclei detected (36%)
2024-10-23 01:00:44 INFO: 01:00:44.636 [task-runner-1-61] [INFO ] q.lib.plugins.DetectionPluginTools - 170 nuclei detected (processing time: 8.74 seconds)
2024-10-23 01:00:44 INFO: 01:00:44.639 [main] [INFO ] q.l.p.CommandLineTaskRunner$CommandLineProgressMonitor - 170 nuclei detected (37%)
2024-10-23 01:00:44 INFO: 01:00:44.928 [task-runner-1-40] [INFO ] q.lib.plugins.DetectionPluginTools - 2335 nuclei detected (processing time: 22.55 seconds)
2024-10-23 01:00:44 INFO: 01:00:44.930 [main] [INFO ] q.l.p.CommandLineTaskRunner$CommandLineProgressMonitor - 2335 nuclei detected (38%)
2024-10-23 01:00:45 INFO: 01:00:45.127 [task-runner-1-34] [INFO ] q.lib.plugins.DetectionPluginTools - 154 nuclei detected (processing time: 9.25 seconds)
2024-10-23 01:00:45 INFO: 01:00:45.129 [main] [INFO ] q.l.p.CommandLineTaskRunner$CommandLineProgressMonitor - 154 nuclei detected (38%)
2024-10-23 01:00:45 INFO: 01:00:45.309 [task-runner-1-21] [INFO ] q.lib.plugins.DetectionPluginTools - 3821 nuclei detected (processing time: 22.93 seconds)
2024-10-23 01:00:45 INFO: 01:00:45.311 [main] [INFO ] q.l.p.CommandLineTaskRunner$CommandLineProgressMonitor - 3821 nuclei detected (39%)
2024-10-23 01:00:45 INFO: 01:00:45.361 [task-runner-1-11] [INFO ] q.lib.plugins.DetectionPluginTools - 579 nuclei detected (processing time: 10.20 seconds)
2024-10-23 01:00:45 INFO: 01:00:45.361 [main] [INFO ] q.l.p.CommandLineTaskRunner$CommandLineProgressMonitor - 579 nuclei detected (39%)
2024-10-23 01:00:45 INFO: 01:00:45.789 [task-runner-1-52] [INFO ] q.lib.plugins.DetectionPluginTools - 2767 nuclei detected (processing time: 23.41 seconds)
2024-10-23 01:00:45 INFO: 01:00:45.791 [main] [INFO ] q.l.p.CommandLineTaskRunner$CommandLineProgressMonitor - 2767 nuclei detected (40%)
2024-10-23 01:00:45 INFO: 01:00:45.822 [task-runner-1-44] [INFO ] q.lib.plugins.DetectionPluginTools - 289 nuclei detected (processing time: 9.92 seconds)
2024-10-23 01:00:45 INFO: 01:00:45.824 [main] [INFO ] q.l.p.CommandLineTaskRunner$CommandLineProgressMonitor - 289 nuclei detected (41%)
2024-10-23 01:00:45 INFO: 01:00:45.939 [task-runner-1-42] [INFO ] q.lib.plugins.DetectionPluginTools - 2944 nuclei detected (processing time: 23.56 seconds)
2024-10-23 01:00:45 INFO: 01:00:45.943 [main] [INFO ] q.l.p.CommandLineTaskRunner$CommandLineProgressMonitor - 2944 nuclei detected (41%)
2024-10-23 01:00:46 INFO: 01:00:46.953 [task-runner-1-41] [INFO ] q.lib.plugins.DetectionPluginTools - 2821 nuclei detected (processing time: 24.57 seconds)
2024-10-23 01:00:46 INFO: 01:00:46.954 [main] [INFO ] q.l.p.CommandLineTaskRunner$CommandLineProgressMonitor - 2821 nuclei detected (42%)
2024-10-23 01:00:47 INFO: 01:00:47.077 [task-runner-1-31] [INFO ] q.lib.plugins.DetectionPluginTools - 854 nuclei detected (processing time: 11.83 seconds)
2024-10-23 01:00:47 INFO: 01:00:47.078 [main] [INFO ] q.l.p.CommandLineTaskRunner$CommandLineProgressMonitor - 854 nuclei detected (43%)
2024-10-23 01:00:47 INFO: 01:00:47.406 [task-runner-1-38] [INFO ] q.lib.plugins.DetectionPluginTools - 4238 nuclei detected (processing time: 25.03 seconds)
2024-10-23 01:00:47 INFO: 01:00:47.408 [main] [INFO ] q.l.p.CommandLineTaskRunner$CommandLineProgressMonitor - 4238 nuclei detected (43%)
2024-10-23 01:00:47 INFO: 01:00:47.528 [task-runner-1-15] [INFO ] q.lib.plugins.DetectionPluginTools - 836 nuclei detected (processing time: 12.36 seconds)
2024-10-23 01:00:47 INFO: 01:00:47.529 [main] [INFO ] q.l.p.CommandLineTaskRunner$CommandLineProgressMonitor - 836 nuclei detected (44%)
2024-10-23 01:00:48 INFO: 01:00:48.094 [task-runner-1-58] [INFO ] q.lib.plugins.DetectionPluginTools - 3008 nuclei detected (processing time: 25.71 seconds)
2024-10-23 01:00:48 INFO: 01:00:48.096 [main] [INFO ] q.l.p.CommandLineTaskRunner$CommandLineProgressMonitor - 3008 nuclei detected (44%)
2024-10-23 01:00:48 INFO: 01:00:48.197 [task-runner-1-39] [INFO ] q.lib.plugins.DetectionPluginTools - 3279 nuclei detected (processing time: 25.82 seconds)
2024-10-23 01:00:48 INFO: 01:00:48.199 [main] [INFO ] q.l.p.CommandLineTaskRunner$CommandLineProgressMonitor - 3279 nuclei detected (45%)
2024-10-23 01:00:48 INFO: 01:00:48.820 [task-runner-1-55] [INFO ] q.lib.plugins.DetectionPluginTools - 3585 nuclei detected (processing time: 26.44 seconds)
2024-10-23 01:00:48 INFO: 01:00:48.824 [main] [INFO ] q.l.p.CommandLineTaskRunner$CommandLineProgressMonitor - 3585 nuclei detected (46%)
2024-10-23 01:00:48 INFO: 01:00:48.845 [task-runner-1-37] [INFO ] q.lib.plugins.DetectionPluginTools - 4645 nuclei detected (processing time: 26.47 seconds)
2024-10-23 01:00:48 INFO: 01:00:48.847 [main] [INFO ] q.l.p.CommandLineTaskRunner$CommandLineProgressMonitor - 4645 nuclei detected (46%)
2024-10-23 01:00:48 INFO: 01:00:48.899 [task-runner-1-12] [INFO ] q.lib.plugins.DetectionPluginTools - 45 nuclei detected (processing time: 6.80 seconds)
2024-10-23 01:00:48 INFO: 01:00:48.901 [main] [INFO ] q.l.p.CommandLineTaskRunner$CommandLineProgressMonitor - 45 nuclei detected (47%)
2024-10-23 01:00:49 INFO: 01:00:49.076 [task-runner-1-25] [INFO ] q.lib.plugins.DetectionPluginTools - 923 nuclei detected (processing time: 13.22 seconds)
2024-10-23 01:00:49 INFO: 01:00:49.077 [main] [INFO ] q.l.p.CommandLineTaskRunner$CommandLineProgressMonitor - 923 nuclei detected (48%)
2024-10-23 01:00:49 INFO: 01:00:49.534 [task-runner-1-36] [INFO ] q.lib.plugins.DetectionPluginTools - 1 nucleus detected (processing time: 6.97 seconds)
2024-10-23 01:00:49 INFO: 01:00:49.536 [main] [INFO ] q.l.p.CommandLineTaskRunner$CommandLineProgressMonitor - 1 nucleus detected (48%)
2024-10-23 01:00:50 INFO: 01:00:50.693 [task-runner-1-56] [INFO ] q.lib.plugins.DetectionPluginTools - 4463 nuclei detected (processing time: 28.31 seconds)
2024-10-23 01:00:50 INFO: 01:00:50.694 [main] [INFO ] q.l.p.CommandLineTaskRunner$CommandLineProgressMonitor - 4463 nuclei detected (49%)
2024-10-23 01:00:50 INFO: 01:00:50.867 [task-runner-1-53] [INFO ] q.lib.plugins.DetectionPluginTools - 6335 nuclei detected (processing time: 28.48 seconds)
2024-10-23 01:00:50 INFO: 01:00:50.868 [main] [INFO ] q.l.p.CommandLineTaskRunner$CommandLineProgressMonitor - 6335 nuclei detected (49%)
2024-10-23 01:00:50 INFO: 01:00:50.989 [task-runner-1-6] [INFO ] q.lib.plugins.DetectionPluginTools - 362 nuclei detected (processing time: 8.40 seconds)
2024-10-23 01:00:50 INFO: 01:00:50.994 [main] [INFO ] q.l.p.CommandLineTaskRunner$CommandLineProgressMonitor - 362 nuclei detected (50%)
2024-10-23 01:00:51 INFO: 01:00:51.288 [task-runner-1-54] [INFO ] q.lib.plugins.DetectionPluginTools - 4952 nuclei detected (processing time: 28.91 seconds)
2024-10-23 01:00:51 INFO: 01:00:51.288 [main] [INFO ] q.l.p.CommandLineTaskRunner$CommandLineProgressMonitor - 4952 nuclei detected (51%)
2024-10-23 01:00:51 INFO: 01:00:51.531 [task-runner-1-14] [INFO ] q.lib.plugins.DetectionPluginTools - 1628 nuclei detected (processing time: 16.36 seconds)
2024-10-23 01:00:51 INFO: 01:00:51.532 [main] [INFO ] q.l.p.CommandLineTaskRunner$CommandLineProgressMonitor - 1628 nuclei detected (51%)
2024-10-23 01:00:51 INFO: 01:00:51.665 [task-runner-1-57] [INFO ] q.lib.plugins.DetectionPluginTools - 3776 nuclei detected (processing time: 29.28 seconds)
2024-10-23 01:00:51 INFO: 01:00:51.665 [main] [INFO ] q.l.p.CommandLineTaskRunner$CommandLineProgressMonitor - 3776 nuclei detected (52%)
2024-10-23 01:00:51 INFO: 01:00:51.892 [task-runner-1-59] [INFO ] q.lib.plugins.DetectionPluginTools - 315 nuclei detected (processing time: 8.35 seconds)
2024-10-23 01:00:51 INFO: 01:00:51.894 [main] [INFO ] q.l.p.CommandLineTaskRunner$CommandLineProgressMonitor - 315 nuclei detected (53%)
2024-10-23 01:00:52 INFO: 01:00:52.149 [task-runner-1-44] [INFO ] q.lib.plugins.DetectionPluginTools - 0 nuclei detected (processing time: 6.33 seconds)
2024-10-23 01:00:52 INFO: 01:00:52.150 [main] [INFO ] q.l.p.CommandLineTaskRunner$CommandLineProgressMonitor - 0 nuclei detected (53%)
2024-10-23 01:00:52 INFO: 01:00:52.539 [task-runner-1-52] [INFO ] q.lib.plugins.DetectionPluginTools - 0 nuclei detected (processing time: 6.75 seconds)
2024-10-23 01:00:52 INFO: 01:00:52.540 [main] [INFO ] q.l.p.CommandLineTaskRunner$CommandLineProgressMonitor - 0 nuclei detected (54%)
2024-10-23 01:00:52 INFO: 01:00:52.648 [task-runner-1-42] [INFO ] q.lib.plugins.DetectionPluginTools - 116 nuclei detected (processing time: 6.70 seconds)
2024-10-23 01:00:52 INFO: 01:00:52.649 [main] [INFO ] q.l.p.CommandLineTaskRunner$CommandLineProgressMonitor - 116 nuclei detected (54%)
2024-10-23 01:00:53 INFO: 01:00:53.715 [task-runner-1-31] [INFO ] q.lib.plugins.DetectionPluginTools - 81 nuclei detected (processing time: 6.64 seconds)
2024-10-23 01:00:53 INFO: 01:00:53.717 [main] [INFO ] q.l.p.CommandLineTaskRunner$CommandLineProgressMonitor - 81 nuclei detected (55%)
2024-10-23 01:00:53 INFO: 01:00:53.939 [task-runner-1-41] [INFO ] q.lib.plugins.DetectionPluginTools - 78 nuclei detected (processing time: 6.98 seconds)
2024-10-23 01:00:53 INFO: 01:00:53.942 [main] [INFO ] q.l.p.CommandLineTaskRunner$CommandLineProgressMonitor - 78 nuclei detected (56%)
2024-10-23 01:00:54 INFO: 01:00:54.299 [task-runner-1-38] [INFO ] q.lib.plugins.DetectionPluginTools - 5 nuclei detected (processing time: 6.89 seconds)
2024-10-23 01:00:54 INFO: 01:00:54.301 [main] [INFO ] q.l.p.CommandLineTaskRunner$CommandLineProgressMonitor - 5 nuclei detected (56%)
2024-10-23 01:00:54 INFO: 01:00:54.561 [task-runner-1-58] [INFO ] q.lib.plugins.DetectionPluginTools - 0 nuclei detected (processing time: 6.47 seconds)
2024-10-23 01:00:54 INFO: 01:00:54.561 [task-runner-1-50] [INFO ] q.lib.plugins.DetectionPluginTools - 355 nuclei detected (processing time: 10.90 seconds)
2024-10-23 01:00:54 INFO: 01:00:54.564 [main] [INFO ] q.l.p.CommandLineTaskRunner$CommandLineProgressMonitor - 0 nuclei detected (57%)
2024-10-23 01:00:54 INFO: 01:00:54.565 [main] [INFO ] q.l.p.CommandLineTaskRunner$CommandLineProgressMonitor - 355 nuclei detected (57%)
2024-10-23 01:00:54 INFO: 01:00:54.581 [task-runner-1-11] [INFO ] q.lib.plugins.DetectionPluginTools - 1136 nuclei detected (processing time: 9.22 seconds)
2024-10-23 01:00:54 INFO: 01:00:54.585 [main] [INFO ] q.l.p.CommandLineTaskRunner$CommandLineProgressMonitor - 1136 nuclei detected (58%)
2024-10-23 01:00:54 INFO: 01:00:54.649 [task-runner-1-55] [INFO ] q.lib.plugins.DetectionPluginTools - 0 nuclei detected (processing time: 5.82 seconds)
2024-10-23 01:00:54 INFO: 01:00:54.651 [main] [INFO ] q.l.p.CommandLineTaskRunner$CommandLineProgressMonitor - 0 nuclei detected (59%)
2024-10-23 01:00:54 INFO: 01:00:54.709 [task-runner-1-39] [INFO ] q.lib.plugins.DetectionPluginTools - 0 nuclei detected (processing time: 6.51 seconds)
2024-10-23 01:00:54 INFO: 01:00:54.779 [task-runner-1-15] [INFO ] q.lib.plugins.DetectionPluginTools - 11 nuclei detected (processing time: 7.25 seconds)
2024-10-23 01:00:54 INFO: 01:00:54.782 [main] [INFO ] q.l.p.CommandLineTaskRunner$CommandLineProgressMonitor - 11 nuclei detected (60%)
2024-10-23 01:00:54 INFO: 01:00:54.963 [task-runner-1-37] [INFO ] q.lib.plugins.DetectionPluginTools - 22 nuclei detected (processing time: 6.12 seconds)
2024-10-23 01:00:54 INFO: 01:00:54.967 [main] [INFO ] q.l.p.CommandLineTaskRunner$CommandLineProgressMonitor - 22 nuclei detected (61%)
2024-10-23 01:00:56 INFO: 01:00:56.030 [task-runner-1-3] [INFO ] q.lib.plugins.DetectionPluginTools - 2989 nuclei detected (processing time: 20.87 seconds)
2024-10-23 01:00:56 INFO: 01:00:56.031 [main] [INFO ] q.l.p.CommandLineTaskRunner$CommandLineProgressMonitor - 2989 nuclei detected (61%)
2024-10-23 01:00:56 INFO: 01:00:56.687 [task-runner-1-22] [INFO ] q.lib.plugins.DetectionPluginTools - 2399 nuclei detected (processing time: 16.68 seconds)
2024-10-23 01:00:56 INFO: 01:00:56.689 [main] [INFO ] q.l.p.CommandLineTaskRunner$CommandLineProgressMonitor - 2399 nuclei detected (62%)
2024-10-23 01:00:56 INFO: 01:00:56.848 [task-runner-1-54] [INFO ] q.lib.plugins.DetectionPluginTools - 0 nuclei detected (processing time: 5.56 seconds)
2024-10-23 01:00:56 INFO: 01:00:56.849 [main] [INFO ] q.l.p.CommandLineTaskRunner$CommandLineProgressMonitor - 0 nuclei detected (63%)
2024-10-23 01:00:56 INFO: 01:00:56.861 [task-runner-1-12] [INFO ] q.lib.plugins.DetectionPluginTools - 361 nuclei detected (processing time: 7.96 seconds)
2024-10-23 01:00:56 INFO: 01:00:56.863 [main] [INFO ] q.l.p.CommandLineTaskRunner$CommandLineProgressMonitor - 361 nuclei detected (63%)
2024-10-23 01:00:56 INFO: 01:00:56.954 [task-runner-1-6] [INFO ] q.lib.plugins.DetectionPluginTools - 0 nuclei detected (processing time: 5.96 seconds)
2024-10-23 01:00:56 INFO: 01:00:56.956 [main] [INFO ] q.l.p.CommandLineTaskRunner$CommandLineProgressMonitor - 0 nuclei detected (64%)
2024-10-23 01:00:57 INFO: 01:00:57.291 [task-runner-1-57] [INFO ] q.lib.plugins.DetectionPluginTools - 1 nucleus detected (processing time: 5.63 seconds)
2024-10-23 01:00:57 INFO: 01:00:57.293 [main] [INFO ] q.l.p.CommandLineTaskRunner$CommandLineProgressMonitor - 1 nucleus detected (64%)
2024-10-23 01:00:57 INFO: 01:00:57.351 [task-runner-1-53] [INFO ] q.lib.plugins.DetectionPluginTools - 0 nuclei detected (processing time: 6.48 seconds)
2024-10-23 01:00:57 INFO: 01:00:57.352 [main] [INFO ] q.l.p.CommandLineTaskRunner$CommandLineProgressMonitor - 0 nuclei detected (65%)
2024-10-23 01:00:57 INFO: 01:00:57.507 [task-runner-1-14] [INFO ] q.lib.plugins.DetectionPluginTools - 10 nuclei detected (processing time: 5.98 seconds)
2024-10-23 01:00:57 INFO: 01:00:57.509 [main] [INFO ] q.l.p.CommandLineTaskRunner$CommandLineProgressMonitor - 10 nuclei detected (66%)
2024-10-23 01:00:58 INFO: 01:00:58.581 [task-runner-1-44] [INFO ] q.lib.plugins.DetectionPluginTools - 1 nucleus detected (processing time: 6.43 seconds)
2024-10-23 01:00:58 INFO: 01:00:58.582 [main] [INFO ] q.l.p.CommandLineTaskRunner$CommandLineProgressMonitor - 1 nucleus detected (66%)
2024-10-23 01:00:58 INFO: 01:00:58.758 [task-runner-1-59] [INFO ] q.lib.plugins.DetectionPluginTools - 0 nuclei detected (processing time: 6.86 seconds)
2024-10-23 01:00:58 INFO: 01:00:58.758 [main] [INFO ] q.l.p.CommandLineTaskRunner$CommandLineProgressMonitor - 0 nuclei detected (67%)
2024-10-23 01:00:58 INFO: 01:00:58.938 [task-runner-1-42] [INFO ] q.lib.plugins.DetectionPluginTools - 0 nuclei detected (processing time: 6.29 seconds)
2024-10-23 01:00:58 INFO: 01:00:58.939 [main] [INFO ] q.l.p.CommandLineTaskRunner$CommandLineProgressMonitor - 0 nuclei detected (68%)
2024-10-23 01:00:59 INFO: 01:00:59.032 [task-runner-1-25] [INFO ] q.lib.plugins.DetectionPluginTools - 1534 nuclei detected (processing time: 9.95 seconds)
2024-10-23 01:00:59 INFO: 01:00:59.033 [main] [INFO ] q.l.p.CommandLineTaskRunner$CommandLineProgressMonitor - 1534 nuclei detected (68%)
2024-10-23 01:00:59 INFO: 01:00:59.407 [task-runner-1-1] [INFO ] q.lib.plugins.DetectionPluginTools - 4039 nuclei detected (processing time: 24.24 seconds)
2024-10-23 01:00:59 INFO: 01:00:59.408 [main] [INFO ] q.l.p.CommandLineTaskRunner$CommandLineProgressMonitor - 4039 nuclei detected (69%)
2024-10-23 01:00:59 INFO: 01:00:59.412 [task-runner-1-11] [INFO ] q.lib.plugins.DetectionPluginTools - 0 nuclei detected (processing time: 4.83 seconds)
2024-10-23 01:00:59 INFO: 01:00:59.412 [main] [INFO ] q.l.p.CommandLineTaskRunner$CommandLineProgressMonitor - 0 nuclei detected (69%)
2024-10-23 01:00:59 INFO: 01:00:59.415 [task-runner-1-47] [INFO ] q.lib.plugins.DetectionPluginTools - 1448 nuclei detected (processing time: 15.07 seconds)
2024-10-23 01:00:59 INFO: 01:00:59.415 [main] [INFO ] q.l.p.CommandLineTaskRunner$CommandLineProgressMonitor - 1448 nuclei detected (70%)
2024-10-23 01:00:59 INFO: 01:00:59.418 [task-runner-1-2] [INFO ] q.lib.plugins.DetectionPluginTools - 3620 nuclei detected (processing time: 24.24 seconds)
2024-10-23 01:00:59 INFO: 01:00:59.418 [main] [INFO ] q.l.p.CommandLineTaskRunner$CommandLineProgressMonitor - 3620 nuclei detected (71%)
2024-10-23 01:00:59 INFO: 01:00:59.449 [task-runner-1-52] [INFO ] q.lib.plugins.DetectionPluginTools - 1 nucleus detected (processing time: 6.91 seconds)
2024-10-23 01:00:59 INFO: 01:00:59.450 [main] [INFO ] q.l.p.CommandLineTaskRunner$CommandLineProgressMonitor - 1 nucleus detected (71%)
2024-10-23 01:00:59 INFO: 01:00:59.470 [task-runner-1-35] [INFO ] q.lib.plugins.DetectionPluginTools - 1438 nuclei detected (processing time: 15.56 seconds)
2024-10-23 01:00:59 INFO: 01:00:59.471 [main] [INFO ] q.l.p.CommandLineTaskRunner$CommandLineProgressMonitor - 1438 nuclei detected (72%)
2024-10-23 01:00:59 INFO: 01:00:59.566 [task-runner-1-28] [INFO ] q.lib.plugins.DetectionPluginTools - 3384 nuclei detected (processing time: 24.29 seconds)
2024-10-23 01:00:59 INFO: 01:00:59.567 [main] [INFO ] q.l.p.CommandLineTaskRunner$CommandLineProgressMonitor - 3384 nuclei detected (73%)
2024-10-23 01:00:59 INFO: 01:00:59.570 [task-runner-1-31] [INFO ] q.lib.plugins.DetectionPluginTools - 1 nucleus detected (processing time: 5.85 seconds)
2024-10-23 01:00:59 INFO: 01:00:59.571 [main] [INFO ] q.l.p.CommandLineTaskRunner$CommandLineProgressMonitor - 1 nucleus detected (73%)
2024-10-23 01:00:59 INFO: 01:00:59.572 [task-runner-1-37] [INFO ] q.lib.plugins.DetectionPluginTools - 0 nuclei detected (processing time: 4.60 seconds)
2024-10-23 01:00:59 INFO: 01:00:59.572 [main] [INFO ] q.l.p.CommandLineTaskRunner$CommandLineProgressMonitor - 0 nuclei detected (74%)
2024-10-23 01:00:59 INFO: 01:00:59.895 [task-runner-1-9] [INFO ] q.lib.plugins.DetectionPluginTools - 3057 nuclei detected (processing time: 22.46 seconds)
2024-10-23 01:00:59 INFO: 01:00:59.895 [main] [INFO ] q.l.p.CommandLineTaskRunner$CommandLineProgressMonitor - 3057 nuclei detected (74%)
2024-10-23 01:00:59 INFO: 01:00:59.917 [task-runner-1-38] [INFO ] q.lib.plugins.DetectionPluginTools - 0 nuclei detected (processing time: 5.62 seconds)
2024-10-23 01:00:59 INFO: 01:00:59.917 [main] [INFO ] q.l.p.CommandLineTaskRunner$CommandLineProgressMonitor - 0 nuclei detected (75%)
2024-10-23 01:01:00 INFO: 01:01:00.005 [task-runner-1-20] [INFO ] q.lib.plugins.DetectionPluginTools - 2844 nuclei detected (processing time: 24.02 seconds)
2024-10-23 01:01:00 INFO: 01:01:00.006 [main] [INFO ] q.l.p.CommandLineTaskRunner$CommandLineProgressMonitor - 2844 nuclei detected (76%)
2024-10-23 01:01:00 INFO: 01:01:00.166 [task-runner-1-55] [INFO ] q.lib.plugins.DetectionPluginTools - 0 nuclei detected (processing time: 5.52 seconds)
2024-10-23 01:01:00 INFO: 01:01:00.167 [main] [INFO ] q.l.p.CommandLineTaskRunner$CommandLineProgressMonitor - 0 nuclei detected (76%)
2024-10-23 01:01:00 INFO: 01:01:00.329 [task-runner-1-8] [INFO ] q.lib.plugins.DetectionPluginTools - 3170 nuclei detected (processing time: 22.87 seconds)
2024-10-23 01:01:00 INFO: 01:01:00.330 [main] [INFO ] q.l.p.CommandLineTaskRunner$CommandLineProgressMonitor - 3170 nuclei detected (77%)
2024-10-23 01:01:00 INFO: 01:01:00.336 [task-runner-1-15] [INFO ] q.lib.plugins.DetectionPluginTools - 0 nuclei detected (processing time: 5.55 seconds)
2024-10-23 01:01:00 INFO: 01:01:00.337 [main] [INFO ] q.l.p.CommandLineTaskRunner$CommandLineProgressMonitor - 0 nuclei detected (78%)
2024-10-23 01:01:00 INFO: 01:01:00.342 [task-runner-1-62] [INFO ] q.lib.plugins.DetectionPluginTools - 2815 nuclei detected (processing time: 24.51 seconds)
2024-10-23 01:01:00 INFO: 01:01:00.343 [main] [INFO ] q.l.p.CommandLineTaskRunner$CommandLineProgressMonitor - 2815 nuclei detected (78%)
2024-10-23 01:01:00 INFO: 01:01:00.581 [task-runner-1-41] [INFO ] q.lib.plugins.DetectionPluginTools - 1 nucleus detected (processing time: 6.64 seconds)
2024-10-23 01:01:00 INFO: 01:01:00.581 [main] [INFO ] q.l.p.CommandLineTaskRunner$CommandLineProgressMonitor - 1 nucleus detected (79%)
2024-10-23 01:01:00 INFO: 01:01:00.591 [task-runner-1-4] [INFO ] q.lib.plugins.DetectionPluginTools - 3730 nuclei detected (processing time: 25.42 seconds)
2024-10-23 01:01:00 INFO: 01:01:00.591 [main] [INFO ] q.l.p.CommandLineTaskRunner$CommandLineProgressMonitor - 3730 nuclei detected (79%)
2024-10-23 01:01:00 INFO: 01:01:00.633 [task-runner-1-7] [INFO ] q.lib.plugins.DetectionPluginTools - 3955 nuclei detected (processing time: 23.19 seconds)
2024-10-23 01:01:00 INFO: 01:01:00.634 [main] [INFO ] q.l.p.CommandLineTaskRunner$CommandLineProgressMonitor - 3955 nuclei detected (80%)
2024-10-23 01:01:00 INFO: 01:01:00.670 [task-runner-1-39] [INFO ] q.lib.plugins.DetectionPluginTools - 0 nuclei detected (processing time: 5.96 seconds)
2024-10-23 01:01:00 INFO: 01:01:00.670 [main] [INFO ] q.l.p.CommandLineTaskRunner$CommandLineProgressMonitor - 0 nuclei detected (81%)
2024-10-23 01:01:00 INFO: 01:01:00.676 [task-runner-1-63] [INFO ] q.lib.plugins.DetectionPluginTools - 3434 nuclei detected (processing time: 24.93 seconds)
2024-10-23 01:01:00 INFO: 01:01:00.677 [main] [INFO ] q.l.p.CommandLineTaskRunner$CommandLineProgressMonitor - 3434 nuclei detected (81%)
2024-10-23 01:01:00 INFO: 01:01:00.722 [task-runner-1-50] [INFO ] q.lib.plugins.DetectionPluginTools - 0 nuclei detected (processing time: 6.16 seconds)
2024-10-23 01:01:00 INFO: 01:01:00.723 [main] [INFO ] q.l.p.CommandLineTaskRunner$CommandLineProgressMonitor - 0 nuclei detected (82%)
2024-10-23 01:01:00 INFO: 01:01:00.821 [task-runner-1-49] [INFO ] q.lib.plugins.DetectionPluginTools - 4622 nuclei detected (processing time: 25.13 seconds)
2024-10-23 01:01:00 INFO: 01:01:00.821 [main] [INFO ] q.l.p.CommandLineTaskRunner$CommandLineProgressMonitor - 4622 nuclei detected (83%)
2024-10-23 01:01:00 INFO: 01:01:00.877 [task-runner-1-19] [INFO ] q.lib.plugins.DetectionPluginTools - 4678 nuclei detected (processing time: 25.17 seconds)
2024-10-23 01:01:00 INFO: 01:01:00.877 [main] [INFO ] q.l.p.CommandLineTaskRunner$CommandLineProgressMonitor - 4678 nuclei detected (83%)
2024-10-23 01:01:00 INFO: 01:01:00.992 [task-runner-1-17] [INFO ] q.lib.plugins.DetectionPluginTools - 5690 nuclei detected (processing time: 25.83 seconds)
2024-10-23 01:01:00 INFO: 01:01:00.992 [main] [INFO ] q.l.p.CommandLineTaskRunner$CommandLineProgressMonitor - 5690 nuclei detected (84%)
2024-10-23 01:01:00 INFO: 01:01:00.995 [task-runner-1-5] [INFO ] q.lib.plugins.DetectionPluginTools - 4744 nuclei detected (processing time: 25.65 seconds)
2024-10-23 01:01:00 INFO: 01:01:00.995 [main] [INFO ] q.l.p.CommandLineTaskRunner$CommandLineProgressMonitor - 4744 nuclei detected (84%)
2024-10-23 01:01:01 INFO: 01:01:01.064 [task-runner-1-18] [INFO ] q.lib.plugins.DetectionPluginTools - 3259 nuclei detected (processing time: 25.28 seconds)
2024-10-23 01:01:01 INFO: 01:01:01.065 [main] [INFO ] q.l.p.CommandLineTaskRunner$CommandLineProgressMonitor - 3259 nuclei detected (85%)
2024-10-23 01:01:01 INFO: 01:01:01.070 [task-runner-1-58] [INFO ] q.lib.plugins.DetectionPluginTools - 1 nucleus detected (processing time: 6.51 seconds)
2024-10-23 01:01:01 INFO: 01:01:01.071 [main] [INFO ] q.l.p.CommandLineTaskRunner$CommandLineProgressMonitor - 1 nucleus detected (86%)
2024-10-23 01:01:01 INFO: 01:01:01.097 [task-runner-1-16] [INFO ] q.lib.plugins.DetectionPluginTools - 2193 nuclei detected (processing time: 17.20 seconds)
2024-10-23 01:01:01 INFO: 01:01:01.098 [main] [INFO ] q.l.p.CommandLineTaskRunner$CommandLineProgressMonitor - 2193 nuclei detected (86%)
2024-10-23 01:01:01 INFO: 01:01:01.174 [task-runner-1-46] [INFO ] q.lib.plugins.DetectionPluginTools - 4130 nuclei detected (processing time: 25.70 seconds)
2024-10-23 01:01:01 INFO: 01:01:01.174 [main] [INFO ] q.l.p.CommandLineTaskRunner$CommandLineProgressMonitor - 4130 nuclei detected (87%)
2024-10-23 01:01:01 INFO: 01:01:01.223 [task-runner-1-48] [INFO ] q.lib.plugins.DetectionPluginTools - 1193 nuclei detected (processing time: 17.38 seconds)
2024-10-23 01:01:01 INFO: 01:01:01.223 [main] [INFO ] q.l.p.CommandLineTaskRunner$CommandLineProgressMonitor - 1193 nuclei detected (88%)
2024-10-23 01:01:01 INFO: 01:01:01.328 [task-runner-1-45] [INFO ] q.lib.plugins.DetectionPluginTools - 3988 nuclei detected (processing time: 25.60 seconds)
2024-10-23 01:01:01 INFO: 01:01:01.328 [main] [INFO ] q.l.p.CommandLineTaskRunner$CommandLineProgressMonitor - 3988 nuclei detected (88%)
2024-10-23 01:01:01 INFO: 01:01:01.337 [task-runner-1-27] [INFO ] q.lib.plugins.DetectionPluginTools - 4424 nuclei detected (processing time: 26.17 seconds)
2024-10-23 01:01:01 INFO: 01:01:01.337 [main] [INFO ] q.l.p.CommandLineTaskRunner$CommandLineProgressMonitor - 4424 nuclei detected (89%)
2024-10-23 01:01:01 INFO: 01:01:01.350 [task-runner-1-26] [INFO ] q.lib.plugins.DetectionPluginTools - 3766 nuclei detected (processing time: 26.06 seconds)
2024-10-23 01:01:01 INFO: 01:01:01.350 [main] [INFO ] q.l.p.CommandLineTaskRunner$CommandLineProgressMonitor - 3766 nuclei detected (89%)
2024-10-23 01:01:01 INFO: 01:01:01.481 [task-runner-1-10] [INFO ] q.lib.plugins.DetectionPluginTools - 4509 nuclei detected (processing time: 26.32 seconds)
2024-10-23 01:01:01 INFO: 01:01:01.481 [main] [INFO ] q.l.p.CommandLineTaskRunner$CommandLineProgressMonitor - 4509 nuclei detected (90%)
2024-10-23 01:01:01 INFO: 01:01:01.517 [task-runner-1-32] [INFO ] q.lib.plugins.DetectionPluginTools - 7019 nuclei detected (processing time: 26.36 seconds)
2024-10-23 01:01:01 INFO: 01:01:01.517 [main] [INFO ] q.l.p.CommandLineTaskRunner$CommandLineProgressMonitor - 7019 nuclei detected (91%)
2024-10-23 01:01:01 INFO: 01:01:01.543 [task-runner-1-30] [INFO ] q.lib.plugins.DetectionPluginTools - 4803 nuclei detected (processing time: 26.37 seconds)
2024-10-23 01:01:01 INFO: 01:01:01.544 [main] [INFO ] q.l.p.CommandLineTaskRunner$CommandLineProgressMonitor - 4803 nuclei detected (91%)
2024-10-23 01:01:01 INFO: 01:01:01.590 [task-runner-1-51] [INFO ] q.lib.plugins.DetectionPluginTools - 4072 nuclei detected (processing time: 23.46 seconds)
2024-10-23 01:01:01 INFO: 01:01:01.590 [main] [INFO ] q.l.p.CommandLineTaskRunner$CommandLineProgressMonitor - 4072 nuclei detected (92%)
2024-10-23 01:01:01 INFO: 01:01:01.708 [task-runner-1-24] [INFO ] q.lib.plugins.DetectionPluginTools - 4107 nuclei detected (processing time: 23.53 seconds)
2024-10-23 01:01:01 INFO: 01:01:01.708 [main] [INFO ] q.l.p.CommandLineTaskRunner$CommandLineProgressMonitor - 4107 nuclei detected (93%)
2024-10-23 01:01:01 INFO: 01:01:01.795 [task-runner-1-43] [INFO ] q.lib.plugins.DetectionPluginTools - 4486 nuclei detected (processing time: 23.46 seconds)
2024-10-23 01:01:01 INFO: 01:01:01.796 [main] [INFO ] q.l.p.CommandLineTaskRunner$CommandLineProgressMonitor - 4486 nuclei detected (93%)
2024-10-23 01:01:01 INFO: 01:01:01.809 [task-runner-1-29] [INFO ] q.lib.plugins.DetectionPluginTools - 3164 nuclei detected (processing time: 17.36 seconds)
2024-10-23 01:01:01 INFO: 01:01:01.809 [main] [INFO ] q.l.p.CommandLineTaskRunner$CommandLineProgressMonitor - 3164 nuclei detected (94%)
2024-10-23 01:01:01 INFO: 01:01:01.990 [task-runner-1-33] [INFO ] q.lib.plugins.DetectionPluginTools - 4097 nuclei detected (processing time: 24.35 seconds)
2024-10-23 01:01:01 INFO: 01:01:01.996 [main] [INFO ] q.l.p.CommandLineTaskRunner$CommandLineProgressMonitor - 4097 nuclei detected (94%)
2024-10-23 01:01:02 INFO: 01:01:02.037 [task-runner-1-36] [INFO ] q.lib.plugins.DetectionPluginTools - 2538 nuclei detected (processing time: 12.50 seconds)
2024-10-23 01:01:02 INFO: 01:01:02.037 [main] [INFO ] q.l.p.CommandLineTaskRunner$CommandLineProgressMonitor - 2538 nuclei detected (95%)
2024-10-23 01:01:02 INFO: 01:01:02.070 [task-runner-1-56] [INFO ] q.lib.plugins.DetectionPluginTools - 2887 nuclei detected (processing time: 11.38 seconds)
2024-10-23 01:01:02 INFO: 01:01:02.071 [main] [INFO ] q.l.p.CommandLineTaskRunner$CommandLineProgressMonitor - 2887 nuclei detected (96%)
2024-10-23 01:01:02 INFO: 01:01:02.379 [task-runner-1-23] [INFO ] q.lib.plugins.DetectionPluginTools - 5157 nuclei detected (processing time: 24.17 seconds)
2024-10-23 01:01:02 INFO: 01:01:02.379 [main] [INFO ] q.l.p.CommandLineTaskRunner$CommandLineProgressMonitor - 5157 nuclei detected (96%)
2024-10-23 01:01:02 INFO: 01:01:02.387 [task-runner-1-60] [INFO ] q.lib.plugins.DetectionPluginTools - 5613 nuclei detected (processing time: 23.06 seconds)
2024-10-23 01:01:02 INFO: 01:01:02.387 [main] [INFO ] q.l.p.CommandLineTaskRunner$CommandLineProgressMonitor - 5613 nuclei detected (97%)
2024-10-23 01:01:02 INFO: 01:01:02.697 [task-runner-1-13] [INFO ] q.lib.plugins.DetectionPluginTools - 4162 nuclei detected (processing time: 18.23 seconds)
2024-10-23 01:01:02 INFO: 01:01:02.698 [main] [INFO ] q.l.p.CommandLineTaskRunner$CommandLineProgressMonitor - 4162 nuclei detected (98%)
2024-10-23 01:01:03 INFO: 01:01:03.245 [task-runner-1-21] [INFO ] q.lib.plugins.DetectionPluginTools - 4977 nuclei detected (processing time: 17.93 seconds)
2024-10-23 01:01:03 INFO: 01:01:03.245 [main] [INFO ] q.l.p.CommandLineTaskRunner$CommandLineProgressMonitor - 4977 nuclei detected (98%)
2024-10-23 01:01:03 INFO: 01:01:03.718 [task-runner-1-61] [INFO ] q.lib.plugins.DetectionPluginTools - 5465 nuclei detected (processing time: 19.08 seconds)
2024-10-23 01:01:03 INFO: 01:01:03.718 [main] [INFO ] q.l.p.CommandLineTaskRunner$CommandLineProgressMonitor - 5465 nuclei detected (99%)
2024-10-23 01:01:03 INFO: 01:01:03.929 [task-runner-1-34] [INFO ] q.lib.plugins.DetectionPluginTools - 6026 nuclei detected (processing time: 18.80 seconds)
2024-10-23 01:01:03 INFO: 01:01:03.930 [main] [INFO ] q.l.p.CommandLineTaskRunner$CommandLineProgressMonitor - 6026 nuclei detected (99%)
2024-10-23 01:01:04 INFO: 01:01:04.150 [task-runner-1-40] [INFO ] q.lib.plugins.DetectionPluginTools - 5867 nuclei detected (processing time: 19.22 seconds)
2024-10-23 01:01:04 INFO: 01:01:04.151 [main] [INFO ] q.l.p.CommandLineTaskRunner$CommandLineProgressMonitor - 5867 nuclei detected (100%)
2024-10-23 01:01:04 INFO: 01:01:04.151 [main] [INFO ] q.l.p.CommandLineTaskRunner$CommandLineProgressMonitor - Processing complete in 41.78 seconds
2024-10-23 01:01:04 INFO: 01:01:04.151 [main] [INFO ] q.l.p.CommandLineTaskRunner$CommandLineProgressMonitor - Tasks completed!
2024-10-23 01:01:13 INFO: 01:01:13.857 [main] [WARN ] q.l.p.objects.SmoothFeaturesPlugin - Smoothing using annotations
2024-10-23 01:01:17 INFO: 01:01:17.398 [main] [INFO ] q.l.p.CommandLineTaskRunner$CommandLineProgressMonitor - Completed (100%)
2024-10-23 01:01:17 INFO: 01:01:17.398 [main] [INFO ] q.l.p.CommandLineTaskRunner$CommandLineProgressMonitor - Processing complete in 3.54 seconds
2024-10-23 01:01:17 INFO: 01:01:17.398 [main] [INFO ] q.l.p.CommandLineTaskRunner$CommandLineProgressMonitor - Tasks completed!
2024-10-23 01:01:17 INFO: 01:01:17.400 [main] [WARN ] q.l.p.objects.SmoothFeaturesPlugin - Smoothing using annotations
2024-10-23 01:01:24 INFO: 01:01:24.112 [main] [INFO ] q.l.p.CommandLineTaskRunner$CommandLineProgressMonitor - Completed (100%)
2024-10-23 01:01:24 INFO: 01:01:24.113 [main] [INFO ] q.l.p.CommandLineTaskRunner$CommandLineProgressMonitor - Processing complete in 6.71 seconds
2024-10-23 01:01:24 INFO: 01:01:24.113 [main] [INFO ] q.l.p.CommandLineTaskRunner$CommandLineProgressMonitor - Tasks completed!
2024-10-23 01:01:24 INFO: 01:01:24.114 [main] [WARN ] q.l.p.objects.SmoothFeaturesPlugin - Smoothing using annotations
2024-10-23 01:01:43 INFO: 01:01:43.683 [main] [INFO ] q.l.p.CommandLineTaskRunner$CommandLineProgressMonitor - Completed (100%)
2024-10-23 01:01:43 INFO: 01:01:43.683 [main] [INFO ] q.l.p.CommandLineTaskRunner$CommandLineProgressMonitor - Processing complete in 19.57 seconds
2024-10-23 01:01:43 INFO: 01:01:43.684 [main] [INFO ] q.l.p.CommandLineTaskRunner$CommandLineProgressMonitor - Tasks completed!
2024-10-23 01:01:43 INFO: 01:01:43.895 [task-runner-5-2] [INFO ] q.l.a.IntensityFeaturesPlugin - Splitting Rectangle (0, 0, 63784, 39311) into 40 tiles for intensity measurements
2024-10-23 01:01:44 INFO: 01:01:44.079 [main] [INFO ] q.l.p.CommandLineTaskRunner$CommandLineProgressMonitor - Completed (0%)
2024-10-23 01:01:44 INFO: 01:01:44.880 [main] [INFO ] q.l.p.CommandLineTaskRunner$CommandLineProgressMonitor - Completed (1%)
2024-10-23 01:01:45 INFO: 01:01:45.184 [main] [INFO ] q.l.p.CommandLineTaskRunner$CommandLineProgressMonitor - Completed (2%)
2024-10-23 01:01:45 INFO: 01:01:45.302 [main] [INFO ] q.l.p.CommandLineTaskRunner$CommandLineProgressMonitor - Completed (3%)
2024-10-23 01:01:45 INFO: 01:01:45.442 [main] [INFO ] q.l.p.CommandLineTaskRunner$CommandLineProgressMonitor - Completed (4%)
2024-10-23 01:01:45 INFO: 01:01:45.952 [main] [INFO ] q.l.p.CommandLineTaskRunner$CommandLineProgressMonitor - Completed (5%)
2024-10-23 01:01:46 INFO: 01:01:46.055 [main] [INFO ] q.l.p.CommandLineTaskRunner$CommandLineProgressMonitor - Completed (6%)
2024-10-23 01:01:46 INFO: 01:01:46.154 [main] [INFO ] q.l.p.CommandLineTaskRunner$CommandLineProgressMonitor - Completed (7%)
2024-10-23 01:01:46 INFO: 01:01:46.252 [main] [INFO ] q.l.p.CommandLineTaskRunner$CommandLineProgressMonitor - Completed (8%)
2024-10-23 01:01:46 INFO: 01:01:46.708 [main] [INFO ] q.l.p.CommandLineTaskRunner$CommandLineProgressMonitor - Completed (9%)
2024-10-23 01:01:46 INFO: 01:01:46.813 [main] [INFO ] q.l.p.CommandLineTaskRunner$CommandLineProgressMonitor - Completed (10%)
2024-10-23 01:01:46 INFO: 01:01:46.917 [main] [INFO ] q.l.p.CommandLineTaskRunner$CommandLineProgressMonitor - Completed (11%)
2024-10-23 01:01:47 INFO: 01:01:47.022 [main] [INFO ] q.l.p.CommandLineTaskRunner$CommandLineProgressMonitor - Completed (12%)
2024-10-23 01:01:47 INFO: 01:01:47.131 [main] [INFO ] q.l.p.CommandLineTaskRunner$CommandLineProgressMonitor - Completed (13%)
2024-10-23 01:01:47 INFO: 01:01:47.238 [main] [INFO ] q.l.p.CommandLineTaskRunner$CommandLineProgressMonitor - Completed (14%)
2024-10-23 01:01:47 INFO: 01:01:47.403 [main] [INFO ] q.l.p.CommandLineTaskRunner$CommandLineProgressMonitor - Completed (15%)
2024-10-23 01:01:47 INFO: 01:01:47.524 [main] [INFO ] q.l.p.CommandLineTaskRunner$CommandLineProgressMonitor - Completed (16%)
2024-10-23 01:01:47 INFO: 01:01:47.621 [main] [INFO ] q.l.p.CommandLineTaskRunner$CommandLineProgressMonitor - Completed (17%)
2024-10-23 01:01:47 INFO: 01:01:47.719 [main] [INFO ] q.l.p.CommandLineTaskRunner$CommandLineProgressMonitor - Completed (18%)
2024-10-23 01:01:47 INFO: 01:01:47.811 [main] [INFO ] q.l.p.CommandLineTaskRunner$CommandLineProgressMonitor - Completed (19%)
2024-10-23 01:01:47 INFO: 01:01:47.913 [main] [INFO ] q.l.p.CommandLineTaskRunner$CommandLineProgressMonitor - Completed (20%)
2024-10-23 01:01:48 INFO: 01:01:48.050 [main] [INFO ] q.l.p.CommandLineTaskRunner$CommandLineProgressMonitor - Completed (21%)
2024-10-23 01:01:48 INFO: 01:01:48.170 [main] [INFO ] q.l.p.CommandLineTaskRunner$CommandLineProgressMonitor - Completed (22%)
2024-10-23 01:01:48 INFO: 01:01:48.291 [main] [INFO ] q.l.p.CommandLineTaskRunner$CommandLineProgressMonitor - Completed (23%)
2024-10-23 01:01:48 INFO: 01:01:48.398 [main] [INFO ] q.l.p.CommandLineTaskRunner$CommandLineProgressMonitor - Completed (24%)
2024-10-23 01:01:48 INFO: 01:01:48.494 [main] [INFO ] q.l.p.CommandLineTaskRunner$CommandLineProgressMonitor - Completed (25%)
2024-10-23 01:01:48 INFO: 01:01:48.593 [main] [INFO ] q.l.p.CommandLineTaskRunner$CommandLineProgressMonitor - Completed (26%)
2024-10-23 01:01:48 INFO: 01:01:48.923 [main] [INFO ] q.l.p.CommandLineTaskRunner$CommandLineProgressMonitor - Completed (27%)
2024-10-23 01:01:49 INFO: 01:01:49.022 [main] [INFO ] q.l.p.CommandLineTaskRunner$CommandLineProgressMonitor - Completed (28%)
2024-10-23 01:01:49 INFO: 01:01:49.158 [main] [INFO ] q.l.p.CommandLineTaskRunner$CommandLineProgressMonitor - Completed (29%)
2024-10-23 01:01:49 INFO: 01:01:49.308 [main] [INFO ] q.l.p.CommandLineTaskRunner$CommandLineProgressMonitor - Completed (30%)
2024-10-23 01:01:49 INFO: 01:01:49.411 [main] [INFO ] q.l.p.CommandLineTaskRunner$CommandLineProgressMonitor - Completed (31%)
2024-10-23 01:01:49 INFO: 01:01:49.507 [main] [INFO ] q.l.p.CommandLineTaskRunner$CommandLineProgressMonitor - Completed (32%)
2024-10-23 01:01:49 INFO: 01:01:49.608 [main] [INFO ] q.l.p.CommandLineTaskRunner$CommandLineProgressMonitor - Completed (33%)
2024-10-23 01:01:49 INFO: 01:01:49.699 [main] [INFO ] q.l.p.CommandLineTaskRunner$CommandLineProgressMonitor - Completed (34%)
2024-10-23 01:01:49 INFO: 01:01:49.793 [main] [INFO ] q.l.p.CommandLineTaskRunner$CommandLineProgressMonitor - Completed (35%)
2024-10-23 01:01:49 INFO: 01:01:49.890 [main] [INFO ] q.l.p.CommandLineTaskRunner$CommandLineProgressMonitor - Completed (36%)
2024-10-23 01:01:49 INFO: 01:01:49.989 [main] [INFO ] q.l.p.CommandLineTaskRunner$CommandLineProgressMonitor - Completed (37%)
2024-10-23 01:01:50 INFO: 01:01:50.085 [main] [INFO ] q.l.p.CommandLineTaskRunner$CommandLineProgressMonitor - Completed (38%)
2024-10-23 01:01:50 INFO: 01:01:50.181 [main] [INFO ] q.l.p.CommandLineTaskRunner$CommandLineProgressMonitor - Completed (39%)
2024-10-23 01:01:50 INFO: 01:01:50.281 [main] [INFO ] q.l.p.CommandLineTaskRunner$CommandLineProgressMonitor - Completed (40%)
2024-10-23 01:01:50 INFO: 01:01:50.385 [main] [INFO ] q.l.p.CommandLineTaskRunner$CommandLineProgressMonitor - Completed (41%)
2024-10-23 01:01:50 INFO: 01:01:50.497 [main] [INFO ] q.l.p.CommandLineTaskRunner$CommandLineProgressMonitor - Completed (42%)
2024-10-23 01:01:50 INFO: 01:01:50.600 [main] [INFO ] q.l.p.CommandLineTaskRunner$CommandLineProgressMonitor - Completed (43%)
2024-10-23 01:01:50 INFO: 01:01:50.736 [main] [INFO ] q.l.p.CommandLineTaskRunner$CommandLineProgressMonitor - Completed (44%)
2024-10-23 01:01:50 INFO: 01:01:50.844 [main] [INFO ] q.l.p.CommandLineTaskRunner$CommandLineProgressMonitor - Completed (45%)
2024-10-23 01:01:50 INFO: 01:01:50.948 [main] [INFO ] q.l.p.CommandLineTaskRunner$CommandLineProgressMonitor - Completed (46%)
2024-10-23 01:01:51 INFO: 01:01:51.064 [main] [INFO ] q.l.p.CommandLineTaskRunner$CommandLineProgressMonitor - Completed (47%)
2024-10-23 01:01:51 INFO: 01:01:51.202 [main] [INFO ] q.l.p.CommandLineTaskRunner$CommandLineProgressMonitor - Completed (48%)
2024-10-23 01:01:51 INFO: 01:01:51.307 [main] [INFO ] q.l.p.CommandLineTaskRunner$CommandLineProgressMonitor - Completed (49%)
2024-10-23 01:01:51 INFO: 01:01:51.405 [main] [INFO ] q.l.p.CommandLineTaskRunner$CommandLineProgressMonitor - Completed (50%)
2024-10-23 01:01:51 INFO: 01:01:51.509 [main] [INFO ] q.l.p.CommandLineTaskRunner$CommandLineProgressMonitor - Completed (51%)
2024-10-23 01:01:51 INFO: 01:01:51.607 [main] [INFO ] q.l.p.CommandLineTaskRunner$CommandLineProgressMonitor - Completed (52%)
2024-10-23 01:01:51 INFO: 01:01:51.715 [main] [INFO ] q.l.p.CommandLineTaskRunner$CommandLineProgressMonitor - Completed (53%)
2024-10-23 01:01:51 INFO: 01:01:51.827 [main] [INFO ] q.l.p.CommandLineTaskRunner$CommandLineProgressMonitor - Completed (54%)
2024-10-23 01:01:51 INFO: 01:01:51.953 [main] [INFO ] q.l.p.CommandLineTaskRunner$CommandLineProgressMonitor - Completed (55%)
2024-10-23 01:01:52 INFO: 01:01:52.085 [main] [INFO ] q.l.p.CommandLineTaskRunner$CommandLineProgressMonitor - Completed (56%)
2024-10-23 01:01:52 INFO: 01:01:52.211 [main] [INFO ] q.l.p.CommandLineTaskRunner$CommandLineProgressMonitor - Completed (57%)
2024-10-23 01:01:52 INFO: 01:01:52.332 [main] [INFO ] q.l.p.CommandLineTaskRunner$CommandLineProgressMonitor - Completed (58%)
2024-10-23 01:01:52 INFO: 01:01:52.454 [main] [INFO ] q.l.p.CommandLineTaskRunner$CommandLineProgressMonitor - Completed (59%)
2024-10-23 01:01:52 INFO: 01:01:52.583 [main] [INFO ] q.l.p.CommandLineTaskRunner$CommandLineProgressMonitor - Completed (60%)
2024-10-23 01:01:52 INFO: 01:01:52.704 [main] [INFO ] q.l.p.CommandLineTaskRunner$CommandLineProgressMonitor - Completed (61%)
2024-10-23 01:01:52 INFO: 01:01:52.843 [main] [INFO ] q.l.p.CommandLineTaskRunner$CommandLineProgressMonitor - Completed (62%)
2024-10-23 01:01:53 INFO: 01:01:53.023 [main] [INFO ] q.l.p.CommandLineTaskRunner$CommandLineProgressMonitor - Completed (63%)
2024-10-23 01:01:53 INFO: 01:01:53.222 [main] [INFO ] q.l.p.CommandLineTaskRunner$CommandLineProgressMonitor - Completed (64%)
2024-10-23 01:01:53 INFO: 01:01:53.500 [main] [INFO ] q.l.p.CommandLineTaskRunner$CommandLineProgressMonitor - Completed (65%)
2024-10-23 01:01:53 INFO: 01:01:53.605 [main] [INFO ] q.l.p.CommandLineTaskRunner$CommandLineProgressMonitor - Completed (66%)
2024-10-23 01:01:53 INFO: 01:01:53.701 [main] [INFO ] q.l.p.CommandLineTaskRunner$CommandLineProgressMonitor - Completed (67%)
2024-10-23 01:01:53 INFO: 01:01:53.806 [main] [INFO ] q.l.p.CommandLineTaskRunner$CommandLineProgressMonitor - Completed (68%)
2024-10-23 01:01:53 INFO: 01:01:53.913 [main] [INFO ] q.l.p.CommandLineTaskRunner$CommandLineProgressMonitor - Completed (69%)
2024-10-23 01:01:54 INFO: 01:01:54.011 [main] [INFO ] q.l.p.CommandLineTaskRunner$CommandLineProgressMonitor - Completed (70%)
2024-10-23 01:01:54 INFO: 01:01:54.111 [main] [INFO ] q.l.p.CommandLineTaskRunner$CommandLineProgressMonitor - Completed (71%)
2024-10-23 01:01:54 INFO: 01:01:54.205 [main] [INFO ] q.l.p.CommandLineTaskRunner$CommandLineProgressMonitor - Completed (72%)
2024-10-23 01:01:54 INFO: 01:01:54.304 [main] [INFO ] q.l.p.CommandLineTaskRunner$CommandLineProgressMonitor - Completed (73%)
2024-10-23 01:01:54 INFO: 01:01:54.397 [main] [INFO ] q.l.p.CommandLineTaskRunner$CommandLineProgressMonitor - Completed (74%)
2024-10-23 01:01:54 INFO: 01:01:54.494 [main] [INFO ] q.l.p.CommandLineTaskRunner$CommandLineProgressMonitor - Completed (75%)
2024-10-23 01:01:54 INFO: 01:01:54.589 [main] [INFO ] q.l.p.CommandLineTaskRunner$CommandLineProgressMonitor - Completed (76%)
2024-10-23 01:01:54 INFO: 01:01:54.694 [main] [INFO ] q.l.p.CommandLineTaskRunner$CommandLineProgressMonitor - Completed (77%)
2024-10-23 01:01:54 INFO: 01:01:54.791 [main] [INFO ] q.l.p.CommandLineTaskRunner$CommandLineProgressMonitor - Completed (78%)
2024-10-23 01:01:54 INFO: 01:01:54.948 [main] [INFO ] q.l.p.CommandLineTaskRunner$CommandLineProgressMonitor - Completed (79%)
2024-10-23 01:01:55 INFO: 01:01:55.073 [main] [INFO ] q.l.p.CommandLineTaskRunner$CommandLineProgressMonitor - Completed (80%)
2024-10-23 01:01:55 INFO: 01:01:55.197 [main] [INFO ] q.l.p.CommandLineTaskRunner$CommandLineProgressMonitor - Completed (81%)
2024-10-23 01:01:55 INFO: 01:01:55.318 [main] [INFO ] q.l.p.CommandLineTaskRunner$CommandLineProgressMonitor - Completed (82%)
2024-10-23 01:01:55 INFO: 01:01:55.469 [main] [INFO ] q.l.p.CommandLineTaskRunner$CommandLineProgressMonitor - Completed (83%)
2024-10-23 01:01:55 INFO: 01:01:55.574 [main] [INFO ] q.l.p.CommandLineTaskRunner$CommandLineProgressMonitor - Completed (84%)
2024-10-23 01:01:55 INFO: 01:01:55.687 [main] [INFO ] q.l.p.CommandLineTaskRunner$CommandLineProgressMonitor - Completed (85%)
2024-10-23 01:01:55 INFO: 01:01:55.782 [main] [INFO ] q.l.p.CommandLineTaskRunner$CommandLineProgressMonitor - Completed (86%)
2024-10-23 01:01:55 INFO: 01:01:55.882 [main] [INFO ] q.l.p.CommandLineTaskRunner$CommandLineProgressMonitor - Completed (87%)
2024-10-23 01:01:55 INFO: 01:01:55.983 [main] [INFO ] q.l.p.CommandLineTaskRunner$CommandLineProgressMonitor - Completed (88%)
2024-10-23 01:01:56 INFO: 01:01:56.078 [main] [INFO ] q.l.p.CommandLineTaskRunner$CommandLineProgressMonitor - Completed (89%)
2024-10-23 01:01:56 INFO: 01:01:56.181 [main] [INFO ] q.l.p.CommandLineTaskRunner$CommandLineProgressMonitor - Completed (90%)
2024-10-23 01:01:56 INFO: 01:01:56.280 [main] [INFO ] q.l.p.CommandLineTaskRunner$CommandLineProgressMonitor - Completed (91%)
2024-10-23 01:01:56 INFO: 01:01:56.381 [main] [INFO ] q.l.p.CommandLineTaskRunner$CommandLineProgressMonitor - Completed (92%)
2024-10-23 01:01:56 INFO: 01:01:56.483 [main] [INFO ] q.l.p.CommandLineTaskRunner$CommandLineProgressMonitor - Completed (93%)
2024-10-23 01:01:56 INFO: 01:01:56.668 [main] [INFO ] q.l.p.CommandLineTaskRunner$CommandLineProgressMonitor - Completed (94%)
2024-10-23 01:01:57 INFO: 01:01:57.134 [main] [INFO ] q.l.p.CommandLineTaskRunner$CommandLineProgressMonitor - Completed (95%)
2024-10-23 01:01:57 INFO: 01:01:57.626 [main] [INFO ] q.l.p.CommandLineTaskRunner$CommandLineProgressMonitor - Completed (96%)
2024-10-23 01:01:58 INFO: 01:01:58.146 [main] [INFO ] q.l.p.CommandLineTaskRunner$CommandLineProgressMonitor - Completed (97%)
2024-10-23 01:01:58 INFO: 01:01:58.774 [main] [INFO ] q.l.p.CommandLineTaskRunner$CommandLineProgressMonitor - Completed (98%)
2024-10-23 01:01:59 INFO: 01:01:59.000 [main] [INFO ] q.l.p.CommandLineTaskRunner$CommandLineProgressMonitor - Completed (99%)
2024-10-23 01:01:59 INFO: 01:01:59.149 [main] [INFO ] q.l.p.CommandLineTaskRunner$CommandLineProgressMonitor - Completed (100%)
2024-10-23 01:02:54 INFO: 01:02:54.517 [main] [INFO ] q.l.p.CommandLineTaskRunner$CommandLineProgressMonitor - Completed (100%)
2024-10-23 01:02:54 INFO: 01:02:54.518 [main] [INFO ] q.l.p.CommandLineTaskRunner$CommandLineProgressMonitor - Processing complete in 70.63 seconds
2024-10-23 01:02:54 INFO: 01:02:54.519 [main] [INFO ] q.l.p.CommandLineTaskRunner$CommandLineProgressMonitor - Tasks completed!
2024-10-23 01:05:12 INFO: 01:05:12.056 [task-runner-6-1] [WARN ] q.o.features.DelaunayTriangulation - Some objects have missing measurements! Statistics will calculated only for objects with measurements available.
2024-10-23 01:05:12 INFO: 01:05:12.057 [task-runner-6-1] [WARN ] q.o.features.DelaunayTriangulation - Missing measurements: [ROI: 1.00 m per pixel: Residual: Haralick Correlation (F2), ROI: 1.00 m per pixel: Residual: Haralick Information measure of correlation 1 (F11), ROI: 1.00 m per pixel: OD Sum: Haralick Correlation (F2), ROI: 1.00 m per pixel: OD Sum: Haralick Information measure of correlation 1 (F11), ROI: 1.00 m per pixel: Green: Haralick Correlation (F2), ROI: 1.00 m per pixel: Green: Haralick Information measure of correlation 1 (F11), ROI: 1.00 m per pixel: Residual: Haralick Information measure of correlation 2 (F12)]
2024-10-23 01:05:12 INFO: 01:05:12.088 [main] [INFO ] q.l.p.CommandLineTaskRunner$CommandLineProgressMonitor - Delaunay triangulation calculated for Annotation (215212 objects) (100%)
2024-10-23 01:05:12 INFO: 01:05:12.088 [main] [INFO ] q.l.p.CommandLineTaskRunner$CommandLineProgressMonitor - Processing complete in 137.52 seconds
2024-10-23 01:05:12 INFO: 01:05:12.089 [main] [INFO ] q.l.p.CommandLineTaskRunner$CommandLineProgressMonitor - Tasks completed!
2024-10-23 01:07:39 INFO: TCGA-GI-A2C8-01Z-00-DX1.09BD8AC9-645A-4C8B-9B36-77D833BDBA09
2024-10-23 01:07:39 INFO: QuPath subprocess completed.
2024-10-23 01:07:51 INFO: QuPath image extraction completed successfully. Output directory: /home/ilants/Documents/jupyter_test/single_image_multiple_params/exp_sigmaMicrons_1
2024-10-23 01:07:51 INFO: Summary table saved to: /home/ilants/Documents/jupyter_test/single_image_multiple_params/exp_sigmaMicrons_1/Summary_Table.csv
2024-10-23 01:07:51 INFO: Experiment completed successfully.
