2024-10-23 02:04:08 INFO: Starting experiment with for minAreaMicrons with value of 8.0
2024-10-23 02:04:08 INFO: Running with the following configuration:
{'detectionImageBrightfield': 'Hematoxylin OD', 'requestedPixelSizeMicrons': 0.5, 'backgroundRadiusMicrons': 4.0, 'backgroundByReconstruction': True, 'medianRadiusMicrons': 0.0, 'sigmaMicrons': 1.5, 'minAreaMicrons': 8.0, 'maxAreaMicrons': 80.0, 'threshold': 0.1, 'maxBackground': 2.0, 'watershedPostProcess': True, 'cellExpansionMicrons': 5.0, 'includeNuclei': True, 'smoothBoundaries': True, 'makeMeasurements': True, 'backgroundRadiusPixel': 8.0, 'cellExpansionPixel': 10.0, 'medianRadiusPixel': 0.0, 'minAreaPixel': 20.0, 'maxAreaPixel': 160.0}
2024-10-23 02:04:08 INFO: Starting QuPath image extraction with the following parameters: image_dir=/home/ilants/Documents/jupyter_test, output_dir=/home/ilants/Documents/jupyter_test/single_image_multiple_params/exp_minAreaMicrons_8.0, image_type=svs, groovy_script=/home/ilants/Documents/utls/nucleus_detection_wargs.groovy, config_file=/home/ilants/Documents/jupyter_test/single_image_multiple_params/exp_minAreaMicrons_8.0/cfg.json, program_path=/home/ilants/Documents/QuPath-v0.5.1-Linux/QuPath/bin/QuPath
2024-10-23 02:04:09 INFO: 02:04:09.661 [main] [INFO ] qupath.lib.gui.prefs.PathPrefs - Setting default Locale to en_US
2024-10-23 02:04:09 INFO: 02:04:09.664 [main] [INFO ] qupath.lib.gui.prefs.PathPrefs - Setting Locale for FORMAT to en_US
2024-10-23 02:04:09 INFO: 02:04:09.664 [main] [INFO ] qupath.lib.gui.prefs.PathPrefs - Setting Locale for DISPLAY to en_US
2024-10-23 02:04:09 INFO: 02:04:09.678 [main] [INFO ] qupath.lib.common.ThreadTools - Setting parallelism to 63
2024-10-23 02:04:09 INFO: 02:04:09.696 [main] [INFO ] qupath.ScriptCommand - Setting tile cache size to 32200.00 MB (25.0% max memory)
2024-10-23 02:04:09 INFO: 02:04:09.744 [main] [INFO ] qupath.lib.scripting.QP - Initializing type adapters
2024-10-23 02:04:09 INFO: Warning: Versions of org.bytedeco:javacpp:1.5.9 and org.bytedeco:opencv:4.6.0-1.5.8 do not match.
2024-10-23 02:04:09 INFO: Warning: Versions of org.bytedeco:javacpp:1.5.9 and org.bytedeco:openblas:0.3.21-1.5.8 do not match.
2024-10-23 02:04:11 INFO: project parameters are: {"detectionImageBrightfield": "Hematoxylin OD","requestedPixelSizeMicrons": 0.5,"backgroundRadiusMicrons": 4.0,"backgroundByReconstruction": true,"medianRadiusMicrons": 0.0,"sigmaMicrons": 1.5,"minAreaMicrons": 8.0,"maxAreaMicrons": 80.0,"threshold": 0.1,"maxBackground": 2.0,"watershedPostProcess": true,"cellExpansionMicrons": 5.0,"includeNuclei": true,"smoothBoundaries": true,"makeMeasurements": true,"backgroundRadiusPixel": 8.0,"cellExpansionPixel": 10.0,"medianRadiusPixel": 0.0,"minAreaPixel": 20.0,"maxAreaPixel": 160.0}
2024-10-23 02:04:11 INFO: New project created at: /home/ilants/Documents/jupyter_test/single_image_multiple_params/exp_minAreaMicrons_8.0/QPProject
2024-10-23 02:04:11 INFO: Added: /home/ilants/Documents/jupyter_test/TCGA-GI-A2C8-01Z-00-DX1.09BD8AC9-645A-4C8B-9B36-77D833BDBA09.svs
2024-10-23 02:04:11 INFO: /home/ilants/Documents/jupyter_test/TCGA-GI-A2C8-01Z-00-DX1.09BD8AC9-645A-4C8B-9B36-77D833BDBA09.svs
2024-10-23 02:04:11 INFO: 02:04:11.671 [main] [INFO ] q.l.i.s.b.BioFormatsServerOptions - Setting max Bio-Formats readers to 32
2024-10-23 02:04:12 INFO: UriImageSupport (class qupath.lib.images.servers.bioformats.BioFormatsServerBuilder) support=3.0, builders=1
2024-10-23 02:04:12 INFO: true
2024-10-23 02:04:12 INFO: 02:04:12.355 [main] [WARN ] qupath.lib.scripting.QP - createSelectAllObject(boolean) is deprecated, use createFullImageAnnotation(boolean) instead
2024-10-23 02:04:12 INFO: 02:04:12.355 [main] [WARN ] qupath.lib.scripting.QP - createSelectAllObject(boolean, int, int) is deprecated, use createFullImageAnnotation(boolean, int, int) instead
2024-10-23 02:04:12 INFO: 02:04:12.365 [main] [WARN ] q.l.plugins.parameters.ParameterList - Unable to set parameter backgroundRadiusPixel with value 8.0
2024-10-23 02:04:12 INFO: 02:04:12.365 [main] [WARN ] q.l.plugins.parameters.ParameterList - Unable to set parameter cellExpansionPixel with value 10.0
2024-10-23 02:04:12 INFO: 02:04:12.365 [main] [WARN ] q.l.plugins.parameters.ParameterList - Unable to set parameter medianRadiusPixel with value 0.0
2024-10-23 02:04:12 INFO: 02:04:12.365 [main] [WARN ] q.l.plugins.parameters.ParameterList - Unable to set parameter minAreaPixel with value 20.0
2024-10-23 02:04:12 INFO: 02:04:12.365 [main] [WARN ] q.l.plugins.parameters.ParameterList - Unable to set parameter maxAreaPixel with value 160.0
2024-10-23 02:04:26 INFO: 02:04:26.107 [task-runner-1-15] [INFO ] q.lib.plugins.DetectionPluginTools - 0 nuclei detected (processing time: 13.62 seconds)
2024-10-23 02:04:26 INFO: 02:04:26.105 [task-runner-1-32] [INFO ] q.lib.plugins.DetectionPluginTools - 0 nuclei detected (processing time: 13.62 seconds)
2024-10-23 02:04:26 INFO: 02:04:26.105 [task-runner-1-4] [INFO ] q.lib.plugins.DetectionPluginTools - 0 nuclei detected (processing time: 13.62 seconds)
2024-10-23 02:04:26 INFO: 02:04:26.109 [task-runner-1-30] [INFO ] q.lib.plugins.DetectionPluginTools - 1 nucleus detected (processing time: 13.62 seconds)
2024-10-23 02:04:26 INFO: 02:04:26.110 [task-runner-1-27] [INFO ] q.lib.plugins.DetectionPluginTools - 1 nucleus detected (processing time: 13.62 seconds)
2024-10-23 02:04:26 INFO: 02:04:26.105 [task-runner-1-16] [INFO ] q.lib.plugins.DetectionPluginTools - 0 nuclei detected (processing time: 13.62 seconds)
2024-10-23 02:04:26 INFO: 02:04:26.105 [task-runner-1-12] [INFO ] q.lib.plugins.DetectionPluginTools - 0 nuclei detected (processing time: 13.62 seconds)
2024-10-23 02:04:26 INFO: 02:04:26.105 [task-runner-1-3] [INFO ] q.lib.plugins.DetectionPluginTools - 0 nuclei detected (processing time: 13.62 seconds)
2024-10-23 02:04:26 INFO: 02:04:26.114 [task-runner-1-11] [INFO ] q.lib.plugins.DetectionPluginTools - 2 nuclei detected (processing time: 13.63 seconds)
2024-10-23 02:04:26 INFO: 02:04:26.114 [task-runner-1-8] [INFO ] q.lib.plugins.DetectionPluginTools - 2 nuclei detected (processing time: 13.63 seconds)
2024-10-23 02:04:26 INFO: 02:04:26.105 [task-runner-1-48] [INFO ] q.lib.plugins.DetectionPluginTools - 0 nuclei detected (processing time: 13.61 seconds)
2024-10-23 02:04:26 INFO: 02:04:26.115 [task-runner-1-7] [INFO ] q.lib.plugins.DetectionPluginTools - 1 nucleus detected (processing time: 13.63 seconds)
2024-10-23 02:04:26 INFO: 02:04:26.115 [task-runner-1-10] [INFO ] q.lib.plugins.DetectionPluginTools - 2 nuclei detected (processing time: 13.63 seconds)
2024-10-23 02:04:26 INFO: 02:04:26.116 [task-runner-1-14] [INFO ] q.lib.plugins.DetectionPluginTools - 3 nuclei detected (processing time: 13.63 seconds)
2024-10-23 02:04:26 INFO: 02:04:26.116 [main] [INFO ] q.l.p.CommandLineTaskRunner$CommandLineProgressMonitor - 2 nuclei detected (1%)
2024-10-23 02:04:26 INFO: 02:04:26.117 [main] [INFO ] q.l.p.CommandLineTaskRunner$CommandLineProgressMonitor - 0 nuclei detected (1%)
2024-10-23 02:04:26 INFO: 02:04:26.117 [main] [INFO ] q.l.p.CommandLineTaskRunner$CommandLineProgressMonitor - 0 nuclei detected (2%)
2024-10-23 02:04:26 INFO: 02:04:26.117 [main] [INFO ] q.l.p.CommandLineTaskRunner$CommandLineProgressMonitor - 1 nucleus detected (3%)
2024-10-23 02:04:26 INFO: 02:04:26.117 [main] [INFO ] q.l.p.CommandLineTaskRunner$CommandLineProgressMonitor - 2 nuclei detected (3%)
2024-10-23 02:04:26 INFO: 02:04:26.117 [main] [INFO ] q.l.p.CommandLineTaskRunner$CommandLineProgressMonitor - 2 nuclei detected (4%)
2024-10-23 02:04:26 INFO: 02:04:26.117 [main] [INFO ] q.l.p.CommandLineTaskRunner$CommandLineProgressMonitor - 0 nuclei detected (4%)
2024-10-23 02:04:26 INFO: 02:04:26.117 [main] [INFO ] q.l.p.CommandLineTaskRunner$CommandLineProgressMonitor - 0 nuclei detected (5%)
2024-10-23 02:04:26 INFO: 02:04:26.117 [main] [INFO ] q.l.p.CommandLineTaskRunner$CommandLineProgressMonitor - 0 nuclei detected (6%)
2024-10-23 02:04:26 INFO: 02:04:26.117 [main] [INFO ] q.l.p.CommandLineTaskRunner$CommandLineProgressMonitor - 1 nucleus detected (7%)
2024-10-23 02:04:26 INFO: 02:04:26.117 [main] [INFO ] q.l.p.CommandLineTaskRunner$CommandLineProgressMonitor - 1 nucleus detected (8%)
2024-10-23 02:04:26 INFO: 02:04:26.117 [main] [INFO ] q.l.p.CommandLineTaskRunner$CommandLineProgressMonitor - 3 nuclei detected (8%)
2024-10-23 02:04:26 INFO: 02:04:26.117 [main] [INFO ] q.l.p.CommandLineTaskRunner$CommandLineProgressMonitor - 0 nuclei detected (9%)
2024-10-23 02:04:26 INFO: 02:04:26.117 [task-runner-1-17] [INFO ] q.lib.plugins.DetectionPluginTools - 3 nuclei detected (processing time: 13.63 seconds)
2024-10-23 02:04:26 INFO: 02:04:26.117 [main] [INFO ] q.l.p.CommandLineTaskRunner$CommandLineProgressMonitor - 3 nuclei detected (9%)
2024-10-23 02:04:26 INFO: 02:04:26.119 [task-runner-1-2] [INFO ] q.lib.plugins.DetectionPluginTools - 3 nuclei detected (processing time: 13.64 seconds)
2024-10-23 02:04:26 INFO: 02:04:26.120 [task-runner-1-29] [INFO ] q.lib.plugins.DetectionPluginTools - 5 nuclei detected (processing time: 13.64 seconds)
2024-10-23 02:04:26 INFO: 02:04:26.121 [main] [INFO ] q.l.p.CommandLineTaskRunner$CommandLineProgressMonitor - 3 nuclei detected (10%)
2024-10-23 02:04:26 INFO: 02:04:26.121 [main] [INFO ] q.l.p.CommandLineTaskRunner$CommandLineProgressMonitor - 5 nuclei detected (11%)
2024-10-23 02:04:26 INFO: 02:04:26.125 [task-runner-1-6] [INFO ] q.lib.plugins.DetectionPluginTools - 6 nuclei detected (processing time: 13.64 seconds)
2024-10-23 02:04:26 INFO: 02:04:26.126 [main] [INFO ] q.l.p.CommandLineTaskRunner$CommandLineProgressMonitor - 6 nuclei detected (11%)
2024-10-23 02:04:26 INFO: 02:04:26.141 [task-runner-1-13] [INFO ] q.lib.plugins.DetectionPluginTools - 9 nuclei detected (processing time: 13.66 seconds)
2024-10-23 02:04:26 INFO: 02:04:26.142 [main] [INFO ] q.l.p.CommandLineTaskRunner$CommandLineProgressMonitor - 9 nuclei detected (12%)
2024-10-23 02:04:26 INFO: 02:04:26.151 [task-runner-1-47] [INFO ] q.lib.plugins.DetectionPluginTools - 7 nuclei detected (processing time: 13.66 seconds)
2024-10-23 02:04:26 INFO: 02:04:26.152 [main] [INFO ] q.l.p.CommandLineTaskRunner$CommandLineProgressMonitor - 7 nuclei detected (13%)
2024-10-23 02:04:26 INFO: 02:04:26.178 [task-runner-1-31] [INFO ] q.lib.plugins.DetectionPluginTools - 13 nuclei detected (processing time: 13.69 seconds)
2024-10-23 02:04:26 INFO: 02:04:26.192 [main] [INFO ] q.l.p.CommandLineTaskRunner$CommandLineProgressMonitor - 13 nuclei detected (13%)
2024-10-23 02:04:26 INFO: 02:04:26.213 [task-runner-1-28] [INFO ] q.lib.plugins.DetectionPluginTools - 24 nuclei detected (processing time: 13.73 seconds)
2024-10-23 02:04:26 INFO: 02:04:26.213 [main] [INFO ] q.l.p.CommandLineTaskRunner$CommandLineProgressMonitor - 24 nuclei detected (14%)
2024-10-23 02:04:26 INFO: 02:04:26.391 [task-runner-1-26] [INFO ] q.lib.plugins.DetectionPluginTools - 53 nuclei detected (processing time: 13.91 seconds)
2024-10-23 02:04:26 INFO: 02:04:26.392 [task-runner-1-5] [INFO ] q.lib.plugins.DetectionPluginTools - 68 nuclei detected (processing time: 13.91 seconds)
2024-10-23 02:04:26 INFO: 02:04:26.392 [main] [INFO ] q.l.p.CommandLineTaskRunner$CommandLineProgressMonitor - 53 nuclei detected (14%)
2024-10-23 02:04:26 INFO: 02:04:26.392 [main] [INFO ] q.l.p.CommandLineTaskRunner$CommandLineProgressMonitor - 68 nuclei detected (15%)
2024-10-23 02:04:26 INFO: 02:04:26.483 [task-runner-1-19] [INFO ] q.lib.plugins.DetectionPluginTools - 167 nuclei detected (processing time: 13.97 seconds)
2024-10-23 02:04:26 INFO: 02:04:26.483 [task-runner-1-49] [INFO ] q.lib.plugins.DetectionPluginTools - 136 nuclei detected (processing time: 13.98 seconds)
2024-10-23 02:04:26 INFO: 02:04:26.485 [task-runner-1-45] [INFO ] q.lib.plugins.DetectionPluginTools - 120 nuclei detected (processing time: 14.00 seconds)
2024-10-23 02:04:26 INFO: 02:04:26.496 [main] [INFO ] q.l.p.CommandLineTaskRunner$CommandLineProgressMonitor - 167 nuclei detected (16%)
2024-10-23 02:04:26 INFO: 02:04:26.488 [task-runner-1-63] [INFO ] q.lib.plugins.DetectionPluginTools - 156 nuclei detected (processing time: 14.00 seconds)
2024-10-23 02:04:26 INFO: 02:04:26.502 [main] [INFO ] q.l.p.CommandLineTaskRunner$CommandLineProgressMonitor - 136 nuclei detected (16%)
2024-10-23 02:04:26 INFO: 02:04:26.503 [main] [INFO ] q.l.p.CommandLineTaskRunner$CommandLineProgressMonitor - 120 nuclei detected (17%)
2024-10-23 02:04:26 INFO: 02:04:26.503 [main] [INFO ] q.l.p.CommandLineTaskRunner$CommandLineProgressMonitor - 156 nuclei detected (18%)
2024-10-23 02:04:26 INFO: 02:04:26.562 [task-runner-1-33] [INFO ] q.lib.plugins.DetectionPluginTools - 250 nuclei detected (processing time: 14.08 seconds)
2024-10-23 02:04:26 INFO: 02:04:26.569 [main] [INFO ] q.l.p.CommandLineTaskRunner$CommandLineProgressMonitor - 250 nuclei detected (18%)
2024-10-23 02:04:26 INFO: 02:04:26.616 [task-runner-1-61] [INFO ] q.lib.plugins.DetectionPluginTools - 217 nuclei detected (processing time: 14.13 seconds)
2024-10-23 02:04:26 INFO: 02:04:26.621 [main] [INFO ] q.l.p.CommandLineTaskRunner$CommandLineProgressMonitor - 217 nuclei detected (19%)
2024-10-23 02:04:26 INFO: 02:04:26.626 [task-runner-1-62] [INFO ] q.lib.plugins.DetectionPluginTools - 228 nuclei detected (processing time: 14.13 seconds)
2024-10-23 02:04:26 INFO: 02:04:26.627 [main] [INFO ] q.l.p.CommandLineTaskRunner$CommandLineProgressMonitor - 228 nuclei detected (19%)
2024-10-23 02:04:26 INFO: 02:04:26.658 [task-runner-1-18] [INFO ] q.lib.plugins.DetectionPluginTools - 276 nuclei detected (processing time: 14.17 seconds)
2024-10-23 02:04:26 INFO: 02:04:26.685 [main] [INFO ] q.l.p.CommandLineTaskRunner$CommandLineProgressMonitor - 276 nuclei detected (20%)
2024-10-23 02:04:26 INFO: 02:04:26.696 [task-runner-1-35] [INFO ] q.lib.plugins.DetectionPluginTools - 297 nuclei detected (processing time: 14.20 seconds)
2024-10-23 02:04:26 INFO: 02:04:26.697 [main] [INFO ] q.l.p.CommandLineTaskRunner$CommandLineProgressMonitor - 297 nuclei detected (21%)
2024-10-23 02:04:26 INFO: 02:04:26.687 [task-runner-1-44] [INFO ] q.lib.plugins.DetectionPluginTools - 285 nuclei detected (processing time: 14.20 seconds)
2024-10-23 02:04:26 INFO: 02:04:26.705 [main] [INFO ] q.l.p.CommandLineTaskRunner$CommandLineProgressMonitor - 285 nuclei detected (21%)
2024-10-23 02:04:26 INFO: 02:04:26.742 [task-runner-1-25] [INFO ] q.lib.plugins.DetectionPluginTools - 371 nuclei detected (processing time: 14.26 seconds)
2024-10-23 02:04:26 INFO: 02:04:26.743 [main] [INFO ] q.l.p.CommandLineTaskRunner$CommandLineProgressMonitor - 371 nuclei detected (22%)
2024-10-23 02:04:26 INFO: 02:04:26.779 [task-runner-1-34] [INFO ] q.lib.plugins.DetectionPluginTools - 424 nuclei detected (processing time: 14.29 seconds)
2024-10-23 02:04:26 INFO: 02:04:26.780 [main] [INFO ] q.l.p.CommandLineTaskRunner$CommandLineProgressMonitor - 424 nuclei detected (23%)
2024-10-23 02:04:26 INFO: 02:04:26.829 [task-runner-1-20] [INFO ] q.lib.plugins.DetectionPluginTools - 744 nuclei detected (processing time: 14.35 seconds)
2024-10-23 02:04:26 INFO: 02:04:26.830 [main] [INFO ] q.l.p.CommandLineTaskRunner$CommandLineProgressMonitor - 744 nuclei detected (23%)
2024-10-23 02:04:29 INFO: 02:04:29.153 [task-runner-1-1] [INFO ] q.lib.plugins.DetectionPluginTools - 0 nuclei detected (processing time: 16.67 seconds)
2024-10-23 02:04:29 INFO: 02:04:29.154 [main] [INFO ] q.l.p.CommandLineTaskRunner$CommandLineProgressMonitor - 0 nuclei detected (24%)
2024-10-23 02:04:29 INFO: 02:04:29.162 [task-runner-1-9] [INFO ] q.lib.plugins.DetectionPluginTools - 0 nuclei detected (processing time: 16.68 seconds)
2024-10-23 02:04:29 INFO: 02:04:29.395 [task-runner-1-46] [INFO ] q.lib.plugins.DetectionPluginTools - 60 nuclei detected (processing time: 16.91 seconds)
2024-10-23 02:04:29 INFO: 02:04:29.396 [main] [INFO ] q.l.p.CommandLineTaskRunner$CommandLineProgressMonitor - 60 nuclei detected (25%)
2024-10-23 02:04:29 INFO: 02:04:29.665 [task-runner-1-50] [INFO ] q.lib.plugins.DetectionPluginTools - 345 nuclei detected (processing time: 17.18 seconds)
2024-10-23 02:04:29 INFO: 02:04:29.667 [main] [INFO ] q.l.p.CommandLineTaskRunner$CommandLineProgressMonitor - 345 nuclei detected (26%)
2024-10-23 02:04:29 INFO: 02:04:29.851 [task-runner-1-51] [INFO ] q.lib.plugins.DetectionPluginTools - 933 nuclei detected (processing time: 17.36 seconds)
2024-10-23 02:04:29 INFO: 02:04:29.851 [main] [INFO ] q.l.p.CommandLineTaskRunner$CommandLineProgressMonitor - 933 nuclei detected (26%)
2024-10-23 02:04:29 INFO: 02:04:29.875 [task-runner-1-24] [INFO ] q.lib.plugins.DetectionPluginTools - 1111 nuclei detected (processing time: 17.39 seconds)
2024-10-23 02:04:29 INFO: 02:04:29.876 [main] [INFO ] q.l.p.CommandLineTaskRunner$CommandLineProgressMonitor - 1111 nuclei detected (27%)
2024-10-23 02:04:29 INFO: 02:04:29.892 [task-runner-1-43] [INFO ] q.lib.plugins.DetectionPluginTools - 1048 nuclei detected (processing time: 17.40 seconds)
2024-10-23 02:04:29 INFO: 02:04:29.894 [main] [INFO ] q.l.p.CommandLineTaskRunner$CommandLineProgressMonitor - 1048 nuclei detected (28%)
2024-10-23 02:04:29 INFO: 02:04:29.909 [task-runner-1-23] [INFO ] q.lib.plugins.DetectionPluginTools - 1075 nuclei detected (processing time: 17.43 seconds)
2024-10-23 02:04:29 INFO: 02:04:29.911 [main] [INFO ] q.l.p.CommandLineTaskRunner$CommandLineProgressMonitor - 1075 nuclei detected (28%)
2024-10-23 02:04:29 INFO: 02:04:29.931 [task-runner-1-60] [INFO ] q.lib.plugins.DetectionPluginTools - 1208 nuclei detected (processing time: 17.44 seconds)
2024-10-23 02:04:29 INFO: 02:04:29.931 [main] [INFO ] q.l.p.CommandLineTaskRunner$CommandLineProgressMonitor - 1208 nuclei detected (29%)
2024-10-23 02:04:29 INFO: 02:04:29.959 [task-runner-1-22] [INFO ] q.lib.plugins.DetectionPluginTools - 1459 nuclei detected (processing time: 17.48 seconds)
2024-10-23 02:04:29 INFO: 02:04:29.960 [main] [INFO ] q.l.p.CommandLineTaskRunner$CommandLineProgressMonitor - 1459 nuclei detected (29%)
2024-10-23 02:04:31 INFO: 02:04:31.527 [task-runner-1-36] [INFO ] q.lib.plugins.DetectionPluginTools - 2179 nuclei detected (processing time: 19.04 seconds)
2024-10-23 02:04:31 INFO: 02:04:31.528 [main] [INFO ] q.l.p.CommandLineTaskRunner$CommandLineProgressMonitor - 2179 nuclei detected (30%)
2024-10-23 02:04:32 INFO: 02:04:32.079 [task-runner-1-8] [INFO ] q.lib.plugins.DetectionPluginTools - 2 nuclei detected (processing time: 5.96 seconds)
2024-10-23 02:04:32 INFO: 02:04:32.082 [main] [INFO ] q.l.p.CommandLineTaskRunner$CommandLineProgressMonitor - 2 nuclei detected (31%)
2024-10-23 02:04:33 INFO: 02:04:33.065 [task-runner-1-29] [INFO ] q.lib.plugins.DetectionPluginTools - 0 nuclei detected (processing time: 6.95 seconds)
2024-10-23 02:04:33 INFO: 02:04:33.067 [main] [INFO ] q.l.p.CommandLineTaskRunner$CommandLineProgressMonitor - 0 nuclei detected (31%)
2024-10-23 02:04:33 INFO: 02:04:33.382 [task-runner-1-52] [INFO ] q.lib.plugins.DetectionPluginTools - 2698 nuclei detected (processing time: 20.89 seconds)
2024-10-23 02:04:33 INFO: 02:04:33.388 [main] [INFO ] q.l.p.CommandLineTaskRunner$CommandLineProgressMonitor - 2698 nuclei detected (32%)
2024-10-23 02:04:33 INFO: 02:04:33.591 [task-runner-1-59] [INFO ] q.lib.plugins.DetectionPluginTools - 2938 nuclei detected (processing time: 21.10 seconds)
2024-10-23 02:04:33 INFO: 02:04:33.592 [main] [INFO ] q.l.p.CommandLineTaskRunner$CommandLineProgressMonitor - 2938 nuclei detected (33%)
2024-10-23 02:04:33 INFO: 02:04:33.669 [task-runner-1-18] [INFO ] q.lib.plugins.DetectionPluginTools - 114 nuclei detected (processing time: 6.98 seconds)
2024-10-23 02:04:33 INFO: 02:04:33.672 [main] [INFO ] q.l.p.CommandLineTaskRunner$CommandLineProgressMonitor - 114 nuclei detected (33%)
2024-10-23 02:04:33 INFO: 02:04:33.678 [task-runner-1-7] [INFO ] q.lib.plugins.DetectionPluginTools - 120 nuclei detected (processing time: 7.56 seconds)
2024-10-23 02:04:33 INFO: 02:04:33.679 [main] [INFO ] q.l.p.CommandLineTaskRunner$CommandLineProgressMonitor - 120 nuclei detected (34%)
2024-10-23 02:04:33 INFO: 02:04:33.843 [task-runner-1-32] [INFO ] q.lib.plugins.DetectionPluginTools - 397 nuclei detected (processing time: 7.73 seconds)
2024-10-23 02:04:33 INFO: 02:04:33.844 [main] [INFO ] q.l.p.CommandLineTaskRunner$CommandLineProgressMonitor - 397 nuclei detected (34%)
2024-10-23 02:04:33 INFO: 02:04:33.877 [task-runner-1-13] [INFO ] q.lib.plugins.DetectionPluginTools - 143 nuclei detected (processing time: 7.74 seconds)
2024-10-23 02:04:33 INFO: 02:04:33.879 [main] [INFO ] q.l.p.CommandLineTaskRunner$CommandLineProgressMonitor - 143 nuclei detected (35%)
2024-10-23 02:04:33 INFO: 02:04:33.906 [task-runner-1-40] [INFO ] q.lib.plugins.DetectionPluginTools - 2259 nuclei detected (processing time: 21.42 seconds)
2024-10-23 02:04:33 INFO: 02:04:33.907 [main] [INFO ] q.l.p.CommandLineTaskRunner$CommandLineProgressMonitor - 2259 nuclei detected (36%)
2024-10-23 02:04:34 INFO: 02:04:34.012 [task-runner-1-21] [INFO ] q.lib.plugins.DetectionPluginTools - 4056 nuclei detected (processing time: 21.53 seconds)
2024-10-23 02:04:34 INFO: 02:04:34.014 [main] [INFO ] q.l.p.CommandLineTaskRunner$CommandLineProgressMonitor - 4056 nuclei detected (36%)
2024-10-23 02:04:34 INFO: 02:04:34.115 [task-runner-1-35] [INFO ] q.lib.plugins.DetectionPluginTools - 3 nuclei detected (processing time: 7.42 seconds)
2024-10-23 02:04:34 INFO: 02:04:34.117 [main] [INFO ] q.l.p.CommandLineTaskRunner$CommandLineProgressMonitor - 3 nuclei detected (37%)
2024-10-23 02:04:34 INFO: 02:04:34.278 [task-runner-1-42] [INFO ] q.lib.plugins.DetectionPluginTools - 2830 nuclei detected (processing time: 21.79 seconds)
2024-10-23 02:04:34 INFO: 02:04:34.280 [main] [INFO ] q.l.p.CommandLineTaskRunner$CommandLineProgressMonitor - 2830 nuclei detected (38%)
2024-10-23 02:04:34 INFO: 02:04:34.286 [task-runner-1-6] [INFO ] q.lib.plugins.DetectionPluginTools - 121 nuclei detected (processing time: 8.16 seconds)
2024-10-23 02:04:34 INFO: 02:04:34.287 [main] [INFO ] q.l.p.CommandLineTaskRunner$CommandLineProgressMonitor - 121 nuclei detected (38%)
2024-10-23 02:04:34 INFO: 02:04:34.350 [task-runner-1-41] [INFO ] q.lib.plugins.DetectionPluginTools - 2638 nuclei detected (processing time: 21.86 seconds)
2024-10-23 02:04:34 INFO: 02:04:34.351 [main] [INFO ] q.l.p.CommandLineTaskRunner$CommandLineProgressMonitor - 2638 nuclei detected (39%)
2024-10-23 02:04:34 INFO: 02:04:34.788 [task-runner-1-48] [INFO ] q.lib.plugins.DetectionPluginTools - 519 nuclei detected (processing time: 8.67 seconds)
2024-10-23 02:04:34 INFO: 02:04:34.790 [main] [INFO ] q.l.p.CommandLineTaskRunner$CommandLineProgressMonitor - 519 nuclei detected (39%)
2024-10-23 02:04:35 INFO: 02:04:35.020 [task-runner-1-25] [INFO ] q.lib.plugins.DetectionPluginTools - 155 nuclei detected (processing time: 8.28 seconds)
2024-10-23 02:04:35 INFO: 02:04:35.021 [main] [INFO ] q.l.p.CommandLineTaskRunner$CommandLineProgressMonitor - 155 nuclei detected (40%)
2024-10-23 02:04:35 INFO: 02:04:35.093 [task-runner-1-58] [INFO ] q.lib.plugins.DetectionPluginTools - 2829 nuclei detected (processing time: 22.60 seconds)
2024-10-23 02:04:35 INFO: 02:04:35.095 [main] [INFO ] q.l.p.CommandLineTaskRunner$CommandLineProgressMonitor - 2829 nuclei detected (41%)
2024-10-23 02:04:35 INFO: 02:04:35.205 [task-runner-1-2] [INFO ] q.lib.plugins.DetectionPluginTools - 229 nuclei detected (processing time: 9.08 seconds)
2024-10-23 02:04:35 INFO: 02:04:35.206 [main] [INFO ] q.l.p.CommandLineTaskRunner$CommandLineProgressMonitor - 229 nuclei detected (41%)
2024-10-23 02:04:35 INFO: 02:04:35.213 [task-runner-1-39] [INFO ] q.lib.plugins.DetectionPluginTools - 3086 nuclei detected (processing time: 22.73 seconds)
2024-10-23 02:04:35 INFO: 02:04:35.215 [main] [INFO ] q.l.p.CommandLineTaskRunner$CommandLineProgressMonitor - 3086 nuclei detected (42%)
2024-10-23 02:04:35 INFO: 02:04:35.260 [task-runner-1-34] [INFO ] q.lib.plugins.DetectionPluginTools - 261 nuclei detected (processing time: 8.48 seconds)
2024-10-23 02:04:35 INFO: 02:04:35.262 [main] [INFO ] q.l.p.CommandLineTaskRunner$CommandLineProgressMonitor - 261 nuclei detected (43%)
2024-10-23 02:04:35 INFO: 02:04:35.435 [task-runner-1-38] [INFO ] q.lib.plugins.DetectionPluginTools - 4076 nuclei detected (processing time: 22.95 seconds)
2024-10-23 02:04:35 INFO: 02:04:35.441 [main] [INFO ] q.l.p.CommandLineTaskRunner$CommandLineProgressMonitor - 4076 nuclei detected (43%)
2024-10-23 02:04:35 INFO: 02:04:35.736 [task-runner-1-57] [INFO ] q.lib.plugins.DetectionPluginTools - 3460 nuclei detected (processing time: 23.25 seconds)
2024-10-23 02:04:35 INFO: 02:04:35.737 [main] [INFO ] q.l.p.CommandLineTaskRunner$CommandLineProgressMonitor - 3460 nuclei detected (44%)
2024-10-23 02:04:35 INFO: 02:04:35.818 [task-runner-1-44] [INFO ] q.lib.plugins.DetectionPluginTools - 156 nuclei detected (processing time: 9.11 seconds)
2024-10-23 02:04:35 INFO: 02:04:35.820 [main] [INFO ] q.l.p.CommandLineTaskRunner$CommandLineProgressMonitor - 156 nuclei detected (44%)
2024-10-23 02:04:36 INFO: 02:04:36.350 [task-runner-1-47] [INFO ] q.lib.plugins.DetectionPluginTools - 944 nuclei detected (processing time: 10.20 seconds)
2024-10-23 02:04:36 INFO: 02:04:36.355 [main] [INFO ] q.l.p.CommandLineTaskRunner$CommandLineProgressMonitor - 944 nuclei detected (45%)
2024-10-23 02:04:37 INFO: 02:04:37.121 [task-runner-1-17] [INFO ] q.lib.plugins.DetectionPluginTools - 786 nuclei detected (processing time: 11.00 seconds)
2024-10-23 02:04:37 INFO: 02:04:37.123 [main] [INFO ] q.l.p.CommandLineTaskRunner$CommandLineProgressMonitor - 786 nuclei detected (46%)
2024-10-23 02:04:37 INFO: 02:04:37.308 [task-runner-1-54] [INFO ] q.lib.plugins.DetectionPluginTools - 4931 nuclei detected (processing time: 24.82 seconds)
2024-10-23 02:04:37 INFO: 02:04:37.309 [main] [INFO ] q.l.p.CommandLineTaskRunner$CommandLineProgressMonitor - 4931 nuclei detected (46%)
2024-10-23 02:04:37 INFO: 02:04:37.419 [task-runner-1-37] [INFO ] q.lib.plugins.DetectionPluginTools - 4743 nuclei detected (processing time: 24.93 seconds)
2024-10-23 02:04:37 INFO: 02:04:37.421 [main] [INFO ] q.l.p.CommandLineTaskRunner$CommandLineProgressMonitor - 4743 nuclei detected (47%)
2024-10-23 02:04:37 INFO: 02:04:37.569 [task-runner-1-55] [INFO ] q.lib.plugins.DetectionPluginTools - 3470 nuclei detected (processing time: 25.08 seconds)
2024-10-23 02:04:37 INFO: 02:04:37.570 [main] [INFO ] q.l.p.CommandLineTaskRunner$CommandLineProgressMonitor - 3470 nuclei detected (48%)
2024-10-23 02:04:37 INFO: 02:04:37.951 [task-runner-1-36] [INFO ] q.lib.plugins.DetectionPluginTools - 49 nuclei detected (processing time: 6.42 seconds)
2024-10-23 02:04:37 INFO: 02:04:37.952 [main] [INFO ] q.l.p.CommandLineTaskRunner$CommandLineProgressMonitor - 49 nuclei detected (48%)
2024-10-23 02:04:38 INFO: 02:04:38.104 [task-runner-1-62] [INFO ] q.lib.plugins.DetectionPluginTools - 824 nuclei detected (processing time: 11.48 seconds)
2024-10-23 02:04:38 INFO: 02:04:38.107 [main] [INFO ] q.l.p.CommandLineTaskRunner$CommandLineProgressMonitor - 824 nuclei detected (49%)
2024-10-23 02:04:38 INFO: 02:04:38.138 [task-runner-1-56] [INFO ] q.lib.plugins.DetectionPluginTools - 4274 nuclei detected (processing time: 25.65 seconds)
2024-10-23 02:04:38 INFO: 02:04:38.140 [main] [INFO ] q.l.p.CommandLineTaskRunner$CommandLineProgressMonitor - 4274 nuclei detected (49%)
2024-10-23 02:04:38 INFO: 02:04:38.640 [task-runner-1-8] [INFO ] q.lib.plugins.DetectionPluginTools - 1 nucleus detected (processing time: 6.56 seconds)
2024-10-23 02:04:38 INFO: 02:04:38.641 [main] [INFO ] q.l.p.CommandLineTaskRunner$CommandLineProgressMonitor - 1 nucleus detected (50%)
2024-10-23 02:04:40 INFO: 02:04:40.464 [task-runner-1-4] [INFO ] q.lib.plugins.DetectionPluginTools - 1522 nuclei detected (processing time: 14.35 seconds)
2024-10-23 02:04:40 INFO: 02:04:40.466 [main] [INFO ] q.l.p.CommandLineTaskRunner$CommandLineProgressMonitor - 1522 nuclei detected (51%)
2024-10-23 02:04:40 INFO: 02:04:40.551 [task-runner-1-52] [INFO ] q.lib.plugins.DetectionPluginTools - 269 nuclei detected (processing time: 7.16 seconds)
2024-10-23 02:04:40 INFO: 02:04:40.553 [main] [INFO ] q.l.p.CommandLineTaskRunner$CommandLineProgressMonitor - 269 nuclei detected (51%)
2024-10-23 02:04:40 INFO: 02:04:40.662 [task-runner-1-58] [INFO ] q.lib.plugins.DetectionPluginTools - 0 nuclei detected (processing time: 5.57 seconds)
2024-10-23 02:04:40 INFO: 02:04:40.664 [main] [INFO ] q.l.p.CommandLineTaskRunner$CommandLineProgressMonitor - 0 nuclei detected (52%)
2024-10-23 02:04:41 INFO: 02:04:41.105 [task-runner-1-25] [INFO ] q.lib.plugins.DetectionPluginTools - 0 nuclei detected (processing time: 6.08 seconds)
2024-10-23 02:04:41 INFO: 02:04:41.111 [main] [INFO ] q.l.p.CommandLineTaskRunner$CommandLineProgressMonitor - 0 nuclei detected (53%)
2024-10-23 02:04:41 INFO: 02:04:41.242 [task-runner-1-29] [INFO ] q.lib.plugins.DetectionPluginTools - 359 nuclei detected (processing time: 8.18 seconds)
2024-10-23 02:04:41 INFO: 02:04:41.245 [main] [INFO ] q.l.p.CommandLineTaskRunner$CommandLineProgressMonitor - 359 nuclei detected (53%)
2024-10-23 02:04:41 INFO: 02:04:41.476 [task-runner-1-53] [INFO ] q.lib.plugins.DetectionPluginTools - 6421 nuclei detected (processing time: 28.99 seconds)
2024-10-23 02:04:41 INFO: 02:04:41.478 [main] [INFO ] q.l.p.CommandLineTaskRunner$CommandLineProgressMonitor - 6421 nuclei detected (54%)
2024-10-23 02:04:41 INFO: 02:04:41.732 [task-runner-1-39] [INFO ] q.lib.plugins.DetectionPluginTools - 83 nuclei detected (processing time: 6.52 seconds)
2024-10-23 02:04:41 INFO: 02:04:41.743 [main] [INFO ] q.l.p.CommandLineTaskRunner$CommandLineProgressMonitor - 83 nuclei detected (54%)
2024-10-23 02:04:41 INFO: 02:04:41.852 [task-runner-1-2] [INFO ] q.lib.plugins.DetectionPluginTools - 116 nuclei detected (processing time: 6.65 seconds)
2024-10-23 02:04:41 INFO: 02:04:41.860 [main] [INFO ] q.l.p.CommandLineTaskRunner$CommandLineProgressMonitor - 116 nuclei detected (55%)
2024-10-23 02:04:42 INFO: 02:04:42.023 [task-runner-1-34] [INFO ] q.lib.plugins.DetectionPluginTools - 125 nuclei detected (processing time: 6.76 seconds)
2024-10-23 02:04:42 INFO: 02:04:42.025 [main] [INFO ] q.l.p.CommandLineTaskRunner$CommandLineProgressMonitor - 125 nuclei detected (56%)
2024-10-23 02:04:42 INFO: 02:04:42.051 [task-runner-1-38] [INFO ] q.lib.plugins.DetectionPluginTools - 4 nuclei detected (processing time: 6.61 seconds)
2024-10-23 02:04:42 INFO: 02:04:42.053 [main] [INFO ] q.l.p.CommandLineTaskRunner$CommandLineProgressMonitor - 4 nuclei detected (56%)
2024-10-23 02:04:42 INFO: 02:04:42.187 [task-runner-1-44] [INFO ] q.lib.plugins.DetectionPluginTools - 0 nuclei detected (processing time: 6.37 seconds)
2024-10-23 02:04:42 INFO: 02:04:42.190 [main] [INFO ] q.l.p.CommandLineTaskRunner$CommandLineProgressMonitor - 0 nuclei detected (57%)
2024-10-23 02:04:42 INFO: 02:04:42.285 [task-runner-1-57] [INFO ] q.lib.plugins.DetectionPluginTools - 14 nuclei detected (processing time: 6.55 seconds)
2024-10-23 02:04:42 INFO: 02:04:42.286 [main] [INFO ] q.l.p.CommandLineTaskRunner$CommandLineProgressMonitor - 14 nuclei detected (57%)
2024-10-23 02:04:42 INFO: 02:04:42.971 [task-runner-1-47] [INFO ] q.lib.plugins.DetectionPluginTools - 0 nuclei detected (processing time: 6.62 seconds)
2024-10-23 02:04:42 INFO: 02:04:42.974 [main] [INFO ] q.l.p.CommandLineTaskRunner$CommandLineProgressMonitor - 0 nuclei detected (58%)
2024-10-23 02:04:43 INFO: 02:04:43.254 [task-runner-1-17] [INFO ] q.lib.plugins.DetectionPluginTools - 0 nuclei detected (processing time: 6.13 seconds)
2024-10-23 02:04:43 INFO: 02:04:43.260 [main] [INFO ] q.l.p.CommandLineTaskRunner$CommandLineProgressMonitor - 0 nuclei detected (59%)
2024-10-23 02:04:43 INFO: 02:04:43.949 [task-runner-1-54] [INFO ] q.lib.plugins.DetectionPluginTools - 24 nuclei detected (processing time: 6.64 seconds)
2024-10-23 02:04:43 INFO: 02:04:43.953 [main] [INFO ] q.l.p.CommandLineTaskRunner$CommandLineProgressMonitor - 24 nuclei detected (59%)
2024-10-23 02:04:44 INFO: 02:04:44.056 [task-runner-1-59] [INFO ] q.lib.plugins.DetectionPluginTools - 337 nuclei detected (processing time: 10.46 seconds)
2024-10-23 02:04:44 INFO: 02:04:44.057 [task-runner-1-10] [INFO ] q.lib.plugins.DetectionPluginTools - 2871 nuclei detected (processing time: 17.94 seconds)
2024-10-23 02:04:44 INFO: 02:04:44.058 [main] [INFO ] q.l.p.CommandLineTaskRunner$CommandLineProgressMonitor - 2871 nuclei detected (60%)
2024-10-23 02:04:44 INFO: 02:04:44.058 [main] [INFO ] q.l.p.CommandLineTaskRunner$CommandLineProgressMonitor - 337 nuclei detected (61%)
2024-10-23 02:04:44 INFO: 02:04:44.538 [task-runner-1-48] [INFO ] q.lib.plugins.DetectionPluginTools - 1188 nuclei detected (processing time: 9.75 seconds)
2024-10-23 02:04:44 INFO: 02:04:44.539 [main] [INFO ] q.l.p.CommandLineTaskRunner$CommandLineProgressMonitor - 1188 nuclei detected (61%)
2024-10-23 02:04:44 INFO: 02:04:44.547 [task-runner-1-37] [INFO ] q.lib.plugins.DetectionPluginTools - 393 nuclei detected (processing time: 7.13 seconds)
2024-10-23 02:04:44 INFO: 02:04:44.547 [main] [INFO ] q.l.p.CommandLineTaskRunner$CommandLineProgressMonitor - 393 nuclei detected (62%)
2024-10-23 02:04:44 INFO: 02:04:44.687 [task-runner-1-56] [INFO ] q.lib.plugins.DetectionPluginTools - 0 nuclei detected (processing time: 6.55 seconds)
2024-10-23 02:04:44 INFO: 02:04:44.688 [main] [INFO ] q.l.p.CommandLineTaskRunner$CommandLineProgressMonitor - 0 nuclei detected (63%)
2024-10-23 02:04:45 INFO: 02:04:45.125 [task-runner-1-8] [INFO ] q.lib.plugins.DetectionPluginTools - 0 nuclei detected (processing time: 6.48 seconds)
2024-10-23 02:04:45 INFO: 02:04:45.302 [task-runner-1-22] [INFO ] q.lib.plugins.DetectionPluginTools - 2460 nuclei detected (processing time: 15.34 seconds)
2024-10-23 02:04:45 INFO: 02:04:45.302 [main] [INFO ] q.l.p.CommandLineTaskRunner$CommandLineProgressMonitor - 2460 nuclei detected (64%)
2024-10-23 02:04:46 INFO: 02:04:46.545 [task-runner-1-52] [INFO ] q.lib.plugins.DetectionPluginTools - 8 nuclei detected (processing time: 5.99 seconds)
2024-10-23 02:04:46 INFO: 02:04:46.547 [main] [INFO ] q.l.p.CommandLineTaskRunner$CommandLineProgressMonitor - 8 nuclei detected (64%)
2024-10-23 02:04:46 INFO: 02:04:46.590 [task-runner-1-14] [INFO ] q.lib.plugins.DetectionPluginTools - 3498 nuclei detected (processing time: 20.47 seconds)
2024-10-23 02:04:46 INFO: 02:04:46.591 [main] [INFO ] q.l.p.CommandLineTaskRunner$CommandLineProgressMonitor - 3498 nuclei detected (65%)
2024-10-23 02:04:46 INFO: 02:04:46.978 [task-runner-1-58] [INFO ] q.lib.plugins.DetectionPluginTools - 1 nucleus detected (processing time: 6.31 seconds)
2024-10-23 02:04:46 INFO: 02:04:46.980 [main] [INFO ] q.l.p.CommandLineTaskRunner$CommandLineProgressMonitor - 1 nucleus detected (66%)
2024-10-23 02:04:46 INFO: 02:04:46.994 [task-runner-1-29] [INFO ] q.lib.plugins.DetectionPluginTools - 1 nucleus detected (processing time: 5.75 seconds)
2024-10-23 02:04:47 INFO: 02:04:47.139 [task-runner-1-25] [INFO ] q.lib.plugins.DetectionPluginTools - 0 nuclei detected (processing time: 6.03 seconds)
2024-10-23 02:04:47 INFO: 02:04:47.140 [main] [INFO ] q.l.p.CommandLineTaskRunner$CommandLineProgressMonitor - 0 nuclei detected (67%)
2024-10-23 02:04:47 INFO: 02:04:47.340 [task-runner-1-4] [INFO ] q.lib.plugins.DetectionPluginTools - 0 nuclei detected (processing time: 6.87 seconds)
2024-10-23 02:04:47 INFO: 02:04:47.342 [main] [INFO ] q.l.p.CommandLineTaskRunner$CommandLineProgressMonitor - 0 nuclei detected (68%)
2024-10-23 02:04:47 INFO: 02:04:47.345 [task-runner-1-13] [INFO ] q.lib.plugins.DetectionPluginTools - 1442 nuclei detected (processing time: 13.47 seconds)
2024-10-23 02:04:47 INFO: 02:04:47.346 [main] [INFO ] q.l.p.CommandLineTaskRunner$CommandLineProgressMonitor - 1442 nuclei detected (68%)
2024-10-23 02:04:47 INFO: 02:04:47.411 [task-runner-1-34] [INFO ] q.lib.plugins.DetectionPluginTools - 1 nucleus detected (processing time: 5.39 seconds)
2024-10-23 02:04:47 INFO: 02:04:47.411 [main] [INFO ] q.l.p.CommandLineTaskRunner$CommandLineProgressMonitor - 1 nucleus detected (69%)
2024-10-23 02:04:47 INFO: 02:04:47.503 [task-runner-1-39] [INFO ] q.lib.plugins.DetectionPluginTools - 0 nuclei detected (processing time: 5.76 seconds)
2024-10-23 02:04:47 INFO: 02:04:47.504 [main] [INFO ] q.l.p.CommandLineTaskRunner$CommandLineProgressMonitor - 0 nuclei detected (69%)
2024-10-23 02:04:47 INFO: 02:04:47.651 [task-runner-1-31] [INFO ] q.lib.plugins.DetectionPluginTools - 3335 nuclei detected (processing time: 21.46 seconds)
2024-10-23 02:04:47 INFO: 02:04:47.651 [main] [INFO ] q.l.p.CommandLineTaskRunner$CommandLineProgressMonitor - 3335 nuclei detected (70%)
2024-10-23 02:04:47 INFO: 02:04:47.726 [task-runner-1-30] [INFO ] q.lib.plugins.DetectionPluginTools - 3635 nuclei detected (processing time: 21.61 seconds)
2024-10-23 02:04:47 INFO: 02:04:47.727 [main] [INFO ] q.l.p.CommandLineTaskRunner$CommandLineProgressMonitor - 3635 nuclei detected (71%)
2024-10-23 02:04:47 INFO: 02:04:47.729 [task-runner-1-33] [INFO ] q.lib.plugins.DetectionPluginTools - 3080 nuclei detected (processing time: 21.16 seconds)
2024-10-23 02:04:47 INFO: 02:04:47.730 [main] [INFO ] q.l.p.CommandLineTaskRunner$CommandLineProgressMonitor - 3080 nuclei detected (71%)
2024-10-23 02:04:47 INFO: 02:04:47.802 [task-runner-1-61] [INFO ] q.lib.plugins.DetectionPluginTools - 2654 nuclei detected (processing time: 21.19 seconds)
2024-10-23 02:04:47 INFO: 02:04:47.803 [main] [INFO ] q.l.p.CommandLineTaskRunner$CommandLineProgressMonitor - 2654 nuclei detected (72%)
2024-10-23 02:04:47 INFO: 02:04:47.872 [task-runner-1-32] [INFO ] q.lib.plugins.DetectionPluginTools - 1434 nuclei detected (processing time: 14.03 seconds)
2024-10-23 02:04:47 INFO: 02:04:47.873 [main] [INFO ] q.l.p.CommandLineTaskRunner$CommandLineProgressMonitor - 1434 nuclei detected (73%)
2024-10-23 02:04:47 INFO: 02:04:47.935 [task-runner-1-55] [INFO ] q.lib.plugins.DetectionPluginTools - 1691 nuclei detected (processing time: 10.37 seconds)
2024-10-23 02:04:47 INFO: 02:04:47.936 [main] [INFO ] q.l.p.CommandLineTaskRunner$CommandLineProgressMonitor - 1691 nuclei detected (73%)
2024-10-23 02:04:48 INFO: 02:04:48.032 [task-runner-1-20] [INFO ] q.lib.plugins.DetectionPluginTools - 2818 nuclei detected (processing time: 21.20 seconds)
2024-10-23 02:04:48 INFO: 02:04:48.032 [main] [INFO ] q.l.p.CommandLineTaskRunner$CommandLineProgressMonitor - 2818 nuclei detected (74%)
2024-10-23 02:04:48 INFO: 02:04:48.035 [task-runner-1-38] [INFO ] q.lib.plugins.DetectionPluginTools - 0 nuclei detected (processing time: 5.98 seconds)
2024-10-23 02:04:48 INFO: 02:04:48.036 [main] [INFO ] q.l.p.CommandLineTaskRunner$CommandLineProgressMonitor - 0 nuclei detected (74%)
2024-10-23 02:04:48 INFO: 02:04:48.212 [task-runner-1-15] [INFO ] q.lib.plugins.DetectionPluginTools - 4211 nuclei detected (processing time: 22.10 seconds)
2024-10-23 02:04:48 INFO: 02:04:48.213 [main] [INFO ] q.l.p.CommandLineTaskRunner$CommandLineProgressMonitor - 4211 nuclei detected (75%)
2024-10-23 02:04:48 INFO: 02:04:48.245 [task-runner-1-53] [INFO ] q.lib.plugins.DetectionPluginTools - 1 nucleus detected (processing time: 6.77 seconds)
2024-10-23 02:04:48 INFO: 02:04:48.246 [main] [INFO ] q.l.p.CommandLineTaskRunner$CommandLineProgressMonitor - 1 nucleus detected (76%)
2024-10-23 02:04:48 INFO: 02:04:48.294 [task-runner-1-47] [INFO ] q.lib.plugins.DetectionPluginTools - 0 nuclei detected (processing time: 5.32 seconds)
2024-10-23 02:04:48 INFO: 02:04:48.295 [main] [INFO ] q.l.p.CommandLineTaskRunner$CommandLineProgressMonitor - 0 nuclei detected (76%)
2024-10-23 02:04:48 INFO: 02:04:48.472 [task-runner-1-57] [INFO ] q.lib.plugins.DetectionPluginTools - 0 nuclei detected (processing time: 6.19 seconds)
2024-10-23 02:04:48 INFO: 02:04:48.473 [main] [INFO ] q.l.p.CommandLineTaskRunner$CommandLineProgressMonitor - 0 nuclei detected (77%)
2024-10-23 02:04:48 INFO: 02:04:48.502 [task-runner-1-2] [INFO ] q.lib.plugins.DetectionPluginTools - 1 nucleus detected (processing time: 6.64 seconds)
2024-10-23 02:04:48 INFO: 02:04:48.502 [main] [INFO ] q.l.p.CommandLineTaskRunner$CommandLineProgressMonitor - 1 nucleus detected (78%)
2024-10-23 02:04:48 INFO: 02:04:48.525 [task-runner-1-59] [INFO ] q.lib.plugins.DetectionPluginTools - 0 nuclei detected (processing time: 4.47 seconds)
2024-10-23 02:04:48 INFO: 02:04:48.525 [main] [INFO ] q.l.p.CommandLineTaskRunner$CommandLineProgressMonitor - 0 nuclei detected (78%)
2024-10-23 02:04:48 INFO: 02:04:48.585 [task-runner-1-63] [INFO ] q.lib.plugins.DetectionPluginTools - 3256 nuclei detected (processing time: 22.08 seconds)
2024-10-23 02:04:48 INFO: 02:04:48.585 [main] [INFO ] q.l.p.CommandLineTaskRunner$CommandLineProgressMonitor - 3256 nuclei detected (79%)
2024-10-23 02:04:48 INFO: 02:04:48.616 [task-runner-1-26] [INFO ] q.lib.plugins.DetectionPluginTools - 4864 nuclei detected (processing time: 22.22 seconds)
2024-10-23 02:04:48 INFO: 02:04:48.616 [main] [INFO ] q.l.p.CommandLineTaskRunner$CommandLineProgressMonitor - 4864 nuclei detected (79%)
2024-10-23 02:04:48 INFO: 02:04:48.627 [task-runner-1-16] [INFO ] q.lib.plugins.DetectionPluginTools - 4505 nuclei detected (processing time: 22.51 seconds)
2024-10-23 02:04:48 INFO: 02:04:48.628 [main] [INFO ] q.l.p.CommandLineTaskRunner$CommandLineProgressMonitor - 4505 nuclei detected (80%)
2024-10-23 02:04:48 INFO: 02:04:48.650 [task-runner-1-44] [INFO ] q.lib.plugins.DetectionPluginTools - 2 nuclei detected (processing time: 6.46 seconds)
2024-10-23 02:04:48 INFO: 02:04:48.651 [main] [INFO ] q.l.p.CommandLineTaskRunner$CommandLineProgressMonitor - 2 nuclei detected (81%)
2024-10-23 02:04:48 INFO: 02:04:48.654 [task-runner-1-17] [INFO ] q.lib.plugins.DetectionPluginTools - 0 nuclei detected (processing time: 5.39 seconds)
2024-10-23 02:04:48 INFO: 02:04:48.654 [main] [INFO ] q.l.p.CommandLineTaskRunner$CommandLineProgressMonitor - 0 nuclei detected (81%)
2024-10-23 02:04:48 INFO: 02:04:48.698 [task-runner-1-46] [INFO ] q.lib.plugins.DetectionPluginTools - 3069 nuclei detected (processing time: 19.30 seconds)
2024-10-23 02:04:48 INFO: 02:04:48.698 [main] [INFO ] q.l.p.CommandLineTaskRunner$CommandLineProgressMonitor - 3069 nuclei detected (82%)
2024-10-23 02:04:48 INFO: 02:04:48.842 [task-runner-1-5] [INFO ] q.lib.plugins.DetectionPluginTools - 4096 nuclei detected (processing time: 22.45 seconds)
2024-10-23 02:04:48 INFO: 02:04:48.842 [main] [INFO ] q.l.p.CommandLineTaskRunner$CommandLineProgressMonitor - 4096 nuclei detected (83%)
2024-10-23 02:04:48 INFO: 02:04:48.853 [task-runner-1-54] [INFO ] q.lib.plugins.DetectionPluginTools - 0 nuclei detected (processing time: 4.90 seconds)
2024-10-23 02:04:48 INFO: 02:04:48.853 [main] [INFO ] q.l.p.CommandLineTaskRunner$CommandLineProgressMonitor - 0 nuclei detected (83%)
2024-10-23 02:04:48 INFO: 02:04:48.855 [task-runner-1-45] [INFO ] q.lib.plugins.DetectionPluginTools - 3784 nuclei detected (processing time: 22.36 seconds)
2024-10-23 02:04:48 INFO: 02:04:48.856 [main] [INFO ] q.l.p.CommandLineTaskRunner$CommandLineProgressMonitor - 3784 nuclei detected (84%)
2024-10-23 02:04:48 INFO: 02:04:48.860 [task-runner-1-9] [INFO ] q.lib.plugins.DetectionPluginTools - 2915 nuclei detected (processing time: 19.70 seconds)
2024-10-23 02:04:48 INFO: 02:04:48.860 [main] [INFO ] q.l.p.CommandLineTaskRunner$CommandLineProgressMonitor - 2915 nuclei detected (84%)
2024-10-23 02:04:48 INFO: 02:04:48.909 [task-runner-1-1] [INFO ] q.lib.plugins.DetectionPluginTools - 3866 nuclei detected (processing time: 19.76 seconds)
2024-10-23 02:04:48 INFO: 02:04:48.910 [main] [INFO ] q.l.p.CommandLineTaskRunner$CommandLineProgressMonitor - 3866 nuclei detected (85%)
2024-10-23 02:04:48 INFO: 02:04:48.924 [task-runner-1-7] [INFO ] q.lib.plugins.DetectionPluginTools - 2240 nuclei detected (processing time: 15.25 seconds)
2024-10-23 02:04:48 INFO: 02:04:48.925 [main] [INFO ] q.l.p.CommandLineTaskRunner$CommandLineProgressMonitor - 2240 nuclei detected (86%)
2024-10-23 02:04:49 INFO: 02:04:49.067 [task-runner-1-28] [INFO ] q.lib.plugins.DetectionPluginTools - 3687 nuclei detected (processing time: 22.85 seconds)
2024-10-23 02:04:49 INFO: 02:04:49.067 [main] [INFO ] q.l.p.CommandLineTaskRunner$CommandLineProgressMonitor - 3687 nuclei detected (86%)
2024-10-23 02:04:49 INFO: 02:04:49.071 [task-runner-1-12] [INFO ] q.lib.plugins.DetectionPluginTools - 4325 nuclei detected (processing time: 22.95 seconds)
2024-10-23 02:04:49 INFO: 02:04:49.071 [main] [INFO ] q.l.p.CommandLineTaskRunner$CommandLineProgressMonitor - 4325 nuclei detected (87%)
2024-10-23 02:04:49 INFO: 02:04:49.130 [task-runner-1-10] [INFO ] q.lib.plugins.DetectionPluginTools - 0 nuclei detected (processing time: 5.07 seconds)
2024-10-23 02:04:49 INFO: 02:04:49.131 [main] [INFO ] q.l.p.CommandLineTaskRunner$CommandLineProgressMonitor - 0 nuclei detected (88%)
2024-10-23 02:04:49 INFO: 02:04:49.144 [task-runner-1-40] [INFO ] q.lib.plugins.DetectionPluginTools - 3238 nuclei detected (processing time: 15.24 seconds)
2024-10-23 02:04:49 INFO: 02:04:49.144 [main] [INFO ] q.l.p.CommandLineTaskRunner$CommandLineProgressMonitor - 3238 nuclei detected (88%)
2024-10-23 02:04:49 INFO: 02:04:49.198 [task-runner-1-27] [INFO ] q.lib.plugins.DetectionPluginTools - 3853 nuclei detected (processing time: 23.08 seconds)
2024-10-23 02:04:49 INFO: 02:04:49.199 [main] [INFO ] q.l.p.CommandLineTaskRunner$CommandLineProgressMonitor - 3853 nuclei detected (89%)
2024-10-23 02:04:49 INFO: 02:04:49.266 [task-runner-1-11] [INFO ] q.lib.plugins.DetectionPluginTools - 5762 nuclei detected (processing time: 23.15 seconds)
2024-10-23 02:04:49 INFO: 02:04:49.266 [main] [INFO ] q.l.p.CommandLineTaskRunner$CommandLineProgressMonitor - 5762 nuclei detected (89%)
2024-10-23 02:04:49 INFO: 02:04:49.306 [task-runner-1-49] [INFO ] q.lib.plugins.DetectionPluginTools - 4427 nuclei detected (processing time: 22.81 seconds)
2024-10-23 02:04:49 INFO: 02:04:49.307 [main] [INFO ] q.l.p.CommandLineTaskRunner$CommandLineProgressMonitor - 4427 nuclei detected (90%)
2024-10-23 02:04:49 INFO: 02:04:49.333 [task-runner-1-18] [INFO ] q.lib.plugins.DetectionPluginTools - 1260 nuclei detected (processing time: 15.66 seconds)
2024-10-23 02:04:49 INFO: 02:04:49.333 [main] [INFO ] q.l.p.CommandLineTaskRunner$CommandLineProgressMonitor - 1260 nuclei detected (91%)
2024-10-23 02:04:49 INFO: 02:04:49.490 [task-runner-1-24] [INFO ] q.lib.plugins.DetectionPluginTools - 3906 nuclei detected (processing time: 19.61 seconds)
2024-10-23 02:04:49 INFO: 02:04:49.491 [main] [INFO ] q.l.p.CommandLineTaskRunner$CommandLineProgressMonitor - 3906 nuclei detected (91%)
2024-10-23 02:04:49 INFO: 02:04:49.520 [task-runner-1-50] [INFO ] q.lib.plugins.DetectionPluginTools - 3934 nuclei detected (processing time: 19.85 seconds)
2024-10-23 02:04:49 INFO: 02:04:49.520 [main] [INFO ] q.l.p.CommandLineTaskRunner$CommandLineProgressMonitor - 3934 nuclei detected (92%)
2024-10-23 02:04:49 INFO: 02:04:49.698 [task-runner-1-19] [INFO ] q.lib.plugins.DetectionPluginTools - 4410 nuclei detected (processing time: 23.20 seconds)
2024-10-23 02:04:49 INFO: 02:04:49.698 [main] [INFO ] q.l.p.CommandLineTaskRunner$CommandLineProgressMonitor - 4410 nuclei detected (93%)
2024-10-23 02:04:49 INFO: 02:04:49.799 [task-runner-1-51] [INFO ] q.lib.plugins.DetectionPluginTools - 3845 nuclei detected (processing time: 19.95 seconds)
2024-10-23 02:04:49 INFO: 02:04:49.800 [main] [INFO ] q.l.p.CommandLineTaskRunner$CommandLineProgressMonitor - 3845 nuclei detected (93%)
2024-10-23 02:04:50 INFO: 02:04:50.093 [task-runner-1-3] [INFO ] q.lib.plugins.DetectionPluginTools - 7143 nuclei detected (processing time: 23.98 seconds)
2024-10-23 02:04:50 INFO: 02:04:50.093 [main] [INFO ] q.l.p.CommandLineTaskRunner$CommandLineProgressMonitor - 7143 nuclei detected (94%)
2024-10-23 02:04:50 INFO: 02:04:50.195 [task-runner-1-62] [INFO ] q.lib.plugins.DetectionPluginTools - 2947 nuclei detected (processing time: 12.09 seconds)
2024-10-23 02:04:50 INFO: 02:04:50.195 [main] [INFO ] q.l.p.CommandLineTaskRunner$CommandLineProgressMonitor - 2947 nuclei detected (94%)
2024-10-23 02:04:50 INFO: 02:04:50.316 [task-runner-1-36] [INFO ] q.lib.plugins.DetectionPluginTools - 2505 nuclei detected (processing time: 12.36 seconds)
2024-10-23 02:04:50 INFO: 02:04:50.316 [main] [INFO ] q.l.p.CommandLineTaskRunner$CommandLineProgressMonitor - 2505 nuclei detected (95%)
2024-10-23 02:04:50 INFO: 02:04:50.337 [task-runner-1-23] [INFO ] q.lib.plugins.DetectionPluginTools - 4276 nuclei detected (processing time: 20.43 seconds)
2024-10-23 02:04:50 INFO: 02:04:50.338 [main] [INFO ] q.l.p.CommandLineTaskRunner$CommandLineProgressMonitor - 4276 nuclei detected (96%)
2024-10-23 02:04:50 INFO: 02:04:50.679 [task-runner-1-21] [INFO ] q.lib.plugins.DetectionPluginTools - 4255 nuclei detected (processing time: 16.67 seconds)
2024-10-23 02:04:50 INFO: 02:04:50.679 [main] [INFO ] q.l.p.CommandLineTaskRunner$CommandLineProgressMonitor - 4255 nuclei detected (96%)
2024-10-23 02:04:50 INFO: 02:04:50.759 [task-runner-1-60] [INFO ] q.lib.plugins.DetectionPluginTools - 5562 nuclei detected (processing time: 20.83 seconds)
2024-10-23 02:04:50 INFO: 02:04:50.759 [main] [INFO ] q.l.p.CommandLineTaskRunner$CommandLineProgressMonitor - 5562 nuclei detected (97%)
2024-10-23 02:04:50 INFO: 02:04:50.972 [task-runner-1-43] [INFO ] q.lib.plugins.DetectionPluginTools - 4985 nuclei detected (processing time: 21.08 seconds)
2024-10-23 02:04:50 INFO: 02:04:50.972 [main] [INFO ] q.l.p.CommandLineTaskRunner$CommandLineProgressMonitor - 4985 nuclei detected (98%)
2024-10-23 02:04:51 INFO: 02:04:51.510 [task-runner-1-41] [INFO ] q.lib.plugins.DetectionPluginTools - 5067 nuclei detected (processing time: 17.16 seconds)
2024-10-23 02:04:51 INFO: 02:04:51.510 [main] [INFO ] q.l.p.CommandLineTaskRunner$CommandLineProgressMonitor - 5067 nuclei detected (98%)
2024-10-23 02:04:51 INFO: 02:04:51.889 [task-runner-1-35] [INFO ] q.lib.plugins.DetectionPluginTools - 5607 nuclei detected (processing time: 17.77 seconds)
2024-10-23 02:04:51 INFO: 02:04:51.890 [main] [INFO ] q.l.p.CommandLineTaskRunner$CommandLineProgressMonitor - 5607 nuclei detected (99%)
2024-10-23 02:04:51 INFO: 02:04:51.912 [task-runner-1-42] [INFO ] q.lib.plugins.DetectionPluginTools - 5991 nuclei detected (processing time: 17.63 seconds)
2024-10-23 02:04:51 INFO: 02:04:51.912 [main] [INFO ] q.l.p.CommandLineTaskRunner$CommandLineProgressMonitor - 5991 nuclei detected (99%)
2024-10-23 02:04:52 INFO: 02:04:52.216 [task-runner-1-6] [INFO ] q.lib.plugins.DetectionPluginTools - 6042 nuclei detected (processing time: 17.93 seconds)
2024-10-23 02:04:52 INFO: 02:04:52.216 [main] [INFO ] q.l.p.CommandLineTaskRunner$CommandLineProgressMonitor - 6042 nuclei detected (100%)
2024-10-23 02:04:52 INFO: 02:04:52.217 [main] [INFO ] q.l.p.CommandLineTaskRunner$CommandLineProgressMonitor - Processing complete in 39.74 seconds
2024-10-23 02:04:52 INFO: 02:04:52.217 [main] [INFO ] q.l.p.CommandLineTaskRunner$CommandLineProgressMonitor - Tasks completed!
2024-10-23 02:05:01 INFO: 02:05:01.695 [main] [WARN ] q.l.p.objects.SmoothFeaturesPlugin - Smoothing using annotations
2024-10-23 02:05:06 INFO: 02:05:06.122 [main] [INFO ] q.l.p.CommandLineTaskRunner$CommandLineProgressMonitor - Completed (100%)
2024-10-23 02:05:06 INFO: 02:05:06.123 [main] [INFO ] q.l.p.CommandLineTaskRunner$CommandLineProgressMonitor - Processing complete in 4.43 seconds
2024-10-23 02:05:06 INFO: 02:05:06.123 [main] [INFO ] q.l.p.CommandLineTaskRunner$CommandLineProgressMonitor - Tasks completed!
2024-10-23 02:05:06 INFO: 02:05:06.124 [main] [WARN ] q.l.p.objects.SmoothFeaturesPlugin - Smoothing using annotations
2024-10-23 02:05:14 INFO: 02:05:14.624 [main] [INFO ] q.l.p.CommandLineTaskRunner$CommandLineProgressMonitor - Completed (100%)
2024-10-23 02:05:14 INFO: 02:05:14.625 [main] [INFO ] q.l.p.CommandLineTaskRunner$CommandLineProgressMonitor - Processing complete in 8.50 seconds
2024-10-23 02:05:14 INFO: 02:05:14.625 [main] [INFO ] q.l.p.CommandLineTaskRunner$CommandLineProgressMonitor - Tasks completed!
2024-10-23 02:05:14 INFO: 02:05:14.626 [main] [WARN ] q.l.p.objects.SmoothFeaturesPlugin - Smoothing using annotations
2024-10-23 02:05:34 INFO: 02:05:34.871 [main] [INFO ] q.l.p.CommandLineTaskRunner$CommandLineProgressMonitor - Completed (100%)
2024-10-23 02:05:34 INFO: 02:05:34.873 [main] [INFO ] q.l.p.CommandLineTaskRunner$CommandLineProgressMonitor - Processing complete in 20.25 seconds
2024-10-23 02:05:34 INFO: 02:05:34.874 [main] [INFO ] q.l.p.CommandLineTaskRunner$CommandLineProgressMonitor - Tasks completed!
2024-10-23 02:05:35 INFO: 02:05:35.127 [task-runner-5-2] [INFO ] q.l.a.IntensityFeaturesPlugin - Splitting Rectangle (0, 0, 63784, 39311) into 40 tiles for intensity measurements
2024-10-23 02:05:35 INFO: 02:05:35.425 [main] [INFO ] q.l.p.CommandLineTaskRunner$CommandLineProgressMonitor - Completed (0%)
2024-10-23 02:05:36 INFO: 02:05:36.174 [main] [INFO ] q.l.p.CommandLineTaskRunner$CommandLineProgressMonitor - Completed (1%)
2024-10-23 02:05:36 INFO: 02:05:36.544 [main] [INFO ] q.l.p.CommandLineTaskRunner$CommandLineProgressMonitor - Completed (2%)
2024-10-23 02:05:36 INFO: 02:05:36.731 [main] [INFO ] q.l.p.CommandLineTaskRunner$CommandLineProgressMonitor - Completed (3%)
2024-10-23 02:05:37 INFO: 02:05:37.271 [main] [INFO ] q.l.p.CommandLineTaskRunner$CommandLineProgressMonitor - Completed (4%)
2024-10-23 02:05:37 INFO: 02:05:37.431 [main] [INFO ] q.l.p.CommandLineTaskRunner$CommandLineProgressMonitor - Completed (5%)
2024-10-23 02:05:37 INFO: 02:05:37.556 [main] [INFO ] q.l.p.CommandLineTaskRunner$CommandLineProgressMonitor - Completed (6%)
2024-10-23 02:05:37 INFO: 02:05:37.673 [main] [INFO ] q.l.p.CommandLineTaskRunner$CommandLineProgressMonitor - Completed (7%)
2024-10-23 02:05:38 INFO: 02:05:38.125 [main] [INFO ] q.l.p.CommandLineTaskRunner$CommandLineProgressMonitor - Completed (8%)
2024-10-23 02:05:38 INFO: 02:05:38.232 [main] [INFO ] q.l.p.CommandLineTaskRunner$CommandLineProgressMonitor - Completed (9%)
2024-10-23 02:05:38 INFO: 02:05:38.350 [main] [INFO ] q.l.p.CommandLineTaskRunner$CommandLineProgressMonitor - Completed (10%)
2024-10-23 02:05:38 INFO: 02:05:38.454 [main] [INFO ] q.l.p.CommandLineTaskRunner$CommandLineProgressMonitor - Completed (11%)
2024-10-23 02:05:38 INFO: 02:05:38.872 [main] [INFO ] q.l.p.CommandLineTaskRunner$CommandLineProgressMonitor - Completed (12%)
2024-10-23 02:05:38 INFO: 02:05:38.986 [main] [INFO ] q.l.p.CommandLineTaskRunner$CommandLineProgressMonitor - Completed (13%)
2024-10-23 02:05:39 INFO: 02:05:39.104 [main] [INFO ] q.l.p.CommandLineTaskRunner$CommandLineProgressMonitor - Completed (14%)
2024-10-23 02:05:39 INFO: 02:05:39.264 [main] [INFO ] q.l.p.CommandLineTaskRunner$CommandLineProgressMonitor - Completed (15%)
2024-10-23 02:05:39 INFO: 02:05:39.377 [main] [INFO ] q.l.p.CommandLineTaskRunner$CommandLineProgressMonitor - Completed (16%)
2024-10-23 02:05:39 INFO: 02:05:39.483 [main] [INFO ] q.l.p.CommandLineTaskRunner$CommandLineProgressMonitor - Completed (17%)
2024-10-23 02:05:39 INFO: 02:05:39.588 [main] [INFO ] q.l.p.CommandLineTaskRunner$CommandLineProgressMonitor - Completed (18%)
2024-10-23 02:05:39 INFO: 02:05:39.722 [main] [INFO ] q.l.p.CommandLineTaskRunner$CommandLineProgressMonitor - Completed (19%)
2024-10-23 02:05:39 INFO: 02:05:39.841 [main] [INFO ] q.l.p.CommandLineTaskRunner$CommandLineProgressMonitor - Completed (20%)
2024-10-23 02:05:39 INFO: 02:05:39.960 [main] [INFO ] q.l.p.CommandLineTaskRunner$CommandLineProgressMonitor - Completed (21%)
2024-10-23 02:05:40 INFO: 02:05:40.126 [main] [INFO ] q.l.p.CommandLineTaskRunner$CommandLineProgressMonitor - Completed (22%)
2024-10-23 02:05:40 INFO: 02:05:40.289 [main] [INFO ] q.l.p.CommandLineTaskRunner$CommandLineProgressMonitor - Completed (23%)
2024-10-23 02:05:40 INFO: 02:05:40.454 [main] [INFO ] q.l.p.CommandLineTaskRunner$CommandLineProgressMonitor - Completed (24%)
2024-10-23 02:05:40 INFO: 02:05:40.611 [main] [INFO ] q.l.p.CommandLineTaskRunner$CommandLineProgressMonitor - Completed (25%)
2024-10-23 02:05:40 INFO: 02:05:40.784 [main] [INFO ] q.l.p.CommandLineTaskRunner$CommandLineProgressMonitor - Completed (26%)
2024-10-23 02:05:41 INFO: 02:05:41.140 [main] [INFO ] q.l.p.CommandLineTaskRunner$CommandLineProgressMonitor - Completed (27%)
2024-10-23 02:05:41 INFO: 02:05:41.298 [main] [INFO ] q.l.p.CommandLineTaskRunner$CommandLineProgressMonitor - Completed (28%)
2024-10-23 02:05:41 INFO: 02:05:41.530 [main] [INFO ] q.l.p.CommandLineTaskRunner$CommandLineProgressMonitor - Completed (29%)
2024-10-23 02:05:41 INFO: 02:05:41.721 [main] [INFO ] q.l.p.CommandLineTaskRunner$CommandLineProgressMonitor - Completed (30%)
2024-10-23 02:05:41 INFO: 02:05:41.881 [main] [INFO ] q.l.p.CommandLineTaskRunner$CommandLineProgressMonitor - Completed (31%)
2024-10-23 02:05:42 INFO: 02:05:42.028 [main] [INFO ] q.l.p.CommandLineTaskRunner$CommandLineProgressMonitor - Completed (32%)
2024-10-23 02:05:42 INFO: 02:05:42.195 [main] [INFO ] q.l.p.CommandLineTaskRunner$CommandLineProgressMonitor - Completed (33%)
2024-10-23 02:05:42 INFO: 02:05:42.364 [main] [INFO ] q.l.p.CommandLineTaskRunner$CommandLineProgressMonitor - Completed (34%)
2024-10-23 02:05:42 INFO: 02:05:42.585 [main] [INFO ] q.l.p.CommandLineTaskRunner$CommandLineProgressMonitor - Completed (35%)
2024-10-23 02:05:42 INFO: 02:05:42.687 [main] [INFO ] q.l.p.CommandLineTaskRunner$CommandLineProgressMonitor - Completed (36%)
2024-10-23 02:05:42 INFO: 02:05:42.797 [main] [INFO ] q.l.p.CommandLineTaskRunner$CommandLineProgressMonitor - Completed (37%)
2024-10-23 02:05:42 INFO: 02:05:42.905 [main] [INFO ] q.l.p.CommandLineTaskRunner$CommandLineProgressMonitor - Completed (38%)
2024-10-23 02:05:43 INFO: 02:05:43.003 [main] [INFO ] q.l.p.CommandLineTaskRunner$CommandLineProgressMonitor - Completed (39%)
2024-10-23 02:05:43 INFO: 02:05:43.110 [main] [INFO ] q.l.p.CommandLineTaskRunner$CommandLineProgressMonitor - Completed (40%)
2024-10-23 02:05:43 INFO: 02:05:43.220 [main] [INFO ] q.l.p.CommandLineTaskRunner$CommandLineProgressMonitor - Completed (41%)
2024-10-23 02:05:43 INFO: 02:05:43.333 [main] [INFO ] q.l.p.CommandLineTaskRunner$CommandLineProgressMonitor - Completed (42%)
2024-10-23 02:05:43 INFO: 02:05:43.438 [main] [INFO ] q.l.p.CommandLineTaskRunner$CommandLineProgressMonitor - Completed (43%)
2024-10-23 02:05:43 INFO: 02:05:43.551 [main] [INFO ] q.l.p.CommandLineTaskRunner$CommandLineProgressMonitor - Completed (44%)
2024-10-23 02:05:43 INFO: 02:05:43.652 [main] [INFO ] q.l.p.CommandLineTaskRunner$CommandLineProgressMonitor - Completed (45%)
2024-10-23 02:05:43 INFO: 02:05:43.796 [main] [INFO ] q.l.p.CommandLineTaskRunner$CommandLineProgressMonitor - Completed (46%)
2024-10-23 02:05:43 INFO: 02:05:43.938 [main] [INFO ] q.l.p.CommandLineTaskRunner$CommandLineProgressMonitor - Completed (47%)
2024-10-23 02:05:44 INFO: 02:05:44.060 [main] [INFO ] q.l.p.CommandLineTaskRunner$CommandLineProgressMonitor - Completed (48%)
2024-10-23 02:05:44 INFO: 02:05:44.159 [main] [INFO ] q.l.p.CommandLineTaskRunner$CommandLineProgressMonitor - Completed (49%)
2024-10-23 02:05:44 INFO: 02:05:44.262 [main] [INFO ] q.l.p.CommandLineTaskRunner$CommandLineProgressMonitor - Completed (50%)
2024-10-23 02:05:44 INFO: 02:05:44.372 [main] [INFO ] q.l.p.CommandLineTaskRunner$CommandLineProgressMonitor - Completed (51%)
2024-10-23 02:05:44 INFO: 02:05:44.482 [main] [INFO ] q.l.p.CommandLineTaskRunner$CommandLineProgressMonitor - Completed (52%)
2024-10-23 02:05:44 INFO: 02:05:44.596 [main] [INFO ] q.l.p.CommandLineTaskRunner$CommandLineProgressMonitor - Completed (53%)
2024-10-23 02:05:44 INFO: 02:05:44.705 [main] [INFO ] q.l.p.CommandLineTaskRunner$CommandLineProgressMonitor - Completed (54%)
2024-10-23 02:05:44 INFO: 02:05:44.804 [main] [INFO ] q.l.p.CommandLineTaskRunner$CommandLineProgressMonitor - Completed (55%)
2024-10-23 02:05:44 INFO: 02:05:44.900 [main] [INFO ] q.l.p.CommandLineTaskRunner$CommandLineProgressMonitor - Completed (56%)
2024-10-23 02:05:44 INFO: 02:05:44.995 [main] [INFO ] q.l.p.CommandLineTaskRunner$CommandLineProgressMonitor - Completed (57%)
2024-10-23 02:05:45 INFO: 02:05:45.095 [main] [INFO ] q.l.p.CommandLineTaskRunner$CommandLineProgressMonitor - Completed (58%)
2024-10-23 02:05:45 INFO: 02:05:45.191 [main] [INFO ] q.l.p.CommandLineTaskRunner$CommandLineProgressMonitor - Completed (59%)
2024-10-23 02:05:45 INFO: 02:05:45.297 [main] [INFO ] q.l.p.CommandLineTaskRunner$CommandLineProgressMonitor - Completed (60%)
2024-10-23 02:05:45 INFO: 02:05:45.400 [main] [INFO ] q.l.p.CommandLineTaskRunner$CommandLineProgressMonitor - Completed (61%)
2024-10-23 02:05:45 INFO: 02:05:45.503 [main] [INFO ] q.l.p.CommandLineTaskRunner$CommandLineProgressMonitor - Completed (62%)
2024-10-23 02:05:45 INFO: 02:05:45.610 [main] [INFO ] q.l.p.CommandLineTaskRunner$CommandLineProgressMonitor - Completed (63%)
2024-10-23 02:05:45 INFO: 02:05:45.750 [main] [INFO ] q.l.p.CommandLineTaskRunner$CommandLineProgressMonitor - Completed (64%)
2024-10-23 02:05:45 INFO: 02:05:45.857 [main] [INFO ] q.l.p.CommandLineTaskRunner$CommandLineProgressMonitor - Completed (65%)
2024-10-23 02:05:45 INFO: 02:05:45.955 [main] [INFO ] q.l.p.CommandLineTaskRunner$CommandLineProgressMonitor - Completed (66%)
2024-10-23 02:05:46 INFO: 02:05:46.115 [main] [INFO ] q.l.p.CommandLineTaskRunner$CommandLineProgressMonitor - Completed (67%)
2024-10-23 02:05:46 INFO: 02:05:46.228 [main] [INFO ] q.l.p.CommandLineTaskRunner$CommandLineProgressMonitor - Completed (68%)
2024-10-23 02:05:46 INFO: 02:05:46.339 [main] [INFO ] q.l.p.CommandLineTaskRunner$CommandLineProgressMonitor - Completed (69%)
2024-10-23 02:05:46 INFO: 02:05:46.440 [main] [INFO ] q.l.p.CommandLineTaskRunner$CommandLineProgressMonitor - Completed (70%)
2024-10-23 02:05:46 INFO: 02:05:46.539 [main] [INFO ] q.l.p.CommandLineTaskRunner$CommandLineProgressMonitor - Completed (71%)
2024-10-23 02:05:46 INFO: 02:05:46.656 [main] [INFO ] q.l.p.CommandLineTaskRunner$CommandLineProgressMonitor - Completed (72%)
2024-10-23 02:05:46 INFO: 02:05:46.773 [main] [INFO ] q.l.p.CommandLineTaskRunner$CommandLineProgressMonitor - Completed (73%)
2024-10-23 02:05:46 INFO: 02:05:46.897 [main] [INFO ] q.l.p.CommandLineTaskRunner$CommandLineProgressMonitor - Completed (74%)
2024-10-23 02:05:47 INFO: 02:05:47.013 [main] [INFO ] q.l.p.CommandLineTaskRunner$CommandLineProgressMonitor - Completed (75%)
2024-10-23 02:05:47 INFO: 02:05:47.111 [main] [INFO ] q.l.p.CommandLineTaskRunner$CommandLineProgressMonitor - Completed (76%)
2024-10-23 02:05:47 INFO: 02:05:47.207 [main] [INFO ] q.l.p.CommandLineTaskRunner$CommandLineProgressMonitor - Completed (77%)
2024-10-23 02:05:47 INFO: 02:05:47.304 [main] [INFO ] q.l.p.CommandLineTaskRunner$CommandLineProgressMonitor - Completed (78%)
2024-10-23 02:05:47 INFO: 02:05:47.403 [main] [INFO ] q.l.p.CommandLineTaskRunner$CommandLineProgressMonitor - Completed (79%)
2024-10-23 02:05:47 INFO: 02:05:47.499 [main] [INFO ] q.l.p.CommandLineTaskRunner$CommandLineProgressMonitor - Completed (80%)
2024-10-23 02:05:47 INFO: 02:05:47.604 [main] [INFO ] q.l.p.CommandLineTaskRunner$CommandLineProgressMonitor - Completed (81%)
2024-10-23 02:05:47 INFO: 02:05:47.748 [main] [INFO ] q.l.p.CommandLineTaskRunner$CommandLineProgressMonitor - Completed (82%)
2024-10-23 02:05:47 INFO: 02:05:47.853 [main] [INFO ] q.l.p.CommandLineTaskRunner$CommandLineProgressMonitor - Completed (83%)
2024-10-23 02:05:47 INFO: 02:05:47.959 [main] [INFO ] q.l.p.CommandLineTaskRunner$CommandLineProgressMonitor - Completed (84%)
2024-10-23 02:05:48 INFO: 02:05:48.061 [main] [INFO ] q.l.p.CommandLineTaskRunner$CommandLineProgressMonitor - Completed (85%)
2024-10-23 02:05:48 INFO: 02:05:48.158 [main] [INFO ] q.l.p.CommandLineTaskRunner$CommandLineProgressMonitor - Completed (86%)
2024-10-23 02:05:48 INFO: 02:05:48.262 [main] [INFO ] q.l.p.CommandLineTaskRunner$CommandLineProgressMonitor - Completed (87%)
2024-10-23 02:05:48 INFO: 02:05:48.364 [main] [INFO ] q.l.p.CommandLineTaskRunner$CommandLineProgressMonitor - Completed (88%)
2024-10-23 02:05:48 INFO: 02:05:48.455 [main] [INFO ] q.l.p.CommandLineTaskRunner$CommandLineProgressMonitor - Completed (89%)
2024-10-23 02:05:48 INFO: 02:05:48.572 [main] [INFO ] q.l.p.CommandLineTaskRunner$CommandLineProgressMonitor - Completed (90%)
2024-10-23 02:05:48 INFO: 02:05:48.766 [main] [INFO ] q.l.p.CommandLineTaskRunner$CommandLineProgressMonitor - Completed (91%)
2024-10-23 02:05:48 INFO: 02:05:48.909 [main] [INFO ] q.l.p.CommandLineTaskRunner$CommandLineProgressMonitor - Completed (92%)
2024-10-23 02:05:49 INFO: 02:05:49.050 [main] [INFO ] q.l.p.CommandLineTaskRunner$CommandLineProgressMonitor - Completed (93%)
2024-10-23 02:05:49 INFO: 02:05:49.163 [main] [INFO ] q.l.p.CommandLineTaskRunner$CommandLineProgressMonitor - Completed (94%)
2024-10-23 02:05:49 INFO: 02:05:49.283 [main] [INFO ] q.l.p.CommandLineTaskRunner$CommandLineProgressMonitor - Completed (95%)
2024-10-23 02:05:49 INFO: 02:05:49.398 [main] [INFO ] q.l.p.CommandLineTaskRunner$CommandLineProgressMonitor - Completed (96%)
2024-10-23 02:05:49 INFO: 02:05:49.524 [main] [INFO ] q.l.p.CommandLineTaskRunner$CommandLineProgressMonitor - Completed (97%)
2024-10-23 02:05:49 INFO: 02:05:49.714 [main] [INFO ] q.l.p.CommandLineTaskRunner$CommandLineProgressMonitor - Completed (98%)
2024-10-23 02:05:49 INFO: 02:05:49.831 [main] [INFO ] q.l.p.CommandLineTaskRunner$CommandLineProgressMonitor - Completed (99%)
2024-10-23 02:05:49 INFO: 02:05:49.945 [main] [INFO ] q.l.p.CommandLineTaskRunner$CommandLineProgressMonitor - Completed (100%)
2024-10-23 02:06:43 INFO: 02:06:43.375 [main] [INFO ] q.l.p.CommandLineTaskRunner$CommandLineProgressMonitor - Completed (100%)
2024-10-23 02:06:43 INFO: 02:06:43.375 [main] [INFO ] q.l.p.CommandLineTaskRunner$CommandLineProgressMonitor - Processing complete in 68.27 seconds
2024-10-23 02:06:43 INFO: 02:06:43.375 [main] [INFO ] q.l.p.CommandLineTaskRunner$CommandLineProgressMonitor - Tasks completed!
2024-10-23 02:08:45 INFO: 02:08:45.324 [task-runner-6-1] [WARN ] q.o.features.DelaunayTriangulation - Some objects have missing measurements! Statistics will calculated only for objects with measurements available.
2024-10-23 02:08:45 INFO: 02:08:45.325 [task-runner-6-1] [WARN ] q.o.features.DelaunayTriangulation - Missing measurements: [ROI: 1.00 m per pixel: Residual: Haralick Correlation (F2), ROI: 1.00 m per pixel: Residual: Haralick Information measure of correlation 1 (F11), ROI: 1.00 m per pixel: Green: Haralick Correlation (F2), ROI: 1.00 m per pixel: Green: Haralick Information measure of correlation 1 (F11), ROI: 1.00 m per pixel: Residual: Haralick Information measure of correlation 2 (F12)]
2024-10-23 02:08:45 INFO: 02:08:45.346 [main] [INFO ] q.l.p.CommandLineTaskRunner$CommandLineProgressMonitor - Delaunay triangulation calculated for Annotation (211075 objects) (100%)
2024-10-23 02:08:45 INFO: 02:08:45.346 [main] [INFO ] q.l.p.CommandLineTaskRunner$CommandLineProgressMonitor - Processing complete in 121.93 seconds
2024-10-23 02:08:45 INFO: 02:08:45.346 [main] [INFO ] q.l.p.CommandLineTaskRunner$CommandLineProgressMonitor - Tasks completed!
2024-10-23 02:11:28 INFO: TCGA-GI-A2C8-01Z-00-DX1.09BD8AC9-645A-4C8B-9B36-77D833BDBA09
2024-10-23 02:11:28 INFO: QuPath subprocess completed.
2024-10-23 02:11:39 INFO: QuPath image extraction completed successfully. Output directory: /home/ilants/Documents/jupyter_test/single_image_multiple_params/exp_minAreaMicrons_8.0
2024-10-23 02:11:39 INFO: Summary table saved to: /home/ilants/Documents/jupyter_test/single_image_multiple_params/exp_minAreaMicrons_8.0/Summary_Table.csv
2024-10-23 02:11:39 INFO: Experiment completed successfully.
