2024-10-23 01:29:04 INFO: Starting experiment with for sigmaMicrons with value of 2
2024-10-23 01:29:04 INFO: Running with the following configuration:
{'detectionImageBrightfield': 'Hematoxylin OD', 'requestedPixelSizeMicrons': 0.5, 'backgroundRadiusMicrons': 4.0, 'backgroundByReconstruction': True, 'medianRadiusMicrons': 0.0, 'sigmaMicrons': 2, 'minAreaMicrons': 10.0, 'maxAreaMicrons': 80.0, 'threshold': 0.1, 'maxBackground': 2.0, 'watershedPostProcess': True, 'cellExpansionMicrons': 5.0, 'includeNuclei': True, 'smoothBoundaries': True, 'makeMeasurements': True, 'backgroundRadiusPixel': 8.0, 'cellExpansionPixel': 10.0, 'medianRadiusPixel': 0.0, 'minAreaPixel': 20.0, 'maxAreaPixel': 160.0}
2024-10-23 01:29:04 INFO: Starting QuPath image extraction with the following parameters: image_dir=/home/ilants/Documents/jupyter_test, output_dir=/home/ilants/Documents/jupyter_test/single_image_multiple_params/exp_sigmaMicrons_2, image_type=svs, groovy_script=/home/ilants/Documents/utls/nucleus_detection_wargs.groovy, config_file=/home/ilants/Documents/jupyter_test/single_image_multiple_params/exp_sigmaMicrons_2/cfg.json, program_path=/home/ilants/Documents/QuPath-v0.5.1-Linux/QuPath/bin/QuPath
2024-10-23 01:29:05 INFO: 01:29:05.431 [main] [INFO ] qupath.lib.gui.prefs.PathPrefs - Setting default Locale to en_US
2024-10-23 01:29:05 INFO: 01:29:05.435 [main] [INFO ] qupath.lib.gui.prefs.PathPrefs - Setting Locale for FORMAT to en_US
2024-10-23 01:29:05 INFO: 01:29:05.435 [main] [INFO ] qupath.lib.gui.prefs.PathPrefs - Setting Locale for DISPLAY to en_US
2024-10-23 01:29:05 INFO: 01:29:05.448 [main] [INFO ] qupath.lib.common.ThreadTools - Setting parallelism to 63
2024-10-23 01:29:05 INFO: 01:29:05.466 [main] [INFO ] qupath.ScriptCommand - Setting tile cache size to 32200.00 MB (25.0% max memory)
2024-10-23 01:29:05 INFO: 01:29:05.513 [main] [INFO ] qupath.lib.scripting.QP - Initializing type adapters
2024-10-23 01:29:05 INFO: Warning: Versions of org.bytedeco:javacpp:1.5.9 and org.bytedeco:opencv:4.6.0-1.5.8 do not match.
2024-10-23 01:29:05 INFO: Warning: Versions of org.bytedeco:javacpp:1.5.9 and org.bytedeco:openblas:0.3.21-1.5.8 do not match.
2024-10-23 01:29:07 INFO: project parameters are: {"detectionImageBrightfield": "Hematoxylin OD","requestedPixelSizeMicrons": 0.5,"backgroundRadiusMicrons": 4.0,"backgroundByReconstruction": true,"medianRadiusMicrons": 0.0,"sigmaMicrons": 2,"minAreaMicrons": 10.0,"maxAreaMicrons": 80.0,"threshold": 0.1,"maxBackground": 2.0,"watershedPostProcess": true,"cellExpansionMicrons": 5.0,"includeNuclei": true,"smoothBoundaries": true,"makeMeasurements": true,"backgroundRadiusPixel": 8.0,"cellExpansionPixel": 10.0,"medianRadiusPixel": 0.0,"minAreaPixel": 20.0,"maxAreaPixel": 160.0}
2024-10-23 01:29:07 INFO: New project created at: /home/ilants/Documents/jupyter_test/single_image_multiple_params/exp_sigmaMicrons_2/QPProject
2024-10-23 01:29:07 INFO: Added: /home/ilants/Documents/jupyter_test/TCGA-GI-A2C8-01Z-00-DX1.09BD8AC9-645A-4C8B-9B36-77D833BDBA09.svs
2024-10-23 01:29:07 INFO: /home/ilants/Documents/jupyter_test/TCGA-GI-A2C8-01Z-00-DX1.09BD8AC9-645A-4C8B-9B36-77D833BDBA09.svs
2024-10-23 01:29:07 INFO: 01:29:07.522 [main] [INFO ] q.l.i.s.b.BioFormatsServerOptions - Setting max Bio-Formats readers to 32
2024-10-23 01:29:08 INFO: UriImageSupport (class qupath.lib.images.servers.bioformats.BioFormatsServerBuilder) support=3.0, builders=1
2024-10-23 01:29:08 INFO: true
2024-10-23 01:29:08 INFO: 01:29:08.192 [main] [WARN ] qupath.lib.scripting.QP - createSelectAllObject(boolean) is deprecated, use createFullImageAnnotation(boolean) instead
2024-10-23 01:29:08 INFO: 01:29:08.192 [main] [WARN ] qupath.lib.scripting.QP - createSelectAllObject(boolean, int, int) is deprecated, use createFullImageAnnotation(boolean, int, int) instead
2024-10-23 01:29:08 INFO: 01:29:08.203 [main] [WARN ] q.l.plugins.parameters.ParameterList - Unable to set parameter backgroundRadiusPixel with value 8.0
2024-10-23 01:29:08 INFO: 01:29:08.203 [main] [WARN ] q.l.plugins.parameters.ParameterList - Unable to set parameter cellExpansionPixel with value 10.0
2024-10-23 01:29:08 INFO: 01:29:08.203 [main] [WARN ] q.l.plugins.parameters.ParameterList - Unable to set parameter medianRadiusPixel with value 0.0
2024-10-23 01:29:08 INFO: 01:29:08.203 [main] [WARN ] q.l.plugins.parameters.ParameterList - Unable to set parameter minAreaPixel with value 20.0
2024-10-23 01:29:08 INFO: 01:29:08.203 [main] [WARN ] q.l.plugins.parameters.ParameterList - Unable to set parameter maxAreaPixel with value 160.0
2024-10-23 01:29:21 INFO: 01:29:21.608 [task-runner-1-7] [INFO ] q.lib.plugins.DetectionPluginTools - 0 nuclei detected (processing time: 13.29 seconds)
2024-10-23 01:29:21 INFO: 01:29:21.611 [main] [INFO ] q.l.p.CommandLineTaskRunner$CommandLineProgressMonitor - 0 nuclei detected (1%)
2024-10-23 01:29:21 INFO: 01:29:21.620 [task-runner-1-1] [INFO ] q.lib.plugins.DetectionPluginTools - 0 nuclei detected (processing time: 13.30 seconds)
2024-10-23 01:29:22 INFO: 01:29:22.560 [task-runner-1-5] [INFO ] q.lib.plugins.DetectionPluginTools - 55 nuclei detected (processing time: 14.24 seconds)
2024-10-23 01:29:22 INFO: 01:29:22.562 [main] [INFO ] q.l.p.CommandLineTaskRunner$CommandLineProgressMonitor - 55 nuclei detected (2%)
2024-10-23 01:29:22 INFO: 01:29:22.671 [task-runner-1-9] [INFO ] q.lib.plugins.DetectionPluginTools - 0 nuclei detected (processing time: 14.35 seconds)
2024-10-23 01:29:22 INFO: 01:29:22.673 [main] [INFO ] q.l.p.CommandLineTaskRunner$CommandLineProgressMonitor - 0 nuclei detected (3%)
2024-10-23 01:29:22 INFO: 01:29:22.720 [task-runner-1-12] [INFO ] q.lib.plugins.DetectionPluginTools - 0 nuclei detected (processing time: 14.40 seconds)
2024-10-23 01:29:23 INFO: 01:29:23.206 [task-runner-1-11] [INFO ] q.lib.plugins.DetectionPluginTools - 2 nuclei detected (processing time: 14.89 seconds)
2024-10-23 01:29:23 INFO: 01:29:23.208 [main] [INFO ] q.l.p.CommandLineTaskRunner$CommandLineProgressMonitor - 2 nuclei detected (4%)
2024-10-23 01:29:25 INFO: 01:29:25.284 [task-runner-1-10] [INFO ] q.lib.plugins.DetectionPluginTools - 3 nuclei detected (processing time: 16.97 seconds)
2024-10-23 01:29:25 INFO: 01:29:25.287 [task-runner-1-30] [INFO ] q.lib.plugins.DetectionPluginTools - 1 nucleus detected (processing time: 16.97 seconds)
2024-10-23 01:29:25 INFO: 01:29:25.287 [main] [INFO ] q.l.p.CommandLineTaskRunner$CommandLineProgressMonitor - 1 nucleus detected (4%)
2024-10-23 01:29:25 INFO: 01:29:25.288 [main] [INFO ] q.l.p.CommandLineTaskRunner$CommandLineProgressMonitor - 3 nuclei detected (5%)
2024-10-23 01:29:25 INFO: 01:29:25.289 [task-runner-1-13] [INFO ] q.lib.plugins.DetectionPluginTools - 7 nuclei detected (processing time: 16.97 seconds)
2024-10-23 01:29:25 INFO: 01:29:25.289 [task-runner-1-2] [INFO ] q.lib.plugins.DetectionPluginTools - 1 nucleus detected (processing time: 16.97 seconds)
2024-10-23 01:29:25 INFO: 01:29:25.289 [main] [INFO ] q.l.p.CommandLineTaskRunner$CommandLineProgressMonitor - 7 nuclei detected (6%)
2024-10-23 01:29:25 INFO: 01:29:25.289 [main] [INFO ] q.l.p.CommandLineTaskRunner$CommandLineProgressMonitor - 1 nucleus detected (6%)
2024-10-23 01:29:25 INFO: 01:29:25.291 [task-runner-1-14] [INFO ] q.lib.plugins.DetectionPluginTools - 2 nuclei detected (processing time: 16.97 seconds)
2024-10-23 01:29:25 INFO: 01:29:25.291 [main] [INFO ] q.l.p.CommandLineTaskRunner$CommandLineProgressMonitor - 2 nuclei detected (7%)
2024-10-23 01:29:25 INFO: 01:29:25.303 [task-runner-1-31] [INFO ] q.lib.plugins.DetectionPluginTools - 11 nuclei detected (processing time: 16.98 seconds)
2024-10-23 01:29:25 INFO: 01:29:25.305 [main] [INFO ] q.l.p.CommandLineTaskRunner$CommandLineProgressMonitor - 11 nuclei detected (8%)
2024-10-23 01:29:25 INFO: 01:29:25.322 [task-runner-1-28] [INFO ] q.lib.plugins.DetectionPluginTools - 18 nuclei detected (processing time: 17.00 seconds)
2024-10-23 01:29:25 INFO: 01:29:25.323 [main] [INFO ] q.l.p.CommandLineTaskRunner$CommandLineProgressMonitor - 18 nuclei detected (8%)
2024-10-23 01:29:25 INFO: 01:29:25.363 [task-runner-1-46] [INFO ] q.lib.plugins.DetectionPluginTools - 35 nuclei detected (processing time: 17.04 seconds)
2024-10-23 01:29:25 INFO: 01:29:25.368 [main] [INFO ] q.l.p.CommandLineTaskRunner$CommandLineProgressMonitor - 35 nuclei detected (9%)
2024-10-23 01:29:25 INFO: 01:29:25.380 [task-runner-1-26] [INFO ] q.lib.plugins.DetectionPluginTools - 43 nuclei detected (processing time: 17.06 seconds)
2024-10-23 01:29:25 INFO: 01:29:25.381 [main] [INFO ] q.l.p.CommandLineTaskRunner$CommandLineProgressMonitor - 43 nuclei detected (9%)
2024-10-23 01:29:25 INFO: 01:29:25.455 [task-runner-1-45] [INFO ] q.lib.plugins.DetectionPluginTools - 82 nuclei detected (processing time: 17.13 seconds)
2024-10-23 01:29:25 INFO: 01:29:25.455 [main] [INFO ] q.l.p.CommandLineTaskRunner$CommandLineProgressMonitor - 82 nuclei detected (10%)
2024-10-23 01:29:25 INFO: 01:29:25.567 [task-runner-1-49] [INFO ] q.lib.plugins.DetectionPluginTools - 122 nuclei detected (processing time: 17.24 seconds)
2024-10-23 01:29:25 INFO: 01:29:25.568 [main] [INFO ] q.l.p.CommandLineTaskRunner$CommandLineProgressMonitor - 122 nuclei detected (11%)
2024-10-23 01:29:25 INFO: 01:29:25.602 [task-runner-1-61] [INFO ] q.lib.plugins.DetectionPluginTools - 160 nuclei detected (processing time: 17.28 seconds)
2024-10-23 01:29:25 INFO: 01:29:25.613 [main] [INFO ] q.l.p.CommandLineTaskRunner$CommandLineProgressMonitor - 160 nuclei detected (11%)
2024-10-23 01:29:25 INFO: 01:29:25.623 [task-runner-1-44] [INFO ] q.lib.plugins.DetectionPluginTools - 201 nuclei detected (processing time: 17.30 seconds)
2024-10-23 01:29:25 INFO: 01:29:25.623 [main] [INFO ] q.l.p.CommandLineTaskRunner$CommandLineProgressMonitor - 201 nuclei detected (12%)
2024-10-23 01:29:25 INFO: 01:29:25.699 [task-runner-1-50] [INFO ] q.lib.plugins.DetectionPluginTools - 267 nuclei detected (processing time: 17.37 seconds)
2024-10-23 01:29:25 INFO: 01:29:25.703 [task-runner-1-25] [INFO ] q.lib.plugins.DetectionPluginTools - 307 nuclei detected (processing time: 17.38 seconds)
2024-10-23 01:29:25 INFO: 01:29:25.704 [main] [INFO ] q.l.p.CommandLineTaskRunner$CommandLineProgressMonitor - 267 nuclei detected (13%)
2024-10-23 01:29:25 INFO: 01:29:25.714 [main] [INFO ] q.l.p.CommandLineTaskRunner$CommandLineProgressMonitor - 307 nuclei detected (13%)
2024-10-23 01:29:25 INFO: 01:29:25.997 [task-runner-1-24] [INFO ] q.lib.plugins.DetectionPluginTools - 952 nuclei detected (processing time: 17.68 seconds)
2024-10-23 01:29:26 INFO: 01:29:25.997 [main] [INFO ] q.l.p.CommandLineTaskRunner$CommandLineProgressMonitor - 952 nuclei detected (14%)
2024-10-23 01:29:26 INFO: 01:29:26.021 [task-runner-1-51] [INFO ] q.lib.plugins.DetectionPluginTools - 781 nuclei detected (processing time: 17.70 seconds)
2024-10-23 01:29:26 INFO: 01:29:26.022 [main] [INFO ] q.l.p.CommandLineTaskRunner$CommandLineProgressMonitor - 781 nuclei detected (14%)
2024-10-23 01:29:26 INFO: 01:29:26.060 [task-runner-1-60] [INFO ] q.lib.plugins.DetectionPluginTools - 948 nuclei detected (processing time: 17.73 seconds)
2024-10-23 01:29:26 INFO: 01:29:26.063 [main] [INFO ] q.l.p.CommandLineTaskRunner$CommandLineProgressMonitor - 948 nuclei detected (15%)
2024-10-23 01:29:26 INFO: 01:29:26.236 [task-runner-1-22] [INFO ] q.lib.plugins.DetectionPluginTools - 1270 nuclei detected (processing time: 17.92 seconds)
2024-10-23 01:29:26 INFO: 01:29:26.237 [main] [INFO ] q.l.p.CommandLineTaskRunner$CommandLineProgressMonitor - 1270 nuclei detected (16%)
2024-10-23 01:29:26 INFO: 01:29:26.249 [task-runner-1-36] [INFO ] q.lib.plugins.DetectionPluginTools - 1871 nuclei detected (processing time: 17.93 seconds)
2024-10-23 01:29:26 INFO: 01:29:26.252 [main] [INFO ] q.l.p.CommandLineTaskRunner$CommandLineProgressMonitor - 1871 nuclei detected (16%)
2024-10-23 01:29:27 INFO: 01:29:27.940 [task-runner-1-4] [INFO ] q.lib.plugins.DetectionPluginTools - 0 nuclei detected (processing time: 19.62 seconds)
2024-10-23 01:29:27 INFO: 01:29:27.940 [task-runner-1-8] [INFO ] q.lib.plugins.DetectionPluginTools - 2 nuclei detected (processing time: 19.62 seconds)
2024-10-23 01:29:27 INFO: 01:29:27.942 [main] [INFO ] q.l.p.CommandLineTaskRunner$CommandLineProgressMonitor - 0 nuclei detected (17%)
2024-10-23 01:29:27 INFO: 01:29:27.942 [task-runner-1-29] [INFO ] q.lib.plugins.DetectionPluginTools - 4 nuclei detected (processing time: 19.62 seconds)
2024-10-23 01:29:27 INFO: 01:29:27.942 [main] [INFO ] q.l.p.CommandLineTaskRunner$CommandLineProgressMonitor - 2 nuclei detected (18%)
2024-10-23 01:29:27 INFO: 01:29:27.942 [main] [INFO ] q.l.p.CommandLineTaskRunner$CommandLineProgressMonitor - 4 nuclei detected (18%)
2024-10-23 01:29:27 INFO: 01:29:27.945 [task-runner-1-47] [INFO ] q.lib.plugins.DetectionPluginTools - 4 nuclei detected (processing time: 19.62 seconds)
2024-10-23 01:29:27 INFO: 01:29:27.945 [main] [INFO ] q.l.p.CommandLineTaskRunner$CommandLineProgressMonitor - 4 nuclei detected (19%)
2024-10-23 01:29:27 INFO: 01:29:27.947 [task-runner-1-6] [INFO ] q.lib.plugins.DetectionPluginTools - 1 nucleus detected (processing time: 19.63 seconds)
2024-10-23 01:29:27 INFO: 01:29:27.947 [main] [INFO ] q.l.p.CommandLineTaskRunner$CommandLineProgressMonitor - 1 nucleus detected (19%)
2024-10-23 01:29:27 INFO: 01:29:27.949 [task-runner-1-17] [INFO ] q.lib.plugins.DetectionPluginTools - 2 nuclei detected (processing time: 19.63 seconds)
2024-10-23 01:29:27 INFO: 01:29:27.949 [main] [INFO ] q.l.p.CommandLineTaskRunner$CommandLineProgressMonitor - 2 nuclei detected (20%)
2024-10-23 01:29:27 INFO: 01:29:27.950 [task-runner-1-3] [INFO ] q.lib.plugins.DetectionPluginTools - 0 nuclei detected (processing time: 19.63 seconds)
2024-10-23 01:29:27 INFO: 01:29:27.950 [main] [INFO ] q.l.p.CommandLineTaskRunner$CommandLineProgressMonitor - 0 nuclei detected (21%)
2024-10-23 01:29:27 INFO: 01:29:27.953 [task-runner-1-7] [INFO ] q.lib.plugins.DetectionPluginTools - 2 nuclei detected (processing time: 6.34 seconds)
2024-10-23 01:29:27 INFO: 01:29:27.953 [main] [INFO ] q.l.p.CommandLineTaskRunner$CommandLineProgressMonitor - 2 nuclei detected (21%)
2024-10-23 01:29:27 INFO: 01:29:27.953 [task-runner-1-16] [INFO ] q.lib.plugins.DetectionPluginTools - 0 nuclei detected (processing time: 19.63 seconds)
2024-10-23 01:29:27 INFO: 01:29:27.953 [main] [INFO ] q.l.p.CommandLineTaskRunner$CommandLineProgressMonitor - 0 nuclei detected (22%)
2024-10-23 01:29:27 INFO: 01:29:27.956 [task-runner-1-48] [INFO ] q.lib.plugins.DetectionPluginTools - 0 nuclei detected (processing time: 19.63 seconds)
2024-10-23 01:29:27 INFO: 01:29:27.956 [main] [INFO ] q.l.p.CommandLineTaskRunner$CommandLineProgressMonitor - 0 nuclei detected (23%)
2024-10-23 01:29:27 INFO: 01:29:27.957 [task-runner-1-27] [INFO ] q.lib.plugins.DetectionPluginTools - 1 nucleus detected (processing time: 19.64 seconds)
2024-10-23 01:29:27 INFO: 01:29:27.957 [main] [INFO ] q.l.p.CommandLineTaskRunner$CommandLineProgressMonitor - 1 nucleus detected (23%)
2024-10-23 01:29:27 INFO: 01:29:27.958 [task-runner-1-32] [INFO ] q.lib.plugins.DetectionPluginTools - 0 nuclei detected (processing time: 19.63 seconds)
2024-10-23 01:29:27 INFO: 01:29:27.959 [main] [INFO ] q.l.p.CommandLineTaskRunner$CommandLineProgressMonitor - 0 nuclei detected (24%)
2024-10-23 01:29:27 INFO: 01:29:27.961 [task-runner-1-15] [INFO ] q.lib.plugins.DetectionPluginTools - 0 nuclei detected (processing time: 19.64 seconds)
2024-10-23 01:29:27 INFO: 01:29:27.973 [task-runner-1-63] [INFO ] q.lib.plugins.DetectionPluginTools - 101 nuclei detected (processing time: 19.65 seconds)
2024-10-23 01:29:27 INFO: 01:29:27.979 [main] [INFO ] q.l.p.CommandLineTaskRunner$CommandLineProgressMonitor - 101 nuclei detected (25%)
2024-10-23 01:29:27 INFO: 01:29:27.984 [task-runner-1-19] [INFO ] q.lib.plugins.DetectionPluginTools - 133 nuclei detected (processing time: 19.66 seconds)
2024-10-23 01:29:28 INFO: 01:29:27.986 [main] [INFO ] q.l.p.CommandLineTaskRunner$CommandLineProgressMonitor - 133 nuclei detected (26%)
2024-10-23 01:29:28 INFO: 01:29:28.014 [task-runner-1-62] [INFO ] q.lib.plugins.DetectionPluginTools - 178 nuclei detected (processing time: 19.69 seconds)
2024-10-23 01:29:28 INFO: 01:29:28.015 [main] [INFO ] q.l.p.CommandLineTaskRunner$CommandLineProgressMonitor - 178 nuclei detected (26%)
2024-10-23 01:29:28 INFO: 01:29:28.035 [task-runner-1-33] [INFO ] q.lib.plugins.DetectionPluginTools - 230 nuclei detected (processing time: 19.71 seconds)
2024-10-23 01:29:28 INFO: 01:29:28.038 [task-runner-1-18] [INFO ] q.lib.plugins.DetectionPluginTools - 234 nuclei detected (processing time: 19.72 seconds)
2024-10-23 01:29:28 INFO: 01:29:28.039 [main] [INFO ] q.l.p.CommandLineTaskRunner$CommandLineProgressMonitor - 230 nuclei detected (27%)
2024-10-23 01:29:28 INFO: 01:29:28.040 [main] [INFO ] q.l.p.CommandLineTaskRunner$CommandLineProgressMonitor - 234 nuclei detected (28%)
2024-10-23 01:29:28 INFO: 01:29:28.071 [task-runner-1-35] [INFO ] q.lib.plugins.DetectionPluginTools - 242 nuclei detected (processing time: 19.75 seconds)
2024-10-23 01:29:28 INFO: 01:29:28.074 [main] [INFO ] q.l.p.CommandLineTaskRunner$CommandLineProgressMonitor - 242 nuclei detected (28%)
2024-10-23 01:29:28 INFO: 01:29:28.115 [task-runner-1-34] [INFO ] q.lib.plugins.DetectionPluginTools - 362 nuclei detected (processing time: 19.79 seconds)
2024-10-23 01:29:28 INFO: 01:29:28.117 [main] [INFO ] q.l.p.CommandLineTaskRunner$CommandLineProgressMonitor - 362 nuclei detected (29%)
2024-10-23 01:29:28 INFO: 01:29:28.142 [task-runner-1-20] [INFO ] q.lib.plugins.DetectionPluginTools - 640 nuclei detected (processing time: 19.82 seconds)
2024-10-23 01:29:28 INFO: 01:29:28.143 [main] [INFO ] q.l.p.CommandLineTaskRunner$CommandLineProgressMonitor - 640 nuclei detected (29%)
2024-10-23 01:29:28 INFO: 01:29:28.399 [task-runner-1-43] [INFO ] q.lib.plugins.DetectionPluginTools - 866 nuclei detected (processing time: 20.08 seconds)
2024-10-23 01:29:28 INFO: 01:29:28.400 [main] [INFO ] q.l.p.CommandLineTaskRunner$CommandLineProgressMonitor - 866 nuclei detected (30%)
2024-10-23 01:29:28 INFO: 01:29:28.482 [task-runner-1-23] [INFO ] q.lib.plugins.DetectionPluginTools - 896 nuclei detected (processing time: 20.16 seconds)
2024-10-23 01:29:28 INFO: 01:29:28.484 [main] [INFO ] q.l.p.CommandLineTaskRunner$CommandLineProgressMonitor - 896 nuclei detected (31%)
2024-10-23 01:29:29 INFO: 01:29:29.406 [task-runner-1-1] [INFO ] q.lib.plugins.DetectionPluginTools - 90 nuclei detected (processing time: 7.78 seconds)
2024-10-23 01:29:29 INFO: 01:29:29.407 [main] [INFO ] q.l.p.CommandLineTaskRunner$CommandLineProgressMonitor - 90 nuclei detected (31%)
2024-10-23 01:29:29 INFO: 01:29:29.429 [task-runner-1-52] [INFO ] q.lib.plugins.DetectionPluginTools - 2268 nuclei detected (processing time: 21.10 seconds)
2024-10-23 01:29:29 INFO: 01:29:29.430 [main] [INFO ] q.l.p.CommandLineTaskRunner$CommandLineProgressMonitor - 2268 nuclei detected (32%)
2024-10-23 01:29:29 INFO: 01:29:29.452 [task-runner-1-40] [INFO ] q.lib.plugins.DetectionPluginTools - 1937 nuclei detected (processing time: 21.13 seconds)
2024-10-23 01:29:29 INFO: 01:29:29.453 [main] [INFO ] q.l.p.CommandLineTaskRunner$CommandLineProgressMonitor - 1937 nuclei detected (33%)
2024-10-23 01:29:29 INFO: 01:29:29.458 [task-runner-1-5] [INFO ] q.lib.plugins.DetectionPluginTools - 320 nuclei detected (processing time: 6.90 seconds)
2024-10-23 01:29:29 INFO: 01:29:29.459 [main] [INFO ] q.l.p.CommandLineTaskRunner$CommandLineProgressMonitor - 320 nuclei detected (33%)
2024-10-23 01:29:29 INFO: 01:29:29.524 [task-runner-1-41] [INFO ] q.lib.plugins.DetectionPluginTools - 2183 nuclei detected (processing time: 21.20 seconds)
2024-10-23 01:29:29 INFO: 01:29:29.525 [main] [INFO ] q.l.p.CommandLineTaskRunner$CommandLineProgressMonitor - 2183 nuclei detected (34%)
2024-10-23 01:29:29 INFO: 01:29:29.545 [task-runner-1-42] [INFO ] q.lib.plugins.DetectionPluginTools - 2403 nuclei detected (processing time: 21.22 seconds)
2024-10-23 01:29:29 INFO: 01:29:29.549 [main] [INFO ] q.l.p.CommandLineTaskRunner$CommandLineProgressMonitor - 2403 nuclei detected (34%)
2024-10-23 01:29:29 INFO: 01:29:29.571 [task-runner-1-58] [INFO ] q.lib.plugins.DetectionPluginTools - 2353 nuclei detected (processing time: 21.25 seconds)
2024-10-23 01:29:29 INFO: 01:29:29.572 [main] [INFO ] q.l.p.CommandLineTaskRunner$CommandLineProgressMonitor - 2353 nuclei detected (35%)
2024-10-23 01:29:29 INFO: 01:29:29.573 [task-runner-1-59] [INFO ] q.lib.plugins.DetectionPluginTools - 2442 nuclei detected (processing time: 21.25 seconds)
2024-10-23 01:29:29 INFO: 01:29:29.574 [main] [INFO ] q.l.p.CommandLineTaskRunner$CommandLineProgressMonitor - 2442 nuclei detected (36%)
2024-10-23 01:29:29 INFO: 01:29:29.778 [task-runner-1-39] [INFO ] q.lib.plugins.DetectionPluginTools - 2630 nuclei detected (processing time: 21.45 seconds)
2024-10-23 01:29:29 INFO: 01:29:29.779 [main] [INFO ] q.l.p.CommandLineTaskRunner$CommandLineProgressMonitor - 2630 nuclei detected (36%)
2024-10-23 01:29:29 INFO: 01:29:29.821 [task-runner-1-21] [INFO ] q.lib.plugins.DetectionPluginTools - 3547 nuclei detected (processing time: 21.50 seconds)
2024-10-23 01:29:29 INFO: 01:29:29.822 [main] [INFO ] q.l.p.CommandLineTaskRunner$CommandLineProgressMonitor - 3547 nuclei detected (37%)
2024-10-23 01:29:29 INFO: 01:29:29.835 [task-runner-1-57] [INFO ] q.lib.plugins.DetectionPluginTools - 2911 nuclei detected (processing time: 21.51 seconds)
2024-10-23 01:29:29 INFO: 01:29:29.837 [main] [INFO ] q.l.p.CommandLineTaskRunner$CommandLineProgressMonitor - 2911 nuclei detected (38%)
2024-10-23 01:29:29 INFO: 01:29:29.846 [task-runner-1-55] [INFO ] q.lib.plugins.DetectionPluginTools - 2921 nuclei detected (processing time: 21.52 seconds)
2024-10-23 01:29:29 INFO: 01:29:29.850 [main] [INFO ] q.l.p.CommandLineTaskRunner$CommandLineProgressMonitor - 2921 nuclei detected (38%)
2024-10-23 01:29:29 INFO: 01:29:29.915 [task-runner-1-38] [INFO ] q.lib.plugins.DetectionPluginTools - 3486 nuclei detected (processing time: 21.59 seconds)
2024-10-23 01:29:29 INFO: 01:29:29.916 [main] [INFO ] q.l.p.CommandLineTaskRunner$CommandLineProgressMonitor - 3486 nuclei detected (39%)
2024-10-23 01:29:30 INFO: 01:29:30.058 [task-runner-1-54] [INFO ] q.lib.plugins.DetectionPluginTools - 4228 nuclei detected (processing time: 21.73 seconds)
2024-10-23 01:29:30 INFO: 01:29:30.059 [main] [INFO ] q.l.p.CommandLineTaskRunner$CommandLineProgressMonitor - 4228 nuclei detected (39%)
2024-10-23 01:29:30 INFO: 01:29:30.062 [task-runner-1-56] [INFO ] q.lib.plugins.DetectionPluginTools - 3573 nuclei detected (processing time: 21.74 seconds)
2024-10-23 01:29:30 INFO: 01:29:30.062 [main] [INFO ] q.l.p.CommandLineTaskRunner$CommandLineProgressMonitor - 3573 nuclei detected (40%)
2024-10-23 01:29:30 INFO: 01:29:30.248 [task-runner-1-9] [INFO ] q.lib.plugins.DetectionPluginTools - 389 nuclei detected (processing time: 7.58 seconds)
2024-10-23 01:29:30 INFO: 01:29:30.249 [main] [INFO ] q.l.p.CommandLineTaskRunner$CommandLineProgressMonitor - 389 nuclei detected (41%)
2024-10-23 01:29:30 INFO: 01:29:30.355 [task-runner-1-37] [INFO ] q.lib.plugins.DetectionPluginTools - 4184 nuclei detected (processing time: 22.03 seconds)
2024-10-23 01:29:30 INFO: 01:29:30.356 [main] [INFO ] q.l.p.CommandLineTaskRunner$CommandLineProgressMonitor - 4184 nuclei detected (41%)
2024-10-23 01:29:31 INFO: 01:29:31.587 [task-runner-1-49] [INFO ] q.lib.plugins.DetectionPluginTools - 0 nuclei detected (processing time: 6.02 seconds)
2024-10-23 01:29:31 INFO: 01:29:31.589 [main] [INFO ] q.l.p.CommandLineTaskRunner$CommandLineProgressMonitor - 0 nuclei detected (42%)
2024-10-23 01:29:32 INFO: 01:29:32.532 [task-runner-1-53] [INFO ] q.lib.plugins.DetectionPluginTools - 5614 nuclei detected (processing time: 24.21 seconds)
2024-10-23 01:29:32 INFO: 01:29:32.533 [main] [INFO ] q.l.p.CommandLineTaskRunner$CommandLineProgressMonitor - 5614 nuclei detected (43%)
2024-10-23 01:29:32 INFO: 01:29:32.718 [task-runner-1-44] [INFO ] q.lib.plugins.DetectionPluginTools - 116 nuclei detected (processing time: 7.10 seconds)
2024-10-23 01:29:32 INFO: 01:29:32.720 [main] [INFO ] q.l.p.CommandLineTaskRunner$CommandLineProgressMonitor - 116 nuclei detected (43%)
2024-10-23 01:29:33 INFO: 01:29:33.294 [task-runner-1-61] [INFO ] q.lib.plugins.DetectionPluginTools - 105 nuclei detected (processing time: 7.68 seconds)
2024-10-23 01:29:33 INFO: 01:29:33.313 [main] [INFO ] q.l.p.CommandLineTaskRunner$CommandLineProgressMonitor - 105 nuclei detected (44%)
2024-10-23 01:29:34 INFO: 01:29:34.328 [task-runner-1-45] [INFO ] q.lib.plugins.DetectionPluginTools - 164 nuclei detected (processing time: 8.87 seconds)
2024-10-23 01:29:34 INFO: 01:29:34.329 [main] [INFO ] q.l.p.CommandLineTaskRunner$CommandLineProgressMonitor - 164 nuclei detected (44%)
2024-10-23 01:29:34 INFO: 01:29:34.846 [task-runner-1-3] [INFO ] q.lib.plugins.DetectionPluginTools - 3 nuclei detected (processing time: 6.90 seconds)
2024-10-23 01:29:34 INFO: 01:29:34.849 [main] [INFO ] q.l.p.CommandLineTaskRunner$CommandLineProgressMonitor - 3 nuclei detected (45%)
2024-10-23 01:29:34 INFO: 01:29:34.895 [task-runner-1-50] [INFO ] q.lib.plugins.DetectionPluginTools - 785 nuclei detected (processing time: 9.19 seconds)
2024-10-23 01:29:34 INFO: 01:29:34.896 [main] [INFO ] q.l.p.CommandLineTaskRunner$CommandLineProgressMonitor - 785 nuclei detected (46%)
2024-10-23 01:29:35 INFO: 01:29:35.350 [task-runner-1-43] [INFO ] q.lib.plugins.DetectionPluginTools - 42 nuclei detected (processing time: 6.95 seconds)
2024-10-23 01:29:35 INFO: 01:29:35.351 [main] [INFO ] q.l.p.CommandLineTaskRunner$CommandLineProgressMonitor - 42 nuclei detected (46%)
2024-10-23 01:29:35 INFO: 01:29:35.372 [task-runner-1-17] [INFO ] q.lib.plugins.DetectionPluginTools - 72 nuclei detected (processing time: 7.42 seconds)
2024-10-23 01:29:35 INFO: 01:29:35.373 [main] [INFO ] q.l.p.CommandLineTaskRunner$CommandLineProgressMonitor - 72 nuclei detected (47%)
2024-10-23 01:29:35 INFO: 01:29:35.717 [task-runner-1-26] [INFO ] q.lib.plugins.DetectionPluginTools - 651 nuclei detected (processing time: 10.34 seconds)
2024-10-23 01:29:35 INFO: 01:29:35.718 [main] [INFO ] q.l.p.CommandLineTaskRunner$CommandLineProgressMonitor - 651 nuclei detected (48%)
2024-10-23 01:29:35 INFO: 01:29:35.894 [task-runner-1-23] [INFO ] q.lib.plugins.DetectionPluginTools - 0 nuclei detected (processing time: 7.41 seconds)
2024-10-23 01:29:35 INFO: 01:29:35.895 [main] [INFO ] q.l.p.CommandLineTaskRunner$CommandLineProgressMonitor - 0 nuclei detected (48%)
2024-10-23 01:29:35 INFO: 01:29:35.922 [task-runner-1-16] [INFO ] q.lib.plugins.DetectionPluginTools - 112 nuclei detected (processing time: 7.97 seconds)
2024-10-23 01:29:35 INFO: 01:29:35.924 [main] [INFO ] q.l.p.CommandLineTaskRunner$CommandLineProgressMonitor - 112 nuclei detected (49%)
2024-10-23 01:29:36 INFO: 01:29:36.013 [task-runner-1-7] [INFO ] q.lib.plugins.DetectionPluginTools - 134 nuclei detected (processing time: 8.06 seconds)
2024-10-23 01:29:36 INFO: 01:29:36.018 [main] [INFO ] q.l.p.CommandLineTaskRunner$CommandLineProgressMonitor - 134 nuclei detected (49%)
2024-10-23 01:29:36 INFO: 01:29:36.146 [task-runner-1-56] [INFO ] q.lib.plugins.DetectionPluginTools - 0 nuclei detected (processing time: 6.08 seconds)
2024-10-23 01:29:36 INFO: 01:29:36.170 [main] [INFO ] q.l.p.CommandLineTaskRunner$CommandLineProgressMonitor - 0 nuclei detected (50%)
2024-10-23 01:29:36 INFO: 01:29:36.319 [task-runner-1-48] [INFO ] q.lib.plugins.DetectionPluginTools - 194 nuclei detected (processing time: 8.36 seconds)
2024-10-23 01:29:36 INFO: 01:29:36.323 [main] [INFO ] q.l.p.CommandLineTaskRunner$CommandLineProgressMonitor - 194 nuclei detected (51%)
2024-10-23 01:29:37 INFO: 01:29:37.439 [task-runner-1-1] [INFO ] q.lib.plugins.DetectionPluginTools - 268 nuclei detected (processing time: 8.03 seconds)
2024-10-23 01:29:37 INFO: 01:29:37.442 [main] [INFO ] q.l.p.CommandLineTaskRunner$CommandLineProgressMonitor - 268 nuclei detected (51%)
2024-10-23 01:29:37 INFO: 01:29:37.467 [task-runner-1-52] [INFO ] q.lib.plugins.DetectionPluginTools - 212 nuclei detected (processing time: 8.04 seconds)
2024-10-23 01:29:37 INFO: 01:29:37.481 [main] [INFO ] q.l.p.CommandLineTaskRunner$CommandLineProgressMonitor - 212 nuclei detected (52%)
2024-10-23 01:29:37 INFO: 01:29:37.489 [task-runner-1-9] [INFO ] q.lib.plugins.DetectionPluginTools - 0 nuclei detected (processing time: 7.24 seconds)
2024-10-23 01:29:37 INFO: 01:29:37.497 [main] [INFO ] q.l.p.CommandLineTaskRunner$CommandLineProgressMonitor - 0 nuclei detected (53%)
2024-10-23 01:29:37 INFO: 01:29:37.878 [task-runner-1-37] [INFO ] q.lib.plugins.DetectionPluginTools - 101 nuclei detected (processing time: 7.52 seconds)
2024-10-23 01:29:37 INFO: 01:29:37.880 [main] [INFO ] q.l.p.CommandLineTaskRunner$CommandLineProgressMonitor - 101 nuclei detected (53%)
2024-10-23 01:29:37 INFO: 01:29:37.964 [task-runner-1-12] [INFO ] q.lib.plugins.DetectionPluginTools - 2470 nuclei detected (processing time: 15.24 seconds)
2024-10-23 01:29:37 INFO: 01:29:37.965 [main] [INFO ] q.l.p.CommandLineTaskRunner$CommandLineProgressMonitor - 2470 nuclei detected (54%)
2024-10-23 01:29:38 INFO: 01:29:38.321 [task-runner-1-6] [INFO ] q.lib.plugins.DetectionPluginTools - 651 nuclei detected (processing time: 10.37 seconds)
2024-10-23 01:29:38 INFO: 01:29:38.323 [main] [INFO ] q.l.p.CommandLineTaskRunner$CommandLineProgressMonitor - 651 nuclei detected (54%)
2024-10-23 01:29:38 INFO: 01:29:38.341 [task-runner-1-46] [INFO ] q.lib.plugins.DetectionPluginTools - 1260 nuclei detected (processing time: 12.97 seconds)
2024-10-23 01:29:38 INFO: 01:29:38.341 [main] [INFO ] q.l.p.CommandLineTaskRunner$CommandLineProgressMonitor - 1260 nuclei detected (55%)
2024-10-23 01:29:38 INFO: 01:29:38.515 [task-runner-1-49] [INFO ] q.lib.plugins.DetectionPluginTools - 70 nuclei detected (processing time: 6.93 seconds)
2024-10-23 01:29:38 INFO: 01:29:38.516 [main] [INFO ] q.l.p.CommandLineTaskRunner$CommandLineProgressMonitor - 70 nuclei detected (56%)
2024-10-23 01:29:39 INFO: 01:29:39.133 [task-runner-1-54] [INFO ] q.lib.plugins.DetectionPluginTools - 997 nuclei detected (processing time: 9.07 seconds)
2024-10-23 01:29:39 INFO: 01:29:39.136 [main] [INFO ] q.l.p.CommandLineTaskRunner$CommandLineProgressMonitor - 997 nuclei detected (56%)
2024-10-23 01:29:39 INFO: 01:29:39.425 [task-runner-1-53] [INFO ] q.lib.plugins.DetectionPluginTools - 108 nuclei detected (processing time: 6.89 seconds)
2024-10-23 01:29:39 INFO: 01:29:39.426 [main] [INFO ] q.l.p.CommandLineTaskRunner$CommandLineProgressMonitor - 108 nuclei detected (57%)
2024-10-23 01:29:39 INFO: 01:29:39.455 [task-runner-1-44] [INFO ] q.lib.plugins.DetectionPluginTools - 3 nuclei detected (processing time: 6.74 seconds)
2024-10-23 01:29:39 INFO: 01:29:39.458 [main] [INFO ] q.l.p.CommandLineTaskRunner$CommandLineProgressMonitor - 3 nuclei detected (57%)
2024-10-23 01:29:40 INFO: 01:29:40.160 [task-runner-1-61] [INFO ] q.lib.plugins.DetectionPluginTools - 12 nuclei detected (processing time: 6.85 seconds)
2024-10-23 01:29:40 INFO: 01:29:40.161 [main] [INFO ] q.l.p.CommandLineTaskRunner$CommandLineProgressMonitor - 12 nuclei detected (58%)
2024-10-23 01:29:40 INFO: 01:29:40.179 [task-runner-1-40] [INFO ] q.lib.plugins.DetectionPluginTools - 253 nuclei detected (processing time: 10.73 seconds)
2024-10-23 01:29:40 INFO: 01:29:40.180 [main] [INFO ] q.l.p.CommandLineTaskRunner$CommandLineProgressMonitor - 253 nuclei detected (59%)
2024-10-23 01:29:41 INFO: 01:29:41.175 [task-runner-1-45] [INFO ] q.lib.plugins.DetectionPluginTools - 0 nuclei detected (processing time: 6.85 seconds)
2024-10-23 01:29:41 INFO: 01:29:41.176 [main] [INFO ] q.l.p.CommandLineTaskRunner$CommandLineProgressMonitor - 0 nuclei detected (59%)
2024-10-23 01:29:41 INFO: 01:29:41.257 [task-runner-1-43] [INFO ] q.lib.plugins.DetectionPluginTools - 17 nuclei detected (processing time: 5.91 seconds)
2024-10-23 01:29:41 INFO: 01:29:41.261 [main] [INFO ] q.l.p.CommandLineTaskRunner$CommandLineProgressMonitor - 17 nuclei detected (60%)
2024-10-23 01:29:41 INFO: 01:29:41.485 [task-runner-1-50] [INFO ] q.lib.plugins.DetectionPluginTools - 0 nuclei detected (processing time: 6.59 seconds)
2024-10-23 01:29:41 INFO: 01:29:41.488 [main] [INFO ] q.l.p.CommandLineTaskRunner$CommandLineProgressMonitor - 0 nuclei detected (61%)
2024-10-23 01:29:41 INFO: 01:29:41.489 [task-runner-1-3] [INFO ] q.lib.plugins.DetectionPluginTools - 0 nuclei detected (processing time: 6.64 seconds)
2024-10-23 01:29:41 INFO: 01:29:41.891 [task-runner-1-20] [INFO ] q.lib.plugins.DetectionPluginTools - 2081 nuclei detected (processing time: 13.75 seconds)
2024-10-23 01:29:41 INFO: 01:29:41.892 [main] [INFO ] q.l.p.CommandLineTaskRunner$CommandLineProgressMonitor - 2081 nuclei detected (62%)
2024-10-23 01:29:41 INFO: 01:29:41.965 [task-runner-1-56] [INFO ] q.lib.plugins.DetectionPluginTools - 0 nuclei detected (processing time: 5.80 seconds)
2024-10-23 01:29:41 INFO: 01:29:41.966 [main] [INFO ] q.l.p.CommandLineTaskRunner$CommandLineProgressMonitor - 0 nuclei detected (63%)
2024-10-23 01:29:42 INFO: 01:29:42.065 [task-runner-1-17] [INFO ] q.lib.plugins.DetectionPluginTools - 340 nuclei detected (processing time: 6.69 seconds)
2024-10-23 01:29:42 INFO: 01:29:42.067 [main] [INFO ] q.l.p.CommandLineTaskRunner$CommandLineProgressMonitor - 340 nuclei detected (63%)
2024-10-23 01:29:42 INFO: 01:29:42.312 [task-runner-1-7] [INFO ] q.lib.plugins.DetectionPluginTools - 0 nuclei detected (processing time: 6.29 seconds)
2024-10-23 01:29:42 INFO: 01:29:42.313 [main] [INFO ] q.l.p.CommandLineTaskRunner$CommandLineProgressMonitor - 0 nuclei detected (64%)
2024-10-23 01:29:42 INFO: 01:29:42.661 [task-runner-1-25] [INFO ] q.lib.plugins.DetectionPluginTools - 2809 nuclei detected (processing time: 16.95 seconds)
2024-10-23 01:29:42 INFO: 01:29:42.662 [main] [INFO ] q.l.p.CommandLineTaskRunner$CommandLineProgressMonitor - 2809 nuclei detected (64%)
2024-10-23 01:29:42 INFO: 01:29:42.832 [task-runner-1-48] [INFO ] q.lib.plugins.DetectionPluginTools - 0 nuclei detected (processing time: 6.51 seconds)
2024-10-23 01:29:42 INFO: 01:29:42.834 [main] [INFO ] q.l.p.CommandLineTaskRunner$CommandLineProgressMonitor - 0 nuclei detected (65%)
2024-10-23 01:29:42 INFO: 01:29:42.847 [task-runner-1-28] [INFO ] q.lib.plugins.DetectionPluginTools - 2904 nuclei detected (processing time: 17.52 seconds)
2024-10-23 01:29:42 INFO: 01:29:42.849 [main] [INFO ] q.l.p.CommandLineTaskRunner$CommandLineProgressMonitor - 2904 nuclei detected (66%)
2024-10-23 01:29:43 INFO: 01:29:43.216 [task-runner-1-58] [INFO ] q.lib.plugins.DetectionPluginTools - 1218 nuclei detected (processing time: 13.64 seconds)
2024-10-23 01:29:43 INFO: 01:29:43.217 [main] [INFO ] q.l.p.CommandLineTaskRunner$CommandLineProgressMonitor - 1218 nuclei detected (66%)
2024-10-23 01:29:43 INFO: 01:29:43.314 [task-runner-1-52] [INFO ] q.lib.plugins.DetectionPluginTools - 1 nucleus detected (processing time: 5.83 seconds)
2024-10-23 01:29:43 INFO: 01:29:43.315 [main] [INFO ] q.l.p.CommandLineTaskRunner$CommandLineProgressMonitor - 1 nucleus detected (67%)
2024-10-23 01:29:43 INFO: 01:29:43.620 [task-runner-1-14] [INFO ] q.lib.plugins.DetectionPluginTools - 3171 nuclei detected (processing time: 18.33 seconds)
2024-10-23 01:29:43 INFO: 01:29:43.621 [main] [INFO ] q.l.p.CommandLineTaskRunner$CommandLineProgressMonitor - 3171 nuclei detected (68%)
2024-10-23 01:29:43 INFO: 01:29:43.667 [task-runner-1-42] [INFO ] q.lib.plugins.DetectionPluginTools - 1209 nuclei detected (processing time: 14.12 seconds)
2024-10-23 01:29:43 INFO: 01:29:43.669 [main] [INFO ] q.l.p.CommandLineTaskRunner$CommandLineProgressMonitor - 1209 nuclei detected (68%)
2024-10-23 01:29:43 INFO: 01:29:43.755 [task-runner-1-1] [INFO ] q.lib.plugins.DetectionPluginTools - 6 nuclei detected (processing time: 6.31 seconds)
2024-10-23 01:29:43 INFO: 01:29:43.756 [main] [INFO ] q.l.p.CommandLineTaskRunner$CommandLineProgressMonitor - 6 nuclei detected (69%)
2024-10-23 01:29:43 INFO: 01:29:43.776 [task-runner-1-31] [INFO ] q.lib.plugins.DetectionPluginTools - 3015 nuclei detected (processing time: 18.47 seconds)
2024-10-23 01:29:43 INFO: 01:29:43.776 [main] [INFO ] q.l.p.CommandLineTaskRunner$CommandLineProgressMonitor - 3015 nuclei detected (69%)
2024-10-23 01:29:43 INFO: 01:29:43.969 [task-runner-1-2] [INFO ] q.lib.plugins.DetectionPluginTools - 3523 nuclei detected (processing time: 18.68 seconds)
2024-10-23 01:29:43 INFO: 01:29:43.970 [main] [INFO ] q.l.p.CommandLineTaskRunner$CommandLineProgressMonitor - 3523 nuclei detected (70%)
2024-10-23 01:29:44 INFO: 01:29:44.160 [task-runner-1-11] [INFO ] q.lib.plugins.DetectionPluginTools - 4999 nuclei detected (processing time: 20.95 seconds)
2024-10-23 01:29:44 INFO: 01:29:44.161 [main] [INFO ] q.l.p.CommandLineTaskRunner$CommandLineProgressMonitor - 4999 nuclei detected (71%)
2024-10-23 01:29:44 INFO: 01:29:44.258 [task-runner-1-9] [INFO ] q.lib.plugins.DetectionPluginTools - 0 nuclei detected (processing time: 6.76 seconds)
2024-10-23 01:29:44 INFO: 01:29:44.258 [main] [INFO ] q.l.p.CommandLineTaskRunner$CommandLineProgressMonitor - 0 nuclei detected (71%)
2024-10-23 01:29:44 INFO: 01:29:44.371 [task-runner-1-6] [INFO ] q.lib.plugins.DetectionPluginTools - 0 nuclei detected (processing time: 6.05 seconds)
2024-10-23 01:29:44 INFO: 01:29:44.371 [main] [INFO ] q.l.p.CommandLineTaskRunner$CommandLineProgressMonitor - 0 nuclei detected (72%)
2024-10-23 01:29:44 INFO: 01:29:44.547 [task-runner-1-46] [INFO ] q.lib.plugins.DetectionPluginTools - 1 nucleus detected (processing time: 6.21 seconds)
2024-10-23 01:29:44 INFO: 01:29:44.547 [main] [INFO ] q.l.p.CommandLineTaskRunner$CommandLineProgressMonitor - 1 nucleus detected (73%)
2024-10-23 01:29:44 INFO: 01:29:44.595 [task-runner-1-37] [INFO ] q.lib.plugins.DetectionPluginTools - 1 nucleus detected (processing time: 6.71 seconds)
2024-10-23 01:29:44 INFO: 01:29:44.608 [task-runner-1-12] [INFO ] q.lib.plugins.DetectionPluginTools - 1 nucleus detected (processing time: 6.64 seconds)
2024-10-23 01:29:44 INFO: 01:29:44.608 [task-runner-1-49] [INFO ] q.lib.plugins.DetectionPluginTools - 1 nucleus detected (processing time: 6.09 seconds)
2024-10-23 01:29:44 INFO: 01:29:44.608 [main] [INFO ] q.l.p.CommandLineTaskRunner$CommandLineProgressMonitor - 1 nucleus detected (74%)
2024-10-23 01:29:44 INFO: 01:29:44.650 [task-runner-1-5] [INFO ] q.lib.plugins.DetectionPluginTools - 1055 nuclei detected (processing time: 15.19 seconds)
2024-10-23 01:29:44 INFO: 01:29:44.651 [main] [INFO ] q.l.p.CommandLineTaskRunner$CommandLineProgressMonitor - 1055 nuclei detected (75%)
2024-10-23 01:29:44 INFO: 01:29:44.758 [task-runner-1-13] [INFO ] q.lib.plugins.DetectionPluginTools - 3729 nuclei detected (processing time: 19.47 seconds)
2024-10-23 01:29:44 INFO: 01:29:44.759 [main] [INFO ] q.l.p.CommandLineTaskRunner$CommandLineProgressMonitor - 3729 nuclei detected (76%)
2024-10-23 01:29:44 INFO: 01:29:44.875 [task-runner-1-54] [INFO ] q.lib.plugins.DetectionPluginTools - 0 nuclei detected (processing time: 5.74 seconds)
2024-10-23 01:29:44 INFO: 01:29:44.875 [main] [INFO ] q.l.p.CommandLineTaskRunner$CommandLineProgressMonitor - 0 nuclei detected (76%)
2024-10-23 01:29:45 INFO: 01:29:45.026 [task-runner-1-41] [INFO ] q.lib.plugins.DetectionPluginTools - 1902 nuclei detected (processing time: 15.50 seconds)
2024-10-23 01:29:45 INFO: 01:29:45.027 [main] [INFO ] q.l.p.CommandLineTaskRunner$CommandLineProgressMonitor - 1902 nuclei detected (77%)
2024-10-23 01:29:45 INFO: 01:29:45.074 [task-runner-1-53] [INFO ] q.lib.plugins.DetectionPluginTools - 2 nuclei detected (processing time: 5.65 seconds)
2024-10-23 01:29:45 INFO: 01:29:45.075 [main] [INFO ] q.l.p.CommandLineTaskRunner$CommandLineProgressMonitor - 2 nuclei detected (78%)
2024-10-23 01:29:45 INFO: 01:29:45.167 [task-runner-1-24] [INFO ] q.lib.plugins.DetectionPluginTools - 3189 nuclei detected (processing time: 19.17 seconds)
2024-10-23 01:29:45 INFO: 01:29:45.167 [main] [INFO ] q.l.p.CommandLineTaskRunner$CommandLineProgressMonitor - 3189 nuclei detected (78%)
2024-10-23 01:29:45 INFO: 01:29:45.185 [task-runner-1-51] [INFO ] q.lib.plugins.DetectionPluginTools - 4189 nuclei detected (processing time: 19.16 seconds)
2024-10-23 01:29:45 INFO: 01:29:45.186 [main] [INFO ] q.l.p.CommandLineTaskRunner$CommandLineProgressMonitor - 4189 nuclei detected (79%)
2024-10-23 01:29:45 INFO: 01:29:45.211 [task-runner-1-27] [INFO ] q.lib.plugins.DetectionPluginTools - 2434 nuclei detected (processing time: 17.25 seconds)
2024-10-23 01:29:45 INFO: 01:29:45.212 [main] [INFO ] q.l.p.CommandLineTaskRunner$CommandLineProgressMonitor - 2434 nuclei detected (79%)
2024-10-23 01:29:45 INFO: 01:29:45.233 [task-runner-1-40] [INFO ] q.lib.plugins.DetectionPluginTools - 0 nuclei detected (processing time: 5.05 seconds)
2024-10-23 01:29:45 INFO: 01:29:45.233 [main] [INFO ] q.l.p.CommandLineTaskRunner$CommandLineProgressMonitor - 0 nuclei detected (80%)
2024-10-23 01:29:45 INFO: 01:29:45.272 [task-runner-1-47] [INFO ] q.lib.plugins.DetectionPluginTools - 2266 nuclei detected (processing time: 17.33 seconds)
2024-10-23 01:29:45 INFO: 01:29:45.273 [main] [INFO ] q.l.p.CommandLineTaskRunner$CommandLineProgressMonitor - 2266 nuclei detected (81%)
2024-10-23 01:29:45 INFO: 01:29:45.369 [task-runner-1-26] [INFO ] q.lib.plugins.DetectionPluginTools - 1484 nuclei detected (processing time: 9.65 seconds)
2024-10-23 01:29:45 INFO: 01:29:45.370 [main] [INFO ] q.l.p.CommandLineTaskRunner$CommandLineProgressMonitor - 1484 nuclei detected (81%)
2024-10-23 01:29:45 INFO: 01:29:45.523 [task-runner-1-29] [INFO ] q.lib.plugins.DetectionPluginTools - 2680 nuclei detected (processing time: 17.58 seconds)
2024-10-23 01:29:45 INFO: 01:29:45.524 [main] [INFO ] q.l.p.CommandLineTaskRunner$CommandLineProgressMonitor - 2680 nuclei detected (82%)
2024-10-23 01:29:45 INFO: 01:29:45.526 [task-runner-1-59] [INFO ] q.lib.plugins.DetectionPluginTools - 2782 nuclei detected (processing time: 15.95 seconds)
2024-10-23 01:29:45 INFO: 01:29:45.527 [main] [INFO ] q.l.p.CommandLineTaskRunner$CommandLineProgressMonitor - 2782 nuclei detected (83%)
2024-10-23 01:29:45 INFO: 01:29:45.576 [task-runner-1-22] [INFO ] q.lib.plugins.DetectionPluginTools - 3656 nuclei detected (processing time: 19.34 seconds)
2024-10-23 01:29:45 INFO: 01:29:45.577 [main] [INFO ] q.l.p.CommandLineTaskRunner$CommandLineProgressMonitor - 3656 nuclei detected (83%)
2024-10-23 01:29:45 INFO: 01:29:45.601 [task-runner-1-60] [INFO ] q.lib.plugins.DetectionPluginTools - 3411 nuclei detected (processing time: 19.54 seconds)
2024-10-23 01:29:45 INFO: 01:29:45.602 [main] [INFO ] q.l.p.CommandLineTaskRunner$CommandLineProgressMonitor - 3411 nuclei detected (84%)
2024-10-23 01:29:45 INFO: 01:29:45.605 [task-runner-1-10] [INFO ] q.lib.plugins.DetectionPluginTools - 3553 nuclei detected (processing time: 20.32 seconds)
2024-10-23 01:29:45 INFO: 01:29:45.606 [main] [INFO ] q.l.p.CommandLineTaskRunner$CommandLineProgressMonitor - 3553 nuclei detected (84%)
2024-10-23 01:29:45 INFO: 01:29:45.645 [task-runner-1-43] [INFO ] q.lib.plugins.DetectionPluginTools - 0 nuclei detected (processing time: 4.38 seconds)
2024-10-23 01:29:45 INFO: 01:29:45.645 [main] [INFO ] q.l.p.CommandLineTaskRunner$CommandLineProgressMonitor - 0 nuclei detected (85%)
2024-10-23 01:29:45 INFO: 01:29:45.744 [task-runner-1-61] [INFO ] q.lib.plugins.DetectionPluginTools - 0 nuclei detected (processing time: 5.58 seconds)
2024-10-23 01:29:45 INFO: 01:29:45.744 [main] [INFO ] q.l.p.CommandLineTaskRunner$CommandLineProgressMonitor - 0 nuclei detected (86%)
2024-10-23 01:29:45 INFO: 01:29:45.751 [task-runner-1-44] [INFO ] q.lib.plugins.DetectionPluginTools - 0 nuclei detected (processing time: 6.29 seconds)
2024-10-23 01:29:45 INFO: 01:29:45.778 [task-runner-1-8] [INFO ] q.lib.plugins.DetectionPluginTools - 3132 nuclei detected (processing time: 17.84 seconds)
2024-10-23 01:29:45 INFO: 01:29:45.778 [main] [INFO ] q.l.p.CommandLineTaskRunner$CommandLineProgressMonitor - 3132 nuclei detected (87%)
2024-10-23 01:29:45 INFO: 01:29:45.809 [task-runner-1-4] [INFO ] q.lib.plugins.DetectionPluginTools - 2556 nuclei detected (processing time: 17.87 seconds)
2024-10-23 01:29:45 INFO: 01:29:45.810 [main] [INFO ] q.l.p.CommandLineTaskRunner$CommandLineProgressMonitor - 2556 nuclei detected (88%)
2024-10-23 01:29:45 INFO: 01:29:45.873 [task-runner-1-15] [INFO ] q.lib.plugins.DetectionPluginTools - 2446 nuclei detected (processing time: 17.91 seconds)
2024-10-23 01:29:45 INFO: 01:29:45.873 [main] [INFO ] q.l.p.CommandLineTaskRunner$CommandLineProgressMonitor - 2446 nuclei detected (88%)
2024-10-23 01:29:45 INFO: 01:29:45.910 [task-runner-1-45] [INFO ] q.lib.plugins.DetectionPluginTools - 0 nuclei detected (processing time: 4.73 seconds)
2024-10-23 01:29:45 INFO: 01:29:45.911 [main] [INFO ] q.l.p.CommandLineTaskRunner$CommandLineProgressMonitor - 0 nuclei detected (89%)
2024-10-23 01:29:45 INFO: 01:29:45.917 [task-runner-1-63] [INFO ] q.lib.plugins.DetectionPluginTools - 2590 nuclei detected (processing time: 17.94 seconds)
2024-10-23 01:29:45 INFO: 01:29:45.917 [main] [INFO ] q.l.p.CommandLineTaskRunner$CommandLineProgressMonitor - 2590 nuclei detected (89%)
2024-10-23 01:29:46 INFO: 01:29:46.058 [task-runner-1-62] [INFO ] q.lib.plugins.DetectionPluginTools - 3112 nuclei detected (processing time: 18.04 seconds)
2024-10-23 01:29:46 INFO: 01:29:46.058 [main] [INFO ] q.l.p.CommandLineTaskRunner$CommandLineProgressMonitor - 3112 nuclei detected (90%)
2024-10-23 01:29:46 INFO: 01:29:46.087 [task-runner-1-30] [INFO ] q.lib.plugins.DetectionPluginTools - 6180 nuclei detected (processing time: 20.80 seconds)
2024-10-23 01:29:46 INFO: 01:29:46.087 [main] [INFO ] q.l.p.CommandLineTaskRunner$CommandLineProgressMonitor - 6180 nuclei detected (91%)
2024-10-23 01:29:46 INFO: 01:29:46.123 [task-runner-1-50] [INFO ] q.lib.plugins.DetectionPluginTools - 0 nuclei detected (processing time: 4.63 seconds)
2024-10-23 01:29:46 INFO: 01:29:46.123 [main] [INFO ] q.l.p.CommandLineTaskRunner$CommandLineProgressMonitor - 0 nuclei detected (91%)
2024-10-23 01:29:46 INFO: 01:29:46.163 [task-runner-1-19] [INFO ] q.lib.plugins.DetectionPluginTools - 3273 nuclei detected (processing time: 18.18 seconds)
2024-10-23 01:29:46 INFO: 01:29:46.163 [main] [INFO ] q.l.p.CommandLineTaskRunner$CommandLineProgressMonitor - 3273 nuclei detected (92%)
2024-10-23 01:29:46 INFO: 01:29:46.182 [task-runner-1-32] [INFO ] q.lib.plugins.DetectionPluginTools - 3287 nuclei detected (processing time: 18.22 seconds)
2024-10-23 01:29:46 INFO: 01:29:46.182 [main] [INFO ] q.l.p.CommandLineTaskRunner$CommandLineProgressMonitor - 3287 nuclei detected (93%)
2024-10-23 01:29:46 INFO: 01:29:46.218 [task-runner-1-36] [INFO ] q.lib.plugins.DetectionPluginTools - 3641 nuclei detected (processing time: 19.96 seconds)
2024-10-23 01:29:46 INFO: 01:29:46.219 [main] [INFO ] q.l.p.CommandLineTaskRunner$CommandLineProgressMonitor - 3641 nuclei detected (93%)
2024-10-23 01:29:46 INFO: 01:29:46.228 [task-runner-1-23] [INFO ] q.lib.plugins.DetectionPluginTools - 2152 nuclei detected (processing time: 10.33 seconds)
2024-10-23 01:29:46 INFO: 01:29:46.228 [main] [INFO ] q.l.p.CommandLineTaskRunner$CommandLineProgressMonitor - 2152 nuclei detected (94%)
2024-10-23 01:29:46 INFO: 01:29:46.250 [task-runner-1-39] [INFO ] q.lib.plugins.DetectionPluginTools - 3647 nuclei detected (processing time: 16.47 seconds)
2024-10-23 01:29:46 INFO: 01:29:46.250 [main] [INFO ] q.l.p.CommandLineTaskRunner$CommandLineProgressMonitor - 3647 nuclei detected (94%)
2024-10-23 01:29:46 INFO: 01:29:46.270 [task-runner-1-35] [INFO ] q.lib.plugins.DetectionPluginTools - 3554 nuclei detected (processing time: 18.20 seconds)
2024-10-23 01:29:46 INFO: 01:29:46.270 [main] [INFO ] q.l.p.CommandLineTaskRunner$CommandLineProgressMonitor - 3554 nuclei detected (95%)
2024-10-23 01:29:46 INFO: 01:29:46.494 [task-runner-1-16] [INFO ] q.lib.plugins.DetectionPluginTools - 2479 nuclei detected (processing time: 10.57 seconds)
2024-10-23 01:29:46 INFO: 01:29:46.495 [main] [INFO ] q.l.p.CommandLineTaskRunner$CommandLineProgressMonitor - 2479 nuclei detected (96%)
2024-10-23 01:29:46 INFO: 01:29:46.724 [task-runner-1-18] [INFO ] q.lib.plugins.DetectionPluginTools - 3157 nuclei detected (processing time: 18.69 seconds)
2024-10-23 01:29:46 INFO: 01:29:46.725 [main] [INFO ] q.l.p.CommandLineTaskRunner$CommandLineProgressMonitor - 3157 nuclei detected (96%)
2024-10-23 01:29:46 INFO: 01:29:46.962 [task-runner-1-34] [INFO ] q.lib.plugins.DetectionPluginTools - 4781 nuclei detected (processing time: 18.85 seconds)
2024-10-23 01:29:46 INFO: 01:29:46.963 [main] [INFO ] q.l.p.CommandLineTaskRunner$CommandLineProgressMonitor - 4781 nuclei detected (97%)
2024-10-23 01:29:47 INFO: 01:29:47.107 [task-runner-1-33] [INFO ] q.lib.plugins.DetectionPluginTools - 4125 nuclei detected (processing time: 19.07 seconds)
2024-10-23 01:29:47 INFO: 01:29:47.108 [main] [INFO ] q.l.p.CommandLineTaskRunner$CommandLineProgressMonitor - 4125 nuclei detected (98%)
2024-10-23 01:29:47 INFO: 01:29:47.201 [task-runner-1-38] [INFO ] q.lib.plugins.DetectionPluginTools - 4311 nuclei detected (processing time: 17.29 seconds)
2024-10-23 01:29:47 INFO: 01:29:47.201 [main] [INFO ] q.l.p.CommandLineTaskRunner$CommandLineProgressMonitor - 4311 nuclei detected (98%)
2024-10-23 01:29:47 INFO: 01:29:47.225 [task-runner-1-21] [INFO ] q.lib.plugins.DetectionPluginTools - 4808 nuclei detected (processing time: 17.40 seconds)
2024-10-23 01:29:47 INFO: 01:29:47.225 [main] [INFO ] q.l.p.CommandLineTaskRunner$CommandLineProgressMonitor - 4808 nuclei detected (99%)
2024-10-23 01:29:47 INFO: 01:29:47.323 [task-runner-1-57] [INFO ] q.lib.plugins.DetectionPluginTools - 5069 nuclei detected (processing time: 17.49 seconds)
2024-10-23 01:29:47 INFO: 01:29:47.324 [main] [INFO ] q.l.p.CommandLineTaskRunner$CommandLineProgressMonitor - 5069 nuclei detected (99%)
2024-10-23 01:29:47 INFO: 01:29:47.517 [task-runner-1-55] [INFO ] q.lib.plugins.DetectionPluginTools - 5082 nuclei detected (processing time: 17.67 seconds)
2024-10-23 01:29:47 INFO: 01:29:47.518 [main] [INFO ] q.l.p.CommandLineTaskRunner$CommandLineProgressMonitor - 5082 nuclei detected (100%)
2024-10-23 01:29:47 INFO: 01:29:47.518 [main] [INFO ] q.l.p.CommandLineTaskRunner$CommandLineProgressMonitor - Processing complete in 39.20 seconds
2024-10-23 01:29:47 INFO: 01:29:47.518 [main] [INFO ] q.l.p.CommandLineTaskRunner$CommandLineProgressMonitor - Tasks completed!
2024-10-23 01:29:55 INFO: 01:29:55.882 [main] [WARN ] q.l.p.objects.SmoothFeaturesPlugin - Smoothing using annotations
2024-10-23 01:29:59 INFO: 01:29:59.041 [main] [INFO ] q.l.p.CommandLineTaskRunner$CommandLineProgressMonitor - Completed (100%)
2024-10-23 01:29:59 INFO: 01:29:59.042 [main] [INFO ] q.l.p.CommandLineTaskRunner$CommandLineProgressMonitor - Processing complete in 3.16 seconds
2024-10-23 01:29:59 INFO: 01:29:59.042 [main] [INFO ] q.l.p.CommandLineTaskRunner$CommandLineProgressMonitor - Tasks completed!
2024-10-23 01:29:59 INFO: 01:29:59.044 [main] [WARN ] q.l.p.objects.SmoothFeaturesPlugin - Smoothing using annotations
2024-10-23 01:30:04 INFO: 01:30:04.146 [main] [INFO ] q.l.p.CommandLineTaskRunner$CommandLineProgressMonitor - Completed (100%)
2024-10-23 01:30:04 INFO: 01:30:04.146 [main] [INFO ] q.l.p.CommandLineTaskRunner$CommandLineProgressMonitor - Processing complete in 5.10 seconds
2024-10-23 01:30:04 INFO: 01:30:04.146 [main] [INFO ] q.l.p.CommandLineTaskRunner$CommandLineProgressMonitor - Tasks completed!
2024-10-23 01:30:04 INFO: 01:30:04.148 [main] [WARN ] q.l.p.objects.SmoothFeaturesPlugin - Smoothing using annotations
2024-10-23 01:30:18 INFO: 01:30:18.791 [main] [INFO ] q.l.p.CommandLineTaskRunner$CommandLineProgressMonitor - Completed (100%)
2024-10-23 01:30:18 INFO: 01:30:18.791 [main] [INFO ] q.l.p.CommandLineTaskRunner$CommandLineProgressMonitor - Processing complete in 14.64 seconds
2024-10-23 01:30:18 INFO: 01:30:18.791 [main] [INFO ] q.l.p.CommandLineTaskRunner$CommandLineProgressMonitor - Tasks completed!
2024-10-23 01:30:18 INFO: 01:30:18.991 [task-runner-5-2] [INFO ] q.l.a.IntensityFeaturesPlugin - Splitting Rectangle (0, 0, 63784, 39311) into 40 tiles for intensity measurements
2024-10-23 01:30:19 INFO: 01:30:19.194 [main] [INFO ] q.l.p.CommandLineTaskRunner$CommandLineProgressMonitor - Completed (0%)
2024-10-23 01:30:20 INFO: 01:30:20.235 [main] [INFO ] q.l.p.CommandLineTaskRunner$CommandLineProgressMonitor - Completed (1%)
2024-10-23 01:30:20 INFO: 01:30:20.466 [main] [INFO ] q.l.p.CommandLineTaskRunner$CommandLineProgressMonitor - Completed (2%)
2024-10-23 01:30:20 INFO: 01:30:20.602 [main] [INFO ] q.l.p.CommandLineTaskRunner$CommandLineProgressMonitor - Completed (3%)
2024-10-23 01:30:20 INFO: 01:30:20.745 [main] [INFO ] q.l.p.CommandLineTaskRunner$CommandLineProgressMonitor - Completed (4%)
2024-10-23 01:30:20 INFO: 01:30:20.916 [main] [INFO ] q.l.p.CommandLineTaskRunner$CommandLineProgressMonitor - Completed (5%)
2024-10-23 01:30:21 INFO: 01:30:21.062 [main] [INFO ] q.l.p.CommandLineTaskRunner$CommandLineProgressMonitor - Completed (6%)
2024-10-23 01:30:21 INFO: 01:30:21.196 [main] [INFO ] q.l.p.CommandLineTaskRunner$CommandLineProgressMonitor - Completed (7%)
2024-10-23 01:30:21 INFO: 01:30:21.338 [main] [INFO ] q.l.p.CommandLineTaskRunner$CommandLineProgressMonitor - Completed (8%)
2024-10-23 01:30:21 INFO: 01:30:21.496 [main] [INFO ] q.l.p.CommandLineTaskRunner$CommandLineProgressMonitor - Completed (9%)
2024-10-23 01:30:21 INFO: 01:30:21.645 [main] [INFO ] q.l.p.CommandLineTaskRunner$CommandLineProgressMonitor - Completed (10%)
2024-10-23 01:30:21 INFO: 01:30:21.786 [main] [INFO ] q.l.p.CommandLineTaskRunner$CommandLineProgressMonitor - Completed (11%)
2024-10-23 01:30:21 INFO: 01:30:21.939 [main] [INFO ] q.l.p.CommandLineTaskRunner$CommandLineProgressMonitor - Completed (12%)
2024-10-23 01:30:22 INFO: 01:30:22.092 [main] [INFO ] q.l.p.CommandLineTaskRunner$CommandLineProgressMonitor - Completed (13%)
2024-10-23 01:30:22 INFO: 01:30:22.234 [main] [INFO ] q.l.p.CommandLineTaskRunner$CommandLineProgressMonitor - Completed (14%)
2024-10-23 01:30:22 INFO: 01:30:22.448 [main] [INFO ] q.l.p.CommandLineTaskRunner$CommandLineProgressMonitor - Completed (15%)
2024-10-23 01:30:22 INFO: 01:30:22.604 [main] [INFO ] q.l.p.CommandLineTaskRunner$CommandLineProgressMonitor - Completed (16%)
2024-10-23 01:30:22 INFO: 01:30:22.741 [main] [INFO ] q.l.p.CommandLineTaskRunner$CommandLineProgressMonitor - Completed (17%)
2024-10-23 01:30:22 INFO: 01:30:22.873 [main] [INFO ] q.l.p.CommandLineTaskRunner$CommandLineProgressMonitor - Completed (18%)
2024-10-23 01:30:23 INFO: 01:30:23.032 [main] [INFO ] q.l.p.CommandLineTaskRunner$CommandLineProgressMonitor - Completed (19%)
2024-10-23 01:30:23 INFO: 01:30:23.366 [main] [INFO ] q.l.p.CommandLineTaskRunner$CommandLineProgressMonitor - Completed (20%)
2024-10-23 01:30:23 INFO: 01:30:23.497 [main] [INFO ] q.l.p.CommandLineTaskRunner$CommandLineProgressMonitor - Completed (21%)
2024-10-23 01:30:23 INFO: 01:30:23.637 [main] [INFO ] q.l.p.CommandLineTaskRunner$CommandLineProgressMonitor - Completed (22%)
2024-10-23 01:30:24 INFO: 01:30:24.074 [main] [INFO ] q.l.p.CommandLineTaskRunner$CommandLineProgressMonitor - Completed (23%)
2024-10-23 01:30:24 INFO: 01:30:24.221 [main] [INFO ] q.l.p.CommandLineTaskRunner$CommandLineProgressMonitor - Completed (24%)
2024-10-23 01:30:24 INFO: 01:30:24.351 [main] [INFO ] q.l.p.CommandLineTaskRunner$CommandLineProgressMonitor - Completed (25%)
2024-10-23 01:30:24 INFO: 01:30:24.491 [main] [INFO ] q.l.p.CommandLineTaskRunner$CommandLineProgressMonitor - Completed (26%)
2024-10-23 01:30:24 INFO: 01:30:24.868 [main] [INFO ] q.l.p.CommandLineTaskRunner$CommandLineProgressMonitor - Completed (27%)
2024-10-23 01:30:24 INFO: 01:30:24.964 [main] [INFO ] q.l.p.CommandLineTaskRunner$CommandLineProgressMonitor - Completed (28%)
2024-10-23 01:30:25 INFO: 01:30:25.071 [main] [INFO ] q.l.p.CommandLineTaskRunner$CommandLineProgressMonitor - Completed (29%)
2024-10-23 01:30:25 INFO: 01:30:25.190 [main] [INFO ] q.l.p.CommandLineTaskRunner$CommandLineProgressMonitor - Completed (30%)
2024-10-23 01:30:25 INFO: 01:30:25.289 [main] [INFO ] q.l.p.CommandLineTaskRunner$CommandLineProgressMonitor - Completed (31%)
2024-10-23 01:30:25 INFO: 01:30:25.418 [main] [INFO ] q.l.p.CommandLineTaskRunner$CommandLineProgressMonitor - Completed (32%)
2024-10-23 01:30:25 INFO: 01:30:25.558 [main] [INFO ] q.l.p.CommandLineTaskRunner$CommandLineProgressMonitor - Completed (33%)
2024-10-23 01:30:25 INFO: 01:30:25.693 [main] [INFO ] q.l.p.CommandLineTaskRunner$CommandLineProgressMonitor - Completed (34%)
2024-10-23 01:30:25 INFO: 01:30:25.830 [main] [INFO ] q.l.p.CommandLineTaskRunner$CommandLineProgressMonitor - Completed (35%)
2024-10-23 01:30:25 INFO: 01:30:25.967 [main] [INFO ] q.l.p.CommandLineTaskRunner$CommandLineProgressMonitor - Completed (36%)
2024-10-23 01:30:26 INFO: 01:30:26.078 [main] [INFO ] q.l.p.CommandLineTaskRunner$CommandLineProgressMonitor - Completed (37%)
2024-10-23 01:30:26 INFO: 01:30:26.191 [main] [INFO ] q.l.p.CommandLineTaskRunner$CommandLineProgressMonitor - Completed (38%)
2024-10-23 01:30:26 INFO: 01:30:26.291 [main] [INFO ] q.l.p.CommandLineTaskRunner$CommandLineProgressMonitor - Completed (39%)
2024-10-23 01:30:26 INFO: 01:30:26.398 [main] [INFO ] q.l.p.CommandLineTaskRunner$CommandLineProgressMonitor - Completed (40%)
2024-10-23 01:30:26 INFO: 01:30:26.489 [main] [INFO ] q.l.p.CommandLineTaskRunner$CommandLineProgressMonitor - Completed (41%)
2024-10-23 01:30:26 INFO: 01:30:26.581 [main] [INFO ] q.l.p.CommandLineTaskRunner$CommandLineProgressMonitor - Completed (42%)
2024-10-23 01:30:26 INFO: 01:30:26.671 [main] [INFO ] q.l.p.CommandLineTaskRunner$CommandLineProgressMonitor - Completed (43%)
2024-10-23 01:30:26 INFO: 01:30:26.761 [main] [INFO ] q.l.p.CommandLineTaskRunner$CommandLineProgressMonitor - Completed (44%)
2024-10-23 01:30:26 INFO: 01:30:26.858 [main] [INFO ] q.l.p.CommandLineTaskRunner$CommandLineProgressMonitor - Completed (45%)
2024-10-23 01:30:26 INFO: 01:30:26.948 [main] [INFO ] q.l.p.CommandLineTaskRunner$CommandLineProgressMonitor - Completed (46%)
2024-10-23 01:30:27 INFO: 01:30:27.060 [main] [INFO ] q.l.p.CommandLineTaskRunner$CommandLineProgressMonitor - Completed (47%)
2024-10-23 01:30:27 INFO: 01:30:27.207 [main] [INFO ] q.l.p.CommandLineTaskRunner$CommandLineProgressMonitor - Completed (48%)
2024-10-23 01:30:27 INFO: 01:30:27.302 [main] [INFO ] q.l.p.CommandLineTaskRunner$CommandLineProgressMonitor - Completed (49%)
2024-10-23 01:30:27 INFO: 01:30:27.401 [main] [INFO ] q.l.p.CommandLineTaskRunner$CommandLineProgressMonitor - Completed (50%)
2024-10-23 01:30:27 INFO: 01:30:27.489 [main] [INFO ] q.l.p.CommandLineTaskRunner$CommandLineProgressMonitor - Completed (51%)
2024-10-23 01:30:27 INFO: 01:30:27.577 [main] [INFO ] q.l.p.CommandLineTaskRunner$CommandLineProgressMonitor - Completed (52%)
2024-10-23 01:30:27 INFO: 01:30:27.664 [main] [INFO ] q.l.p.CommandLineTaskRunner$CommandLineProgressMonitor - Completed (53%)
2024-10-23 01:30:27 INFO: 01:30:27.749 [main] [INFO ] q.l.p.CommandLineTaskRunner$CommandLineProgressMonitor - Completed (54%)
2024-10-23 01:30:27 INFO: 01:30:27.838 [main] [INFO ] q.l.p.CommandLineTaskRunner$CommandLineProgressMonitor - Completed (55%)
2024-10-23 01:30:27 INFO: 01:30:27.921 [main] [INFO ] q.l.p.CommandLineTaskRunner$CommandLineProgressMonitor - Completed (56%)
2024-10-23 01:30:28 INFO: 01:30:28.007 [main] [INFO ] q.l.p.CommandLineTaskRunner$CommandLineProgressMonitor - Completed (57%)
2024-10-23 01:30:28 INFO: 01:30:28.096 [main] [INFO ] q.l.p.CommandLineTaskRunner$CommandLineProgressMonitor - Completed (58%)
2024-10-23 01:30:28 INFO: 01:30:28.184 [main] [INFO ] q.l.p.CommandLineTaskRunner$CommandLineProgressMonitor - Completed (59%)
2024-10-23 01:30:28 INFO: 01:30:28.282 [main] [INFO ] q.l.p.CommandLineTaskRunner$CommandLineProgressMonitor - Completed (60%)
2024-10-23 01:30:28 INFO: 01:30:28.373 [main] [INFO ] q.l.p.CommandLineTaskRunner$CommandLineProgressMonitor - Completed (61%)
2024-10-23 01:30:28 INFO: 01:30:28.466 [main] [INFO ] q.l.p.CommandLineTaskRunner$CommandLineProgressMonitor - Completed (62%)
2024-10-23 01:30:28 INFO: 01:30:28.564 [main] [INFO ] q.l.p.CommandLineTaskRunner$CommandLineProgressMonitor - Completed (63%)
2024-10-23 01:30:28 INFO: 01:30:28.681 [main] [INFO ] q.l.p.CommandLineTaskRunner$CommandLineProgressMonitor - Completed (64%)
2024-10-23 01:30:28 INFO: 01:30:28.780 [main] [INFO ] q.l.p.CommandLineTaskRunner$CommandLineProgressMonitor - Completed (65%)
2024-10-23 01:30:28 INFO: 01:30:28.871 [main] [INFO ] q.l.p.CommandLineTaskRunner$CommandLineProgressMonitor - Completed (66%)
2024-10-23 01:30:28 INFO: 01:30:28.963 [main] [INFO ] q.l.p.CommandLineTaskRunner$CommandLineProgressMonitor - Completed (67%)
2024-10-23 01:30:29 INFO: 01:30:29.051 [main] [INFO ] q.l.p.CommandLineTaskRunner$CommandLineProgressMonitor - Completed (68%)
2024-10-23 01:30:29 INFO: 01:30:29.140 [main] [INFO ] q.l.p.CommandLineTaskRunner$CommandLineProgressMonitor - Completed (69%)
2024-10-23 01:30:29 INFO: 01:30:29.229 [main] [INFO ] q.l.p.CommandLineTaskRunner$CommandLineProgressMonitor - Completed (70%)
2024-10-23 01:30:29 INFO: 01:30:29.312 [main] [INFO ] q.l.p.CommandLineTaskRunner$CommandLineProgressMonitor - Completed (71%)
2024-10-23 01:30:29 INFO: 01:30:29.403 [main] [INFO ] q.l.p.CommandLineTaskRunner$CommandLineProgressMonitor - Completed (72%)
2024-10-23 01:30:29 INFO: 01:30:29.491 [main] [INFO ] q.l.p.CommandLineTaskRunner$CommandLineProgressMonitor - Completed (73%)
2024-10-23 01:30:29 INFO: 01:30:29.582 [main] [INFO ] q.l.p.CommandLineTaskRunner$CommandLineProgressMonitor - Completed (74%)
2024-10-23 01:30:29 INFO: 01:30:29.670 [main] [INFO ] q.l.p.CommandLineTaskRunner$CommandLineProgressMonitor - Completed (75%)
2024-10-23 01:30:29 INFO: 01:30:29.757 [main] [INFO ] q.l.p.CommandLineTaskRunner$CommandLineProgressMonitor - Completed (76%)
2024-10-23 01:30:29 INFO: 01:30:29.886 [main] [INFO ] q.l.p.CommandLineTaskRunner$CommandLineProgressMonitor - Completed (77%)
2024-10-23 01:30:29 INFO: 01:30:29.972 [main] [INFO ] q.l.p.CommandLineTaskRunner$CommandLineProgressMonitor - Completed (78%)
2024-10-23 01:30:30 INFO: 01:30:30.107 [main] [INFO ] q.l.p.CommandLineTaskRunner$CommandLineProgressMonitor - Completed (79%)
2024-10-23 01:30:30 INFO: 01:30:30.199 [main] [INFO ] q.l.p.CommandLineTaskRunner$CommandLineProgressMonitor - Completed (80%)
2024-10-23 01:30:30 INFO: 01:30:30.292 [main] [INFO ] q.l.p.CommandLineTaskRunner$CommandLineProgressMonitor - Completed (81%)
2024-10-23 01:30:30 INFO: 01:30:30.412 [main] [INFO ] q.l.p.CommandLineTaskRunner$CommandLineProgressMonitor - Completed (82%)
2024-10-23 01:30:30 INFO: 01:30:30.502 [main] [INFO ] q.l.p.CommandLineTaskRunner$CommandLineProgressMonitor - Completed (83%)
2024-10-23 01:30:30 INFO: 01:30:30.597 [main] [INFO ] q.l.p.CommandLineTaskRunner$CommandLineProgressMonitor - Completed (84%)
2024-10-23 01:30:30 INFO: 01:30:30.686 [main] [INFO ] q.l.p.CommandLineTaskRunner$CommandLineProgressMonitor - Completed (85%)
2024-10-23 01:30:30 INFO: 01:30:30.772 [main] [INFO ] q.l.p.CommandLineTaskRunner$CommandLineProgressMonitor - Completed (86%)
2024-10-23 01:30:30 INFO: 01:30:30.852 [main] [INFO ] q.l.p.CommandLineTaskRunner$CommandLineProgressMonitor - Completed (87%)
2024-10-23 01:30:30 INFO: 01:30:30.940 [main] [INFO ] q.l.p.CommandLineTaskRunner$CommandLineProgressMonitor - Completed (88%)
2024-10-23 01:30:31 INFO: 01:30:31.022 [main] [INFO ] q.l.p.CommandLineTaskRunner$CommandLineProgressMonitor - Completed (89%)
2024-10-23 01:30:31 INFO: 01:30:31.111 [main] [INFO ] q.l.p.CommandLineTaskRunner$CommandLineProgressMonitor - Completed (90%)
2024-10-23 01:30:31 INFO: 01:30:31.204 [main] [INFO ] q.l.p.CommandLineTaskRunner$CommandLineProgressMonitor - Completed (91%)
2024-10-23 01:30:31 INFO: 01:30:31.287 [main] [INFO ] q.l.p.CommandLineTaskRunner$CommandLineProgressMonitor - Completed (92%)
2024-10-23 01:30:31 INFO: 01:30:31.372 [main] [INFO ] q.l.p.CommandLineTaskRunner$CommandLineProgressMonitor - Completed (93%)
2024-10-23 01:30:31 INFO: 01:30:31.453 [main] [INFO ] q.l.p.CommandLineTaskRunner$CommandLineProgressMonitor - Completed (94%)
2024-10-23 01:30:31 INFO: 01:30:31.537 [main] [INFO ] q.l.p.CommandLineTaskRunner$CommandLineProgressMonitor - Completed (95%)
2024-10-23 01:30:31 INFO: 01:30:31.622 [main] [INFO ] q.l.p.CommandLineTaskRunner$CommandLineProgressMonitor - Completed (96%)
2024-10-23 01:30:31 INFO: 01:30:31.718 [main] [INFO ] q.l.p.CommandLineTaskRunner$CommandLineProgressMonitor - Completed (97%)
2024-10-23 01:30:31 INFO: 01:30:31.810 [main] [INFO ] q.l.p.CommandLineTaskRunner$CommandLineProgressMonitor - Completed (98%)
2024-10-23 01:30:31 INFO: 01:30:31.902 [main] [INFO ] q.l.p.CommandLineTaskRunner$CommandLineProgressMonitor - Completed (99%)
2024-10-23 01:30:31 INFO: 01:30:31.996 [main] [INFO ] q.l.p.CommandLineTaskRunner$CommandLineProgressMonitor - Completed (100%)
2024-10-23 01:31:30 INFO: 01:31:30.427 [main] [INFO ] q.l.p.CommandLineTaskRunner$CommandLineProgressMonitor - Completed (100%)
2024-10-23 01:31:30 INFO: 01:31:30.429 [main] [INFO ] q.l.p.CommandLineTaskRunner$CommandLineProgressMonitor - Processing complete in 71.45 seconds
2024-10-23 01:31:30 INFO: 01:31:30.429 [main] [INFO ] q.l.p.CommandLineTaskRunner$CommandLineProgressMonitor - Tasks completed!
2024-10-23 01:33:20 INFO: 01:33:20.663 [task-runner-6-1] [WARN ] q.o.features.DelaunayTriangulation - Some objects have missing measurements! Statistics will calculated only for objects with measurements available.
2024-10-23 01:33:20 INFO: 01:33:20.663 [task-runner-6-1] [WARN ] q.o.features.DelaunayTriangulation - Missing measurements: [ROI: 1.00 m per pixel: Residual: Haralick Correlation (F2), ROI: 1.00 m per pixel: Residual: Haralick Information measure of correlation 1 (F11), ROI: 1.00 m per pixel: Residual: Haralick Information measure of correlation 2 (F12)]
2024-10-23 01:33:20 INFO: 01:33:20.686 [main] [INFO ] q.l.p.CommandLineTaskRunner$CommandLineProgressMonitor - Delaunay triangulation calculated for Annotation (178347 objects) (100%)
2024-10-23 01:33:20 INFO: 01:33:20.686 [main] [INFO ] q.l.p.CommandLineTaskRunner$CommandLineProgressMonitor - Processing complete in 110.20 seconds
2024-10-23 01:33:20 INFO: 01:33:20.686 [main] [INFO ] q.l.p.CommandLineTaskRunner$CommandLineProgressMonitor - Tasks completed!
2024-10-23 01:35:34 INFO: TCGA-GI-A2C8-01Z-00-DX1.09BD8AC9-645A-4C8B-9B36-77D833BDBA09
2024-10-23 01:35:34 INFO: QuPath subprocess completed.
2024-10-23 01:35:44 INFO: QuPath image extraction completed successfully. Output directory: /home/ilants/Documents/jupyter_test/single_image_multiple_params/exp_sigmaMicrons_2
2024-10-23 01:35:44 INFO: Summary table saved to: /home/ilants/Documents/jupyter_test/single_image_multiple_params/exp_sigmaMicrons_2/Summary_Table.csv
2024-10-23 01:35:44 INFO: Experiment completed successfully.
