2024-10-23 00:25:54 INFO: Starting experiment with for backgroundRadiusMicrons with value of 20.0
2024-10-23 00:25:54 INFO: Running with the following configuration:
{'detectionImageBrightfield': 'Hematoxylin OD', 'requestedPixelSizeMicrons': 0.5, 'backgroundRadiusMicrons': 20.0, 'backgroundByReconstruction': True, 'medianRadiusMicrons': 0.0, 'sigmaMicrons': 1.5, 'minAreaMicrons': 10.0, 'maxAreaMicrons': 80.0, 'threshold': 0.1, 'maxBackground': 2.0, 'watershedPostProcess': True, 'cellExpansionMicrons': 5.0, 'includeNuclei': True, 'smoothBoundaries': True, 'makeMeasurements': True, 'backgroundRadiusPixel': 8.0, 'cellExpansionPixel': 10.0, 'medianRadiusPixel': 0.0, 'minAreaPixel': 20.0, 'maxAreaPixel': 160.0}
2024-10-23 00:25:54 INFO: Starting QuPath image extraction with the following parameters: image_dir=/home/ilants/Documents/jupyter_test, output_dir=/home/ilants/Documents/jupyter_test/single_image_multiple_params/exp_backgroundRadiusMicrons_20.0, image_type=svs, groovy_script=/home/ilants/Documents/utls/nucleus_detection_wargs.groovy, config_file=/home/ilants/Documents/jupyter_test/single_image_multiple_params/exp_backgroundRadiusMicrons_20.0/cfg.json, program_path=/home/ilants/Documents/QuPath-v0.5.1-Linux/QuPath/bin/QuPath
2024-10-23 00:25:55 INFO: 00:25:55.558 [main] [INFO ] qupath.lib.gui.prefs.PathPrefs - Setting default Locale to en_US
2024-10-23 00:25:55 INFO: 00:25:55.562 [main] [INFO ] qupath.lib.gui.prefs.PathPrefs - Setting Locale for FORMAT to en_US
2024-10-23 00:25:55 INFO: 00:25:55.562 [main] [INFO ] qupath.lib.gui.prefs.PathPrefs - Setting Locale for DISPLAY to en_US
2024-10-23 00:25:55 INFO: 00:25:55.575 [main] [INFO ] qupath.lib.common.ThreadTools - Setting parallelism to 63
2024-10-23 00:25:55 INFO: 00:25:55.594 [main] [INFO ] qupath.ScriptCommand - Setting tile cache size to 32200.00 MB (25.0% max memory)
2024-10-23 00:25:55 INFO: 00:25:55.640 [main] [INFO ] qupath.lib.scripting.QP - Initializing type adapters
2024-10-23 00:25:55 INFO: Warning: Versions of org.bytedeco:javacpp:1.5.9 and org.bytedeco:opencv:4.6.0-1.5.8 do not match.
2024-10-23 00:25:55 INFO: Warning: Versions of org.bytedeco:javacpp:1.5.9 and org.bytedeco:openblas:0.3.21-1.5.8 do not match.
2024-10-23 00:25:57 INFO: project parameters are: {"detectionImageBrightfield": "Hematoxylin OD","requestedPixelSizeMicrons": 0.5,"backgroundRadiusMicrons": 20.0,"backgroundByReconstruction": true,"medianRadiusMicrons": 0.0,"sigmaMicrons": 1.5,"minAreaMicrons": 10.0,"maxAreaMicrons": 80.0,"threshold": 0.1,"maxBackground": 2.0,"watershedPostProcess": true,"cellExpansionMicrons": 5.0,"includeNuclei": true,"smoothBoundaries": true,"makeMeasurements": true,"backgroundRadiusPixel": 8.0,"cellExpansionPixel": 10.0,"medianRadiusPixel": 0.0,"minAreaPixel": 20.0,"maxAreaPixel": 160.0}
2024-10-23 00:25:57 INFO: New project created at: /home/ilants/Documents/jupyter_test/single_image_multiple_params/exp_backgroundRadiusMicrons_20.0/QPProject
2024-10-23 00:25:57 INFO: Added: /home/ilants/Documents/jupyter_test/TCGA-GI-A2C8-01Z-00-DX1.09BD8AC9-645A-4C8B-9B36-77D833BDBA09.svs
2024-10-23 00:25:57 INFO: /home/ilants/Documents/jupyter_test/TCGA-GI-A2C8-01Z-00-DX1.09BD8AC9-645A-4C8B-9B36-77D833BDBA09.svs
2024-10-23 00:25:57 INFO: 00:25:57.588 [main] [INFO ] q.l.i.s.b.BioFormatsServerOptions - Setting max Bio-Formats readers to 32
2024-10-23 00:25:58 INFO: UriImageSupport (class qupath.lib.images.servers.bioformats.BioFormatsServerBuilder) support=3.0, builders=1
2024-10-23 00:25:58 INFO: true
2024-10-23 00:25:58 INFO: 00:25:58.292 [main] [WARN ] qupath.lib.scripting.QP - createSelectAllObject(boolean) is deprecated, use createFullImageAnnotation(boolean) instead
2024-10-23 00:25:58 INFO: 00:25:58.292 [main] [WARN ] qupath.lib.scripting.QP - createSelectAllObject(boolean, int, int) is deprecated, use createFullImageAnnotation(boolean, int, int) instead
2024-10-23 00:25:58 INFO: 00:25:58.302 [main] [WARN ] q.l.plugins.parameters.ParameterList - Unable to set parameter backgroundRadiusPixel with value 8.0
2024-10-23 00:25:58 INFO: 00:25:58.302 [main] [WARN ] q.l.plugins.parameters.ParameterList - Unable to set parameter cellExpansionPixel with value 10.0
2024-10-23 00:25:58 INFO: 00:25:58.302 [main] [WARN ] q.l.plugins.parameters.ParameterList - Unable to set parameter medianRadiusPixel with value 0.0
2024-10-23 00:25:58 INFO: 00:25:58.302 [main] [WARN ] q.l.plugins.parameters.ParameterList - Unable to set parameter minAreaPixel with value 20.0
2024-10-23 00:25:58 INFO: 00:25:58.302 [main] [WARN ] q.l.plugins.parameters.ParameterList - Unable to set parameter maxAreaPixel with value 160.0
2024-10-23 00:26:13 INFO: 00:26:13.477 [task-runner-1-46] [INFO ] q.lib.plugins.DetectionPluginTools - 58 nuclei detected (processing time: 15.05 seconds)
2024-10-23 00:26:13 INFO: 00:26:13.480 [main] [INFO ] q.l.p.CommandLineTaskRunner$CommandLineProgressMonitor - 58 nuclei detected (1%)
2024-10-23 00:26:13 INFO: 00:26:13.729 [task-runner-1-17] [INFO ] q.lib.plugins.DetectionPluginTools - 3 nuclei detected (processing time: 15.30 seconds)
2024-10-23 00:26:13 INFO: 00:26:13.729 [main] [INFO ] q.l.p.CommandLineTaskRunner$CommandLineProgressMonitor - 3 nuclei detected (1%)
2024-10-23 00:26:14 INFO: 00:26:14.725 [task-runner-1-7] [INFO ] q.lib.plugins.DetectionPluginTools - 1 nucleus detected (processing time: 16.30 seconds)
2024-10-23 00:26:14 INFO: 00:26:14.729 [main] [INFO ] q.l.p.CommandLineTaskRunner$CommandLineProgressMonitor - 1 nucleus detected (2%)
2024-10-23 00:26:14 INFO: 00:26:14.733 [task-runner-1-47] [INFO ] q.lib.plugins.DetectionPluginTools - 7 nuclei detected (processing time: 16.30 seconds)
2024-10-23 00:26:14 INFO: 00:26:14.734 [main] [INFO ] q.l.p.CommandLineTaskRunner$CommandLineProgressMonitor - 7 nuclei detected (3%)
2024-10-23 00:26:14 INFO: 00:26:14.734 [task-runner-1-11] [INFO ] q.lib.plugins.DetectionPluginTools - 1 nucleus detected (processing time: 16.31 seconds)
2024-10-23 00:26:14 INFO: 00:26:14.735 [main] [INFO ] q.l.p.CommandLineTaskRunner$CommandLineProgressMonitor - 1 nucleus detected (3%)
2024-10-23 00:26:14 INFO: 00:26:14.735 [task-runner-1-6] [INFO ] q.lib.plugins.DetectionPluginTools - 6 nuclei detected (processing time: 16.31 seconds)
2024-10-23 00:26:14 INFO: 00:26:14.736 [main] [INFO ] q.l.p.CommandLineTaskRunner$CommandLineProgressMonitor - 6 nuclei detected (4%)
2024-10-23 00:26:14 INFO: 00:26:14.748 [task-runner-1-48] [INFO ] q.lib.plugins.DetectionPluginTools - 0 nuclei detected (processing time: 16.32 seconds)
2024-10-23 00:26:14 INFO: 00:26:14.750 [main] [INFO ] q.l.p.CommandLineTaskRunner$CommandLineProgressMonitor - 0 nuclei detected (4%)
2024-10-23 00:26:14 INFO: 00:26:14.846 [task-runner-1-5] [INFO ] q.lib.plugins.DetectionPluginTools - 69 nuclei detected (processing time: 16.42 seconds)
2024-10-23 00:26:14 INFO: 00:26:14.847 [main] [INFO ] q.l.p.CommandLineTaskRunner$CommandLineProgressMonitor - 69 nuclei detected (5%)
2024-10-23 00:26:14 INFO: 00:26:14.866 [task-runner-1-26] [INFO ] q.lib.plugins.DetectionPluginTools - 91 nuclei detected (processing time: 16.44 seconds)
2024-10-23 00:26:14 INFO: 00:26:14.867 [main] [INFO ] q.l.p.CommandLineTaskRunner$CommandLineProgressMonitor - 91 nuclei detected (6%)
2024-10-23 00:26:14 INFO: 00:26:14.936 [task-runner-1-9] [INFO ] q.lib.plugins.DetectionPluginTools - 0 nuclei detected (processing time: 16.51 seconds)
2024-10-23 00:26:14 INFO: 00:26:14.955 [main] [INFO ] q.l.p.CommandLineTaskRunner$CommandLineProgressMonitor - 0 nuclei detected (6%)
2024-10-23 00:26:14 INFO: 00:26:14.968 [task-runner-1-49] [INFO ] q.lib.plugins.DetectionPluginTools - 137 nuclei detected (processing time: 16.54 seconds)
2024-10-23 00:26:14 INFO: 00:26:14.969 [main] [INFO ] q.l.p.CommandLineTaskRunner$CommandLineProgressMonitor - 137 nuclei detected (7%)
2024-10-23 00:26:15 INFO: 00:26:14.984 [task-runner-1-19] [INFO ] q.lib.plugins.DetectionPluginTools - 166 nuclei detected (processing time: 16.56 seconds)
2024-10-23 00:26:15 INFO: 00:26:15.005 [main] [INFO ] q.l.p.CommandLineTaskRunner$CommandLineProgressMonitor - 166 nuclei detected (8%)
2024-10-23 00:26:15 INFO: 00:26:15.010 [task-runner-1-45] [INFO ] q.lib.plugins.DetectionPluginTools - 161 nuclei detected (processing time: 16.58 seconds)
2024-10-23 00:26:15 INFO: 00:26:15.022 [main] [INFO ] q.l.p.CommandLineTaskRunner$CommandLineProgressMonitor - 161 nuclei detected (8%)
2024-10-23 00:26:15 INFO: 00:26:15.101 [task-runner-1-62] [INFO ] q.lib.plugins.DetectionPluginTools - 229 nuclei detected (processing time: 16.67 seconds)
2024-10-23 00:26:15 INFO: 00:26:15.103 [main] [INFO ] q.l.p.CommandLineTaskRunner$CommandLineProgressMonitor - 229 nuclei detected (9%)
2024-10-23 00:26:15 INFO: 00:26:15.106 [task-runner-1-18] [INFO ] q.lib.plugins.DetectionPluginTools - 279 nuclei detected (processing time: 16.68 seconds)
2024-10-23 00:26:15 INFO: 00:26:15.107 [main] [INFO ] q.l.p.CommandLineTaskRunner$CommandLineProgressMonitor - 279 nuclei detected (9%)
2024-10-23 00:26:15 INFO: 00:26:15.273 [task-runner-1-33] [INFO ] q.lib.plugins.DetectionPluginTools - 244 nuclei detected (processing time: 16.85 seconds)
2024-10-23 00:26:15 INFO: 00:26:15.274 [main] [INFO ] q.l.p.CommandLineTaskRunner$CommandLineProgressMonitor - 244 nuclei detected (10%)
2024-10-23 00:26:15 INFO: 00:26:15.284 [task-runner-1-35] [INFO ] q.lib.plugins.DetectionPluginTools - 304 nuclei detected (processing time: 16.86 seconds)
2024-10-23 00:26:15 INFO: 00:26:15.285 [main] [INFO ] q.l.p.CommandLineTaskRunner$CommandLineProgressMonitor - 304 nuclei detected (11%)
2024-10-23 00:26:15 INFO: 00:26:15.343 [task-runner-1-13] [INFO ] q.lib.plugins.DetectionPluginTools - 9 nuclei detected (processing time: 16.92 seconds)
2024-10-23 00:26:15 INFO: 00:26:15.346 [main] [INFO ] q.l.p.CommandLineTaskRunner$CommandLineProgressMonitor - 9 nuclei detected (11%)
2024-10-23 00:26:15 INFO: 00:26:15.370 [task-runner-1-8] [INFO ] q.lib.plugins.DetectionPluginTools - 2 nuclei detected (processing time: 16.95 seconds)
2024-10-23 00:26:15 INFO: 00:26:15.372 [main] [INFO ] q.l.p.CommandLineTaskRunner$CommandLineProgressMonitor - 2 nuclei detected (12%)
2024-10-23 00:26:15 INFO: 00:26:15.380 [task-runner-1-50] [INFO ] q.lib.plugins.DetectionPluginTools - 365 nuclei detected (processing time: 16.95 seconds)
2024-10-23 00:26:15 INFO: 00:26:15.382 [main] [INFO ] q.l.p.CommandLineTaskRunner$CommandLineProgressMonitor - 365 nuclei detected (13%)
2024-10-23 00:26:15 INFO: 00:26:15.399 [task-runner-1-44] [INFO ] q.lib.plugins.DetectionPluginTools - 353 nuclei detected (processing time: 16.97 seconds)
2024-10-23 00:26:15 INFO: 00:26:15.400 [main] [INFO ] q.l.p.CommandLineTaskRunner$CommandLineProgressMonitor - 353 nuclei detected (13%)
2024-10-23 00:26:15 INFO: 00:26:15.417 [task-runner-1-12] [INFO ] q.lib.plugins.DetectionPluginTools - 0 nuclei detected (processing time: 16.99 seconds)
2024-10-23 00:26:15 INFO: 00:26:15.419 [main] [INFO ] q.l.p.CommandLineTaskRunner$CommandLineProgressMonitor - 0 nuclei detected (14%)
2024-10-23 00:26:15 INFO: 00:26:15.419 [task-runner-1-34] [INFO ] q.lib.plugins.DetectionPluginTools - 484 nuclei detected (processing time: 16.99 seconds)
2024-10-23 00:26:15 INFO: 00:26:15.420 [main] [INFO ] q.l.p.CommandLineTaskRunner$CommandLineProgressMonitor - 484 nuclei detected (14%)
2024-10-23 00:26:15 INFO: 00:26:15.474 [task-runner-1-20] [INFO ] q.lib.plugins.DetectionPluginTools - 743 nuclei detected (processing time: 17.05 seconds)
2024-10-23 00:26:15 INFO: 00:26:15.476 [main] [INFO ] q.l.p.CommandLineTaskRunner$CommandLineProgressMonitor - 743 nuclei detected (15%)
2024-10-23 00:26:15 INFO: 00:26:15.489 [task-runner-1-63] [INFO ] q.lib.plugins.DetectionPluginTools - 159 nuclei detected (processing time: 17.06 seconds)
2024-10-23 00:26:15 INFO: 00:26:15.490 [main] [INFO ] q.l.p.CommandLineTaskRunner$CommandLineProgressMonitor - 159 nuclei detected (16%)
2024-10-23 00:26:15 INFO: 00:26:15.573 [task-runner-1-61] [INFO ] q.lib.plugins.DetectionPluginTools - 234 nuclei detected (processing time: 17.14 seconds)
2024-10-23 00:26:15 INFO: 00:26:15.574 [main] [INFO ] q.l.p.CommandLineTaskRunner$CommandLineProgressMonitor - 234 nuclei detected (16%)
2024-10-23 00:26:15 INFO: 00:26:15.596 [task-runner-1-25] [INFO ] q.lib.plugins.DetectionPluginTools - 533 nuclei detected (processing time: 17.17 seconds)
2024-10-23 00:26:15 INFO: 00:26:15.597 [main] [INFO ] q.l.p.CommandLineTaskRunner$CommandLineProgressMonitor - 533 nuclei detected (17%)
2024-10-23 00:26:15 INFO: 00:26:15.868 [task-runner-1-10] [INFO ] q.lib.plugins.DetectionPluginTools - 1 nucleus detected (processing time: 17.44 seconds)
2024-10-23 00:26:15 INFO: 00:26:15.871 [main] [INFO ] q.l.p.CommandLineTaskRunner$CommandLineProgressMonitor - 1 nucleus detected (18%)
2024-10-23 00:26:16 INFO: 00:26:16.346 [task-runner-1-27] [INFO ] q.lib.plugins.DetectionPluginTools - 1 nucleus detected (processing time: 17.92 seconds)
2024-10-23 00:26:16 INFO: 00:26:16.816 [task-runner-1-1] [INFO ] q.lib.plugins.DetectionPluginTools - 0 nuclei detected (processing time: 18.39 seconds)
2024-10-23 00:26:16 INFO: 00:26:16.819 [main] [INFO ] q.l.p.CommandLineTaskRunner$CommandLineProgressMonitor - 0 nuclei detected (19%)
2024-10-23 00:26:17 INFO: 00:26:17.009 [task-runner-1-32] [INFO ] q.lib.plugins.DetectionPluginTools - 0 nuclei detected (processing time: 18.58 seconds)
2024-10-23 00:26:17 INFO: 00:26:17.121 [task-runner-1-14] [INFO ] q.lib.plugins.DetectionPluginTools - 2 nuclei detected (processing time: 18.69 seconds)
2024-10-23 00:26:17 INFO: 00:26:17.123 [main] [INFO ] q.l.p.CommandLineTaskRunner$CommandLineProgressMonitor - 2 nuclei detected (20%)
2024-10-23 00:26:17 INFO: 00:26:17.252 [task-runner-1-4] [INFO ] q.lib.plugins.DetectionPluginTools - 0 nuclei detected (processing time: 18.83 seconds)
2024-10-23 00:26:17 INFO: 00:26:17.256 [main] [INFO ] q.l.p.CommandLineTaskRunner$CommandLineProgressMonitor - 0 nuclei detected (21%)
2024-10-23 00:26:17 INFO: 00:26:17.284 [task-runner-1-31] [INFO ] q.lib.plugins.DetectionPluginTools - 19 nuclei detected (processing time: 18.86 seconds)
2024-10-23 00:26:17 INFO: 00:26:17.287 [main] [INFO ] q.l.p.CommandLineTaskRunner$CommandLineProgressMonitor - 19 nuclei detected (21%)
2024-10-23 00:26:17 INFO: 00:26:17.315 [task-runner-1-16] [INFO ] q.lib.plugins.DetectionPluginTools - 0 nuclei detected (processing time: 18.89 seconds)
2024-10-23 00:26:17 INFO: 00:26:17.317 [main] [INFO ] q.l.p.CommandLineTaskRunner$CommandLineProgressMonitor - 0 nuclei detected (22%)
2024-10-23 00:26:17 INFO: 00:26:17.703 [task-runner-1-3] [INFO ] q.lib.plugins.DetectionPluginTools - 0 nuclei detected (processing time: 19.28 seconds)
2024-10-23 00:26:17 INFO: 00:26:17.705 [main] [INFO ] q.l.p.CommandLineTaskRunner$CommandLineProgressMonitor - 0 nuclei detected (23%)
2024-10-23 00:26:17 INFO: 00:26:17.820 [task-runner-1-2] [INFO ] q.lib.plugins.DetectionPluginTools - 2 nuclei detected (processing time: 19.40 seconds)
2024-10-23 00:26:17 INFO: 00:26:17.823 [main] [INFO ] q.l.p.CommandLineTaskRunner$CommandLineProgressMonitor - 2 nuclei detected (23%)
2024-10-23 00:26:17 INFO: 00:26:17.931 [task-runner-1-51] [INFO ] q.lib.plugins.DetectionPluginTools - 1001 nuclei detected (processing time: 19.50 seconds)
2024-10-23 00:26:17 INFO: 00:26:17.932 [main] [INFO ] q.l.p.CommandLineTaskRunner$CommandLineProgressMonitor - 1001 nuclei detected (24%)
2024-10-23 00:26:17 INFO: 00:26:17.988 [task-runner-1-24] [INFO ] q.lib.plugins.DetectionPluginTools - 1184 nuclei detected (processing time: 19.56 seconds)
2024-10-23 00:26:17 INFO: 00:26:17.990 [main] [INFO ] q.l.p.CommandLineTaskRunner$CommandLineProgressMonitor - 1184 nuclei detected (24%)
2024-10-23 00:26:18 INFO: 00:26:18.392 [task-runner-1-23] [INFO ] q.lib.plugins.DetectionPluginTools - 1544 nuclei detected (processing time: 19.97 seconds)
2024-10-23 00:26:18 INFO: 00:26:18.393 [main] [INFO ] q.l.p.CommandLineTaskRunner$CommandLineProgressMonitor - 1544 nuclei detected (25%)
2024-10-23 00:26:18 INFO: 00:26:18.412 [task-runner-1-15] [INFO ] q.lib.plugins.DetectionPluginTools - 0 nuclei detected (processing time: 19.99 seconds)
2024-10-23 00:26:18 INFO: 00:26:18.413 [main] [INFO ] q.l.p.CommandLineTaskRunner$CommandLineProgressMonitor - 0 nuclei detected (26%)
2024-10-23 00:26:19 INFO: 00:26:19.166 [task-runner-1-29] [INFO ] q.lib.plugins.DetectionPluginTools - 5 nuclei detected (processing time: 20.74 seconds)
2024-10-23 00:26:19 INFO: 00:26:19.167 [main] [INFO ] q.l.p.CommandLineTaskRunner$CommandLineProgressMonitor - 5 nuclei detected (26%)
2024-10-23 00:26:19 INFO: 00:26:19.217 [task-runner-1-28] [INFO ] q.lib.plugins.DetectionPluginTools - 27 nuclei detected (processing time: 20.79 seconds)
2024-10-23 00:26:19 INFO: 00:26:19.218 [main] [INFO ] q.l.p.CommandLineTaskRunner$CommandLineProgressMonitor - 27 nuclei detected (27%)
2024-10-23 00:26:19 INFO: 00:26:19.336 [task-runner-1-43] [INFO ] q.lib.plugins.DetectionPluginTools - 1752 nuclei detected (processing time: 20.91 seconds)
2024-10-23 00:26:19 INFO: 00:26:19.337 [main] [INFO ] q.l.p.CommandLineTaskRunner$CommandLineProgressMonitor - 1752 nuclei detected (28%)
2024-10-23 00:26:19 INFO: 00:26:19.950 [task-runner-1-22] [INFO ] q.lib.plugins.DetectionPluginTools - 1954 nuclei detected (processing time: 21.52 seconds)
2024-10-23 00:26:19 INFO: 00:26:19.951 [main] [INFO ] q.l.p.CommandLineTaskRunner$CommandLineProgressMonitor - 1954 nuclei detected (28%)
2024-10-23 00:26:19 INFO: 00:26:19.958 [task-runner-1-30] [INFO ] q.lib.plugins.DetectionPluginTools - 1 nucleus detected (processing time: 21.53 seconds)
2024-10-23 00:26:19 INFO: 00:26:19.959 [main] [INFO ] q.l.p.CommandLineTaskRunner$CommandLineProgressMonitor - 1 nucleus detected (29%)
2024-10-23 00:26:20 INFO: 00:26:20.096 [task-runner-1-60] [INFO ] q.lib.plugins.DetectionPluginTools - 2022 nuclei detected (processing time: 21.66 seconds)
2024-10-23 00:26:20 INFO: 00:26:20.097 [main] [INFO ] q.l.p.CommandLineTaskRunner$CommandLineProgressMonitor - 2022 nuclei detected (29%)
2024-10-23 00:26:21 INFO: 00:26:21.775 [task-runner-1-36] [INFO ] q.lib.plugins.DetectionPluginTools - 3082 nuclei detected (processing time: 23.35 seconds)
2024-10-23 00:26:21 INFO: 00:26:21.777 [main] [INFO ] q.l.p.CommandLineTaskRunner$CommandLineProgressMonitor - 3082 nuclei detected (30%)
2024-10-23 00:26:22 INFO: 00:26:22.166 [task-runner-1-21] [INFO ] q.lib.plugins.DetectionPluginTools - 4223 nuclei detected (processing time: 23.74 seconds)
2024-10-23 00:26:22 INFO: 00:26:22.167 [main] [INFO ] q.l.p.CommandLineTaskRunner$CommandLineProgressMonitor - 4223 nuclei detected (31%)
2024-10-23 00:26:23 INFO: 00:26:23.157 [task-runner-1-52] [INFO ] q.lib.plugins.DetectionPluginTools - 4031 nuclei detected (processing time: 24.73 seconds)
2024-10-23 00:26:23 INFO: 00:26:23.159 [main] [INFO ] q.l.p.CommandLineTaskRunner$CommandLineProgressMonitor - 4031 nuclei detected (31%)
2024-10-23 00:26:23 INFO: 00:26:23.954 [task-runner-1-40] [INFO ] q.lib.plugins.DetectionPluginTools - 3540 nuclei detected (processing time: 25.52 seconds)
2024-10-23 00:26:23 INFO: 00:26:23.955 [main] [INFO ] q.l.p.CommandLineTaskRunner$CommandLineProgressMonitor - 3540 nuclei detected (32%)
2024-10-23 00:26:24 INFO: 00:26:24.191 [task-runner-1-42] [INFO ] q.lib.plugins.DetectionPluginTools - 3986 nuclei detected (processing time: 25.76 seconds)
2024-10-23 00:26:24 INFO: 00:26:24.192 [main] [INFO ] q.l.p.CommandLineTaskRunner$CommandLineProgressMonitor - 3986 nuclei detected (33%)
2024-10-23 00:26:24 INFO: 00:26:24.677 [task-runner-1-59] [INFO ] q.lib.plugins.DetectionPluginTools - 4416 nuclei detected (processing time: 26.25 seconds)
2024-10-23 00:26:24 INFO: 00:26:24.678 [main] [INFO ] q.l.p.CommandLineTaskRunner$CommandLineProgressMonitor - 4416 nuclei detected (33%)
2024-10-23 00:26:26 INFO: 00:26:26.021 [task-runner-1-58] [INFO ] q.lib.plugins.DetectionPluginTools - 4361 nuclei detected (processing time: 27.59 seconds)
2024-10-23 00:26:26 INFO: 00:26:26.024 [main] [INFO ] q.l.p.CommandLineTaskRunner$CommandLineProgressMonitor - 4361 nuclei detected (34%)
2024-10-23 00:26:26 INFO: 00:26:26.179 [task-runner-1-41] [INFO ] q.lib.plugins.DetectionPluginTools - 5559 nuclei detected (processing time: 27.75 seconds)
2024-10-23 00:26:26 INFO: 00:26:26.181 [main] [INFO ] q.l.p.CommandLineTaskRunner$CommandLineProgressMonitor - 5559 nuclei detected (34%)
2024-10-23 00:26:26 INFO: 00:26:26.552 [task-runner-1-17] [INFO ] q.lib.plugins.DetectionPluginTools - 129 nuclei detected (processing time: 12.82 seconds)
2024-10-23 00:26:26 INFO: 00:26:26.554 [main] [INFO ] q.l.p.CommandLineTaskRunner$CommandLineProgressMonitor - 129 nuclei detected (35%)
2024-10-23 00:26:26 INFO: 00:26:26.767 [task-runner-1-46] [INFO ] q.lib.plugins.DetectionPluginTools - 1 nucleus detected (processing time: 13.29 seconds)
2024-10-23 00:26:26 INFO: 00:26:26.770 [main] [INFO ] q.l.p.CommandLineTaskRunner$CommandLineProgressMonitor - 1 nucleus detected (36%)
2024-10-23 00:26:27 INFO: 00:26:27.091 [task-runner-1-38] [INFO ] q.lib.plugins.DetectionPluginTools - 6220 nuclei detected (processing time: 28.66 seconds)
2024-10-23 00:26:27 INFO: 00:26:27.092 [main] [INFO ] q.l.p.CommandLineTaskRunner$CommandLineProgressMonitor - 6220 nuclei detected (36%)
2024-10-23 00:26:27 INFO: 00:26:27.406 [task-runner-1-35] [INFO ] q.lib.plugins.DetectionPluginTools - 0 nuclei detected (processing time: 12.12 seconds)
2024-10-23 00:26:27 INFO: 00:26:27.409 [main] [INFO ] q.l.p.CommandLineTaskRunner$CommandLineProgressMonitor - 0 nuclei detected (37%)
2024-10-23 00:26:27 INFO: 00:26:27.745 [task-runner-1-39] [INFO ] q.lib.plugins.DetectionPluginTools - 5630 nuclei detected (processing time: 29.32 seconds)
2024-10-23 00:26:27 INFO: 00:26:27.747 [main] [INFO ] q.l.p.CommandLineTaskRunner$CommandLineProgressMonitor - 5630 nuclei detected (38%)
2024-10-23 00:26:27 INFO: 00:26:27.909 [task-runner-1-37] [INFO ] q.lib.plugins.DetectionPluginTools - 7155 nuclei detected (processing time: 29.48 seconds)
2024-10-23 00:26:27 INFO: 00:26:27.910 [main] [INFO ] q.l.p.CommandLineTaskRunner$CommandLineProgressMonitor - 7155 nuclei detected (38%)
2024-10-23 00:26:28 INFO: 00:26:28.080 [task-runner-1-7] [INFO ] q.lib.plugins.DetectionPluginTools - 495 nuclei detected (processing time: 13.35 seconds)
2024-10-23 00:26:28 INFO: 00:26:28.081 [main] [INFO ] q.l.p.CommandLineTaskRunner$CommandLineProgressMonitor - 495 nuclei detected (39%)
2024-10-23 00:26:28 INFO: 00:26:28.130 [task-runner-1-4] [INFO ] q.lib.plugins.DetectionPluginTools - 3 nuclei detected (processing time: 10.87 seconds)
2024-10-23 00:26:28 INFO: 00:26:28.132 [main] [INFO ] q.l.p.CommandLineTaskRunner$CommandLineProgressMonitor - 3 nuclei detected (39%)
2024-10-23 00:26:28 INFO: 00:26:28.333 [task-runner-1-55] [INFO ] q.lib.plugins.DetectionPluginTools - 6623 nuclei detected (processing time: 29.90 seconds)
2024-10-23 00:26:28 INFO: 00:26:28.336 [main] [INFO ] q.l.p.CommandLineTaskRunner$CommandLineProgressMonitor - 6623 nuclei detected (40%)
2024-10-23 00:26:28 INFO: 00:26:28.333 [task-runner-1-14] [INFO ] q.lib.plugins.DetectionPluginTools - 116 nuclei detected (processing time: 11.21 seconds)
2024-10-23 00:26:28 INFO: 00:26:28.362 [main] [INFO ] q.l.p.CommandLineTaskRunner$CommandLineProgressMonitor - 116 nuclei detected (41%)
2024-10-23 00:26:28 INFO: 00:26:28.418 [task-runner-1-54] [INFO ] q.lib.plugins.DetectionPluginTools - 8202 nuclei detected (processing time: 29.99 seconds)
2024-10-23 00:26:28 INFO: 00:26:28.420 [main] [INFO ] q.l.p.CommandLineTaskRunner$CommandLineProgressMonitor - 8202 nuclei detected (41%)
2024-10-23 00:26:28 INFO: 00:26:28.479 [task-runner-1-8] [INFO ] q.lib.plugins.DetectionPluginTools - 146 nuclei detected (processing time: 13.11 seconds)
2024-10-23 00:26:28 INFO: 00:26:28.486 [main] [INFO ] q.l.p.CommandLineTaskRunner$CommandLineProgressMonitor - 146 nuclei detected (42%)
2024-10-23 00:26:28 INFO: 00:26:28.648 [task-runner-1-57] [INFO ] q.lib.plugins.DetectionPluginTools - 7159 nuclei detected (processing time: 30.22 seconds)
2024-10-23 00:26:28 INFO: 00:26:28.651 [main] [INFO ] q.l.p.CommandLineTaskRunner$CommandLineProgressMonitor - 7159 nuclei detected (43%)
2024-10-23 00:26:28 INFO: 00:26:28.908 [task-runner-1-13] [INFO ] q.lib.plugins.DetectionPluginTools - 119 nuclei detected (processing time: 13.56 seconds)
2024-10-23 00:26:28 INFO: 00:26:28.910 [main] [INFO ] q.l.p.CommandLineTaskRunner$CommandLineProgressMonitor - 119 nuclei detected (43%)
2024-10-23 00:26:28 INFO: 00:26:28.997 [task-runner-1-33] [INFO ] q.lib.plugins.DetectionPluginTools - 233 nuclei detected (processing time: 13.72 seconds)
2024-10-23 00:26:29 INFO: 00:26:28.998 [main] [INFO ] q.l.p.CommandLineTaskRunner$CommandLineProgressMonitor - 233 nuclei detected (44%)
2024-10-23 00:26:29 INFO: 00:26:29.435 [task-runner-1-47] [INFO ] q.lib.plugins.DetectionPluginTools - 610 nuclei detected (processing time: 14.70 seconds)
2024-10-23 00:26:29 INFO: 00:26:29.441 [main] [INFO ] q.l.p.CommandLineTaskRunner$CommandLineProgressMonitor - 610 nuclei detected (44%)
2024-10-23 00:26:29 INFO: 00:26:29.472 [task-runner-1-53] [INFO ] q.lib.plugins.DetectionPluginTools - 9191 nuclei detected (processing time: 31.04 seconds)
2024-10-23 00:26:29 INFO: 00:26:29.474 [main] [INFO ] q.l.p.CommandLineTaskRunner$CommandLineProgressMonitor - 9191 nuclei detected (45%)
2024-10-23 00:26:29 INFO: 00:26:29.786 [task-runner-1-16] [INFO ] q.lib.plugins.DetectionPluginTools - 155 nuclei detected (processing time: 12.47 seconds)
2024-10-23 00:26:29 INFO: 00:26:29.788 [main] [INFO ] q.l.p.CommandLineTaskRunner$CommandLineProgressMonitor - 155 nuclei detected (46%)
2024-10-23 00:26:30 INFO: 00:26:30.315 [task-runner-1-3] [INFO ] q.lib.plugins.DetectionPluginTools - 254 nuclei detected (processing time: 12.61 seconds)
2024-10-23 00:26:30 INFO: 00:26:30.317 [main] [INFO ] q.l.p.CommandLineTaskRunner$CommandLineProgressMonitor - 254 nuclei detected (46%)
2024-10-23 00:26:30 INFO: 00:26:30.520 [task-runner-1-50] [INFO ] q.lib.plugins.DetectionPluginTools - 1084 nuclei detected (processing time: 15.14 seconds)
2024-10-23 00:26:30 INFO: 00:26:30.521 [main] [INFO ] q.l.p.CommandLineTaskRunner$CommandLineProgressMonitor - 1084 nuclei detected (47%)
2024-10-23 00:26:30 INFO: 00:26:30.650 [task-runner-1-18] [INFO ] q.lib.plugins.DetectionPluginTools - 826 nuclei detected (processing time: 15.54 seconds)
2024-10-23 00:26:30 INFO: 00:26:30.652 [main] [INFO ] q.l.p.CommandLineTaskRunner$CommandLineProgressMonitor - 826 nuclei detected (48%)
2024-10-23 00:26:30 INFO: 00:26:30.942 [task-runner-1-31] [INFO ] q.lib.plugins.DetectionPluginTools - 157 nuclei detected (processing time: 13.65 seconds)
2024-10-23 00:26:30 INFO: 00:26:30.944 [main] [INFO ] q.l.p.CommandLineTaskRunner$CommandLineProgressMonitor - 157 nuclei detected (48%)
2024-10-23 00:26:31 INFO: 00:26:31.161 [task-runner-1-56] [INFO ] q.lib.plugins.DetectionPluginTools - 8199 nuclei detected (processing time: 32.73 seconds)
2024-10-23 00:26:31 INFO: 00:26:31.163 [main] [INFO ] q.l.p.CommandLineTaskRunner$CommandLineProgressMonitor - 8199 nuclei detected (49%)
2024-10-23 00:26:31 INFO: 00:26:31.234 [task-runner-1-36] [INFO ] q.lib.plugins.DetectionPluginTools - 69 nuclei detected (processing time: 9.46 seconds)
2024-10-23 00:26:31 INFO: 00:26:31.236 [main] [INFO ] q.l.p.CommandLineTaskRunner$CommandLineProgressMonitor - 69 nuclei detected (49%)
2024-10-23 00:26:31 INFO: 00:26:31.313 [task-runner-1-21] [INFO ] q.lib.plugins.DetectionPluginTools - 1 nucleus detected (processing time: 9.15 seconds)
2024-10-23 00:26:31 INFO: 00:26:31.315 [main] [INFO ] q.l.p.CommandLineTaskRunner$CommandLineProgressMonitor - 1 nucleus detected (50%)
2024-10-23 00:26:32 INFO: 00:26:32.554 [task-runner-1-32] [INFO ] q.lib.plugins.DetectionPluginTools - 1114 nuclei detected (processing time: 15.44 seconds)
2024-10-23 00:26:32 INFO: 00:26:32.556 [main] [INFO ] q.l.p.CommandLineTaskRunner$CommandLineProgressMonitor - 1114 nuclei detected (51%)
2024-10-23 00:26:33 INFO: 00:26:33.039 [task-runner-1-62] [INFO ] q.lib.plugins.DetectionPluginTools - 1773 nuclei detected (processing time: 17.94 seconds)
2024-10-23 00:26:33 INFO: 00:26:33.040 [main] [INFO ] q.l.p.CommandLineTaskRunner$CommandLineProgressMonitor - 1773 nuclei detected (51%)
2024-10-23 00:26:36 INFO: 00:26:36.855 [task-runner-1-52] [INFO ] q.lib.plugins.DetectionPluginTools - 398 nuclei detected (processing time: 13.70 seconds)
2024-10-23 00:26:36 INFO: 00:26:36.856 [main] [INFO ] q.l.p.CommandLineTaskRunner$CommandLineProgressMonitor - 398 nuclei detected (52%)
2024-10-23 00:26:37 INFO: 00:26:37.339 [task-runner-1-40] [INFO ] q.lib.plugins.DetectionPluginTools - 285 nuclei detected (processing time: 13.39 seconds)
2024-10-23 00:26:37 INFO: 00:26:37.341 [main] [INFO ] q.l.p.CommandLineTaskRunner$CommandLineProgressMonitor - 285 nuclei detected (53%)
2024-10-23 00:26:37 INFO: 00:26:37.689 [task-runner-1-6] [INFO ] q.lib.plugins.DetectionPluginTools - 4675 nuclei detected (processing time: 22.95 seconds)
2024-10-23 00:26:37 INFO: 00:26:37.691 [main] [INFO ] q.l.p.CommandLineTaskRunner$CommandLineProgressMonitor - 4675 nuclei detected (53%)
2024-10-23 00:26:38 INFO: 00:26:38.439 [task-runner-1-42] [INFO ] q.lib.plugins.DetectionPluginTools - 346 nuclei detected (processing time: 14.25 seconds)
2024-10-23 00:26:38 INFO: 00:26:38.441 [main] [INFO ] q.l.p.CommandLineTaskRunner$CommandLineProgressMonitor - 346 nuclei detected (54%)
2024-10-23 00:26:38 INFO: 00:26:38.574 [task-runner-1-55] [INFO ] q.lib.plugins.DetectionPluginTools - 0 nuclei detected (processing time: 10.24 seconds)
2024-10-23 00:26:38 INFO: 00:26:38.575 [main] [INFO ] q.l.p.CommandLineTaskRunner$CommandLineProgressMonitor - 0 nuclei detected (54%)
2024-10-23 00:26:38 INFO: 00:26:38.796 [task-runner-1-14] [INFO ] q.lib.plugins.DetectionPluginTools - 0 nuclei detected (processing time: 10.44 seconds)
2024-10-23 00:26:38 INFO: 00:26:38.799 [main] [INFO ] q.l.p.CommandLineTaskRunner$CommandLineProgressMonitor - 0 nuclei detected (55%)
2024-10-23 00:26:38 INFO: 00:26:38.804 [task-runner-1-60] [INFO ] q.lib.plugins.DetectionPluginTools - 3505 nuclei detected (processing time: 18.71 seconds)
2024-10-23 00:26:38 INFO: 00:26:38.805 [main] [INFO ] q.l.p.CommandLineTaskRunner$CommandLineProgressMonitor - 3505 nuclei detected (56%)
2024-10-23 00:26:38 INFO: 00:26:38.829 [task-runner-1-33] [INFO ] q.lib.plugins.DetectionPluginTools - 12 nuclei detected (processing time: 9.83 seconds)
2024-10-23 00:26:38 INFO: 00:26:38.830 [main] [INFO ] q.l.p.CommandLineTaskRunner$CommandLineProgressMonitor - 12 nuclei detected (56%)
2024-10-23 00:26:38 INFO: 00:26:38.891 [task-runner-1-13] [INFO ] q.lib.plugins.DetectionPluginTools - 3 nuclei detected (processing time: 9.98 seconds)
2024-10-23 00:26:38 INFO: 00:26:38.893 [main] [INFO ] q.l.p.CommandLineTaskRunner$CommandLineProgressMonitor - 3 nuclei detected (57%)
2024-10-23 00:26:40 INFO: 00:26:40.049 [task-runner-1-47] [INFO ] q.lib.plugins.DetectionPluginTools - 0 nuclei detected (processing time: 10.61 seconds)
2024-10-23 00:26:40 INFO: 00:26:40.050 [main] [INFO ] q.l.p.CommandLineTaskRunner$CommandLineProgressMonitor - 0 nuclei detected (57%)
2024-10-23 00:26:40 INFO: 00:26:40.407 [task-runner-1-57] [INFO ] q.lib.plugins.DetectionPluginTools - 114 nuclei detected (processing time: 11.76 seconds)
2024-10-23 00:26:40 INFO: 00:26:40.409 [main] [INFO ] q.l.p.CommandLineTaskRunner$CommandLineProgressMonitor - 114 nuclei detected (58%)
2024-10-23 00:26:41 INFO: 00:26:41.169 [task-runner-1-53] [INFO ] q.lib.plugins.DetectionPluginTools - 0 nuclei detected (processing time: 11.69 seconds)
2024-10-23 00:26:41 INFO: 00:26:41.170 [main] [INFO ] q.l.p.CommandLineTaskRunner$CommandLineProgressMonitor - 0 nuclei detected (59%)
2024-10-23 00:26:41 INFO: 00:26:41.296 [task-runner-1-59] [INFO ] q.lib.plugins.DetectionPluginTools - 1469 nuclei detected (processing time: 16.62 seconds)
2024-10-23 00:26:41 INFO: 00:26:41.298 [main] [INFO ] q.l.p.CommandLineTaskRunner$CommandLineProgressMonitor - 1469 nuclei detected (59%)
2024-10-23 00:26:41 INFO: 00:26:41.479 [task-runner-1-16] [INFO ] q.lib.plugins.DetectionPluginTools - 0 nuclei detected (processing time: 11.69 seconds)
2024-10-23 00:26:41 INFO: 00:26:41.481 [main] [INFO ] q.l.p.CommandLineTaskRunner$CommandLineProgressMonitor - 0 nuclei detected (60%)
2024-10-23 00:26:41 INFO: 00:26:41.493 [task-runner-1-54] [INFO ] q.lib.plugins.DetectionPluginTools - 115 nuclei detected (processing time: 13.07 seconds)
2024-10-23 00:26:41 INFO: 00:26:41.510 [main] [INFO ] q.l.p.CommandLineTaskRunner$CommandLineProgressMonitor - 115 nuclei detected (61%)
2024-10-23 00:26:41 INFO: 00:26:41.548 [task-runner-1-8] [INFO ] q.lib.plugins.DetectionPluginTools - 82 nuclei detected (processing time: 13.06 seconds)
2024-10-23 00:26:41 INFO: 00:26:41.551 [main] [INFO ] q.l.p.CommandLineTaskRunner$CommandLineProgressMonitor - 82 nuclei detected (61%)
2024-10-23 00:26:41 INFO: 00:26:41.597 [task-runner-1-44] [INFO ] q.lib.plugins.DetectionPluginTools - 5575 nuclei detected (processing time: 26.20 seconds)
2024-10-23 00:26:41 INFO: 00:26:41.599 [main] [INFO ] q.l.p.CommandLineTaskRunner$CommandLineProgressMonitor - 5575 nuclei detected (62%)
2024-10-23 00:26:41 INFO: 00:26:41.765 [task-runner-1-24] [INFO ] q.lib.plugins.DetectionPluginTools - 3702 nuclei detected (processing time: 23.77 seconds)
2024-10-23 00:26:41 INFO: 00:26:41.767 [main] [INFO ] q.l.p.CommandLineTaskRunner$CommandLineProgressMonitor - 3702 nuclei detected (63%)
2024-10-23 00:26:41 INFO: 00:26:41.871 [task-runner-1-4] [INFO ] q.lib.plugins.DetectionPluginTools - 1731 nuclei detected (processing time: 13.74 seconds)
2024-10-23 00:26:41 INFO: 00:26:41.872 [main] [INFO ] q.l.p.CommandLineTaskRunner$CommandLineProgressMonitor - 1731 nuclei detected (63%)
2024-10-23 00:26:41 INFO: 00:26:41.922 [task-runner-1-19] [INFO ] q.lib.plugins.DetectionPluginTools - 6184 nuclei detected (processing time: 26.92 seconds)
2024-10-23 00:26:41 INFO: 00:26:41.927 [main] [INFO ] q.l.p.CommandLineTaskRunner$CommandLineProgressMonitor - 6184 nuclei detected (64%)
2024-10-23 00:26:42 INFO: 00:26:42.169 [task-runner-1-21] [INFO ] q.lib.plugins.DetectionPluginTools - 0 nuclei detected (processing time: 10.85 seconds)
2024-10-23 00:26:42 INFO: 00:26:42.170 [main] [INFO ] q.l.p.CommandLineTaskRunner$CommandLineProgressMonitor - 0 nuclei detected (64%)
2024-10-23 00:26:42 INFO: 00:26:42.173 [task-runner-1-17] [INFO ] q.lib.plugins.DetectionPluginTools - 1898 nuclei detected (processing time: 15.62 seconds)
2024-10-23 00:26:42 INFO: 00:26:42.174 [main] [INFO ] q.l.p.CommandLineTaskRunner$CommandLineProgressMonitor - 1898 nuclei detected (65%)
2024-10-23 00:26:42 INFO: 00:26:42.191 [task-runner-1-41] [INFO ] q.lib.plugins.DetectionPluginTools - 1627 nuclei detected (processing time: 16.01 seconds)
2024-10-23 00:26:42 INFO: 00:26:42.192 [main] [INFO ] q.l.p.CommandLineTaskRunner$CommandLineProgressMonitor - 1627 nuclei detected (66%)
2024-10-23 00:26:42 INFO: 00:26:42.205 [task-runner-1-3] [INFO ] q.lib.plugins.DetectionPluginTools - 39 nuclei detected (processing time: 11.89 seconds)
2024-10-23 00:26:42 INFO: 00:26:42.206 [main] [INFO ] q.l.p.CommandLineTaskRunner$CommandLineProgressMonitor - 39 nuclei detected (66%)
2024-10-23 00:26:42 INFO: 00:26:42.214 [task-runner-1-50] [INFO ] q.lib.plugins.DetectionPluginTools - 488 nuclei detected (processing time: 11.69 seconds)
2024-10-23 00:26:42 INFO: 00:26:42.215 [main] [INFO ] q.l.p.CommandLineTaskRunner$CommandLineProgressMonitor - 488 nuclei detected (67%)
2024-10-23 00:26:42 INFO: 00:26:42.400 [task-runner-1-36] [INFO ] q.lib.plugins.DetectionPluginTools - 0 nuclei detected (processing time: 11.16 seconds)
2024-10-23 00:26:42 INFO: 00:26:42.400 [main] [INFO ] q.l.p.CommandLineTaskRunner$CommandLineProgressMonitor - 0 nuclei detected (68%)
2024-10-23 00:26:42 INFO: 00:26:42.487 [task-runner-1-45] [INFO ] q.lib.plugins.DetectionPluginTools - 5589 nuclei detected (processing time: 27.46 seconds)
2024-10-23 00:26:42 INFO: 00:26:42.487 [main] [INFO ] q.l.p.CommandLineTaskRunner$CommandLineProgressMonitor - 5589 nuclei detected (68%)
2024-10-23 00:26:42 INFO: 00:26:42.548 [task-runner-1-1] [INFO ] q.lib.plugins.DetectionPluginTools - 4026 nuclei detected (processing time: 25.73 seconds)
2024-10-23 00:26:42 INFO: 00:26:42.549 [main] [INFO ] q.l.p.CommandLineTaskRunner$CommandLineProgressMonitor - 4026 nuclei detected (69%)
2024-10-23 00:26:42 INFO: 00:26:42.829 [task-runner-1-2] [INFO ] q.lib.plugins.DetectionPluginTools - 3868 nuclei detected (processing time: 25.01 seconds)
2024-10-23 00:26:42 INFO: 00:26:42.830 [main] [INFO ] q.l.p.CommandLineTaskRunner$CommandLineProgressMonitor - 3868 nuclei detected (69%)
2024-10-23 00:26:43 INFO: 00:26:43.057 [task-runner-1-32] [INFO ] q.lib.plugins.DetectionPluginTools - 0 nuclei detected (processing time: 10.50 seconds)
2024-10-23 00:26:43 INFO: 00:26:43.058 [main] [INFO ] q.l.p.CommandLineTaskRunner$CommandLineProgressMonitor - 0 nuclei detected (70%)
2024-10-23 00:26:43 INFO: 00:26:43.410 [task-runner-1-9] [INFO ] q.lib.plugins.DetectionPluginTools - 8300 nuclei detected (processing time: 28.46 seconds)
2024-10-23 00:26:43 INFO: 00:26:43.410 [main] [INFO ] q.l.p.CommandLineTaskRunner$CommandLineProgressMonitor - 8300 nuclei detected (71%)
2024-10-23 00:26:43 INFO: 00:26:43.977 [task-runner-1-27] [INFO ] q.lib.plugins.DetectionPluginTools - 4500 nuclei detected (processing time: 27.63 seconds)
2024-10-23 00:26:43 INFO: 00:26:43.978 [main] [INFO ] q.l.p.CommandLineTaskRunner$CommandLineProgressMonitor - 4500 nuclei detected (71%)
2024-10-23 00:26:43 INFO: 00:26:43.990 [task-runner-1-18] [INFO ] q.lib.plugins.DetectionPluginTools - 2213 nuclei detected (processing time: 13.34 seconds)
2024-10-23 00:26:43 INFO: 00:26:43.991 [main] [INFO ] q.l.p.CommandLineTaskRunner$CommandLineProgressMonitor - 2213 nuclei detected (72%)
2024-10-23 00:26:44 INFO: 00:26:44.385 [task-runner-1-48] [INFO ] q.lib.plugins.DetectionPluginTools - 9833 nuclei detected (processing time: 29.63 seconds)
2024-10-23 00:26:44 INFO: 00:26:44.386 [main] [INFO ] q.l.p.CommandLineTaskRunner$CommandLineProgressMonitor - 9833 nuclei detected (73%)
2024-10-23 00:26:44 INFO: 00:26:44.486 [task-runner-1-26] [INFO ] q.lib.plugins.DetectionPluginTools - 8900 nuclei detected (processing time: 29.62 seconds)
2024-10-23 00:26:44 INFO: 00:26:44.487 [main] [INFO ] q.l.p.CommandLineTaskRunner$CommandLineProgressMonitor - 8900 nuclei detected (73%)
2024-10-23 00:26:44 INFO: 00:26:44.663 [task-runner-1-58] [INFO ] q.lib.plugins.DetectionPluginTools - 2920 nuclei detected (processing time: 18.64 seconds)
2024-10-23 00:26:44 INFO: 00:26:44.664 [main] [INFO ] q.l.p.CommandLineTaskRunner$CommandLineProgressMonitor - 2920 nuclei detected (74%)
2024-10-23 00:26:44 INFO: 00:26:44.847 [task-runner-1-28] [INFO ] q.lib.plugins.DetectionPluginTools - 5066 nuclei detected (processing time: 25.63 seconds)
2024-10-23 00:26:44 INFO: 00:26:44.847 [main] [INFO ] q.l.p.CommandLineTaskRunner$CommandLineProgressMonitor - 5066 nuclei detected (74%)
2024-10-23 00:26:44 INFO: 00:26:44.877 [task-runner-1-62] [INFO ] q.lib.plugins.DetectionPluginTools - 9 nuclei detected (processing time: 11.84 seconds)
2024-10-23 00:26:44 INFO: 00:26:44.878 [main] [INFO ] q.l.p.CommandLineTaskRunner$CommandLineProgressMonitor - 9 nuclei detected (75%)
2024-10-23 00:26:45 INFO: 00:26:45.198 [task-runner-1-25] [INFO ] q.lib.plugins.DetectionPluginTools - 6658 nuclei detected (processing time: 29.60 seconds)
2024-10-23 00:26:45 INFO: 00:26:45.198 [main] [INFO ] q.l.p.CommandLineTaskRunner$CommandLineProgressMonitor - 6658 nuclei detected (76%)
2024-10-23 00:26:45 INFO: 00:26:45.232 [task-runner-1-10] [INFO ] q.lib.plugins.DetectionPluginTools - 6523 nuclei detected (processing time: 29.36 seconds)
2024-10-23 00:26:45 INFO: 00:26:45.233 [main] [INFO ] q.l.p.CommandLineTaskRunner$CommandLineProgressMonitor - 6523 nuclei detected (76%)
2024-10-23 00:26:45 INFO: 00:26:45.521 [task-runner-1-49] [INFO ] q.lib.plugins.DetectionPluginTools - 7792 nuclei detected (processing time: 30.55 seconds)
2024-10-23 00:26:45 INFO: 00:26:45.521 [main] [INFO ] q.l.p.CommandLineTaskRunner$CommandLineProgressMonitor - 7792 nuclei detected (77%)
2024-10-23 00:26:45 INFO: 00:26:45.559 [task-runner-1-11] [INFO ] q.lib.plugins.DetectionPluginTools - 9768 nuclei detected (processing time: 30.82 seconds)
2024-10-23 00:26:45 INFO: 00:26:45.560 [main] [INFO ] q.l.p.CommandLineTaskRunner$CommandLineProgressMonitor - 9768 nuclei detected (78%)
2024-10-23 00:26:45 INFO: 00:26:45.565 [task-runner-1-34] [INFO ] q.lib.plugins.DetectionPluginTools - 9106 nuclei detected (processing time: 30.15 seconds)
2024-10-23 00:26:45 INFO: 00:26:45.566 [main] [INFO ] q.l.p.CommandLineTaskRunner$CommandLineProgressMonitor - 9106 nuclei detected (78%)
2024-10-23 00:26:45 INFO: 00:26:45.585 [task-runner-1-23] [INFO ] q.lib.plugins.DetectionPluginTools - 6031 nuclei detected (processing time: 27.19 seconds)
2024-10-23 00:26:45 INFO: 00:26:45.586 [main] [INFO ] q.l.p.CommandLineTaskRunner$CommandLineProgressMonitor - 6031 nuclei detected (79%)
2024-10-23 00:26:45 INFO: 00:26:45.599 [task-runner-1-20] [INFO ] q.lib.plugins.DetectionPluginTools - 8283 nuclei detected (processing time: 30.12 seconds)
2024-10-23 00:26:45 INFO: 00:26:45.599 [main] [INFO ] q.l.p.CommandLineTaskRunner$CommandLineProgressMonitor - 8283 nuclei detected (79%)
2024-10-23 00:26:45 INFO: 00:26:45.620 [task-runner-1-5] [INFO ] q.lib.plugins.DetectionPluginTools - 8884 nuclei detected (processing time: 30.77 seconds)
2024-10-23 00:26:45 INFO: 00:26:45.621 [main] [INFO ] q.l.p.CommandLineTaskRunner$CommandLineProgressMonitor - 8884 nuclei detected (80%)
2024-10-23 00:26:45 INFO: 00:26:45.717 [task-runner-1-30] [INFO ] q.lib.plugins.DetectionPluginTools - 8179 nuclei detected (processing time: 25.76 seconds)
2024-10-23 00:26:45 INFO: 00:26:45.718 [main] [INFO ] q.l.p.CommandLineTaskRunner$CommandLineProgressMonitor - 8179 nuclei detected (81%)
2024-10-23 00:26:45 INFO: 00:26:45.809 [task-runner-1-63] [INFO ] q.lib.plugins.DetectionPluginTools - 8521 nuclei detected (processing time: 30.32 seconds)
2024-10-23 00:26:45 INFO: 00:26:45.810 [main] [INFO ] q.l.p.CommandLineTaskRunner$CommandLineProgressMonitor - 8521 nuclei detected (81%)
2024-10-23 00:26:45 INFO: 00:26:45.972 [task-runner-1-12] [INFO ] q.lib.plugins.DetectionPluginTools - 9361 nuclei detected (processing time: 30.55 seconds)
2024-10-23 00:26:45 INFO: 00:26:45.973 [main] [INFO ] q.l.p.CommandLineTaskRunner$CommandLineProgressMonitor - 9361 nuclei detected (82%)
2024-10-23 00:26:45 INFO: 00:26:45.997 [task-runner-1-29] [INFO ] q.lib.plugins.DetectionPluginTools - 7323 nuclei detected (processing time: 26.83 seconds)
2024-10-23 00:26:45 INFO: 00:26:45.998 [main] [INFO ] q.l.p.CommandLineTaskRunner$CommandLineProgressMonitor - 7323 nuclei detected (83%)
2024-10-23 00:26:46 INFO: 00:26:46.060 [task-runner-1-40] [INFO ] q.lib.plugins.DetectionPluginTools - 0 nuclei detected (processing time: 8.72 seconds)
2024-10-23 00:26:46 INFO: 00:26:46.060 [main] [INFO ] q.l.p.CommandLineTaskRunner$CommandLineProgressMonitor - 0 nuclei detected (83%)
2024-10-23 00:26:46 INFO: 00:26:46.108 [task-runner-1-52] [INFO ] q.lib.plugins.DetectionPluginTools - 1 nucleus detected (processing time: 9.25 seconds)
2024-10-23 00:26:46 INFO: 00:26:46.108 [main] [INFO ] q.l.p.CommandLineTaskRunner$CommandLineProgressMonitor - 1 nucleus detected (84%)
2024-10-23 00:26:46 INFO: 00:26:46.142 [task-runner-1-61] [INFO ] q.lib.plugins.DetectionPluginTools - 7541 nuclei detected (processing time: 30.57 seconds)
2024-10-23 00:26:46 INFO: 00:26:46.143 [main] [INFO ] q.l.p.CommandLineTaskRunner$CommandLineProgressMonitor - 7541 nuclei detected (84%)
2024-10-23 00:26:46 INFO: 00:26:46.215 [task-runner-1-6] [INFO ] q.lib.plugins.DetectionPluginTools - 1 nucleus detected (processing time: 8.52 seconds)
2024-10-23 00:26:46 INFO: 00:26:46.216 [main] [INFO ] q.l.p.CommandLineTaskRunner$CommandLineProgressMonitor - 1 nucleus detected (85%)
2024-10-23 00:26:46 INFO: 00:26:46.267 [task-runner-1-22] [INFO ] q.lib.plugins.DetectionPluginTools - 8097 nuclei detected (processing time: 26.32 seconds)
2024-10-23 00:26:46 INFO: 00:26:46.267 [main] [INFO ] q.l.p.CommandLineTaskRunner$CommandLineProgressMonitor - 8097 nuclei detected (86%)
2024-10-23 00:26:46 INFO: 00:26:46.622 [task-runner-1-51] [INFO ] q.lib.plugins.DetectionPluginTools - 9002 nuclei detected (processing time: 28.69 seconds)
2024-10-23 00:26:46 INFO: 00:26:46.624 [main] [INFO ] q.l.p.CommandLineTaskRunner$CommandLineProgressMonitor - 9002 nuclei detected (86%)
2024-10-23 00:26:46 INFO: 00:26:46.807 [task-runner-1-56] [INFO ] q.lib.plugins.DetectionPluginTools - 4438 nuclei detected (processing time: 15.64 seconds)
2024-10-23 00:26:46 INFO: 00:26:46.807 [main] [INFO ] q.l.p.CommandLineTaskRunner$CommandLineProgressMonitor - 4438 nuclei detected (87%)
2024-10-23 00:26:47 INFO: 00:26:47.098 [task-runner-1-15] [INFO ] q.lib.plugins.DetectionPluginTools - 8069 nuclei detected (processing time: 28.69 seconds)
2024-10-23 00:26:47 INFO: 00:26:47.099 [main] [INFO ] q.l.p.CommandLineTaskRunner$CommandLineProgressMonitor - 8069 nuclei detected (88%)
2024-10-23 00:26:47 INFO: 00:26:47.162 [task-runner-1-46] [INFO ] q.lib.plugins.DetectionPluginTools - 4630 nuclei detected (processing time: 20.39 seconds)
2024-10-23 00:26:47 INFO: 00:26:47.163 [main] [INFO ] q.l.p.CommandLineTaskRunner$CommandLineProgressMonitor - 4630 nuclei detected (88%)
2024-10-23 00:26:47 INFO: 00:26:47.240 [task-runner-1-42] [INFO ] q.lib.plugins.DetectionPluginTools - 1 nucleus detected (processing time: 8.80 seconds)
2024-10-23 00:26:47 INFO: 00:26:47.240 [main] [INFO ] q.l.p.CommandLineTaskRunner$CommandLineProgressMonitor - 1 nucleus detected (89%)
2024-10-23 00:26:47 INFO: 00:26:47.248 [task-runner-1-14] [INFO ] q.lib.plugins.DetectionPluginTools - 1 nucleus detected (processing time: 8.45 seconds)
2024-10-23 00:26:47 INFO: 00:26:47.330 [task-runner-1-31] [INFO ] q.lib.plugins.DetectionPluginTools - 3322 nuclei detected (processing time: 16.39 seconds)
2024-10-23 00:26:47 INFO: 00:26:47.330 [main] [INFO ] q.l.p.CommandLineTaskRunner$CommandLineProgressMonitor - 3322 nuclei detected (90%)
2024-10-23 00:26:47 INFO: 00:26:47.404 [task-runner-1-55] [INFO ] q.lib.plugins.DetectionPluginTools - 0 nuclei detected (processing time: 8.83 seconds)
2024-10-23 00:26:47 INFO: 00:26:47.404 [main] [INFO ] q.l.p.CommandLineTaskRunner$CommandLineProgressMonitor - 0 nuclei detected (91%)
2024-10-23 00:26:47 INFO: 00:26:47.597 [task-runner-1-60] [INFO ] q.lib.plugins.DetectionPluginTools - 1 nucleus detected (processing time: 8.79 seconds)
2024-10-23 00:26:47 INFO: 00:26:47.598 [main] [INFO ] q.l.p.CommandLineTaskRunner$CommandLineProgressMonitor - 1 nucleus detected (91%)
2024-10-23 00:26:47 INFO: 00:26:47.701 [task-runner-1-43] [INFO ] q.lib.plugins.DetectionPluginTools - 8902 nuclei detected (processing time: 28.36 seconds)
2024-10-23 00:26:47 INFO: 00:26:47.702 [main] [INFO ] q.l.p.CommandLineTaskRunner$CommandLineProgressMonitor - 8902 nuclei detected (92%)
2024-10-23 00:26:47 INFO: 00:26:47.859 [task-runner-1-59] [INFO ] q.lib.plugins.DetectionPluginTools - 0 nuclei detected (processing time: 6.56 seconds)
2024-10-23 00:26:47 INFO: 00:26:47.859 [main] [INFO ] q.l.p.CommandLineTaskRunner$CommandLineProgressMonitor - 0 nuclei detected (93%)
2024-10-23 00:26:48 INFO: 00:26:48.104 [task-runner-1-47] [INFO ] q.lib.plugins.DetectionPluginTools - 0 nuclei detected (processing time: 8.05 seconds)
2024-10-23 00:26:48 INFO: 00:26:48.137 [task-runner-1-33] [INFO ] q.lib.plugins.DetectionPluginTools - 0 nuclei detected (processing time: 9.31 seconds)
2024-10-23 00:26:48 INFO: 00:26:48.138 [main] [INFO ] q.l.p.CommandLineTaskRunner$CommandLineProgressMonitor - 0 nuclei detected (94%)
2024-10-23 00:26:48 INFO: 00:26:48.380 [task-runner-1-57] [INFO ] q.lib.plugins.DetectionPluginTools - 0 nuclei detected (processing time: 7.97 seconds)
2024-10-23 00:26:48 INFO: 00:26:48.632 [task-runner-1-53] [INFO ] q.lib.plugins.DetectionPluginTools - 0 nuclei detected (processing time: 7.46 seconds)
2024-10-23 00:26:48 INFO: 00:26:48.632 [main] [INFO ] q.l.p.CommandLineTaskRunner$CommandLineProgressMonitor - 0 nuclei detected (95%)
2024-10-23 00:26:48 INFO: 00:26:48.740 [task-runner-1-54] [INFO ] q.lib.plugins.DetectionPluginTools - 0 nuclei detected (processing time: 7.23 seconds)
2024-10-23 00:26:48 INFO: 00:26:48.740 [main] [INFO ] q.l.p.CommandLineTaskRunner$CommandLineProgressMonitor - 0 nuclei detected (96%)
2024-10-23 00:26:48 INFO: 00:26:48.962 [task-runner-1-38] [INFO ] q.lib.plugins.DetectionPluginTools - 6480 nuclei detected (processing time: 21.87 seconds)
2024-10-23 00:26:48 INFO: 00:26:48.962 [main] [INFO ] q.l.p.CommandLineTaskRunner$CommandLineProgressMonitor - 6480 nuclei detected (96%)
2024-10-23 00:26:49 INFO: 00:26:49.104 [task-runner-1-35] [INFO ] q.lib.plugins.DetectionPluginTools - 7845 nuclei detected (processing time: 21.70 seconds)
2024-10-23 00:26:49 INFO: 00:26:49.105 [main] [INFO ] q.l.p.CommandLineTaskRunner$CommandLineProgressMonitor - 7845 nuclei detected (97%)
2024-10-23 00:26:49 INFO: 00:26:49.222 [task-runner-1-13] [INFO ] q.lib.plugins.DetectionPluginTools - 1 nucleus detected (processing time: 10.33 seconds)
2024-10-23 00:26:49 INFO: 00:26:49.223 [main] [INFO ] q.l.p.CommandLineTaskRunner$CommandLineProgressMonitor - 1 nucleus detected (98%)
2024-10-23 00:26:49 INFO: 00:26:49.257 [task-runner-1-7] [INFO ] q.lib.plugins.DetectionPluginTools - 8007 nuclei detected (processing time: 21.18 seconds)
2024-10-23 00:26:49 INFO: 00:26:49.257 [main] [INFO ] q.l.p.CommandLineTaskRunner$CommandLineProgressMonitor - 8007 nuclei detected (98%)
2024-10-23 00:26:49 INFO: 00:26:49.414 [task-runner-1-16] [INFO ] q.lib.plugins.DetectionPluginTools - 0 nuclei detected (processing time: 7.93 seconds)
2024-10-23 00:26:49 INFO: 00:26:49.415 [main] [INFO ] q.l.p.CommandLineTaskRunner$CommandLineProgressMonitor - 0 nuclei detected (99%)
2024-10-23 00:26:49 INFO: 00:26:49.721 [task-runner-1-37] [INFO ] q.lib.plugins.DetectionPluginTools - 9309 nuclei detected (processing time: 21.81 seconds)
2024-10-23 00:26:49 INFO: 00:26:49.721 [main] [INFO ] q.l.p.CommandLineTaskRunner$CommandLineProgressMonitor - 9309 nuclei detected (99%)
2024-10-23 00:26:50 INFO: 00:26:50.033 [task-runner-1-39] [INFO ] q.lib.plugins.DetectionPluginTools - 8962 nuclei detected (processing time: 22.29 seconds)
2024-10-23 00:26:50 INFO: 00:26:50.033 [main] [INFO ] q.l.p.CommandLineTaskRunner$CommandLineProgressMonitor - 8962 nuclei detected (100%)
2024-10-23 00:26:50 INFO: 00:26:50.034 [main] [INFO ] q.l.p.CommandLineTaskRunner$CommandLineProgressMonitor - Processing complete in 51.61 seconds
2024-10-23 00:26:50 INFO: 00:26:50.034 [main] [INFO ] q.l.p.CommandLineTaskRunner$CommandLineProgressMonitor - Tasks completed!
2024-10-23 00:27:05 INFO: 00:27:05.182 [main] [WARN ] q.l.p.objects.SmoothFeaturesPlugin - Smoothing using annotations
2024-10-23 00:27:12 INFO: 00:27:12.578 [main] [INFO ] q.l.p.CommandLineTaskRunner$CommandLineProgressMonitor - Completed (100%)
2024-10-23 00:27:12 INFO: 00:27:12.579 [main] [INFO ] q.l.p.CommandLineTaskRunner$CommandLineProgressMonitor - Processing complete in 7.40 seconds
2024-10-23 00:27:12 INFO: 00:27:12.579 [main] [INFO ] q.l.p.CommandLineTaskRunner$CommandLineProgressMonitor - Tasks completed!
2024-10-23 00:27:12 INFO: 00:27:12.581 [main] [WARN ] q.l.p.objects.SmoothFeaturesPlugin - Smoothing using annotations
2024-10-23 00:27:28 INFO: 00:27:28.263 [main] [INFO ] q.l.p.CommandLineTaskRunner$CommandLineProgressMonitor - Completed (100%)
2024-10-23 00:27:28 INFO: 00:27:28.266 [main] [INFO ] q.l.p.CommandLineTaskRunner$CommandLineProgressMonitor - Processing complete in 15.68 seconds
2024-10-23 00:27:28 INFO: 00:27:28.266 [main] [INFO ] q.l.p.CommandLineTaskRunner$CommandLineProgressMonitor - Tasks completed!
2024-10-23 00:27:28 INFO: 00:27:28.276 [main] [WARN ] q.l.p.objects.SmoothFeaturesPlugin - Smoothing using annotations
2024-10-23 00:28:15 INFO: 00:28:15.912 [main] [INFO ] q.l.p.CommandLineTaskRunner$CommandLineProgressMonitor - Completed (100%)
2024-10-23 00:28:15 INFO: 00:28:15.912 [main] [INFO ] q.l.p.CommandLineTaskRunner$CommandLineProgressMonitor - Processing complete in 47.64 seconds
2024-10-23 00:28:15 INFO: 00:28:15.912 [main] [INFO ] q.l.p.CommandLineTaskRunner$CommandLineProgressMonitor - Tasks completed!
2024-10-23 00:28:16 INFO: 00:28:16.221 [task-runner-5-2] [INFO ] q.l.a.IntensityFeaturesPlugin - Splitting Rectangle (0, 0, 63784, 39311) into 40 tiles for intensity measurements
2024-10-23 00:28:16 INFO: 00:28:16.653 [main] [INFO ] q.l.p.CommandLineTaskRunner$CommandLineProgressMonitor - Completed (0%)
2024-10-23 00:28:17 INFO: 00:28:17.528 [main] [INFO ] q.l.p.CommandLineTaskRunner$CommandLineProgressMonitor - Completed (1%)
2024-10-23 00:28:17 INFO: 00:28:17.882 [main] [INFO ] q.l.p.CommandLineTaskRunner$CommandLineProgressMonitor - Completed (2%)
2024-10-23 00:28:18 INFO: 00:28:18.167 [main] [INFO ] q.l.p.CommandLineTaskRunner$CommandLineProgressMonitor - Completed (3%)
2024-10-23 00:28:18 INFO: 00:28:18.457 [main] [INFO ] q.l.p.CommandLineTaskRunner$CommandLineProgressMonitor - Completed (4%)
2024-10-23 00:28:18 INFO: 00:28:18.711 [main] [INFO ] q.l.p.CommandLineTaskRunner$CommandLineProgressMonitor - Completed (5%)
2024-10-23 00:28:18 INFO: 00:28:18.970 [main] [INFO ] q.l.p.CommandLineTaskRunner$CommandLineProgressMonitor - Completed (6%)
2024-10-23 00:28:19 INFO: 00:28:19.179 [main] [INFO ] q.l.p.CommandLineTaskRunner$CommandLineProgressMonitor - Completed (7%)
2024-10-23 00:28:19 INFO: 00:28:19.384 [main] [INFO ] q.l.p.CommandLineTaskRunner$CommandLineProgressMonitor - Completed (8%)
2024-10-23 00:28:19 INFO: 00:28:19.580 [main] [INFO ] q.l.p.CommandLineTaskRunner$CommandLineProgressMonitor - Completed (9%)
2024-10-23 00:28:19 INFO: 00:28:19.793 [main] [INFO ] q.l.p.CommandLineTaskRunner$CommandLineProgressMonitor - Completed (10%)
2024-10-23 00:28:19 INFO: 00:28:19.997 [main] [INFO ] q.l.p.CommandLineTaskRunner$CommandLineProgressMonitor - Completed (11%)
2024-10-23 00:28:20 INFO: 00:28:20.240 [main] [INFO ] q.l.p.CommandLineTaskRunner$CommandLineProgressMonitor - Completed (12%)
2024-10-23 00:28:20 INFO: 00:28:20.689 [main] [INFO ] q.l.p.CommandLineTaskRunner$CommandLineProgressMonitor - Completed (13%)
2024-10-23 00:28:21 INFO: 00:28:21.018 [main] [INFO ] q.l.p.CommandLineTaskRunner$CommandLineProgressMonitor - Completed (14%)
2024-10-23 00:28:21 INFO: 00:28:21.247 [main] [INFO ] q.l.p.CommandLineTaskRunner$CommandLineProgressMonitor - Completed (15%)
2024-10-23 00:28:21 INFO: 00:28:21.475 [main] [INFO ] q.l.p.CommandLineTaskRunner$CommandLineProgressMonitor - Completed (16%)
2024-10-23 00:28:21 INFO: 00:28:21.655 [main] [INFO ] q.l.p.CommandLineTaskRunner$CommandLineProgressMonitor - Completed (17%)
2024-10-23 00:28:21 INFO: 00:28:21.835 [main] [INFO ] q.l.p.CommandLineTaskRunner$CommandLineProgressMonitor - Completed (18%)
2024-10-23 00:28:22 INFO: 00:28:22.015 [main] [INFO ] q.l.p.CommandLineTaskRunner$CommandLineProgressMonitor - Completed (19%)
2024-10-23 00:28:22 INFO: 00:28:22.201 [main] [INFO ] q.l.p.CommandLineTaskRunner$CommandLineProgressMonitor - Completed (20%)
2024-10-23 00:28:22 INFO: 00:28:22.406 [main] [INFO ] q.l.p.CommandLineTaskRunner$CommandLineProgressMonitor - Completed (21%)
2024-10-23 00:28:22 INFO: 00:28:22.667 [main] [INFO ] q.l.p.CommandLineTaskRunner$CommandLineProgressMonitor - Completed (22%)
2024-10-23 00:28:22 INFO: 00:28:22.853 [main] [INFO ] q.l.p.CommandLineTaskRunner$CommandLineProgressMonitor - Completed (23%)
2024-10-23 00:28:23 INFO: 00:28:23.572 [main] [INFO ] q.l.p.CommandLineTaskRunner$CommandLineProgressMonitor - Completed (24%)
2024-10-23 00:28:23 INFO: 00:28:23.823 [main] [INFO ] q.l.p.CommandLineTaskRunner$CommandLineProgressMonitor - Completed (25%)
2024-10-23 00:28:24 INFO: 00:28:24.051 [main] [INFO ] q.l.p.CommandLineTaskRunner$CommandLineProgressMonitor - Completed (26%)
2024-10-23 00:28:24 INFO: 00:28:24.852 [main] [INFO ] q.l.p.CommandLineTaskRunner$CommandLineProgressMonitor - Completed (27%)
2024-10-23 00:28:25 INFO: 00:28:25.140 [main] [INFO ] q.l.p.CommandLineTaskRunner$CommandLineProgressMonitor - Completed (28%)
2024-10-23 00:28:25 INFO: 00:28:25.319 [main] [INFO ] q.l.p.CommandLineTaskRunner$CommandLineProgressMonitor - Completed (29%)
2024-10-23 00:28:25 INFO: 00:28:25.504 [main] [INFO ] q.l.p.CommandLineTaskRunner$CommandLineProgressMonitor - Completed (30%)
2024-10-23 00:28:25 INFO: 00:28:25.686 [main] [INFO ] q.l.p.CommandLineTaskRunner$CommandLineProgressMonitor - Completed (31%)
2024-10-23 00:28:25 INFO: 00:28:25.869 [main] [INFO ] q.l.p.CommandLineTaskRunner$CommandLineProgressMonitor - Completed (32%)
2024-10-23 00:28:26 INFO: 00:28:26.060 [main] [INFO ] q.l.p.CommandLineTaskRunner$CommandLineProgressMonitor - Completed (33%)
2024-10-23 00:28:26 INFO: 00:28:26.244 [main] [INFO ] q.l.p.CommandLineTaskRunner$CommandLineProgressMonitor - Completed (34%)
2024-10-23 00:28:26 INFO: 00:28:26.407 [main] [INFO ] q.l.p.CommandLineTaskRunner$CommandLineProgressMonitor - Completed (35%)
2024-10-23 00:28:26 INFO: 00:28:26.575 [main] [INFO ] q.l.p.CommandLineTaskRunner$CommandLineProgressMonitor - Completed (36%)
2024-10-23 00:28:26 INFO: 00:28:26.744 [main] [INFO ] q.l.p.CommandLineTaskRunner$CommandLineProgressMonitor - Completed (37%)
2024-10-23 00:28:26 INFO: 00:28:26.923 [main] [INFO ] q.l.p.CommandLineTaskRunner$CommandLineProgressMonitor - Completed (38%)
2024-10-23 00:28:27 INFO: 00:28:27.085 [main] [INFO ] q.l.p.CommandLineTaskRunner$CommandLineProgressMonitor - Completed (39%)
2024-10-23 00:28:27 INFO: 00:28:27.247 [main] [INFO ] q.l.p.CommandLineTaskRunner$CommandLineProgressMonitor - Completed (40%)
2024-10-23 00:28:27 INFO: 00:28:27.420 [main] [INFO ] q.l.p.CommandLineTaskRunner$CommandLineProgressMonitor - Completed (41%)
2024-10-23 00:28:27 INFO: 00:28:27.585 [main] [INFO ] q.l.p.CommandLineTaskRunner$CommandLineProgressMonitor - Completed (42%)
2024-10-23 00:28:27 INFO: 00:28:27.767 [main] [INFO ] q.l.p.CommandLineTaskRunner$CommandLineProgressMonitor - Completed (43%)
2024-10-23 00:28:27 INFO: 00:28:27.949 [main] [INFO ] q.l.p.CommandLineTaskRunner$CommandLineProgressMonitor - Completed (44%)
2024-10-23 00:28:28 INFO: 00:28:28.128 [main] [INFO ] q.l.p.CommandLineTaskRunner$CommandLineProgressMonitor - Completed (45%)
2024-10-23 00:28:28 INFO: 00:28:28.341 [main] [INFO ] q.l.p.CommandLineTaskRunner$CommandLineProgressMonitor - Completed (46%)
2024-10-23 00:28:28 INFO: 00:28:28.607 [main] [INFO ] q.l.p.CommandLineTaskRunner$CommandLineProgressMonitor - Completed (47%)
2024-10-23 00:28:28 INFO: 00:28:28.802 [main] [INFO ] q.l.p.CommandLineTaskRunner$CommandLineProgressMonitor - Completed (48%)
2024-10-23 00:28:28 INFO: 00:28:28.987 [main] [INFO ] q.l.p.CommandLineTaskRunner$CommandLineProgressMonitor - Completed (49%)
2024-10-23 00:28:29 INFO: 00:28:29.212 [main] [INFO ] q.l.p.CommandLineTaskRunner$CommandLineProgressMonitor - Completed (50%)
2024-10-23 00:28:29 INFO: 00:28:29.367 [main] [INFO ] q.l.p.CommandLineTaskRunner$CommandLineProgressMonitor - Completed (51%)
2024-10-23 00:28:29 INFO: 00:28:29.530 [main] [INFO ] q.l.p.CommandLineTaskRunner$CommandLineProgressMonitor - Completed (52%)
2024-10-23 00:28:29 INFO: 00:28:29.688 [main] [INFO ] q.l.p.CommandLineTaskRunner$CommandLineProgressMonitor - Completed (53%)
2024-10-23 00:28:29 INFO: 00:28:29.853 [main] [INFO ] q.l.p.CommandLineTaskRunner$CommandLineProgressMonitor - Completed (54%)
2024-10-23 00:28:30 INFO: 00:28:30.014 [main] [INFO ] q.l.p.CommandLineTaskRunner$CommandLineProgressMonitor - Completed (55%)
2024-10-23 00:28:30 INFO: 00:28:30.173 [main] [INFO ] q.l.p.CommandLineTaskRunner$CommandLineProgressMonitor - Completed (56%)
2024-10-23 00:28:30 INFO: 00:28:30.330 [main] [INFO ] q.l.p.CommandLineTaskRunner$CommandLineProgressMonitor - Completed (57%)
2024-10-23 00:28:30 INFO: 00:28:30.488 [main] [INFO ] q.l.p.CommandLineTaskRunner$CommandLineProgressMonitor - Completed (58%)
2024-10-23 00:28:30 INFO: 00:28:30.634 [main] [INFO ] q.l.p.CommandLineTaskRunner$CommandLineProgressMonitor - Completed (59%)
2024-10-23 00:28:30 INFO: 00:28:30.776 [main] [INFO ] q.l.p.CommandLineTaskRunner$CommandLineProgressMonitor - Completed (60%)
2024-10-23 00:28:30 INFO: 00:28:30.918 [main] [INFO ] q.l.p.CommandLineTaskRunner$CommandLineProgressMonitor - Completed (61%)
2024-10-23 00:28:31 INFO: 00:28:31.069 [main] [INFO ] q.l.p.CommandLineTaskRunner$CommandLineProgressMonitor - Completed (62%)
2024-10-23 00:28:31 INFO: 00:28:31.219 [main] [INFO ] q.l.p.CommandLineTaskRunner$CommandLineProgressMonitor - Completed (63%)
2024-10-23 00:28:31 INFO: 00:28:31.385 [main] [INFO ] q.l.p.CommandLineTaskRunner$CommandLineProgressMonitor - Completed (64%)
2024-10-23 00:28:31 INFO: 00:28:31.558 [main] [INFO ] q.l.p.CommandLineTaskRunner$CommandLineProgressMonitor - Completed (65%)
2024-10-23 00:28:31 INFO: 00:28:31.734 [main] [INFO ] q.l.p.CommandLineTaskRunner$CommandLineProgressMonitor - Completed (66%)
2024-10-23 00:28:31 INFO: 00:28:31.882 [main] [INFO ] q.l.p.CommandLineTaskRunner$CommandLineProgressMonitor - Completed (67%)
2024-10-23 00:28:32 INFO: 00:28:32.049 [main] [INFO ] q.l.p.CommandLineTaskRunner$CommandLineProgressMonitor - Completed (68%)
2024-10-23 00:28:32 INFO: 00:28:32.203 [main] [INFO ] q.l.p.CommandLineTaskRunner$CommandLineProgressMonitor - Completed (69%)
2024-10-23 00:28:32 INFO: 00:28:32.360 [main] [INFO ] q.l.p.CommandLineTaskRunner$CommandLineProgressMonitor - Completed (70%)
2024-10-23 00:28:32 INFO: 00:28:32.501 [main] [INFO ] q.l.p.CommandLineTaskRunner$CommandLineProgressMonitor - Completed (71%)
2024-10-23 00:28:32 INFO: 00:28:32.642 [main] [INFO ] q.l.p.CommandLineTaskRunner$CommandLineProgressMonitor - Completed (72%)
2024-10-23 00:28:32 INFO: 00:28:32.799 [main] [INFO ] q.l.p.CommandLineTaskRunner$CommandLineProgressMonitor - Completed (73%)
2024-10-23 00:28:32 INFO: 00:28:32.989 [main] [INFO ] q.l.p.CommandLineTaskRunner$CommandLineProgressMonitor - Completed (74%)
2024-10-23 00:28:33 INFO: 00:28:33.198 [main] [INFO ] q.l.p.CommandLineTaskRunner$CommandLineProgressMonitor - Completed (75%)
2024-10-23 00:28:33 INFO: 00:28:33.414 [main] [INFO ] q.l.p.CommandLineTaskRunner$CommandLineProgressMonitor - Completed (76%)
2024-10-23 00:28:33 INFO: 00:28:33.609 [main] [INFO ] q.l.p.CommandLineTaskRunner$CommandLineProgressMonitor - Completed (77%)
2024-10-23 00:28:33 INFO: 00:28:33.834 [main] [INFO ] q.l.p.CommandLineTaskRunner$CommandLineProgressMonitor - Completed (78%)
2024-10-23 00:28:34 INFO: 00:28:34.204 [main] [INFO ] q.l.p.CommandLineTaskRunner$CommandLineProgressMonitor - Completed (79%)
2024-10-23 00:28:34 INFO: 00:28:34.347 [main] [INFO ] q.l.p.CommandLineTaskRunner$CommandLineProgressMonitor - Completed (80%)
2024-10-23 00:28:34 INFO: 00:28:34.493 [main] [INFO ] q.l.p.CommandLineTaskRunner$CommandLineProgressMonitor - Completed (81%)
2024-10-23 00:28:34 INFO: 00:28:34.634 [main] [INFO ] q.l.p.CommandLineTaskRunner$CommandLineProgressMonitor - Completed (82%)
2024-10-23 00:28:34 INFO: 00:28:34.787 [main] [INFO ] q.l.p.CommandLineTaskRunner$CommandLineProgressMonitor - Completed (83%)
2024-10-23 00:28:34 INFO: 00:28:34.984 [main] [INFO ] q.l.p.CommandLineTaskRunner$CommandLineProgressMonitor - Completed (84%)
2024-10-23 00:28:35 INFO: 00:28:35.142 [main] [INFO ] q.l.p.CommandLineTaskRunner$CommandLineProgressMonitor - Completed (85%)
2024-10-23 00:28:35 INFO: 00:28:35.304 [main] [INFO ] q.l.p.CommandLineTaskRunner$CommandLineProgressMonitor - Completed (86%)
2024-10-23 00:28:35 INFO: 00:28:35.453 [main] [INFO ] q.l.p.CommandLineTaskRunner$CommandLineProgressMonitor - Completed (87%)
2024-10-23 00:28:35 INFO: 00:28:35.597 [main] [INFO ] q.l.p.CommandLineTaskRunner$CommandLineProgressMonitor - Completed (88%)
2024-10-23 00:28:35 INFO: 00:28:35.754 [main] [INFO ] q.l.p.CommandLineTaskRunner$CommandLineProgressMonitor - Completed (89%)
2024-10-23 00:28:35 INFO: 00:28:35.897 [main] [INFO ] q.l.p.CommandLineTaskRunner$CommandLineProgressMonitor - Completed (90%)
2024-10-23 00:28:36 INFO: 00:28:36.045 [main] [INFO ] q.l.p.CommandLineTaskRunner$CommandLineProgressMonitor - Completed (91%)
2024-10-23 00:28:36 INFO: 00:28:36.190 [main] [INFO ] q.l.p.CommandLineTaskRunner$CommandLineProgressMonitor - Completed (92%)
2024-10-23 00:28:36 INFO: 00:28:36.330 [main] [INFO ] q.l.p.CommandLineTaskRunner$CommandLineProgressMonitor - Completed (93%)
2024-10-23 00:28:36 INFO: 00:28:36.486 [main] [INFO ] q.l.p.CommandLineTaskRunner$CommandLineProgressMonitor - Completed (94%)
2024-10-23 00:28:36 INFO: 00:28:36.630 [main] [INFO ] q.l.p.CommandLineTaskRunner$CommandLineProgressMonitor - Completed (95%)
2024-10-23 00:28:36 INFO: 00:28:36.781 [main] [INFO ] q.l.p.CommandLineTaskRunner$CommandLineProgressMonitor - Completed (96%)
2024-10-23 00:28:36 INFO: 00:28:36.948 [main] [INFO ] q.l.p.CommandLineTaskRunner$CommandLineProgressMonitor - Completed (97%)
2024-10-23 00:28:37 INFO: 00:28:37.130 [main] [INFO ] q.l.p.CommandLineTaskRunner$CommandLineProgressMonitor - Completed (98%)
2024-10-23 00:28:37 INFO: 00:28:37.287 [main] [INFO ] q.l.p.CommandLineTaskRunner$CommandLineProgressMonitor - Completed (99%)
2024-10-23 00:28:37 INFO: 00:28:37.436 [main] [INFO ] q.l.p.CommandLineTaskRunner$CommandLineProgressMonitor - Completed (100%)
2024-10-23 00:29:28 INFO: 00:29:28.078 [main] [INFO ] q.l.p.CommandLineTaskRunner$CommandLineProgressMonitor - Completed (100%)
2024-10-23 00:29:28 INFO: 00:29:28.078 [main] [INFO ] q.l.p.CommandLineTaskRunner$CommandLineProgressMonitor - Processing complete in 71.87 seconds
2024-10-23 00:29:28 INFO: 00:29:28.078 [main] [INFO ] q.l.p.CommandLineTaskRunner$CommandLineProgressMonitor - Tasks completed!
2024-10-23 00:32:51 INFO: 00:32:51.231 [task-runner-6-1] [WARN ] q.o.features.DelaunayTriangulation - Some objects have missing measurements! Statistics will calculated only for objects with measurements available.
2024-10-23 00:32:51 INFO: 00:32:51.232 [task-runner-6-1] [WARN ] q.o.features.DelaunayTriangulation - Missing measurements: [ROI: 1.00 m per pixel: Residual: Haralick Correlation (F2), ROI: 1.00 m per pixel: Residual: Haralick Information measure of correlation 1 (F11), ROI: 1.00 m per pixel: Residual: Haralick Information measure of correlation 2 (F12), ROI: 1.00 m per pixel: Hematoxylin: Haralick Correlation (F2), ROI: 1.00 m per pixel: Hematoxylin: Haralick Information measure of correlation 1 (F11), ROI: 1.00 m per pixel: Hematoxylin: Haralick Information measure of correlation 2 (F12)]
2024-10-23 00:32:51 INFO: 00:32:51.291 [main] [INFO ] q.l.p.CommandLineTaskRunner$CommandLineProgressMonitor - Delaunay triangulation calculated for Annotation (341534 objects) (100%)
2024-10-23 00:32:51 INFO: 00:32:51.292 [main] [INFO ] q.l.p.CommandLineTaskRunner$CommandLineProgressMonitor - Processing complete in 203.16 seconds
2024-10-23 00:32:51 INFO: 00:32:51.292 [main] [INFO ] q.l.p.CommandLineTaskRunner$CommandLineProgressMonitor - Tasks completed!
2024-10-23 00:36:38 INFO: TCGA-GI-A2C8-01Z-00-DX1.09BD8AC9-645A-4C8B-9B36-77D833BDBA09
2024-10-23 00:36:38 INFO: QuPath subprocess completed.
2024-10-23 00:36:57 INFO: QuPath image extraction completed successfully. Output directory: /home/ilants/Documents/jupyter_test/single_image_multiple_params/exp_backgroundRadiusMicrons_20.0
2024-10-23 00:36:57 INFO: Summary table saved to: /home/ilants/Documents/jupyter_test/single_image_multiple_params/exp_backgroundRadiusMicrons_20.0/Summary_Table.csv
2024-10-23 00:36:57 INFO: Experiment completed successfully.
