2024-10-23 03:43:23 INFO: Starting experiment with for maxAreaMicrons with value of 100.0
2024-10-23 03:43:23 INFO: Running with the following configuration:
{'detectionImageBrightfield': 'Hematoxylin OD', 'requestedPixelSizeMicrons': 0.5, 'backgroundRadiusMicrons': 4.0, 'backgroundByReconstruction': True, 'medianRadiusMicrons': 0.0, 'sigmaMicrons': 1.5, 'minAreaMicrons': 10.0, 'maxAreaMicrons': 100.0, 'threshold': 0.1, 'maxBackground': 2.0, 'watershedPostProcess': True, 'cellExpansionMicrons': 5.0, 'includeNuclei': True, 'smoothBoundaries': True, 'makeMeasurements': True, 'backgroundRadiusPixel': 8.0, 'cellExpansionPixel': 10.0, 'medianRadiusPixel': 0.0, 'minAreaPixel': 20.0, 'maxAreaPixel': 160.0}
2024-10-23 03:43:23 INFO: Starting QuPath image extraction with the following parameters: image_dir=/home/ilants/Documents/jupyter_test, output_dir=/home/ilants/Documents/jupyter_test/single_image_multiple_params/exp_maxAreaMicrons_100.0, image_type=svs, groovy_script=/home/ilants/Documents/utls/nucleus_detection_wargs.groovy, config_file=/home/ilants/Documents/jupyter_test/single_image_multiple_params/exp_maxAreaMicrons_100.0/cfg.json, program_path=/home/ilants/Documents/QuPath-v0.5.1-Linux/QuPath/bin/QuPath
2024-10-23 03:43:24 INFO: 03:43:24.108 [main] [INFO ] qupath.lib.gui.prefs.PathPrefs - Setting default Locale to en_US
2024-10-23 03:43:24 INFO: 03:43:24.112 [main] [INFO ] qupath.lib.gui.prefs.PathPrefs - Setting Locale for FORMAT to en_US
2024-10-23 03:43:24 INFO: 03:43:24.112 [main] [INFO ] qupath.lib.gui.prefs.PathPrefs - Setting Locale for DISPLAY to en_US
2024-10-23 03:43:24 INFO: 03:43:24.126 [main] [INFO ] qupath.lib.common.ThreadTools - Setting parallelism to 63
2024-10-23 03:43:24 INFO: 03:43:24.145 [main] [INFO ] qupath.ScriptCommand - Setting tile cache size to 32200.00 MB (25.0% max memory)
2024-10-23 03:43:24 INFO: 03:43:24.201 [main] [INFO ] qupath.lib.scripting.QP - Initializing type adapters
2024-10-23 03:43:24 INFO: Warning: Versions of org.bytedeco:javacpp:1.5.9 and org.bytedeco:opencv:4.6.0-1.5.8 do not match.
2024-10-23 03:43:24 INFO: Warning: Versions of org.bytedeco:javacpp:1.5.9 and org.bytedeco:openblas:0.3.21-1.5.8 do not match.
2024-10-23 03:43:25 INFO: project parameters are: {"detectionImageBrightfield": "Hematoxylin OD","requestedPixelSizeMicrons": 0.5,"backgroundRadiusMicrons": 4.0,"backgroundByReconstruction": true,"medianRadiusMicrons": 0.0,"sigmaMicrons": 1.5,"minAreaMicrons": 10.0,"maxAreaMicrons": 100.0,"threshold": 0.1,"maxBackground": 2.0,"watershedPostProcess": true,"cellExpansionMicrons": 5.0,"includeNuclei": true,"smoothBoundaries": true,"makeMeasurements": true,"backgroundRadiusPixel": 8.0,"cellExpansionPixel": 10.0,"medianRadiusPixel": 0.0,"minAreaPixel": 20.0,"maxAreaPixel": 160.0}
2024-10-23 03:43:25 INFO: New project created at: /home/ilants/Documents/jupyter_test/single_image_multiple_params/exp_maxAreaMicrons_100.0/QPProject
2024-10-23 03:43:25 INFO: Added: /home/ilants/Documents/jupyter_test/TCGA-GI-A2C8-01Z-00-DX1.09BD8AC9-645A-4C8B-9B36-77D833BDBA09.svs
2024-10-23 03:43:25 INFO: /home/ilants/Documents/jupyter_test/TCGA-GI-A2C8-01Z-00-DX1.09BD8AC9-645A-4C8B-9B36-77D833BDBA09.svs
2024-10-23 03:43:26 INFO: 03:43:26.180 [main] [INFO ] q.l.i.s.b.BioFormatsServerOptions - Setting max Bio-Formats readers to 32
2024-10-23 03:43:26 INFO: UriImageSupport (class qupath.lib.images.servers.bioformats.BioFormatsServerBuilder) support=3.0, builders=1
2024-10-23 03:43:26 INFO: true
2024-10-23 03:43:26 INFO: 03:43:26.858 [main] [WARN ] qupath.lib.scripting.QP - createSelectAllObject(boolean) is deprecated, use createFullImageAnnotation(boolean) instead
2024-10-23 03:43:26 INFO: 03:43:26.858 [main] [WARN ] qupath.lib.scripting.QP - createSelectAllObject(boolean, int, int) is deprecated, use createFullImageAnnotation(boolean, int, int) instead
2024-10-23 03:43:26 INFO: 03:43:26.868 [main] [WARN ] q.l.plugins.parameters.ParameterList - Unable to set parameter backgroundRadiusPixel with value 8.0
2024-10-23 03:43:26 INFO: 03:43:26.868 [main] [WARN ] q.l.plugins.parameters.ParameterList - Unable to set parameter cellExpansionPixel with value 10.0
2024-10-23 03:43:26 INFO: 03:43:26.868 [main] [WARN ] q.l.plugins.parameters.ParameterList - Unable to set parameter medianRadiusPixel with value 0.0
2024-10-23 03:43:26 INFO: 03:43:26.868 [main] [WARN ] q.l.plugins.parameters.ParameterList - Unable to set parameter minAreaPixel with value 20.0
2024-10-23 03:43:26 INFO: 03:43:26.868 [main] [WARN ] q.l.plugins.parameters.ParameterList - Unable to set parameter maxAreaPixel with value 160.0
2024-10-23 03:43:39 INFO: 03:43:39.359 [task-runner-1-9] [INFO ] q.lib.plugins.DetectionPluginTools - 0 nuclei detected (processing time: 12.37 seconds)
2024-10-23 03:43:39 INFO: 03:43:39.364 [main] [INFO ] q.l.p.CommandLineTaskRunner$CommandLineProgressMonitor - 0 nuclei detected (1%)
2024-10-23 03:43:39 INFO: 03:43:39.366 [task-runner-1-3] [INFO ] q.lib.plugins.DetectionPluginTools - 0 nuclei detected (processing time: 12.37 seconds)
2024-10-23 03:43:39 INFO: 03:43:39.366 [task-runner-1-1] [INFO ] q.lib.plugins.DetectionPluginTools - 0 nuclei detected (processing time: 12.37 seconds)
2024-10-23 03:43:39 INFO: 03:43:39.367 [task-runner-1-48] [INFO ] q.lib.plugins.DetectionPluginTools - 0 nuclei detected (processing time: 12.37 seconds)
2024-10-23 03:43:39 INFO: 03:43:39.368 [main] [INFO ] q.l.p.CommandLineTaskRunner$CommandLineProgressMonitor - 0 nuclei detected (2%)
2024-10-23 03:43:39 INFO: 03:43:39.368 [task-runner-1-4] [INFO ] q.lib.plugins.DetectionPluginTools - 0 nuclei detected (processing time: 12.37 seconds)
2024-10-23 03:43:39 INFO: 03:43:39.368 [task-runner-1-12] [INFO ] q.lib.plugins.DetectionPluginTools - 0 nuclei detected (processing time: 12.37 seconds)
2024-10-23 03:43:39 INFO: 03:43:39.368 [main] [INFO ] q.l.p.CommandLineTaskRunner$CommandLineProgressMonitor - 0 nuclei detected (3%)
2024-10-23 03:43:39 INFO: 03:43:39.369 [task-runner-1-32] [INFO ] q.lib.plugins.DetectionPluginTools - 0 nuclei detected (processing time: 12.37 seconds)
2024-10-23 03:43:39 INFO: 03:43:39.373 [task-runner-1-15] [INFO ] q.lib.plugins.DetectionPluginTools - 0 nuclei detected (processing time: 12.38 seconds)
2024-10-23 03:43:39 INFO: 03:43:39.368 [main] [INFO ] q.l.p.CommandLineTaskRunner$CommandLineProgressMonitor - 0 nuclei detected (4%)
2024-10-23 03:43:39 INFO: 03:43:39.377 [main] [INFO ] q.l.p.CommandLineTaskRunner$CommandLineProgressMonitor - 0 nuclei detected (5%)
2024-10-23 03:43:39 INFO: 03:43:39.393 [task-runner-1-16] [INFO ] q.lib.plugins.DetectionPluginTools - 0 nuclei detected (processing time: 12.40 seconds)
2024-10-23 03:43:39 INFO: 03:43:39.394 [main] [INFO ] q.l.p.CommandLineTaskRunner$CommandLineProgressMonitor - 0 nuclei detected (6%)
2024-10-23 03:43:40 INFO: 03:43:40.655 [task-runner-1-30] [INFO ] q.lib.plugins.DetectionPluginTools - 1 nucleus detected (processing time: 13.66 seconds)
2024-10-23 03:43:40 INFO: 03:43:40.660 [main] [INFO ] q.l.p.CommandLineTaskRunner$CommandLineProgressMonitor - 1 nucleus detected (6%)
2024-10-23 03:43:40 INFO: 03:43:40.666 [task-runner-1-27] [INFO ] q.lib.plugins.DetectionPluginTools - 1 nucleus detected (processing time: 13.67 seconds)
2024-10-23 03:43:40 INFO: 03:43:40.667 [main] [INFO ] q.l.p.CommandLineTaskRunner$CommandLineProgressMonitor - 1 nucleus detected (7%)
2024-10-23 03:43:40 INFO: 03:43:40.670 [task-runner-1-8] [INFO ] q.lib.plugins.DetectionPluginTools - 2 nuclei detected (processing time: 13.68 seconds)
2024-10-23 03:43:40 INFO: 03:43:40.671 [main] [INFO ] q.l.p.CommandLineTaskRunner$CommandLineProgressMonitor - 2 nuclei detected (8%)
2024-10-23 03:43:40 INFO: 03:43:40.694 [task-runner-1-47] [INFO ] q.lib.plugins.DetectionPluginTools - 7 nuclei detected (processing time: 13.69 seconds)
2024-10-23 03:43:40 INFO: 03:43:40.694 [main] [INFO ] q.l.p.CommandLineTaskRunner$CommandLineProgressMonitor - 7 nuclei detected (8%)
2024-10-23 03:43:40 INFO: 03:43:40.693 [task-runner-1-10] [INFO ] q.lib.plugins.DetectionPluginTools - 1 nucleus detected (processing time: 13.70 seconds)
2024-10-23 03:43:40 INFO: 03:43:40.695 [main] [INFO ] q.l.p.CommandLineTaskRunner$CommandLineProgressMonitor - 1 nucleus detected (9%)
2024-10-23 03:43:40 INFO: 03:43:40.695 [task-runner-1-2] [INFO ] q.lib.plugins.DetectionPluginTools - 2 nuclei detected (processing time: 13.70 seconds)
2024-10-23 03:43:40 INFO: 03:43:40.695 [main] [INFO ] q.l.p.CommandLineTaskRunner$CommandLineProgressMonitor - 2 nuclei detected (9%)
2024-10-23 03:43:40 INFO: 03:43:40.858 [task-runner-1-13] [INFO ] q.lib.plugins.DetectionPluginTools - 8 nuclei detected (processing time: 13.86 seconds)
2024-10-23 03:43:40 INFO: 03:43:40.859 [main] [INFO ] q.l.p.CommandLineTaskRunner$CommandLineProgressMonitor - 8 nuclei detected (10%)
2024-10-23 03:43:42 INFO: 03:43:42.402 [task-runner-1-6] [INFO ] q.lib.plugins.DetectionPluginTools - 6 nuclei detected (processing time: 15.41 seconds)
2024-10-23 03:43:42 INFO: 03:43:42.403 [task-runner-1-7] [INFO ] q.lib.plugins.DetectionPluginTools - 1 nucleus detected (processing time: 15.41 seconds)
2024-10-23 03:43:42 INFO: 03:43:42.403 [main] [INFO ] q.l.p.CommandLineTaskRunner$CommandLineProgressMonitor - 6 nuclei detected (11%)
2024-10-23 03:43:42 INFO: 03:43:42.403 [main] [INFO ] q.l.p.CommandLineTaskRunner$CommandLineProgressMonitor - 1 nucleus detected (11%)
2024-10-23 03:43:42 INFO: 03:43:42.404 [task-runner-1-14] [INFO ] q.lib.plugins.DetectionPluginTools - 2 nuclei detected (processing time: 15.41 seconds)
2024-10-23 03:43:42 INFO: 03:43:42.404 [main] [INFO ] q.l.p.CommandLineTaskRunner$CommandLineProgressMonitor - 2 nuclei detected (12%)
2024-10-23 03:43:42 INFO: 03:43:42.404 [task-runner-1-17] [INFO ] q.lib.plugins.DetectionPluginTools - 3 nuclei detected (processing time: 15.41 seconds)
2024-10-23 03:43:42 INFO: 03:43:42.405 [main] [INFO ] q.l.p.CommandLineTaskRunner$CommandLineProgressMonitor - 3 nuclei detected (13%)
2024-10-23 03:43:42 INFO: 03:43:42.407 [task-runner-1-29] [INFO ] q.lib.plugins.DetectionPluginTools - 5 nuclei detected (processing time: 15.41 seconds)
2024-10-23 03:43:42 INFO: 03:43:42.407 [main] [INFO ] q.l.p.CommandLineTaskRunner$CommandLineProgressMonitor - 5 nuclei detected (13%)
2024-10-23 03:43:42 INFO: 03:43:42.420 [task-runner-1-11] [INFO ] q.lib.plugins.DetectionPluginTools - 1 nucleus detected (processing time: 15.43 seconds)
2024-10-23 03:43:42 INFO: 03:43:42.421 [main] [INFO ] q.l.p.CommandLineTaskRunner$CommandLineProgressMonitor - 1 nucleus detected (14%)
2024-10-23 03:43:42 INFO: 03:43:42.444 [task-runner-1-31] [INFO ] q.lib.plugins.DetectionPluginTools - 13 nuclei detected (processing time: 15.45 seconds)
2024-10-23 03:43:42 INFO: 03:43:42.445 [main] [INFO ] q.l.p.CommandLineTaskRunner$CommandLineProgressMonitor - 13 nuclei detected (14%)
2024-10-23 03:43:42 INFO: 03:43:42.522 [task-runner-1-28] [INFO ] q.lib.plugins.DetectionPluginTools - 22 nuclei detected (processing time: 15.52 seconds)
2024-10-23 03:43:42 INFO: 03:43:42.523 [main] [INFO ] q.l.p.CommandLineTaskRunner$CommandLineProgressMonitor - 22 nuclei detected (15%)
2024-10-23 03:43:42 INFO: 03:43:42.533 [task-runner-1-26] [INFO ] q.lib.plugins.DetectionPluginTools - 50 nuclei detected (processing time: 15.54 seconds)
2024-10-23 03:43:42 INFO: 03:43:42.535 [main] [INFO ] q.l.p.CommandLineTaskRunner$CommandLineProgressMonitor - 50 nuclei detected (16%)
2024-10-23 03:43:42 INFO: 03:43:42.537 [task-runner-1-46] [INFO ] q.lib.plugins.DetectionPluginTools - 58 nuclei detected (processing time: 15.54 seconds)
2024-10-23 03:43:42 INFO: 03:43:42.549 [main] [INFO ] q.l.p.CommandLineTaskRunner$CommandLineProgressMonitor - 58 nuclei detected (16%)
2024-10-23 03:43:42 INFO: 03:43:42.685 [task-runner-1-5] [INFO ] q.lib.plugins.DetectionPluginTools - 61 nuclei detected (processing time: 15.69 seconds)
2024-10-23 03:43:42 INFO: 03:43:42.699 [main] [INFO ] q.l.p.CommandLineTaskRunner$CommandLineProgressMonitor - 61 nuclei detected (17%)
2024-10-23 03:43:42 INFO: 03:43:42.740 [task-runner-1-45] [INFO ] q.lib.plugins.DetectionPluginTools - 115 nuclei detected (processing time: 15.74 seconds)
2024-10-23 03:43:42 INFO: 03:43:42.743 [main] [INFO ] q.l.p.CommandLineTaskRunner$CommandLineProgressMonitor - 115 nuclei detected (18%)
2024-10-23 03:43:42 INFO: 03:43:42.784 [task-runner-1-63] [INFO ] q.lib.plugins.DetectionPluginTools - 150 nuclei detected (processing time: 15.78 seconds)
2024-10-23 03:43:42 INFO: 03:43:42.786 [main] [INFO ] q.l.p.CommandLineTaskRunner$CommandLineProgressMonitor - 150 nuclei detected (18%)
2024-10-23 03:43:42 INFO: 03:43:42.809 [task-runner-1-19] [INFO ] q.lib.plugins.DetectionPluginTools - 153 nuclei detected (processing time: 15.81 seconds)
2024-10-23 03:43:42 INFO: 03:43:42.809 [main] [INFO ] q.l.p.CommandLineTaskRunner$CommandLineProgressMonitor - 153 nuclei detected (19%)
2024-10-23 03:43:42 INFO: 03:43:42.821 [task-runner-1-49] [INFO ] q.lib.plugins.DetectionPluginTools - 131 nuclei detected (processing time: 15.82 seconds)
2024-10-23 03:43:42 INFO: 03:43:42.821 [main] [INFO ] q.l.p.CommandLineTaskRunner$CommandLineProgressMonitor - 131 nuclei detected (19%)
2024-10-23 03:43:42 INFO: 03:43:42.889 [task-runner-1-33] [INFO ] q.lib.plugins.DetectionPluginTools - 238 nuclei detected (processing time: 15.89 seconds)
2024-10-23 03:43:42 INFO: 03:43:42.891 [main] [INFO ] q.l.p.CommandLineTaskRunner$CommandLineProgressMonitor - 238 nuclei detected (20%)
2024-10-23 03:43:42 INFO: 03:43:42.896 [task-runner-1-62] [INFO ] q.lib.plugins.DetectionPluginTools - 219 nuclei detected (processing time: 15.89 seconds)
2024-10-23 03:43:42 INFO: 03:43:42.898 [main] [INFO ] q.l.p.CommandLineTaskRunner$CommandLineProgressMonitor - 219 nuclei detected (21%)
2024-10-23 03:43:42 INFO: 03:43:42.899 [task-runner-1-18] [INFO ] q.lib.plugins.DetectionPluginTools - 252 nuclei detected (processing time: 15.90 seconds)
2024-10-23 03:43:42 INFO: 03:43:42.900 [main] [INFO ] q.l.p.CommandLineTaskRunner$CommandLineProgressMonitor - 252 nuclei detected (21%)
2024-10-23 03:43:42 INFO: 03:43:42.928 [task-runner-1-61] [INFO ] q.lib.plugins.DetectionPluginTools - 211 nuclei detected (processing time: 15.92 seconds)
2024-10-23 03:43:42 INFO: 03:43:42.930 [main] [INFO ] q.l.p.CommandLineTaskRunner$CommandLineProgressMonitor - 211 nuclei detected (22%)
2024-10-23 03:43:42 INFO: 03:43:42.964 [task-runner-1-50] [INFO ] q.lib.plugins.DetectionPluginTools - 331 nuclei detected (processing time: 15.96 seconds)
2024-10-23 03:43:42 INFO: 03:43:42.967 [main] [INFO ] q.l.p.CommandLineTaskRunner$CommandLineProgressMonitor - 331 nuclei detected (23%)
2024-10-23 03:43:42 INFO: 03:43:42.978 [task-runner-1-44] [INFO ] q.lib.plugins.DetectionPluginTools - 276 nuclei detected (processing time: 15.98 seconds)
2024-10-23 03:43:42 INFO: 03:43:42.980 [main] [INFO ] q.l.p.CommandLineTaskRunner$CommandLineProgressMonitor - 276 nuclei detected (23%)
2024-10-23 03:43:43 INFO: 03:43:43.039 [task-runner-1-35] [INFO ] q.lib.plugins.DetectionPluginTools - 289 nuclei detected (processing time: 16.04 seconds)
2024-10-23 03:43:43 INFO: 03:43:43.042 [main] [INFO ] q.l.p.CommandLineTaskRunner$CommandLineProgressMonitor - 289 nuclei detected (24%)
2024-10-23 03:43:43 INFO: 03:43:43.049 [task-runner-1-25] [INFO ] q.lib.plugins.DetectionPluginTools - 357 nuclei detected (processing time: 16.05 seconds)
2024-10-23 03:43:43 INFO: 03:43:43.050 [main] [INFO ] q.l.p.CommandLineTaskRunner$CommandLineProgressMonitor - 357 nuclei detected (24%)
2024-10-23 03:43:43 INFO: 03:43:43.179 [task-runner-1-34] [INFO ] q.lib.plugins.DetectionPluginTools - 407 nuclei detected (processing time: 16.18 seconds)
2024-10-23 03:43:43 INFO: 03:43:43.179 [main] [INFO ] q.l.p.CommandLineTaskRunner$CommandLineProgressMonitor - 407 nuclei detected (25%)
2024-10-23 03:43:43 INFO: 03:43:43.307 [task-runner-1-20] [INFO ] q.lib.plugins.DetectionPluginTools - 688 nuclei detected (processing time: 16.31 seconds)
2024-10-23 03:43:43 INFO: 03:43:43.309 [main] [INFO ] q.l.p.CommandLineTaskRunner$CommandLineProgressMonitor - 688 nuclei detected (26%)
2024-10-23 03:43:43 INFO: 03:43:43.471 [task-runner-1-51] [INFO ] q.lib.plugins.DetectionPluginTools - 891 nuclei detected (processing time: 16.47 seconds)
2024-10-23 03:43:43 INFO: 03:43:43.473 [main] [INFO ] q.l.p.CommandLineTaskRunner$CommandLineProgressMonitor - 891 nuclei detected (26%)
2024-10-23 03:43:43 INFO: 03:43:43.503 [task-runner-1-43] [INFO ] q.lib.plugins.DetectionPluginTools - 1010 nuclei detected (processing time: 16.50 seconds)
2024-10-23 03:43:43 INFO: 03:43:43.506 [main] [INFO ] q.l.p.CommandLineTaskRunner$CommandLineProgressMonitor - 1010 nuclei detected (27%)
2024-10-23 03:43:43 INFO: 03:43:43.506 [task-runner-1-24] [INFO ] q.lib.plugins.DetectionPluginTools - 1026 nuclei detected (processing time: 16.51 seconds)
2024-10-23 03:43:43 INFO: 03:43:43.507 [main] [INFO ] q.l.p.CommandLineTaskRunner$CommandLineProgressMonitor - 1026 nuclei detected (28%)
2024-10-23 03:43:43 INFO: 03:43:43.505 [task-runner-1-23] [INFO ] q.lib.plugins.DetectionPluginTools - 1026 nuclei detected (processing time: 16.51 seconds)
2024-10-23 03:43:43 INFO: 03:43:43.610 [task-runner-1-60] [INFO ] q.lib.plugins.DetectionPluginTools - 1162 nuclei detected (processing time: 16.61 seconds)
2024-10-23 03:43:43 INFO: 03:43:43.612 [main] [INFO ] q.l.p.CommandLineTaskRunner$CommandLineProgressMonitor - 1162 nuclei detected (29%)
2024-10-23 03:43:43 INFO: 03:43:43.788 [task-runner-1-22] [INFO ] q.lib.plugins.DetectionPluginTools - 1423 nuclei detected (processing time: 16.79 seconds)
2024-10-23 03:43:43 INFO: 03:43:43.918 [main] [INFO ] q.l.p.CommandLineTaskRunner$CommandLineProgressMonitor - 1423 nuclei detected (29%)
2024-10-23 03:43:45 INFO: 03:43:45.639 [task-runner-1-9] [INFO ] q.lib.plugins.DetectionPluginTools - 1 nucleus detected (processing time: 6.28 seconds)
2024-10-23 03:43:45 INFO: 03:43:45.640 [main] [INFO ] q.l.p.CommandLineTaskRunner$CommandLineProgressMonitor - 1 nucleus detected (30%)
2024-10-23 03:43:46 INFO: 03:43:46.052 [task-runner-1-36] [INFO ] q.lib.plugins.DetectionPluginTools - 2106 nuclei detected (processing time: 19.05 seconds)
2024-10-23 03:43:46 INFO: 03:43:46.052 [main] [INFO ] q.l.p.CommandLineTaskRunner$CommandLineProgressMonitor - 2106 nuclei detected (31%)
2024-10-23 03:43:46 INFO: 03:43:46.296 [task-runner-1-52] [INFO ] q.lib.plugins.DetectionPluginTools - 2627 nuclei detected (processing time: 19.29 seconds)
2024-10-23 03:43:46 INFO: 03:43:46.298 [main] [INFO ] q.l.p.CommandLineTaskRunner$CommandLineProgressMonitor - 2627 nuclei detected (31%)
2024-10-23 03:43:46 INFO: 03:43:46.315 [task-runner-1-59] [INFO ] q.lib.plugins.DetectionPluginTools - 2827 nuclei detected (processing time: 19.31 seconds)
2024-10-23 03:43:46 INFO: 03:43:46.316 [main] [INFO ] q.l.p.CommandLineTaskRunner$CommandLineProgressMonitor - 2827 nuclei detected (32%)
2024-10-23 03:43:46 INFO: 03:43:46.804 [task-runner-1-40] [INFO ] q.lib.plugins.DetectionPluginTools - 2182 nuclei detected (processing time: 19.80 seconds)
2024-10-23 03:43:46 INFO: 03:43:46.805 [main] [INFO ] q.l.p.CommandLineTaskRunner$CommandLineProgressMonitor - 2182 nuclei detected (33%)
2024-10-23 03:43:47 INFO: 03:43:47.537 [task-runner-1-3] [INFO ] q.lib.plugins.DetectionPluginTools - 117 nuclei detected (processing time: 8.17 seconds)
2024-10-23 03:43:47 INFO: 03:43:47.538 [main] [INFO ] q.l.p.CommandLineTaskRunner$CommandLineProgressMonitor - 117 nuclei detected (33%)
2024-10-23 03:43:47 INFO: 03:43:47.554 [task-runner-1-42] [INFO ] q.lib.plugins.DetectionPluginTools - 2723 nuclei detected (processing time: 20.55 seconds)
2024-10-23 03:43:47 INFO: 03:43:47.555 [main] [INFO ] q.l.p.CommandLineTaskRunner$CommandLineProgressMonitor - 2723 nuclei detected (34%)
2024-10-23 03:43:47 INFO: 03:43:47.565 [task-runner-1-21] [INFO ] q.lib.plugins.DetectionPluginTools - 3814 nuclei detected (processing time: 20.57 seconds)
2024-10-23 03:43:47 INFO: 03:43:47.566 [main] [INFO ] q.l.p.CommandLineTaskRunner$CommandLineProgressMonitor - 3814 nuclei detected (34%)
2024-10-23 03:43:47 INFO: 03:43:47.668 [task-runner-1-48] [INFO ] q.lib.plugins.DetectionPluginTools - 387 nuclei detected (processing time: 8.30 seconds)
2024-10-23 03:43:47 INFO: 03:43:47.670 [main] [INFO ] q.l.p.CommandLineTaskRunner$CommandLineProgressMonitor - 387 nuclei detected (35%)
2024-10-23 03:43:48 INFO: 03:43:48.362 [task-runner-1-4] [INFO ] q.lib.plugins.DetectionPluginTools - 497 nuclei detected (processing time: 8.99 seconds)
2024-10-23 03:43:48 INFO: 03:43:48.363 [main] [INFO ] q.l.p.CommandLineTaskRunner$CommandLineProgressMonitor - 497 nuclei detected (36%)
2024-10-23 03:43:48 INFO: 03:43:48.508 [task-runner-1-39] [INFO ] q.lib.plugins.DetectionPluginTools - 3027 nuclei detected (processing time: 21.51 seconds)
2024-10-23 03:43:48 INFO: 03:43:48.509 [main] [INFO ] q.l.p.CommandLineTaskRunner$CommandLineProgressMonitor - 3027 nuclei detected (36%)
2024-10-23 03:43:48 INFO: 03:43:48.537 [task-runner-1-6] [INFO ] q.lib.plugins.DetectionPluginTools - 0 nuclei detected (processing time: 6.13 seconds)
2024-10-23 03:43:48 INFO: 03:43:48.540 [main] [INFO ] q.l.p.CommandLineTaskRunner$CommandLineProgressMonitor - 0 nuclei detected (37%)
2024-10-23 03:43:48 INFO: 03:43:48.669 [task-runner-1-41] [INFO ] q.lib.plugins.DetectionPluginTools - 2577 nuclei detected (processing time: 21.67 seconds)
2024-10-23 03:43:48 INFO: 03:43:48.670 [main] [INFO ] q.l.p.CommandLineTaskRunner$CommandLineProgressMonitor - 2577 nuclei detected (38%)
2024-10-23 03:43:48 INFO: 03:43:48.974 [task-runner-1-38] [INFO ] q.lib.plugins.DetectionPluginTools - 3940 nuclei detected (processing time: 21.98 seconds)
2024-10-23 03:43:48 INFO: 03:43:48.976 [main] [INFO ] q.l.p.CommandLineTaskRunner$CommandLineProgressMonitor - 3940 nuclei detected (38%)
2024-10-23 03:43:49 INFO: 03:43:49.025 [task-runner-1-13] [INFO ] q.lib.plugins.DetectionPluginTools - 217 nuclei detected (processing time: 8.17 seconds)
2024-10-23 03:43:49 INFO: 03:43:49.027 [main] [INFO ] q.l.p.CommandLineTaskRunner$CommandLineProgressMonitor - 217 nuclei detected (39%)
2024-10-23 03:43:49 INFO: 03:43:49.418 [task-runner-1-58] [INFO ] q.lib.plugins.DetectionPluginTools - 2775 nuclei detected (processing time: 22.42 seconds)
2024-10-23 03:43:49 INFO: 03:43:49.420 [main] [INFO ] q.l.p.CommandLineTaskRunner$CommandLineProgressMonitor - 2775 nuclei detected (39%)
2024-10-23 03:43:49 INFO: 03:43:49.544 [task-runner-1-14] [INFO ] q.lib.plugins.DetectionPluginTools - 140 nuclei detected (processing time: 7.14 seconds)
2024-10-23 03:43:49 INFO: 03:43:49.546 [main] [INFO ] q.l.p.CommandLineTaskRunner$CommandLineProgressMonitor - 140 nuclei detected (40%)
2024-10-23 03:43:49 INFO: 03:43:49.889 [task-runner-1-33] [INFO ] q.lib.plugins.DetectionPluginTools - 110 nuclei detected (processing time: 7.00 seconds)
2024-10-23 03:43:49 INFO: 03:43:49.891 [main] [INFO ] q.l.p.CommandLineTaskRunner$CommandLineProgressMonitor - 110 nuclei detected (41%)
2024-10-23 03:43:50 INFO: 03:43:50.060 [task-runner-1-62] [INFO ] q.lib.plugins.DetectionPluginTools - 3 nuclei detected (processing time: 7.16 seconds)
2024-10-23 03:43:50 INFO: 03:43:50.061 [main] [INFO ] q.l.p.CommandLineTaskRunner$CommandLineProgressMonitor - 3 nuclei detected (41%)
2024-10-23 03:43:50 INFO: 03:43:50.076 [task-runner-1-37] [INFO ] q.lib.plugins.DetectionPluginTools - 4553 nuclei detected (processing time: 23.08 seconds)
2024-10-23 03:43:50 INFO: 03:43:50.079 [main] [INFO ] q.l.p.CommandLineTaskRunner$CommandLineProgressMonitor - 4553 nuclei detected (42%)
2024-10-23 03:43:50 INFO: 03:43:50.229 [task-runner-1-7] [INFO ] q.lib.plugins.DetectionPluginTools - 117 nuclei detected (processing time: 7.83 seconds)
2024-10-23 03:43:50 INFO: 03:43:50.237 [main] [INFO ] q.l.p.CommandLineTaskRunner$CommandLineProgressMonitor - 117 nuclei detected (43%)
2024-10-23 03:43:50 INFO: 03:43:50.918 [task-runner-1-57] [INFO ] q.lib.plugins.DetectionPluginTools - 3431 nuclei detected (processing time: 23.92 seconds)
2024-10-23 03:43:50 INFO: 03:43:50.919 [main] [INFO ] q.l.p.CommandLineTaskRunner$CommandLineProgressMonitor - 3431 nuclei detected (43%)
2024-10-23 03:43:51 INFO: 03:43:51.107 [task-runner-1-61] [INFO ] q.lib.plugins.DetectionPluginTools - 150 nuclei detected (processing time: 8.18 seconds)
2024-10-23 03:43:51 INFO: 03:43:51.109 [main] [INFO ] q.l.p.CommandLineTaskRunner$CommandLineProgressMonitor - 150 nuclei detected (44%)
2024-10-23 03:43:51 INFO: 03:43:51.170 [task-runner-1-50] [INFO ] q.lib.plugins.DetectionPluginTools - 247 nuclei detected (processing time: 8.20 seconds)
2024-10-23 03:43:51 INFO: 03:43:51.172 [main] [INFO ] q.l.p.CommandLineTaskRunner$CommandLineProgressMonitor - 247 nuclei detected (44%)
2024-10-23 03:43:51 INFO: 03:43:51.369 [task-runner-1-18] [INFO ] q.lib.plugins.DetectionPluginTools - 152 nuclei detected (processing time: 8.47 seconds)
2024-10-23 03:43:51 INFO: 03:43:51.371 [main] [INFO ] q.l.p.CommandLineTaskRunner$CommandLineProgressMonitor - 152 nuclei detected (45%)
2024-10-23 03:43:51 INFO: 03:43:51.611 [task-runner-1-55] [INFO ] q.lib.plugins.DetectionPluginTools - 3364 nuclei detected (processing time: 24.61 seconds)
2024-10-23 03:43:51 INFO: 03:43:51.613 [main] [INFO ] q.l.p.CommandLineTaskRunner$CommandLineProgressMonitor - 3364 nuclei detected (46%)
2024-10-23 03:43:52 INFO: 03:43:52.048 [task-runner-1-17] [INFO ] q.lib.plugins.DetectionPluginTools - 869 nuclei detected (processing time: 9.64 seconds)
2024-10-23 03:43:52 INFO: 03:43:52.052 [main] [INFO ] q.l.p.CommandLineTaskRunner$CommandLineProgressMonitor - 869 nuclei detected (46%)
2024-10-23 03:43:52 INFO: 03:43:52.151 [task-runner-1-2] [INFO ] q.lib.plugins.DetectionPluginTools - 748 nuclei detected (processing time: 11.46 seconds)
2024-10-23 03:43:52 INFO: 03:43:52.153 [main] [INFO ] q.l.p.CommandLineTaskRunner$CommandLineProgressMonitor - 748 nuclei detected (47%)
2024-10-23 03:43:52 INFO: 03:43:52.322 [task-runner-1-56] [INFO ] q.lib.plugins.DetectionPluginTools - 4159 nuclei detected (processing time: 25.32 seconds)
2024-10-23 03:43:52 INFO: 03:43:52.323 [main] [INFO ] q.l.p.CommandLineTaskRunner$CommandLineProgressMonitor - 4159 nuclei detected (48%)
2024-10-23 03:43:52 INFO: 03:43:52.678 [task-runner-1-54] [INFO ] q.lib.plugins.DetectionPluginTools - 4727 nuclei detected (processing time: 25.68 seconds)
2024-10-23 03:43:52 INFO: 03:43:52.681 [main] [INFO ] q.l.p.CommandLineTaskRunner$CommandLineProgressMonitor - 4727 nuclei detected (48%)
2024-10-23 03:43:52 INFO: 03:43:52.756 [task-runner-1-9] [INFO ] q.lib.plugins.DetectionPluginTools - 45 nuclei detected (processing time: 7.12 seconds)
2024-10-23 03:43:52 INFO: 03:43:52.758 [main] [INFO ] q.l.p.CommandLineTaskRunner$CommandLineProgressMonitor - 45 nuclei detected (49%)
2024-10-23 03:43:53 INFO: 03:43:53.312 [task-runner-1-53] [INFO ] q.lib.plugins.DetectionPluginTools - 6168 nuclei detected (processing time: 26.31 seconds)
2024-10-23 03:43:53 INFO: 03:43:53.313 [main] [INFO ] q.l.p.CommandLineTaskRunner$CommandLineProgressMonitor - 6168 nuclei detected (49%)
2024-10-23 03:43:53 INFO: 03:43:53.495 [task-runner-1-36] [INFO ] q.lib.plugins.DetectionPluginTools - 1 nucleus detected (processing time: 7.44 seconds)
2024-10-23 03:43:53 INFO: 03:43:53.496 [main] [INFO ] q.l.p.CommandLineTaskRunner$CommandLineProgressMonitor - 1 nucleus detected (50%)
2024-10-23 03:43:54 INFO: 03:43:54.060 [task-runner-1-49] [INFO ] q.lib.plugins.DetectionPluginTools - 797 nuclei detected (processing time: 11.24 seconds)
2024-10-23 03:43:54 INFO: 03:43:54.072 [main] [INFO ] q.l.p.CommandLineTaskRunner$CommandLineProgressMonitor - 797 nuclei detected (51%)
2024-10-23 03:43:54 INFO: 03:43:54.411 [task-runner-1-59] [INFO ] q.lib.plugins.DetectionPluginTools - 263 nuclei detected (processing time: 8.10 seconds)
2024-10-23 03:43:54 INFO: 03:43:54.413 [main] [INFO ] q.l.p.CommandLineTaskRunner$CommandLineProgressMonitor - 263 nuclei detected (51%)
2024-10-23 03:43:55 INFO: 03:43:55.020 [task-runner-1-52] [INFO ] q.lib.plugins.DetectionPluginTools - 343 nuclei detected (processing time: 8.72 seconds)
2024-10-23 03:43:55 INFO: 03:43:55.028 [main] [INFO ] q.l.p.CommandLineTaskRunner$CommandLineProgressMonitor - 343 nuclei detected (52%)
2024-10-23 03:43:55 INFO: 03:43:55.410 [task-runner-1-10] [INFO ] q.lib.plugins.DetectionPluginTools - 1471 nuclei detected (processing time: 14.72 seconds)
2024-10-23 03:43:55 INFO: 03:43:55.412 [main] [INFO ] q.l.p.CommandLineTaskRunner$CommandLineProgressMonitor - 1471 nuclei detected (53%)
2024-10-23 03:43:55 INFO: 03:43:55.710 [task-runner-1-14] [INFO ] q.lib.plugins.DetectionPluginTools - 0 nuclei detected (processing time: 6.16 seconds)
2024-10-23 03:43:55 INFO: 03:43:55.711 [main] [INFO ] q.l.p.CommandLineTaskRunner$CommandLineProgressMonitor - 0 nuclei detected (53%)
2024-10-23 03:43:57 INFO: 03:43:57.255 [task-runner-1-33] [INFO ] q.lib.plugins.DetectionPluginTools - 0 nuclei detected (processing time: 7.36 seconds)
2024-10-23 03:43:57 INFO: 03:43:57.259 [main] [INFO ] q.l.p.CommandLineTaskRunner$CommandLineProgressMonitor - 0 nuclei detected (54%)
2024-10-23 03:43:57 INFO: 03:43:57.325 [task-runner-1-55] [INFO ] q.lib.plugins.DetectionPluginTools - 0 nuclei detected (processing time: 5.71 seconds)
2024-10-23 03:43:57 INFO: 03:43:57.381 [task-runner-1-62] [INFO ] q.lib.plugins.DetectionPluginTools - 112 nuclei detected (processing time: 7.32 seconds)
2024-10-23 03:43:57 INFO: 03:43:57.382 [main] [INFO ] q.l.p.CommandLineTaskRunner$CommandLineProgressMonitor - 112 nuclei detected (55%)
2024-10-23 03:43:57 INFO: 03:43:57.504 [task-runner-1-57] [INFO ] q.lib.plugins.DetectionPluginTools - 3 nuclei detected (processing time: 6.59 seconds)
2024-10-23 03:43:57 INFO: 03:43:57.506 [main] [INFO ] q.l.p.CommandLineTaskRunner$CommandLineProgressMonitor - 3 nuclei detected (56%)
2024-10-23 03:43:57 INFO: 03:43:57.616 [task-runner-1-50] [INFO ] q.lib.plugins.DetectionPluginTools - 0 nuclei detected (processing time: 6.44 seconds)
2024-10-23 03:43:57 INFO: 03:43:57.620 [main] [INFO ] q.l.p.CommandLineTaskRunner$CommandLineProgressMonitor - 0 nuclei detected (56%)
2024-10-23 03:43:57 INFO: 03:43:57.706 [task-runner-1-7] [INFO ] q.lib.plugins.DetectionPluginTools - 111 nuclei detected (processing time: 7.47 seconds)
2024-10-23 03:43:57 INFO: 03:43:57.708 [main] [INFO ] q.l.p.CommandLineTaskRunner$CommandLineProgressMonitor - 111 nuclei detected (57%)
2024-10-23 03:43:57 INFO: 03:43:57.719 [task-runner-1-37] [INFO ] q.lib.plugins.DetectionPluginTools - 81 nuclei detected (processing time: 7.64 seconds)
2024-10-23 03:43:57 INFO: 03:43:57.721 [main] [INFO ] q.l.p.CommandLineTaskRunner$CommandLineProgressMonitor - 81 nuclei detected (57%)
2024-10-23 03:43:57 INFO: 03:43:57.724 [task-runner-1-18] [INFO ] q.lib.plugins.DetectionPluginTools - 0 nuclei detected (processing time: 6.35 seconds)
2024-10-23 03:43:57 INFO: 03:43:57.727 [main] [INFO ] q.l.p.CommandLineTaskRunner$CommandLineProgressMonitor - 0 nuclei detected (58%)
2024-10-23 03:43:58 INFO: 03:43:58.015 [task-runner-1-12] [INFO ] q.lib.plugins.DetectionPluginTools - 2808 nuclei detected (processing time: 18.65 seconds)
2024-10-23 03:43:58 INFO: 03:43:58.027 [main] [INFO ] q.l.p.CommandLineTaskRunner$CommandLineProgressMonitor - 2808 nuclei detected (59%)
2024-10-23 03:43:58 INFO: 03:43:58.175 [task-runner-1-61] [INFO ] q.lib.plugins.DetectionPluginTools - 12 nuclei detected (processing time: 7.07 seconds)
2024-10-23 03:43:58 INFO: 03:43:58.176 [main] [INFO ] q.l.p.CommandLineTaskRunner$CommandLineProgressMonitor - 12 nuclei detected (59%)
2024-10-23 03:43:58 INFO: 03:43:58.478 [task-runner-1-40] [INFO ] q.lib.plugins.DetectionPluginTools - 310 nuclei detected (processing time: 11.67 seconds)
2024-10-23 03:43:58 INFO: 03:43:58.480 [main] [INFO ] q.l.p.CommandLineTaskRunner$CommandLineProgressMonitor - 310 nuclei detected (60%)
2024-10-23 03:43:58 INFO: 03:43:58.533 [task-runner-1-17] [INFO ] q.lib.plugins.DetectionPluginTools - 24 nuclei detected (processing time: 6.48 seconds)
2024-10-23 03:43:58 INFO: 03:43:58.536 [main] [INFO ] q.l.p.CommandLineTaskRunner$CommandLineProgressMonitor - 24 nuclei detected (61%)
2024-10-23 03:43:59 INFO: 03:43:59.276 [task-runner-1-22] [INFO ] q.lib.plugins.DetectionPluginTools - 2333 nuclei detected (processing time: 15.36 seconds)
2024-10-23 03:43:59 INFO: 03:43:59.278 [main] [INFO ] q.l.p.CommandLineTaskRunner$CommandLineProgressMonitor - 2333 nuclei detected (61%)
2024-10-23 03:43:59 INFO: 03:43:59.527 [task-runner-1-53] [INFO ] q.lib.plugins.DetectionPluginTools - 0 nuclei detected (processing time: 6.21 seconds)
2024-10-23 03:43:59 INFO: 03:43:59.528 [main] [INFO ] q.l.p.CommandLineTaskRunner$CommandLineProgressMonitor - 0 nuclei detected (62%)
2024-10-23 03:43:59 INFO: 03:43:59.793 [task-runner-1-36] [INFO ] q.lib.plugins.DetectionPluginTools - 0 nuclei detected (processing time: 6.30 seconds)
2024-10-23 03:43:59 INFO: 03:43:59.794 [main] [INFO ] q.l.p.CommandLineTaskRunner$CommandLineProgressMonitor - 0 nuclei detected (63%)
2024-10-23 03:43:59 INFO: 03:43:59.808 [task-runner-1-58] [INFO ] q.lib.plugins.DetectionPluginTools - 1128 nuclei detected (processing time: 10.39 seconds)
2024-10-23 03:43:59 INFO: 03:43:59.809 [main] [INFO ] q.l.p.CommandLineTaskRunner$CommandLineProgressMonitor - 1128 nuclei detected (63%)
2024-10-23 03:43:59 INFO: 03:43:59.846 [task-runner-1-2] [INFO ] q.lib.plugins.DetectionPluginTools - 363 nuclei detected (processing time: 7.69 seconds)
2024-10-23 03:43:59 INFO: 03:43:59.847 [main] [INFO ] q.l.p.CommandLineTaskRunner$CommandLineProgressMonitor - 363 nuclei detected (64%)
2024-10-23 03:44:00 INFO: 03:44:00.512 [task-runner-1-49] [INFO ] q.lib.plugins.DetectionPluginTools - 0 nuclei detected (processing time: 6.44 seconds)
2024-10-23 03:44:00 INFO: 03:44:00.513 [main] [INFO ] q.l.p.CommandLineTaskRunner$CommandLineProgressMonitor - 0 nuclei detected (64%)
2024-10-23 03:44:01 INFO: 03:44:01.251 [task-runner-1-59] [INFO ] q.lib.plugins.DetectionPluginTools - 8 nuclei detected (processing time: 6.84 seconds)
2024-10-23 03:44:01 INFO: 03:44:01.252 [main] [INFO ] q.l.p.CommandLineTaskRunner$CommandLineProgressMonitor - 8 nuclei detected (65%)
2024-10-23 03:44:01 INFO: 03:44:01.285 [task-runner-1-16] [INFO ] q.lib.plugins.DetectionPluginTools - 4416 nuclei detected (processing time: 21.89 seconds)
2024-10-23 03:44:01 INFO: 03:44:01.286 [main] [INFO ] q.l.p.CommandLineTaskRunner$CommandLineProgressMonitor - 4416 nuclei detected (66%)
2024-10-23 03:44:01 INFO: 03:44:01.414 [task-runner-1-48] [INFO ] q.lib.plugins.DetectionPluginTools - 1395 nuclei detected (processing time: 13.74 seconds)
2024-10-23 03:44:01 INFO: 03:44:01.415 [main] [INFO ] q.l.p.CommandLineTaskRunner$CommandLineProgressMonitor - 1395 nuclei detected (66%)
2024-10-23 03:44:01 INFO: 03:44:01.459 [task-runner-1-47] [INFO ] q.lib.plugins.DetectionPluginTools - 3421 nuclei detected (processing time: 20.77 seconds)
2024-10-23 03:44:01 INFO: 03:44:01.460 [main] [INFO ] q.l.p.CommandLineTaskRunner$CommandLineProgressMonitor - 3421 nuclei detected (67%)
2024-10-23 03:44:01 INFO: 03:44:01.835 [task-runner-1-52] [INFO ] q.lib.plugins.DetectionPluginTools - 1 nucleus detected (processing time: 6.81 seconds)
2024-10-23 03:44:01 INFO: 03:44:01.836 [main] [INFO ] q.l.p.CommandLineTaskRunner$CommandLineProgressMonitor - 1 nucleus detected (68%)
2024-10-23 03:44:01 INFO: 03:44:01.998 [task-runner-1-15] [INFO ] q.lib.plugins.DetectionPluginTools - 4194 nuclei detected (processing time: 22.63 seconds)
2024-10-23 03:44:02 INFO: 03:44:01.998 [main] [INFO ] q.l.p.CommandLineTaskRunner$CommandLineProgressMonitor - 4194 nuclei detected (68%)
2024-10-23 03:44:02 INFO: 03:44:02.071 [task-runner-1-32] [INFO ] q.lib.plugins.DetectionPluginTools - 6762 nuclei detected (processing time: 22.70 seconds)
2024-10-23 03:44:02 INFO: 03:44:02.071 [main] [INFO ] q.l.p.CommandLineTaskRunner$CommandLineProgressMonitor - 6762 nuclei detected (69%)
2024-10-23 03:44:02 INFO: 03:44:02.083 [task-runner-1-29] [INFO ] q.lib.plugins.DetectionPluginTools - 3223 nuclei detected (processing time: 19.68 seconds)
2024-10-23 03:44:02 INFO: 03:44:02.084 [main] [INFO ] q.l.p.CommandLineTaskRunner$CommandLineProgressMonitor - 3223 nuclei detected (69%)
2024-10-23 03:44:02 INFO: 03:44:02.199 [task-runner-1-10] [INFO ] q.lib.plugins.DetectionPluginTools - 0 nuclei detected (processing time: 6.79 seconds)
2024-10-23 03:44:02 INFO: 03:44:02.200 [main] [INFO ] q.l.p.CommandLineTaskRunner$CommandLineProgressMonitor - 0 nuclei detected (70%)
2024-10-23 03:44:02 INFO: 03:44:02.272 [task-runner-1-14] [INFO ] q.lib.plugins.DetectionPluginTools - 1 nucleus detected (processing time: 6.56 seconds)
2024-10-23 03:44:02 INFO: 03:44:02.272 [main] [INFO ] q.l.p.CommandLineTaskRunner$CommandLineProgressMonitor - 1 nucleus detected (71%)
2024-10-23 03:44:02 INFO: 03:44:02.436 [task-runner-1-21] [INFO ] q.lib.plugins.DetectionPluginTools - 1373 nuclei detected (processing time: 14.87 seconds)
2024-10-23 03:44:02 INFO: 03:44:02.437 [main] [INFO ] q.l.p.CommandLineTaskRunner$CommandLineProgressMonitor - 1373 nuclei detected (71%)
2024-10-23 03:44:02 INFO: 03:44:02.548 [task-runner-1-1] [INFO ] q.lib.plugins.DetectionPluginTools - 5542 nuclei detected (processing time: 23.18 seconds)
2024-10-23 03:44:02 INFO: 03:44:02.548 [main] [INFO ] q.l.p.CommandLineTaskRunner$CommandLineProgressMonitor - 5542 nuclei detected (72%)
2024-10-23 03:44:02 INFO: 03:44:02.636 [task-runner-1-57] [INFO ] q.lib.plugins.DetectionPluginTools - 1 nucleus detected (processing time: 5.13 seconds)
2024-10-23 03:44:02 INFO: 03:44:02.637 [main] [INFO ] q.l.p.CommandLineTaskRunner$CommandLineProgressMonitor - 1 nucleus detected (73%)
2024-10-23 03:44:02 INFO: 03:44:02.822 [task-runner-1-27] [INFO ] q.lib.plugins.DetectionPluginTools - 3782 nuclei detected (processing time: 22.15 seconds)
2024-10-23 03:44:02 INFO: 03:44:02.822 [main] [INFO ] q.l.p.CommandLineTaskRunner$CommandLineProgressMonitor - 3782 nuclei detected (73%)
2024-10-23 03:44:02 INFO: 03:44:02.898 [task-runner-1-62] [INFO ] q.lib.plugins.DetectionPluginTools - 1 nucleus detected (processing time: 5.52 seconds)
2024-10-23 03:44:02 INFO: 03:44:02.899 [main] [INFO ] q.l.p.CommandLineTaskRunner$CommandLineProgressMonitor - 1 nucleus detected (74%)
2024-10-23 03:44:03 INFO: 03:44:03.063 [task-runner-1-56] [INFO ] q.lib.plugins.DetectionPluginTools - 1582 nuclei detected (processing time: 10.74 seconds)
2024-10-23 03:44:03 INFO: 03:44:03.064 [main] [INFO ] q.l.p.CommandLineTaskRunner$CommandLineProgressMonitor - 1582 nuclei detected (74%)
2024-10-23 03:44:03 INFO: 03:44:03.143 [task-runner-1-8] [INFO ] q.lib.plugins.DetectionPluginTools - 3549 nuclei detected (processing time: 22.47 seconds)
2024-10-23 03:44:03 INFO: 03:44:03.143 [main] [INFO ] q.l.p.CommandLineTaskRunner$CommandLineProgressMonitor - 3549 nuclei detected (75%)
2024-10-23 03:44:03 INFO: 03:44:03.151 [task-runner-1-44] [INFO ] q.lib.plugins.DetectionPluginTools - 2730 nuclei detected (processing time: 20.17 seconds)
2024-10-23 03:44:03 INFO: 03:44:03.152 [main] [INFO ] q.l.p.CommandLineTaskRunner$CommandLineProgressMonitor - 2730 nuclei detected (76%)
2024-10-23 03:44:03 INFO: 03:44:03.199 [task-runner-1-61] [INFO ] q.lib.plugins.DetectionPluginTools - 0 nuclei detected (processing time: 5.02 seconds)
2024-10-23 03:44:03 INFO: 03:44:03.200 [main] [INFO ] q.l.p.CommandLineTaskRunner$CommandLineProgressMonitor - 0 nuclei detected (76%)
2024-10-23 03:44:03 INFO: 03:44:03.203 [task-runner-1-50] [INFO ] q.lib.plugins.DetectionPluginTools - 0 nuclei detected (processing time: 5.58 seconds)
2024-10-23 03:44:03 INFO: 03:44:03.203 [main] [INFO ] q.l.p.CommandLineTaskRunner$CommandLineProgressMonitor - 0 nuclei detected (77%)
2024-10-23 03:44:03 INFO: 03:44:03.270 [task-runner-1-45] [INFO ] q.lib.plugins.DetectionPluginTools - 3195 nuclei detected (processing time: 20.53 seconds)
2024-10-23 03:44:03 INFO: 03:44:03.271 [main] [INFO ] q.l.p.CommandLineTaskRunner$CommandLineProgressMonitor - 3195 nuclei detected (78%)
2024-10-23 03:44:03 INFO: 03:44:03.277 [task-runner-1-42] [INFO ] q.lib.plugins.DetectionPluginTools - 2133 nuclei detected (processing time: 15.72 seconds)
2024-10-23 03:44:03 INFO: 03:44:03.277 [main] [INFO ] q.l.p.CommandLineTaskRunner$CommandLineProgressMonitor - 2133 nuclei detected (78%)
2024-10-23 03:44:03 INFO: 03:44:03.408 [task-runner-1-12] [INFO ] q.lib.plugins.DetectionPluginTools - 0 nuclei detected (processing time: 5.38 seconds)
2024-10-23 03:44:03 INFO: 03:44:03.408 [main] [INFO ] q.l.p.CommandLineTaskRunner$CommandLineProgressMonitor - 0 nuclei detected (79%)
2024-10-23 03:44:03 INFO: 03:44:03.523 [task-runner-1-11] [INFO ] q.lib.plugins.DetectionPluginTools - 3540 nuclei detected (processing time: 21.10 seconds)
2024-10-23 03:44:03 INFO: 03:44:03.523 [main] [INFO ] q.l.p.CommandLineTaskRunner$CommandLineProgressMonitor - 3540 nuclei detected (79%)
2024-10-23 03:44:03 INFO: 03:44:03.523 [task-runner-1-33] [INFO ] q.lib.plugins.DetectionPluginTools - 1 nucleus detected (processing time: 6.26 seconds)
2024-10-23 03:44:03 INFO: 03:44:03.524 [main] [INFO ] q.l.p.CommandLineTaskRunner$CommandLineProgressMonitor - 1 nucleus detected (80%)
2024-10-23 03:44:03 INFO: 03:44:03.532 [task-runner-1-30] [INFO ] q.lib.plugins.DetectionPluginTools - 4130 nuclei detected (processing time: 22.87 seconds)
2024-10-23 03:44:03 INFO: 03:44:03.533 [main] [INFO ] q.l.p.CommandLineTaskRunner$CommandLineProgressMonitor - 4130 nuclei detected (81%)
2024-10-23 03:44:03 INFO: 03:44:03.553 [task-runner-1-26] [INFO ] q.lib.plugins.DetectionPluginTools - 4307 nuclei detected (processing time: 21.02 seconds)
2024-10-23 03:44:03 INFO: 03:44:03.554 [main] [INFO ] q.l.p.CommandLineTaskRunner$CommandLineProgressMonitor - 4307 nuclei detected (81%)
2024-10-23 03:44:03 INFO: 03:44:03.556 [task-runner-1-37] [INFO ] q.lib.plugins.DetectionPluginTools - 0 nuclei detected (processing time: 5.84 seconds)
2024-10-23 03:44:03 INFO: 03:44:03.556 [main] [INFO ] q.l.p.CommandLineTaskRunner$CommandLineProgressMonitor - 0 nuclei detected (82%)
2024-10-23 03:44:03 INFO: 03:44:03.568 [task-runner-1-40] [INFO ] q.lib.plugins.DetectionPluginTools - 0 nuclei detected (processing time: 5.09 seconds)
2024-10-23 03:44:03 INFO: 03:44:03.568 [main] [INFO ] q.l.p.CommandLineTaskRunner$CommandLineProgressMonitor - 0 nuclei detected (83%)
2024-10-23 03:44:03 INFO: 03:44:03.589 [task-runner-1-55] [INFO ] q.lib.plugins.DetectionPluginTools - 0 nuclei detected (processing time: 6.26 seconds)
2024-10-23 03:44:03 INFO: 03:44:03.607 [task-runner-1-19] [INFO ] q.lib.plugins.DetectionPluginTools - 2582 nuclei detected (processing time: 20.80 seconds)
2024-10-23 03:44:03 INFO: 03:44:03.607 [main] [INFO ] q.l.p.CommandLineTaskRunner$CommandLineProgressMonitor - 2582 nuclei detected (84%)
2024-10-23 03:44:03 INFO: 03:44:03.674 [task-runner-1-18] [INFO ] q.lib.plugins.DetectionPluginTools - 0 nuclei detected (processing time: 5.95 seconds)
2024-10-23 03:44:03 INFO: 03:44:03.674 [main] [INFO ] q.l.p.CommandLineTaskRunner$CommandLineProgressMonitor - 0 nuclei detected (84%)
2024-10-23 03:44:03 INFO: 03:44:03.744 [task-runner-1-17] [INFO ] q.lib.plugins.DetectionPluginTools - 0 nuclei detected (processing time: 5.21 seconds)
2024-10-23 03:44:03 INFO: 03:44:03.744 [main] [INFO ] q.l.p.CommandLineTaskRunner$CommandLineProgressMonitor - 0 nuclei detected (85%)
2024-10-23 03:44:03 INFO: 03:44:03.749 [task-runner-1-7] [INFO ] q.lib.plugins.DetectionPluginTools - 1 nucleus detected (processing time: 6.04 seconds)
2024-10-23 03:44:03 INFO: 03:44:03.749 [main] [INFO ] q.l.p.CommandLineTaskRunner$CommandLineProgressMonitor - 1 nucleus detected (86%)
2024-10-23 03:44:03 INFO: 03:44:03.789 [task-runner-1-3] [INFO ] q.lib.plugins.DetectionPluginTools - 1190 nuclei detected (processing time: 16.25 seconds)
2024-10-23 03:44:03 INFO: 03:44:03.789 [main] [INFO ] q.l.p.CommandLineTaskRunner$CommandLineProgressMonitor - 1190 nuclei detected (86%)
2024-10-23 03:44:04 INFO: 03:44:04.020 [task-runner-1-31] [INFO ] q.lib.plugins.DetectionPluginTools - 4620 nuclei detected (processing time: 21.58 seconds)
2024-10-23 03:44:04 INFO: 03:44:04.021 [main] [INFO ] q.l.p.CommandLineTaskRunner$CommandLineProgressMonitor - 4620 nuclei detected (87%)
2024-10-23 03:44:04 INFO: 03:44:04.044 [task-runner-1-63] [INFO ] q.lib.plugins.DetectionPluginTools - 3018 nuclei detected (processing time: 21.26 seconds)
2024-10-23 03:44:04 INFO: 03:44:04.044 [main] [INFO ] q.l.p.CommandLineTaskRunner$CommandLineProgressMonitor - 3018 nuclei detected (88%)
2024-10-23 03:44:04 INFO: 03:44:04.138 [task-runner-1-28] [INFO ] q.lib.plugins.DetectionPluginTools - 3940 nuclei detected (processing time: 21.62 seconds)
2024-10-23 03:44:04 INFO: 03:44:04.138 [main] [INFO ] q.l.p.CommandLineTaskRunner$CommandLineProgressMonitor - 3940 nuclei detected (88%)
2024-10-23 03:44:04 INFO: 03:44:04.251 [task-runner-1-25] [INFO ] q.lib.plugins.DetectionPluginTools - 2828 nuclei detected (processing time: 21.20 seconds)
2024-10-23 03:44:04 INFO: 03:44:04.252 [main] [INFO ] q.l.p.CommandLineTaskRunner$CommandLineProgressMonitor - 2828 nuclei detected (89%)
2024-10-23 03:44:04 INFO: 03:44:04.321 [task-runner-1-54] [INFO ] q.lib.plugins.DetectionPluginTools - 2400 nuclei detected (processing time: 11.64 seconds)
2024-10-23 03:44:04 INFO: 03:44:04.322 [main] [INFO ] q.l.p.CommandLineTaskRunner$CommandLineProgressMonitor - 2400 nuclei detected (89%)
2024-10-23 03:44:04 INFO: 03:44:04.323 [task-runner-1-35] [INFO ] q.lib.plugins.DetectionPluginTools - 3733 nuclei detected (processing time: 21.28 seconds)
2024-10-23 03:44:04 INFO: 03:44:04.323 [main] [INFO ] q.l.p.CommandLineTaskRunner$CommandLineProgressMonitor - 3733 nuclei detected (90%)
2024-10-23 03:44:04 INFO: 03:44:04.373 [task-runner-1-34] [INFO ] q.lib.plugins.DetectionPluginTools - 2974 nuclei detected (processing time: 21.19 seconds)
2024-10-23 03:44:04 INFO: 03:44:04.373 [main] [INFO ] q.l.p.CommandLineTaskRunner$CommandLineProgressMonitor - 2974 nuclei detected (91%)
2024-10-23 03:44:04 INFO: 03:44:04.432 [task-runner-1-5] [INFO ] q.lib.plugins.DetectionPluginTools - 3716 nuclei detected (processing time: 21.75 seconds)
2024-10-23 03:44:04 INFO: 03:44:04.433 [main] [INFO ] q.l.p.CommandLineTaskRunner$CommandLineProgressMonitor - 3716 nuclei detected (91%)
2024-10-23 03:44:04 INFO: 03:44:04.473 [task-runner-1-46] [INFO ] q.lib.plugins.DetectionPluginTools - 4340 nuclei detected (processing time: 21.92 seconds)
2024-10-23 03:44:04 INFO: 03:44:04.474 [main] [INFO ] q.l.p.CommandLineTaskRunner$CommandLineProgressMonitor - 4340 nuclei detected (92%)
2024-10-23 03:44:04 INFO: 03:44:04.531 [task-runner-1-43] [INFO ] q.lib.plugins.DetectionPluginTools - 3797 nuclei detected (processing time: 21.03 seconds)
2024-10-23 03:44:04 INFO: 03:44:04.532 [main] [INFO ] q.l.p.CommandLineTaskRunner$CommandLineProgressMonitor - 3797 nuclei detected (93%)
2024-10-23 03:44:04 INFO: 03:44:04.566 [task-runner-1-4] [INFO ] q.lib.plugins.DetectionPluginTools - 3121 nuclei detected (processing time: 16.20 seconds)
2024-10-23 03:44:04 INFO: 03:44:04.569 [main] [INFO ] q.l.p.CommandLineTaskRunner$CommandLineProgressMonitor - 3121 nuclei detected (93%)
2024-10-23 03:44:04 INFO: 03:44:04.839 [task-runner-1-23] [INFO ] q.lib.plugins.DetectionPluginTools - 4160 nuclei detected (processing time: 21.33 seconds)
2024-10-23 03:44:04 INFO: 03:44:04.840 [main] [INFO ] q.l.p.CommandLineTaskRunner$CommandLineProgressMonitor - 4160 nuclei detected (94%)
2024-10-23 03:44:05 INFO: 03:44:05.072 [task-runner-1-51] [INFO ] q.lib.plugins.DetectionPluginTools - 3758 nuclei detected (processing time: 21.60 seconds)
2024-10-23 03:44:05 INFO: 03:44:05.073 [main] [INFO ] q.l.p.CommandLineTaskRunner$CommandLineProgressMonitor - 3758 nuclei detected (94%)
2024-10-23 03:44:05 INFO: 03:44:05.121 [task-runner-1-9] [INFO ] q.lib.plugins.DetectionPluginTools - 2827 nuclei detected (processing time: 12.36 seconds)
2024-10-23 03:44:05 INFO: 03:44:05.122 [main] [INFO ] q.l.p.CommandLineTaskRunner$CommandLineProgressMonitor - 2827 nuclei detected (95%)
2024-10-23 03:44:05 INFO: 03:44:05.213 [task-runner-1-20] [INFO ] q.lib.plugins.DetectionPluginTools - 3848 nuclei detected (processing time: 21.90 seconds)
2024-10-23 03:44:05 INFO: 03:44:05.214 [main] [INFO ] q.l.p.CommandLineTaskRunner$CommandLineProgressMonitor - 3848 nuclei detected (96%)
2024-10-23 03:44:05 INFO: 03:44:05.458 [task-runner-1-24] [INFO ] q.lib.plugins.DetectionPluginTools - 4861 nuclei detected (processing time: 21.95 seconds)
2024-10-23 03:44:05 INFO: 03:44:05.459 [main] [INFO ] q.l.p.CommandLineTaskRunner$CommandLineProgressMonitor - 4861 nuclei detected (96%)
2024-10-23 03:44:05 INFO: 03:44:05.994 [task-runner-1-39] [INFO ] q.lib.plugins.DetectionPluginTools - 4060 nuclei detected (processing time: 17.48 seconds)
2024-10-23 03:44:05 INFO: 03:44:05.994 [main] [INFO ] q.l.p.CommandLineTaskRunner$CommandLineProgressMonitor - 4060 nuclei detected (97%)
2024-10-23 03:44:05 INFO: 03:44:05.995 [task-runner-1-60] [INFO ] q.lib.plugins.DetectionPluginTools - 5417 nuclei detected (processing time: 22.38 seconds)
2024-10-23 03:44:05 INFO: 03:44:05.995 [main] [INFO ] q.l.p.CommandLineTaskRunner$CommandLineProgressMonitor - 5417 nuclei detected (98%)
2024-10-23 03:44:06 INFO: 03:44:06.536 [task-runner-1-38] [INFO ] q.lib.plugins.DetectionPluginTools - 5837 nuclei detected (processing time: 17.56 seconds)
2024-10-23 03:44:06 INFO: 03:44:06.536 [main] [INFO ] q.l.p.CommandLineTaskRunner$CommandLineProgressMonitor - 5837 nuclei detected (98%)
2024-10-23 03:44:06 INFO: 03:44:06.654 [task-runner-1-6] [INFO ] q.lib.plugins.DetectionPluginTools - 5327 nuclei detected (processing time: 18.11 seconds)
2024-10-23 03:44:06 INFO: 03:44:06.654 [main] [INFO ] q.l.p.CommandLineTaskRunner$CommandLineProgressMonitor - 5327 nuclei detected (99%)
2024-10-23 03:44:06 INFO: 03:44:06.748 [task-runner-1-13] [INFO ] q.lib.plugins.DetectionPluginTools - 4877 nuclei detected (processing time: 17.72 seconds)
2024-10-23 03:44:06 INFO: 03:44:06.748 [main] [INFO ] q.l.p.CommandLineTaskRunner$CommandLineProgressMonitor - 4877 nuclei detected (99%)
2024-10-23 03:44:06 INFO: 03:44:06.994 [task-runner-1-41] [INFO ] q.lib.plugins.DetectionPluginTools - 5755 nuclei detected (processing time: 18.32 seconds)
2024-10-23 03:44:06 INFO: 03:44:06.994 [main] [INFO ] q.l.p.CommandLineTaskRunner$CommandLineProgressMonitor - 5755 nuclei detected (100%)
2024-10-23 03:44:06 INFO: 03:44:06.995 [main] [INFO ] q.l.p.CommandLineTaskRunner$CommandLineProgressMonitor - Processing complete in 40.00 seconds
2024-10-23 03:44:06 INFO: 03:44:06.995 [main] [INFO ] q.l.p.CommandLineTaskRunner$CommandLineProgressMonitor - Tasks completed!
2024-10-23 03:44:16 INFO: 03:44:16.118 [main] [WARN ] q.l.p.objects.SmoothFeaturesPlugin - Smoothing using annotations
2024-10-23 03:44:20 INFO: 03:44:20.079 [main] [INFO ] q.l.p.CommandLineTaskRunner$CommandLineProgressMonitor - Completed (100%)
2024-10-23 03:44:20 INFO: 03:44:20.080 [main] [INFO ] q.l.p.CommandLineTaskRunner$CommandLineProgressMonitor - Processing complete in 3.96 seconds
2024-10-23 03:44:20 INFO: 03:44:20.080 [main] [INFO ] q.l.p.CommandLineTaskRunner$CommandLineProgressMonitor - Tasks completed!
2024-10-23 03:44:20 INFO: 03:44:20.082 [main] [WARN ] q.l.p.objects.SmoothFeaturesPlugin - Smoothing using annotations
2024-10-23 03:44:26 INFO: 03:44:26.504 [main] [INFO ] q.l.p.CommandLineTaskRunner$CommandLineProgressMonitor - Completed (100%)
2024-10-23 03:44:26 INFO: 03:44:26.504 [main] [INFO ] q.l.p.CommandLineTaskRunner$CommandLineProgressMonitor - Processing complete in 6.42 seconds
2024-10-23 03:44:26 INFO: 03:44:26.504 [main] [INFO ] q.l.p.CommandLineTaskRunner$CommandLineProgressMonitor - Tasks completed!
2024-10-23 03:44:26 INFO: 03:44:26.506 [main] [WARN ] q.l.p.objects.SmoothFeaturesPlugin - Smoothing using annotations
2024-10-23 03:44:46 INFO: 03:44:46.680 [main] [INFO ] q.l.p.CommandLineTaskRunner$CommandLineProgressMonitor - Completed (100%)
2024-10-23 03:44:46 INFO: 03:44:46.680 [main] [INFO ] q.l.p.CommandLineTaskRunner$CommandLineProgressMonitor - Processing complete in 20.17 seconds
2024-10-23 03:44:46 INFO: 03:44:46.680 [main] [INFO ] q.l.p.CommandLineTaskRunner$CommandLineProgressMonitor - Tasks completed!
2024-10-23 03:44:46 INFO: 03:44:46.891 [task-runner-5-2] [INFO ] q.l.a.IntensityFeaturesPlugin - Splitting Rectangle (0, 0, 63784, 39311) into 40 tiles for intensity measurements
2024-10-23 03:44:47 INFO: 03:44:47.068 [main] [INFO ] q.l.p.CommandLineTaskRunner$CommandLineProgressMonitor - Completed (0%)
2024-10-23 03:44:47 INFO: 03:44:47.877 [main] [INFO ] q.l.p.CommandLineTaskRunner$CommandLineProgressMonitor - Completed (1%)
2024-10-23 03:44:48 INFO: 03:44:48.223 [main] [INFO ] q.l.p.CommandLineTaskRunner$CommandLineProgressMonitor - Completed (2%)
2024-10-23 03:44:48 INFO: 03:44:48.450 [main] [INFO ] q.l.p.CommandLineTaskRunner$CommandLineProgressMonitor - Completed (3%)
2024-10-23 03:44:48 INFO: 03:44:48.581 [main] [INFO ] q.l.p.CommandLineTaskRunner$CommandLineProgressMonitor - Completed (4%)
2024-10-23 03:44:48 INFO: 03:44:48.719 [main] [INFO ] q.l.p.CommandLineTaskRunner$CommandLineProgressMonitor - Completed (5%)
2024-10-23 03:44:48 INFO: 03:44:48.819 [main] [INFO ] q.l.p.CommandLineTaskRunner$CommandLineProgressMonitor - Completed (6%)
2024-10-23 03:44:48 INFO: 03:44:48.913 [main] [INFO ] q.l.p.CommandLineTaskRunner$CommandLineProgressMonitor - Completed (7%)
2024-10-23 03:44:49 INFO: 03:44:49.036 [main] [INFO ] q.l.p.CommandLineTaskRunner$CommandLineProgressMonitor - Completed (8%)
2024-10-23 03:44:49 INFO: 03:44:49.128 [main] [INFO ] q.l.p.CommandLineTaskRunner$CommandLineProgressMonitor - Completed (9%)
2024-10-23 03:44:49 INFO: 03:44:49.227 [main] [INFO ] q.l.p.CommandLineTaskRunner$CommandLineProgressMonitor - Completed (10%)
2024-10-23 03:44:49 INFO: 03:44:49.331 [main] [INFO ] q.l.p.CommandLineTaskRunner$CommandLineProgressMonitor - Completed (11%)
2024-10-23 03:44:49 INFO: 03:44:49.434 [main] [INFO ] q.l.p.CommandLineTaskRunner$CommandLineProgressMonitor - Completed (12%)
2024-10-23 03:44:49 INFO: 03:44:49.535 [main] [INFO ] q.l.p.CommandLineTaskRunner$CommandLineProgressMonitor - Completed (13%)
2024-10-23 03:44:49 INFO: 03:44:49.646 [main] [INFO ] q.l.p.CommandLineTaskRunner$CommandLineProgressMonitor - Completed (14%)
2024-10-23 03:44:49 INFO: 03:44:49.816 [main] [INFO ] q.l.p.CommandLineTaskRunner$CommandLineProgressMonitor - Completed (15%)
2024-10-23 03:44:49 INFO: 03:44:49.919 [main] [INFO ] q.l.p.CommandLineTaskRunner$CommandLineProgressMonitor - Completed (16%)
2024-10-23 03:44:50 INFO: 03:44:50.031 [main] [INFO ] q.l.p.CommandLineTaskRunner$CommandLineProgressMonitor - Completed (17%)
2024-10-23 03:44:50 INFO: 03:44:50.163 [main] [INFO ] q.l.p.CommandLineTaskRunner$CommandLineProgressMonitor - Completed (18%)
2024-10-23 03:44:50 INFO: 03:44:50.313 [main] [INFO ] q.l.p.CommandLineTaskRunner$CommandLineProgressMonitor - Completed (19%)
2024-10-23 03:44:50 INFO: 03:44:50.470 [main] [INFO ] q.l.p.CommandLineTaskRunner$CommandLineProgressMonitor - Completed (20%)
2024-10-23 03:44:50 INFO: 03:44:50.591 [main] [INFO ] q.l.p.CommandLineTaskRunner$CommandLineProgressMonitor - Completed (21%)
2024-10-23 03:44:50 INFO: 03:44:50.726 [main] [INFO ] q.l.p.CommandLineTaskRunner$CommandLineProgressMonitor - Completed (22%)
2024-10-23 03:44:50 INFO: 03:44:50.858 [main] [INFO ] q.l.p.CommandLineTaskRunner$CommandLineProgressMonitor - Completed (23%)
2024-10-23 03:44:51 INFO: 03:44:51.018 [main] [INFO ] q.l.p.CommandLineTaskRunner$CommandLineProgressMonitor - Completed (24%)
2024-10-23 03:44:51 INFO: 03:44:51.169 [main] [INFO ] q.l.p.CommandLineTaskRunner$CommandLineProgressMonitor - Completed (25%)
2024-10-23 03:44:51 INFO: 03:44:51.487 [main] [INFO ] q.l.p.CommandLineTaskRunner$CommandLineProgressMonitor - Completed (26%)
2024-10-23 03:44:51 INFO: 03:44:51.628 [main] [INFO ] q.l.p.CommandLineTaskRunner$CommandLineProgressMonitor - Completed (27%)
2024-10-23 03:44:51 INFO: 03:44:51.768 [main] [INFO ] q.l.p.CommandLineTaskRunner$CommandLineProgressMonitor - Completed (28%)
2024-10-23 03:44:51 INFO: 03:44:51.977 [main] [INFO ] q.l.p.CommandLineTaskRunner$CommandLineProgressMonitor - Completed (29%)
2024-10-23 03:44:52 INFO: 03:44:52.145 [main] [INFO ] q.l.p.CommandLineTaskRunner$CommandLineProgressMonitor - Completed (30%)
2024-10-23 03:44:52 INFO: 03:44:52.302 [main] [INFO ] q.l.p.CommandLineTaskRunner$CommandLineProgressMonitor - Completed (31%)
2024-10-23 03:44:52 INFO: 03:44:52.449 [main] [INFO ] q.l.p.CommandLineTaskRunner$CommandLineProgressMonitor - Completed (32%)
2024-10-23 03:44:52 INFO: 03:44:52.570 [main] [INFO ] q.l.p.CommandLineTaskRunner$CommandLineProgressMonitor - Completed (33%)
2024-10-23 03:44:52 INFO: 03:44:52.688 [main] [INFO ] q.l.p.CommandLineTaskRunner$CommandLineProgressMonitor - Completed (34%)
2024-10-23 03:44:52 INFO: 03:44:52.830 [main] [INFO ] q.l.p.CommandLineTaskRunner$CommandLineProgressMonitor - Completed (35%)
2024-10-23 03:44:52 INFO: 03:44:52.981 [main] [INFO ] q.l.p.CommandLineTaskRunner$CommandLineProgressMonitor - Completed (36%)
2024-10-23 03:44:53 INFO: 03:44:53.139 [main] [INFO ] q.l.p.CommandLineTaskRunner$CommandLineProgressMonitor - Completed (37%)
2024-10-23 03:44:53 INFO: 03:44:53.285 [main] [INFO ] q.l.p.CommandLineTaskRunner$CommandLineProgressMonitor - Completed (38%)
2024-10-23 03:44:53 INFO: 03:44:53.411 [main] [INFO ] q.l.p.CommandLineTaskRunner$CommandLineProgressMonitor - Completed (39%)
2024-10-23 03:44:53 INFO: 03:44:53.528 [main] [INFO ] q.l.p.CommandLineTaskRunner$CommandLineProgressMonitor - Completed (40%)
2024-10-23 03:44:53 INFO: 03:44:53.643 [main] [INFO ] q.l.p.CommandLineTaskRunner$CommandLineProgressMonitor - Completed (41%)
2024-10-23 03:44:53 INFO: 03:44:53.764 [main] [INFO ] q.l.p.CommandLineTaskRunner$CommandLineProgressMonitor - Completed (42%)
2024-10-23 03:44:53 INFO: 03:44:53.888 [main] [INFO ] q.l.p.CommandLineTaskRunner$CommandLineProgressMonitor - Completed (43%)
2024-10-23 03:44:54 INFO: 03:44:54.010 [main] [INFO ] q.l.p.CommandLineTaskRunner$CommandLineProgressMonitor - Completed (44%)
2024-10-23 03:44:54 INFO: 03:44:54.133 [main] [INFO ] q.l.p.CommandLineTaskRunner$CommandLineProgressMonitor - Completed (45%)
2024-10-23 03:44:54 INFO: 03:44:54.262 [main] [INFO ] q.l.p.CommandLineTaskRunner$CommandLineProgressMonitor - Completed (46%)
2024-10-23 03:44:54 INFO: 03:44:54.417 [main] [INFO ] q.l.p.CommandLineTaskRunner$CommandLineProgressMonitor - Completed (47%)
2024-10-23 03:44:54 INFO: 03:44:54.557 [main] [INFO ] q.l.p.CommandLineTaskRunner$CommandLineProgressMonitor - Completed (48%)
2024-10-23 03:44:54 INFO: 03:44:54.684 [main] [INFO ] q.l.p.CommandLineTaskRunner$CommandLineProgressMonitor - Completed (49%)
2024-10-23 03:44:54 INFO: 03:44:54.812 [main] [INFO ] q.l.p.CommandLineTaskRunner$CommandLineProgressMonitor - Completed (50%)
2024-10-23 03:44:54 INFO: 03:44:54.936 [main] [INFO ] q.l.p.CommandLineTaskRunner$CommandLineProgressMonitor - Completed (51%)
2024-10-23 03:44:55 INFO: 03:44:55.061 [main] [INFO ] q.l.p.CommandLineTaskRunner$CommandLineProgressMonitor - Completed (52%)
2024-10-23 03:44:55 INFO: 03:44:55.194 [main] [INFO ] q.l.p.CommandLineTaskRunner$CommandLineProgressMonitor - Completed (53%)
2024-10-23 03:44:55 INFO: 03:44:55.316 [main] [INFO ] q.l.p.CommandLineTaskRunner$CommandLineProgressMonitor - Completed (54%)
2024-10-23 03:44:55 INFO: 03:44:55.752 [main] [INFO ] q.l.p.CommandLineTaskRunner$CommandLineProgressMonitor - Completed (55%)
2024-10-23 03:44:55 INFO: 03:44:55.847 [main] [INFO ] q.l.p.CommandLineTaskRunner$CommandLineProgressMonitor - Completed (56%)
2024-10-23 03:44:55 INFO: 03:44:55.940 [main] [INFO ] q.l.p.CommandLineTaskRunner$CommandLineProgressMonitor - Completed (57%)
2024-10-23 03:44:56 INFO: 03:44:56.044 [main] [INFO ] q.l.p.CommandLineTaskRunner$CommandLineProgressMonitor - Completed (58%)
2024-10-23 03:44:56 INFO: 03:44:56.367 [main] [INFO ] q.l.p.CommandLineTaskRunner$CommandLineProgressMonitor - Completed (59%)
2024-10-23 03:44:56 INFO: 03:44:56.511 [main] [INFO ] q.l.p.CommandLineTaskRunner$CommandLineProgressMonitor - Completed (60%)
2024-10-23 03:44:56 INFO: 03:44:56.653 [main] [INFO ] q.l.p.CommandLineTaskRunner$CommandLineProgressMonitor - Completed (61%)
2024-10-23 03:44:56 INFO: 03:44:56.810 [main] [INFO ] q.l.p.CommandLineTaskRunner$CommandLineProgressMonitor - Completed (62%)
2024-10-23 03:44:56 INFO: 03:44:56.937 [main] [INFO ] q.l.p.CommandLineTaskRunner$CommandLineProgressMonitor - Completed (63%)
2024-10-23 03:44:57 INFO: 03:44:57.090 [main] [INFO ] q.l.p.CommandLineTaskRunner$CommandLineProgressMonitor - Completed (64%)
2024-10-23 03:44:57 INFO: 03:44:57.211 [main] [INFO ] q.l.p.CommandLineTaskRunner$CommandLineProgressMonitor - Completed (65%)
2024-10-23 03:44:57 INFO: 03:44:57.340 [main] [INFO ] q.l.p.CommandLineTaskRunner$CommandLineProgressMonitor - Completed (66%)
2024-10-23 03:44:57 INFO: 03:44:57.477 [main] [INFO ] q.l.p.CommandLineTaskRunner$CommandLineProgressMonitor - Completed (67%)
2024-10-23 03:44:57 INFO: 03:44:57.603 [main] [INFO ] q.l.p.CommandLineTaskRunner$CommandLineProgressMonitor - Completed (68%)
2024-10-23 03:44:57 INFO: 03:44:57.722 [main] [INFO ] q.l.p.CommandLineTaskRunner$CommandLineProgressMonitor - Completed (69%)
2024-10-23 03:44:57 INFO: 03:44:57.849 [main] [INFO ] q.l.p.CommandLineTaskRunner$CommandLineProgressMonitor - Completed (70%)
2024-10-23 03:44:57 INFO: 03:44:57.976 [main] [INFO ] q.l.p.CommandLineTaskRunner$CommandLineProgressMonitor - Completed (71%)
2024-10-23 03:44:58 INFO: 03:44:58.117 [main] [INFO ] q.l.p.CommandLineTaskRunner$CommandLineProgressMonitor - Completed (72%)
2024-10-23 03:44:58 INFO: 03:44:58.233 [main] [INFO ] q.l.p.CommandLineTaskRunner$CommandLineProgressMonitor - Completed (73%)
2024-10-23 03:44:58 INFO: 03:44:58.351 [main] [INFO ] q.l.p.CommandLineTaskRunner$CommandLineProgressMonitor - Completed (74%)
2024-10-23 03:44:58 INFO: 03:44:58.476 [main] [INFO ] q.l.p.CommandLineTaskRunner$CommandLineProgressMonitor - Completed (75%)
2024-10-23 03:44:58 INFO: 03:44:58.591 [main] [INFO ] q.l.p.CommandLineTaskRunner$CommandLineProgressMonitor - Completed (76%)
2024-10-23 03:44:58 INFO: 03:44:58.717 [main] [INFO ] q.l.p.CommandLineTaskRunner$CommandLineProgressMonitor - Completed (77%)
2024-10-23 03:44:58 INFO: 03:44:58.850 [main] [INFO ] q.l.p.CommandLineTaskRunner$CommandLineProgressMonitor - Completed (78%)
2024-10-23 03:44:58 INFO: 03:44:58.980 [main] [INFO ] q.l.p.CommandLineTaskRunner$CommandLineProgressMonitor - Completed (79%)
2024-10-23 03:44:59 INFO: 03:44:59.099 [main] [INFO ] q.l.p.CommandLineTaskRunner$CommandLineProgressMonitor - Completed (80%)
2024-10-23 03:44:59 INFO: 03:44:59.227 [main] [INFO ] q.l.p.CommandLineTaskRunner$CommandLineProgressMonitor - Completed (81%)
2024-10-23 03:44:59 INFO: 03:44:59.392 [main] [INFO ] q.l.p.CommandLineTaskRunner$CommandLineProgressMonitor - Completed (82%)
2024-10-23 03:44:59 INFO: 03:44:59.528 [main] [INFO ] q.l.p.CommandLineTaskRunner$CommandLineProgressMonitor - Completed (83%)
2024-10-23 03:44:59 INFO: 03:44:59.667 [main] [INFO ] q.l.p.CommandLineTaskRunner$CommandLineProgressMonitor - Completed (84%)
2024-10-23 03:44:59 INFO: 03:44:59.839 [main] [INFO ] q.l.p.CommandLineTaskRunner$CommandLineProgressMonitor - Completed (85%)
2024-10-23 03:44:59 INFO: 03:44:59.971 [main] [INFO ] q.l.p.CommandLineTaskRunner$CommandLineProgressMonitor - Completed (86%)
2024-10-23 03:45:00 INFO: 03:45:00.105 [main] [INFO ] q.l.p.CommandLineTaskRunner$CommandLineProgressMonitor - Completed (87%)
2024-10-23 03:45:00 INFO: 03:45:00.229 [main] [INFO ] q.l.p.CommandLineTaskRunner$CommandLineProgressMonitor - Completed (88%)
2024-10-23 03:45:00 INFO: 03:45:00.363 [main] [INFO ] q.l.p.CommandLineTaskRunner$CommandLineProgressMonitor - Completed (89%)
2024-10-23 03:45:00 INFO: 03:45:00.502 [main] [INFO ] q.l.p.CommandLineTaskRunner$CommandLineProgressMonitor - Completed (90%)
2024-10-23 03:45:00 INFO: 03:45:00.627 [main] [INFO ] q.l.p.CommandLineTaskRunner$CommandLineProgressMonitor - Completed (91%)
2024-10-23 03:45:00 INFO: 03:45:00.758 [main] [INFO ] q.l.p.CommandLineTaskRunner$CommandLineProgressMonitor - Completed (92%)
2024-10-23 03:45:01 INFO: 03:45:01.038 [main] [INFO ] q.l.p.CommandLineTaskRunner$CommandLineProgressMonitor - Completed (93%)
2024-10-23 03:45:01 INFO: 03:45:01.170 [main] [INFO ] q.l.p.CommandLineTaskRunner$CommandLineProgressMonitor - Completed (94%)
2024-10-23 03:45:01 INFO: 03:45:01.328 [main] [INFO ] q.l.p.CommandLineTaskRunner$CommandLineProgressMonitor - Completed (95%)
2024-10-23 03:45:01 INFO: 03:45:01.476 [main] [INFO ] q.l.p.CommandLineTaskRunner$CommandLineProgressMonitor - Completed (96%)
2024-10-23 03:45:01 INFO: 03:45:01.637 [main] [INFO ] q.l.p.CommandLineTaskRunner$CommandLineProgressMonitor - Completed (97%)
2024-10-23 03:45:01 INFO: 03:45:01.811 [main] [INFO ] q.l.p.CommandLineTaskRunner$CommandLineProgressMonitor - Completed (98%)
2024-10-23 03:45:01 INFO: 03:45:01.962 [main] [INFO ] q.l.p.CommandLineTaskRunner$CommandLineProgressMonitor - Completed (99%)
2024-10-23 03:45:02 INFO: 03:45:02.116 [main] [INFO ] q.l.p.CommandLineTaskRunner$CommandLineProgressMonitor - Completed (100%)
2024-10-23 03:45:57 INFO: 03:45:57.574 [main] [INFO ] q.l.p.CommandLineTaskRunner$CommandLineProgressMonitor - Completed (100%)
2024-10-23 03:45:57 INFO: 03:45:57.575 [main] [INFO ] q.l.p.CommandLineTaskRunner$CommandLineProgressMonitor - Processing complete in 70.69 seconds
2024-10-23 03:45:57 INFO: 03:45:57.575 [main] [INFO ] q.l.p.CommandLineTaskRunner$CommandLineProgressMonitor - Tasks completed!
2024-10-23 03:48:09 INFO: 03:48:09.341 [task-runner-6-1] [WARN ] q.o.features.DelaunayTriangulation - Some objects have missing measurements! Statistics will calculated only for objects with measurements available.
2024-10-23 03:48:09 INFO: 03:48:09.342 [task-runner-6-1] [WARN ] q.o.features.DelaunayTriangulation - Missing measurements: [ROI: 1.00 m per pixel: Residual: Haralick Correlation (F2), ROI: 1.00 m per pixel: Residual: Haralick Information measure of correlation 1 (F11), ROI: 1.00 m per pixel: Residual: Haralick Information measure of correlation 2 (F12)]
2024-10-23 03:48:09 INFO: 03:48:09.373 [main] [INFO ] q.l.p.CommandLineTaskRunner$CommandLineProgressMonitor - Delaunay triangulation calculated for Annotation (203954 objects) (100%)
2024-10-23 03:48:09 INFO: 03:48:09.373 [main] [INFO ] q.l.p.CommandLineTaskRunner$CommandLineProgressMonitor - Processing complete in 131.73 seconds
2024-10-23 03:48:09 INFO: 03:48:09.374 [main] [INFO ] q.l.p.CommandLineTaskRunner$CommandLineProgressMonitor - Tasks completed!
2024-10-23 03:50:28 INFO: TCGA-GI-A2C8-01Z-00-DX1.09BD8AC9-645A-4C8B-9B36-77D833BDBA09
2024-10-23 03:50:28 INFO: QuPath subprocess completed.
2024-10-23 03:50:39 INFO: QuPath image extraction completed successfully. Output directory: /home/ilants/Documents/jupyter_test/single_image_multiple_params/exp_maxAreaMicrons_100.0
2024-10-23 03:50:39 INFO: Summary table saved to: /home/ilants/Documents/jupyter_test/single_image_multiple_params/exp_maxAreaMicrons_100.0/Summary_Table.csv
2024-10-23 03:50:39 INFO: Experiment completed successfully.
