2024-10-22 23:30:50 INFO: Starting experiment with for backgroundRadiusMicrons with value of 8.0
2024-10-22 23:30:50 INFO: Running with the following configuration:
{'detectionImageBrightfield': 'Hematoxylin OD', 'requestedPixelSizeMicrons': 0.5, 'backgroundRadiusMicrons': 8.0, 'backgroundByReconstruction': True, 'medianRadiusMicrons': 0.0, 'sigmaMicrons': 1.5, 'minAreaMicrons': 10.0, 'maxAreaMicrons': 80.0, 'threshold': 0.1, 'maxBackground': 2.0, 'watershedPostProcess': True, 'cellExpansionMicrons': 5.0, 'includeNuclei': True, 'smoothBoundaries': True, 'makeMeasurements': True, 'backgroundRadiusPixel': 8.0, 'cellExpansionPixel': 10.0, 'medianRadiusPixel': 0.0, 'minAreaPixel': 20.0, 'maxAreaPixel': 160.0}
2024-10-22 23:30:50 INFO: Starting QuPath image extraction with the following parameters: image_dir=/home/ilants/Documents/jupyter_test, output_dir=/home/ilants/Documents/jupyter_test/single_image_multiple_params/exp_backgroundRadiusMicrons_8.0, image_type=svs, groovy_script=/home/ilants/Documents/utls/nucleus_detection_wargs.groovy, config_file=/home/ilants/Documents/jupyter_test/single_image_multiple_params/exp_backgroundRadiusMicrons_8.0/cfg.json, program_path=/home/ilants/Documents/QuPath-v0.5.1-Linux/QuPath/bin/QuPath
2024-10-22 23:30:51 INFO: 23:30:51.599 [main] [INFO ] qupath.lib.gui.prefs.PathPrefs - Setting default Locale to en_US
2024-10-22 23:30:51 INFO: 23:30:51.602 [main] [INFO ] qupath.lib.gui.prefs.PathPrefs - Setting Locale for FORMAT to en_US
2024-10-22 23:30:51 INFO: 23:30:51.602 [main] [INFO ] qupath.lib.gui.prefs.PathPrefs - Setting Locale for DISPLAY to en_US
2024-10-22 23:30:51 INFO: 23:30:51.617 [main] [INFO ] qupath.lib.common.ThreadTools - Setting parallelism to 63
2024-10-22 23:30:51 INFO: 23:30:51.636 [main] [INFO ] qupath.ScriptCommand - Setting tile cache size to 32200.00 MB (25.0% max memory)
2024-10-22 23:30:51 INFO: 23:30:51.684 [main] [INFO ] qupath.lib.scripting.QP - Initializing type adapters
2024-10-22 23:30:51 INFO: Warning: Versions of org.bytedeco:javacpp:1.5.9 and org.bytedeco:opencv:4.6.0-1.5.8 do not match.
2024-10-22 23:30:51 INFO: Warning: Versions of org.bytedeco:javacpp:1.5.9 and org.bytedeco:openblas:0.3.21-1.5.8 do not match.
2024-10-22 23:30:53 INFO: project parameters are: {"detectionImageBrightfield": "Hematoxylin OD","requestedPixelSizeMicrons": 0.5,"backgroundRadiusMicrons": 8.0,"backgroundByReconstruction": true,"medianRadiusMicrons": 0.0,"sigmaMicrons": 1.5,"minAreaMicrons": 10.0,"maxAreaMicrons": 80.0,"threshold": 0.1,"maxBackground": 2.0,"watershedPostProcess": true,"cellExpansionMicrons": 5.0,"includeNuclei": true,"smoothBoundaries": true,"makeMeasurements": true,"backgroundRadiusPixel": 8.0,"cellExpansionPixel": 10.0,"medianRadiusPixel": 0.0,"minAreaPixel": 20.0,"maxAreaPixel": 160.0}
2024-10-22 23:30:53 INFO: New project created at: /home/ilants/Documents/jupyter_test/single_image_multiple_params/exp_backgroundRadiusMicrons_8.0/QPProject
2024-10-22 23:30:53 INFO: Added: /home/ilants/Documents/jupyter_test/TCGA-GI-A2C8-01Z-00-DX1.09BD8AC9-645A-4C8B-9B36-77D833BDBA09.svs
2024-10-22 23:30:53 INFO: /home/ilants/Documents/jupyter_test/TCGA-GI-A2C8-01Z-00-DX1.09BD8AC9-645A-4C8B-9B36-77D833BDBA09.svs
2024-10-22 23:30:53 INFO: 23:30:53.789 [main] [INFO ] q.l.i.s.b.BioFormatsServerOptions - Setting max Bio-Formats readers to 32
2024-10-22 23:30:54 INFO: UriImageSupport (class qupath.lib.images.servers.bioformats.BioFormatsServerBuilder) support=3.0, builders=1
2024-10-22 23:30:54 INFO: true
2024-10-22 23:30:54 INFO: 23:30:54.479 [main] [WARN ] qupath.lib.scripting.QP - createSelectAllObject(boolean) is deprecated, use createFullImageAnnotation(boolean) instead
2024-10-22 23:30:54 INFO: 23:30:54.479 [main] [WARN ] qupath.lib.scripting.QP - createSelectAllObject(boolean, int, int) is deprecated, use createFullImageAnnotation(boolean, int, int) instead
2024-10-22 23:30:54 INFO: 23:30:54.490 [main] [WARN ] q.l.plugins.parameters.ParameterList - Unable to set parameter backgroundRadiusPixel with value 8.0
2024-10-22 23:30:54 INFO: 23:30:54.490 [main] [WARN ] q.l.plugins.parameters.ParameterList - Unable to set parameter cellExpansionPixel with value 10.0
2024-10-22 23:30:54 INFO: 23:30:54.490 [main] [WARN ] q.l.plugins.parameters.ParameterList - Unable to set parameter medianRadiusPixel with value 0.0
2024-10-22 23:30:54 INFO: 23:30:54.490 [main] [WARN ] q.l.plugins.parameters.ParameterList - Unable to set parameter minAreaPixel with value 20.0
2024-10-22 23:30:54 INFO: 23:30:54.490 [main] [WARN ] q.l.plugins.parameters.ParameterList - Unable to set parameter maxAreaPixel with value 160.0
2024-10-22 23:31:08 INFO: 23:31:08.765 [task-runner-1-48] [INFO ] q.lib.plugins.DetectionPluginTools - 0 nuclei detected (processing time: 14.14 seconds)
2024-10-22 23:31:08 INFO: 23:31:08.768 [main] [INFO ] q.l.p.CommandLineTaskRunner$CommandLineProgressMonitor - 0 nuclei detected (1%)
2024-10-22 23:31:10 INFO: 23:31:10.024 [task-runner-1-12] [INFO ] q.lib.plugins.DetectionPluginTools - 0 nuclei detected (processing time: 15.41 seconds)
2024-10-22 23:31:10 INFO: 23:31:10.026 [task-runner-1-3] [INFO ] q.lib.plugins.DetectionPluginTools - 0 nuclei detected (processing time: 15.41 seconds)
2024-10-22 23:31:10 INFO: 23:31:10.027 [main] [INFO ] q.l.p.CommandLineTaskRunner$CommandLineProgressMonitor - 0 nuclei detected (2%)
2024-10-22 23:31:11 INFO: 23:31:11.698 [task-runner-1-9] [INFO ] q.lib.plugins.DetectionPluginTools - 0 nuclei detected (processing time: 17.08 seconds)
2024-10-22 23:31:11 INFO: 23:31:11.701 [main] [INFO ] q.l.p.CommandLineTaskRunner$CommandLineProgressMonitor - 0 nuclei detected (3%)
2024-10-22 23:31:11 INFO: 23:31:11.702 [task-runner-1-16] [INFO ] q.lib.plugins.DetectionPluginTools - 0 nuclei detected (processing time: 17.09 seconds)
2024-10-22 23:31:11 INFO: 23:31:11.705 [task-runner-1-1] [INFO ] q.lib.plugins.DetectionPluginTools - 0 nuclei detected (processing time: 17.09 seconds)
2024-10-22 23:31:11 INFO: 23:31:11.705 [main] [INFO ] q.l.p.CommandLineTaskRunner$CommandLineProgressMonitor - 0 nuclei detected (4%)
2024-10-22 23:31:11 INFO: 23:31:11.715 [task-runner-1-30] [INFO ] q.lib.plugins.DetectionPluginTools - 1 nucleus detected (processing time: 17.09 seconds)
2024-10-22 23:31:11 INFO: 23:31:11.715 [task-runner-1-7] [INFO ] q.lib.plugins.DetectionPluginTools - 1 nucleus detected (processing time: 17.10 seconds)
2024-10-22 23:31:11 INFO: 23:31:11.715 [main] [INFO ] q.l.p.CommandLineTaskRunner$CommandLineProgressMonitor - 1 nucleus detected (4%)
2024-10-22 23:31:11 INFO: 23:31:11.715 [main] [INFO ] q.l.p.CommandLineTaskRunner$CommandLineProgressMonitor - 1 nucleus detected (5%)
2024-10-22 23:31:11 INFO: 23:31:11.718 [task-runner-1-27] [INFO ] q.lib.plugins.DetectionPluginTools - 1 nucleus detected (processing time: 17.10 seconds)
2024-10-22 23:31:11 INFO: 23:31:11.718 [main] [INFO ] q.l.p.CommandLineTaskRunner$CommandLineProgressMonitor - 1 nucleus detected (6%)
2024-10-22 23:31:11 INFO: 23:31:11.718 [task-runner-1-10] [INFO ] q.lib.plugins.DetectionPluginTools - 1 nucleus detected (processing time: 17.10 seconds)
2024-10-22 23:31:11 INFO: 23:31:11.718 [task-runner-1-2] [INFO ] q.lib.plugins.DetectionPluginTools - 2 nuclei detected (processing time: 17.10 seconds)
2024-10-22 23:31:11 INFO: 23:31:11.719 [main] [INFO ] q.l.p.CommandLineTaskRunner$CommandLineProgressMonitor - 2 nuclei detected (7%)
2024-10-22 23:31:11 INFO: 23:31:11.719 [task-runner-1-32] [INFO ] q.lib.plugins.DetectionPluginTools - 0 nuclei detected (processing time: 17.10 seconds)
2024-10-22 23:31:11 INFO: 23:31:11.720 [main] [INFO ] q.l.p.CommandLineTaskRunner$CommandLineProgressMonitor - 0 nuclei detected (8%)
2024-10-22 23:31:11 INFO: 23:31:11.720 [task-runner-1-4] [INFO ] q.lib.plugins.DetectionPluginTools - 0 nuclei detected (processing time: 17.10 seconds)
2024-10-22 23:31:11 INFO: 23:31:11.723 [task-runner-1-14] [INFO ] q.lib.plugins.DetectionPluginTools - 2 nuclei detected (processing time: 17.11 seconds)
2024-10-22 23:31:11 INFO: 23:31:11.724 [main] [INFO ] q.l.p.CommandLineTaskRunner$CommandLineProgressMonitor - 2 nuclei detected (9%)
2024-10-22 23:31:11 INFO: 23:31:11.722 [task-runner-1-15] [INFO ] q.lib.plugins.DetectionPluginTools - 0 nuclei detected (processing time: 17.11 seconds)
2024-10-22 23:31:11 INFO: 23:31:11.724 [main] [INFO ] q.l.p.CommandLineTaskRunner$CommandLineProgressMonitor - 0 nuclei detected (9%)
2024-10-22 23:31:11 INFO: 23:31:11.723 [task-runner-1-11] [INFO ] q.lib.plugins.DetectionPluginTools - 1 nucleus detected (processing time: 17.11 seconds)
2024-10-22 23:31:11 INFO: 23:31:11.725 [main] [INFO ] q.l.p.CommandLineTaskRunner$CommandLineProgressMonitor - 1 nucleus detected (10%)
2024-10-22 23:31:11 INFO: 23:31:11.729 [task-runner-1-8] [INFO ] q.lib.plugins.DetectionPluginTools - 2 nuclei detected (processing time: 17.11 seconds)
2024-10-22 23:31:11 INFO: 23:31:11.730 [main] [INFO ] q.l.p.CommandLineTaskRunner$CommandLineProgressMonitor - 2 nuclei detected (11%)
2024-10-22 23:31:11 INFO: 23:31:11.730 [task-runner-1-17] [INFO ] q.lib.plugins.DetectionPluginTools - 3 nuclei detected (processing time: 17.11 seconds)
2024-10-22 23:31:11 INFO: 23:31:11.735 [main] [INFO ] q.l.p.CommandLineTaskRunner$CommandLineProgressMonitor - 3 nuclei detected (11%)
2024-10-22 23:31:11 INFO: 23:31:11.744 [task-runner-1-47] [INFO ] q.lib.plugins.DetectionPluginTools - 7 nuclei detected (processing time: 17.12 seconds)
2024-10-22 23:31:11 INFO: 23:31:11.747 [main] [INFO ] q.l.p.CommandLineTaskRunner$CommandLineProgressMonitor - 7 nuclei detected (12%)
2024-10-22 23:31:11 INFO: 23:31:11.752 [task-runner-1-13] [INFO ] q.lib.plugins.DetectionPluginTools - 9 nuclei detected (processing time: 17.14 seconds)
2024-10-22 23:31:11 INFO: 23:31:11.752 [task-runner-1-29] [INFO ] q.lib.plugins.DetectionPluginTools - 5 nuclei detected (processing time: 17.13 seconds)
2024-10-22 23:31:11 INFO: 23:31:11.753 [task-runner-1-6] [INFO ] q.lib.plugins.DetectionPluginTools - 6 nuclei detected (processing time: 17.14 seconds)
2024-10-22 23:31:11 INFO: 23:31:11.762 [main] [INFO ] q.l.p.CommandLineTaskRunner$CommandLineProgressMonitor - 9 nuclei detected (13%)
2024-10-22 23:31:11 INFO: 23:31:11.763 [main] [INFO ] q.l.p.CommandLineTaskRunner$CommandLineProgressMonitor - 5 nuclei detected (13%)
2024-10-22 23:31:11 INFO: 23:31:11.763 [main] [INFO ] q.l.p.CommandLineTaskRunner$CommandLineProgressMonitor - 6 nuclei detected (14%)
2024-10-22 23:31:11 INFO: 23:31:11.814 [task-runner-1-31] [INFO ] q.lib.plugins.DetectionPluginTools - 19 nuclei detected (processing time: 17.18 seconds)
2024-10-22 23:31:11 INFO: 23:31:11.815 [main] [INFO ] q.l.p.CommandLineTaskRunner$CommandLineProgressMonitor - 19 nuclei detected (14%)
2024-10-22 23:31:11 INFO: 23:31:11.815 [task-runner-1-28] [INFO ] q.lib.plugins.DetectionPluginTools - 27 nuclei detected (processing time: 17.19 seconds)
2024-10-22 23:31:11 INFO: 23:31:11.815 [main] [INFO ] q.l.p.CommandLineTaskRunner$CommandLineProgressMonitor - 27 nuclei detected (15%)
2024-10-22 23:31:12 INFO: 23:31:12.027 [task-runner-1-26] [INFO ] q.lib.plugins.DetectionPluginTools - 71 nuclei detected (processing time: 17.41 seconds)
2024-10-22 23:31:12 INFO: 23:31:12.028 [main] [INFO ] q.l.p.CommandLineTaskRunner$CommandLineProgressMonitor - 71 nuclei detected (16%)
2024-10-22 23:31:12 INFO: 23:31:12.046 [task-runner-1-46] [INFO ] q.lib.plugins.DetectionPluginTools - 58 nuclei detected (processing time: 17.42 seconds)
2024-10-22 23:31:12 INFO: 23:31:12.047 [main] [INFO ] q.l.p.CommandLineTaskRunner$CommandLineProgressMonitor - 58 nuclei detected (16%)
2024-10-22 23:31:12 INFO: 23:31:12.074 [task-runner-1-5] [INFO ] q.lib.plugins.DetectionPluginTools - 69 nuclei detected (processing time: 17.46 seconds)
2024-10-22 23:31:12 INFO: 23:31:12.077 [main] [INFO ] q.l.p.CommandLineTaskRunner$CommandLineProgressMonitor - 69 nuclei detected (17%)
2024-10-22 23:31:12 INFO: 23:31:12.211 [task-runner-1-45] [INFO ] q.lib.plugins.DetectionPluginTools - 161 nuclei detected (processing time: 17.59 seconds)
2024-10-22 23:31:12 INFO: 23:31:12.214 [main] [INFO ] q.l.p.CommandLineTaskRunner$CommandLineProgressMonitor - 161 nuclei detected (18%)
2024-10-22 23:31:12 INFO: 23:31:12.223 [task-runner-1-19] [INFO ] q.lib.plugins.DetectionPluginTools - 166 nuclei detected (processing time: 17.61 seconds)
2024-10-22 23:31:12 INFO: 23:31:12.225 [main] [INFO ] q.l.p.CommandLineTaskRunner$CommandLineProgressMonitor - 166 nuclei detected (18%)
2024-10-22 23:31:12 INFO: 23:31:12.275 [task-runner-1-63] [INFO ] q.lib.plugins.DetectionPluginTools - 159 nuclei detected (processing time: 17.65 seconds)
2024-10-22 23:31:12 INFO: 23:31:12.291 [task-runner-1-49] [INFO ] q.lib.plugins.DetectionPluginTools - 137 nuclei detected (processing time: 17.67 seconds)
2024-10-22 23:31:12 INFO: 23:31:12.292 [main] [INFO ] q.l.p.CommandLineTaskRunner$CommandLineProgressMonitor - 159 nuclei detected (19%)
2024-10-22 23:31:12 INFO: 23:31:12.293 [main] [INFO ] q.l.p.CommandLineTaskRunner$CommandLineProgressMonitor - 137 nuclei detected (19%)
2024-10-22 23:31:12 INFO: 23:31:12.377 [task-runner-1-33] [INFO ] q.lib.plugins.DetectionPluginTools - 244 nuclei detected (processing time: 17.75 seconds)
2024-10-22 23:31:12 INFO: 23:31:12.390 [main] [INFO ] q.l.p.CommandLineTaskRunner$CommandLineProgressMonitor - 244 nuclei detected (20%)
2024-10-22 23:31:12 INFO: 23:31:12.436 [task-runner-1-18] [INFO ] q.lib.plugins.DetectionPluginTools - 279 nuclei detected (processing time: 17.82 seconds)
2024-10-22 23:31:12 INFO: 23:31:12.440 [main] [INFO ] q.l.p.CommandLineTaskRunner$CommandLineProgressMonitor - 279 nuclei detected (21%)
2024-10-22 23:31:12 INFO: 23:31:12.459 [task-runner-1-62] [INFO ] q.lib.plugins.DetectionPluginTools - 229 nuclei detected (processing time: 17.83 seconds)
2024-10-22 23:31:12 INFO: 23:31:12.459 [main] [INFO ] q.l.p.CommandLineTaskRunner$CommandLineProgressMonitor - 229 nuclei detected (21%)
2024-10-22 23:31:12 INFO: 23:31:12.500 [task-runner-1-61] [INFO ] q.lib.plugins.DetectionPluginTools - 234 nuclei detected (processing time: 17.87 seconds)
2024-10-22 23:31:12 INFO: 23:31:12.501 [main] [INFO ] q.l.p.CommandLineTaskRunner$CommandLineProgressMonitor - 234 nuclei detected (22%)
2024-10-22 23:31:12 INFO: 23:31:12.554 [task-runner-1-35] [INFO ] q.lib.plugins.DetectionPluginTools - 304 nuclei detected (processing time: 17.93 seconds)
2024-10-22 23:31:12 INFO: 23:31:12.555 [main] [INFO ] q.l.p.CommandLineTaskRunner$CommandLineProgressMonitor - 304 nuclei detected (23%)
2024-10-22 23:31:12 INFO: 23:31:12.565 [task-runner-1-44] [INFO ] q.lib.plugins.DetectionPluginTools - 337 nuclei detected (processing time: 17.94 seconds)
2024-10-22 23:31:12 INFO: 23:31:12.567 [main] [INFO ] q.l.p.CommandLineTaskRunner$CommandLineProgressMonitor - 337 nuclei detected (23%)
2024-10-22 23:31:12 INFO: 23:31:12.624 [task-runner-1-34] [INFO ] q.lib.plugins.DetectionPluginTools - 484 nuclei detected (processing time: 18.00 seconds)
2024-10-22 23:31:12 INFO: 23:31:12.625 [main] [INFO ] q.l.p.CommandLineTaskRunner$CommandLineProgressMonitor - 484 nuclei detected (24%)
2024-10-22 23:31:12 INFO: 23:31:12.632 [task-runner-1-25] [INFO ] q.lib.plugins.DetectionPluginTools - 416 nuclei detected (processing time: 18.01 seconds)
2024-10-22 23:31:12 INFO: 23:31:12.634 [main] [INFO ] q.l.p.CommandLineTaskRunner$CommandLineProgressMonitor - 416 nuclei detected (24%)
2024-10-22 23:31:12 INFO: 23:31:12.800 [task-runner-1-50] [INFO ] q.lib.plugins.DetectionPluginTools - 365 nuclei detected (processing time: 18.18 seconds)
2024-10-22 23:31:12 INFO: 23:31:12.801 [main] [INFO ] q.l.p.CommandLineTaskRunner$CommandLineProgressMonitor - 365 nuclei detected (25%)
2024-10-22 23:31:12 INFO: 23:31:12.910 [task-runner-1-20] [INFO ] q.lib.plugins.DetectionPluginTools - 730 nuclei detected (processing time: 18.29 seconds)
2024-10-22 23:31:12 INFO: 23:31:12.910 [main] [INFO ] q.l.p.CommandLineTaskRunner$CommandLineProgressMonitor - 730 nuclei detected (26%)
2024-10-22 23:31:13 INFO: 23:31:13.023 [task-runner-1-24] [INFO ] q.lib.plugins.DetectionPluginTools - 1052 nuclei detected (processing time: 18.40 seconds)
2024-10-22 23:31:13 INFO: 23:31:13.024 [main] [INFO ] q.l.p.CommandLineTaskRunner$CommandLineProgressMonitor - 1052 nuclei detected (26%)
2024-10-22 23:31:13 INFO: 23:31:13.180 [task-runner-1-51] [INFO ] q.lib.plugins.DetectionPluginTools - 1001 nuclei detected (processing time: 18.56 seconds)
2024-10-22 23:31:13 INFO: 23:31:13.181 [main] [INFO ] q.l.p.CommandLineTaskRunner$CommandLineProgressMonitor - 1001 nuclei detected (27%)
2024-10-22 23:31:13 INFO: 23:31:13.183 [task-runner-1-23] [INFO ] q.lib.plugins.DetectionPluginTools - 1116 nuclei detected (processing time: 18.56 seconds)
2024-10-22 23:31:13 INFO: 23:31:13.183 [main] [INFO ] q.l.p.CommandLineTaskRunner$CommandLineProgressMonitor - 1116 nuclei detected (28%)
2024-10-22 23:31:13 INFO: 23:31:13.203 [task-runner-1-43] [INFO ] q.lib.plugins.DetectionPluginTools - 1148 nuclei detected (processing time: 18.58 seconds)
2024-10-22 23:31:13 INFO: 23:31:13.203 [main] [INFO ] q.l.p.CommandLineTaskRunner$CommandLineProgressMonitor - 1148 nuclei detected (28%)
2024-10-22 23:31:13 INFO: 23:31:13.231 [task-runner-1-60] [INFO ] q.lib.plugins.DetectionPluginTools - 1197 nuclei detected (processing time: 18.60 seconds)
2024-10-22 23:31:13 INFO: 23:31:13.232 [main] [INFO ] q.l.p.CommandLineTaskRunner$CommandLineProgressMonitor - 1197 nuclei detected (29%)
2024-10-22 23:31:13 INFO: 23:31:13.254 [task-runner-1-22] [INFO ] q.lib.plugins.DetectionPluginTools - 1451 nuclei detected (processing time: 18.64 seconds)
2024-10-22 23:31:13 INFO: 23:31:13.255 [main] [INFO ] q.l.p.CommandLineTaskRunner$CommandLineProgressMonitor - 1451 nuclei detected (29%)
2024-10-22 23:31:14 INFO: 23:31:14.357 [task-runner-1-36] [INFO ] q.lib.plugins.DetectionPluginTools - 2628 nuclei detected (processing time: 19.73 seconds)
2024-10-22 23:31:14 INFO: 23:31:14.357 [main] [INFO ] q.l.p.CommandLineTaskRunner$CommandLineProgressMonitor - 2628 nuclei detected (30%)
2024-10-22 23:31:14 INFO: 23:31:14.962 [task-runner-1-52] [INFO ] q.lib.plugins.DetectionPluginTools - 2781 nuclei detected (processing time: 20.34 seconds)
2024-10-22 23:31:14 INFO: 23:31:14.963 [main] [INFO ] q.l.p.CommandLineTaskRunner$CommandLineProgressMonitor - 2781 nuclei detected (31%)
2024-10-22 23:31:16 INFO: 23:31:16.078 [task-runner-1-40] [INFO ] q.lib.plugins.DetectionPluginTools - 2411 nuclei detected (processing time: 21.46 seconds)
2024-10-22 23:31:16 INFO: 23:31:16.079 [main] [INFO ] q.l.p.CommandLineTaskRunner$CommandLineProgressMonitor - 2411 nuclei detected (31%)
2024-10-22 23:31:16 INFO: 23:31:16.319 [task-runner-1-48] [INFO ] q.lib.plugins.DetectionPluginTools - 1 nucleus detected (processing time: 7.55 seconds)
2024-10-22 23:31:16 INFO: 23:31:16.321 [main] [INFO ] q.l.p.CommandLineTaskRunner$CommandLineProgressMonitor - 1 nucleus detected (32%)
2024-10-22 23:31:17 INFO: 23:31:17.220 [task-runner-1-59] [INFO ] q.lib.plugins.DetectionPluginTools - 2957 nuclei detected (processing time: 22.59 seconds)
2024-10-22 23:31:17 INFO: 23:31:17.221 [main] [INFO ] q.l.p.CommandLineTaskRunner$CommandLineProgressMonitor - 2957 nuclei detected (33%)
2024-10-22 23:31:17 INFO: 23:31:17.251 [task-runner-1-41] [INFO ] q.lib.plugins.DetectionPluginTools - 2710 nuclei detected (processing time: 22.63 seconds)
2024-10-22 23:31:17 INFO: 23:31:17.252 [main] [INFO ] q.l.p.CommandLineTaskRunner$CommandLineProgressMonitor - 2710 nuclei detected (33%)
2024-10-22 23:31:17 INFO: 23:31:17.302 [task-runner-1-42] [INFO ] q.lib.plugins.DetectionPluginTools - 2915 nuclei detected (processing time: 22.66 seconds)
2024-10-22 23:31:17 INFO: 23:31:17.303 [main] [INFO ] q.l.p.CommandLineTaskRunner$CommandLineProgressMonitor - 2915 nuclei detected (34%)
2024-10-22 23:31:17 INFO: 23:31:17.302 [task-runner-1-39] [INFO ] q.lib.plugins.DetectionPluginTools - 3162 nuclei detected (processing time: 22.68 seconds)
2024-10-22 23:31:17 INFO: 23:31:17.303 [main] [INFO ] q.l.p.CommandLineTaskRunner$CommandLineProgressMonitor - 3162 nuclei detected (34%)
2024-10-22 23:31:17 INFO: 23:31:17.606 [task-runner-1-57] [INFO ] q.lib.plugins.DetectionPluginTools - 3466 nuclei detected (processing time: 22.98 seconds)
2024-10-22 23:31:17 INFO: 23:31:17.607 [main] [INFO ] q.l.p.CommandLineTaskRunner$CommandLineProgressMonitor - 3466 nuclei detected (35%)
2024-10-22 23:31:17 INFO: 23:31:17.708 [task-runner-1-21] [INFO ] q.lib.plugins.DetectionPluginTools - 3987 nuclei detected (processing time: 23.09 seconds)
2024-10-22 23:31:17 INFO: 23:31:17.708 [main] [INFO ] q.l.p.CommandLineTaskRunner$CommandLineProgressMonitor - 3987 nuclei detected (36%)
2024-10-22 23:31:17 INFO: 23:31:17.939 [task-runner-1-58] [INFO ] q.lib.plugins.DetectionPluginTools - 3012 nuclei detected (processing time: 23.31 seconds)
2024-10-22 23:31:17 INFO: 23:31:17.939 [main] [INFO ] q.l.p.CommandLineTaskRunner$CommandLineProgressMonitor - 3012 nuclei detected (36%)
2024-10-22 23:31:17 INFO: 23:31:17.950 [task-runner-1-12] [INFO ] q.lib.plugins.DetectionPluginTools - 129 nuclei detected (processing time: 7.92 seconds)
2024-10-22 23:31:17 INFO: 23:31:17.950 [main] [INFO ] q.l.p.CommandLineTaskRunner$CommandLineProgressMonitor - 129 nuclei detected (37%)
2024-10-22 23:31:18 INFO: 23:31:18.154 [task-runner-1-38] [INFO ] q.lib.plugins.DetectionPluginTools - 4047 nuclei detected (processing time: 23.53 seconds)
2024-10-22 23:31:18 INFO: 23:31:18.156 [main] [INFO ] q.l.p.CommandLineTaskRunner$CommandLineProgressMonitor - 4047 nuclei detected (38%)
2024-10-22 23:31:18 INFO: 23:31:18.187 [task-runner-1-55] [INFO ] q.lib.plugins.DetectionPluginTools - 3621 nuclei detected (processing time: 23.56 seconds)
2024-10-22 23:31:18 INFO: 23:31:18.189 [main] [INFO ] q.l.p.CommandLineTaskRunner$CommandLineProgressMonitor - 3621 nuclei detected (38%)
2024-10-22 23:31:18 INFO: 23:31:18.652 [task-runner-1-54] [INFO ] q.lib.plugins.DetectionPluginTools - 4835 nuclei detected (processing time: 24.03 seconds)
2024-10-22 23:31:18 INFO: 23:31:18.652 [main] [INFO ] q.l.p.CommandLineTaskRunner$CommandLineProgressMonitor - 4835 nuclei detected (39%)
2024-10-22 23:31:18 INFO: 23:31:18.838 [task-runner-1-3] [INFO ] q.lib.plugins.DetectionPluginTools - 495 nuclei detected (processing time: 8.81 seconds)
2024-10-22 23:31:18 INFO: 23:31:18.840 [main] [INFO ] q.l.p.CommandLineTaskRunner$CommandLineProgressMonitor - 495 nuclei detected (39%)
2024-10-22 23:31:18 INFO: 23:31:18.903 [task-runner-1-8] [INFO ] q.lib.plugins.DetectionPluginTools - 0 nuclei detected (processing time: 7.17 seconds)
2024-10-22 23:31:18 INFO: 23:31:18.903 [main] [INFO ] q.l.p.CommandLineTaskRunner$CommandLineProgressMonitor - 0 nuclei detected (40%)
2024-10-22 23:31:19 INFO: 23:31:19.438 [task-runner-1-37] [INFO ] q.lib.plugins.DetectionPluginTools - 4649 nuclei detected (processing time: 24.82 seconds)
2024-10-22 23:31:19 INFO: 23:31:19.440 [main] [INFO ] q.l.p.CommandLineTaskRunner$CommandLineProgressMonitor - 4649 nuclei detected (41%)
2024-10-22 23:31:19 INFO: 23:31:19.455 [task-runner-1-47] [INFO ] q.lib.plugins.DetectionPluginTools - 146 nuclei detected (processing time: 7.71 seconds)
2024-10-22 23:31:19 INFO: 23:31:19.456 [main] [INFO ] q.l.p.CommandLineTaskRunner$CommandLineProgressMonitor - 146 nuclei detected (41%)
2024-10-22 23:31:19 INFO: 23:31:19.916 [task-runner-1-56] [INFO ] q.lib.plugins.DetectionPluginTools - 4216 nuclei detected (processing time: 25.29 seconds)
2024-10-22 23:31:19 INFO: 23:31:19.918 [main] [INFO ] q.l.p.CommandLineTaskRunner$CommandLineProgressMonitor - 4216 nuclei detected (42%)
2024-10-22 23:31:20 INFO: 23:31:20.513 [task-runner-1-53] [INFO ] q.lib.plugins.DetectionPluginTools - 6293 nuclei detected (processing time: 25.89 seconds)
2024-10-22 23:31:20 INFO: 23:31:20.515 [main] [INFO ] q.l.p.CommandLineTaskRunner$CommandLineProgressMonitor - 6293 nuclei detected (43%)
2024-10-22 23:31:20 INFO: 23:31:20.685 [task-runner-1-33] [INFO ] q.lib.plugins.DetectionPluginTools - 116 nuclei detected (processing time: 8.30 seconds)
2024-10-22 23:31:20 INFO: 23:31:20.686 [task-runner-1-11] [INFO ] q.lib.plugins.DetectionPluginTools - 233 nuclei detected (processing time: 8.96 seconds)
2024-10-22 23:31:20 INFO: 23:31:20.686 [main] [INFO ] q.l.p.CommandLineTaskRunner$CommandLineProgressMonitor - 116 nuclei detected (43%)
2024-10-22 23:31:20 INFO: 23:31:20.688 [main] [INFO ] q.l.p.CommandLineTaskRunner$CommandLineProgressMonitor - 233 nuclei detected (44%)
2024-10-22 23:31:20 INFO: 23:31:20.832 [task-runner-1-17] [INFO ] q.lib.plugins.DetectionPluginTools - 119 nuclei detected (processing time: 9.10 seconds)
2024-10-22 23:31:20 INFO: 23:31:20.846 [main] [INFO ] q.l.p.CommandLineTaskRunner$CommandLineProgressMonitor - 119 nuclei detected (44%)
2024-10-22 23:31:20 INFO: 23:31:20.950 [task-runner-1-18] [INFO ] q.lib.plugins.DetectionPluginTools - 3 nuclei detected (processing time: 8.51 seconds)
2024-10-22 23:31:20 INFO: 23:31:20.952 [main] [INFO ] q.l.p.CommandLineTaskRunner$CommandLineProgressMonitor - 3 nuclei detected (45%)
2024-10-22 23:31:21 INFO: 23:31:21.721 [task-runner-1-9] [INFO ] q.lib.plugins.DetectionPluginTools - 610 nuclei detected (processing time: 10.02 seconds)
2024-10-22 23:31:21 INFO: 23:31:21.722 [main] [INFO ] q.l.p.CommandLineTaskRunner$CommandLineProgressMonitor - 610 nuclei detected (46%)
2024-10-22 23:31:21 INFO: 23:31:21.724 [task-runner-1-61] [INFO ] q.lib.plugins.DetectionPluginTools - 155 nuclei detected (processing time: 9.22 seconds)
2024-10-22 23:31:21 INFO: 23:31:21.724 [main] [INFO ] q.l.p.CommandLineTaskRunner$CommandLineProgressMonitor - 155 nuclei detected (46%)
2024-10-22 23:31:21 INFO: 23:31:21.858 [task-runner-1-62] [INFO ] q.lib.plugins.DetectionPluginTools - 157 nuclei detected (processing time: 9.40 seconds)
2024-10-22 23:31:21 INFO: 23:31:21.859 [main] [INFO ] q.l.p.CommandLineTaskRunner$CommandLineProgressMonitor - 157 nuclei detected (47%)
2024-10-22 23:31:22 INFO: 23:31:22.239 [task-runner-1-36] [INFO ] q.lib.plugins.DetectionPluginTools - 69 nuclei detected (processing time: 7.88 seconds)
2024-10-22 23:31:22 INFO: 23:31:22.241 [main] [INFO ] q.l.p.CommandLineTaskRunner$CommandLineProgressMonitor - 69 nuclei detected (48%)
2024-10-22 23:31:22 INFO: 23:31:22.264 [task-runner-1-52] [INFO ] q.lib.plugins.DetectionPluginTools - 1 nucleus detected (processing time: 7.30 seconds)
2024-10-22 23:31:22 INFO: 23:31:22.265 [main] [INFO ] q.l.p.CommandLineTaskRunner$CommandLineProgressMonitor - 1 nucleus detected (48%)
2024-10-22 23:31:22 INFO: 23:31:22.426 [task-runner-1-35] [INFO ] q.lib.plugins.DetectionPluginTools - 254 nuclei detected (processing time: 9.87 seconds)
2024-10-22 23:31:22 INFO: 23:31:22.429 [main] [INFO ] q.l.p.CommandLineTaskRunner$CommandLineProgressMonitor - 254 nuclei detected (49%)
2024-10-22 23:31:22 INFO: 23:31:22.720 [task-runner-1-13] [INFO ] q.lib.plugins.DetectionPluginTools - 1084 nuclei detected (processing time: 10.96 seconds)
2024-10-22 23:31:22 INFO: 23:31:22.721 [main] [INFO ] q.l.p.CommandLineTaskRunner$CommandLineProgressMonitor - 1084 nuclei detected (49%)
2024-10-22 23:31:23 INFO: 23:31:23.656 [task-runner-1-15] [INFO ] q.lib.plugins.DetectionPluginTools - 814 nuclei detected (processing time: 11.93 seconds)
2024-10-22 23:31:23 INFO: 23:31:23.658 [main] [INFO ] q.l.p.CommandLineTaskRunner$CommandLineProgressMonitor - 814 nuclei detected (50%)
2024-10-22 23:31:24 INFO: 23:31:24.846 [task-runner-1-40] [INFO ] q.lib.plugins.DetectionPluginTools - 392 nuclei detected (processing time: 8.77 seconds)
2024-10-22 23:31:24 INFO: 23:31:24.847 [main] [INFO ] q.l.p.CommandLineTaskRunner$CommandLineProgressMonitor - 392 nuclei detected (51%)
2024-10-22 23:31:25 INFO: 23:31:25.045 [task-runner-1-48] [INFO ] q.lib.plugins.DetectionPluginTools - 284 nuclei detected (processing time: 8.72 seconds)
2024-10-22 23:31:25 INFO: 23:31:25.046 [main] [INFO ] q.l.p.CommandLineTaskRunner$CommandLineProgressMonitor - 284 nuclei detected (51%)
2024-10-22 23:31:25 INFO: 23:31:25.420 [task-runner-1-8] [INFO ] q.lib.plugins.DetectionPluginTools - 0 nuclei detected (processing time: 6.52 seconds)
2024-10-22 23:31:25 INFO: 23:31:25.421 [main] [INFO ] q.l.p.CommandLineTaskRunner$CommandLineProgressMonitor - 0 nuclei detected (52%)
2024-10-22 23:31:25 INFO: 23:31:25.765 [task-runner-1-49] [INFO ] q.lib.plugins.DetectionPluginTools - 848 nuclei detected (processing time: 13.47 seconds)
2024-10-22 23:31:25 INFO: 23:31:25.770 [main] [INFO ] q.l.p.CommandLineTaskRunner$CommandLineProgressMonitor - 848 nuclei detected (53%)
2024-10-22 23:31:25 INFO: 23:31:25.824 [task-runner-1-37] [INFO ] q.lib.plugins.DetectionPluginTools - 0 nuclei detected (processing time: 6.38 seconds)
2024-10-22 23:31:25 INFO: 23:31:25.826 [main] [INFO ] q.l.p.CommandLineTaskRunner$CommandLineProgressMonitor - 0 nuclei detected (53%)
2024-10-22 23:31:26 INFO: 23:31:26.838 [task-runner-1-14] [INFO ] q.lib.plugins.DetectionPluginTools - 1547 nuclei detected (processing time: 15.11 seconds)
2024-10-22 23:31:26 INFO: 23:31:26.840 [main] [INFO ] q.l.p.CommandLineTaskRunner$CommandLineProgressMonitor - 1547 nuclei detected (54%)
2024-10-22 23:31:27 INFO: 23:31:27.083 [task-runner-1-33] [INFO ] q.lib.plugins.DetectionPluginTools - 3 nuclei detected (processing time: 6.40 seconds)
2024-10-22 23:31:27 INFO: 23:31:27.088 [main] [INFO ] q.l.p.CommandLineTaskRunner$CommandLineProgressMonitor - 3 nuclei detected (54%)
2024-10-22 23:31:27 INFO: 23:31:27.100 [task-runner-1-59] [INFO ] q.lib.plugins.DetectionPluginTools - 346 nuclei detected (processing time: 9.88 seconds)
2024-10-22 23:31:27 INFO: 23:31:27.102 [main] [INFO ] q.l.p.CommandLineTaskRunner$CommandLineProgressMonitor - 346 nuclei detected (55%)
2024-10-22 23:31:27 INFO: 23:31:27.241 [task-runner-1-11] [INFO ] q.lib.plugins.DetectionPluginTools - 12 nuclei detected (processing time: 6.55 seconds)
2024-10-22 23:31:27 INFO: 23:31:27.245 [main] [INFO ] q.l.p.CommandLineTaskRunner$CommandLineProgressMonitor - 12 nuclei detected (56%)
2024-10-22 23:31:27 INFO: 23:31:27.728 [task-runner-1-53] [INFO ] q.lib.plugins.DetectionPluginTools - 114 nuclei detected (processing time: 7.21 seconds)
2024-10-22 23:31:27 INFO: 23:31:27.730 [main] [INFO ] q.l.p.CommandLineTaskRunner$CommandLineProgressMonitor - 114 nuclei detected (56%)
2024-10-22 23:31:28 INFO: 23:31:28.051 [task-runner-1-56] [INFO ] q.lib.plugins.DetectionPluginTools - 82 nuclei detected (processing time: 8.13 seconds)
2024-10-22 23:31:28 INFO: 23:31:28.054 [main] [INFO ] q.l.p.CommandLineTaskRunner$CommandLineProgressMonitor - 82 nuclei detected (57%)
2024-10-22 23:31:28 INFO: 23:31:28.162 [task-runner-1-47] [INFO ] q.lib.plugins.DetectionPluginTools - 115 nuclei detected (processing time: 8.71 seconds)
2024-10-22 23:31:28 INFO: 23:31:28.167 [main] [INFO ] q.l.p.CommandLineTaskRunner$CommandLineProgressMonitor - 115 nuclei detected (57%)
2024-10-22 23:31:28 INFO: 23:31:28.694 [task-runner-1-17] [INFO ] q.lib.plugins.DetectionPluginTools - 0 nuclei detected (processing time: 7.85 seconds)
2024-10-22 23:31:28 INFO: 23:31:28.695 [main] [INFO ] q.l.p.CommandLineTaskRunner$CommandLineProgressMonitor - 0 nuclei detected (58%)
2024-10-22 23:31:28 INFO: 23:31:28.768 [task-runner-1-18] [INFO ] q.lib.plugins.DetectionPluginTools - 0 nuclei detected (processing time: 7.81 seconds)
2024-10-22 23:31:28 INFO: 23:31:28.770 [main] [INFO ] q.l.p.CommandLineTaskRunner$CommandLineProgressMonitor - 0 nuclei detected (59%)
2024-10-22 23:31:28 INFO: 23:31:28.803 [task-runner-1-9] [INFO ] q.lib.plugins.DetectionPluginTools - 0 nuclei detected (processing time: 7.08 seconds)
2024-10-22 23:31:28 INFO: 23:31:28.857 [task-runner-1-3] [INFO ] q.lib.plugins.DetectionPluginTools - 1222 nuclei detected (processing time: 10.02 seconds)
2024-10-22 23:31:28 INFO: 23:31:28.859 [main] [INFO ] q.l.p.CommandLineTaskRunner$CommandLineProgressMonitor - 1222 nuclei detected (60%)
2024-10-22 23:31:29 INFO: 23:31:29.405 [task-runner-1-61] [INFO ] q.lib.plugins.DetectionPluginTools - 39 nuclei detected (processing time: 7.68 seconds)
2024-10-22 23:31:29 INFO: 23:31:29.407 [main] [INFO ] q.l.p.CommandLineTaskRunner$CommandLineProgressMonitor - 39 nuclei detected (61%)
2024-10-22 23:31:29 INFO: 23:31:29.408 [task-runner-1-62] [INFO ] q.lib.plugins.DetectionPluginTools - 432 nuclei detected (processing time: 7.55 seconds)
2024-10-22 23:31:29 INFO: 23:31:29.408 [main] [INFO ] q.l.p.CommandLineTaskRunner$CommandLineProgressMonitor - 432 nuclei detected (61%)
2024-10-22 23:31:29 INFO: 23:31:29.755 [task-runner-1-22] [INFO ] q.lib.plugins.DetectionPluginTools - 2410 nuclei detected (processing time: 16.50 seconds)
2024-10-22 23:31:29 INFO: 23:31:29.757 [main] [INFO ] q.l.p.CommandLineTaskRunner$CommandLineProgressMonitor - 2410 nuclei detected (62%)
2024-10-22 23:31:30 INFO: 23:31:30.679 [task-runner-1-15] [INFO ] q.lib.plugins.DetectionPluginTools - 0 nuclei detected (processing time: 7.02 seconds)
2024-10-22 23:31:30 INFO: 23:31:30.681 [main] [INFO ] q.l.p.CommandLineTaskRunner$CommandLineProgressMonitor - 0 nuclei detected (63%)
2024-10-22 23:31:30 INFO: 23:31:30.815 [task-runner-1-13] [INFO ] q.lib.plugins.DetectionPluginTools - 0 nuclei detected (processing time: 8.09 seconds)
2024-10-22 23:31:31 INFO: 23:31:31.201 [task-runner-1-16] [INFO ] q.lib.plugins.DetectionPluginTools - 2980 nuclei detected (processing time: 19.50 seconds)
2024-10-22 23:31:31 INFO: 23:31:31.203 [main] [INFO ] q.l.p.CommandLineTaskRunner$CommandLineProgressMonitor - 2980 nuclei detected (64%)
2024-10-22 23:31:31 INFO: 23:31:31.666 [task-runner-1-36] [INFO ] q.lib.plugins.DetectionPluginTools - 1728 nuclei detected (processing time: 9.43 seconds)
2024-10-22 23:31:31 INFO: 23:31:31.667 [main] [INFO ] q.l.p.CommandLineTaskRunner$CommandLineProgressMonitor - 1728 nuclei detected (64%)
2024-10-22 23:31:32 INFO: 23:31:32.047 [task-runner-1-40] [INFO ] q.lib.plugins.DetectionPluginTools - 0 nuclei detected (processing time: 7.20 seconds)
2024-10-22 23:31:32 INFO: 23:31:32.047 [main] [INFO ] q.l.p.CommandLineTaskRunner$CommandLineProgressMonitor - 0 nuclei detected (65%)
2024-10-22 23:31:32 INFO: 23:31:32.153 [task-runner-1-29] [INFO ] q.lib.plugins.DetectionPluginTools - 3294 nuclei detected (processing time: 20.39 seconds)
2024-10-22 23:31:32 INFO: 23:31:32.154 [main] [INFO ] q.l.p.CommandLineTaskRunner$CommandLineProgressMonitor - 3294 nuclei detected (66%)
2024-10-22 23:31:32 INFO: 23:31:32.456 [task-runner-1-63] [INFO ] q.lib.plugins.DetectionPluginTools - 2633 nuclei detected (processing time: 20.16 seconds)
2024-10-22 23:31:32 INFO: 23:31:32.456 [main] [INFO ] q.l.p.CommandLineTaskRunner$CommandLineProgressMonitor - 2633 nuclei detected (66%)
2024-10-22 23:31:32 INFO: 23:31:32.485 [task-runner-1-8] [INFO ] q.lib.plugins.DetectionPluginTools - 1 nucleus detected (processing time: 7.06 seconds)
2024-10-22 23:31:32 INFO: 23:31:32.486 [main] [INFO ] q.l.p.CommandLineTaskRunner$CommandLineProgressMonitor - 1 nucleus detected (67%)
2024-10-22 23:31:32 INFO: 23:31:32.531 [task-runner-1-48] [INFO ] q.lib.plugins.DetectionPluginTools - 9 nuclei detected (processing time: 7.49 seconds)
2024-10-22 23:31:32 INFO: 23:31:32.532 [main] [INFO ] q.l.p.CommandLineTaskRunner$CommandLineProgressMonitor - 9 nuclei detected (68%)
2024-10-22 23:31:32 INFO: 23:31:32.771 [task-runner-1-4] [INFO ] q.lib.plugins.DetectionPluginTools - 3427 nuclei detected (processing time: 21.05 seconds)
2024-10-22 23:31:32 INFO: 23:31:32.771 [main] [INFO ] q.l.p.CommandLineTaskRunner$CommandLineProgressMonitor - 3427 nuclei detected (68%)
2024-10-22 23:31:32 INFO: 23:31:32.973 [task-runner-1-50] [INFO ] q.lib.plugins.DetectionPluginTools - 3144 nuclei detected (processing time: 20.17 seconds)
2024-10-22 23:31:32 INFO: 23:31:32.974 [main] [INFO ] q.l.p.CommandLineTaskRunner$CommandLineProgressMonitor - 3144 nuclei detected (69%)
2024-10-22 23:31:33 INFO: 23:31:33.033 [task-runner-1-57] [INFO ] q.lib.plugins.DetectionPluginTools - 1499 nuclei detected (processing time: 15.43 seconds)
2024-10-22 23:31:33 INFO: 23:31:33.034 [main] [INFO ] q.l.p.CommandLineTaskRunner$CommandLineProgressMonitor - 1499 nuclei detected (69%)
2024-10-22 23:31:33 INFO: 23:31:33.041 [task-runner-1-49] [INFO ] q.lib.plugins.DetectionPluginTools - 0 nuclei detected (processing time: 7.27 seconds)
2024-10-22 23:31:33 INFO: 23:31:33.042 [main] [INFO ] q.l.p.CommandLineTaskRunner$CommandLineProgressMonitor - 0 nuclei detected (70%)
2024-10-22 23:31:33 INFO: 23:31:33.112 [task-runner-1-44] [INFO ] q.lib.plugins.DetectionPluginTools - 2816 nuclei detected (processing time: 20.54 seconds)
2024-10-22 23:31:33 INFO: 23:31:33.112 [main] [INFO ] q.l.p.CommandLineTaskRunner$CommandLineProgressMonitor - 2816 nuclei detected (71%)
2024-10-22 23:31:33 INFO: 23:31:33.116 [task-runner-1-37] [INFO ] q.lib.plugins.DetectionPluginTools - 1 nucleus detected (processing time: 7.29 seconds)
2024-10-22 23:31:33 INFO: 23:31:33.116 [main] [INFO ] q.l.p.CommandLineTaskRunner$CommandLineProgressMonitor - 1 nucleus detected (71%)
2024-10-22 23:31:33 INFO: 23:31:33.347 [task-runner-1-51] [INFO ] q.lib.plugins.DetectionPluginTools - 3985 nuclei detected (processing time: 20.17 seconds)
2024-10-22 23:31:33 INFO: 23:31:33.347 [main] [INFO ] q.l.p.CommandLineTaskRunner$CommandLineProgressMonitor - 3985 nuclei detected (72%)
2024-10-22 23:31:33 INFO: 23:31:33.377 [task-runner-1-32] [INFO ] q.lib.plugins.DetectionPluginTools - 3662 nuclei detected (processing time: 21.66 seconds)
2024-10-22 23:31:33 INFO: 23:31:33.377 [main] [INFO ] q.l.p.CommandLineTaskRunner$CommandLineProgressMonitor - 3662 nuclei detected (73%)
2024-10-22 23:31:33 INFO: 23:31:33.458 [task-runner-1-25] [INFO ] q.lib.plugins.DetectionPluginTools - 2942 nuclei detected (processing time: 20.82 seconds)
2024-10-22 23:31:33 INFO: 23:31:33.459 [main] [INFO ] q.l.p.CommandLineTaskRunner$CommandLineProgressMonitor - 2942 nuclei detected (73%)
2024-10-22 23:31:33 INFO: 23:31:33.487 [task-runner-1-14] [INFO ] q.lib.plugins.DetectionPluginTools - 1 nucleus detected (processing time: 6.65 seconds)
2024-10-22 23:31:33 INFO: 23:31:33.487 [main] [INFO ] q.l.p.CommandLineTaskRunner$CommandLineProgressMonitor - 1 nucleus detected (74%)
2024-10-22 23:31:33 INFO: 23:31:33.533 [task-runner-1-1] [INFO ] q.lib.plugins.DetectionPluginTools - 5641 nuclei detected (processing time: 21.83 seconds)
2024-10-22 23:31:33 INFO: 23:31:33.534 [main] [INFO ] q.l.p.CommandLineTaskRunner$CommandLineProgressMonitor - 5641 nuclei detected (74%)
2024-10-22 23:31:33 INFO: 23:31:33.685 [task-runner-1-19] [INFO ] q.lib.plugins.DetectionPluginTools - 3060 nuclei detected (processing time: 21.46 seconds)
2024-10-22 23:31:33 INFO: 23:31:33.685 [main] [INFO ] q.l.p.CommandLineTaskRunner$CommandLineProgressMonitor - 3060 nuclei detected (75%)
2024-10-22 23:31:33 INFO: 23:31:33.744 [task-runner-1-5] [INFO ] q.lib.plugins.DetectionPluginTools - 3865 nuclei detected (processing time: 21.67 seconds)
2024-10-22 23:31:33 INFO: 23:31:33.744 [main] [INFO ] q.l.p.CommandLineTaskRunner$CommandLineProgressMonitor - 3865 nuclei detected (76%)
2024-10-22 23:31:33 INFO: 23:31:33.764 [task-runner-1-45] [INFO ] q.lib.plugins.DetectionPluginTools - 3254 nuclei detected (processing time: 21.55 seconds)
2024-10-22 23:31:33 INFO: 23:31:33.764 [main] [INFO ] q.l.p.CommandLineTaskRunner$CommandLineProgressMonitor - 3254 nuclei detected (76%)
2024-10-22 23:31:33 INFO: 23:31:33.928 [task-runner-1-2] [INFO ] q.lib.plugins.DetectionPluginTools - 3981 nuclei detected (processing time: 22.21 seconds)
2024-10-22 23:31:33 INFO: 23:31:33.929 [main] [INFO ] q.l.p.CommandLineTaskRunner$CommandLineProgressMonitor - 3981 nuclei detected (77%)
2024-10-22 23:31:34 INFO: 23:31:34.025 [task-runner-1-6] [INFO ] q.lib.plugins.DetectionPluginTools - 3711 nuclei detected (processing time: 22.26 seconds)
2024-10-22 23:31:34 INFO: 23:31:34.026 [main] [INFO ] q.l.p.CommandLineTaskRunner$CommandLineProgressMonitor - 3711 nuclei detected (78%)
2024-10-22 23:31:34 INFO: 23:31:34.034 [task-runner-1-47] [INFO ] q.lib.plugins.DetectionPluginTools - 0 nuclei detected (processing time: 5.87 seconds)
2024-10-22 23:31:34 INFO: 23:31:34.035 [main] [INFO ] q.l.p.CommandLineTaskRunner$CommandLineProgressMonitor - 0 nuclei detected (78%)
2024-10-22 23:31:34 INFO: 23:31:34.109 [task-runner-1-41] [INFO ] q.lib.plugins.DetectionPluginTools - 1252 nuclei detected (processing time: 16.86 seconds)
2024-10-22 23:31:34 INFO: 23:31:34.110 [main] [INFO ] q.l.p.CommandLineTaskRunner$CommandLineProgressMonitor - 1252 nuclei detected (79%)
2024-10-22 23:31:34 INFO: 23:31:34.317 [task-runner-1-26] [INFO ] q.lib.plugins.DetectionPluginTools - 4412 nuclei detected (processing time: 22.29 seconds)
2024-10-22 23:31:34 INFO: 23:31:34.317 [main] [INFO ] q.l.p.CommandLineTaskRunner$CommandLineProgressMonitor - 4412 nuclei detected (79%)
2024-10-22 23:31:34 INFO: 23:31:34.325 [task-runner-1-28] [INFO ] q.lib.plugins.DetectionPluginTools - 4020 nuclei detected (processing time: 22.51 seconds)
2024-10-22 23:31:34 INFO: 23:31:34.326 [main] [INFO ] q.l.p.CommandLineTaskRunner$CommandLineProgressMonitor - 4020 nuclei detected (80%)
2024-10-22 23:31:34 INFO: 23:31:34.363 [task-runner-1-21] [INFO ] q.lib.plugins.DetectionPluginTools - 3312 nuclei detected (processing time: 16.66 seconds)
2024-10-22 23:31:34 INFO: 23:31:34.364 [main] [INFO ] q.l.p.CommandLineTaskRunner$CommandLineProgressMonitor - 3312 nuclei detected (81%)
2024-10-22 23:31:34 INFO: 23:31:34.367 [task-runner-1-53] [INFO ] q.lib.plugins.DetectionPluginTools - 0 nuclei detected (processing time: 6.64 seconds)
2024-10-22 23:31:34 INFO: 23:31:34.367 [main] [INFO ] q.l.p.CommandLineTaskRunner$CommandLineProgressMonitor - 0 nuclei detected (81%)
2024-10-22 23:31:34 INFO: 23:31:34.401 [task-runner-1-34] [INFO ] q.lib.plugins.DetectionPluginTools - 3892 nuclei detected (processing time: 21.78 seconds)
2024-10-22 23:31:34 INFO: 23:31:34.401 [main] [INFO ] q.l.p.CommandLineTaskRunner$CommandLineProgressMonitor - 3892 nuclei detected (82%)
2024-10-22 23:31:34 INFO: 23:31:34.404 [task-runner-1-42] [INFO ] q.lib.plugins.DetectionPluginTools - 2275 nuclei detected (processing time: 17.10 seconds)
2024-10-22 23:31:34 INFO: 23:31:34.404 [main] [INFO ] q.l.p.CommandLineTaskRunner$CommandLineProgressMonitor - 2275 nuclei detected (83%)
2024-10-22 23:31:34 INFO: 23:31:34.425 [task-runner-1-7] [INFO ] q.lib.plugins.DetectionPluginTools - 4398 nuclei detected (processing time: 22.71 seconds)
2024-10-22 23:31:34 INFO: 23:31:34.426 [main] [INFO ] q.l.p.CommandLineTaskRunner$CommandLineProgressMonitor - 4398 nuclei detected (83%)
2024-10-22 23:31:34 INFO: 23:31:34.570 [task-runner-1-46] [INFO ] q.lib.plugins.DetectionPluginTools - 4440 nuclei detected (processing time: 22.52 seconds)
2024-10-22 23:31:34 INFO: 23:31:34.570 [main] [INFO ] q.l.p.CommandLineTaskRunner$CommandLineProgressMonitor - 4440 nuclei detected (84%)
2024-10-22 23:31:34 INFO: 23:31:34.647 [task-runner-1-56] [INFO ] q.lib.plugins.DetectionPluginTools - 1 nucleus detected (processing time: 6.59 seconds)
2024-10-22 23:31:34 INFO: 23:31:34.647 [main] [INFO ] q.l.p.CommandLineTaskRunner$CommandLineProgressMonitor - 1 nucleus detected (84%)
2024-10-22 23:31:34 INFO: 23:31:34.744 [task-runner-1-3] [INFO ] q.lib.plugins.DetectionPluginTools - 0 nuclei detected (processing time: 5.89 seconds)
2024-10-22 23:31:34 INFO: 23:31:34.744 [main] [INFO ] q.l.p.CommandLineTaskRunner$CommandLineProgressMonitor - 0 nuclei detected (85%)
2024-10-22 23:31:34 INFO: 23:31:34.787 [task-runner-1-33] [INFO ] q.lib.plugins.DetectionPluginTools - 0 nuclei detected (processing time: 7.69 seconds)
2024-10-22 23:31:34 INFO: 23:31:34.787 [main] [INFO ] q.l.p.CommandLineTaskRunner$CommandLineProgressMonitor - 0 nuclei detected (86%)
2024-10-22 23:31:34 INFO: 23:31:34.789 [task-runner-1-9] [INFO ] q.lib.plugins.DetectionPluginTools - 0 nuclei detected (processing time: 5.99 seconds)
2024-10-22 23:31:34 INFO: 23:31:34.811 [task-runner-1-59] [INFO ] q.lib.plugins.DetectionPluginTools - 1 nucleus detected (processing time: 7.71 seconds)
2024-10-22 23:31:34 INFO: 23:31:34.812 [main] [INFO ] q.l.p.CommandLineTaskRunner$CommandLineProgressMonitor - 1 nucleus detected (87%)
2024-10-22 23:31:34 INFO: 23:31:34.813 [task-runner-1-10] [INFO ] q.lib.plugins.DetectionPluginTools - 4228 nuclei detected (processing time: 23.10 seconds)
2024-10-22 23:31:34 INFO: 23:31:34.813 [main] [INFO ] q.l.p.CommandLineTaskRunner$CommandLineProgressMonitor - 4228 nuclei detected (88%)
2024-10-22 23:31:34 INFO: 23:31:34.842 [task-runner-1-18] [INFO ] q.lib.plugins.DetectionPluginTools - 0 nuclei detected (processing time: 6.07 seconds)
2024-10-22 23:31:34 INFO: 23:31:34.842 [main] [INFO ] q.l.p.CommandLineTaskRunner$CommandLineProgressMonitor - 0 nuclei detected (88%)
2024-10-22 23:31:34 INFO: 23:31:34.901 [task-runner-1-24] [INFO ] q.lib.plugins.DetectionPluginTools - 3851 nuclei detected (processing time: 21.88 seconds)
2024-10-22 23:31:34 INFO: 23:31:34.901 [main] [INFO ] q.l.p.CommandLineTaskRunner$CommandLineProgressMonitor - 3851 nuclei detected (89%)
2024-10-22 23:31:34 INFO: 23:31:34.903 [task-runner-1-43] [INFO ] q.lib.plugins.DetectionPluginTools - 4189 nuclei detected (processing time: 21.70 seconds)
2024-10-22 23:31:34 INFO: 23:31:34.903 [main] [INFO ] q.l.p.CommandLineTaskRunner$CommandLineProgressMonitor - 4189 nuclei detected (89%)
2024-10-22 23:31:34 INFO: 23:31:34.920 [task-runner-1-31] [INFO ] q.lib.plugins.DetectionPluginTools - 4741 nuclei detected (processing time: 23.11 seconds)
2024-10-22 23:31:34 INFO: 23:31:34.920 [main] [INFO ] q.l.p.CommandLineTaskRunner$CommandLineProgressMonitor - 4741 nuclei detected (90%)
2024-10-22 23:31:34 INFO: 23:31:34.928 [task-runner-1-39] [INFO ] q.lib.plugins.DetectionPluginTools - 1403 nuclei detected (processing time: 17.62 seconds)
2024-10-22 23:31:34 INFO: 23:31:34.928 [main] [INFO ] q.l.p.CommandLineTaskRunner$CommandLineProgressMonitor - 1403 nuclei detected (91%)
2024-10-22 23:31:34 INFO: 23:31:34.966 [task-runner-1-11] [INFO ] q.lib.plugins.DetectionPluginTools - 1 nucleus detected (processing time: 7.72 seconds)
2024-10-22 23:31:34 INFO: 23:31:34.966 [main] [INFO ] q.l.p.CommandLineTaskRunner$CommandLineProgressMonitor - 1 nucleus detected (91%)
2024-10-22 23:31:35 INFO: 23:31:35.113 [task-runner-1-52] [INFO ] q.lib.plugins.DetectionPluginTools - 2541 nuclei detected (processing time: 12.85 seconds)
2024-10-22 23:31:35 INFO: 23:31:35.113 [main] [INFO ] q.l.p.CommandLineTaskRunner$CommandLineProgressMonitor - 2541 nuclei detected (92%)
2024-10-22 23:31:35 INFO: 23:31:35.122 [task-runner-1-27] [INFO ] q.lib.plugins.DetectionPluginTools - 4466 nuclei detected (processing time: 23.40 seconds)
2024-10-22 23:31:35 INFO: 23:31:35.123 [main] [INFO ] q.l.p.CommandLineTaskRunner$CommandLineProgressMonitor - 4466 nuclei detected (93%)
2024-10-22 23:31:35 INFO: 23:31:35.262 [task-runner-1-17] [INFO ] q.lib.plugins.DetectionPluginTools - 0 nuclei detected (processing time: 6.57 seconds)
2024-10-22 23:31:35 INFO: 23:31:35.263 [main] [INFO ] q.l.p.CommandLineTaskRunner$CommandLineProgressMonitor - 0 nuclei detected (93%)
2024-10-22 23:31:35 INFO: 23:31:35.266 [task-runner-1-20] [INFO ] q.lib.plugins.DetectionPluginTools - 3974 nuclei detected (processing time: 22.36 seconds)
2024-10-22 23:31:35 INFO: 23:31:35.267 [main] [INFO ] q.l.p.CommandLineTaskRunner$CommandLineProgressMonitor - 3974 nuclei detected (94%)
2024-10-22 23:31:35 INFO: 23:31:35.308 [task-runner-1-23] [INFO ] q.lib.plugins.DetectionPluginTools - 4872 nuclei detected (processing time: 22.13 seconds)
2024-10-22 23:31:35 INFO: 23:31:35.308 [main] [INFO ] q.l.p.CommandLineTaskRunner$CommandLineProgressMonitor - 4872 nuclei detected (94%)
2024-10-22 23:31:35 INFO: 23:31:35.339 [task-runner-1-30] [INFO ] q.lib.plugins.DetectionPluginTools - 6905 nuclei detected (processing time: 23.62 seconds)
2024-10-22 23:31:35 INFO: 23:31:35.340 [main] [INFO ] q.l.p.CommandLineTaskRunner$CommandLineProgressMonitor - 6905 nuclei detected (95%)
2024-10-22 23:31:35 INFO: 23:31:35.460 [task-runner-1-61] [INFO ] q.lib.plugins.DetectionPluginTools - 0 nuclei detected (processing time: 6.05 seconds)
2024-10-22 23:31:35 INFO: 23:31:35.460 [main] [INFO ] q.l.p.CommandLineTaskRunner$CommandLineProgressMonitor - 0 nuclei detected (96%)
2024-10-22 23:31:35 INFO: 23:31:35.668 [task-runner-1-35] [INFO ] q.lib.plugins.DetectionPluginTools - 2949 nuclei detected (processing time: 13.24 seconds)
2024-10-22 23:31:35 INFO: 23:31:35.668 [main] [INFO ] q.l.p.CommandLineTaskRunner$CommandLineProgressMonitor - 2949 nuclei detected (96%)
2024-10-22 23:31:35 INFO: 23:31:35.713 [task-runner-1-60] [INFO ] q.lib.plugins.DetectionPluginTools - 5483 nuclei detected (processing time: 22.48 seconds)
2024-10-22 23:31:35 INFO: 23:31:35.713 [main] [INFO ] q.l.p.CommandLineTaskRunner$CommandLineProgressMonitor - 5483 nuclei detected (97%)
2024-10-22 23:31:35 INFO: 23:31:35.846 [task-runner-1-58] [INFO ] q.lib.plugins.DetectionPluginTools - 4208 nuclei detected (processing time: 17.91 seconds)
2024-10-22 23:31:35 INFO: 23:31:35.846 [main] [INFO ] q.l.p.CommandLineTaskRunner$CommandLineProgressMonitor - 4208 nuclei detected (98%)
2024-10-22 23:31:37 INFO: 23:31:37.269 [task-runner-1-38] [INFO ] q.lib.plugins.DetectionPluginTools - 5986 nuclei detected (processing time: 19.11 seconds)
2024-10-22 23:31:37 INFO: 23:31:37.270 [main] [INFO ] q.l.p.CommandLineTaskRunner$CommandLineProgressMonitor - 5986 nuclei detected (98%)
2024-10-22 23:31:37 INFO: 23:31:37.322 [task-runner-1-12] [INFO ] q.lib.plugins.DetectionPluginTools - 5462 nuclei detected (processing time: 19.37 seconds)
2024-10-22 23:31:37 INFO: 23:31:37.323 [main] [INFO ] q.l.p.CommandLineTaskRunner$CommandLineProgressMonitor - 5462 nuclei detected (99%)
2024-10-22 23:31:37 INFO: 23:31:37.385 [task-runner-1-54] [INFO ] q.lib.plugins.DetectionPluginTools - 5119 nuclei detected (processing time: 18.73 seconds)
2024-10-22 23:31:37 INFO: 23:31:37.385 [main] [INFO ] q.l.p.CommandLineTaskRunner$CommandLineProgressMonitor - 5119 nuclei detected (99%)
2024-10-22 23:31:37 INFO: 23:31:37.617 [task-runner-1-55] [INFO ] q.lib.plugins.DetectionPluginTools - 5978 nuclei detected (processing time: 19.43 seconds)
2024-10-22 23:31:37 INFO: 23:31:37.618 [main] [INFO ] q.l.p.CommandLineTaskRunner$CommandLineProgressMonitor - 5978 nuclei detected (100%)
2024-10-22 23:31:37 INFO: 23:31:37.618 [main] [INFO ] q.l.p.CommandLineTaskRunner$CommandLineProgressMonitor - Processing complete in 43.01 seconds
2024-10-22 23:31:37 INFO: 23:31:37.618 [main] [INFO ] q.l.p.CommandLineTaskRunner$CommandLineProgressMonitor - Tasks completed!
2024-10-22 23:31:48 INFO: 23:31:48.059 [main] [WARN ] q.l.p.objects.SmoothFeaturesPlugin - Smoothing using annotations
2024-10-22 23:31:51 INFO: 23:31:51.740 [main] [INFO ] q.l.p.CommandLineTaskRunner$CommandLineProgressMonitor - Completed (100%)
2024-10-22 23:31:51 INFO: 23:31:51.740 [main] [INFO ] q.l.p.CommandLineTaskRunner$CommandLineProgressMonitor - Processing complete in 3.68 seconds
2024-10-22 23:31:51 INFO: 23:31:51.740 [main] [INFO ] q.l.p.CommandLineTaskRunner$CommandLineProgressMonitor - Tasks completed!
2024-10-22 23:31:51 INFO: 23:31:51.742 [main] [WARN ] q.l.p.objects.SmoothFeaturesPlugin - Smoothing using annotations
2024-10-22 23:31:59 INFO: 23:31:59.797 [main] [INFO ] q.l.p.CommandLineTaskRunner$CommandLineProgressMonitor - Completed (100%)
2024-10-22 23:31:59 INFO: 23:31:59.797 [main] [INFO ] q.l.p.CommandLineTaskRunner$CommandLineProgressMonitor - Processing complete in 8.05 seconds
2024-10-22 23:31:59 INFO: 23:31:59.797 [main] [INFO ] q.l.p.CommandLineTaskRunner$CommandLineProgressMonitor - Tasks completed!
2024-10-22 23:31:59 INFO: 23:31:59.799 [main] [WARN ] q.l.p.objects.SmoothFeaturesPlugin - Smoothing using annotations
2024-10-22 23:32:18 INFO: 23:32:18.809 [main] [INFO ] q.l.p.CommandLineTaskRunner$CommandLineProgressMonitor - Completed (100%)
2024-10-22 23:32:18 INFO: 23:32:18.810 [main] [INFO ] q.l.p.CommandLineTaskRunner$CommandLineProgressMonitor - Processing complete in 19.01 seconds
2024-10-22 23:32:18 INFO: 23:32:18.810 [main] [INFO ] q.l.p.CommandLineTaskRunner$CommandLineProgressMonitor - Tasks completed!
2024-10-22 23:32:19 INFO: 23:32:19.016 [task-runner-5-2] [INFO ] q.l.a.IntensityFeaturesPlugin - Splitting Rectangle (0, 0, 63784, 39311) into 40 tiles for intensity measurements
2024-10-22 23:32:19 INFO: 23:32:19.371 [main] [INFO ] q.l.p.CommandLineTaskRunner$CommandLineProgressMonitor - Completed (0%)
2024-10-22 23:32:19 INFO: 23:32:19.906 [main] [INFO ] q.l.p.CommandLineTaskRunner$CommandLineProgressMonitor - Completed (1%)
2024-10-22 23:32:20 INFO: 23:32:20.337 [main] [INFO ] q.l.p.CommandLineTaskRunner$CommandLineProgressMonitor - Completed (2%)
2024-10-22 23:32:20 INFO: 23:32:20.581 [main] [INFO ] q.l.p.CommandLineTaskRunner$CommandLineProgressMonitor - Completed (3%)
2024-10-22 23:32:20 INFO: 23:32:20.759 [main] [INFO ] q.l.p.CommandLineTaskRunner$CommandLineProgressMonitor - Completed (4%)
2024-10-22 23:32:20 INFO: 23:32:20.976 [main] [INFO ] q.l.p.CommandLineTaskRunner$CommandLineProgressMonitor - Completed (5%)
2024-10-22 23:32:21 INFO: 23:32:21.142 [main] [INFO ] q.l.p.CommandLineTaskRunner$CommandLineProgressMonitor - Completed (6%)
2024-10-22 23:32:21 INFO: 23:32:21.286 [main] [INFO ] q.l.p.CommandLineTaskRunner$CommandLineProgressMonitor - Completed (7%)
2024-10-22 23:32:21 INFO: 23:32:21.459 [main] [INFO ] q.l.p.CommandLineTaskRunner$CommandLineProgressMonitor - Completed (8%)
2024-10-22 23:32:21 INFO: 23:32:21.609 [main] [INFO ] q.l.p.CommandLineTaskRunner$CommandLineProgressMonitor - Completed (9%)
2024-10-22 23:32:21 INFO: 23:32:21.770 [main] [INFO ] q.l.p.CommandLineTaskRunner$CommandLineProgressMonitor - Completed (10%)
2024-10-22 23:32:21 INFO: 23:32:21.926 [main] [INFO ] q.l.p.CommandLineTaskRunner$CommandLineProgressMonitor - Completed (11%)
2024-10-22 23:32:22 INFO: 23:32:22.081 [main] [INFO ] q.l.p.CommandLineTaskRunner$CommandLineProgressMonitor - Completed (12%)
2024-10-22 23:32:22 INFO: 23:32:22.246 [main] [INFO ] q.l.p.CommandLineTaskRunner$CommandLineProgressMonitor - Completed (13%)
2024-10-22 23:32:22 INFO: 23:32:22.403 [main] [INFO ] q.l.p.CommandLineTaskRunner$CommandLineProgressMonitor - Completed (14%)
2024-10-22 23:32:22 INFO: 23:32:22.622 [main] [INFO ] q.l.p.CommandLineTaskRunner$CommandLineProgressMonitor - Completed (15%)
2024-10-22 23:32:22 INFO: 23:32:22.774 [main] [INFO ] q.l.p.CommandLineTaskRunner$CommandLineProgressMonitor - Completed (16%)
2024-10-22 23:32:22 INFO: 23:32:22.906 [main] [INFO ] q.l.p.CommandLineTaskRunner$CommandLineProgressMonitor - Completed (17%)
2024-10-22 23:32:23 INFO: 23:32:23.068 [main] [INFO ] q.l.p.CommandLineTaskRunner$CommandLineProgressMonitor - Completed (18%)
2024-10-22 23:32:23 INFO: 23:32:23.334 [main] [INFO ] q.l.p.CommandLineTaskRunner$CommandLineProgressMonitor - Completed (19%)
2024-10-22 23:32:23 INFO: 23:32:23.495 [main] [INFO ] q.l.p.CommandLineTaskRunner$CommandLineProgressMonitor - Completed (20%)
2024-10-22 23:32:23 INFO: 23:32:23.645 [main] [INFO ] q.l.p.CommandLineTaskRunner$CommandLineProgressMonitor - Completed (21%)
2024-10-22 23:32:23 INFO: 23:32:23.800 [main] [INFO ] q.l.p.CommandLineTaskRunner$CommandLineProgressMonitor - Completed (22%)
2024-10-22 23:32:23 INFO: 23:32:23.942 [main] [INFO ] q.l.p.CommandLineTaskRunner$CommandLineProgressMonitor - Completed (23%)
2024-10-22 23:32:24 INFO: 23:32:24.107 [main] [INFO ] q.l.p.CommandLineTaskRunner$CommandLineProgressMonitor - Completed (24%)
2024-10-22 23:32:24 INFO: 23:32:24.306 [main] [INFO ] q.l.p.CommandLineTaskRunner$CommandLineProgressMonitor - Completed (25%)
2024-10-22 23:32:24 INFO: 23:32:24.468 [main] [INFO ] q.l.p.CommandLineTaskRunner$CommandLineProgressMonitor - Completed (26%)
2024-10-22 23:32:24 INFO: 23:32:24.633 [main] [INFO ] q.l.p.CommandLineTaskRunner$CommandLineProgressMonitor - Completed (27%)
2024-10-22 23:32:24 INFO: 23:32:24.793 [main] [INFO ] q.l.p.CommandLineTaskRunner$CommandLineProgressMonitor - Completed (28%)
2024-10-22 23:32:24 INFO: 23:32:24.942 [main] [INFO ] q.l.p.CommandLineTaskRunner$CommandLineProgressMonitor - Completed (29%)
2024-10-22 23:32:25 INFO: 23:32:25.446 [main] [INFO ] q.l.p.CommandLineTaskRunner$CommandLineProgressMonitor - Completed (30%)
2024-10-22 23:32:25 INFO: 23:32:25.591 [main] [INFO ] q.l.p.CommandLineTaskRunner$CommandLineProgressMonitor - Completed (31%)
2024-10-22 23:32:25 INFO: 23:32:25.741 [main] [INFO ] q.l.p.CommandLineTaskRunner$CommandLineProgressMonitor - Completed (32%)
2024-10-22 23:32:25 INFO: 23:32:25.885 [main] [INFO ] q.l.p.CommandLineTaskRunner$CommandLineProgressMonitor - Completed (33%)
2024-10-22 23:32:26 INFO: 23:32:26.301 [main] [INFO ] q.l.p.CommandLineTaskRunner$CommandLineProgressMonitor - Completed (34%)
2024-10-22 23:32:26 INFO: 23:32:26.417 [main] [INFO ] q.l.p.CommandLineTaskRunner$CommandLineProgressMonitor - Completed (35%)
2024-10-22 23:32:26 INFO: 23:32:26.592 [main] [INFO ] q.l.p.CommandLineTaskRunner$CommandLineProgressMonitor - Completed (36%)
2024-10-22 23:32:26 INFO: 23:32:26.696 [main] [INFO ] q.l.p.CommandLineTaskRunner$CommandLineProgressMonitor - Completed (37%)
2024-10-22 23:32:26 INFO: 23:32:26.801 [main] [INFO ] q.l.p.CommandLineTaskRunner$CommandLineProgressMonitor - Completed (38%)
2024-10-22 23:32:26 INFO: 23:32:26.920 [main] [INFO ] q.l.p.CommandLineTaskRunner$CommandLineProgressMonitor - Completed (39%)
2024-10-22 23:32:27 INFO: 23:32:27.030 [main] [INFO ] q.l.p.CommandLineTaskRunner$CommandLineProgressMonitor - Completed (40%)
2024-10-22 23:32:27 INFO: 23:32:27.141 [main] [INFO ] q.l.p.CommandLineTaskRunner$CommandLineProgressMonitor - Completed (41%)
2024-10-22 23:32:27 INFO: 23:32:27.241 [main] [INFO ] q.l.p.CommandLineTaskRunner$CommandLineProgressMonitor - Completed (42%)
2024-10-22 23:32:27 INFO: 23:32:27.354 [main] [INFO ] q.l.p.CommandLineTaskRunner$CommandLineProgressMonitor - Completed (43%)
2024-10-22 23:32:27 INFO: 23:32:27.475 [main] [INFO ] q.l.p.CommandLineTaskRunner$CommandLineProgressMonitor - Completed (44%)
2024-10-22 23:32:27 INFO: 23:32:27.601 [main] [INFO ] q.l.p.CommandLineTaskRunner$CommandLineProgressMonitor - Completed (45%)
2024-10-22 23:32:27 INFO: 23:32:27.726 [main] [INFO ] q.l.p.CommandLineTaskRunner$CommandLineProgressMonitor - Completed (46%)
2024-10-22 23:32:27 INFO: 23:32:27.861 [main] [INFO ] q.l.p.CommandLineTaskRunner$CommandLineProgressMonitor - Completed (47%)
2024-10-22 23:32:28 INFO: 23:32:28.130 [main] [INFO ] q.l.p.CommandLineTaskRunner$CommandLineProgressMonitor - Completed (48%)
2024-10-22 23:32:28 INFO: 23:32:28.259 [main] [INFO ] q.l.p.CommandLineTaskRunner$CommandLineProgressMonitor - Completed (49%)
2024-10-22 23:32:28 INFO: 23:32:28.396 [main] [INFO ] q.l.p.CommandLineTaskRunner$CommandLineProgressMonitor - Completed (50%)
2024-10-22 23:32:28 INFO: 23:32:28.530 [main] [INFO ] q.l.p.CommandLineTaskRunner$CommandLineProgressMonitor - Completed (51%)
2024-10-22 23:32:28 INFO: 23:32:28.661 [main] [INFO ] q.l.p.CommandLineTaskRunner$CommandLineProgressMonitor - Completed (52%)
2024-10-22 23:32:28 INFO: 23:32:28.784 [main] [INFO ] q.l.p.CommandLineTaskRunner$CommandLineProgressMonitor - Completed (53%)
2024-10-22 23:32:28 INFO: 23:32:28.901 [main] [INFO ] q.l.p.CommandLineTaskRunner$CommandLineProgressMonitor - Completed (54%)
2024-10-22 23:32:29 INFO: 23:32:29.021 [main] [INFO ] q.l.p.CommandLineTaskRunner$CommandLineProgressMonitor - Completed (55%)
2024-10-22 23:32:29 INFO: 23:32:29.146 [main] [INFO ] q.l.p.CommandLineTaskRunner$CommandLineProgressMonitor - Completed (56%)
2024-10-22 23:32:29 INFO: 23:32:29.251 [main] [INFO ] q.l.p.CommandLineTaskRunner$CommandLineProgressMonitor - Completed (57%)
2024-10-22 23:32:29 INFO: 23:32:29.363 [main] [INFO ] q.l.p.CommandLineTaskRunner$CommandLineProgressMonitor - Completed (58%)
2024-10-22 23:32:29 INFO: 23:32:29.480 [main] [INFO ] q.l.p.CommandLineTaskRunner$CommandLineProgressMonitor - Completed (59%)
2024-10-22 23:32:29 INFO: 23:32:29.587 [main] [INFO ] q.l.p.CommandLineTaskRunner$CommandLineProgressMonitor - Completed (60%)
2024-10-22 23:32:29 INFO: 23:32:29.719 [main] [INFO ] q.l.p.CommandLineTaskRunner$CommandLineProgressMonitor - Completed (61%)
2024-10-22 23:32:29 INFO: 23:32:29.857 [main] [INFO ] q.l.p.CommandLineTaskRunner$CommandLineProgressMonitor - Completed (62%)
2024-10-22 23:32:29 INFO: 23:32:29.979 [main] [INFO ] q.l.p.CommandLineTaskRunner$CommandLineProgressMonitor - Completed (63%)
2024-10-22 23:32:30 INFO: 23:32:30.171 [main] [INFO ] q.l.p.CommandLineTaskRunner$CommandLineProgressMonitor - Completed (64%)
2024-10-22 23:32:30 INFO: 23:32:30.402 [main] [INFO ] q.l.p.CommandLineTaskRunner$CommandLineProgressMonitor - Completed (65%)
2024-10-22 23:32:30 INFO: 23:32:30.505 [main] [INFO ] q.l.p.CommandLineTaskRunner$CommandLineProgressMonitor - Completed (66%)
2024-10-22 23:32:30 INFO: 23:32:30.602 [main] [INFO ] q.l.p.CommandLineTaskRunner$CommandLineProgressMonitor - Completed (67%)
2024-10-22 23:32:30 INFO: 23:32:30.705 [main] [INFO ] q.l.p.CommandLineTaskRunner$CommandLineProgressMonitor - Completed (68%)
2024-10-22 23:32:30 INFO: 23:32:30.806 [main] [INFO ] q.l.p.CommandLineTaskRunner$CommandLineProgressMonitor - Completed (69%)
2024-10-22 23:32:30 INFO: 23:32:30.904 [main] [INFO ] q.l.p.CommandLineTaskRunner$CommandLineProgressMonitor - Completed (70%)
2024-10-22 23:32:31 INFO: 23:32:31.007 [main] [INFO ] q.l.p.CommandLineTaskRunner$CommandLineProgressMonitor - Completed (71%)
2024-10-22 23:32:31 INFO: 23:32:31.101 [main] [INFO ] q.l.p.CommandLineTaskRunner$CommandLineProgressMonitor - Completed (72%)
2024-10-22 23:32:31 INFO: 23:32:31.202 [main] [INFO ] q.l.p.CommandLineTaskRunner$CommandLineProgressMonitor - Completed (73%)
2024-10-22 23:32:31 INFO: 23:32:31.298 [main] [INFO ] q.l.p.CommandLineTaskRunner$CommandLineProgressMonitor - Completed (74%)
2024-10-22 23:32:31 INFO: 23:32:31.393 [main] [INFO ] q.l.p.CommandLineTaskRunner$CommandLineProgressMonitor - Completed (75%)
2024-10-22 23:32:31 INFO: 23:32:31.497 [main] [INFO ] q.l.p.CommandLineTaskRunner$CommandLineProgressMonitor - Completed (76%)
2024-10-22 23:32:31 INFO: 23:32:31.609 [main] [INFO ] q.l.p.CommandLineTaskRunner$CommandLineProgressMonitor - Completed (77%)
2024-10-22 23:32:31 INFO: 23:32:31.708 [main] [INFO ] q.l.p.CommandLineTaskRunner$CommandLineProgressMonitor - Completed (78%)
2024-10-22 23:32:31 INFO: 23:32:31.805 [main] [INFO ] q.l.p.CommandLineTaskRunner$CommandLineProgressMonitor - Completed (79%)
2024-10-22 23:32:31 INFO: 23:32:31.904 [main] [INFO ] q.l.p.CommandLineTaskRunner$CommandLineProgressMonitor - Completed (80%)
2024-10-22 23:32:32 INFO: 23:32:32.001 [main] [INFO ] q.l.p.CommandLineTaskRunner$CommandLineProgressMonitor - Completed (81%)
2024-10-22 23:32:32 INFO: 23:32:32.139 [main] [INFO ] q.l.p.CommandLineTaskRunner$CommandLineProgressMonitor - Completed (82%)
2024-10-22 23:32:32 INFO: 23:32:32.243 [main] [INFO ] q.l.p.CommandLineTaskRunner$CommandLineProgressMonitor - Completed (83%)
2024-10-22 23:32:32 INFO: 23:32:32.347 [main] [INFO ] q.l.p.CommandLineTaskRunner$CommandLineProgressMonitor - Completed (84%)
2024-10-22 23:32:32 INFO: 23:32:32.449 [main] [INFO ] q.l.p.CommandLineTaskRunner$CommandLineProgressMonitor - Completed (85%)
2024-10-22 23:32:32 INFO: 23:32:32.545 [main] [INFO ] q.l.p.CommandLineTaskRunner$CommandLineProgressMonitor - Completed (86%)
2024-10-22 23:32:32 INFO: 23:32:32.642 [main] [INFO ] q.l.p.CommandLineTaskRunner$CommandLineProgressMonitor - Completed (87%)
2024-10-22 23:32:32 INFO: 23:32:32.743 [main] [INFO ] q.l.p.CommandLineTaskRunner$CommandLineProgressMonitor - Completed (88%)
2024-10-22 23:32:32 INFO: 23:32:32.850 [main] [INFO ] q.l.p.CommandLineTaskRunner$CommandLineProgressMonitor - Completed (89%)
2024-10-22 23:32:32 INFO: 23:32:32.954 [main] [INFO ] q.l.p.CommandLineTaskRunner$CommandLineProgressMonitor - Completed (90%)
2024-10-22 23:32:33 INFO: 23:32:33.050 [main] [INFO ] q.l.p.CommandLineTaskRunner$CommandLineProgressMonitor - Completed (91%)
2024-10-22 23:32:33 INFO: 23:32:33.141 [main] [INFO ] q.l.p.CommandLineTaskRunner$CommandLineProgressMonitor - Completed (92%)
2024-10-22 23:32:33 INFO: 23:32:33.236 [main] [INFO ] q.l.p.CommandLineTaskRunner$CommandLineProgressMonitor - Completed (93%)
2024-10-22 23:32:33 INFO: 23:32:33.326 [main] [INFO ] q.l.p.CommandLineTaskRunner$CommandLineProgressMonitor - Completed (94%)
2024-10-22 23:32:33 INFO: 23:32:33.421 [main] [INFO ] q.l.p.CommandLineTaskRunner$CommandLineProgressMonitor - Completed (95%)
2024-10-22 23:32:33 INFO: 23:32:33.518 [main] [INFO ] q.l.p.CommandLineTaskRunner$CommandLineProgressMonitor - Completed (96%)
2024-10-22 23:32:33 INFO: 23:32:33.646 [main] [INFO ] q.l.p.CommandLineTaskRunner$CommandLineProgressMonitor - Completed (97%)
2024-10-22 23:32:33 INFO: 23:32:33.796 [main] [INFO ] q.l.p.CommandLineTaskRunner$CommandLineProgressMonitor - Completed (98%)
2024-10-22 23:32:33 INFO: 23:32:33.920 [main] [INFO ] q.l.p.CommandLineTaskRunner$CommandLineProgressMonitor - Completed (99%)
2024-10-22 23:32:34 INFO: 23:32:34.054 [main] [INFO ] q.l.p.CommandLineTaskRunner$CommandLineProgressMonitor - Completed (100%)
2024-10-22 23:33:32 INFO: 23:33:32.643 [main] [INFO ] q.l.p.CommandLineTaskRunner$CommandLineProgressMonitor - Completed (100%)
2024-10-22 23:33:32 INFO: 23:33:32.645 [main] [INFO ] q.l.p.CommandLineTaskRunner$CommandLineProgressMonitor - Processing complete in 73.64 seconds
2024-10-22 23:33:32 INFO: 23:33:32.645 [main] [INFO ] q.l.p.CommandLineTaskRunner$CommandLineProgressMonitor - Tasks completed!
2024-10-22 23:35:39 INFO: 23:35:39.426 [task-runner-6-1] [WARN ] q.o.features.DelaunayTriangulation - Some objects have missing measurements! Statistics will calculated only for objects with measurements available.
2024-10-22 23:35:39 INFO: 23:35:39.427 [task-runner-6-1] [WARN ] q.o.features.DelaunayTriangulation - Missing measurements: [ROI: 1.00 m per pixel: Residual: Haralick Correlation (F2), ROI: 1.00 m per pixel: Residual: Haralick Information measure of correlation 1 (F11), ROI: 1.00 m per pixel: Residual: Haralick Information measure of correlation 2 (F12)]
2024-10-22 23:35:39 INFO: 23:35:39.468 [main] [INFO ] q.l.p.CommandLineTaskRunner$CommandLineProgressMonitor - Delaunay triangulation calculated for Annotation (211564 objects) (100%)
2024-10-22 23:35:39 INFO: 23:35:39.469 [main] [INFO ] q.l.p.CommandLineTaskRunner$CommandLineProgressMonitor - Processing complete in 126.77 seconds
2024-10-22 23:35:39 INFO: 23:35:39.469 [main] [INFO ] q.l.p.CommandLineTaskRunner$CommandLineProgressMonitor - Tasks completed!
2024-10-22 23:38:05 INFO: TCGA-GI-A2C8-01Z-00-DX1.09BD8AC9-645A-4C8B-9B36-77D833BDBA09
2024-10-22 23:38:05 INFO: QuPath subprocess completed.
2024-10-22 23:38:16 INFO: QuPath image extraction completed successfully. Output directory: /home/ilants/Documents/jupyter_test/single_image_multiple_params/exp_backgroundRadiusMicrons_8.0
2024-10-22 23:38:16 INFO: Summary table saved to: /home/ilants/Documents/jupyter_test/single_image_multiple_params/exp_backgroundRadiusMicrons_8.0/Summary_Table.csv
2024-10-22 23:38:16 INFO: Experiment completed successfully.
