2024-10-23 00:36:57 INFO: Starting experiment with for sigmaMicrons with value of 0
2024-10-23 00:36:57 INFO: Running with the following configuration:
{'detectionImageBrightfield': 'Hematoxylin OD', 'requestedPixelSizeMicrons': 0.5, 'backgroundRadiusMicrons': 4.0, 'backgroundByReconstruction': True, 'medianRadiusMicrons': 0.0, 'sigmaMicrons': 0, 'minAreaMicrons': 10.0, 'maxAreaMicrons': 80.0, 'threshold': 0.1, 'maxBackground': 2.0, 'watershedPostProcess': True, 'cellExpansionMicrons': 5.0, 'includeNuclei': True, 'smoothBoundaries': True, 'makeMeasurements': True, 'backgroundRadiusPixel': 8.0, 'cellExpansionPixel': 10.0, 'medianRadiusPixel': 0.0, 'minAreaPixel': 20.0, 'maxAreaPixel': 160.0}
2024-10-23 00:36:57 INFO: Starting QuPath image extraction with the following parameters: image_dir=/home/ilants/Documents/jupyter_test, output_dir=/home/ilants/Documents/jupyter_test/single_image_multiple_params/exp_sigmaMicrons_0, image_type=svs, groovy_script=/home/ilants/Documents/utls/nucleus_detection_wargs.groovy, config_file=/home/ilants/Documents/jupyter_test/single_image_multiple_params/exp_sigmaMicrons_0/cfg.json, program_path=/home/ilants/Documents/QuPath-v0.5.1-Linux/QuPath/bin/QuPath
2024-10-23 00:36:58 INFO: 00:36:58.231 [main] [INFO ] qupath.lib.gui.prefs.PathPrefs - Setting default Locale to en_US
2024-10-23 00:36:58 INFO: 00:36:58.234 [main] [INFO ] qupath.lib.gui.prefs.PathPrefs - Setting Locale for FORMAT to en_US
2024-10-23 00:36:58 INFO: 00:36:58.234 [main] [INFO ] qupath.lib.gui.prefs.PathPrefs - Setting Locale for DISPLAY to en_US
2024-10-23 00:36:58 INFO: 00:36:58.249 [main] [INFO ] qupath.lib.common.ThreadTools - Setting parallelism to 63
2024-10-23 00:36:58 INFO: 00:36:58.267 [main] [INFO ] qupath.ScriptCommand - Setting tile cache size to 32200.00 MB (25.0% max memory)
2024-10-23 00:36:58 INFO: 00:36:58.317 [main] [INFO ] qupath.lib.scripting.QP - Initializing type adapters
2024-10-23 00:36:58 INFO: Warning: Versions of org.bytedeco:javacpp:1.5.9 and org.bytedeco:opencv:4.6.0-1.5.8 do not match.
2024-10-23 00:36:58 INFO: Warning: Versions of org.bytedeco:javacpp:1.5.9 and org.bytedeco:openblas:0.3.21-1.5.8 do not match.
2024-10-23 00:36:59 INFO: project parameters are: {"detectionImageBrightfield": "Hematoxylin OD","requestedPixelSizeMicrons": 0.5,"backgroundRadiusMicrons": 4.0,"backgroundByReconstruction": true,"medianRadiusMicrons": 0.0,"sigmaMicrons": 0,"minAreaMicrons": 10.0,"maxAreaMicrons": 80.0,"threshold": 0.1,"maxBackground": 2.0,"watershedPostProcess": true,"cellExpansionMicrons": 5.0,"includeNuclei": true,"smoothBoundaries": true,"makeMeasurements": true,"backgroundRadiusPixel": 8.0,"cellExpansionPixel": 10.0,"medianRadiusPixel": 0.0,"minAreaPixel": 20.0,"maxAreaPixel": 160.0}
2024-10-23 00:36:59 INFO: New project created at: /home/ilants/Documents/jupyter_test/single_image_multiple_params/exp_sigmaMicrons_0/QPProject
2024-10-23 00:36:59 INFO: Added: /home/ilants/Documents/jupyter_test/TCGA-GI-A2C8-01Z-00-DX1.09BD8AC9-645A-4C8B-9B36-77D833BDBA09.svs
2024-10-23 00:36:59 INFO: /home/ilants/Documents/jupyter_test/TCGA-GI-A2C8-01Z-00-DX1.09BD8AC9-645A-4C8B-9B36-77D833BDBA09.svs
2024-10-23 00:37:00 INFO: 00:37:00.295 [main] [INFO ] q.l.i.s.b.BioFormatsServerOptions - Setting max Bio-Formats readers to 32
2024-10-23 00:37:00 INFO: UriImageSupport (class qupath.lib.images.servers.bioformats.BioFormatsServerBuilder) support=3.0, builders=1
2024-10-23 00:37:00 INFO: true
2024-10-23 00:37:00 INFO: 00:37:00.956 [main] [WARN ] qupath.lib.scripting.QP - createSelectAllObject(boolean) is deprecated, use createFullImageAnnotation(boolean) instead
2024-10-23 00:37:00 INFO: 00:37:00.956 [main] [WARN ] qupath.lib.scripting.QP - createSelectAllObject(boolean, int, int) is deprecated, use createFullImageAnnotation(boolean, int, int) instead
2024-10-23 00:37:00 INFO: 00:37:00.967 [main] [WARN ] q.l.plugins.parameters.ParameterList - Unable to set parameter backgroundRadiusPixel with value 8.0
2024-10-23 00:37:00 INFO: 00:37:00.967 [main] [WARN ] q.l.plugins.parameters.ParameterList - Unable to set parameter cellExpansionPixel with value 10.0
2024-10-23 00:37:00 INFO: 00:37:00.967 [main] [WARN ] q.l.plugins.parameters.ParameterList - Unable to set parameter medianRadiusPixel with value 0.0
2024-10-23 00:37:00 INFO: 00:37:00.967 [main] [WARN ] q.l.plugins.parameters.ParameterList - Unable to set parameter minAreaPixel with value 20.0
2024-10-23 00:37:00 INFO: 00:37:00.967 [main] [WARN ] q.l.plugins.parameters.ParameterList - Unable to set parameter maxAreaPixel with value 160.0
2024-10-23 00:37:11 INFO: 00:37:11.903 [task-runner-1-27] [INFO ] q.lib.plugins.DetectionPluginTools - 0 nuclei detected (processing time: 10.81 seconds)
2024-10-23 00:37:11 INFO: 00:37:11.903 [task-runner-1-17] [INFO ] q.lib.plugins.DetectionPluginTools - 0 nuclei detected (processing time: 10.81 seconds)
2024-10-23 00:37:11 INFO: 00:37:11.904 [task-runner-1-4] [INFO ] q.lib.plugins.DetectionPluginTools - 0 nuclei detected (processing time: 10.81 seconds)
2024-10-23 00:37:11 INFO: 00:37:11.903 [task-runner-1-1] [INFO ] q.lib.plugins.DetectionPluginTools - 0 nuclei detected (processing time: 10.81 seconds)
2024-10-23 00:37:11 INFO: 00:37:11.903 [task-runner-1-16] [INFO ] q.lib.plugins.DetectionPluginTools - 0 nuclei detected (processing time: 10.81 seconds)
2024-10-23 00:37:11 INFO: 00:37:11.905 [main] [INFO ] q.l.p.CommandLineTaskRunner$CommandLineProgressMonitor - 0 nuclei detected (1%)
2024-10-23 00:37:11 INFO: 00:37:11.905 [main] [INFO ] q.l.p.CommandLineTaskRunner$CommandLineProgressMonitor - 0 nuclei detected (2%)
2024-10-23 00:37:11 INFO: 00:37:11.905 [main] [INFO ] q.l.p.CommandLineTaskRunner$CommandLineProgressMonitor - 0 nuclei detected (3%)
2024-10-23 00:37:11 INFO: 00:37:11.917 [task-runner-1-11] [INFO ] q.lib.plugins.DetectionPluginTools - 0 nuclei detected (processing time: 10.83 seconds)
2024-10-23 00:37:11 INFO: 00:37:11.918 [main] [INFO ] q.l.p.CommandLineTaskRunner$CommandLineProgressMonitor - 0 nuclei detected (4%)
2024-10-23 00:37:11 INFO: 00:37:11.931 [task-runner-1-3] [INFO ] q.lib.plugins.DetectionPluginTools - 0 nuclei detected (processing time: 10.84 seconds)
2024-10-23 00:37:13 INFO: 00:37:13.459 [task-runner-1-2] [INFO ] q.lib.plugins.DetectionPluginTools - 0 nuclei detected (processing time: 12.37 seconds)
2024-10-23 00:37:13 INFO: 00:37:13.460 [main] [INFO ] q.l.p.CommandLineTaskRunner$CommandLineProgressMonitor - 0 nuclei detected (5%)
2024-10-23 00:37:13 INFO: 00:37:13.461 [task-runner-1-12] [INFO ] q.lib.plugins.DetectionPluginTools - 0 nuclei detected (processing time: 12.37 seconds)
2024-10-23 00:37:13 INFO: 00:37:13.461 [main] [INFO ] q.l.p.CommandLineTaskRunner$CommandLineProgressMonitor - 0 nuclei detected (6%)
2024-10-23 00:37:13 INFO: 00:37:13.462 [task-runner-1-15] [INFO ] q.lib.plugins.DetectionPluginTools - 0 nuclei detected (processing time: 12.37 seconds)
2024-10-23 00:37:13 INFO: 00:37:13.469 [task-runner-1-7] [INFO ] q.lib.plugins.DetectionPluginTools - 0 nuclei detected (processing time: 12.38 seconds)
2024-10-23 00:37:13 INFO: 00:37:13.469 [main] [INFO ] q.l.p.CommandLineTaskRunner$CommandLineProgressMonitor - 0 nuclei detected (7%)
2024-10-23 00:37:13 INFO: 00:37:13.472 [task-runner-1-32] [INFO ] q.lib.plugins.DetectionPluginTools - 0 nuclei detected (processing time: 12.38 seconds)
2024-10-23 00:37:13 INFO: 00:37:13.472 [main] [INFO ] q.l.p.CommandLineTaskRunner$CommandLineProgressMonitor - 0 nuclei detected (8%)
2024-10-23 00:37:13 INFO: 00:37:13.473 [task-runner-1-31] [INFO ] q.lib.plugins.DetectionPluginTools - 8 nuclei detected (processing time: 12.38 seconds)
2024-10-23 00:37:13 INFO: 00:37:13.474 [main] [INFO ] q.l.p.CommandLineTaskRunner$CommandLineProgressMonitor - 8 nuclei detected (8%)
2024-10-23 00:37:13 INFO: 00:37:13.475 [task-runner-1-9] [INFO ] q.lib.plugins.DetectionPluginTools - 0 nuclei detected (processing time: 12.38 seconds)
2024-10-23 00:37:13 INFO: 00:37:13.475 [main] [INFO ] q.l.p.CommandLineTaskRunner$CommandLineProgressMonitor - 0 nuclei detected (9%)
2024-10-23 00:37:13 INFO: 00:37:13.479 [task-runner-1-47] [INFO ] q.lib.plugins.DetectionPluginTools - 1 nucleus detected (processing time: 12.38 seconds)
2024-10-23 00:37:13 INFO: 00:37:13.479 [task-runner-1-6] [INFO ] q.lib.plugins.DetectionPluginTools - 3 nuclei detected (processing time: 12.39 seconds)
2024-10-23 00:37:13 INFO: 00:37:13.479 [task-runner-1-48] [INFO ] q.lib.plugins.DetectionPluginTools - 0 nuclei detected (processing time: 12.38 seconds)
2024-10-23 00:37:13 INFO: 00:37:13.480 [task-runner-1-30] [INFO ] q.lib.plugins.DetectionPluginTools - 1 nucleus detected (processing time: 12.38 seconds)
2024-10-23 00:37:13 INFO: 00:37:13.480 [main] [INFO ] q.l.p.CommandLineTaskRunner$CommandLineProgressMonitor - 1 nucleus detected (9%)
2024-10-23 00:37:13 INFO: 00:37:13.480 [main] [INFO ] q.l.p.CommandLineTaskRunner$CommandLineProgressMonitor - 3 nuclei detected (10%)
2024-10-23 00:37:13 INFO: 00:37:13.480 [main] [INFO ] q.l.p.CommandLineTaskRunner$CommandLineProgressMonitor - 0 nuclei detected (11%)
2024-10-23 00:37:13 INFO: 00:37:13.480 [main] [INFO ] q.l.p.CommandLineTaskRunner$CommandLineProgressMonitor - 1 nucleus detected (11%)
2024-10-23 00:37:13 INFO: 00:37:13.481 [task-runner-1-10] [INFO ] q.lib.plugins.DetectionPluginTools - 0 nuclei detected (processing time: 12.39 seconds)
2024-10-23 00:37:13 INFO: 00:37:13.481 [task-runner-1-29] [INFO ] q.lib.plugins.DetectionPluginTools - 2 nuclei detected (processing time: 12.39 seconds)
2024-10-23 00:37:13 INFO: 00:37:13.481 [main] [INFO ] q.l.p.CommandLineTaskRunner$CommandLineProgressMonitor - 0 nuclei detected (12%)
2024-10-23 00:37:13 INFO: 00:37:13.482 [main] [INFO ] q.l.p.CommandLineTaskRunner$CommandLineProgressMonitor - 2 nuclei detected (13%)
2024-10-23 00:37:13 INFO: 00:37:13.484 [task-runner-1-8] [INFO ] q.lib.plugins.DetectionPluginTools - 0 nuclei detected (processing time: 12.39 seconds)
2024-10-23 00:37:13 INFO: 00:37:13.484 [main] [INFO ] q.l.p.CommandLineTaskRunner$CommandLineProgressMonitor - 0 nuclei detected (13%)
2024-10-23 00:37:13 INFO: 00:37:13.488 [task-runner-1-14] [INFO ] q.lib.plugins.DetectionPluginTools - 2 nuclei detected (processing time: 12.40 seconds)
2024-10-23 00:37:13 INFO: 00:37:13.488 [main] [INFO ] q.l.p.CommandLineTaskRunner$CommandLineProgressMonitor - 2 nuclei detected (14%)
2024-10-23 00:37:13 INFO: 00:37:13.489 [task-runner-1-13] [INFO ] q.lib.plugins.DetectionPluginTools - 3 nuclei detected (processing time: 12.40 seconds)
2024-10-23 00:37:13 INFO: 00:37:13.489 [main] [INFO ] q.l.p.CommandLineTaskRunner$CommandLineProgressMonitor - 3 nuclei detected (14%)
2024-10-23 00:37:13 INFO: 00:37:13.490 [task-runner-1-5] [INFO ] q.lib.plugins.DetectionPluginTools - 12 nuclei detected (processing time: 12.40 seconds)
2024-10-23 00:37:13 INFO: 00:37:13.490 [main] [INFO ] q.l.p.CommandLineTaskRunner$CommandLineProgressMonitor - 12 nuclei detected (15%)
2024-10-23 00:37:13 INFO: 00:37:13.499 [task-runner-1-28] [INFO ] q.lib.plugins.DetectionPluginTools - 14 nuclei detected (processing time: 12.40 seconds)
2024-10-23 00:37:13 INFO: 00:37:13.500 [main] [INFO ] q.l.p.CommandLineTaskRunner$CommandLineProgressMonitor - 14 nuclei detected (16%)
2024-10-23 00:37:13 INFO: 00:37:13.507 [task-runner-1-26] [INFO ] q.lib.plugins.DetectionPluginTools - 14 nuclei detected (processing time: 12.41 seconds)
2024-10-23 00:37:13 INFO: 00:37:13.540 [task-runner-1-18] [INFO ] q.lib.plugins.DetectionPluginTools - 42 nuclei detected (processing time: 12.45 seconds)
2024-10-23 00:37:13 INFO: 00:37:13.541 [main] [INFO ] q.l.p.CommandLineTaskRunner$CommandLineProgressMonitor - 42 nuclei detected (17%)
2024-10-23 00:37:13 INFO: 00:37:13.544 [task-runner-1-46] [INFO ] q.lib.plugins.DetectionPluginTools - 32 nuclei detected (processing time: 12.44 seconds)
2024-10-23 00:37:13 INFO: 00:37:13.545 [main] [INFO ] q.l.p.CommandLineTaskRunner$CommandLineProgressMonitor - 32 nuclei detected (18%)
2024-10-23 00:37:13 INFO: 00:37:13.662 [task-runner-1-19] [INFO ] q.lib.plugins.DetectionPluginTools - 46 nuclei detected (processing time: 12.57 seconds)
2024-10-23 00:37:13 INFO: 00:37:13.663 [main] [INFO ] q.l.p.CommandLineTaskRunner$CommandLineProgressMonitor - 46 nuclei detected (18%)
2024-10-23 00:37:13 INFO: 00:37:13.680 [task-runner-1-45] [INFO ] q.lib.plugins.DetectionPluginTools - 91 nuclei detected (processing time: 12.58 seconds)
2024-10-23 00:37:13 INFO: 00:37:13.681 [main] [INFO ] q.l.p.CommandLineTaskRunner$CommandLineProgressMonitor - 91 nuclei detected (19%)
2024-10-23 00:37:13 INFO: 00:37:13.697 [task-runner-1-63] [INFO ] q.lib.plugins.DetectionPluginTools - 95 nuclei detected (processing time: 12.59 seconds)
2024-10-23 00:37:13 INFO: 00:37:13.698 [main] [INFO ] q.l.p.CommandLineTaskRunner$CommandLineProgressMonitor - 95 nuclei detected (19%)
2024-10-23 00:37:16 INFO: 00:37:16.596 [task-runner-1-17] [INFO ] q.lib.plugins.DetectionPluginTools - 0 nuclei detected (processing time: 4.69 seconds)
2024-10-23 00:37:16 INFO: 00:37:16.597 [main] [INFO ] q.l.p.CommandLineTaskRunner$CommandLineProgressMonitor - 0 nuclei detected (20%)
2024-10-23 00:37:17 INFO: 00:37:17.329 [task-runner-1-49] [INFO ] q.lib.plugins.DetectionPluginTools - 51 nuclei detected (processing time: 16.23 seconds)
2024-10-23 00:37:17 INFO: 00:37:17.329 [main] [INFO ] q.l.p.CommandLineTaskRunner$CommandLineProgressMonitor - 51 nuclei detected (21%)
2024-10-23 00:37:17 INFO: 00:37:17.342 [task-runner-1-50] [INFO ] q.lib.plugins.DetectionPluginTools - 70 nuclei detected (processing time: 16.24 seconds)
2024-10-23 00:37:17 INFO: 00:37:17.343 [main] [INFO ] q.l.p.CommandLineTaskRunner$CommandLineProgressMonitor - 70 nuclei detected (21%)
2024-10-23 00:37:17 INFO: 00:37:17.367 [task-runner-1-25] [INFO ] q.lib.plugins.DetectionPluginTools - 110 nuclei detected (processing time: 16.27 seconds)
2024-10-23 00:37:17 INFO: 00:37:17.367 [main] [INFO ] q.l.p.CommandLineTaskRunner$CommandLineProgressMonitor - 110 nuclei detected (22%)
2024-10-23 00:37:17 INFO: 00:37:17.369 [task-runner-1-33] [INFO ] q.lib.plugins.DetectionPluginTools - 73 nuclei detected (processing time: 16.27 seconds)
2024-10-23 00:37:17 INFO: 00:37:17.369 [main] [INFO ] q.l.p.CommandLineTaskRunner$CommandLineProgressMonitor - 73 nuclei detected (23%)
2024-10-23 00:37:17 INFO: 00:37:17.451 [task-runner-1-61] [INFO ] q.lib.plugins.DetectionPluginTools - 182 nuclei detected (processing time: 16.35 seconds)
2024-10-23 00:37:17 INFO: 00:37:17.451 [main] [INFO ] q.l.p.CommandLineTaskRunner$CommandLineProgressMonitor - 182 nuclei detected (23%)
2024-10-23 00:37:17 INFO: 00:37:17.466 [task-runner-1-62] [INFO ] q.lib.plugins.DetectionPluginTools - 151 nuclei detected (processing time: 16.36 seconds)
2024-10-23 00:37:17 INFO: 00:37:17.467 [main] [INFO ] q.l.p.CommandLineTaskRunner$CommandLineProgressMonitor - 151 nuclei detected (24%)
2024-10-23 00:37:17 INFO: 00:37:17.491 [task-runner-1-44] [INFO ] q.lib.plugins.DetectionPluginTools - 216 nuclei detected (processing time: 16.39 seconds)
2024-10-23 00:37:17 INFO: 00:37:17.491 [main] [INFO ] q.l.p.CommandLineTaskRunner$CommandLineProgressMonitor - 216 nuclei detected (24%)
2024-10-23 00:37:17 INFO: 00:37:17.766 [task-runner-1-20] [INFO ] q.lib.plugins.DetectionPluginTools - 109 nuclei detected (processing time: 16.67 seconds)
2024-10-23 00:37:17 INFO: 00:37:17.767 [main] [INFO ] q.l.p.CommandLineTaskRunner$CommandLineProgressMonitor - 109 nuclei detected (25%)
2024-10-23 00:37:18 INFO: 00:37:18.518 [task-runner-1-48] [INFO ] q.lib.plugins.DetectionPluginTools - 0 nuclei detected (processing time: 5.04 seconds)
2024-10-23 00:37:18 INFO: 00:37:18.520 [main] [INFO ] q.l.p.CommandLineTaskRunner$CommandLineProgressMonitor - 0 nuclei detected (26%)
2024-10-23 00:37:19 INFO: 00:37:19.124 [task-runner-1-35] [INFO ] q.lib.plugins.DetectionPluginTools - 90 nuclei detected (processing time: 18.03 seconds)
2024-10-23 00:37:19 INFO: 00:37:19.125 [main] [INFO ] q.l.p.CommandLineTaskRunner$CommandLineProgressMonitor - 90 nuclei detected (26%)
2024-10-23 00:37:19 INFO: 00:37:19.253 [task-runner-1-34] [INFO ] q.lib.plugins.DetectionPluginTools - 87 nuclei detected (processing time: 18.16 seconds)
2024-10-23 00:37:19 INFO: 00:37:19.254 [main] [INFO ] q.l.p.CommandLineTaskRunner$CommandLineProgressMonitor - 87 nuclei detected (27%)
2024-10-23 00:37:22 INFO: 00:37:22.411 [task-runner-1-23] [INFO ] q.lib.plugins.DetectionPluginTools - 268 nuclei detected (processing time: 21.32 seconds)
2024-10-23 00:37:22 INFO: 00:37:22.411 [main] [INFO ] q.l.p.CommandLineTaskRunner$CommandLineProgressMonitor - 268 nuclei detected (28%)
2024-10-23 00:37:23 INFO: 00:37:23.064 [task-runner-1-27] [INFO ] q.lib.plugins.DetectionPluginTools - 56 nuclei detected (processing time: 11.16 seconds)
2024-10-23 00:37:23 INFO: 00:37:23.064 [main] [INFO ] q.l.p.CommandLineTaskRunner$CommandLineProgressMonitor - 56 nuclei detected (28%)
2024-10-23 00:37:23 INFO: 00:37:23.306 [task-runner-1-49] [INFO ] q.lib.plugins.DetectionPluginTools - 1 nucleus detected (processing time: 5.98 seconds)
2024-10-23 00:37:23 INFO: 00:37:23.306 [main] [INFO ] q.l.p.CommandLineTaskRunner$CommandLineProgressMonitor - 1 nucleus detected (29%)
2024-10-23 00:37:23 INFO: 00:37:23.495 [task-runner-1-43] [INFO ] q.lib.plugins.DetectionPluginTools - 317 nuclei detected (processing time: 22.40 seconds)
2024-10-23 00:37:23 INFO: 00:37:23.496 [main] [INFO ] q.l.p.CommandLineTaskRunner$CommandLineProgressMonitor - 317 nuclei detected (29%)
2024-10-23 00:37:24 INFO: 00:37:24.321 [task-runner-1-4] [INFO ] q.lib.plugins.DetectionPluginTools - 104 nuclei detected (processing time: 12.42 seconds)
2024-10-23 00:37:24 INFO: 00:37:24.321 [main] [INFO ] q.l.p.CommandLineTaskRunner$CommandLineProgressMonitor - 104 nuclei detected (30%)
2024-10-23 00:37:24 INFO: 00:37:24.839 [task-runner-1-17] [INFO ] q.lib.plugins.DetectionPluginTools - 65 nuclei detected (processing time: 8.24 seconds)
2024-10-23 00:37:24 INFO: 00:37:24.840 [main] [INFO ] q.l.p.CommandLineTaskRunner$CommandLineProgressMonitor - 65 nuclei detected (31%)
2024-10-23 00:37:24 INFO: 00:37:24.925 [task-runner-1-10] [INFO ] q.lib.plugins.DetectionPluginTools - 62 nuclei detected (processing time: 11.44 seconds)
2024-10-23 00:37:24 INFO: 00:37:24.926 [main] [INFO ] q.l.p.CommandLineTaskRunner$CommandLineProgressMonitor - 62 nuclei detected (31%)
2024-10-23 00:37:26 INFO: 00:37:26.072 [task-runner-1-16] [INFO ] q.lib.plugins.DetectionPluginTools - 128 nuclei detected (processing time: 14.17 seconds)
2024-10-23 00:37:26 INFO: 00:37:26.073 [main] [INFO ] q.l.p.CommandLineTaskRunner$CommandLineProgressMonitor - 128 nuclei detected (32%)
2024-10-23 00:37:26 INFO: 00:37:26.167 [task-runner-1-30] [INFO ] q.lib.plugins.DetectionPluginTools - 44 nuclei detected (processing time: 12.69 seconds)
2024-10-23 00:37:26 INFO: 00:37:26.168 [main] [INFO ] q.l.p.CommandLineTaskRunner$CommandLineProgressMonitor - 44 nuclei detected (33%)
2024-10-23 00:37:26 INFO: 00:37:26.613 [task-runner-1-24] [INFO ] q.lib.plugins.DetectionPluginTools - 303 nuclei detected (processing time: 25.52 seconds)
2024-10-23 00:37:26 INFO: 00:37:26.614 [main] [INFO ] q.l.p.CommandLineTaskRunner$CommandLineProgressMonitor - 303 nuclei detected (33%)
2024-10-23 00:37:27 INFO: 00:37:27.021 [task-runner-1-60] [INFO ] q.lib.plugins.DetectionPluginTools - 404 nuclei detected (processing time: 25.92 seconds)
2024-10-23 00:37:27 INFO: 00:37:27.022 [main] [INFO ] q.l.p.CommandLineTaskRunner$CommandLineProgressMonitor - 404 nuclei detected (34%)
2024-10-23 00:37:27 INFO: 00:37:27.731 [task-runner-1-6] [INFO ] q.lib.plugins.DetectionPluginTools - 116 nuclei detected (processing time: 14.25 seconds)
2024-10-23 00:37:27 INFO: 00:37:27.731 [main] [INFO ] q.l.p.CommandLineTaskRunner$CommandLineProgressMonitor - 116 nuclei detected (34%)
2024-10-23 00:37:29 INFO: 00:37:29.774 [task-runner-1-25] [INFO ] q.lib.plugins.DetectionPluginTools - 52 nuclei detected (processing time: 12.41 seconds)
2024-10-23 00:37:29 INFO: 00:37:29.775 [main] [INFO ] q.l.p.CommandLineTaskRunner$CommandLineProgressMonitor - 52 nuclei detected (35%)
2024-10-23 00:37:30 INFO: 00:37:30.192 [task-runner-1-17] [INFO ] q.lib.plugins.DetectionPluginTools - 0 nuclei detected (processing time: 5.35 seconds)
2024-10-23 00:37:30 INFO: 00:37:30.193 [main] [INFO ] q.l.p.CommandLineTaskRunner$CommandLineProgressMonitor - 0 nuclei detected (36%)
2024-10-23 00:37:30 INFO: 00:37:30.522 [task-runner-1-50] [INFO ] q.lib.plugins.DetectionPluginTools - 58 nuclei detected (processing time: 13.18 seconds)
2024-10-23 00:37:30 INFO: 00:37:30.523 [main] [INFO ] q.l.p.CommandLineTaskRunner$CommandLineProgressMonitor - 58 nuclei detected (36%)
2024-10-23 00:37:30 INFO: 00:37:30.553 [task-runner-1-51] [INFO ] q.lib.plugins.DetectionPluginTools - 189 nuclei detected (processing time: 29.45 seconds)
2024-10-23 00:37:30 INFO: 00:37:30.553 [main] [INFO ] q.l.p.CommandLineTaskRunner$CommandLineProgressMonitor - 189 nuclei detected (37%)
2024-10-23 00:37:30 INFO: 00:37:30.890 [task-runner-1-4] [INFO ] q.lib.plugins.DetectionPluginTools - 13 nuclei detected (processing time: 6.57 seconds)
2024-10-23 00:37:30 INFO: 00:37:30.890 [main] [INFO ] q.l.p.CommandLineTaskRunner$CommandLineProgressMonitor - 13 nuclei detected (38%)
2024-10-23 00:37:32 INFO: 00:37:32.496 [task-runner-1-33] [INFO ] q.lib.plugins.DetectionPluginTools - 79 nuclei detected (processing time: 15.13 seconds)
2024-10-23 00:37:32 INFO: 00:37:32.496 [main] [INFO ] q.l.p.CommandLineTaskRunner$CommandLineProgressMonitor - 79 nuclei detected (38%)
2024-10-23 00:37:32 INFO: 00:37:32.997 [task-runner-1-22] [INFO ] q.lib.plugins.DetectionPluginTools - 279 nuclei detected (processing time: 31.90 seconds)
2024-10-23 00:37:33 INFO: 00:37:32.997 [main] [INFO ] q.l.p.CommandLineTaskRunner$CommandLineProgressMonitor - 279 nuclei detected (39%)
2024-10-23 00:37:33 INFO: 00:37:33.110 [task-runner-1-29] [INFO ] q.lib.plugins.DetectionPluginTools - 171 nuclei detected (processing time: 19.63 seconds)
2024-10-23 00:37:33 INFO: 00:37:33.110 [main] [INFO ] q.l.p.CommandLineTaskRunner$CommandLineProgressMonitor - 171 nuclei detected (39%)
2024-10-23 00:37:39 INFO: 00:37:39.305 [task-runner-1-10] [INFO ] q.lib.plugins.DetectionPluginTools - 78 nuclei detected (processing time: 14.38 seconds)
2024-10-23 00:37:39 INFO: 00:37:39.305 [main] [INFO ] q.l.p.CommandLineTaskRunner$CommandLineProgressMonitor - 78 nuclei detected (40%)
2024-10-23 00:37:39 INFO: 00:37:39.521 [task-runner-1-16] [INFO ] q.lib.plugins.DetectionPluginTools - 78 nuclei detected (processing time: 13.45 seconds)
2024-10-23 00:37:39 INFO: 00:37:39.521 [main] [INFO ] q.l.p.CommandLineTaskRunner$CommandLineProgressMonitor - 78 nuclei detected (41%)
2024-10-23 00:37:40 INFO: 00:37:40.484 [task-runner-1-47] [INFO ] q.lib.plugins.DetectionPluginTools - 257 nuclei detected (processing time: 27.00 seconds)
2024-10-23 00:37:40 INFO: 00:37:40.485 [main] [INFO ] q.l.p.CommandLineTaskRunner$CommandLineProgressMonitor - 257 nuclei detected (41%)
2024-10-23 00:37:43 INFO: 00:37:43.115 [task-runner-1-63] [INFO ] q.lib.plugins.DetectionPluginTools - 240 nuclei detected (processing time: 29.42 seconds)
2024-10-23 00:37:43 INFO: 00:37:43.116 [main] [INFO ] q.l.p.CommandLineTaskRunner$CommandLineProgressMonitor - 240 nuclei detected (42%)
2024-10-23 00:37:44 INFO: 00:37:44.507 [task-runner-1-16] [INFO ] q.lib.plugins.DetectionPluginTools - 0 nuclei detected (processing time: 4.99 seconds)
2024-10-23 00:37:44 INFO: 00:37:44.507 [main] [INFO ] q.l.p.CommandLineTaskRunner$CommandLineProgressMonitor - 0 nuclei detected (43%)
2024-10-23 00:37:44 INFO: 00:37:44.537 [task-runner-1-10] [INFO ] q.lib.plugins.DetectionPluginTools - 0 nuclei detected (processing time: 5.23 seconds)
2024-10-23 00:37:48 INFO: 00:37:48.046 [task-runner-1-30] [INFO ] q.lib.plugins.DetectionPluginTools - 93 nuclei detected (processing time: 21.88 seconds)
2024-10-23 00:37:48 INFO: 00:37:48.047 [main] [INFO ] q.l.p.CommandLineTaskRunner$CommandLineProgressMonitor - 93 nuclei detected (44%)
2024-10-23 00:37:49 INFO: 00:37:49.989 [task-runner-1-36] [INFO ] q.lib.plugins.DetectionPluginTools - 378 nuclei detected (processing time: 48.89 seconds)
2024-10-23 00:37:49 INFO: 00:37:49.989 [main] [INFO ] q.l.p.CommandLineTaskRunner$CommandLineProgressMonitor - 378 nuclei detected (44%)
2024-10-23 00:37:50 INFO: 00:37:50.114 [task-runner-1-47] [INFO ] q.lib.plugins.DetectionPluginTools - 38 nuclei detected (processing time: 9.63 seconds)
2024-10-23 00:37:50 INFO: 00:37:50.115 [main] [INFO ] q.l.p.CommandLineTaskRunner$CommandLineProgressMonitor - 38 nuclei detected (45%)
2024-10-23 00:37:50 INFO: 00:37:50.142 [task-runner-1-29] [INFO ] q.lib.plugins.DetectionPluginTools - 244 nuclei detected (processing time: 17.03 seconds)
2024-10-23 00:37:50 INFO: 00:37:50.143 [main] [INFO ] q.l.p.CommandLineTaskRunner$CommandLineProgressMonitor - 244 nuclei detected (46%)
2024-10-23 00:37:50 INFO: 00:37:50.257 [task-runner-1-10] [INFO ] q.lib.plugins.DetectionPluginTools - 3 nuclei detected (processing time: 5.72 seconds)
2024-10-23 00:37:50 INFO: 00:37:50.257 [main] [INFO ] q.l.p.CommandLineTaskRunner$CommandLineProgressMonitor - 3 nuclei detected (46%)
2024-10-23 00:37:50 INFO: 00:37:50.954 [task-runner-1-42] [INFO ] q.lib.plugins.DetectionPluginTools - 768 nuclei detected (processing time: 49.86 seconds)
2024-10-23 00:37:50 INFO: 00:37:50.954 [main] [INFO ] q.l.p.CommandLineTaskRunner$CommandLineProgressMonitor - 768 nuclei detected (47%)
2024-10-23 00:37:52 INFO: 00:37:52.055 [task-runner-1-63] [INFO ] q.lib.plugins.DetectionPluginTools - 20 nuclei detected (processing time: 8.94 seconds)
2024-10-23 00:37:52 INFO: 00:37:52.056 [main] [INFO ] q.l.p.CommandLineTaskRunner$CommandLineProgressMonitor - 20 nuclei detected (48%)
2024-10-23 00:37:52 INFO: 00:37:52.680 [task-runner-1-52] [INFO ] q.lib.plugins.DetectionPluginTools - 461 nuclei detected (processing time: 51.58 seconds)
2024-10-23 00:37:52 INFO: 00:37:52.681 [main] [INFO ] q.l.p.CommandLineTaskRunner$CommandLineProgressMonitor - 461 nuclei detected (48%)
2024-10-23 00:37:53 INFO: 00:37:53.087 [task-runner-1-16] [INFO ] q.lib.plugins.DetectionPluginTools - 23 nuclei detected (processing time: 8.58 seconds)
2024-10-23 00:37:53 INFO: 00:37:53.087 [main] [INFO ] q.l.p.CommandLineTaskRunner$CommandLineProgressMonitor - 23 nuclei detected (49%)
2024-10-23 00:37:53 INFO: 00:37:53.183 [task-runner-1-59] [INFO ] q.lib.plugins.DetectionPluginTools - 705 nuclei detected (processing time: 52.08 seconds)
2024-10-23 00:37:53 INFO: 00:37:53.184 [main] [INFO ] q.l.p.CommandLineTaskRunner$CommandLineProgressMonitor - 705 nuclei detected (49%)
2024-10-23 00:37:53 INFO: 00:37:53.307 [task-runner-1-9] [INFO ] q.lib.plugins.DetectionPluginTools - 387 nuclei detected (processing time: 39.83 seconds)
2024-10-23 00:37:53 INFO: 00:37:53.307 [main] [INFO ] q.l.p.CommandLineTaskRunner$CommandLineProgressMonitor - 387 nuclei detected (50%)
2024-10-23 00:37:54 INFO: 00:37:54.593 [task-runner-1-30] [INFO ] q.lib.plugins.DetectionPluginTools - 2 nuclei detected (processing time: 6.55 seconds)
2024-10-23 00:37:54 INFO: 00:37:54.594 [main] [INFO ] q.l.p.CommandLineTaskRunner$CommandLineProgressMonitor - 2 nuclei detected (51%)
2024-10-23 00:37:55 INFO: 00:37:55.300 [task-runner-1-47] [INFO ] q.lib.plugins.DetectionPluginTools - 0 nuclei detected (processing time: 5.19 seconds)
2024-10-23 00:37:55 INFO: 00:37:55.301 [main] [INFO ] q.l.p.CommandLineTaskRunner$CommandLineProgressMonitor - 0 nuclei detected (51%)
2024-10-23 00:37:55 INFO: 00:37:55.336 [task-runner-1-29] [INFO ] q.lib.plugins.DetectionPluginTools - 0 nuclei detected (processing time: 5.19 seconds)
2024-10-23 00:37:55 INFO: 00:37:55.337 [main] [INFO ] q.l.p.CommandLineTaskRunner$CommandLineProgressMonitor - 0 nuclei detected (52%)
2024-10-23 00:37:55 INFO: 00:37:55.597 [task-runner-1-21] [INFO ] q.lib.plugins.DetectionPluginTools - 549 nuclei detected (processing time: 54.50 seconds)
2024-10-23 00:37:55 INFO: 00:37:55.598 [main] [INFO ] q.l.p.CommandLineTaskRunner$CommandLineProgressMonitor - 549 nuclei detected (53%)
2024-10-23 00:37:55 INFO: 00:37:55.691 [task-runner-1-36] [INFO ] q.lib.plugins.DetectionPluginTools - 1 nucleus detected (processing time: 5.70 seconds)
2024-10-23 00:37:55 INFO: 00:37:55.691 [main] [INFO ] q.l.p.CommandLineTaskRunner$CommandLineProgressMonitor - 1 nucleus detected (53%)
2024-10-23 00:37:55 INFO: 00:37:55.832 [task-runner-1-10] [INFO ] q.lib.plugins.DetectionPluginTools - 4 nuclei detected (processing time: 5.58 seconds)
2024-10-23 00:37:55 INFO: 00:37:55.832 [main] [INFO ] q.l.p.CommandLineTaskRunner$CommandLineProgressMonitor - 4 nuclei detected (54%)
2024-10-23 00:37:56 INFO: 00:37:56.335 [task-runner-1-40] [INFO ] q.lib.plugins.DetectionPluginTools - 590 nuclei detected (processing time: 55.24 seconds)
2024-10-23 00:37:56 INFO: 00:37:56.335 [main] [INFO ] q.l.p.CommandLineTaskRunner$CommandLineProgressMonitor - 590 nuclei detected (54%)
2024-10-23 00:37:57 INFO: 00:37:57.351 [task-runner-1-41] [INFO ] q.lib.plugins.DetectionPluginTools - 704 nuclei detected (processing time: 56.25 seconds)
2024-10-23 00:37:57 INFO: 00:37:57.351 [main] [INFO ] q.l.p.CommandLineTaskRunner$CommandLineProgressMonitor - 704 nuclei detected (55%)
2024-10-23 00:37:58 INFO: 00:37:58.671 [task-runner-1-9] [INFO ] q.lib.plugins.DetectionPluginTools - 0 nuclei detected (processing time: 5.36 seconds)
2024-10-23 00:37:58 INFO: 00:37:58.671 [main] [INFO ] q.l.p.CommandLineTaskRunner$CommandLineProgressMonitor - 0 nuclei detected (56%)
2024-10-23 00:37:59 INFO: 00:37:59.008 [task-runner-1-59] [INFO ] q.lib.plugins.DetectionPluginTools - 0 nuclei detected (processing time: 5.82 seconds)
2024-10-23 00:37:59 INFO: 00:37:59.736 [task-runner-1-30] [INFO ] q.lib.plugins.DetectionPluginTools - 0 nuclei detected (processing time: 5.14 seconds)
2024-10-23 00:37:59 INFO: 00:37:59.736 [main] [INFO ] q.l.p.CommandLineTaskRunner$CommandLineProgressMonitor - 0 nuclei detected (57%)
2024-10-23 00:37:59 INFO: 00:37:59.778 [task-runner-1-43] [INFO ] q.lib.plugins.DetectionPluginTools - 457 nuclei detected (processing time: 36.28 seconds)
2024-10-23 00:37:59 INFO: 00:37:59.778 [main] [INFO ] q.l.p.CommandLineTaskRunner$CommandLineProgressMonitor - 457 nuclei detected (57%)
2024-10-23 00:38:00 INFO: 00:38:00.137 [task-runner-1-29] [INFO ] q.lib.plugins.DetectionPluginTools - 0 nuclei detected (processing time: 4.80 seconds)
2024-10-23 00:38:00 INFO: 00:38:00.137 [main] [INFO ] q.l.p.CommandLineTaskRunner$CommandLineProgressMonitor - 0 nuclei detected (58%)
2024-10-23 00:38:00 INFO: 00:38:00.236 [task-runner-1-42] [INFO ] q.lib.plugins.DetectionPluginTools - 61 nuclei detected (processing time: 9.28 seconds)
2024-10-23 00:38:00 INFO: 00:38:00.236 [main] [INFO ] q.l.p.CommandLineTaskRunner$CommandLineProgressMonitor - 61 nuclei detected (59%)
2024-10-23 00:38:00 INFO: 00:38:00.281 [task-runner-1-21] [INFO ] q.lib.plugins.DetectionPluginTools - 0 nuclei detected (processing time: 4.68 seconds)
2024-10-23 00:38:00 INFO: 00:38:00.282 [main] [INFO ] q.l.p.CommandLineTaskRunner$CommandLineProgressMonitor - 0 nuclei detected (59%)
2024-10-23 00:38:00 INFO: 00:38:00.815 [task-runner-1-36] [INFO ] q.lib.plugins.DetectionPluginTools - 0 nuclei detected (processing time: 5.12 seconds)
2024-10-23 00:38:00 INFO: 00:38:00.816 [main] [INFO ] q.l.p.CommandLineTaskRunner$CommandLineProgressMonitor - 0 nuclei detected (60%)
2024-10-23 00:38:01 INFO: 00:38:01.282 [task-runner-1-40] [INFO ] q.lib.plugins.DetectionPluginTools - 0 nuclei detected (processing time: 4.95 seconds)
2024-10-23 00:38:01 INFO: 00:38:01.283 [main] [INFO ] q.l.p.CommandLineTaskRunner$CommandLineProgressMonitor - 0 nuclei detected (61%)
2024-10-23 00:38:01 INFO: 00:38:01.303 [task-runner-1-10] [INFO ] q.lib.plugins.DetectionPluginTools - 0 nuclei detected (processing time: 5.47 seconds)
2024-10-23 00:38:01 INFO: 00:38:01.389 [task-runner-1-47] [INFO ] q.lib.plugins.DetectionPluginTools - 2 nuclei detected (processing time: 6.09 seconds)
2024-10-23 00:38:01 INFO: 00:38:01.390 [main] [INFO ] q.l.p.CommandLineTaskRunner$CommandLineProgressMonitor - 2 nuclei detected (62%)
2024-10-23 00:38:02 INFO: 00:38:02.107 [task-runner-1-41] [INFO ] q.lib.plugins.DetectionPluginTools - 0 nuclei detected (processing time: 4.76 seconds)
2024-10-23 00:38:02 INFO: 00:38:02.107 [main] [INFO ] q.l.p.CommandLineTaskRunner$CommandLineProgressMonitor - 0 nuclei detected (63%)
2024-10-23 00:38:03 INFO: 00:38:03.304 [task-runner-1-9] [INFO ] q.lib.plugins.DetectionPluginTools - 0 nuclei detected (processing time: 4.63 seconds)
2024-10-23 00:38:03 INFO: 00:38:03.305 [task-runner-1-39] [INFO ] q.lib.plugins.DetectionPluginTools - 747 nuclei detected (processing time: 62.21 seconds)
2024-10-23 00:38:03 INFO: 00:38:03.305 [main] [INFO ] q.l.p.CommandLineTaskRunner$CommandLineProgressMonitor - 747 nuclei detected (64%)
2024-10-23 00:38:03 INFO: 00:38:03.329 [task-runner-1-58] [INFO ] q.lib.plugins.DetectionPluginTools - 597 nuclei detected (processing time: 62.23 seconds)
2024-10-23 00:38:03 INFO: 00:38:03.329 [main] [INFO ] q.l.p.CommandLineTaskRunner$CommandLineProgressMonitor - 597 nuclei detected (64%)
2024-10-23 00:38:03 INFO: 00:38:03.465 [task-runner-1-59] [INFO ] q.lib.plugins.DetectionPluginTools - 0 nuclei detected (processing time: 4.46 seconds)
2024-10-23 00:38:03 INFO: 00:38:03.465 [main] [INFO ] q.l.p.CommandLineTaskRunner$CommandLineProgressMonitor - 0 nuclei detected (65%)
2024-10-23 00:38:04 INFO: 00:38:04.097 [task-runner-1-30] [INFO ] q.lib.plugins.DetectionPluginTools - 0 nuclei detected (processing time: 4.36 seconds)
2024-10-23 00:38:04 INFO: 00:38:04.097 [main] [INFO ] q.l.p.CommandLineTaskRunner$CommandLineProgressMonitor - 0 nuclei detected (66%)
2024-10-23 00:38:04 INFO: 00:38:04.529 [task-runner-1-43] [INFO ] q.lib.plugins.DetectionPluginTools - 0 nuclei detected (processing time: 4.75 seconds)
2024-10-23 00:38:04 INFO: 00:38:04.685 [task-runner-1-42] [INFO ] q.lib.plugins.DetectionPluginTools - 0 nuclei detected (processing time: 4.45 seconds)
2024-10-23 00:38:04 INFO: 00:38:04.686 [main] [INFO ] q.l.p.CommandLineTaskRunner$CommandLineProgressMonitor - 0 nuclei detected (67%)
2024-10-23 00:38:04 INFO: 00:38:04.695 [task-runner-1-29] [INFO ] q.lib.plugins.DetectionPluginTools - 0 nuclei detected (processing time: 4.56 seconds)
2024-10-23 00:38:04 INFO: 00:38:04.695 [main] [INFO ] q.l.p.CommandLineTaskRunner$CommandLineProgressMonitor - 0 nuclei detected (68%)
2024-10-23 00:38:04 INFO: 00:38:04.781 [task-runner-1-21] [INFO ] q.lib.plugins.DetectionPluginTools - 0 nuclei detected (processing time: 4.50 seconds)
2024-10-23 00:38:05 INFO: 00:38:05.012 [task-runner-1-36] [INFO ] q.lib.plugins.DetectionPluginTools - 0 nuclei detected (processing time: 4.20 seconds)
2024-10-23 00:38:05 INFO: 00:38:05.012 [main] [INFO ] q.l.p.CommandLineTaskRunner$CommandLineProgressMonitor - 0 nuclei detected (69%)
2024-10-23 00:38:05 INFO: 00:38:05.462 [task-runner-1-40] [INFO ] q.lib.plugins.DetectionPluginTools - 0 nuclei detected (processing time: 4.18 seconds)
2024-10-23 00:38:06 INFO: 00:38:06.729 [task-runner-1-25] [INFO ] q.lib.plugins.DetectionPluginTools - 298 nuclei detected (processing time: 36.95 seconds)
2024-10-23 00:38:06 INFO: 00:38:06.729 [main] [INFO ] q.l.p.CommandLineTaskRunner$CommandLineProgressMonitor - 298 nuclei detected (70%)
2024-10-23 00:38:07 INFO: 00:38:07.184 [task-runner-1-24] [INFO ] q.lib.plugins.DetectionPluginTools - 268 nuclei detected (processing time: 40.57 seconds)
2024-10-23 00:38:07 INFO: 00:38:07.184 [main] [INFO ] q.l.p.CommandLineTaskRunner$CommandLineProgressMonitor - 268 nuclei detected (71%)
2024-10-23 00:38:07 INFO: 00:38:07.403 [task-runner-1-55] [INFO ] q.lib.plugins.DetectionPluginTools - 752 nuclei detected (processing time: 66.30 seconds)
2024-10-23 00:38:07 INFO: 00:38:07.403 [main] [INFO ] q.l.p.CommandLineTaskRunner$CommandLineProgressMonitor - 752 nuclei detected (71%)
2024-10-23 00:38:07 INFO: 00:38:07.533 [task-runner-1-6] [INFO ] q.lib.plugins.DetectionPluginTools - 330 nuclei detected (processing time: 39.80 seconds)
2024-10-23 00:38:07 INFO: 00:38:07.533 [main] [INFO ] q.l.p.CommandLineTaskRunner$CommandLineProgressMonitor - 330 nuclei detected (72%)
2024-10-23 00:38:07 INFO: 00:38:07.768 [task-runner-1-56] [INFO ] q.lib.plugins.DetectionPluginTools - 868 nuclei detected (processing time: 66.67 seconds)
2024-10-23 00:38:07 INFO: 00:38:07.768 [main] [INFO ] q.l.p.CommandLineTaskRunner$CommandLineProgressMonitor - 868 nuclei detected (73%)
2024-10-23 00:38:07 INFO: 00:38:07.909 [task-runner-1-57] [INFO ] q.lib.plugins.DetectionPluginTools - 714 nuclei detected (processing time: 66.81 seconds)
2024-10-23 00:38:07 INFO: 00:38:07.910 [main] [INFO ] q.l.p.CommandLineTaskRunner$CommandLineProgressMonitor - 714 nuclei detected (73%)
2024-10-23 00:38:08 INFO: 00:38:08.525 [task-runner-1-1] [INFO ] q.lib.plugins.DetectionPluginTools - 474 nuclei detected (processing time: 56.62 seconds)
2024-10-23 00:38:08 INFO: 00:38:08.526 [main] [INFO ] q.l.p.CommandLineTaskRunner$CommandLineProgressMonitor - 474 nuclei detected (74%)
2024-10-23 00:38:10 INFO: 00:38:10.549 [task-runner-1-54] [INFO ] q.lib.plugins.DetectionPluginTools - 823 nuclei detected (processing time: 69.45 seconds)
2024-10-23 00:38:10 INFO: 00:38:10.549 [main] [INFO ] q.l.p.CommandLineTaskRunner$CommandLineProgressMonitor - 823 nuclei detected (74%)
2024-10-23 00:38:10 INFO: 00:38:10.869 [task-runner-1-38] [INFO ] q.lib.plugins.DetectionPluginTools - 629 nuclei detected (processing time: 69.77 seconds)
2024-10-23 00:38:10 INFO: 00:38:10.869 [main] [INFO ] q.l.p.CommandLineTaskRunner$CommandLineProgressMonitor - 629 nuclei detected (75%)
2024-10-23 00:38:11 INFO: 00:38:11.053 [task-runner-1-45] [INFO ] q.lib.plugins.DetectionPluginTools - 569 nuclei detected (processing time: 57.37 seconds)
2024-10-23 00:38:11 INFO: 00:38:11.053 [main] [INFO ] q.l.p.CommandLineTaskRunner$CommandLineProgressMonitor - 569 nuclei detected (76%)
2024-10-23 00:38:11 INFO: 00:38:11.278 [task-runner-1-63] [INFO ] q.lib.plugins.DetectionPluginTools - 236 nuclei detected (processing time: 19.22 seconds)
2024-10-23 00:38:11 INFO: 00:38:11.278 [main] [INFO ] q.l.p.CommandLineTaskRunner$CommandLineProgressMonitor - 236 nuclei detected (76%)
2024-10-23 00:38:11 INFO: 00:38:11.296 [task-runner-1-31] [INFO ] q.lib.plugins.DetectionPluginTools - 769 nuclei detected (processing time: 57.82 seconds)
2024-10-23 00:38:11 INFO: 00:38:11.296 [main] [INFO ] q.l.p.CommandLineTaskRunner$CommandLineProgressMonitor - 769 nuclei detected (77%)
2024-10-23 00:38:12 INFO: 00:38:12.235 [task-runner-1-46] [INFO ] q.lib.plugins.DetectionPluginTools - 714 nuclei detected (processing time: 58.69 seconds)
2024-10-23 00:38:12 INFO: 00:38:12.236 [main] [INFO ] q.l.p.CommandLineTaskRunner$CommandLineProgressMonitor - 714 nuclei detected (78%)
2024-10-23 00:38:12 INFO: 00:38:12.312 [task-runner-1-60] [INFO ] q.lib.plugins.DetectionPluginTools - 499 nuclei detected (processing time: 45.29 seconds)
2024-10-23 00:38:12 INFO: 00:38:12.312 [main] [INFO ] q.l.p.CommandLineTaskRunner$CommandLineProgressMonitor - 499 nuclei detected (78%)
2024-10-23 00:38:12 INFO: 00:38:12.894 [task-runner-1-5] [INFO ] q.lib.plugins.DetectionPluginTools - 877 nuclei detected (processing time: 59.40 seconds)
2024-10-23 00:38:12 INFO: 00:38:12.895 [main] [INFO ] q.l.p.CommandLineTaskRunner$CommandLineProgressMonitor - 877 nuclei detected (79%)
2024-10-23 00:38:12 INFO: 00:38:12.896 [task-runner-1-19] [INFO ] q.lib.plugins.DetectionPluginTools - 751 nuclei detected (processing time: 59.23 seconds)
2024-10-23 00:38:12 INFO: 00:38:12.896 [main] [INFO ] q.l.p.CommandLineTaskRunner$CommandLineProgressMonitor - 751 nuclei detected (79%)
2024-10-23 00:38:13 INFO: 00:38:13.194 [task-runner-1-37] [INFO ] q.lib.plugins.DetectionPluginTools - 669 nuclei detected (processing time: 72.10 seconds)
2024-10-23 00:38:13 INFO: 00:38:13.195 [main] [INFO ] q.l.p.CommandLineTaskRunner$CommandLineProgressMonitor - 669 nuclei detected (80%)
2024-10-23 00:38:13 INFO: 00:38:13.454 [task-runner-1-20] [INFO ] q.lib.plugins.DetectionPluginTools - 708 nuclei detected (processing time: 55.69 seconds)
2024-10-23 00:38:13 INFO: 00:38:13.454 [main] [INFO ] q.l.p.CommandLineTaskRunner$CommandLineProgressMonitor - 708 nuclei detected (81%)
2024-10-23 00:38:14 INFO: 00:38:14.011 [task-runner-1-53] [INFO ] q.lib.plugins.DetectionPluginTools - 935 nuclei detected (processing time: 72.91 seconds)
2024-10-23 00:38:14 INFO: 00:38:14.011 [main] [INFO ] q.l.p.CommandLineTaskRunner$CommandLineProgressMonitor - 935 nuclei detected (81%)
2024-10-23 00:38:14 INFO: 00:38:14.103 [task-runner-1-18] [INFO ] q.lib.plugins.DetectionPluginTools - 758 nuclei detected (processing time: 60.56 seconds)
2024-10-23 00:38:14 INFO: 00:38:14.103 [main] [INFO ] q.l.p.CommandLineTaskRunner$CommandLineProgressMonitor - 758 nuclei detected (82%)
2024-10-23 00:38:14 INFO: 00:38:14.139 [task-runner-1-7] [INFO ] q.lib.plugins.DetectionPluginTools - 858 nuclei detected (processing time: 60.67 seconds)
2024-10-23 00:38:14 INFO: 00:38:14.139 [main] [INFO ] q.l.p.CommandLineTaskRunner$CommandLineProgressMonitor - 858 nuclei detected (83%)
2024-10-23 00:38:14 INFO: 00:38:14.211 [task-runner-1-17] [INFO ] q.lib.plugins.DetectionPluginTools - 717 nuclei detected (processing time: 44.02 seconds)
2024-10-23 00:38:14 INFO: 00:38:14.212 [main] [INFO ] q.l.p.CommandLineTaskRunner$CommandLineProgressMonitor - 717 nuclei detected (83%)
2024-10-23 00:38:14 INFO: 00:38:14.400 [task-runner-1-28] [INFO ] q.lib.plugins.DetectionPluginTools - 909 nuclei detected (processing time: 60.90 seconds)
2024-10-23 00:38:14 INFO: 00:38:14.400 [main] [INFO ] q.l.p.CommandLineTaskRunner$CommandLineProgressMonitor - 909 nuclei detected (84%)
2024-10-23 00:38:14 INFO: 00:38:14.610 [task-runner-1-32] [INFO ] q.lib.plugins.DetectionPluginTools - 791 nuclei detected (processing time: 61.14 seconds)
2024-10-23 00:38:14 INFO: 00:38:14.610 [main] [INFO ] q.l.p.CommandLineTaskRunner$CommandLineProgressMonitor - 791 nuclei detected (84%)
2024-10-23 00:38:14 INFO: 00:38:14.755 [task-runner-1-61] [INFO ] q.lib.plugins.DetectionPluginTools - 538 nuclei detected (processing time: 57.30 seconds)
2024-10-23 00:38:14 INFO: 00:38:14.755 [main] [INFO ] q.l.p.CommandLineTaskRunner$CommandLineProgressMonitor - 538 nuclei detected (85%)
2024-10-23 00:38:14 INFO: 00:38:14.938 [task-runner-1-13] [INFO ] q.lib.plugins.DetectionPluginTools - 897 nuclei detected (processing time: 61.45 seconds)
2024-10-23 00:38:14 INFO: 00:38:14.938 [main] [INFO ] q.l.p.CommandLineTaskRunner$CommandLineProgressMonitor - 897 nuclei detected (86%)
2024-10-23 00:38:14 INFO: 00:38:14.960 [task-runner-1-52] [INFO ] q.lib.plugins.DetectionPluginTools - 466 nuclei detected (processing time: 22.28 seconds)
2024-10-23 00:38:14 INFO: 00:38:14.960 [main] [INFO ] q.l.p.CommandLineTaskRunner$CommandLineProgressMonitor - 466 nuclei detected (86%)
2024-10-23 00:38:15 INFO: 00:38:15.014 [task-runner-1-2] [INFO ] q.lib.plugins.DetectionPluginTools - 918 nuclei detected (processing time: 61.55 seconds)
2024-10-23 00:38:15 INFO: 00:38:15.014 [main] [INFO ] q.l.p.CommandLineTaskRunner$CommandLineProgressMonitor - 918 nuclei detected (87%)
2024-10-23 00:38:15 INFO: 00:38:15.020 [task-runner-1-44] [INFO ] q.lib.plugins.DetectionPluginTools - 685 nuclei detected (processing time: 57.53 seconds)
2024-10-23 00:38:15 INFO: 00:38:15.021 [main] [INFO ] q.l.p.CommandLineTaskRunner$CommandLineProgressMonitor - 685 nuclei detected (88%)
2024-10-23 00:38:15 INFO: 00:38:15.105 [task-runner-1-16] [INFO ] q.lib.plugins.DetectionPluginTools - 553 nuclei detected (processing time: 22.02 seconds)
2024-10-23 00:38:15 INFO: 00:38:15.105 [main] [INFO ] q.l.p.CommandLineTaskRunner$CommandLineProgressMonitor - 553 nuclei detected (88%)
2024-10-23 00:38:15 INFO: 00:38:15.199 [task-runner-1-34] [INFO ] q.lib.plugins.DetectionPluginTools - 804 nuclei detected (processing time: 55.95 seconds)
2024-10-23 00:38:15 INFO: 00:38:15.200 [main] [INFO ] q.l.p.CommandLineTaskRunner$CommandLineProgressMonitor - 804 nuclei detected (89%)
2024-10-23 00:38:15 INFO: 00:38:15.270 [task-runner-1-14] [INFO ] q.lib.plugins.DetectionPluginTools - 588 nuclei detected (processing time: 61.78 seconds)
2024-10-23 00:38:15 INFO: 00:38:15.270 [main] [INFO ] q.l.p.CommandLineTaskRunner$CommandLineProgressMonitor - 588 nuclei detected (89%)
2024-10-23 00:38:15 INFO: 00:38:15.318 [task-runner-1-12] [INFO ] q.lib.plugins.DetectionPluginTools - 864 nuclei detected (processing time: 61.86 seconds)
2024-10-23 00:38:15 INFO: 00:38:15.318 [main] [INFO ] q.l.p.CommandLineTaskRunner$CommandLineProgressMonitor - 864 nuclei detected (90%)
2024-10-23 00:38:15 INFO: 00:38:15.320 [task-runner-1-48] [INFO ] q.lib.plugins.DetectionPluginTools - 851 nuclei detected (processing time: 56.80 seconds)
2024-10-23 00:38:15 INFO: 00:38:15.320 [main] [INFO ] q.l.p.CommandLineTaskRunner$CommandLineProgressMonitor - 851 nuclei detected (91%)
2024-10-23 00:38:15 INFO: 00:38:15.510 [task-runner-1-8] [INFO ] q.lib.plugins.DetectionPluginTools - 549 nuclei detected (processing time: 62.03 seconds)
2024-10-23 00:38:15 INFO: 00:38:15.511 [main] [INFO ] q.l.p.CommandLineTaskRunner$CommandLineProgressMonitor - 549 nuclei detected (91%)
2024-10-23 00:38:15 INFO: 00:38:15.572 [task-runner-1-35] [INFO ] q.lib.plugins.DetectionPluginTools - 782 nuclei detected (processing time: 56.45 seconds)
2024-10-23 00:38:15 INFO: 00:38:15.572 [main] [INFO ] q.l.p.CommandLineTaskRunner$CommandLineProgressMonitor - 782 nuclei detected (92%)
2024-10-23 00:38:15 INFO: 00:38:15.680 [task-runner-1-50] [INFO ] q.lib.plugins.DetectionPluginTools - 915 nuclei detected (processing time: 45.16 seconds)
2024-10-23 00:38:15 INFO: 00:38:15.681 [main] [INFO ] q.l.p.CommandLineTaskRunner$CommandLineProgressMonitor - 915 nuclei detected (93%)
2024-10-23 00:38:15 INFO: 00:38:15.690 [task-runner-1-26] [INFO ] q.lib.plugins.DetectionPluginTools - 913 nuclei detected (processing time: 62.18 seconds)
2024-10-23 00:38:15 INFO: 00:38:15.691 [main] [INFO ] q.l.p.CommandLineTaskRunner$CommandLineProgressMonitor - 913 nuclei detected (93%)
2024-10-23 00:38:15 INFO: 00:38:15.758 [task-runner-1-15] [INFO ] q.lib.plugins.DetectionPluginTools - 881 nuclei detected (processing time: 62.30 seconds)
2024-10-23 00:38:15 INFO: 00:38:15.759 [main] [INFO ] q.l.p.CommandLineTaskRunner$CommandLineProgressMonitor - 881 nuclei detected (94%)
2024-10-23 00:38:15 INFO: 00:38:15.929 [task-runner-1-62] [INFO ] q.lib.plugins.DetectionPluginTools - 726 nuclei detected (processing time: 58.46 seconds)
2024-10-23 00:38:15 INFO: 00:38:15.929 [main] [INFO ] q.l.p.CommandLineTaskRunner$CommandLineProgressMonitor - 726 nuclei detected (94%)
2024-10-23 00:38:15 INFO: 00:38:15.930 [task-runner-1-3] [INFO ] q.lib.plugins.DetectionPluginTools - 1289 nuclei detected (processing time: 64.00 seconds)
2024-10-23 00:38:15 INFO: 00:38:15.931 [main] [INFO ] q.l.p.CommandLineTaskRunner$CommandLineProgressMonitor - 1289 nuclei detected (95%)
2024-10-23 00:38:15 INFO: 00:38:15.955 [task-runner-1-27] [INFO ] q.lib.plugins.DetectionPluginTools - 824 nuclei detected (processing time: 52.89 seconds)
2024-10-23 00:38:15 INFO: 00:38:15.955 [main] [INFO ] q.l.p.CommandLineTaskRunner$CommandLineProgressMonitor - 824 nuclei detected (96%)
2024-10-23 00:38:16 INFO: 00:38:16.129 [task-runner-1-49] [INFO ] q.lib.plugins.DetectionPluginTools - 985 nuclei detected (processing time: 52.82 seconds)
2024-10-23 00:38:16 INFO: 00:38:16.129 [main] [INFO ] q.l.p.CommandLineTaskRunner$CommandLineProgressMonitor - 985 nuclei detected (96%)
2024-10-23 00:38:16 INFO: 00:38:16.164 [task-runner-1-23] [INFO ] q.lib.plugins.DetectionPluginTools - 961 nuclei detected (processing time: 53.75 seconds)
2024-10-23 00:38:16 INFO: 00:38:16.164 [main] [INFO ] q.l.p.CommandLineTaskRunner$CommandLineProgressMonitor - 961 nuclei detected (97%)
2024-10-23 00:38:16 INFO: 00:38:16.396 [task-runner-1-22] [INFO ] q.lib.plugins.DetectionPluginTools - 983 nuclei detected (processing time: 43.40 seconds)
2024-10-23 00:38:16 INFO: 00:38:16.396 [main] [INFO ] q.l.p.CommandLineTaskRunner$CommandLineProgressMonitor - 983 nuclei detected (98%)
2024-10-23 00:38:16 INFO: 00:38:16.470 [task-runner-1-11] [INFO ] q.lib.plugins.DetectionPluginTools - 903 nuclei detected (processing time: 64.55 seconds)
2024-10-23 00:38:16 INFO: 00:38:16.471 [main] [INFO ] q.l.p.CommandLineTaskRunner$CommandLineProgressMonitor - 903 nuclei detected (98%)
2024-10-23 00:38:17 INFO: 00:38:17.853 [task-runner-1-51] [INFO ] q.lib.plugins.DetectionPluginTools - 1051 nuclei detected (processing time: 47.30 seconds)
2024-10-23 00:38:17 INFO: 00:38:17.853 [main] [INFO ] q.l.p.CommandLineTaskRunner$CommandLineProgressMonitor - 1051 nuclei detected (99%)
2024-10-23 00:38:18 INFO: 00:38:18.081 [task-runner-1-4] [INFO ] q.lib.plugins.DetectionPluginTools - 1081 nuclei detected (processing time: 47.19 seconds)
2024-10-23 00:38:18 INFO: 00:38:18.081 [main] [INFO ] q.l.p.CommandLineTaskRunner$CommandLineProgressMonitor - 1081 nuclei detected (99%)
2024-10-23 00:38:18 INFO: 00:38:18.217 [task-runner-1-33] [INFO ] q.lib.plugins.DetectionPluginTools - 1025 nuclei detected (processing time: 45.72 seconds)
2024-10-23 00:38:18 INFO: 00:38:18.218 [main] [INFO ] q.l.p.CommandLineTaskRunner$CommandLineProgressMonitor - 1025 nuclei detected (100%)
2024-10-23 00:38:18 INFO: 00:38:18.218 [main] [INFO ] q.l.p.CommandLineTaskRunner$CommandLineProgressMonitor - Processing complete in 77.13 seconds
2024-10-23 00:38:18 INFO: 00:38:18.218 [main] [INFO ] q.l.p.CommandLineTaskRunner$CommandLineProgressMonitor - Tasks completed!
2024-10-23 00:38:20 INFO: 00:38:20.191 [main] [WARN ] q.l.p.objects.SmoothFeaturesPlugin - Smoothing using annotations
2024-10-23 00:38:20 INFO: 00:38:20.864 [main] [INFO ] q.l.p.CommandLineTaskRunner$CommandLineProgressMonitor - Completed (100%)
2024-10-23 00:38:20 INFO: 00:38:20.864 [main] [INFO ] q.l.p.CommandLineTaskRunner$CommandLineProgressMonitor - Processing complete in 0.67 seconds
2024-10-23 00:38:20 INFO: 00:38:20.864 [main] [INFO ] q.l.p.CommandLineTaskRunner$CommandLineProgressMonitor - Tasks completed!
2024-10-23 00:38:20 INFO: 00:38:20.866 [main] [WARN ] q.l.p.objects.SmoothFeaturesPlugin - Smoothing using annotations
2024-10-23 00:38:21 INFO: 00:38:21.752 [main] [INFO ] q.l.p.CommandLineTaskRunner$CommandLineProgressMonitor - Completed (100%)
2024-10-23 00:38:21 INFO: 00:38:21.752 [main] [INFO ] q.l.p.CommandLineTaskRunner$CommandLineProgressMonitor - Processing complete in 0.89 seconds
2024-10-23 00:38:21 INFO: 00:38:21.752 [main] [INFO ] q.l.p.CommandLineTaskRunner$CommandLineProgressMonitor - Tasks completed!
2024-10-23 00:38:21 INFO: 00:38:21.754 [main] [WARN ] q.l.p.objects.SmoothFeaturesPlugin - Smoothing using annotations
2024-10-23 00:38:23 INFO: 00:38:23.293 [main] [INFO ] q.l.p.CommandLineTaskRunner$CommandLineProgressMonitor - Completed (100%)
2024-10-23 00:38:23 INFO: 00:38:23.293 [main] [INFO ] q.l.p.CommandLineTaskRunner$CommandLineProgressMonitor - Processing complete in 1.54 seconds
2024-10-23 00:38:23 INFO: 00:38:23.293 [main] [INFO ] q.l.p.CommandLineTaskRunner$CommandLineProgressMonitor - Tasks completed!
2024-10-23 00:38:23 INFO: 00:38:23.359 [task-runner-5-2] [INFO ] q.l.a.IntensityFeaturesPlugin - Splitting Rectangle (0, 0, 63784, 39311) into 40 tiles for intensity measurements
2024-10-23 00:38:23 INFO: 00:38:23.403 [main] [INFO ] q.l.p.CommandLineTaskRunner$CommandLineProgressMonitor - Completed (0%)
2024-10-23 00:38:23 INFO: 00:38:23.916 [main] [INFO ] q.l.p.CommandLineTaskRunner$CommandLineProgressMonitor - Completed (1%)
2024-10-23 00:38:24 INFO: 00:38:24.033 [main] [INFO ] q.l.p.CommandLineTaskRunner$CommandLineProgressMonitor - Completed (2%)
2024-10-23 00:38:24 INFO: 00:38:24.141 [main] [INFO ] q.l.p.CommandLineTaskRunner$CommandLineProgressMonitor - Completed (3%)
2024-10-23 00:38:24 INFO: 00:38:24.252 [main] [INFO ] q.l.p.CommandLineTaskRunner$CommandLineProgressMonitor - Completed (4%)
2024-10-23 00:38:24 INFO: 00:38:24.367 [main] [INFO ] q.l.p.CommandLineTaskRunner$CommandLineProgressMonitor - Completed (5%)
2024-10-23 00:38:24 INFO: 00:38:24.404 [main] [INFO ] q.l.p.CommandLineTaskRunner$CommandLineProgressMonitor - Completed (6%)
2024-10-23 00:38:24 INFO: 00:38:24.443 [main] [INFO ] q.l.p.CommandLineTaskRunner$CommandLineProgressMonitor - Completed (7%)
2024-10-23 00:38:24 INFO: 00:38:24.483 [main] [INFO ] q.l.p.CommandLineTaskRunner$CommandLineProgressMonitor - Completed (8%)
2024-10-23 00:38:24 INFO: 00:38:24.521 [main] [INFO ] q.l.p.CommandLineTaskRunner$CommandLineProgressMonitor - Completed (9%)
2024-10-23 00:38:24 INFO: 00:38:24.555 [main] [INFO ] q.l.p.CommandLineTaskRunner$CommandLineProgressMonitor - Completed (10%)
2024-10-23 00:38:24 INFO: 00:38:24.589 [main] [INFO ] q.l.p.CommandLineTaskRunner$CommandLineProgressMonitor - Completed (11%)
2024-10-23 00:38:24 INFO: 00:38:24.626 [main] [INFO ] q.l.p.CommandLineTaskRunner$CommandLineProgressMonitor - Completed (12%)
2024-10-23 00:38:24 INFO: 00:38:24.661 [main] [INFO ] q.l.p.CommandLineTaskRunner$CommandLineProgressMonitor - Completed (13%)
2024-10-23 00:38:24 INFO: 00:38:24.697 [main] [INFO ] q.l.p.CommandLineTaskRunner$CommandLineProgressMonitor - Completed (14%)
2024-10-23 00:38:24 INFO: 00:38:24.738 [main] [INFO ] q.l.p.CommandLineTaskRunner$CommandLineProgressMonitor - Completed (15%)
2024-10-23 00:38:24 INFO: 00:38:24.786 [main] [INFO ] q.l.p.CommandLineTaskRunner$CommandLineProgressMonitor - Completed (16%)
2024-10-23 00:38:24 INFO: 00:38:24.825 [main] [INFO ] q.l.p.CommandLineTaskRunner$CommandLineProgressMonitor - Completed (17%)
2024-10-23 00:38:24 INFO: 00:38:24.866 [main] [INFO ] q.l.p.CommandLineTaskRunner$CommandLineProgressMonitor - Completed (18%)
2024-10-23 00:38:24 INFO: 00:38:24.899 [main] [INFO ] q.l.p.CommandLineTaskRunner$CommandLineProgressMonitor - Completed (19%)
2024-10-23 00:38:24 INFO: 00:38:24.933 [main] [INFO ] q.l.p.CommandLineTaskRunner$CommandLineProgressMonitor - Completed (20%)
2024-10-23 00:38:24 INFO: 00:38:24.969 [main] [INFO ] q.l.p.CommandLineTaskRunner$CommandLineProgressMonitor - Completed (21%)
2024-10-23 00:38:25 INFO: 00:38:25.010 [main] [INFO ] q.l.p.CommandLineTaskRunner$CommandLineProgressMonitor - Completed (22%)
2024-10-23 00:38:25 INFO: 00:38:25.042 [main] [INFO ] q.l.p.CommandLineTaskRunner$CommandLineProgressMonitor - Completed (23%)
2024-10-23 00:38:25 INFO: 00:38:25.075 [main] [INFO ] q.l.p.CommandLineTaskRunner$CommandLineProgressMonitor - Completed (24%)
2024-10-23 00:38:25 INFO: 00:38:25.114 [main] [INFO ] q.l.p.CommandLineTaskRunner$CommandLineProgressMonitor - Completed (25%)
2024-10-23 00:38:25 INFO: 00:38:25.154 [main] [INFO ] q.l.p.CommandLineTaskRunner$CommandLineProgressMonitor - Completed (26%)
2024-10-23 00:38:25 INFO: 00:38:25.207 [main] [INFO ] q.l.p.CommandLineTaskRunner$CommandLineProgressMonitor - Completed (27%)
2024-10-23 00:38:25 INFO: 00:38:25.241 [main] [INFO ] q.l.p.CommandLineTaskRunner$CommandLineProgressMonitor - Completed (28%)
2024-10-23 00:38:25 INFO: 00:38:25.293 [main] [INFO ] q.l.p.CommandLineTaskRunner$CommandLineProgressMonitor - Completed (29%)
2024-10-23 00:38:25 INFO: 00:38:25.346 [main] [INFO ] q.l.p.CommandLineTaskRunner$CommandLineProgressMonitor - Completed (30%)
2024-10-23 00:38:25 INFO: 00:38:25.388 [main] [INFO ] q.l.p.CommandLineTaskRunner$CommandLineProgressMonitor - Completed (31%)
2024-10-23 00:38:25 INFO: 00:38:25.449 [main] [INFO ] q.l.p.CommandLineTaskRunner$CommandLineProgressMonitor - Completed (32%)
2024-10-23 00:38:25 INFO: 00:38:25.488 [main] [INFO ] q.l.p.CommandLineTaskRunner$CommandLineProgressMonitor - Completed (33%)
2024-10-23 00:38:25 INFO: 00:38:25.521 [main] [INFO ] q.l.p.CommandLineTaskRunner$CommandLineProgressMonitor - Completed (34%)
2024-10-23 00:38:25 INFO: 00:38:25.550 [main] [INFO ] q.l.p.CommandLineTaskRunner$CommandLineProgressMonitor - Completed (35%)
2024-10-23 00:38:25 INFO: 00:38:25.585 [main] [INFO ] q.l.p.CommandLineTaskRunner$CommandLineProgressMonitor - Completed (36%)
2024-10-23 00:38:25 INFO: 00:38:25.616 [main] [INFO ] q.l.p.CommandLineTaskRunner$CommandLineProgressMonitor - Completed (37%)
2024-10-23 00:38:25 INFO: 00:38:25.649 [main] [INFO ] q.l.p.CommandLineTaskRunner$CommandLineProgressMonitor - Completed (38%)
2024-10-23 00:38:25 INFO: 00:38:25.681 [main] [INFO ] q.l.p.CommandLineTaskRunner$CommandLineProgressMonitor - Completed (39%)
2024-10-23 00:38:25 INFO: 00:38:25.724 [main] [INFO ] q.l.p.CommandLineTaskRunner$CommandLineProgressMonitor - Completed (40%)
2024-10-23 00:38:25 INFO: 00:38:25.755 [main] [INFO ] q.l.p.CommandLineTaskRunner$CommandLineProgressMonitor - Completed (41%)
2024-10-23 00:38:25 INFO: 00:38:25.789 [main] [INFO ] q.l.p.CommandLineTaskRunner$CommandLineProgressMonitor - Completed (42%)
2024-10-23 00:38:25 INFO: 00:38:25.826 [main] [INFO ] q.l.p.CommandLineTaskRunner$CommandLineProgressMonitor - Completed (43%)
2024-10-23 00:38:25 INFO: 00:38:25.865 [main] [INFO ] q.l.p.CommandLineTaskRunner$CommandLineProgressMonitor - Completed (44%)
2024-10-23 00:38:25 INFO: 00:38:25.903 [main] [INFO ] q.l.p.CommandLineTaskRunner$CommandLineProgressMonitor - Completed (45%)
2024-10-23 00:38:25 INFO: 00:38:25.950 [main] [INFO ] q.l.p.CommandLineTaskRunner$CommandLineProgressMonitor - Completed (46%)
2024-10-23 00:38:26 INFO: 00:38:26.003 [main] [INFO ] q.l.p.CommandLineTaskRunner$CommandLineProgressMonitor - Completed (47%)
2024-10-23 00:38:26 INFO: 00:38:26.052 [main] [INFO ] q.l.p.CommandLineTaskRunner$CommandLineProgressMonitor - Completed (48%)
2024-10-23 00:38:26 INFO: 00:38:26.098 [main] [INFO ] q.l.p.CommandLineTaskRunner$CommandLineProgressMonitor - Completed (49%)
2024-10-23 00:38:26 INFO: 00:38:26.141 [main] [INFO ] q.l.p.CommandLineTaskRunner$CommandLineProgressMonitor - Completed (50%)
2024-10-23 00:38:26 INFO: 00:38:26.185 [main] [INFO ] q.l.p.CommandLineTaskRunner$CommandLineProgressMonitor - Completed (51%)
2024-10-23 00:38:26 INFO: 00:38:26.223 [main] [INFO ] q.l.p.CommandLineTaskRunner$CommandLineProgressMonitor - Completed (52%)
2024-10-23 00:38:26 INFO: 00:38:26.258 [main] [INFO ] q.l.p.CommandLineTaskRunner$CommandLineProgressMonitor - Completed (53%)
2024-10-23 00:38:26 INFO: 00:38:26.298 [main] [INFO ] q.l.p.CommandLineTaskRunner$CommandLineProgressMonitor - Completed (54%)
2024-10-23 00:38:26 INFO: 00:38:26.332 [main] [INFO ] q.l.p.CommandLineTaskRunner$CommandLineProgressMonitor - Completed (55%)
2024-10-23 00:38:26 INFO: 00:38:26.365 [main] [INFO ] q.l.p.CommandLineTaskRunner$CommandLineProgressMonitor - Completed (56%)
2024-10-23 00:38:26 INFO: 00:38:26.399 [main] [INFO ] q.l.p.CommandLineTaskRunner$CommandLineProgressMonitor - Completed (57%)
2024-10-23 00:38:26 INFO: 00:38:26.434 [main] [INFO ] q.l.p.CommandLineTaskRunner$CommandLineProgressMonitor - Completed (58%)
2024-10-23 00:38:26 INFO: 00:38:26.473 [main] [INFO ] q.l.p.CommandLineTaskRunner$CommandLineProgressMonitor - Completed (59%)
2024-10-23 00:38:26 INFO: 00:38:26.513 [main] [INFO ] q.l.p.CommandLineTaskRunner$CommandLineProgressMonitor - Completed (60%)
2024-10-23 00:38:26 INFO: 00:38:26.550 [main] [INFO ] q.l.p.CommandLineTaskRunner$CommandLineProgressMonitor - Completed (61%)
2024-10-23 00:38:26 INFO: 00:38:26.591 [main] [INFO ] q.l.p.CommandLineTaskRunner$CommandLineProgressMonitor - Completed (62%)
2024-10-23 00:38:26 INFO: 00:38:26.636 [main] [INFO ] q.l.p.CommandLineTaskRunner$CommandLineProgressMonitor - Completed (63%)
2024-10-23 00:38:26 INFO: 00:38:26.681 [main] [INFO ] q.l.p.CommandLineTaskRunner$CommandLineProgressMonitor - Completed (64%)
2024-10-23 00:38:26 INFO: 00:38:26.729 [main] [INFO ] q.l.p.CommandLineTaskRunner$CommandLineProgressMonitor - Completed (65%)
2024-10-23 00:38:26 INFO: 00:38:26.791 [main] [INFO ] q.l.p.CommandLineTaskRunner$CommandLineProgressMonitor - Completed (66%)
2024-10-23 00:38:26 INFO: 00:38:26.829 [main] [INFO ] q.l.p.CommandLineTaskRunner$CommandLineProgressMonitor - Completed (67%)
2024-10-23 00:38:26 INFO: 00:38:26.867 [main] [INFO ] q.l.p.CommandLineTaskRunner$CommandLineProgressMonitor - Completed (68%)
2024-10-23 00:38:26 INFO: 00:38:26.908 [main] [INFO ] q.l.p.CommandLineTaskRunner$CommandLineProgressMonitor - Completed (69%)
2024-10-23 00:38:26 INFO: 00:38:26.953 [main] [INFO ] q.l.p.CommandLineTaskRunner$CommandLineProgressMonitor - Completed (70%)
2024-10-23 00:38:26 INFO: 00:38:26.998 [main] [INFO ] q.l.p.CommandLineTaskRunner$CommandLineProgressMonitor - Completed (71%)
2024-10-23 00:38:27 INFO: 00:38:27.033 [main] [INFO ] q.l.p.CommandLineTaskRunner$CommandLineProgressMonitor - Completed (72%)
2024-10-23 00:38:27 INFO: 00:38:27.074 [main] [INFO ] q.l.p.CommandLineTaskRunner$CommandLineProgressMonitor - Completed (73%)
2024-10-23 00:38:27 INFO: 00:38:27.106 [main] [INFO ] q.l.p.CommandLineTaskRunner$CommandLineProgressMonitor - Completed (74%)
2024-10-23 00:38:27 INFO: 00:38:27.145 [main] [INFO ] q.l.p.CommandLineTaskRunner$CommandLineProgressMonitor - Completed (75%)
2024-10-23 00:38:27 INFO: 00:38:27.186 [main] [INFO ] q.l.p.CommandLineTaskRunner$CommandLineProgressMonitor - Completed (76%)
2024-10-23 00:38:27 INFO: 00:38:27.224 [main] [INFO ] q.l.p.CommandLineTaskRunner$CommandLineProgressMonitor - Completed (77%)
2024-10-23 00:38:27 INFO: 00:38:27.281 [main] [INFO ] q.l.p.CommandLineTaskRunner$CommandLineProgressMonitor - Completed (78%)
2024-10-23 00:38:27 INFO: 00:38:27.449 [main] [INFO ] q.l.p.CommandLineTaskRunner$CommandLineProgressMonitor - Completed (79%)
2024-10-23 00:38:27 INFO: 00:38:27.563 [main] [INFO ] q.l.p.CommandLineTaskRunner$CommandLineProgressMonitor - Completed (80%)
2024-10-23 00:38:27 INFO: 00:38:27.598 [main] [INFO ] q.l.p.CommandLineTaskRunner$CommandLineProgressMonitor - Completed (81%)
2024-10-23 00:38:27 INFO: 00:38:27.636 [main] [INFO ] q.l.p.CommandLineTaskRunner$CommandLineProgressMonitor - Completed (82%)
2024-10-23 00:38:27 INFO: 00:38:27.692 [main] [INFO ] q.l.p.CommandLineTaskRunner$CommandLineProgressMonitor - Completed (83%)
2024-10-23 00:38:27 INFO: 00:38:27.738 [main] [INFO ] q.l.p.CommandLineTaskRunner$CommandLineProgressMonitor - Completed (84%)
2024-10-23 00:38:27 INFO: 00:38:27.784 [main] [INFO ] q.l.p.CommandLineTaskRunner$CommandLineProgressMonitor - Completed (85%)
2024-10-23 00:38:27 INFO: 00:38:27.822 [main] [INFO ] q.l.p.CommandLineTaskRunner$CommandLineProgressMonitor - Completed (86%)
2024-10-23 00:38:27 INFO: 00:38:27.858 [main] [INFO ] q.l.p.CommandLineTaskRunner$CommandLineProgressMonitor - Completed (87%)
2024-10-23 00:38:27 INFO: 00:38:27.958 [main] [INFO ] q.l.p.CommandLineTaskRunner$CommandLineProgressMonitor - Completed (88%)
2024-10-23 00:38:27 INFO: 00:38:27.997 [main] [INFO ] q.l.p.CommandLineTaskRunner$CommandLineProgressMonitor - Completed (89%)
2024-10-23 00:38:28 INFO: 00:38:28.029 [main] [INFO ] q.l.p.CommandLineTaskRunner$CommandLineProgressMonitor - Completed (90%)
2024-10-23 00:38:28 INFO: 00:38:28.059 [main] [INFO ] q.l.p.CommandLineTaskRunner$CommandLineProgressMonitor - Completed (91%)
2024-10-23 00:38:28 INFO: 00:38:28.083 [main] [INFO ] q.l.p.CommandLineTaskRunner$CommandLineProgressMonitor - Completed (92%)
2024-10-23 00:38:28 INFO: 00:38:28.118 [main] [INFO ] q.l.p.CommandLineTaskRunner$CommandLineProgressMonitor - Completed (93%)
2024-10-23 00:38:28 INFO: 00:38:28.148 [main] [INFO ] q.l.p.CommandLineTaskRunner$CommandLineProgressMonitor - Completed (94%)
2024-10-23 00:38:28 INFO: 00:38:28.179 [main] [INFO ] q.l.p.CommandLineTaskRunner$CommandLineProgressMonitor - Completed (95%)
2024-10-23 00:38:28 INFO: 00:38:28.211 [main] [INFO ] q.l.p.CommandLineTaskRunner$CommandLineProgressMonitor - Completed (96%)
2024-10-23 00:38:28 INFO: 00:38:28.241 [main] [INFO ] q.l.p.CommandLineTaskRunner$CommandLineProgressMonitor - Completed (97%)
2024-10-23 00:38:28 INFO: 00:38:28.272 [main] [INFO ] q.l.p.CommandLineTaskRunner$CommandLineProgressMonitor - Completed (98%)
2024-10-23 00:38:28 INFO: 00:38:28.303 [main] [INFO ] q.l.p.CommandLineTaskRunner$CommandLineProgressMonitor - Completed (99%)
2024-10-23 00:38:28 INFO: 00:38:28.338 [main] [INFO ] q.l.p.CommandLineTaskRunner$CommandLineProgressMonitor - Completed (100%)
2024-10-23 00:39:28 INFO: 00:39:28.705 [main] [INFO ] q.l.p.CommandLineTaskRunner$CommandLineProgressMonitor - Completed (100%)
2024-10-23 00:39:28 INFO: 00:39:28.706 [main] [INFO ] q.l.p.CommandLineTaskRunner$CommandLineProgressMonitor - Processing complete in 65.36 seconds
2024-10-23 00:39:28 INFO: 00:39:28.706 [main] [INFO ] q.l.p.CommandLineTaskRunner$CommandLineProgressMonitor - Tasks completed!
2024-10-23 00:39:54 INFO: 00:39:54.823 [task-runner-6-1] [WARN ] q.o.features.DelaunayTriangulation - Some objects have missing measurements! Statistics will calculated only for objects with measurements available.
2024-10-23 00:39:54 INFO: 00:39:54.823 [task-runner-6-1] [WARN ] q.o.features.DelaunayTriangulation - Missing measurements: [ROI: 1.00 m per pixel: Residual: Haralick Correlation (F2), ROI: 1.00 m per pixel: Residual: Haralick Information measure of correlation 1 (F11), ROI: 1.00 m per pixel: Residual: Haralick Information measure of correlation 2 (F12), ROI: 1.00 m per pixel: Eosin: Haralick Correlation (F2), ROI: 1.00 m per pixel: Eosin: Haralick Information measure of correlation 1 (F11)]
2024-10-23 00:39:54 INFO: 00:39:54.827 [main] [INFO ] q.l.p.CommandLineTaskRunner$CommandLineProgressMonitor - Delaunay triangulation calculated for Annotation (44545 objects) (100%)
2024-10-23 00:39:54 INFO: 00:39:54.827 [main] [INFO ] q.l.p.CommandLineTaskRunner$CommandLineProgressMonitor - Processing complete in 26.09 seconds
2024-10-23 00:39:54 INFO: 00:39:54.827 [main] [INFO ] q.l.p.CommandLineTaskRunner$CommandLineProgressMonitor - Tasks completed!
2024-10-23 00:40:30 INFO: TCGA-GI-A2C8-01Z-00-DX1.09BD8AC9-645A-4C8B-9B36-77D833BDBA09
2024-10-23 00:40:30 INFO: QuPath subprocess completed.
2024-10-23 00:40:32 INFO: QuPath image extraction completed successfully. Output directory: /home/ilants/Documents/jupyter_test/single_image_multiple_params/exp_sigmaMicrons_0
2024-10-23 00:40:32 INFO: Summary table saved to: /home/ilants/Documents/jupyter_test/single_image_multiple_params/exp_sigmaMicrons_0/Summary_Table.csv
2024-10-23 00:40:32 INFO: Experiment completed successfully.
