2024-10-22 22:56:05 INFO: Starting experiment with for threshold with value of 0.125
2024-10-22 22:56:05 INFO: Running with the following configuration:
{'detectionImageBrightfield': 'Hematoxylin OD', 'requestedPixelSizeMicrons': 0.5, 'backgroundRadiusMicrons': 4.0, 'backgroundByReconstruction': True, 'medianRadiusMicrons': 0.0, 'sigmaMicrons': 1.5, 'minAreaMicrons': 10.0, 'maxAreaMicrons': 80.0, 'threshold': 0.125, 'maxBackground': 2.0, 'watershedPostProcess': True, 'cellExpansionMicrons': 5.0, 'includeNuclei': True, 'smoothBoundaries': True, 'makeMeasurements': True, 'backgroundRadiusPixel': 8.0, 'cellExpansionPixel': 10.0, 'medianRadiusPixel': 0.0, 'minAreaPixel': 20.0, 'maxAreaPixel': 160.0}
2024-10-22 22:56:05 INFO: Starting QuPath image extraction with the following parameters: image_dir=/home/ilants/Documents/jupyter_test, output_dir=/home/ilants/Documents/jupyter_test/single_image_multiple_params/exp_threshold_0.125, image_type=svs, groovy_script=/home/ilants/Documents/utls/nucleus_detection_wargs.groovy, config_file=/home/ilants/Documents/jupyter_test/single_image_multiple_params/exp_threshold_0.125/cfg.json, program_path=/home/ilants/Documents/QuPath-v0.5.1-Linux/QuPath/bin/QuPath
2024-10-22 22:56:06 INFO: 22:56:06.485 [main] [INFO ] qupath.lib.gui.prefs.PathPrefs - Setting default Locale to en_US
2024-10-22 22:56:06 INFO: 22:56:06.489 [main] [INFO ] qupath.lib.gui.prefs.PathPrefs - Setting Locale for FORMAT to en_US
2024-10-22 22:56:06 INFO: 22:56:06.489 [main] [INFO ] qupath.lib.gui.prefs.PathPrefs - Setting Locale for DISPLAY to en_US
2024-10-22 22:56:06 INFO: 22:56:06.503 [main] [INFO ] qupath.lib.common.ThreadTools - Setting parallelism to 63
2024-10-22 22:56:06 INFO: 22:56:06.522 [main] [INFO ] qupath.ScriptCommand - Setting tile cache size to 32200.00 MB (25.0% max memory)
2024-10-22 22:56:06 INFO: 22:56:06.568 [main] [INFO ] qupath.lib.scripting.QP - Initializing type adapters
2024-10-22 22:56:06 INFO: Warning: Versions of org.bytedeco:javacpp:1.5.9 and org.bytedeco:opencv:4.6.0-1.5.8 do not match.
2024-10-22 22:56:06 INFO: Warning: Versions of org.bytedeco:javacpp:1.5.9 and org.bytedeco:openblas:0.3.21-1.5.8 do not match.
2024-10-22 22:56:08 INFO: project parameters are: {"detectionImageBrightfield": "Hematoxylin OD","requestedPixelSizeMicrons": 0.5,"backgroundRadiusMicrons": 4.0,"backgroundByReconstruction": true,"medianRadiusMicrons": 0.0,"sigmaMicrons": 1.5,"minAreaMicrons": 10.0,"maxAreaMicrons": 80.0,"threshold": 0.125,"maxBackground": 2.0,"watershedPostProcess": true,"cellExpansionMicrons": 5.0,"includeNuclei": true,"smoothBoundaries": true,"makeMeasurements": true,"backgroundRadiusPixel": 8.0,"cellExpansionPixel": 10.0,"medianRadiusPixel": 0.0,"minAreaPixel": 20.0,"maxAreaPixel": 160.0}
2024-10-22 22:56:08 INFO: New project created at: /home/ilants/Documents/jupyter_test/single_image_multiple_params/exp_threshold_0.125/QPProject
2024-10-22 22:56:08 INFO: Added: /home/ilants/Documents/jupyter_test/TCGA-GI-A2C8-01Z-00-DX1.09BD8AC9-645A-4C8B-9B36-77D833BDBA09.svs
2024-10-22 22:56:08 INFO: /home/ilants/Documents/jupyter_test/TCGA-GI-A2C8-01Z-00-DX1.09BD8AC9-645A-4C8B-9B36-77D833BDBA09.svs
2024-10-22 22:56:08 INFO: 22:56:08.476 [main] [INFO ] q.l.i.s.b.BioFormatsServerOptions - Setting max Bio-Formats readers to 32
2024-10-22 22:56:08 INFO: UriImageSupport (class qupath.lib.images.servers.bioformats.BioFormatsServerBuilder) support=3.0, builders=1
2024-10-22 22:56:08 INFO: true
2024-10-22 22:56:09 INFO: 22:56:09.139 [main] [WARN ] qupath.lib.scripting.QP - createSelectAllObject(boolean) is deprecated, use createFullImageAnnotation(boolean) instead
2024-10-22 22:56:09 INFO: 22:56:09.140 [main] [WARN ] qupath.lib.scripting.QP - createSelectAllObject(boolean, int, int) is deprecated, use createFullImageAnnotation(boolean, int, int) instead
2024-10-22 22:56:09 INFO: 22:56:09.150 [main] [WARN ] q.l.plugins.parameters.ParameterList - Unable to set parameter backgroundRadiusPixel with value 8.0
2024-10-22 22:56:09 INFO: 22:56:09.150 [main] [WARN ] q.l.plugins.parameters.ParameterList - Unable to set parameter cellExpansionPixel with value 10.0
2024-10-22 22:56:09 INFO: 22:56:09.150 [main] [WARN ] q.l.plugins.parameters.ParameterList - Unable to set parameter medianRadiusPixel with value 0.0
2024-10-22 22:56:09 INFO: 22:56:09.150 [main] [WARN ] q.l.plugins.parameters.ParameterList - Unable to set parameter minAreaPixel with value 20.0
2024-10-22 22:56:09 INFO: 22:56:09.150 [main] [WARN ] q.l.plugins.parameters.ParameterList - Unable to set parameter maxAreaPixel with value 160.0
2024-10-22 22:56:21 INFO: 22:56:21.799 [task-runner-1-1] [INFO ] q.lib.plugins.DetectionPluginTools - 0 nuclei detected (processing time: 12.53 seconds)
2024-10-22 22:56:21 INFO: 22:56:21.814 [main] [INFO ] q.l.p.CommandLineTaskRunner$CommandLineProgressMonitor - 0 nuclei detected (1%)
2024-10-22 22:56:23 INFO: 22:56:23.002 [task-runner-1-7] [INFO ] q.lib.plugins.DetectionPluginTools - 0 nuclei detected (processing time: 13.73 seconds)
2024-10-22 22:56:23 INFO: 22:56:23.004 [task-runner-1-15] [INFO ] q.lib.plugins.DetectionPluginTools - 0 nuclei detected (processing time: 13.73 seconds)
2024-10-22 22:56:23 INFO: 22:56:23.004 [task-runner-1-48] [INFO ] q.lib.plugins.DetectionPluginTools - 0 nuclei detected (processing time: 13.73 seconds)
2024-10-22 22:56:23 INFO: 22:56:23.005 [main] [INFO ] q.l.p.CommandLineTaskRunner$CommandLineProgressMonitor - 0 nuclei detected (2%)
2024-10-22 22:56:23 INFO: 22:56:23.005 [main] [INFO ] q.l.p.CommandLineTaskRunner$CommandLineProgressMonitor - 0 nuclei detected (3%)
2024-10-22 22:56:23 INFO: 22:56:23.005 [task-runner-1-4] [INFO ] q.lib.plugins.DetectionPluginTools - 0 nuclei detected (processing time: 13.74 seconds)
2024-10-22 22:56:23 INFO: 22:56:23.008 [task-runner-1-12] [INFO ] q.lib.plugins.DetectionPluginTools - 0 nuclei detected (processing time: 13.74 seconds)
2024-10-22 22:56:23 INFO: 22:56:23.009 [main] [INFO ] q.l.p.CommandLineTaskRunner$CommandLineProgressMonitor - 0 nuclei detected (4%)
2024-10-22 22:56:23 INFO: 22:56:23.461 [task-runner-1-32] [INFO ] q.lib.plugins.DetectionPluginTools - 0 nuclei detected (processing time: 14.19 seconds)
2024-10-22 22:56:23 INFO: 22:56:23.467 [task-runner-1-9] [INFO ] q.lib.plugins.DetectionPluginTools - 0 nuclei detected (processing time: 14.20 seconds)
2024-10-22 22:56:23 INFO: 22:56:23.467 [main] [INFO ] q.l.p.CommandLineTaskRunner$CommandLineProgressMonitor - 0 nuclei detected (5%)
2024-10-22 22:56:23 INFO: 22:56:23.473 [task-runner-1-2] [INFO ] q.lib.plugins.DetectionPluginTools - 0 nuclei detected (processing time: 14.21 seconds)
2024-10-22 22:56:23 INFO: 22:56:23.475 [task-runner-1-16] [INFO ] q.lib.plugins.DetectionPluginTools - 0 nuclei detected (processing time: 14.21 seconds)
2024-10-22 22:56:23 INFO: 22:56:23.476 [main] [INFO ] q.l.p.CommandLineTaskRunner$CommandLineProgressMonitor - 0 nuclei detected (6%)
2024-10-22 22:56:23 INFO: 22:56:23.476 [task-runner-1-17] [INFO ] q.lib.plugins.DetectionPluginTools - 2 nuclei detected (processing time: 14.21 seconds)
2024-10-22 22:56:23 INFO: 22:56:23.476 [main] [INFO ] q.l.p.CommandLineTaskRunner$CommandLineProgressMonitor - 2 nuclei detected (6%)
2024-10-22 22:56:23 INFO: 22:56:23.476 [task-runner-1-3] [INFO ] q.lib.plugins.DetectionPluginTools - 0 nuclei detected (processing time: 14.21 seconds)
2024-10-22 22:56:23 INFO: 22:56:23.478 [main] [INFO ] q.l.p.CommandLineTaskRunner$CommandLineProgressMonitor - 0 nuclei detected (7%)
2024-10-22 22:56:23 INFO: 22:56:23.480 [main] [INFO ] q.l.p.CommandLineTaskRunner$CommandLineProgressMonitor - 0 nuclei detected (8%)
2024-10-22 22:56:23 INFO: 22:56:23.480 [task-runner-1-8] [INFO ] q.lib.plugins.DetectionPluginTools - 1 nucleus detected (processing time: 14.21 seconds)
2024-10-22 22:56:23 INFO: 22:56:23.480 [main] [INFO ] q.l.p.CommandLineTaskRunner$CommandLineProgressMonitor - 1 nucleus detected (8%)
2024-10-22 22:56:23 INFO: 22:56:23.480 [task-runner-1-14] [INFO ] q.lib.plugins.DetectionPluginTools - 1 nucleus detected (processing time: 14.21 seconds)
2024-10-22 22:56:23 INFO: 22:56:23.480 [main] [INFO ] q.l.p.CommandLineTaskRunner$CommandLineProgressMonitor - 1 nucleus detected (9%)
2024-10-22 22:56:23 INFO: 22:56:23.482 [task-runner-1-11] [INFO ] q.lib.plugins.DetectionPluginTools - 1 nucleus detected (processing time: 14.21 seconds)
2024-10-22 22:56:23 INFO: 22:56:23.488 [task-runner-1-47] [INFO ] q.lib.plugins.DetectionPluginTools - 5 nuclei detected (processing time: 14.21 seconds)
2024-10-22 22:56:23 INFO: 22:56:23.488 [task-runner-1-27] [INFO ] q.lib.plugins.DetectionPluginTools - 1 nucleus detected (processing time: 14.22 seconds)
2024-10-22 22:56:23 INFO: 22:56:23.488 [main] [INFO ] q.l.p.CommandLineTaskRunner$CommandLineProgressMonitor - 5 nuclei detected (10%)
2024-10-22 22:56:23 INFO: 22:56:23.488 [main] [INFO ] q.l.p.CommandLineTaskRunner$CommandLineProgressMonitor - 1 nucleus detected (11%)
2024-10-22 22:56:23 INFO: 22:56:23.488 [task-runner-1-6] [INFO ] q.lib.plugins.DetectionPluginTools - 2 nuclei detected (processing time: 14.22 seconds)
2024-10-22 22:56:23 INFO: 22:56:23.489 [main] [INFO ] q.l.p.CommandLineTaskRunner$CommandLineProgressMonitor - 2 nuclei detected (11%)
2024-10-22 22:56:23 INFO: 22:56:23.494 [task-runner-1-10] [INFO ] q.lib.plugins.DetectionPluginTools - 1 nucleus detected (processing time: 14.22 seconds)
2024-10-22 22:56:23 INFO: 22:56:23.494 [main] [INFO ] q.l.p.CommandLineTaskRunner$CommandLineProgressMonitor - 1 nucleus detected (12%)
2024-10-22 22:56:23 INFO: 22:56:23.495 [task-runner-1-30] [INFO ] q.lib.plugins.DetectionPluginTools - 1 nucleus detected (processing time: 14.22 seconds)
2024-10-22 22:56:23 INFO: 22:56:23.496 [main] [INFO ] q.l.p.CommandLineTaskRunner$CommandLineProgressMonitor - 1 nucleus detected (13%)
2024-10-22 22:56:23 INFO: 22:56:23.516 [task-runner-1-13] [INFO ] q.lib.plugins.DetectionPluginTools - 8 nuclei detected (processing time: 14.25 seconds)
2024-10-22 22:56:23 INFO: 22:56:23.516 [task-runner-1-29] [INFO ] q.lib.plugins.DetectionPluginTools - 5 nuclei detected (processing time: 14.24 seconds)
2024-10-22 22:56:23 INFO: 22:56:23.517 [main] [INFO ] q.l.p.CommandLineTaskRunner$CommandLineProgressMonitor - 8 nuclei detected (13%)
2024-10-22 22:56:23 INFO: 22:56:23.517 [main] [INFO ] q.l.p.CommandLineTaskRunner$CommandLineProgressMonitor - 5 nuclei detected (14%)
2024-10-22 22:56:23 INFO: 22:56:23.534 [task-runner-1-31] [INFO ] q.lib.plugins.DetectionPluginTools - 12 nuclei detected (processing time: 14.25 seconds)
2024-10-22 22:56:23 INFO: 22:56:23.535 [main] [INFO ] q.l.p.CommandLineTaskRunner$CommandLineProgressMonitor - 12 nuclei detected (14%)
2024-10-22 22:56:23 INFO: 22:56:23.596 [task-runner-1-28] [INFO ] q.lib.plugins.DetectionPluginTools - 17 nuclei detected (processing time: 14.32 seconds)
2024-10-22 22:56:23 INFO: 22:56:23.619 [main] [INFO ] q.l.p.CommandLineTaskRunner$CommandLineProgressMonitor - 17 nuclei detected (15%)
2024-10-22 22:56:23 INFO: 22:56:23.659 [task-runner-1-26] [INFO ] q.lib.plugins.DetectionPluginTools - 45 nuclei detected (processing time: 14.39 seconds)
2024-10-22 22:56:23 INFO: 22:56:23.661 [task-runner-1-5] [INFO ] q.lib.plugins.DetectionPluginTools - 53 nuclei detected (processing time: 14.39 seconds)
2024-10-22 22:56:23 INFO: 22:56:23.662 [main] [INFO ] q.l.p.CommandLineTaskRunner$CommandLineProgressMonitor - 45 nuclei detected (16%)
2024-10-22 22:56:23 INFO: 22:56:23.663 [main] [INFO ] q.l.p.CommandLineTaskRunner$CommandLineProgressMonitor - 53 nuclei detected (16%)
2024-10-22 22:56:23 INFO: 22:56:23.681 [task-runner-1-46] [INFO ] q.lib.plugins.DetectionPluginTools - 43 nuclei detected (processing time: 14.41 seconds)
2024-10-22 22:56:23 INFO: 22:56:23.683 [main] [INFO ] q.l.p.CommandLineTaskRunner$CommandLineProgressMonitor - 43 nuclei detected (17%)
2024-10-22 22:56:23 INFO: 22:56:23.744 [task-runner-1-45] [INFO ] q.lib.plugins.DetectionPluginTools - 85 nuclei detected (processing time: 14.47 seconds)
2024-10-22 22:56:23 INFO: 22:56:23.753 [main] [INFO ] q.l.p.CommandLineTaskRunner$CommandLineProgressMonitor - 85 nuclei detected (18%)
2024-10-22 22:56:23 INFO: 22:56:23.920 [task-runner-1-19] [INFO ] q.lib.plugins.DetectionPluginTools - 133 nuclei detected (processing time: 14.65 seconds)
2024-10-22 22:56:23 INFO: 22:56:23.922 [main] [INFO ] q.l.p.CommandLineTaskRunner$CommandLineProgressMonitor - 133 nuclei detected (18%)
2024-10-22 22:56:23 INFO: 22:56:23.923 [task-runner-1-63] [INFO ] q.lib.plugins.DetectionPluginTools - 114 nuclei detected (processing time: 14.65 seconds)
2024-10-22 22:56:23 INFO: 22:56:23.924 [main] [INFO ] q.l.p.CommandLineTaskRunner$CommandLineProgressMonitor - 114 nuclei detected (19%)
2024-10-22 22:56:23 INFO: 22:56:23.950 [task-runner-1-49] [INFO ] q.lib.plugins.DetectionPluginTools - 116 nuclei detected (processing time: 14.67 seconds)
2024-10-22 22:56:23 INFO: 22:56:23.952 [main] [INFO ] q.l.p.CommandLineTaskRunner$CommandLineProgressMonitor - 116 nuclei detected (19%)
2024-10-22 22:56:23 INFO: 22:56:23.978 [task-runner-1-62] [INFO ] q.lib.plugins.DetectionPluginTools - 190 nuclei detected (processing time: 14.70 seconds)
2024-10-22 22:56:23 INFO: 22:56:23.980 [main] [INFO ] q.l.p.CommandLineTaskRunner$CommandLineProgressMonitor - 190 nuclei detected (20%)
2024-10-22 22:56:24 INFO: 22:56:24.022 [task-runner-1-33] [INFO ] q.lib.plugins.DetectionPluginTools - 230 nuclei detected (processing time: 14.75 seconds)
2024-10-22 22:56:24 INFO: 22:56:24.031 [main] [INFO ] q.l.p.CommandLineTaskRunner$CommandLineProgressMonitor - 230 nuclei detected (21%)
2024-10-22 22:56:24 INFO: 22:56:24.077 [task-runner-1-61] [INFO ] q.lib.plugins.DetectionPluginTools - 168 nuclei detected (processing time: 14.80 seconds)
2024-10-22 22:56:24 INFO: 22:56:24.077 [main] [INFO ] q.l.p.CommandLineTaskRunner$CommandLineProgressMonitor - 168 nuclei detected (21%)
2024-10-22 22:56:24 INFO: 22:56:24.094 [task-runner-1-18] [INFO ] q.lib.plugins.DetectionPluginTools - 225 nuclei detected (processing time: 14.82 seconds)
2024-10-22 22:56:24 INFO: 22:56:24.105 [main] [INFO ] q.l.p.CommandLineTaskRunner$CommandLineProgressMonitor - 225 nuclei detected (22%)
2024-10-22 22:56:24 INFO: 22:56:24.099 [task-runner-1-44] [INFO ] q.lib.plugins.DetectionPluginTools - 214 nuclei detected (processing time: 14.83 seconds)
2024-10-22 22:56:24 INFO: 22:56:24.116 [main] [INFO ] q.l.p.CommandLineTaskRunner$CommandLineProgressMonitor - 214 nuclei detected (23%)
2024-10-22 22:56:24 INFO: 22:56:24.125 [task-runner-1-35] [INFO ] q.lib.plugins.DetectionPluginTools - 255 nuclei detected (processing time: 14.85 seconds)
2024-10-22 22:56:24 INFO: 22:56:24.130 [main] [INFO ] q.l.p.CommandLineTaskRunner$CommandLineProgressMonitor - 255 nuclei detected (23%)
2024-10-22 22:56:24 INFO: 22:56:24.154 [task-runner-1-50] [INFO ] q.lib.plugins.DetectionPluginTools - 286 nuclei detected (processing time: 14.88 seconds)
2024-10-22 22:56:24 INFO: 22:56:24.156 [main] [INFO ] q.l.p.CommandLineTaskRunner$CommandLineProgressMonitor - 286 nuclei detected (24%)
2024-10-22 22:56:24 INFO: 22:56:24.164 [task-runner-1-34] [INFO ] q.lib.plugins.DetectionPluginTools - 372 nuclei detected (processing time: 14.89 seconds)
2024-10-22 22:56:24 INFO: 22:56:24.174 [main] [INFO ] q.l.p.CommandLineTaskRunner$CommandLineProgressMonitor - 372 nuclei detected (24%)
2024-10-22 22:56:24 INFO: 22:56:24.183 [task-runner-1-25] [INFO ] q.lib.plugins.DetectionPluginTools - 326 nuclei detected (processing time: 14.91 seconds)
2024-10-22 22:56:24 INFO: 22:56:24.184 [main] [INFO ] q.l.p.CommandLineTaskRunner$CommandLineProgressMonitor - 326 nuclei detected (25%)
2024-10-22 22:56:24 INFO: 22:56:24.392 [task-runner-1-20] [INFO ] q.lib.plugins.DetectionPluginTools - 660 nuclei detected (processing time: 15.12 seconds)
2024-10-22 22:56:24 INFO: 22:56:24.392 [main] [INFO ] q.l.p.CommandLineTaskRunner$CommandLineProgressMonitor - 660 nuclei detected (26%)
2024-10-22 22:56:26 INFO: 22:56:26.920 [task-runner-1-24] [INFO ] q.lib.plugins.DetectionPluginTools - 948 nuclei detected (processing time: 17.65 seconds)
2024-10-22 22:56:26 INFO: 22:56:26.921 [main] [INFO ] q.l.p.CommandLineTaskRunner$CommandLineProgressMonitor - 948 nuclei detected (26%)
2024-10-22 22:56:26 INFO: 22:56:26.923 [task-runner-1-51] [INFO ] q.lib.plugins.DetectionPluginTools - 793 nuclei detected (processing time: 17.65 seconds)
2024-10-22 22:56:26 INFO: 22:56:26.924 [main] [INFO ] q.l.p.CommandLineTaskRunner$CommandLineProgressMonitor - 793 nuclei detected (27%)
2024-10-22 22:56:26 INFO: 22:56:26.926 [task-runner-1-23] [INFO ] q.lib.plugins.DetectionPluginTools - 922 nuclei detected (processing time: 17.66 seconds)
2024-10-22 22:56:26 INFO: 22:56:26.926 [task-runner-1-43] [INFO ] q.lib.plugins.DetectionPluginTools - 901 nuclei detected (processing time: 17.65 seconds)
2024-10-22 22:56:26 INFO: 22:56:26.926 [main] [INFO ] q.l.p.CommandLineTaskRunner$CommandLineProgressMonitor - 922 nuclei detected (28%)
2024-10-22 22:56:26 INFO: 22:56:26.927 [main] [INFO ] q.l.p.CommandLineTaskRunner$CommandLineProgressMonitor - 901 nuclei detected (28%)
2024-10-22 22:56:27 INFO: 22:56:27.183 [task-runner-1-60] [INFO ] q.lib.plugins.DetectionPluginTools - 1011 nuclei detected (processing time: 17.91 seconds)
2024-10-22 22:56:27 INFO: 22:56:27.185 [main] [INFO ] q.l.p.CommandLineTaskRunner$CommandLineProgressMonitor - 1011 nuclei detected (29%)
2024-10-22 22:56:27 INFO: 22:56:27.279 [task-runner-1-22] [INFO ] q.lib.plugins.DetectionPluginTools - 1333 nuclei detected (processing time: 18.01 seconds)
2024-10-22 22:56:27 INFO: 22:56:27.279 [main] [INFO ] q.l.p.CommandLineTaskRunner$CommandLineProgressMonitor - 1333 nuclei detected (29%)
2024-10-22 22:56:27 INFO: 22:56:27.851 [task-runner-1-1] [INFO ] q.lib.plugins.DetectionPluginTools - 1 nucleus detected (processing time: 6.04 seconds)
2024-10-22 22:56:27 INFO: 22:56:27.852 [main] [INFO ] q.l.p.CommandLineTaskRunner$CommandLineProgressMonitor - 1 nucleus detected (30%)
2024-10-22 22:56:28 INFO: 22:56:28.684 [task-runner-1-36] [INFO ] q.lib.plugins.DetectionPluginTools - 1965 nuclei detected (processing time: 19.41 seconds)
2024-10-22 22:56:28 INFO: 22:56:28.686 [main] [INFO ] q.l.p.CommandLineTaskRunner$CommandLineProgressMonitor - 1965 nuclei detected (31%)
2024-10-22 22:56:29 INFO: 22:56:29.099 [task-runner-1-40] [INFO ] q.lib.plugins.DetectionPluginTools - 2016 nuclei detected (processing time: 19.82 seconds)
2024-10-22 22:56:29 INFO: 22:56:29.103 [main] [INFO ] q.l.p.CommandLineTaskRunner$CommandLineProgressMonitor - 2016 nuclei detected (31%)
2024-10-22 22:56:29 INFO: 22:56:29.157 [task-runner-1-59] [INFO ] q.lib.plugins.DetectionPluginTools - 2609 nuclei detected (processing time: 19.88 seconds)
2024-10-22 22:56:29 INFO: 22:56:29.158 [main] [INFO ] q.l.p.CommandLineTaskRunner$CommandLineProgressMonitor - 2609 nuclei detected (32%)
2024-10-22 22:56:29 INFO: 22:56:29.369 [task-runner-1-52] [INFO ] q.lib.plugins.DetectionPluginTools - 2386 nuclei detected (processing time: 20.09 seconds)
2024-10-22 22:56:29 INFO: 22:56:29.370 [main] [INFO ] q.l.p.CommandLineTaskRunner$CommandLineProgressMonitor - 2386 nuclei detected (33%)
2024-10-22 22:56:29 INFO: 22:56:29.564 [task-runner-1-21] [INFO ] q.lib.plugins.DetectionPluginTools - 3707 nuclei detected (processing time: 20.29 seconds)
2024-10-22 22:56:29 INFO: 22:56:29.566 [main] [INFO ] q.l.p.CommandLineTaskRunner$CommandLineProgressMonitor - 3707 nuclei detected (33%)
2024-10-22 22:56:29 INFO: 22:56:29.665 [task-runner-1-27] [INFO ] q.lib.plugins.DetectionPluginTools - 0 nuclei detected (processing time: 6.18 seconds)
2024-10-22 22:56:29 INFO: 22:56:29.666 [main] [INFO ] q.l.p.CommandLineTaskRunner$CommandLineProgressMonitor - 0 nuclei detected (34%)
2024-10-22 22:56:29 INFO: 22:56:29.845 [task-runner-1-42] [INFO ] q.lib.plugins.DetectionPluginTools - 2511 nuclei detected (processing time: 20.57 seconds)
2024-10-22 22:56:29 INFO: 22:56:29.845 [main] [INFO ] q.l.p.CommandLineTaskRunner$CommandLineProgressMonitor - 2511 nuclei detected (34%)
2024-10-22 22:56:30 INFO: 22:56:30.235 [task-runner-1-41] [INFO ] q.lib.plugins.DetectionPluginTools - 2324 nuclei detected (processing time: 20.96 seconds)
2024-10-22 22:56:30 INFO: 22:56:30.239 [main] [INFO ] q.l.p.CommandLineTaskRunner$CommandLineProgressMonitor - 2324 nuclei detected (35%)
2024-10-22 22:56:30 INFO: 22:56:30.413 [task-runner-1-58] [INFO ] q.lib.plugins.DetectionPluginTools - 2512 nuclei detected (processing time: 21.14 seconds)
2024-10-22 22:56:30 INFO: 22:56:30.421 [main] [INFO ] q.l.p.CommandLineTaskRunner$CommandLineProgressMonitor - 2512 nuclei detected (36%)
2024-10-22 22:56:30 INFO: 22:56:30.730 [task-runner-1-15] [INFO ] q.lib.plugins.DetectionPluginTools - 337 nuclei detected (processing time: 7.73 seconds)
2024-10-22 22:56:30 INFO: 22:56:30.731 [main] [INFO ] q.l.p.CommandLineTaskRunner$CommandLineProgressMonitor - 337 nuclei detected (36%)
2024-10-22 22:56:30 INFO: 22:56:30.918 [task-runner-1-10] [INFO ] q.lib.plugins.DetectionPluginTools - 121 nuclei detected (processing time: 7.42 seconds)
2024-10-22 22:56:30 INFO: 22:56:30.920 [main] [INFO ] q.l.p.CommandLineTaskRunner$CommandLineProgressMonitor - 121 nuclei detected (37%)
2024-10-22 22:56:30 INFO: 22:56:30.995 [task-runner-1-39] [INFO ] q.lib.plugins.DetectionPluginTools - 2767 nuclei detected (processing time: 21.72 seconds)
2024-10-22 22:56:30 INFO: 22:56:30.996 [main] [INFO ] q.l.p.CommandLineTaskRunner$CommandLineProgressMonitor - 2767 nuclei detected (38%)
2024-10-22 22:56:31 INFO: 22:56:31.164 [task-runner-1-7] [INFO ] q.lib.plugins.DetectionPluginTools - 102 nuclei detected (processing time: 8.16 seconds)
2024-10-22 22:56:31 INFO: 22:56:31.166 [main] [INFO ] q.l.p.CommandLineTaskRunner$CommandLineProgressMonitor - 102 nuclei detected (38%)
2024-10-22 22:56:31 INFO: 22:56:31.335 [task-runner-1-55] [INFO ] q.lib.plugins.DetectionPluginTools - 3081 nuclei detected (processing time: 22.06 seconds)
2024-10-22 22:56:31 INFO: 22:56:31.336 [main] [INFO ] q.l.p.CommandLineTaskRunner$CommandLineProgressMonitor - 3081 nuclei detected (39%)
2024-10-22 22:56:31 INFO: 22:56:31.855 [task-runner-1-48] [INFO ] q.lib.plugins.DetectionPluginTools - 414 nuclei detected (processing time: 8.85 seconds)
2024-10-22 22:56:31 INFO: 22:56:31.856 [main] [INFO ] q.l.p.CommandLineTaskRunner$CommandLineProgressMonitor - 414 nuclei detected (39%)
2024-10-22 22:56:31 INFO: 22:56:31.967 [task-runner-1-6] [INFO ] q.lib.plugins.DetectionPluginTools - 111 nuclei detected (processing time: 8.48 seconds)
2024-10-22 22:56:31 INFO: 22:56:31.970 [main] [INFO ] q.l.p.CommandLineTaskRunner$CommandLineProgressMonitor - 111 nuclei detected (40%)
2024-10-22 22:56:32 INFO: 22:56:32.084 [task-runner-1-62] [INFO ] q.lib.plugins.DetectionPluginTools - 76 nuclei detected (processing time: 8.10 seconds)
2024-10-22 22:56:32 INFO: 22:56:32.092 [main] [INFO ] q.l.p.CommandLineTaskRunner$CommandLineProgressMonitor - 76 nuclei detected (41%)
2024-10-22 22:56:32 INFO: 22:56:32.227 [task-runner-1-57] [INFO ] q.lib.plugins.DetectionPluginTools - 3091 nuclei detected (processing time: 22.95 seconds)
2024-10-22 22:56:32 INFO: 22:56:32.228 [main] [INFO ] q.l.p.CommandLineTaskRunner$CommandLineProgressMonitor - 3091 nuclei detected (41%)
2024-10-22 22:56:32 INFO: 22:56:32.390 [task-runner-1-33] [INFO ] q.lib.plugins.DetectionPluginTools - 3 nuclei detected (processing time: 8.36 seconds)
2024-10-22 22:56:32 INFO: 22:56:32.392 [main] [INFO ] q.l.p.CommandLineTaskRunner$CommandLineProgressMonitor - 3 nuclei detected (42%)
2024-10-22 22:56:32 INFO: 22:56:32.411 [task-runner-1-38] [INFO ] q.lib.plugins.DetectionPluginTools - 3744 nuclei detected (processing time: 23.14 seconds)
2024-10-22 22:56:32 INFO: 22:56:32.412 [main] [INFO ] q.l.p.CommandLineTaskRunner$CommandLineProgressMonitor - 3744 nuclei detected (43%)
2024-10-22 22:56:32 INFO: 22:56:32.420 [task-runner-1-47] [INFO ] q.lib.plugins.DetectionPluginTools - 174 nuclei detected (processing time: 8.93 seconds)
2024-10-22 22:56:32 INFO: 22:56:32.422 [main] [INFO ] q.l.p.CommandLineTaskRunner$CommandLineProgressMonitor - 174 nuclei detected (43%)
2024-10-22 22:56:32 INFO: 22:56:32.548 [task-runner-1-18] [INFO ] q.lib.plugins.DetectionPluginTools - 130 nuclei detected (processing time: 8.44 seconds)
2024-10-22 22:56:32 INFO: 22:56:32.550 [main] [INFO ] q.l.p.CommandLineTaskRunner$CommandLineProgressMonitor - 130 nuclei detected (44%)
2024-10-22 22:56:32 INFO: 22:56:32.685 [task-runner-1-56] [INFO ] q.lib.plugins.DetectionPluginTools - 3845 nuclei detected (processing time: 23.41 seconds)
2024-10-22 22:56:32 INFO: 22:56:32.686 [main] [INFO ] q.l.p.CommandLineTaskRunner$CommandLineProgressMonitor - 3845 nuclei detected (44%)
2024-10-22 22:56:33 INFO: 22:56:33.034 [task-runner-1-44] [INFO ] q.lib.plugins.DetectionPluginTools - 209 nuclei detected (processing time: 8.92 seconds)
2024-10-22 22:56:33 INFO: 22:56:33.036 [main] [INFO ] q.l.p.CommandLineTaskRunner$CommandLineProgressMonitor - 209 nuclei detected (45%)
2024-10-22 22:56:33 INFO: 22:56:33.110 [task-runner-1-61] [INFO ] q.lib.plugins.DetectionPluginTools - 144 nuclei detected (processing time: 9.03 seconds)
2024-10-22 22:56:33 INFO: 22:56:33.112 [main] [INFO ] q.l.p.CommandLineTaskRunner$CommandLineProgressMonitor - 144 nuclei detected (46%)
2024-10-22 22:56:33 INFO: 22:56:33.115 [task-runner-1-37] [INFO ] q.lib.plugins.DetectionPluginTools - 4374 nuclei detected (processing time: 23.84 seconds)
2024-10-22 22:56:33 INFO: 22:56:33.117 [main] [INFO ] q.l.p.CommandLineTaskRunner$CommandLineProgressMonitor - 4374 nuclei detected (46%)
2024-10-22 22:56:33 INFO: 22:56:33.261 [task-runner-1-54] [INFO ] q.lib.plugins.DetectionPluginTools - 4497 nuclei detected (processing time: 23.99 seconds)
2024-10-22 22:56:33 INFO: 22:56:33.262 [main] [INFO ] q.l.p.CommandLineTaskRunner$CommandLineProgressMonitor - 4497 nuclei detected (47%)
2024-10-22 22:56:34 INFO: 22:56:34.141 [task-runner-1-30] [INFO ] q.lib.plugins.DetectionPluginTools - 780 nuclei detected (processing time: 10.65 seconds)
2024-10-22 22:56:34 INFO: 22:56:34.144 [main] [INFO ] q.l.p.CommandLineTaskRunner$CommandLineProgressMonitor - 780 nuclei detected (48%)
2024-10-22 22:56:34 INFO: 22:56:34.834 [task-runner-1-1] [INFO ] q.lib.plugins.DetectionPluginTools - 40 nuclei detected (processing time: 6.98 seconds)
2024-10-22 22:56:34 INFO: 22:56:34.835 [main] [INFO ] q.l.p.CommandLineTaskRunner$CommandLineProgressMonitor - 40 nuclei detected (48%)
2024-10-22 22:56:35 INFO: 22:56:35.148 [task-runner-1-36] [INFO ] q.lib.plugins.DetectionPluginTools - 0 nuclei detected (processing time: 6.46 seconds)
2024-10-22 22:56:35 INFO: 22:56:35.152 [main] [INFO ] q.l.p.CommandLineTaskRunner$CommandLineProgressMonitor - 0 nuclei detected (49%)
2024-10-22 22:56:35 INFO: 22:56:35.253 [task-runner-1-11] [INFO ] q.lib.plugins.DetectionPluginTools - 698 nuclei detected (processing time: 11.77 seconds)
2024-10-22 22:56:35 INFO: 22:56:35.254 [main] [INFO ] q.l.p.CommandLineTaskRunner$CommandLineProgressMonitor - 698 nuclei detected (49%)
2024-10-22 22:56:35 INFO: 22:56:35.258 [task-runner-1-49] [INFO ] q.lib.plugins.DetectionPluginTools - 692 nuclei detected (processing time: 11.31 seconds)
2024-10-22 22:56:35 INFO: 22:56:35.258 [main] [INFO ] q.l.p.CommandLineTaskRunner$CommandLineProgressMonitor - 692 nuclei detected (50%)
2024-10-22 22:56:36 INFO: 22:56:36.579 [task-runner-1-40] [INFO ] q.lib.plugins.DetectionPluginTools - 302 nuclei detected (processing time: 7.47 seconds)
2024-10-22 22:56:36 INFO: 22:56:36.581 [main] [INFO ] q.l.p.CommandLineTaskRunner$CommandLineProgressMonitor - 302 nuclei detected (51%)
2024-10-22 22:56:36 INFO: 22:56:36.672 [task-runner-1-53] [INFO ] q.lib.plugins.DetectionPluginTools - 5945 nuclei detected (processing time: 27.40 seconds)
2024-10-22 22:56:36 INFO: 22:56:36.674 [main] [INFO ] q.l.p.CommandLineTaskRunner$CommandLineProgressMonitor - 5945 nuclei detected (51%)
2024-10-22 22:56:37 INFO: 22:56:37.087 [task-runner-1-59] [INFO ] q.lib.plugins.DetectionPluginTools - 230 nuclei detected (processing time: 7.93 seconds)
2024-10-22 22:56:37 INFO: 22:56:37.090 [main] [INFO ] q.l.p.CommandLineTaskRunner$CommandLineProgressMonitor - 230 nuclei detected (52%)
2024-10-22 22:56:37 INFO: 22:56:37.348 [task-runner-1-14] [INFO ] q.lib.plugins.DetectionPluginTools - 1356 nuclei detected (processing time: 13.87 seconds)
2024-10-22 22:56:37 INFO: 22:56:37.353 [main] [INFO ] q.l.p.CommandLineTaskRunner$CommandLineProgressMonitor - 1356 nuclei detected (53%)
2024-10-22 22:56:37 INFO: 22:56:37.900 [task-runner-1-6] [INFO ] q.lib.plugins.DetectionPluginTools - 0 nuclei detected (processing time: 5.93 seconds)
2024-10-22 22:56:37 INFO: 22:56:37.902 [main] [INFO ] q.l.p.CommandLineTaskRunner$CommandLineProgressMonitor - 0 nuclei detected (53%)
2024-10-22 22:56:38 INFO: 22:56:38.493 [task-runner-1-62] [INFO ] q.lib.plugins.DetectionPluginTools - 0 nuclei detected (processing time: 6.40 seconds)
2024-10-22 22:56:38 INFO: 22:56:38.494 [main] [INFO ] q.l.p.CommandLineTaskRunner$CommandLineProgressMonitor - 0 nuclei detected (54%)
2024-10-22 22:56:38 INFO: 22:56:38.714 [task-runner-1-47] [INFO ] q.lib.plugins.DetectionPluginTools - 2 nuclei detected (processing time: 6.29 seconds)
2024-10-22 22:56:38 INFO: 22:56:38.715 [main] [INFO ] q.l.p.CommandLineTaskRunner$CommandLineProgressMonitor - 2 nuclei detected (54%)
2024-10-22 22:56:39 INFO: 22:56:39.055 [task-runner-1-44] [INFO ] q.lib.plugins.DetectionPluginTools - 0 nuclei detected (processing time: 6.02 seconds)
2024-10-22 22:56:39 INFO: 22:56:39.057 [main] [INFO ] q.l.p.CommandLineTaskRunner$CommandLineProgressMonitor - 0 nuclei detected (55%)
2024-10-22 22:56:39 INFO: 22:56:39.158 [task-runner-1-18] [INFO ] q.lib.plugins.DetectionPluginTools - 11 nuclei detected (processing time: 6.61 seconds)
2024-10-22 22:56:39 INFO: 22:56:39.160 [main] [INFO ] q.l.p.CommandLineTaskRunner$CommandLineProgressMonitor - 11 nuclei detected (56%)
2024-10-22 22:56:39 INFO: 22:56:39.173 [task-runner-1-37] [INFO ] q.lib.plugins.DetectionPluginTools - 20 nuclei detected (processing time: 6.06 seconds)
2024-10-22 22:56:39 INFO: 22:56:39.175 [main] [INFO ] q.l.p.CommandLineTaskRunner$CommandLineProgressMonitor - 20 nuclei detected (56%)
2024-10-22 22:56:39 INFO: 22:56:39.270 [task-runner-1-61] [INFO ] q.lib.plugins.DetectionPluginTools - 0 nuclei detected (processing time: 6.16 seconds)
2024-10-22 22:56:39 INFO: 22:56:39.271 [main] [INFO ] q.l.p.CommandLineTaskRunner$CommandLineProgressMonitor - 0 nuclei detected (57%)
2024-10-22 22:56:39 INFO: 22:56:39.406 [task-runner-1-56] [INFO ] q.lib.plugins.DetectionPluginTools - 0 nuclei detected (processing time: 6.72 seconds)
2024-10-22 22:56:39 INFO: 22:56:39.424 [task-runner-1-52] [INFO ] q.lib.plugins.DetectionPluginTools - 267 nuclei detected (processing time: 10.05 seconds)
2024-10-22 22:56:39 INFO: 22:56:39.425 [main] [INFO ] q.l.p.CommandLineTaskRunner$CommandLineProgressMonitor - 267 nuclei detected (58%)
2024-10-22 22:56:39 INFO: 22:56:39.480 [task-runner-1-38] [INFO ] q.lib.plugins.DetectionPluginTools - 102 nuclei detected (processing time: 7.07 seconds)
2024-10-22 22:56:39 INFO: 22:56:39.483 [main] [INFO ] q.l.p.CommandLineTaskRunner$CommandLineProgressMonitor - 102 nuclei detected (59%)
2024-10-22 22:56:39 INFO: 22:56:39.616 [task-runner-1-57] [INFO ] q.lib.plugins.DetectionPluginTools - 108 nuclei detected (processing time: 7.39 seconds)
2024-10-22 22:56:39 INFO: 22:56:39.619 [main] [INFO ] q.l.p.CommandLineTaskRunner$CommandLineProgressMonitor - 108 nuclei detected (59%)
2024-10-22 22:56:39 INFO: 22:56:39.680 [task-runner-1-33] [INFO ] q.lib.plugins.DetectionPluginTools - 70 nuclei detected (processing time: 7.29 seconds)
2024-10-22 22:56:39 INFO: 22:56:39.685 [main] [INFO ] q.l.p.CommandLineTaskRunner$CommandLineProgressMonitor - 70 nuclei detected (60%)
2024-10-22 22:56:40 INFO: 22:56:40.452 [task-runner-1-48] [INFO ] q.lib.plugins.DetectionPluginTools - 1054 nuclei detected (processing time: 8.60 seconds)
2024-10-22 22:56:40 INFO: 22:56:40.456 [main] [INFO ] q.l.p.CommandLineTaskRunner$CommandLineProgressMonitor - 1054 nuclei detected (61%)
2024-10-22 22:56:40 INFO: 22:56:40.583 [task-runner-1-54] [INFO ] q.lib.plugins.DetectionPluginTools - 348 nuclei detected (processing time: 7.32 seconds)
2024-10-22 22:56:40 INFO: 22:56:40.585 [main] [INFO ] q.l.p.CommandLineTaskRunner$CommandLineProgressMonitor - 348 nuclei detected (61%)
2024-10-22 22:56:41 INFO: 22:56:41.780 [task-runner-1-11] [INFO ] q.lib.plugins.DetectionPluginTools - 0 nuclei detected (processing time: 6.53 seconds)
2024-10-22 22:56:41 INFO: 22:56:41.783 [main] [INFO ] q.l.p.CommandLineTaskRunner$CommandLineProgressMonitor - 0 nuclei detected (62%)
2024-10-22 22:56:41 INFO: 22:56:41.826 [task-runner-1-4] [INFO ] q.lib.plugins.DetectionPluginTools - 2593 nuclei detected (processing time: 18.81 seconds)
2024-10-22 22:56:41 INFO: 22:56:41.828 [main] [INFO ] q.l.p.CommandLineTaskRunner$CommandLineProgressMonitor - 2593 nuclei detected (63%)
2024-10-22 22:56:42 INFO: 22:56:42.048 [task-runner-1-49] [INFO ] q.lib.plugins.DetectionPluginTools - 0 nuclei detected (processing time: 6.79 seconds)
2024-10-22 22:56:42 INFO: 22:56:42.050 [main] [INFO ] q.l.p.CommandLineTaskRunner$CommandLineProgressMonitor - 0 nuclei detected (63%)
2024-10-22 22:56:42 INFO: 22:56:42.123 [task-runner-1-22] [INFO ] q.lib.plugins.DetectionPluginTools - 2194 nuclei detected (processing time: 14.84 seconds)
2024-10-22 22:56:42 INFO: 22:56:42.124 [main] [INFO ] q.l.p.CommandLineTaskRunner$CommandLineProgressMonitor - 2194 nuclei detected (64%)
2024-10-22 22:56:42 INFO: 22:56:42.851 [task-runner-1-40] [INFO ] q.lib.plugins.DetectionPluginTools - 0 nuclei detected (processing time: 6.27 seconds)
2024-10-22 22:56:42 INFO: 22:56:42.852 [main] [INFO ] q.l.p.CommandLineTaskRunner$CommandLineProgressMonitor - 0 nuclei detected (64%)
2024-10-22 22:56:43 INFO: 22:56:43.327 [task-runner-1-8] [INFO ] q.lib.plugins.DetectionPluginTools - 3145 nuclei detected (processing time: 19.85 seconds)
2024-10-22 22:56:43 INFO: 22:56:43.328 [main] [INFO ] q.l.p.CommandLineTaskRunner$CommandLineProgressMonitor - 3145 nuclei detected (65%)
2024-10-22 22:56:43 INFO: 22:56:43.563 [task-runner-1-53] [INFO ] q.lib.plugins.DetectionPluginTools - 6 nuclei detected (processing time: 6.89 seconds)
2024-10-22 22:56:43 INFO: 22:56:43.564 [main] [INFO ] q.l.p.CommandLineTaskRunner$CommandLineProgressMonitor - 6 nuclei detected (66%)
2024-10-22 22:56:43 INFO: 22:56:43.596 [task-runner-1-59] [INFO ] q.lib.plugins.DetectionPluginTools - 1 nucleus detected (processing time: 6.51 seconds)
2024-10-22 22:56:43 INFO: 22:56:43.597 [main] [INFO ] q.l.p.CommandLineTaskRunner$CommandLineProgressMonitor - 1 nucleus detected (66%)
2024-10-22 22:56:43 INFO: 22:56:43.685 [task-runner-1-30] [INFO ] q.lib.plugins.DetectionPluginTools - 1489 nuclei detected (processing time: 9.54 seconds)
2024-10-22 22:56:43 INFO: 22:56:43.685 [main] [INFO ] q.l.p.CommandLineTaskRunner$CommandLineProgressMonitor - 1489 nuclei detected (67%)
2024-10-22 22:56:44 INFO: 22:56:44.170 [task-runner-1-42] [INFO ] q.lib.plugins.DetectionPluginTools - 1254 nuclei detected (processing time: 14.32 seconds)
2024-10-22 22:56:44 INFO: 22:56:44.171 [main] [INFO ] q.l.p.CommandLineTaskRunner$CommandLineProgressMonitor - 1254 nuclei detected (68%)
2024-10-22 22:56:44 INFO: 22:56:44.185 [task-runner-1-29] [INFO ] q.lib.plugins.DetectionPluginTools - 2962 nuclei detected (processing time: 20.67 seconds)
2024-10-22 22:56:44 INFO: 22:56:44.185 [main] [INFO ] q.l.p.CommandLineTaskRunner$CommandLineProgressMonitor - 2962 nuclei detected (68%)
2024-10-22 22:56:44 INFO: 22:56:44.200 [task-runner-1-6] [INFO ] q.lib.plugins.DetectionPluginTools - 1 nucleus detected (processing time: 6.30 seconds)
2024-10-22 22:56:44 INFO: 22:56:44.201 [main] [INFO ] q.l.p.CommandLineTaskRunner$CommandLineProgressMonitor - 1 nucleus detected (69%)
2024-10-22 22:56:44 INFO: 22:56:44.235 [task-runner-1-47] [INFO ] q.lib.plugins.DetectionPluginTools - 0 nuclei detected (processing time: 5.52 seconds)
2024-10-22 22:56:44 INFO: 22:56:44.236 [main] [INFO ] q.l.p.CommandLineTaskRunner$CommandLineProgressMonitor - 0 nuclei detected (69%)
2024-10-22 22:56:44 INFO: 22:56:44.338 [task-runner-1-14] [INFO ] q.lib.plugins.DetectionPluginTools - 0 nuclei detected (processing time: 6.98 seconds)
2024-10-22 22:56:44 INFO: 22:56:44.338 [main] [INFO ] q.l.p.CommandLineTaskRunner$CommandLineProgressMonitor - 0 nuclei detected (70%)
2024-10-22 22:56:44 INFO: 22:56:44.347 [task-runner-1-35] [INFO ] q.lib.plugins.DetectionPluginTools - 2537 nuclei detected (processing time: 20.22 seconds)
2024-10-22 22:56:44 INFO: 22:56:44.348 [main] [INFO ] q.l.p.CommandLineTaskRunner$CommandLineProgressMonitor - 2537 nuclei detected (71%)
2024-10-22 22:56:44 INFO: 22:56:44.455 [task-runner-1-41] [INFO ] q.lib.plugins.DetectionPluginTools - 1260 nuclei detected (processing time: 14.21 seconds)
2024-10-22 22:56:44 INFO: 22:56:44.456 [main] [INFO ] q.l.p.CommandLineTaskRunner$CommandLineProgressMonitor - 1260 nuclei detected (71%)
2024-10-22 22:56:44 INFO: 22:56:44.514 [task-runner-1-62] [INFO ] q.lib.plugins.DetectionPluginTools - 1 nucleus detected (processing time: 6.02 seconds)
2024-10-22 22:56:44 INFO: 22:56:44.514 [main] [INFO ] q.l.p.CommandLineTaskRunner$CommandLineProgressMonitor - 1 nucleus detected (72%)
2024-10-22 22:56:44 INFO: 22:56:44.712 [task-runner-1-2] [INFO ] q.lib.plugins.DetectionPluginTools - 3239 nuclei detected (processing time: 21.23 seconds)
2024-10-22 22:56:44 INFO: 22:56:44.713 [main] [INFO ] q.l.p.CommandLineTaskRunner$CommandLineProgressMonitor - 3239 nuclei detected (73%)
2024-10-22 22:56:44 INFO: 22:56:44.716 [task-runner-1-45] [INFO ] q.lib.plugins.DetectionPluginTools - 2924 nuclei detected (processing time: 20.96 seconds)
2024-10-22 22:56:44 INFO: 22:56:44.717 [main] [INFO ] q.l.p.CommandLineTaskRunner$CommandLineProgressMonitor - 2924 nuclei detected (73%)
2024-10-22 22:56:44 INFO: 22:56:44.969 [task-runner-1-27] [INFO ] q.lib.plugins.DetectionPluginTools - 1956 nuclei detected (processing time: 15.30 seconds)
2024-10-22 22:56:44 INFO: 22:56:44.970 [main] [INFO ] q.l.p.CommandLineTaskRunner$CommandLineProgressMonitor - 1956 nuclei detected (74%)
2024-10-22 22:56:45 INFO: 22:56:45.007 [task-runner-1-9] [INFO ] q.lib.plugins.DetectionPluginTools - 3837 nuclei detected (processing time: 21.54 seconds)
2024-10-22 22:56:45 INFO: 22:56:45.008 [main] [INFO ] q.l.p.CommandLineTaskRunner$CommandLineProgressMonitor - 3837 nuclei detected (74%)
2024-10-22 22:56:45 INFO: 22:56:45.024 [task-runner-1-63] [INFO ] q.lib.plugins.DetectionPluginTools - 2389 nuclei detected (processing time: 21.10 seconds)
2024-10-22 22:56:45 INFO: 22:56:45.025 [main] [INFO ] q.l.p.CommandLineTaskRunner$CommandLineProgressMonitor - 2389 nuclei detected (75%)
2024-10-22 22:56:45 INFO: 22:56:45.257 [task-runner-1-38] [INFO ] q.lib.plugins.DetectionPluginTools - 0 nuclei detected (processing time: 5.77 seconds)
2024-10-22 22:56:45 INFO: 22:56:45.258 [main] [INFO ] q.l.p.CommandLineTaskRunner$CommandLineProgressMonitor - 0 nuclei detected (76%)
2024-10-22 22:56:45 INFO: 22:56:45.294 [task-runner-1-52] [INFO ] q.lib.plugins.DetectionPluginTools - 0 nuclei detected (processing time: 5.87 seconds)
2024-10-22 22:56:45 INFO: 22:56:45.294 [task-runner-1-3] [INFO ] q.lib.plugins.DetectionPluginTools - 3403 nuclei detected (processing time: 21.82 seconds)
2024-10-22 22:56:45 INFO: 22:56:45.294 [main] [INFO ] q.l.p.CommandLineTaskRunner$CommandLineProgressMonitor - 3403 nuclei detected (77%)
2024-10-22 22:56:45 INFO: 22:56:45.298 [task-runner-1-44] [INFO ] q.lib.plugins.DetectionPluginTools - 1 nucleus detected (processing time: 6.24 seconds)
2024-10-22 22:56:45 INFO: 22:56:45.298 [main] [INFO ] q.l.p.CommandLineTaskRunner$CommandLineProgressMonitor - 1 nucleus detected (78%)
2024-10-22 22:56:45 INFO: 22:56:45.480 [task-runner-1-33] [INFO ] q.lib.plugins.DetectionPluginTools - 0 nuclei detected (processing time: 5.79 seconds)
2024-10-22 22:56:45 INFO: 22:56:45.480 [main] [INFO ] q.l.p.CommandLineTaskRunner$CommandLineProgressMonitor - 0 nuclei detected (78%)
2024-10-22 22:56:45 INFO: 22:56:45.528 [task-runner-1-46] [INFO ] q.lib.plugins.DetectionPluginTools - 3381 nuclei detected (processing time: 21.85 seconds)
2024-10-22 22:56:45 INFO: 22:56:45.528 [main] [INFO ] q.l.p.CommandLineTaskRunner$CommandLineProgressMonitor - 3381 nuclei detected (79%)
2024-10-22 22:56:45 INFO: 22:56:45.537 [task-runner-1-18] [INFO ] q.lib.plugins.DetectionPluginTools - 1 nucleus detected (processing time: 6.38 seconds)
2024-10-22 22:56:45 INFO: 22:56:45.537 [main] [INFO ] q.l.p.CommandLineTaskRunner$CommandLineProgressMonitor - 1 nucleus detected (79%)
2024-10-22 22:56:45 INFO: 22:56:45.600 [task-runner-1-57] [INFO ] q.lib.plugins.DetectionPluginTools - 0 nuclei detected (processing time: 5.98 seconds)
2024-10-22 22:56:45 INFO: 22:56:45.600 [main] [INFO ] q.l.p.CommandLineTaskRunner$CommandLineProgressMonitor - 0 nuclei detected (80%)
2024-10-22 22:56:45 INFO: 22:56:45.615 [task-runner-1-34] [INFO ] q.lib.plugins.DetectionPluginTools - 2574 nuclei detected (processing time: 21.44 seconds)
2024-10-22 22:56:45 INFO: 22:56:45.615 [main] [INFO ] q.l.p.CommandLineTaskRunner$CommandLineProgressMonitor - 2574 nuclei detected (81%)
2024-10-22 22:56:45 INFO: 22:56:45.653 [task-runner-1-37] [INFO ] q.lib.plugins.DetectionPluginTools - 0 nuclei detected (processing time: 6.48 seconds)
2024-10-22 22:56:45 INFO: 22:56:45.653 [main] [INFO ] q.l.p.CommandLineTaskRunner$CommandLineProgressMonitor - 0 nuclei detected (81%)
2024-10-22 22:56:45 INFO: 22:56:45.705 [task-runner-1-61] [INFO ] q.lib.plugins.DetectionPluginTools - 1 nucleus detected (processing time: 6.43 seconds)
2024-10-22 22:56:45 INFO: 22:56:45.705 [main] [INFO ] q.l.p.CommandLineTaskRunner$CommandLineProgressMonitor - 1 nucleus detected (82%)
2024-10-22 22:56:45 INFO: 22:56:45.780 [task-runner-1-56] [INFO ] q.lib.plugins.DetectionPluginTools - 0 nuclei detected (processing time: 6.37 seconds)
2024-10-22 22:56:45 INFO: 22:56:45.781 [main] [INFO ] q.l.p.CommandLineTaskRunner$CommandLineProgressMonitor - 0 nuclei detected (83%)
2024-10-22 22:56:45 INFO: 22:56:45.834 [task-runner-1-48] [INFO ] q.lib.plugins.DetectionPluginTools - 0 nuclei detected (processing time: 5.38 seconds)
2024-10-22 22:56:45 INFO: 22:56:45.848 [task-runner-1-28] [INFO ] q.lib.plugins.DetectionPluginTools - 3627 nuclei detected (processing time: 22.23 seconds)
2024-10-22 22:56:45 INFO: 22:56:45.848 [main] [INFO ] q.l.p.CommandLineTaskRunner$CommandLineProgressMonitor - 3627 nuclei detected (84%)
2024-10-22 22:56:45 INFO: 22:56:45.882 [task-runner-1-21] [INFO ] q.lib.plugins.DetectionPluginTools - 1073 nuclei detected (processing time: 16.32 seconds)
2024-10-22 22:56:45 INFO: 22:56:45.882 [main] [INFO ] q.l.p.CommandLineTaskRunner$CommandLineProgressMonitor - 1073 nuclei detected (84%)
2024-10-22 22:56:45 INFO: 22:56:45.914 [task-runner-1-19] [INFO ] q.lib.plugins.DetectionPluginTools - 2772 nuclei detected (processing time: 21.99 seconds)
2024-10-22 22:56:45 INFO: 22:56:45.915 [main] [INFO ] q.l.p.CommandLineTaskRunner$CommandLineProgressMonitor - 2772 nuclei detected (85%)
2024-10-22 22:56:45 INFO: 22:56:45.962 [task-runner-1-12] [INFO ] q.lib.plugins.DetectionPluginTools - 5253 nuclei detected (processing time: 22.95 seconds)
2024-10-22 22:56:45 INFO: 22:56:45.963 [main] [INFO ] q.l.p.CommandLineTaskRunner$CommandLineProgressMonitor - 5253 nuclei detected (86%)
2024-10-22 22:56:46 INFO: 22:56:46.121 [task-runner-1-13] [INFO ] q.lib.plugins.DetectionPluginTools - 3255 nuclei detected (processing time: 22.60 seconds)
2024-10-22 22:56:46 INFO: 22:56:46.121 [main] [INFO ] q.l.p.CommandLineTaskRunner$CommandLineProgressMonitor - 3255 nuclei detected (86%)
2024-10-22 22:56:46 INFO: 22:56:46.146 [task-runner-1-16] [INFO ] q.lib.plugins.DetectionPluginTools - 4064 nuclei detected (processing time: 22.67 seconds)
2024-10-22 22:56:46 INFO: 22:56:46.147 [main] [INFO ] q.l.p.CommandLineTaskRunner$CommandLineProgressMonitor - 4064 nuclei detected (87%)
2024-10-22 22:56:46 INFO: 22:56:46.152 [task-runner-1-50] [INFO ] q.lib.plugins.DetectionPluginTools - 3473 nuclei detected (processing time: 22.00 seconds)
2024-10-22 22:56:46 INFO: 22:56:46.153 [main] [INFO ] q.l.p.CommandLineTaskRunner$CommandLineProgressMonitor - 3473 nuclei detected (88%)
2024-10-22 22:56:46 INFO: 22:56:46.225 [task-runner-1-25] [INFO ] q.lib.plugins.DetectionPluginTools - 2705 nuclei detected (processing time: 22.04 seconds)
2024-10-22 22:56:46 INFO: 22:56:46.225 [main] [INFO ] q.l.p.CommandLineTaskRunner$CommandLineProgressMonitor - 2705 nuclei detected (88%)
2024-10-22 22:56:46 INFO: 22:56:46.234 [task-runner-1-17] [INFO ] q.lib.plugins.DetectionPluginTools - 3804 nuclei detected (processing time: 22.76 seconds)
2024-10-22 22:56:46 INFO: 22:56:46.234 [main] [INFO ] q.l.p.CommandLineTaskRunner$CommandLineProgressMonitor - 3804 nuclei detected (89%)
2024-10-22 22:56:46 INFO: 22:56:46.323 [task-runner-1-5] [INFO ] q.lib.plugins.DetectionPluginTools - 3975 nuclei detected (processing time: 22.66 seconds)
2024-10-22 22:56:46 INFO: 22:56:46.323 [main] [INFO ] q.l.p.CommandLineTaskRunner$CommandLineProgressMonitor - 3975 nuclei detected (89%)
2024-10-22 22:56:46 INFO: 22:56:46.566 [task-runner-1-51] [INFO ] q.lib.plugins.DetectionPluginTools - 3433 nuclei detected (processing time: 19.64 seconds)
2024-10-22 22:56:46 INFO: 22:56:46.566 [main] [INFO ] q.l.p.CommandLineTaskRunner$CommandLineProgressMonitor - 3433 nuclei detected (90%)
2024-10-22 22:56:46 INFO: 22:56:46.590 [task-runner-1-31] [INFO ] q.lib.plugins.DetectionPluginTools - 4329 nuclei detected (processing time: 23.06 seconds)
2024-10-22 22:56:46 INFO: 22:56:46.590 [main] [INFO ] q.l.p.CommandLineTaskRunner$CommandLineProgressMonitor - 4329 nuclei detected (91%)
2024-10-22 22:56:46 INFO: 22:56:46.603 [task-runner-1-1] [INFO ] q.lib.plugins.DetectionPluginTools - 2248 nuclei detected (processing time: 11.77 seconds)
2024-10-22 22:56:46 INFO: 22:56:46.603 [main] [INFO ] q.l.p.CommandLineTaskRunner$CommandLineProgressMonitor - 2248 nuclei detected (91%)
2024-10-22 22:56:46 INFO: 22:56:46.639 [task-runner-1-26] [INFO ] q.lib.plugins.DetectionPluginTools - 3935 nuclei detected (processing time: 22.98 seconds)
2024-10-22 22:56:46 INFO: 22:56:46.640 [main] [INFO ] q.l.p.CommandLineTaskRunner$CommandLineProgressMonitor - 3935 nuclei detected (92%)
2024-10-22 22:56:46 INFO: 22:56:46.660 [task-runner-1-20] [INFO ] q.lib.plugins.DetectionPluginTools - 3535 nuclei detected (processing time: 22.27 seconds)
2024-10-22 22:56:46 INFO: 22:56:46.660 [main] [INFO ] q.l.p.CommandLineTaskRunner$CommandLineProgressMonitor - 3535 nuclei detected (93%)
2024-10-22 22:56:46 INFO: 22:56:46.672 [task-runner-1-43] [INFO ] q.lib.plugins.DetectionPluginTools - 3854 nuclei detected (processing time: 19.75 seconds)
2024-10-22 22:56:46 INFO: 22:56:46.673 [main] [INFO ] q.l.p.CommandLineTaskRunner$CommandLineProgressMonitor - 3854 nuclei detected (93%)
2024-10-22 22:56:46 INFO: 22:56:46.746 [task-runner-1-24] [INFO ] q.lib.plugins.DetectionPluginTools - 3403 nuclei detected (processing time: 19.82 seconds)
2024-10-22 22:56:46 INFO: 22:56:46.746 [main] [INFO ] q.l.p.CommandLineTaskRunner$CommandLineProgressMonitor - 3403 nuclei detected (94%)
2024-10-22 22:56:46 INFO: 22:56:46.762 [task-runner-1-58] [INFO ] q.lib.plugins.DetectionPluginTools - 2899 nuclei detected (processing time: 16.34 seconds)
2024-10-22 22:56:46 INFO: 22:56:46.763 [main] [INFO ] q.l.p.CommandLineTaskRunner$CommandLineProgressMonitor - 2899 nuclei detected (94%)
2024-10-22 22:56:46 INFO: 22:56:46.889 [task-runner-1-32] [INFO ] q.lib.plugins.DetectionPluginTools - 6525 nuclei detected (processing time: 23.43 seconds)
2024-10-22 22:56:46 INFO: 22:56:46.890 [main] [INFO ] q.l.p.CommandLineTaskRunner$CommandLineProgressMonitor - 6525 nuclei detected (95%)
2024-10-22 22:56:46 INFO: 22:56:46.969 [task-runner-1-60] [INFO ] q.lib.plugins.DetectionPluginTools - 5066 nuclei detected (processing time: 19.79 seconds)
2024-10-22 22:56:46 INFO: 22:56:46.970 [main] [INFO ] q.l.p.CommandLineTaskRunner$CommandLineProgressMonitor - 5066 nuclei detected (96%)
2024-10-22 22:56:46 INFO: 22:56:46.982 [task-runner-1-15] [INFO ] q.lib.plugins.DetectionPluginTools - 3795 nuclei detected (processing time: 16.25 seconds)
2024-10-22 22:56:46 INFO: 22:56:46.983 [main] [INFO ] q.l.p.CommandLineTaskRunner$CommandLineProgressMonitor - 3795 nuclei detected (96%)
2024-10-22 22:56:47 INFO: 22:56:47.043 [task-runner-1-36] [INFO ] q.lib.plugins.DetectionPluginTools - 2646 nuclei detected (processing time: 11.89 seconds)
2024-10-22 22:56:47 INFO: 22:56:47.044 [main] [INFO ] q.l.p.CommandLineTaskRunner$CommandLineProgressMonitor - 2646 nuclei detected (97%)
2024-10-22 22:56:47 INFO: 22:56:47.251 [task-runner-1-23] [INFO ] q.lib.plugins.DetectionPluginTools - 4480 nuclei detected (processing time: 20.33 seconds)
2024-10-22 22:56:47 INFO: 22:56:47.252 [main] [INFO ] q.l.p.CommandLineTaskRunner$CommandLineProgressMonitor - 4480 nuclei detected (98%)
2024-10-22 22:56:48 INFO: 22:56:48.271 [task-runner-1-55] [INFO ] q.lib.plugins.DetectionPluginTools - 4498 nuclei detected (processing time: 16.94 seconds)
2024-10-22 22:56:48 INFO: 22:56:48.271 [main] [INFO ] q.l.p.CommandLineTaskRunner$CommandLineProgressMonitor - 4498 nuclei detected (98%)
2024-10-22 22:56:48 INFO: 22:56:48.448 [task-runner-1-39] [INFO ] q.lib.plugins.DetectionPluginTools - 5389 nuclei detected (processing time: 17.44 seconds)
2024-10-22 22:56:48 INFO: 22:56:48.448 [main] [INFO ] q.l.p.CommandLineTaskRunner$CommandLineProgressMonitor - 5389 nuclei detected (99%)
2024-10-22 22:56:48 INFO: 22:56:48.540 [task-runner-1-10] [INFO ] q.lib.plugins.DetectionPluginTools - 5015 nuclei detected (processing time: 17.62 seconds)
2024-10-22 22:56:48 INFO: 22:56:48.540 [main] [INFO ] q.l.p.CommandLineTaskRunner$CommandLineProgressMonitor - 5015 nuclei detected (99%)
2024-10-22 22:56:48 INFO: 22:56:48.690 [task-runner-1-7] [INFO ] q.lib.plugins.DetectionPluginTools - 5421 nuclei detected (processing time: 17.52 seconds)
2024-10-22 22:56:48 INFO: 22:56:48.691 [main] [INFO ] q.l.p.CommandLineTaskRunner$CommandLineProgressMonitor - 5421 nuclei detected (100%)
2024-10-22 22:56:48 INFO: 22:56:48.691 [main] [INFO ] q.l.p.CommandLineTaskRunner$CommandLineProgressMonitor - Processing complete in 39.43 seconds
2024-10-22 22:56:48 INFO: 22:56:48.691 [main] [INFO ] q.l.p.CommandLineTaskRunner$CommandLineProgressMonitor - Tasks completed!
2024-10-22 22:56:57 INFO: 22:56:57.575 [main] [WARN ] q.l.p.objects.SmoothFeaturesPlugin - Smoothing using annotations
2024-10-22 22:57:01 INFO: 22:57:01.542 [main] [INFO ] q.l.p.CommandLineTaskRunner$CommandLineProgressMonitor - Completed (100%)
2024-10-22 22:57:01 INFO: 22:57:01.546 [main] [INFO ] q.l.p.CommandLineTaskRunner$CommandLineProgressMonitor - Processing complete in 3.97 seconds
2024-10-22 22:57:01 INFO: 22:57:01.546 [main] [INFO ] q.l.p.CommandLineTaskRunner$CommandLineProgressMonitor - Tasks completed!
2024-10-22 22:57:01 INFO: 22:57:01.559 [main] [WARN ] q.l.p.objects.SmoothFeaturesPlugin - Smoothing using annotations
2024-10-22 22:57:08 INFO: 22:57:08.823 [main] [INFO ] q.l.p.CommandLineTaskRunner$CommandLineProgressMonitor - Completed (100%)
2024-10-22 22:57:08 INFO: 22:57:08.823 [main] [INFO ] q.l.p.CommandLineTaskRunner$CommandLineProgressMonitor - Processing complete in 7.26 seconds
2024-10-22 22:57:08 INFO: 22:57:08.823 [main] [INFO ] q.l.p.CommandLineTaskRunner$CommandLineProgressMonitor - Tasks completed!
2024-10-22 22:57:08 INFO: 22:57:08.827 [main] [WARN ] q.l.p.objects.SmoothFeaturesPlugin - Smoothing using annotations
2024-10-22 22:57:26 INFO: 22:57:26.247 [main] [INFO ] q.l.p.CommandLineTaskRunner$CommandLineProgressMonitor - Completed (100%)
2024-10-22 22:57:26 INFO: 22:57:26.247 [main] [INFO ] q.l.p.CommandLineTaskRunner$CommandLineProgressMonitor - Processing complete in 17.42 seconds
2024-10-22 22:57:26 INFO: 22:57:26.247 [main] [INFO ] q.l.p.CommandLineTaskRunner$CommandLineProgressMonitor - Tasks completed!
2024-10-22 22:57:26 INFO: 22:57:26.458 [task-runner-5-2] [INFO ] q.l.a.IntensityFeaturesPlugin - Splitting Rectangle (0, 0, 63784, 39311) into 40 tiles for intensity measurements
2024-10-22 22:57:26 INFO: 22:57:26.671 [main] [INFO ] q.l.p.CommandLineTaskRunner$CommandLineProgressMonitor - Completed (0%)
2024-10-22 22:57:27 INFO: 22:57:27.360 [main] [INFO ] q.l.p.CommandLineTaskRunner$CommandLineProgressMonitor - Completed (1%)
2024-10-22 22:57:28 INFO: 22:57:28.055 [main] [INFO ] q.l.p.CommandLineTaskRunner$CommandLineProgressMonitor - Completed (2%)
2024-10-22 22:57:28 INFO: 22:57:28.207 [main] [INFO ] q.l.p.CommandLineTaskRunner$CommandLineProgressMonitor - Completed (3%)
2024-10-22 22:57:28 INFO: 22:57:28.374 [main] [INFO ] q.l.p.CommandLineTaskRunner$CommandLineProgressMonitor - Completed (4%)
2024-10-22 22:57:28 INFO: 22:57:28.538 [main] [INFO ] q.l.p.CommandLineTaskRunner$CommandLineProgressMonitor - Completed (5%)
2024-10-22 22:57:28 INFO: 22:57:28.648 [main] [INFO ] q.l.p.CommandLineTaskRunner$CommandLineProgressMonitor - Completed (6%)
2024-10-22 22:57:29 INFO: 22:57:29.091 [main] [INFO ] q.l.p.CommandLineTaskRunner$CommandLineProgressMonitor - Completed (7%)
2024-10-22 22:57:29 INFO: 22:57:29.191 [main] [INFO ] q.l.p.CommandLineTaskRunner$CommandLineProgressMonitor - Completed (8%)
2024-10-22 22:57:29 INFO: 22:57:29.278 [main] [INFO ] q.l.p.CommandLineTaskRunner$CommandLineProgressMonitor - Completed (9%)
2024-10-22 22:57:29 INFO: 22:57:29.376 [main] [INFO ] q.l.p.CommandLineTaskRunner$CommandLineProgressMonitor - Completed (10%)
2024-10-22 22:57:29 INFO: 22:57:29.477 [main] [INFO ] q.l.p.CommandLineTaskRunner$CommandLineProgressMonitor - Completed (11%)
2024-10-22 22:57:29 INFO: 22:57:29.586 [main] [INFO ] q.l.p.CommandLineTaskRunner$CommandLineProgressMonitor - Completed (12%)
2024-10-22 22:57:30 INFO: 22:57:30.027 [main] [INFO ] q.l.p.CommandLineTaskRunner$CommandLineProgressMonitor - Completed (13%)
2024-10-22 22:57:30 INFO: 22:57:30.130 [main] [INFO ] q.l.p.CommandLineTaskRunner$CommandLineProgressMonitor - Completed (14%)
2024-10-22 22:57:30 INFO: 22:57:30.270 [main] [INFO ] q.l.p.CommandLineTaskRunner$CommandLineProgressMonitor - Completed (15%)
2024-10-22 22:57:30 INFO: 22:57:30.373 [main] [INFO ] q.l.p.CommandLineTaskRunner$CommandLineProgressMonitor - Completed (16%)
2024-10-22 22:57:30 INFO: 22:57:30.473 [main] [INFO ] q.l.p.CommandLineTaskRunner$CommandLineProgressMonitor - Completed (17%)
2024-10-22 22:57:30 INFO: 22:57:30.860 [main] [INFO ] q.l.p.CommandLineTaskRunner$CommandLineProgressMonitor - Completed (18%)
2024-10-22 22:57:30 INFO: 22:57:30.964 [main] [INFO ] q.l.p.CommandLineTaskRunner$CommandLineProgressMonitor - Completed (19%)
2024-10-22 22:57:31 INFO: 22:57:31.068 [main] [INFO ] q.l.p.CommandLineTaskRunner$CommandLineProgressMonitor - Completed (20%)
2024-10-22 22:57:31 INFO: 22:57:31.173 [main] [INFO ] q.l.p.CommandLineTaskRunner$CommandLineProgressMonitor - Completed (21%)
2024-10-22 22:57:31 INFO: 22:57:31.281 [main] [INFO ] q.l.p.CommandLineTaskRunner$CommandLineProgressMonitor - Completed (22%)
2024-10-22 22:57:31 INFO: 22:57:31.370 [main] [INFO ] q.l.p.CommandLineTaskRunner$CommandLineProgressMonitor - Completed (23%)
2024-10-22 22:57:31 INFO: 22:57:31.457 [main] [INFO ] q.l.p.CommandLineTaskRunner$CommandLineProgressMonitor - Completed (24%)
2024-10-22 22:57:31 INFO: 22:57:31.550 [main] [INFO ] q.l.p.CommandLineTaskRunner$CommandLineProgressMonitor - Completed (25%)
2024-10-22 22:57:31 INFO: 22:57:31.670 [main] [INFO ] q.l.p.CommandLineTaskRunner$CommandLineProgressMonitor - Completed (26%)
2024-10-22 22:57:31 INFO: 22:57:31.853 [main] [INFO ] q.l.p.CommandLineTaskRunner$CommandLineProgressMonitor - Completed (27%)
2024-10-22 22:57:32 INFO: 22:57:32.125 [main] [INFO ] q.l.p.CommandLineTaskRunner$CommandLineProgressMonitor - Completed (28%)
2024-10-22 22:57:32 INFO: 22:57:32.268 [main] [INFO ] q.l.p.CommandLineTaskRunner$CommandLineProgressMonitor - Completed (29%)
2024-10-22 22:57:32 INFO: 22:57:32.392 [main] [INFO ] q.l.p.CommandLineTaskRunner$CommandLineProgressMonitor - Completed (30%)
2024-10-22 22:57:32 INFO: 22:57:32.499 [main] [INFO ] q.l.p.CommandLineTaskRunner$CommandLineProgressMonitor - Completed (31%)
2024-10-22 22:57:32 INFO: 22:57:32.595 [main] [INFO ] q.l.p.CommandLineTaskRunner$CommandLineProgressMonitor - Completed (32%)
2024-10-22 22:57:32 INFO: 22:57:32.700 [main] [INFO ] q.l.p.CommandLineTaskRunner$CommandLineProgressMonitor - Completed (33%)
2024-10-22 22:57:32 INFO: 22:57:32.785 [main] [INFO ] q.l.p.CommandLineTaskRunner$CommandLineProgressMonitor - Completed (34%)
2024-10-22 22:57:32 INFO: 22:57:32.884 [main] [INFO ] q.l.p.CommandLineTaskRunner$CommandLineProgressMonitor - Completed (35%)
2024-10-22 22:57:33 INFO: 22:57:33.024 [main] [INFO ] q.l.p.CommandLineTaskRunner$CommandLineProgressMonitor - Completed (36%)
2024-10-22 22:57:33 INFO: 22:57:33.164 [main] [INFO ] q.l.p.CommandLineTaskRunner$CommandLineProgressMonitor - Completed (37%)
2024-10-22 22:57:33 INFO: 22:57:33.307 [main] [INFO ] q.l.p.CommandLineTaskRunner$CommandLineProgressMonitor - Completed (38%)
2024-10-22 22:57:33 INFO: 22:57:33.430 [main] [INFO ] q.l.p.CommandLineTaskRunner$CommandLineProgressMonitor - Completed (39%)
2024-10-22 22:57:33 INFO: 22:57:33.551 [main] [INFO ] q.l.p.CommandLineTaskRunner$CommandLineProgressMonitor - Completed (40%)
2024-10-22 22:57:33 INFO: 22:57:33.692 [main] [INFO ] q.l.p.CommandLineTaskRunner$CommandLineProgressMonitor - Completed (41%)
2024-10-22 22:57:33 INFO: 22:57:33.835 [main] [INFO ] q.l.p.CommandLineTaskRunner$CommandLineProgressMonitor - Completed (42%)
2024-10-22 22:57:33 INFO: 22:57:33.983 [main] [INFO ] q.l.p.CommandLineTaskRunner$CommandLineProgressMonitor - Completed (43%)
2024-10-22 22:57:34 INFO: 22:57:34.132 [main] [INFO ] q.l.p.CommandLineTaskRunner$CommandLineProgressMonitor - Completed (44%)
2024-10-22 22:57:34 INFO: 22:57:34.347 [main] [INFO ] q.l.p.CommandLineTaskRunner$CommandLineProgressMonitor - Completed (45%)
2024-10-22 22:57:34 INFO: 22:57:34.441 [main] [INFO ] q.l.p.CommandLineTaskRunner$CommandLineProgressMonitor - Completed (46%)
2024-10-22 22:57:34 INFO: 22:57:34.558 [main] [INFO ] q.l.p.CommandLineTaskRunner$CommandLineProgressMonitor - Completed (47%)
2024-10-22 22:57:34 INFO: 22:57:34.679 [main] [INFO ] q.l.p.CommandLineTaskRunner$CommandLineProgressMonitor - Completed (48%)
2024-10-22 22:57:34 INFO: 22:57:34.777 [main] [INFO ] q.l.p.CommandLineTaskRunner$CommandLineProgressMonitor - Completed (49%)
2024-10-22 22:57:34 INFO: 22:57:34.870 [main] [INFO ] q.l.p.CommandLineTaskRunner$CommandLineProgressMonitor - Completed (50%)
2024-10-22 22:57:34 INFO: 22:57:34.959 [main] [INFO ] q.l.p.CommandLineTaskRunner$CommandLineProgressMonitor - Completed (51%)
2024-10-22 22:57:35 INFO: 22:57:35.049 [main] [INFO ] q.l.p.CommandLineTaskRunner$CommandLineProgressMonitor - Completed (52%)
2024-10-22 22:57:35 INFO: 22:57:35.149 [main] [INFO ] q.l.p.CommandLineTaskRunner$CommandLineProgressMonitor - Completed (53%)
2024-10-22 22:57:35 INFO: 22:57:35.250 [main] [INFO ] q.l.p.CommandLineTaskRunner$CommandLineProgressMonitor - Completed (54%)
2024-10-22 22:57:35 INFO: 22:57:35.348 [main] [INFO ] q.l.p.CommandLineTaskRunner$CommandLineProgressMonitor - Completed (55%)
2024-10-22 22:57:35 INFO: 22:57:35.446 [main] [INFO ] q.l.p.CommandLineTaskRunner$CommandLineProgressMonitor - Completed (56%)
2024-10-22 22:57:35 INFO: 22:57:35.544 [main] [INFO ] q.l.p.CommandLineTaskRunner$CommandLineProgressMonitor - Completed (57%)
2024-10-22 22:57:35 INFO: 22:57:35.642 [main] [INFO ] q.l.p.CommandLineTaskRunner$CommandLineProgressMonitor - Completed (58%)
2024-10-22 22:57:35 INFO: 22:57:35.740 [main] [INFO ] q.l.p.CommandLineTaskRunner$CommandLineProgressMonitor - Completed (59%)
2024-10-22 22:57:35 INFO: 22:57:35.889 [main] [INFO ] q.l.p.CommandLineTaskRunner$CommandLineProgressMonitor - Completed (60%)
2024-10-22 22:57:35 INFO: 22:57:35.984 [main] [INFO ] q.l.p.CommandLineTaskRunner$CommandLineProgressMonitor - Completed (61%)
2024-10-22 22:57:36 INFO: 22:57:36.077 [main] [INFO ] q.l.p.CommandLineTaskRunner$CommandLineProgressMonitor - Completed (62%)
2024-10-22 22:57:36 INFO: 22:57:36.178 [main] [INFO ] q.l.p.CommandLineTaskRunner$CommandLineProgressMonitor - Completed (63%)
2024-10-22 22:57:36 INFO: 22:57:36.304 [main] [INFO ] q.l.p.CommandLineTaskRunner$CommandLineProgressMonitor - Completed (64%)
2024-10-22 22:57:36 INFO: 22:57:36.403 [main] [INFO ] q.l.p.CommandLineTaskRunner$CommandLineProgressMonitor - Completed (65%)
2024-10-22 22:57:36 INFO: 22:57:36.493 [main] [INFO ] q.l.p.CommandLineTaskRunner$CommandLineProgressMonitor - Completed (66%)
2024-10-22 22:57:36 INFO: 22:57:36.587 [main] [INFO ] q.l.p.CommandLineTaskRunner$CommandLineProgressMonitor - Completed (67%)
2024-10-22 22:57:36 INFO: 22:57:36.689 [main] [INFO ] q.l.p.CommandLineTaskRunner$CommandLineProgressMonitor - Completed (68%)
2024-10-22 22:57:36 INFO: 22:57:36.792 [main] [INFO ] q.l.p.CommandLineTaskRunner$CommandLineProgressMonitor - Completed (69%)
2024-10-22 22:57:36 INFO: 22:57:36.896 [main] [INFO ] q.l.p.CommandLineTaskRunner$CommandLineProgressMonitor - Completed (70%)
2024-10-22 22:57:36 INFO: 22:57:36.994 [main] [INFO ] q.l.p.CommandLineTaskRunner$CommandLineProgressMonitor - Completed (71%)
2024-10-22 22:57:37 INFO: 22:57:37.095 [main] [INFO ] q.l.p.CommandLineTaskRunner$CommandLineProgressMonitor - Completed (72%)
2024-10-22 22:57:37 INFO: 22:57:37.190 [main] [INFO ] q.l.p.CommandLineTaskRunner$CommandLineProgressMonitor - Completed (73%)
2024-10-22 22:57:37 INFO: 22:57:37.289 [main] [INFO ] q.l.p.CommandLineTaskRunner$CommandLineProgressMonitor - Completed (74%)
2024-10-22 22:57:37 INFO: 22:57:37.383 [main] [INFO ] q.l.p.CommandLineTaskRunner$CommandLineProgressMonitor - Completed (75%)
2024-10-22 22:57:37 INFO: 22:57:37.472 [main] [INFO ] q.l.p.CommandLineTaskRunner$CommandLineProgressMonitor - Completed (76%)
2024-10-22 22:57:37 INFO: 22:57:37.560 [main] [INFO ] q.l.p.CommandLineTaskRunner$CommandLineProgressMonitor - Completed (77%)
2024-10-22 22:57:37 INFO: 22:57:37.653 [main] [INFO ] q.l.p.CommandLineTaskRunner$CommandLineProgressMonitor - Completed (78%)
2024-10-22 22:57:37 INFO: 22:57:37.743 [main] [INFO ] q.l.p.CommandLineTaskRunner$CommandLineProgressMonitor - Completed (79%)
2024-10-22 22:57:37 INFO: 22:57:37.832 [main] [INFO ] q.l.p.CommandLineTaskRunner$CommandLineProgressMonitor - Completed (80%)
2024-10-22 22:57:37 INFO: 22:57:37.995 [main] [INFO ] q.l.p.CommandLineTaskRunner$CommandLineProgressMonitor - Completed (81%)
2024-10-22 22:57:38 INFO: 22:57:38.127 [main] [INFO ] q.l.p.CommandLineTaskRunner$CommandLineProgressMonitor - Completed (82%)
2024-10-22 22:57:38 INFO: 22:57:38.223 [main] [INFO ] q.l.p.CommandLineTaskRunner$CommandLineProgressMonitor - Completed (83%)
2024-10-22 22:57:38 INFO: 22:57:38.320 [main] [INFO ] q.l.p.CommandLineTaskRunner$CommandLineProgressMonitor - Completed (84%)
2024-10-22 22:57:38 INFO: 22:57:38.411 [main] [INFO ] q.l.p.CommandLineTaskRunner$CommandLineProgressMonitor - Completed (85%)
2024-10-22 22:57:38 INFO: 22:57:38.501 [main] [INFO ] q.l.p.CommandLineTaskRunner$CommandLineProgressMonitor - Completed (86%)
2024-10-22 22:57:38 INFO: 22:57:38.588 [main] [INFO ] q.l.p.CommandLineTaskRunner$CommandLineProgressMonitor - Completed (87%)
2024-10-22 22:57:38 INFO: 22:57:38.690 [main] [INFO ] q.l.p.CommandLineTaskRunner$CommandLineProgressMonitor - Completed (88%)
2024-10-22 22:57:38 INFO: 22:57:38.785 [main] [INFO ] q.l.p.CommandLineTaskRunner$CommandLineProgressMonitor - Completed (89%)
2024-10-22 22:57:38 INFO: 22:57:38.884 [main] [INFO ] q.l.p.CommandLineTaskRunner$CommandLineProgressMonitor - Completed (90%)
2024-10-22 22:57:38 INFO: 22:57:38.982 [main] [INFO ] q.l.p.CommandLineTaskRunner$CommandLineProgressMonitor - Completed (91%)
2024-10-22 22:57:39 INFO: 22:57:39.076 [main] [INFO ] q.l.p.CommandLineTaskRunner$CommandLineProgressMonitor - Completed (92%)
2024-10-22 22:57:39 INFO: 22:57:39.174 [main] [INFO ] q.l.p.CommandLineTaskRunner$CommandLineProgressMonitor - Completed (93%)
2024-10-22 22:57:39 INFO: 22:57:39.263 [main] [INFO ] q.l.p.CommandLineTaskRunner$CommandLineProgressMonitor - Completed (94%)
2024-10-22 22:57:39 INFO: 22:57:39.362 [main] [INFO ] q.l.p.CommandLineTaskRunner$CommandLineProgressMonitor - Completed (95%)
2024-10-22 22:57:39 INFO: 22:57:39.449 [main] [INFO ] q.l.p.CommandLineTaskRunner$CommandLineProgressMonitor - Completed (96%)
2024-10-22 22:57:39 INFO: 22:57:39.540 [main] [INFO ] q.l.p.CommandLineTaskRunner$CommandLineProgressMonitor - Completed (97%)
2024-10-22 22:57:39 INFO: 22:57:39.648 [main] [INFO ] q.l.p.CommandLineTaskRunner$CommandLineProgressMonitor - Completed (98%)
2024-10-22 22:57:39 INFO: 22:57:39.740 [main] [INFO ] q.l.p.CommandLineTaskRunner$CommandLineProgressMonitor - Completed (99%)
2024-10-22 22:57:39 INFO: 22:57:39.833 [main] [INFO ] q.l.p.CommandLineTaskRunner$CommandLineProgressMonitor - Completed (100%)
2024-10-22 22:58:33 INFO: 22:58:33.255 [main] [INFO ] q.l.p.CommandLineTaskRunner$CommandLineProgressMonitor - Completed (100%)
2024-10-22 22:58:33 INFO: 22:58:33.256 [main] [INFO ] q.l.p.CommandLineTaskRunner$CommandLineProgressMonitor - Processing complete in 66.81 seconds
2024-10-22 22:58:33 INFO: 22:58:33.256 [main] [INFO ] q.l.p.CommandLineTaskRunner$CommandLineProgressMonitor - Tasks completed!
2024-10-22 23:00:32 INFO: 23:00:32.020 [task-runner-6-1] [WARN ] q.o.features.DelaunayTriangulation - Some objects have missing measurements! Statistics will calculated only for objects with measurements available.
2024-10-22 23:00:32 INFO: 23:00:32.020 [task-runner-6-1] [WARN ] q.o.features.DelaunayTriangulation - Missing measurements: [ROI: 1.00 m per pixel: Residual: Haralick Correlation (F2), ROI: 1.00 m per pixel: Residual: Haralick Information measure of correlation 1 (F11), ROI: 1.00 m per pixel: Residual: Haralick Information measure of correlation 2 (F12)]
2024-10-22 23:00:32 INFO: 23:00:32.052 [main] [INFO ] q.l.p.CommandLineTaskRunner$CommandLineProgressMonitor - Delaunay triangulation calculated for Annotation (188696 objects) (100%)
2024-10-22 23:00:32 INFO: 23:00:32.052 [main] [INFO ] q.l.p.CommandLineTaskRunner$CommandLineProgressMonitor - Processing complete in 118.76 seconds
2024-10-22 23:00:32 INFO: 23:00:32.052 [main] [INFO ] q.l.p.CommandLineTaskRunner$CommandLineProgressMonitor - Tasks completed!
2024-10-22 23:02:42 INFO: TCGA-GI-A2C8-01Z-00-DX1.09BD8AC9-645A-4C8B-9B36-77D833BDBA09
2024-10-22 23:02:42 INFO: QuPath subprocess completed.
2024-10-22 23:02:52 INFO: QuPath image extraction completed successfully. Output directory: /home/ilants/Documents/jupyter_test/single_image_multiple_params/exp_threshold_0.125
2024-10-22 23:02:52 INFO: Summary table saved to: /home/ilants/Documents/jupyter_test/single_image_multiple_params/exp_threshold_0.125/Summary_Table.csv
2024-10-22 23:02:52 INFO: Experiment completed successfully.
