2024-10-22 23:38:16 INFO: Starting experiment with for backgroundRadiusMicrons with value of 10.0
2024-10-22 23:38:16 INFO: Running with the following configuration:
{'detectionImageBrightfield': 'Hematoxylin OD', 'requestedPixelSizeMicrons': 0.5, 'backgroundRadiusMicrons': 10.0, 'backgroundByReconstruction': True, 'medianRadiusMicrons': 0.0, 'sigmaMicrons': 1.5, 'minAreaMicrons': 10.0, 'maxAreaMicrons': 80.0, 'threshold': 0.1, 'maxBackground': 2.0, 'watershedPostProcess': True, 'cellExpansionMicrons': 5.0, 'includeNuclei': True, 'smoothBoundaries': True, 'makeMeasurements': True, 'backgroundRadiusPixel': 8.0, 'cellExpansionPixel': 10.0, 'medianRadiusPixel': 0.0, 'minAreaPixel': 20.0, 'maxAreaPixel': 160.0}
2024-10-22 23:38:16 INFO: Starting QuPath image extraction with the following parameters: image_dir=/home/ilants/Documents/jupyter_test, output_dir=/home/ilants/Documents/jupyter_test/single_image_multiple_params/exp_backgroundRadiusMicrons_10.0, image_type=svs, groovy_script=/home/ilants/Documents/utls/nucleus_detection_wargs.groovy, config_file=/home/ilants/Documents/jupyter_test/single_image_multiple_params/exp_backgroundRadiusMicrons_10.0/cfg.json, program_path=/home/ilants/Documents/QuPath-v0.5.1-Linux/QuPath/bin/QuPath
2024-10-22 23:38:17 INFO: 23:38:17.720 [main] [INFO ] qupath.lib.gui.prefs.PathPrefs - Setting default Locale to en_US
2024-10-22 23:38:17 INFO: 23:38:17.723 [main] [INFO ] qupath.lib.gui.prefs.PathPrefs - Setting Locale for FORMAT to en_US
2024-10-22 23:38:17 INFO: 23:38:17.723 [main] [INFO ] qupath.lib.gui.prefs.PathPrefs - Setting Locale for DISPLAY to en_US
2024-10-22 23:38:17 INFO: 23:38:17.737 [main] [INFO ] qupath.lib.common.ThreadTools - Setting parallelism to 63
2024-10-22 23:38:17 INFO: 23:38:17.754 [main] [INFO ] qupath.ScriptCommand - Setting tile cache size to 32200.00 MB (25.0% max memory)
2024-10-22 23:38:17 INFO: 23:38:17.804 [main] [INFO ] qupath.lib.scripting.QP - Initializing type adapters
2024-10-22 23:38:17 INFO: Warning: Versions of org.bytedeco:javacpp:1.5.9 and org.bytedeco:opencv:4.6.0-1.5.8 do not match.
2024-10-22 23:38:17 INFO: Warning: Versions of org.bytedeco:javacpp:1.5.9 and org.bytedeco:openblas:0.3.21-1.5.8 do not match.
2024-10-22 23:38:19 INFO: project parameters are: {"detectionImageBrightfield": "Hematoxylin OD","requestedPixelSizeMicrons": 0.5,"backgroundRadiusMicrons": 10.0,"backgroundByReconstruction": true,"medianRadiusMicrons": 0.0,"sigmaMicrons": 1.5,"minAreaMicrons": 10.0,"maxAreaMicrons": 80.0,"threshold": 0.1,"maxBackground": 2.0,"watershedPostProcess": true,"cellExpansionMicrons": 5.0,"includeNuclei": true,"smoothBoundaries": true,"makeMeasurements": true,"backgroundRadiusPixel": 8.0,"cellExpansionPixel": 10.0,"medianRadiusPixel": 0.0,"minAreaPixel": 20.0,"maxAreaPixel": 160.0}
2024-10-22 23:38:19 INFO: New project created at: /home/ilants/Documents/jupyter_test/single_image_multiple_params/exp_backgroundRadiusMicrons_10.0/QPProject
2024-10-22 23:38:19 INFO: Added: /home/ilants/Documents/jupyter_test/TCGA-GI-A2C8-01Z-00-DX1.09BD8AC9-645A-4C8B-9B36-77D833BDBA09.svs
2024-10-22 23:38:19 INFO: /home/ilants/Documents/jupyter_test/TCGA-GI-A2C8-01Z-00-DX1.09BD8AC9-645A-4C8B-9B36-77D833BDBA09.svs
2024-10-22 23:38:19 INFO: 23:38:19.747 [main] [INFO ] q.l.i.s.b.BioFormatsServerOptions - Setting max Bio-Formats readers to 32
2024-10-22 23:38:20 INFO: UriImageSupport (class qupath.lib.images.servers.bioformats.BioFormatsServerBuilder) support=3.0, builders=1
2024-10-22 23:38:20 INFO: true
2024-10-22 23:38:20 INFO: 23:38:20.421 [main] [WARN ] qupath.lib.scripting.QP - createSelectAllObject(boolean) is deprecated, use createFullImageAnnotation(boolean) instead
2024-10-22 23:38:20 INFO: 23:38:20.421 [main] [WARN ] qupath.lib.scripting.QP - createSelectAllObject(boolean, int, int) is deprecated, use createFullImageAnnotation(boolean, int, int) instead
2024-10-22 23:38:20 INFO: 23:38:20.431 [main] [WARN ] q.l.plugins.parameters.ParameterList - Unable to set parameter backgroundRadiusPixel with value 8.0
2024-10-22 23:38:20 INFO: 23:38:20.431 [main] [WARN ] q.l.plugins.parameters.ParameterList - Unable to set parameter cellExpansionPixel with value 10.0
2024-10-22 23:38:20 INFO: 23:38:20.431 [main] [WARN ] q.l.plugins.parameters.ParameterList - Unable to set parameter medianRadiusPixel with value 0.0
2024-10-22 23:38:20 INFO: 23:38:20.431 [main] [WARN ] q.l.plugins.parameters.ParameterList - Unable to set parameter minAreaPixel with value 20.0
2024-10-22 23:38:20 INFO: 23:38:20.431 [main] [WARN ] q.l.plugins.parameters.ParameterList - Unable to set parameter maxAreaPixel with value 160.0
2024-10-22 23:38:35 INFO: 23:38:35.900 [task-runner-1-16] [INFO ] q.lib.plugins.DetectionPluginTools - 0 nuclei detected (processing time: 15.35 seconds)
2024-10-22 23:38:35 INFO: 23:38:35.900 [task-runner-1-12] [INFO ] q.lib.plugins.DetectionPluginTools - 0 nuclei detected (processing time: 15.35 seconds)
2024-10-22 23:38:35 INFO: 23:38:35.903 [task-runner-1-15] [INFO ] q.lib.plugins.DetectionPluginTools - 0 nuclei detected (processing time: 15.35 seconds)
2024-10-22 23:38:35 INFO: 23:38:35.901 [task-runner-1-1] [INFO ] q.lib.plugins.DetectionPluginTools - 0 nuclei detected (processing time: 15.35 seconds)
2024-10-22 23:38:35 INFO: 23:38:35.902 [task-runner-1-32] [INFO ] q.lib.plugins.DetectionPluginTools - 0 nuclei detected (processing time: 15.35 seconds)
2024-10-22 23:38:35 INFO: 23:38:35.904 [task-runner-1-3] [INFO ] q.lib.plugins.DetectionPluginTools - 0 nuclei detected (processing time: 15.35 seconds)
2024-10-22 23:38:35 INFO: 23:38:35.907 [task-runner-1-4] [INFO ] q.lib.plugins.DetectionPluginTools - 0 nuclei detected (processing time: 15.36 seconds)
2024-10-22 23:38:35 INFO: 23:38:35.907 [task-runner-1-48] [INFO ] q.lib.plugins.DetectionPluginTools - 0 nuclei detected (processing time: 15.35 seconds)
2024-10-22 23:38:35 INFO: 23:38:35.909 [main] [INFO ] q.l.p.CommandLineTaskRunner$CommandLineProgressMonitor - 0 nuclei detected (1%)
2024-10-22 23:38:35 INFO: 23:38:35.909 [main] [INFO ] q.l.p.CommandLineTaskRunner$CommandLineProgressMonitor - 0 nuclei detected (2%)
2024-10-22 23:38:35 INFO: 23:38:35.909 [main] [INFO ] q.l.p.CommandLineTaskRunner$CommandLineProgressMonitor - 0 nuclei detected (3%)
2024-10-22 23:38:35 INFO: 23:38:35.909 [main] [INFO ] q.l.p.CommandLineTaskRunner$CommandLineProgressMonitor - 0 nuclei detected (4%)
2024-10-22 23:38:35 INFO: 23:38:35.909 [main] [INFO ] q.l.p.CommandLineTaskRunner$CommandLineProgressMonitor - 0 nuclei detected (5%)
2024-10-22 23:38:35 INFO: 23:38:35.912 [task-runner-1-7] [INFO ] q.lib.plugins.DetectionPluginTools - 1 nucleus detected (processing time: 15.36 seconds)
2024-10-22 23:38:35 INFO: 23:38:35.912 [main] [INFO ] q.l.p.CommandLineTaskRunner$CommandLineProgressMonitor - 1 nucleus detected (6%)
2024-10-22 23:38:35 INFO: 23:38:35.913 [task-runner-1-27] [INFO ] q.lib.plugins.DetectionPluginTools - 1 nucleus detected (processing time: 15.36 seconds)
2024-10-22 23:38:35 INFO: 23:38:35.914 [task-runner-1-8] [INFO ] q.lib.plugins.DetectionPluginTools - 2 nuclei detected (processing time: 15.36 seconds)
2024-10-22 23:38:35 INFO: 23:38:35.916 [main] [INFO ] q.l.p.CommandLineTaskRunner$CommandLineProgressMonitor - 2 nuclei detected (7%)
2024-10-22 23:38:35 INFO: 23:38:35.917 [task-runner-1-30] [INFO ] q.lib.plugins.DetectionPluginTools - 1 nucleus detected (processing time: 15.36 seconds)
2024-10-22 23:38:35 INFO: 23:38:35.917 [task-runner-1-10] [INFO ] q.lib.plugins.DetectionPluginTools - 1 nucleus detected (processing time: 15.36 seconds)
2024-10-22 23:38:35 INFO: 23:38:35.917 [task-runner-1-14] [INFO ] q.lib.plugins.DetectionPluginTools - 2 nuclei detected (processing time: 15.36 seconds)
2024-10-22 23:38:35 INFO: 23:38:35.918 [main] [INFO ] q.l.p.CommandLineTaskRunner$CommandLineProgressMonitor - 1 nucleus detected (8%)
2024-10-22 23:38:35 INFO: 23:38:35.918 [main] [INFO ] q.l.p.CommandLineTaskRunner$CommandLineProgressMonitor - 2 nuclei detected (9%)
2024-10-22 23:38:35 INFO: 23:38:35.918 [task-runner-1-11] [INFO ] q.lib.plugins.DetectionPluginTools - 1 nucleus detected (processing time: 15.37 seconds)
2024-10-22 23:38:35 INFO: 23:38:35.918 [main] [INFO ] q.l.p.CommandLineTaskRunner$CommandLineProgressMonitor - 1 nucleus detected (9%)
2024-10-22 23:38:35 INFO: 23:38:35.919 [task-runner-1-17] [INFO ] q.lib.plugins.DetectionPluginTools - 3 nuclei detected (processing time: 15.37 seconds)
2024-10-22 23:38:35 INFO: 23:38:35.919 [main] [INFO ] q.l.p.CommandLineTaskRunner$CommandLineProgressMonitor - 3 nuclei detected (10%)
2024-10-22 23:38:35 INFO: 23:38:35.931 [task-runner-1-29] [INFO ] q.lib.plugins.DetectionPluginTools - 5 nuclei detected (processing time: 15.38 seconds)
2024-10-22 23:38:35 INFO: 23:38:35.932 [task-runner-1-2] [INFO ] q.lib.plugins.DetectionPluginTools - 2 nuclei detected (processing time: 15.38 seconds)
2024-10-22 23:38:35 INFO: 23:38:35.932 [main] [INFO ] q.l.p.CommandLineTaskRunner$CommandLineProgressMonitor - 5 nuclei detected (11%)
2024-10-22 23:38:35 INFO: 23:38:35.932 [main] [INFO ] q.l.p.CommandLineTaskRunner$CommandLineProgressMonitor - 2 nuclei detected (11%)
2024-10-22 23:38:35 INFO: 23:38:35.939 [task-runner-1-6] [INFO ] q.lib.plugins.DetectionPluginTools - 6 nuclei detected (processing time: 15.39 seconds)
2024-10-22 23:38:35 INFO: 23:38:35.939 [main] [INFO ] q.l.p.CommandLineTaskRunner$CommandLineProgressMonitor - 6 nuclei detected (12%)
2024-10-22 23:38:35 INFO: 23:38:35.947 [task-runner-1-9] [INFO ] q.lib.plugins.DetectionPluginTools - 0 nuclei detected (processing time: 15.39 seconds)
2024-10-22 23:38:35 INFO: 23:38:35.948 [main] [INFO ] q.l.p.CommandLineTaskRunner$CommandLineProgressMonitor - 0 nuclei detected (13%)
2024-10-22 23:38:35 INFO: 23:38:35.948 [task-runner-1-13] [INFO ] q.lib.plugins.DetectionPluginTools - 9 nuclei detected (processing time: 15.40 seconds)
2024-10-22 23:38:35 INFO: 23:38:35.948 [main] [INFO ] q.l.p.CommandLineTaskRunner$CommandLineProgressMonitor - 9 nuclei detected (13%)
2024-10-22 23:38:35 INFO: 23:38:35.952 [task-runner-1-47] [INFO ] q.lib.plugins.DetectionPluginTools - 7 nuclei detected (processing time: 15.39 seconds)
2024-10-22 23:38:35 INFO: 23:38:35.953 [main] [INFO ] q.l.p.CommandLineTaskRunner$CommandLineProgressMonitor - 7 nuclei detected (14%)
2024-10-22 23:38:35 INFO: 23:38:35.998 [task-runner-1-31] [INFO ] q.lib.plugins.DetectionPluginTools - 19 nuclei detected (processing time: 15.44 seconds)
2024-10-22 23:38:36 INFO: 23:38:35.999 [main] [INFO ] q.l.p.CommandLineTaskRunner$CommandLineProgressMonitor - 19 nuclei detected (14%)
2024-10-22 23:38:36 INFO: 23:38:36.010 [task-runner-1-28] [INFO ] q.lib.plugins.DetectionPluginTools - 27 nuclei detected (processing time: 15.44 seconds)
2024-10-22 23:38:36 INFO: 23:38:36.017 [main] [INFO ] q.l.p.CommandLineTaskRunner$CommandLineProgressMonitor - 27 nuclei detected (15%)
2024-10-22 23:38:36 INFO: 23:38:36.011 [task-runner-1-46] [INFO ] q.lib.plugins.DetectionPluginTools - 58 nuclei detected (processing time: 15.45 seconds)
2024-10-22 23:38:36 INFO: 23:38:36.018 [main] [INFO ] q.l.p.CommandLineTaskRunner$CommandLineProgressMonitor - 58 nuclei detected (16%)
2024-10-22 23:38:36 INFO: 23:38:36.096 [task-runner-1-49] [INFO ] q.lib.plugins.DetectionPluginTools - 137 nuclei detected (processing time: 15.54 seconds)
2024-10-22 23:38:36 INFO: 23:38:36.098 [main] [INFO ] q.l.p.CommandLineTaskRunner$CommandLineProgressMonitor - 137 nuclei detected (16%)
2024-10-22 23:38:36 INFO: 23:38:36.108 [task-runner-1-5] [INFO ] q.lib.plugins.DetectionPluginTools - 69 nuclei detected (processing time: 15.56 seconds)
2024-10-22 23:38:36 INFO: 23:38:36.110 [main] [INFO ] q.l.p.CommandLineTaskRunner$CommandLineProgressMonitor - 69 nuclei detected (17%)
2024-10-22 23:38:36 INFO: 23:38:36.135 [task-runner-1-45] [INFO ] q.lib.plugins.DetectionPluginTools - 161 nuclei detected (processing time: 15.58 seconds)
2024-10-22 23:38:36 INFO: 23:38:36.137 [main] [INFO ] q.l.p.CommandLineTaskRunner$CommandLineProgressMonitor - 161 nuclei detected (18%)
2024-10-22 23:38:36 INFO: 23:38:36.366 [task-runner-1-61] [INFO ] q.lib.plugins.DetectionPluginTools - 234 nuclei detected (processing time: 15.81 seconds)
2024-10-22 23:38:36 INFO: 23:38:36.370 [main] [INFO ] q.l.p.CommandLineTaskRunner$CommandLineProgressMonitor - 234 nuclei detected (18%)
2024-10-22 23:38:36 INFO: 23:38:36.372 [task-runner-1-18] [INFO ] q.lib.plugins.DetectionPluginTools - 279 nuclei detected (processing time: 15.82 seconds)
2024-10-22 23:38:36 INFO: 23:38:36.373 [main] [INFO ] q.l.p.CommandLineTaskRunner$CommandLineProgressMonitor - 279 nuclei detected (19%)
2024-10-22 23:38:36 INFO: 23:38:36.374 [task-runner-1-62] [INFO ] q.lib.plugins.DetectionPluginTools - 229 nuclei detected (processing time: 15.81 seconds)
2024-10-22 23:38:36 INFO: 23:38:36.374 [main] [INFO ] q.l.p.CommandLineTaskRunner$CommandLineProgressMonitor - 229 nuclei detected (19%)
2024-10-22 23:38:36 INFO: 23:38:36.392 [task-runner-1-50] [INFO ] q.lib.plugins.DetectionPluginTools - 365 nuclei detected (processing time: 15.83 seconds)
2024-10-22 23:38:36 INFO: 23:38:36.394 [main] [INFO ] q.l.p.CommandLineTaskRunner$CommandLineProgressMonitor - 365 nuclei detected (20%)
2024-10-22 23:38:36 INFO: 23:38:36.423 [task-runner-1-34] [INFO ] q.lib.plugins.DetectionPluginTools - 484 nuclei detected (processing time: 15.87 seconds)
2024-10-22 23:38:36 INFO: 23:38:36.425 [main] [INFO ] q.l.p.CommandLineTaskRunner$CommandLineProgressMonitor - 484 nuclei detected (21%)
2024-10-22 23:38:38 INFO: 23:38:38.522 [task-runner-1-26] [INFO ] q.lib.plugins.DetectionPluginTools - 91 nuclei detected (processing time: 17.97 seconds)
2024-10-22 23:38:38 INFO: 23:38:38.525 [main] [INFO ] q.l.p.CommandLineTaskRunner$CommandLineProgressMonitor - 91 nuclei detected (21%)
2024-10-22 23:38:38 INFO: 23:38:38.778 [task-runner-1-19] [INFO ] q.lib.plugins.DetectionPluginTools - 166 nuclei detected (processing time: 18.22 seconds)
2024-10-22 23:38:38 INFO: 23:38:38.779 [main] [INFO ] q.l.p.CommandLineTaskRunner$CommandLineProgressMonitor - 166 nuclei detected (22%)
2024-10-22 23:38:38 INFO: 23:38:38.794 [task-runner-1-63] [INFO ] q.lib.plugins.DetectionPluginTools - 159 nuclei detected (processing time: 18.23 seconds)
2024-10-22 23:38:38 INFO: 23:38:38.797 [main] [INFO ] q.l.p.CommandLineTaskRunner$CommandLineProgressMonitor - 159 nuclei detected (23%)
2024-10-22 23:38:38 INFO: 23:38:38.808 [task-runner-1-33] [INFO ] q.lib.plugins.DetectionPluginTools - 244 nuclei detected (processing time: 18.25 seconds)
2024-10-22 23:38:38 INFO: 23:38:38.822 [main] [INFO ] q.l.p.CommandLineTaskRunner$CommandLineProgressMonitor - 244 nuclei detected (23%)
2024-10-22 23:38:39 INFO: 23:38:39.112 [task-runner-1-35] [INFO ] q.lib.plugins.DetectionPluginTools - 304 nuclei detected (processing time: 18.55 seconds)
2024-10-22 23:38:39 INFO: 23:38:39.114 [main] [INFO ] q.l.p.CommandLineTaskRunner$CommandLineProgressMonitor - 304 nuclei detected (24%)
2024-10-22 23:38:39 INFO: 23:38:39.163 [task-runner-1-44] [INFO ] q.lib.plugins.DetectionPluginTools - 353 nuclei detected (processing time: 18.61 seconds)
2024-10-22 23:38:39 INFO: 23:38:39.169 [main] [INFO ] q.l.p.CommandLineTaskRunner$CommandLineProgressMonitor - 353 nuclei detected (24%)
2024-10-22 23:38:39 INFO: 23:38:39.171 [task-runner-1-25] [INFO ] q.lib.plugins.DetectionPluginTools - 533 nuclei detected (processing time: 18.62 seconds)
2024-10-22 23:38:39 INFO: 23:38:39.171 [main] [INFO ] q.l.p.CommandLineTaskRunner$CommandLineProgressMonitor - 533 nuclei detected (25%)
2024-10-22 23:38:39 INFO: 23:38:39.293 [task-runner-1-20] [INFO ] q.lib.plugins.DetectionPluginTools - 732 nuclei detected (processing time: 18.74 seconds)
2024-10-22 23:38:39 INFO: 23:38:39.310 [main] [INFO ] q.l.p.CommandLineTaskRunner$CommandLineProgressMonitor - 732 nuclei detected (26%)
2024-10-22 23:38:39 INFO: 23:38:39.413 [task-runner-1-51] [INFO ] q.lib.plugins.DetectionPluginTools - 1001 nuclei detected (processing time: 18.85 seconds)
2024-10-22 23:38:39 INFO: 23:38:39.417 [main] [INFO ] q.l.p.CommandLineTaskRunner$CommandLineProgressMonitor - 1001 nuclei detected (26%)
2024-10-22 23:38:39 INFO: 23:38:39.486 [task-runner-1-24] [INFO ] q.lib.plugins.DetectionPluginTools - 1125 nuclei detected (processing time: 18.93 seconds)
2024-10-22 23:38:39 INFO: 23:38:39.490 [main] [INFO ] q.l.p.CommandLineTaskRunner$CommandLineProgressMonitor - 1125 nuclei detected (27%)
2024-10-22 23:38:39 INFO: 23:38:39.500 [task-runner-1-43] [INFO ] q.lib.plugins.DetectionPluginTools - 1161 nuclei detected (processing time: 18.94 seconds)
2024-10-22 23:38:39 INFO: 23:38:39.501 [main] [INFO ] q.l.p.CommandLineTaskRunner$CommandLineProgressMonitor - 1161 nuclei detected (28%)
2024-10-22 23:38:39 INFO: 23:38:39.516 [task-runner-1-23] [INFO ] q.lib.plugins.DetectionPluginTools - 1182 nuclei detected (processing time: 18.96 seconds)
2024-10-22 23:38:39 INFO: 23:38:39.517 [main] [INFO ] q.l.p.CommandLineTaskRunner$CommandLineProgressMonitor - 1182 nuclei detected (28%)
2024-10-22 23:38:39 INFO: 23:38:39.645 [task-runner-1-22] [INFO ] q.lib.plugins.DetectionPluginTools - 1691 nuclei detected (processing time: 19.09 seconds)
2024-10-22 23:38:39 INFO: 23:38:39.647 [main] [INFO ] q.l.p.CommandLineTaskRunner$CommandLineProgressMonitor - 1691 nuclei detected (29%)
2024-10-22 23:38:39 INFO: 23:38:39.655 [task-runner-1-60] [INFO ] q.lib.plugins.DetectionPluginTools - 1437 nuclei detected (processing time: 19.10 seconds)
2024-10-22 23:38:39 INFO: 23:38:39.656 [main] [INFO ] q.l.p.CommandLineTaskRunner$CommandLineProgressMonitor - 1437 nuclei detected (29%)
2024-10-22 23:38:41 INFO: 23:38:41.382 [task-runner-1-21] [INFO ] q.lib.plugins.DetectionPluginTools - 4078 nuclei detected (processing time: 20.83 seconds)
2024-10-22 23:38:41 INFO: 23:38:41.383 [main] [INFO ] q.l.p.CommandLineTaskRunner$CommandLineProgressMonitor - 4078 nuclei detected (30%)
2024-10-22 23:38:41 INFO: 23:38:41.998 [task-runner-1-36] [INFO ] q.lib.plugins.DetectionPluginTools - 3082 nuclei detected (processing time: 21.44 seconds)
2024-10-22 23:38:42 INFO: 23:38:42.000 [main] [INFO ] q.l.p.CommandLineTaskRunner$CommandLineProgressMonitor - 3082 nuclei detected (31%)
2024-10-22 23:38:43 INFO: 23:38:43.779 [task-runner-1-52] [INFO ] q.lib.plugins.DetectionPluginTools - 2782 nuclei detected (processing time: 23.22 seconds)
2024-10-22 23:38:43 INFO: 23:38:43.782 [main] [INFO ] q.l.p.CommandLineTaskRunner$CommandLineProgressMonitor - 2782 nuclei detected (31%)
2024-10-22 23:38:44 INFO: 23:38:44.078 [task-runner-1-39] [INFO ] q.lib.plugins.DetectionPluginTools - 3205 nuclei detected (processing time: 23.52 seconds)
2024-10-22 23:38:44 INFO: 23:38:44.094 [main] [INFO ] q.l.p.CommandLineTaskRunner$CommandLineProgressMonitor - 3205 nuclei detected (32%)
2024-10-22 23:38:44 INFO: 23:38:44.120 [task-runner-1-16] [INFO ] q.lib.plugins.DetectionPluginTools - 1 nucleus detected (processing time: 8.22 seconds)
2024-10-22 23:38:44 INFO: 23:38:44.122 [main] [INFO ] q.l.p.CommandLineTaskRunner$CommandLineProgressMonitor - 1 nucleus detected (33%)
2024-10-22 23:38:44 INFO: 23:38:44.160 [task-runner-1-40] [INFO ] q.lib.plugins.DetectionPluginTools - 2614 nuclei detected (processing time: 23.60 seconds)
2024-10-22 23:38:44 INFO: 23:38:44.162 [main] [INFO ] q.l.p.CommandLineTaskRunner$CommandLineProgressMonitor - 2614 nuclei detected (33%)
2024-10-22 23:38:44 INFO: 23:38:44.188 [task-runner-1-29] [INFO ] q.lib.plugins.DetectionPluginTools - 0 nuclei detected (processing time: 8.25 seconds)
2024-10-22 23:38:44 INFO: 23:38:44.192 [main] [INFO ] q.l.p.CommandLineTaskRunner$CommandLineProgressMonitor - 0 nuclei detected (34%)
2024-10-22 23:38:44 INFO: 23:38:44.232 [task-runner-1-59] [INFO ] q.lib.plugins.DetectionPluginTools - 3081 nuclei detected (processing time: 23.67 seconds)
2024-10-22 23:38:44 INFO: 23:38:44.234 [main] [INFO ] q.l.p.CommandLineTaskRunner$CommandLineProgressMonitor - 3081 nuclei detected (34%)
2024-10-22 23:38:44 INFO: 23:38:44.352 [task-runner-1-42] [INFO ] q.lib.plugins.DetectionPluginTools - 2988 nuclei detected (processing time: 23.79 seconds)
2024-10-22 23:38:44 INFO: 23:38:44.353 [main] [INFO ] q.l.p.CommandLineTaskRunner$CommandLineProgressMonitor - 2988 nuclei detected (35%)
2024-10-22 23:38:44 INFO: 23:38:44.640 [task-runner-1-41] [INFO ] q.lib.plugins.DetectionPluginTools - 3020 nuclei detected (processing time: 24.08 seconds)
2024-10-22 23:38:44 INFO: 23:38:44.642 [main] [INFO ] q.l.p.CommandLineTaskRunner$CommandLineProgressMonitor - 3020 nuclei detected (36%)
2024-10-22 23:38:45 INFO: 23:38:45.305 [task-runner-1-17] [INFO ] q.lib.plugins.DetectionPluginTools - 233 nuclei detected (processing time: 9.39 seconds)
2024-10-22 23:38:45 INFO: 23:38:45.306 [main] [INFO ] q.l.p.CommandLineTaskRunner$CommandLineProgressMonitor - 233 nuclei detected (36%)
2024-10-22 23:38:45 INFO: 23:38:45.311 [task-runner-1-2] [INFO ] q.lib.plugins.DetectionPluginTools - 119 nuclei detected (processing time: 9.38 seconds)
2024-10-22 23:38:45 INFO: 23:38:45.312 [main] [INFO ] q.l.p.CommandLineTaskRunner$CommandLineProgressMonitor - 119 nuclei detected (37%)
2024-10-22 23:38:45 INFO: 23:38:45.382 [task-runner-1-34] [INFO ] q.lib.plugins.DetectionPluginTools - 3 nuclei detected (processing time: 8.96 seconds)
2024-10-22 23:38:45 INFO: 23:38:45.384 [main] [INFO ] q.l.p.CommandLineTaskRunner$CommandLineProgressMonitor - 3 nuclei detected (38%)
2024-10-22 23:38:45 INFO: 23:38:45.441 [task-runner-1-12] [INFO ] q.lib.plugins.DetectionPluginTools - 129 nuclei detected (processing time: 9.54 seconds)
2024-10-22 23:38:45 INFO: 23:38:45.443 [main] [INFO ] q.l.p.CommandLineTaskRunner$CommandLineProgressMonitor - 129 nuclei detected (38%)
2024-10-22 23:38:45 INFO: 23:38:45.494 [task-runner-1-38] [INFO ] q.lib.plugins.DetectionPluginTools - 4396 nuclei detected (processing time: 24.94 seconds)
2024-10-22 23:38:45 INFO: 23:38:45.496 [main] [INFO ] q.l.p.CommandLineTaskRunner$CommandLineProgressMonitor - 4396 nuclei detected (39%)
2024-10-22 23:38:45 INFO: 23:38:45.584 [task-runner-1-6] [INFO ] q.lib.plugins.DetectionPluginTools - 146 nuclei detected (processing time: 9.65 seconds)
2024-10-22 23:38:45 INFO: 23:38:45.585 [main] [INFO ] q.l.p.CommandLineTaskRunner$CommandLineProgressMonitor - 146 nuclei detected (39%)
2024-10-22 23:38:45 INFO: 23:38:45.702 [task-runner-1-55] [INFO ] q.lib.plugins.DetectionPluginTools - 3737 nuclei detected (processing time: 25.14 seconds)
2024-10-22 23:38:45 INFO: 23:38:45.704 [main] [INFO ] q.l.p.CommandLineTaskRunner$CommandLineProgressMonitor - 3737 nuclei detected (40%)
2024-10-22 23:38:45 INFO: 23:38:45.764 [task-runner-1-15] [INFO ] q.lib.plugins.DetectionPluginTools - 495 nuclei detected (processing time: 9.86 seconds)
2024-10-22 23:38:45 INFO: 23:38:45.765 [main] [INFO ] q.l.p.CommandLineTaskRunner$CommandLineProgressMonitor - 495 nuclei detected (41%)
2024-10-22 23:38:45 INFO: 23:38:45.841 [task-runner-1-50] [INFO ] q.lib.plugins.DetectionPluginTools - 116 nuclei detected (processing time: 9.45 seconds)
2024-10-22 23:38:45 INFO: 23:38:45.846 [main] [INFO ] q.l.p.CommandLineTaskRunner$CommandLineProgressMonitor - 116 nuclei detected (41%)
2024-10-22 23:38:45 INFO: 23:38:45.914 [task-runner-1-1] [INFO ] q.lib.plugins.DetectionPluginTools - 610 nuclei detected (processing time: 10.01 seconds)
2024-10-22 23:38:45 INFO: 23:38:45.915 [main] [INFO ] q.l.p.CommandLineTaskRunner$CommandLineProgressMonitor - 610 nuclei detected (42%)
2024-10-22 23:38:46 INFO: 23:38:46.693 [task-runner-1-57] [INFO ] q.lib.plugins.DetectionPluginTools - 3621 nuclei detected (processing time: 26.13 seconds)
2024-10-22 23:38:46 INFO: 23:38:46.694 [main] [INFO ] q.l.p.CommandLineTaskRunner$CommandLineProgressMonitor - 3621 nuclei detected (43%)
2024-10-22 23:38:47 INFO: 23:38:47.084 [task-runner-1-37] [INFO ] q.lib.plugins.DetectionPluginTools - 4910 nuclei detected (processing time: 26.53 seconds)
2024-10-22 23:38:47 INFO: 23:38:47.085 [main] [INFO ] q.l.p.CommandLineTaskRunner$CommandLineProgressMonitor - 4910 nuclei detected (43%)
2024-10-22 23:38:47 INFO: 23:38:47.678 [task-runner-1-11] [INFO ] q.lib.plugins.DetectionPluginTools - 826 nuclei detected (processing time: 11.76 seconds)
2024-10-22 23:38:47 INFO: 23:38:47.680 [main] [INFO ] q.l.p.CommandLineTaskRunner$CommandLineProgressMonitor - 826 nuclei detected (44%)
2024-10-22 23:38:47 INFO: 23:38:47.824 [task-runner-1-58] [INFO ] q.lib.plugins.DetectionPluginTools - 3331 nuclei detected (processing time: 27.26 seconds)
2024-10-22 23:38:47 INFO: 23:38:47.826 [main] [INFO ] q.l.p.CommandLineTaskRunner$CommandLineProgressMonitor - 3331 nuclei detected (44%)
2024-10-22 23:38:48 INFO: 23:38:48.023 [task-runner-1-9] [INFO ] q.lib.plugins.DetectionPluginTools - 1084 nuclei detected (processing time: 12.08 seconds)
2024-10-22 23:38:48 INFO: 23:38:48.024 [main] [INFO ] q.l.p.CommandLineTaskRunner$CommandLineProgressMonitor - 1084 nuclei detected (45%)
2024-10-22 23:38:48 INFO: 23:38:48.059 [task-runner-1-53] [INFO ] q.lib.plugins.DetectionPluginTools - 7148 nuclei detected (processing time: 27.50 seconds)
2024-10-22 23:38:48 INFO: 23:38:48.061 [main] [INFO ] q.l.p.CommandLineTaskRunner$CommandLineProgressMonitor - 7148 nuclei detected (46%)
2024-10-22 23:38:48 INFO: 23:38:48.193 [task-runner-1-19] [INFO ] q.lib.plugins.DetectionPluginTools - 155 nuclei detected (processing time: 9.41 seconds)
2024-10-22 23:38:48 INFO: 23:38:48.194 [main] [INFO ] q.l.p.CommandLineTaskRunner$CommandLineProgressMonitor - 155 nuclei detected (46%)
2024-10-22 23:38:48 INFO: 23:38:48.248 [task-runner-1-63] [INFO ] q.lib.plugins.DetectionPluginTools - 254 nuclei detected (processing time: 9.45 seconds)
2024-10-22 23:38:48 INFO: 23:38:48.252 [main] [INFO ] q.l.p.CommandLineTaskRunner$CommandLineProgressMonitor - 254 nuclei detected (47%)
2024-10-22 23:38:48 INFO: 23:38:48.629 [task-runner-1-26] [INFO ] q.lib.plugins.DetectionPluginTools - 157 nuclei detected (processing time: 10.10 seconds)
2024-10-22 23:38:48 INFO: 23:38:48.631 [main] [INFO ] q.l.p.CommandLineTaskRunner$CommandLineProgressMonitor - 157 nuclei detected (48%)
2024-10-22 23:38:48 INFO: 23:38:48.648 [task-runner-1-56] [INFO ] q.lib.plugins.DetectionPluginTools - 4271 nuclei detected (processing time: 28.09 seconds)
2024-10-22 23:38:48 INFO: 23:38:48.649 [main] [INFO ] q.l.p.CommandLineTaskRunner$CommandLineProgressMonitor - 4271 nuclei detected (48%)
2024-10-22 23:38:49 INFO: 23:38:49.147 [task-runner-1-54] [INFO ] q.lib.plugins.DetectionPluginTools - 5021 nuclei detected (processing time: 28.59 seconds)
2024-10-22 23:38:49 INFO: 23:38:49.148 [main] [INFO ] q.l.p.CommandLineTaskRunner$CommandLineProgressMonitor - 5021 nuclei detected (49%)
2024-10-22 23:38:49 INFO: 23:38:49.608 [task-runner-1-36] [INFO ] q.lib.plugins.DetectionPluginTools - 1 nucleus detected (processing time: 7.61 seconds)
2024-10-22 23:38:49 INFO: 23:38:49.609 [main] [INFO ] q.l.p.CommandLineTaskRunner$CommandLineProgressMonitor - 1 nucleus detected (49%)
2024-10-22 23:38:49 INFO: 23:38:49.645 [task-runner-1-21] [INFO ] q.lib.plugins.DetectionPluginTools - 69 nuclei detected (processing time: 8.26 seconds)
2024-10-22 23:38:49 INFO: 23:38:49.647 [main] [INFO ] q.l.p.CommandLineTaskRunner$CommandLineProgressMonitor - 69 nuclei detected (50%)
2024-10-22 23:38:49 INFO: 23:38:49.863 [task-runner-1-62] [INFO ] q.lib.plugins.DetectionPluginTools - 1114 nuclei detected (processing time: 13.49 seconds)
2024-10-22 23:38:49 INFO: 23:38:49.865 [main] [INFO ] q.l.p.CommandLineTaskRunner$CommandLineProgressMonitor - 1114 nuclei detected (51%)
2024-10-22 23:38:51 INFO: 23:38:51.682 [task-runner-1-14] [INFO ] q.lib.plugins.DetectionPluginTools - 1773 nuclei detected (processing time: 15.76 seconds)
2024-10-22 23:38:51 INFO: 23:38:51.686 [main] [INFO ] q.l.p.CommandLineTaskRunner$CommandLineProgressMonitor - 1773 nuclei detected (51%)
2024-10-22 23:38:52 INFO: 23:38:52.856 [task-runner-1-15] [INFO ] q.lib.plugins.DetectionPluginTools - 0 nuclei detected (processing time: 7.09 seconds)
2024-10-22 23:38:52 INFO: 23:38:52.858 [main] [INFO ] q.l.p.CommandLineTaskRunner$CommandLineProgressMonitor - 0 nuclei detected (52%)
2024-10-22 23:38:52 INFO: 23:38:52.927 [task-runner-1-39] [INFO ] q.lib.plugins.DetectionPluginTools - 285 nuclei detected (processing time: 8.83 seconds)
2024-10-22 23:38:52 INFO: 23:38:52.931 [main] [INFO ] q.l.p.CommandLineTaskRunner$CommandLineProgressMonitor - 285 nuclei detected (53%)
2024-10-22 23:38:53 INFO: 23:38:53.146 [task-runner-1-52] [INFO ] q.lib.plugins.DetectionPluginTools - 398 nuclei detected (processing time: 9.36 seconds)
2024-10-22 23:38:53 INFO: 23:38:53.148 [main] [INFO ] q.l.p.CommandLineTaskRunner$CommandLineProgressMonitor - 398 nuclei detected (53%)
2024-10-22 23:38:53 INFO: 23:38:53.975 [task-runner-1-55] [INFO ] q.lib.plugins.DetectionPluginTools - 0 nuclei detected (processing time: 8.27 seconds)
2024-10-22 23:38:53 INFO: 23:38:53.977 [main] [INFO ] q.l.p.CommandLineTaskRunner$CommandLineProgressMonitor - 0 nuclei detected (54%)
2024-10-22 23:38:54 INFO: 23:38:54.488 [task-runner-1-37] [INFO ] q.lib.plugins.DetectionPluginTools - 3 nuclei detected (processing time: 7.40 seconds)
2024-10-22 23:38:54 INFO: 23:38:54.490 [main] [INFO ] q.l.p.CommandLineTaskRunner$CommandLineProgressMonitor - 3 nuclei detected (54%)
2024-10-22 23:38:54 INFO: 23:38:54.849 [task-runner-1-50] [INFO ] q.lib.plugins.DetectionPluginTools - 115 nuclei detected (processing time: 9.00 seconds)
2024-10-22 23:38:54 INFO: 23:38:54.851 [main] [INFO ] q.l.p.CommandLineTaskRunner$CommandLineProgressMonitor - 115 nuclei detected (55%)
2024-10-22 23:38:55 INFO: 23:38:55.047 [task-runner-1-16] [INFO ] q.lib.plugins.DetectionPluginTools - 346 nuclei detected (processing time: 10.92 seconds)
2024-10-22 23:38:55 INFO: 23:38:55.049 [main] [INFO ] q.l.p.CommandLineTaskRunner$CommandLineProgressMonitor - 346 nuclei detected (56%)
2024-10-22 23:38:55 INFO: 23:38:55.075 [task-runner-1-32] [INFO ] q.lib.plugins.DetectionPluginTools - 3089 nuclei detected (processing time: 19.17 seconds)
2024-10-22 23:38:55 INFO: 23:38:55.078 [main] [INFO ] q.l.p.CommandLineTaskRunner$CommandLineProgressMonitor - 3089 nuclei detected (56%)
2024-10-22 23:38:55 INFO: 23:38:55.135 [task-runner-1-60] [INFO ] q.lib.plugins.DetectionPluginTools - 2527 nuclei detected (processing time: 15.48 seconds)
2024-10-22 23:38:55 INFO: 23:38:55.140 [main] [INFO ] q.l.p.CommandLineTaskRunner$CommandLineProgressMonitor - 2527 nuclei detected (57%)
2024-10-22 23:38:55 INFO: 23:38:55.465 [task-runner-1-1] [INFO ] q.lib.plugins.DetectionPluginTools - 82 nuclei detected (processing time: 9.55 seconds)
2024-10-22 23:38:55 INFO: 23:38:55.469 [main] [INFO ] q.l.p.CommandLineTaskRunner$CommandLineProgressMonitor - 82 nuclei detected (57%)
2024-10-22 23:38:55 INFO: 23:38:55.749 [task-runner-1-53] [INFO ] q.lib.plugins.DetectionPluginTools - 0 nuclei detected (processing time: 7.69 seconds)
2024-10-22 23:38:55 INFO: 23:38:55.751 [main] [INFO ] q.l.p.CommandLineTaskRunner$CommandLineProgressMonitor - 0 nuclei detected (58%)
2024-10-22 23:38:55 INFO: 23:38:55.781 [task-runner-1-11] [INFO ] q.lib.plugins.DetectionPluginTools - 12 nuclei detected (processing time: 8.10 seconds)
2024-10-22 23:38:55 INFO: 23:38:55.783 [main] [INFO ] q.l.p.CommandLineTaskRunner$CommandLineProgressMonitor - 12 nuclei detected (59%)
2024-10-22 23:38:55 INFO: 23:38:55.872 [task-runner-1-57] [INFO ] q.lib.plugins.DetectionPluginTools - 114 nuclei detected (processing time: 9.18 seconds)
2024-10-22 23:38:55 INFO: 23:38:55.874 [main] [INFO ] q.l.p.CommandLineTaskRunner$CommandLineProgressMonitor - 114 nuclei detected (59%)
2024-10-22 23:38:56 INFO: 23:38:56.189 [task-runner-1-6] [INFO ] q.lib.plugins.DetectionPluginTools - 1428 nuclei detected (processing time: 10.60 seconds)
2024-10-22 23:38:56 INFO: 23:38:56.192 [main] [INFO ] q.l.p.CommandLineTaskRunner$CommandLineProgressMonitor - 1428 nuclei detected (60%)
2024-10-22 23:38:56 INFO: 23:38:56.219 [task-runner-1-58] [INFO ] q.lib.plugins.DetectionPluginTools - 0 nuclei detected (processing time: 8.39 seconds)
2024-10-22 23:38:56 INFO: 23:38:56.221 [main] [INFO ] q.l.p.CommandLineTaskRunner$CommandLineProgressMonitor - 0 nuclei detected (61%)
2024-10-22 23:38:56 INFO: 23:38:56.281 [task-runner-1-19] [INFO ] q.lib.plugins.DetectionPluginTools - 39 nuclei detected (processing time: 8.09 seconds)
2024-10-22 23:38:56 INFO: 23:38:56.283 [main] [INFO ] q.l.p.CommandLineTaskRunner$CommandLineProgressMonitor - 39 nuclei detected (61%)
2024-10-22 23:38:56 INFO: 23:38:56.993 [task-runner-1-9] [INFO ] q.lib.plugins.DetectionPluginTools - 0 nuclei detected (processing time: 8.97 seconds)
2024-10-22 23:38:56 INFO: 23:38:56.994 [main] [INFO ] q.l.p.CommandLineTaskRunner$CommandLineProgressMonitor - 0 nuclei detected (62%)
2024-10-22 23:38:57 INFO: 23:38:57.578 [task-runner-1-36] [INFO ] q.lib.plugins.DetectionPluginTools - 0 nuclei detected (processing time: 7.97 seconds)
2024-10-22 23:38:57 INFO: 23:38:57.579 [main] [INFO ] q.l.p.CommandLineTaskRunner$CommandLineProgressMonitor - 0 nuclei detected (63%)
2024-10-22 23:38:57 INFO: 23:38:57.780 [task-runner-1-21] [INFO ] q.lib.plugins.DetectionPluginTools - 0 nuclei detected (processing time: 8.13 seconds)
2024-10-22 23:38:57 INFO: 23:38:57.824 [task-runner-1-63] [INFO ] q.lib.plugins.DetectionPluginTools - 487 nuclei detected (processing time: 9.57 seconds)
2024-10-22 23:38:57 INFO: 23:38:57.825 [main] [INFO ] q.l.p.CommandLineTaskRunner$CommandLineProgressMonitor - 487 nuclei detected (64%)
2024-10-22 23:38:58 INFO: 23:38:58.252 [task-runner-1-13] [INFO ] q.lib.plugins.DetectionPluginTools - 3428 nuclei detected (processing time: 22.30 seconds)
2024-10-22 23:38:58 INFO: 23:38:58.254 [main] [INFO ] q.l.p.CommandLineTaskRunner$CommandLineProgressMonitor - 3428 nuclei detected (64%)
2024-10-22 23:38:58 INFO: 23:38:58.414 [task-runner-1-62] [INFO ] q.lib.plugins.DetectionPluginTools - 0 nuclei detected (processing time: 8.55 seconds)
2024-10-22 23:38:58 INFO: 23:38:58.416 [main] [INFO ] q.l.p.CommandLineTaskRunner$CommandLineProgressMonitor - 0 nuclei detected (65%)
2024-10-22 23:38:58 INFO: 23:38:58.692 [task-runner-1-40] [INFO ] q.lib.plugins.DetectionPluginTools - 1431 nuclei detected (processing time: 14.53 seconds)
2024-10-22 23:38:58 INFO: 23:38:58.694 [main] [INFO ] q.l.p.CommandLineTaskRunner$CommandLineProgressMonitor - 1431 nuclei detected (66%)
2024-10-22 23:38:58 INFO: 23:38:58.809 [task-runner-1-30] [INFO ] q.lib.plugins.DetectionPluginTools - 3578 nuclei detected (processing time: 22.89 seconds)
2024-10-22 23:38:58 INFO: 23:38:58.810 [main] [INFO ] q.l.p.CommandLineTaskRunner$CommandLineProgressMonitor - 3578 nuclei detected (66%)
2024-10-22 23:38:59 INFO: 23:38:59.100 [task-runner-1-61] [INFO ] q.lib.plugins.DetectionPluginTools - 3325 nuclei detected (processing time: 22.73 seconds)
2024-10-22 23:38:59 INFO: 23:38:59.101 [main] [INFO ] q.l.p.CommandLineTaskRunner$CommandLineProgressMonitor - 3325 nuclei detected (67%)
2024-10-22 23:38:59 INFO: 23:38:59.127 [task-runner-1-42] [INFO ] q.lib.plugins.DetectionPluginTools - 1560 nuclei detected (processing time: 14.78 seconds)
2024-10-22 23:38:59 INFO: 23:38:59.128 [main] [INFO ] q.l.p.CommandLineTaskRunner$CommandLineProgressMonitor - 1560 nuclei detected (68%)
2024-10-22 23:38:59 INFO: 23:38:59.170 [task-runner-1-45] [INFO ] q.lib.plugins.DetectionPluginTools - 4063 nuclei detected (processing time: 23.03 seconds)
2024-10-22 23:38:59 INFO: 23:38:59.170 [main] [INFO ] q.l.p.CommandLineTaskRunner$CommandLineProgressMonitor - 4063 nuclei detected (68%)
2024-10-22 23:38:59 INFO: 23:38:59.186 [task-runner-1-18] [INFO ] q.lib.plugins.DetectionPluginTools - 2666 nuclei detected (processing time: 22.81 seconds)
2024-10-22 23:38:59 INFO: 23:38:59.187 [main] [INFO ] q.l.p.CommandLineTaskRunner$CommandLineProgressMonitor - 2666 nuclei detected (69%)
2024-10-22 23:38:59 INFO: 23:38:59.588 [task-runner-1-15] [INFO ] q.lib.plugins.DetectionPluginTools - 1 nucleus detected (processing time: 6.73 seconds)
2024-10-22 23:38:59 INFO: 23:38:59.589 [main] [INFO ] q.l.p.CommandLineTaskRunner$CommandLineProgressMonitor - 1 nucleus detected (69%)
2024-10-22 23:38:59 INFO: 23:38:59.593 [task-runner-1-44] [INFO ] q.lib.plugins.DetectionPluginTools - 3070 nuclei detected (processing time: 20.42 seconds)
2024-10-22 23:38:59 INFO: 23:38:59.594 [main] [INFO ] q.l.p.CommandLineTaskRunner$CommandLineProgressMonitor - 3070 nuclei detected (70%)
2024-10-22 23:38:59 INFO: 23:38:59.608 [task-runner-1-14] [INFO ] q.lib.plugins.DetectionPluginTools - 9 nuclei detected (processing time: 7.92 seconds)
2024-10-22 23:38:59 INFO: 23:38:59.608 [main] [INFO ] q.l.p.CommandLineTaskRunner$CommandLineProgressMonitor - 9 nuclei detected (71%)
2024-10-22 23:38:59 INFO: 23:38:59.703 [task-runner-1-10] [INFO ] q.lib.plugins.DetectionPluginTools - 3789 nuclei detected (processing time: 23.79 seconds)
2024-10-22 23:38:59 INFO: 23:38:59.703 [main] [INFO ] q.l.p.CommandLineTaskRunner$CommandLineProgressMonitor - 3789 nuclei detected (71%)
2024-10-22 23:38:59 INFO: 23:38:59.787 [task-runner-1-8] [INFO ] q.lib.plugins.DetectionPluginTools - 4129 nuclei detected (processing time: 23.87 seconds)
2024-10-22 23:38:59 INFO: 23:38:59.787 [main] [INFO ] q.l.p.CommandLineTaskRunner$CommandLineProgressMonitor - 4129 nuclei detected (72%)
2024-10-22 23:38:59 INFO: 23:38:59.802 [task-runner-1-7] [INFO ] q.lib.plugins.DetectionPluginTools - 4538 nuclei detected (processing time: 23.89 seconds)
2024-10-22 23:38:59 INFO: 23:38:59.802 [main] [INFO ] q.l.p.CommandLineTaskRunner$CommandLineProgressMonitor - 4538 nuclei detected (73%)
2024-10-22 23:38:59 INFO: 23:38:59.975 [task-runner-1-26] [INFO ] q.lib.plugins.DetectionPluginTools - 1791 nuclei detected (processing time: 11.34 seconds)
2024-10-22 23:38:59 INFO: 23:38:59.976 [main] [INFO ] q.l.p.CommandLineTaskRunner$CommandLineProgressMonitor - 1791 nuclei detected (73%)
2024-10-22 23:39:00 INFO: 23:39:00.071 [task-runner-1-47] [INFO ] q.lib.plugins.DetectionPluginTools - 3812 nuclei detected (processing time: 24.12 seconds)
2024-10-22 23:39:00 INFO: 23:39:00.072 [main] [INFO ] q.l.p.CommandLineTaskRunner$CommandLineProgressMonitor - 3812 nuclei detected (74%)
2024-10-22 23:39:00 INFO: 23:39:00.141 [task-runner-1-39] [INFO ] q.lib.plugins.DetectionPluginTools - 0 nuclei detected (processing time: 7.21 seconds)
2024-10-22 23:39:00 INFO: 23:39:00.142 [main] [INFO ] q.l.p.CommandLineTaskRunner$CommandLineProgressMonitor - 0 nuclei detected (74%)
2024-10-22 23:39:00 INFO: 23:39:00.143 [task-runner-1-33] [INFO ] q.lib.plugins.DetectionPluginTools - 3048 nuclei detected (processing time: 21.32 seconds)
2024-10-22 23:39:00 INFO: 23:39:00.143 [main] [INFO ] q.l.p.CommandLineTaskRunner$CommandLineProgressMonitor - 3048 nuclei detected (75%)
2024-10-22 23:39:00 INFO: 23:39:00.171 [task-runner-1-27] [INFO ] q.lib.plugins.DetectionPluginTools - 4307 nuclei detected (processing time: 24.26 seconds)
2024-10-22 23:39:00 INFO: 23:39:00.171 [main] [INFO ] q.l.p.CommandLineTaskRunner$CommandLineProgressMonitor - 4307 nuclei detected (76%)
2024-10-22 23:39:00 INFO: 23:39:00.228 [task-runner-1-48] [INFO ] q.lib.plugins.DetectionPluginTools - 4653 nuclei detected (processing time: 24.32 seconds)
2024-10-22 23:39:00 INFO: 23:39:00.228 [main] [INFO ] q.l.p.CommandLineTaskRunner$CommandLineProgressMonitor - 4653 nuclei detected (76%)
2024-10-22 23:39:00 INFO: 23:39:00.330 [task-runner-1-59] [INFO ] q.lib.plugins.DetectionPluginTools - 1430 nuclei detected (processing time: 16.10 seconds)
2024-10-22 23:39:00 INFO: 23:39:00.331 [main] [INFO ] q.l.p.CommandLineTaskRunner$CommandLineProgressMonitor - 1430 nuclei detected (77%)
2024-10-22 23:39:00 INFO: 23:39:00.598 [task-runner-1-52] [INFO ] q.lib.plugins.DetectionPluginTools - 1 nucleus detected (processing time: 7.45 seconds)
2024-10-22 23:39:00 INFO: 23:39:00.599 [main] [INFO ] q.l.p.CommandLineTaskRunner$CommandLineProgressMonitor - 1 nucleus detected (78%)
2024-10-22 23:39:00 INFO: 23:39:00.665 [task-runner-1-28] [INFO ] q.lib.plugins.DetectionPluginTools - 4086 nuclei detected (processing time: 24.65 seconds)
2024-10-22 23:39:00 INFO: 23:39:00.666 [main] [INFO ] q.l.p.CommandLineTaskRunner$CommandLineProgressMonitor - 4086 nuclei detected (78%)
2024-10-22 23:39:00 INFO: 23:39:00.831 [task-runner-1-25] [INFO ] q.lib.plugins.DetectionPluginTools - 3261 nuclei detected (processing time: 21.66 seconds)
2024-10-22 23:39:00 INFO: 23:39:00.832 [main] [INFO ] q.l.p.CommandLineTaskRunner$CommandLineProgressMonitor - 3261 nuclei detected (79%)
2024-10-22 23:39:00 INFO: 23:39:00.873 [task-runner-1-5] [INFO ] q.lib.plugins.DetectionPluginTools - 4178 nuclei detected (processing time: 24.76 seconds)
2024-10-22 23:39:00 INFO: 23:39:00.873 [main] [INFO ] q.l.p.CommandLineTaskRunner$CommandLineProgressMonitor - 4178 nuclei detected (79%)
2024-10-22 23:39:01 INFO: 23:39:01.100 [task-runner-1-31] [INFO ] q.lib.plugins.DetectionPluginTools - 4797 nuclei detected (processing time: 25.10 seconds)
2024-10-22 23:39:01 INFO: 23:39:01.100 [main] [INFO ] q.l.p.CommandLineTaskRunner$CommandLineProgressMonitor - 4797 nuclei detected (80%)
2024-10-22 23:39:01 INFO: 23:39:01.228 [task-runner-1-29] [INFO ] q.lib.plugins.DetectionPluginTools - 2791 nuclei detected (processing time: 17.03 seconds)
2024-10-22 23:39:01 INFO: 23:39:01.229 [main] [INFO ] q.l.p.CommandLineTaskRunner$CommandLineProgressMonitor - 2791 nuclei detected (81%)
2024-10-22 23:39:01 INFO: 23:39:01.242 [task-runner-1-24] [INFO ] q.lib.plugins.DetectionPluginTools - 4240 nuclei detected (processing time: 21.75 seconds)
2024-10-22 23:39:01 INFO: 23:39:01.242 [main] [INFO ] q.l.p.CommandLineTaskRunner$CommandLineProgressMonitor - 4240 nuclei detected (81%)
2024-10-22 23:39:01 INFO: 23:39:01.245 [task-runner-1-3] [INFO ] q.lib.plugins.DetectionPluginTools - 5905 nuclei detected (processing time: 25.34 seconds)
2024-10-22 23:39:01 INFO: 23:39:01.245 [main] [INFO ] q.l.p.CommandLineTaskRunner$CommandLineProgressMonitor - 5905 nuclei detected (82%)
2024-10-22 23:39:01 INFO: 23:39:01.245 [task-runner-1-50] [INFO ] q.lib.plugins.DetectionPluginTools - 1 nucleus detected (processing time: 6.39 seconds)
2024-10-22 23:39:01 INFO: 23:39:01.245 [main] [INFO ] q.l.p.CommandLineTaskRunner$CommandLineProgressMonitor - 1 nucleus detected (83%)
2024-10-22 23:39:01 INFO: 23:39:01.322 [task-runner-1-41] [INFO ] q.lib.plugins.DetectionPluginTools - 3327 nuclei detected (processing time: 16.68 seconds)
2024-10-22 23:39:01 INFO: 23:39:01.323 [main] [INFO ] q.l.p.CommandLineTaskRunner$CommandLineProgressMonitor - 3327 nuclei detected (83%)
2024-10-22 23:39:01 INFO: 23:39:01.397 [task-runner-1-37] [INFO ] q.lib.plugins.DetectionPluginTools - 0 nuclei detected (processing time: 6.91 seconds)
2024-10-22 23:39:01 INFO: 23:39:01.397 [main] [INFO ] q.l.p.CommandLineTaskRunner$CommandLineProgressMonitor - 0 nuclei detected (84%)
2024-10-22 23:39:01 INFO: 23:39:01.399 [task-runner-1-35] [INFO ] q.lib.plugins.DetectionPluginTools - 3990 nuclei detected (processing time: 22.29 seconds)
2024-10-22 23:39:01 INFO: 23:39:01.399 [main] [INFO ] q.l.p.CommandLineTaskRunner$CommandLineProgressMonitor - 3990 nuclei detected (84%)
2024-10-22 23:39:01 INFO: 23:39:01.428 [task-runner-1-46] [INFO ] q.lib.plugins.DetectionPluginTools - 4503 nuclei detected (processing time: 25.41 seconds)
2024-10-22 23:39:01 INFO: 23:39:01.428 [main] [INFO ] q.l.p.CommandLineTaskRunner$CommandLineProgressMonitor - 4503 nuclei detected (85%)
2024-10-22 23:39:01 INFO: 23:39:01.433 [task-runner-1-51] [INFO ] q.lib.plugins.DetectionPluginTools - 3895 nuclei detected (processing time: 22.02 seconds)
2024-10-22 23:39:01 INFO: 23:39:01.434 [main] [INFO ] q.l.p.CommandLineTaskRunner$CommandLineProgressMonitor - 3895 nuclei detected (86%)
2024-10-22 23:39:01 INFO: 23:39:01.445 [task-runner-1-23] [INFO ] q.lib.plugins.DetectionPluginTools - 4261 nuclei detected (processing time: 21.93 seconds)
2024-10-22 23:39:01 INFO: 23:39:01.445 [main] [INFO ] q.l.p.CommandLineTaskRunner$CommandLineProgressMonitor - 4261 nuclei detected (86%)
2024-10-22 23:39:01 INFO: 23:39:01.504 [task-runner-1-49] [INFO ] q.lib.plugins.DetectionPluginTools - 4484 nuclei detected (processing time: 25.41 seconds)
2024-10-22 23:39:01 INFO: 23:39:01.505 [main] [INFO ] q.l.p.CommandLineTaskRunner$CommandLineProgressMonitor - 4484 nuclei detected (87%)
2024-10-22 23:39:01 INFO: 23:39:01.740 [task-runner-1-55] [INFO ] q.lib.plugins.DetectionPluginTools - 1 nucleus detected (processing time: 7.76 seconds)
2024-10-22 23:39:01 INFO: 23:39:01.741 [main] [INFO ] q.l.p.CommandLineTaskRunner$CommandLineProgressMonitor - 1 nucleus detected (88%)
2024-10-22 23:39:01 INFO: 23:39:01.742 [task-runner-1-4] [INFO ] q.lib.plugins.DetectionPluginTools - 6934 nuclei detected (processing time: 25.84 seconds)
2024-10-22 23:39:01 INFO: 23:39:01.742 [main] [INFO ] q.l.p.CommandLineTaskRunner$CommandLineProgressMonitor - 6934 nuclei detected (88%)
2024-10-22 23:39:01 INFO: 23:39:01.873 [task-runner-1-20] [INFO ] q.lib.plugins.DetectionPluginTools - 4095 nuclei detected (processing time: 22.56 seconds)
2024-10-22 23:39:01 INFO: 23:39:01.874 [main] [INFO ] q.l.p.CommandLineTaskRunner$CommandLineProgressMonitor - 4095 nuclei detected (89%)
2024-10-22 23:39:01 INFO: 23:39:01.970 [task-runner-1-1] [INFO ] q.lib.plugins.DetectionPluginTools - 0 nuclei detected (processing time: 6.50 seconds)
2024-10-22 23:39:01 INFO: 23:39:01.970 [main] [INFO ] q.l.p.CommandLineTaskRunner$CommandLineProgressMonitor - 0 nuclei detected (89%)
2024-10-22 23:39:02 INFO: 23:39:02.039 [task-runner-1-22] [INFO ] q.lib.plugins.DetectionPluginTools - 5550 nuclei detected (processing time: 22.39 seconds)
2024-10-22 23:39:02 INFO: 23:39:02.039 [main] [INFO ] q.l.p.CommandLineTaskRunner$CommandLineProgressMonitor - 5550 nuclei detected (90%)
2024-10-22 23:39:02 INFO: 23:39:02.057 [task-runner-1-43] [INFO ] q.lib.plugins.DetectionPluginTools - 4927 nuclei detected (processing time: 22.56 seconds)
2024-10-22 23:39:02 INFO: 23:39:02.058 [main] [INFO ] q.l.p.CommandLineTaskRunner$CommandLineProgressMonitor - 4927 nuclei detected (91%)
2024-10-22 23:39:02 INFO: 23:39:02.089 [task-runner-1-32] [INFO ] q.lib.plugins.DetectionPluginTools - 0 nuclei detected (processing time: 7.01 seconds)
2024-10-22 23:39:02 INFO: 23:39:02.089 [main] [INFO ] q.l.p.CommandLineTaskRunner$CommandLineProgressMonitor - 0 nuclei detected (91%)
2024-10-22 23:39:02 INFO: 23:39:02.128 [task-runner-1-16] [INFO ] q.lib.plugins.DetectionPluginTools - 1 nucleus detected (processing time: 7.08 seconds)
2024-10-22 23:39:02 INFO: 23:39:02.128 [main] [INFO ] q.l.p.CommandLineTaskRunner$CommandLineProgressMonitor - 1 nucleus detected (92%)
2024-10-22 23:39:02 INFO: 23:39:02.152 [task-runner-1-57] [INFO ] q.lib.plugins.DetectionPluginTools - 0 nuclei detected (processing time: 6.28 seconds)
2024-10-22 23:39:02 INFO: 23:39:02.153 [main] [INFO ] q.l.p.CommandLineTaskRunner$CommandLineProgressMonitor - 0 nuclei detected (93%)
2024-10-22 23:39:02 INFO: 23:39:02.163 [task-runner-1-53] [INFO ] q.lib.plugins.DetectionPluginTools - 0 nuclei detected (processing time: 6.41 seconds)
2024-10-22 23:39:02 INFO: 23:39:02.356 [task-runner-1-6] [INFO ] q.lib.plugins.DetectionPluginTools - 0 nuclei detected (processing time: 6.16 seconds)
2024-10-22 23:39:02 INFO: 23:39:02.356 [main] [INFO ] q.l.p.CommandLineTaskRunner$CommandLineProgressMonitor - 0 nuclei detected (94%)
2024-10-22 23:39:02 INFO: 23:39:02.391 [task-runner-1-11] [INFO ] q.lib.plugins.DetectionPluginTools - 0 nuclei detected (processing time: 6.61 seconds)
2024-10-22 23:39:02 INFO: 23:39:02.477 [task-runner-1-56] [INFO ] q.lib.plugins.DetectionPluginTools - 2731 nuclei detected (processing time: 13.83 seconds)
2024-10-22 23:39:02 INFO: 23:39:02.478 [main] [INFO ] q.l.p.CommandLineTaskRunner$CommandLineProgressMonitor - 2731 nuclei detected (95%)
2024-10-22 23:39:02 INFO: 23:39:02.489 [task-runner-1-60] [INFO ] q.lib.plugins.DetectionPluginTools - 1 nucleus detected (processing time: 7.35 seconds)
2024-10-22 23:39:02 INFO: 23:39:02.489 [main] [INFO ] q.l.p.CommandLineTaskRunner$CommandLineProgressMonitor - 1 nucleus detected (96%)
2024-10-22 23:39:02 INFO: 23:39:02.519 [task-runner-1-58] [INFO ] q.lib.plugins.DetectionPluginTools - 0 nuclei detected (processing time: 6.30 seconds)
2024-10-22 23:39:02 INFO: 23:39:02.519 [main] [INFO ] q.l.p.CommandLineTaskRunner$CommandLineProgressMonitor - 0 nuclei detected (96%)
2024-10-22 23:39:02 INFO: 23:39:02.928 [task-runner-1-54] [INFO ] q.lib.plugins.DetectionPluginTools - 3950 nuclei detected (processing time: 13.78 seconds)
2024-10-22 23:39:02 INFO: 23:39:02.928 [main] [INFO ] q.l.p.CommandLineTaskRunner$CommandLineProgressMonitor - 3950 nuclei detected (97%)
2024-10-22 23:39:03 INFO: 23:39:03.833 [task-runner-1-17] [INFO ] q.lib.plugins.DetectionPluginTools - 4264 nuclei detected (processing time: 18.53 seconds)
2024-10-22 23:39:03 INFO: 23:39:03.834 [main] [INFO ] q.l.p.CommandLineTaskRunner$CommandLineProgressMonitor - 4264 nuclei detected (98%)
2024-10-22 23:39:03 INFO: 23:39:03.848 [task-runner-1-2] [INFO ] q.lib.plugins.DetectionPluginTools - 5502 nuclei detected (processing time: 18.54 seconds)
2024-10-22 23:39:03 INFO: 23:39:03.848 [main] [INFO ] q.l.p.CommandLineTaskRunner$CommandLineProgressMonitor - 5502 nuclei detected (98%)
2024-10-22 23:39:04 INFO: 23:39:04.182 [task-runner-1-38] [INFO ] q.lib.plugins.DetectionPluginTools - 5624 nuclei detected (processing time: 18.69 seconds)
2024-10-22 23:39:04 INFO: 23:39:04.183 [main] [INFO ] q.l.p.CommandLineTaskRunner$CommandLineProgressMonitor - 5624 nuclei detected (99%)
2024-10-22 23:39:04 INFO: 23:39:04.443 [task-runner-1-34] [INFO ] q.lib.plugins.DetectionPluginTools - 6366 nuclei detected (processing time: 19.06 seconds)
2024-10-22 23:39:04 INFO: 23:39:04.444 [main] [INFO ] q.l.p.CommandLineTaskRunner$CommandLineProgressMonitor - 6366 nuclei detected (99%)
2024-10-22 23:39:04 INFO: 23:39:04.511 [task-runner-1-12] [INFO ] q.lib.plugins.DetectionPluginTools - 6115 nuclei detected (processing time: 19.07 seconds)
2024-10-22 23:39:04 INFO: 23:39:04.511 [main] [INFO ] q.l.p.CommandLineTaskRunner$CommandLineProgressMonitor - 6115 nuclei detected (100%)
2024-10-22 23:39:04 INFO: 23:39:04.511 [main] [INFO ] q.l.p.CommandLineTaskRunner$CommandLineProgressMonitor - Processing complete in 43.96 seconds
2024-10-22 23:39:04 INFO: 23:39:04.511 [main] [INFO ] q.l.p.CommandLineTaskRunner$CommandLineProgressMonitor - Tasks completed!
2024-10-22 23:39:14 INFO: 23:39:14.429 [main] [WARN ] q.l.p.objects.SmoothFeaturesPlugin - Smoothing using annotations
2024-10-22 23:39:18 INFO: 23:39:18.687 [main] [INFO ] q.l.p.CommandLineTaskRunner$CommandLineProgressMonitor - Completed (100%)
2024-10-22 23:39:18 INFO: 23:39:18.688 [main] [INFO ] q.l.p.CommandLineTaskRunner$CommandLineProgressMonitor - Processing complete in 4.26 seconds
2024-10-22 23:39:18 INFO: 23:39:18.688 [main] [INFO ] q.l.p.CommandLineTaskRunner$CommandLineProgressMonitor - Tasks completed!
2024-10-22 23:39:18 INFO: 23:39:18.690 [main] [WARN ] q.l.p.objects.SmoothFeaturesPlugin - Smoothing using annotations
2024-10-22 23:39:26 INFO: 23:39:26.015 [main] [INFO ] q.l.p.CommandLineTaskRunner$CommandLineProgressMonitor - Completed (100%)
2024-10-22 23:39:26 INFO: 23:39:26.015 [main] [INFO ] q.l.p.CommandLineTaskRunner$CommandLineProgressMonitor - Processing complete in 7.33 seconds
2024-10-22 23:39:26 INFO: 23:39:26.015 [main] [INFO ] q.l.p.CommandLineTaskRunner$CommandLineProgressMonitor - Tasks completed!
2024-10-22 23:39:26 INFO: 23:39:26.017 [main] [WARN ] q.l.p.objects.SmoothFeaturesPlugin - Smoothing using annotations
2024-10-22 23:39:47 INFO: 23:39:47.156 [main] [INFO ] q.l.p.CommandLineTaskRunner$CommandLineProgressMonitor - Completed (100%)
2024-10-22 23:39:47 INFO: 23:39:47.156 [main] [INFO ] q.l.p.CommandLineTaskRunner$CommandLineProgressMonitor - Processing complete in 21.14 seconds
2024-10-22 23:39:47 INFO: 23:39:47.156 [main] [INFO ] q.l.p.CommandLineTaskRunner$CommandLineProgressMonitor - Tasks completed!
2024-10-22 23:39:47 INFO: 23:39:47.360 [task-runner-5-2] [INFO ] q.l.a.IntensityFeaturesPlugin - Splitting Rectangle (0, 0, 63784, 39311) into 40 tiles for intensity measurements
2024-10-22 23:39:47 INFO: 23:39:47.584 [main] [INFO ] q.l.p.CommandLineTaskRunner$CommandLineProgressMonitor - Completed (0%)
2024-10-22 23:39:48 INFO: 23:39:48.354 [main] [INFO ] q.l.p.CommandLineTaskRunner$CommandLineProgressMonitor - Completed (1%)
2024-10-22 23:39:48 INFO: 23:39:48.682 [main] [INFO ] q.l.p.CommandLineTaskRunner$CommandLineProgressMonitor - Completed (2%)
2024-10-22 23:39:48 INFO: 23:39:48.920 [main] [INFO ] q.l.p.CommandLineTaskRunner$CommandLineProgressMonitor - Completed (3%)
2024-10-22 23:39:49 INFO: 23:39:49.114 [main] [INFO ] q.l.p.CommandLineTaskRunner$CommandLineProgressMonitor - Completed (4%)
2024-10-22 23:39:49 INFO: 23:39:49.348 [main] [INFO ] q.l.p.CommandLineTaskRunner$CommandLineProgressMonitor - Completed (5%)
2024-10-22 23:39:49 INFO: 23:39:49.520 [main] [INFO ] q.l.p.CommandLineTaskRunner$CommandLineProgressMonitor - Completed (6%)
2024-10-22 23:39:49 INFO: 23:39:49.672 [main] [INFO ] q.l.p.CommandLineTaskRunner$CommandLineProgressMonitor - Completed (7%)
2024-10-22 23:39:49 INFO: 23:39:49.856 [main] [INFO ] q.l.p.CommandLineTaskRunner$CommandLineProgressMonitor - Completed (8%)
2024-10-22 23:39:50 INFO: 23:39:50.016 [main] [INFO ] q.l.p.CommandLineTaskRunner$CommandLineProgressMonitor - Completed (9%)
2024-10-22 23:39:50 INFO: 23:39:50.182 [main] [INFO ] q.l.p.CommandLineTaskRunner$CommandLineProgressMonitor - Completed (10%)
2024-10-22 23:39:50 INFO: 23:39:50.349 [main] [INFO ] q.l.p.CommandLineTaskRunner$CommandLineProgressMonitor - Completed (11%)
2024-10-22 23:39:50 INFO: 23:39:50.520 [main] [INFO ] q.l.p.CommandLineTaskRunner$CommandLineProgressMonitor - Completed (12%)
2024-10-22 23:39:50 INFO: 23:39:50.693 [main] [INFO ] q.l.p.CommandLineTaskRunner$CommandLineProgressMonitor - Completed (13%)
2024-10-22 23:39:50 INFO: 23:39:50.875 [main] [INFO ] q.l.p.CommandLineTaskRunner$CommandLineProgressMonitor - Completed (14%)
2024-10-22 23:39:51 INFO: 23:39:51.096 [main] [INFO ] q.l.p.CommandLineTaskRunner$CommandLineProgressMonitor - Completed (15%)
2024-10-22 23:39:51 INFO: 23:39:51.317 [main] [INFO ] q.l.p.CommandLineTaskRunner$CommandLineProgressMonitor - Completed (16%)
2024-10-22 23:39:51 INFO: 23:39:51.490 [main] [INFO ] q.l.p.CommandLineTaskRunner$CommandLineProgressMonitor - Completed (17%)
2024-10-22 23:39:51 INFO: 23:39:51.829 [main] [INFO ] q.l.p.CommandLineTaskRunner$CommandLineProgressMonitor - Completed (18%)
2024-10-22 23:39:52 INFO: 23:39:51.999 [main] [INFO ] q.l.p.CommandLineTaskRunner$CommandLineProgressMonitor - Completed (19%)
2024-10-22 23:39:52 INFO: 23:39:52.162 [main] [INFO ] q.l.p.CommandLineTaskRunner$CommandLineProgressMonitor - Completed (20%)
2024-10-22 23:39:52 INFO: 23:39:52.333 [main] [INFO ] q.l.p.CommandLineTaskRunner$CommandLineProgressMonitor - Completed (21%)
2024-10-22 23:39:52 INFO: 23:39:52.493 [main] [INFO ] q.l.p.CommandLineTaskRunner$CommandLineProgressMonitor - Completed (22%)
2024-10-22 23:39:52 INFO: 23:39:52.659 [main] [INFO ] q.l.p.CommandLineTaskRunner$CommandLineProgressMonitor - Completed (23%)
2024-10-22 23:39:52 INFO: 23:39:52.875 [main] [INFO ] q.l.p.CommandLineTaskRunner$CommandLineProgressMonitor - Completed (24%)
2024-10-22 23:39:53 INFO: 23:39:53.038 [main] [INFO ] q.l.p.CommandLineTaskRunner$CommandLineProgressMonitor - Completed (25%)
2024-10-22 23:39:53 INFO: 23:39:53.198 [main] [INFO ] q.l.p.CommandLineTaskRunner$CommandLineProgressMonitor - Completed (26%)
2024-10-22 23:39:53 INFO: 23:39:53.330 [main] [INFO ] q.l.p.CommandLineTaskRunner$CommandLineProgressMonitor - Completed (27%)
2024-10-22 23:39:53 INFO: 23:39:53.464 [main] [INFO ] q.l.p.CommandLineTaskRunner$CommandLineProgressMonitor - Completed (28%)
2024-10-22 23:39:53 INFO: 23:39:53.606 [main] [INFO ] q.l.p.CommandLineTaskRunner$CommandLineProgressMonitor - Completed (29%)
2024-10-22 23:39:53 INFO: 23:39:53.816 [main] [INFO ] q.l.p.CommandLineTaskRunner$CommandLineProgressMonitor - Completed (30%)
2024-10-22 23:39:53 INFO: 23:39:53.962 [main] [INFO ] q.l.p.CommandLineTaskRunner$CommandLineProgressMonitor - Completed (31%)
2024-10-22 23:39:54 INFO: 23:39:54.109 [main] [INFO ] q.l.p.CommandLineTaskRunner$CommandLineProgressMonitor - Completed (32%)
2024-10-22 23:39:54 INFO: 23:39:54.266 [main] [INFO ] q.l.p.CommandLineTaskRunner$CommandLineProgressMonitor - Completed (33%)
2024-10-22 23:39:54 INFO: 23:39:54.405 [main] [INFO ] q.l.p.CommandLineTaskRunner$CommandLineProgressMonitor - Completed (34%)
2024-10-22 23:39:54 INFO: 23:39:54.534 [main] [INFO ] q.l.p.CommandLineTaskRunner$CommandLineProgressMonitor - Completed (35%)
2024-10-22 23:39:54 INFO: 23:39:54.669 [main] [INFO ] q.l.p.CommandLineTaskRunner$CommandLineProgressMonitor - Completed (36%)
2024-10-22 23:39:54 INFO: 23:39:54.804 [main] [INFO ] q.l.p.CommandLineTaskRunner$CommandLineProgressMonitor - Completed (37%)
2024-10-22 23:39:54 INFO: 23:39:54.938 [main] [INFO ] q.l.p.CommandLineTaskRunner$CommandLineProgressMonitor - Completed (38%)
2024-10-22 23:39:55 INFO: 23:39:55.070 [main] [INFO ] q.l.p.CommandLineTaskRunner$CommandLineProgressMonitor - Completed (39%)
2024-10-22 23:39:55 INFO: 23:39:55.202 [main] [INFO ] q.l.p.CommandLineTaskRunner$CommandLineProgressMonitor - Completed (40%)
2024-10-22 23:39:55 INFO: 23:39:55.348 [main] [INFO ] q.l.p.CommandLineTaskRunner$CommandLineProgressMonitor - Completed (41%)
2024-10-22 23:39:55 INFO: 23:39:55.486 [main] [INFO ] q.l.p.CommandLineTaskRunner$CommandLineProgressMonitor - Completed (42%)
2024-10-22 23:39:55 INFO: 23:39:55.628 [main] [INFO ] q.l.p.CommandLineTaskRunner$CommandLineProgressMonitor - Completed (43%)
2024-10-22 23:39:56 INFO: 23:39:56.021 [main] [INFO ] q.l.p.CommandLineTaskRunner$CommandLineProgressMonitor - Completed (44%)
2024-10-22 23:39:56 INFO: 23:39:56.159 [main] [INFO ] q.l.p.CommandLineTaskRunner$CommandLineProgressMonitor - Completed (45%)
2024-10-22 23:39:56 INFO: 23:39:56.300 [main] [INFO ] q.l.p.CommandLineTaskRunner$CommandLineProgressMonitor - Completed (46%)
2024-10-22 23:39:56 INFO: 23:39:56.475 [main] [INFO ] q.l.p.CommandLineTaskRunner$CommandLineProgressMonitor - Completed (47%)
2024-10-22 23:39:56 INFO: 23:39:56.660 [main] [INFO ] q.l.p.CommandLineTaskRunner$CommandLineProgressMonitor - Completed (48%)
2024-10-22 23:39:56 INFO: 23:39:56.803 [main] [INFO ] q.l.p.CommandLineTaskRunner$CommandLineProgressMonitor - Completed (49%)
2024-10-22 23:39:57 INFO: 23:39:57.140 [main] [INFO ] q.l.p.CommandLineTaskRunner$CommandLineProgressMonitor - Completed (50%)
2024-10-22 23:39:57 INFO: 23:39:57.322 [main] [INFO ] q.l.p.CommandLineTaskRunner$CommandLineProgressMonitor - Completed (51%)
2024-10-22 23:39:57 INFO: 23:39:57.442 [main] [INFO ] q.l.p.CommandLineTaskRunner$CommandLineProgressMonitor - Completed (52%)
2024-10-22 23:39:57 INFO: 23:39:57.563 [main] [INFO ] q.l.p.CommandLineTaskRunner$CommandLineProgressMonitor - Completed (53%)
2024-10-22 23:39:57 INFO: 23:39:57.683 [main] [INFO ] q.l.p.CommandLineTaskRunner$CommandLineProgressMonitor - Completed (54%)
2024-10-22 23:39:57 INFO: 23:39:57.797 [main] [INFO ] q.l.p.CommandLineTaskRunner$CommandLineProgressMonitor - Completed (55%)
2024-10-22 23:39:57 INFO: 23:39:57.903 [main] [INFO ] q.l.p.CommandLineTaskRunner$CommandLineProgressMonitor - Completed (56%)
2024-10-22 23:39:58 INFO: 23:39:58.022 [main] [INFO ] q.l.p.CommandLineTaskRunner$CommandLineProgressMonitor - Completed (57%)
2024-10-22 23:39:58 INFO: 23:39:58.129 [main] [INFO ] q.l.p.CommandLineTaskRunner$CommandLineProgressMonitor - Completed (58%)
2024-10-22 23:39:58 INFO: 23:39:58.244 [main] [INFO ] q.l.p.CommandLineTaskRunner$CommandLineProgressMonitor - Completed (59%)
2024-10-22 23:39:58 INFO: 23:39:58.378 [main] [INFO ] q.l.p.CommandLineTaskRunner$CommandLineProgressMonitor - Completed (60%)
2024-10-22 23:39:58 INFO: 23:39:58.511 [main] [INFO ] q.l.p.CommandLineTaskRunner$CommandLineProgressMonitor - Completed (61%)
2024-10-22 23:39:58 INFO: 23:39:58.655 [main] [INFO ] q.l.p.CommandLineTaskRunner$CommandLineProgressMonitor - Completed (62%)
2024-10-22 23:39:58 INFO: 23:39:58.851 [main] [INFO ] q.l.p.CommandLineTaskRunner$CommandLineProgressMonitor - Completed (63%)
2024-10-22 23:39:59 INFO: 23:39:59.061 [main] [INFO ] q.l.p.CommandLineTaskRunner$CommandLineProgressMonitor - Completed (64%)
2024-10-22 23:39:59 INFO: 23:39:59.241 [main] [INFO ] q.l.p.CommandLineTaskRunner$CommandLineProgressMonitor - Completed (65%)
2024-10-22 23:39:59 INFO: 23:39:59.432 [main] [INFO ] q.l.p.CommandLineTaskRunner$CommandLineProgressMonitor - Completed (66%)
2024-10-22 23:39:59 INFO: 23:39:59.562 [main] [INFO ] q.l.p.CommandLineTaskRunner$CommandLineProgressMonitor - Completed (67%)
2024-10-22 23:39:59 INFO: 23:39:59.723 [main] [INFO ] q.l.p.CommandLineTaskRunner$CommandLineProgressMonitor - Completed (68%)
2024-10-22 23:39:59 INFO: 23:39:59.900 [main] [INFO ] q.l.p.CommandLineTaskRunner$CommandLineProgressMonitor - Completed (69%)
2024-10-22 23:40:00 INFO: 23:40:00.038 [main] [INFO ] q.l.p.CommandLineTaskRunner$CommandLineProgressMonitor - Completed (70%)
2024-10-22 23:40:00 INFO: 23:40:00.172 [main] [INFO ] q.l.p.CommandLineTaskRunner$CommandLineProgressMonitor - Completed (71%)
2024-10-22 23:40:00 INFO: 23:40:00.318 [main] [INFO ] q.l.p.CommandLineTaskRunner$CommandLineProgressMonitor - Completed (72%)
2024-10-22 23:40:00 INFO: 23:40:00.435 [main] [INFO ] q.l.p.CommandLineTaskRunner$CommandLineProgressMonitor - Completed (73%)
2024-10-22 23:40:00 INFO: 23:40:00.552 [main] [INFO ] q.l.p.CommandLineTaskRunner$CommandLineProgressMonitor - Completed (74%)
2024-10-22 23:40:00 INFO: 23:40:00.703 [main] [INFO ] q.l.p.CommandLineTaskRunner$CommandLineProgressMonitor - Completed (75%)
2024-10-22 23:40:00 INFO: 23:40:00.859 [main] [INFO ] q.l.p.CommandLineTaskRunner$CommandLineProgressMonitor - Completed (76%)
2024-10-22 23:40:01 INFO: 23:40:01.006 [main] [INFO ] q.l.p.CommandLineTaskRunner$CommandLineProgressMonitor - Completed (77%)
2024-10-22 23:40:01 INFO: 23:40:01.257 [main] [INFO ] q.l.p.CommandLineTaskRunner$CommandLineProgressMonitor - Completed (78%)
2024-10-22 23:40:01 INFO: 23:40:01.380 [main] [INFO ] q.l.p.CommandLineTaskRunner$CommandLineProgressMonitor - Completed (79%)
2024-10-22 23:40:01 INFO: 23:40:01.502 [main] [INFO ] q.l.p.CommandLineTaskRunner$CommandLineProgressMonitor - Completed (80%)
2024-10-22 23:40:01 INFO: 23:40:01.644 [main] [INFO ] q.l.p.CommandLineTaskRunner$CommandLineProgressMonitor - Completed (81%)
2024-10-22 23:40:01 INFO: 23:40:01.803 [main] [INFO ] q.l.p.CommandLineTaskRunner$CommandLineProgressMonitor - Completed (82%)
2024-10-22 23:40:01 INFO: 23:40:01.935 [main] [INFO ] q.l.p.CommandLineTaskRunner$CommandLineProgressMonitor - Completed (83%)
2024-10-22 23:40:02 INFO: 23:40:02.082 [main] [INFO ] q.l.p.CommandLineTaskRunner$CommandLineProgressMonitor - Completed (84%)
2024-10-22 23:40:02 INFO: 23:40:02.226 [main] [INFO ] q.l.p.CommandLineTaskRunner$CommandLineProgressMonitor - Completed (85%)
2024-10-22 23:40:02 INFO: 23:40:02.370 [main] [INFO ] q.l.p.CommandLineTaskRunner$CommandLineProgressMonitor - Completed (86%)
2024-10-22 23:40:02 INFO: 23:40:02.496 [main] [INFO ] q.l.p.CommandLineTaskRunner$CommandLineProgressMonitor - Completed (87%)
2024-10-22 23:40:02 INFO: 23:40:02.635 [main] [INFO ] q.l.p.CommandLineTaskRunner$CommandLineProgressMonitor - Completed (88%)
2024-10-22 23:40:02 INFO: 23:40:02.759 [main] [INFO ] q.l.p.CommandLineTaskRunner$CommandLineProgressMonitor - Completed (89%)
2024-10-22 23:40:02 INFO: 23:40:02.881 [main] [INFO ] q.l.p.CommandLineTaskRunner$CommandLineProgressMonitor - Completed (90%)
2024-10-22 23:40:03 INFO: 23:40:03.008 [main] [INFO ] q.l.p.CommandLineTaskRunner$CommandLineProgressMonitor - Completed (91%)
2024-10-22 23:40:03 INFO: 23:40:03.193 [main] [INFO ] q.l.p.CommandLineTaskRunner$CommandLineProgressMonitor - Completed (92%)
2024-10-22 23:40:03 INFO: 23:40:03.298 [main] [INFO ] q.l.p.CommandLineTaskRunner$CommandLineProgressMonitor - Completed (93%)
2024-10-22 23:40:03 INFO: 23:40:03.407 [main] [INFO ] q.l.p.CommandLineTaskRunner$CommandLineProgressMonitor - Completed (94%)
2024-10-22 23:40:03 INFO: 23:40:03.510 [main] [INFO ] q.l.p.CommandLineTaskRunner$CommandLineProgressMonitor - Completed (95%)
2024-10-22 23:40:03 INFO: 23:40:03.613 [main] [INFO ] q.l.p.CommandLineTaskRunner$CommandLineProgressMonitor - Completed (96%)
2024-10-22 23:40:03 INFO: 23:40:03.717 [main] [INFO ] q.l.p.CommandLineTaskRunner$CommandLineProgressMonitor - Completed (97%)
2024-10-22 23:40:03 INFO: 23:40:03.831 [main] [INFO ] q.l.p.CommandLineTaskRunner$CommandLineProgressMonitor - Completed (98%)
2024-10-22 23:40:03 INFO: 23:40:03.934 [main] [INFO ] q.l.p.CommandLineTaskRunner$CommandLineProgressMonitor - Completed (99%)
2024-10-22 23:40:04 INFO: 23:40:04.031 [main] [INFO ] q.l.p.CommandLineTaskRunner$CommandLineProgressMonitor - Completed (100%)
2024-10-22 23:41:00 INFO: 23:41:00.389 [main] [INFO ] q.l.p.CommandLineTaskRunner$CommandLineProgressMonitor - Completed (100%)
2024-10-22 23:41:00 INFO: 23:41:00.391 [main] [INFO ] q.l.p.CommandLineTaskRunner$CommandLineProgressMonitor - Processing complete in 73.04 seconds
2024-10-22 23:41:00 INFO: 23:41:00.392 [main] [INFO ] q.l.p.CommandLineTaskRunner$CommandLineProgressMonitor - Tasks completed!
2024-10-22 23:43:16 INFO: 23:43:16.425 [task-runner-6-1] [WARN ] q.o.features.DelaunayTriangulation - Some objects have missing measurements! Statistics will calculated only for objects with measurements available.
2024-10-22 23:43:16 INFO: 23:43:16.426 [task-runner-6-1] [WARN ] q.o.features.DelaunayTriangulation - Missing measurements: [ROI: 1.00 m per pixel: Residual: Haralick Correlation (F2), ROI: 1.00 m per pixel: Residual: Haralick Information measure of correlation 1 (F11), ROI: 1.00 m per pixel: Residual: Haralick Information measure of correlation 2 (F12)]
2024-10-22 23:43:16 INFO: 23:43:16.463 [main] [INFO ] q.l.p.CommandLineTaskRunner$CommandLineProgressMonitor - Delaunay triangulation calculated for Annotation (222349 objects) (100%)
2024-10-22 23:43:16 INFO: 23:43:16.464 [main] [INFO ] q.l.p.CommandLineTaskRunner$CommandLineProgressMonitor - Processing complete in 136.02 seconds
2024-10-22 23:43:16 INFO: 23:43:16.464 [main] [INFO ] q.l.p.CommandLineTaskRunner$CommandLineProgressMonitor - Tasks completed!
2024-10-22 23:45:46 INFO: TCGA-GI-A2C8-01Z-00-DX1.09BD8AC9-645A-4C8B-9B36-77D833BDBA09
2024-10-22 23:45:46 INFO: QuPath subprocess completed.
2024-10-22 23:45:58 INFO: QuPath image extraction completed successfully. Output directory: /home/ilants/Documents/jupyter_test/single_image_multiple_params/exp_backgroundRadiusMicrons_10.0
2024-10-22 23:45:58 INFO: Summary table saved to: /home/ilants/Documents/jupyter_test/single_image_multiple_params/exp_backgroundRadiusMicrons_10.0/Summary_Table.csv
2024-10-22 23:45:58 INFO: Experiment completed successfully.
