2024-10-22 20:38:43 INFO: Starting experiment with for requestedPixelSizeMicrons with value of 0.5
2024-10-22 20:38:43 INFO: Running with the following configuration:
{'detectionImageBrightfield': 'Hematoxylin OD', 'requestedPixelSizeMicrons': 0.5, 'backgroundRadiusMicrons': 4.0, 'backgroundByReconstruction': True, 'medianRadiusMicrons': 0.0, 'sigmaMicrons': 1.5, 'minAreaMicrons': 10.0, 'maxAreaMicrons': 80.0, 'threshold': 0.1, 'maxBackground': 2.0, 'watershedPostProcess': True, 'cellExpansionMicrons': 5.0, 'includeNuclei': True, 'smoothBoundaries': True, 'makeMeasurements': True, 'backgroundRadiusPixel': 8.0, 'cellExpansionPixel': 10.0, 'medianRadiusPixel': 0.0, 'minAreaPixel': 20.0, 'maxAreaPixel': 160.0}
2024-10-22 20:38:43 INFO: Starting QuPath image extraction with the following parameters: image_dir=/home/ilants/Documents/jupyter_test, output_dir=/home/ilants/Documents/jupyter_test/single_image_multiple_params/exp_requestedPixelSizeMicrons_0.5, image_type=svs, groovy_script=/home/ilants/Documents/utls/nucleus_detection_wargs.groovy, config_file=/home/ilants/Documents/jupyter_test/single_image_multiple_params/exp_requestedPixelSizeMicrons_0.5/cfg.json, program_path=/home/ilants/Documents/QuPath-v0.5.1-Linux/QuPath/bin/QuPath
2024-10-22 20:38:44 INFO: 20:38:44.034 [main] [INFO ] qupath.lib.gui.prefs.PathPrefs - Setting default Locale to en_US
2024-10-22 20:38:44 INFO: 20:38:44.038 [main] [INFO ] qupath.lib.gui.prefs.PathPrefs - Setting Locale for FORMAT to en_US
2024-10-22 20:38:44 INFO: 20:38:44.038 [main] [INFO ] qupath.lib.gui.prefs.PathPrefs - Setting Locale for DISPLAY to en_US
2024-10-22 20:38:44 INFO: 20:38:44.052 [main] [INFO ] qupath.lib.common.ThreadTools - Setting parallelism to 63
2024-10-22 20:38:44 INFO: 20:38:44.070 [main] [INFO ] qupath.ScriptCommand - Setting tile cache size to 32200.00 MB (25.0% max memory)
2024-10-22 20:38:44 INFO: 20:38:44.117 [main] [INFO ] qupath.lib.scripting.QP - Initializing type adapters
2024-10-22 20:38:44 INFO: Warning: Versions of org.bytedeco:javacpp:1.5.9 and org.bytedeco:opencv:4.6.0-1.5.8 do not match.
2024-10-22 20:38:44 INFO: Warning: Versions of org.bytedeco:javacpp:1.5.9 and org.bytedeco:openblas:0.3.21-1.5.8 do not match.
2024-10-22 20:38:45 INFO: project parameters are: {"detectionImageBrightfield": "Hematoxylin OD","requestedPixelSizeMicrons": 0.5,"backgroundRadiusMicrons": 4.0,"backgroundByReconstruction": true,"medianRadiusMicrons": 0.0,"sigmaMicrons": 1.5,"minAreaMicrons": 10.0,"maxAreaMicrons": 80.0,"threshold": 0.1,"maxBackground": 2.0,"watershedPostProcess": true,"cellExpansionMicrons": 5.0,"includeNuclei": true,"smoothBoundaries": true,"makeMeasurements": true,"backgroundRadiusPixel": 8.0,"cellExpansionPixel": 10.0,"medianRadiusPixel": 0.0,"minAreaPixel": 20.0,"maxAreaPixel": 160.0}
2024-10-22 20:38:45 INFO: New project created at: /home/ilants/Documents/jupyter_test/single_image_multiple_params/exp_requestedPixelSizeMicrons_0.5/QPProject
2024-10-22 20:38:45 INFO: Added: /home/ilants/Documents/jupyter_test/TCGA-GI-A2C8-01Z-00-DX1.09BD8AC9-645A-4C8B-9B36-77D833BDBA09.svs
2024-10-22 20:38:45 INFO: /home/ilants/Documents/jupyter_test/TCGA-GI-A2C8-01Z-00-DX1.09BD8AC9-645A-4C8B-9B36-77D833BDBA09.svs
2024-10-22 20:38:46 INFO: 20:38:46.029 [main] [INFO ] q.l.i.s.b.BioFormatsServerOptions - Setting max Bio-Formats readers to 32
2024-10-22 20:38:46 INFO: UriImageSupport (class qupath.lib.images.servers.bioformats.BioFormatsServerBuilder) support=3.0, builders=1
2024-10-22 20:38:46 INFO: true
2024-10-22 20:38:46 INFO: 20:38:46.687 [main] [WARN ] qupath.lib.scripting.QP - createSelectAllObject(boolean) is deprecated, use createFullImageAnnotation(boolean) instead
2024-10-22 20:38:46 INFO: 20:38:46.687 [main] [WARN ] qupath.lib.scripting.QP - createSelectAllObject(boolean, int, int) is deprecated, use createFullImageAnnotation(boolean, int, int) instead
2024-10-22 20:38:46 INFO: 20:38:46.698 [main] [WARN ] q.l.plugins.parameters.ParameterList - Unable to set parameter backgroundRadiusPixel with value 8.0
2024-10-22 20:38:46 INFO: 20:38:46.698 [main] [WARN ] q.l.plugins.parameters.ParameterList - Unable to set parameter cellExpansionPixel with value 10.0
2024-10-22 20:38:46 INFO: 20:38:46.698 [main] [WARN ] q.l.plugins.parameters.ParameterList - Unable to set parameter medianRadiusPixel with value 0.0
2024-10-22 20:38:46 INFO: 20:38:46.698 [main] [WARN ] q.l.plugins.parameters.ParameterList - Unable to set parameter minAreaPixel with value 20.0
2024-10-22 20:38:46 INFO: 20:38:46.698 [main] [WARN ] q.l.plugins.parameters.ParameterList - Unable to set parameter maxAreaPixel with value 160.0
2024-10-22 20:38:59 INFO: 20:38:59.155 [task-runner-1-12] [INFO ] q.lib.plugins.DetectionPluginTools - 0 nuclei detected (processing time: 12.35 seconds)
2024-10-22 20:38:59 INFO: 20:38:59.155 [task-runner-1-1] [INFO ] q.lib.plugins.DetectionPluginTools - 0 nuclei detected (processing time: 12.35 seconds)
2024-10-22 20:38:59 INFO: 20:38:59.158 [main] [INFO ] q.l.p.CommandLineTaskRunner$CommandLineProgressMonitor - 0 nuclei detected (1%)
2024-10-22 20:38:59 INFO: 20:38:59.155 [task-runner-1-4] [INFO ] q.lib.plugins.DetectionPluginTools - 0 nuclei detected (processing time: 12.35 seconds)
2024-10-22 20:38:59 INFO: 20:38:59.162 [main] [INFO ] q.l.p.CommandLineTaskRunner$CommandLineProgressMonitor - 0 nuclei detected (2%)
2024-10-22 20:38:59 INFO: 20:38:59.155 [task-runner-1-3] [INFO ] q.lib.plugins.DetectionPluginTools - 0 nuclei detected (processing time: 12.35 seconds)
2024-10-22 20:38:59 INFO: 20:38:59.155 [task-runner-1-9] [INFO ] q.lib.plugins.DetectionPluginTools - 0 nuclei detected (processing time: 12.35 seconds)
2024-10-22 20:38:59 INFO: 20:38:59.155 [task-runner-1-16] [INFO ] q.lib.plugins.DetectionPluginTools - 0 nuclei detected (processing time: 12.35 seconds)
2024-10-22 20:38:59 INFO: 20:38:59.167 [main] [INFO ] q.l.p.CommandLineTaskRunner$CommandLineProgressMonitor - 0 nuclei detected (3%)
2024-10-22 20:38:59 INFO: 20:38:59.167 [task-runner-1-15] [INFO ] q.lib.plugins.DetectionPluginTools - 0 nuclei detected (processing time: 12.36 seconds)
2024-10-22 20:38:59 INFO: 20:38:59.167 [main] [INFO ] q.l.p.CommandLineTaskRunner$CommandLineProgressMonitor - 0 nuclei detected (4%)
2024-10-22 20:38:59 INFO: 20:38:59.366 [task-runner-1-32] [INFO ] q.lib.plugins.DetectionPluginTools - 0 nuclei detected (processing time: 12.56 seconds)
2024-10-22 20:38:59 INFO: 20:38:59.367 [task-runner-1-48] [INFO ] q.lib.plugins.DetectionPluginTools - 0 nuclei detected (processing time: 12.56 seconds)
2024-10-22 20:38:59 INFO: 20:38:59.368 [main] [INFO ] q.l.p.CommandLineTaskRunner$CommandLineProgressMonitor - 0 nuclei detected (5%)
2024-10-22 20:38:59 INFO: 20:38:59.368 [main] [INFO ] q.l.p.CommandLineTaskRunner$CommandLineProgressMonitor - 0 nuclei detected (6%)
2024-10-22 20:39:00 INFO: 20:39:00.910 [task-runner-1-30] [INFO ] q.lib.plugins.DetectionPluginTools - 1 nucleus detected (processing time: 14.10 seconds)
2024-10-22 20:39:00 INFO: 20:39:00.911 [main] [INFO ] q.l.p.CommandLineTaskRunner$CommandLineProgressMonitor - 1 nucleus detected (6%)
2024-10-22 20:39:00 INFO: 20:39:00.913 [task-runner-1-11] [INFO ] q.lib.plugins.DetectionPluginTools - 1 nucleus detected (processing time: 14.11 seconds)
2024-10-22 20:39:00 INFO: 20:39:00.914 [main] [INFO ] q.l.p.CommandLineTaskRunner$CommandLineProgressMonitor - 1 nucleus detected (7%)
2024-10-22 20:39:00 INFO: 20:39:00.915 [task-runner-1-27] [INFO ] q.lib.plugins.DetectionPluginTools - 1 nucleus detected (processing time: 14.11 seconds)
2024-10-22 20:39:00 INFO: 20:39:00.916 [main] [INFO ] q.l.p.CommandLineTaskRunner$CommandLineProgressMonitor - 1 nucleus detected (8%)
2024-10-22 20:39:00 INFO: 20:39:00.916 [task-runner-1-8] [INFO ] q.lib.plugins.DetectionPluginTools - 2 nuclei detected (processing time: 14.11 seconds)
2024-10-22 20:39:00 INFO: 20:39:00.916 [main] [INFO ] q.l.p.CommandLineTaskRunner$CommandLineProgressMonitor - 2 nuclei detected (8%)
2024-10-22 20:39:00 INFO: 20:39:00.918 [task-runner-1-7] [INFO ] q.lib.plugins.DetectionPluginTools - 1 nucleus detected (processing time: 14.11 seconds)
2024-10-22 20:39:00 INFO: 20:39:00.918 [main] [INFO ] q.l.p.CommandLineTaskRunner$CommandLineProgressMonitor - 1 nucleus detected (9%)
2024-10-22 20:39:00 INFO: 20:39:00.920 [task-runner-1-10] [INFO ] q.lib.plugins.DetectionPluginTools - 1 nucleus detected (processing time: 14.11 seconds)
2024-10-22 20:39:00 INFO: 20:39:00.920 [task-runner-1-2] [INFO ] q.lib.plugins.DetectionPluginTools - 2 nuclei detected (processing time: 14.12 seconds)
2024-10-22 20:39:00 INFO: 20:39:00.921 [main] [INFO ] q.l.p.CommandLineTaskRunner$CommandLineProgressMonitor - 2 nuclei detected (10%)
2024-10-22 20:39:00 INFO: 20:39:00.922 [task-runner-1-17] [INFO ] q.lib.plugins.DetectionPluginTools - 3 nuclei detected (processing time: 14.11 seconds)
2024-10-22 20:39:00 INFO: 20:39:00.922 [main] [INFO ] q.l.p.CommandLineTaskRunner$CommandLineProgressMonitor - 3 nuclei detected (11%)
2024-10-22 20:39:00 INFO: 20:39:00.922 [task-runner-1-14] [INFO ] q.lib.plugins.DetectionPluginTools - 2 nuclei detected (processing time: 14.12 seconds)
2024-10-22 20:39:00 INFO: 20:39:00.923 [main] [INFO ] q.l.p.CommandLineTaskRunner$CommandLineProgressMonitor - 2 nuclei detected (11%)
2024-10-22 20:39:00 INFO: 20:39:00.923 [task-runner-1-29] [INFO ] q.lib.plugins.DetectionPluginTools - 5 nuclei detected (processing time: 14.11 seconds)
2024-10-22 20:39:00 INFO: 20:39:00.923 [main] [INFO ] q.l.p.CommandLineTaskRunner$CommandLineProgressMonitor - 5 nuclei detected (12%)
2024-10-22 20:39:00 INFO: 20:39:00.943 [task-runner-1-6] [INFO ] q.lib.plugins.DetectionPluginTools - 6 nuclei detected (processing time: 14.14 seconds)
2024-10-22 20:39:00 INFO: 20:39:00.946 [task-runner-1-31] [INFO ] q.lib.plugins.DetectionPluginTools - 13 nuclei detected (processing time: 14.13 seconds)
2024-10-22 20:39:00 INFO: 20:39:00.929 [task-runner-1-47] [INFO ] q.lib.plugins.DetectionPluginTools - 7 nuclei detected (processing time: 14.12 seconds)
2024-10-22 20:39:00 INFO: 20:39:00.946 [task-runner-1-13] [INFO ] q.lib.plugins.DetectionPluginTools - 8 nuclei detected (processing time: 14.12 seconds)
2024-10-22 20:39:00 INFO: 20:39:00.946 [main] [INFO ] q.l.p.CommandLineTaskRunner$CommandLineProgressMonitor - 6 nuclei detected (13%)
2024-10-22 20:39:00 INFO: 20:39:00.947 [main] [INFO ] q.l.p.CommandLineTaskRunner$CommandLineProgressMonitor - 13 nuclei detected (13%)
2024-10-22 20:39:00 INFO: 20:39:00.947 [main] [INFO ] q.l.p.CommandLineTaskRunner$CommandLineProgressMonitor - 7 nuclei detected (14%)
2024-10-22 20:39:00 INFO: 20:39:00.947 [main] [INFO ] q.l.p.CommandLineTaskRunner$CommandLineProgressMonitor - 8 nuclei detected (14%)
2024-10-22 20:39:01 INFO: 20:39:01.024 [task-runner-1-28] [INFO ] q.lib.plugins.DetectionPluginTools - 21 nuclei detected (processing time: 14.22 seconds)
2024-10-22 20:39:01 INFO: 20:39:01.026 [main] [INFO ] q.l.p.CommandLineTaskRunner$CommandLineProgressMonitor - 21 nuclei detected (15%)
2024-10-22 20:39:01 INFO: 20:39:01.040 [task-runner-1-26] [INFO ] q.lib.plugins.DetectionPluginTools - 50 nuclei detected (processing time: 14.23 seconds)
2024-10-22 20:39:01 INFO: 20:39:01.041 [main] [INFO ] q.l.p.CommandLineTaskRunner$CommandLineProgressMonitor - 50 nuclei detected (16%)
2024-10-22 20:39:01 INFO: 20:39:01.051 [task-runner-1-5] [INFO ] q.lib.plugins.DetectionPluginTools - 61 nuclei detected (processing time: 14.25 seconds)
2024-10-22 20:39:01 INFO: 20:39:01.052 [task-runner-1-46] [INFO ] q.lib.plugins.DetectionPluginTools - 58 nuclei detected (processing time: 14.24 seconds)
2024-10-22 20:39:01 INFO: 20:39:01.055 [main] [INFO ] q.l.p.CommandLineTaskRunner$CommandLineProgressMonitor - 58 nuclei detected (16%)
2024-10-22 20:39:01 INFO: 20:39:01.060 [main] [INFO ] q.l.p.CommandLineTaskRunner$CommandLineProgressMonitor - 61 nuclei detected (17%)
2024-10-22 20:39:02 INFO: 20:39:02.951 [task-runner-1-45] [INFO ] q.lib.plugins.DetectionPluginTools - 115 nuclei detected (processing time: 16.14 seconds)
2024-10-22 20:39:02 INFO: 20:39:02.953 [main] [INFO ] q.l.p.CommandLineTaskRunner$CommandLineProgressMonitor - 115 nuclei detected (18%)
2024-10-22 20:39:03 INFO: 20:39:03.028 [task-runner-1-19] [INFO ] q.lib.plugins.DetectionPluginTools - 153 nuclei detected (processing time: 16.22 seconds)
2024-10-22 20:39:03 INFO: 20:39:03.029 [main] [INFO ] q.l.p.CommandLineTaskRunner$CommandLineProgressMonitor - 153 nuclei detected (18%)
2024-10-22 20:39:03 INFO: 20:39:03.029 [task-runner-1-63] [INFO ] q.lib.plugins.DetectionPluginTools - 150 nuclei detected (processing time: 16.21 seconds)
2024-10-22 20:39:03 INFO: 20:39:03.042 [main] [INFO ] q.l.p.CommandLineTaskRunner$CommandLineProgressMonitor - 150 nuclei detected (19%)
2024-10-22 20:39:03 INFO: 20:39:03.060 [task-runner-1-61] [INFO ] q.lib.plugins.DetectionPluginTools - 210 nuclei detected (processing time: 16.25 seconds)
2024-10-22 20:39:03 INFO: 20:39:03.062 [main] [INFO ] q.l.p.CommandLineTaskRunner$CommandLineProgressMonitor - 210 nuclei detected (19%)
2024-10-22 20:39:03 INFO: 20:39:03.075 [task-runner-1-49] [INFO ] q.lib.plugins.DetectionPluginTools - 131 nuclei detected (processing time: 16.26 seconds)
2024-10-22 20:39:03 INFO: 20:39:03.076 [main] [INFO ] q.l.p.CommandLineTaskRunner$CommandLineProgressMonitor - 131 nuclei detected (20%)
2024-10-22 20:39:03 INFO: 20:39:03.089 [task-runner-1-18] [INFO ] q.lib.plugins.DetectionPluginTools - 252 nuclei detected (processing time: 16.28 seconds)
2024-10-22 20:39:03 INFO: 20:39:03.091 [main] [INFO ] q.l.p.CommandLineTaskRunner$CommandLineProgressMonitor - 252 nuclei detected (21%)
2024-10-22 20:39:03 INFO: 20:39:03.096 [task-runner-1-33] [INFO ] q.lib.plugins.DetectionPluginTools - 237 nuclei detected (processing time: 16.28 seconds)
2024-10-22 20:39:03 INFO: 20:39:03.098 [main] [INFO ] q.l.p.CommandLineTaskRunner$CommandLineProgressMonitor - 237 nuclei detected (21%)
2024-10-22 20:39:03 INFO: 20:39:03.124 [task-runner-1-62] [INFO ] q.lib.plugins.DetectionPluginTools - 219 nuclei detected (processing time: 16.31 seconds)
2024-10-22 20:39:03 INFO: 20:39:03.125 [main] [INFO ] q.l.p.CommandLineTaskRunner$CommandLineProgressMonitor - 219 nuclei detected (22%)
2024-10-22 20:39:03 INFO: 20:39:03.254 [task-runner-1-35] [INFO ] q.lib.plugins.DetectionPluginTools - 288 nuclei detected (processing time: 16.44 seconds)
2024-10-22 20:39:03 INFO: 20:39:03.255 [main] [INFO ] q.l.p.CommandLineTaskRunner$CommandLineProgressMonitor - 288 nuclei detected (23%)
2024-10-22 20:39:03 INFO: 20:39:03.263 [task-runner-1-50] [INFO ] q.lib.plugins.DetectionPluginTools - 331 nuclei detected (processing time: 16.45 seconds)
2024-10-22 20:39:03 INFO: 20:39:03.264 [main] [INFO ] q.l.p.CommandLineTaskRunner$CommandLineProgressMonitor - 331 nuclei detected (23%)
2024-10-22 20:39:03 INFO: 20:39:03.378 [task-runner-1-44] [INFO ] q.lib.plugins.DetectionPluginTools - 276 nuclei detected (processing time: 16.57 seconds)
2024-10-22 20:39:03 INFO: 20:39:03.380 [main] [INFO ] q.l.p.CommandLineTaskRunner$CommandLineProgressMonitor - 276 nuclei detected (24%)
2024-10-22 20:39:03 INFO: 20:39:03.404 [task-runner-1-34] [INFO ] q.lib.plugins.DetectionPluginTools - 407 nuclei detected (processing time: 16.59 seconds)
2024-10-22 20:39:03 INFO: 20:39:03.405 [main] [INFO ] q.l.p.CommandLineTaskRunner$CommandLineProgressMonitor - 407 nuclei detected (24%)
2024-10-22 20:39:03 INFO: 20:39:03.438 [task-runner-1-25] [INFO ] q.lib.plugins.DetectionPluginTools - 355 nuclei detected (processing time: 16.63 seconds)
2024-10-22 20:39:03 INFO: 20:39:03.439 [main] [INFO ] q.l.p.CommandLineTaskRunner$CommandLineProgressMonitor - 355 nuclei detected (25%)
2024-10-22 20:39:03 INFO: 20:39:03.499 [task-runner-1-20] [INFO ] q.lib.plugins.DetectionPluginTools - 688 nuclei detected (processing time: 16.69 seconds)
2024-10-22 20:39:03 INFO: 20:39:03.500 [main] [INFO ] q.l.p.CommandLineTaskRunner$CommandLineProgressMonitor - 688 nuclei detected (26%)
2024-10-22 20:39:03 INFO: 20:39:03.708 [task-runner-1-51] [INFO ] q.lib.plugins.DetectionPluginTools - 890 nuclei detected (processing time: 16.90 seconds)
2024-10-22 20:39:03 INFO: 20:39:03.709 [main] [INFO ] q.l.p.CommandLineTaskRunner$CommandLineProgressMonitor - 890 nuclei detected (26%)
2024-10-22 20:39:03 INFO: 20:39:03.746 [task-runner-1-24] [INFO ] q.lib.plugins.DetectionPluginTools - 1021 nuclei detected (processing time: 16.94 seconds)
2024-10-22 20:39:03 INFO: 20:39:03.747 [main] [INFO ] q.l.p.CommandLineTaskRunner$CommandLineProgressMonitor - 1021 nuclei detected (27%)
2024-10-22 20:39:03 INFO: 20:39:03.768 [task-runner-1-43] [INFO ] q.lib.plugins.DetectionPluginTools - 1000 nuclei detected (processing time: 16.96 seconds)
2024-10-22 20:39:03 INFO: 20:39:03.768 [main] [INFO ] q.l.p.CommandLineTaskRunner$CommandLineProgressMonitor - 1000 nuclei detected (28%)
2024-10-22 20:39:03 INFO: 20:39:03.769 [task-runner-1-23] [INFO ] q.lib.plugins.DetectionPluginTools - 1019 nuclei detected (processing time: 16.96 seconds)
2024-10-22 20:39:03 INFO: 20:39:03.772 [main] [INFO ] q.l.p.CommandLineTaskRunner$CommandLineProgressMonitor - 1019 nuclei detected (28%)
2024-10-22 20:39:03 INFO: 20:39:03.859 [task-runner-1-60] [INFO ] q.lib.plugins.DetectionPluginTools - 1147 nuclei detected (processing time: 17.05 seconds)
2024-10-22 20:39:03 INFO: 20:39:03.860 [main] [INFO ] q.l.p.CommandLineTaskRunner$CommandLineProgressMonitor - 1147 nuclei detected (29%)
2024-10-22 20:39:03 INFO: 20:39:03.875 [task-runner-1-22] [INFO ] q.lib.plugins.DetectionPluginTools - 1415 nuclei detected (processing time: 17.07 seconds)
2024-10-22 20:39:03 INFO: 20:39:03.876 [main] [INFO ] q.l.p.CommandLineTaskRunner$CommandLineProgressMonitor - 1415 nuclei detected (29%)
2024-10-22 20:39:04 INFO: 20:39:04.736 [task-runner-1-36] [INFO ] q.lib.plugins.DetectionPluginTools - 2090 nuclei detected (processing time: 17.93 seconds)
2024-10-22 20:39:04 INFO: 20:39:04.738 [main] [INFO ] q.l.p.CommandLineTaskRunner$CommandLineProgressMonitor - 2090 nuclei detected (30%)
2024-10-22 20:39:05 INFO: 20:39:05.562 [task-runner-1-12] [INFO ] q.lib.plugins.DetectionPluginTools - 1 nucleus detected (processing time: 6.40 seconds)
2024-10-22 20:39:05 INFO: 20:39:05.563 [main] [INFO ] q.l.p.CommandLineTaskRunner$CommandLineProgressMonitor - 1 nucleus detected (31%)
2024-10-22 20:39:07 INFO: 20:39:06.999 [task-runner-1-59] [INFO ] q.lib.plugins.DetectionPluginTools - 2800 nuclei detected (processing time: 20.19 seconds)
2024-10-22 20:39:07 INFO: 20:39:07.001 [main] [INFO ] q.l.p.CommandLineTaskRunner$CommandLineProgressMonitor - 2800 nuclei detected (31%)
2024-10-22 20:39:07 INFO: 20:39:07.251 [task-runner-1-1] [INFO ] q.lib.plugins.DetectionPluginTools - 117 nuclei detected (processing time: 8.09 seconds)
2024-10-22 20:39:07 INFO: 20:39:07.253 [main] [INFO ] q.l.p.CommandLineTaskRunner$CommandLineProgressMonitor - 117 nuclei detected (32%)
2024-10-22 20:39:07 INFO: 20:39:07.383 [task-runner-1-52] [INFO ] q.lib.plugins.DetectionPluginTools - 2602 nuclei detected (processing time: 20.57 seconds)
2024-10-22 20:39:07 INFO: 20:39:07.385 [main] [INFO ] q.l.p.CommandLineTaskRunner$CommandLineProgressMonitor - 2602 nuclei detected (33%)
2024-10-22 20:39:07 INFO: 20:39:07.612 [task-runner-1-42] [INFO ] q.lib.plugins.DetectionPluginTools - 2702 nuclei detected (processing time: 20.80 seconds)
2024-10-22 20:39:07 INFO: 20:39:07.613 [main] [INFO ] q.l.p.CommandLineTaskRunner$CommandLineProgressMonitor - 2702 nuclei detected (33%)
2024-10-22 20:39:07 INFO: 20:39:07.873 [task-runner-1-17] [INFO ] q.lib.plugins.DetectionPluginTools - 0 nuclei detected (processing time: 6.95 seconds)
2024-10-22 20:39:07 INFO: 20:39:07.875 [main] [INFO ] q.l.p.CommandLineTaskRunner$CommandLineProgressMonitor - 0 nuclei detected (34%)
2024-10-22 20:39:07 INFO: 20:39:07.944 [task-runner-1-4] [INFO ] q.lib.plugins.DetectionPluginTools - 385 nuclei detected (processing time: 8.78 seconds)
2024-10-22 20:39:07 INFO: 20:39:07.945 [main] [INFO ] q.l.p.CommandLineTaskRunner$CommandLineProgressMonitor - 385 nuclei detected (34%)
2024-10-22 20:39:08 INFO: 20:39:08.025 [task-runner-1-40] [INFO ] q.lib.plugins.DetectionPluginTools - 2163 nuclei detected (processing time: 21.21 seconds)
2024-10-22 20:39:08 INFO: 20:39:08.025 [main] [INFO ] q.l.p.CommandLineTaskRunner$CommandLineProgressMonitor - 2163 nuclei detected (35%)
2024-10-22 20:39:08 INFO: 20:39:08.145 [task-runner-1-21] [INFO ] q.lib.plugins.DetectionPluginTools - 3809 nuclei detected (processing time: 21.34 seconds)
2024-10-22 20:39:08 INFO: 20:39:08.146 [main] [INFO ] q.l.p.CommandLineTaskRunner$CommandLineProgressMonitor - 3809 nuclei detected (36%)
2024-10-22 20:39:08 INFO: 20:39:08.289 [task-runner-1-16] [INFO ] q.lib.plugins.DetectionPluginTools - 495 nuclei detected (processing time: 9.12 seconds)
2024-10-22 20:39:08 INFO: 20:39:08.291 [main] [INFO ] q.l.p.CommandLineTaskRunner$CommandLineProgressMonitor - 495 nuclei detected (36%)
2024-10-22 20:39:08 INFO: 20:39:08.500 [task-runner-1-29] [INFO ] q.lib.plugins.DetectionPluginTools - 140 nuclei detected (processing time: 7.58 seconds)
2024-10-22 20:39:08 INFO: 20:39:08.502 [main] [INFO ] q.l.p.CommandLineTaskRunner$CommandLineProgressMonitor - 140 nuclei detected (37%)
2024-10-22 20:39:08 INFO: 20:39:08.978 [task-runner-1-14] [INFO ] q.lib.plugins.DetectionPluginTools - 117 nuclei detected (processing time: 8.06 seconds)
2024-10-22 20:39:08 INFO: 20:39:08.980 [main] [INFO ] q.l.p.CommandLineTaskRunner$CommandLineProgressMonitor - 117 nuclei detected (38%)
2024-10-22 20:39:08 INFO: 20:39:08.984 [task-runner-1-41] [INFO ] q.lib.plugins.DetectionPluginTools - 2538 nuclei detected (processing time: 22.17 seconds)
2024-10-22 20:39:08 INFO: 20:39:08.988 [main] [INFO ] q.l.p.CommandLineTaskRunner$CommandLineProgressMonitor - 2538 nuclei detected (38%)
2024-10-22 20:39:09 INFO: 20:39:09.118 [task-runner-1-2] [INFO ] q.lib.plugins.DetectionPluginTools - 217 nuclei detected (processing time: 8.20 seconds)
2024-10-22 20:39:09 INFO: 20:39:09.119 [main] [INFO ] q.l.p.CommandLineTaskRunner$CommandLineProgressMonitor - 217 nuclei detected (39%)
2024-10-22 20:39:09 INFO: 20:39:09.765 [task-runner-1-18] [INFO ] q.lib.plugins.DetectionPluginTools - 3 nuclei detected (processing time: 6.67 seconds)
2024-10-22 20:39:09 INFO: 20:39:09.772 [main] [INFO ] q.l.p.CommandLineTaskRunner$CommandLineProgressMonitor - 3 nuclei detected (39%)
2024-10-22 20:39:09 INFO: 20:39:09.884 [task-runner-1-58] [INFO ] q.lib.plugins.DetectionPluginTools - 2731 nuclei detected (processing time: 23.07 seconds)
2024-10-22 20:39:09 INFO: 20:39:09.886 [main] [INFO ] q.l.p.CommandLineTaskRunner$CommandLineProgressMonitor - 2731 nuclei detected (40%)
2024-10-22 20:39:10 INFO: 20:39:10.059 [task-runner-1-39] [INFO ] q.lib.plugins.DetectionPluginTools - 2983 nuclei detected (processing time: 23.25 seconds)
2024-10-22 20:39:10 INFO: 20:39:10.060 [main] [INFO ] q.l.p.CommandLineTaskRunner$CommandLineProgressMonitor - 2983 nuclei detected (41%)
2024-10-22 20:39:10 INFO: 20:39:10.146 [task-runner-1-49] [INFO ] q.lib.plugins.DetectionPluginTools - 110 nuclei detected (processing time: 7.07 seconds)
2024-10-22 20:39:10 INFO: 20:39:10.148 [main] [INFO ] q.l.p.CommandLineTaskRunner$CommandLineProgressMonitor - 110 nuclei detected (41%)
2024-10-22 20:39:10 INFO: 20:39:10.436 [task-runner-1-55] [INFO ] q.lib.plugins.DetectionPluginTools - 3329 nuclei detected (processing time: 23.62 seconds)
2024-10-22 20:39:10 INFO: 20:39:10.437 [main] [INFO ] q.l.p.CommandLineTaskRunner$CommandLineProgressMonitor - 3329 nuclei detected (42%)
2024-10-22 20:39:10 INFO: 20:39:10.702 [task-runner-1-33] [INFO ] q.lib.plugins.DetectionPluginTools - 152 nuclei detected (processing time: 7.61 seconds)
2024-10-22 20:39:10 INFO: 20:39:10.703 [main] [INFO ] q.l.p.CommandLineTaskRunner$CommandLineProgressMonitor - 152 nuclei detected (43%)
2024-10-22 20:39:10 INFO: 20:39:10.921 [task-runner-1-62] [INFO ] q.lib.plugins.DetectionPluginTools - 150 nuclei detected (processing time: 7.80 seconds)
2024-10-22 20:39:10 INFO: 20:39:10.922 [main] [INFO ] q.l.p.CommandLineTaskRunner$CommandLineProgressMonitor - 150 nuclei detected (43%)
2024-10-22 20:39:10 INFO: 20:39:10.971 [task-runner-1-6] [INFO ] q.lib.plugins.DetectionPluginTools - 869 nuclei detected (processing time: 10.03 seconds)
2024-10-22 20:39:10 INFO: 20:39:10.979 [main] [INFO ] q.l.p.CommandLineTaskRunner$CommandLineProgressMonitor - 869 nuclei detected (44%)
2024-10-22 20:39:10 INFO: 20:39:10.985 [task-runner-1-38] [INFO ] q.lib.plugins.DetectionPluginTools - 3909 nuclei detected (processing time: 24.17 seconds)
2024-10-22 20:39:10 INFO: 20:39:10.988 [main] [INFO ] q.l.p.CommandLineTaskRunner$CommandLineProgressMonitor - 3909 nuclei detected (44%)
2024-10-22 20:39:11 INFO: 20:39:11.038 [task-runner-1-57] [INFO ] q.lib.plugins.DetectionPluginTools - 3348 nuclei detected (processing time: 24.22 seconds)
2024-10-22 20:39:11 INFO: 20:39:11.041 [main] [INFO ] q.l.p.CommandLineTaskRunner$CommandLineProgressMonitor - 3348 nuclei detected (45%)
2024-10-22 20:39:11 INFO: 20:39:11.367 [task-runner-1-37] [INFO ] q.lib.plugins.DetectionPluginTools - 4544 nuclei detected (processing time: 24.56 seconds)
2024-10-22 20:39:11 INFO: 20:39:11.368 [main] [INFO ] q.l.p.CommandLineTaskRunner$CommandLineProgressMonitor - 4544 nuclei detected (46%)
2024-10-22 20:39:11 INFO: 20:39:11.383 [task-runner-1-35] [INFO ] q.lib.plugins.DetectionPluginTools - 246 nuclei detected (processing time: 8.13 seconds)
2024-10-22 20:39:11 INFO: 20:39:11.385 [main] [INFO ] q.l.p.CommandLineTaskRunner$CommandLineProgressMonitor - 246 nuclei detected (46%)
2024-10-22 20:39:11 INFO: 20:39:11.426 [task-runner-1-36] [INFO ] q.lib.plugins.DetectionPluginTools - 45 nuclei detected (processing time: 6.69 seconds)
2024-10-22 20:39:11 INFO: 20:39:11.440 [main] [INFO ] q.l.p.CommandLineTaskRunner$CommandLineProgressMonitor - 45 nuclei detected (47%)
2024-10-22 20:39:11 INFO: 20:39:11.608 [task-runner-1-12] [INFO ] q.lib.plugins.DetectionPluginTools - 1 nucleus detected (processing time: 6.04 seconds)
2024-10-22 20:39:11 INFO: 20:39:11.610 [main] [INFO ] q.l.p.CommandLineTaskRunner$CommandLineProgressMonitor - 1 nucleus detected (48%)
2024-10-22 20:39:11 INFO: 20:39:11.665 [task-runner-1-54] [INFO ] q.lib.plugins.DetectionPluginTools - 4689 nuclei detected (processing time: 24.85 seconds)
2024-10-22 20:39:11 INFO: 20:39:11.667 [main] [INFO ] q.l.p.CommandLineTaskRunner$CommandLineProgressMonitor - 4689 nuclei detected (48%)
2024-10-22 20:39:12 INFO: 20:39:12.067 [task-runner-1-10] [INFO ] q.lib.plugins.DetectionPluginTools - 747 nuclei detected (processing time: 11.15 seconds)
2024-10-22 20:39:12 INFO: 20:39:12.068 [main] [INFO ] q.l.p.CommandLineTaskRunner$CommandLineProgressMonitor - 747 nuclei detected (49%)
2024-10-22 20:39:12 INFO: 20:39:12.101 [task-runner-1-56] [INFO ] q.lib.plugins.DetectionPluginTools - 4090 nuclei detected (processing time: 25.29 seconds)
2024-10-22 20:39:12 INFO: 20:39:12.103 [main] [INFO ] q.l.p.CommandLineTaskRunner$CommandLineProgressMonitor - 4090 nuclei detected (49%)
2024-10-22 20:39:12 INFO: 20:39:12.882 [task-runner-1-53] [INFO ] q.lib.plugins.DetectionPluginTools - 6137 nuclei detected (processing time: 26.07 seconds)
2024-10-22 20:39:12 INFO: 20:39:12.884 [main] [INFO ] q.l.p.CommandLineTaskRunner$CommandLineProgressMonitor - 6137 nuclei detected (50%)
2024-10-22 20:39:14 INFO: 20:39:14.134 [task-runner-1-59] [INFO ] q.lib.plugins.DetectionPluginTools - 343 nuclei detected (processing time: 7.13 seconds)
2024-10-22 20:39:14 INFO: 20:39:14.136 [main] [INFO ] q.l.p.CommandLineTaskRunner$CommandLineProgressMonitor - 343 nuclei detected (51%)
2024-10-22 20:39:14 INFO: 20:39:14.304 [task-runner-1-61] [INFO ] q.lib.plugins.DetectionPluginTools - 795 nuclei detected (processing time: 11.24 seconds)
2024-10-22 20:39:14 INFO: 20:39:14.306 [main] [INFO ] q.l.p.CommandLineTaskRunner$CommandLineProgressMonitor - 795 nuclei detected (51%)
2024-10-22 20:39:15 INFO: 20:39:15.051 [task-runner-1-1] [INFO ] q.lib.plugins.DetectionPluginTools - 261 nuclei detected (processing time: 7.80 seconds)
2024-10-22 20:39:15 INFO: 20:39:15.053 [main] [INFO ] q.l.p.CommandLineTaskRunner$CommandLineProgressMonitor - 261 nuclei detected (52%)
2024-10-22 20:39:15 INFO: 20:39:15.373 [task-runner-1-7] [INFO ] q.lib.plugins.DetectionPluginTools - 1457 nuclei detected (processing time: 14.46 seconds)
2024-10-22 20:39:15 INFO: 20:39:15.375 [main] [INFO ] q.l.p.CommandLineTaskRunner$CommandLineProgressMonitor - 1457 nuclei detected (53%)
2024-10-22 20:39:16 INFO: 20:39:16.407 [task-runner-1-58] [INFO ] q.lib.plugins.DetectionPluginTools - 0 nuclei detected (processing time: 6.52 seconds)
2024-10-22 20:39:16 INFO: 20:39:16.409 [main] [INFO ] q.l.p.CommandLineTaskRunner$CommandLineProgressMonitor - 0 nuclei detected (53%)
2024-10-22 20:39:16 INFO: 20:39:16.858 [task-runner-1-39] [INFO ] q.lib.plugins.DetectionPluginTools - 0 nuclei detected (processing time: 6.80 seconds)
2024-10-22 20:39:16 INFO: 20:39:16.860 [main] [INFO ] q.l.p.CommandLineTaskRunner$CommandLineProgressMonitor - 0 nuclei detected (54%)
2024-10-22 20:39:17 INFO: 20:39:17.214 [task-runner-1-35] [INFO ] q.lib.plugins.DetectionPluginTools - 23 nuclei detected (processing time: 5.83 seconds)
2024-10-22 20:39:17 INFO: 20:39:17.215 [main] [INFO ] q.l.p.CommandLineTaskRunner$CommandLineProgressMonitor - 23 nuclei detected (54%)
2024-10-22 20:39:17 INFO: 20:39:17.249 [task-runner-1-62] [INFO ] q.lib.plugins.DetectionPluginTools - 3 nuclei detected (processing time: 6.33 seconds)
2024-10-22 20:39:17 INFO: 20:39:17.250 [main] [INFO ] q.l.p.CommandLineTaskRunner$CommandLineProgressMonitor - 3 nuclei detected (55%)
2024-10-22 20:39:17 INFO: 20:39:17.373 [task-runner-1-9] [INFO ] q.lib.plugins.DetectionPluginTools - 2775 nuclei detected (processing time: 18.21 seconds)
2024-10-22 20:39:17 INFO: 20:39:17.374 [main] [INFO ] q.l.p.CommandLineTaskRunner$CommandLineProgressMonitor - 2775 nuclei detected (56%)
2024-10-22 20:39:17 INFO: 20:39:17.411 [task-runner-1-55] [INFO ] q.lib.plugins.DetectionPluginTools - 81 nuclei detected (processing time: 6.97 seconds)
2024-10-22 20:39:17 INFO: 20:39:17.414 [main] [INFO ] q.l.p.CommandLineTaskRunner$CommandLineProgressMonitor - 81 nuclei detected (56%)
2024-10-22 20:39:17 INFO: 20:39:17.601 [task-runner-1-37] [INFO ] q.lib.plugins.DetectionPluginTools - 0 nuclei detected (processing time: 6.23 seconds)
2024-10-22 20:39:17 INFO: 20:39:17.603 [main] [INFO ] q.l.p.CommandLineTaskRunner$CommandLineProgressMonitor - 0 nuclei detected (57%)
2024-10-22 20:39:17 INFO: 20:39:17.680 [task-runner-1-57] [INFO ] q.lib.plugins.DetectionPluginTools - 0 nuclei detected (processing time: 6.64 seconds)
2024-10-22 20:39:17 INFO: 20:39:17.720 [task-runner-1-38] [INFO ] q.lib.plugins.DetectionPluginTools - 0 nuclei detected (processing time: 6.73 seconds)
2024-10-22 20:39:17 INFO: 20:39:17.725 [main] [INFO ] q.l.p.CommandLineTaskRunner$CommandLineProgressMonitor - 0 nuclei detected (58%)
2024-10-22 20:39:17 INFO: 20:39:17.793 [task-runner-1-6] [INFO ] q.lib.plugins.DetectionPluginTools - 12 nuclei detected (processing time: 6.81 seconds)
2024-10-22 20:39:17 INFO: 20:39:17.808 [main] [INFO ] q.l.p.CommandLineTaskRunner$CommandLineProgressMonitor - 12 nuclei detected (59%)
2024-10-22 20:39:17 INFO: 20:39:17.831 [task-runner-1-49] [INFO ] q.lib.plugins.DetectionPluginTools - 112 nuclei detected (processing time: 7.68 seconds)
2024-10-22 20:39:17 INFO: 20:39:17.833 [main] [INFO ] q.l.p.CommandLineTaskRunner$CommandLineProgressMonitor - 112 nuclei detected (59%)
2024-10-22 20:39:18 INFO: 20:39:18.144 [task-runner-1-22] [INFO ] q.lib.plugins.DetectionPluginTools - 2324 nuclei detected (processing time: 14.27 seconds)
2024-10-22 20:39:18 INFO: 20:39:18.146 [main] [INFO ] q.l.p.CommandLineTaskRunner$CommandLineProgressMonitor - 2324 nuclei detected (60%)
2024-10-22 20:39:18 INFO: 20:39:18.273 [task-runner-1-33] [INFO ] q.lib.plugins.DetectionPluginTools - 111 nuclei detected (processing time: 7.57 seconds)
2024-10-22 20:39:18 INFO: 20:39:18.277 [main] [INFO ] q.l.p.CommandLineTaskRunner$CommandLineProgressMonitor - 111 nuclei detected (61%)
2024-10-22 20:39:18 INFO: 20:39:18.378 [task-runner-1-52] [INFO ] q.lib.plugins.DetectionPluginTools - 310 nuclei detected (processing time: 10.99 seconds)
2024-10-22 20:39:18 INFO: 20:39:18.379 [main] [INFO ] q.l.p.CommandLineTaskRunner$CommandLineProgressMonitor - 310 nuclei detected (61%)
2024-10-22 20:39:18 INFO: 20:39:18.606 [task-runner-1-36] [INFO ] q.lib.plugins.DetectionPluginTools - 362 nuclei detected (processing time: 7.17 seconds)
2024-10-22 20:39:18 INFO: 20:39:18.608 [main] [INFO ] q.l.p.CommandLineTaskRunner$CommandLineProgressMonitor - 362 nuclei detected (62%)
2024-10-22 20:39:19 INFO: 20:39:19.243 [task-runner-1-56] [INFO ] q.lib.plugins.DetectionPluginTools - 0 nuclei detected (processing time: 7.14 seconds)
2024-10-22 20:39:19 INFO: 20:39:19.243 [main] [INFO ] q.l.p.CommandLineTaskRunner$CommandLineProgressMonitor - 0 nuclei detected (63%)
2024-10-22 20:39:19 INFO: 20:39:19.555 [task-runner-1-18] [INFO ] q.lib.plugins.DetectionPluginTools - 1125 nuclei detected (processing time: 9.78 seconds)
2024-10-22 20:39:19 INFO: 20:39:19.556 [main] [INFO ] q.l.p.CommandLineTaskRunner$CommandLineProgressMonitor - 1125 nuclei detected (63%)
2024-10-22 20:39:19 INFO: 20:39:19.646 [task-runner-1-53] [INFO ] q.lib.plugins.DetectionPluginTools - 0 nuclei detected (processing time: 6.76 seconds)
2024-10-22 20:39:19 INFO: 20:39:19.647 [main] [INFO ] q.l.p.CommandLineTaskRunner$CommandLineProgressMonitor - 0 nuclei detected (64%)
2024-10-22 20:39:20 INFO: 20:39:20.108 [task-runner-1-59] [INFO ] q.lib.plugins.DetectionPluginTools - 0 nuclei detected (processing time: 5.97 seconds)
2024-10-22 20:39:21 INFO: 20:39:21.004 [task-runner-1-61] [INFO ] q.lib.plugins.DetectionPluginTools - 8 nuclei detected (processing time: 6.70 seconds)
2024-10-22 20:39:21 INFO: 20:39:21.004 [main] [INFO ] q.l.p.CommandLineTaskRunner$CommandLineProgressMonitor - 8 nuclei detected (65%)
2024-10-22 20:39:21 INFO: 20:39:21.215 [task-runner-1-1] [INFO ] q.lib.plugins.DetectionPluginTools - 1 nucleus detected (processing time: 6.16 seconds)
2024-10-22 20:39:21 INFO: 20:39:21.216 [main] [INFO ] q.l.p.CommandLineTaskRunner$CommandLineProgressMonitor - 1 nucleus detected (66%)
2024-10-22 20:39:21 INFO: 20:39:21.587 [task-runner-1-12] [INFO ] q.lib.plugins.DetectionPluginTools - 1571 nuclei detected (processing time: 9.98 seconds)
2024-10-22 20:39:21 INFO: 20:39:21.588 [main] [INFO ] q.l.p.CommandLineTaskRunner$CommandLineProgressMonitor - 1571 nuclei detected (66%)
2024-10-22 20:39:21 INFO: 20:39:21.697 [task-runner-1-31] [INFO ] q.lib.plugins.DetectionPluginTools - 3191 nuclei detected (processing time: 20.75 seconds)
2024-10-22 20:39:21 INFO: 20:39:21.699 [main] [INFO ] q.l.p.CommandLineTaskRunner$CommandLineProgressMonitor - 3191 nuclei detected (67%)
2024-10-22 20:39:21 INFO: 20:39:21.953 [task-runner-1-63] [INFO ] q.lib.plugins.DetectionPluginTools - 2551 nuclei detected (processing time: 18.91 seconds)
2024-10-22 20:39:21 INFO: 20:39:21.954 [main] [INFO ] q.l.p.CommandLineTaskRunner$CommandLineProgressMonitor - 2551 nuclei detected (68%)
2024-10-22 20:39:22 INFO: 20:39:22.016 [task-runner-1-7] [INFO ] q.lib.plugins.DetectionPluginTools - 0 nuclei detected (processing time: 6.64 seconds)
2024-10-22 20:39:22 INFO: 20:39:22.017 [main] [INFO ] q.l.p.CommandLineTaskRunner$CommandLineProgressMonitor - 0 nuclei detected (68%)
2024-10-22 20:39:22 INFO: 20:39:22.082 [task-runner-1-8] [INFO ] q.lib.plugins.DetectionPluginTools - 3365 nuclei detected (processing time: 21.17 seconds)
2024-10-22 20:39:22 INFO: 20:39:22.084 [main] [INFO ] q.l.p.CommandLineTaskRunner$CommandLineProgressMonitor - 3365 nuclei detected (69%)
2024-10-22 20:39:22 INFO: 20:39:22.140 [task-runner-1-40] [INFO ] q.lib.plugins.DetectionPluginTools - 1384 nuclei detected (processing time: 14.11 seconds)
2024-10-22 20:39:22 INFO: 20:39:22.140 [main] [INFO ] q.l.p.CommandLineTaskRunner$CommandLineProgressMonitor - 1384 nuclei detected (69%)
2024-10-22 20:39:22 INFO: 20:39:22.200 [task-runner-1-39] [INFO ] q.lib.plugins.DetectionPluginTools - 1 nucleus detected (processing time: 5.34 seconds)
2024-10-22 20:39:22 INFO: 20:39:22.201 [main] [INFO ] q.l.p.CommandLineTaskRunner$CommandLineProgressMonitor - 1 nucleus detected (70%)
2024-10-22 20:39:22 INFO: 20:39:22.272 [task-runner-1-19] [INFO ] q.lib.plugins.DetectionPluginTools - 2958 nuclei detected (processing time: 19.24 seconds)
2024-10-22 20:39:22 INFO: 20:39:22.272 [main] [INFO ] q.l.p.CommandLineTaskRunner$CommandLineProgressMonitor - 2958 nuclei detected (71%)
2024-10-22 20:39:22 INFO: 20:39:22.347 [task-runner-1-58] [INFO ] q.lib.plugins.DetectionPluginTools - 1 nucleus detected (processing time: 5.94 seconds)
2024-10-22 20:39:22 INFO: 20:39:22.348 [main] [INFO ] q.l.p.CommandLineTaskRunner$CommandLineProgressMonitor - 1 nucleus detected (71%)
2024-10-22 20:39:22 INFO: 20:39:22.381 [task-runner-1-5] [INFO ] q.lib.plugins.DetectionPluginTools - 3646 nuclei detected (processing time: 21.32 seconds)
2024-10-22 20:39:22 INFO: 20:39:22.381 [main] [INFO ] q.l.p.CommandLineTaskRunner$CommandLineProgressMonitor - 3646 nuclei detected (72%)
2024-10-22 20:39:22 INFO: 20:39:22.386 [task-runner-1-48] [INFO ] q.lib.plugins.DetectionPluginTools - 4331 nuclei detected (processing time: 23.02 seconds)
2024-10-22 20:39:22 INFO: 20:39:22.386 [main] [INFO ] q.l.p.CommandLineTaskRunner$CommandLineProgressMonitor - 4331 nuclei detected (73%)
2024-10-22 20:39:22 INFO: 20:39:22.754 [task-runner-1-30] [INFO ] q.lib.plugins.DetectionPluginTools - 4065 nuclei detected (processing time: 21.84 seconds)
2024-10-22 20:39:22 INFO: 20:39:22.754 [main] [INFO ] q.l.p.CommandLineTaskRunner$CommandLineProgressMonitor - 4065 nuclei detected (73%)
2024-10-22 20:39:22 INFO: 20:39:22.762 [task-runner-1-47] [INFO ] q.lib.plugins.DetectionPluginTools - 3507 nuclei detected (processing time: 21.82 seconds)
2024-10-22 20:39:22 INFO: 20:39:22.762 [main] [INFO ] q.l.p.CommandLineTaskRunner$CommandLineProgressMonitor - 3507 nuclei detected (74%)
2024-10-22 20:39:22 INFO: 20:39:22.801 [task-runner-1-50] [INFO ] q.lib.plugins.DetectionPluginTools - 2708 nuclei detected (processing time: 19.54 seconds)
2024-10-22 20:39:22 INFO: 20:39:22.802 [main] [INFO ] q.l.p.CommandLineTaskRunner$CommandLineProgressMonitor - 2708 nuclei detected (74%)
2024-10-22 20:39:22 INFO: 20:39:22.851 [task-runner-1-32] [INFO ] q.lib.plugins.DetectionPluginTools - 4132 nuclei detected (processing time: 23.48 seconds)
2024-10-22 20:39:22 INFO: 20:39:22.852 [main] [INFO ] q.l.p.CommandLineTaskRunner$CommandLineProgressMonitor - 4132 nuclei detected (75%)
2024-10-22 20:39:22 INFO: 20:39:22.935 [task-runner-1-4] [INFO ] q.lib.plugins.DetectionPluginTools - 1370 nuclei detected (processing time: 14.99 seconds)
2024-10-22 20:39:22 INFO: 20:39:22.936 [main] [INFO ] q.l.p.CommandLineTaskRunner$CommandLineProgressMonitor - 1370 nuclei detected (76%)
2024-10-22 20:39:22 INFO: 20:39:22.981 [task-runner-1-27] [INFO ] q.lib.plugins.DetectionPluginTools - 3482 nuclei detected (processing time: 22.07 seconds)
2024-10-22 20:39:22 INFO: 20:39:22.982 [main] [INFO ] q.l.p.CommandLineTaskRunner$CommandLineProgressMonitor - 3482 nuclei detected (76%)
2024-10-22 20:39:22 INFO: 20:39:22.996 [task-runner-1-11] [INFO ] q.lib.plugins.DetectionPluginTools - 3716 nuclei detected (processing time: 22.08 seconds)
2024-10-22 20:39:22 INFO: 20:39:22.997 [main] [INFO ] q.l.p.CommandLineTaskRunner$CommandLineProgressMonitor - 3716 nuclei detected (77%)
2024-10-22 20:39:23 INFO: 20:39:23.049 [task-runner-1-34] [INFO ] q.lib.plugins.DetectionPluginTools - 2806 nuclei detected (processing time: 19.64 seconds)
2024-10-22 20:39:23 INFO: 20:39:23.050 [main] [INFO ] q.l.p.CommandLineTaskRunner$CommandLineProgressMonitor - 2806 nuclei detected (78%)
2024-10-22 20:39:23 INFO: 20:39:23.162 [task-runner-1-25] [INFO ] q.lib.plugins.DetectionPluginTools - 2931 nuclei detected (processing time: 19.72 seconds)
2024-10-22 20:39:23 INFO: 20:39:23.163 [main] [INFO ] q.l.p.CommandLineTaskRunner$CommandLineProgressMonitor - 2931 nuclei detected (78%)
2024-10-22 20:39:23 INFO: 20:39:23.185 [task-runner-1-62] [INFO ] q.lib.plugins.DetectionPluginTools - 1 nucleus detected (processing time: 5.93 seconds)
2024-10-22 20:39:23 INFO: 20:39:23.185 [main] [INFO ] q.l.p.CommandLineTaskRunner$CommandLineProgressMonitor - 1 nucleus detected (79%)
2024-10-22 20:39:23 INFO: 20:39:23.244 [task-runner-1-17] [INFO ] q.lib.plugins.DetectionPluginTools - 2121 nuclei detected (processing time: 15.37 seconds)
2024-10-22 20:39:23 INFO: 20:39:23.245 [main] [INFO ] q.l.p.CommandLineTaskRunner$CommandLineProgressMonitor - 2121 nuclei detected (79%)
2024-10-22 20:39:23 INFO: 20:39:23.319 [task-runner-1-55] [INFO ] q.lib.plugins.DetectionPluginTools - 0 nuclei detected (processing time: 5.91 seconds)
2024-10-22 20:39:23 INFO: 20:39:23.320 [main] [INFO ] q.l.p.CommandLineTaskRunner$CommandLineProgressMonitor - 0 nuclei detected (80%)
2024-10-22 20:39:23 INFO: 20:39:23.321 [task-runner-1-35] [INFO ] q.lib.plugins.DetectionPluginTools - 0 nuclei detected (processing time: 6.10 seconds)
2024-10-22 20:39:23 INFO: 20:39:23.321 [main] [INFO ] q.l.p.CommandLineTaskRunner$CommandLineProgressMonitor - 0 nuclei detected (81%)
2024-10-22 20:39:23 INFO: 20:39:23.324 [task-runner-1-20] [INFO ] q.lib.plugins.DetectionPluginTools - 3788 nuclei detected (processing time: 19.82 seconds)
2024-10-22 20:39:23 INFO: 20:39:23.324 [main] [INFO ] q.l.p.CommandLineTaskRunner$CommandLineProgressMonitor - 3788 nuclei detected (81%)
2024-10-22 20:39:23 INFO: 20:39:23.390 [task-runner-1-22] [INFO ] q.lib.plugins.DetectionPluginTools - 0 nuclei detected (processing time: 5.24 seconds)
2024-10-22 20:39:23 INFO: 20:39:23.390 [main] [INFO ] q.l.p.CommandLineTaskRunner$CommandLineProgressMonitor - 0 nuclei detected (82%)
2024-10-22 20:39:23 INFO: 20:39:23.459 [task-runner-1-45] [INFO ] q.lib.plugins.DetectionPluginTools - 3133 nuclei detected (processing time: 20.51 seconds)
2024-10-22 20:39:23 INFO: 20:39:23.459 [main] [INFO ] q.l.p.CommandLineTaskRunner$CommandLineProgressMonitor - 3133 nuclei detected (83%)
2024-10-22 20:39:23 INFO: 20:39:23.491 [task-runner-1-15] [INFO ] q.lib.plugins.DetectionPluginTools - 6734 nuclei detected (processing time: 24.32 seconds)
2024-10-22 20:39:23 INFO: 20:39:23.492 [main] [INFO ] q.l.p.CommandLineTaskRunner$CommandLineProgressMonitor - 6734 nuclei detected (83%)
2024-10-22 20:39:23 INFO: 20:39:23.508 [task-runner-1-57] [INFO ] q.lib.plugins.DetectionPluginTools - 0 nuclei detected (processing time: 5.83 seconds)
2024-10-22 20:39:23 INFO: 20:39:23.509 [main] [INFO ] q.l.p.CommandLineTaskRunner$CommandLineProgressMonitor - 0 nuclei detected (84%)
2024-10-22 20:39:23 INFO: 20:39:23.513 [task-runner-1-44] [INFO ] q.lib.plugins.DetectionPluginTools - 3697 nuclei detected (processing time: 20.13 seconds)
2024-10-22 20:39:23 INFO: 20:39:23.514 [main] [INFO ] q.l.p.CommandLineTaskRunner$CommandLineProgressMonitor - 3697 nuclei detected (84%)
2024-10-22 20:39:23 INFO: 20:39:23.520 [task-runner-1-37] [INFO ] q.lib.plugins.DetectionPluginTools - 1 nucleus detected (processing time: 5.91 seconds)
2024-10-22 20:39:23 INFO: 20:39:23.521 [main] [INFO ] q.l.p.CommandLineTaskRunner$CommandLineProgressMonitor - 1 nucleus detected (85%)
2024-10-22 20:39:23 INFO: 20:39:23.555 [task-runner-1-3] [INFO ] q.lib.plugins.DetectionPluginTools - 5496 nuclei detected (processing time: 24.39 seconds)
2024-10-22 20:39:23 INFO: 20:39:23.556 [main] [INFO ] q.l.p.CommandLineTaskRunner$CommandLineProgressMonitor - 5496 nuclei detected (86%)
2024-10-22 20:39:23 INFO: 20:39:23.689 [task-runner-1-38] [INFO ] q.lib.plugins.DetectionPluginTools - 0 nuclei detected (processing time: 5.96 seconds)
2024-10-22 20:39:23 INFO: 20:39:23.690 [main] [INFO ] q.l.p.CommandLineTaskRunner$CommandLineProgressMonitor - 0 nuclei detected (86%)
2024-10-22 20:39:23 INFO: 20:39:23.857 [task-runner-1-42] [INFO ] q.lib.plugins.DetectionPluginTools - 1186 nuclei detected (processing time: 16.24 seconds)
2024-10-22 20:39:23 INFO: 20:39:23.858 [main] [INFO ] q.l.p.CommandLineTaskRunner$CommandLineProgressMonitor - 1186 nuclei detected (87%)
2024-10-22 20:39:23 INFO: 20:39:23.962 [task-runner-1-9] [INFO ] q.lib.plugins.DetectionPluginTools - 1 nucleus detected (processing time: 6.59 seconds)
2024-10-22 20:39:23 INFO: 20:39:23.962 [main] [INFO ] q.l.p.CommandLineTaskRunner$CommandLineProgressMonitor - 1 nucleus detected (88%)
2024-10-22 20:39:23 INFO: 20:39:23.973 [task-runner-1-33] [INFO ] q.lib.plugins.DetectionPluginTools - 0 nuclei detected (processing time: 5.70 seconds)
2024-10-22 20:39:23 INFO: 20:39:23.973 [main] [INFO ] q.l.p.CommandLineTaskRunner$CommandLineProgressMonitor - 0 nuclei detected (88%)
2024-10-22 20:39:24 INFO: 20:39:24.043 [task-runner-1-49] [INFO ] q.lib.plugins.DetectionPluginTools - 0 nuclei detected (processing time: 6.21 seconds)
2024-10-22 20:39:24 INFO: 20:39:24.043 [main] [INFO ] q.l.p.CommandLineTaskRunner$CommandLineProgressMonitor - 0 nuclei detected (89%)
2024-10-22 20:39:24 INFO: 20:39:24.049 [task-runner-1-51] [INFO ] q.lib.plugins.DetectionPluginTools - 3697 nuclei detected (processing time: 20.34 seconds)
2024-10-22 20:39:24 INFO: 20:39:24.049 [main] [INFO ] q.l.p.CommandLineTaskRunner$CommandLineProgressMonitor - 3697 nuclei detected (89%)
2024-10-22 20:39:24 INFO: 20:39:24.051 [task-runner-1-6] [INFO ] q.lib.plugins.DetectionPluginTools - 0 nuclei detected (processing time: 6.24 seconds)
2024-10-22 20:39:24 INFO: 20:39:24.051 [main] [INFO ] q.l.p.CommandLineTaskRunner$CommandLineProgressMonitor - 0 nuclei detected (90%)
2024-10-22 20:39:24 INFO: 20:39:24.109 [task-runner-1-26] [INFO ] q.lib.plugins.DetectionPluginTools - 4224 nuclei detected (processing time: 23.07 seconds)
2024-10-22 20:39:24 INFO: 20:39:24.109 [main] [INFO ] q.l.p.CommandLineTaskRunner$CommandLineProgressMonitor - 4224 nuclei detected (91%)
2024-10-22 20:39:24 INFO: 20:39:24.145 [task-runner-1-24] [INFO ] q.lib.plugins.DetectionPluginTools - 3719 nuclei detected (processing time: 20.40 seconds)
2024-10-22 20:39:24 INFO: 20:39:24.146 [main] [INFO ] q.l.p.CommandLineTaskRunner$CommandLineProgressMonitor - 3719 nuclei detected (91%)
2024-10-22 20:39:24 INFO: 20:39:24.271 [task-runner-1-28] [INFO ] q.lib.plugins.DetectionPluginTools - 3893 nuclei detected (processing time: 23.25 seconds)
2024-10-22 20:39:24 INFO: 20:39:24.271 [main] [INFO ] q.l.p.CommandLineTaskRunner$CommandLineProgressMonitor - 3893 nuclei detected (92%)
2024-10-22 20:39:24 INFO: 20:39:24.275 [task-runner-1-13] [INFO ] q.lib.plugins.DetectionPluginTools - 4590 nuclei detected (processing time: 23.33 seconds)
2024-10-22 20:39:24 INFO: 20:39:24.275 [main] [INFO ] q.l.p.CommandLineTaskRunner$CommandLineProgressMonitor - 4590 nuclei detected (93%)
2024-10-22 20:39:24 INFO: 20:39:24.414 [task-runner-1-46] [INFO ] q.lib.plugins.DetectionPluginTools - 4267 nuclei detected (processing time: 23.36 seconds)
2024-10-22 20:39:24 INFO: 20:39:24.415 [main] [INFO ] q.l.p.CommandLineTaskRunner$CommandLineProgressMonitor - 4267 nuclei detected (93%)
2024-10-22 20:39:24 INFO: 20:39:24.455 [task-runner-1-54] [INFO ] q.lib.plugins.DetectionPluginTools - 2378 nuclei detected (processing time: 12.79 seconds)
2024-10-22 20:39:24 INFO: 20:39:24.456 [main] [INFO ] q.l.p.CommandLineTaskRunner$CommandLineProgressMonitor - 2378 nuclei detected (94%)
2024-10-22 20:39:24 INFO: 20:39:24.590 [task-runner-1-21] [INFO ] q.lib.plugins.DetectionPluginTools - 3097 nuclei detected (processing time: 16.44 seconds)
2024-10-22 20:39:24 INFO: 20:39:24.590 [main] [INFO ] q.l.p.CommandLineTaskRunner$CommandLineProgressMonitor - 3097 nuclei detected (94%)
2024-10-22 20:39:24 INFO: 20:39:24.639 [task-runner-1-10] [INFO ] q.lib.plugins.DetectionPluginTools - 2807 nuclei detected (processing time: 12.57 seconds)
2024-10-22 20:39:24 INFO: 20:39:24.639 [main] [INFO ] q.l.p.CommandLineTaskRunner$CommandLineProgressMonitor - 2807 nuclei detected (95%)
2024-10-22 20:39:24 INFO: 20:39:24.974 [task-runner-1-23] [INFO ] q.lib.plugins.DetectionPluginTools - 4088 nuclei detected (processing time: 21.20 seconds)
2024-10-22 20:39:24 INFO: 20:39:24.975 [main] [INFO ] q.l.p.CommandLineTaskRunner$CommandLineProgressMonitor - 4088 nuclei detected (96%)
2024-10-22 20:39:25 INFO: 20:39:25.035 [task-runner-1-60] [INFO ] q.lib.plugins.DetectionPluginTools - 5329 nuclei detected (processing time: 21.17 seconds)
2024-10-22 20:39:25 INFO: 20:39:25.036 [main] [INFO ] q.l.p.CommandLineTaskRunner$CommandLineProgressMonitor - 5329 nuclei detected (96%)
2024-10-22 20:39:25 INFO: 20:39:25.249 [task-runner-1-43] [INFO ] q.lib.plugins.DetectionPluginTools - 4767 nuclei detected (processing time: 21.48 seconds)
2024-10-22 20:39:25 INFO: 20:39:25.250 [main] [INFO ] q.l.p.CommandLineTaskRunner$CommandLineProgressMonitor - 4767 nuclei detected (97%)
2024-10-22 20:39:25 INFO: 20:39:25.481 [task-runner-1-16] [INFO ] q.lib.plugins.DetectionPluginTools - 4014 nuclei detected (processing time: 17.19 seconds)
2024-10-22 20:39:25 INFO: 20:39:25.482 [main] [INFO ] q.l.p.CommandLineTaskRunner$CommandLineProgressMonitor - 4014 nuclei detected (98%)
2024-10-22 20:39:26 INFO: 20:39:26.075 [task-runner-1-2] [INFO ] q.lib.plugins.DetectionPluginTools - 4823 nuclei detected (processing time: 16.96 seconds)
2024-10-22 20:39:26 INFO: 20:39:26.075 [main] [INFO ] q.l.p.CommandLineTaskRunner$CommandLineProgressMonitor - 4823 nuclei detected (98%)
2024-10-22 20:39:26 INFO: 20:39:26.165 [task-runner-1-29] [INFO ] q.lib.plugins.DetectionPluginTools - 5283 nuclei detected (processing time: 17.66 seconds)
2024-10-22 20:39:26 INFO: 20:39:26.165 [main] [INFO ] q.l.p.CommandLineTaskRunner$CommandLineProgressMonitor - 5283 nuclei detected (99%)
2024-10-22 20:39:26 INFO: 20:39:26.348 [task-runner-1-14] [INFO ] q.lib.plugins.DetectionPluginTools - 5693 nuclei detected (processing time: 17.37 seconds)
2024-10-22 20:39:26 INFO: 20:39:26.348 [main] [INFO ] q.l.p.CommandLineTaskRunner$CommandLineProgressMonitor - 5693 nuclei detected (99%)
2024-10-22 20:39:26 INFO: 20:39:26.763 [task-runner-1-41] [INFO ] q.lib.plugins.DetectionPluginTools - 5773 nuclei detected (processing time: 17.78 seconds)
2024-10-22 20:39:26 INFO: 20:39:26.763 [main] [INFO ] q.l.p.CommandLineTaskRunner$CommandLineProgressMonitor - 5773 nuclei detected (100%)
2024-10-22 20:39:26 INFO: 20:39:26.763 [main] [INFO ] q.l.p.CommandLineTaskRunner$CommandLineProgressMonitor - Processing complete in 39.96 seconds
2024-10-22 20:39:26 INFO: 20:39:26.763 [main] [INFO ] q.l.p.CommandLineTaskRunner$CommandLineProgressMonitor - Tasks completed!
2024-10-22 20:39:35 INFO: 20:39:35.841 [main] [WARN ] q.l.p.objects.SmoothFeaturesPlugin - Smoothing using annotations
2024-10-22 20:39:40 INFO: 20:39:40.076 [main] [INFO ] q.l.p.CommandLineTaskRunner$CommandLineProgressMonitor - Completed (100%)
2024-10-22 20:39:40 INFO: 20:39:40.076 [main] [INFO ] q.l.p.CommandLineTaskRunner$CommandLineProgressMonitor - Processing complete in 4.23 seconds
2024-10-22 20:39:40 INFO: 20:39:40.076 [main] [INFO ] q.l.p.CommandLineTaskRunner$CommandLineProgressMonitor - Tasks completed!
2024-10-22 20:39:40 INFO: 20:39:40.078 [main] [WARN ] q.l.p.objects.SmoothFeaturesPlugin - Smoothing using annotations
2024-10-22 20:39:46 INFO: 20:39:46.442 [main] [INFO ] q.l.p.CommandLineTaskRunner$CommandLineProgressMonitor - Completed (100%)
2024-10-22 20:39:46 INFO: 20:39:46.442 [main] [INFO ] q.l.p.CommandLineTaskRunner$CommandLineProgressMonitor - Processing complete in 6.36 seconds
2024-10-22 20:39:46 INFO: 20:39:46.442 [main] [INFO ] q.l.p.CommandLineTaskRunner$CommandLineProgressMonitor - Tasks completed!
2024-10-22 20:39:46 INFO: 20:39:46.444 [main] [WARN ] q.l.p.objects.SmoothFeaturesPlugin - Smoothing using annotations
2024-10-22 20:40:04 INFO: 20:40:04.684 [main] [INFO ] q.l.p.CommandLineTaskRunner$CommandLineProgressMonitor - Completed (100%)
2024-10-22 20:40:04 INFO: 20:40:04.686 [main] [INFO ] q.l.p.CommandLineTaskRunner$CommandLineProgressMonitor - Processing complete in 18.24 seconds
2024-10-22 20:40:04 INFO: 20:40:04.686 [main] [INFO ] q.l.p.CommandLineTaskRunner$CommandLineProgressMonitor - Tasks completed!
2024-10-22 20:40:04 INFO: 20:40:04.936 [task-runner-5-2] [INFO ] q.l.a.IntensityFeaturesPlugin - Splitting Rectangle (0, 0, 63784, 39311) into 40 tiles for intensity measurements
2024-10-22 20:40:05 INFO: 20:40:05.147 [main] [INFO ] q.l.p.CommandLineTaskRunner$CommandLineProgressMonitor - Completed (0%)
2024-10-22 20:40:06 INFO: 20:40:06.157 [main] [INFO ] q.l.p.CommandLineTaskRunner$CommandLineProgressMonitor - Completed (1%)
2024-10-22 20:40:06 INFO: 20:40:06.433 [main] [INFO ] q.l.p.CommandLineTaskRunner$CommandLineProgressMonitor - Completed (2%)
2024-10-22 20:40:06 INFO: 20:40:06.905 [main] [INFO ] q.l.p.CommandLineTaskRunner$CommandLineProgressMonitor - Completed (3%)
2024-10-22 20:40:07 INFO: 20:40:07.078 [main] [INFO ] q.l.p.CommandLineTaskRunner$CommandLineProgressMonitor - Completed (4%)
2024-10-22 20:40:07 INFO: 20:40:07.252 [main] [INFO ] q.l.p.CommandLineTaskRunner$CommandLineProgressMonitor - Completed (5%)
2024-10-22 20:40:07 INFO: 20:40:07.362 [main] [INFO ] q.l.p.CommandLineTaskRunner$CommandLineProgressMonitor - Completed (6%)
2024-10-22 20:40:07 INFO: 20:40:07.456 [main] [INFO ] q.l.p.CommandLineTaskRunner$CommandLineProgressMonitor - Completed (7%)
2024-10-22 20:40:07 INFO: 20:40:07.881 [main] [INFO ] q.l.p.CommandLineTaskRunner$CommandLineProgressMonitor - Completed (8%)
2024-10-22 20:40:07 INFO: 20:40:07.973 [main] [INFO ] q.l.p.CommandLineTaskRunner$CommandLineProgressMonitor - Completed (9%)
2024-10-22 20:40:08 INFO: 20:40:08.081 [main] [INFO ] q.l.p.CommandLineTaskRunner$CommandLineProgressMonitor - Completed (10%)
2024-10-22 20:40:08 INFO: 20:40:08.178 [main] [INFO ] q.l.p.CommandLineTaskRunner$CommandLineProgressMonitor - Completed (11%)
2024-10-22 20:40:08 INFO: 20:40:08.293 [main] [INFO ] q.l.p.CommandLineTaskRunner$CommandLineProgressMonitor - Completed (12%)
2024-10-22 20:40:08 INFO: 20:40:08.402 [main] [INFO ] q.l.p.CommandLineTaskRunner$CommandLineProgressMonitor - Completed (13%)
2024-10-22 20:40:08 INFO: 20:40:08.511 [main] [INFO ] q.l.p.CommandLineTaskRunner$CommandLineProgressMonitor - Completed (14%)
2024-10-22 20:40:08 INFO: 20:40:08.968 [main] [INFO ] q.l.p.CommandLineTaskRunner$CommandLineProgressMonitor - Completed (15%)
2024-10-22 20:40:09 INFO: 20:40:09.077 [main] [INFO ] q.l.p.CommandLineTaskRunner$CommandLineProgressMonitor - Completed (16%)
2024-10-22 20:40:09 INFO: 20:40:09.175 [main] [INFO ] q.l.p.CommandLineTaskRunner$CommandLineProgressMonitor - Completed (17%)
2024-10-22 20:40:09 INFO: 20:40:09.265 [main] [INFO ] q.l.p.CommandLineTaskRunner$CommandLineProgressMonitor - Completed (18%)
2024-10-22 20:40:09 INFO: 20:40:09.361 [main] [INFO ] q.l.p.CommandLineTaskRunner$CommandLineProgressMonitor - Completed (19%)
2024-10-22 20:40:09 INFO: 20:40:09.768 [main] [INFO ] q.l.p.CommandLineTaskRunner$CommandLineProgressMonitor - Completed (20%)
2024-10-22 20:40:09 INFO: 20:40:09.862 [main] [INFO ] q.l.p.CommandLineTaskRunner$CommandLineProgressMonitor - Completed (21%)
2024-10-22 20:40:09 INFO: 20:40:09.960 [main] [INFO ] q.l.p.CommandLineTaskRunner$CommandLineProgressMonitor - Completed (22%)
2024-10-22 20:40:10 INFO: 20:40:10.055 [main] [INFO ] q.l.p.CommandLineTaskRunner$CommandLineProgressMonitor - Completed (23%)
2024-10-22 20:40:10 INFO: 20:40:10.421 [main] [INFO ] q.l.p.CommandLineTaskRunner$CommandLineProgressMonitor - Completed (24%)
2024-10-22 20:40:10 INFO: 20:40:10.753 [main] [INFO ] q.l.p.CommandLineTaskRunner$CommandLineProgressMonitor - Completed (25%)
2024-10-22 20:40:10 INFO: 20:40:10.876 [main] [INFO ] q.l.p.CommandLineTaskRunner$CommandLineProgressMonitor - Completed (26%)
2024-10-22 20:40:10 INFO: 20:40:10.998 [main] [INFO ] q.l.p.CommandLineTaskRunner$CommandLineProgressMonitor - Completed (27%)
2024-10-22 20:40:11 INFO: 20:40:11.122 [main] [INFO ] q.l.p.CommandLineTaskRunner$CommandLineProgressMonitor - Completed (28%)
2024-10-22 20:40:11 INFO: 20:40:11.283 [main] [INFO ] q.l.p.CommandLineTaskRunner$CommandLineProgressMonitor - Completed (29%)
2024-10-22 20:40:11 INFO: 20:40:11.400 [main] [INFO ] q.l.p.CommandLineTaskRunner$CommandLineProgressMonitor - Completed (30%)
2024-10-22 20:40:11 INFO: 20:40:11.502 [main] [INFO ] q.l.p.CommandLineTaskRunner$CommandLineProgressMonitor - Completed (31%)
2024-10-22 20:40:11 INFO: 20:40:11.613 [main] [INFO ] q.l.p.CommandLineTaskRunner$CommandLineProgressMonitor - Completed (32%)
2024-10-22 20:40:11 INFO: 20:40:11.707 [main] [INFO ] q.l.p.CommandLineTaskRunner$CommandLineProgressMonitor - Completed (33%)
2024-10-22 20:40:11 INFO: 20:40:11.798 [main] [INFO ] q.l.p.CommandLineTaskRunner$CommandLineProgressMonitor - Completed (34%)
2024-10-22 20:40:11 INFO: 20:40:11.896 [main] [INFO ] q.l.p.CommandLineTaskRunner$CommandLineProgressMonitor - Completed (35%)
2024-10-22 20:40:11 INFO: 20:40:11.991 [main] [INFO ] q.l.p.CommandLineTaskRunner$CommandLineProgressMonitor - Completed (36%)
2024-10-22 20:40:12 INFO: 20:40:12.088 [main] [INFO ] q.l.p.CommandLineTaskRunner$CommandLineProgressMonitor - Completed (37%)
2024-10-22 20:40:12 INFO: 20:40:12.192 [main] [INFO ] q.l.p.CommandLineTaskRunner$CommandLineProgressMonitor - Completed (38%)
2024-10-22 20:40:12 INFO: 20:40:12.337 [main] [INFO ] q.l.p.CommandLineTaskRunner$CommandLineProgressMonitor - Completed (39%)
2024-10-22 20:40:12 INFO: 20:40:12.491 [main] [INFO ] q.l.p.CommandLineTaskRunner$CommandLineProgressMonitor - Completed (40%)
2024-10-22 20:40:12 INFO: 20:40:12.654 [main] [INFO ] q.l.p.CommandLineTaskRunner$CommandLineProgressMonitor - Completed (41%)
2024-10-22 20:40:12 INFO: 20:40:12.819 [main] [INFO ] q.l.p.CommandLineTaskRunner$CommandLineProgressMonitor - Completed (42%)
2024-10-22 20:40:12 INFO: 20:40:12.978 [main] [INFO ] q.l.p.CommandLineTaskRunner$CommandLineProgressMonitor - Completed (43%)
2024-10-22 20:40:13 INFO: 20:40:13.143 [main] [INFO ] q.l.p.CommandLineTaskRunner$CommandLineProgressMonitor - Completed (44%)
2024-10-22 20:40:13 INFO: 20:40:13.300 [main] [INFO ] q.l.p.CommandLineTaskRunner$CommandLineProgressMonitor - Completed (45%)
2024-10-22 20:40:13 INFO: 20:40:13.480 [main] [INFO ] q.l.p.CommandLineTaskRunner$CommandLineProgressMonitor - Completed (46%)
2024-10-22 20:40:13 INFO: 20:40:13.674 [main] [INFO ] q.l.p.CommandLineTaskRunner$CommandLineProgressMonitor - Completed (47%)
2024-10-22 20:40:13 INFO: 20:40:13.863 [main] [INFO ] q.l.p.CommandLineTaskRunner$CommandLineProgressMonitor - Completed (48%)
2024-10-22 20:40:14 INFO: 20:40:14.024 [main] [INFO ] q.l.p.CommandLineTaskRunner$CommandLineProgressMonitor - Completed (49%)
2024-10-22 20:40:14 INFO: 20:40:14.235 [main] [INFO ] q.l.p.CommandLineTaskRunner$CommandLineProgressMonitor - Completed (50%)
2024-10-22 20:40:14 INFO: 20:40:14.391 [main] [INFO ] q.l.p.CommandLineTaskRunner$CommandLineProgressMonitor - Completed (51%)
2024-10-22 20:40:14 INFO: 20:40:14.552 [main] [INFO ] q.l.p.CommandLineTaskRunner$CommandLineProgressMonitor - Completed (52%)
2024-10-22 20:40:14 INFO: 20:40:14.714 [main] [INFO ] q.l.p.CommandLineTaskRunner$CommandLineProgressMonitor - Completed (53%)
2024-10-22 20:40:14 INFO: 20:40:14.878 [main] [INFO ] q.l.p.CommandLineTaskRunner$CommandLineProgressMonitor - Completed (54%)
2024-10-22 20:40:15 INFO: 20:40:15.033 [main] [INFO ] q.l.p.CommandLineTaskRunner$CommandLineProgressMonitor - Completed (55%)
2024-10-22 20:40:15 INFO: 20:40:15.194 [main] [INFO ] q.l.p.CommandLineTaskRunner$CommandLineProgressMonitor - Completed (56%)
2024-10-22 20:40:15 INFO: 20:40:15.354 [main] [INFO ] q.l.p.CommandLineTaskRunner$CommandLineProgressMonitor - Completed (57%)
2024-10-22 20:40:15 INFO: 20:40:15.516 [main] [INFO ] q.l.p.CommandLineTaskRunner$CommandLineProgressMonitor - Completed (58%)
2024-10-22 20:40:15 INFO: 20:40:15.649 [main] [INFO ] q.l.p.CommandLineTaskRunner$CommandLineProgressMonitor - Completed (59%)
2024-10-22 20:40:15 INFO: 20:40:15.843 [main] [INFO ] q.l.p.CommandLineTaskRunner$CommandLineProgressMonitor - Completed (60%)
2024-10-22 20:40:15 INFO: 20:40:15.960 [main] [INFO ] q.l.p.CommandLineTaskRunner$CommandLineProgressMonitor - Completed (61%)
2024-10-22 20:40:16 INFO: 20:40:16.074 [main] [INFO ] q.l.p.CommandLineTaskRunner$CommandLineProgressMonitor - Completed (62%)
2024-10-22 20:40:16 INFO: 20:40:16.194 [main] [INFO ] q.l.p.CommandLineTaskRunner$CommandLineProgressMonitor - Completed (63%)
2024-10-22 20:40:16 INFO: 20:40:16.328 [main] [INFO ] q.l.p.CommandLineTaskRunner$CommandLineProgressMonitor - Completed (64%)
2024-10-22 20:40:16 INFO: 20:40:16.428 [main] [INFO ] q.l.p.CommandLineTaskRunner$CommandLineProgressMonitor - Completed (65%)
2024-10-22 20:40:16 INFO: 20:40:16.527 [main] [INFO ] q.l.p.CommandLineTaskRunner$CommandLineProgressMonitor - Completed (66%)
2024-10-22 20:40:16 INFO: 20:40:16.627 [main] [INFO ] q.l.p.CommandLineTaskRunner$CommandLineProgressMonitor - Completed (67%)
2024-10-22 20:40:16 INFO: 20:40:16.724 [main] [INFO ] q.l.p.CommandLineTaskRunner$CommandLineProgressMonitor - Completed (68%)
2024-10-22 20:40:16 INFO: 20:40:16.823 [main] [INFO ] q.l.p.CommandLineTaskRunner$CommandLineProgressMonitor - Completed (69%)
2024-10-22 20:40:16 INFO: 20:40:16.923 [main] [INFO ] q.l.p.CommandLineTaskRunner$CommandLineProgressMonitor - Completed (70%)
2024-10-22 20:40:17 INFO: 20:40:17.020 [main] [INFO ] q.l.p.CommandLineTaskRunner$CommandLineProgressMonitor - Completed (71%)
2024-10-22 20:40:17 INFO: 20:40:17.121 [main] [INFO ] q.l.p.CommandLineTaskRunner$CommandLineProgressMonitor - Completed (72%)
2024-10-22 20:40:17 INFO: 20:40:17.289 [main] [INFO ] q.l.p.CommandLineTaskRunner$CommandLineProgressMonitor - Completed (73%)
2024-10-22 20:40:17 INFO: 20:40:17.397 [main] [INFO ] q.l.p.CommandLineTaskRunner$CommandLineProgressMonitor - Completed (74%)
2024-10-22 20:40:17 INFO: 20:40:17.512 [main] [INFO ] q.l.p.CommandLineTaskRunner$CommandLineProgressMonitor - Completed (75%)
2024-10-22 20:40:17 INFO: 20:40:17.613 [main] [INFO ] q.l.p.CommandLineTaskRunner$CommandLineProgressMonitor - Completed (76%)
2024-10-22 20:40:17 INFO: 20:40:17.721 [main] [INFO ] q.l.p.CommandLineTaskRunner$CommandLineProgressMonitor - Completed (77%)
2024-10-22 20:40:17 INFO: 20:40:17.817 [main] [INFO ] q.l.p.CommandLineTaskRunner$CommandLineProgressMonitor - Completed (78%)
2024-10-22 20:40:17 INFO: 20:40:17.907 [main] [INFO ] q.l.p.CommandLineTaskRunner$CommandLineProgressMonitor - Completed (79%)
2024-10-22 20:40:18 INFO: 20:40:18.001 [main] [INFO ] q.l.p.CommandLineTaskRunner$CommandLineProgressMonitor - Completed (80%)
2024-10-22 20:40:18 INFO: 20:40:18.101 [main] [INFO ] q.l.p.CommandLineTaskRunner$CommandLineProgressMonitor - Completed (81%)
2024-10-22 20:40:18 INFO: 20:40:18.240 [main] [INFO ] q.l.p.CommandLineTaskRunner$CommandLineProgressMonitor - Completed (82%)
2024-10-22 20:40:18 INFO: 20:40:18.341 [main] [INFO ] q.l.p.CommandLineTaskRunner$CommandLineProgressMonitor - Completed (83%)
2024-10-22 20:40:18 INFO: 20:40:18.452 [main] [INFO ] q.l.p.CommandLineTaskRunner$CommandLineProgressMonitor - Completed (84%)
2024-10-22 20:40:18 INFO: 20:40:18.549 [main] [INFO ] q.l.p.CommandLineTaskRunner$CommandLineProgressMonitor - Completed (85%)
2024-10-22 20:40:18 INFO: 20:40:18.645 [main] [INFO ] q.l.p.CommandLineTaskRunner$CommandLineProgressMonitor - Completed (86%)
2024-10-22 20:40:18 INFO: 20:40:18.742 [main] [INFO ] q.l.p.CommandLineTaskRunner$CommandLineProgressMonitor - Completed (87%)
2024-10-22 20:40:18 INFO: 20:40:18.837 [main] [INFO ] q.l.p.CommandLineTaskRunner$CommandLineProgressMonitor - Completed (88%)
2024-10-22 20:40:18 INFO: 20:40:18.933 [main] [INFO ] q.l.p.CommandLineTaskRunner$CommandLineProgressMonitor - Completed (89%)
2024-10-22 20:40:19 INFO: 20:40:19.028 [main] [INFO ] q.l.p.CommandLineTaskRunner$CommandLineProgressMonitor - Completed (90%)
2024-10-22 20:40:19 INFO: 20:40:19.125 [main] [INFO ] q.l.p.CommandLineTaskRunner$CommandLineProgressMonitor - Completed (91%)
2024-10-22 20:40:19 INFO: 20:40:19.277 [main] [INFO ] q.l.p.CommandLineTaskRunner$CommandLineProgressMonitor - Completed (92%)
2024-10-22 20:40:19 INFO: 20:40:19.389 [main] [INFO ] q.l.p.CommandLineTaskRunner$CommandLineProgressMonitor - Completed (93%)
2024-10-22 20:40:19 INFO: 20:40:19.494 [main] [INFO ] q.l.p.CommandLineTaskRunner$CommandLineProgressMonitor - Completed (94%)
2024-10-22 20:40:19 INFO: 20:40:19.604 [main] [INFO ] q.l.p.CommandLineTaskRunner$CommandLineProgressMonitor - Completed (95%)
2024-10-22 20:40:19 INFO: 20:40:19.704 [main] [INFO ] q.l.p.CommandLineTaskRunner$CommandLineProgressMonitor - Completed (96%)
2024-10-22 20:40:19 INFO: 20:40:19.805 [main] [INFO ] q.l.p.CommandLineTaskRunner$CommandLineProgressMonitor - Completed (97%)
2024-10-22 20:40:19 INFO: 20:40:19.916 [main] [INFO ] q.l.p.CommandLineTaskRunner$CommandLineProgressMonitor - Completed (98%)
2024-10-22 20:40:20 INFO: 20:40:20.017 [main] [INFO ] q.l.p.CommandLineTaskRunner$CommandLineProgressMonitor - Completed (99%)
2024-10-22 20:40:20 INFO: 20:40:20.113 [main] [INFO ] q.l.p.CommandLineTaskRunner$CommandLineProgressMonitor - Completed (100%)
2024-10-22 20:41:13 INFO: 20:41:13.860 [main] [INFO ] q.l.p.CommandLineTaskRunner$CommandLineProgressMonitor - Completed (100%)
2024-10-22 20:41:13 INFO: 20:41:13.862 [main] [INFO ] q.l.p.CommandLineTaskRunner$CommandLineProgressMonitor - Processing complete in 68.94 seconds
2024-10-22 20:41:13 INFO: 20:41:13.862 [main] [INFO ] q.l.p.CommandLineTaskRunner$CommandLineProgressMonitor - Tasks completed!
2024-10-22 20:43:17 INFO: 20:43:17.003 [task-runner-6-1] [WARN ] q.o.features.DelaunayTriangulation - Some objects have missing measurements! Statistics will calculated only for objects with measurements available.
2024-10-22 20:43:17 INFO: 20:43:17.003 [task-runner-6-1] [WARN ] q.o.features.DelaunayTriangulation - Missing measurements: [ROI: 1.00 m per pixel: Residual: Haralick Correlation (F2), ROI: 1.00 m per pixel: Residual: Haralick Information measure of correlation 1 (F11), ROI: 1.00 m per pixel: Residual: Haralick Information measure of correlation 2 (F12)]
2024-10-22 20:43:17 INFO: 20:43:17.040 [main] [INFO ] q.l.p.CommandLineTaskRunner$CommandLineProgressMonitor - Delaunay triangulation calculated for Annotation (201685 objects) (100%)
2024-10-22 20:43:17 INFO: 20:43:17.040 [main] [INFO ] q.l.p.CommandLineTaskRunner$CommandLineProgressMonitor - Processing complete in 123.13 seconds
2024-10-22 20:43:17 INFO: 20:43:17.040 [main] [INFO ] q.l.p.CommandLineTaskRunner$CommandLineProgressMonitor - Tasks completed!
2024-10-22 20:45:39 INFO: TCGA-GI-A2C8-01Z-00-DX1.09BD8AC9-645A-4C8B-9B36-77D833BDBA09
2024-10-22 20:45:39 INFO: QuPath subprocess completed.
2024-10-22 20:45:52 INFO: QuPath image extraction completed successfully. Output directory: /home/ilants/Documents/jupyter_test/single_image_multiple_params/exp_requestedPixelSizeMicrons_0.5
2024-10-22 20:45:52 INFO: Summary table saved to: /home/ilants/Documents/jupyter_test/single_image_multiple_params/exp_requestedPixelSizeMicrons_0.5/Summary_Table.csv
2024-10-22 20:45:52 INFO: Experiment completed successfully.
