2024-10-23 02:52:39 INFO: Starting experiment with for maxAreaMicrons with value of 20.0
2024-10-23 02:52:39 INFO: Running with the following configuration:
{'detectionImageBrightfield': 'Hematoxylin OD', 'requestedPixelSizeMicrons': 0.5, 'backgroundRadiusMicrons': 4.0, 'backgroundByReconstruction': True, 'medianRadiusMicrons': 0.0, 'sigmaMicrons': 1.5, 'minAreaMicrons': 10.0, 'maxAreaMicrons': 20.0, 'threshold': 0.1, 'maxBackground': 2.0, 'watershedPostProcess': True, 'cellExpansionMicrons': 5.0, 'includeNuclei': True, 'smoothBoundaries': True, 'makeMeasurements': True, 'backgroundRadiusPixel': 8.0, 'cellExpansionPixel': 10.0, 'medianRadiusPixel': 0.0, 'minAreaPixel': 20.0, 'maxAreaPixel': 160.0}
2024-10-23 02:52:39 INFO: Starting QuPath image extraction with the following parameters: image_dir=/home/ilants/Documents/jupyter_test, output_dir=/home/ilants/Documents/jupyter_test/single_image_multiple_params/exp_maxAreaMicrons_20.0, image_type=svs, groovy_script=/home/ilants/Documents/utls/nucleus_detection_wargs.groovy, config_file=/home/ilants/Documents/jupyter_test/single_image_multiple_params/exp_maxAreaMicrons_20.0/cfg.json, program_path=/home/ilants/Documents/QuPath-v0.5.1-Linux/QuPath/bin/QuPath
2024-10-23 02:52:40 INFO: 02:52:40.635 [main] [INFO ] qupath.lib.gui.prefs.PathPrefs - Setting default Locale to en_US
2024-10-23 02:52:40 INFO: 02:52:40.638 [main] [INFO ] qupath.lib.gui.prefs.PathPrefs - Setting Locale for FORMAT to en_US
2024-10-23 02:52:40 INFO: 02:52:40.638 [main] [INFO ] qupath.lib.gui.prefs.PathPrefs - Setting Locale for DISPLAY to en_US
2024-10-23 02:52:40 INFO: 02:52:40.652 [main] [INFO ] qupath.lib.common.ThreadTools - Setting parallelism to 63
2024-10-23 02:52:40 INFO: 02:52:40.671 [main] [INFO ] qupath.ScriptCommand - Setting tile cache size to 32200.00 MB (25.0% max memory)
2024-10-23 02:52:40 INFO: 02:52:40.727 [main] [INFO ] qupath.lib.scripting.QP - Initializing type adapters
2024-10-23 02:52:40 INFO: Warning: Versions of org.bytedeco:javacpp:1.5.9 and org.bytedeco:opencv:4.6.0-1.5.8 do not match.
2024-10-23 02:52:40 INFO: Warning: Versions of org.bytedeco:javacpp:1.5.9 and org.bytedeco:openblas:0.3.21-1.5.8 do not match.
2024-10-23 02:52:42 INFO: project parameters are: {"detectionImageBrightfield": "Hematoxylin OD","requestedPixelSizeMicrons": 0.5,"backgroundRadiusMicrons": 4.0,"backgroundByReconstruction": true,"medianRadiusMicrons": 0.0,"sigmaMicrons": 1.5,"minAreaMicrons": 10.0,"maxAreaMicrons": 20.0,"threshold": 0.1,"maxBackground": 2.0,"watershedPostProcess": true,"cellExpansionMicrons": 5.0,"includeNuclei": true,"smoothBoundaries": true,"makeMeasurements": true,"backgroundRadiusPixel": 8.0,"cellExpansionPixel": 10.0,"medianRadiusPixel": 0.0,"minAreaPixel": 20.0,"maxAreaPixel": 160.0}
2024-10-23 02:52:42 INFO: New project created at: /home/ilants/Documents/jupyter_test/single_image_multiple_params/exp_maxAreaMicrons_20.0/QPProject
2024-10-23 02:52:42 INFO: Added: /home/ilants/Documents/jupyter_test/TCGA-GI-A2C8-01Z-00-DX1.09BD8AC9-645A-4C8B-9B36-77D833BDBA09.svs
2024-10-23 02:52:42 INFO: /home/ilants/Documents/jupyter_test/TCGA-GI-A2C8-01Z-00-DX1.09BD8AC9-645A-4C8B-9B36-77D833BDBA09.svs
2024-10-23 02:52:42 INFO: 02:52:42.680 [main] [INFO ] q.l.i.s.b.BioFormatsServerOptions - Setting max Bio-Formats readers to 32
2024-10-23 02:52:43 INFO: UriImageSupport (class qupath.lib.images.servers.bioformats.BioFormatsServerBuilder) support=3.0, builders=1
2024-10-23 02:52:43 INFO: true
2024-10-23 02:52:43 INFO: 02:52:43.343 [main] [WARN ] qupath.lib.scripting.QP - createSelectAllObject(boolean) is deprecated, use createFullImageAnnotation(boolean) instead
2024-10-23 02:52:43 INFO: 02:52:43.343 [main] [WARN ] qupath.lib.scripting.QP - createSelectAllObject(boolean, int, int) is deprecated, use createFullImageAnnotation(boolean, int, int) instead
2024-10-23 02:52:43 INFO: 02:52:43.354 [main] [WARN ] q.l.plugins.parameters.ParameterList - Unable to set parameter backgroundRadiusPixel with value 8.0
2024-10-23 02:52:43 INFO: 02:52:43.354 [main] [WARN ] q.l.plugins.parameters.ParameterList - Unable to set parameter cellExpansionPixel with value 10.0
2024-10-23 02:52:43 INFO: 02:52:43.354 [main] [WARN ] q.l.plugins.parameters.ParameterList - Unable to set parameter medianRadiusPixel with value 0.0
2024-10-23 02:52:43 INFO: 02:52:43.354 [main] [WARN ] q.l.plugins.parameters.ParameterList - Unable to set parameter minAreaPixel with value 20.0
2024-10-23 02:52:43 INFO: 02:52:43.354 [main] [WARN ] q.l.plugins.parameters.ParameterList - Unable to set parameter maxAreaPixel with value 160.0
2024-10-23 02:52:55 INFO: 02:52:55.947 [task-runner-1-9] [INFO ] q.lib.plugins.DetectionPluginTools - 0 nuclei detected (processing time: 12.48 seconds)
2024-10-23 02:52:55 INFO: 02:52:55.949 [main] [INFO ] q.l.p.CommandLineTaskRunner$CommandLineProgressMonitor - 0 nuclei detected (1%)
2024-10-23 02:52:55 INFO: 02:52:55.954 [task-runner-1-4] [INFO ] q.lib.plugins.DetectionPluginTools - 0 nuclei detected (processing time: 12.49 seconds)
2024-10-23 02:52:57 INFO: 02:52:57.105 [task-runner-1-16] [INFO ] q.lib.plugins.DetectionPluginTools - 0 nuclei detected (processing time: 13.64 seconds)
2024-10-23 02:52:57 INFO: 02:52:57.106 [main] [INFO ] q.l.p.CommandLineTaskRunner$CommandLineProgressMonitor - 0 nuclei detected (2%)
2024-10-23 02:52:57 INFO: 02:52:57.113 [task-runner-1-15] [INFO ] q.lib.plugins.DetectionPluginTools - 0 nuclei detected (processing time: 13.65 seconds)
2024-10-23 02:52:57 INFO: 02:52:57.113 [main] [INFO ] q.l.p.CommandLineTaskRunner$CommandLineProgressMonitor - 0 nuclei detected (3%)
2024-10-23 02:52:57 INFO: 02:52:57.121 [task-runner-1-12] [INFO ] q.lib.plugins.DetectionPluginTools - 0 nuclei detected (processing time: 13.65 seconds)
2024-10-23 02:52:57 INFO: 02:52:57.122 [task-runner-1-32] [INFO ] q.lib.plugins.DetectionPluginTools - 0 nuclei detected (processing time: 13.65 seconds)
2024-10-23 02:52:57 INFO: 02:52:57.122 [main] [INFO ] q.l.p.CommandLineTaskRunner$CommandLineProgressMonitor - 0 nuclei detected (4%)
2024-10-23 02:52:57 INFO: 02:52:57.123 [task-runner-1-1] [INFO ] q.lib.plugins.DetectionPluginTools - 0 nuclei detected (processing time: 13.66 seconds)
2024-10-23 02:52:57 INFO: 02:52:57.124 [task-runner-1-3] [INFO ] q.lib.plugins.DetectionPluginTools - 0 nuclei detected (processing time: 13.66 seconds)
2024-10-23 02:52:57 INFO: 02:52:57.124 [main] [INFO ] q.l.p.CommandLineTaskRunner$CommandLineProgressMonitor - 0 nuclei detected (5%)
2024-10-23 02:52:57 INFO: 02:52:57.127 [task-runner-1-27] [INFO ] q.lib.plugins.DetectionPluginTools - 0 nuclei detected (processing time: 13.66 seconds)
2024-10-23 02:52:57 INFO: 02:52:57.127 [main] [INFO ] q.l.p.CommandLineTaskRunner$CommandLineProgressMonitor - 0 nuclei detected (6%)
2024-10-23 02:52:58 INFO: 02:52:58.805 [task-runner-1-8] [INFO ] q.lib.plugins.DetectionPluginTools - 1 nucleus detected (processing time: 15.34 seconds)
2024-10-23 02:52:58 INFO: 02:52:58.806 [task-runner-1-11] [INFO ] q.lib.plugins.DetectionPluginTools - 0 nuclei detected (processing time: 15.34 seconds)
2024-10-23 02:52:58 INFO: 02:52:58.806 [main] [INFO ] q.l.p.CommandLineTaskRunner$CommandLineProgressMonitor - 1 nucleus detected (6%)
2024-10-23 02:52:58 INFO: 02:52:58.806 [main] [INFO ] q.l.p.CommandLineTaskRunner$CommandLineProgressMonitor - 0 nuclei detected (7%)
2024-10-23 02:52:58 INFO: 02:52:58.807 [task-runner-1-48] [INFO ] q.lib.plugins.DetectionPluginTools - 0 nuclei detected (processing time: 15.33 seconds)
2024-10-23 02:52:58 INFO: 02:52:58.807 [main] [INFO ] q.l.p.CommandLineTaskRunner$CommandLineProgressMonitor - 0 nuclei detected (8%)
2024-10-23 02:52:58 INFO: 02:52:58.809 [task-runner-1-29] [INFO ] q.lib.plugins.DetectionPluginTools - 0 nuclei detected (processing time: 15.34 seconds)
2024-10-23 02:52:58 INFO: 02:52:58.812 [task-runner-1-14] [INFO ] q.lib.plugins.DetectionPluginTools - 1 nucleus detected (processing time: 15.34 seconds)
2024-10-23 02:52:58 INFO: 02:52:58.812 [main] [INFO ] q.l.p.CommandLineTaskRunner$CommandLineProgressMonitor - 1 nucleus detected (9%)
2024-10-23 02:52:58 INFO: 02:52:58.812 [task-runner-1-30] [INFO ] q.lib.plugins.DetectionPluginTools - 1 nucleus detected (processing time: 15.34 seconds)
2024-10-23 02:52:58 INFO: 02:52:58.813 [task-runner-1-7] [INFO ] q.lib.plugins.DetectionPluginTools - 1 nucleus detected (processing time: 15.35 seconds)
2024-10-23 02:52:58 INFO: 02:52:58.813 [main] [INFO ] q.l.p.CommandLineTaskRunner$CommandLineProgressMonitor - 1 nucleus detected (10%)
2024-10-23 02:52:58 INFO: 02:52:58.814 [task-runner-1-17] [INFO ] q.lib.plugins.DetectionPluginTools - 3 nuclei detected (processing time: 15.35 seconds)
2024-10-23 02:52:58 INFO: 02:52:58.816 [task-runner-1-10] [INFO ] q.lib.plugins.DetectionPluginTools - 0 nuclei detected (processing time: 15.35 seconds)
2024-10-23 02:52:58 INFO: 02:52:58.816 [main] [INFO ] q.l.p.CommandLineTaskRunner$CommandLineProgressMonitor - 0 nuclei detected (11%)
2024-10-23 02:52:58 INFO: 02:52:58.817 [task-runner-1-2] [INFO ] q.lib.plugins.DetectionPluginTools - 2 nuclei detected (processing time: 15.35 seconds)
2024-10-23 02:52:58 INFO: 02:52:58.817 [main] [INFO ] q.l.p.CommandLineTaskRunner$CommandLineProgressMonitor - 2 nuclei detected (11%)
2024-10-23 02:52:58 INFO: 02:52:58.817 [main] [INFO ] q.l.p.CommandLineTaskRunner$CommandLineProgressMonitor - 3 nuclei detected (12%)
2024-10-23 02:52:58 INFO: 02:52:58.819 [task-runner-1-13] [INFO ] q.lib.plugins.DetectionPluginTools - 4 nuclei detected (processing time: 15.35 seconds)
2024-10-23 02:52:58 INFO: 02:52:58.819 [task-runner-1-47] [INFO ] q.lib.plugins.DetectionPluginTools - 4 nuclei detected (processing time: 15.35 seconds)
2024-10-23 02:52:58 INFO: 02:52:58.819 [main] [INFO ] q.l.p.CommandLineTaskRunner$CommandLineProgressMonitor - 4 nuclei detected (13%)
2024-10-23 02:52:58 INFO: 02:52:58.819 [task-runner-1-31] [INFO ] q.lib.plugins.DetectionPluginTools - 5 nuclei detected (processing time: 15.35 seconds)
2024-10-23 02:52:58 INFO: 02:52:58.819 [main] [INFO ] q.l.p.CommandLineTaskRunner$CommandLineProgressMonitor - 5 nuclei detected (14%)
2024-10-23 02:52:58 INFO: 02:52:58.828 [task-runner-1-28] [INFO ] q.lib.plugins.DetectionPluginTools - 7 nuclei detected (processing time: 15.36 seconds)
2024-10-23 02:52:58 INFO: 02:52:58.829 [main] [INFO ] q.l.p.CommandLineTaskRunner$CommandLineProgressMonitor - 7 nuclei detected (14%)
2024-10-23 02:52:58 INFO: 02:52:58.831 [task-runner-1-6] [INFO ] q.lib.plugins.DetectionPluginTools - 5 nuclei detected (processing time: 15.36 seconds)
2024-10-23 02:52:58 INFO: 02:52:58.831 [main] [INFO ] q.l.p.CommandLineTaskRunner$CommandLineProgressMonitor - 5 nuclei detected (15%)
2024-10-23 02:52:58 INFO: 02:52:58.853 [task-runner-1-26] [INFO ] q.lib.plugins.DetectionPluginTools - 19 nuclei detected (processing time: 15.38 seconds)
2024-10-23 02:52:58 INFO: 02:52:58.854 [main] [INFO ] q.l.p.CommandLineTaskRunner$CommandLineProgressMonitor - 19 nuclei detected (16%)
2024-10-23 02:52:58 INFO: 02:52:58.881 [task-runner-1-5] [INFO ] q.lib.plugins.DetectionPluginTools - 34 nuclei detected (processing time: 15.41 seconds)
2024-10-23 02:52:58 INFO: 02:52:58.881 [main] [INFO ] q.l.p.CommandLineTaskRunner$CommandLineProgressMonitor - 34 nuclei detected (16%)
2024-10-23 02:52:58 INFO: 02:52:58.882 [task-runner-1-46] [INFO ] q.lib.plugins.DetectionPluginTools - 24 nuclei detected (processing time: 15.41 seconds)
2024-10-23 02:52:58 INFO: 02:52:58.882 [main] [INFO ] q.l.p.CommandLineTaskRunner$CommandLineProgressMonitor - 24 nuclei detected (17%)
2024-10-23 02:52:58 INFO: 02:52:58.933 [task-runner-1-49] [INFO ] q.lib.plugins.DetectionPluginTools - 47 nuclei detected (processing time: 15.46 seconds)
2024-10-23 02:52:58 INFO: 02:52:58.933 [main] [INFO ] q.l.p.CommandLineTaskRunner$CommandLineProgressMonitor - 47 nuclei detected (18%)
2024-10-23 02:52:58 INFO: 02:52:58.946 [task-runner-1-45] [INFO ] q.lib.plugins.DetectionPluginTools - 51 nuclei detected (processing time: 15.47 seconds)
2024-10-23 02:52:58 INFO: 02:52:58.946 [main] [INFO ] q.l.p.CommandLineTaskRunner$CommandLineProgressMonitor - 51 nuclei detected (18%)
2024-10-23 02:52:58 INFO: 02:52:58.950 [task-runner-1-19] [INFO ] q.lib.plugins.DetectionPluginTools - 75 nuclei detected (processing time: 15.48 seconds)
2024-10-23 02:52:58 INFO: 02:52:58.951 [main] [INFO ] q.l.p.CommandLineTaskRunner$CommandLineProgressMonitor - 75 nuclei detected (19%)
2024-10-23 02:52:58 INFO: 02:52:58.972 [task-runner-1-63] [INFO ] q.lib.plugins.DetectionPluginTools - 85 nuclei detected (processing time: 15.50 seconds)
2024-10-23 02:52:58 INFO: 02:52:58.974 [main] [INFO ] q.l.p.CommandLineTaskRunner$CommandLineProgressMonitor - 85 nuclei detected (19%)
2024-10-23 02:52:59 INFO: 02:52:59.012 [task-runner-1-62] [INFO ] q.lib.plugins.DetectionPluginTools - 94 nuclei detected (processing time: 15.53 seconds)
2024-10-23 02:52:59 INFO: 02:52:59.014 [main] [INFO ] q.l.p.CommandLineTaskRunner$CommandLineProgressMonitor - 94 nuclei detected (20%)
2024-10-23 02:52:59 INFO: 02:52:59.018 [task-runner-1-35] [INFO ] q.lib.plugins.DetectionPluginTools - 88 nuclei detected (processing time: 15.55 seconds)
2024-10-23 02:52:59 INFO: 02:52:59.020 [main] [INFO ] q.l.p.CommandLineTaskRunner$CommandLineProgressMonitor - 88 nuclei detected (21%)
2024-10-23 02:52:59 INFO: 02:52:59.035 [task-runner-1-61] [INFO ] q.lib.plugins.DetectionPluginTools - 95 nuclei detected (processing time: 15.56 seconds)
2024-10-23 02:52:59 INFO: 02:52:59.038 [main] [INFO ] q.l.p.CommandLineTaskRunner$CommandLineProgressMonitor - 95 nuclei detected (21%)
2024-10-23 02:52:59 INFO: 02:52:59.053 [task-runner-1-50] [INFO ] q.lib.plugins.DetectionPluginTools - 137 nuclei detected (processing time: 15.58 seconds)
2024-10-23 02:52:59 INFO: 02:52:59.054 [main] [INFO ] q.l.p.CommandLineTaskRunner$CommandLineProgressMonitor - 137 nuclei detected (22%)
2024-10-23 02:52:59 INFO: 02:52:59.066 [task-runner-1-18] [INFO ] q.lib.plugins.DetectionPluginTools - 153 nuclei detected (processing time: 15.60 seconds)
2024-10-23 02:52:59 INFO: 02:52:59.068 [main] [INFO ] q.l.p.CommandLineTaskRunner$CommandLineProgressMonitor - 153 nuclei detected (23%)
2024-10-23 02:52:59 INFO: 02:52:59.066 [task-runner-1-25] [INFO ] q.lib.plugins.DetectionPluginTools - 155 nuclei detected (processing time: 15.60 seconds)
2024-10-23 02:52:59 INFO: 02:52:59.072 [main] [INFO ] q.l.p.CommandLineTaskRunner$CommandLineProgressMonitor - 155 nuclei detected (23%)
2024-10-23 02:52:59 INFO: 02:52:59.075 [task-runner-1-44] [INFO ] q.lib.plugins.DetectionPluginTools - 138 nuclei detected (processing time: 15.60 seconds)
2024-10-23 02:52:59 INFO: 02:52:59.088 [task-runner-1-33] [INFO ] q.lib.plugins.DetectionPluginTools - 122 nuclei detected (processing time: 15.62 seconds)
2024-10-23 02:52:59 INFO: 02:52:59.089 [main] [INFO ] q.l.p.CommandLineTaskRunner$CommandLineProgressMonitor - 138 nuclei detected (24%)
2024-10-23 02:52:59 INFO: 02:52:59.089 [main] [INFO ] q.l.p.CommandLineTaskRunner$CommandLineProgressMonitor - 122 nuclei detected (24%)
2024-10-23 02:52:59 INFO: 02:52:59.090 [task-runner-1-34] [INFO ] q.lib.plugins.DetectionPluginTools - 201 nuclei detected (processing time: 15.62 seconds)
2024-10-23 02:52:59 INFO: 02:52:59.090 [main] [INFO ] q.l.p.CommandLineTaskRunner$CommandLineProgressMonitor - 201 nuclei detected (25%)
2024-10-23 02:52:59 INFO: 02:52:59.205 [task-runner-1-20] [INFO ] q.lib.plugins.DetectionPluginTools - 465 nuclei detected (processing time: 15.74 seconds)
2024-10-23 02:52:59 INFO: 02:52:59.206 [main] [INFO ] q.l.p.CommandLineTaskRunner$CommandLineProgressMonitor - 465 nuclei detected (26%)
2024-10-23 02:52:59 INFO: 02:52:59.290 [task-runner-1-43] [INFO ] q.lib.plugins.DetectionPluginTools - 393 nuclei detected (processing time: 15.80 seconds)
2024-10-23 02:52:59 INFO: 02:52:59.293 [main] [INFO ] q.l.p.CommandLineTaskRunner$CommandLineProgressMonitor - 393 nuclei detected (26%)
2024-10-23 02:52:59 INFO: 02:52:59.343 [task-runner-1-51] [INFO ] q.lib.plugins.DetectionPluginTools - 400 nuclei detected (processing time: 15.87 seconds)
2024-10-23 02:52:59 INFO: 02:52:59.344 [main] [INFO ] q.l.p.CommandLineTaskRunner$CommandLineProgressMonitor - 400 nuclei detected (27%)
2024-10-23 02:52:59 INFO: 02:52:59.359 [task-runner-1-60] [INFO ] q.lib.plugins.DetectionPluginTools - 448 nuclei detected (processing time: 15.88 seconds)
2024-10-23 02:52:59 INFO: 02:52:59.361 [main] [INFO ] q.l.p.CommandLineTaskRunner$CommandLineProgressMonitor - 448 nuclei detected (28%)
2024-10-23 02:52:59 INFO: 02:52:59.365 [task-runner-1-23] [INFO ] q.lib.plugins.DetectionPluginTools - 495 nuclei detected (processing time: 15.90 seconds)
2024-10-23 02:52:59 INFO: 02:52:59.365 [main] [INFO ] q.l.p.CommandLineTaskRunner$CommandLineProgressMonitor - 495 nuclei detected (28%)
2024-10-23 02:52:59 INFO: 02:52:59.417 [task-runner-1-22] [INFO ] q.lib.plugins.DetectionPluginTools - 545 nuclei detected (processing time: 15.95 seconds)
2024-10-23 02:52:59 INFO: 02:52:59.420 [main] [INFO ] q.l.p.CommandLineTaskRunner$CommandLineProgressMonitor - 545 nuclei detected (29%)
2024-10-23 02:52:59 INFO: 02:52:59.436 [task-runner-1-24] [INFO ] q.lib.plugins.DetectionPluginTools - 589 nuclei detected (processing time: 15.97 seconds)
2024-10-23 02:52:59 INFO: 02:52:59.437 [main] [INFO ] q.l.p.CommandLineTaskRunner$CommandLineProgressMonitor - 589 nuclei detected (29%)
2024-10-23 02:52:59 INFO: 02:52:59.479 [task-runner-1-41] [INFO ] q.lib.plugins.DetectionPluginTools - 763 nuclei detected (processing time: 16.01 seconds)
2024-10-23 02:52:59 INFO: 02:52:59.479 [main] [INFO ] q.l.p.CommandLineTaskRunner$CommandLineProgressMonitor - 763 nuclei detected (30%)
2024-10-23 02:52:59 INFO: 02:52:59.540 [task-runner-1-39] [INFO ] q.lib.plugins.DetectionPluginTools - 856 nuclei detected (processing time: 16.07 seconds)
2024-10-23 02:52:59 INFO: 02:52:59.540 [main] [INFO ] q.l.p.CommandLineTaskRunner$CommandLineProgressMonitor - 856 nuclei detected (31%)
2024-10-23 02:52:59 INFO: 02:52:59.612 [task-runner-1-59] [INFO ] q.lib.plugins.DetectionPluginTools - 1199 nuclei detected (processing time: 16.14 seconds)
2024-10-23 02:52:59 INFO: 02:52:59.614 [main] [INFO ] q.l.p.CommandLineTaskRunner$CommandLineProgressMonitor - 1199 nuclei detected (31%)
2024-10-23 02:53:00 INFO: 02:53:00.876 [task-runner-1-40] [INFO ] q.lib.plugins.DetectionPluginTools - 832 nuclei detected (processing time: 17.40 seconds)
2024-10-23 02:53:00 INFO: 02:53:00.876 [main] [INFO ] q.l.p.CommandLineTaskRunner$CommandLineProgressMonitor - 832 nuclei detected (32%)
2024-10-23 02:53:00 INFO: 02:53:00.915 [task-runner-1-36] [INFO ] q.lib.plugins.DetectionPluginTools - 955 nuclei detected (processing time: 17.44 seconds)
2024-10-23 02:53:00 INFO: 02:53:00.915 [main] [INFO ] q.l.p.CommandLineTaskRunner$CommandLineProgressMonitor - 955 nuclei detected (33%)
2024-10-23 02:53:00 INFO: 02:53:00.924 [task-runner-1-42] [INFO ] q.lib.plugins.DetectionPluginTools - 1022 nuclei detected (processing time: 17.45 seconds)
2024-10-23 02:53:00 INFO: 02:53:00.925 [main] [INFO ] q.l.p.CommandLineTaskRunner$CommandLineProgressMonitor - 1022 nuclei detected (33%)
2024-10-23 02:53:00 INFO: 02:53:00.947 [task-runner-1-52] [INFO ] q.lib.plugins.DetectionPluginTools - 953 nuclei detected (processing time: 17.47 seconds)
2024-10-23 02:53:00 INFO: 02:53:00.948 [main] [INFO ] q.l.p.CommandLineTaskRunner$CommandLineProgressMonitor - 953 nuclei detected (34%)
2024-10-23 02:53:00 INFO: 02:53:00.972 [task-runner-1-55] [INFO ] q.lib.plugins.DetectionPluginTools - 1102 nuclei detected (processing time: 17.50 seconds)
2024-10-23 02:53:00 INFO: 02:53:00.973 [main] [INFO ] q.l.p.CommandLineTaskRunner$CommandLineProgressMonitor - 1102 nuclei detected (34%)
2024-10-23 02:53:01 INFO: 02:53:01.217 [task-runner-1-57] [INFO ] q.lib.plugins.DetectionPluginTools - 906 nuclei detected (processing time: 17.74 seconds)
2024-10-23 02:53:01 INFO: 02:53:01.217 [main] [INFO ] q.l.p.CommandLineTaskRunner$CommandLineProgressMonitor - 906 nuclei detected (35%)
2024-10-23 02:53:01 INFO: 02:53:01.265 [task-runner-1-21] [INFO ] q.lib.plugins.DetectionPluginTools - 2371 nuclei detected (processing time: 17.80 seconds)
2024-10-23 02:53:01 INFO: 02:53:01.265 [main] [INFO ] q.l.p.CommandLineTaskRunner$CommandLineProgressMonitor - 2371 nuclei detected (36%)
2024-10-23 02:53:01 INFO: 02:53:01.461 [task-runner-1-9] [INFO ] q.lib.plugins.DetectionPluginTools - 1 nucleus detected (processing time: 5.51 seconds)
2024-10-23 02:53:01 INFO: 02:53:01.462 [main] [INFO ] q.l.p.CommandLineTaskRunner$CommandLineProgressMonitor - 1 nucleus detected (36%)
2024-10-23 02:53:01 INFO: 02:53:01.683 [task-runner-1-38] [INFO ] q.lib.plugins.DetectionPluginTools - 1639 nuclei detected (processing time: 18.21 seconds)
2024-10-23 02:53:01 INFO: 02:53:01.684 [main] [INFO ] q.l.p.CommandLineTaskRunner$CommandLineProgressMonitor - 1639 nuclei detected (37%)
2024-10-23 02:53:01 INFO: 02:53:01.734 [task-runner-1-58] [INFO ] q.lib.plugins.DetectionPluginTools - 899 nuclei detected (processing time: 18.26 seconds)
2024-10-23 02:53:01 INFO: 02:53:01.735 [main] [INFO ] q.l.p.CommandLineTaskRunner$CommandLineProgressMonitor - 899 nuclei detected (38%)
2024-10-23 02:53:01 INFO: 02:53:01.959 [task-runner-1-56] [INFO ] q.lib.plugins.DetectionPluginTools - 1224 nuclei detected (processing time: 18.48 seconds)
2024-10-23 02:53:01 INFO: 02:53:01.960 [main] [INFO ] q.l.p.CommandLineTaskRunner$CommandLineProgressMonitor - 1224 nuclei detected (38%)
2024-10-23 02:53:02 INFO: 02:53:02.262 [task-runner-1-54] [INFO ] q.lib.plugins.DetectionPluginTools - 1860 nuclei detected (processing time: 18.79 seconds)
2024-10-23 02:53:02 INFO: 02:53:02.265 [main] [INFO ] q.l.p.CommandLineTaskRunner$CommandLineProgressMonitor - 1860 nuclei detected (39%)
2024-10-23 02:53:02 INFO: 02:53:02.380 [task-runner-1-37] [INFO ] q.lib.plugins.DetectionPluginTools - 2220 nuclei detected (processing time: 18.91 seconds)
2024-10-23 02:53:02 INFO: 02:53:02.384 [main] [INFO ] q.l.p.CommandLineTaskRunner$CommandLineProgressMonitor - 2220 nuclei detected (39%)
2024-10-23 02:53:02 INFO: 02:53:02.968 [task-runner-1-4] [INFO ] q.lib.plugins.DetectionPluginTools - 32 nuclei detected (processing time: 7.01 seconds)
2024-10-23 02:53:02 INFO: 02:53:02.970 [main] [INFO ] q.l.p.CommandLineTaskRunner$CommandLineProgressMonitor - 32 nuclei detected (40%)
2024-10-23 02:53:04 INFO: 02:53:04.868 [task-runner-1-16] [INFO ] q.lib.plugins.DetectionPluginTools - 139 nuclei detected (processing time: 7.76 seconds)
2024-10-23 02:53:04 INFO: 02:53:04.869 [main] [INFO ] q.l.p.CommandLineTaskRunner$CommandLineProgressMonitor - 139 nuclei detected (41%)
2024-10-23 02:53:05 INFO: 02:53:05.670 [task-runner-1-10] [INFO ] q.lib.plugins.DetectionPluginTools - 0 nuclei detected (processing time: 6.85 seconds)
2024-10-23 02:53:05 INFO: 02:53:05.671 [main] [INFO ] q.l.p.CommandLineTaskRunner$CommandLineProgressMonitor - 0 nuclei detected (41%)
2024-10-23 02:53:05 INFO: 02:53:05.885 [task-runner-1-53] [INFO ] q.lib.plugins.DetectionPluginTools - 2904 nuclei detected (processing time: 22.41 seconds)
2024-10-23 02:53:05 INFO: 02:53:05.887 [main] [INFO ] q.l.p.CommandLineTaskRunner$CommandLineProgressMonitor - 2904 nuclei detected (42%)
2024-10-23 02:53:06 INFO: 02:53:06.655 [task-runner-1-35] [INFO ] q.lib.plugins.DetectionPluginTools - 2 nuclei detected (processing time: 7.64 seconds)
2024-10-23 02:53:06 INFO: 02:53:06.656 [main] [INFO ] q.l.p.CommandLineTaskRunner$CommandLineProgressMonitor - 2 nuclei detected (43%)
2024-10-23 02:53:06 INFO: 02:53:06.659 [task-runner-1-41] [INFO ] q.lib.plugins.DetectionPluginTools - 27 nuclei detected (processing time: 7.18 seconds)
2024-10-23 02:53:06 INFO: 02:53:06.660 [main] [INFO ] q.l.p.CommandLineTaskRunner$CommandLineProgressMonitor - 27 nuclei detected (43%)
2024-10-23 02:53:06 INFO: 02:53:06.682 [task-runner-1-39] [INFO ] q.lib.plugins.DetectionPluginTools - 1 nucleus detected (processing time: 7.14 seconds)
2024-10-23 02:53:06 INFO: 02:53:06.684 [main] [INFO ] q.l.p.CommandLineTaskRunner$CommandLineProgressMonitor - 1 nucleus detected (44%)
2024-10-23 02:53:06 INFO: 02:53:06.684 [task-runner-1-15] [INFO ] q.lib.plugins.DetectionPluginTools - 170 nuclei detected (processing time: 9.57 seconds)
2024-10-23 02:53:06 INFO: 02:53:06.685 [main] [INFO ] q.l.p.CommandLineTaskRunner$CommandLineProgressMonitor - 170 nuclei detected (44%)
2024-10-23 02:53:06 INFO: 02:53:06.748 [task-runner-1-17] [INFO ] q.lib.plugins.DetectionPluginTools - 56 nuclei detected (processing time: 7.93 seconds)
2024-10-23 02:53:06 INFO: 02:53:06.752 [main] [INFO ] q.l.p.CommandLineTaskRunner$CommandLineProgressMonitor - 56 nuclei detected (45%)
2024-10-23 02:53:07 INFO: 02:53:07.275 [task-runner-1-7] [INFO ] q.lib.plugins.DetectionPluginTools - 96 nuclei detected (processing time: 8.46 seconds)
2024-10-23 02:53:07 INFO: 02:53:07.279 [main] [INFO ] q.l.p.CommandLineTaskRunner$CommandLineProgressMonitor - 96 nuclei detected (46%)
2024-10-23 02:53:07 INFO: 02:53:07.561 [task-runner-1-2] [INFO ] q.lib.plugins.DetectionPluginTools - 38 nuclei detected (processing time: 8.74 seconds)
2024-10-23 02:53:07 INFO: 02:53:07.561 [task-runner-1-50] [INFO ] q.lib.plugins.DetectionPluginTools - 62 nuclei detected (processing time: 8.51 seconds)
2024-10-23 02:53:07 INFO: 02:53:07.569 [main] [INFO ] q.l.p.CommandLineTaskRunner$CommandLineProgressMonitor - 38 nuclei detected (46%)
2024-10-23 02:53:07 INFO: 02:53:07.569 [main] [INFO ] q.l.p.CommandLineTaskRunner$CommandLineProgressMonitor - 62 nuclei detected (47%)
2024-10-23 02:53:07 INFO: 02:53:07.622 [task-runner-1-61] [INFO ] q.lib.plugins.DetectionPluginTools - 58 nuclei detected (processing time: 8.58 seconds)
2024-10-23 02:53:07 INFO: 02:53:07.624 [main] [INFO ] q.l.p.CommandLineTaskRunner$CommandLineProgressMonitor - 58 nuclei detected (48%)
2024-10-23 02:53:07 INFO: 02:53:07.654 [task-runner-1-62] [INFO ] q.lib.plugins.DetectionPluginTools - 55 nuclei detected (processing time: 8.64 seconds)
2024-10-23 02:53:07 INFO: 02:53:07.656 [main] [INFO ] q.l.p.CommandLineTaskRunner$CommandLineProgressMonitor - 55 nuclei detected (48%)
2024-10-23 02:53:08 INFO: 02:53:08.063 [task-runner-1-59] [INFO ] q.lib.plugins.DetectionPluginTools - 161 nuclei detected (processing time: 8.45 seconds)
2024-10-23 02:53:08 INFO: 02:53:08.066 [main] [INFO ] q.l.p.CommandLineTaskRunner$CommandLineProgressMonitor - 161 nuclei detected (49%)
2024-10-23 02:53:08 INFO: 02:53:08.178 [task-runner-1-18] [INFO ] q.lib.plugins.DetectionPluginTools - 109 nuclei detected (processing time: 9.11 seconds)
2024-10-23 02:53:08 INFO: 02:53:08.179 [main] [INFO ] q.l.p.CommandLineTaskRunner$CommandLineProgressMonitor - 109 nuclei detected (49%)
2024-10-23 02:53:08 INFO: 02:53:08.542 [task-runner-1-13] [INFO ] q.lib.plugins.DetectionPluginTools - 458 nuclei detected (processing time: 9.72 seconds)
2024-10-23 02:53:08 INFO: 02:53:08.544 [main] [INFO ] q.l.p.CommandLineTaskRunner$CommandLineProgressMonitor - 458 nuclei detected (50%)
2024-10-23 02:53:09 INFO: 02:53:09.103 [task-runner-1-30] [INFO ] q.lib.plugins.DetectionPluginTools - 374 nuclei detected (processing time: 10.29 seconds)
2024-10-23 02:53:09 INFO: 02:53:09.104 [main] [INFO ] q.l.p.CommandLineTaskRunner$CommandLineProgressMonitor - 374 nuclei detected (51%)
2024-10-23 02:53:09 INFO: 02:53:09.919 [task-runner-1-40] [INFO ] q.lib.plugins.DetectionPluginTools - 108 nuclei detected (processing time: 9.04 seconds)
2024-10-23 02:53:09 INFO: 02:53:09.922 [main] [INFO ] q.l.p.CommandLineTaskRunner$CommandLineProgressMonitor - 108 nuclei detected (51%)
2024-10-23 02:53:09 INFO: 02:53:09.956 [task-runner-1-63] [INFO ] q.lib.plugins.DetectionPluginTools - 367 nuclei detected (processing time: 10.98 seconds)
2024-10-23 02:53:09 INFO: 02:53:09.958 [main] [INFO ] q.l.p.CommandLineTaskRunner$CommandLineProgressMonitor - 367 nuclei detected (52%)
2024-10-23 02:53:10 INFO: 02:53:10.579 [task-runner-1-4] [INFO ] q.lib.plugins.DetectionPluginTools - 0 nuclei detected (processing time: 7.61 seconds)
2024-10-23 02:53:10 INFO: 02:53:10.583 [main] [INFO ] q.l.p.CommandLineTaskRunner$CommandLineProgressMonitor - 0 nuclei detected (53%)
2024-10-23 02:53:11 INFO: 02:53:11.767 [task-runner-1-16] [INFO ] q.lib.plugins.DetectionPluginTools - 0 nuclei detected (processing time: 6.90 seconds)
2024-10-23 02:53:12 INFO: 02:53:12.136 [task-runner-1-24] [INFO ] q.lib.plugins.DetectionPluginTools - 1127 nuclei detected (processing time: 12.70 seconds)
2024-10-23 02:53:12 INFO: 02:53:12.140 [main] [INFO ] q.l.p.CommandLineTaskRunner$CommandLineProgressMonitor - 1127 nuclei detected (54%)
2024-10-23 02:53:12 INFO: 02:53:12.535 [task-runner-1-41] [INFO ] q.lib.plugins.DetectionPluginTools - 0 nuclei detected (processing time: 5.88 seconds)
2024-10-23 02:53:12 INFO: 02:53:12.536 [main] [INFO ] q.l.p.CommandLineTaskRunner$CommandLineProgressMonitor - 0 nuclei detected (54%)
2024-10-23 02:53:12 INFO: 02:53:12.603 [task-runner-1-36] [INFO ] q.lib.plugins.DetectionPluginTools - 167 nuclei detected (processing time: 11.69 seconds)
2024-10-23 02:53:12 INFO: 02:53:12.605 [main] [INFO ] q.l.p.CommandLineTaskRunner$CommandLineProgressMonitor - 167 nuclei detected (55%)
2024-10-23 02:53:12 INFO: 02:53:12.844 [task-runner-1-14] [INFO ] q.lib.plugins.DetectionPluginTools - 680 nuclei detected (processing time: 14.03 seconds)
2024-10-23 02:53:12 INFO: 02:53:12.846 [main] [INFO ] q.l.p.CommandLineTaskRunner$CommandLineProgressMonitor - 680 nuclei detected (56%)
2024-10-23 02:53:12 INFO: 02:53:12.952 [task-runner-1-37] [INFO ] q.lib.plugins.DetectionPluginTools - 569 nuclei detected (processing time: 10.57 seconds)
2024-10-23 02:53:12 INFO: 02:53:12.953 [main] [INFO ] q.l.p.CommandLineTaskRunner$CommandLineProgressMonitor - 569 nuclei detected (56%)
2024-10-23 02:53:13 INFO: 02:53:13.005 [task-runner-1-10] [INFO ] q.lib.plugins.DetectionPluginTools - 38 nuclei detected (processing time: 7.33 seconds)
2024-10-23 02:53:13 INFO: 02:53:13.009 [main] [INFO ] q.l.p.CommandLineTaskRunner$CommandLineProgressMonitor - 38 nuclei detected (57%)
2024-10-23 02:53:13 INFO: 02:53:13.321 [task-runner-1-39] [INFO ] q.lib.plugins.DetectionPluginTools - 5 nuclei detected (processing time: 6.64 seconds)
2024-10-23 02:53:13 INFO: 02:53:13.323 [main] [INFO ] q.l.p.CommandLineTaskRunner$CommandLineProgressMonitor - 5 nuclei detected (57%)
2024-10-23 02:53:13 INFO: 02:53:13.323 [task-runner-1-53] [INFO ] q.lib.plugins.DetectionPluginTools - 30 nuclei detected (processing time: 7.43 seconds)
2024-10-23 02:53:13 INFO: 02:53:13.324 [main] [INFO ] q.l.p.CommandLineTaskRunner$CommandLineProgressMonitor - 30 nuclei detected (58%)
2024-10-23 02:53:13 INFO: 02:53:13.359 [task-runner-1-7] [INFO ] q.lib.plugins.DetectionPluginTools - 0 nuclei detected (processing time: 6.08 seconds)
2024-10-23 02:53:13 INFO: 02:53:13.364 [task-runner-1-35] [INFO ] q.lib.plugins.DetectionPluginTools - 80 nuclei detected (processing time: 6.71 seconds)
2024-10-23 02:53:13 INFO: 02:53:13.365 [main] [INFO ] q.l.p.CommandLineTaskRunner$CommandLineProgressMonitor - 80 nuclei detected (59%)
2024-10-23 02:53:13 INFO: 02:53:13.366 [main] [INFO ] q.l.p.CommandLineTaskRunner$CommandLineProgressMonitor - 0 nuclei detected (59%)
2024-10-23 02:53:13 INFO: 02:53:13.487 [task-runner-1-17] [INFO ] q.lib.plugins.DetectionPluginTools - 0 nuclei detected (processing time: 6.73 seconds)
2024-10-23 02:53:13 INFO: 02:53:13.491 [main] [INFO ] q.l.p.CommandLineTaskRunner$CommandLineProgressMonitor - 0 nuclei detected (60%)
2024-10-23 02:53:13 INFO: 02:53:13.507 [task-runner-1-12] [INFO ] q.lib.plugins.DetectionPluginTools - 970 nuclei detected (processing time: 16.39 seconds)
2024-10-23 02:53:13 INFO: 02:53:13.516 [task-runner-1-15] [INFO ] q.lib.plugins.DetectionPluginTools - 0 nuclei detected (processing time: 6.83 seconds)
2024-10-23 02:53:13 INFO: 02:53:13.517 [main] [INFO ] q.l.p.CommandLineTaskRunner$CommandLineProgressMonitor - 0 nuclei detected (61%)
2024-10-23 02:53:13 INFO: 02:53:13.522 [main] [INFO ] q.l.p.CommandLineTaskRunner$CommandLineProgressMonitor - 970 nuclei detected (61%)
2024-10-23 02:53:13 INFO: 02:53:13.593 [task-runner-1-50] [INFO ] q.lib.plugins.DetectionPluginTools - 12 nuclei detected (processing time: 6.02 seconds)
2024-10-23 02:53:13 INFO: 02:53:13.596 [main] [INFO ] q.l.p.CommandLineTaskRunner$CommandLineProgressMonitor - 12 nuclei detected (62%)
2024-10-23 02:53:14 INFO: 02:53:14.474 [task-runner-1-13] [INFO ] q.lib.plugins.DetectionPluginTools - 0 nuclei detected (processing time: 5.93 seconds)
2024-10-23 02:53:14 INFO: 02:53:14.475 [main] [INFO ] q.l.p.CommandLineTaskRunner$CommandLineProgressMonitor - 0 nuclei detected (63%)
2024-10-23 02:53:14 INFO: 02:53:14.643 [task-runner-1-18] [INFO ] q.lib.plugins.DetectionPluginTools - 0 nuclei detected (processing time: 6.46 seconds)
2024-10-23 02:53:14 INFO: 02:53:14.688 [task-runner-1-2] [INFO ] q.lib.plugins.DetectionPluginTools - 189 nuclei detected (processing time: 7.12 seconds)
2024-10-23 02:53:14 INFO: 02:53:14.688 [main] [INFO ] q.l.p.CommandLineTaskRunner$CommandLineProgressMonitor - 189 nuclei detected (64%)
2024-10-23 02:53:15 INFO: 02:53:15.091 [task-runner-1-3] [INFO ] q.lib.plugins.DetectionPluginTools - 1245 nuclei detected (processing time: 17.97 seconds)
2024-10-23 02:53:15 INFO: 02:53:15.093 [main] [INFO ] q.l.p.CommandLineTaskRunner$CommandLineProgressMonitor - 1245 nuclei detected (64%)
2024-10-23 02:53:15 INFO: 02:53:15.187 [task-runner-1-27] [INFO ] q.lib.plugins.DetectionPluginTools - 1230 nuclei detected (processing time: 18.06 seconds)
2024-10-23 02:53:15 INFO: 02:53:15.188 [main] [INFO ] q.l.p.CommandLineTaskRunner$CommandLineProgressMonitor - 1230 nuclei detected (65%)
2024-10-23 02:53:15 INFO: 02:53:15.338 [task-runner-1-30] [INFO ] q.lib.plugins.DetectionPluginTools - 0 nuclei detected (processing time: 6.23 seconds)
2024-10-23 02:53:15 INFO: 02:53:15.341 [main] [INFO ] q.l.p.CommandLineTaskRunner$CommandLineProgressMonitor - 0 nuclei detected (66%)
2024-10-23 02:53:15 INFO: 02:53:15.485 [task-runner-1-8] [INFO ] q.lib.plugins.DetectionPluginTools - 1192 nuclei detected (processing time: 16.68 seconds)
2024-10-23 02:53:15 INFO: 02:53:15.487 [main] [INFO ] q.l.p.CommandLineTaskRunner$CommandLineProgressMonitor - 1192 nuclei detected (66%)
2024-10-23 02:53:15 INFO: 02:53:15.578 [task-runner-1-47] [INFO ] q.lib.plugins.DetectionPluginTools - 1279 nuclei detected (processing time: 16.76 seconds)
2024-10-23 02:53:15 INFO: 02:53:15.578 [main] [INFO ] q.l.p.CommandLineTaskRunner$CommandLineProgressMonitor - 1279 nuclei detected (67%)
2024-10-23 02:53:15 INFO: 02:53:15.735 [task-runner-1-57] [INFO ] q.lib.plugins.DetectionPluginTools - 547 nuclei detected (processing time: 14.52 seconds)
2024-10-23 02:53:15 INFO: 02:53:15.741 [main] [INFO ] q.l.p.CommandLineTaskRunner$CommandLineProgressMonitor - 547 nuclei detected (68%)
2024-10-23 02:53:15 INFO: 02:53:15.805 [task-runner-1-29] [INFO ] q.lib.plugins.DetectionPluginTools - 1183 nuclei detected (processing time: 17.00 seconds)
2024-10-23 02:53:15 INFO: 02:53:15.806 [main] [INFO ] q.l.p.CommandLineTaskRunner$CommandLineProgressMonitor - 1183 nuclei detected (68%)
2024-10-23 02:53:16 INFO: 02:53:16.258 [task-runner-1-11] [INFO ] q.lib.plugins.DetectionPluginTools - 1159 nuclei detected (processing time: 17.45 seconds)
2024-10-23 02:53:16 INFO: 02:53:16.259 [main] [INFO ] q.l.p.CommandLineTaskRunner$CommandLineProgressMonitor - 1159 nuclei detected (69%)
2024-10-23 02:53:16 INFO: 02:53:16.271 [task-runner-1-55] [INFO ] q.lib.plugins.DetectionPluginTools - 586 nuclei detected (processing time: 15.30 seconds)
2024-10-23 02:53:16 INFO: 02:53:16.271 [main] [INFO ] q.l.p.CommandLineTaskRunner$CommandLineProgressMonitor - 586 nuclei detected (69%)
2024-10-23 02:53:16 INFO: 02:53:16.296 [task-runner-1-63] [INFO ] q.lib.plugins.DetectionPluginTools - 1 nucleus detected (processing time: 6.34 seconds)
2024-10-23 02:53:16 INFO: 02:53:16.297 [main] [INFO ] q.l.p.CommandLineTaskRunner$CommandLineProgressMonitor - 1 nucleus detected (70%)
2024-10-23 02:53:16 INFO: 02:53:16.367 [task-runner-1-40] [INFO ] q.lib.plugins.DetectionPluginTools - 3 nuclei detected (processing time: 6.44 seconds)
2024-10-23 02:53:16 INFO: 02:53:16.367 [main] [INFO ] q.l.p.CommandLineTaskRunner$CommandLineProgressMonitor - 3 nuclei detected (71%)
2024-10-23 02:53:16 INFO: 02:53:16.441 [task-runner-1-32] [INFO ] q.lib.plugins.DetectionPluginTools - 2101 nuclei detected (processing time: 19.32 seconds)
2024-10-23 02:53:16 INFO: 02:53:16.441 [main] [INFO ] q.l.p.CommandLineTaskRunner$CommandLineProgressMonitor - 2101 nuclei detected (71%)
2024-10-23 02:53:16 INFO: 02:53:16.455 [task-runner-1-45] [INFO ] q.lib.plugins.DetectionPluginTools - 979 nuclei detected (processing time: 17.51 seconds)
2024-10-23 02:53:16 INFO: 02:53:16.456 [main] [INFO ] q.l.p.CommandLineTaskRunner$CommandLineProgressMonitor - 979 nuclei detected (72%)
2024-10-23 02:53:16 INFO: 02:53:16.495 [task-runner-1-26] [INFO ] q.lib.plugins.DetectionPluginTools - 1281 nuclei detected (processing time: 17.64 seconds)
2024-10-23 02:53:16 INFO: 02:53:16.504 [main] [INFO ] q.l.p.CommandLineTaskRunner$CommandLineProgressMonitor - 1281 nuclei detected (73%)
2024-10-23 02:53:16 INFO: 02:53:16.569 [task-runner-1-5] [INFO ] q.lib.plugins.DetectionPluginTools - 1350 nuclei detected (processing time: 17.69 seconds)
2024-10-23 02:53:16 INFO: 02:53:16.570 [main] [INFO ] q.l.p.CommandLineTaskRunner$CommandLineProgressMonitor - 1350 nuclei detected (73%)
2024-10-23 02:53:16 INFO: 02:53:16.663 [task-runner-1-4] [INFO ] q.lib.plugins.DetectionPluginTools - 0 nuclei detected (processing time: 6.08 seconds)
2024-10-23 02:53:16 INFO: 02:53:16.664 [main] [INFO ] q.l.p.CommandLineTaskRunner$CommandLineProgressMonitor - 0 nuclei detected (74%)
2024-10-23 02:53:16 INFO: 02:53:16.824 [task-runner-1-34] [INFO ] q.lib.plugins.DetectionPluginTools - 951 nuclei detected (processing time: 17.73 seconds)
2024-10-23 02:53:16 INFO: 02:53:16.824 [main] [INFO ] q.l.p.CommandLineTaskRunner$CommandLineProgressMonitor - 951 nuclei detected (74%)
2024-10-23 02:53:16 INFO: 02:53:16.951 [task-runner-1-49] [INFO ] q.lib.plugins.DetectionPluginTools - 953 nuclei detected (processing time: 18.02 seconds)
2024-10-23 02:53:16 INFO: 02:53:16.952 [main] [INFO ] q.l.p.CommandLineTaskRunner$CommandLineProgressMonitor - 953 nuclei detected (75%)
2024-10-23 02:53:16 INFO: 02:53:16.966 [task-runner-1-20] [INFO ] q.lib.plugins.DetectionPluginTools - 1064 nuclei detected (processing time: 17.76 seconds)
2024-10-23 02:53:16 INFO: 02:53:16.966 [main] [INFO ] q.l.p.CommandLineTaskRunner$CommandLineProgressMonitor - 1064 nuclei detected (76%)
2024-10-23 02:53:16 INFO: 02:53:16.986 [task-runner-1-31] [INFO ] q.lib.plugins.DetectionPluginTools - 1382 nuclei detected (processing time: 18.17 seconds)
2024-10-23 02:53:16 INFO: 02:53:16.987 [main] [INFO ] q.l.p.CommandLineTaskRunner$CommandLineProgressMonitor - 1382 nuclei detected (76%)
2024-10-23 02:53:17 INFO: 02:53:17.002 [task-runner-1-48] [INFO ] q.lib.plugins.DetectionPluginTools - 1168 nuclei detected (processing time: 18.19 seconds)
2024-10-23 02:53:17 INFO: 02:53:17.006 [main] [INFO ] q.l.p.CommandLineTaskRunner$CommandLineProgressMonitor - 1168 nuclei detected (77%)
2024-10-23 02:53:17 INFO: 02:53:17.008 [task-runner-1-46] [INFO ] q.lib.plugins.DetectionPluginTools - 1123 nuclei detected (processing time: 18.13 seconds)
2024-10-23 02:53:17 INFO: 02:53:17.009 [main] [INFO ] q.l.p.CommandLineTaskRunner$CommandLineProgressMonitor - 1123 nuclei detected (78%)
2024-10-23 02:53:17 INFO: 02:53:17.026 [task-runner-1-19] [INFO ] q.lib.plugins.DetectionPluginTools - 996 nuclei detected (processing time: 18.08 seconds)
2024-10-23 02:53:17 INFO: 02:53:17.027 [main] [INFO ] q.l.p.CommandLineTaskRunner$CommandLineProgressMonitor - 996 nuclei detected (78%)
2024-10-23 02:53:17 INFO: 02:53:17.057 [task-runner-1-21] [INFO ] q.lib.plugins.DetectionPluginTools - 1208 nuclei detected (processing time: 15.79 seconds)
2024-10-23 02:53:17 INFO: 02:53:17.057 [main] [INFO ] q.l.p.CommandLineTaskRunner$CommandLineProgressMonitor - 1208 nuclei detected (79%)
2024-10-23 02:53:17 INFO: 02:53:17.061 [task-runner-1-44] [INFO ] q.lib.plugins.DetectionPluginTools - 1283 nuclei detected (processing time: 17.97 seconds)
2024-10-23 02:53:17 INFO: 02:53:17.061 [main] [INFO ] q.l.p.CommandLineTaskRunner$CommandLineProgressMonitor - 1283 nuclei detected (79%)
2024-10-23 02:53:17 INFO: 02:53:17.349 [task-runner-1-51] [INFO ] q.lib.plugins.DetectionPluginTools - 1188 nuclei detected (processing time: 18.01 seconds)
2024-10-23 02:53:17 INFO: 02:53:17.349 [task-runner-1-1] [INFO ] q.lib.plugins.DetectionPluginTools - 2683 nuclei detected (processing time: 20.23 seconds)
2024-10-23 02:53:17 INFO: 02:53:17.349 [main] [INFO ] q.l.p.CommandLineTaskRunner$CommandLineProgressMonitor - 1188 nuclei detected (80%)
2024-10-23 02:53:17 INFO: 02:53:17.349 [main] [INFO ] q.l.p.CommandLineTaskRunner$CommandLineProgressMonitor - 2683 nuclei detected (81%)
2024-10-23 02:53:17 INFO: 02:53:17.378 [task-runner-1-33] [INFO ] q.lib.plugins.DetectionPluginTools - 986 nuclei detected (processing time: 18.29 seconds)
2024-10-23 02:53:17 INFO: 02:53:17.378 [main] [INFO ] q.l.p.CommandLineTaskRunner$CommandLineProgressMonitor - 986 nuclei detected (81%)
2024-10-23 02:53:17 INFO: 02:53:17.446 [task-runner-1-6] [INFO ] q.lib.plugins.DetectionPluginTools - 1480 nuclei detected (processing time: 18.61 seconds)
2024-10-23 02:53:17 INFO: 02:53:17.446 [main] [INFO ] q.l.p.CommandLineTaskRunner$CommandLineProgressMonitor - 1480 nuclei detected (82%)
2024-10-23 02:53:17 INFO: 02:53:17.502 [task-runner-1-52] [INFO ] q.lib.plugins.DetectionPluginTools - 893 nuclei detected (processing time: 16.56 seconds)
2024-10-23 02:53:17 INFO: 02:53:17.503 [main] [INFO ] q.l.p.CommandLineTaskRunner$CommandLineProgressMonitor - 893 nuclei detected (83%)
2024-10-23 02:53:17 INFO: 02:53:17.510 [task-runner-1-43] [INFO ] q.lib.plugins.DetectionPluginTools - 1148 nuclei detected (processing time: 18.22 seconds)
2024-10-23 02:53:17 INFO: 02:53:17.511 [main] [INFO ] q.l.p.CommandLineTaskRunner$CommandLineProgressMonitor - 1148 nuclei detected (83%)
2024-10-23 02:53:17 INFO: 02:53:17.635 [task-runner-1-61] [INFO ] q.lib.plugins.DetectionPluginTools - 743 nuclei detected (processing time: 10.01 seconds)
2024-10-23 02:53:17 INFO: 02:53:17.635 [main] [INFO ] q.l.p.CommandLineTaskRunner$CommandLineProgressMonitor - 743 nuclei detected (84%)
2024-10-23 02:53:17 INFO: 02:53:17.657 [task-runner-1-25] [INFO ] q.lib.plugins.DetectionPluginTools - 1211 nuclei detected (processing time: 18.59 seconds)
2024-10-23 02:53:17 INFO: 02:53:17.658 [main] [INFO ] q.l.p.CommandLineTaskRunner$CommandLineProgressMonitor - 1211 nuclei detected (84%)
2024-10-23 02:53:17 INFO: 02:53:17.661 [task-runner-1-41] [INFO ] q.lib.plugins.DetectionPluginTools - 0 nuclei detected (processing time: 5.13 seconds)
2024-10-23 02:53:17 INFO: 02:53:17.661 [main] [INFO ] q.l.p.CommandLineTaskRunner$CommandLineProgressMonitor - 0 nuclei detected (85%)
2024-10-23 02:53:17 INFO: 02:53:17.678 [task-runner-1-23] [INFO ] q.lib.plugins.DetectionPluginTools - 1340 nuclei detected (processing time: 18.31 seconds)
2024-10-23 02:53:17 INFO: 02:53:17.678 [main] [INFO ] q.l.p.CommandLineTaskRunner$CommandLineProgressMonitor - 1340 nuclei detected (86%)
2024-10-23 02:53:17 INFO: 02:53:17.739 [task-runner-1-16] [INFO ] q.lib.plugins.DetectionPluginTools - 0 nuclei detected (processing time: 5.96 seconds)
2024-10-23 02:53:17 INFO: 02:53:17.739 [main] [INFO ] q.l.p.CommandLineTaskRunner$CommandLineProgressMonitor - 0 nuclei detected (86%)
2024-10-23 02:53:17 INFO: 02:53:17.774 [task-runner-1-60] [INFO ] q.lib.plugins.DetectionPluginTools - 1431 nuclei detected (processing time: 18.41 seconds)
2024-10-23 02:53:17 INFO: 02:53:17.774 [main] [INFO ] q.l.p.CommandLineTaskRunner$CommandLineProgressMonitor - 1431 nuclei detected (87%)
2024-10-23 02:53:17 INFO: 02:53:17.895 [task-runner-1-24] [INFO ] q.lib.plugins.DetectionPluginTools - 1 nucleus detected (processing time: 5.76 seconds)
2024-10-23 02:53:17 INFO: 02:53:17.895 [main] [INFO ] q.l.p.CommandLineTaskRunner$CommandLineProgressMonitor - 1 nucleus detected (88%)
2024-10-23 02:53:17 INFO: 02:53:17.961 [task-runner-1-28] [INFO ] q.lib.plugins.DetectionPluginTools - 1990 nuclei detected (processing time: 19.13 seconds)
2024-10-23 02:53:17 INFO: 02:53:17.961 [main] [INFO ] q.l.p.CommandLineTaskRunner$CommandLineProgressMonitor - 1990 nuclei detected (88%)
2024-10-23 02:53:17 INFO: 02:53:17.965 [task-runner-1-59] [INFO ] q.lib.plugins.DetectionPluginTools - 1031 nuclei detected (processing time: 9.90 seconds)
2024-10-23 02:53:17 INFO: 02:53:17.966 [main] [INFO ] q.l.p.CommandLineTaskRunner$CommandLineProgressMonitor - 1031 nuclei detected (89%)
2024-10-23 02:53:18 INFO: 02:53:18.149 [task-runner-1-15] [INFO ] q.lib.plugins.DetectionPluginTools - 0 nuclei detected (processing time: 4.63 seconds)
2024-10-23 02:53:18 INFO: 02:53:18.149 [main] [INFO ] q.l.p.CommandLineTaskRunner$CommandLineProgressMonitor - 0 nuclei detected (89%)
2024-10-23 02:53:18 INFO: 02:53:18.165 [task-runner-1-42] [INFO ] q.lib.plugins.DetectionPluginTools - 564 nuclei detected (processing time: 17.24 seconds)
2024-10-23 02:53:18 INFO: 02:53:18.165 [main] [INFO ] q.l.p.CommandLineTaskRunner$CommandLineProgressMonitor - 564 nuclei detected (90%)
2024-10-23 02:53:18 INFO: 02:53:18.176 [task-runner-1-17] [INFO ] q.lib.plugins.DetectionPluginTools - 0 nuclei detected (processing time: 4.69 seconds)
2024-10-23 02:53:18 INFO: 02:53:18.176 [main] [INFO ] q.l.p.CommandLineTaskRunner$CommandLineProgressMonitor - 0 nuclei detected (91%)
2024-10-23 02:53:18 INFO: 02:53:18.184 [task-runner-1-37] [INFO ] q.lib.plugins.DetectionPluginTools - 0 nuclei detected (processing time: 5.23 seconds)
2024-10-23 02:53:18 INFO: 02:53:18.226 [task-runner-1-62] [INFO ] q.lib.plugins.DetectionPluginTools - 839 nuclei detected (processing time: 10.57 seconds)
2024-10-23 02:53:18 INFO: 02:53:18.227 [main] [INFO ] q.l.p.CommandLineTaskRunner$CommandLineProgressMonitor - 839 nuclei detected (92%)
2024-10-23 02:53:18 INFO: 02:53:18.228 [task-runner-1-53] [INFO ] q.lib.plugins.DetectionPluginTools - 0 nuclei detected (processing time: 4.90 seconds)
2024-10-23 02:53:18 INFO: 02:53:18.228 [main] [INFO ] q.l.p.CommandLineTaskRunner$CommandLineProgressMonitor - 0 nuclei detected (93%)
2024-10-23 02:53:18 INFO: 02:53:18.235 [task-runner-1-39] [INFO ] q.lib.plugins.DetectionPluginTools - 0 nuclei detected (processing time: 4.91 seconds)
2024-10-23 02:53:18 INFO: 02:53:18.249 [task-runner-1-22] [INFO ] q.lib.plugins.DetectionPluginTools - 1749 nuclei detected (processing time: 18.83 seconds)
2024-10-23 02:53:18 INFO: 02:53:18.249 [main] [INFO ] q.l.p.CommandLineTaskRunner$CommandLineProgressMonitor - 1749 nuclei detected (94%)
2024-10-23 02:53:18 INFO: 02:53:18.294 [task-runner-1-14] [INFO ] q.lib.plugins.DetectionPluginTools - 0 nuclei detected (processing time: 5.45 seconds)
2024-10-23 02:53:18 INFO: 02:53:18.294 [main] [INFO ] q.l.p.CommandLineTaskRunner$CommandLineProgressMonitor - 0 nuclei detected (94%)
2024-10-23 02:53:18 INFO: 02:53:18.388 [task-runner-1-10] [INFO ] q.lib.plugins.DetectionPluginTools - 0 nuclei detected (processing time: 5.38 seconds)
2024-10-23 02:53:18 INFO: 02:53:18.389 [main] [INFO ] q.l.p.CommandLineTaskRunner$CommandLineProgressMonitor - 0 nuclei detected (95%)
2024-10-23 02:53:18 INFO: 02:53:18.443 [task-runner-1-36] [INFO ] q.lib.plugins.DetectionPluginTools - 0 nuclei detected (processing time: 5.84 seconds)
2024-10-23 02:53:18 INFO: 02:53:18.443 [main] [INFO ] q.l.p.CommandLineTaskRunner$CommandLineProgressMonitor - 0 nuclei detected (96%)
2024-10-23 02:53:18 INFO: 02:53:18.476 [task-runner-1-9] [INFO ] q.lib.plugins.DetectionPluginTools - 1535 nuclei detected (processing time: 17.01 seconds)
2024-10-23 02:53:18 INFO: 02:53:18.476 [main] [INFO ] q.l.p.CommandLineTaskRunner$CommandLineProgressMonitor - 1535 nuclei detected (96%)
2024-10-23 02:53:18 INFO: 02:53:18.497 [task-runner-1-35] [INFO ] q.lib.plugins.DetectionPluginTools - 0 nuclei detected (processing time: 5.13 seconds)
2024-10-23 02:53:18 INFO: 02:53:18.498 [main] [INFO ] q.l.p.CommandLineTaskRunner$CommandLineProgressMonitor - 0 nuclei detected (97%)
2024-10-23 02:53:18 INFO: 02:53:18.541 [task-runner-1-7] [INFO ] q.lib.plugins.DetectionPluginTools - 0 nuclei detected (processing time: 5.18 seconds)
2024-10-23 02:53:18 INFO: 02:53:18.541 [main] [INFO ] q.l.p.CommandLineTaskRunner$CommandLineProgressMonitor - 0 nuclei detected (98%)
2024-10-23 02:53:19 INFO: 02:53:19.274 [task-runner-1-56] [INFO ] q.lib.plugins.DetectionPluginTools - 1820 nuclei detected (processing time: 17.31 seconds)
2024-10-23 02:53:19 INFO: 02:53:19.274 [main] [INFO ] q.l.p.CommandLineTaskRunner$CommandLineProgressMonitor - 1820 nuclei detected (98%)
2024-10-23 02:53:19 INFO: 02:53:19.321 [task-runner-1-38] [INFO ] q.lib.plugins.DetectionPluginTools - 2023 nuclei detected (processing time: 17.64 seconds)
2024-10-23 02:53:19 INFO: 02:53:19.322 [main] [INFO ] q.l.p.CommandLineTaskRunner$CommandLineProgressMonitor - 2023 nuclei detected (99%)
2024-10-23 02:53:19 INFO: 02:53:19.349 [task-runner-1-54] [INFO ] q.lib.plugins.DetectionPluginTools - 1795 nuclei detected (processing time: 17.08 seconds)
2024-10-23 02:53:19 INFO: 02:53:19.349 [main] [INFO ] q.l.p.CommandLineTaskRunner$CommandLineProgressMonitor - 1795 nuclei detected (99%)
2024-10-23 02:53:19 INFO: 02:53:19.350 [task-runner-1-58] [INFO ] q.lib.plugins.DetectionPluginTools - 2155 nuclei detected (processing time: 17.62 seconds)
2024-10-23 02:53:19 INFO: 02:53:19.350 [main] [INFO ] q.l.p.CommandLineTaskRunner$CommandLineProgressMonitor - 2155 nuclei detected (100%)
2024-10-23 02:53:19 INFO: 02:53:19.350 [main] [INFO ] q.l.p.CommandLineTaskRunner$CommandLineProgressMonitor - Processing complete in 35.89 seconds
2024-10-23 02:53:19 INFO: 02:53:19.350 [main] [INFO ] q.l.p.CommandLineTaskRunner$CommandLineProgressMonitor - Tasks completed!
2024-10-23 02:53:23 INFO: 02:53:23.342 [main] [WARN ] q.l.p.objects.SmoothFeaturesPlugin - Smoothing using annotations
2024-10-23 02:53:24 INFO: 02:53:24.705 [main] [INFO ] q.l.p.CommandLineTaskRunner$CommandLineProgressMonitor - Completed (100%)
2024-10-23 02:53:24 INFO: 02:53:24.706 [main] [INFO ] q.l.p.CommandLineTaskRunner$CommandLineProgressMonitor - Processing complete in 1.36 seconds
2024-10-23 02:53:24 INFO: 02:53:24.706 [main] [INFO ] q.l.p.CommandLineTaskRunner$CommandLineProgressMonitor - Tasks completed!
2024-10-23 02:53:24 INFO: 02:53:24.708 [main] [WARN ] q.l.p.objects.SmoothFeaturesPlugin - Smoothing using annotations
2024-10-23 02:53:26 INFO: 02:53:26.938 [main] [INFO ] q.l.p.CommandLineTaskRunner$CommandLineProgressMonitor - Completed (100%)
2024-10-23 02:53:26 INFO: 02:53:26.938 [main] [INFO ] q.l.p.CommandLineTaskRunner$CommandLineProgressMonitor - Processing complete in 2.23 seconds
2024-10-23 02:53:26 INFO: 02:53:26.938 [main] [INFO ] q.l.p.CommandLineTaskRunner$CommandLineProgressMonitor - Tasks completed!
2024-10-23 02:53:26 INFO: 02:53:26.940 [main] [WARN ] q.l.p.objects.SmoothFeaturesPlugin - Smoothing using annotations
2024-10-23 02:53:31 INFO: 02:53:31.251 [main] [INFO ] q.l.p.CommandLineTaskRunner$CommandLineProgressMonitor - Completed (100%)
2024-10-23 02:53:31 INFO: 02:53:31.251 [main] [INFO ] q.l.p.CommandLineTaskRunner$CommandLineProgressMonitor - Processing complete in 4.31 seconds
2024-10-23 02:53:31 INFO: 02:53:31.251 [main] [INFO ] q.l.p.CommandLineTaskRunner$CommandLineProgressMonitor - Tasks completed!
2024-10-23 02:53:31 INFO: 02:53:31.357 [task-runner-5-2] [INFO ] q.l.a.IntensityFeaturesPlugin - Splitting Rectangle (0, 0, 63784, 39311) into 40 tiles for intensity measurements
2024-10-23 02:53:31 INFO: 02:53:31.423 [main] [INFO ] q.l.p.CommandLineTaskRunner$CommandLineProgressMonitor - Completed (0%)
2024-10-23 02:53:32 INFO: 02:53:32.147 [main] [INFO ] q.l.p.CommandLineTaskRunner$CommandLineProgressMonitor - Completed (1%)
2024-10-23 02:53:32 INFO: 02:53:32.357 [main] [INFO ] q.l.p.CommandLineTaskRunner$CommandLineProgressMonitor - Completed (2%)
2024-10-23 02:53:32 INFO: 02:53:32.513 [main] [INFO ] q.l.p.CommandLineTaskRunner$CommandLineProgressMonitor - Completed (3%)
2024-10-23 02:53:32 INFO: 02:53:32.647 [main] [INFO ] q.l.p.CommandLineTaskRunner$CommandLineProgressMonitor - Completed (4%)
2024-10-23 02:53:32 INFO: 02:53:32.821 [main] [INFO ] q.l.p.CommandLineTaskRunner$CommandLineProgressMonitor - Completed (5%)
2024-10-23 02:53:32 INFO: 02:53:32.989 [main] [INFO ] q.l.p.CommandLineTaskRunner$CommandLineProgressMonitor - Completed (6%)
2024-10-23 02:53:33 INFO: 02:53:33.302 [main] [INFO ] q.l.p.CommandLineTaskRunner$CommandLineProgressMonitor - Completed (7%)
2024-10-23 02:53:33 INFO: 02:53:33.442 [main] [INFO ] q.l.p.CommandLineTaskRunner$CommandLineProgressMonitor - Completed (8%)
2024-10-23 02:53:33 INFO: 02:53:33.484 [main] [INFO ] q.l.p.CommandLineTaskRunner$CommandLineProgressMonitor - Completed (9%)
2024-10-23 02:53:33 INFO: 02:53:33.535 [main] [INFO ] q.l.p.CommandLineTaskRunner$CommandLineProgressMonitor - Completed (10%)
2024-10-23 02:53:33 INFO: 02:53:33.587 [main] [INFO ] q.l.p.CommandLineTaskRunner$CommandLineProgressMonitor - Completed (11%)
2024-10-23 02:53:33 INFO: 02:53:33.637 [main] [INFO ] q.l.p.CommandLineTaskRunner$CommandLineProgressMonitor - Completed (12%)
2024-10-23 02:53:33 INFO: 02:53:33.698 [main] [INFO ] q.l.p.CommandLineTaskRunner$CommandLineProgressMonitor - Completed (13%)
2024-10-23 02:53:33 INFO: 02:53:33.765 [main] [INFO ] q.l.p.CommandLineTaskRunner$CommandLineProgressMonitor - Completed (14%)
2024-10-23 02:53:33 INFO: 02:53:33.836 [main] [INFO ] q.l.p.CommandLineTaskRunner$CommandLineProgressMonitor - Completed (15%)
2024-10-23 02:53:33 INFO: 02:53:33.907 [main] [INFO ] q.l.p.CommandLineTaskRunner$CommandLineProgressMonitor - Completed (16%)
2024-10-23 02:53:33 INFO: 02:53:33.981 [main] [INFO ] q.l.p.CommandLineTaskRunner$CommandLineProgressMonitor - Completed (17%)
2024-10-23 02:53:34 INFO: 02:53:34.169 [main] [INFO ] q.l.p.CommandLineTaskRunner$CommandLineProgressMonitor - Completed (18%)
2024-10-23 02:53:34 INFO: 02:53:34.222 [main] [INFO ] q.l.p.CommandLineTaskRunner$CommandLineProgressMonitor - Completed (19%)
2024-10-23 02:53:34 INFO: 02:53:34.265 [main] [INFO ] q.l.p.CommandLineTaskRunner$CommandLineProgressMonitor - Completed (20%)
2024-10-23 02:53:34 INFO: 02:53:34.315 [main] [INFO ] q.l.p.CommandLineTaskRunner$CommandLineProgressMonitor - Completed (21%)
2024-10-23 02:53:34 INFO: 02:53:34.368 [main] [INFO ] q.l.p.CommandLineTaskRunner$CommandLineProgressMonitor - Completed (22%)
2024-10-23 02:53:34 INFO: 02:53:34.434 [main] [INFO ] q.l.p.CommandLineTaskRunner$CommandLineProgressMonitor - Completed (23%)
2024-10-23 02:53:34 INFO: 02:53:34.482 [main] [INFO ] q.l.p.CommandLineTaskRunner$CommandLineProgressMonitor - Completed (24%)
2024-10-23 02:53:34 INFO: 02:53:34.534 [main] [INFO ] q.l.p.CommandLineTaskRunner$CommandLineProgressMonitor - Completed (25%)
2024-10-23 02:53:34 INFO: 02:53:34.574 [main] [INFO ] q.l.p.CommandLineTaskRunner$CommandLineProgressMonitor - Completed (26%)
2024-10-23 02:53:34 INFO: 02:53:34.622 [main] [INFO ] q.l.p.CommandLineTaskRunner$CommandLineProgressMonitor - Completed (27%)
2024-10-23 02:53:34 INFO: 02:53:34.678 [main] [INFO ] q.l.p.CommandLineTaskRunner$CommandLineProgressMonitor - Completed (28%)
2024-10-23 02:53:34 INFO: 02:53:34.741 [main] [INFO ] q.l.p.CommandLineTaskRunner$CommandLineProgressMonitor - Completed (29%)
2024-10-23 02:53:34 INFO: 02:53:34.802 [main] [INFO ] q.l.p.CommandLineTaskRunner$CommandLineProgressMonitor - Completed (30%)
2024-10-23 02:53:34 INFO: 02:53:34.873 [main] [INFO ] q.l.p.CommandLineTaskRunner$CommandLineProgressMonitor - Completed (31%)
2024-10-23 02:53:34 INFO: 02:53:34.971 [main] [INFO ] q.l.p.CommandLineTaskRunner$CommandLineProgressMonitor - Completed (32%)
2024-10-23 02:53:35 INFO: 02:53:35.115 [main] [INFO ] q.l.p.CommandLineTaskRunner$CommandLineProgressMonitor - Completed (33%)
2024-10-23 02:53:35 INFO: 02:53:35.178 [main] [INFO ] q.l.p.CommandLineTaskRunner$CommandLineProgressMonitor - Completed (34%)
2024-10-23 02:53:35 INFO: 02:53:35.237 [main] [INFO ] q.l.p.CommandLineTaskRunner$CommandLineProgressMonitor - Completed (35%)
2024-10-23 02:53:35 INFO: 02:53:35.296 [main] [INFO ] q.l.p.CommandLineTaskRunner$CommandLineProgressMonitor - Completed (36%)
2024-10-23 02:53:35 INFO: 02:53:35.338 [main] [INFO ] q.l.p.CommandLineTaskRunner$CommandLineProgressMonitor - Completed (37%)
2024-10-23 02:53:35 INFO: 02:53:35.377 [main] [INFO ] q.l.p.CommandLineTaskRunner$CommandLineProgressMonitor - Completed (38%)
2024-10-23 02:53:35 INFO: 02:53:35.422 [main] [INFO ] q.l.p.CommandLineTaskRunner$CommandLineProgressMonitor - Completed (39%)
2024-10-23 02:53:35 INFO: 02:53:35.472 [main] [INFO ] q.l.p.CommandLineTaskRunner$CommandLineProgressMonitor - Completed (40%)
2024-10-23 02:53:35 INFO: 02:53:35.514 [main] [INFO ] q.l.p.CommandLineTaskRunner$CommandLineProgressMonitor - Completed (41%)
2024-10-23 02:53:35 INFO: 02:53:35.562 [main] [INFO ] q.l.p.CommandLineTaskRunner$CommandLineProgressMonitor - Completed (42%)
2024-10-23 02:53:35 INFO: 02:53:35.612 [main] [INFO ] q.l.p.CommandLineTaskRunner$CommandLineProgressMonitor - Completed (43%)
2024-10-23 02:53:35 INFO: 02:53:35.662 [main] [INFO ] q.l.p.CommandLineTaskRunner$CommandLineProgressMonitor - Completed (44%)
2024-10-23 02:53:35 INFO: 02:53:35.745 [main] [INFO ] q.l.p.CommandLineTaskRunner$CommandLineProgressMonitor - Completed (45%)
2024-10-23 02:53:35 INFO: 02:53:35.941 [main] [INFO ] q.l.p.CommandLineTaskRunner$CommandLineProgressMonitor - Completed (46%)
2024-10-23 02:53:35 INFO: 02:53:35.992 [main] [INFO ] q.l.p.CommandLineTaskRunner$CommandLineProgressMonitor - Completed (47%)
2024-10-23 02:53:36 INFO: 02:53:36.054 [main] [INFO ] q.l.p.CommandLineTaskRunner$CommandLineProgressMonitor - Completed (48%)
2024-10-23 02:53:36 INFO: 02:53:36.118 [main] [INFO ] q.l.p.CommandLineTaskRunner$CommandLineProgressMonitor - Completed (49%)
2024-10-23 02:53:36 INFO: 02:53:36.174 [main] [INFO ] q.l.p.CommandLineTaskRunner$CommandLineProgressMonitor - Completed (50%)
2024-10-23 02:53:36 INFO: 02:53:36.217 [main] [INFO ] q.l.p.CommandLineTaskRunner$CommandLineProgressMonitor - Completed (51%)
2024-10-23 02:53:36 INFO: 02:53:36.289 [main] [INFO ] q.l.p.CommandLineTaskRunner$CommandLineProgressMonitor - Completed (52%)
2024-10-23 02:53:36 INFO: 02:53:36.415 [main] [INFO ] q.l.p.CommandLineTaskRunner$CommandLineProgressMonitor - Completed (53%)
2024-10-23 02:53:36 INFO: 02:53:36.471 [main] [INFO ] q.l.p.CommandLineTaskRunner$CommandLineProgressMonitor - Completed (54%)
2024-10-23 02:53:36 INFO: 02:53:36.513 [main] [INFO ] q.l.p.CommandLineTaskRunner$CommandLineProgressMonitor - Completed (55%)
2024-10-23 02:53:36 INFO: 02:53:36.558 [main] [INFO ] q.l.p.CommandLineTaskRunner$CommandLineProgressMonitor - Completed (56%)
2024-10-23 02:53:36 INFO: 02:53:36.600 [main] [INFO ] q.l.p.CommandLineTaskRunner$CommandLineProgressMonitor - Completed (57%)
2024-10-23 02:53:36 INFO: 02:53:36.646 [main] [INFO ] q.l.p.CommandLineTaskRunner$CommandLineProgressMonitor - Completed (58%)
2024-10-23 02:53:36 INFO: 02:53:36.688 [main] [INFO ] q.l.p.CommandLineTaskRunner$CommandLineProgressMonitor - Completed (59%)
2024-10-23 02:53:36 INFO: 02:53:36.740 [main] [INFO ] q.l.p.CommandLineTaskRunner$CommandLineProgressMonitor - Completed (60%)
2024-10-23 02:53:36 INFO: 02:53:36.797 [main] [INFO ] q.l.p.CommandLineTaskRunner$CommandLineProgressMonitor - Completed (61%)
2024-10-23 02:53:36 INFO: 02:53:36.847 [main] [INFO ] q.l.p.CommandLineTaskRunner$CommandLineProgressMonitor - Completed (62%)
2024-10-23 02:53:36 INFO: 02:53:36.899 [main] [INFO ] q.l.p.CommandLineTaskRunner$CommandLineProgressMonitor - Completed (63%)
2024-10-23 02:53:36 INFO: 02:53:36.952 [main] [INFO ] q.l.p.CommandLineTaskRunner$CommandLineProgressMonitor - Completed (64%)
2024-10-23 02:53:37 INFO: 02:53:37.014 [main] [INFO ] q.l.p.CommandLineTaskRunner$CommandLineProgressMonitor - Completed (65%)
2024-10-23 02:53:37 INFO: 02:53:37.060 [main] [INFO ] q.l.p.CommandLineTaskRunner$CommandLineProgressMonitor - Completed (66%)
2024-10-23 02:53:37 INFO: 02:53:37.104 [main] [INFO ] q.l.p.CommandLineTaskRunner$CommandLineProgressMonitor - Completed (67%)
2024-10-23 02:53:37 INFO: 02:53:37.156 [main] [INFO ] q.l.p.CommandLineTaskRunner$CommandLineProgressMonitor - Completed (68%)
2024-10-23 02:53:37 INFO: 02:53:37.206 [main] [INFO ] q.l.p.CommandLineTaskRunner$CommandLineProgressMonitor - Completed (69%)
2024-10-23 02:53:37 INFO: 02:53:37.263 [main] [INFO ] q.l.p.CommandLineTaskRunner$CommandLineProgressMonitor - Completed (70%)
2024-10-23 02:53:37 INFO: 02:53:37.309 [main] [INFO ] q.l.p.CommandLineTaskRunner$CommandLineProgressMonitor - Completed (71%)
2024-10-23 02:53:37 INFO: 02:53:37.356 [main] [INFO ] q.l.p.CommandLineTaskRunner$CommandLineProgressMonitor - Completed (72%)
2024-10-23 02:53:37 INFO: 02:53:37.402 [main] [INFO ] q.l.p.CommandLineTaskRunner$CommandLineProgressMonitor - Completed (73%)
2024-10-23 02:53:37 INFO: 02:53:37.451 [main] [INFO ] q.l.p.CommandLineTaskRunner$CommandLineProgressMonitor - Completed (74%)
2024-10-23 02:53:37 INFO: 02:53:37.498 [main] [INFO ] q.l.p.CommandLineTaskRunner$CommandLineProgressMonitor - Completed (75%)
2024-10-23 02:53:37 INFO: 02:53:37.573 [main] [INFO ] q.l.p.CommandLineTaskRunner$CommandLineProgressMonitor - Completed (76%)
2024-10-23 02:53:37 INFO: 02:53:37.638 [main] [INFO ] q.l.p.CommandLineTaskRunner$CommandLineProgressMonitor - Completed (77%)
2024-10-23 02:53:37 INFO: 02:53:37.703 [main] [INFO ] q.l.p.CommandLineTaskRunner$CommandLineProgressMonitor - Completed (78%)
2024-10-23 02:53:37 INFO: 02:53:37.776 [main] [INFO ] q.l.p.CommandLineTaskRunner$CommandLineProgressMonitor - Completed (79%)
2024-10-23 02:53:37 INFO: 02:53:37.836 [main] [INFO ] q.l.p.CommandLineTaskRunner$CommandLineProgressMonitor - Completed (80%)
2024-10-23 02:53:38 INFO: 02:53:38.007 [main] [INFO ] q.l.p.CommandLineTaskRunner$CommandLineProgressMonitor - Completed (81%)
2024-10-23 02:53:38 INFO: 02:53:38.066 [main] [INFO ] q.l.p.CommandLineTaskRunner$CommandLineProgressMonitor - Completed (82%)
2024-10-23 02:53:38 INFO: 02:53:38.115 [main] [INFO ] q.l.p.CommandLineTaskRunner$CommandLineProgressMonitor - Completed (83%)
2024-10-23 02:53:38 INFO: 02:53:38.168 [main] [INFO ] q.l.p.CommandLineTaskRunner$CommandLineProgressMonitor - Completed (84%)
2024-10-23 02:53:38 INFO: 02:53:38.215 [main] [INFO ] q.l.p.CommandLineTaskRunner$CommandLineProgressMonitor - Completed (85%)
2024-10-23 02:53:38 INFO: 02:53:38.253 [main] [INFO ] q.l.p.CommandLineTaskRunner$CommandLineProgressMonitor - Completed (86%)
2024-10-23 02:53:38 INFO: 02:53:38.296 [main] [INFO ] q.l.p.CommandLineTaskRunner$CommandLineProgressMonitor - Completed (87%)
2024-10-23 02:53:38 INFO: 02:53:38.342 [main] [INFO ] q.l.p.CommandLineTaskRunner$CommandLineProgressMonitor - Completed (88%)
2024-10-23 02:53:38 INFO: 02:53:38.380 [main] [INFO ] q.l.p.CommandLineTaskRunner$CommandLineProgressMonitor - Completed (89%)
2024-10-23 02:53:38 INFO: 02:53:38.422 [main] [INFO ] q.l.p.CommandLineTaskRunner$CommandLineProgressMonitor - Completed (90%)
2024-10-23 02:53:38 INFO: 02:53:38.469 [main] [INFO ] q.l.p.CommandLineTaskRunner$CommandLineProgressMonitor - Completed (91%)
2024-10-23 02:53:38 INFO: 02:53:38.508 [main] [INFO ] q.l.p.CommandLineTaskRunner$CommandLineProgressMonitor - Completed (92%)
2024-10-23 02:53:38 INFO: 02:53:38.550 [main] [INFO ] q.l.p.CommandLineTaskRunner$CommandLineProgressMonitor - Completed (93%)
2024-10-23 02:53:38 INFO: 02:53:38.594 [main] [INFO ] q.l.p.CommandLineTaskRunner$CommandLineProgressMonitor - Completed (94%)
2024-10-23 02:53:38 INFO: 02:53:38.636 [main] [INFO ] q.l.p.CommandLineTaskRunner$CommandLineProgressMonitor - Completed (95%)
2024-10-23 02:53:38 INFO: 02:53:38.678 [main] [INFO ] q.l.p.CommandLineTaskRunner$CommandLineProgressMonitor - Completed (96%)
2024-10-23 02:53:38 INFO: 02:53:38.717 [main] [INFO ] q.l.p.CommandLineTaskRunner$CommandLineProgressMonitor - Completed (97%)
2024-10-23 02:53:38 INFO: 02:53:38.767 [main] [INFO ] q.l.p.CommandLineTaskRunner$CommandLineProgressMonitor - Completed (98%)
2024-10-23 02:53:38 INFO: 02:53:38.814 [main] [INFO ] q.l.p.CommandLineTaskRunner$CommandLineProgressMonitor - Completed (99%)
2024-10-23 02:53:38 INFO: 02:53:38.866 [main] [INFO ] q.l.p.CommandLineTaskRunner$CommandLineProgressMonitor - Completed (100%)
2024-10-23 02:54:39 INFO: 02:54:39.863 [main] [INFO ] q.l.p.CommandLineTaskRunner$CommandLineProgressMonitor - Completed (100%)
2024-10-23 02:54:39 INFO: 02:54:39.864 [main] [INFO ] q.l.p.CommandLineTaskRunner$CommandLineProgressMonitor - Processing complete in 68.52 seconds
2024-10-23 02:54:39 INFO: 02:54:39.864 [main] [INFO ] q.l.p.CommandLineTaskRunner$CommandLineProgressMonitor - Tasks completed!
2024-10-23 02:55:28 INFO: 02:55:28.264 [task-runner-6-1] [WARN ] q.o.features.DelaunayTriangulation - Some objects have missing measurements! Statistics will calculated only for objects with measurements available.
2024-10-23 02:55:28 INFO: 02:55:28.265 [task-runner-6-1] [WARN ] q.o.features.DelaunayTriangulation - Missing measurements: [ROI: 1.00 m per pixel: Residual: Haralick Correlation (F2), ROI: 1.00 m per pixel: Residual: Haralick Information measure of correlation 1 (F11)]
2024-10-23 02:55:28 INFO: 02:55:28.271 [main] [INFO ] q.l.p.CommandLineTaskRunner$CommandLineProgressMonitor - Delaunay triangulation calculated for Annotation (75997 objects) (100%)
2024-10-23 02:55:28 INFO: 02:55:28.271 [main] [INFO ] q.l.p.CommandLineTaskRunner$CommandLineProgressMonitor - Processing complete in 48.37 seconds
2024-10-23 02:55:28 INFO: 02:55:28.271 [main] [INFO ] q.l.p.CommandLineTaskRunner$CommandLineProgressMonitor - Tasks completed!
2024-10-23 02:56:24 INFO: TCGA-GI-A2C8-01Z-00-DX1.09BD8AC9-645A-4C8B-9B36-77D833BDBA09
2024-10-23 02:56:24 INFO: QuPath subprocess completed.
2024-10-23 02:56:28 INFO: QuPath image extraction completed successfully. Output directory: /home/ilants/Documents/jupyter_test/single_image_multiple_params/exp_maxAreaMicrons_20.0
2024-10-23 02:56:28 INFO: Summary table saved to: /home/ilants/Documents/jupyter_test/single_image_multiple_params/exp_maxAreaMicrons_20.0/Summary_Table.csv
2024-10-23 02:56:28 INFO: Experiment completed successfully.
