2024-10-22 21:09:50 INFO: Starting experiment with for threshold with value of 0
2024-10-22 21:09:50 INFO: Running with the following configuration:
{'detectionImageBrightfield': 'Hematoxylin OD', 'requestedPixelSizeMicrons': 0.5, 'backgroundRadiusMicrons': 4.0, 'backgroundByReconstruction': True, 'medianRadiusMicrons': 0.0, 'sigmaMicrons': 1.5, 'minAreaMicrons': 10.0, 'maxAreaMicrons': 80.0, 'threshold': 0, 'maxBackground': 2.0, 'watershedPostProcess': True, 'cellExpansionMicrons': 5.0, 'includeNuclei': True, 'smoothBoundaries': True, 'makeMeasurements': True, 'backgroundRadiusPixel': 8.0, 'cellExpansionPixel': 10.0, 'medianRadiusPixel': 0.0, 'minAreaPixel': 20.0, 'maxAreaPixel': 160.0}
2024-10-22 21:09:50 INFO: Starting QuPath image extraction with the following parameters: image_dir=/home/ilants/Documents/jupyter_test, output_dir=/home/ilants/Documents/jupyter_test/single_image_multiple_params/exp_threshold_0, image_type=svs, groovy_script=/home/ilants/Documents/utls/nucleus_detection_wargs.groovy, config_file=/home/ilants/Documents/jupyter_test/single_image_multiple_params/exp_threshold_0/cfg.json, program_path=/home/ilants/Documents/QuPath-v0.5.1-Linux/QuPath/bin/QuPath
2024-10-22 21:09:51 INFO: 21:09:51.619 [main] [INFO ] qupath.lib.gui.prefs.PathPrefs - Setting default Locale to en_US
2024-10-22 21:09:51 INFO: 21:09:51.622 [main] [INFO ] qupath.lib.gui.prefs.PathPrefs - Setting Locale for FORMAT to en_US
2024-10-22 21:09:51 INFO: 21:09:51.622 [main] [INFO ] qupath.lib.gui.prefs.PathPrefs - Setting Locale for DISPLAY to en_US
2024-10-22 21:09:51 INFO: 21:09:51.636 [main] [INFO ] qupath.lib.common.ThreadTools - Setting parallelism to 63
2024-10-22 21:09:51 INFO: 21:09:51.654 [main] [INFO ] qupath.ScriptCommand - Setting tile cache size to 32200.00 MB (25.0% max memory)
2024-10-22 21:09:51 INFO: 21:09:51.707 [main] [INFO ] qupath.lib.scripting.QP - Initializing type adapters
2024-10-22 21:09:51 INFO: Warning: Versions of org.bytedeco:javacpp:1.5.9 and org.bytedeco:opencv:4.6.0-1.5.8 do not match.
2024-10-22 21:09:51 INFO: Warning: Versions of org.bytedeco:javacpp:1.5.9 and org.bytedeco:openblas:0.3.21-1.5.8 do not match.
2024-10-22 21:09:53 INFO: project parameters are: {"detectionImageBrightfield": "Hematoxylin OD","requestedPixelSizeMicrons": 0.5,"backgroundRadiusMicrons": 4.0,"backgroundByReconstruction": true,"medianRadiusMicrons": 0.0,"sigmaMicrons": 1.5,"minAreaMicrons": 10.0,"maxAreaMicrons": 80.0,"threshold": 0,"maxBackground": 2.0,"watershedPostProcess": true,"cellExpansionMicrons": 5.0,"includeNuclei": true,"smoothBoundaries": true,"makeMeasurements": true,"backgroundRadiusPixel": 8.0,"cellExpansionPixel": 10.0,"medianRadiusPixel": 0.0,"minAreaPixel": 20.0,"maxAreaPixel": 160.0}
2024-10-22 21:09:53 INFO: New project created at: /home/ilants/Documents/jupyter_test/single_image_multiple_params/exp_threshold_0/QPProject
2024-10-22 21:09:53 INFO: Added: /home/ilants/Documents/jupyter_test/TCGA-GI-A2C8-01Z-00-DX1.09BD8AC9-645A-4C8B-9B36-77D833BDBA09.svs
2024-10-22 21:09:53 INFO: /home/ilants/Documents/jupyter_test/TCGA-GI-A2C8-01Z-00-DX1.09BD8AC9-645A-4C8B-9B36-77D833BDBA09.svs
2024-10-22 21:09:53 INFO: 21:09:53.639 [main] [INFO ] q.l.i.s.b.BioFormatsServerOptions - Setting max Bio-Formats readers to 32
2024-10-22 21:09:54 INFO: UriImageSupport (class qupath.lib.images.servers.bioformats.BioFormatsServerBuilder) support=3.0, builders=1
2024-10-22 21:09:54 INFO: true
2024-10-22 21:09:54 INFO: 21:09:54.299 [main] [WARN ] qupath.lib.scripting.QP - createSelectAllObject(boolean) is deprecated, use createFullImageAnnotation(boolean) instead
2024-10-22 21:09:54 INFO: 21:09:54.300 [main] [WARN ] qupath.lib.scripting.QP - createSelectAllObject(boolean, int, int) is deprecated, use createFullImageAnnotation(boolean, int, int) instead
2024-10-22 21:09:54 INFO: 21:09:54.310 [main] [WARN ] q.l.plugins.parameters.ParameterList - Unable to set parameter backgroundRadiusPixel with value 8.0
2024-10-22 21:09:54 INFO: 21:09:54.310 [main] [WARN ] q.l.plugins.parameters.ParameterList - Unable to set parameter cellExpansionPixel with value 10.0
2024-10-22 21:09:54 INFO: 21:09:54.310 [main] [WARN ] q.l.plugins.parameters.ParameterList - Unable to set parameter medianRadiusPixel with value 0.0
2024-10-22 21:09:54 INFO: 21:09:54.310 [main] [WARN ] q.l.plugins.parameters.ParameterList - Unable to set parameter minAreaPixel with value 20.0
2024-10-22 21:09:54 INFO: 21:09:54.310 [main] [WARN ] q.l.plugins.parameters.ParameterList - Unable to set parameter maxAreaPixel with value 160.0
2024-10-22 21:10:08 INFO: 21:10:08.864 [task-runner-1-30] [INFO ] q.lib.plugins.DetectionPluginTools - 19 nuclei detected (processing time: 14.43 seconds)
2024-10-22 21:10:08 INFO: 21:10:08.864 [task-runner-1-32] [INFO ] q.lib.plugins.DetectionPluginTools - 11 nuclei detected (processing time: 14.43 seconds)
2024-10-22 21:10:08 INFO: 21:10:08.867 [main] [INFO ] q.l.p.CommandLineTaskRunner$CommandLineProgressMonitor - 11 nuclei detected (1%)
2024-10-22 21:10:08 INFO: 21:10:08.868 [main] [INFO ] q.l.p.CommandLineTaskRunner$CommandLineProgressMonitor - 19 nuclei detected (1%)
2024-10-22 21:10:08 INFO: 21:10:08.871 [task-runner-1-12] [INFO ] q.lib.plugins.DetectionPluginTools - 18 nuclei detected (processing time: 14.44 seconds)
2024-10-22 21:10:08 INFO: 21:10:08.874 [main] [INFO ] q.l.p.CommandLineTaskRunner$CommandLineProgressMonitor - 18 nuclei detected (2%)
2024-10-22 21:10:08 INFO: 21:10:08.874 [task-runner-1-48] [INFO ] q.lib.plugins.DetectionPluginTools - 21 nuclei detected (processing time: 14.44 seconds)
2024-10-22 21:10:08 INFO: 21:10:08.878 [task-runner-1-3] [INFO ] q.lib.plugins.DetectionPluginTools - 25 nuclei detected (processing time: 14.45 seconds)
2024-10-22 21:10:08 INFO: 21:10:08.879 [main] [INFO ] q.l.p.CommandLineTaskRunner$CommandLineProgressMonitor - 25 nuclei detected (3%)
2024-10-22 21:10:08 INFO: 21:10:08.879 [main] [INFO ] q.l.p.CommandLineTaskRunner$CommandLineProgressMonitor - 21 nuclei detected (3%)
2024-10-22 21:10:08 INFO: 21:10:08.879 [task-runner-1-16] [INFO ] q.lib.plugins.DetectionPluginTools - 24 nuclei detected (processing time: 14.45 seconds)
2024-10-22 21:10:08 INFO: 21:10:08.879 [main] [INFO ] q.l.p.CommandLineTaskRunner$CommandLineProgressMonitor - 24 nuclei detected (4%)
2024-10-22 21:10:08 INFO: 21:10:08.905 [task-runner-1-27] [INFO ] q.lib.plugins.DetectionPluginTools - 28 nuclei detected (processing time: 14.47 seconds)
2024-10-22 21:10:08 INFO: 21:10:08.906 [task-runner-1-9] [INFO ] q.lib.plugins.DetectionPluginTools - 27 nuclei detected (processing time: 14.48 seconds)
2024-10-22 21:10:08 INFO: 21:10:08.907 [main] [INFO ] q.l.p.CommandLineTaskRunner$CommandLineProgressMonitor - 28 nuclei detected (4%)
2024-10-22 21:10:08 INFO: 21:10:08.907 [main] [INFO ] q.l.p.CommandLineTaskRunner$CommandLineProgressMonitor - 27 nuclei detected (5%)
2024-10-22 21:10:08 INFO: 21:10:08.911 [task-runner-1-14] [INFO ] q.lib.plugins.DetectionPluginTools - 31 nuclei detected (processing time: 14.48 seconds)
2024-10-22 21:10:08 INFO: 21:10:08.911 [task-runner-1-8] [INFO ] q.lib.plugins.DetectionPluginTools - 29 nuclei detected (processing time: 14.48 seconds)
2024-10-22 21:10:08 INFO: 21:10:08.911 [main] [INFO ] q.l.p.CommandLineTaskRunner$CommandLineProgressMonitor - 31 nuclei detected (6%)
2024-10-22 21:10:08 INFO: 21:10:08.911 [main] [INFO ] q.l.p.CommandLineTaskRunner$CommandLineProgressMonitor - 29 nuclei detected (6%)
2024-10-22 21:10:08 INFO: 21:10:08.917 [task-runner-1-11] [INFO ] q.lib.plugins.DetectionPluginTools - 28 nuclei detected (processing time: 14.49 seconds)
2024-10-22 21:10:08 INFO: 21:10:08.917 [main] [INFO ] q.l.p.CommandLineTaskRunner$CommandLineProgressMonitor - 28 nuclei detected (7%)
2024-10-22 21:10:08 INFO: 21:10:08.920 [task-runner-1-10] [INFO ] q.lib.plugins.DetectionPluginTools - 24 nuclei detected (processing time: 14.49 seconds)
2024-10-22 21:10:08 INFO: 21:10:08.921 [task-runner-1-29] [INFO ] q.lib.plugins.DetectionPluginTools - 39 nuclei detected (processing time: 14.49 seconds)
2024-10-22 21:10:08 INFO: 21:10:08.921 [main] [INFO ] q.l.p.CommandLineTaskRunner$CommandLineProgressMonitor - 24 nuclei detected (8%)
2024-10-22 21:10:08 INFO: 21:10:08.921 [main] [INFO ] q.l.p.CommandLineTaskRunner$CommandLineProgressMonitor - 39 nuclei detected (8%)
2024-10-22 21:10:08 INFO: 21:10:08.925 [task-runner-1-4] [INFO ] q.lib.plugins.DetectionPluginTools - 38 nuclei detected (processing time: 14.50 seconds)
2024-10-22 21:10:08 INFO: 21:10:08.925 [main] [INFO ] q.l.p.CommandLineTaskRunner$CommandLineProgressMonitor - 38 nuclei detected (9%)
2024-10-22 21:10:08 INFO: 21:10:08.927 [task-runner-1-15] [INFO ] q.lib.plugins.DetectionPluginTools - 39 nuclei detected (processing time: 14.50 seconds)
2024-10-22 21:10:08 INFO: 21:10:08.928 [main] [INFO ] q.l.p.CommandLineTaskRunner$CommandLineProgressMonitor - 39 nuclei detected (9%)
2024-10-22 21:10:08 INFO: 21:10:08.928 [task-runner-1-47] [INFO ] q.lib.plugins.DetectionPluginTools - 34 nuclei detected (processing time: 14.49 seconds)
2024-10-22 21:10:08 INFO: 21:10:08.928 [main] [INFO ] q.l.p.CommandLineTaskRunner$CommandLineProgressMonitor - 34 nuclei detected (10%)
2024-10-22 21:10:08 INFO: 21:10:08.932 [task-runner-1-2] [INFO ] q.lib.plugins.DetectionPluginTools - 43 nuclei detected (processing time: 14.50 seconds)
2024-10-22 21:10:08 INFO: 21:10:08.932 [main] [INFO ] q.l.p.CommandLineTaskRunner$CommandLineProgressMonitor - 43 nuclei detected (11%)
2024-10-22 21:10:08 INFO: 21:10:08.934 [task-runner-1-7] [INFO ] q.lib.plugins.DetectionPluginTools - 42 nuclei detected (processing time: 14.50 seconds)
2024-10-22 21:10:08 INFO: 21:10:08.934 [main] [INFO ] q.l.p.CommandLineTaskRunner$CommandLineProgressMonitor - 42 nuclei detected (11%)
2024-10-22 21:10:08 INFO: 21:10:08.935 [task-runner-1-1] [INFO ] q.lib.plugins.DetectionPluginTools - 43 nuclei detected (processing time: 14.51 seconds)
2024-10-22 21:10:08 INFO: 21:10:08.935 [main] [INFO ] q.l.p.CommandLineTaskRunner$CommandLineProgressMonitor - 43 nuclei detected (12%)
2024-10-22 21:10:08 INFO: 21:10:08.950 [task-runner-1-17] [INFO ] q.lib.plugins.DetectionPluginTools - 41 nuclei detected (processing time: 14.52 seconds)
2024-10-22 21:10:08 INFO: 21:10:08.950 [task-runner-1-13] [INFO ] q.lib.plugins.DetectionPluginTools - 53 nuclei detected (processing time: 14.52 seconds)
2024-10-22 21:10:08 INFO: 21:10:08.951 [main] [INFO ] q.l.p.CommandLineTaskRunner$CommandLineProgressMonitor - 41 nuclei detected (13%)
2024-10-22 21:10:08 INFO: 21:10:08.951 [main] [INFO ] q.l.p.CommandLineTaskRunner$CommandLineProgressMonitor - 53 nuclei detected (13%)
2024-10-22 21:10:08 INFO: 21:10:08.951 [task-runner-1-31] [INFO ] q.lib.plugins.DetectionPluginTools - 41 nuclei detected (processing time: 14.52 seconds)
2024-10-22 21:10:08 INFO: 21:10:08.951 [main] [INFO ] q.l.p.CommandLineTaskRunner$CommandLineProgressMonitor - 41 nuclei detected (14%)
2024-10-22 21:10:08 INFO: 21:10:08.998 [task-runner-1-6] [INFO ] q.lib.plugins.DetectionPluginTools - 100 nuclei detected (processing time: 14.57 seconds)
2024-10-22 21:10:09 INFO: 21:10:09.000 [main] [INFO ] q.l.p.CommandLineTaskRunner$CommandLineProgressMonitor - 100 nuclei detected (14%)
2024-10-22 21:10:09 INFO: 21:10:09.003 [task-runner-1-28] [INFO ] q.lib.plugins.DetectionPluginTools - 125 nuclei detected (processing time: 14.57 seconds)
2024-10-22 21:10:09 INFO: 21:10:09.003 [main] [INFO ] q.l.p.CommandLineTaskRunner$CommandLineProgressMonitor - 125 nuclei detected (15%)
2024-10-22 21:10:09 INFO: 21:10:09.071 [task-runner-1-26] [INFO ] q.lib.plugins.DetectionPluginTools - 251 nuclei detected (processing time: 14.64 seconds)
2024-10-22 21:10:09 INFO: 21:10:09.074 [main] [INFO ] q.l.p.CommandLineTaskRunner$CommandLineProgressMonitor - 251 nuclei detected (16%)
2024-10-22 21:10:09 INFO: 21:10:09.115 [task-runner-1-46] [INFO ] q.lib.plugins.DetectionPluginTools - 261 nuclei detected (processing time: 14.68 seconds)
2024-10-22 21:10:09 INFO: 21:10:09.117 [main] [INFO ] q.l.p.CommandLineTaskRunner$CommandLineProgressMonitor - 261 nuclei detected (16%)
2024-10-22 21:10:09 INFO: 21:10:09.186 [task-runner-1-5] [INFO ] q.lib.plugins.DetectionPluginTools - 466 nuclei detected (processing time: 14.76 seconds)
2024-10-22 21:10:09 INFO: 21:10:09.187 [main] [INFO ] q.l.p.CommandLineTaskRunner$CommandLineProgressMonitor - 466 nuclei detected (17%)
2024-10-22 21:10:10 INFO: 21:10:10.459 [task-runner-1-18] [INFO ] q.lib.plugins.DetectionPluginTools - 1353 nuclei detected (processing time: 16.03 seconds)
2024-10-22 21:10:10 INFO: 21:10:10.459 [main] [INFO ] q.l.p.CommandLineTaskRunner$CommandLineProgressMonitor - 1353 nuclei detected (18%)
2024-10-22 21:10:11 INFO: 21:10:11.511 [task-runner-1-45] [INFO ] q.lib.plugins.DetectionPluginTools - 1002 nuclei detected (processing time: 17.07 seconds)
2024-10-22 21:10:11 INFO: 21:10:11.512 [main] [INFO ] q.l.p.CommandLineTaskRunner$CommandLineProgressMonitor - 1002 nuclei detected (18%)
2024-10-22 21:10:11 INFO: 21:10:11.678 [task-runner-1-63] [INFO ] q.lib.plugins.DetectionPluginTools - 1622 nuclei detected (processing time: 17.24 seconds)
2024-10-22 21:10:11 INFO: 21:10:11.679 [main] [INFO ] q.l.p.CommandLineTaskRunner$CommandLineProgressMonitor - 1622 nuclei detected (19%)
2024-10-22 21:10:11 INFO: 21:10:11.754 [task-runner-1-25] [INFO ] q.lib.plugins.DetectionPluginTools - 1970 nuclei detected (processing time: 17.32 seconds)
2024-10-22 21:10:11 INFO: 21:10:11.756 [main] [INFO ] q.l.p.CommandLineTaskRunner$CommandLineProgressMonitor - 1970 nuclei detected (19%)
2024-10-22 21:10:11 INFO: 21:10:11.816 [task-runner-1-19] [INFO ] q.lib.plugins.DetectionPluginTools - 1926 nuclei detected (processing time: 17.38 seconds)
2024-10-22 21:10:11 INFO: 21:10:11.817 [main] [INFO ] q.l.p.CommandLineTaskRunner$CommandLineProgressMonitor - 1926 nuclei detected (20%)
2024-10-22 21:10:11 INFO: 21:10:11.876 [task-runner-1-20] [INFO ] q.lib.plugins.DetectionPluginTools - 2411 nuclei detected (processing time: 17.44 seconds)
2024-10-22 21:10:11 INFO: 21:10:11.877 [main] [INFO ] q.l.p.CommandLineTaskRunner$CommandLineProgressMonitor - 2411 nuclei detected (21%)
2024-10-22 21:10:12 INFO: 21:10:12.294 [task-runner-1-49] [INFO ] q.lib.plugins.DetectionPluginTools - 1879 nuclei detected (processing time: 17.85 seconds)
2024-10-22 21:10:12 INFO: 21:10:12.294 [main] [INFO ] q.l.p.CommandLineTaskRunner$CommandLineProgressMonitor - 1879 nuclei detected (21%)
2024-10-22 21:10:12 INFO: 21:10:12.745 [task-runner-1-50] [INFO ] q.lib.plugins.DetectionPluginTools - 2457 nuclei detected (processing time: 18.31 seconds)
2024-10-22 21:10:12 INFO: 21:10:12.746 [main] [INFO ] q.l.p.CommandLineTaskRunner$CommandLineProgressMonitor - 2457 nuclei detected (22%)
2024-10-22 21:10:12 INFO: 21:10:12.835 [task-runner-1-34] [INFO ] q.lib.plugins.DetectionPluginTools - 3044 nuclei detected (processing time: 18.40 seconds)
2024-10-22 21:10:12 INFO: 21:10:12.837 [main] [INFO ] q.l.p.CommandLineTaskRunner$CommandLineProgressMonitor - 3044 nuclei detected (23%)
2024-10-22 21:10:13 INFO: 21:10:13.059 [task-runner-1-33] [INFO ] q.lib.plugins.DetectionPluginTools - 2449 nuclei detected (processing time: 18.62 seconds)
2024-10-22 21:10:13 INFO: 21:10:13.060 [main] [INFO ] q.l.p.CommandLineTaskRunner$CommandLineProgressMonitor - 2449 nuclei detected (23%)
2024-10-22 21:10:13 INFO: 21:10:13.272 [task-runner-1-44] [INFO ] q.lib.plugins.DetectionPluginTools - 2458 nuclei detected (processing time: 18.83 seconds)
2024-10-22 21:10:13 INFO: 21:10:13.273 [main] [INFO ] q.l.p.CommandLineTaskRunner$CommandLineProgressMonitor - 2458 nuclei detected (24%)
2024-10-22 21:10:13 INFO: 21:10:13.460 [task-runner-1-61] [INFO ] q.lib.plugins.DetectionPluginTools - 2318 nuclei detected (processing time: 19.02 seconds)
2024-10-22 21:10:13 INFO: 21:10:13.464 [main] [INFO ] q.l.p.CommandLineTaskRunner$CommandLineProgressMonitor - 2318 nuclei detected (24%)
2024-10-22 21:10:13 INFO: 21:10:13.599 [task-runner-1-62] [INFO ] q.lib.plugins.DetectionPluginTools - 2353 nuclei detected (processing time: 19.16 seconds)
2024-10-22 21:10:13 INFO: 21:10:13.601 [main] [INFO ] q.l.p.CommandLineTaskRunner$CommandLineProgressMonitor - 2353 nuclei detected (25%)
2024-10-22 21:10:13 INFO: 21:10:13.660 [task-runner-1-35] [INFO ] q.lib.plugins.DetectionPluginTools - 3071 nuclei detected (processing time: 19.22 seconds)
2024-10-22 21:10:13 INFO: 21:10:13.662 [main] [INFO ] q.l.p.CommandLineTaskRunner$CommandLineProgressMonitor - 3071 nuclei detected (26%)
2024-10-22 21:10:14 INFO: 21:10:14.431 [task-runner-1-23] [INFO ] q.lib.plugins.DetectionPluginTools - 4190 nuclei detected (processing time: 20.00 seconds)
2024-10-22 21:10:14 INFO: 21:10:14.432 [main] [INFO ] q.l.p.CommandLineTaskRunner$CommandLineProgressMonitor - 4190 nuclei detected (26%)
2024-10-22 21:10:14 INFO: 21:10:14.663 [task-runner-1-43] [INFO ] q.lib.plugins.DetectionPluginTools - 3751 nuclei detected (processing time: 20.23 seconds)
2024-10-22 21:10:14 INFO: 21:10:14.666 [main] [INFO ] q.l.p.CommandLineTaskRunner$CommandLineProgressMonitor - 3751 nuclei detected (27%)
2024-10-22 21:10:14 INFO: 21:10:14.716 [task-runner-1-32] [INFO ] q.lib.plugins.DetectionPluginTools - 21 nuclei detected (processing time: 5.85 seconds)
2024-10-22 21:10:14 INFO: 21:10:14.718 [main] [INFO ] q.l.p.CommandLineTaskRunner$CommandLineProgressMonitor - 21 nuclei detected (28%)
2024-10-22 21:10:14 INFO: 21:10:14.805 [task-runner-1-24] [INFO ] q.lib.plugins.DetectionPluginTools - 4497 nuclei detected (processing time: 20.37 seconds)
2024-10-22 21:10:14 INFO: 21:10:14.806 [main] [INFO ] q.l.p.CommandLineTaskRunner$CommandLineProgressMonitor - 4497 nuclei detected (28%)
2024-10-22 21:10:14 INFO: 21:10:14.917 [task-runner-1-51] [INFO ] q.lib.plugins.DetectionPluginTools - 4726 nuclei detected (processing time: 20.48 seconds)
2024-10-22 21:10:14 INFO: 21:10:14.919 [main] [INFO ] q.l.p.CommandLineTaskRunner$CommandLineProgressMonitor - 4726 nuclei detected (29%)
2024-10-22 21:10:15 INFO: 21:10:15.117 [task-runner-1-2] [INFO ] q.lib.plugins.DetectionPluginTools - 35 nuclei detected (processing time: 6.19 seconds)
2024-10-22 21:10:15 INFO: 21:10:15.118 [main] [INFO ] q.l.p.CommandLineTaskRunner$CommandLineProgressMonitor - 35 nuclei detected (29%)
2024-10-22 21:10:15 INFO: 21:10:15.131 [task-runner-1-60] [INFO ] q.lib.plugins.DetectionPluginTools - 4356 nuclei detected (processing time: 20.69 seconds)
2024-10-22 21:10:15 INFO: 21:10:15.135 [main] [INFO ] q.l.p.CommandLineTaskRunner$CommandLineProgressMonitor - 4356 nuclei detected (30%)
2024-10-22 21:10:15 INFO: 21:10:15.790 [task-runner-1-22] [INFO ] q.lib.plugins.DetectionPluginTools - 5402 nuclei detected (processing time: 21.36 seconds)
2024-10-22 21:10:15 INFO: 21:10:15.791 [main] [INFO ] q.l.p.CommandLineTaskRunner$CommandLineProgressMonitor - 5402 nuclei detected (31%)
2024-10-22 21:10:17 INFO: 21:10:17.990 [task-runner-1-20] [INFO ] q.lib.plugins.DetectionPluginTools - 40 nuclei detected (processing time: 6.11 seconds)
2024-10-22 21:10:17 INFO: 21:10:17.992 [main] [INFO ] q.l.p.CommandLineTaskRunner$CommandLineProgressMonitor - 40 nuclei detected (31%)
2024-10-22 21:10:19 INFO: 21:10:19.332 [task-runner-1-19] [INFO ] q.lib.plugins.DetectionPluginTools - 675 nuclei detected (processing time: 7.51 seconds)
2024-10-22 21:10:19 INFO: 21:10:19.334 [main] [INFO ] q.l.p.CommandLineTaskRunner$CommandLineProgressMonitor - 675 nuclei detected (32%)
2024-10-22 21:10:19 INFO: 21:10:19.434 [task-runner-1-12] [INFO ] q.lib.plugins.DetectionPluginTools - 2069 nuclei detected (processing time: 10.56 seconds)
2024-10-22 21:10:19 INFO: 21:10:19.435 [main] [INFO ] q.l.p.CommandLineTaskRunner$CommandLineProgressMonitor - 2069 nuclei detected (33%)
2024-10-22 21:10:19 INFO: 21:10:19.687 [task-runner-1-30] [INFO ] q.lib.plugins.DetectionPluginTools - 2052 nuclei detected (processing time: 10.82 seconds)
2024-10-22 21:10:19 INFO: 21:10:19.689 [main] [INFO ] q.l.p.CommandLineTaskRunner$CommandLineProgressMonitor - 2052 nuclei detected (33%)
2024-10-22 21:10:19 INFO: 21:10:19.716 [task-runner-1-47] [INFO ] q.lib.plugins.DetectionPluginTools - 2078 nuclei detected (processing time: 10.79 seconds)
2024-10-22 21:10:19 INFO: 21:10:19.717 [main] [INFO ] q.l.p.CommandLineTaskRunner$CommandLineProgressMonitor - 2078 nuclei detected (34%)
2024-10-22 21:10:20 INFO: 21:10:20.212 [task-runner-1-1] [INFO ] q.lib.plugins.DetectionPluginTools - 1952 nuclei detected (processing time: 11.28 seconds)
2024-10-22 21:10:20 INFO: 21:10:20.214 [main] [INFO ] q.l.p.CommandLineTaskRunner$CommandLineProgressMonitor - 1952 nuclei detected (34%)
2024-10-22 21:10:20 INFO: 21:10:20.598 [task-runner-1-3] [INFO ] q.lib.plugins.DetectionPluginTools - 2436 nuclei detected (processing time: 11.72 seconds)
2024-10-22 21:10:20 INFO: 21:10:20.600 [main] [INFO ] q.l.p.CommandLineTaskRunner$CommandLineProgressMonitor - 2436 nuclei detected (35%)
2024-10-22 21:10:20 INFO: 21:10:20.735 [task-runner-1-7] [INFO ] q.lib.plugins.DetectionPluginTools - 2032 nuclei detected (processing time: 11.80 seconds)
2024-10-22 21:10:20 INFO: 21:10:20.737 [main] [INFO ] q.l.p.CommandLineTaskRunner$CommandLineProgressMonitor - 2032 nuclei detected (36%)
2024-10-22 21:10:20 INFO: 21:10:20.846 [task-runner-1-21] [INFO ] q.lib.plugins.DetectionPluginTools - 8693 nuclei detected (processing time: 26.41 seconds)
2024-10-22 21:10:20 INFO: 21:10:20.849 [main] [INFO ] q.l.p.CommandLineTaskRunner$CommandLineProgressMonitor - 8693 nuclei detected (36%)
2024-10-22 21:10:20 INFO: 21:10:20.861 [task-runner-1-59] [INFO ] q.lib.plugins.DetectionPluginTools - 7513 nuclei detected (processing time: 26.42 seconds)
2024-10-22 21:10:20 INFO: 21:10:20.862 [main] [INFO ] q.l.p.CommandLineTaskRunner$CommandLineProgressMonitor - 7513 nuclei detected (37%)
2024-10-22 21:10:20 INFO: 21:10:20.955 [task-runner-1-60] [INFO ] q.lib.plugins.DetectionPluginTools - 213 nuclei detected (processing time: 5.82 seconds)
2024-10-22 21:10:20 INFO: 21:10:20.956 [main] [INFO ] q.l.p.CommandLineTaskRunner$CommandLineProgressMonitor - 213 nuclei detected (38%)
2024-10-22 21:10:21 INFO: 21:10:21.344 [task-runner-1-22] [INFO ] q.lib.plugins.DetectionPluginTools - 30 nuclei detected (processing time: 5.55 seconds)
2024-10-22 21:10:21 INFO: 21:10:21.347 [main] [INFO ] q.l.p.CommandLineTaskRunner$CommandLineProgressMonitor - 30 nuclei detected (38%)
2024-10-22 21:10:21 INFO: 21:10:21.530 [task-runner-1-52] [INFO ] q.lib.plugins.DetectionPluginTools - 8244 nuclei detected (processing time: 27.09 seconds)
2024-10-22 21:10:21 INFO: 21:10:21.531 [main] [INFO ] q.l.p.CommandLineTaskRunner$CommandLineProgressMonitor - 8244 nuclei detected (39%)
2024-10-22 21:10:21 INFO: 21:10:21.730 [task-runner-1-36] [INFO ] q.lib.plugins.DetectionPluginTools - 8294 nuclei detected (processing time: 27.29 seconds)
2024-10-22 21:10:21 INFO: 21:10:21.731 [main] [INFO ] q.l.p.CommandLineTaskRunner$CommandLineProgressMonitor - 8294 nuclei detected (39%)
2024-10-22 21:10:21 INFO: 21:10:21.897 [task-runner-1-17] [INFO ] q.lib.plugins.DetectionPluginTools - 2846 nuclei detected (processing time: 12.95 seconds)
2024-10-22 21:10:21 INFO: 21:10:21.898 [main] [INFO ] q.l.p.CommandLineTaskRunner$CommandLineProgressMonitor - 2846 nuclei detected (40%)
2024-10-22 21:10:23 INFO: 21:10:23.112 [task-runner-1-42] [INFO ] q.lib.plugins.DetectionPluginTools - 8392 nuclei detected (processing time: 28.67 seconds)
2024-10-22 21:10:23 INFO: 21:10:23.113 [main] [INFO ] q.l.p.CommandLineTaskRunner$CommandLineProgressMonitor - 8392 nuclei detected (41%)
2024-10-22 21:10:23 INFO: 21:10:23.408 [task-runner-1-40] [INFO ] q.lib.plugins.DetectionPluginTools - 8857 nuclei detected (processing time: 28.97 seconds)
2024-10-22 21:10:23 INFO: 21:10:23.410 [main] [INFO ] q.l.p.CommandLineTaskRunner$CommandLineProgressMonitor - 8857 nuclei detected (41%)
2024-10-22 21:10:23 INFO: 21:10:23.468 [task-runner-1-49] [INFO ] q.lib.plugins.DetectionPluginTools - 2227 nuclei detected (processing time: 11.17 seconds)
2024-10-22 21:10:23 INFO: 21:10:23.470 [main] [INFO ] q.l.p.CommandLineTaskRunner$CommandLineProgressMonitor - 2227 nuclei detected (42%)
2024-10-22 21:10:23 INFO: 21:10:23.542 [task-runner-1-50] [INFO ] q.lib.plugins.DetectionPluginTools - 1834 nuclei detected (processing time: 10.80 seconds)
2024-10-22 21:10:23 INFO: 21:10:23.544 [main] [INFO ] q.l.p.CommandLineTaskRunner$CommandLineProgressMonitor - 1834 nuclei detected (43%)
2024-10-22 21:10:23 INFO: 21:10:23.702 [task-runner-1-34] [INFO ] q.lib.plugins.DetectionPluginTools - 1746 nuclei detected (processing time: 10.87 seconds)
2024-10-22 21:10:23 INFO: 21:10:23.704 [main] [INFO ] q.l.p.CommandLineTaskRunner$CommandLineProgressMonitor - 1746 nuclei detected (43%)
2024-10-22 21:10:24 INFO: 21:10:24.376 [task-runner-1-38] [INFO ] q.lib.plugins.DetectionPluginTools - 10217 nuclei detected (processing time: 29.94 seconds)
2024-10-22 21:10:24 INFO: 21:10:24.377 [main] [INFO ] q.l.p.CommandLineTaskRunner$CommandLineProgressMonitor - 10217 nuclei detected (44%)
2024-10-22 21:10:24 INFO: 21:10:24.546 [task-runner-1-37] [INFO ] q.lib.plugins.DetectionPluginTools - 10353 nuclei detected (processing time: 30.11 seconds)
2024-10-22 21:10:24 INFO: 21:10:24.549 [main] [INFO ] q.l.p.CommandLineTaskRunner$CommandLineProgressMonitor - 10353 nuclei detected (44%)
2024-10-22 21:10:24 INFO: 21:10:24.785 [task-runner-1-55] [INFO ] q.lib.plugins.DetectionPluginTools - 9660 nuclei detected (processing time: 30.35 seconds)
2024-10-22 21:10:24 INFO: 21:10:24.786 [main] [INFO ] q.l.p.CommandLineTaskRunner$CommandLineProgressMonitor - 9660 nuclei detected (45%)
2024-10-22 21:10:25 INFO: 21:10:25.709 [task-runner-1-56] [INFO ] q.lib.plugins.DetectionPluginTools - 9094 nuclei detected (processing time: 31.27 seconds)
2024-10-22 21:10:25 INFO: 21:10:25.711 [main] [INFO ] q.l.p.CommandLineTaskRunner$CommandLineProgressMonitor - 9094 nuclei detected (46%)
2024-10-22 21:10:26 INFO: 21:10:26.038 [task-runner-1-39] [INFO ] q.lib.plugins.DetectionPluginTools - 9315 nuclei detected (processing time: 31.60 seconds)
2024-10-22 21:10:26 INFO: 21:10:26.039 [main] [INFO ] q.l.p.CommandLineTaskRunner$CommandLineProgressMonitor - 9315 nuclei detected (46%)
2024-10-22 21:10:26 INFO: 21:10:26.060 [task-runner-1-57] [INFO ] q.lib.plugins.DetectionPluginTools - 9014 nuclei detected (processing time: 31.62 seconds)
2024-10-22 21:10:26 INFO: 21:10:26.061 [main] [INFO ] q.l.p.CommandLineTaskRunner$CommandLineProgressMonitor - 9014 nuclei detected (47%)
2024-10-22 21:10:26 INFO: 21:10:26.076 [task-runner-1-15] [INFO ] q.lib.plugins.DetectionPluginTools - 4207 nuclei detected (processing time: 17.15 seconds)
2024-10-22 21:10:26 INFO: 21:10:26.077 [main] [INFO ] q.l.p.CommandLineTaskRunner$CommandLineProgressMonitor - 4207 nuclei detected (48%)
2024-10-22 21:10:26 INFO: 21:10:26.160 [task-runner-1-54] [INFO ] q.lib.plugins.DetectionPluginTools - 10097 nuclei detected (processing time: 31.72 seconds)
2024-10-22 21:10:26 INFO: 21:10:26.162 [main] [INFO ] q.l.p.CommandLineTaskRunner$CommandLineProgressMonitor - 10097 nuclei detected (48%)
2024-10-22 21:10:26 INFO: 21:10:26.779 [task-runner-1-53] [INFO ] q.lib.plugins.DetectionPluginTools - 10547 nuclei detected (processing time: 32.34 seconds)
2024-10-22 21:10:26 INFO: 21:10:26.780 [main] [INFO ] q.l.p.CommandLineTaskRunner$CommandLineProgressMonitor - 10547 nuclei detected (49%)
2024-10-22 21:10:26 INFO: 21:10:26.849 [task-runner-1-41] [INFO ] q.lib.plugins.DetectionPluginTools - 9755 nuclei detected (processing time: 32.41 seconds)
2024-10-22 21:10:26 INFO: 21:10:26.850 [main] [INFO ] q.l.p.CommandLineTaskRunner$CommandLineProgressMonitor - 9755 nuclei detected (49%)
2024-10-22 21:10:27 INFO: 21:10:27.494 [task-runner-1-58] [INFO ] q.lib.plugins.DetectionPluginTools - 9763 nuclei detected (processing time: 33.05 seconds)
2024-10-22 21:10:27 INFO: 21:10:27.496 [main] [INFO ] q.l.p.CommandLineTaskRunner$CommandLineProgressMonitor - 9763 nuclei detected (50%)
2024-10-22 21:10:28 INFO: 21:10:28.218 [task-runner-1-25] [INFO ] q.lib.plugins.DetectionPluginTools - 3909 nuclei detected (processing time: 16.46 seconds)
2024-10-22 21:10:28 INFO: 21:10:28.219 [main] [INFO ] q.l.p.CommandLineTaskRunner$CommandLineProgressMonitor - 3909 nuclei detected (51%)
2024-10-22 21:10:28 INFO: 21:10:28.570 [task-runner-1-17] [INFO ] q.lib.plugins.DetectionPluginTools - 32 nuclei detected (processing time: 6.67 seconds)
2024-10-22 21:10:28 INFO: 21:10:28.572 [main] [INFO ] q.l.p.CommandLineTaskRunner$CommandLineProgressMonitor - 32 nuclei detected (51%)
2024-10-22 21:10:29 INFO: 21:10:29.377 [task-runner-1-42] [INFO ] q.lib.plugins.DetectionPluginTools - 40 nuclei detected (processing time: 6.26 seconds)
2024-10-22 21:10:29 INFO: 21:10:29.379 [main] [INFO ] q.l.p.CommandLineTaskRunner$CommandLineProgressMonitor - 40 nuclei detected (52%)
2024-10-22 21:10:30 INFO: 21:10:30.213 [task-runner-1-20] [INFO ] q.lib.plugins.DetectionPluginTools - 2313 nuclei detected (processing time: 12.22 seconds)
2024-10-22 21:10:30 INFO: 21:10:30.215 [main] [INFO ] q.l.p.CommandLineTaskRunner$CommandLineProgressMonitor - 2313 nuclei detected (53%)
2024-10-22 21:10:30 INFO: 21:10:30.219 [task-runner-1-4] [INFO ] q.lib.plugins.DetectionPluginTools - 6144 nuclei detected (processing time: 21.29 seconds)
2024-10-22 21:10:30 INFO: 21:10:30.220 [main] [INFO ] q.l.p.CommandLineTaskRunner$CommandLineProgressMonitor - 6144 nuclei detected (53%)
2024-10-22 21:10:31 INFO: 21:10:31.118 [task-runner-1-34] [INFO ] q.lib.plugins.DetectionPluginTools - 152 nuclei detected (processing time: 7.41 seconds)
2024-10-22 21:10:31 INFO: 21:10:31.119 [main] [INFO ] q.l.p.CommandLineTaskRunner$CommandLineProgressMonitor - 152 nuclei detected (54%)
2024-10-22 21:10:31 INFO: 21:10:31.199 [task-runner-1-37] [INFO ] q.lib.plugins.DetectionPluginTools - 52 nuclei detected (processing time: 6.65 seconds)
2024-10-22 21:10:31 INFO: 21:10:31.202 [main] [INFO ] q.l.p.CommandLineTaskRunner$CommandLineProgressMonitor - 52 nuclei detected (54%)
2024-10-22 21:10:31 INFO: 21:10:31.421 [task-runner-1-38] [INFO ] q.lib.plugins.DetectionPluginTools - 159 nuclei detected (processing time: 7.04 seconds)
2024-10-22 21:10:31 INFO: 21:10:31.422 [main] [INFO ] q.l.p.CommandLineTaskRunner$CommandLineProgressMonitor - 159 nuclei detected (55%)
2024-10-22 21:10:31 INFO: 21:10:31.450 [task-runner-1-55] [INFO ] q.lib.plugins.DetectionPluginTools - 45 nuclei detected (processing time: 6.66 seconds)
2024-10-22 21:10:31 INFO: 21:10:31.450 [main] [INFO ] q.l.p.CommandLineTaskRunner$CommandLineProgressMonitor - 45 nuclei detected (56%)
2024-10-22 21:10:31 INFO: 21:10:31.519 [task-runner-1-19] [INFO ] q.lib.plugins.DetectionPluginTools - 2390 nuclei detected (processing time: 12.19 seconds)
2024-10-22 21:10:31 INFO: 21:10:31.520 [main] [INFO ] q.l.p.CommandLineTaskRunner$CommandLineProgressMonitor - 2390 nuclei detected (56%)
2024-10-22 21:10:31 INFO: 21:10:31.792 [task-runner-1-56] [INFO ] q.lib.plugins.DetectionPluginTools - 49 nuclei detected (processing time: 6.08 seconds)
2024-10-22 21:10:31 INFO: 21:10:31.793 [main] [INFO ] q.l.p.CommandLineTaskRunner$CommandLineProgressMonitor - 49 nuclei detected (57%)
2024-10-22 21:10:32 INFO: 21:10:32.115 [task-runner-1-49] [INFO ] q.lib.plugins.DetectionPluginTools - 1288 nuclei detected (processing time: 8.64 seconds)
2024-10-22 21:10:32 INFO: 21:10:32.117 [main] [INFO ] q.l.p.CommandLineTaskRunner$CommandLineProgressMonitor - 1288 nuclei detected (57%)
2024-10-22 21:10:32 INFO: 21:10:32.815 [task-runner-1-36] [INFO ] q.lib.plugins.DetectionPluginTools - 1992 nuclei detected (processing time: 11.08 seconds)
2024-10-22 21:10:32 INFO: 21:10:32.817 [main] [INFO ] q.l.p.CommandLineTaskRunner$CommandLineProgressMonitor - 1992 nuclei detected (58%)
2024-10-22 21:10:32 INFO: 21:10:32.965 [task-runner-1-50] [INFO ] q.lib.plugins.DetectionPluginTools - 1125 nuclei detected (processing time: 9.42 seconds)
2024-10-22 21:10:32 INFO: 21:10:32.975 [main] [INFO ] q.l.p.CommandLineTaskRunner$CommandLineProgressMonitor - 1125 nuclei detected (59%)
2024-10-22 21:10:33 INFO: 21:10:33.249 [task-runner-1-40] [INFO ] q.lib.plugins.DetectionPluginTools - 1504 nuclei detected (processing time: 9.84 seconds)
2024-10-22 21:10:33 INFO: 21:10:33.252 [main] [INFO ] q.l.p.CommandLineTaskRunner$CommandLineProgressMonitor - 1504 nuclei detected (59%)
2024-10-22 21:10:33 INFO: 21:10:33.339 [task-runner-1-39] [INFO ] q.lib.plugins.DetectionPluginTools - 100 nuclei detected (processing time: 7.30 seconds)
2024-10-22 21:10:33 INFO: 21:10:33.342 [main] [INFO ] q.l.p.CommandLineTaskRunner$CommandLineProgressMonitor - 100 nuclei detected (60%)
2024-10-22 21:10:33 INFO: 21:10:33.377 [task-runner-1-41] [INFO ] q.lib.plugins.DetectionPluginTools - 32 nuclei detected (processing time: 6.53 seconds)
2024-10-22 21:10:33 INFO: 21:10:33.381 [main] [INFO ] q.l.p.CommandLineTaskRunner$CommandLineProgressMonitor - 32 nuclei detected (61%)
2024-10-22 21:10:33 INFO: 21:10:33.919 [task-runner-1-57] [INFO ] q.lib.plugins.DetectionPluginTools - 646 nuclei detected (processing time: 7.86 seconds)
2024-10-22 21:10:33 INFO: 21:10:33.921 [main] [INFO ] q.l.p.CommandLineTaskRunner$CommandLineProgressMonitor - 646 nuclei detected (61%)
2024-10-22 21:10:34 INFO: 21:10:34.065 [task-runner-1-58] [INFO ] q.lib.plugins.DetectionPluginTools - 32 nuclei detected (processing time: 6.57 seconds)
2024-10-22 21:10:34 INFO: 21:10:34.067 [main] [INFO ] q.l.p.CommandLineTaskRunner$CommandLineProgressMonitor - 32 nuclei detected (62%)
2024-10-22 21:10:34 INFO: 21:10:34.867 [task-runner-1-25] [INFO ] q.lib.plugins.DetectionPluginTools - 33 nuclei detected (processing time: 6.65 seconds)
2024-10-22 21:10:34 INFO: 21:10:34.868 [main] [INFO ] q.l.p.CommandLineTaskRunner$CommandLineProgressMonitor - 33 nuclei detected (63%)
2024-10-22 21:10:34 INFO: 21:10:34.920 [task-runner-1-2] [INFO ] q.lib.plugins.DetectionPluginTools - 5189 nuclei detected (processing time: 19.80 seconds)
2024-10-22 21:10:34 INFO: 21:10:34.922 [main] [INFO ] q.l.p.CommandLineTaskRunner$CommandLineProgressMonitor - 5189 nuclei detected (63%)
2024-10-22 21:10:35 INFO: 21:10:35.164 [task-runner-1-48] [INFO ] q.lib.plugins.DetectionPluginTools - 8468 nuclei detected (processing time: 26.29 seconds)
2024-10-22 21:10:35 INFO: 21:10:35.166 [main] [INFO ] q.l.p.CommandLineTaskRunner$CommandLineProgressMonitor - 8468 nuclei detected (64%)
2024-10-22 21:10:35 INFO: 21:10:35.562 [task-runner-1-17] [INFO ] q.lib.plugins.DetectionPluginTools - 321 nuclei detected (processing time: 6.99 seconds)
2024-10-22 21:10:35 INFO: 21:10:35.563 [main] [INFO ] q.l.p.CommandLineTaskRunner$CommandLineProgressMonitor - 321 nuclei detected (64%)
2024-10-22 21:10:35 INFO: 21:10:35.816 [task-runner-1-8] [INFO ] q.lib.plugins.DetectionPluginTools - 9142 nuclei detected (processing time: 26.91 seconds)
2024-10-22 21:10:35 INFO: 21:10:35.816 [main] [INFO ] q.l.p.CommandLineTaskRunner$CommandLineProgressMonitor - 9142 nuclei detected (65%)
2024-10-22 21:10:35 INFO: 21:10:35.836 [task-runner-1-12] [INFO ] q.lib.plugins.DetectionPluginTools - 3819 nuclei detected (processing time: 16.40 seconds)
2024-10-22 21:10:35 INFO: 21:10:35.836 [main] [INFO ] q.l.p.CommandLineTaskRunner$CommandLineProgressMonitor - 3819 nuclei detected (66%)
2024-10-22 21:10:36 INFO: 21:10:36.048 [task-runner-1-42] [INFO ] q.lib.plugins.DetectionPluginTools - 51 nuclei detected (processing time: 6.67 seconds)
2024-10-22 21:10:36 INFO: 21:10:36.049 [main] [INFO ] q.l.p.CommandLineTaskRunner$CommandLineProgressMonitor - 51 nuclei detected (66%)
2024-10-22 21:10:36 INFO: 21:10:36.275 [task-runner-1-4] [INFO ] q.lib.plugins.DetectionPluginTools - 63 nuclei detected (processing time: 6.06 seconds)
2024-10-22 21:10:36 INFO: 21:10:36.276 [main] [INFO ] q.l.p.CommandLineTaskRunner$CommandLineProgressMonitor - 63 nuclei detected (67%)
2024-10-22 21:10:36 INFO: 21:10:36.669 [task-runner-1-11] [INFO ] q.lib.plugins.DetectionPluginTools - 9276 nuclei detected (processing time: 27.75 seconds)
2024-10-22 21:10:36 INFO: 21:10:36.669 [main] [INFO ] q.l.p.CommandLineTaskRunner$CommandLineProgressMonitor - 9276 nuclei detected (68%)
2024-10-22 21:10:36 INFO: 21:10:36.973 [task-runner-1-29] [INFO ] q.lib.plugins.DetectionPluginTools - 8878 nuclei detected (processing time: 28.05 seconds)
2024-10-22 21:10:36 INFO: 21:10:36.974 [main] [INFO ] q.l.p.CommandLineTaskRunner$CommandLineProgressMonitor - 8878 nuclei detected (68%)
2024-10-22 21:10:37 INFO: 21:10:37.167 [task-runner-1-20] [INFO ] q.lib.plugins.DetectionPluginTools - 54 nuclei detected (processing time: 6.95 seconds)
2024-10-22 21:10:37 INFO: 21:10:37.168 [main] [INFO ] q.l.p.CommandLineTaskRunner$CommandLineProgressMonitor - 54 nuclei detected (69%)
2024-10-22 21:10:37 INFO: 21:10:37.196 [task-runner-1-27] [INFO ] q.lib.plugins.DetectionPluginTools - 10083 nuclei detected (processing time: 28.29 seconds)
2024-10-22 21:10:37 INFO: 21:10:37.197 [main] [INFO ] q.l.p.CommandLineTaskRunner$CommandLineProgressMonitor - 10083 nuclei detected (69%)
2024-10-22 21:10:37 INFO: 21:10:37.409 [task-runner-1-37] [INFO ] q.lib.plugins.DetectionPluginTools - 37 nuclei detected (processing time: 6.21 seconds)
2024-10-22 21:10:37 INFO: 21:10:37.410 [main] [INFO ] q.l.p.CommandLineTaskRunner$CommandLineProgressMonitor - 37 nuclei detected (70%)
2024-10-22 21:10:37 INFO: 21:10:37.807 [task-runner-1-13] [INFO ] q.lib.plugins.DetectionPluginTools - 9597 nuclei detected (processing time: 28.86 seconds)
2024-10-22 21:10:37 INFO: 21:10:37.808 [main] [INFO ] q.l.p.CommandLineTaskRunner$CommandLineProgressMonitor - 9597 nuclei detected (71%)
2024-10-22 21:10:37 INFO: 21:10:37.824 [task-runner-1-15] [INFO ] q.lib.plugins.DetectionPluginTools - 2739 nuclei detected (processing time: 11.75 seconds)
2024-10-22 21:10:37 INFO: 21:10:37.825 [main] [INFO ] q.l.p.CommandLineTaskRunner$CommandLineProgressMonitor - 2739 nuclei detected (71%)
2024-10-22 21:10:37 INFO: 21:10:37.843 [task-runner-1-5] [INFO ] q.lib.plugins.DetectionPluginTools - 9045 nuclei detected (processing time: 28.66 seconds)
2024-10-22 21:10:37 INFO: 21:10:37.843 [main] [INFO ] q.l.p.CommandLineTaskRunner$CommandLineProgressMonitor - 9045 nuclei detected (72%)
2024-10-22 21:10:37 INFO: 21:10:37.861 [task-runner-1-9] [INFO ] q.lib.plugins.DetectionPluginTools - 9275 nuclei detected (processing time: 28.96 seconds)
2024-10-22 21:10:37 INFO: 21:10:37.862 [main] [INFO ] q.l.p.CommandLineTaskRunner$CommandLineProgressMonitor - 9275 nuclei detected (73%)
2024-10-22 21:10:38 INFO: 21:10:38.034 [task-runner-1-40] [INFO ] q.lib.plugins.DetectionPluginTools - 31 nuclei detected (processing time: 4.78 seconds)
2024-10-22 21:10:38 INFO: 21:10:38.035 [main] [INFO ] q.l.p.CommandLineTaskRunner$CommandLineProgressMonitor - 31 nuclei detected (73%)
2024-10-22 21:10:38 INFO: 21:10:38.157 [task-runner-1-19] [INFO ] q.lib.plugins.DetectionPluginTools - 51 nuclei detected (processing time: 6.62 seconds)
2024-10-22 21:10:38 INFO: 21:10:38.157 [main] [INFO ] q.l.p.CommandLineTaskRunner$CommandLineProgressMonitor - 51 nuclei detected (74%)
2024-10-22 21:10:38 INFO: 21:10:38.215 [task-runner-1-38] [INFO ] q.lib.plugins.DetectionPluginTools - 34 nuclei detected (processing time: 6.79 seconds)
2024-10-22 21:10:38 INFO: 21:10:38.216 [main] [INFO ] q.l.p.CommandLineTaskRunner$CommandLineProgressMonitor - 34 nuclei detected (74%)
2024-10-22 21:10:38 INFO: 21:10:38.245 [task-runner-1-34] [INFO ] q.lib.plugins.DetectionPluginTools - 66 nuclei detected (processing time: 7.13 seconds)
2024-10-22 21:10:38 INFO: 21:10:38.246 [main] [INFO ] q.l.p.CommandLineTaskRunner$CommandLineProgressMonitor - 66 nuclei detected (75%)
2024-10-22 21:10:38 INFO: 21:10:38.326 [task-runner-1-55] [INFO ] q.lib.plugins.DetectionPluginTools - 43 nuclei detected (processing time: 6.88 seconds)
2024-10-22 21:10:38 INFO: 21:10:38.327 [main] [INFO ] q.l.p.CommandLineTaskRunner$CommandLineProgressMonitor - 43 nuclei detected (76%)
2024-10-22 21:10:38 INFO: 21:10:38.340 [task-runner-1-56] [INFO ] q.lib.plugins.DetectionPluginTools - 55 nuclei detected (processing time: 6.55 seconds)
2024-10-22 21:10:38 INFO: 21:10:38.341 [main] [INFO ] q.l.p.CommandLineTaskRunner$CommandLineProgressMonitor - 55 nuclei detected (76%)
2024-10-22 21:10:38 INFO: 21:10:38.381 [task-runner-1-36] [INFO ] q.lib.plugins.DetectionPluginTools - 46 nuclei detected (processing time: 5.56 seconds)
2024-10-22 21:10:38 INFO: 21:10:38.381 [main] [INFO ] q.l.p.CommandLineTaskRunner$CommandLineProgressMonitor - 46 nuclei detected (77%)
2024-10-22 21:10:38 INFO: 21:10:38.387 [task-runner-1-14] [INFO ] q.lib.plugins.DetectionPluginTools - 9016 nuclei detected (processing time: 29.48 seconds)
2024-10-22 21:10:38 INFO: 21:10:38.388 [main] [INFO ] q.l.p.CommandLineTaskRunner$CommandLineProgressMonitor - 9016 nuclei detected (78%)
2024-10-22 21:10:38 INFO: 21:10:38.453 [task-runner-1-49] [INFO ] q.lib.plugins.DetectionPluginTools - 54 nuclei detected (processing time: 6.34 seconds)
2024-10-22 21:10:38 INFO: 21:10:38.454 [main] [INFO ] q.l.p.CommandLineTaskRunner$CommandLineProgressMonitor - 54 nuclei detected (78%)
2024-10-22 21:10:38 INFO: 21:10:38.555 [task-runner-1-3] [INFO ] q.lib.plugins.DetectionPluginTools - 6145 nuclei detected (processing time: 17.96 seconds)
2024-10-22 21:10:38 INFO: 21:10:38.555 [main] [INFO ] q.l.p.CommandLineTaskRunner$CommandLineProgressMonitor - 6145 nuclei detected (79%)
2024-10-22 21:10:38 INFO: 21:10:38.613 [task-runner-1-50] [INFO ] q.lib.plugins.DetectionPluginTools - 38 nuclei detected (processing time: 5.64 seconds)
2024-10-22 21:10:38 INFO: 21:10:38.614 [main] [INFO ] q.l.p.CommandLineTaskRunner$CommandLineProgressMonitor - 38 nuclei detected (79%)
2024-10-22 21:10:38 INFO: 21:10:38.937 [task-runner-1-16] [INFO ] q.lib.plugins.DetectionPluginTools - 9962 nuclei detected (processing time: 30.06 seconds)
2024-10-22 21:10:38 INFO: 21:10:38.937 [main] [INFO ] q.l.p.CommandLineTaskRunner$CommandLineProgressMonitor - 9962 nuclei detected (80%)
2024-10-22 21:10:38 INFO: 21:10:38.997 [task-runner-1-10] [INFO ] q.lib.plugins.DetectionPluginTools - 9389 nuclei detected (processing time: 30.08 seconds)
2024-10-22 21:10:38 INFO: 21:10:38.997 [main] [INFO ] q.l.p.CommandLineTaskRunner$CommandLineProgressMonitor - 9389 nuclei detected (81%)
2024-10-22 21:10:39 INFO: 21:10:39.009 [task-runner-1-39] [INFO ] q.lib.plugins.DetectionPluginTools - 27 nuclei detected (processing time: 5.67 seconds)
2024-10-22 21:10:39 INFO: 21:10:39.009 [main] [INFO ] q.l.p.CommandLineTaskRunner$CommandLineProgressMonitor - 27 nuclei detected (81%)
2024-10-22 21:10:39 INFO: 21:10:39.025 [task-runner-1-31] [INFO ] q.lib.plugins.DetectionPluginTools - 10081 nuclei detected (processing time: 30.07 seconds)
2024-10-22 21:10:39 INFO: 21:10:39.025 [main] [INFO ] q.l.p.CommandLineTaskRunner$CommandLineProgressMonitor - 10081 nuclei detected (82%)
2024-10-22 21:10:39 INFO: 21:10:39.063 [task-runner-1-41] [INFO ] q.lib.plugins.DetectionPluginTools - 57 nuclei detected (processing time: 5.68 seconds)
2024-10-22 21:10:39 INFO: 21:10:39.064 [main] [INFO ] q.l.p.CommandLineTaskRunner$CommandLineProgressMonitor - 57 nuclei detected (83%)
2024-10-22 21:10:39 INFO: 21:10:39.067 [task-runner-1-26] [INFO ] q.lib.plugins.DetectionPluginTools - 9092 nuclei detected (processing time: 30.00 seconds)
2024-10-22 21:10:39 INFO: 21:10:39.067 [main] [INFO ] q.l.p.CommandLineTaskRunner$CommandLineProgressMonitor - 9092 nuclei detected (83%)
2024-10-22 21:10:39 INFO: 21:10:39.103 [task-runner-1-63] [INFO ] q.lib.plugins.DetectionPluginTools - 9795 nuclei detected (processing time: 27.42 seconds)
2024-10-22 21:10:39 INFO: 21:10:39.103 [main] [INFO ] q.l.p.CommandLineTaskRunner$CommandLineProgressMonitor - 9795 nuclei detected (84%)
2024-10-22 21:10:39 INFO: 21:10:39.190 [task-runner-1-6] [INFO ] q.lib.plugins.DetectionPluginTools - 9854 nuclei detected (processing time: 30.19 seconds)
2024-10-22 21:10:39 INFO: 21:10:39.191 [main] [INFO ] q.l.p.CommandLineTaskRunner$CommandLineProgressMonitor - 9854 nuclei detected (84%)
2024-10-22 21:10:39 INFO: 21:10:39.279 [task-runner-1-46] [INFO ] q.lib.plugins.DetectionPluginTools - 8910 nuclei detected (processing time: 30.16 seconds)
2024-10-22 21:10:39 INFO: 21:10:39.280 [main] [INFO ] q.l.p.CommandLineTaskRunner$CommandLineProgressMonitor - 8910 nuclei detected (85%)
2024-10-22 21:10:39 INFO: 21:10:39.554 [task-runner-1-28] [INFO ] q.lib.plugins.DetectionPluginTools - 9674 nuclei detected (processing time: 30.55 seconds)
2024-10-22 21:10:39 INFO: 21:10:39.554 [main] [INFO ] q.l.p.CommandLineTaskRunner$CommandLineProgressMonitor - 9674 nuclei detected (86%)
2024-10-22 21:10:39 INFO: 21:10:39.868 [task-runner-1-1] [INFO ] q.lib.plugins.DetectionPluginTools - 6405 nuclei detected (processing time: 19.65 seconds)
2024-10-22 21:10:39 INFO: 21:10:39.869 [main] [INFO ] q.l.p.CommandLineTaskRunner$CommandLineProgressMonitor - 6405 nuclei detected (86%)
2024-10-22 21:10:39 INFO: 21:10:39.907 [task-runner-1-18] [INFO ] q.lib.plugins.DetectionPluginTools - 9174 nuclei detected (processing time: 29.45 seconds)
2024-10-22 21:10:39 INFO: 21:10:39.907 [main] [INFO ] q.l.p.CommandLineTaskRunner$CommandLineProgressMonitor - 9174 nuclei detected (87%)
2024-10-22 21:10:39 INFO: 21:10:39.935 [task-runner-1-54] [INFO ] q.lib.plugins.DetectionPluginTools - 4987 nuclei detected (processing time: 13.77 seconds)
2024-10-22 21:10:39 INFO: 21:10:39.935 [main] [INFO ] q.l.p.CommandLineTaskRunner$CommandLineProgressMonitor - 4987 nuclei detected (88%)
2024-10-22 21:10:39 INFO: 21:10:39.965 [task-runner-1-7] [INFO ] q.lib.plugins.DetectionPluginTools - 7448 nuclei detected (processing time: 19.22 seconds)
2024-10-22 21:10:39 INFO: 21:10:39.965 [main] [INFO ] q.l.p.CommandLineTaskRunner$CommandLineProgressMonitor - 7448 nuclei detected (88%)
2024-10-22 21:10:39 INFO: 21:10:39.990 [task-runner-1-45] [INFO ] q.lib.plugins.DetectionPluginTools - 9371 nuclei detected (processing time: 28.48 seconds)
2024-10-22 21:10:39 INFO: 21:10:39.991 [main] [INFO ] q.l.p.CommandLineTaskRunner$CommandLineProgressMonitor - 9371 nuclei detected (89%)
2024-10-22 21:10:40 INFO: 21:10:40.632 [task-runner-1-35] [INFO ] q.lib.plugins.DetectionPluginTools - 9135 nuclei detected (processing time: 26.97 seconds)
2024-10-22 21:10:40 INFO: 21:10:40.633 [main] [INFO ] q.l.p.CommandLineTaskRunner$CommandLineProgressMonitor - 9135 nuclei detected (89%)
2024-10-22 21:10:40 INFO: 21:10:40.694 [task-runner-1-23] [INFO ] q.lib.plugins.DetectionPluginTools - 9176 nuclei detected (processing time: 26.26 seconds)
2024-10-22 21:10:40 INFO: 21:10:40.695 [main] [INFO ] q.l.p.CommandLineTaskRunner$CommandLineProgressMonitor - 9176 nuclei detected (90%)
2024-10-22 21:10:40 INFO: 21:10:40.698 [task-runner-1-47] [INFO ] q.lib.plugins.DetectionPluginTools - 7894 nuclei detected (processing time: 20.98 seconds)
2024-10-22 21:10:40 INFO: 21:10:40.698 [main] [INFO ] q.l.p.CommandLineTaskRunner$CommandLineProgressMonitor - 7894 nuclei detected (91%)
2024-10-22 21:10:40 INFO: 21:10:40.902 [task-runner-1-53] [INFO ] q.lib.plugins.DetectionPluginTools - 4833 nuclei detected (processing time: 14.12 seconds)
2024-10-22 21:10:40 INFO: 21:10:40.902 [main] [INFO ] q.l.p.CommandLineTaskRunner$CommandLineProgressMonitor - 4833 nuclei detected (91%)
2024-10-22 21:10:40 INFO: 21:10:40.922 [task-runner-1-51] [INFO ] q.lib.plugins.DetectionPluginTools - 8690 nuclei detected (processing time: 26.00 seconds)
2024-10-22 21:10:40 INFO: 21:10:40.923 [main] [INFO ] q.l.p.CommandLineTaskRunner$CommandLineProgressMonitor - 8690 nuclei detected (92%)
2024-10-22 21:10:40 INFO: 21:10:40.950 [task-runner-1-44] [INFO ] q.lib.plugins.DetectionPluginTools - 9801 nuclei detected (processing time: 27.68 seconds)
2024-10-22 21:10:40 INFO: 21:10:40.951 [main] [INFO ] q.l.p.CommandLineTaskRunner$CommandLineProgressMonitor - 9801 nuclei detected (93%)
2024-10-22 21:10:41 INFO: 21:10:41.100 [task-runner-1-43] [INFO ] q.lib.plugins.DetectionPluginTools - 8966 nuclei detected (processing time: 26.44 seconds)
2024-10-22 21:10:41 INFO: 21:10:41.101 [main] [INFO ] q.l.p.CommandLineTaskRunner$CommandLineProgressMonitor - 8966 nuclei detected (93%)
2024-10-22 21:10:41 INFO: 21:10:41.356 [task-runner-1-61] [INFO ] q.lib.plugins.DetectionPluginTools - 9691 nuclei detected (processing time: 27.89 seconds)
2024-10-22 21:10:41 INFO: 21:10:41.356 [main] [INFO ] q.l.p.CommandLineTaskRunner$CommandLineProgressMonitor - 9691 nuclei detected (94%)
2024-10-22 21:10:41 INFO: 21:10:41.413 [task-runner-1-24] [INFO ] q.lib.plugins.DetectionPluginTools - 8944 nuclei detected (processing time: 26.61 seconds)
2024-10-22 21:10:41 INFO: 21:10:41.413 [main] [INFO ] q.l.p.CommandLineTaskRunner$CommandLineProgressMonitor - 8944 nuclei detected (94%)
2024-10-22 21:10:41 INFO: 21:10:41.426 [task-runner-1-33] [INFO ] q.lib.plugins.DetectionPluginTools - 9905 nuclei detected (processing time: 28.37 seconds)
2024-10-22 21:10:41 INFO: 21:10:41.426 [main] [INFO ] q.l.p.CommandLineTaskRunner$CommandLineProgressMonitor - 9905 nuclei detected (95%)
2024-10-22 21:10:41 INFO: 21:10:41.538 [task-runner-1-30] [INFO ] q.lib.plugins.DetectionPluginTools - 6564 nuclei detected (processing time: 21.85 seconds)
2024-10-22 21:10:41 INFO: 21:10:41.539 [main] [INFO ] q.l.p.CommandLineTaskRunner$CommandLineProgressMonitor - 6564 nuclei detected (96%)
2024-10-22 21:10:41 INFO: 21:10:41.593 [task-runner-1-62] [INFO ] q.lib.plugins.DetectionPluginTools - 9625 nuclei detected (processing time: 27.99 seconds)
2024-10-22 21:10:41 INFO: 21:10:41.593 [main] [INFO ] q.l.p.CommandLineTaskRunner$CommandLineProgressMonitor - 9625 nuclei detected (96%)
2024-10-22 21:10:41 INFO: 21:10:41.664 [task-runner-1-32] [INFO ] q.lib.plugins.DetectionPluginTools - 8772 nuclei detected (processing time: 26.95 seconds)
2024-10-22 21:10:41 INFO: 21:10:41.664 [main] [INFO ] q.l.p.CommandLineTaskRunner$CommandLineProgressMonitor - 8772 nuclei detected (97%)
2024-10-22 21:10:42 INFO: 21:10:42.135 [task-runner-1-21] [INFO ] q.lib.plugins.DetectionPluginTools - 8483 nuclei detected (processing time: 21.29 seconds)
2024-10-22 21:10:42 INFO: 21:10:42.135 [main] [INFO ] q.l.p.CommandLineTaskRunner$CommandLineProgressMonitor - 8483 nuclei detected (98%)
2024-10-22 21:10:42 INFO: 21:10:42.441 [task-runner-1-60] [INFO ] q.lib.plugins.DetectionPluginTools - 9382 nuclei detected (processing time: 21.48 seconds)
2024-10-22 21:10:42 INFO: 21:10:42.442 [main] [INFO ] q.l.p.CommandLineTaskRunner$CommandLineProgressMonitor - 9382 nuclei detected (98%)
2024-10-22 21:10:42 INFO: 21:10:42.727 [task-runner-1-59] [INFO ] q.lib.plugins.DetectionPluginTools - 9162 nuclei detected (processing time: 21.87 seconds)
2024-10-22 21:10:42 INFO: 21:10:42.727 [main] [INFO ] q.l.p.CommandLineTaskRunner$CommandLineProgressMonitor - 9162 nuclei detected (99%)
2024-10-22 21:10:42 INFO: 21:10:42.853 [task-runner-1-22] [INFO ] q.lib.plugins.DetectionPluginTools - 9197 nuclei detected (processing time: 21.51 seconds)
2024-10-22 21:10:42 INFO: 21:10:42.853 [main] [INFO ] q.l.p.CommandLineTaskRunner$CommandLineProgressMonitor - 9197 nuclei detected (99%)
2024-10-22 21:10:43 INFO: 21:10:43.110 [task-runner-1-52] [INFO ] q.lib.plugins.DetectionPluginTools - 9156 nuclei detected (processing time: 21.58 seconds)
2024-10-22 21:10:43 INFO: 21:10:43.111 [main] [INFO ] q.l.p.CommandLineTaskRunner$CommandLineProgressMonitor - 9156 nuclei detected (100%)
2024-10-22 21:10:43 INFO: 21:10:43.111 [main] [INFO ] q.l.p.CommandLineTaskRunner$CommandLineProgressMonitor - Processing complete in 48.69 seconds
2024-10-22 21:10:43 INFO: 21:10:43.111 [main] [INFO ] q.l.p.CommandLineTaskRunner$CommandLineProgressMonitor - Tasks completed!
2024-10-22 21:11:16 INFO: 21:11:16.694 [main] [WARN ] q.l.p.objects.SmoothFeaturesPlugin - Smoothing using annotations
2024-10-22 21:11:28 INFO: 21:11:28.940 [main] [INFO ] q.l.p.CommandLineTaskRunner$CommandLineProgressMonitor - Completed (100%)
2024-10-22 21:11:28 INFO: 21:11:28.940 [main] [INFO ] q.l.p.CommandLineTaskRunner$CommandLineProgressMonitor - Processing complete in 12.24 seconds
2024-10-22 21:11:28 INFO: 21:11:28.940 [main] [INFO ] q.l.p.CommandLineTaskRunner$CommandLineProgressMonitor - Tasks completed!
2024-10-22 21:11:28 INFO: 21:11:28.942 [main] [WARN ] q.l.p.objects.SmoothFeaturesPlugin - Smoothing using annotations
2024-10-22 21:12:07 INFO: 21:12:07.521 [main] [INFO ] q.l.p.CommandLineTaskRunner$CommandLineProgressMonitor - Completed (100%)
2024-10-22 21:12:07 INFO: 21:12:07.522 [main] [INFO ] q.l.p.CommandLineTaskRunner$CommandLineProgressMonitor - Processing complete in 38.58 seconds
2024-10-22 21:12:07 INFO: 21:12:07.522 [main] [INFO ] q.l.p.CommandLineTaskRunner$CommandLineProgressMonitor - Tasks completed!
2024-10-22 21:12:07 INFO: 21:12:07.538 [main] [WARN ] q.l.p.objects.SmoothFeaturesPlugin - Smoothing using annotations
2024-10-22 21:13:48 INFO: 21:13:48.625 [main] [INFO ] q.l.p.CommandLineTaskRunner$CommandLineProgressMonitor - Completed (100%)
2024-10-22 21:13:48 INFO: 21:13:48.627 [main] [INFO ] q.l.p.CommandLineTaskRunner$CommandLineProgressMonitor - Processing complete in 101.09 seconds
2024-10-22 21:13:48 INFO: 21:13:48.627 [main] [INFO ] q.l.p.CommandLineTaskRunner$CommandLineProgressMonitor - Tasks completed!
2024-10-22 21:13:49 INFO: 21:13:49.138 [task-runner-5-2] [INFO ] q.l.a.IntensityFeaturesPlugin - Splitting Rectangle (0, 0, 63784, 39311) into 40 tiles for intensity measurements
2024-10-22 21:13:49 INFO: 21:13:49.846 [main] [INFO ] q.l.p.CommandLineTaskRunner$CommandLineProgressMonitor - Completed (0%)
2024-10-22 21:13:50 INFO: 21:13:50.485 [main] [INFO ] q.l.p.CommandLineTaskRunner$CommandLineProgressMonitor - Completed (1%)
2024-10-22 21:13:51 INFO: 21:13:51.823 [main] [INFO ] q.l.p.CommandLineTaskRunner$CommandLineProgressMonitor - Completed (2%)
2024-10-22 21:13:52 INFO: 21:13:52.116 [main] [INFO ] q.l.p.CommandLineTaskRunner$CommandLineProgressMonitor - Completed (3%)
2024-10-22 21:13:52 INFO: 21:13:52.414 [main] [INFO ] q.l.p.CommandLineTaskRunner$CommandLineProgressMonitor - Completed (4%)
2024-10-22 21:13:52 INFO: 21:13:52.704 [main] [INFO ] q.l.p.CommandLineTaskRunner$CommandLineProgressMonitor - Completed (5%)
2024-10-22 21:13:52 INFO: 21:13:52.963 [main] [INFO ] q.l.p.CommandLineTaskRunner$CommandLineProgressMonitor - Completed (6%)
2024-10-22 21:13:53 INFO: 21:13:53.229 [main] [INFO ] q.l.p.CommandLineTaskRunner$CommandLineProgressMonitor - Completed (7%)
2024-10-22 21:13:53 INFO: 21:13:53.518 [main] [INFO ] q.l.p.CommandLineTaskRunner$CommandLineProgressMonitor - Completed (8%)
2024-10-22 21:13:53 INFO: 21:13:53.801 [main] [INFO ] q.l.p.CommandLineTaskRunner$CommandLineProgressMonitor - Completed (9%)
2024-10-22 21:13:54 INFO: 21:13:54.113 [main] [INFO ] q.l.p.CommandLineTaskRunner$CommandLineProgressMonitor - Completed (10%)
2024-10-22 21:13:54 INFO: 21:13:54.671 [main] [INFO ] q.l.p.CommandLineTaskRunner$CommandLineProgressMonitor - Completed (11%)
2024-10-22 21:13:55 INFO: 21:13:55.012 [main] [INFO ] q.l.p.CommandLineTaskRunner$CommandLineProgressMonitor - Completed (12%)
2024-10-22 21:13:55 INFO: 21:13:55.300 [main] [INFO ] q.l.p.CommandLineTaskRunner$CommandLineProgressMonitor - Completed (13%)
2024-10-22 21:13:55 INFO: 21:13:55.625 [main] [INFO ] q.l.p.CommandLineTaskRunner$CommandLineProgressMonitor - Completed (14%)
2024-10-22 21:13:55 INFO: 21:13:55.951 [main] [INFO ] q.l.p.CommandLineTaskRunner$CommandLineProgressMonitor - Completed (15%)
2024-10-22 21:13:56 INFO: 21:13:56.267 [main] [INFO ] q.l.p.CommandLineTaskRunner$CommandLineProgressMonitor - Completed (16%)
2024-10-22 21:13:56 INFO: 21:13:56.647 [main] [INFO ] q.l.p.CommandLineTaskRunner$CommandLineProgressMonitor - Completed (17%)
2024-10-22 21:13:57 INFO: 21:13:57.019 [main] [INFO ] q.l.p.CommandLineTaskRunner$CommandLineProgressMonitor - Completed (18%)
2024-10-22 21:13:57 INFO: 21:13:57.387 [main] [INFO ] q.l.p.CommandLineTaskRunner$CommandLineProgressMonitor - Completed (19%)
2024-10-22 21:13:58 INFO: 21:13:58.628 [main] [INFO ] q.l.p.CommandLineTaskRunner$CommandLineProgressMonitor - Completed (20%)
2024-10-22 21:13:59 INFO: 21:13:59.675 [main] [INFO ] q.l.p.CommandLineTaskRunner$CommandLineProgressMonitor - Completed (21%)
2024-10-22 21:13:59 INFO: 21:13:59.934 [main] [INFO ] q.l.p.CommandLineTaskRunner$CommandLineProgressMonitor - Completed (22%)
2024-10-22 21:14:00 INFO: 21:14:00.281 [main] [INFO ] q.l.p.CommandLineTaskRunner$CommandLineProgressMonitor - Completed (23%)
2024-10-22 21:14:00 INFO: 21:14:00.551 [main] [INFO ] q.l.p.CommandLineTaskRunner$CommandLineProgressMonitor - Completed (24%)
2024-10-22 21:14:00 INFO: 21:14:00.826 [main] [INFO ] q.l.p.CommandLineTaskRunner$CommandLineProgressMonitor - Completed (25%)
2024-10-22 21:14:01 INFO: 21:14:01.103 [main] [INFO ] q.l.p.CommandLineTaskRunner$CommandLineProgressMonitor - Completed (26%)
2024-10-22 21:14:01 INFO: 21:14:01.389 [main] [INFO ] q.l.p.CommandLineTaskRunner$CommandLineProgressMonitor - Completed (27%)
2024-10-22 21:14:01 INFO: 21:14:01.634 [main] [INFO ] q.l.p.CommandLineTaskRunner$CommandLineProgressMonitor - Completed (28%)
2024-10-22 21:14:01 INFO: 21:14:01.866 [main] [INFO ] q.l.p.CommandLineTaskRunner$CommandLineProgressMonitor - Completed (29%)
2024-10-22 21:14:02 INFO: 21:14:02.167 [main] [INFO ] q.l.p.CommandLineTaskRunner$CommandLineProgressMonitor - Completed (30%)
2024-10-22 21:14:02 INFO: 21:14:02.394 [main] [INFO ] q.l.p.CommandLineTaskRunner$CommandLineProgressMonitor - Completed (31%)
2024-10-22 21:14:02 INFO: 21:14:02.626 [main] [INFO ] q.l.p.CommandLineTaskRunner$CommandLineProgressMonitor - Completed (32%)
2024-10-22 21:14:02 INFO: 21:14:02.869 [main] [INFO ] q.l.p.CommandLineTaskRunner$CommandLineProgressMonitor - Completed (33%)
2024-10-22 21:14:03 INFO: 21:14:03.610 [main] [INFO ] q.l.p.CommandLineTaskRunner$CommandLineProgressMonitor - Completed (34%)
2024-10-22 21:14:03 INFO: 21:14:03.897 [main] [INFO ] q.l.p.CommandLineTaskRunner$CommandLineProgressMonitor - Completed (35%)
2024-10-22 21:14:04 INFO: 21:14:04.158 [main] [INFO ] q.l.p.CommandLineTaskRunner$CommandLineProgressMonitor - Completed (36%)
2024-10-22 21:14:04 INFO: 21:14:04.418 [main] [INFO ] q.l.p.CommandLineTaskRunner$CommandLineProgressMonitor - Completed (37%)
2024-10-22 21:14:04 INFO: 21:14:04.789 [main] [INFO ] q.l.p.CommandLineTaskRunner$CommandLineProgressMonitor - Completed (38%)
2024-10-22 21:14:05 INFO: 21:14:05.205 [main] [INFO ] q.l.p.CommandLineTaskRunner$CommandLineProgressMonitor - Completed (39%)
2024-10-22 21:14:05 INFO: 21:14:05.579 [main] [INFO ] q.l.p.CommandLineTaskRunner$CommandLineProgressMonitor - Completed (40%)
2024-10-22 21:14:05 INFO: 21:14:05.836 [main] [INFO ] q.l.p.CommandLineTaskRunner$CommandLineProgressMonitor - Completed (41%)
2024-10-22 21:14:06 INFO: 21:14:06.087 [main] [INFO ] q.l.p.CommandLineTaskRunner$CommandLineProgressMonitor - Completed (42%)
2024-10-22 21:14:06 INFO: 21:14:06.360 [main] [INFO ] q.l.p.CommandLineTaskRunner$CommandLineProgressMonitor - Completed (43%)
2024-10-22 21:14:06 INFO: 21:14:06.641 [main] [INFO ] q.l.p.CommandLineTaskRunner$CommandLineProgressMonitor - Completed (44%)
2024-10-22 21:14:06 INFO: 21:14:06.897 [main] [INFO ] q.l.p.CommandLineTaskRunner$CommandLineProgressMonitor - Completed (45%)
2024-10-22 21:14:07 INFO: 21:14:07.187 [main] [INFO ] q.l.p.CommandLineTaskRunner$CommandLineProgressMonitor - Completed (46%)
2024-10-22 21:14:07 INFO: 21:14:07.469 [main] [INFO ] q.l.p.CommandLineTaskRunner$CommandLineProgressMonitor - Completed (47%)
2024-10-22 21:14:07 INFO: 21:14:07.753 [main] [INFO ] q.l.p.CommandLineTaskRunner$CommandLineProgressMonitor - Completed (48%)
2024-10-22 21:14:08 INFO: 21:14:08.564 [main] [INFO ] q.l.p.CommandLineTaskRunner$CommandLineProgressMonitor - Completed (49%)
2024-10-22 21:14:09 INFO: 21:14:09.915 [main] [INFO ] q.l.p.CommandLineTaskRunner$CommandLineProgressMonitor - Completed (50%)
2024-10-22 21:14:10 INFO: 21:14:10.277 [main] [INFO ] q.l.p.CommandLineTaskRunner$CommandLineProgressMonitor - Completed (51%)
2024-10-22 21:14:10 INFO: 21:14:10.607 [main] [INFO ] q.l.p.CommandLineTaskRunner$CommandLineProgressMonitor - Completed (52%)
2024-10-22 21:14:11 INFO: 21:14:11.042 [main] [INFO ] q.l.p.CommandLineTaskRunner$CommandLineProgressMonitor - Completed (53%)
2024-10-22 21:14:11 INFO: 21:14:11.290 [main] [INFO ] q.l.p.CommandLineTaskRunner$CommandLineProgressMonitor - Completed (54%)
2024-10-22 21:14:11 INFO: 21:14:11.547 [main] [INFO ] q.l.p.CommandLineTaskRunner$CommandLineProgressMonitor - Completed (55%)
2024-10-22 21:14:11 INFO: 21:14:11.798 [main] [INFO ] q.l.p.CommandLineTaskRunner$CommandLineProgressMonitor - Completed (56%)
2024-10-22 21:14:12 INFO: 21:14:12.055 [main] [INFO ] q.l.p.CommandLineTaskRunner$CommandLineProgressMonitor - Completed (57%)
2024-10-22 21:14:12 INFO: 21:14:12.312 [main] [INFO ] q.l.p.CommandLineTaskRunner$CommandLineProgressMonitor - Completed (58%)
2024-10-22 21:14:12 INFO: 21:14:12.572 [main] [INFO ] q.l.p.CommandLineTaskRunner$CommandLineProgressMonitor - Completed (59%)
2024-10-22 21:14:12 INFO: 21:14:12.907 [main] [INFO ] q.l.p.CommandLineTaskRunner$CommandLineProgressMonitor - Completed (60%)
2024-10-22 21:14:13 INFO: 21:14:13.226 [main] [INFO ] q.l.p.CommandLineTaskRunner$CommandLineProgressMonitor - Completed (61%)
2024-10-22 21:14:13 INFO: 21:14:13.525 [main] [INFO ] q.l.p.CommandLineTaskRunner$CommandLineProgressMonitor - Completed (62%)
2024-10-22 21:14:13 INFO: 21:14:13.758 [main] [INFO ] q.l.p.CommandLineTaskRunner$CommandLineProgressMonitor - Completed (63%)
2024-10-22 21:14:13 INFO: 21:14:13.981 [main] [INFO ] q.l.p.CommandLineTaskRunner$CommandLineProgressMonitor - Completed (64%)
2024-10-22 21:14:14 INFO: 21:14:14.211 [main] [INFO ] q.l.p.CommandLineTaskRunner$CommandLineProgressMonitor - Completed (65%)
2024-10-22 21:14:14 INFO: 21:14:14.532 [main] [INFO ] q.l.p.CommandLineTaskRunner$CommandLineProgressMonitor - Completed (66%)
2024-10-22 21:14:14 INFO: 21:14:14.784 [main] [INFO ] q.l.p.CommandLineTaskRunner$CommandLineProgressMonitor - Completed (67%)
2024-10-22 21:14:15 INFO: 21:14:15.025 [main] [INFO ] q.l.p.CommandLineTaskRunner$CommandLineProgressMonitor - Completed (68%)
2024-10-22 21:14:15 INFO: 21:14:15.242 [main] [INFO ] q.l.p.CommandLineTaskRunner$CommandLineProgressMonitor - Completed (69%)
2024-10-22 21:14:15 INFO: 21:14:15.478 [main] [INFO ] q.l.p.CommandLineTaskRunner$CommandLineProgressMonitor - Completed (70%)
2024-10-22 21:14:15 INFO: 21:14:15.816 [main] [INFO ] q.l.p.CommandLineTaskRunner$CommandLineProgressMonitor - Completed (71%)
2024-10-22 21:14:16 INFO: 21:14:16.139 [main] [INFO ] q.l.p.CommandLineTaskRunner$CommandLineProgressMonitor - Completed (72%)
2024-10-22 21:14:16 INFO: 21:14:16.382 [main] [INFO ] q.l.p.CommandLineTaskRunner$CommandLineProgressMonitor - Completed (73%)
2024-10-22 21:14:16 INFO: 21:14:16.602 [main] [INFO ] q.l.p.CommandLineTaskRunner$CommandLineProgressMonitor - Completed (74%)
2024-10-22 21:14:16 INFO: 21:14:16.827 [main] [INFO ] q.l.p.CommandLineTaskRunner$CommandLineProgressMonitor - Completed (75%)
2024-10-22 21:14:17 INFO: 21:14:17.054 [main] [INFO ] q.l.p.CommandLineTaskRunner$CommandLineProgressMonitor - Completed (76%)
2024-10-22 21:14:17 INFO: 21:14:17.279 [main] [INFO ] q.l.p.CommandLineTaskRunner$CommandLineProgressMonitor - Completed (77%)
2024-10-22 21:14:17 INFO: 21:14:17.503 [main] [INFO ] q.l.p.CommandLineTaskRunner$CommandLineProgressMonitor - Completed (78%)
2024-10-22 21:14:17 INFO: 21:14:17.735 [main] [INFO ] q.l.p.CommandLineTaskRunner$CommandLineProgressMonitor - Completed (79%)
2024-10-22 21:14:18 INFO: 21:14:18.119 [main] [INFO ] q.l.p.CommandLineTaskRunner$CommandLineProgressMonitor - Completed (80%)
2024-10-22 21:14:18 INFO: 21:14:18.369 [main] [INFO ] q.l.p.CommandLineTaskRunner$CommandLineProgressMonitor - Completed (81%)
2024-10-22 21:14:18 INFO: 21:14:18.739 [main] [INFO ] q.l.p.CommandLineTaskRunner$CommandLineProgressMonitor - Completed (82%)
2024-10-22 21:14:19 INFO: 21:14:19.134 [main] [INFO ] q.l.p.CommandLineTaskRunner$CommandLineProgressMonitor - Completed (83%)
2024-10-22 21:14:19 INFO: 21:14:19.402 [main] [INFO ] q.l.p.CommandLineTaskRunner$CommandLineProgressMonitor - Completed (84%)
2024-10-22 21:14:19 INFO: 21:14:19.628 [main] [INFO ] q.l.p.CommandLineTaskRunner$CommandLineProgressMonitor - Completed (85%)
2024-10-22 21:14:19 INFO: 21:14:19.848 [main] [INFO ] q.l.p.CommandLineTaskRunner$CommandLineProgressMonitor - Completed (86%)
2024-10-22 21:14:20 INFO: 21:14:20.069 [main] [INFO ] q.l.p.CommandLineTaskRunner$CommandLineProgressMonitor - Completed (87%)
2024-10-22 21:14:20 INFO: 21:14:20.290 [main] [INFO ] q.l.p.CommandLineTaskRunner$CommandLineProgressMonitor - Completed (88%)
2024-10-22 21:14:20 INFO: 21:14:20.515 [main] [INFO ] q.l.p.CommandLineTaskRunner$CommandLineProgressMonitor - Completed (89%)
2024-10-22 21:14:20 INFO: 21:14:20.740 [main] [INFO ] q.l.p.CommandLineTaskRunner$CommandLineProgressMonitor - Completed (90%)
2024-10-22 21:14:20 INFO: 21:14:20.974 [main] [INFO ] q.l.p.CommandLineTaskRunner$CommandLineProgressMonitor - Completed (91%)
2024-10-22 21:14:21 INFO: 21:14:21.204 [main] [INFO ] q.l.p.CommandLineTaskRunner$CommandLineProgressMonitor - Completed (92%)
2024-10-22 21:14:21 INFO: 21:14:21.753 [main] [INFO ] q.l.p.CommandLineTaskRunner$CommandLineProgressMonitor - Completed (93%)
2024-10-22 21:14:22 INFO: 21:14:22.117 [main] [INFO ] q.l.p.CommandLineTaskRunner$CommandLineProgressMonitor - Completed (94%)
2024-10-22 21:14:22 INFO: 21:14:22.393 [main] [INFO ] q.l.p.CommandLineTaskRunner$CommandLineProgressMonitor - Completed (95%)
2024-10-22 21:14:22 INFO: 21:14:22.650 [main] [INFO ] q.l.p.CommandLineTaskRunner$CommandLineProgressMonitor - Completed (96%)
2024-10-22 21:14:22 INFO: 21:14:22.942 [main] [INFO ] q.l.p.CommandLineTaskRunner$CommandLineProgressMonitor - Completed (97%)
2024-10-22 21:14:23 INFO: 21:14:23.329 [main] [INFO ] q.l.p.CommandLineTaskRunner$CommandLineProgressMonitor - Completed (98%)
2024-10-22 21:14:23 INFO: 21:14:23.606 [main] [INFO ] q.l.p.CommandLineTaskRunner$CommandLineProgressMonitor - Completed (99%)
2024-10-22 21:14:23 INFO: 21:14:23.840 [main] [INFO ] q.l.p.CommandLineTaskRunner$CommandLineProgressMonitor - Completed (100%)
2024-10-22 21:15:10 INFO: 21:15:10.812 [main] [INFO ] q.l.p.CommandLineTaskRunner$CommandLineProgressMonitor - Completed (100%)
2024-10-22 21:15:10 INFO: 21:15:10.813 [main] [INFO ] q.l.p.CommandLineTaskRunner$CommandLineProgressMonitor - Processing complete in 81.69 seconds
2024-10-22 21:15:10 INFO: 21:15:10.813 [main] [INFO ] q.l.p.CommandLineTaskRunner$CommandLineProgressMonitor - Tasks completed!
2024-10-22 21:20:52 INFO: 21:20:52.078 [task-runner-6-1] [WARN ] q.o.features.DelaunayTriangulation - Some objects have missing measurements! Statistics will calculated only for objects with measurements available.
2024-10-22 21:20:52 INFO: 21:20:52.079 [task-runner-6-1] [WARN ] q.o.features.DelaunayTriangulation - Missing measurements: [ROI: 1.00 m per pixel: Residual: Haralick Correlation (F2), ROI: 1.00 m per pixel: Residual: Haralick Information measure of correlation 1 (F11), ROI: 1.00 m per pixel: Hematoxylin: Haralick Correlation (F2), ROI: 1.00 m per pixel: Hematoxylin: Haralick Information measure of correlation 1 (F11), ROI: 1.00 m per pixel: Eosin: Haralick Correlation (F2), ROI: 1.00 m per pixel: Eosin: Haralick Information measure of correlation 1 (F11), ROI: 1.00 m per pixel: Saturation: Haralick Correlation (F2), ROI: 1.00 m per pixel: Saturation: Haralick Information measure of correlation 1 (F11), ROI: 1.00 m per pixel: Red: Haralick Correlation (F2), ROI: 1.00 m per pixel: Red: Haralick Information measure of correlation 1 (F11), ROI: 1.00 m per pixel: Brightness: Haralick Correlation (F2), ROI: 1.00 m per pixel: Brightness: Haralick Information measure of correlation 1 (F11), ROI: 1.00 m per pixel: Blue: Haralick Correlation (F2), ROI: 1.00 m per pixel: Blue: Haralick Information measure of correlation 1 (F11), ROI: 1.00 m per pixel: OD Sum: Haralick Correlation (F2), ROI: 1.00 m per pixel: OD Sum: Haralick Information measure of correlation 1 (F11), ROI: 1.00 m per pixel: Green: Haralick Correlation (F2), ROI: 1.00 m per pixel: Green: Haralick Information measure of correlation 1 (F11), ROI: 1.00 m per pixel: Hematoxylin: Haralick Information measure of correlation 2 (F12), ROI: 1.00 m per pixel: Residual: Haralick Information measure of correlation 2 (F12), ROI: 1.00 m per pixel: Eosin: Haralick Information measure of correlation 2 (F12)]
2024-10-22 21:20:52 INFO: 21:20:52.181 [main] [INFO ] q.l.p.CommandLineTaskRunner$CommandLineProgressMonitor - Delaunay triangulation calculated for Annotation (548871 objects) (100%)
2024-10-22 21:20:52 INFO: 21:20:52.182 [main] [INFO ] q.l.p.CommandLineTaskRunner$CommandLineProgressMonitor - Processing complete in 341.31 seconds
2024-10-22 21:20:52 INFO: 21:20:52.182 [main] [INFO ] q.l.p.CommandLineTaskRunner$CommandLineProgressMonitor - Tasks completed!
2024-10-22 21:26:46 INFO: TCGA-GI-A2C8-01Z-00-DX1.09BD8AC9-645A-4C8B-9B36-77D833BDBA09
2024-10-22 21:26:46 INFO: QuPath subprocess completed.
2024-10-22 21:27:22 INFO: QuPath image extraction completed successfully. Output directory: /home/ilants/Documents/jupyter_test/single_image_multiple_params/exp_threshold_0
2024-10-22 21:27:22 INFO: Summary table saved to: /home/ilants/Documents/jupyter_test/single_image_multiple_params/exp_threshold_0/Summary_Table.csv
2024-10-22 21:27:22 INFO: Experiment completed successfully.
