2024-10-23 02:46:15 INFO: Starting experiment with for minAreaMicrons with value of 14.0
2024-10-23 02:46:15 INFO: Running with the following configuration:
{'detectionImageBrightfield': 'Hematoxylin OD', 'requestedPixelSizeMicrons': 0.5, 'backgroundRadiusMicrons': 4.0, 'backgroundByReconstruction': True, 'medianRadiusMicrons': 0.0, 'sigmaMicrons': 1.5, 'minAreaMicrons': 14.0, 'maxAreaMicrons': 80.0, 'threshold': 0.1, 'maxBackground': 2.0, 'watershedPostProcess': True, 'cellExpansionMicrons': 5.0, 'includeNuclei': True, 'smoothBoundaries': True, 'makeMeasurements': True, 'backgroundRadiusPixel': 8.0, 'cellExpansionPixel': 10.0, 'medianRadiusPixel': 0.0, 'minAreaPixel': 20.0, 'maxAreaPixel': 160.0}
2024-10-23 02:46:15 INFO: Starting QuPath image extraction with the following parameters: image_dir=/home/ilants/Documents/jupyter_test, output_dir=/home/ilants/Documents/jupyter_test/single_image_multiple_params/exp_minAreaMicrons_14.0, image_type=svs, groovy_script=/home/ilants/Documents/utls/nucleus_detection_wargs.groovy, config_file=/home/ilants/Documents/jupyter_test/single_image_multiple_params/exp_minAreaMicrons_14.0/cfg.json, program_path=/home/ilants/Documents/QuPath-v0.5.1-Linux/QuPath/bin/QuPath
2024-10-23 02:46:16 INFO: 02:46:16.402 [main] [INFO ] qupath.lib.gui.prefs.PathPrefs - Setting default Locale to en_US
2024-10-23 02:46:16 INFO: 02:46:16.405 [main] [INFO ] qupath.lib.gui.prefs.PathPrefs - Setting Locale for FORMAT to en_US
2024-10-23 02:46:16 INFO: 02:46:16.406 [main] [INFO ] qupath.lib.gui.prefs.PathPrefs - Setting Locale for DISPLAY to en_US
2024-10-23 02:46:16 INFO: 02:46:16.419 [main] [INFO ] qupath.lib.common.ThreadTools - Setting parallelism to 63
2024-10-23 02:46:16 INFO: 02:46:16.438 [main] [INFO ] qupath.ScriptCommand - Setting tile cache size to 32200.00 MB (25.0% max memory)
2024-10-23 02:46:16 INFO: 02:46:16.487 [main] [INFO ] qupath.lib.scripting.QP - Initializing type adapters
2024-10-23 02:46:16 INFO: Warning: Versions of org.bytedeco:javacpp:1.5.9 and org.bytedeco:opencv:4.6.0-1.5.8 do not match.
2024-10-23 02:46:16 INFO: Warning: Versions of org.bytedeco:javacpp:1.5.9 and org.bytedeco:openblas:0.3.21-1.5.8 do not match.
2024-10-23 02:46:18 INFO: project parameters are: {"detectionImageBrightfield": "Hematoxylin OD","requestedPixelSizeMicrons": 0.5,"backgroundRadiusMicrons": 4.0,"backgroundByReconstruction": true,"medianRadiusMicrons": 0.0,"sigmaMicrons": 1.5,"minAreaMicrons": 14.0,"maxAreaMicrons": 80.0,"threshold": 0.1,"maxBackground": 2.0,"watershedPostProcess": true,"cellExpansionMicrons": 5.0,"includeNuclei": true,"smoothBoundaries": true,"makeMeasurements": true,"backgroundRadiusPixel": 8.0,"cellExpansionPixel": 10.0,"medianRadiusPixel": 0.0,"minAreaPixel": 20.0,"maxAreaPixel": 160.0}
2024-10-23 02:46:18 INFO: New project created at: /home/ilants/Documents/jupyter_test/single_image_multiple_params/exp_minAreaMicrons_14.0/QPProject
2024-10-23 02:46:18 INFO: Added: /home/ilants/Documents/jupyter_test/TCGA-GI-A2C8-01Z-00-DX1.09BD8AC9-645A-4C8B-9B36-77D833BDBA09.svs
2024-10-23 02:46:18 INFO: /home/ilants/Documents/jupyter_test/TCGA-GI-A2C8-01Z-00-DX1.09BD8AC9-645A-4C8B-9B36-77D833BDBA09.svs
2024-10-23 02:46:18 INFO: 02:46:18.548 [main] [INFO ] q.l.i.s.b.BioFormatsServerOptions - Setting max Bio-Formats readers to 32
2024-10-23 02:46:19 INFO: UriImageSupport (class qupath.lib.images.servers.bioformats.BioFormatsServerBuilder) support=3.0, builders=1
2024-10-23 02:46:19 INFO: true
2024-10-23 02:46:19 INFO: 02:46:19.219 [main] [WARN ] qupath.lib.scripting.QP - createSelectAllObject(boolean) is deprecated, use createFullImageAnnotation(boolean) instead
2024-10-23 02:46:19 INFO: 02:46:19.219 [main] [WARN ] qupath.lib.scripting.QP - createSelectAllObject(boolean, int, int) is deprecated, use createFullImageAnnotation(boolean, int, int) instead
2024-10-23 02:46:19 INFO: 02:46:19.231 [main] [WARN ] q.l.plugins.parameters.ParameterList - Unable to set parameter backgroundRadiusPixel with value 8.0
2024-10-23 02:46:19 INFO: 02:46:19.231 [main] [WARN ] q.l.plugins.parameters.ParameterList - Unable to set parameter cellExpansionPixel with value 10.0
2024-10-23 02:46:19 INFO: 02:46:19.231 [main] [WARN ] q.l.plugins.parameters.ParameterList - Unable to set parameter medianRadiusPixel with value 0.0
2024-10-23 02:46:19 INFO: 02:46:19.231 [main] [WARN ] q.l.plugins.parameters.ParameterList - Unable to set parameter minAreaPixel with value 20.0
2024-10-23 02:46:19 INFO: 02:46:19.231 [main] [WARN ] q.l.plugins.parameters.ParameterList - Unable to set parameter maxAreaPixel with value 160.0
2024-10-23 02:46:31 INFO: 02:46:31.283 [task-runner-1-16] [INFO ] q.lib.plugins.DetectionPluginTools - 0 nuclei detected (processing time: 11.94 seconds)
2024-10-23 02:46:31 INFO: 02:46:31.286 [main] [INFO ] q.l.p.CommandLineTaskRunner$CommandLineProgressMonitor - 0 nuclei detected (1%)
2024-10-23 02:46:31 INFO: 02:46:31.991 [task-runner-1-3] [INFO ] q.lib.plugins.DetectionPluginTools - 0 nuclei detected (processing time: 12.65 seconds)
2024-10-23 02:46:32 INFO: 02:46:32.517 [task-runner-1-47] [INFO ] q.lib.plugins.DetectionPluginTools - 4 nuclei detected (processing time: 13.17 seconds)
2024-10-23 02:46:32 INFO: 02:46:32.518 [main] [INFO ] q.l.p.CommandLineTaskRunner$CommandLineProgressMonitor - 4 nuclei detected (2%)
2024-10-23 02:46:34 INFO: 02:46:34.405 [task-runner-1-12] [INFO ] q.lib.plugins.DetectionPluginTools - 0 nuclei detected (processing time: 15.07 seconds)
2024-10-23 02:46:34 INFO: 02:46:34.406 [main] [INFO ] q.l.p.CommandLineTaskRunner$CommandLineProgressMonitor - 0 nuclei detected (3%)
2024-10-23 02:46:34 INFO: 02:46:34.407 [task-runner-1-1] [INFO ] q.lib.plugins.DetectionPluginTools - 0 nuclei detected (processing time: 15.07 seconds)
2024-10-23 02:46:34 INFO: 02:46:34.412 [task-runner-1-48] [INFO ] q.lib.plugins.DetectionPluginTools - 0 nuclei detected (processing time: 15.07 seconds)
2024-10-23 02:46:34 INFO: 02:46:34.412 [main] [INFO ] q.l.p.CommandLineTaskRunner$CommandLineProgressMonitor - 0 nuclei detected (4%)
2024-10-23 02:46:34 INFO: 02:46:34.412 [task-runner-1-10] [INFO ] q.lib.plugins.DetectionPluginTools - 1 nucleus detected (processing time: 15.07 seconds)
2024-10-23 02:46:34 INFO: 02:46:34.412 [main] [INFO ] q.l.p.CommandLineTaskRunner$CommandLineProgressMonitor - 1 nucleus detected (4%)
2024-10-23 02:46:34 INFO: 02:46:34.415 [task-runner-1-32] [INFO ] q.lib.plugins.DetectionPluginTools - 0 nuclei detected (processing time: 15.07 seconds)
2024-10-23 02:46:34 INFO: 02:46:34.415 [main] [INFO ] q.l.p.CommandLineTaskRunner$CommandLineProgressMonitor - 0 nuclei detected (5%)
2024-10-23 02:46:34 INFO: 02:46:34.415 [task-runner-1-11] [INFO ] q.lib.plugins.DetectionPluginTools - 1 nucleus detected (processing time: 15.08 seconds)
2024-10-23 02:46:34 INFO: 02:46:34.415 [main] [INFO ] q.l.p.CommandLineTaskRunner$CommandLineProgressMonitor - 1 nucleus detected (6%)
2024-10-23 02:46:34 INFO: 02:46:34.416 [task-runner-1-15] [INFO ] q.lib.plugins.DetectionPluginTools - 0 nuclei detected (processing time: 15.08 seconds)
2024-10-23 02:46:34 INFO: 02:46:34.416 [main] [INFO ] q.l.p.CommandLineTaskRunner$CommandLineProgressMonitor - 0 nuclei detected (6%)
2024-10-23 02:46:34 INFO: 02:46:34.416 [task-runner-1-14] [INFO ] q.lib.plugins.DetectionPluginTools - 2 nuclei detected (processing time: 15.08 seconds)
2024-10-23 02:46:34 INFO: 02:46:34.417 [main] [INFO ] q.l.p.CommandLineTaskRunner$CommandLineProgressMonitor - 2 nuclei detected (7%)
2024-10-23 02:46:34 INFO: 02:46:34.417 [task-runner-1-9] [INFO ] q.lib.plugins.DetectionPluginTools - 0 nuclei detected (processing time: 15.08 seconds)
2024-10-23 02:46:34 INFO: 02:46:34.417 [main] [INFO ] q.l.p.CommandLineTaskRunner$CommandLineProgressMonitor - 0 nuclei detected (8%)
2024-10-23 02:46:34 INFO: 02:46:34.417 [task-runner-1-27] [INFO ] q.lib.plugins.DetectionPluginTools - 1 nucleus detected (processing time: 15.08 seconds)
2024-10-23 02:46:34 INFO: 02:46:34.418 [main] [INFO ] q.l.p.CommandLineTaskRunner$CommandLineProgressMonitor - 1 nucleus detected (8%)
2024-10-23 02:46:34 INFO: 02:46:34.418 [task-runner-1-30] [INFO ] q.lib.plugins.DetectionPluginTools - 0 nuclei detected (processing time: 15.08 seconds)
2024-10-23 02:46:34 INFO: 02:46:34.418 [task-runner-1-4] [INFO ] q.lib.plugins.DetectionPluginTools - 0 nuclei detected (processing time: 15.08 seconds)
2024-10-23 02:46:34 INFO: 02:46:34.418 [main] [INFO ] q.l.p.CommandLineTaskRunner$CommandLineProgressMonitor - 0 nuclei detected (9%)
2024-10-23 02:46:34 INFO: 02:46:34.419 [task-runner-1-17] [INFO ] q.lib.plugins.DetectionPluginTools - 1 nucleus detected (processing time: 15.08 seconds)
2024-10-23 02:46:34 INFO: 02:46:34.419 [task-runner-1-8] [INFO ] q.lib.plugins.DetectionPluginTools - 1 nucleus detected (processing time: 15.08 seconds)
2024-10-23 02:46:34 INFO: 02:46:34.419 [main] [INFO ] q.l.p.CommandLineTaskRunner$CommandLineProgressMonitor - 1 nucleus detected (10%)
2024-10-23 02:46:34 INFO: 02:46:34.419 [main] [INFO ] q.l.p.CommandLineTaskRunner$CommandLineProgressMonitor - 1 nucleus detected (11%)
2024-10-23 02:46:34 INFO: 02:46:34.420 [task-runner-1-7] [INFO ] q.lib.plugins.DetectionPluginTools - 1 nucleus detected (processing time: 15.08 seconds)
2024-10-23 02:46:34 INFO: 02:46:34.430 [task-runner-1-6] [INFO ] q.lib.plugins.DetectionPluginTools - 3 nuclei detected (processing time: 15.09 seconds)
2024-10-23 02:46:34 INFO: 02:46:34.431 [main] [INFO ] q.l.p.CommandLineTaskRunner$CommandLineProgressMonitor - 3 nuclei detected (12%)
2024-10-23 02:46:34 INFO: 02:46:34.436 [task-runner-1-2] [INFO ] q.lib.plugins.DetectionPluginTools - 1 nucleus detected (processing time: 15.10 seconds)
2024-10-23 02:46:34 INFO: 02:46:34.438 [main] [INFO ] q.l.p.CommandLineTaskRunner$CommandLineProgressMonitor - 1 nucleus detected (13%)
2024-10-23 02:46:34 INFO: 02:46:34.448 [task-runner-1-29] [INFO ] q.lib.plugins.DetectionPluginTools - 5 nuclei detected (processing time: 15.11 seconds)
2024-10-23 02:46:34 INFO: 02:46:34.449 [main] [INFO ] q.l.p.CommandLineTaskRunner$CommandLineProgressMonitor - 5 nuclei detected (13%)
2024-10-23 02:46:34 INFO: 02:46:34.450 [task-runner-1-13] [INFO ] q.lib.plugins.DetectionPluginTools - 8 nuclei detected (processing time: 15.11 seconds)
2024-10-23 02:46:34 INFO: 02:46:34.451 [main] [INFO ] q.l.p.CommandLineTaskRunner$CommandLineProgressMonitor - 8 nuclei detected (14%)
2024-10-23 02:46:34 INFO: 02:46:34.478 [task-runner-1-31] [INFO ] q.lib.plugins.DetectionPluginTools - 12 nuclei detected (processing time: 15.13 seconds)
2024-10-23 02:46:34 INFO: 02:46:34.480 [main] [INFO ] q.l.p.CommandLineTaskRunner$CommandLineProgressMonitor - 12 nuclei detected (14%)
2024-10-23 02:46:34 INFO: 02:46:34.558 [task-runner-1-28] [INFO ] q.lib.plugins.DetectionPluginTools - 20 nuclei detected (processing time: 15.22 seconds)
2024-10-23 02:46:34 INFO: 02:46:34.565 [main] [INFO ] q.l.p.CommandLineTaskRunner$CommandLineProgressMonitor - 20 nuclei detected (15%)
2024-10-23 02:46:34 INFO: 02:46:34.589 [task-runner-1-26] [INFO ] q.lib.plugins.DetectionPluginTools - 43 nuclei detected (processing time: 15.24 seconds)
2024-10-23 02:46:34 INFO: 02:46:34.596 [main] [INFO ] q.l.p.CommandLineTaskRunner$CommandLineProgressMonitor - 43 nuclei detected (16%)
2024-10-23 02:46:34 INFO: 02:46:34.612 [task-runner-1-5] [INFO ] q.lib.plugins.DetectionPluginTools - 52 nuclei detected (processing time: 15.27 seconds)
2024-10-23 02:46:34 INFO: 02:46:34.614 [main] [INFO ] q.l.p.CommandLineTaskRunner$CommandLineProgressMonitor - 52 nuclei detected (16%)
2024-10-23 02:46:34 INFO: 02:46:34.623 [task-runner-1-46] [INFO ] q.lib.plugins.DetectionPluginTools - 47 nuclei detected (processing time: 15.28 seconds)
2024-10-23 02:46:34 INFO: 02:46:34.624 [main] [INFO ] q.l.p.CommandLineTaskRunner$CommandLineProgressMonitor - 47 nuclei detected (17%)
2024-10-23 02:46:34 INFO: 02:46:34.774 [task-runner-1-45] [INFO ] q.lib.plugins.DetectionPluginTools - 97 nuclei detected (processing time: 15.43 seconds)
2024-10-23 02:46:34 INFO: 02:46:34.775 [main] [INFO ] q.l.p.CommandLineTaskRunner$CommandLineProgressMonitor - 97 nuclei detected (18%)
2024-10-23 02:46:34 INFO: 02:46:34.799 [task-runner-1-19] [INFO ] q.lib.plugins.DetectionPluginTools - 125 nuclei detected (processing time: 15.46 seconds)
2024-10-23 02:46:34 INFO: 02:46:34.800 [main] [INFO ] q.l.p.CommandLineTaskRunner$CommandLineProgressMonitor - 125 nuclei detected (18%)
2024-10-23 02:46:34 INFO: 02:46:34.820 [task-runner-1-63] [INFO ] q.lib.plugins.DetectionPluginTools - 123 nuclei detected (processing time: 15.47 seconds)
2024-10-23 02:46:34 INFO: 02:46:34.822 [main] [INFO ] q.l.p.CommandLineTaskRunner$CommandLineProgressMonitor - 123 nuclei detected (19%)
2024-10-23 02:46:34 INFO: 02:46:34.856 [task-runner-1-33] [INFO ] q.lib.plugins.DetectionPluginTools - 191 nuclei detected (processing time: 15.51 seconds)
2024-10-23 02:46:34 INFO: 02:46:34.868 [main] [INFO ] q.l.p.CommandLineTaskRunner$CommandLineProgressMonitor - 191 nuclei detected (19%)
2024-10-23 02:46:34 INFO: 02:46:34.869 [task-runner-1-49] [INFO ] q.lib.plugins.DetectionPluginTools - 125 nuclei detected (processing time: 15.51 seconds)
2024-10-23 02:46:34 INFO: 02:46:34.869 [main] [INFO ] q.l.p.CommandLineTaskRunner$CommandLineProgressMonitor - 125 nuclei detected (20%)
2024-10-23 02:46:34 INFO: 02:46:34.901 [task-runner-1-18] [INFO ] q.lib.plugins.DetectionPluginTools - 184 nuclei detected (processing time: 15.56 seconds)
2024-10-23 02:46:34 INFO: 02:46:34.902 [main] [INFO ] q.l.p.CommandLineTaskRunner$CommandLineProgressMonitor - 184 nuclei detected (21%)
2024-10-23 02:46:34 INFO: 02:46:34.911 [task-runner-1-61] [INFO ] q.lib.plugins.DetectionPluginTools - 176 nuclei detected (processing time: 15.57 seconds)
2024-10-23 02:46:34 INFO: 02:46:34.913 [main] [INFO ] q.l.p.CommandLineTaskRunner$CommandLineProgressMonitor - 176 nuclei detected (21%)
2024-10-23 02:46:34 INFO: 02:46:34.921 [task-runner-1-62] [INFO ] q.lib.plugins.DetectionPluginTools - 186 nuclei detected (processing time: 15.58 seconds)
2024-10-23 02:46:34 INFO: 02:46:34.922 [main] [INFO ] q.l.p.CommandLineTaskRunner$CommandLineProgressMonitor - 186 nuclei detected (22%)
2024-10-23 02:46:34 INFO: 02:46:34.965 [task-runner-1-44] [INFO ] q.lib.plugins.DetectionPluginTools - 226 nuclei detected (processing time: 15.62 seconds)
2024-10-23 02:46:34 INFO: 02:46:34.967 [main] [INFO ] q.l.p.CommandLineTaskRunner$CommandLineProgressMonitor - 226 nuclei detected (23%)
2024-10-23 02:46:35 INFO: 02:46:35.003 [task-runner-1-25] [INFO ] q.lib.plugins.DetectionPluginTools - 293 nuclei detected (processing time: 15.66 seconds)
2024-10-23 02:46:35 INFO: 02:46:35.004 [main] [INFO ] q.l.p.CommandLineTaskRunner$CommandLineProgressMonitor - 293 nuclei detected (23%)
2024-10-23 02:46:35 INFO: 02:46:35.016 [task-runner-1-35] [INFO ] q.lib.plugins.DetectionPluginTools - 271 nuclei detected (processing time: 15.67 seconds)
2024-10-23 02:46:35 INFO: 02:46:35.020 [main] [INFO ] q.l.p.CommandLineTaskRunner$CommandLineProgressMonitor - 271 nuclei detected (24%)
2024-10-23 02:46:35 INFO: 02:46:35.014 [task-runner-1-50] [INFO ] q.lib.plugins.DetectionPluginTools - 285 nuclei detected (processing time: 15.67 seconds)
2024-10-23 02:46:35 INFO: 02:46:35.022 [main] [INFO ] q.l.p.CommandLineTaskRunner$CommandLineProgressMonitor - 285 nuclei detected (24%)
2024-10-23 02:46:35 INFO: 02:46:35.046 [task-runner-1-34] [INFO ] q.lib.plugins.DetectionPluginTools - 335 nuclei detected (processing time: 15.70 seconds)
2024-10-23 02:46:35 INFO: 02:46:35.047 [main] [INFO ] q.l.p.CommandLineTaskRunner$CommandLineProgressMonitor - 335 nuclei detected (25%)
2024-10-23 02:46:35 INFO: 02:46:35.125 [task-runner-1-20] [INFO ] q.lib.plugins.DetectionPluginTools - 493 nuclei detected (processing time: 15.79 seconds)
2024-10-23 02:46:35 INFO: 02:46:35.126 [main] [INFO ] q.l.p.CommandLineTaskRunner$CommandLineProgressMonitor - 493 nuclei detected (26%)
2024-10-23 02:46:35 INFO: 02:46:35.345 [task-runner-1-51] [INFO ] q.lib.plugins.DetectionPluginTools - 751 nuclei detected (processing time: 16.00 seconds)
2024-10-23 02:46:35 INFO: 02:46:35.346 [main] [INFO ] q.l.p.CommandLineTaskRunner$CommandLineProgressMonitor - 751 nuclei detected (26%)
2024-10-23 02:46:35 INFO: 02:46:35.356 [task-runner-1-24] [INFO ] q.lib.plugins.DetectionPluginTools - 779 nuclei detected (processing time: 16.01 seconds)
2024-10-23 02:46:35 INFO: 02:46:35.357 [main] [INFO ] q.l.p.CommandLineTaskRunner$CommandLineProgressMonitor - 779 nuclei detected (27%)
2024-10-23 02:46:35 INFO: 02:46:35.411 [task-runner-1-23] [INFO ] q.lib.plugins.DetectionPluginTools - 816 nuclei detected (processing time: 16.07 seconds)
2024-10-23 02:46:35 INFO: 02:46:35.413 [main] [INFO ] q.l.p.CommandLineTaskRunner$CommandLineProgressMonitor - 816 nuclei detected (28%)
2024-10-23 02:46:35 INFO: 02:46:35.426 [task-runner-1-43] [INFO ] q.lib.plugins.DetectionPluginTools - 851 nuclei detected (processing time: 16.08 seconds)
2024-10-23 02:46:35 INFO: 02:46:35.431 [main] [INFO ] q.l.p.CommandLineTaskRunner$CommandLineProgressMonitor - 851 nuclei detected (28%)
2024-10-23 02:46:35 INFO: 02:46:35.473 [task-runner-1-60] [INFO ] q.lib.plugins.DetectionPluginTools - 991 nuclei detected (processing time: 16.13 seconds)
2024-10-23 02:46:35 INFO: 02:46:35.474 [main] [INFO ] q.l.p.CommandLineTaskRunner$CommandLineProgressMonitor - 991 nuclei detected (29%)
2024-10-23 02:46:35 INFO: 02:46:35.498 [task-runner-1-22] [INFO ] q.lib.plugins.DetectionPluginTools - 1221 nuclei detected (processing time: 16.16 seconds)
2024-10-23 02:46:35 INFO: 02:46:35.499 [main] [INFO ] q.l.p.CommandLineTaskRunner$CommandLineProgressMonitor - 1221 nuclei detected (29%)
2024-10-23 02:46:36 INFO: 02:46:36.491 [task-runner-1-36] [INFO ] q.lib.plugins.DetectionPluginTools - 1752 nuclei detected (processing time: 17.15 seconds)
2024-10-23 02:46:36 INFO: 02:46:36.491 [main] [INFO ] q.l.p.CommandLineTaskRunner$CommandLineProgressMonitor - 1752 nuclei detected (30%)
2024-10-23 02:46:36 INFO: 02:46:36.748 [task-runner-1-16] [INFO ] q.lib.plugins.DetectionPluginTools - 1 nucleus detected (processing time: 5.46 seconds)
2024-10-23 02:46:36 INFO: 02:46:36.748 [main] [INFO ] q.l.p.CommandLineTaskRunner$CommandLineProgressMonitor - 1 nucleus detected (31%)
2024-10-23 02:46:38 INFO: 02:46:38.072 [task-runner-1-42] [INFO ] q.lib.plugins.DetectionPluginTools - 2367 nuclei detected (processing time: 18.73 seconds)
2024-10-23 02:46:38 INFO: 02:46:38.074 [main] [INFO ] q.l.p.CommandLineTaskRunner$CommandLineProgressMonitor - 2367 nuclei detected (31%)
2024-10-23 02:46:38 INFO: 02:46:38.190 [task-runner-1-40] [INFO ] q.lib.plugins.DetectionPluginTools - 1875 nuclei detected (processing time: 18.85 seconds)
2024-10-23 02:46:38 INFO: 02:46:38.191 [main] [INFO ] q.l.p.CommandLineTaskRunner$CommandLineProgressMonitor - 1875 nuclei detected (32%)
2024-10-23 02:46:38 INFO: 02:46:38.698 [task-runner-1-59] [INFO ] q.lib.plugins.DetectionPluginTools - 2396 nuclei detected (processing time: 19.35 seconds)
2024-10-23 02:46:38 INFO: 02:46:38.701 [main] [INFO ] q.l.p.CommandLineTaskRunner$CommandLineProgressMonitor - 2396 nuclei detected (33%)
2024-10-23 02:46:38 INFO: 02:46:38.897 [task-runner-1-39] [INFO ] q.lib.plugins.DetectionPluginTools - 2700 nuclei detected (processing time: 19.55 seconds)
2024-10-23 02:46:38 INFO: 02:46:38.899 [main] [INFO ] q.l.p.CommandLineTaskRunner$CommandLineProgressMonitor - 2700 nuclei detected (33%)
2024-10-23 02:46:39 INFO: 02:46:39.135 [task-runner-1-52] [INFO ] q.lib.plugins.DetectionPluginTools - 2298 nuclei detected (processing time: 19.79 seconds)
2024-10-23 02:46:39 INFO: 02:46:39.137 [main] [INFO ] q.l.p.CommandLineTaskRunner$CommandLineProgressMonitor - 2298 nuclei detected (34%)
2024-10-23 02:46:39 INFO: 02:46:39.393 [task-runner-1-21] [INFO ] q.lib.plugins.DetectionPluginTools - 2986 nuclei detected (processing time: 20.05 seconds)
2024-10-23 02:46:39 INFO: 02:46:39.394 [main] [INFO ] q.l.p.CommandLineTaskRunner$CommandLineProgressMonitor - 2986 nuclei detected (34%)
2024-10-23 02:46:39 INFO: 02:46:39.418 [task-runner-1-3] [INFO ] q.lib.plugins.DetectionPluginTools - 110 nuclei detected (processing time: 7.43 seconds)
2024-10-23 02:46:39 INFO: 02:46:39.419 [main] [INFO ] q.l.p.CommandLineTaskRunner$CommandLineProgressMonitor - 110 nuclei detected (35%)
2024-10-23 02:46:39 INFO: 02:46:39.556 [task-runner-1-41] [INFO ] q.lib.plugins.DetectionPluginTools - 2267 nuclei detected (processing time: 20.21 seconds)
2024-10-23 02:46:39 INFO: 02:46:39.559 [main] [INFO ] q.l.p.CommandLineTaskRunner$CommandLineProgressMonitor - 2267 nuclei detected (36%)
2024-10-23 02:46:40 INFO: 02:46:40.170 [task-runner-1-58] [INFO ] q.lib.plugins.DetectionPluginTools - 2412 nuclei detected (processing time: 20.83 seconds)
2024-10-23 02:46:40 INFO: 02:46:40.172 [main] [INFO ] q.l.p.CommandLineTaskRunner$CommandLineProgressMonitor - 2412 nuclei detected (36%)
2024-10-23 02:46:40 INFO: 02:46:40.684 [task-runner-1-47] [INFO ] q.lib.plugins.DetectionPluginTools - 336 nuclei detected (processing time: 8.17 seconds)
2024-10-23 02:46:40 INFO: 02:46:40.685 [main] [INFO ] q.l.p.CommandLineTaskRunner$CommandLineProgressMonitor - 336 nuclei detected (37%)
2024-10-23 02:46:40 INFO: 02:46:40.709 [task-runner-1-17] [INFO ] q.lib.plugins.DetectionPluginTools - 0 nuclei detected (processing time: 6.29 seconds)
2024-10-23 02:46:40 INFO: 02:46:40.710 [main] [INFO ] q.l.p.CommandLineTaskRunner$CommandLineProgressMonitor - 0 nuclei detected (38%)
2024-10-23 02:46:41 INFO: 02:46:41.075 [task-runner-1-38] [INFO ] q.lib.plugins.DetectionPluginTools - 3401 nuclei detected (processing time: 21.73 seconds)
2024-10-23 02:46:41 INFO: 02:46:41.077 [main] [INFO ] q.l.p.CommandLineTaskRunner$CommandLineProgressMonitor - 3401 nuclei detected (38%)
2024-10-23 02:46:41 INFO: 02:46:41.120 [task-runner-1-55] [INFO ] q.lib.plugins.DetectionPluginTools - 2911 nuclei detected (processing time: 21.78 seconds)
2024-10-23 02:46:41 INFO: 02:46:41.121 [main] [INFO ] q.l.p.CommandLineTaskRunner$CommandLineProgressMonitor - 2911 nuclei detected (39%)
2024-10-23 02:46:41 INFO: 02:46:41.231 [task-runner-1-37] [INFO ] q.lib.plugins.DetectionPluginTools - 3817 nuclei detected (processing time: 21.89 seconds)
2024-10-23 02:46:41 INFO: 02:46:41.233 [main] [INFO ] q.l.p.CommandLineTaskRunner$CommandLineProgressMonitor - 3817 nuclei detected (39%)
2024-10-23 02:46:41 INFO: 02:46:41.481 [task-runner-1-57] [INFO ] q.lib.plugins.DetectionPluginTools - 3041 nuclei detected (processing time: 22.14 seconds)
2024-10-23 02:46:41 INFO: 02:46:41.482 [main] [INFO ] q.l.p.CommandLineTaskRunner$CommandLineProgressMonitor - 3041 nuclei detected (40%)
2024-10-23 02:46:41 INFO: 02:46:41.517 [task-runner-1-6] [INFO ] q.lib.plugins.DetectionPluginTools - 125 nuclei detected (processing time: 7.09 seconds)
2024-10-23 02:46:41 INFO: 02:46:41.519 [main] [INFO ] q.l.p.CommandLineTaskRunner$CommandLineProgressMonitor - 125 nuclei detected (41%)
2024-10-23 02:46:41 INFO: 02:46:41.880 [task-runner-1-54] [INFO ] q.lib.plugins.DetectionPluginTools - 4085 nuclei detected (processing time: 22.54 seconds)
2024-10-23 02:46:41 INFO: 02:46:41.881 [main] [INFO ] q.l.p.CommandLineTaskRunner$CommandLineProgressMonitor - 4085 nuclei detected (41%)
2024-10-23 02:46:42 INFO: 02:46:42.025 [task-runner-1-7] [INFO ] q.lib.plugins.DetectionPluginTools - 112 nuclei detected (processing time: 7.61 seconds)
2024-10-23 02:46:42 INFO: 02:46:42.027 [main] [INFO ] q.l.p.CommandLineTaskRunner$CommandLineProgressMonitor - 112 nuclei detected (42%)
2024-10-23 02:46:42 INFO: 02:46:42.291 [task-runner-1-49] [INFO ] q.lib.plugins.DetectionPluginTools - 92 nuclei detected (processing time: 7.42 seconds)
2024-10-23 02:46:42 INFO: 02:46:42.291 [main] [INFO ] q.l.p.CommandLineTaskRunner$CommandLineProgressMonitor - 92 nuclei detected (43%)
2024-10-23 02:46:42 INFO: 02:46:42.363 [task-runner-1-18] [INFO ] q.lib.plugins.DetectionPluginTools - 2 nuclei detected (processing time: 7.46 seconds)
2024-10-23 02:46:42 INFO: 02:46:42.363 [main] [INFO ] q.l.p.CommandLineTaskRunner$CommandLineProgressMonitor - 2 nuclei detected (43%)
2024-10-23 02:46:42 INFO: 02:46:42.645 [task-runner-1-8] [INFO ] q.lib.plugins.DetectionPluginTools - 190 nuclei detected (processing time: 8.23 seconds)
2024-10-23 02:46:42 INFO: 02:46:42.647 [main] [INFO ] q.l.p.CommandLineTaskRunner$CommandLineProgressMonitor - 190 nuclei detected (44%)
2024-10-23 02:46:42 INFO: 02:46:42.906 [task-runner-1-62] [INFO ] q.lib.plugins.DetectionPluginTools - 134 nuclei detected (processing time: 7.98 seconds)
2024-10-23 02:46:42 INFO: 02:46:42.908 [main] [INFO ] q.l.p.CommandLineTaskRunner$CommandLineProgressMonitor - 134 nuclei detected (44%)
2024-10-23 02:46:43 INFO: 02:46:43.174 [task-runner-1-56] [INFO ] q.lib.plugins.DetectionPluginTools - 3643 nuclei detected (processing time: 23.83 seconds)
2024-10-23 02:46:43 INFO: 02:46:43.175 [main] [INFO ] q.l.p.CommandLineTaskRunner$CommandLineProgressMonitor - 3643 nuclei detected (45%)
2024-10-23 02:46:43 INFO: 02:46:43.188 [task-runner-1-12] [INFO ] q.lib.plugins.DetectionPluginTools - 441 nuclei detected (processing time: 8.78 seconds)
2024-10-23 02:46:43 INFO: 02:46:43.190 [main] [INFO ] q.l.p.CommandLineTaskRunner$CommandLineProgressMonitor - 441 nuclei detected (46%)
2024-10-23 02:46:43 INFO: 02:46:43.315 [task-runner-1-44] [INFO ] q.lib.plugins.DetectionPluginTools - 215 nuclei detected (processing time: 8.35 seconds)
2024-10-23 02:46:43 INFO: 02:46:43.316 [main] [INFO ] q.l.p.CommandLineTaskRunner$CommandLineProgressMonitor - 215 nuclei detected (46%)
2024-10-23 02:46:43 INFO: 02:46:43.569 [task-runner-1-61] [INFO ] q.lib.plugins.DetectionPluginTools - 134 nuclei detected (processing time: 8.66 seconds)
2024-10-23 02:46:43 INFO: 02:46:43.571 [main] [INFO ] q.l.p.CommandLineTaskRunner$CommandLineProgressMonitor - 134 nuclei detected (47%)
2024-10-23 02:46:43 INFO: 02:46:43.584 [task-runner-1-36] [INFO ] q.lib.plugins.DetectionPluginTools - 34 nuclei detected (processing time: 7.09 seconds)
2024-10-23 02:46:43 INFO: 02:46:43.586 [main] [INFO ] q.l.p.CommandLineTaskRunner$CommandLineProgressMonitor - 34 nuclei detected (48%)
2024-10-23 02:46:43 INFO: 02:46:43.978 [task-runner-1-16] [INFO ] q.lib.plugins.DetectionPluginTools - 1 nucleus detected (processing time: 7.23 seconds)
2024-10-23 02:46:43 INFO: 02:46:43.990 [main] [INFO ] q.l.p.CommandLineTaskRunner$CommandLineProgressMonitor - 1 nucleus detected (48%)
2024-10-23 02:46:44 INFO: 02:46:44.605 [task-runner-1-53] [INFO ] q.lib.plugins.DetectionPluginTools - 5266 nuclei detected (processing time: 25.26 seconds)
2024-10-23 02:46:44 INFO: 02:46:44.606 [main] [INFO ] q.l.p.CommandLineTaskRunner$CommandLineProgressMonitor - 5266 nuclei detected (49%)
2024-10-23 02:46:44 INFO: 02:46:44.871 [task-runner-1-2] [INFO ] q.lib.plugins.DetectionPluginTools - 671 nuclei detected (processing time: 10.43 seconds)
2024-10-23 02:46:44 INFO: 02:46:44.873 [main] [INFO ] q.l.p.CommandLineTaskRunner$CommandLineProgressMonitor - 671 nuclei detected (49%)
2024-10-23 02:46:45 INFO: 02:46:45.240 [task-runner-1-40] [INFO ] q.lib.plugins.DetectionPluginTools - 224 nuclei detected (processing time: 7.05 seconds)
2024-10-23 02:46:45 INFO: 02:46:45.241 [main] [INFO ] q.l.p.CommandLineTaskRunner$CommandLineProgressMonitor - 224 nuclei detected (50%)
2024-10-23 02:46:45 INFO: 02:46:45.576 [task-runner-1-30] [INFO ] q.lib.plugins.DetectionPluginTools - 626 nuclei detected (processing time: 11.16 seconds)
2024-10-23 02:46:45 INFO: 02:46:45.578 [main] [INFO ] q.l.p.CommandLineTaskRunner$CommandLineProgressMonitor - 626 nuclei detected (51%)
2024-10-23 02:46:45 INFO: 02:46:45.598 [task-runner-1-42] [INFO ] q.lib.plugins.DetectionPluginTools - 282 nuclei detected (processing time: 7.52 seconds)
2024-10-23 02:46:45 INFO: 02:46:45.600 [main] [INFO ] q.l.p.CommandLineTaskRunner$CommandLineProgressMonitor - 282 nuclei detected (51%)
2024-10-23 02:46:46 INFO: 02:46:46.795 [task-runner-1-33] [INFO ] q.lib.plugins.DetectionPluginTools - 678 nuclei detected (processing time: 11.93 seconds)
2024-10-23 02:46:46 INFO: 02:46:46.797 [main] [INFO ] q.l.p.CommandLineTaskRunner$CommandLineProgressMonitor - 678 nuclei detected (52%)
2024-10-23 02:46:47 INFO: 02:46:47.652 [task-runner-1-6] [INFO ] q.lib.plugins.DetectionPluginTools - 0 nuclei detected (processing time: 6.13 seconds)
2024-10-23 02:46:47 INFO: 02:46:47.663 [main] [INFO ] q.l.p.CommandLineTaskRunner$CommandLineProgressMonitor - 0 nuclei detected (53%)
2024-10-23 02:46:47 INFO: 02:46:47.815 [task-runner-1-57] [INFO ] q.lib.plugins.DetectionPluginTools - 0 nuclei detected (processing time: 6.33 seconds)
2024-10-23 02:46:48 INFO: 02:46:48.109 [task-runner-1-4] [INFO ] q.lib.plugins.DetectionPluginTools - 1237 nuclei detected (processing time: 13.69 seconds)
2024-10-23 02:46:48 INFO: 02:46:48.110 [main] [INFO ] q.l.p.CommandLineTaskRunner$CommandLineProgressMonitor - 1237 nuclei detected (54%)
2024-10-23 02:46:48 INFO: 02:46:48.466 [task-runner-1-59] [INFO ] q.lib.plugins.DetectionPluginTools - 255 nuclei detected (processing time: 9.77 seconds)
2024-10-23 02:46:48 INFO: 02:46:48.467 [main] [INFO ] q.l.p.CommandLineTaskRunner$CommandLineProgressMonitor - 255 nuclei detected (54%)
2024-10-23 02:46:48 INFO: 02:46:48.703 [task-runner-1-44] [INFO ] q.lib.plugins.DetectionPluginTools - 19 nuclei detected (processing time: 5.39 seconds)
2024-10-23 02:46:48 INFO: 02:46:48.703 [main] [INFO ] q.l.p.CommandLineTaskRunner$CommandLineProgressMonitor - 19 nuclei detected (55%)
2024-10-23 02:46:49 INFO: 02:46:49.114 [task-runner-1-49] [INFO ] q.lib.plugins.DetectionPluginTools - 67 nuclei detected (processing time: 6.82 seconds)
2024-10-23 02:46:49 INFO: 02:46:49.115 [main] [INFO ] q.l.p.CommandLineTaskRunner$CommandLineProgressMonitor - 67 nuclei detected (56%)
2024-10-23 02:46:49 INFO: 02:46:49.225 [task-runner-1-12] [INFO ] q.lib.plugins.DetectionPluginTools - 0 nuclei detected (processing time: 6.03 seconds)
2024-10-23 02:46:49 INFO: 02:46:49.240 [main] [INFO ] q.l.p.CommandLineTaskRunner$CommandLineProgressMonitor - 0 nuclei detected (56%)
2024-10-23 02:46:49 INFO: 02:46:49.283 [task-runner-1-8] [INFO ] q.lib.plugins.DetectionPluginTools - 8 nuclei detected (processing time: 6.64 seconds)
2024-10-23 02:46:49 INFO: 02:46:49.286 [main] [INFO ] q.l.p.CommandLineTaskRunner$CommandLineProgressMonitor - 8 nuclei detected (57%)
2024-10-23 02:46:49 INFO: 02:46:49.335 [task-runner-1-18] [INFO ] q.lib.plugins.DetectionPluginTools - 3 nuclei detected (processing time: 6.97 seconds)
2024-10-23 02:46:49 INFO: 02:46:49.338 [main] [INFO ] q.l.p.CommandLineTaskRunner$CommandLineProgressMonitor - 3 nuclei detected (57%)
2024-10-23 02:46:49 INFO: 02:46:49.511 [task-runner-1-56] [INFO ] q.lib.plugins.DetectionPluginTools - 0 nuclei detected (processing time: 6.34 seconds)
2024-10-23 02:46:49 INFO: 02:46:49.514 [main] [INFO ] q.l.p.CommandLineTaskRunner$CommandLineProgressMonitor - 0 nuclei detected (58%)
2024-10-23 02:46:49 INFO: 02:46:49.687 [task-runner-1-7] [INFO ] q.lib.plugins.DetectionPluginTools - 71 nuclei detected (processing time: 7.66 seconds)
2024-10-23 02:46:49 INFO: 02:46:49.694 [main] [INFO ] q.l.p.CommandLineTaskRunner$CommandLineProgressMonitor - 71 nuclei detected (59%)
2024-10-23 02:46:49 INFO: 02:46:49.775 [task-runner-1-54] [INFO ] q.lib.plugins.DetectionPluginTools - 100 nuclei detected (processing time: 7.89 seconds)
2024-10-23 02:46:49 INFO: 02:46:49.780 [main] [INFO ] q.l.p.CommandLineTaskRunner$CommandLineProgressMonitor - 100 nuclei detected (59%)
2024-10-23 02:46:49 INFO: 02:46:49.821 [task-runner-1-62] [INFO ] q.lib.plugins.DetectionPluginTools - 0 nuclei detected (processing time: 6.91 seconds)
2024-10-23 02:46:49 INFO: 02:46:49.828 [main] [INFO ] q.l.p.CommandLineTaskRunner$CommandLineProgressMonitor - 0 nuclei detected (60%)
2024-10-23 02:46:50 INFO: 02:46:50.400 [task-runner-1-22] [INFO ] q.lib.plugins.DetectionPluginTools - 1933 nuclei detected (processing time: 14.90 seconds)
2024-10-23 02:46:50 INFO: 02:46:50.404 [main] [INFO ] q.l.p.CommandLineTaskRunner$CommandLineProgressMonitor - 1933 nuclei detected (61%)
2024-10-23 02:46:50 INFO: 02:46:50.500 [task-runner-1-61] [INFO ] q.lib.plugins.DetectionPluginTools - 291 nuclei detected (processing time: 6.93 seconds)
2024-10-23 02:46:50 INFO: 02:46:50.502 [main] [INFO ] q.l.p.CommandLineTaskRunner$CommandLineProgressMonitor - 291 nuclei detected (61%)
2024-10-23 02:46:51 INFO: 02:46:51.462 [task-runner-1-30] [INFO ] q.lib.plugins.DetectionPluginTools - 0 nuclei detected (processing time: 5.88 seconds)
2024-10-23 02:46:51 INFO: 02:46:51.463 [main] [INFO ] q.l.p.CommandLineTaskRunner$CommandLineProgressMonitor - 0 nuclei detected (62%)
2024-10-23 02:46:51 INFO: 02:46:51.476 [task-runner-1-40] [INFO ] q.lib.plugins.DetectionPluginTools - 0 nuclei detected (processing time: 6.23 seconds)
2024-10-23 02:46:51 INFO: 02:46:51.478 [main] [INFO ] q.l.p.CommandLineTaskRunner$CommandLineProgressMonitor - 0 nuclei detected (63%)
2024-10-23 02:46:51 INFO: 02:46:51.515 [task-runner-1-2] [INFO ] q.lib.plugins.DetectionPluginTools - 0 nuclei detected (processing time: 6.64 seconds)
2024-10-23 02:46:51 INFO: 02:46:51.552 [task-runner-1-1] [INFO ] q.lib.plugins.DetectionPluginTools - 2460 nuclei detected (processing time: 17.14 seconds)
2024-10-23 02:46:51 INFO: 02:46:51.554 [main] [INFO ] q.l.p.CommandLineTaskRunner$CommandLineProgressMonitor - 2460 nuclei detected (64%)
2024-10-23 02:46:51 INFO: 02:46:51.679 [task-runner-1-37] [INFO ] q.lib.plugins.DetectionPluginTools - 871 nuclei detected (processing time: 10.45 seconds)
2024-10-23 02:46:51 INFO: 02:46:51.683 [main] [INFO ] q.l.p.CommandLineTaskRunner$CommandLineProgressMonitor - 871 nuclei detected (64%)
2024-10-23 02:46:52 INFO: 02:46:52.285 [task-runner-1-42] [INFO ] q.lib.plugins.DetectionPluginTools - 7 nuclei detected (processing time: 6.69 seconds)
2024-10-23 02:46:52 INFO: 02:46:52.286 [main] [INFO ] q.l.p.CommandLineTaskRunner$CommandLineProgressMonitor - 7 nuclei detected (65%)
2024-10-23 02:46:52 INFO: 02:46:52.473 [task-runner-1-3] [INFO ] q.lib.plugins.DetectionPluginTools - 1164 nuclei detected (processing time: 13.05 seconds)
2024-10-23 02:46:52 INFO: 02:46:52.473 [main] [INFO ] q.l.p.CommandLineTaskRunner$CommandLineProgressMonitor - 1164 nuclei detected (66%)
2024-10-23 02:46:53 INFO: 02:46:53.546 [task-runner-1-33] [INFO ] q.lib.plugins.DetectionPluginTools - 1 nucleus detected (processing time: 6.75 seconds)
2024-10-23 02:46:53 INFO: 02:46:53.547 [main] [INFO ] q.l.p.CommandLineTaskRunner$CommandLineProgressMonitor - 1 nucleus detected (66%)
2024-10-23 02:46:53 INFO: 02:46:53.860 [task-runner-1-57] [INFO ] q.lib.plugins.DetectionPluginTools - 1 nucleus detected (processing time: 6.04 seconds)
2024-10-23 02:46:53 INFO: 02:46:53.860 [main] [INFO ] q.l.p.CommandLineTaskRunner$CommandLineProgressMonitor - 1 nucleus detected (67%)
2024-10-23 02:46:53 INFO: 02:46:53.931 [task-runner-1-36] [INFO ] q.lib.plugins.DetectionPluginTools - 1245 nuclei detected (processing time: 10.34 seconds)
2024-10-23 02:46:53 INFO: 02:46:53.931 [main] [INFO ] q.l.p.CommandLineTaskRunner$CommandLineProgressMonitor - 1245 nuclei detected (68%)
2024-10-23 02:46:54 INFO: 02:46:54.127 [task-runner-1-6] [INFO ] q.lib.plugins.DetectionPluginTools - 0 nuclei detected (processing time: 6.46 seconds)
2024-10-23 02:46:54 INFO: 02:46:54.130 [main] [INFO ] q.l.p.CommandLineTaskRunner$CommandLineProgressMonitor - 0 nuclei detected (68%)
2024-10-23 02:46:54 INFO: 02:46:54.366 [task-runner-1-21] [INFO ] q.lib.plugins.DetectionPluginTools - 1161 nuclei detected (processing time: 14.97 seconds)
2024-10-23 02:46:54 INFO: 02:46:54.367 [main] [INFO ] q.l.p.CommandLineTaskRunner$CommandLineProgressMonitor - 1161 nuclei detected (69%)
2024-10-23 02:46:54 INFO: 02:46:54.390 [task-runner-1-49] [INFO ] q.lib.plugins.DetectionPluginTools - 1 nucleus detected (processing time: 5.27 seconds)
2024-10-23 02:46:54 INFO: 02:46:54.391 [main] [INFO ] q.l.p.CommandLineTaskRunner$CommandLineProgressMonitor - 1 nucleus detected (69%)
2024-10-23 02:46:54 INFO: 02:46:54.623 [task-runner-1-52] [INFO ] q.lib.plugins.DetectionPluginTools - 1752 nuclei detected (processing time: 15.49 seconds)
2024-10-23 02:46:54 INFO: 02:46:54.624 [main] [INFO ] q.l.p.CommandLineTaskRunner$CommandLineProgressMonitor - 1752 nuclei detected (70%)
2024-10-23 02:46:54 INFO: 02:46:54.972 [task-runner-1-56] [INFO ] q.lib.plugins.DetectionPluginTools - 0 nuclei detected (processing time: 5.46 seconds)
2024-10-23 02:46:54 INFO: 02:46:54.973 [main] [INFO ] q.l.p.CommandLineTaskRunner$CommandLineProgressMonitor - 0 nuclei detected (71%)
2024-10-23 02:46:55 INFO: 02:46:55.092 [task-runner-1-44] [INFO ] q.lib.plugins.DetectionPluginTools - 1 nucleus detected (processing time: 6.39 seconds)
2024-10-23 02:46:55 INFO: 02:46:55.093 [main] [INFO ] q.l.p.CommandLineTaskRunner$CommandLineProgressMonitor - 1 nucleus detected (71%)
2024-10-23 02:46:55 INFO: 02:46:55.129 [task-runner-1-27] [INFO ] q.lib.plugins.DetectionPluginTools - 2953 nuclei detected (processing time: 20.71 seconds)
2024-10-23 02:46:55 INFO: 02:46:55.130 [main] [INFO ] q.l.p.CommandLineTaskRunner$CommandLineProgressMonitor - 2953 nuclei detected (72%)
2024-10-23 02:46:55 INFO: 02:46:55.182 [task-runner-1-25] [INFO ] q.lib.plugins.DetectionPluginTools - 2295 nuclei detected (processing time: 20.18 seconds)
2024-10-23 02:46:55 INFO: 02:46:55.182 [main] [INFO ] q.l.p.CommandLineTaskRunner$CommandLineProgressMonitor - 2295 nuclei detected (73%)
2024-10-23 02:46:55 INFO: 02:46:55.221 [task-runner-1-50] [INFO ] q.lib.plugins.DetectionPluginTools - 2444 nuclei detected (processing time: 20.20 seconds)
2024-10-23 02:46:55 INFO: 02:46:55.221 [main] [INFO ] q.l.p.CommandLineTaskRunner$CommandLineProgressMonitor - 2444 nuclei detected (73%)
2024-10-23 02:46:55 INFO: 02:46:55.249 [task-runner-1-12] [INFO ] q.lib.plugins.DetectionPluginTools - 0 nuclei detected (processing time: 6.01 seconds)
2024-10-23 02:46:55 INFO: 02:46:55.249 [task-runner-1-18] [INFO ] q.lib.plugins.DetectionPluginTools - 0 nuclei detected (processing time: 5.91 seconds)
2024-10-23 02:46:55 INFO: 02:46:55.249 [main] [INFO ] q.l.p.CommandLineTaskRunner$CommandLineProgressMonitor - 0 nuclei detected (74%)
2024-10-23 02:46:55 INFO: 02:46:55.278 [task-runner-1-45] [INFO ] q.lib.plugins.DetectionPluginTools - 2816 nuclei detected (processing time: 20.50 seconds)
2024-10-23 02:46:55 INFO: 02:46:55.279 [main] [INFO ] q.l.p.CommandLineTaskRunner$CommandLineProgressMonitor - 2816 nuclei detected (75%)
2024-10-23 02:46:55 INFO: 02:46:55.281 [task-runner-1-8] [INFO ] q.lib.plugins.DetectionPluginTools - 1 nucleus detected (processing time: 6.00 seconds)
2024-10-23 02:46:55 INFO: 02:46:55.281 [main] [INFO ] q.l.p.CommandLineTaskRunner$CommandLineProgressMonitor - 1 nucleus detected (76%)
2024-10-23 02:46:55 INFO: 02:46:55.295 [task-runner-1-32] [INFO ] q.lib.plugins.DetectionPluginTools - 3692 nuclei detected (processing time: 20.88 seconds)
2024-10-23 02:46:55 INFO: 02:46:55.295 [main] [INFO ] q.l.p.CommandLineTaskRunner$CommandLineProgressMonitor - 3692 nuclei detected (76%)
2024-10-23 02:46:55 INFO: 02:46:55.301 [task-runner-1-16] [INFO ] q.lib.plugins.DetectionPluginTools - 2080 nuclei detected (processing time: 11.31 seconds)
2024-10-23 02:46:55 INFO: 02:46:55.301 [main] [INFO ] q.l.p.CommandLineTaskRunner$CommandLineProgressMonitor - 2080 nuclei detected (77%)
2024-10-23 02:46:55 INFO: 02:46:55.358 [task-runner-1-59] [INFO ] q.lib.plugins.DetectionPluginTools - 0 nuclei detected (processing time: 6.89 seconds)
2024-10-23 02:46:55 INFO: 02:46:55.358 [main] [INFO ] q.l.p.CommandLineTaskRunner$CommandLineProgressMonitor - 0 nuclei detected (78%)
2024-10-23 02:46:55 INFO: 02:46:55.392 [task-runner-1-19] [INFO ] q.lib.plugins.DetectionPluginTools - 2630 nuclei detected (processing time: 20.59 seconds)
2024-10-23 02:46:55 INFO: 02:46:55.393 [main] [INFO ] q.l.p.CommandLineTaskRunner$CommandLineProgressMonitor - 2630 nuclei detected (78%)
2024-10-23 02:46:55 INFO: 02:46:55.419 [task-runner-1-39] [INFO ] q.lib.plugins.DetectionPluginTools - 961 nuclei detected (processing time: 16.52 seconds)
2024-10-23 02:46:55 INFO: 02:46:55.419 [main] [INFO ] q.l.p.CommandLineTaskRunner$CommandLineProgressMonitor - 961 nuclei detected (79%)
2024-10-23 02:46:55 INFO: 02:46:55.429 [task-runner-1-7] [INFO ] q.lib.plugins.DetectionPluginTools - 0 nuclei detected (processing time: 5.74 seconds)
2024-10-23 02:46:55 INFO: 02:46:55.430 [main] [INFO ] q.l.p.CommandLineTaskRunner$CommandLineProgressMonitor - 0 nuclei detected (79%)
2024-10-23 02:46:55 INFO: 02:46:55.446 [task-runner-1-29] [INFO ] q.lib.plugins.DetectionPluginTools - 2735 nuclei detected (processing time: 21.00 seconds)
2024-10-23 02:46:55 INFO: 02:46:55.447 [main] [INFO ] q.l.p.CommandLineTaskRunner$CommandLineProgressMonitor - 2735 nuclei detected (80%)
2024-10-23 02:46:55 INFO: 02:46:55.545 [task-runner-1-4] [INFO ] q.lib.plugins.DetectionPluginTools - 1 nucleus detected (processing time: 7.43 seconds)
2024-10-23 02:46:55 INFO: 02:46:55.545 [main] [INFO ] q.l.p.CommandLineTaskRunner$CommandLineProgressMonitor - 1 nucleus detected (81%)
2024-10-23 02:46:55 INFO: 02:46:55.708 [task-runner-1-62] [INFO ] q.lib.plugins.DetectionPluginTools - 0 nuclei detected (processing time: 5.88 seconds)
2024-10-23 02:46:55 INFO: 02:46:55.708 [main] [INFO ] q.l.p.CommandLineTaskRunner$CommandLineProgressMonitor - 0 nuclei detected (81%)
2024-10-23 02:46:55 INFO: 02:46:55.731 [task-runner-1-35] [INFO ] q.lib.plugins.DetectionPluginTools - 3237 nuclei detected (processing time: 20.71 seconds)
2024-10-23 02:46:55 INFO: 02:46:55.731 [main] [INFO ] q.l.p.CommandLineTaskRunner$CommandLineProgressMonitor - 3237 nuclei detected (82%)
2024-10-23 02:46:55 INFO: 02:46:55.763 [task-runner-1-20] [INFO ] q.lib.plugins.DetectionPluginTools - 3415 nuclei detected (processing time: 20.64 seconds)
2024-10-23 02:46:55 INFO: 02:46:55.764 [main] [INFO ] q.l.p.CommandLineTaskRunner$CommandLineProgressMonitor - 3415 nuclei detected (83%)
2024-10-23 02:46:55 INFO: 02:46:55.876 [task-runner-1-46] [INFO ] q.lib.plugins.DetectionPluginTools - 3227 nuclei detected (processing time: 21.25 seconds)
2024-10-23 02:46:55 INFO: 02:46:55.876 [main] [INFO ] q.l.p.CommandLineTaskRunner$CommandLineProgressMonitor - 3227 nuclei detected (83%)
2024-10-23 02:46:55 INFO: 02:46:55.889 [task-runner-1-22] [INFO ] q.lib.plugins.DetectionPluginTools - 0 nuclei detected (processing time: 5.48 seconds)
2024-10-23 02:46:55 INFO: 02:46:55.889 [main] [INFO ] q.l.p.CommandLineTaskRunner$CommandLineProgressMonitor - 0 nuclei detected (84%)
2024-10-23 02:46:55 INFO: 02:46:55.923 [task-runner-1-14] [INFO ] q.lib.plugins.DetectionPluginTools - 3311 nuclei detected (processing time: 21.51 seconds)
2024-10-23 02:46:55 INFO: 02:46:55.923 [main] [INFO ] q.l.p.CommandLineTaskRunner$CommandLineProgressMonitor - 3311 nuclei detected (84%)
2024-10-23 02:46:55 INFO: 02:46:55.955 [task-runner-1-63] [INFO ] q.lib.plugins.DetectionPluginTools - 2239 nuclei detected (processing time: 21.13 seconds)
2024-10-23 02:46:55 INFO: 02:46:55.955 [main] [INFO ] q.l.p.CommandLineTaskRunner$CommandLineProgressMonitor - 2239 nuclei detected (85%)
2024-10-23 02:46:56 INFO: 02:46:56.021 [task-runner-1-54] [INFO ] q.lib.plugins.DetectionPluginTools - 0 nuclei detected (processing time: 6.24 seconds)
2024-10-23 02:46:56 INFO: 02:46:56.022 [main] [INFO ] q.l.p.CommandLineTaskRunner$CommandLineProgressMonitor - 0 nuclei detected (86%)
2024-10-23 02:46:56 INFO: 02:46:56.038 [task-runner-1-41] [INFO ] q.lib.plugins.DetectionPluginTools - 2610 nuclei detected (processing time: 16.48 seconds)
2024-10-23 02:46:56 INFO: 02:46:56.039 [main] [INFO ] q.l.p.CommandLineTaskRunner$CommandLineProgressMonitor - 2610 nuclei detected (86%)
2024-10-23 02:46:56 INFO: 02:46:56.125 [task-runner-1-48] [INFO ] q.lib.plugins.DetectionPluginTools - 4769 nuclei detected (processing time: 21.71 seconds)
2024-10-23 02:46:56 INFO: 02:46:56.125 [main] [INFO ] q.l.p.CommandLineTaskRunner$CommandLineProgressMonitor - 4769 nuclei detected (87%)
2024-10-23 02:46:56 INFO: 02:46:56.151 [task-runner-1-31] [INFO ] q.lib.plugins.DetectionPluginTools - 3833 nuclei detected (processing time: 21.67 seconds)
2024-10-23 02:46:56 INFO: 02:46:56.152 [main] [INFO ] q.l.p.CommandLineTaskRunner$CommandLineProgressMonitor - 3833 nuclei detected (88%)
2024-10-23 02:46:56 INFO: 02:46:56.166 [task-runner-1-28] [INFO ] q.lib.plugins.DetectionPluginTools - 3348 nuclei detected (processing time: 21.60 seconds)
2024-10-23 02:46:56 INFO: 02:46:56.166 [main] [INFO ] q.l.p.CommandLineTaskRunner$CommandLineProgressMonitor - 3348 nuclei detected (88%)
2024-10-23 02:46:56 INFO: 02:46:56.168 [task-runner-1-15] [INFO ] q.lib.plugins.DetectionPluginTools - 3628 nuclei detected (processing time: 21.75 seconds)
2024-10-23 02:46:56 INFO: 02:46:56.168 [main] [INFO ] q.l.p.CommandLineTaskRunner$CommandLineProgressMonitor - 3628 nuclei detected (89%)
2024-10-23 02:46:56 INFO: 02:46:56.172 [task-runner-1-9] [INFO ] q.lib.plugins.DetectionPluginTools - 3061 nuclei detected (processing time: 21.76 seconds)
2024-10-23 02:46:56 INFO: 02:46:56.173 [main] [INFO ] q.l.p.CommandLineTaskRunner$CommandLineProgressMonitor - 3061 nuclei detected (89%)
2024-10-23 02:46:56 INFO: 02:46:56.198 [task-runner-1-13] [INFO ] q.lib.plugins.DetectionPluginTools - 2990 nuclei detected (processing time: 21.75 seconds)
2024-10-23 02:46:56 INFO: 02:46:56.198 [main] [INFO ] q.l.p.CommandLineTaskRunner$CommandLineProgressMonitor - 2990 nuclei detected (90%)
2024-10-23 02:46:56 INFO: 02:46:56.204 [task-runner-1-43] [INFO ] q.lib.plugins.DetectionPluginTools - 3611 nuclei detected (processing time: 20.77 seconds)
2024-10-23 02:46:56 INFO: 02:46:56.204 [main] [INFO ] q.l.p.CommandLineTaskRunner$CommandLineProgressMonitor - 3611 nuclei detected (91%)
2024-10-23 02:46:56 INFO: 02:46:56.219 [task-runner-1-34] [INFO ] q.lib.plugins.DetectionPluginTools - 2594 nuclei detected (processing time: 21.17 seconds)
2024-10-23 02:46:56 INFO: 02:46:56.219 [main] [INFO ] q.l.p.CommandLineTaskRunner$CommandLineProgressMonitor - 2594 nuclei detected (91%)
2024-10-23 02:46:56 INFO: 02:46:56.318 [task-runner-1-5] [INFO ] q.lib.plugins.DetectionPluginTools - 3767 nuclei detected (processing time: 21.70 seconds)
2024-10-23 02:46:56 INFO: 02:46:56.318 [main] [INFO ] q.l.p.CommandLineTaskRunner$CommandLineProgressMonitor - 3767 nuclei detected (92%)
2024-10-23 02:46:56 INFO: 02:46:56.408 [task-runner-1-11] [INFO ] q.lib.plugins.DetectionPluginTools - 3906 nuclei detected (processing time: 21.99 seconds)
2024-10-23 02:46:56 INFO: 02:46:56.409 [main] [INFO ] q.l.p.CommandLineTaskRunner$CommandLineProgressMonitor - 3906 nuclei detected (93%)
2024-10-23 02:46:56 INFO: 02:46:56.440 [task-runner-1-10] [INFO ] q.lib.plugins.DetectionPluginTools - 5821 nuclei detected (processing time: 22.03 seconds)
2024-10-23 02:46:56 INFO: 02:46:56.441 [main] [INFO ] q.l.p.CommandLineTaskRunner$CommandLineProgressMonitor - 5821 nuclei detected (93%)
2024-10-23 02:46:56 INFO: 02:46:56.636 [task-runner-1-26] [INFO ] q.lib.plugins.DetectionPluginTools - 3762 nuclei detected (processing time: 22.04 seconds)
2024-10-23 02:46:56 INFO: 02:46:56.636 [main] [INFO ] q.l.p.CommandLineTaskRunner$CommandLineProgressMonitor - 3762 nuclei detected (94%)
2024-10-23 02:46:56 INFO: 02:46:56.675 [task-runner-1-58] [INFO ] q.lib.plugins.DetectionPluginTools - 3429 nuclei detected (processing time: 16.50 seconds)
2024-10-23 02:46:56 INFO: 02:46:56.676 [main] [INFO ] q.l.p.CommandLineTaskRunner$CommandLineProgressMonitor - 3429 nuclei detected (94%)
2024-10-23 02:46:56 INFO: 02:46:56.696 [task-runner-1-53] [INFO ] q.lib.plugins.DetectionPluginTools - 2408 nuclei detected (processing time: 12.09 seconds)
2024-10-23 02:46:56 INFO: 02:46:56.696 [main] [INFO ] q.l.p.CommandLineTaskRunner$CommandLineProgressMonitor - 2408 nuclei detected (95%)
2024-10-23 02:46:56 INFO: 02:46:56.802 [task-runner-1-51] [INFO ] q.lib.plugins.DetectionPluginTools - 3298 nuclei detected (processing time: 21.46 seconds)
2024-10-23 02:46:56 INFO: 02:46:56.802 [main] [INFO ] q.l.p.CommandLineTaskRunner$CommandLineProgressMonitor - 3298 nuclei detected (96%)
2024-10-23 02:46:56 INFO: 02:46:56.847 [task-runner-1-24] [INFO ] q.lib.plugins.DetectionPluginTools - 3272 nuclei detected (processing time: 21.49 seconds)
2024-10-23 02:46:56 INFO: 02:46:56.848 [main] [INFO ] q.l.p.CommandLineTaskRunner$CommandLineProgressMonitor - 3272 nuclei detected (96%)
2024-10-23 02:46:57 INFO: 02:46:57.246 [task-runner-1-23] [INFO ] q.lib.plugins.DetectionPluginTools - 4237 nuclei detected (processing time: 21.83 seconds)
2024-10-23 02:46:57 INFO: 02:46:57.246 [main] [INFO ] q.l.p.CommandLineTaskRunner$CommandLineProgressMonitor - 4237 nuclei detected (97%)
2024-10-23 02:46:57 INFO: 02:46:57.265 [task-runner-1-60] [INFO ] q.lib.plugins.DetectionPluginTools - 4678 nuclei detected (processing time: 21.79 seconds)
2024-10-23 02:46:57 INFO: 02:46:57.266 [main] [INFO ] q.l.p.CommandLineTaskRunner$CommandLineProgressMonitor - 4678 nuclei detected (98%)
2024-10-23 02:46:58 INFO: 02:46:58.556 [task-runner-1-17] [INFO ] q.lib.plugins.DetectionPluginTools - 4828 nuclei detected (processing time: 17.85 seconds)
2024-10-23 02:46:58 INFO: 02:46:58.557 [main] [INFO ] q.l.p.CommandLineTaskRunner$CommandLineProgressMonitor - 4828 nuclei detected (98%)
2024-10-23 02:46:58 INFO: 02:46:58.571 [task-runner-1-47] [INFO ] q.lib.plugins.DetectionPluginTools - 4532 nuclei detected (processing time: 17.89 seconds)
2024-10-23 02:46:58 INFO: 02:46:58.572 [main] [INFO ] q.l.p.CommandLineTaskRunner$CommandLineProgressMonitor - 4532 nuclei detected (99%)
2024-10-23 02:46:58 INFO: 02:46:58.748 [task-runner-1-55] [INFO ] q.lib.plugins.DetectionPluginTools - 4110 nuclei detected (processing time: 17.63 seconds)
2024-10-23 02:46:58 INFO: 02:46:58.748 [main] [INFO ] q.l.p.CommandLineTaskRunner$CommandLineProgressMonitor - 4110 nuclei detected (99%)
2024-10-23 02:46:58 INFO: 02:46:58.961 [task-runner-1-38] [INFO ] q.lib.plugins.DetectionPluginTools - 5094 nuclei detected (processing time: 17.88 seconds)
2024-10-23 02:46:58 INFO: 02:46:58.961 [main] [INFO ] q.l.p.CommandLineTaskRunner$CommandLineProgressMonitor - 5094 nuclei detected (100%)
2024-10-23 02:46:58 INFO: 02:46:58.962 [main] [INFO ] q.l.p.CommandLineTaskRunner$CommandLineProgressMonitor - Processing complete in 39.63 seconds
2024-10-23 02:46:58 INFO: 02:46:58.962 [main] [INFO ] q.l.p.CommandLineTaskRunner$CommandLineProgressMonitor - Tasks completed!
2024-10-23 02:47:08 INFO: 02:47:08.592 [main] [WARN ] q.l.p.objects.SmoothFeaturesPlugin - Smoothing using annotations
2024-10-23 02:47:12 INFO: 02:47:12.498 [main] [INFO ] q.l.p.CommandLineTaskRunner$CommandLineProgressMonitor - Completed (100%)
2024-10-23 02:47:12 INFO: 02:47:12.498 [main] [INFO ] q.l.p.CommandLineTaskRunner$CommandLineProgressMonitor - Processing complete in 3.90 seconds
2024-10-23 02:47:12 INFO: 02:47:12.498 [main] [INFO ] q.l.p.CommandLineTaskRunner$CommandLineProgressMonitor - Tasks completed!
2024-10-23 02:47:12 INFO: 02:47:12.500 [main] [WARN ] q.l.p.objects.SmoothFeaturesPlugin - Smoothing using annotations
2024-10-23 02:47:19 INFO: 02:47:19.508 [main] [INFO ] q.l.p.CommandLineTaskRunner$CommandLineProgressMonitor - Completed (100%)
2024-10-23 02:47:19 INFO: 02:47:19.509 [main] [INFO ] q.l.p.CommandLineTaskRunner$CommandLineProgressMonitor - Processing complete in 7.01 seconds
2024-10-23 02:47:19 INFO: 02:47:19.509 [main] [INFO ] q.l.p.CommandLineTaskRunner$CommandLineProgressMonitor - Tasks completed!
2024-10-23 02:47:19 INFO: 02:47:19.510 [main] [WARN ] q.l.p.objects.SmoothFeaturesPlugin - Smoothing using annotations
2024-10-23 02:47:33 INFO: 02:47:33.212 [main] [INFO ] q.l.p.CommandLineTaskRunner$CommandLineProgressMonitor - Completed (100%)
2024-10-23 02:47:33 INFO: 02:47:33.212 [main] [INFO ] q.l.p.CommandLineTaskRunner$CommandLineProgressMonitor - Processing complete in 13.70 seconds
2024-10-23 02:47:33 INFO: 02:47:33.212 [main] [INFO ] q.l.p.CommandLineTaskRunner$CommandLineProgressMonitor - Tasks completed!
2024-10-23 02:47:33 INFO: 02:47:33.390 [task-runner-5-2] [INFO ] q.l.a.IntensityFeaturesPlugin - Splitting Rectangle (0, 0, 63784, 39311) into 40 tiles for intensity measurements
2024-10-23 02:47:33 INFO: 02:47:33.517 [main] [INFO ] q.l.p.CommandLineTaskRunner$CommandLineProgressMonitor - Completed (0%)
2024-10-23 02:47:34 INFO: 02:47:34.522 [main] [INFO ] q.l.p.CommandLineTaskRunner$CommandLineProgressMonitor - Completed (1%)
2024-10-23 02:47:34 INFO: 02:47:34.839 [main] [INFO ] q.l.p.CommandLineTaskRunner$CommandLineProgressMonitor - Completed (2%)
2024-10-23 02:47:35 INFO: 02:47:35.483 [main] [INFO ] q.l.p.CommandLineTaskRunner$CommandLineProgressMonitor - Completed (3%)
2024-10-23 02:47:35 INFO: 02:47:35.864 [main] [INFO ] q.l.p.CommandLineTaskRunner$CommandLineProgressMonitor - Completed (4%)
2024-10-23 02:47:36 INFO: 02:47:36.000 [main] [INFO ] q.l.p.CommandLineTaskRunner$CommandLineProgressMonitor - Completed (5%)
2024-10-23 02:47:36 INFO: 02:47:36.105 [main] [INFO ] q.l.p.CommandLineTaskRunner$CommandLineProgressMonitor - Completed (6%)
2024-10-23 02:47:36 INFO: 02:47:36.205 [main] [INFO ] q.l.p.CommandLineTaskRunner$CommandLineProgressMonitor - Completed (7%)
2024-10-23 02:47:36 INFO: 02:47:36.296 [main] [INFO ] q.l.p.CommandLineTaskRunner$CommandLineProgressMonitor - Completed (8%)
2024-10-23 02:47:36 INFO: 02:47:36.687 [main] [INFO ] q.l.p.CommandLineTaskRunner$CommandLineProgressMonitor - Completed (9%)
2024-10-23 02:47:36 INFO: 02:47:36.795 [main] [INFO ] q.l.p.CommandLineTaskRunner$CommandLineProgressMonitor - Completed (10%)
2024-10-23 02:47:36 INFO: 02:47:36.898 [main] [INFO ] q.l.p.CommandLineTaskRunner$CommandLineProgressMonitor - Completed (11%)
2024-10-23 02:47:36 INFO: 02:47:36.995 [main] [INFO ] q.l.p.CommandLineTaskRunner$CommandLineProgressMonitor - Completed (12%)
2024-10-23 02:47:37 INFO: 02:47:37.381 [main] [INFO ] q.l.p.CommandLineTaskRunner$CommandLineProgressMonitor - Completed (13%)
2024-10-23 02:47:37 INFO: 02:47:37.498 [main] [INFO ] q.l.p.CommandLineTaskRunner$CommandLineProgressMonitor - Completed (14%)
2024-10-23 02:47:37 INFO: 02:47:37.662 [main] [INFO ] q.l.p.CommandLineTaskRunner$CommandLineProgressMonitor - Completed (15%)
2024-10-23 02:47:37 INFO: 02:47:37.766 [main] [INFO ] q.l.p.CommandLineTaskRunner$CommandLineProgressMonitor - Completed (16%)
2024-10-23 02:47:37 INFO: 02:47:37.874 [main] [INFO ] q.l.p.CommandLineTaskRunner$CommandLineProgressMonitor - Completed (17%)
2024-10-23 02:47:37 INFO: 02:47:37.967 [main] [INFO ] q.l.p.CommandLineTaskRunner$CommandLineProgressMonitor - Completed (18%)
2024-10-23 02:47:38 INFO: 02:47:38.067 [main] [INFO ] q.l.p.CommandLineTaskRunner$CommandLineProgressMonitor - Completed (19%)
2024-10-23 02:47:38 INFO: 02:47:38.168 [main] [INFO ] q.l.p.CommandLineTaskRunner$CommandLineProgressMonitor - Completed (20%)
2024-10-23 02:47:38 INFO: 02:47:38.389 [main] [INFO ] q.l.p.CommandLineTaskRunner$CommandLineProgressMonitor - Completed (21%)
2024-10-23 02:47:38 INFO: 02:47:38.608 [main] [INFO ] q.l.p.CommandLineTaskRunner$CommandLineProgressMonitor - Completed (22%)
2024-10-23 02:47:38 INFO: 02:47:38.698 [main] [INFO ] q.l.p.CommandLineTaskRunner$CommandLineProgressMonitor - Completed (23%)
2024-10-23 02:47:38 INFO: 02:47:38.789 [main] [INFO ] q.l.p.CommandLineTaskRunner$CommandLineProgressMonitor - Completed (24%)
2024-10-23 02:47:38 INFO: 02:47:38.924 [main] [INFO ] q.l.p.CommandLineTaskRunner$CommandLineProgressMonitor - Completed (25%)
2024-10-23 02:47:39 INFO: 02:47:39.006 [main] [INFO ] q.l.p.CommandLineTaskRunner$CommandLineProgressMonitor - Completed (26%)
2024-10-23 02:47:39 INFO: 02:47:39.098 [main] [INFO ] q.l.p.CommandLineTaskRunner$CommandLineProgressMonitor - Completed (27%)
2024-10-23 02:47:39 INFO: 02:47:39.190 [main] [INFO ] q.l.p.CommandLineTaskRunner$CommandLineProgressMonitor - Completed (28%)
2024-10-23 02:47:39 INFO: 02:47:39.331 [main] [INFO ] q.l.p.CommandLineTaskRunner$CommandLineProgressMonitor - Completed (29%)
2024-10-23 02:47:39 INFO: 02:47:39.440 [main] [INFO ] q.l.p.CommandLineTaskRunner$CommandLineProgressMonitor - Completed (30%)
2024-10-23 02:47:39 INFO: 02:47:39.547 [main] [INFO ] q.l.p.CommandLineTaskRunner$CommandLineProgressMonitor - Completed (31%)
2024-10-23 02:47:39 INFO: 02:47:39.651 [main] [INFO ] q.l.p.CommandLineTaskRunner$CommandLineProgressMonitor - Completed (32%)
2024-10-23 02:47:39 INFO: 02:47:39.753 [main] [INFO ] q.l.p.CommandLineTaskRunner$CommandLineProgressMonitor - Completed (33%)
2024-10-23 02:47:39 INFO: 02:47:39.852 [main] [INFO ] q.l.p.CommandLineTaskRunner$CommandLineProgressMonitor - Completed (34%)
2024-10-23 02:47:39 INFO: 02:47:39.933 [main] [INFO ] q.l.p.CommandLineTaskRunner$CommandLineProgressMonitor - Completed (35%)
2024-10-23 02:47:40 INFO: 02:47:40.022 [main] [INFO ] q.l.p.CommandLineTaskRunner$CommandLineProgressMonitor - Completed (36%)
2024-10-23 02:47:40 INFO: 02:47:40.115 [main] [INFO ] q.l.p.CommandLineTaskRunner$CommandLineProgressMonitor - Completed (37%)
2024-10-23 02:47:40 INFO: 02:47:40.244 [main] [INFO ] q.l.p.CommandLineTaskRunner$CommandLineProgressMonitor - Completed (38%)
2024-10-23 02:47:40 INFO: 02:47:40.373 [main] [INFO ] q.l.p.CommandLineTaskRunner$CommandLineProgressMonitor - Completed (39%)
2024-10-23 02:47:40 INFO: 02:47:40.495 [main] [INFO ] q.l.p.CommandLineTaskRunner$CommandLineProgressMonitor - Completed (40%)
2024-10-23 02:47:40 INFO: 02:47:40.623 [main] [INFO ] q.l.p.CommandLineTaskRunner$CommandLineProgressMonitor - Completed (41%)
2024-10-23 02:47:40 INFO: 02:47:40.756 [main] [INFO ] q.l.p.CommandLineTaskRunner$CommandLineProgressMonitor - Completed (42%)
2024-10-23 02:47:40 INFO: 02:47:40.878 [main] [INFO ] q.l.p.CommandLineTaskRunner$CommandLineProgressMonitor - Completed (43%)
2024-10-23 02:47:41 INFO: 02:47:41.019 [main] [INFO ] q.l.p.CommandLineTaskRunner$CommandLineProgressMonitor - Completed (44%)
2024-10-23 02:47:41 INFO: 02:47:41.149 [main] [INFO ] q.l.p.CommandLineTaskRunner$CommandLineProgressMonitor - Completed (45%)
2024-10-23 02:47:41 INFO: 02:47:41.295 [main] [INFO ] q.l.p.CommandLineTaskRunner$CommandLineProgressMonitor - Completed (46%)
2024-10-23 02:47:41 INFO: 02:47:41.471 [main] [INFO ] q.l.p.CommandLineTaskRunner$CommandLineProgressMonitor - Completed (47%)
2024-10-23 02:47:41 INFO: 02:47:41.636 [main] [INFO ] q.l.p.CommandLineTaskRunner$CommandLineProgressMonitor - Completed (48%)
2024-10-23 02:47:41 INFO: 02:47:41.769 [main] [INFO ] q.l.p.CommandLineTaskRunner$CommandLineProgressMonitor - Completed (49%)
2024-10-23 02:47:41 INFO: 02:47:41.904 [main] [INFO ] q.l.p.CommandLineTaskRunner$CommandLineProgressMonitor - Completed (50%)
2024-10-23 02:47:42 INFO: 02:47:42.041 [main] [INFO ] q.l.p.CommandLineTaskRunner$CommandLineProgressMonitor - Completed (51%)
2024-10-23 02:47:42 INFO: 02:47:42.177 [main] [INFO ] q.l.p.CommandLineTaskRunner$CommandLineProgressMonitor - Completed (52%)
2024-10-23 02:47:42 INFO: 02:47:42.320 [main] [INFO ] q.l.p.CommandLineTaskRunner$CommandLineProgressMonitor - Completed (53%)
2024-10-23 02:47:42 INFO: 02:47:42.592 [main] [INFO ] q.l.p.CommandLineTaskRunner$CommandLineProgressMonitor - Completed (54%)
2024-10-23 02:47:42 INFO: 02:47:42.680 [main] [INFO ] q.l.p.CommandLineTaskRunner$CommandLineProgressMonitor - Completed (55%)
2024-10-23 02:47:42 INFO: 02:47:42.766 [main] [INFO ] q.l.p.CommandLineTaskRunner$CommandLineProgressMonitor - Completed (56%)
2024-10-23 02:47:42 INFO: 02:47:42.850 [main] [INFO ] q.l.p.CommandLineTaskRunner$CommandLineProgressMonitor - Completed (57%)
2024-10-23 02:47:42 INFO: 02:47:42.946 [main] [INFO ] q.l.p.CommandLineTaskRunner$CommandLineProgressMonitor - Completed (58%)
2024-10-23 02:47:43 INFO: 02:47:43.037 [main] [INFO ] q.l.p.CommandLineTaskRunner$CommandLineProgressMonitor - Completed (59%)
2024-10-23 02:47:43 INFO: 02:47:43.140 [main] [INFO ] q.l.p.CommandLineTaskRunner$CommandLineProgressMonitor - Completed (60%)
2024-10-23 02:47:43 INFO: 02:47:43.242 [main] [INFO ] q.l.p.CommandLineTaskRunner$CommandLineProgressMonitor - Completed (61%)
2024-10-23 02:47:43 INFO: 02:47:43.347 [main] [INFO ] q.l.p.CommandLineTaskRunner$CommandLineProgressMonitor - Completed (62%)
2024-10-23 02:47:43 INFO: 02:47:43.456 [main] [INFO ] q.l.p.CommandLineTaskRunner$CommandLineProgressMonitor - Completed (63%)
2024-10-23 02:47:43 INFO: 02:47:43.585 [main] [INFO ] q.l.p.CommandLineTaskRunner$CommandLineProgressMonitor - Completed (64%)
2024-10-23 02:47:43 INFO: 02:47:43.684 [main] [INFO ] q.l.p.CommandLineTaskRunner$CommandLineProgressMonitor - Completed (65%)
2024-10-23 02:47:43 INFO: 02:47:43.775 [main] [INFO ] q.l.p.CommandLineTaskRunner$CommandLineProgressMonitor - Completed (66%)
2024-10-23 02:47:43 INFO: 02:47:43.860 [main] [INFO ] q.l.p.CommandLineTaskRunner$CommandLineProgressMonitor - Completed (67%)
2024-10-23 02:47:43 INFO: 02:47:43.952 [main] [INFO ] q.l.p.CommandLineTaskRunner$CommandLineProgressMonitor - Completed (68%)
2024-10-23 02:47:44 INFO: 02:47:44.040 [main] [INFO ] q.l.p.CommandLineTaskRunner$CommandLineProgressMonitor - Completed (69%)
2024-10-23 02:47:44 INFO: 02:47:44.124 [main] [INFO ] q.l.p.CommandLineTaskRunner$CommandLineProgressMonitor - Completed (70%)
2024-10-23 02:47:44 INFO: 02:47:44.210 [main] [INFO ] q.l.p.CommandLineTaskRunner$CommandLineProgressMonitor - Completed (71%)
2024-10-23 02:47:44 INFO: 02:47:44.308 [main] [INFO ] q.l.p.CommandLineTaskRunner$CommandLineProgressMonitor - Completed (72%)
2024-10-23 02:47:44 INFO: 02:47:44.393 [main] [INFO ] q.l.p.CommandLineTaskRunner$CommandLineProgressMonitor - Completed (73%)
2024-10-23 02:47:44 INFO: 02:47:44.481 [main] [INFO ] q.l.p.CommandLineTaskRunner$CommandLineProgressMonitor - Completed (74%)
2024-10-23 02:47:44 INFO: 02:47:44.572 [main] [INFO ] q.l.p.CommandLineTaskRunner$CommandLineProgressMonitor - Completed (75%)
2024-10-23 02:47:44 INFO: 02:47:44.659 [main] [INFO ] q.l.p.CommandLineTaskRunner$CommandLineProgressMonitor - Completed (76%)
2024-10-23 02:47:44 INFO: 02:47:44.746 [main] [INFO ] q.l.p.CommandLineTaskRunner$CommandLineProgressMonitor - Completed (77%)
2024-10-23 02:47:44 INFO: 02:47:44.832 [main] [INFO ] q.l.p.CommandLineTaskRunner$CommandLineProgressMonitor - Completed (78%)
2024-10-23 02:47:44 INFO: 02:47:44.992 [main] [INFO ] q.l.p.CommandLineTaskRunner$CommandLineProgressMonitor - Completed (79%)
2024-10-23 02:47:45 INFO: 02:47:45.080 [main] [INFO ] q.l.p.CommandLineTaskRunner$CommandLineProgressMonitor - Completed (80%)
2024-10-23 02:47:45 INFO: 02:47:45.169 [main] [INFO ] q.l.p.CommandLineTaskRunner$CommandLineProgressMonitor - Completed (81%)
2024-10-23 02:47:45 INFO: 02:47:45.287 [main] [INFO ] q.l.p.CommandLineTaskRunner$CommandLineProgressMonitor - Completed (82%)
2024-10-23 02:47:45 INFO: 02:47:45.384 [main] [INFO ] q.l.p.CommandLineTaskRunner$CommandLineProgressMonitor - Completed (83%)
2024-10-23 02:47:45 INFO: 02:47:45.493 [main] [INFO ] q.l.p.CommandLineTaskRunner$CommandLineProgressMonitor - Completed (84%)
2024-10-23 02:47:45 INFO: 02:47:45.595 [main] [INFO ] q.l.p.CommandLineTaskRunner$CommandLineProgressMonitor - Completed (85%)
2024-10-23 02:47:45 INFO: 02:47:45.708 [main] [INFO ] q.l.p.CommandLineTaskRunner$CommandLineProgressMonitor - Completed (86%)
2024-10-23 02:47:45 INFO: 02:47:45.808 [main] [INFO ] q.l.p.CommandLineTaskRunner$CommandLineProgressMonitor - Completed (87%)
2024-10-23 02:47:45 INFO: 02:47:45.909 [main] [INFO ] q.l.p.CommandLineTaskRunner$CommandLineProgressMonitor - Completed (88%)
2024-10-23 02:47:46 INFO: 02:47:46.000 [main] [INFO ] q.l.p.CommandLineTaskRunner$CommandLineProgressMonitor - Completed (89%)
2024-10-23 02:47:46 INFO: 02:47:46.082 [main] [INFO ] q.l.p.CommandLineTaskRunner$CommandLineProgressMonitor - Completed (90%)
2024-10-23 02:47:46 INFO: 02:47:46.170 [main] [INFO ] q.l.p.CommandLineTaskRunner$CommandLineProgressMonitor - Completed (91%)
2024-10-23 02:47:46 INFO: 02:47:46.260 [main] [INFO ] q.l.p.CommandLineTaskRunner$CommandLineProgressMonitor - Completed (92%)
2024-10-23 02:47:46 INFO: 02:47:46.359 [main] [INFO ] q.l.p.CommandLineTaskRunner$CommandLineProgressMonitor - Completed (93%)
2024-10-23 02:47:46 INFO: 02:47:46.450 [main] [INFO ] q.l.p.CommandLineTaskRunner$CommandLineProgressMonitor - Completed (94%)
2024-10-23 02:47:46 INFO: 02:47:46.531 [main] [INFO ] q.l.p.CommandLineTaskRunner$CommandLineProgressMonitor - Completed (95%)
2024-10-23 02:47:46 INFO: 02:47:46.621 [main] [INFO ] q.l.p.CommandLineTaskRunner$CommandLineProgressMonitor - Completed (96%)
2024-10-23 02:47:46 INFO: 02:47:46.706 [main] [INFO ] q.l.p.CommandLineTaskRunner$CommandLineProgressMonitor - Completed (97%)
2024-10-23 02:47:46 INFO: 02:47:46.807 [main] [INFO ] q.l.p.CommandLineTaskRunner$CommandLineProgressMonitor - Completed (98%)
2024-10-23 02:47:46 INFO: 02:47:46.897 [main] [INFO ] q.l.p.CommandLineTaskRunner$CommandLineProgressMonitor - Completed (99%)
2024-10-23 02:47:47 INFO: 02:47:46.999 [main] [INFO ] q.l.p.CommandLineTaskRunner$CommandLineProgressMonitor - Completed (100%)
2024-10-23 02:48:41 INFO: 02:48:41.830 [main] [INFO ] q.l.p.CommandLineTaskRunner$CommandLineProgressMonitor - Completed (100%)
2024-10-23 02:48:41 INFO: 02:48:41.832 [main] [INFO ] q.l.p.CommandLineTaskRunner$CommandLineProgressMonitor - Processing complete in 68.45 seconds
2024-10-23 02:48:41 INFO: 02:48:41.832 [main] [INFO ] q.l.p.CommandLineTaskRunner$CommandLineProgressMonitor - Tasks completed!
2024-10-23 02:50:31 INFO: 02:50:31.393 [task-runner-6-1] [WARN ] q.o.features.DelaunayTriangulation - Some objects have missing measurements! Statistics will calculated only for objects with measurements available.
2024-10-23 02:50:31 INFO: 02:50:31.393 [task-runner-6-1] [WARN ] q.o.features.DelaunayTriangulation - Missing measurements: [ROI: 1.00 m per pixel: Residual: Haralick Correlation (F2), ROI: 1.00 m per pixel: Residual: Haralick Information measure of correlation 1 (F11), ROI: 1.00 m per pixel: Residual: Haralick Information measure of correlation 2 (F12)]
2024-10-23 02:50:31 INFO: 02:50:31.426 [main] [INFO ] q.l.p.CommandLineTaskRunner$CommandLineProgressMonitor - Delaunay triangulation calculated for Annotation (175034 objects) (100%)
2024-10-23 02:50:31 INFO: 02:50:31.427 [main] [INFO ] q.l.p.CommandLineTaskRunner$CommandLineProgressMonitor - Processing complete in 109.54 seconds
2024-10-23 02:50:31 INFO: 02:50:31.427 [main] [INFO ] q.l.p.CommandLineTaskRunner$CommandLineProgressMonitor - Tasks completed!
2024-10-23 02:52:30 INFO: TCGA-GI-A2C8-01Z-00-DX1.09BD8AC9-645A-4C8B-9B36-77D833BDBA09
2024-10-23 02:52:30 INFO: QuPath subprocess completed.
2024-10-23 02:52:39 INFO: QuPath image extraction completed successfully. Output directory: /home/ilants/Documents/jupyter_test/single_image_multiple_params/exp_minAreaMicrons_14.0
2024-10-23 02:52:39 INFO: Summary table saved to: /home/ilants/Documents/jupyter_test/single_image_multiple_params/exp_minAreaMicrons_14.0/Summary_Table.csv
2024-10-23 02:52:39 INFO: Experiment completed successfully.
