2024-10-22 22:49:01 INFO: Starting experiment with for threshold with value of 0.1
2024-10-22 22:49:01 INFO: Running with the following configuration:
{'detectionImageBrightfield': 'Hematoxylin OD', 'requestedPixelSizeMicrons': 0.5, 'backgroundRadiusMicrons': 4.0, 'backgroundByReconstruction': True, 'medianRadiusMicrons': 0.0, 'sigmaMicrons': 1.5, 'minAreaMicrons': 10.0, 'maxAreaMicrons': 80.0, 'threshold': 0.1, 'maxBackground': 2.0, 'watershedPostProcess': True, 'cellExpansionMicrons': 5.0, 'includeNuclei': True, 'smoothBoundaries': True, 'makeMeasurements': True, 'backgroundRadiusPixel': 8.0, 'cellExpansionPixel': 10.0, 'medianRadiusPixel': 0.0, 'minAreaPixel': 20.0, 'maxAreaPixel': 160.0}
2024-10-22 22:49:01 INFO: Starting QuPath image extraction with the following parameters: image_dir=/home/ilants/Documents/jupyter_test, output_dir=/home/ilants/Documents/jupyter_test/single_image_multiple_params/exp_threshold_0.1, image_type=svs, groovy_script=/home/ilants/Documents/utls/nucleus_detection_wargs.groovy, config_file=/home/ilants/Documents/jupyter_test/single_image_multiple_params/exp_threshold_0.1/cfg.json, program_path=/home/ilants/Documents/QuPath-v0.5.1-Linux/QuPath/bin/QuPath
2024-10-22 22:49:01 INFO: 22:49:01.867 [main] [INFO ] qupath.lib.gui.prefs.PathPrefs - Setting default Locale to en_US
2024-10-22 22:49:01 INFO: 22:49:01.870 [main] [INFO ] qupath.lib.gui.prefs.PathPrefs - Setting Locale for FORMAT to en_US
2024-10-22 22:49:01 INFO: 22:49:01.870 [main] [INFO ] qupath.lib.gui.prefs.PathPrefs - Setting Locale for DISPLAY to en_US
2024-10-22 22:49:01 INFO: 22:49:01.897 [main] [INFO ] qupath.lib.common.ThreadTools - Setting parallelism to 63
2024-10-22 22:49:01 INFO: 22:49:01.918 [main] [INFO ] qupath.ScriptCommand - Setting tile cache size to 32200.00 MB (25.0% max memory)
2024-10-22 22:49:01 INFO: 22:49:01.975 [main] [INFO ] qupath.lib.scripting.QP - Initializing type adapters
2024-10-22 22:49:02 INFO: Warning: Versions of org.bytedeco:javacpp:1.5.9 and org.bytedeco:opencv:4.6.0-1.5.8 do not match.
2024-10-22 22:49:02 INFO: Warning: Versions of org.bytedeco:javacpp:1.5.9 and org.bytedeco:openblas:0.3.21-1.5.8 do not match.
2024-10-22 22:49:03 INFO: project parameters are: {"detectionImageBrightfield": "Hematoxylin OD","requestedPixelSizeMicrons": 0.5,"backgroundRadiusMicrons": 4.0,"backgroundByReconstruction": true,"medianRadiusMicrons": 0.0,"sigmaMicrons": 1.5,"minAreaMicrons": 10.0,"maxAreaMicrons": 80.0,"threshold": 0.1,"maxBackground": 2.0,"watershedPostProcess": true,"cellExpansionMicrons": 5.0,"includeNuclei": true,"smoothBoundaries": true,"makeMeasurements": true,"backgroundRadiusPixel": 8.0,"cellExpansionPixel": 10.0,"medianRadiusPixel": 0.0,"minAreaPixel": 20.0,"maxAreaPixel": 160.0}
2024-10-22 22:49:03 INFO: New project created at: /home/ilants/Documents/jupyter_test/single_image_multiple_params/exp_threshold_0.1/QPProject
2024-10-22 22:49:03 INFO: Added: /home/ilants/Documents/jupyter_test/TCGA-GI-A2C8-01Z-00-DX1.09BD8AC9-645A-4C8B-9B36-77D833BDBA09.svs
2024-10-22 22:49:03 INFO: /home/ilants/Documents/jupyter_test/TCGA-GI-A2C8-01Z-00-DX1.09BD8AC9-645A-4C8B-9B36-77D833BDBA09.svs
2024-10-22 22:49:03 INFO: 22:49:03.964 [main] [INFO ] q.l.i.s.b.BioFormatsServerOptions - Setting max Bio-Formats readers to 32
2024-10-22 22:49:04 INFO: UriImageSupport (class qupath.lib.images.servers.bioformats.BioFormatsServerBuilder) support=3.0, builders=1
2024-10-22 22:49:04 INFO: true
2024-10-22 22:49:04 INFO: 22:49:04.642 [main] [WARN ] qupath.lib.scripting.QP - createSelectAllObject(boolean) is deprecated, use createFullImageAnnotation(boolean) instead
2024-10-22 22:49:04 INFO: 22:49:04.642 [main] [WARN ] qupath.lib.scripting.QP - createSelectAllObject(boolean, int, int) is deprecated, use createFullImageAnnotation(boolean, int, int) instead
2024-10-22 22:49:04 INFO: 22:49:04.653 [main] [WARN ] q.l.plugins.parameters.ParameterList - Unable to set parameter backgroundRadiusPixel with value 8.0
2024-10-22 22:49:04 INFO: 22:49:04.653 [main] [WARN ] q.l.plugins.parameters.ParameterList - Unable to set parameter cellExpansionPixel with value 10.0
2024-10-22 22:49:04 INFO: 22:49:04.653 [main] [WARN ] q.l.plugins.parameters.ParameterList - Unable to set parameter medianRadiusPixel with value 0.0
2024-10-22 22:49:04 INFO: 22:49:04.653 [main] [WARN ] q.l.plugins.parameters.ParameterList - Unable to set parameter minAreaPixel with value 20.0
2024-10-22 22:49:04 INFO: 22:49:04.653 [main] [WARN ] q.l.plugins.parameters.ParameterList - Unable to set parameter maxAreaPixel with value 160.0
2024-10-22 22:49:16 INFO: 22:49:16.331 [task-runner-1-3] [INFO ] q.lib.plugins.DetectionPluginTools - 0 nuclei detected (processing time: 11.56 seconds)
2024-10-22 22:49:16 INFO: 22:49:16.331 [task-runner-1-15] [INFO ] q.lib.plugins.DetectionPluginTools - 0 nuclei detected (processing time: 11.56 seconds)
2024-10-22 22:49:16 INFO: 22:49:16.331 [task-runner-1-16] [INFO ] q.lib.plugins.DetectionPluginTools - 0 nuclei detected (processing time: 11.56 seconds)
2024-10-22 22:49:16 INFO: 22:49:16.452 [main] [INFO ] q.l.p.CommandLineTaskRunner$CommandLineProgressMonitor - 0 nuclei detected (1%)
2024-10-22 22:49:16 INFO: 22:49:16.453 [main] [INFO ] q.l.p.CommandLineTaskRunner$CommandLineProgressMonitor - 0 nuclei detected (2%)
2024-10-22 22:49:16 INFO: 22:49:16.614 [task-runner-1-32] [INFO ] q.lib.plugins.DetectionPluginTools - 0 nuclei detected (processing time: 11.84 seconds)
2024-10-22 22:49:16 INFO: 22:49:16.615 [main] [INFO ] q.l.p.CommandLineTaskRunner$CommandLineProgressMonitor - 0 nuclei detected (3%)
2024-10-22 22:49:16 INFO: 22:49:16.635 [task-runner-1-1] [INFO ] q.lib.plugins.DetectionPluginTools - 0 nuclei detected (processing time: 11.86 seconds)
2024-10-22 22:49:16 INFO: 22:49:16.637 [task-runner-1-12] [INFO ] q.lib.plugins.DetectionPluginTools - 0 nuclei detected (processing time: 11.86 seconds)
2024-10-22 22:49:16 INFO: 22:49:16.637 [task-runner-1-4] [INFO ] q.lib.plugins.DetectionPluginTools - 0 nuclei detected (processing time: 11.87 seconds)
2024-10-22 22:49:16 INFO: 22:49:16.637 [task-runner-1-9] [INFO ] q.lib.plugins.DetectionPluginTools - 0 nuclei detected (processing time: 11.87 seconds)
2024-10-22 22:49:16 INFO: 22:49:16.637 [main] [INFO ] q.l.p.CommandLineTaskRunner$CommandLineProgressMonitor - 0 nuclei detected (4%)
2024-10-22 22:49:16 INFO: 22:49:16.638 [main] [INFO ] q.l.p.CommandLineTaskRunner$CommandLineProgressMonitor - 0 nuclei detected (5%)
2024-10-22 22:49:16 INFO: 22:49:16.638 [task-runner-1-48] [INFO ] q.lib.plugins.DetectionPluginTools - 0 nuclei detected (processing time: 11.86 seconds)
2024-10-22 22:49:16 INFO: 22:49:16.638 [main] [INFO ] q.l.p.CommandLineTaskRunner$CommandLineProgressMonitor - 0 nuclei detected (6%)
2024-10-22 22:49:19 INFO: 22:49:19.204 [task-runner-1-11] [INFO ] q.lib.plugins.DetectionPluginTools - 1 nucleus detected (processing time: 14.43 seconds)
2024-10-22 22:49:19 INFO: 22:49:19.205 [task-runner-1-7] [INFO ] q.lib.plugins.DetectionPluginTools - 1 nucleus detected (processing time: 14.43 seconds)
2024-10-22 22:49:19 INFO: 22:49:19.206 [main] [INFO ] q.l.p.CommandLineTaskRunner$CommandLineProgressMonitor - 1 nucleus detected (6%)
2024-10-22 22:49:19 INFO: 22:49:19.206 [main] [INFO ] q.l.p.CommandLineTaskRunner$CommandLineProgressMonitor - 1 nucleus detected (7%)
2024-10-22 22:49:19 INFO: 22:49:19.209 [task-runner-1-14] [INFO ] q.lib.plugins.DetectionPluginTools - 2 nuclei detected (processing time: 14.44 seconds)
2024-10-22 22:49:19 INFO: 22:49:19.209 [main] [INFO ] q.l.p.CommandLineTaskRunner$CommandLineProgressMonitor - 2 nuclei detected (8%)
2024-10-22 22:49:19 INFO: 22:49:19.212 [task-runner-1-2] [INFO ] q.lib.plugins.DetectionPluginTools - 2 nuclei detected (processing time: 14.44 seconds)
2024-10-22 22:49:19 INFO: 22:49:19.214 [task-runner-1-17] [INFO ] q.lib.plugins.DetectionPluginTools - 3 nuclei detected (processing time: 14.44 seconds)
2024-10-22 22:49:19 INFO: 22:49:19.214 [main] [INFO ] q.l.p.CommandLineTaskRunner$CommandLineProgressMonitor - 3 nuclei detected (9%)
2024-10-22 22:49:19 INFO: 22:49:19.233 [task-runner-1-29] [INFO ] q.lib.plugins.DetectionPluginTools - 5 nuclei detected (processing time: 14.46 seconds)
2024-10-22 22:49:19 INFO: 22:49:19.234 [main] [INFO ] q.l.p.CommandLineTaskRunner$CommandLineProgressMonitor - 5 nuclei detected (9%)
2024-10-22 22:49:19 INFO: 22:49:19.240 [task-runner-1-47] [INFO ] q.lib.plugins.DetectionPluginTools - 7 nuclei detected (processing time: 14.46 seconds)
2024-10-22 22:49:19 INFO: 22:49:19.241 [main] [INFO ] q.l.p.CommandLineTaskRunner$CommandLineProgressMonitor - 7 nuclei detected (10%)
2024-10-22 22:49:19 INFO: 22:49:19.258 [task-runner-1-13] [INFO ] q.lib.plugins.DetectionPluginTools - 8 nuclei detected (processing time: 14.49 seconds)
2024-10-22 22:49:19 INFO: 22:49:19.259 [main] [INFO ] q.l.p.CommandLineTaskRunner$CommandLineProgressMonitor - 8 nuclei detected (11%)
2024-10-22 22:49:19 INFO: 22:49:19.267 [task-runner-1-10] [INFO ] q.lib.plugins.DetectionPluginTools - 1 nucleus detected (processing time: 14.50 seconds)
2024-10-22 22:49:19 INFO: 22:49:19.272 [task-runner-1-30] [INFO ] q.lib.plugins.DetectionPluginTools - 1 nucleus detected (processing time: 14.50 seconds)
2024-10-22 22:49:19 INFO: 22:49:19.272 [main] [INFO ] q.l.p.CommandLineTaskRunner$CommandLineProgressMonitor - 1 nucleus detected (11%)
2024-10-22 22:49:19 INFO: 22:49:19.273 [task-runner-1-28] [INFO ] q.lib.plugins.DetectionPluginTools - 21 nuclei detected (processing time: 14.50 seconds)
2024-10-22 22:49:19 INFO: 22:49:19.273 [main] [INFO ] q.l.p.CommandLineTaskRunner$CommandLineProgressMonitor - 21 nuclei detected (12%)
2024-10-22 22:49:19 INFO: 22:49:19.276 [main] [INFO ] q.l.p.CommandLineTaskRunner$CommandLineProgressMonitor - 1 nucleus detected (13%)
2024-10-22 22:49:19 INFO: 22:49:19.281 [task-runner-1-6] [INFO ] q.lib.plugins.DetectionPluginTools - 6 nuclei detected (processing time: 14.51 seconds)
2024-10-22 22:49:19 INFO: 22:49:19.283 [main] [INFO ] q.l.p.CommandLineTaskRunner$CommandLineProgressMonitor - 6 nuclei detected (13%)
2024-10-22 22:49:19 INFO: 22:49:19.321 [task-runner-1-8] [INFO ] q.lib.plugins.DetectionPluginTools - 2 nuclei detected (processing time: 14.55 seconds)
2024-10-22 22:49:19 INFO: 22:49:19.342 [main] [INFO ] q.l.p.CommandLineTaskRunner$CommandLineProgressMonitor - 2 nuclei detected (14%)
2024-10-22 22:49:19 INFO: 22:49:19.353 [task-runner-1-31] [INFO ] q.lib.plugins.DetectionPluginTools - 13 nuclei detected (processing time: 14.58 seconds)
2024-10-22 22:49:19 INFO: 22:49:19.370 [main] [INFO ] q.l.p.CommandLineTaskRunner$CommandLineProgressMonitor - 13 nuclei detected (14%)
2024-10-22 22:49:19 INFO: 22:49:19.371 [task-runner-1-27] [INFO ] q.lib.plugins.DetectionPluginTools - 1 nucleus detected (processing time: 14.60 seconds)
2024-10-22 22:49:19 INFO: 22:49:19.376 [main] [INFO ] q.l.p.CommandLineTaskRunner$CommandLineProgressMonitor - 1 nucleus detected (15%)
2024-10-22 22:49:19 INFO: 22:49:19.382 [task-runner-1-26] [INFO ] q.lib.plugins.DetectionPluginTools - 50 nuclei detected (processing time: 14.61 seconds)
2024-10-22 22:49:19 INFO: 22:49:19.383 [main] [INFO ] q.l.p.CommandLineTaskRunner$CommandLineProgressMonitor - 50 nuclei detected (16%)
2024-10-22 22:49:19 INFO: 22:49:19.410 [task-runner-1-46] [INFO ] q.lib.plugins.DetectionPluginTools - 58 nuclei detected (processing time: 14.63 seconds)
2024-10-22 22:49:19 INFO: 22:49:19.411 [main] [INFO ] q.l.p.CommandLineTaskRunner$CommandLineProgressMonitor - 58 nuclei detected (16%)
2024-10-22 22:49:19 INFO: 22:49:19.416 [task-runner-1-5] [INFO ] q.lib.plugins.DetectionPluginTools - 61 nuclei detected (processing time: 14.65 seconds)
2024-10-22 22:49:19 INFO: 22:49:19.416 [main] [INFO ] q.l.p.CommandLineTaskRunner$CommandLineProgressMonitor - 61 nuclei detected (17%)
2024-10-22 22:49:19 INFO: 22:49:19.491 [task-runner-1-45] [INFO ] q.lib.plugins.DetectionPluginTools - 115 nuclei detected (processing time: 14.71 seconds)
2024-10-22 22:49:19 INFO: 22:49:19.494 [main] [INFO ] q.l.p.CommandLineTaskRunner$CommandLineProgressMonitor - 115 nuclei detected (18%)
2024-10-22 22:49:19 INFO: 22:49:19.541 [task-runner-1-49] [INFO ] q.lib.plugins.DetectionPluginTools - 131 nuclei detected (processing time: 14.76 seconds)
2024-10-22 22:49:19 INFO: 22:49:19.543 [main] [INFO ] q.l.p.CommandLineTaskRunner$CommandLineProgressMonitor - 131 nuclei detected (18%)
2024-10-22 22:49:19 INFO: 22:49:19.544 [task-runner-1-19] [INFO ] q.lib.plugins.DetectionPluginTools - 153 nuclei detected (processing time: 14.77 seconds)
2024-10-22 22:49:19 INFO: 22:49:19.544 [main] [INFO ] q.l.p.CommandLineTaskRunner$CommandLineProgressMonitor - 153 nuclei detected (19%)
2024-10-22 22:49:19 INFO: 22:49:19.545 [task-runner-1-63] [INFO ] q.lib.plugins.DetectionPluginTools - 150 nuclei detected (processing time: 14.76 seconds)
2024-10-22 22:49:19 INFO: 22:49:19.550 [main] [INFO ] q.l.p.CommandLineTaskRunner$CommandLineProgressMonitor - 150 nuclei detected (19%)
2024-10-22 22:49:19 INFO: 22:49:19.585 [task-runner-1-61] [INFO ] q.lib.plugins.DetectionPluginTools - 210 nuclei detected (processing time: 14.80 seconds)
2024-10-22 22:49:19 INFO: 22:49:19.586 [main] [INFO ] q.l.p.CommandLineTaskRunner$CommandLineProgressMonitor - 210 nuclei detected (20%)
2024-10-22 22:49:19 INFO: 22:49:19.588 [task-runner-1-62] [INFO ] q.lib.plugins.DetectionPluginTools - 219 nuclei detected (processing time: 14.81 seconds)
2024-10-22 22:49:19 INFO: 22:49:19.588 [main] [INFO ] q.l.p.CommandLineTaskRunner$CommandLineProgressMonitor - 219 nuclei detected (21%)
2024-10-22 22:49:19 INFO: 22:49:19.591 [task-runner-1-18] [INFO ] q.lib.plugins.DetectionPluginTools - 252 nuclei detected (processing time: 14.82 seconds)
2024-10-22 22:49:19 INFO: 22:49:19.591 [main] [INFO ] q.l.p.CommandLineTaskRunner$CommandLineProgressMonitor - 252 nuclei detected (21%)
2024-10-22 22:49:19 INFO: 22:49:19.604 [task-runner-1-33] [INFO ] q.lib.plugins.DetectionPluginTools - 237 nuclei detected (processing time: 14.83 seconds)
2024-10-22 22:49:19 INFO: 22:49:19.605 [main] [INFO ] q.l.p.CommandLineTaskRunner$CommandLineProgressMonitor - 237 nuclei detected (22%)
2024-10-22 22:49:19 INFO: 22:49:19.644 [task-runner-1-44] [INFO ] q.lib.plugins.DetectionPluginTools - 276 nuclei detected (processing time: 14.87 seconds)
2024-10-22 22:49:19 INFO: 22:49:19.645 [main] [INFO ] q.l.p.CommandLineTaskRunner$CommandLineProgressMonitor - 276 nuclei detected (23%)
2024-10-22 22:49:19 INFO: 22:49:19.764 [task-runner-1-50] [INFO ] q.lib.plugins.DetectionPluginTools - 331 nuclei detected (processing time: 14.99 seconds)
2024-10-22 22:49:19 INFO: 22:49:19.767 [main] [INFO ] q.l.p.CommandLineTaskRunner$CommandLineProgressMonitor - 331 nuclei detected (23%)
2024-10-22 22:49:19 INFO: 22:49:19.779 [task-runner-1-35] [INFO ] q.lib.plugins.DetectionPluginTools - 288 nuclei detected (processing time: 15.00 seconds)
2024-10-22 22:49:19 INFO: 22:49:19.781 [main] [INFO ] q.l.p.CommandLineTaskRunner$CommandLineProgressMonitor - 288 nuclei detected (24%)
2024-10-22 22:49:19 INFO: 22:49:19.837 [task-runner-1-34] [INFO ] q.lib.plugins.DetectionPluginTools - 407 nuclei detected (processing time: 15.06 seconds)
2024-10-22 22:49:19 INFO: 22:49:19.841 [main] [INFO ] q.l.p.CommandLineTaskRunner$CommandLineProgressMonitor - 407 nuclei detected (24%)
2024-10-22 22:49:19 INFO: 22:49:19.844 [task-runner-1-25] [INFO ] q.lib.plugins.DetectionPluginTools - 355 nuclei detected (processing time: 15.07 seconds)
2024-10-22 22:49:19 INFO: 22:49:19.845 [main] [INFO ] q.l.p.CommandLineTaskRunner$CommandLineProgressMonitor - 355 nuclei detected (25%)
2024-10-22 22:49:20 INFO: 22:49:20.098 [task-runner-1-20] [INFO ] q.lib.plugins.DetectionPluginTools - 688 nuclei detected (processing time: 15.32 seconds)
2024-10-22 22:49:20 INFO: 22:49:20.099 [main] [INFO ] q.l.p.CommandLineTaskRunner$CommandLineProgressMonitor - 688 nuclei detected (26%)
2024-10-22 22:49:20 INFO: 22:49:20.148 [task-runner-1-24] [INFO ] q.lib.plugins.DetectionPluginTools - 1021 nuclei detected (processing time: 15.37 seconds)
2024-10-22 22:49:20 INFO: 22:49:20.150 [main] [INFO ] q.l.p.CommandLineTaskRunner$CommandLineProgressMonitor - 1021 nuclei detected (26%)
2024-10-22 22:49:20 INFO: 22:49:20.170 [task-runner-1-43] [INFO ] q.lib.plugins.DetectionPluginTools - 1000 nuclei detected (processing time: 15.39 seconds)
2024-10-22 22:49:20 INFO: 22:49:20.171 [main] [INFO ] q.l.p.CommandLineTaskRunner$CommandLineProgressMonitor - 1000 nuclei detected (27%)
2024-10-22 22:49:20 INFO: 22:49:20.188 [task-runner-1-23] [INFO ] q.lib.plugins.DetectionPluginTools - 1019 nuclei detected (processing time: 15.41 seconds)
2024-10-22 22:49:20 INFO: 22:49:20.189 [main] [INFO ] q.l.p.CommandLineTaskRunner$CommandLineProgressMonitor - 1019 nuclei detected (28%)
2024-10-22 22:49:20 INFO: 22:49:20.212 [task-runner-1-51] [INFO ] q.lib.plugins.DetectionPluginTools - 890 nuclei detected (processing time: 15.43 seconds)
2024-10-22 22:49:20 INFO: 22:49:20.213 [main] [INFO ] q.l.p.CommandLineTaskRunner$CommandLineProgressMonitor - 890 nuclei detected (28%)
2024-10-22 22:49:20 INFO: 22:49:20.674 [task-runner-1-22] [INFO ] q.lib.plugins.DetectionPluginTools - 1415 nuclei detected (processing time: 15.90 seconds)
2024-10-22 22:49:20 INFO: 22:49:20.675 [main] [INFO ] q.l.p.CommandLineTaskRunner$CommandLineProgressMonitor - 1415 nuclei detected (29%)
2024-10-22 22:49:20 INFO: 22:49:20.995 [task-runner-1-60] [INFO ] q.lib.plugins.DetectionPluginTools - 1147 nuclei detected (processing time: 16.21 seconds)
2024-10-22 22:49:20 INFO: 22:49:20.995 [main] [INFO ] q.l.p.CommandLineTaskRunner$CommandLineProgressMonitor - 1147 nuclei detected (29%)
2024-10-22 22:49:22 INFO: 22:49:22.152 [task-runner-1-16] [INFO ] q.lib.plugins.DetectionPluginTools - 1 nucleus detected (processing time: 5.70 seconds)
2024-10-22 22:49:22 INFO: 22:49:22.159 [main] [INFO ] q.l.p.CommandLineTaskRunner$CommandLineProgressMonitor - 1 nucleus detected (30%)
2024-10-22 22:49:23 INFO: 22:49:23.590 [task-runner-1-3] [INFO ] q.lib.plugins.DetectionPluginTools - 117 nuclei detected (processing time: 7.14 seconds)
2024-10-22 22:49:23 INFO: 22:49:23.593 [main] [INFO ] q.l.p.CommandLineTaskRunner$CommandLineProgressMonitor - 117 nuclei detected (31%)
2024-10-22 22:49:23 INFO: 22:49:23.698 [task-runner-1-36] [INFO ] q.lib.plugins.DetectionPluginTools - 2090 nuclei detected (processing time: 18.92 seconds)
2024-10-22 22:49:23 INFO: 22:49:23.699 [main] [INFO ] q.l.p.CommandLineTaskRunner$CommandLineProgressMonitor - 2090 nuclei detected (31%)
2024-10-22 22:49:23 INFO: 22:49:23.955 [task-runner-1-15] [INFO ] q.lib.plugins.DetectionPluginTools - 385 nuclei detected (processing time: 7.50 seconds)
2024-10-22 22:49:23 INFO: 22:49:23.956 [main] [INFO ] q.l.p.CommandLineTaskRunner$CommandLineProgressMonitor - 385 nuclei detected (32%)
2024-10-22 22:49:24 INFO: 22:49:24.506 [task-runner-1-21] [INFO ] q.lib.plugins.DetectionPluginTools - 3809 nuclei detected (processing time: 19.73 seconds)
2024-10-22 22:49:24 INFO: 22:49:24.508 [main] [INFO ] q.l.p.CommandLineTaskRunner$CommandLineProgressMonitor - 3809 nuclei detected (33%)
2024-10-22 22:49:24 INFO: 22:49:24.525 [task-runner-1-40] [INFO ] q.lib.plugins.DetectionPluginTools - 2163 nuclei detected (processing time: 19.75 seconds)
2024-10-22 22:49:24 INFO: 22:49:24.526 [main] [INFO ] q.l.p.CommandLineTaskRunner$CommandLineProgressMonitor - 2163 nuclei detected (33%)
2024-10-22 22:49:24 INFO: 22:49:24.871 [task-runner-1-32] [INFO ] q.lib.plugins.DetectionPluginTools - 495 nuclei detected (processing time: 8.26 seconds)
2024-10-22 22:49:24 INFO: 22:49:24.872 [main] [INFO ] q.l.p.CommandLineTaskRunner$CommandLineProgressMonitor - 495 nuclei detected (34%)
2024-10-22 22:49:25 INFO: 22:49:25.019 [task-runner-1-59] [INFO ] q.lib.plugins.DetectionPluginTools - 2800 nuclei detected (processing time: 20.24 seconds)
2024-10-22 22:49:25 INFO: 22:49:25.020 [main] [INFO ] q.l.p.CommandLineTaskRunner$CommandLineProgressMonitor - 2800 nuclei detected (34%)
2024-10-22 22:49:25 INFO: 22:49:25.261 [task-runner-1-13] [INFO ] q.lib.plugins.DetectionPluginTools - 0 nuclei detected (processing time: 6.00 seconds)
2024-10-22 22:49:25 INFO: 22:49:25.263 [main] [INFO ] q.l.p.CommandLineTaskRunner$CommandLineProgressMonitor - 0 nuclei detected (35%)
2024-10-22 22:49:25 INFO: 22:49:25.640 [task-runner-1-52] [INFO ] q.lib.plugins.DetectionPluginTools - 2602 nuclei detected (processing time: 20.86 seconds)
2024-10-22 22:49:25 INFO: 22:49:25.640 [main] [INFO ] q.l.p.CommandLineTaskRunner$CommandLineProgressMonitor - 2602 nuclei detected (36%)
2024-10-22 22:49:26 INFO: 22:49:26.688 [task-runner-1-28] [INFO ] q.lib.plugins.DetectionPluginTools - 140 nuclei detected (processing time: 7.42 seconds)
2024-10-22 22:49:26 INFO: 22:49:26.690 [main] [INFO ] q.l.p.CommandLineTaskRunner$CommandLineProgressMonitor - 140 nuclei detected (36%)
2024-10-22 22:49:26 INFO: 22:49:26.777 [task-runner-1-10] [INFO ] q.lib.plugins.DetectionPluginTools - 117 nuclei detected (processing time: 7.51 seconds)
2024-10-22 22:49:26 INFO: 22:49:26.783 [task-runner-1-42] [INFO ] q.lib.plugins.DetectionPluginTools - 2702 nuclei detected (processing time: 22.01 seconds)
2024-10-22 22:49:26 INFO: 22:49:26.788 [main] [INFO ] q.l.p.CommandLineTaskRunner$CommandLineProgressMonitor - 2702 nuclei detected (37%)
2024-10-22 22:49:26 INFO: 22:49:26.807 [main] [INFO ] q.l.p.CommandLineTaskRunner$CommandLineProgressMonitor - 117 nuclei detected (38%)
2024-10-22 22:49:26 INFO: 22:49:26.918 [task-runner-1-62] [INFO ] q.lib.plugins.DetectionPluginTools - 3 nuclei detected (processing time: 7.33 seconds)
2024-10-22 22:49:26 INFO: 22:49:26.954 [main] [INFO ] q.l.p.CommandLineTaskRunner$CommandLineProgressMonitor - 3 nuclei detected (38%)
2024-10-22 22:49:27 INFO: 22:49:27.126 [task-runner-1-41] [INFO ] q.lib.plugins.DetectionPluginTools - 2538 nuclei detected (processing time: 22.35 seconds)
2024-10-22 22:49:27 INFO: 22:49:27.128 [main] [INFO ] q.l.p.CommandLineTaskRunner$CommandLineProgressMonitor - 2538 nuclei detected (39%)
2024-10-22 22:49:27 INFO: 22:49:27.132 [task-runner-1-39] [INFO ] q.lib.plugins.DetectionPluginTools - 2983 nuclei detected (processing time: 22.36 seconds)
2024-10-22 22:49:27 INFO: 22:49:27.133 [main] [INFO ] q.l.p.CommandLineTaskRunner$CommandLineProgressMonitor - 2983 nuclei detected (39%)
2024-10-22 22:49:27 INFO: 22:49:27.253 [task-runner-1-47] [INFO ] q.lib.plugins.DetectionPluginTools - 217 nuclei detected (processing time: 8.01 seconds)
2024-10-22 22:49:27 INFO: 22:49:27.254 [main] [INFO ] q.l.p.CommandLineTaskRunner$CommandLineProgressMonitor - 217 nuclei detected (40%)
2024-10-22 22:49:27 INFO: 22:49:27.306 [task-runner-1-61] [INFO ] q.lib.plugins.DetectionPluginTools - 110 nuclei detected (processing time: 7.72 seconds)
2024-10-22 22:49:27 INFO: 22:49:27.309 [main] [INFO ] q.l.p.CommandLineTaskRunner$CommandLineProgressMonitor - 110 nuclei detected (41%)
2024-10-22 22:49:27 INFO: 22:49:27.422 [task-runner-1-44] [INFO ] q.lib.plugins.DetectionPluginTools - 246 nuclei detected (processing time: 7.78 seconds)
2024-10-22 22:49:27 INFO: 22:49:27.424 [main] [INFO ] q.l.p.CommandLineTaskRunner$CommandLineProgressMonitor - 246 nuclei detected (41%)
2024-10-22 22:49:27 INFO: 22:49:27.572 [task-runner-1-38] [INFO ] q.lib.plugins.DetectionPluginTools - 3909 nuclei detected (processing time: 22.80 seconds)
2024-10-22 22:49:27 INFO: 22:49:27.573 [main] [INFO ] q.l.p.CommandLineTaskRunner$CommandLineProgressMonitor - 3909 nuclei detected (42%)
2024-10-22 22:49:27 INFO: 22:49:27.708 [task-runner-1-33] [INFO ] q.lib.plugins.DetectionPluginTools - 150 nuclei detected (processing time: 8.10 seconds)
2024-10-22 22:49:27 INFO: 22:49:27.709 [main] [INFO ] q.l.p.CommandLineTaskRunner$CommandLineProgressMonitor - 150 nuclei detected (43%)
2024-10-22 22:49:27 INFO: 22:49:27.766 [task-runner-1-55] [INFO ] q.lib.plugins.DetectionPluginTools - 3329 nuclei detected (processing time: 22.99 seconds)
2024-10-22 22:49:27 INFO: 22:49:27.769 [main] [INFO ] q.l.p.CommandLineTaskRunner$CommandLineProgressMonitor - 3329 nuclei detected (43%)
2024-10-22 22:49:28 INFO: 22:49:28.165 [task-runner-1-58] [INFO ] q.lib.plugins.DetectionPluginTools - 2731 nuclei detected (processing time: 23.39 seconds)
2024-10-22 22:49:28 INFO: 22:49:28.166 [main] [INFO ] q.l.p.CommandLineTaskRunner$CommandLineProgressMonitor - 2731 nuclei detected (44%)
2024-10-22 22:49:28 INFO: 22:49:28.167 [task-runner-1-18] [INFO ] q.lib.plugins.DetectionPluginTools - 152 nuclei detected (processing time: 8.58 seconds)
2024-10-22 22:49:28 INFO: 22:49:28.167 [main] [INFO ] q.l.p.CommandLineTaskRunner$CommandLineProgressMonitor - 152 nuclei detected (44%)
2024-10-22 22:49:28 INFO: 22:49:28.648 [task-runner-1-57] [INFO ] q.lib.plugins.DetectionPluginTools - 3348 nuclei detected (processing time: 23.87 seconds)
2024-10-22 22:49:28 INFO: 22:49:28.650 [main] [INFO ] q.l.p.CommandLineTaskRunner$CommandLineProgressMonitor - 3348 nuclei detected (45%)
2024-10-22 22:49:28 INFO: 22:49:28.886 [task-runner-1-16] [INFO ] q.lib.plugins.DetectionPluginTools - 45 nuclei detected (processing time: 6.73 seconds)
2024-10-22 22:49:28 INFO: 22:49:28.888 [main] [INFO ] q.l.p.CommandLineTaskRunner$CommandLineProgressMonitor - 45 nuclei detected (46%)
2024-10-22 22:49:28 INFO: 22:49:28.938 [task-runner-1-30] [INFO ] q.lib.plugins.DetectionPluginTools - 869 nuclei detected (processing time: 9.66 seconds)
2024-10-22 22:49:28 INFO: 22:49:28.940 [main] [INFO ] q.l.p.CommandLineTaskRunner$CommandLineProgressMonitor - 869 nuclei detected (46%)
2024-10-22 22:49:29 INFO: 22:49:29.332 [task-runner-1-37] [INFO ] q.lib.plugins.DetectionPluginTools - 4544 nuclei detected (processing time: 24.56 seconds)
2024-10-22 22:49:29 INFO: 22:49:29.333 [main] [INFO ] q.l.p.CommandLineTaskRunner$CommandLineProgressMonitor - 4544 nuclei detected (47%)
2024-10-22 22:49:29 INFO: 22:49:29.797 [task-runner-1-54] [INFO ] q.lib.plugins.DetectionPluginTools - 4689 nuclei detected (processing time: 25.02 seconds)
2024-10-22 22:49:29 INFO: 22:49:29.799 [main] [INFO ] q.l.p.CommandLineTaskRunner$CommandLineProgressMonitor - 4689 nuclei detected (48%)
2024-10-22 22:49:29 INFO: 22:49:29.806 [task-runner-1-56] [INFO ] q.lib.plugins.DetectionPluginTools - 4090 nuclei detected (processing time: 25.03 seconds)
2024-10-22 22:49:29 INFO: 22:49:29.808 [main] [INFO ] q.l.p.CommandLineTaskRunner$CommandLineProgressMonitor - 4090 nuclei detected (48%)
2024-10-22 22:49:30 INFO: 22:49:30.244 [task-runner-1-29] [INFO ] q.lib.plugins.DetectionPluginTools - 747 nuclei detected (processing time: 11.01 seconds)
2024-10-22 22:49:30 INFO: 22:49:30.246 [main] [INFO ] q.l.p.CommandLineTaskRunner$CommandLineProgressMonitor - 747 nuclei detected (49%)
2024-10-22 22:49:30 INFO: 22:49:30.553 [task-runner-1-3] [INFO ] q.lib.plugins.DetectionPluginTools - 1 nucleus detected (processing time: 6.96 seconds)
2024-10-22 22:49:30 INFO: 22:49:30.556 [main] [INFO ] q.l.p.CommandLineTaskRunner$CommandLineProgressMonitor - 1 nucleus detected (49%)
2024-10-22 22:49:30 INFO: 22:49:30.928 [task-runner-1-53] [INFO ] q.lib.plugins.DetectionPluginTools - 6137 nuclei detected (processing time: 26.15 seconds)
2024-10-22 22:49:30 INFO: 22:49:30.930 [main] [INFO ] q.l.p.CommandLineTaskRunner$CommandLineProgressMonitor - 6137 nuclei detected (50%)
2024-10-22 22:49:31 INFO: 22:49:31.326 [task-runner-1-36] [INFO ] q.lib.plugins.DetectionPluginTools - 343 nuclei detected (processing time: 7.63 seconds)
2024-10-22 22:49:31 INFO: 22:49:31.327 [main] [INFO ] q.l.p.CommandLineTaskRunner$CommandLineProgressMonitor - 343 nuclei detected (51%)
2024-10-22 22:49:32 INFO: 22:49:31.845 [task-runner-1-63] [INFO ] q.lib.plugins.DetectionPluginTools - 795 nuclei detected (processing time: 12.30 seconds)
2024-10-22 22:49:32 INFO: 22:49:32.082 [main] [INFO ] q.l.p.CommandLineTaskRunner$CommandLineProgressMonitor - 795 nuclei detected (51%)
2024-10-22 22:49:32 INFO: 22:49:32.501 [task-runner-1-15] [INFO ] q.lib.plugins.DetectionPluginTools - 261 nuclei detected (processing time: 8.55 seconds)
2024-10-22 22:49:32 INFO: 22:49:32.503 [main] [INFO ] q.l.p.CommandLineTaskRunner$CommandLineProgressMonitor - 261 nuclei detected (52%)
2024-10-22 22:49:32 INFO: 22:49:32.838 [task-runner-1-61] [INFO ] q.lib.plugins.DetectionPluginTools - 0 nuclei detected (processing time: 5.53 seconds)
2024-10-22 22:49:32 INFO: 22:49:32.842 [main] [INFO ] q.l.p.CommandLineTaskRunner$CommandLineProgressMonitor - 0 nuclei detected (53%)
2024-10-22 22:49:33 INFO: 22:49:33.436 [task-runner-1-17] [INFO ] q.lib.plugins.DetectionPluginTools - 1457 nuclei detected (processing time: 14.22 seconds)
2024-10-22 22:49:33 INFO: 22:49:33.438 [main] [INFO ] q.l.p.CommandLineTaskRunner$CommandLineProgressMonitor - 1457 nuclei detected (53%)
2024-10-22 22:49:33 INFO: 22:49:33.928 [task-runner-1-4] [INFO ] q.lib.plugins.DetectionPluginTools - 2775 nuclei detected (processing time: 17.29 seconds)
2024-10-22 22:49:33 INFO: 22:49:33.931 [main] [INFO ] q.l.p.CommandLineTaskRunner$CommandLineProgressMonitor - 2775 nuclei detected (54%)
2024-10-22 22:49:33 INFO: 22:49:33.943 [task-runner-1-47] [INFO ] q.lib.plugins.DetectionPluginTools - 0 nuclei detected (processing time: 6.69 seconds)
2024-10-22 22:49:33 INFO: 22:49:33.944 [main] [INFO ] q.l.p.CommandLineTaskRunner$CommandLineProgressMonitor - 0 nuclei detected (54%)
2024-10-22 22:49:34 INFO: 22:49:34.345 [task-runner-1-58] [INFO ] q.lib.plugins.DetectionPluginTools - 12 nuclei detected (processing time: 6.18 seconds)
2024-10-22 22:49:34 INFO: 22:49:34.346 [main] [INFO ] q.l.p.CommandLineTaskRunner$CommandLineProgressMonitor - 12 nuclei detected (55%)
2024-10-22 22:49:34 INFO: 22:49:34.425 [task-runner-1-16] [INFO ] q.lib.plugins.DetectionPluginTools - 0 nuclei detected (processing time: 5.54 seconds)
2024-10-22 22:49:34 INFO: 22:49:34.428 [main] [INFO ] q.l.p.CommandLineTaskRunner$CommandLineProgressMonitor - 0 nuclei detected (56%)
2024-10-22 22:49:34 INFO: 22:49:34.512 [task-runner-1-57] [INFO ] q.lib.plugins.DetectionPluginTools - 0 nuclei detected (processing time: 5.86 seconds)
2024-10-22 22:49:34 INFO: 22:49:34.663 [task-runner-1-44] [INFO ] q.lib.plugins.DetectionPluginTools - 112 nuclei detected (processing time: 7.24 seconds)
2024-10-22 22:49:34 INFO: 22:49:34.666 [main] [INFO ] q.l.p.CommandLineTaskRunner$CommandLineProgressMonitor - 112 nuclei detected (57%)
2024-10-22 22:49:34 INFO: 22:49:34.787 [task-runner-1-55] [INFO ] q.lib.plugins.DetectionPluginTools - 3 nuclei detected (processing time: 7.02 seconds)
2024-10-22 22:49:34 INFO: 22:49:34.788 [main] [INFO ] q.l.p.CommandLineTaskRunner$CommandLineProgressMonitor - 3 nuclei detected (57%)
2024-10-22 22:49:34 INFO: 22:49:34.809 [task-runner-1-38] [INFO ] q.lib.plugins.DetectionPluginTools - 81 nuclei detected (processing time: 7.24 seconds)
2024-10-22 22:49:34 INFO: 22:49:34.814 [main] [INFO ] q.l.p.CommandLineTaskRunner$CommandLineProgressMonitor - 81 nuclei detected (58%)
2024-10-22 22:49:34 INFO: 22:49:34.876 [task-runner-1-18] [INFO ] q.lib.plugins.DetectionPluginTools - 0 nuclei detected (processing time: 6.71 seconds)
2024-10-22 22:49:34 INFO: 22:49:34.880 [main] [INFO ] q.l.p.CommandLineTaskRunner$CommandLineProgressMonitor - 0 nuclei detected (59%)
2024-10-22 22:49:35 INFO: 22:49:35.102 [task-runner-1-33] [INFO ] q.lib.plugins.DetectionPluginTools - 111 nuclei detected (processing time: 7.39 seconds)
2024-10-22 22:49:35 INFO: 22:49:35.104 [main] [INFO ] q.l.p.CommandLineTaskRunner$CommandLineProgressMonitor - 111 nuclei detected (59%)
2024-10-22 22:49:35 INFO: 22:49:35.112 [task-runner-1-21] [INFO ] q.lib.plugins.DetectionPluginTools - 310 nuclei detected (processing time: 10.60 seconds)
2024-10-22 22:49:35 INFO: 22:49:35.116 [main] [INFO ] q.l.p.CommandLineTaskRunner$CommandLineProgressMonitor - 310 nuclei detected (60%)
2024-10-22 22:49:35 INFO: 22:49:35.361 [task-runner-1-39] [INFO ] q.lib.plugins.DetectionPluginTools - 1125 nuclei detected (processing time: 8.23 seconds)
2024-10-22 22:49:35 INFO: 22:49:35.365 [main] [INFO ] q.l.p.CommandLineTaskRunner$CommandLineProgressMonitor - 1125 nuclei detected (61%)
2024-10-22 22:49:35 INFO: 22:49:35.785 [task-runner-1-30] [INFO ] q.lib.plugins.DetectionPluginTools - 23 nuclei detected (processing time: 6.85 seconds)
2024-10-22 22:49:35 INFO: 22:49:35.787 [main] [INFO ] q.l.p.CommandLineTaskRunner$CommandLineProgressMonitor - 23 nuclei detected (61%)
2024-10-22 22:49:35 INFO: 22:49:35.932 [task-runner-1-60] [INFO ] q.lib.plugins.DetectionPluginTools - 2324 nuclei detected (processing time: 14.94 seconds)
2024-10-22 22:49:35 INFO: 22:49:35.934 [main] [INFO ] q.l.p.CommandLineTaskRunner$CommandLineProgressMonitor - 2324 nuclei detected (62%)
2024-10-22 22:49:36 INFO: 22:49:36.545 [task-runner-1-37] [INFO ] q.lib.plugins.DetectionPluginTools - 362 nuclei detected (processing time: 7.21 seconds)
2024-10-22 22:49:36 INFO: 22:49:36.546 [main] [INFO ] q.l.p.CommandLineTaskRunner$CommandLineProgressMonitor - 362 nuclei detected (63%)
2024-10-22 22:49:36 INFO: 22:49:36.590 [task-runner-1-3] [INFO ] q.lib.plugins.DetectionPluginTools - 0 nuclei detected (processing time: 6.04 seconds)
2024-10-22 22:49:36 INFO: 22:49:36.591 [main] [INFO ] q.l.p.CommandLineTaskRunner$CommandLineProgressMonitor - 0 nuclei detected (63%)
2024-10-22 22:49:37 INFO: 22:49:37.044 [task-runner-1-36] [INFO ] q.lib.plugins.DetectionPluginTools - 0 nuclei detected (processing time: 5.72 seconds)
2024-10-22 22:49:37 INFO: 22:49:37.044 [main] [INFO ] q.l.p.CommandLineTaskRunner$CommandLineProgressMonitor - 0 nuclei detected (64%)
2024-10-22 22:49:37 INFO: 22:49:37.108 [task-runner-1-53] [INFO ] q.lib.plugins.DetectionPluginTools - 0 nuclei detected (processing time: 6.18 seconds)
2024-10-22 22:49:38 INFO: 22:49:38.083 [task-runner-1-12] [INFO ] q.lib.plugins.DetectionPluginTools - 4132 nuclei detected (processing time: 21.45 seconds)
2024-10-22 22:49:38 INFO: 22:49:38.083 [main] [INFO ] q.l.p.CommandLineTaskRunner$CommandLineProgressMonitor - 4132 nuclei detected (65%)
2024-10-22 22:49:38 INFO: 22:49:38.109 [task-runner-1-13] [INFO ] q.lib.plugins.DetectionPluginTools - 1384 nuclei detected (processing time: 12.85 seconds)
2024-10-22 22:49:38 INFO: 22:49:38.110 [main] [INFO ] q.l.p.CommandLineTaskRunner$CommandLineProgressMonitor - 1384 nuclei detected (66%)
2024-10-22 22:49:38 INFO: 22:49:38.214 [task-runner-1-15] [INFO ] q.lib.plugins.DetectionPluginTools - 1 nucleus detected (processing time: 5.71 seconds)
2024-10-22 22:49:38 INFO: 22:49:38.218 [main] [INFO ] q.l.p.CommandLineTaskRunner$CommandLineProgressMonitor - 1 nucleus detected (66%)
2024-10-22 22:49:38 INFO: 22:49:38.602 [task-runner-1-63] [INFO ] q.lib.plugins.DetectionPluginTools - 8 nuclei detected (processing time: 6.53 seconds)
2024-10-22 22:49:38 INFO: 22:49:38.603 [main] [INFO ] q.l.p.CommandLineTaskRunner$CommandLineProgressMonitor - 8 nuclei detected (67%)
2024-10-22 22:49:38 INFO: 22:49:38.777 [task-runner-1-48] [INFO ] q.lib.plugins.DetectionPluginTools - 4331 nuclei detected (processing time: 22.14 seconds)
2024-10-22 22:49:38 INFO: 22:49:38.777 [main] [INFO ] q.l.p.CommandLineTaskRunner$CommandLineProgressMonitor - 4331 nuclei detected (68%)
2024-10-22 22:49:38 INFO: 22:49:38.818 [task-runner-1-17] [INFO ] q.lib.plugins.DetectionPluginTools - 1 nucleus detected (processing time: 5.38 seconds)
2024-10-22 22:49:38 INFO: 22:49:38.819 [main] [INFO ] q.l.p.CommandLineTaskRunner$CommandLineProgressMonitor - 1 nucleus detected (68%)
2024-10-22 22:49:38 INFO: 22:49:38.939 [task-runner-1-6] [INFO ] q.lib.plugins.DetectionPluginTools - 3191 nuclei detected (processing time: 19.66 seconds)
2024-10-22 22:49:38 INFO: 22:49:38.940 [main] [INFO ] q.l.p.CommandLineTaskRunner$CommandLineProgressMonitor - 3191 nuclei detected (69%)
2024-10-22 22:49:39 INFO: 22:49:39.321 [task-runner-1-16] [INFO ] q.lib.plugins.DetectionPluginTools - 1 nucleus detected (processing time: 4.89 seconds)
2024-10-22 22:49:39 INFO: 22:49:39.322 [main] [INFO ] q.l.p.CommandLineTaskRunner$CommandLineProgressMonitor - 1 nucleus detected (69%)
2024-10-22 22:49:39 INFO: 22:49:39.348 [task-runner-1-61] [INFO ] q.lib.plugins.DetectionPluginTools - 0 nuclei detected (processing time: 6.51 seconds)
2024-10-22 22:49:39 INFO: 22:49:39.348 [main] [INFO ] q.l.p.CommandLineTaskRunner$CommandLineProgressMonitor - 0 nuclei detected (70%)
2024-10-22 22:49:39 INFO: 22:49:39.352 [task-runner-1-58] [INFO ] q.lib.plugins.DetectionPluginTools - 1 nucleus detected (processing time: 5.01 seconds)
2024-10-22 22:49:39 INFO: 22:49:39.352 [main] [INFO ] q.l.p.CommandLineTaskRunner$CommandLineProgressMonitor - 1 nucleus detected (71%)
2024-10-22 22:49:39 INFO: 22:49:39.368 [task-runner-1-45] [INFO ] q.lib.plugins.DetectionPluginTools - 3133 nuclei detected (processing time: 19.87 seconds)
2024-10-22 22:49:39 INFO: 22:49:39.368 [main] [INFO ] q.l.p.CommandLineTaskRunner$CommandLineProgressMonitor - 3133 nuclei detected (71%)
2024-10-22 22:49:39 INFO: 22:49:39.379 [task-runner-1-1] [INFO ] q.lib.plugins.DetectionPluginTools - 5496 nuclei detected (processing time: 22.74 seconds)
2024-10-22 22:49:39 INFO: 22:49:39.379 [main] [INFO ] q.l.p.CommandLineTaskRunner$CommandLineProgressMonitor - 5496 nuclei detected (72%)
2024-10-22 22:49:39 INFO: 22:49:39.428 [task-runner-1-19] [INFO ] q.lib.plugins.DetectionPluginTools - 2551 nuclei detected (processing time: 19.88 seconds)
2024-10-22 22:49:39 INFO: 22:49:39.429 [main] [INFO ] q.l.p.CommandLineTaskRunner$CommandLineProgressMonitor - 2551 nuclei detected (73%)
2024-10-22 22:49:39 INFO: 22:49:39.496 [task-runner-1-2] [INFO ] q.lib.plugins.DetectionPluginTools - 3365 nuclei detected (processing time: 20.28 seconds)
2024-10-22 22:49:39 INFO: 22:49:39.497 [main] [INFO ] q.l.p.CommandLineTaskRunner$CommandLineProgressMonitor - 3365 nuclei detected (73%)
2024-10-22 22:49:39 INFO: 22:49:39.590 [task-runner-1-47] [INFO ] q.lib.plugins.DetectionPluginTools - 0 nuclei detected (processing time: 5.65 seconds)
2024-10-22 22:49:39 INFO: 22:49:39.590 [main] [INFO ] q.l.p.CommandLineTaskRunner$CommandLineProgressMonitor - 0 nuclei detected (74%)
2024-10-22 22:49:39 INFO: 22:49:39.667 [task-runner-1-32] [INFO ] q.lib.plugins.DetectionPluginTools - 2121 nuclei detected (processing time: 14.80 seconds)
2024-10-22 22:49:39 INFO: 22:49:39.667 [main] [INFO ] q.l.p.CommandLineTaskRunner$CommandLineProgressMonitor - 2121 nuclei detected (74%)
2024-10-22 22:49:39 INFO: 22:49:39.725 [task-runner-1-59] [INFO ] q.lib.plugins.DetectionPluginTools - 1370 nuclei detected (processing time: 14.71 seconds)
2024-10-22 22:49:39 INFO: 22:49:39.726 [main] [INFO ] q.l.p.CommandLineTaskRunner$CommandLineProgressMonitor - 1370 nuclei detected (75%)
2024-10-22 22:49:39 INFO: 22:49:39.813 [task-runner-1-40] [INFO ] q.lib.plugins.DetectionPluginTools - 1186 nuclei detected (processing time: 15.29 seconds)
2024-10-22 22:49:39 INFO: 22:49:39.813 [main] [INFO ] q.l.p.CommandLineTaskRunner$CommandLineProgressMonitor - 1186 nuclei detected (76%)
2024-10-22 22:49:39 INFO: 22:49:39.863 [task-runner-1-39] [INFO ] q.lib.plugins.DetectionPluginTools - 0 nuclei detected (processing time: 4.50 seconds)
2024-10-22 22:49:39 INFO: 22:49:39.864 [main] [INFO ] q.l.p.CommandLineTaskRunner$CommandLineProgressMonitor - 0 nuclei detected (76%)
2024-10-22 22:49:39 INFO: 22:49:39.868 [task-runner-1-54] [INFO ] q.lib.plugins.DetectionPluginTools - 1571 nuclei detected (processing time: 10.07 seconds)
2024-10-22 22:49:39 INFO: 22:49:39.868 [main] [INFO ] q.l.p.CommandLineTaskRunner$CommandLineProgressMonitor - 1571 nuclei detected (77%)
2024-10-22 22:49:39 INFO: 22:49:39.930 [task-runner-1-9] [INFO ] q.lib.plugins.DetectionPluginTools - 6734 nuclei detected (processing time: 23.29 seconds)
2024-10-22 22:49:39 INFO: 22:49:39.931 [main] [INFO ] q.l.p.CommandLineTaskRunner$CommandLineProgressMonitor - 6734 nuclei detected (78%)
2024-10-22 22:49:39 INFO: 22:49:39.958 [task-runner-1-4] [INFO ] q.lib.plugins.DetectionPluginTools - 1 nucleus detected (processing time: 6.03 seconds)
2024-10-22 22:49:39 INFO: 22:49:39.959 [main] [INFO ] q.l.p.CommandLineTaskRunner$CommandLineProgressMonitor - 1 nucleus detected (78%)
2024-10-22 22:49:40 INFO: 22:49:40.085 [task-runner-1-55] [INFO ] q.lib.plugins.DetectionPluginTools - 0 nuclei detected (processing time: 5.30 seconds)
2024-10-22 22:49:40 INFO: 22:49:40.085 [main] [INFO ] q.l.p.CommandLineTaskRunner$CommandLineProgressMonitor - 0 nuclei detected (79%)
2024-10-22 22:49:40 INFO: 22:49:40.161 [task-runner-1-38] [INFO ] q.lib.plugins.DetectionPluginTools - 0 nuclei detected (processing time: 5.35 seconds)
2024-10-22 22:49:40 INFO: 22:49:40.213 [task-runner-1-50] [INFO ] q.lib.plugins.DetectionPluginTools - 2708 nuclei detected (processing time: 20.45 seconds)
2024-10-22 22:49:40 INFO: 22:49:40.214 [main] [INFO ] q.l.p.CommandLineTaskRunner$CommandLineProgressMonitor - 2708 nuclei detected (80%)
2024-10-22 22:49:40 INFO: 22:49:40.237 [task-runner-1-14] [INFO ] q.lib.plugins.DetectionPluginTools - 3482 nuclei detected (processing time: 21.03 seconds)
2024-10-22 22:49:40 INFO: 22:49:40.237 [main] [INFO ] q.l.p.CommandLineTaskRunner$CommandLineProgressMonitor - 3482 nuclei detected (81%)
2024-10-22 22:49:40 INFO: 22:49:40.537 [task-runner-1-24] [INFO ] q.lib.plugins.DetectionPluginTools - 3697 nuclei detected (processing time: 20.39 seconds)
2024-10-22 22:49:40 INFO: 22:49:40.538 [main] [INFO ] q.l.p.CommandLineTaskRunner$CommandLineProgressMonitor - 3697 nuclei detected (81%)
2024-10-22 22:49:40 INFO: 22:49:40.578 [task-runner-1-44] [INFO ] q.lib.plugins.DetectionPluginTools - 1 nucleus detected (processing time: 5.91 seconds)
2024-10-22 22:49:40 INFO: 22:49:40.578 [main] [INFO ] q.l.p.CommandLineTaskRunner$CommandLineProgressMonitor - 1 nucleus detected (82%)
2024-10-22 22:49:40 INFO: 22:49:40.615 [task-runner-1-57] [INFO ] q.lib.plugins.DetectionPluginTools - 0 nuclei detected (processing time: 6.10 seconds)
2024-10-22 22:49:40 INFO: 22:49:40.616 [main] [INFO ] q.l.p.CommandLineTaskRunner$CommandLineProgressMonitor - 0 nuclei detected (83%)
2024-10-22 22:49:40 INFO: 22:49:40.651 [task-runner-1-18] [INFO ] q.lib.plugins.DetectionPluginTools - 0 nuclei detected (processing time: 5.77 seconds)
2024-10-22 22:49:40 INFO: 22:49:40.674 [task-runner-1-49] [INFO ] q.lib.plugins.DetectionPluginTools - 2958 nuclei detected (processing time: 21.13 seconds)
2024-10-22 22:49:40 INFO: 22:49:40.675 [main] [INFO ] q.l.p.CommandLineTaskRunner$CommandLineProgressMonitor - 2958 nuclei detected (84%)
2024-10-22 22:49:40 INFO: 22:49:40.677 [task-runner-1-21] [INFO ] q.lib.plugins.DetectionPluginTools - 0 nuclei detected (processing time: 5.56 seconds)
2024-10-22 22:49:40 INFO: 22:49:40.677 [main] [INFO ] q.l.p.CommandLineTaskRunner$CommandLineProgressMonitor - 0 nuclei detected (84%)
2024-10-22 22:49:40 INFO: 22:49:40.692 [task-runner-1-25] [INFO ] q.lib.plugins.DetectionPluginTools - 2931 nuclei detected (processing time: 20.85 seconds)
2024-10-22 22:49:40 INFO: 22:49:40.693 [main] [INFO ] q.l.p.CommandLineTaskRunner$CommandLineProgressMonitor - 2931 nuclei detected (85%)
2024-10-22 22:49:40 INFO: 22:49:40.801 [task-runner-1-11] [INFO ] q.lib.plugins.DetectionPluginTools - 4065 nuclei detected (processing time: 21.60 seconds)
2024-10-22 22:49:40 INFO: 22:49:40.802 [main] [INFO ] q.l.p.CommandLineTaskRunner$CommandLineProgressMonitor - 4065 nuclei detected (86%)
2024-10-22 22:49:40 INFO: 22:49:40.820 [task-runner-1-34] [INFO ] q.lib.plugins.DetectionPluginTools - 2806 nuclei detected (processing time: 20.98 seconds)
2024-10-22 22:49:40 INFO: 22:49:40.821 [main] [INFO ] q.l.p.CommandLineTaskRunner$CommandLineProgressMonitor - 2806 nuclei detected (86%)
2024-10-22 22:49:40 INFO: 22:49:40.833 [task-runner-1-33] [INFO ] q.lib.plugins.DetectionPluginTools - 0 nuclei detected (processing time: 5.73 seconds)
2024-10-22 22:49:40 INFO: 22:49:40.834 [main] [INFO ] q.l.p.CommandLineTaskRunner$CommandLineProgressMonitor - 0 nuclei detected (87%)
2024-10-22 22:49:40 INFO: 22:49:40.915 [task-runner-1-5] [INFO ] q.lib.plugins.DetectionPluginTools - 3646 nuclei detected (processing time: 21.50 seconds)
2024-10-22 22:49:40 INFO: 22:49:40.916 [main] [INFO ] q.l.p.CommandLineTaskRunner$CommandLineProgressMonitor - 3646 nuclei detected (88%)
2024-10-22 22:49:40 INFO: 22:49:40.975 [task-runner-1-46] [INFO ] q.lib.plugins.DetectionPluginTools - 4267 nuclei detected (processing time: 21.56 seconds)
2024-10-22 22:49:40 INFO: 22:49:40.975 [main] [INFO ] q.l.p.CommandLineTaskRunner$CommandLineProgressMonitor - 4267 nuclei detected (88%)
2024-10-22 22:49:41 INFO: 22:49:41.015 [task-runner-1-7] [INFO ] q.lib.plugins.DetectionPluginTools - 3716 nuclei detected (processing time: 21.81 seconds)
2024-10-22 22:49:41 INFO: 22:49:41.016 [main] [INFO ] q.l.p.CommandLineTaskRunner$CommandLineProgressMonitor - 3716 nuclei detected (89%)
2024-10-22 22:49:41 INFO: 22:49:41.047 [task-runner-1-8] [INFO ] q.lib.plugins.DetectionPluginTools - 3507 nuclei detected (processing time: 21.71 seconds)
2024-10-22 22:49:41 INFO: 22:49:41.047 [main] [INFO ] q.l.p.CommandLineTaskRunner$CommandLineProgressMonitor - 3507 nuclei detected (89%)
2024-10-22 22:49:41 INFO: 22:49:41.084 [task-runner-1-26] [INFO ] q.lib.plugins.DetectionPluginTools - 4224 nuclei detected (processing time: 21.70 seconds)
2024-10-22 22:49:41 INFO: 22:49:41.084 [main] [INFO ] q.l.p.CommandLineTaskRunner$CommandLineProgressMonitor - 4224 nuclei detected (90%)
2024-10-22 22:49:41 INFO: 22:49:41.118 [task-runner-1-27] [INFO ] q.lib.plugins.DetectionPluginTools - 3893 nuclei detected (processing time: 21.74 seconds)
2024-10-22 22:49:41 INFO: 22:49:41.118 [main] [INFO ] q.l.p.CommandLineTaskRunner$CommandLineProgressMonitor - 3893 nuclei detected (91%)
2024-10-22 22:49:41 INFO: 22:49:41.286 [task-runner-1-20] [INFO ] q.lib.plugins.DetectionPluginTools - 3788 nuclei detected (processing time: 21.19 seconds)
2024-10-22 22:49:41 INFO: 22:49:41.286 [main] [INFO ] q.l.p.CommandLineTaskRunner$CommandLineProgressMonitor - 3788 nuclei detected (91%)
2024-10-22 22:49:41 INFO: 22:49:41.300 [task-runner-1-43] [INFO ] q.lib.plugins.DetectionPluginTools - 3719 nuclei detected (processing time: 21.13 seconds)
2024-10-22 22:49:41 INFO: 22:49:41.300 [main] [INFO ] q.l.p.CommandLineTaskRunner$CommandLineProgressMonitor - 3719 nuclei detected (92%)
2024-10-22 22:49:41 INFO: 22:49:41.445 [task-runner-1-29] [INFO ] q.lib.plugins.DetectionPluginTools - 2807 nuclei detected (processing time: 11.20 seconds)
2024-10-22 22:49:41 INFO: 22:49:41.446 [main] [INFO ] q.l.p.CommandLineTaskRunner$CommandLineProgressMonitor - 2807 nuclei detected (93%)
2024-10-22 22:49:41 INFO: 22:49:41.480 [task-runner-1-56] [INFO ] q.lib.plugins.DetectionPluginTools - 2378 nuclei detected (processing time: 11.67 seconds)
2024-10-22 22:49:41 INFO: 22:49:41.480 [main] [INFO ] q.l.p.CommandLineTaskRunner$CommandLineProgressMonitor - 2378 nuclei detected (93%)
2024-10-22 22:49:41 INFO: 22:49:41.491 [task-runner-1-31] [INFO ] q.lib.plugins.DetectionPluginTools - 4590 nuclei detected (processing time: 22.12 seconds)
2024-10-22 22:49:41 INFO: 22:49:41.492 [main] [INFO ] q.l.p.CommandLineTaskRunner$CommandLineProgressMonitor - 4590 nuclei detected (94%)
2024-10-22 22:49:41 INFO: 22:49:41.515 [task-runner-1-52] [INFO ] q.lib.plugins.DetectionPluginTools - 3097 nuclei detected (processing time: 15.88 seconds)
2024-10-22 22:49:41 INFO: 22:49:41.515 [main] [INFO ] q.l.p.CommandLineTaskRunner$CommandLineProgressMonitor - 3097 nuclei detected (94%)
2024-10-22 22:49:41 INFO: 22:49:41.682 [task-runner-1-35] [INFO ] q.lib.plugins.DetectionPluginTools - 3697 nuclei detected (processing time: 21.90 seconds)
2024-10-22 22:49:41 INFO: 22:49:41.682 [main] [INFO ] q.l.p.CommandLineTaskRunner$CommandLineProgressMonitor - 3697 nuclei detected (95%)
2024-10-22 22:49:41 INFO: 22:49:41.783 [task-runner-1-51] [INFO ] q.lib.plugins.DetectionPluginTools - 4088 nuclei detected (processing time: 21.57 seconds)
2024-10-22 22:49:41 INFO: 22:49:41.783 [main] [INFO ] q.l.p.CommandLineTaskRunner$CommandLineProgressMonitor - 4088 nuclei detected (96%)
2024-10-22 22:49:41 INFO: 22:49:41.904 [task-runner-1-23] [INFO ] q.lib.plugins.DetectionPluginTools - 4767 nuclei detected (processing time: 21.72 seconds)
2024-10-22 22:49:41 INFO: 22:49:41.904 [main] [INFO ] q.l.p.CommandLineTaskRunner$CommandLineProgressMonitor - 4767 nuclei detected (96%)
2024-10-22 22:49:42 INFO: 22:49:42.244 [task-runner-1-22] [INFO ] q.lib.plugins.DetectionPluginTools - 5329 nuclei detected (processing time: 21.57 seconds)
2024-10-22 22:49:42 INFO: 22:49:42.244 [main] [INFO ] q.l.p.CommandLineTaskRunner$CommandLineProgressMonitor - 5329 nuclei detected (97%)
2024-10-22 22:49:42 INFO: 22:49:42.510 [task-runner-1-28] [INFO ] q.lib.plugins.DetectionPluginTools - 4014 nuclei detected (processing time: 15.82 seconds)
2024-10-22 22:49:42 INFO: 22:49:42.510 [main] [INFO ] q.l.p.CommandLineTaskRunner$CommandLineProgressMonitor - 4014 nuclei detected (98%)
2024-10-22 22:49:43 INFO: 22:49:43.137 [task-runner-1-41] [INFO ] q.lib.plugins.DetectionPluginTools - 4823 nuclei detected (processing time: 16.01 seconds)
2024-10-22 22:49:43 INFO: 22:49:43.137 [main] [INFO ] q.l.p.CommandLineTaskRunner$CommandLineProgressMonitor - 4823 nuclei detected (98%)
2024-10-22 22:49:43 INFO: 22:49:43.334 [task-runner-1-42] [INFO ] q.lib.plugins.DetectionPluginTools - 5283 nuclei detected (processing time: 16.55 seconds)
2024-10-22 22:49:43 INFO: 22:49:43.334 [main] [INFO ] q.l.p.CommandLineTaskRunner$CommandLineProgressMonitor - 5283 nuclei detected (99%)
2024-10-22 22:49:43 INFO: 22:49:43.778 [task-runner-1-10] [INFO ] q.lib.plugins.DetectionPluginTools - 5693 nuclei detected (processing time: 16.98 seconds)
2024-10-22 22:49:43 INFO: 22:49:43.778 [main] [INFO ] q.l.p.CommandLineTaskRunner$CommandLineProgressMonitor - 5693 nuclei detected (99%)
2024-10-22 22:49:43 INFO: 22:49:43.812 [task-runner-1-62] [INFO ] q.lib.plugins.DetectionPluginTools - 5773 nuclei detected (processing time: 16.86 seconds)
2024-10-22 22:49:43 INFO: 22:49:43.812 [main] [INFO ] q.l.p.CommandLineTaskRunner$CommandLineProgressMonitor - 5773 nuclei detected (100%)
2024-10-22 22:49:43 INFO: 22:49:43.812 [main] [INFO ] q.l.p.CommandLineTaskRunner$CommandLineProgressMonitor - Processing complete in 39.04 seconds
2024-10-22 22:49:43 INFO: 22:49:43.813 [main] [INFO ] q.l.p.CommandLineTaskRunner$CommandLineProgressMonitor - Tasks completed!
2024-10-22 22:49:56 INFO: 22:49:56.194 [main] [WARN ] q.l.p.objects.SmoothFeaturesPlugin - Smoothing using annotations
2024-10-22 22:50:00 INFO: 22:50:00.299 [main] [INFO ] q.l.p.CommandLineTaskRunner$CommandLineProgressMonitor - Completed (100%)
2024-10-22 22:50:00 INFO: 22:50:00.299 [main] [INFO ] q.l.p.CommandLineTaskRunner$CommandLineProgressMonitor - Processing complete in 4.10 seconds
2024-10-22 22:50:00 INFO: 22:50:00.299 [main] [INFO ] q.l.p.CommandLineTaskRunner$CommandLineProgressMonitor - Tasks completed!
2024-10-22 22:50:00 INFO: 22:50:00.301 [main] [WARN ] q.l.p.objects.SmoothFeaturesPlugin - Smoothing using annotations
2024-10-22 22:50:07 INFO: 22:50:07.775 [main] [INFO ] q.l.p.CommandLineTaskRunner$CommandLineProgressMonitor - Completed (100%)
2024-10-22 22:50:07 INFO: 22:50:07.775 [main] [INFO ] q.l.p.CommandLineTaskRunner$CommandLineProgressMonitor - Processing complete in 7.47 seconds
2024-10-22 22:50:07 INFO: 22:50:07.775 [main] [INFO ] q.l.p.CommandLineTaskRunner$CommandLineProgressMonitor - Tasks completed!
2024-10-22 22:50:07 INFO: 22:50:07.777 [main] [WARN ] q.l.p.objects.SmoothFeaturesPlugin - Smoothing using annotations
2024-10-22 22:50:25 INFO: 22:50:25.718 [main] [INFO ] q.l.p.CommandLineTaskRunner$CommandLineProgressMonitor - Completed (100%)
2024-10-22 22:50:25 INFO: 22:50:25.718 [main] [INFO ] q.l.p.CommandLineTaskRunner$CommandLineProgressMonitor - Processing complete in 17.94 seconds
2024-10-22 22:50:25 INFO: 22:50:25.718 [main] [INFO ] q.l.p.CommandLineTaskRunner$CommandLineProgressMonitor - Tasks completed!
2024-10-22 22:50:25 INFO: 22:50:25.932 [task-runner-5-2] [INFO ] q.l.a.IntensityFeaturesPlugin - Splitting Rectangle (0, 0, 63784, 39311) into 40 tiles for intensity measurements
2024-10-22 22:50:26 INFO: 22:50:26.075 [main] [INFO ] q.l.p.CommandLineTaskRunner$CommandLineProgressMonitor - Completed (0%)
2024-10-22 22:50:27 INFO: 22:50:27.042 [main] [INFO ] q.l.p.CommandLineTaskRunner$CommandLineProgressMonitor - Completed (1%)
2024-10-22 22:50:27 INFO: 22:50:27.365 [main] [INFO ] q.l.p.CommandLineTaskRunner$CommandLineProgressMonitor - Completed (2%)
2024-10-22 22:50:27 INFO: 22:50:27.519 [main] [INFO ] q.l.p.CommandLineTaskRunner$CommandLineProgressMonitor - Completed (3%)
2024-10-22 22:50:27 INFO: 22:50:27.667 [main] [INFO ] q.l.p.CommandLineTaskRunner$CommandLineProgressMonitor - Completed (4%)
2024-10-22 22:50:28 INFO: 22:50:28.133 [main] [INFO ] q.l.p.CommandLineTaskRunner$CommandLineProgressMonitor - Completed (5%)
2024-10-22 22:50:28 INFO: 22:50:28.256 [main] [INFO ] q.l.p.CommandLineTaskRunner$CommandLineProgressMonitor - Completed (6%)
2024-10-22 22:50:28 INFO: 22:50:28.370 [main] [INFO ] q.l.p.CommandLineTaskRunner$CommandLineProgressMonitor - Completed (7%)
2024-10-22 22:50:28 INFO: 22:50:28.479 [main] [INFO ] q.l.p.CommandLineTaskRunner$CommandLineProgressMonitor - Completed (8%)
2024-10-22 22:50:28 INFO: 22:50:28.586 [main] [INFO ] q.l.p.CommandLineTaskRunner$CommandLineProgressMonitor - Completed (9%)
2024-10-22 22:50:29 INFO: 22:50:29.035 [main] [INFO ] q.l.p.CommandLineTaskRunner$CommandLineProgressMonitor - Completed (10%)
2024-10-22 22:50:29 INFO: 22:50:29.154 [main] [INFO ] q.l.p.CommandLineTaskRunner$CommandLineProgressMonitor - Completed (11%)
2024-10-22 22:50:29 INFO: 22:50:29.273 [main] [INFO ] q.l.p.CommandLineTaskRunner$CommandLineProgressMonitor - Completed (12%)
2024-10-22 22:50:29 INFO: 22:50:29.389 [main] [INFO ] q.l.p.CommandLineTaskRunner$CommandLineProgressMonitor - Completed (13%)
2024-10-22 22:50:29 INFO: 22:50:29.822 [main] [INFO ] q.l.p.CommandLineTaskRunner$CommandLineProgressMonitor - Completed (14%)
2024-10-22 22:50:29 INFO: 22:50:29.987 [main] [INFO ] q.l.p.CommandLineTaskRunner$CommandLineProgressMonitor - Completed (15%)
2024-10-22 22:50:30 INFO: 22:50:30.107 [main] [INFO ] q.l.p.CommandLineTaskRunner$CommandLineProgressMonitor - Completed (16%)
2024-10-22 22:50:30 INFO: 22:50:30.216 [main] [INFO ] q.l.p.CommandLineTaskRunner$CommandLineProgressMonitor - Completed (17%)
2024-10-22 22:50:30 INFO: 22:50:30.320 [main] [INFO ] q.l.p.CommandLineTaskRunner$CommandLineProgressMonitor - Completed (18%)
2024-10-22 22:50:30 INFO: 22:50:30.423 [main] [INFO ] q.l.p.CommandLineTaskRunner$CommandLineProgressMonitor - Completed (19%)
2024-10-22 22:50:30 INFO: 22:50:30.812 [main] [INFO ] q.l.p.CommandLineTaskRunner$CommandLineProgressMonitor - Completed (20%)
2024-10-22 22:50:30 INFO: 22:50:30.922 [main] [INFO ] q.l.p.CommandLineTaskRunner$CommandLineProgressMonitor - Completed (21%)
2024-10-22 22:50:31 INFO: 22:50:31.039 [main] [INFO ] q.l.p.CommandLineTaskRunner$CommandLineProgressMonitor - Completed (22%)
2024-10-22 22:50:31 INFO: 22:50:31.152 [main] [INFO ] q.l.p.CommandLineTaskRunner$CommandLineProgressMonitor - Completed (23%)
2024-10-22 22:50:31 INFO: 22:50:31.264 [main] [INFO ] q.l.p.CommandLineTaskRunner$CommandLineProgressMonitor - Completed (24%)
2024-10-22 22:50:31 INFO: 22:50:31.655 [main] [INFO ] q.l.p.CommandLineTaskRunner$CommandLineProgressMonitor - Completed (25%)
2024-10-22 22:50:31 INFO: 22:50:31.951 [main] [INFO ] q.l.p.CommandLineTaskRunner$CommandLineProgressMonitor - Completed (26%)
2024-10-22 22:50:32 INFO: 22:50:32.067 [main] [INFO ] q.l.p.CommandLineTaskRunner$CommandLineProgressMonitor - Completed (27%)
2024-10-22 22:50:32 INFO: 22:50:32.179 [main] [INFO ] q.l.p.CommandLineTaskRunner$CommandLineProgressMonitor - Completed (28%)
2024-10-22 22:50:32 INFO: 22:50:32.335 [main] [INFO ] q.l.p.CommandLineTaskRunner$CommandLineProgressMonitor - Completed (29%)
2024-10-22 22:50:32 INFO: 22:50:32.741 [main] [INFO ] q.l.p.CommandLineTaskRunner$CommandLineProgressMonitor - Completed (30%)
2024-10-22 22:50:32 INFO: 22:50:32.856 [main] [INFO ] q.l.p.CommandLineTaskRunner$CommandLineProgressMonitor - Completed (31%)
2024-10-22 22:50:32 INFO: 22:50:32.964 [main] [INFO ] q.l.p.CommandLineTaskRunner$CommandLineProgressMonitor - Completed (32%)
2024-10-22 22:50:33 INFO: 22:50:33.076 [main] [INFO ] q.l.p.CommandLineTaskRunner$CommandLineProgressMonitor - Completed (33%)
2024-10-22 22:50:33 INFO: 22:50:33.179 [main] [INFO ] q.l.p.CommandLineTaskRunner$CommandLineProgressMonitor - Completed (34%)
2024-10-22 22:50:33 INFO: 22:50:33.585 [main] [INFO ] q.l.p.CommandLineTaskRunner$CommandLineProgressMonitor - Completed (35%)
2024-10-22 22:50:33 INFO: 22:50:33.676 [main] [INFO ] q.l.p.CommandLineTaskRunner$CommandLineProgressMonitor - Completed (36%)
2024-10-22 22:50:33 INFO: 22:50:33.767 [main] [INFO ] q.l.p.CommandLineTaskRunner$CommandLineProgressMonitor - Completed (37%)
2024-10-22 22:50:33 INFO: 22:50:33.866 [main] [INFO ] q.l.p.CommandLineTaskRunner$CommandLineProgressMonitor - Completed (38%)
2024-10-22 22:50:33 INFO: 22:50:33.958 [main] [INFO ] q.l.p.CommandLineTaskRunner$CommandLineProgressMonitor - Completed (39%)
2024-10-22 22:50:34 INFO: 22:50:34.059 [main] [INFO ] q.l.p.CommandLineTaskRunner$CommandLineProgressMonitor - Completed (40%)
2024-10-22 22:50:34 INFO: 22:50:34.171 [main] [INFO ] q.l.p.CommandLineTaskRunner$CommandLineProgressMonitor - Completed (41%)
2024-10-22 22:50:34 INFO: 22:50:34.289 [main] [INFO ] q.l.p.CommandLineTaskRunner$CommandLineProgressMonitor - Completed (42%)
2024-10-22 22:50:34 INFO: 22:50:34.418 [main] [INFO ] q.l.p.CommandLineTaskRunner$CommandLineProgressMonitor - Completed (43%)
2024-10-22 22:50:34 INFO: 22:50:34.534 [main] [INFO ] q.l.p.CommandLineTaskRunner$CommandLineProgressMonitor - Completed (44%)
2024-10-22 22:50:34 INFO: 22:50:34.645 [main] [INFO ] q.l.p.CommandLineTaskRunner$CommandLineProgressMonitor - Completed (45%)
2024-10-22 22:50:34 INFO: 22:50:34.763 [main] [INFO ] q.l.p.CommandLineTaskRunner$CommandLineProgressMonitor - Completed (46%)
2024-10-22 22:50:34 INFO: 22:50:34.894 [main] [INFO ] q.l.p.CommandLineTaskRunner$CommandLineProgressMonitor - Completed (47%)
2024-10-22 22:50:35 INFO: 22:50:35.016 [main] [INFO ] q.l.p.CommandLineTaskRunner$CommandLineProgressMonitor - Completed (48%)
2024-10-22 22:50:35 INFO: 22:50:35.132 [main] [INFO ] q.l.p.CommandLineTaskRunner$CommandLineProgressMonitor - Completed (49%)
2024-10-22 22:50:35 INFO: 22:50:35.311 [main] [INFO ] q.l.p.CommandLineTaskRunner$CommandLineProgressMonitor - Completed (50%)
2024-10-22 22:50:35 INFO: 22:50:35.408 [main] [INFO ] q.l.p.CommandLineTaskRunner$CommandLineProgressMonitor - Completed (51%)
2024-10-22 22:50:35 INFO: 22:50:35.504 [main] [INFO ] q.l.p.CommandLineTaskRunner$CommandLineProgressMonitor - Completed (52%)
2024-10-22 22:50:35 INFO: 22:50:35.595 [main] [INFO ] q.l.p.CommandLineTaskRunner$CommandLineProgressMonitor - Completed (53%)
2024-10-22 22:50:35 INFO: 22:50:35.698 [main] [INFO ] q.l.p.CommandLineTaskRunner$CommandLineProgressMonitor - Completed (54%)
2024-10-22 22:50:35 INFO: 22:50:35.801 [main] [INFO ] q.l.p.CommandLineTaskRunner$CommandLineProgressMonitor - Completed (55%)
2024-10-22 22:50:35 INFO: 22:50:35.906 [main] [INFO ] q.l.p.CommandLineTaskRunner$CommandLineProgressMonitor - Completed (56%)
2024-10-22 22:50:36 INFO: 22:50:36.014 [main] [INFO ] q.l.p.CommandLineTaskRunner$CommandLineProgressMonitor - Completed (57%)
2024-10-22 22:50:36 INFO: 22:50:36.127 [main] [INFO ] q.l.p.CommandLineTaskRunner$CommandLineProgressMonitor - Completed (58%)
2024-10-22 22:50:36 INFO: 22:50:36.236 [main] [INFO ] q.l.p.CommandLineTaskRunner$CommandLineProgressMonitor - Completed (59%)
2024-10-22 22:50:36 INFO: 22:50:36.354 [main] [INFO ] q.l.p.CommandLineTaskRunner$CommandLineProgressMonitor - Completed (60%)
2024-10-22 22:50:36 INFO: 22:50:36.473 [main] [INFO ] q.l.p.CommandLineTaskRunner$CommandLineProgressMonitor - Completed (61%)
2024-10-22 22:50:36 INFO: 22:50:36.582 [main] [INFO ] q.l.p.CommandLineTaskRunner$CommandLineProgressMonitor - Completed (62%)
2024-10-22 22:50:36 INFO: 22:50:36.691 [main] [INFO ] q.l.p.CommandLineTaskRunner$CommandLineProgressMonitor - Completed (63%)
2024-10-22 22:50:36 INFO: 22:50:36.903 [main] [INFO ] q.l.p.CommandLineTaskRunner$CommandLineProgressMonitor - Completed (64%)
2024-10-22 22:50:37 INFO: 22:50:37.005 [main] [INFO ] q.l.p.CommandLineTaskRunner$CommandLineProgressMonitor - Completed (65%)
2024-10-22 22:50:37 INFO: 22:50:37.104 [main] [INFO ] q.l.p.CommandLineTaskRunner$CommandLineProgressMonitor - Completed (66%)
2024-10-22 22:50:37 INFO: 22:50:37.205 [main] [INFO ] q.l.p.CommandLineTaskRunner$CommandLineProgressMonitor - Completed (67%)
2024-10-22 22:50:37 INFO: 22:50:37.307 [main] [INFO ] q.l.p.CommandLineTaskRunner$CommandLineProgressMonitor - Completed (68%)
2024-10-22 22:50:37 INFO: 22:50:37.422 [main] [INFO ] q.l.p.CommandLineTaskRunner$CommandLineProgressMonitor - Completed (69%)
2024-10-22 22:50:37 INFO: 22:50:37.536 [main] [INFO ] q.l.p.CommandLineTaskRunner$CommandLineProgressMonitor - Completed (70%)
2024-10-22 22:50:37 INFO: 22:50:37.646 [main] [INFO ] q.l.p.CommandLineTaskRunner$CommandLineProgressMonitor - Completed (71%)
2024-10-22 22:50:37 INFO: 22:50:37.759 [main] [INFO ] q.l.p.CommandLineTaskRunner$CommandLineProgressMonitor - Completed (72%)
2024-10-22 22:50:37 INFO: 22:50:37.870 [main] [INFO ] q.l.p.CommandLineTaskRunner$CommandLineProgressMonitor - Completed (73%)
2024-10-22 22:50:37 INFO: 22:50:37.984 [main] [INFO ] q.l.p.CommandLineTaskRunner$CommandLineProgressMonitor - Completed (74%)
2024-10-22 22:50:38 INFO: 22:50:38.101 [main] [INFO ] q.l.p.CommandLineTaskRunner$CommandLineProgressMonitor - Completed (75%)
2024-10-22 22:50:38 INFO: 22:50:38.196 [main] [INFO ] q.l.p.CommandLineTaskRunner$CommandLineProgressMonitor - Completed (76%)
2024-10-22 22:50:38 INFO: 22:50:38.309 [main] [INFO ] q.l.p.CommandLineTaskRunner$CommandLineProgressMonitor - Completed (77%)
2024-10-22 22:50:38 INFO: 22:50:38.420 [main] [INFO ] q.l.p.CommandLineTaskRunner$CommandLineProgressMonitor - Completed (78%)
2024-10-22 22:50:38 INFO: 22:50:38.525 [main] [INFO ] q.l.p.CommandLineTaskRunner$CommandLineProgressMonitor - Completed (79%)
2024-10-22 22:50:38 INFO: 22:50:38.641 [main] [INFO ] q.l.p.CommandLineTaskRunner$CommandLineProgressMonitor - Completed (80%)
2024-10-22 22:50:38 INFO: 22:50:38.783 [main] [INFO ] q.l.p.CommandLineTaskRunner$CommandLineProgressMonitor - Completed (81%)
2024-10-22 22:50:38 INFO: 22:50:38.965 [main] [INFO ] q.l.p.CommandLineTaskRunner$CommandLineProgressMonitor - Completed (82%)
2024-10-22 22:50:39 INFO: 22:50:39.114 [main] [INFO ] q.l.p.CommandLineTaskRunner$CommandLineProgressMonitor - Completed (83%)
2024-10-22 22:50:39 INFO: 22:50:39.269 [main] [INFO ] q.l.p.CommandLineTaskRunner$CommandLineProgressMonitor - Completed (84%)
2024-10-22 22:50:39 INFO: 22:50:39.408 [main] [INFO ] q.l.p.CommandLineTaskRunner$CommandLineProgressMonitor - Completed (85%)
2024-10-22 22:50:39 INFO: 22:50:39.537 [main] [INFO ] q.l.p.CommandLineTaskRunner$CommandLineProgressMonitor - Completed (86%)
2024-10-22 22:50:39 INFO: 22:50:39.655 [main] [INFO ] q.l.p.CommandLineTaskRunner$CommandLineProgressMonitor - Completed (87%)
2024-10-22 22:50:39 INFO: 22:50:39.875 [main] [INFO ] q.l.p.CommandLineTaskRunner$CommandLineProgressMonitor - Completed (88%)
2024-10-22 22:50:39 INFO: 22:50:39.972 [main] [INFO ] q.l.p.CommandLineTaskRunner$CommandLineProgressMonitor - Completed (89%)
2024-10-22 22:50:40 INFO: 22:50:40.068 [main] [INFO ] q.l.p.CommandLineTaskRunner$CommandLineProgressMonitor - Completed (90%)
2024-10-22 22:50:40 INFO: 22:50:40.163 [main] [INFO ] q.l.p.CommandLineTaskRunner$CommandLineProgressMonitor - Completed (91%)
2024-10-22 22:50:40 INFO: 22:50:40.258 [main] [INFO ] q.l.p.CommandLineTaskRunner$CommandLineProgressMonitor - Completed (92%)
2024-10-22 22:50:40 INFO: 22:50:40.360 [main] [INFO ] q.l.p.CommandLineTaskRunner$CommandLineProgressMonitor - Completed (93%)
2024-10-22 22:50:40 INFO: 22:50:40.465 [main] [INFO ] q.l.p.CommandLineTaskRunner$CommandLineProgressMonitor - Completed (94%)
2024-10-22 22:50:40 INFO: 22:50:40.571 [main] [INFO ] q.l.p.CommandLineTaskRunner$CommandLineProgressMonitor - Completed (95%)
2024-10-22 22:50:40 INFO: 22:50:40.676 [main] [INFO ] q.l.p.CommandLineTaskRunner$CommandLineProgressMonitor - Completed (96%)
2024-10-22 22:50:40 INFO: 22:50:40.788 [main] [INFO ] q.l.p.CommandLineTaskRunner$CommandLineProgressMonitor - Completed (97%)
2024-10-22 22:50:40 INFO: 22:50:40.911 [main] [INFO ] q.l.p.CommandLineTaskRunner$CommandLineProgressMonitor - Completed (98%)
2024-10-22 22:50:41 INFO: 22:50:41.022 [main] [INFO ] q.l.p.CommandLineTaskRunner$CommandLineProgressMonitor - Completed (99%)
2024-10-22 22:50:41 INFO: 22:50:41.126 [main] [INFO ] q.l.p.CommandLineTaskRunner$CommandLineProgressMonitor - Completed (100%)
2024-10-22 22:51:39 INFO: 22:51:39.328 [main] [INFO ] q.l.p.CommandLineTaskRunner$CommandLineProgressMonitor - Completed (100%)
2024-10-22 22:51:39 INFO: 22:51:39.329 [main] [INFO ] q.l.p.CommandLineTaskRunner$CommandLineProgressMonitor - Processing complete in 73.41 seconds
2024-10-22 22:51:39 INFO: 22:51:39.329 [main] [INFO ] q.l.p.CommandLineTaskRunner$CommandLineProgressMonitor - Tasks completed!
2024-10-22 22:53:38 INFO: 22:53:38.236 [task-runner-6-1] [WARN ] q.o.features.DelaunayTriangulation - Some objects have missing measurements! Statistics will calculated only for objects with measurements available.
2024-10-22 22:53:38 INFO: 22:53:38.236 [task-runner-6-1] [WARN ] q.o.features.DelaunayTriangulation - Missing measurements: [ROI: 1.00 m per pixel: Residual: Haralick Correlation (F2), ROI: 1.00 m per pixel: Residual: Haralick Information measure of correlation 1 (F11), ROI: 1.00 m per pixel: Residual: Haralick Information measure of correlation 2 (F12)]
2024-10-22 22:53:38 INFO: 22:53:38.275 [main] [INFO ] q.l.p.CommandLineTaskRunner$CommandLineProgressMonitor - Delaunay triangulation calculated for Annotation (201685 objects) (100%)
2024-10-22 22:53:38 INFO: 22:53:38.276 [main] [INFO ] q.l.p.CommandLineTaskRunner$CommandLineProgressMonitor - Processing complete in 118.90 seconds
2024-10-22 22:53:38 INFO: 22:53:38.276 [main] [INFO ] q.l.p.CommandLineTaskRunner$CommandLineProgressMonitor - Tasks completed!
2024-10-22 22:55:54 INFO: TCGA-GI-A2C8-01Z-00-DX1.09BD8AC9-645A-4C8B-9B36-77D833BDBA09
2024-10-22 22:55:54 INFO: QuPath subprocess completed.
2024-10-22 22:56:05 INFO: QuPath image extraction completed successfully. Output directory: /home/ilants/Documents/jupyter_test/single_image_multiple_params/exp_threshold_0.1
2024-10-22 22:56:05 INFO: Summary table saved to: /home/ilants/Documents/jupyter_test/single_image_multiple_params/exp_threshold_0.1/Summary_Table.csv
2024-10-22 22:56:05 INFO: Experiment completed successfully.
