2024-10-22 20:52:38 INFO: Starting experiment with for requestedPixelSizeMicrons with value of 1.0
2024-10-22 20:52:38 INFO: Running with the following configuration:
{'detectionImageBrightfield': 'Hematoxylin OD', 'requestedPixelSizeMicrons': 1.0, 'backgroundRadiusMicrons': 4.0, 'backgroundByReconstruction': True, 'medianRadiusMicrons': 0.0, 'sigmaMicrons': 1.5, 'minAreaMicrons': 10.0, 'maxAreaMicrons': 80.0, 'threshold': 0.1, 'maxBackground': 2.0, 'watershedPostProcess': True, 'cellExpansionMicrons': 5.0, 'includeNuclei': True, 'smoothBoundaries': True, 'makeMeasurements': True, 'backgroundRadiusPixel': 8.0, 'cellExpansionPixel': 10.0, 'medianRadiusPixel': 0.0, 'minAreaPixel': 20.0, 'maxAreaPixel': 160.0}
2024-10-22 20:52:38 INFO: Starting QuPath image extraction with the following parameters: image_dir=/home/ilants/Documents/jupyter_test, output_dir=/home/ilants/Documents/jupyter_test/single_image_multiple_params/exp_requestedPixelSizeMicrons_1.0, image_type=svs, groovy_script=/home/ilants/Documents/utls/nucleus_detection_wargs.groovy, config_file=/home/ilants/Documents/jupyter_test/single_image_multiple_params/exp_requestedPixelSizeMicrons_1.0/cfg.json, program_path=/home/ilants/Documents/QuPath-v0.5.1-Linux/QuPath/bin/QuPath
2024-10-22 20:52:39 INFO: 20:52:39.531 [main] [INFO ] qupath.lib.gui.prefs.PathPrefs - Setting default Locale to en_US
2024-10-22 20:52:39 INFO: 20:52:39.535 [main] [INFO ] qupath.lib.gui.prefs.PathPrefs - Setting Locale for FORMAT to en_US
2024-10-22 20:52:39 INFO: 20:52:39.535 [main] [INFO ] qupath.lib.gui.prefs.PathPrefs - Setting Locale for DISPLAY to en_US
2024-10-22 20:52:39 INFO: 20:52:39.548 [main] [INFO ] qupath.lib.common.ThreadTools - Setting parallelism to 63
2024-10-22 20:52:39 INFO: 20:52:39.567 [main] [INFO ] qupath.ScriptCommand - Setting tile cache size to 32200.00 MB (25.0% max memory)
2024-10-22 20:52:39 INFO: 20:52:39.615 [main] [INFO ] qupath.lib.scripting.QP - Initializing type adapters
2024-10-22 20:52:39 INFO: Warning: Versions of org.bytedeco:javacpp:1.5.9 and org.bytedeco:opencv:4.6.0-1.5.8 do not match.
2024-10-22 20:52:39 INFO: Warning: Versions of org.bytedeco:javacpp:1.5.9 and org.bytedeco:openblas:0.3.21-1.5.8 do not match.
2024-10-22 20:52:41 INFO: project parameters are: {"detectionImageBrightfield": "Hematoxylin OD","requestedPixelSizeMicrons": 1.0,"backgroundRadiusMicrons": 4.0,"backgroundByReconstruction": true,"medianRadiusMicrons": 0.0,"sigmaMicrons": 1.5,"minAreaMicrons": 10.0,"maxAreaMicrons": 80.0,"threshold": 0.1,"maxBackground": 2.0,"watershedPostProcess": true,"cellExpansionMicrons": 5.0,"includeNuclei": true,"smoothBoundaries": true,"makeMeasurements": true,"backgroundRadiusPixel": 8.0,"cellExpansionPixel": 10.0,"medianRadiusPixel": 0.0,"minAreaPixel": 20.0,"maxAreaPixel": 160.0}
2024-10-22 20:52:41 INFO: New project created at: /home/ilants/Documents/jupyter_test/single_image_multiple_params/exp_requestedPixelSizeMicrons_1.0/QPProject
2024-10-22 20:52:41 INFO: Added: /home/ilants/Documents/jupyter_test/TCGA-GI-A2C8-01Z-00-DX1.09BD8AC9-645A-4C8B-9B36-77D833BDBA09.svs
2024-10-22 20:52:41 INFO: /home/ilants/Documents/jupyter_test/TCGA-GI-A2C8-01Z-00-DX1.09BD8AC9-645A-4C8B-9B36-77D833BDBA09.svs
2024-10-22 20:52:41 INFO: 20:52:41.510 [main] [INFO ] q.l.i.s.b.BioFormatsServerOptions - Setting max Bio-Formats readers to 32
2024-10-22 20:52:42 INFO: UriImageSupport (class qupath.lib.images.servers.bioformats.BioFormatsServerBuilder) support=3.0, builders=1
2024-10-22 20:52:42 INFO: true
2024-10-22 20:52:42 INFO: 20:52:42.181 [main] [WARN ] qupath.lib.scripting.QP - createSelectAllObject(boolean) is deprecated, use createFullImageAnnotation(boolean) instead
2024-10-22 20:52:42 INFO: 20:52:42.181 [main] [WARN ] qupath.lib.scripting.QP - createSelectAllObject(boolean, int, int) is deprecated, use createFullImageAnnotation(boolean, int, int) instead
2024-10-22 20:52:42 INFO: 20:52:42.192 [main] [WARN ] q.l.plugins.parameters.ParameterList - Unable to set parameter backgroundRadiusPixel with value 8.0
2024-10-22 20:52:42 INFO: 20:52:42.192 [main] [WARN ] q.l.plugins.parameters.ParameterList - Unable to set parameter cellExpansionPixel with value 10.0
2024-10-22 20:52:42 INFO: 20:52:42.192 [main] [WARN ] q.l.plugins.parameters.ParameterList - Unable to set parameter medianRadiusPixel with value 0.0
2024-10-22 20:52:42 INFO: 20:52:42.192 [main] [WARN ] q.l.plugins.parameters.ParameterList - Unable to set parameter minAreaPixel with value 20.0
2024-10-22 20:52:42 INFO: 20:52:42.192 [main] [WARN ] q.l.plugins.parameters.ParameterList - Unable to set parameter maxAreaPixel with value 160.0
2024-10-22 20:52:50 INFO: 20:52:50.145 [task-runner-1-40] [INFO ] q.lib.plugins.DetectionPluginTools - 0 nuclei detected (processing time: 7.85 seconds)
2024-10-22 20:52:50 INFO: 20:52:50.146 [main] [INFO ] q.l.p.CommandLineTaskRunner$CommandLineProgressMonitor - 0 nuclei detected (3%)
2024-10-22 20:52:52 INFO: 20:52:52.715 [task-runner-1-6] [INFO ] q.lib.plugins.DetectionPluginTools - 12 nuclei detected (processing time: 10.43 seconds)
2024-10-22 20:52:52 INFO: 20:52:52.715 [main] [INFO ] q.l.p.CommandLineTaskRunner$CommandLineProgressMonitor - 12 nuclei detected (5%)
2024-10-22 20:52:52 INFO: 20:52:52.785 [task-runner-1-34] [INFO ] q.lib.plugins.DetectionPluginTools - 116 nuclei detected (processing time: 10.49 seconds)
2024-10-22 20:52:52 INFO: 20:52:52.785 [main] [INFO ] q.l.p.CommandLineTaskRunner$CommandLineProgressMonitor - 116 nuclei detected (8%)
2024-10-22 20:52:52 INFO: 20:52:52.816 [task-runner-1-24] [INFO ] q.lib.plugins.DetectionPluginTools - 220 nuclei detected (processing time: 10.53 seconds)
2024-10-22 20:52:52 INFO: 20:52:52.816 [main] [INFO ] q.l.p.CommandLineTaskRunner$CommandLineProgressMonitor - 220 nuclei detected (10%)
2024-10-22 20:52:52 INFO: 20:52:52.841 [task-runner-1-1] [INFO ] q.lib.plugins.DetectionPluginTools - 220 nuclei detected (processing time: 10.56 seconds)
2024-10-22 20:52:52 INFO: 20:52:52.841 [main] [INFO ] q.l.p.CommandLineTaskRunner$CommandLineProgressMonitor - 220 nuclei detected (13%)
2024-10-22 20:52:52 INFO: 20:52:52.844 [task-runner-1-37] [INFO ] q.lib.plugins.DetectionPluginTools - 348 nuclei detected (processing time: 10.55 seconds)
2024-10-22 20:52:52 INFO: 20:52:52.844 [main] [INFO ] q.l.p.CommandLineTaskRunner$CommandLineProgressMonitor - 348 nuclei detected (15%)
2024-10-22 20:52:52 INFO: 20:52:52.848 [task-runner-1-5] [INFO ] q.lib.plugins.DetectionPluginTools - 325 nuclei detected (processing time: 10.56 seconds)
2024-10-22 20:52:52 INFO: 20:52:52.848 [main] [INFO ] q.l.p.CommandLineTaskRunner$CommandLineProgressMonitor - 325 nuclei detected (18%)
2024-10-22 20:52:53 INFO: 20:52:53.049 [task-runner-1-2] [INFO ] q.lib.plugins.DetectionPluginTools - 775 nuclei detected (processing time: 10.76 seconds)
2024-10-22 20:52:53 INFO: 20:52:53.049 [main] [INFO ] q.l.p.CommandLineTaskRunner$CommandLineProgressMonitor - 775 nuclei detected (20%)
2024-10-22 20:52:53 INFO: 20:52:53.342 [task-runner-1-36] [INFO ] q.lib.plugins.DetectionPluginTools - 1 nucleus detected (processing time: 11.05 seconds)
2024-10-22 20:52:53 INFO: 20:52:53.343 [main] [INFO ] q.l.p.CommandLineTaskRunner$CommandLineProgressMonitor - 1 nucleus detected (23%)
2024-10-22 20:52:53 INFO: 20:52:53.346 [task-runner-1-8] [INFO ] q.lib.plugins.DetectionPluginTools - 12 nuclei detected (processing time: 11.06 seconds)
2024-10-22 20:52:53 INFO: 20:52:53.347 [main] [INFO ] q.l.p.CommandLineTaskRunner$CommandLineProgressMonitor - 12 nuclei detected (25%)
2024-10-22 20:52:53 INFO: 20:52:53.347 [task-runner-1-7] [INFO ] q.lib.plugins.DetectionPluginTools - 14 nuclei detected (processing time: 11.06 seconds)
2024-10-22 20:52:53 INFO: 20:52:53.347 [main] [INFO ] q.l.p.CommandLineTaskRunner$CommandLineProgressMonitor - 14 nuclei detected (28%)
2024-10-22 20:52:53 INFO: 20:52:53.351 [task-runner-1-32] [INFO ] q.lib.plugins.DetectionPluginTools - 36 nuclei detected (processing time: 11.06 seconds)
2024-10-22 20:52:53 INFO: 20:52:53.352 [main] [INFO ] q.l.p.CommandLineTaskRunner$CommandLineProgressMonitor - 36 nuclei detected (30%)
2024-10-22 20:52:53 INFO: 20:52:53.363 [task-runner-1-35] [INFO ] q.lib.plugins.DetectionPluginTools - 8 nuclei detected (processing time: 11.07 seconds)
2024-10-22 20:52:53 INFO: 20:52:53.364 [main] [INFO ] q.l.p.CommandLineTaskRunner$CommandLineProgressMonitor - 8 nuclei detected (33%)
2024-10-22 20:52:53 INFO: 20:52:53.425 [task-runner-1-33] [INFO ] q.lib.plugins.DetectionPluginTools - 175 nuclei detected (processing time: 11.13 seconds)
2024-10-22 20:52:53 INFO: 20:52:53.426 [main] [INFO ] q.l.p.CommandLineTaskRunner$CommandLineProgressMonitor - 175 nuclei detected (35%)
2024-10-22 20:52:53 INFO: 20:52:53.438 [task-runner-1-16] [INFO ] q.lib.plugins.DetectionPluginTools - 106 nuclei detected (processing time: 11.15 seconds)
2024-10-22 20:52:53 INFO: 20:52:53.439 [main] [INFO ] q.l.p.CommandLineTaskRunner$CommandLineProgressMonitor - 106 nuclei detected (38%)
2024-10-22 20:52:53 INFO: 20:52:53.592 [task-runner-1-15] [INFO ] q.lib.plugins.DetectionPluginTools - 400 nuclei detected (processing time: 11.30 seconds)
2024-10-22 20:52:53 INFO: 20:52:53.592 [main] [INFO ] q.l.p.CommandLineTaskRunner$CommandLineProgressMonitor - 400 nuclei detected (40%)
2024-10-22 20:52:53 INFO: 20:52:53.771 [task-runner-1-25] [INFO ] q.lib.plugins.DetectionPluginTools - 647 nuclei detected (processing time: 11.48 seconds)
2024-10-22 20:52:53 INFO: 20:52:53.771 [main] [INFO ] q.l.p.CommandLineTaskRunner$CommandLineProgressMonitor - 647 nuclei detected (43%)
2024-10-22 20:52:53 INFO: 20:52:53.780 [task-runner-1-17] [INFO ] q.lib.plugins.DetectionPluginTools - 581 nuclei detected (processing time: 11.49 seconds)
2024-10-22 20:52:53 INFO: 20:52:53.780 [main] [INFO ] q.l.p.CommandLineTaskRunner$CommandLineProgressMonitor - 581 nuclei detected (45%)
2024-10-22 20:52:53 INFO: 20:52:53.809 [task-runner-1-9] [INFO ] q.lib.plugins.DetectionPluginTools - 932 nuclei detected (processing time: 11.52 seconds)
2024-10-22 20:52:53 INFO: 20:52:53.809 [main] [INFO ] q.l.p.CommandLineTaskRunner$CommandLineProgressMonitor - 932 nuclei detected (48%)
2024-10-22 20:52:53 INFO: 20:52:53.817 [task-runner-1-39] [INFO ] q.lib.plugins.DetectionPluginTools - 2481 nuclei detected (processing time: 11.53 seconds)
2024-10-22 20:52:53 INFO: 20:52:53.818 [main] [INFO ] q.l.p.CommandLineTaskRunner$CommandLineProgressMonitor - 2481 nuclei detected (50%)
2024-10-22 20:52:53 INFO: 20:52:53.875 [task-runner-1-4] [INFO ] q.lib.plugins.DetectionPluginTools - 1733 nuclei detected (processing time: 11.59 seconds)
2024-10-22 20:52:53 INFO: 20:52:53.875 [main] [INFO ] q.l.p.CommandLineTaskRunner$CommandLineProgressMonitor - 1733 nuclei detected (53%)
2024-10-22 20:52:54 INFO: 20:52:54.072 [task-runner-1-38] [INFO ] q.lib.plugins.DetectionPluginTools - 3492 nuclei detected (processing time: 11.78 seconds)
2024-10-22 20:52:54 INFO: 20:52:54.072 [main] [INFO ] q.l.p.CommandLineTaskRunner$CommandLineProgressMonitor - 3492 nuclei detected (55%)
2024-10-22 20:52:54 INFO: 20:52:54.127 [task-runner-1-26] [INFO ] q.lib.plugins.DetectionPluginTools - 3695 nuclei detected (processing time: 11.84 seconds)
2024-10-22 20:52:54 INFO: 20:52:54.127 [main] [INFO ] q.l.p.CommandLineTaskRunner$CommandLineProgressMonitor - 3695 nuclei detected (57%)
2024-10-22 20:52:54 INFO: 20:52:54.152 [task-runner-1-14] [INFO ] q.lib.plugins.DetectionPluginTools - 4257 nuclei detected (processing time: 11.87 seconds)
2024-10-22 20:52:54 INFO: 20:52:54.153 [main] [INFO ] q.l.p.CommandLineTaskRunner$CommandLineProgressMonitor - 4257 nuclei detected (60%)
2024-10-22 20:52:54 INFO: 20:52:54.258 [task-runner-1-3] [INFO ] q.lib.plugins.DetectionPluginTools - 4794 nuclei detected (processing time: 11.97 seconds)
2024-10-22 20:52:54 INFO: 20:52:54.258 [main] [INFO ] q.l.p.CommandLineTaskRunner$CommandLineProgressMonitor - 4794 nuclei detected (63%)
2024-10-22 20:52:54 INFO: 20:52:54.312 [task-runner-1-23] [INFO ] q.lib.plugins.DetectionPluginTools - 4542 nuclei detected (processing time: 12.02 seconds)
2024-10-22 20:52:54 INFO: 20:52:54.312 [main] [INFO ] q.l.p.CommandLineTaskRunner$CommandLineProgressMonitor - 4542 nuclei detected (65%)
2024-10-22 20:52:54 INFO: 20:52:54.330 [task-runner-1-10] [INFO ] q.lib.plugins.DetectionPluginTools - 4934 nuclei detected (processing time: 12.04 seconds)
2024-10-22 20:52:54 INFO: 20:52:54.330 [main] [INFO ] q.l.p.CommandLineTaskRunner$CommandLineProgressMonitor - 4934 nuclei detected (68%)
2024-10-22 20:52:54 INFO: 20:52:54.572 [task-runner-1-18] [INFO ] q.lib.plugins.DetectionPluginTools - 6058 nuclei detected (processing time: 12.28 seconds)
2024-10-22 20:52:54 INFO: 20:52:54.573 [main] [INFO ] q.l.p.CommandLineTaskRunner$CommandLineProgressMonitor - 6058 nuclei detected (70%)
2024-10-22 20:52:54 INFO: 20:52:54.786 [task-runner-1-27] [INFO ] q.lib.plugins.DetectionPluginTools - 8106 nuclei detected (processing time: 12.50 seconds)
2024-10-22 20:52:54 INFO: 20:52:54.787 [main] [INFO ] q.l.p.CommandLineTaskRunner$CommandLineProgressMonitor - 8106 nuclei detected (73%)
2024-10-22 20:52:55 INFO: 20:52:55.813 [task-runner-1-13] [INFO ] q.lib.plugins.DetectionPluginTools - 9178 nuclei detected (processing time: 13.53 seconds)
2024-10-22 20:52:55 INFO: 20:52:55.813 [main] [INFO ] q.l.p.CommandLineTaskRunner$CommandLineProgressMonitor - 9178 nuclei detected (75%)
2024-10-22 20:52:55 INFO: 20:52:55.946 [task-runner-1-31] [INFO ] q.lib.plugins.DetectionPluginTools - 11221 nuclei detected (processing time: 13.66 seconds)
2024-10-22 20:52:55 INFO: 20:52:55.946 [main] [INFO ] q.l.p.CommandLineTaskRunner$CommandLineProgressMonitor - 11221 nuclei detected (78%)
2024-10-22 20:52:56 INFO: 20:52:56.406 [task-runner-1-28] [INFO ] q.lib.plugins.DetectionPluginTools - 9167 nuclei detected (processing time: 14.12 seconds)
2024-10-22 20:52:56 INFO: 20:52:56.407 [main] [INFO ] q.l.p.CommandLineTaskRunner$CommandLineProgressMonitor - 9167 nuclei detected (80%)
2024-10-22 20:52:56 INFO: 20:52:56.456 [task-runner-1-22] [INFO ] q.lib.plugins.DetectionPluginTools - 10619 nuclei detected (processing time: 14.17 seconds)
2024-10-22 20:52:56 INFO: 20:52:56.456 [main] [INFO ] q.l.p.CommandLineTaskRunner$CommandLineProgressMonitor - 10619 nuclei detected (83%)
2024-10-22 20:52:56 INFO: 20:52:56.508 [task-runner-1-12] [INFO ] q.lib.plugins.DetectionPluginTools - 10407 nuclei detected (processing time: 14.22 seconds)
2024-10-22 20:52:56 INFO: 20:52:56.508 [main] [INFO ] q.l.p.CommandLineTaskRunner$CommandLineProgressMonitor - 10407 nuclei detected (85%)
2024-10-22 20:52:56 INFO: 20:52:56.806 [task-runner-1-29] [INFO ] q.lib.plugins.DetectionPluginTools - 13796 nuclei detected (processing time: 14.52 seconds)
2024-10-22 20:52:56 INFO: 20:52:56.807 [main] [INFO ] q.l.p.CommandLineTaskRunner$CommandLineProgressMonitor - 13796 nuclei detected (88%)
2024-10-22 20:52:57 INFO: 20:52:57.119 [task-runner-1-21] [INFO ] q.lib.plugins.DetectionPluginTools - 12431 nuclei detected (processing time: 14.83 seconds)
2024-10-22 20:52:57 INFO: 20:52:57.119 [main] [INFO ] q.l.p.CommandLineTaskRunner$CommandLineProgressMonitor - 12431 nuclei detected (90%)
2024-10-22 20:52:57 INFO: 20:52:57.176 [task-runner-1-20] [INFO ] q.lib.plugins.DetectionPluginTools - 13402 nuclei detected (processing time: 14.89 seconds)
2024-10-22 20:52:57 INFO: 20:52:57.177 [main] [INFO ] q.l.p.CommandLineTaskRunner$CommandLineProgressMonitor - 13402 nuclei detected (93%)
2024-10-22 20:52:57 INFO: 20:52:57.361 [task-runner-1-11] [INFO ] q.lib.plugins.DetectionPluginTools - 16775 nuclei detected (processing time: 15.08 seconds)
2024-10-22 20:52:57 INFO: 20:52:57.362 [main] [INFO ] q.l.p.CommandLineTaskRunner$CommandLineProgressMonitor - 16775 nuclei detected (95%)
2024-10-22 20:52:57 INFO: 20:52:57.419 [task-runner-1-19] [INFO ] q.lib.plugins.DetectionPluginTools - 17423 nuclei detected (processing time: 15.13 seconds)
2024-10-22 20:52:57 INFO: 20:52:57.419 [main] [INFO ] q.l.p.CommandLineTaskRunner$CommandLineProgressMonitor - 17423 nuclei detected (98%)
2024-10-22 20:52:57 INFO: 20:52:57.636 [task-runner-1-30] [INFO ] q.lib.plugins.DetectionPluginTools - 16903 nuclei detected (processing time: 15.35 seconds)
2024-10-22 20:52:57 INFO: 20:52:57.636 [main] [INFO ] q.l.p.CommandLineTaskRunner$CommandLineProgressMonitor - 16903 nuclei detected (100%)
2024-10-22 20:52:57 INFO: 20:52:57.636 [main] [INFO ] q.l.p.CommandLineTaskRunner$CommandLineProgressMonitor - Processing complete in 15.36 seconds
2024-10-22 20:52:57 INFO: 20:52:57.636 [main] [INFO ] q.l.p.CommandLineTaskRunner$CommandLineProgressMonitor - Tasks completed!
2024-10-22 20:53:01 INFO: 20:53:01.200 [main] [WARN ] q.l.p.objects.SmoothFeaturesPlugin - Smoothing using annotations
2024-10-22 20:53:04 INFO: 20:53:04.217 [main] [INFO ] q.l.p.CommandLineTaskRunner$CommandLineProgressMonitor - Completed (100%)
2024-10-22 20:53:04 INFO: 20:53:04.218 [main] [INFO ] q.l.p.CommandLineTaskRunner$CommandLineProgressMonitor - Processing complete in 3.02 seconds
2024-10-22 20:53:04 INFO: 20:53:04.218 [main] [INFO ] q.l.p.CommandLineTaskRunner$CommandLineProgressMonitor - Tasks completed!
2024-10-22 20:53:04 INFO: 20:53:04.220 [main] [WARN ] q.l.p.objects.SmoothFeaturesPlugin - Smoothing using annotations
2024-10-22 20:53:11 INFO: 20:53:11.034 [main] [INFO ] q.l.p.CommandLineTaskRunner$CommandLineProgressMonitor - Completed (100%)
2024-10-22 20:53:11 INFO: 20:53:11.034 [main] [INFO ] q.l.p.CommandLineTaskRunner$CommandLineProgressMonitor - Processing complete in 6.81 seconds
2024-10-22 20:53:11 INFO: 20:53:11.034 [main] [INFO ] q.l.p.CommandLineTaskRunner$CommandLineProgressMonitor - Tasks completed!
2024-10-22 20:53:11 INFO: 20:53:11.037 [main] [WARN ] q.l.p.objects.SmoothFeaturesPlugin - Smoothing using annotations
2024-10-22 20:53:25 INFO: 20:53:25.698 [main] [INFO ] q.l.p.CommandLineTaskRunner$CommandLineProgressMonitor - Completed (100%)
2024-10-22 20:53:25 INFO: 20:53:25.699 [main] [INFO ] q.l.p.CommandLineTaskRunner$CommandLineProgressMonitor - Processing complete in 14.66 seconds
2024-10-22 20:53:25 INFO: 20:53:25.699 [main] [INFO ] q.l.p.CommandLineTaskRunner$CommandLineProgressMonitor - Tasks completed!
2024-10-22 20:53:25 INFO: 20:53:25.888 [task-runner-5-2] [INFO ] q.l.a.IntensityFeaturesPlugin - Splitting Rectangle (0, 0, 63784, 39311) into 40 tiles for intensity measurements
2024-10-22 20:53:26 INFO: 20:53:26.053 [main] [INFO ] q.l.p.CommandLineTaskRunner$CommandLineProgressMonitor - Completed (0%)
2024-10-22 20:53:26 INFO: 20:53:26.890 [main] [INFO ] q.l.p.CommandLineTaskRunner$CommandLineProgressMonitor - Completed (1%)
2024-10-22 20:53:27 INFO: 20:53:27.238 [main] [INFO ] q.l.p.CommandLineTaskRunner$CommandLineProgressMonitor - Completed (2%)
2024-10-22 20:53:27 INFO: 20:53:27.506 [main] [INFO ] q.l.p.CommandLineTaskRunner$CommandLineProgressMonitor - Completed (3%)
2024-10-22 20:53:27 INFO: 20:53:27.847 [main] [INFO ] q.l.p.CommandLineTaskRunner$CommandLineProgressMonitor - Completed (4%)
2024-10-22 20:53:28 INFO: 20:53:28.127 [main] [INFO ] q.l.p.CommandLineTaskRunner$CommandLineProgressMonitor - Completed (5%)
2024-10-22 20:53:28 INFO: 20:53:28.230 [main] [INFO ] q.l.p.CommandLineTaskRunner$CommandLineProgressMonitor - Completed (6%)
2024-10-22 20:53:28 INFO: 20:53:28.614 [main] [INFO ] q.l.p.CommandLineTaskRunner$CommandLineProgressMonitor - Completed (7%)
2024-10-22 20:53:28 INFO: 20:53:28.690 [main] [INFO ] q.l.p.CommandLineTaskRunner$CommandLineProgressMonitor - Completed (8%)
2024-10-22 20:53:28 INFO: 20:53:28.764 [main] [INFO ] q.l.p.CommandLineTaskRunner$CommandLineProgressMonitor - Completed (9%)
2024-10-22 20:53:28 INFO: 20:53:28.842 [main] [INFO ] q.l.p.CommandLineTaskRunner$CommandLineProgressMonitor - Completed (10%)
2024-10-22 20:53:28 INFO: 20:53:28.917 [main] [INFO ] q.l.p.CommandLineTaskRunner$CommandLineProgressMonitor - Completed (11%)
2024-10-22 20:53:28 INFO: 20:53:28.994 [main] [INFO ] q.l.p.CommandLineTaskRunner$CommandLineProgressMonitor - Completed (12%)
2024-10-22 20:53:29 INFO: 20:53:29.286 [main] [INFO ] q.l.p.CommandLineTaskRunner$CommandLineProgressMonitor - Completed (13%)
2024-10-22 20:53:29 INFO: 20:53:29.369 [main] [INFO ] q.l.p.CommandLineTaskRunner$CommandLineProgressMonitor - Completed (14%)
2024-10-22 20:53:29 INFO: 20:53:29.445 [main] [INFO ] q.l.p.CommandLineTaskRunner$CommandLineProgressMonitor - Completed (15%)
2024-10-22 20:53:29 INFO: 20:53:29.520 [main] [INFO ] q.l.p.CommandLineTaskRunner$CommandLineProgressMonitor - Completed (16%)
2024-10-22 20:53:29 INFO: 20:53:29.596 [main] [INFO ] q.l.p.CommandLineTaskRunner$CommandLineProgressMonitor - Completed (17%)
2024-10-22 20:53:29 INFO: 20:53:29.674 [main] [INFO ] q.l.p.CommandLineTaskRunner$CommandLineProgressMonitor - Completed (18%)
2024-10-22 20:53:29 INFO: 20:53:29.750 [main] [INFO ] q.l.p.CommandLineTaskRunner$CommandLineProgressMonitor - Completed (19%)
2024-10-22 20:53:29 INFO: 20:53:29.836 [main] [INFO ] q.l.p.CommandLineTaskRunner$CommandLineProgressMonitor - Completed (20%)
2024-10-22 20:53:29 INFO: 20:53:29.914 [main] [INFO ] q.l.p.CommandLineTaskRunner$CommandLineProgressMonitor - Completed (21%)
2024-10-22 20:53:30 INFO: 20:53:30.267 [main] [INFO ] q.l.p.CommandLineTaskRunner$CommandLineProgressMonitor - Completed (22%)
2024-10-22 20:53:30 INFO: 20:53:30.413 [main] [INFO ] q.l.p.CommandLineTaskRunner$CommandLineProgressMonitor - Completed (23%)
2024-10-22 20:53:30 INFO: 20:53:30.532 [main] [INFO ] q.l.p.CommandLineTaskRunner$CommandLineProgressMonitor - Completed (24%)
2024-10-22 20:53:30 INFO: 20:53:30.661 [main] [INFO ] q.l.p.CommandLineTaskRunner$CommandLineProgressMonitor - Completed (25%)
2024-10-22 20:53:30 INFO: 20:53:30.785 [main] [INFO ] q.l.p.CommandLineTaskRunner$CommandLineProgressMonitor - Completed (26%)
2024-10-22 20:53:30 INFO: 20:53:30.909 [main] [INFO ] q.l.p.CommandLineTaskRunner$CommandLineProgressMonitor - Completed (27%)
2024-10-22 20:53:31 INFO: 20:53:31.008 [main] [INFO ] q.l.p.CommandLineTaskRunner$CommandLineProgressMonitor - Completed (28%)
2024-10-22 20:53:31 INFO: 20:53:31.108 [main] [INFO ] q.l.p.CommandLineTaskRunner$CommandLineProgressMonitor - Completed (29%)
2024-10-22 20:53:31 INFO: 20:53:31.207 [main] [INFO ] q.l.p.CommandLineTaskRunner$CommandLineProgressMonitor - Completed (30%)
2024-10-22 20:53:31 INFO: 20:53:31.305 [main] [INFO ] q.l.p.CommandLineTaskRunner$CommandLineProgressMonitor - Completed (31%)
2024-10-22 20:53:31 INFO: 20:53:31.410 [main] [INFO ] q.l.p.CommandLineTaskRunner$CommandLineProgressMonitor - Completed (32%)
2024-10-22 20:53:31 INFO: 20:53:31.565 [main] [INFO ] q.l.p.CommandLineTaskRunner$CommandLineProgressMonitor - Completed (33%)
2024-10-22 20:53:31 INFO: 20:53:31.663 [main] [INFO ] q.l.p.CommandLineTaskRunner$CommandLineProgressMonitor - Completed (34%)
2024-10-22 20:53:31 INFO: 20:53:31.760 [main] [INFO ] q.l.p.CommandLineTaskRunner$CommandLineProgressMonitor - Completed (35%)
2024-10-22 20:53:31 INFO: 20:53:31.856 [main] [INFO ] q.l.p.CommandLineTaskRunner$CommandLineProgressMonitor - Completed (36%)
2024-10-22 20:53:31 INFO: 20:53:31.955 [main] [INFO ] q.l.p.CommandLineTaskRunner$CommandLineProgressMonitor - Completed (37%)
2024-10-22 20:53:32 INFO: 20:53:32.054 [main] [INFO ] q.l.p.CommandLineTaskRunner$CommandLineProgressMonitor - Completed (38%)
2024-10-22 20:53:32 INFO: 20:53:32.155 [main] [INFO ] q.l.p.CommandLineTaskRunner$CommandLineProgressMonitor - Completed (39%)
2024-10-22 20:53:32 INFO: 20:53:32.250 [main] [INFO ] q.l.p.CommandLineTaskRunner$CommandLineProgressMonitor - Completed (40%)
2024-10-22 20:53:32 INFO: 20:53:32.346 [main] [INFO ] q.l.p.CommandLineTaskRunner$CommandLineProgressMonitor - Completed (41%)
2024-10-22 20:53:32 INFO: 20:53:32.445 [main] [INFO ] q.l.p.CommandLineTaskRunner$CommandLineProgressMonitor - Completed (42%)
2024-10-22 20:53:32 INFO: 20:53:32.544 [main] [INFO ] q.l.p.CommandLineTaskRunner$CommandLineProgressMonitor - Completed (43%)
2024-10-22 20:53:32 INFO: 20:53:32.644 [main] [INFO ] q.l.p.CommandLineTaskRunner$CommandLineProgressMonitor - Completed (44%)
2024-10-22 20:53:32 INFO: 20:53:32.743 [main] [INFO ] q.l.p.CommandLineTaskRunner$CommandLineProgressMonitor - Completed (45%)
2024-10-22 20:53:32 INFO: 20:53:32.840 [main] [INFO ] q.l.p.CommandLineTaskRunner$CommandLineProgressMonitor - Completed (46%)
2024-10-22 20:53:32 INFO: 20:53:32.941 [main] [INFO ] q.l.p.CommandLineTaskRunner$CommandLineProgressMonitor - Completed (47%)
2024-10-22 20:53:33 INFO: 20:53:33.042 [main] [INFO ] q.l.p.CommandLineTaskRunner$CommandLineProgressMonitor - Completed (48%)
2024-10-22 20:53:33 INFO: 20:53:33.141 [main] [INFO ] q.l.p.CommandLineTaskRunner$CommandLineProgressMonitor - Completed (49%)
2024-10-22 20:53:33 INFO: 20:53:33.238 [main] [INFO ] q.l.p.CommandLineTaskRunner$CommandLineProgressMonitor - Completed (50%)
2024-10-22 20:53:33 INFO: 20:53:33.337 [main] [INFO ] q.l.p.CommandLineTaskRunner$CommandLineProgressMonitor - Completed (51%)
2024-10-22 20:53:33 INFO: 20:53:33.436 [main] [INFO ] q.l.p.CommandLineTaskRunner$CommandLineProgressMonitor - Completed (52%)
2024-10-22 20:53:33 INFO: 20:53:33.569 [main] [INFO ] q.l.p.CommandLineTaskRunner$CommandLineProgressMonitor - Completed (53%)
2024-10-22 20:53:33 INFO: 20:53:33.774 [main] [INFO ] q.l.p.CommandLineTaskRunner$CommandLineProgressMonitor - Completed (54%)
2024-10-22 20:53:33 INFO: 20:53:33.871 [main] [INFO ] q.l.p.CommandLineTaskRunner$CommandLineProgressMonitor - Completed (55%)
2024-10-22 20:53:33 INFO: 20:53:33.977 [main] [INFO ] q.l.p.CommandLineTaskRunner$CommandLineProgressMonitor - Completed (56%)
2024-10-22 20:53:34 INFO: 20:53:34.075 [main] [INFO ] q.l.p.CommandLineTaskRunner$CommandLineProgressMonitor - Completed (57%)
2024-10-22 20:53:34 INFO: 20:53:34.169 [main] [INFO ] q.l.p.CommandLineTaskRunner$CommandLineProgressMonitor - Completed (58%)
2024-10-22 20:53:34 INFO: 20:53:34.261 [main] [INFO ] q.l.p.CommandLineTaskRunner$CommandLineProgressMonitor - Completed (59%)
2024-10-22 20:53:34 INFO: 20:53:34.354 [main] [INFO ] q.l.p.CommandLineTaskRunner$CommandLineProgressMonitor - Completed (60%)
2024-10-22 20:53:34 INFO: 20:53:34.456 [main] [INFO ] q.l.p.CommandLineTaskRunner$CommandLineProgressMonitor - Completed (61%)
2024-10-22 20:53:34 INFO: 20:53:34.554 [main] [INFO ] q.l.p.CommandLineTaskRunner$CommandLineProgressMonitor - Completed (62%)
2024-10-22 20:53:34 INFO: 20:53:34.650 [main] [INFO ] q.l.p.CommandLineTaskRunner$CommandLineProgressMonitor - Completed (63%)
2024-10-22 20:53:34 INFO: 20:53:34.747 [main] [INFO ] q.l.p.CommandLineTaskRunner$CommandLineProgressMonitor - Completed (64%)
2024-10-22 20:53:35 INFO: 20:53:35.005 [main] [INFO ] q.l.p.CommandLineTaskRunner$CommandLineProgressMonitor - Completed (65%)
2024-10-22 20:53:35 INFO: 20:53:35.130 [main] [INFO ] q.l.p.CommandLineTaskRunner$CommandLineProgressMonitor - Completed (66%)
2024-10-22 20:53:35 INFO: 20:53:35.258 [main] [INFO ] q.l.p.CommandLineTaskRunner$CommandLineProgressMonitor - Completed (67%)
2024-10-22 20:53:35 INFO: 20:53:35.382 [main] [INFO ] q.l.p.CommandLineTaskRunner$CommandLineProgressMonitor - Completed (68%)
2024-10-22 20:53:35 INFO: 20:53:35.506 [main] [INFO ] q.l.p.CommandLineTaskRunner$CommandLineProgressMonitor - Completed (69%)
2024-10-22 20:53:35 INFO: 20:53:35.631 [main] [INFO ] q.l.p.CommandLineTaskRunner$CommandLineProgressMonitor - Completed (70%)
2024-10-22 20:53:35 INFO: 20:53:35.737 [main] [INFO ] q.l.p.CommandLineTaskRunner$CommandLineProgressMonitor - Completed (71%)
2024-10-22 20:53:35 INFO: 20:53:35.854 [main] [INFO ] q.l.p.CommandLineTaskRunner$CommandLineProgressMonitor - Completed (72%)
2024-10-22 20:53:35 INFO: 20:53:35.969 [main] [INFO ] q.l.p.CommandLineTaskRunner$CommandLineProgressMonitor - Completed (73%)
2024-10-22 20:53:36 INFO: 20:53:36.061 [main] [INFO ] q.l.p.CommandLineTaskRunner$CommandLineProgressMonitor - Completed (74%)
2024-10-22 20:53:36 INFO: 20:53:36.137 [main] [INFO ] q.l.p.CommandLineTaskRunner$CommandLineProgressMonitor - Completed (75%)
2024-10-22 20:53:36 INFO: 20:53:36.212 [main] [INFO ] q.l.p.CommandLineTaskRunner$CommandLineProgressMonitor - Completed (76%)
2024-10-22 20:53:36 INFO: 20:53:36.288 [main] [INFO ] q.l.p.CommandLineTaskRunner$CommandLineProgressMonitor - Completed (77%)
2024-10-22 20:53:36 INFO: 20:53:36.365 [main] [INFO ] q.l.p.CommandLineTaskRunner$CommandLineProgressMonitor - Completed (78%)
2024-10-22 20:53:36 INFO: 20:53:36.440 [main] [INFO ] q.l.p.CommandLineTaskRunner$CommandLineProgressMonitor - Completed (79%)
2024-10-22 20:53:36 INFO: 20:53:36.516 [main] [INFO ] q.l.p.CommandLineTaskRunner$CommandLineProgressMonitor - Completed (80%)
2024-10-22 20:53:36 INFO: 20:53:36.592 [main] [INFO ] q.l.p.CommandLineTaskRunner$CommandLineProgressMonitor - Completed (81%)
2024-10-22 20:53:36 INFO: 20:53:36.753 [main] [INFO ] q.l.p.CommandLineTaskRunner$CommandLineProgressMonitor - Completed (82%)
2024-10-22 20:53:36 INFO: 20:53:36.832 [main] [INFO ] q.l.p.CommandLineTaskRunner$CommandLineProgressMonitor - Completed (83%)
2024-10-22 20:53:36 INFO: 20:53:36.908 [main] [INFO ] q.l.p.CommandLineTaskRunner$CommandLineProgressMonitor - Completed (84%)
2024-10-22 20:53:36 INFO: 20:53:36.985 [main] [INFO ] q.l.p.CommandLineTaskRunner$CommandLineProgressMonitor - Completed (85%)
2024-10-22 20:53:37 INFO: 20:53:37.062 [main] [INFO ] q.l.p.CommandLineTaskRunner$CommandLineProgressMonitor - Completed (86%)
2024-10-22 20:53:37 INFO: 20:53:37.137 [main] [INFO ] q.l.p.CommandLineTaskRunner$CommandLineProgressMonitor - Completed (87%)
2024-10-22 20:53:37 INFO: 20:53:37.213 [main] [INFO ] q.l.p.CommandLineTaskRunner$CommandLineProgressMonitor - Completed (88%)
2024-10-22 20:53:37 INFO: 20:53:37.290 [main] [INFO ] q.l.p.CommandLineTaskRunner$CommandLineProgressMonitor - Completed (89%)
2024-10-22 20:53:37 INFO: 20:53:37.365 [main] [INFO ] q.l.p.CommandLineTaskRunner$CommandLineProgressMonitor - Completed (90%)
2024-10-22 20:53:37 INFO: 20:53:37.441 [main] [INFO ] q.l.p.CommandLineTaskRunner$CommandLineProgressMonitor - Completed (91%)
2024-10-22 20:53:37 INFO: 20:53:37.518 [main] [INFO ] q.l.p.CommandLineTaskRunner$CommandLineProgressMonitor - Completed (92%)
2024-10-22 20:53:37 INFO: 20:53:37.594 [main] [INFO ] q.l.p.CommandLineTaskRunner$CommandLineProgressMonitor - Completed (93%)
2024-10-22 20:53:37 INFO: 20:53:37.669 [main] [INFO ] q.l.p.CommandLineTaskRunner$CommandLineProgressMonitor - Completed (94%)
2024-10-22 20:53:37 INFO: 20:53:37.746 [main] [INFO ] q.l.p.CommandLineTaskRunner$CommandLineProgressMonitor - Completed (95%)
2024-10-22 20:53:37 INFO: 20:53:37.822 [main] [INFO ] q.l.p.CommandLineTaskRunner$CommandLineProgressMonitor - Completed (96%)
2024-10-22 20:53:37 INFO: 20:53:37.898 [main] [INFO ] q.l.p.CommandLineTaskRunner$CommandLineProgressMonitor - Completed (97%)
2024-10-22 20:53:37 INFO: 20:53:37.973 [main] [INFO ] q.l.p.CommandLineTaskRunner$CommandLineProgressMonitor - Completed (98%)
2024-10-22 20:53:38 INFO: 20:53:38.050 [main] [INFO ] q.l.p.CommandLineTaskRunner$CommandLineProgressMonitor - Completed (99%)
2024-10-22 20:53:38 INFO: 20:53:38.125 [main] [INFO ] q.l.p.CommandLineTaskRunner$CommandLineProgressMonitor - Completed (100%)
2024-10-22 20:54:34 INFO: 20:54:34.403 [main] [INFO ] q.l.p.CommandLineTaskRunner$CommandLineProgressMonitor - Completed (100%)
2024-10-22 20:54:34 INFO: 20:54:34.404 [main] [INFO ] q.l.p.CommandLineTaskRunner$CommandLineProgressMonitor - Processing complete in 68.53 seconds
2024-10-22 20:54:34 INFO: 20:54:34.405 [main] [INFO ] q.l.p.CommandLineTaskRunner$CommandLineProgressMonitor - Tasks completed!
2024-10-22 20:56:29 INFO: 20:56:29.525 [task-runner-6-1] [WARN ] q.o.features.DelaunayTriangulation - Some objects have missing measurements! Statistics will calculated only for objects with measurements available.
2024-10-22 20:56:29 INFO: 20:56:29.525 [task-runner-6-1] [WARN ] q.o.features.DelaunayTriangulation - Missing measurements: [ROI: 1.00 µm per pixel: Residual: Haralick Correlation (F2), ROI: 1.00 µm per pixel: Residual: Haralick Information measure of correlation 1 (F11), ROI: 1.00 µm per pixel: OD Sum: Haralick Correlation (F2), ROI: 1.00 µm per pixel: OD Sum: Haralick Information measure of correlation 1 (F11), ROI: 1.00 µm per pixel: Green: Haralick Correlation (F2), ROI: 1.00 µm per pixel: Green: Haralick Information measure of correlation 1 (F11), ROI: 1.00 µm per pixel: Blue: Haralick Correlation (F2), ROI: 1.00 µm per pixel: Blue: Haralick Information measure of correlation 1 (F11), ROI: 1.00 µm per pixel: Brightness: Haralick Correlation (F2), ROI: 1.00 µm per pixel: Brightness: Haralick Information measure of correlation 1 (F11)]
2024-10-22 20:56:29 INFO: 20:56:29.552 [main] [INFO ] q.l.p.CommandLineTaskRunner$CommandLineProgressMonitor - Delaunay triangulation calculated for Annotation (178557 objects) (100%)
2024-10-22 20:56:29 INFO: 20:56:29.553 [main] [INFO ] q.l.p.CommandLineTaskRunner$CommandLineProgressMonitor - Processing complete in 115.10 seconds
2024-10-22 20:56:29 INFO: 20:56:29.553 [main] [INFO ] q.l.p.CommandLineTaskRunner$CommandLineProgressMonitor - Tasks completed!
2024-10-22 20:58:29 INFO: TCGA-GI-A2C8-01Z-00-DX1.09BD8AC9-645A-4C8B-9B36-77D833BDBA09
2024-10-22 20:58:29 INFO: QuPath subprocess completed.
2024-10-22 20:58:40 INFO: QuPath image extraction completed successfully. Output directory: /home/ilants/Documents/jupyter_test/single_image_multiple_params/exp_requestedPixelSizeMicrons_1.0
2024-10-22 20:58:40 INFO: Summary table saved to: /home/ilants/Documents/jupyter_test/single_image_multiple_params/exp_requestedPixelSizeMicrons_1.0/Summary_Table.csv
2024-10-22 20:58:40 INFO: Experiment completed successfully.
