2024-10-23 02:11:39 INFO: Starting experiment with for minAreaMicrons with value of 9.0
2024-10-23 02:11:39 INFO: Running with the following configuration:
{'detectionImageBrightfield': 'Hematoxylin OD', 'requestedPixelSizeMicrons': 0.5, 'backgroundRadiusMicrons': 4.0, 'backgroundByReconstruction': True, 'medianRadiusMicrons': 0.0, 'sigmaMicrons': 1.5, 'minAreaMicrons': 9.0, 'maxAreaMicrons': 80.0, 'threshold': 0.1, 'maxBackground': 2.0, 'watershedPostProcess': True, 'cellExpansionMicrons': 5.0, 'includeNuclei': True, 'smoothBoundaries': True, 'makeMeasurements': True, 'backgroundRadiusPixel': 8.0, 'cellExpansionPixel': 10.0, 'medianRadiusPixel': 0.0, 'minAreaPixel': 20.0, 'maxAreaPixel': 160.0}
2024-10-23 02:11:39 INFO: Starting QuPath image extraction with the following parameters: image_dir=/home/ilants/Documents/jupyter_test, output_dir=/home/ilants/Documents/jupyter_test/single_image_multiple_params/exp_minAreaMicrons_9.0, image_type=svs, groovy_script=/home/ilants/Documents/utls/nucleus_detection_wargs.groovy, config_file=/home/ilants/Documents/jupyter_test/single_image_multiple_params/exp_minAreaMicrons_9.0/cfg.json, program_path=/home/ilants/Documents/QuPath-v0.5.1-Linux/QuPath/bin/QuPath
2024-10-23 02:11:40 INFO: 02:11:40.797 [main] [INFO ] qupath.lib.gui.prefs.PathPrefs - Setting default Locale to en_US
2024-10-23 02:11:40 INFO: 02:11:40.800 [main] [INFO ] qupath.lib.gui.prefs.PathPrefs - Setting Locale for FORMAT to en_US
2024-10-23 02:11:40 INFO: 02:11:40.800 [main] [INFO ] qupath.lib.gui.prefs.PathPrefs - Setting Locale for DISPLAY to en_US
2024-10-23 02:11:40 INFO: 02:11:40.814 [main] [INFO ] qupath.lib.common.ThreadTools - Setting parallelism to 63
2024-10-23 02:11:40 INFO: 02:11:40.836 [main] [INFO ] qupath.ScriptCommand - Setting tile cache size to 32200.00 MB (25.0% max memory)
2024-10-23 02:11:40 INFO: 02:11:40.895 [main] [INFO ] qupath.lib.scripting.QP - Initializing type adapters
2024-10-23 02:11:40 INFO: Warning: Versions of org.bytedeco:javacpp:1.5.9 and org.bytedeco:opencv:4.6.0-1.5.8 do not match.
2024-10-23 02:11:40 INFO: Warning: Versions of org.bytedeco:javacpp:1.5.9 and org.bytedeco:openblas:0.3.21-1.5.8 do not match.
2024-10-23 02:11:42 INFO: project parameters are: {"detectionImageBrightfield": "Hematoxylin OD","requestedPixelSizeMicrons": 0.5,"backgroundRadiusMicrons": 4.0,"backgroundByReconstruction": true,"medianRadiusMicrons": 0.0,"sigmaMicrons": 1.5,"minAreaMicrons": 9.0,"maxAreaMicrons": 80.0,"threshold": 0.1,"maxBackground": 2.0,"watershedPostProcess": true,"cellExpansionMicrons": 5.0,"includeNuclei": true,"smoothBoundaries": true,"makeMeasurements": true,"backgroundRadiusPixel": 8.0,"cellExpansionPixel": 10.0,"medianRadiusPixel": 0.0,"minAreaPixel": 20.0,"maxAreaPixel": 160.0}
2024-10-23 02:11:42 INFO: New project created at: /home/ilants/Documents/jupyter_test/single_image_multiple_params/exp_minAreaMicrons_9.0/QPProject
2024-10-23 02:11:42 INFO: Added: /home/ilants/Documents/jupyter_test/TCGA-GI-A2C8-01Z-00-DX1.09BD8AC9-645A-4C8B-9B36-77D833BDBA09.svs
2024-10-23 02:11:42 INFO: /home/ilants/Documents/jupyter_test/TCGA-GI-A2C8-01Z-00-DX1.09BD8AC9-645A-4C8B-9B36-77D833BDBA09.svs
2024-10-23 02:11:42 INFO: 02:11:42.855 [main] [INFO ] q.l.i.s.b.BioFormatsServerOptions - Setting max Bio-Formats readers to 32
2024-10-23 02:11:43 INFO: UriImageSupport (class qupath.lib.images.servers.bioformats.BioFormatsServerBuilder) support=3.0, builders=1
2024-10-23 02:11:43 INFO: true
2024-10-23 02:11:43 INFO: 02:11:43.511 [main] [WARN ] qupath.lib.scripting.QP - createSelectAllObject(boolean) is deprecated, use createFullImageAnnotation(boolean) instead
2024-10-23 02:11:43 INFO: 02:11:43.511 [main] [WARN ] qupath.lib.scripting.QP - createSelectAllObject(boolean, int, int) is deprecated, use createFullImageAnnotation(boolean, int, int) instead
2024-10-23 02:11:43 INFO: 02:11:43.521 [main] [WARN ] q.l.plugins.parameters.ParameterList - Unable to set parameter backgroundRadiusPixel with value 8.0
2024-10-23 02:11:43 INFO: 02:11:43.522 [main] [WARN ] q.l.plugins.parameters.ParameterList - Unable to set parameter cellExpansionPixel with value 10.0
2024-10-23 02:11:43 INFO: 02:11:43.522 [main] [WARN ] q.l.plugins.parameters.ParameterList - Unable to set parameter medianRadiusPixel with value 0.0
2024-10-23 02:11:43 INFO: 02:11:43.522 [main] [WARN ] q.l.plugins.parameters.ParameterList - Unable to set parameter minAreaPixel with value 20.0
2024-10-23 02:11:43 INFO: 02:11:43.522 [main] [WARN ] q.l.plugins.parameters.ParameterList - Unable to set parameter maxAreaPixel with value 160.0
2024-10-23 02:11:57 INFO: 02:11:57.066 [task-runner-1-16] [INFO ] q.lib.plugins.DetectionPluginTools - 0 nuclei detected (processing time: 13.44 seconds)
2024-10-23 02:11:57 INFO: 02:11:57.068 [main] [INFO ] q.l.p.CommandLineTaskRunner$CommandLineProgressMonitor - 0 nuclei detected (1%)
2024-10-23 02:11:57 INFO: 02:11:57.075 [task-runner-1-12] [INFO ] q.lib.plugins.DetectionPluginTools - 0 nuclei detected (processing time: 13.45 seconds)
2024-10-23 02:11:57 INFO: 02:11:57.077 [task-runner-1-4] [INFO ] q.lib.plugins.DetectionPluginTools - 0 nuclei detected (processing time: 13.45 seconds)
2024-10-23 02:11:57 INFO: 02:11:57.078 [task-runner-1-48] [INFO ] q.lib.plugins.DetectionPluginTools - 0 nuclei detected (processing time: 13.45 seconds)
2024-10-23 02:11:57 INFO: 02:11:57.078 [main] [INFO ] q.l.p.CommandLineTaskRunner$CommandLineProgressMonitor - 0 nuclei detected (2%)
2024-10-23 02:11:57 INFO: 02:11:57.079 [task-runner-1-3] [INFO ] q.lib.plugins.DetectionPluginTools - 0 nuclei detected (processing time: 13.46 seconds)
2024-10-23 02:11:57 INFO: 02:11:57.079 [main] [INFO ] q.l.p.CommandLineTaskRunner$CommandLineProgressMonitor - 0 nuclei detected (3%)
2024-10-23 02:11:57 INFO: 02:11:57.078 [task-runner-1-32] [INFO ] q.lib.plugins.DetectionPluginTools - 0 nuclei detected (processing time: 13.45 seconds)
2024-10-23 02:11:57 INFO: 02:11:57.079 [main] [INFO ] q.l.p.CommandLineTaskRunner$CommandLineProgressMonitor - 0 nuclei detected (4%)
2024-10-23 02:11:57 INFO: 02:11:57.079 [task-runner-1-1] [INFO ] q.lib.plugins.DetectionPluginTools - 0 nuclei detected (processing time: 13.46 seconds)
2024-10-23 02:11:57 INFO: 02:11:57.089 [task-runner-1-30] [INFO ] q.lib.plugins.DetectionPluginTools - 1 nucleus detected (processing time: 13.46 seconds)
2024-10-23 02:11:57 INFO: 02:11:57.089 [task-runner-1-15] [INFO ] q.lib.plugins.DetectionPluginTools - 0 nuclei detected (processing time: 13.46 seconds)
2024-10-23 02:11:57 INFO: 02:11:57.089 [main] [INFO ] q.l.p.CommandLineTaskRunner$CommandLineProgressMonitor - 1 nucleus detected (5%)
2024-10-23 02:11:57 INFO: 02:11:57.089 [main] [INFO ] q.l.p.CommandLineTaskRunner$CommandLineProgressMonitor - 0 nuclei detected (6%)
2024-10-23 02:11:57 INFO: 02:11:57.090 [task-runner-1-27] [INFO ] q.lib.plugins.DetectionPluginTools - 1 nucleus detected (processing time: 13.46 seconds)
2024-10-23 02:11:57 INFO: 02:11:57.090 [main] [INFO ] q.l.p.CommandLineTaskRunner$CommandLineProgressMonitor - 1 nucleus detected (6%)
2024-10-23 02:11:57 INFO: 02:11:57.092 [task-runner-1-7] [INFO ] q.lib.plugins.DetectionPluginTools - 1 nucleus detected (processing time: 13.47 seconds)
2024-10-23 02:11:57 INFO: 02:11:57.093 [task-runner-1-9] [INFO ] q.lib.plugins.DetectionPluginTools - 0 nuclei detected (processing time: 13.47 seconds)
2024-10-23 02:11:57 INFO: 02:11:57.093 [main] [INFO ] q.l.p.CommandLineTaskRunner$CommandLineProgressMonitor - 0 nuclei detected (7%)
2024-10-23 02:11:57 INFO: 02:11:57.094 [main] [INFO ] q.l.p.CommandLineTaskRunner$CommandLineProgressMonitor - 1 nucleus detected (8%)
2024-10-23 02:11:57 INFO: 02:11:57.094 [task-runner-1-11] [INFO ] q.lib.plugins.DetectionPluginTools - 1 nucleus detected (processing time: 13.47 seconds)
2024-10-23 02:11:57 INFO: 02:11:57.094 [task-runner-1-10] [INFO ] q.lib.plugins.DetectionPluginTools - 1 nucleus detected (processing time: 13.47 seconds)
2024-10-23 02:11:57 INFO: 02:11:57.101 [main] [INFO ] q.l.p.CommandLineTaskRunner$CommandLineProgressMonitor - 1 nucleus detected (9%)
2024-10-23 02:11:57 INFO: 02:11:57.104 [task-runner-1-2] [INFO ] q.lib.plugins.DetectionPluginTools - 3 nuclei detected (processing time: 13.48 seconds)
2024-10-23 02:11:57 INFO: 02:11:57.105 [task-runner-1-14] [INFO ] q.lib.plugins.DetectionPluginTools - 3 nuclei detected (processing time: 13.48 seconds)
2024-10-23 02:11:57 INFO: 02:11:57.105 [main] [INFO ] q.l.p.CommandLineTaskRunner$CommandLineProgressMonitor - 3 nuclei detected (9%)
2024-10-23 02:11:57 INFO: 02:11:57.105 [main] [INFO ] q.l.p.CommandLineTaskRunner$CommandLineProgressMonitor - 3 nuclei detected (10%)
2024-10-23 02:11:57 INFO: 02:11:57.111 [task-runner-1-29] [INFO ] q.lib.plugins.DetectionPluginTools - 5 nuclei detected (processing time: 13.48 seconds)
2024-10-23 02:11:57 INFO: 02:11:57.111 [task-runner-1-17] [INFO ] q.lib.plugins.DetectionPluginTools - 3 nuclei detected (processing time: 13.48 seconds)
2024-10-23 02:11:57 INFO: 02:11:57.112 [task-runner-1-13] [INFO ] q.lib.plugins.DetectionPluginTools - 8 nuclei detected (processing time: 13.49 seconds)
2024-10-23 02:11:57 INFO: 02:11:57.112 [task-runner-1-6] [INFO ] q.lib.plugins.DetectionPluginTools - 6 nuclei detected (processing time: 13.49 seconds)
2024-10-23 02:11:57 INFO: 02:11:57.112 [main] [INFO ] q.l.p.CommandLineTaskRunner$CommandLineProgressMonitor - 5 nuclei detected (11%)
2024-10-23 02:11:57 INFO: 02:11:57.112 [main] [INFO ] q.l.p.CommandLineTaskRunner$CommandLineProgressMonitor - 3 nuclei detected (11%)
2024-10-23 02:11:57 INFO: 02:11:57.112 [main] [INFO ] q.l.p.CommandLineTaskRunner$CommandLineProgressMonitor - 8 nuclei detected (12%)
2024-10-23 02:11:57 INFO: 02:11:57.115 [task-runner-1-8] [INFO ] q.lib.plugins.DetectionPluginTools - 2 nuclei detected (processing time: 13.49 seconds)
2024-10-23 02:11:57 INFO: 02:11:57.128 [main] [INFO ] q.l.p.CommandLineTaskRunner$CommandLineProgressMonitor - 6 nuclei detected (13%)
2024-10-23 02:11:57 INFO: 02:11:57.138 [task-runner-1-47] [INFO ] q.lib.plugins.DetectionPluginTools - 7 nuclei detected (processing time: 13.51 seconds)
2024-10-23 02:11:57 INFO: 02:11:57.130 [main] [INFO ] q.l.p.CommandLineTaskRunner$CommandLineProgressMonitor - 2 nuclei detected (13%)
2024-10-23 02:11:57 INFO: 02:11:57.140 [main] [INFO ] q.l.p.CommandLineTaskRunner$CommandLineProgressMonitor - 7 nuclei detected (14%)
2024-10-23 02:11:57 INFO: 02:11:57.163 [task-runner-1-28] [INFO ] q.lib.plugins.DetectionPluginTools - 22 nuclei detected (processing time: 13.53 seconds)
2024-10-23 02:11:57 INFO: 02:11:57.164 [main] [INFO ] q.l.p.CommandLineTaskRunner$CommandLineProgressMonitor - 22 nuclei detected (14%)
2024-10-23 02:11:57 INFO: 02:11:57.164 [task-runner-1-31] [INFO ] q.lib.plugins.DetectionPluginTools - 13 nuclei detected (processing time: 13.53 seconds)
2024-10-23 02:11:57 INFO: 02:11:57.170 [main] [INFO ] q.l.p.CommandLineTaskRunner$CommandLineProgressMonitor - 13 nuclei detected (15%)
2024-10-23 02:11:57 INFO: 02:11:57.217 [task-runner-1-26] [INFO ] q.lib.plugins.DetectionPluginTools - 51 nuclei detected (processing time: 13.59 seconds)
2024-10-23 02:11:57 INFO: 02:11:57.221 [main] [INFO ] q.l.p.CommandLineTaskRunner$CommandLineProgressMonitor - 51 nuclei detected (16%)
2024-10-23 02:11:57 INFO: 02:11:57.237 [task-runner-1-46] [INFO ] q.lib.plugins.DetectionPluginTools - 60 nuclei detected (processing time: 13.60 seconds)
2024-10-23 02:11:57 INFO: 02:11:57.240 [main] [INFO ] q.l.p.CommandLineTaskRunner$CommandLineProgressMonitor - 60 nuclei detected (16%)
2024-10-23 02:11:57 INFO: 02:11:57.325 [task-runner-1-5] [INFO ] q.lib.plugins.DetectionPluginTools - 66 nuclei detected (processing time: 13.70 seconds)
2024-10-23 02:11:57 INFO: 02:11:57.329 [main] [INFO ] q.l.p.CommandLineTaskRunner$CommandLineProgressMonitor - 66 nuclei detected (17%)
2024-10-23 02:11:57 INFO: 02:11:57.360 [task-runner-1-49] [INFO ] q.lib.plugins.DetectionPluginTools - 134 nuclei detected (processing time: 13.73 seconds)
2024-10-23 02:11:57 INFO: 02:11:57.362 [main] [INFO ] q.l.p.CommandLineTaskRunner$CommandLineProgressMonitor - 134 nuclei detected (18%)
2024-10-23 02:11:57 INFO: 02:11:57.428 [task-runner-1-45] [INFO ] q.lib.plugins.DetectionPluginTools - 118 nuclei detected (processing time: 13.79 seconds)
2024-10-23 02:11:57 INFO: 02:11:57.429 [main] [INFO ] q.l.p.CommandLineTaskRunner$CommandLineProgressMonitor - 118 nuclei detected (18%)
2024-10-23 02:11:57 INFO: 02:11:57.429 [task-runner-1-33] [INFO ] q.lib.plugins.DetectionPluginTools - 242 nuclei detected (processing time: 13.80 seconds)
2024-10-23 02:11:57 INFO: 02:11:57.431 [main] [INFO ] q.l.p.CommandLineTaskRunner$CommandLineProgressMonitor - 242 nuclei detected (19%)
2024-10-23 02:11:57 INFO: 02:11:57.442 [task-runner-1-19] [INFO ] q.lib.plugins.DetectionPluginTools - 162 nuclei detected (processing time: 13.81 seconds)
2024-10-23 02:11:57 INFO: 02:11:57.450 [main] [INFO ] q.l.p.CommandLineTaskRunner$CommandLineProgressMonitor - 162 nuclei detected (19%)
2024-10-23 02:11:57 INFO: 02:11:57.533 [task-runner-1-18] [INFO ] q.lib.plugins.DetectionPluginTools - 267 nuclei detected (processing time: 13.90 seconds)
2024-10-23 02:11:57 INFO: 02:11:57.540 [main] [INFO ] q.l.p.CommandLineTaskRunner$CommandLineProgressMonitor - 267 nuclei detected (20%)
2024-10-23 02:12:00 INFO: 02:12:00.412 [task-runner-1-63] [INFO ] q.lib.plugins.DetectionPluginTools - 154 nuclei detected (processing time: 16.78 seconds)
2024-10-23 02:12:00 INFO: 02:12:00.413 [main] [INFO ] q.l.p.CommandLineTaskRunner$CommandLineProgressMonitor - 154 nuclei detected (21%)
2024-10-23 02:12:00 INFO: 02:12:00.435 [task-runner-1-61] [INFO ] q.lib.plugins.DetectionPluginTools - 214 nuclei detected (processing time: 16.80 seconds)
2024-10-23 02:12:00 INFO: 02:12:00.438 [main] [INFO ] q.l.p.CommandLineTaskRunner$CommandLineProgressMonitor - 214 nuclei detected (21%)
2024-10-23 02:12:00 INFO: 02:12:00.465 [task-runner-1-62] [INFO ] q.lib.plugins.DetectionPluginTools - 224 nuclei detected (processing time: 16.83 seconds)
2024-10-23 02:12:00 INFO: 02:12:00.466 [main] [INFO ] q.l.p.CommandLineTaskRunner$CommandLineProgressMonitor - 224 nuclei detected (22%)
2024-10-23 02:12:00 INFO: 02:12:00.511 [task-runner-1-50] [INFO ] q.lib.plugins.DetectionPluginTools - 340 nuclei detected (processing time: 16.88 seconds)
2024-10-23 02:12:00 INFO: 02:12:00.515 [main] [INFO ] q.l.p.CommandLineTaskRunner$CommandLineProgressMonitor - 340 nuclei detected (23%)
2024-10-23 02:12:00 INFO: 02:12:00.520 [task-runner-1-44] [INFO ] q.lib.plugins.DetectionPluginTools - 283 nuclei detected (processing time: 16.89 seconds)
2024-10-23 02:12:00 INFO: 02:12:00.521 [main] [INFO ] q.l.p.CommandLineTaskRunner$CommandLineProgressMonitor - 283 nuclei detected (23%)
2024-10-23 02:12:00 INFO: 02:12:00.528 [task-runner-1-35] [INFO ] q.lib.plugins.DetectionPluginTools - 292 nuclei detected (processing time: 16.90 seconds)
2024-10-23 02:12:00 INFO: 02:12:00.530 [main] [INFO ] q.l.p.CommandLineTaskRunner$CommandLineProgressMonitor - 292 nuclei detected (24%)
2024-10-23 02:12:00 INFO: 02:12:00.750 [task-runner-1-25] [INFO ] q.lib.plugins.DetectionPluginTools - 363 nuclei detected (processing time: 17.12 seconds)
2024-10-23 02:12:00 INFO: 02:12:00.751 [main] [INFO ] q.l.p.CommandLineTaskRunner$CommandLineProgressMonitor - 363 nuclei detected (24%)
2024-10-23 02:12:00 INFO: 02:12:00.812 [task-runner-1-34] [INFO ] q.lib.plugins.DetectionPluginTools - 417 nuclei detected (processing time: 17.18 seconds)
2024-10-23 02:12:00 INFO: 02:12:00.813 [main] [INFO ] q.l.p.CommandLineTaskRunner$CommandLineProgressMonitor - 417 nuclei detected (25%)
2024-10-23 02:12:00 INFO: 02:12:00.927 [task-runner-1-20] [INFO ] q.lib.plugins.DetectionPluginTools - 724 nuclei detected (processing time: 17.30 seconds)
2024-10-23 02:12:00 INFO: 02:12:00.928 [main] [INFO ] q.l.p.CommandLineTaskRunner$CommandLineProgressMonitor - 724 nuclei detected (26%)
2024-10-23 02:12:01 INFO: 02:12:01.084 [task-runner-1-51] [INFO ] q.lib.plugins.DetectionPluginTools - 911 nuclei detected (processing time: 17.45 seconds)
2024-10-23 02:12:01 INFO: 02:12:01.087 [main] [INFO ] q.l.p.CommandLineTaskRunner$CommandLineProgressMonitor - 911 nuclei detected (26%)
2024-10-23 02:12:01 INFO: 02:12:01.169 [task-runner-1-23] [INFO ] q.lib.plugins.DetectionPluginTools - 1056 nuclei detected (processing time: 17.54 seconds)
2024-10-23 02:12:01 INFO: 02:12:01.170 [main] [INFO ] q.l.p.CommandLineTaskRunner$CommandLineProgressMonitor - 1056 nuclei detected (27%)
2024-10-23 02:12:01 INFO: 02:12:01.186 [task-runner-1-43] [INFO ] q.lib.plugins.DetectionPluginTools - 1024 nuclei detected (processing time: 17.55 seconds)
2024-10-23 02:12:01 INFO: 02:12:01.186 [main] [INFO ] q.l.p.CommandLineTaskRunner$CommandLineProgressMonitor - 1024 nuclei detected (28%)
2024-10-23 02:12:01 INFO: 02:12:01.208 [task-runner-1-24] [INFO ] q.lib.plugins.DetectionPluginTools - 1075 nuclei detected (processing time: 17.58 seconds)
2024-10-23 02:12:01 INFO: 02:12:01.209 [main] [INFO ] q.l.p.CommandLineTaskRunner$CommandLineProgressMonitor - 1075 nuclei detected (28%)
2024-10-23 02:12:01 INFO: 02:12:01.257 [task-runner-1-22] [INFO ] q.lib.plugins.DetectionPluginTools - 1436 nuclei detected (processing time: 17.63 seconds)
2024-10-23 02:12:01 INFO: 02:12:01.258 [main] [INFO ] q.l.p.CommandLineTaskRunner$CommandLineProgressMonitor - 1436 nuclei detected (29%)
2024-10-23 02:12:01 INFO: 02:12:01.267 [task-runner-1-60] [INFO ] q.lib.plugins.DetectionPluginTools - 1177 nuclei detected (processing time: 17.63 seconds)
2024-10-23 02:12:01 INFO: 02:12:01.268 [main] [INFO ] q.l.p.CommandLineTaskRunner$CommandLineProgressMonitor - 1177 nuclei detected (29%)
2024-10-23 02:12:01 INFO: 02:12:01.765 [task-runner-1-36] [INFO ] q.lib.plugins.DetectionPluginTools - 2150 nuclei detected (processing time: 18.13 seconds)
2024-10-23 02:12:01 INFO: 02:12:01.766 [main] [INFO ] q.l.p.CommandLineTaskRunner$CommandLineProgressMonitor - 2150 nuclei detected (30%)
2024-10-23 02:12:02 INFO: 02:12:02.795 [task-runner-1-59] [INFO ] q.lib.plugins.DetectionPluginTools - 2873 nuclei detected (processing time: 19.16 seconds)
2024-10-23 02:12:02 INFO: 02:12:02.805 [main] [INFO ] q.l.p.CommandLineTaskRunner$CommandLineProgressMonitor - 2873 nuclei detected (31%)
2024-10-23 02:12:02 INFO: 02:12:02.913 [task-runner-1-40] [INFO ] q.lib.plugins.DetectionPluginTools - 2213 nuclei detected (processing time: 19.28 seconds)
2024-10-23 02:12:02 INFO: 02:12:02.915 [main] [INFO ] q.l.p.CommandLineTaskRunner$CommandLineProgressMonitor - 2213 nuclei detected (31%)
2024-10-23 02:12:03 INFO: 02:12:03.560 [task-runner-1-16] [INFO ] q.lib.plugins.DetectionPluginTools - 1 nucleus detected (processing time: 6.49 seconds)
2024-10-23 02:12:03 INFO: 02:12:03.561 [main] [INFO ] q.l.p.CommandLineTaskRunner$CommandLineProgressMonitor - 1 nucleus detected (32%)
2024-10-23 02:12:03 INFO: 02:12:03.631 [task-runner-1-52] [INFO ] q.lib.plugins.DetectionPluginTools - 2653 nuclei detected (processing time: 20.00 seconds)
2024-10-23 02:12:03 INFO: 02:12:03.632 [main] [INFO ] q.l.p.CommandLineTaskRunner$CommandLineProgressMonitor - 2653 nuclei detected (33%)
2024-10-23 02:12:03 INFO: 02:12:03.825 [task-runner-1-29] [INFO ] q.lib.plugins.DetectionPluginTools - 0 nuclei detected (processing time: 6.71 seconds)
2024-10-23 02:12:03 INFO: 02:12:03.826 [main] [INFO ] q.l.p.CommandLineTaskRunner$CommandLineProgressMonitor - 0 nuclei detected (33%)
2024-10-23 02:12:04 INFO: 02:12:04.171 [task-runner-1-42] [INFO ] q.lib.plugins.DetectionPluginTools - 2777 nuclei detected (processing time: 20.54 seconds)
2024-10-23 02:12:04 INFO: 02:12:04.173 [main] [INFO ] q.l.p.CommandLineTaskRunner$CommandLineProgressMonitor - 2777 nuclei detected (34%)
2024-10-23 02:12:04 INFO: 02:12:04.750 [task-runner-1-21] [INFO ] q.lib.plugins.DetectionPluginTools - 3942 nuclei detected (processing time: 21.12 seconds)
2024-10-23 02:12:04 INFO: 02:12:04.751 [main] [INFO ] q.l.p.CommandLineTaskRunner$CommandLineProgressMonitor - 3942 nuclei detected (34%)
2024-10-23 02:12:04 INFO: 02:12:04.753 [task-runner-1-4] [INFO ] q.lib.plugins.DetectionPluginTools - 118 nuclei detected (processing time: 7.68 seconds)
2024-10-23 02:12:04 INFO: 02:12:04.753 [main] [INFO ] q.l.p.CommandLineTaskRunner$CommandLineProgressMonitor - 118 nuclei detected (35%)
2024-10-23 02:12:04 INFO: 02:12:04.927 [task-runner-1-12] [INFO ] q.lib.plugins.DetectionPluginTools - 391 nuclei detected (processing time: 7.85 seconds)
2024-10-23 02:12:04 INFO: 02:12:04.928 [main] [INFO ] q.l.p.CommandLineTaskRunner$CommandLineProgressMonitor - 391 nuclei detected (36%)
2024-10-23 02:12:04 INFO: 02:12:04.983 [task-runner-1-14] [INFO ] q.lib.plugins.DetectionPluginTools - 224 nuclei detected (processing time: 7.88 seconds)
2024-10-23 02:12:04 INFO: 02:12:04.984 [main] [INFO ] q.l.p.CommandLineTaskRunner$CommandLineProgressMonitor - 224 nuclei detected (36%)
2024-10-23 02:12:05 INFO: 02:12:05.055 [task-runner-1-41] [INFO ] q.lib.plugins.DetectionPluginTools - 2598 nuclei detected (processing time: 21.42 seconds)
2024-10-23 02:12:05 INFO: 02:12:05.165 [main] [INFO ] q.l.p.CommandLineTaskRunner$CommandLineProgressMonitor - 2598 nuclei detected (37%)
2024-10-23 02:12:05 INFO: 02:12:05.297 [task-runner-1-18] [INFO ] q.lib.plugins.DetectionPluginTools - 112 nuclei detected (processing time: 7.76 seconds)
2024-10-23 02:12:05 INFO: 02:12:05.299 [main] [INFO ] q.l.p.CommandLineTaskRunner$CommandLineProgressMonitor - 112 nuclei detected (38%)
2024-10-23 02:12:05 INFO: 02:12:05.694 [task-runner-1-13] [INFO ] q.lib.plugins.DetectionPluginTools - 142 nuclei detected (processing time: 8.58 seconds)
2024-10-23 02:12:05 INFO: 02:12:05.710 [main] [INFO ] q.l.p.CommandLineTaskRunner$CommandLineProgressMonitor - 142 nuclei detected (38%)
2024-10-23 02:12:06 INFO: 02:12:06.080 [task-runner-1-48] [INFO ] q.lib.plugins.DetectionPluginTools - 510 nuclei detected (processing time: 9.00 seconds)
2024-10-23 02:12:06 INFO: 02:12:06.081 [main] [INFO ] q.l.p.CommandLineTaskRunner$CommandLineProgressMonitor - 510 nuclei detected (39%)
2024-10-23 02:12:06 INFO: 02:12:06.141 [task-runner-1-17] [INFO ] q.lib.plugins.DetectionPluginTools - 119 nuclei detected (processing time: 9.03 seconds)
2024-10-23 02:12:06 INFO: 02:12:06.146 [main] [INFO ] q.l.p.CommandLineTaskRunner$CommandLineProgressMonitor - 119 nuclei detected (39%)
2024-10-23 02:12:06 INFO: 02:12:06.951 [task-runner-1-63] [INFO ] q.lib.plugins.DetectionPluginTools - 3 nuclei detected (processing time: 6.54 seconds)
2024-10-23 02:12:06 INFO: 02:12:06.954 [main] [INFO ] q.l.p.CommandLineTaskRunner$CommandLineProgressMonitor - 3 nuclei detected (40%)
2024-10-23 02:12:07 INFO: 02:12:07.022 [task-runner-1-6] [INFO ] q.lib.plugins.DetectionPluginTools - 914 nuclei detected (processing time: 9.90 seconds)
2024-10-23 02:12:07 INFO: 02:12:07.023 [main] [INFO ] q.l.p.CommandLineTaskRunner$CommandLineProgressMonitor - 914 nuclei detected (41%)
2024-10-23 02:12:07 INFO: 02:12:07.068 [task-runner-1-39] [INFO ] q.lib.plugins.DetectionPluginTools - 3042 nuclei detected (processing time: 23.44 seconds)
2024-10-23 02:12:07 INFO: 02:12:07.070 [main] [INFO ] q.l.p.CommandLineTaskRunner$CommandLineProgressMonitor - 3042 nuclei detected (41%)
2024-10-23 02:12:07 INFO: 02:12:07.446 [task-runner-1-50] [INFO ] q.lib.plugins.DetectionPluginTools - 254 nuclei detected (processing time: 6.93 seconds)
2024-10-23 02:12:07 INFO: 02:12:07.448 [main] [INFO ] q.l.p.CommandLineTaskRunner$CommandLineProgressMonitor - 254 nuclei detected (42%)
2024-10-23 02:12:07 INFO: 02:12:07.606 [task-runner-1-58] [INFO ] q.lib.plugins.DetectionPluginTools - 2782 nuclei detected (processing time: 23.97 seconds)
2024-10-23 02:12:07 INFO: 02:12:07.608 [main] [INFO ] q.l.p.CommandLineTaskRunner$CommandLineProgressMonitor - 2782 nuclei detected (43%)
2024-10-23 02:12:07 INFO: 02:12:07.762 [task-runner-1-36] [INFO ] q.lib.plugins.DetectionPluginTools - 47 nuclei detected (processing time: 6.00 seconds)
2024-10-23 02:12:07 INFO: 02:12:07.764 [main] [INFO ] q.l.p.CommandLineTaskRunner$CommandLineProgressMonitor - 47 nuclei detected (43%)
2024-10-23 02:12:07 INFO: 02:12:07.807 [task-runner-1-2] [INFO ] q.lib.plugins.DetectionPluginTools - 764 nuclei detected (processing time: 10.70 seconds)
2024-10-23 02:12:07 INFO: 02:12:07.809 [main] [INFO ] q.l.p.CommandLineTaskRunner$CommandLineProgressMonitor - 764 nuclei detected (44%)
2024-10-23 02:12:07 INFO: 02:12:07.941 [task-runner-1-37] [INFO ] q.lib.plugins.DetectionPluginTools - 4654 nuclei detected (processing time: 24.31 seconds)
2024-10-23 02:12:07 INFO: 02:12:07.942 [main] [INFO ] q.l.p.CommandLineTaskRunner$CommandLineProgressMonitor - 4654 nuclei detected (44%)
2024-10-23 02:12:08 INFO: 02:12:08.357 [task-runner-1-38] [INFO ] q.lib.plugins.DetectionPluginTools - 3999 nuclei detected (processing time: 24.73 seconds)
2024-10-23 02:12:08 INFO: 02:12:08.359 [main] [INFO ] q.l.p.CommandLineTaskRunner$CommandLineProgressMonitor - 3999 nuclei detected (45%)
2024-10-23 02:12:08 INFO: 02:12:08.361 [task-runner-1-62] [INFO ] q.lib.plugins.DetectionPluginTools - 154 nuclei detected (processing time: 7.90 seconds)
2024-10-23 02:12:08 INFO: 02:12:08.362 [main] [INFO ] q.l.p.CommandLineTaskRunner$CommandLineProgressMonitor - 154 nuclei detected (46%)
2024-10-23 02:12:08 INFO: 02:12:08.384 [task-runner-1-61] [INFO ] q.lib.plugins.DetectionPluginTools - 154 nuclei detected (processing time: 7.94 seconds)
2024-10-23 02:12:08 INFO: 02:12:08.598 [task-runner-1-55] [INFO ] q.lib.plugins.DetectionPluginTools - 3415 nuclei detected (processing time: 24.96 seconds)
2024-10-23 02:12:08 INFO: 02:12:08.600 [main] [INFO ] q.l.p.CommandLineTaskRunner$CommandLineProgressMonitor - 3415 nuclei detected (47%)
2024-10-23 02:12:08 INFO: 02:12:08.601 [task-runner-1-59] [INFO ] q.lib.plugins.DetectionPluginTools - 1 nucleus detected (processing time: 5.80 seconds)
2024-10-23 02:12:08 INFO: 02:12:08.601 [main] [INFO ] q.l.p.CommandLineTaskRunner$CommandLineProgressMonitor - 1 nucleus detected (48%)
2024-10-23 02:12:08 INFO: 02:12:08.698 [task-runner-1-57] [INFO ] q.lib.plugins.DetectionPluginTools - 3408 nuclei detected (processing time: 25.06 seconds)
2024-10-23 02:12:08 INFO: 02:12:08.700 [main] [INFO ] q.l.p.CommandLineTaskRunner$CommandLineProgressMonitor - 3408 nuclei detected (48%)
2024-10-23 02:12:08 INFO: 02:12:08.781 [task-runner-1-54] [INFO ] q.lib.plugins.DetectionPluginTools - 4833 nuclei detected (processing time: 25.15 seconds)
2024-10-23 02:12:08 INFO: 02:12:08.783 [main] [INFO ] q.l.p.CommandLineTaskRunner$CommandLineProgressMonitor - 4833 nuclei detected (49%)
2024-10-23 02:12:10 INFO: 02:12:10.073 [task-runner-1-19] [INFO ] q.lib.plugins.DetectionPluginTools - 811 nuclei detected (processing time: 12.62 seconds)
2024-10-23 02:12:10 INFO: 02:12:10.074 [main] [INFO ] q.l.p.CommandLineTaskRunner$CommandLineProgressMonitor - 811 nuclei detected (49%)
2024-10-23 02:12:10 INFO: 02:12:10.110 [task-runner-1-40] [INFO ] q.lib.plugins.DetectionPluginTools - 350 nuclei detected (processing time: 7.20 seconds)
2024-10-23 02:12:10 INFO: 02:12:10.112 [main] [INFO ] q.l.p.CommandLineTaskRunner$CommandLineProgressMonitor - 350 nuclei detected (50%)
2024-10-23 02:12:10 INFO: 02:12:10.276 [task-runner-1-56] [INFO ] q.lib.plugins.DetectionPluginTools - 4189 nuclei detected (processing time: 26.64 seconds)
2024-10-23 02:12:10 INFO: 02:12:10.279 [main] [INFO ] q.l.p.CommandLineTaskRunner$CommandLineProgressMonitor - 4189 nuclei detected (51%)
2024-10-23 02:12:10 INFO: 02:12:10.928 [task-runner-1-10] [INFO ] q.lib.plugins.DetectionPluginTools - 1494 nuclei detected (processing time: 13.83 seconds)
2024-10-23 02:12:10 INFO: 02:12:10.932 [main] [INFO ] q.l.p.CommandLineTaskRunner$CommandLineProgressMonitor - 1494 nuclei detected (51%)
2024-10-23 02:12:11 INFO: 02:12:11.509 [task-runner-1-16] [INFO ] q.lib.plugins.DetectionPluginTools - 265 nuclei detected (processing time: 7.95 seconds)
2024-10-23 02:12:11 INFO: 02:12:11.669 [main] [INFO ] q.l.p.CommandLineTaskRunner$CommandLineProgressMonitor - 265 nuclei detected (52%)
2024-10-23 02:12:12 INFO: 02:12:12.302 [task-runner-1-53] [INFO ] q.lib.plugins.DetectionPluginTools - 6296 nuclei detected (processing time: 28.67 seconds)
2024-10-23 02:12:12 INFO: 02:12:12.307 [main] [INFO ] q.l.p.CommandLineTaskRunner$CommandLineProgressMonitor - 6296 nuclei detected (53%)
2024-10-23 02:12:12 INFO: 02:12:12.670 [task-runner-1-63] [INFO ] q.lib.plugins.DetectionPluginTools - 0 nuclei detected (processing time: 5.71 seconds)
2024-10-23 02:12:12 INFO: 02:12:12.671 [main] [INFO ] q.l.p.CommandLineTaskRunner$CommandLineProgressMonitor - 0 nuclei detected (53%)
2024-10-23 02:12:13 INFO: 02:12:13.226 [task-runner-1-52] [INFO ] q.lib.plugins.DetectionPluginTools - 329 nuclei detected (processing time: 9.59 seconds)
2024-10-23 02:12:13 INFO: 02:12:13.233 [main] [INFO ] q.l.p.CommandLineTaskRunner$CommandLineProgressMonitor - 329 nuclei detected (54%)
2024-10-23 02:12:13 INFO: 02:12:13.300 [task-runner-1-6] [INFO ] q.lib.plugins.DetectionPluginTools - 0 nuclei detected (processing time: 6.28 seconds)
2024-10-23 02:12:13 INFO: 02:12:13.302 [main] [INFO ] q.l.p.CommandLineTaskRunner$CommandLineProgressMonitor - 0 nuclei detected (54%)
2024-10-23 02:12:13 INFO: 02:12:13.446 [task-runner-1-50] [INFO ] q.lib.plugins.DetectionPluginTools - 82 nuclei detected (processing time: 6.00 seconds)
2024-10-23 02:12:13 INFO: 02:12:13.447 [main] [INFO ] q.l.p.CommandLineTaskRunner$CommandLineProgressMonitor - 82 nuclei detected (55%)
2024-10-23 02:12:13 INFO: 02:12:13.745 [task-runner-1-39] [INFO ] q.lib.plugins.DetectionPluginTools - 114 nuclei detected (processing time: 6.67 seconds)
2024-10-23 02:12:13 INFO: 02:12:13.746 [main] [INFO ] q.l.p.CommandLineTaskRunner$CommandLineProgressMonitor - 114 nuclei detected (56%)
2024-10-23 02:12:14 INFO: 02:12:14.006 [task-runner-1-36] [INFO ] q.lib.plugins.DetectionPluginTools - 4 nuclei detected (processing time: 6.24 seconds)
2024-10-23 02:12:14 INFO: 02:12:14.008 [main] [INFO ] q.l.p.CommandLineTaskRunner$CommandLineProgressMonitor - 4 nuclei detected (56%)
2024-10-23 02:12:14 INFO: 02:12:14.469 [task-runner-1-58] [INFO ] q.lib.plugins.DetectionPluginTools - 118 nuclei detected (processing time: 6.86 seconds)
2024-10-23 02:12:14 INFO: 02:12:14.470 [main] [INFO ] q.l.p.CommandLineTaskRunner$CommandLineProgressMonitor - 118 nuclei detected (57%)
2024-10-23 02:12:14 INFO: 02:12:14.596 [task-runner-1-2] [INFO ] q.lib.plugins.DetectionPluginTools - 13 nuclei detected (processing time: 6.79 seconds)
2024-10-23 02:12:14 INFO: 02:12:14.598 [main] [INFO ] q.l.p.CommandLineTaskRunner$CommandLineProgressMonitor - 13 nuclei detected (57%)
2024-10-23 02:12:14 INFO: 02:12:14.600 [task-runner-1-62] [INFO ] q.lib.plugins.DetectionPluginTools - 0 nuclei detected (processing time: 6.24 seconds)
2024-10-23 02:12:14 INFO: 02:12:14.601 [main] [INFO ] q.l.p.CommandLineTaskRunner$CommandLineProgressMonitor - 0 nuclei detected (58%)
2024-10-23 02:12:14 INFO: 02:12:14.636 [task-runner-1-38] [INFO ] q.lib.plugins.DetectionPluginTools - 0 nuclei detected (processing time: 6.28 seconds)
2024-10-23 02:12:14 INFO: 02:12:14.638 [main] [INFO ] q.l.p.CommandLineTaskRunner$CommandLineProgressMonitor - 0 nuclei detected (59%)
2024-10-23 02:12:14 INFO: 02:12:14.718 [task-runner-1-37] [INFO ] q.lib.plugins.DetectionPluginTools - 0 nuclei detected (processing time: 6.78 seconds)
2024-10-23 02:12:14 INFO: 02:12:14.938 [task-runner-1-61] [INFO ] q.lib.plugins.DetectionPluginTools - 23 nuclei detected (processing time: 6.55 seconds)
2024-10-23 02:12:14 INFO: 02:12:14.942 [main] [INFO ] q.l.p.CommandLineTaskRunner$CommandLineProgressMonitor - 23 nuclei detected (60%)
2024-10-23 02:12:15 INFO: 02:12:15.408 [task-runner-1-55] [INFO ] q.lib.plugins.DetectionPluginTools - 380 nuclei detected (processing time: 6.81 seconds)
2024-10-23 02:12:15 INFO: 02:12:15.409 [main] [INFO ] q.l.p.CommandLineTaskRunner$CommandLineProgressMonitor - 380 nuclei detected (61%)
2024-10-23 02:12:15 INFO: 02:12:15.454 [task-runner-1-3] [INFO ] q.lib.plugins.DetectionPluginTools - 2836 nuclei detected (processing time: 18.38 seconds)
2024-10-23 02:12:15 INFO: 02:12:15.456 [main] [INFO ] q.l.p.CommandLineTaskRunner$CommandLineProgressMonitor - 2836 nuclei detected (61%)
2024-10-23 02:12:15 INFO: 02:12:15.456 [task-runner-1-17] [INFO ] q.lib.plugins.DetectionPluginTools - 1157 nuclei detected (processing time: 9.31 seconds)
2024-10-23 02:12:15 INFO: 02:12:15.456 [main] [INFO ] q.l.p.CommandLineTaskRunner$CommandLineProgressMonitor - 1157 nuclei detected (62%)
2024-10-23 02:12:15 INFO: 02:12:15.477 [task-runner-1-60] [INFO ] q.lib.plugins.DetectionPluginTools - 2399 nuclei detected (processing time: 14.21 seconds)
2024-10-23 02:12:15 INFO: 02:12:15.479 [main] [INFO ] q.l.p.CommandLineTaskRunner$CommandLineProgressMonitor - 2399 nuclei detected (63%)
2024-10-23 02:12:15 INFO: 02:12:15.928 [task-runner-1-40] [INFO ] q.lib.plugins.DetectionPluginTools - 0 nuclei detected (processing time: 5.82 seconds)
2024-10-23 02:12:15 INFO: 02:12:15.929 [task-runner-1-19] [INFO ] q.lib.plugins.DetectionPluginTools - 0 nuclei detected (processing time: 5.85 seconds)
2024-10-23 02:12:15 INFO: 02:12:15.930 [main] [INFO ] q.l.p.CommandLineTaskRunner$CommandLineProgressMonitor - 0 nuclei detected (63%)
2024-10-23 02:12:15 INFO: 02:12:15.930 [main] [INFO ] q.l.p.CommandLineTaskRunner$CommandLineProgressMonitor - 0 nuclei detected (64%)
2024-10-23 02:12:16 INFO: 02:12:16.318 [task-runner-1-56] [INFO ] q.lib.plugins.DetectionPluginTools - 0 nuclei detected (processing time: 6.04 seconds)
2024-10-23 02:12:16 INFO: 02:12:16.911 [task-runner-1-11] [INFO ] q.lib.plugins.DetectionPluginTools - 3443 nuclei detected (processing time: 19.82 seconds)
2024-10-23 02:12:16 INFO: 02:12:16.913 [main] [INFO ] q.l.p.CommandLineTaskRunner$CommandLineProgressMonitor - 3443 nuclei detected (65%)
2024-10-23 02:12:16 INFO: 02:12:16.925 [task-runner-1-10] [INFO ] q.lib.plugins.DetectionPluginTools - 8 nuclei detected (processing time: 5.99 seconds)
2024-10-23 02:12:16 INFO: 02:12:16.926 [main] [INFO ] q.l.p.CommandLineTaskRunner$CommandLineProgressMonitor - 8 nuclei detected (66%)
2024-10-23 02:12:17 INFO: 02:12:17.355 [task-runner-1-16] [INFO ] q.lib.plugins.DetectionPluginTools - 1 nucleus detected (processing time: 5.69 seconds)
2024-10-23 02:12:17 INFO: 02:12:17.356 [main] [INFO ] q.l.p.CommandLineTaskRunner$CommandLineProgressMonitor - 1 nucleus detected (66%)
2024-10-23 02:12:17 INFO: 02:12:17.639 [task-runner-1-45] [INFO ] q.lib.plugins.DetectionPluginTools - 3026 nuclei detected (processing time: 20.21 seconds)
2024-10-23 02:12:17 INFO: 02:12:17.640 [main] [INFO ] q.l.p.CommandLineTaskRunner$CommandLineProgressMonitor - 3026 nuclei detected (67%)
2024-10-23 02:12:17 INFO: 02:12:17.700 [task-runner-1-33] [INFO ] q.lib.plugins.DetectionPluginTools - 2611 nuclei detected (processing time: 20.27 seconds)
2024-10-23 02:12:17 INFO: 02:12:17.700 [main] [INFO ] q.l.p.CommandLineTaskRunner$CommandLineProgressMonitor - 2611 nuclei detected (68%)
2024-10-23 02:12:17 INFO: 02:12:17.996 [task-runner-1-21] [INFO ] q.lib.plugins.DetectionPluginTools - 1405 nuclei detected (processing time: 13.24 seconds)
2024-10-23 02:12:17 INFO: 02:12:17.996 [main] [INFO ] q.l.p.CommandLineTaskRunner$CommandLineProgressMonitor - 1405 nuclei detected (68%)
2024-10-23 02:12:18 INFO: 02:12:18.081 [task-runner-1-53] [INFO ] q.lib.plugins.DetectionPluginTools - 0 nuclei detected (processing time: 5.77 seconds)
2024-10-23 02:12:18 INFO: 02:12:18.081 [main] [INFO ] q.l.p.CommandLineTaskRunner$CommandLineProgressMonitor - 0 nuclei detected (69%)
2024-10-23 02:12:18 INFO: 02:12:18.356 [task-runner-1-49] [INFO ] q.lib.plugins.DetectionPluginTools - 3200 nuclei detected (processing time: 20.99 seconds)
2024-10-23 02:12:18 INFO: 02:12:18.356 [main] [INFO ] q.l.p.CommandLineTaskRunner$CommandLineProgressMonitor - 3200 nuclei detected (69%)
2024-10-23 02:12:18 INFO: 02:12:18.362 [task-runner-1-4] [INFO ] q.lib.plugins.DetectionPluginTools - 1419 nuclei detected (processing time: 13.61 seconds)
2024-10-23 02:12:18 INFO: 02:12:18.363 [main] [INFO ] q.l.p.CommandLineTaskRunner$CommandLineProgressMonitor - 1419 nuclei detected (70%)
2024-10-23 02:12:18 INFO: 02:12:18.451 [task-runner-1-63] [INFO ] q.lib.plugins.DetectionPluginTools - 1 nucleus detected (processing time: 5.78 seconds)
2024-10-23 02:12:18 INFO: 02:12:18.452 [main] [INFO ] q.l.p.CommandLineTaskRunner$CommandLineProgressMonitor - 1 nucleus detected (71%)
2024-10-23 02:12:18 INFO: 02:12:18.457 [task-runner-1-59] [INFO ] q.lib.plugins.DetectionPluginTools - 1635 nuclei detected (processing time: 9.86 seconds)
2024-10-23 02:12:18 INFO: 02:12:18.458 [main] [INFO ] q.l.p.CommandLineTaskRunner$CommandLineProgressMonitor - 1635 nuclei detected (71%)
2024-10-23 02:12:18 INFO: 02:12:18.543 [task-runner-1-52] [INFO ] q.lib.plugins.DetectionPluginTools - 1 nucleus detected (processing time: 5.31 seconds)
2024-10-23 02:12:18 INFO: 02:12:18.543 [main] [INFO ] q.l.p.CommandLineTaskRunner$CommandLineProgressMonitor - 1 nucleus detected (72%)
2024-10-23 02:12:18 INFO: 02:12:18.561 [task-runner-1-7] [INFO ] q.lib.plugins.DetectionPluginTools - 3561 nuclei detected (processing time: 21.47 seconds)
2024-10-23 02:12:18 INFO: 02:12:18.561 [main] [INFO ] q.l.p.CommandLineTaskRunner$CommandLineProgressMonitor - 3561 nuclei detected (73%)
2024-10-23 02:12:18 INFO: 02:12:18.721 [task-runner-1-8] [INFO ] q.lib.plugins.DetectionPluginTools - 3261 nuclei detected (processing time: 21.59 seconds)
2024-10-23 02:12:18 INFO: 02:12:18.722 [main] [INFO ] q.l.p.CommandLineTaskRunner$CommandLineProgressMonitor - 3261 nuclei detected (73%)
2024-10-23 02:12:18 INFO: 02:12:18.731 [task-runner-1-47] [INFO ] q.lib.plugins.DetectionPluginTools - 3608 nuclei detected (processing time: 21.59 seconds)
2024-10-23 02:12:18 INFO: 02:12:18.731 [main] [INFO ] q.l.p.CommandLineTaskRunner$CommandLineProgressMonitor - 3608 nuclei detected (74%)
2024-10-23 02:12:18 INFO: 02:12:18.833 [task-runner-1-6] [INFO ] q.lib.plugins.DetectionPluginTools - 0 nuclei detected (processing time: 5.53 seconds)
2024-10-23 02:12:18 INFO: 02:12:18.834 [main] [INFO ] q.l.p.CommandLineTaskRunner$CommandLineProgressMonitor - 0 nuclei detected (74%)
2024-10-23 02:12:18 INFO: 02:12:18.903 [task-runner-1-36] [INFO ] q.lib.plugins.DetectionPluginTools - 0 nuclei detected (processing time: 4.90 seconds)
2024-10-23 02:12:18 INFO: 02:12:18.903 [main] [INFO ] q.l.p.CommandLineTaskRunner$CommandLineProgressMonitor - 0 nuclei detected (75%)
2024-10-23 02:12:18 INFO: 02:12:18.916 [task-runner-1-31] [INFO ] q.lib.plugins.DetectionPluginTools - 3995 nuclei detected (processing time: 21.75 seconds)
2024-10-23 02:12:18 INFO: 02:12:18.916 [main] [INFO ] q.l.p.CommandLineTaskRunner$CommandLineProgressMonitor - 3995 nuclei detected (76%)
2024-10-23 02:12:18 INFO: 02:12:18.932 [task-runner-1-44] [INFO ] q.lib.plugins.DetectionPluginTools - 2765 nuclei detected (processing time: 18.41 seconds)
2024-10-23 02:12:18 INFO: 02:12:18.933 [main] [INFO ] q.l.p.CommandLineTaskRunner$CommandLineProgressMonitor - 2765 nuclei detected (76%)
2024-10-23 02:12:19 INFO: 02:12:19.104 [task-runner-1-39] [INFO ] q.lib.plugins.DetectionPluginTools - 1 nucleus detected (processing time: 5.36 seconds)
2024-10-23 02:12:19 INFO: 02:12:19.105 [main] [INFO ] q.l.p.CommandLineTaskRunner$CommandLineProgressMonitor - 1 nucleus detected (77%)
2024-10-23 02:12:19 INFO: 02:12:19.158 [task-runner-1-27] [INFO ] q.lib.plugins.DetectionPluginTools - 4139 nuclei detected (processing time: 22.07 seconds)
2024-10-23 02:12:19 INFO: 02:12:19.159 [main] [INFO ] q.l.p.CommandLineTaskRunner$CommandLineProgressMonitor - 4139 nuclei detected (78%)
2024-10-23 02:12:19 INFO: 02:12:19.197 [task-runner-1-50] [INFO ] q.lib.plugins.DetectionPluginTools - 1 nucleus detected (processing time: 5.75 seconds)
2024-10-23 02:12:19 INFO: 02:12:19.197 [main] [INFO ] q.l.p.CommandLineTaskRunner$CommandLineProgressMonitor - 1 nucleus detected (78%)
2024-10-23 02:12:19 INFO: 02:12:19.301 [task-runner-1-2] [INFO ] q.lib.plugins.DetectionPluginTools - 0 nuclei detected (processing time: 4.70 seconds)
2024-10-23 02:12:19 INFO: 02:12:19.301 [main] [INFO ] q.l.p.CommandLineTaskRunner$CommandLineProgressMonitor - 0 nuclei detected (79%)
2024-10-23 02:12:19 INFO: 02:12:19.314 [task-runner-1-9] [INFO ] q.lib.plugins.DetectionPluginTools - 3789 nuclei detected (processing time: 22.22 seconds)
2024-10-23 02:12:19 INFO: 02:12:19.315 [main] [INFO ] q.l.p.CommandLineTaskRunner$CommandLineProgressMonitor - 3789 nuclei detected (79%)
2024-10-23 02:12:19 INFO: 02:12:19.328 [task-runner-1-30] [INFO ] q.lib.plugins.DetectionPluginTools - 4213 nuclei detected (processing time: 22.24 seconds)
2024-10-23 02:12:19 INFO: 02:12:19.329 [main] [INFO ] q.l.p.CommandLineTaskRunner$CommandLineProgressMonitor - 4213 nuclei detected (80%)
2024-10-23 02:12:19 INFO: 02:12:19.579 [task-runner-1-58] [INFO ] q.lib.plugins.DetectionPluginTools - 2 nuclei detected (processing time: 5.11 seconds)
2024-10-23 02:12:19 INFO: 02:12:19.579 [main] [INFO ] q.l.p.CommandLineTaskRunner$CommandLineProgressMonitor - 2 nuclei detected (81%)
2024-10-23 02:12:19 INFO: 02:12:19.640 [task-runner-1-62] [INFO ] q.lib.plugins.DetectionPluginTools - 0 nuclei detected (processing time: 5.04 seconds)
2024-10-23 02:12:19 INFO: 02:12:19.640 [main] [INFO ] q.l.p.CommandLineTaskRunner$CommandLineProgressMonitor - 0 nuclei detected (81%)
2024-10-23 02:12:19 INFO: 02:12:19.692 [task-runner-1-37] [INFO ] q.lib.plugins.DetectionPluginTools - 0 nuclei detected (processing time: 4.97 seconds)
2024-10-23 02:12:19 INFO: 02:12:19.693 [main] [INFO ] q.l.p.CommandLineTaskRunner$CommandLineProgressMonitor - 0 nuclei detected (82%)
2024-10-23 02:12:19 INFO: 02:12:19.799 [task-runner-1-55] [INFO ] q.lib.plugins.DetectionPluginTools - 0 nuclei detected (processing time: 4.39 seconds)
2024-10-23 02:12:19 INFO: 02:12:19.799 [main] [INFO ] q.l.p.CommandLineTaskRunner$CommandLineProgressMonitor - 0 nuclei detected (83%)
2024-10-23 02:12:19 INFO: 02:12:19.845 [task-runner-1-38] [INFO ] q.lib.plugins.DetectionPluginTools - 0 nuclei detected (processing time: 5.21 seconds)
2024-10-23 02:12:19 INFO: 02:12:19.890 [task-runner-1-29] [INFO ] q.lib.plugins.DetectionPluginTools - 1227 nuclei detected (processing time: 16.06 seconds)
2024-10-23 02:12:19 INFO: 02:12:19.891 [main] [INFO ] q.l.p.CommandLineTaskRunner$CommandLineProgressMonitor - 1227 nuclei detected (84%)
2024-10-23 02:12:19 INFO: 02:12:19.953 [task-runner-1-61] [INFO ] q.lib.plugins.DetectionPluginTools - 0 nuclei detected (processing time: 5.01 seconds)
2024-10-23 02:12:19 INFO: 02:12:19.954 [main] [INFO ] q.l.p.CommandLineTaskRunner$CommandLineProgressMonitor - 0 nuclei detected (84%)
2024-10-23 02:12:19 INFO: 02:12:19.979 [task-runner-1-25] [INFO ] q.lib.plugins.DetectionPluginTools - 2861 nuclei detected (processing time: 19.23 seconds)
2024-10-23 02:12:19 INFO: 02:12:19.980 [main] [INFO ] q.l.p.CommandLineTaskRunner$CommandLineProgressMonitor - 2861 nuclei detected (85%)
2024-10-23 02:12:20 INFO: 02:12:20.056 [task-runner-1-28] [INFO ] q.lib.plugins.DetectionPluginTools - 4730 nuclei detected (processing time: 22.89 seconds)
2024-10-23 02:12:20 INFO: 02:12:20.057 [main] [INFO ] q.l.p.CommandLineTaskRunner$CommandLineProgressMonitor - 4730 nuclei detected (86%)
2024-10-23 02:12:20 INFO: 02:12:20.071 [task-runner-1-5] [INFO ] q.lib.plugins.DetectionPluginTools - 3719 nuclei detected (processing time: 22.74 seconds)
2024-10-23 02:12:20 INFO: 02:12:20.072 [main] [INFO ] q.l.p.CommandLineTaskRunner$CommandLineProgressMonitor - 3719 nuclei detected (86%)
2024-10-23 02:12:20 INFO: 02:12:20.144 [task-runner-1-42] [INFO ] q.lib.plugins.DetectionPluginTools - 2179 nuclei detected (processing time: 15.97 seconds)
2024-10-23 02:12:20 INFO: 02:12:20.144 [main] [INFO ] q.l.p.CommandLineTaskRunner$CommandLineProgressMonitor - 2179 nuclei detected (87%)
2024-10-23 02:12:20 INFO: 02:12:20.193 [task-runner-1-15] [INFO ] q.lib.plugins.DetectionPluginTools - 4426 nuclei detected (processing time: 23.10 seconds)
2024-10-23 02:12:20 INFO: 02:12:20.194 [main] [INFO ] q.l.p.CommandLineTaskRunner$CommandLineProgressMonitor - 4426 nuclei detected (88%)
2024-10-23 02:12:20 INFO: 02:12:20.239 [task-runner-1-26] [INFO ] q.lib.plugins.DetectionPluginTools - 4318 nuclei detected (processing time: 23.02 seconds)
2024-10-23 02:12:20 INFO: 02:12:20.239 [main] [INFO ] q.l.p.CommandLineTaskRunner$CommandLineProgressMonitor - 4318 nuclei detected (88%)
2024-10-23 02:12:20 INFO: 02:12:20.272 [task-runner-1-23] [INFO ] q.lib.plugins.DetectionPluginTools - 3815 nuclei detected (processing time: 19.10 seconds)
2024-10-23 02:12:20 INFO: 02:12:20.274 [main] [INFO ] q.l.p.CommandLineTaskRunner$CommandLineProgressMonitor - 3815 nuclei detected (89%)
2024-10-23 02:12:20 INFO: 02:12:20.317 [task-runner-1-46] [INFO ] q.lib.plugins.DetectionPluginTools - 4360 nuclei detected (processing time: 23.08 seconds)
2024-10-23 02:12:20 INFO: 02:12:20.318 [main] [INFO ] q.l.p.CommandLineTaskRunner$CommandLineProgressMonitor - 4360 nuclei detected (89%)
2024-10-23 02:12:20 INFO: 02:12:20.359 [task-runner-1-34] [INFO ] q.lib.plugins.DetectionPluginTools - 3010 nuclei detected (processing time: 19.55 seconds)
2024-10-23 02:12:20 INFO: 02:12:20.360 [main] [INFO ] q.l.p.CommandLineTaskRunner$CommandLineProgressMonitor - 3010 nuclei detected (90%)
2024-10-23 02:12:20 INFO: 02:12:20.368 [task-runner-1-35] [INFO ] q.lib.plugins.DetectionPluginTools - 3783 nuclei detected (processing time: 19.84 seconds)
2024-10-23 02:12:20 INFO: 02:12:20.368 [main] [INFO ] q.l.p.CommandLineTaskRunner$CommandLineProgressMonitor - 3783 nuclei detected (91%)
2024-10-23 02:12:20 INFO: 02:12:20.394 [task-runner-1-32] [INFO ] q.lib.plugins.DetectionPluginTools - 5645 nuclei detected (processing time: 23.32 seconds)
2024-10-23 02:12:20 INFO: 02:12:20.394 [main] [INFO ] q.l.p.CommandLineTaskRunner$CommandLineProgressMonitor - 5645 nuclei detected (91%)
2024-10-23 02:12:20 INFO: 02:12:20.411 [task-runner-1-51] [INFO ] q.lib.plugins.DetectionPluginTools - 3784 nuclei detected (processing time: 19.32 seconds)
2024-10-23 02:12:20 INFO: 02:12:20.411 [main] [INFO ] q.l.p.CommandLineTaskRunner$CommandLineProgressMonitor - 3784 nuclei detected (92%)
2024-10-23 02:12:20 INFO: 02:12:20.464 [task-runner-1-57] [INFO ] q.lib.plugins.DetectionPluginTools - 2449 nuclei detected (processing time: 11.76 seconds)
2024-10-23 02:12:20 INFO: 02:12:20.465 [main] [INFO ] q.l.p.CommandLineTaskRunner$CommandLineProgressMonitor - 2449 nuclei detected (93%)
2024-10-23 02:12:20 INFO: 02:12:20.495 [task-runner-1-54] [INFO ] q.lib.plugins.DetectionPluginTools - 2880 nuclei detected (processing time: 11.71 seconds)
2024-10-23 02:12:20 INFO: 02:12:20.495 [main] [INFO ] q.l.p.CommandLineTaskRunner$CommandLineProgressMonitor - 2880 nuclei detected (93%)
2024-10-23 02:12:20 INFO: 02:12:20.582 [task-runner-1-1] [INFO ] q.lib.plugins.DetectionPluginTools - 6926 nuclei detected (processing time: 23.50 seconds)
2024-10-23 02:12:20 INFO: 02:12:20.583 [main] [INFO ] q.l.p.CommandLineTaskRunner$CommandLineProgressMonitor - 6926 nuclei detected (94%)
2024-10-23 02:12:20 INFO: 02:12:20.734 [task-runner-1-12] [INFO ] q.lib.plugins.DetectionPluginTools - 3174 nuclei detected (processing time: 15.81 seconds)
2024-10-23 02:12:20 INFO: 02:12:20.734 [main] [INFO ] q.l.p.CommandLineTaskRunner$CommandLineProgressMonitor - 3174 nuclei detected (94%)
2024-10-23 02:12:20 INFO: 02:12:20.949 [task-runner-1-20] [INFO ] q.lib.plugins.DetectionPluginTools - 3870 nuclei detected (processing time: 20.02 seconds)
2024-10-23 02:12:20 INFO: 02:12:20.949 [main] [INFO ] q.l.p.CommandLineTaskRunner$CommandLineProgressMonitor - 3870 nuclei detected (95%)
2024-10-23 02:12:21 INFO: 02:12:21.282 [task-runner-1-24] [INFO ] q.lib.plugins.DetectionPluginTools - 4182 nuclei detected (processing time: 20.07 seconds)
2024-10-23 02:12:21 INFO: 02:12:21.283 [main] [INFO ] q.l.p.CommandLineTaskRunner$CommandLineProgressMonitor - 4182 nuclei detected (96%)
2024-10-23 02:12:21 INFO: 02:12:21.317 [task-runner-1-14] [INFO ] q.lib.plugins.DetectionPluginTools - 4144 nuclei detected (processing time: 16.33 seconds)
2024-10-23 02:12:21 INFO: 02:12:21.317 [main] [INFO ] q.l.p.CommandLineTaskRunner$CommandLineProgressMonitor - 4144 nuclei detected (96%)
2024-10-23 02:12:21 INFO: 02:12:21.471 [task-runner-1-22] [INFO ] q.lib.plugins.DetectionPluginTools - 5452 nuclei detected (processing time: 20.21 seconds)
2024-10-23 02:12:21 INFO: 02:12:21.471 [main] [INFO ] q.l.p.CommandLineTaskRunner$CommandLineProgressMonitor - 5452 nuclei detected (97%)
2024-10-23 02:12:21 INFO: 02:12:21.543 [task-runner-1-43] [INFO ] q.lib.plugins.DetectionPluginTools - 4881 nuclei detected (processing time: 20.36 seconds)
2024-10-23 02:12:21 INFO: 02:12:21.544 [main] [INFO ] q.l.p.CommandLineTaskRunner$CommandLineProgressMonitor - 4881 nuclei detected (98%)
2024-10-23 02:12:21 INFO: 02:12:21.858 [task-runner-1-18] [INFO ] q.lib.plugins.DetectionPluginTools - 5855 nuclei detected (processing time: 16.56 seconds)
2024-10-23 02:12:21 INFO: 02:12:21.859 [main] [INFO ] q.l.p.CommandLineTaskRunner$CommandLineProgressMonitor - 5855 nuclei detected (98%)
2024-10-23 02:12:22 INFO: 02:12:22.034 [task-runner-1-41] [INFO ] q.lib.plugins.DetectionPluginTools - 5448 nuclei detected (processing time: 16.87 seconds)
2024-10-23 02:12:22 INFO: 02:12:22.035 [main] [INFO ] q.l.p.CommandLineTaskRunner$CommandLineProgressMonitor - 5448 nuclei detected (99%)
2024-10-23 02:12:22 INFO: 02:12:22.576 [task-runner-1-48] [INFO ] q.lib.plugins.DetectionPluginTools - 4954 nuclei detected (processing time: 16.50 seconds)
2024-10-23 02:12:22 INFO: 02:12:22.576 [main] [INFO ] q.l.p.CommandLineTaskRunner$CommandLineProgressMonitor - 4954 nuclei detected (99%)
2024-10-23 02:12:22 INFO: 02:12:22.896 [task-runner-1-13] [INFO ] q.lib.plugins.DetectionPluginTools - 5915 nuclei detected (processing time: 17.19 seconds)
2024-10-23 02:12:22 INFO: 02:12:22.897 [main] [INFO ] q.l.p.CommandLineTaskRunner$CommandLineProgressMonitor - 5915 nuclei detected (100%)
2024-10-23 02:12:22 INFO: 02:12:22.897 [main] [INFO ] q.l.p.CommandLineTaskRunner$CommandLineProgressMonitor - Processing complete in 39.28 seconds
2024-10-23 02:12:22 INFO: 02:12:22.897 [main] [INFO ] q.l.p.CommandLineTaskRunner$CommandLineProgressMonitor - Tasks completed!
2024-10-23 02:12:32 INFO: 02:12:32.254 [main] [WARN ] q.l.p.objects.SmoothFeaturesPlugin - Smoothing using annotations
2024-10-23 02:12:35 INFO: 02:12:35.844 [main] [INFO ] q.l.p.CommandLineTaskRunner$CommandLineProgressMonitor - Completed (100%)
2024-10-23 02:12:35 INFO: 02:12:35.845 [main] [INFO ] q.l.p.CommandLineTaskRunner$CommandLineProgressMonitor - Processing complete in 3.59 seconds
2024-10-23 02:12:35 INFO: 02:12:35.845 [main] [INFO ] q.l.p.CommandLineTaskRunner$CommandLineProgressMonitor - Tasks completed!
2024-10-23 02:12:35 INFO: 02:12:35.846 [main] [WARN ] q.l.p.objects.SmoothFeaturesPlugin - Smoothing using annotations
2024-10-23 02:12:42 INFO: 02:12:42.315 [main] [INFO ] q.l.p.CommandLineTaskRunner$CommandLineProgressMonitor - Completed (100%)
2024-10-23 02:12:42 INFO: 02:12:42.315 [main] [INFO ] q.l.p.CommandLineTaskRunner$CommandLineProgressMonitor - Processing complete in 6.47 seconds
2024-10-23 02:12:42 INFO: 02:12:42.315 [main] [INFO ] q.l.p.CommandLineTaskRunner$CommandLineProgressMonitor - Tasks completed!
2024-10-23 02:12:42 INFO: 02:12:42.317 [main] [WARN ] q.l.p.objects.SmoothFeaturesPlugin - Smoothing using annotations
2024-10-23 02:13:02 INFO: 02:13:02.625 [main] [INFO ] q.l.p.CommandLineTaskRunner$CommandLineProgressMonitor - Completed (100%)
2024-10-23 02:13:02 INFO: 02:13:02.625 [main] [INFO ] q.l.p.CommandLineTaskRunner$CommandLineProgressMonitor - Processing complete in 20.31 seconds
2024-10-23 02:13:02 INFO: 02:13:02.625 [main] [INFO ] q.l.p.CommandLineTaskRunner$CommandLineProgressMonitor - Tasks completed!
2024-10-23 02:13:02 INFO: 02:13:02.849 [task-runner-5-2] [INFO ] q.l.a.IntensityFeaturesPlugin - Splitting Rectangle (0, 0, 63784, 39311) into 40 tiles for intensity measurements
2024-10-23 02:13:03 INFO: 02:13:03.126 [main] [INFO ] q.l.p.CommandLineTaskRunner$CommandLineProgressMonitor - Completed (0%)
2024-10-23 02:13:03 INFO: 02:13:03.910 [main] [INFO ] q.l.p.CommandLineTaskRunner$CommandLineProgressMonitor - Completed (1%)
2024-10-23 02:13:04 INFO: 02:13:04.243 [main] [INFO ] q.l.p.CommandLineTaskRunner$CommandLineProgressMonitor - Completed (2%)
2024-10-23 02:13:04 INFO: 02:13:04.422 [main] [INFO ] q.l.p.CommandLineTaskRunner$CommandLineProgressMonitor - Completed (3%)
2024-10-23 02:13:04 INFO: 02:13:04.610 [main] [INFO ] q.l.p.CommandLineTaskRunner$CommandLineProgressMonitor - Completed (4%)
2024-10-23 02:13:04 INFO: 02:13:04.832 [main] [INFO ] q.l.p.CommandLineTaskRunner$CommandLineProgressMonitor - Completed (5%)
2024-10-23 02:13:04 INFO: 02:13:04.990 [main] [INFO ] q.l.p.CommandLineTaskRunner$CommandLineProgressMonitor - Completed (6%)
2024-10-23 02:13:05 INFO: 02:13:05.136 [main] [INFO ] q.l.p.CommandLineTaskRunner$CommandLineProgressMonitor - Completed (7%)
2024-10-23 02:13:05 INFO: 02:13:05.698 [main] [INFO ] q.l.p.CommandLineTaskRunner$CommandLineProgressMonitor - Completed (8%)
2024-10-23 02:13:05 INFO: 02:13:05.835 [main] [INFO ] q.l.p.CommandLineTaskRunner$CommandLineProgressMonitor - Completed (9%)
2024-10-23 02:13:05 INFO: 02:13:05.996 [main] [INFO ] q.l.p.CommandLineTaskRunner$CommandLineProgressMonitor - Completed (10%)
2024-10-23 02:13:06 INFO: 02:13:06.148 [main] [INFO ] q.l.p.CommandLineTaskRunner$CommandLineProgressMonitor - Completed (11%)
2024-10-23 02:13:06 INFO: 02:13:06.642 [main] [INFO ] q.l.p.CommandLineTaskRunner$CommandLineProgressMonitor - Completed (12%)
2024-10-23 02:13:06 INFO: 02:13:06.756 [main] [INFO ] q.l.p.CommandLineTaskRunner$CommandLineProgressMonitor - Completed (13%)
2024-10-23 02:13:06 INFO: 02:13:06.866 [main] [INFO ] q.l.p.CommandLineTaskRunner$CommandLineProgressMonitor - Completed (14%)
2024-10-23 02:13:07 INFO: 02:13:07.026 [main] [INFO ] q.l.p.CommandLineTaskRunner$CommandLineProgressMonitor - Completed (15%)
2024-10-23 02:13:07 INFO: 02:13:07.182 [main] [INFO ] q.l.p.CommandLineTaskRunner$CommandLineProgressMonitor - Completed (16%)
2024-10-23 02:13:07 INFO: 02:13:07.318 [main] [INFO ] q.l.p.CommandLineTaskRunner$CommandLineProgressMonitor - Completed (17%)
2024-10-23 02:13:07 INFO: 02:13:07.538 [main] [INFO ] q.l.p.CommandLineTaskRunner$CommandLineProgressMonitor - Completed (18%)
2024-10-23 02:13:07 INFO: 02:13:07.791 [main] [INFO ] q.l.p.CommandLineTaskRunner$CommandLineProgressMonitor - Completed (19%)
2024-10-23 02:13:07 INFO: 02:13:07.899 [main] [INFO ] q.l.p.CommandLineTaskRunner$CommandLineProgressMonitor - Completed (20%)
2024-10-23 02:13:08 INFO: 02:13:08.015 [main] [INFO ] q.l.p.CommandLineTaskRunner$CommandLineProgressMonitor - Completed (21%)
2024-10-23 02:13:08 INFO: 02:13:08.126 [main] [INFO ] q.l.p.CommandLineTaskRunner$CommandLineProgressMonitor - Completed (22%)
2024-10-23 02:13:08 INFO: 02:13:08.225 [main] [INFO ] q.l.p.CommandLineTaskRunner$CommandLineProgressMonitor - Completed (23%)
2024-10-23 02:13:08 INFO: 02:13:08.322 [main] [INFO ] q.l.p.CommandLineTaskRunner$CommandLineProgressMonitor - Completed (24%)
2024-10-23 02:13:08 INFO: 02:13:08.423 [main] [INFO ] q.l.p.CommandLineTaskRunner$CommandLineProgressMonitor - Completed (25%)
2024-10-23 02:13:08 INFO: 02:13:08.526 [main] [INFO ] q.l.p.CommandLineTaskRunner$CommandLineProgressMonitor - Completed (26%)
2024-10-23 02:13:08 INFO: 02:13:08.629 [main] [INFO ] q.l.p.CommandLineTaskRunner$CommandLineProgressMonitor - Completed (27%)
2024-10-23 02:13:08 INFO: 02:13:08.733 [main] [INFO ] q.l.p.CommandLineTaskRunner$CommandLineProgressMonitor - Completed (28%)
2024-10-23 02:13:08 INFO: 02:13:08.907 [main] [INFO ] q.l.p.CommandLineTaskRunner$CommandLineProgressMonitor - Completed (29%)
2024-10-23 02:13:09 INFO: 02:13:09.094 [main] [INFO ] q.l.p.CommandLineTaskRunner$CommandLineProgressMonitor - Completed (30%)
2024-10-23 02:13:09 INFO: 02:13:09.252 [main] [INFO ] q.l.p.CommandLineTaskRunner$CommandLineProgressMonitor - Completed (31%)
2024-10-23 02:13:09 INFO: 02:13:09.406 [main] [INFO ] q.l.p.CommandLineTaskRunner$CommandLineProgressMonitor - Completed (32%)
2024-10-23 02:13:09 INFO: 02:13:09.558 [main] [INFO ] q.l.p.CommandLineTaskRunner$CommandLineProgressMonitor - Completed (33%)
2024-10-23 02:13:09 INFO: 02:13:09.710 [main] [INFO ] q.l.p.CommandLineTaskRunner$CommandLineProgressMonitor - Completed (34%)
2024-10-23 02:13:09 INFO: 02:13:09.862 [main] [INFO ] q.l.p.CommandLineTaskRunner$CommandLineProgressMonitor - Completed (35%)
2024-10-23 02:13:10 INFO: 02:13:10.012 [main] [INFO ] q.l.p.CommandLineTaskRunner$CommandLineProgressMonitor - Completed (36%)
2024-10-23 02:13:10 INFO: 02:13:10.188 [main] [INFO ] q.l.p.CommandLineTaskRunner$CommandLineProgressMonitor - Completed (37%)
2024-10-23 02:13:10 INFO: 02:13:10.345 [main] [INFO ] q.l.p.CommandLineTaskRunner$CommandLineProgressMonitor - Completed (38%)
2024-10-23 02:13:10 INFO: 02:13:10.499 [main] [INFO ] q.l.p.CommandLineTaskRunner$CommandLineProgressMonitor - Completed (39%)
2024-10-23 02:13:10 INFO: 02:13:10.656 [main] [INFO ] q.l.p.CommandLineTaskRunner$CommandLineProgressMonitor - Completed (40%)
2024-10-23 02:13:10 INFO: 02:13:10.816 [main] [INFO ] q.l.p.CommandLineTaskRunner$CommandLineProgressMonitor - Completed (41%)
2024-10-23 02:13:10 INFO: 02:13:10.975 [main] [INFO ] q.l.p.CommandLineTaskRunner$CommandLineProgressMonitor - Completed (42%)
2024-10-23 02:13:11 INFO: 02:13:11.148 [main] [INFO ] q.l.p.CommandLineTaskRunner$CommandLineProgressMonitor - Completed (43%)
2024-10-23 02:13:11 INFO: 02:13:11.300 [main] [INFO ] q.l.p.CommandLineTaskRunner$CommandLineProgressMonitor - Completed (44%)
2024-10-23 02:13:11 INFO: 02:13:11.483 [main] [INFO ] q.l.p.CommandLineTaskRunner$CommandLineProgressMonitor - Completed (45%)
2024-10-23 02:13:11 INFO: 02:13:11.601 [main] [INFO ] q.l.p.CommandLineTaskRunner$CommandLineProgressMonitor - Completed (46%)
2024-10-23 02:13:11 INFO: 02:13:11.735 [main] [INFO ] q.l.p.CommandLineTaskRunner$CommandLineProgressMonitor - Completed (47%)
2024-10-23 02:13:11 INFO: 02:13:11.853 [main] [INFO ] q.l.p.CommandLineTaskRunner$CommandLineProgressMonitor - Completed (48%)
2024-10-23 02:13:11 INFO: 02:13:11.965 [main] [INFO ] q.l.p.CommandLineTaskRunner$CommandLineProgressMonitor - Completed (49%)
2024-10-23 02:13:12 INFO: 02:13:12.074 [main] [INFO ] q.l.p.CommandLineTaskRunner$CommandLineProgressMonitor - Completed (50%)
2024-10-23 02:13:12 INFO: 02:13:12.176 [main] [INFO ] q.l.p.CommandLineTaskRunner$CommandLineProgressMonitor - Completed (51%)
2024-10-23 02:13:12 INFO: 02:13:12.288 [main] [INFO ] q.l.p.CommandLineTaskRunner$CommandLineProgressMonitor - Completed (52%)
2024-10-23 02:13:12 INFO: 02:13:12.402 [main] [INFO ] q.l.p.CommandLineTaskRunner$CommandLineProgressMonitor - Completed (53%)
2024-10-23 02:13:12 INFO: 02:13:12.505 [main] [INFO ] q.l.p.CommandLineTaskRunner$CommandLineProgressMonitor - Completed (54%)
2024-10-23 02:13:12 INFO: 02:13:12.618 [main] [INFO ] q.l.p.CommandLineTaskRunner$CommandLineProgressMonitor - Completed (55%)
2024-10-23 02:13:12 INFO: 02:13:12.728 [main] [INFO ] q.l.p.CommandLineTaskRunner$CommandLineProgressMonitor - Completed (56%)
2024-10-23 02:13:12 INFO: 02:13:12.831 [main] [INFO ] q.l.p.CommandLineTaskRunner$CommandLineProgressMonitor - Completed (57%)
2024-10-23 02:13:12 INFO: 02:13:12.932 [main] [INFO ] q.l.p.CommandLineTaskRunner$CommandLineProgressMonitor - Completed (58%)
2024-10-23 02:13:13 INFO: 02:13:13.028 [main] [INFO ] q.l.p.CommandLineTaskRunner$CommandLineProgressMonitor - Completed (59%)
2024-10-23 02:13:13 INFO: 02:13:13.135 [main] [INFO ] q.l.p.CommandLineTaskRunner$CommandLineProgressMonitor - Completed (60%)
2024-10-23 02:13:13 INFO: 02:13:13.244 [main] [INFO ] q.l.p.CommandLineTaskRunner$CommandLineProgressMonitor - Completed (61%)
2024-10-23 02:13:13 INFO: 02:13:13.353 [main] [INFO ] q.l.p.CommandLineTaskRunner$CommandLineProgressMonitor - Completed (62%)
2024-10-23 02:13:13 INFO: 02:13:13.465 [main] [INFO ] q.l.p.CommandLineTaskRunner$CommandLineProgressMonitor - Completed (63%)
2024-10-23 02:13:13 INFO: 02:13:13.600 [main] [INFO ] q.l.p.CommandLineTaskRunner$CommandLineProgressMonitor - Completed (64%)
2024-10-23 02:13:13 INFO: 02:13:13.709 [main] [INFO ] q.l.p.CommandLineTaskRunner$CommandLineProgressMonitor - Completed (65%)
2024-10-23 02:13:13 INFO: 02:13:13.810 [main] [INFO ] q.l.p.CommandLineTaskRunner$CommandLineProgressMonitor - Completed (66%)
2024-10-23 02:13:13 INFO: 02:13:13.914 [main] [INFO ] q.l.p.CommandLineTaskRunner$CommandLineProgressMonitor - Completed (67%)
2024-10-23 02:13:14 INFO: 02:13:14.025 [main] [INFO ] q.l.p.CommandLineTaskRunner$CommandLineProgressMonitor - Completed (68%)
2024-10-23 02:13:14 INFO: 02:13:14.127 [main] [INFO ] q.l.p.CommandLineTaskRunner$CommandLineProgressMonitor - Completed (69%)
2024-10-23 02:13:14 INFO: 02:13:14.232 [main] [INFO ] q.l.p.CommandLineTaskRunner$CommandLineProgressMonitor - Completed (70%)
2024-10-23 02:13:14 INFO: 02:13:14.336 [main] [INFO ] q.l.p.CommandLineTaskRunner$CommandLineProgressMonitor - Completed (71%)
2024-10-23 02:13:14 INFO: 02:13:14.439 [main] [INFO ] q.l.p.CommandLineTaskRunner$CommandLineProgressMonitor - Completed (72%)
2024-10-23 02:13:14 INFO: 02:13:14.536 [main] [INFO ] q.l.p.CommandLineTaskRunner$CommandLineProgressMonitor - Completed (73%)
2024-10-23 02:13:14 INFO: 02:13:14.638 [main] [INFO ] q.l.p.CommandLineTaskRunner$CommandLineProgressMonitor - Completed (74%)
2024-10-23 02:13:14 INFO: 02:13:14.806 [main] [INFO ] q.l.p.CommandLineTaskRunner$CommandLineProgressMonitor - Completed (75%)
2024-10-23 02:13:14 INFO: 02:13:14.911 [main] [INFO ] q.l.p.CommandLineTaskRunner$CommandLineProgressMonitor - Completed (76%)
2024-10-23 02:13:15 INFO: 02:13:15.014 [main] [INFO ] q.l.p.CommandLineTaskRunner$CommandLineProgressMonitor - Completed (77%)
2024-10-23 02:13:15 INFO: 02:13:15.113 [main] [INFO ] q.l.p.CommandLineTaskRunner$CommandLineProgressMonitor - Completed (78%)
2024-10-23 02:13:15 INFO: 02:13:15.207 [main] [INFO ] q.l.p.CommandLineTaskRunner$CommandLineProgressMonitor - Completed (79%)
2024-10-23 02:13:15 INFO: 02:13:15.305 [main] [INFO ] q.l.p.CommandLineTaskRunner$CommandLineProgressMonitor - Completed (80%)
2024-10-23 02:13:15 INFO: 02:13:15.406 [main] [INFO ] q.l.p.CommandLineTaskRunner$CommandLineProgressMonitor - Completed (81%)
2024-10-23 02:13:15 INFO: 02:13:15.559 [main] [INFO ] q.l.p.CommandLineTaskRunner$CommandLineProgressMonitor - Completed (82%)
2024-10-23 02:13:15 INFO: 02:13:15.673 [main] [INFO ] q.l.p.CommandLineTaskRunner$CommandLineProgressMonitor - Completed (83%)
2024-10-23 02:13:15 INFO: 02:13:15.780 [main] [INFO ] q.l.p.CommandLineTaskRunner$CommandLineProgressMonitor - Completed (84%)
2024-10-23 02:13:15 INFO: 02:13:15.880 [main] [INFO ] q.l.p.CommandLineTaskRunner$CommandLineProgressMonitor - Completed (85%)
2024-10-23 02:13:15 INFO: 02:13:15.977 [main] [INFO ] q.l.p.CommandLineTaskRunner$CommandLineProgressMonitor - Completed (86%)
2024-10-23 02:13:16 INFO: 02:13:16.073 [main] [INFO ] q.l.p.CommandLineTaskRunner$CommandLineProgressMonitor - Completed (87%)
2024-10-23 02:13:16 INFO: 02:13:16.168 [main] [INFO ] q.l.p.CommandLineTaskRunner$CommandLineProgressMonitor - Completed (88%)
2024-10-23 02:13:16 INFO: 02:13:16.272 [main] [INFO ] q.l.p.CommandLineTaskRunner$CommandLineProgressMonitor - Completed (89%)
2024-10-23 02:13:16 INFO: 02:13:16.367 [main] [INFO ] q.l.p.CommandLineTaskRunner$CommandLineProgressMonitor - Completed (90%)
2024-10-23 02:13:16 INFO: 02:13:16.462 [main] [INFO ] q.l.p.CommandLineTaskRunner$CommandLineProgressMonitor - Completed (91%)
2024-10-23 02:13:16 INFO: 02:13:16.553 [main] [INFO ] q.l.p.CommandLineTaskRunner$CommandLineProgressMonitor - Completed (92%)
2024-10-23 02:13:16 INFO: 02:13:16.648 [main] [INFO ] q.l.p.CommandLineTaskRunner$CommandLineProgressMonitor - Completed (93%)
2024-10-23 02:13:16 INFO: 02:13:16.738 [main] [INFO ] q.l.p.CommandLineTaskRunner$CommandLineProgressMonitor - Completed (94%)
2024-10-23 02:13:16 INFO: 02:13:16.833 [main] [INFO ] q.l.p.CommandLineTaskRunner$CommandLineProgressMonitor - Completed (95%)
2024-10-23 02:13:16 INFO: 02:13:16.939 [main] [INFO ] q.l.p.CommandLineTaskRunner$CommandLineProgressMonitor - Completed (96%)
2024-10-23 02:13:17 INFO: 02:13:17.039 [main] [INFO ] q.l.p.CommandLineTaskRunner$CommandLineProgressMonitor - Completed (97%)
2024-10-23 02:13:17 INFO: 02:13:17.148 [main] [INFO ] q.l.p.CommandLineTaskRunner$CommandLineProgressMonitor - Completed (98%)
2024-10-23 02:13:17 INFO: 02:13:17.246 [main] [INFO ] q.l.p.CommandLineTaskRunner$CommandLineProgressMonitor - Completed (99%)
2024-10-23 02:13:17 INFO: 02:13:17.352 [main] [INFO ] q.l.p.CommandLineTaskRunner$CommandLineProgressMonitor - Completed (100%)
2024-10-23 02:14:15 INFO: 02:14:15.204 [main] [INFO ] q.l.p.CommandLineTaskRunner$CommandLineProgressMonitor - Completed (100%)
2024-10-23 02:14:15 INFO: 02:14:15.206 [main] [INFO ] q.l.p.CommandLineTaskRunner$CommandLineProgressMonitor - Processing complete in 72.37 seconds
2024-10-23 02:14:15 INFO: 02:14:15.206 [main] [INFO ] q.l.p.CommandLineTaskRunner$CommandLineProgressMonitor - Tasks completed!
2024-10-23 02:16:21 INFO: 02:16:21.616 [task-runner-6-1] [WARN ] q.o.features.DelaunayTriangulation - Some objects have missing measurements! Statistics will calculated only for objects with measurements available.
2024-10-23 02:16:21 INFO: 02:16:21.616 [task-runner-6-1] [WARN ] q.o.features.DelaunayTriangulation - Missing measurements: [ROI: 1.00 m per pixel: Residual: Haralick Correlation (F2), ROI: 1.00 m per pixel: Residual: Haralick Information measure of correlation 1 (F11), ROI: 1.00 m per pixel: Green: Haralick Correlation (F2), ROI: 1.00 m per pixel: Green: Haralick Information measure of correlation 1 (F11), ROI: 1.00 m per pixel: Residual: Haralick Information measure of correlation 2 (F12)]
2024-10-23 02:16:21 INFO: 02:16:21.640 [main] [INFO ] q.l.p.CommandLineTaskRunner$CommandLineProgressMonitor - Delaunay triangulation calculated for Annotation (206726 objects) (100%)
2024-10-23 02:16:21 INFO: 02:16:21.641 [main] [INFO ] q.l.p.CommandLineTaskRunner$CommandLineProgressMonitor - Processing complete in 126.38 seconds
2024-10-23 02:16:21 INFO: 02:16:21.641 [main] [INFO ] q.l.p.CommandLineTaskRunner$CommandLineProgressMonitor - Tasks completed!
2024-10-23 02:18:41 INFO: TCGA-GI-A2C8-01Z-00-DX1.09BD8AC9-645A-4C8B-9B36-77D833BDBA09
2024-10-23 02:18:41 INFO: QuPath subprocess completed.
2024-10-23 02:18:51 INFO: QuPath image extraction completed successfully. Output directory: /home/ilants/Documents/jupyter_test/single_image_multiple_params/exp_minAreaMicrons_9.0
2024-10-23 02:18:51 INFO: Summary table saved to: /home/ilants/Documents/jupyter_test/single_image_multiple_params/exp_minAreaMicrons_9.0/Summary_Table.csv
2024-10-23 02:18:51 INFO: Experiment completed successfully.
