2024-10-22 22:17:38 INFO: Starting experiment with for threshold with value of 0.025
2024-10-22 22:17:38 INFO: Running with the following configuration:
{'detectionImageBrightfield': 'Hematoxylin OD', 'requestedPixelSizeMicrons': 0.5, 'backgroundRadiusMicrons': 4.0, 'backgroundByReconstruction': True, 'medianRadiusMicrons': 0.0, 'sigmaMicrons': 1.5, 'minAreaMicrons': 10.0, 'maxAreaMicrons': 80.0, 'threshold': 0.025, 'maxBackground': 2.0, 'watershedPostProcess': True, 'cellExpansionMicrons': 5.0, 'includeNuclei': True, 'smoothBoundaries': True, 'makeMeasurements': True, 'backgroundRadiusPixel': 8.0, 'cellExpansionPixel': 10.0, 'medianRadiusPixel': 0.0, 'minAreaPixel': 20.0, 'maxAreaPixel': 160.0}
2024-10-22 22:17:38 INFO: Starting QuPath image extraction with the following parameters: image_dir=/home/ilants/Documents/jupyter_test, output_dir=/home/ilants/Documents/jupyter_test/single_image_multiple_params/exp_threshold_0.025, image_type=svs, groovy_script=/home/ilants/Documents/utls/nucleus_detection_wargs.groovy, config_file=/home/ilants/Documents/jupyter_test/single_image_multiple_params/exp_threshold_0.025/cfg.json, program_path=/home/ilants/Documents/QuPath-v0.5.1-Linux/QuPath/bin/QuPath
2024-10-22 22:17:39 INFO: 22:17:39.224 [main] [INFO ] qupath.lib.gui.prefs.PathPrefs - Setting default Locale to en_US
2024-10-22 22:17:39 INFO: 22:17:39.227 [main] [INFO ] qupath.lib.gui.prefs.PathPrefs - Setting Locale for FORMAT to en_US
2024-10-22 22:17:39 INFO: 22:17:39.227 [main] [INFO ] qupath.lib.gui.prefs.PathPrefs - Setting Locale for DISPLAY to en_US
2024-10-22 22:17:39 INFO: 22:17:39.242 [main] [INFO ] qupath.lib.common.ThreadTools - Setting parallelism to 63
2024-10-22 22:17:39 INFO: 22:17:39.260 [main] [INFO ] qupath.ScriptCommand - Setting tile cache size to 32200.00 MB (25.0% max memory)
2024-10-22 22:17:39 INFO: 22:17:39.310 [main] [INFO ] qupath.lib.scripting.QP - Initializing type adapters
2024-10-22 22:17:39 INFO: Warning: Versions of org.bytedeco:javacpp:1.5.9 and org.bytedeco:opencv:4.6.0-1.5.8 do not match.
2024-10-22 22:17:39 INFO: Warning: Versions of org.bytedeco:javacpp:1.5.9 and org.bytedeco:openblas:0.3.21-1.5.8 do not match.
2024-10-22 22:17:40 INFO: project parameters are: {"detectionImageBrightfield": "Hematoxylin OD","requestedPixelSizeMicrons": 0.5,"backgroundRadiusMicrons": 4.0,"backgroundByReconstruction": true,"medianRadiusMicrons": 0.0,"sigmaMicrons": 1.5,"minAreaMicrons": 10.0,"maxAreaMicrons": 80.0,"threshold": 0.025,"maxBackground": 2.0,"watershedPostProcess": true,"cellExpansionMicrons": 5.0,"includeNuclei": true,"smoothBoundaries": true,"makeMeasurements": true,"backgroundRadiusPixel": 8.0,"cellExpansionPixel": 10.0,"medianRadiusPixel": 0.0,"minAreaPixel": 20.0,"maxAreaPixel": 160.0}
2024-10-22 22:17:40 INFO: New project created at: /home/ilants/Documents/jupyter_test/single_image_multiple_params/exp_threshold_0.025/QPProject
2024-10-22 22:17:40 INFO: Added: /home/ilants/Documents/jupyter_test/TCGA-GI-A2C8-01Z-00-DX1.09BD8AC9-645A-4C8B-9B36-77D833BDBA09.svs
2024-10-22 22:17:40 INFO: /home/ilants/Documents/jupyter_test/TCGA-GI-A2C8-01Z-00-DX1.09BD8AC9-645A-4C8B-9B36-77D833BDBA09.svs
2024-10-22 22:17:41 INFO: 22:17:41.274 [main] [INFO ] q.l.i.s.b.BioFormatsServerOptions - Setting max Bio-Formats readers to 32
2024-10-22 22:17:41 INFO: UriImageSupport (class qupath.lib.images.servers.bioformats.BioFormatsServerBuilder) support=3.0, builders=1
2024-10-22 22:17:41 INFO: true
2024-10-22 22:17:41 INFO: 22:17:41.947 [main] [WARN ] qupath.lib.scripting.QP - createSelectAllObject(boolean) is deprecated, use createFullImageAnnotation(boolean) instead
2024-10-22 22:17:41 INFO: 22:17:41.947 [main] [WARN ] qupath.lib.scripting.QP - createSelectAllObject(boolean, int, int) is deprecated, use createFullImageAnnotation(boolean, int, int) instead
2024-10-22 22:17:41 INFO: 22:17:41.956 [main] [WARN ] q.l.plugins.parameters.ParameterList - Unable to set parameter backgroundRadiusPixel with value 8.0
2024-10-22 22:17:41 INFO: 22:17:41.957 [main] [WARN ] q.l.plugins.parameters.ParameterList - Unable to set parameter cellExpansionPixel with value 10.0
2024-10-22 22:17:41 INFO: 22:17:41.957 [main] [WARN ] q.l.plugins.parameters.ParameterList - Unable to set parameter medianRadiusPixel with value 0.0
2024-10-22 22:17:41 INFO: 22:17:41.957 [main] [WARN ] q.l.plugins.parameters.ParameterList - Unable to set parameter minAreaPixel with value 20.0
2024-10-22 22:17:41 INFO: 22:17:41.957 [main] [WARN ] q.l.plugins.parameters.ParameterList - Unable to set parameter maxAreaPixel with value 160.0
2024-10-22 22:17:57 INFO: 22:17:57.700 [task-runner-1-9] [INFO ] q.lib.plugins.DetectionPluginTools - 2 nuclei detected (processing time: 15.62 seconds)
2024-10-22 22:17:57 INFO: 22:17:57.705 [main] [INFO ] q.l.p.CommandLineTaskRunner$CommandLineProgressMonitor - 2 nuclei detected (1%)
2024-10-22 22:17:57 INFO: 22:17:57.702 [task-runner-1-3] [INFO ] q.lib.plugins.DetectionPluginTools - 1 nucleus detected (processing time: 15.62 seconds)
2024-10-22 22:17:57 INFO: 22:17:57.706 [main] [INFO ] q.l.p.CommandLineTaskRunner$CommandLineProgressMonitor - 1 nucleus detected (1%)
2024-10-22 22:17:57 INFO: 22:17:57.710 [task-runner-1-8] [INFO ] q.lib.plugins.DetectionPluginTools - 5 nuclei detected (processing time: 15.63 seconds)
2024-10-22 22:17:57 INFO: 22:17:57.711 [main] [INFO ] q.l.p.CommandLineTaskRunner$CommandLineProgressMonitor - 5 nuclei detected (2%)
2024-10-22 22:17:57 INFO: 22:17:57.712 [task-runner-1-12] [INFO ] q.lib.plugins.DetectionPluginTools - 3 nuclei detected (processing time: 15.63 seconds)
2024-10-22 22:17:57 INFO: 22:17:57.712 [main] [INFO ] q.l.p.CommandLineTaskRunner$CommandLineProgressMonitor - 3 nuclei detected (3%)
2024-10-22 22:17:57 INFO: 22:17:57.716 [task-runner-1-1] [INFO ] q.lib.plugins.DetectionPluginTools - 5 nuclei detected (processing time: 15.63 seconds)
2024-10-22 22:17:57 INFO: 22:17:57.716 [main] [INFO ] q.l.p.CommandLineTaskRunner$CommandLineProgressMonitor - 5 nuclei detected (3%)
2024-10-22 22:17:57 INFO: 22:17:57.718 [task-runner-1-11] [INFO ] q.lib.plugins.DetectionPluginTools - 6 nuclei detected (processing time: 15.63 seconds)
2024-10-22 22:17:57 INFO: 22:17:57.719 [main] [INFO ] q.l.p.CommandLineTaskRunner$CommandLineProgressMonitor - 6 nuclei detected (4%)
2024-10-22 22:17:57 INFO: 22:17:57.721 [task-runner-1-27] [INFO ] q.lib.plugins.DetectionPluginTools - 4 nuclei detected (processing time: 15.63 seconds)
2024-10-22 22:17:57 INFO: 22:17:57.721 [main] [INFO ] q.l.p.CommandLineTaskRunner$CommandLineProgressMonitor - 4 nuclei detected (4%)
2024-10-22 22:17:57 INFO: 22:17:57.722 [task-runner-1-48] [INFO ] q.lib.plugins.DetectionPluginTools - 6 nuclei detected (processing time: 15.63 seconds)
2024-10-22 22:17:57 INFO: 22:17:57.722 [main] [INFO ] q.l.p.CommandLineTaskRunner$CommandLineProgressMonitor - 6 nuclei detected (5%)
2024-10-22 22:17:57 INFO: 22:17:57.727 [task-runner-1-7] [INFO ] q.lib.plugins.DetectionPluginTools - 6 nuclei detected (processing time: 15.64 seconds)
2024-10-22 22:17:57 INFO: 22:17:57.728 [main] [INFO ] q.l.p.CommandLineTaskRunner$CommandLineProgressMonitor - 6 nuclei detected (6%)
2024-10-22 22:17:57 INFO: 22:17:57.730 [task-runner-1-10] [INFO ] q.lib.plugins.DetectionPluginTools - 7 nuclei detected (processing time: 15.65 seconds)
2024-10-22 22:17:57 INFO: 22:17:57.730 [task-runner-1-29] [INFO ] q.lib.plugins.DetectionPluginTools - 14 nuclei detected (processing time: 15.64 seconds)
2024-10-22 22:17:57 INFO: 22:17:57.731 [main] [INFO ] q.l.p.CommandLineTaskRunner$CommandLineProgressMonitor - 7 nuclei detected (6%)
2024-10-22 22:17:57 INFO: 22:17:57.731 [main] [INFO ] q.l.p.CommandLineTaskRunner$CommandLineProgressMonitor - 14 nuclei detected (7%)
2024-10-22 22:17:57 INFO: 22:17:57.737 [task-runner-1-17] [INFO ] q.lib.plugins.DetectionPluginTools - 19 nuclei detected (processing time: 15.65 seconds)
2024-10-22 22:17:57 INFO: 22:17:57.738 [task-runner-1-15] [INFO ] q.lib.plugins.DetectionPluginTools - 18 nuclei detected (processing time: 15.65 seconds)
2024-10-22 22:17:57 INFO: 22:17:57.738 [main] [INFO ] q.l.p.CommandLineTaskRunner$CommandLineProgressMonitor - 19 nuclei detected (8%)
2024-10-22 22:17:57 INFO: 22:17:57.738 [main] [INFO ] q.l.p.CommandLineTaskRunner$CommandLineProgressMonitor - 18 nuclei detected (8%)
2024-10-22 22:17:57 INFO: 22:17:57.740 [task-runner-1-14] [INFO ] q.lib.plugins.DetectionPluginTools - 13 nuclei detected (processing time: 15.65 seconds)
2024-10-22 22:17:57 INFO: 22:17:57.740 [main] [INFO ] q.l.p.CommandLineTaskRunner$CommandLineProgressMonitor - 13 nuclei detected (9%)
2024-10-22 22:17:57 INFO: 22:17:57.756 [task-runner-1-31] [INFO ] q.lib.plugins.DetectionPluginTools - 27 nuclei detected (processing time: 15.67 seconds)
2024-10-22 22:17:57 INFO: 22:17:57.759 [main] [INFO ] q.l.p.CommandLineTaskRunner$CommandLineProgressMonitor - 27 nuclei detected (9%)
2024-10-22 22:17:57 INFO: 22:17:57.762 [task-runner-1-6] [INFO ] q.lib.plugins.DetectionPluginTools - 35 nuclei detected (processing time: 15.68 seconds)
2024-10-22 22:17:57 INFO: 22:17:57.763 [main] [INFO ] q.l.p.CommandLineTaskRunner$CommandLineProgressMonitor - 35 nuclei detected (10%)
2024-10-22 22:17:57 INFO: 22:17:57.836 [task-runner-1-28] [INFO ] q.lib.plugins.DetectionPluginTools - 63 nuclei detected (processing time: 15.75 seconds)
2024-10-22 22:17:57 INFO: 22:17:57.837 [main] [INFO ] q.l.p.CommandLineTaskRunner$CommandLineProgressMonitor - 63 nuclei detected (11%)
2024-10-22 22:17:57 INFO: 22:17:57.888 [task-runner-1-26] [INFO ] q.lib.plugins.DetectionPluginTools - 184 nuclei detected (processing time: 15.80 seconds)
2024-10-22 22:17:57 INFO: 22:17:57.889 [main] [INFO ] q.l.p.CommandLineTaskRunner$CommandLineProgressMonitor - 184 nuclei detected (11%)
2024-10-22 22:17:57 INFO: 22:17:57.956 [task-runner-1-46] [INFO ] q.lib.plugins.DetectionPluginTools - 185 nuclei detected (processing time: 15.86 seconds)
2024-10-22 22:17:57 INFO: 22:17:57.958 [main] [INFO ] q.l.p.CommandLineTaskRunner$CommandLineProgressMonitor - 185 nuclei detected (12%)
2024-10-22 22:17:58 INFO: 22:17:58.115 [task-runner-1-45] [INFO ] q.lib.plugins.DetectionPluginTools - 559 nuclei detected (processing time: 16.02 seconds)
2024-10-22 22:17:58 INFO: 22:17:58.116 [main] [INFO ] q.l.p.CommandLineTaskRunner$CommandLineProgressMonitor - 559 nuclei detected (13%)
2024-10-22 22:17:58 INFO: 22:17:58.234 [task-runner-1-18] [INFO ] q.lib.plugins.DetectionPluginTools - 852 nuclei detected (processing time: 16.15 seconds)
2024-10-22 22:17:58 INFO: 22:17:58.235 [main] [INFO ] q.l.p.CommandLineTaskRunner$CommandLineProgressMonitor - 852 nuclei detected (13%)
2024-10-22 22:17:58 INFO: 22:17:58.674 [task-runner-1-47] [INFO ] q.lib.plugins.DetectionPluginTools - 21 nuclei detected (processing time: 16.58 seconds)
2024-10-22 22:17:58 INFO: 22:17:58.675 [main] [INFO ] q.l.p.CommandLineTaskRunner$CommandLineProgressMonitor - 21 nuclei detected (14%)
2024-10-22 22:17:58 INFO: 22:17:58.676 [task-runner-1-2] [INFO ] q.lib.plugins.DetectionPluginTools - 4 nuclei detected (processing time: 16.59 seconds)
2024-10-22 22:17:58 INFO: 22:17:58.676 [main] [INFO ] q.l.p.CommandLineTaskRunner$CommandLineProgressMonitor - 4 nuclei detected (14%)
2024-10-22 22:17:58 INFO: 22:17:58.677 [task-runner-1-30] [INFO ] q.lib.plugins.DetectionPluginTools - 5 nuclei detected (processing time: 16.59 seconds)
2024-10-22 22:17:58 INFO: 22:17:58.677 [task-runner-1-32] [INFO ] q.lib.plugins.DetectionPluginTools - 2 nuclei detected (processing time: 16.59 seconds)
2024-10-22 22:17:58 INFO: 22:17:58.677 [main] [INFO ] q.l.p.CommandLineTaskRunner$CommandLineProgressMonitor - 2 nuclei detected (15%)
2024-10-22 22:17:58 INFO: 22:17:58.677 [main] [INFO ] q.l.p.CommandLineTaskRunner$CommandLineProgressMonitor - 5 nuclei detected (16%)
2024-10-22 22:17:58 INFO: 22:17:58.678 [task-runner-1-16] [INFO ] q.lib.plugins.DetectionPluginTools - 2 nuclei detected (processing time: 16.59 seconds)
2024-10-22 22:17:58 INFO: 22:17:58.678 [task-runner-1-4] [INFO ] q.lib.plugins.DetectionPluginTools - 3 nuclei detected (processing time: 16.60 seconds)
2024-10-22 22:17:58 INFO: 22:17:58.679 [main] [INFO ] q.l.p.CommandLineTaskRunner$CommandLineProgressMonitor - 2 nuclei detected (16%)
2024-10-22 22:17:58 INFO: 22:17:58.679 [main] [INFO ] q.l.p.CommandLineTaskRunner$CommandLineProgressMonitor - 3 nuclei detected (17%)
2024-10-22 22:17:58 INFO: 22:17:58.694 [task-runner-1-13] [INFO ] q.lib.plugins.DetectionPluginTools - 27 nuclei detected (processing time: 16.61 seconds)
2024-10-22 22:17:58 INFO: 22:17:58.696 [main] [INFO ] q.l.p.CommandLineTaskRunner$CommandLineProgressMonitor - 27 nuclei detected (18%)
2024-10-22 22:17:59 INFO: 22:17:59.110 [task-runner-1-5] [INFO ] q.lib.plugins.DetectionPluginTools - 376 nuclei detected (processing time: 17.03 seconds)
2024-10-22 22:17:59 INFO: 22:17:59.112 [main] [INFO ] q.l.p.CommandLineTaskRunner$CommandLineProgressMonitor - 376 nuclei detected (18%)
2024-10-22 22:17:59 INFO: 22:17:59.774 [task-runner-1-33] [INFO ] q.lib.plugins.DetectionPluginTools - 824 nuclei detected (processing time: 17.69 seconds)
2024-10-22 22:17:59 INFO: 22:17:59.775 [main] [INFO ] q.l.p.CommandLineTaskRunner$CommandLineProgressMonitor - 824 nuclei detected (19%)
2024-10-22 22:17:59 INFO: 22:17:59.796 [task-runner-1-63] [INFO ] q.lib.plugins.DetectionPluginTools - 808 nuclei detected (processing time: 17.70 seconds)
2024-10-22 22:17:59 INFO: 22:17:59.797 [main] [INFO ] q.l.p.CommandLineTaskRunner$CommandLineProgressMonitor - 808 nuclei detected (19%)
2024-10-22 22:17:59 INFO: 22:17:59.813 [task-runner-1-49] [INFO ] q.lib.plugins.DetectionPluginTools - 731 nuclei detected (processing time: 17.72 seconds)
2024-10-22 22:17:59 INFO: 22:17:59.815 [main] [INFO ] q.l.p.CommandLineTaskRunner$CommandLineProgressMonitor - 731 nuclei detected (20%)
2024-10-22 22:17:59 INFO: 22:17:59.901 [task-runner-1-19] [INFO ] q.lib.plugins.DetectionPluginTools - 1298 nuclei detected (processing time: 17.82 seconds)
2024-10-22 22:17:59 INFO: 22:17:59.911 [main] [INFO ] q.l.p.CommandLineTaskRunner$CommandLineProgressMonitor - 1298 nuclei detected (21%)
2024-10-22 22:17:59 INFO: 22:17:59.933 [task-runner-1-25] [INFO ] q.lib.plugins.DetectionPluginTools - 1557 nuclei detected (processing time: 17.85 seconds)
2024-10-22 22:17:59 INFO: 22:17:59.934 [main] [INFO ] q.l.p.CommandLineTaskRunner$CommandLineProgressMonitor - 1557 nuclei detected (21%)
2024-10-22 22:17:59 INFO: 22:17:59.952 [task-runner-1-62] [INFO ] q.lib.plugins.DetectionPluginTools - 1201 nuclei detected (processing time: 17.86 seconds)
2024-10-22 22:17:59 INFO: 22:17:59.954 [main] [INFO ] q.l.p.CommandLineTaskRunner$CommandLineProgressMonitor - 1201 nuclei detected (22%)
2024-10-22 22:18:00 INFO: 22:18:00.018 [task-runner-1-61] [INFO ] q.lib.plugins.DetectionPluginTools - 1253 nuclei detected (processing time: 17.92 seconds)
2024-10-22 22:18:00 INFO: 22:18:00.020 [main] [INFO ] q.l.p.CommandLineTaskRunner$CommandLineProgressMonitor - 1253 nuclei detected (23%)
2024-10-22 22:18:00 INFO: 22:18:00.059 [task-runner-1-44] [INFO ] q.lib.plugins.DetectionPluginTools - 1409 nuclei detected (processing time: 17.97 seconds)
2024-10-22 22:18:00 INFO: 22:18:00.170 [main] [INFO ] q.l.p.CommandLineTaskRunner$CommandLineProgressMonitor - 1409 nuclei detected (23%)
2024-10-22 22:18:00 INFO: 22:18:00.060 [task-runner-1-50] [INFO ] q.lib.plugins.DetectionPluginTools - 1452 nuclei detected (processing time: 17.97 seconds)
2024-10-22 22:18:00 INFO: 22:18:00.186 [main] [INFO ] q.l.p.CommandLineTaskRunner$CommandLineProgressMonitor - 1452 nuclei detected (24%)
2024-10-22 22:18:00 INFO: 22:18:00.229 [task-runner-1-34] [INFO ] q.lib.plugins.DetectionPluginTools - 1608 nuclei detected (processing time: 18.14 seconds)
2024-10-22 22:18:00 INFO: 22:18:00.230 [main] [INFO ] q.l.p.CommandLineTaskRunner$CommandLineProgressMonitor - 1608 nuclei detected (24%)
2024-10-22 22:18:00 INFO: 22:18:00.244 [task-runner-1-20] [INFO ] q.lib.plugins.DetectionPluginTools - 1972 nuclei detected (processing time: 18.16 seconds)
2024-10-22 22:18:00 INFO: 22:18:00.246 [main] [INFO ] q.l.p.CommandLineTaskRunner$CommandLineProgressMonitor - 1972 nuclei detected (25%)
2024-10-22 22:18:00 INFO: 22:18:00.371 [task-runner-1-35] [INFO ] q.lib.plugins.DetectionPluginTools - 1973 nuclei detected (processing time: 18.28 seconds)
2024-10-22 22:18:00 INFO: 22:18:00.374 [main] [INFO ] q.l.p.CommandLineTaskRunner$CommandLineProgressMonitor - 1973 nuclei detected (26%)
2024-10-22 22:18:01 INFO: 22:18:01.198 [task-runner-1-24] [INFO ] q.lib.plugins.DetectionPluginTools - 3261 nuclei detected (processing time: 19.11 seconds)
2024-10-22 22:18:01 INFO: 22:18:01.201 [main] [INFO ] q.l.p.CommandLineTaskRunner$CommandLineProgressMonitor - 3261 nuclei detected (26%)
2024-10-22 22:18:01 INFO: 22:18:01.209 [task-runner-1-23] [INFO ] q.lib.plugins.DetectionPluginTools - 3408 nuclei detected (processing time: 19.12 seconds)
2024-10-22 22:18:01 INFO: 22:18:01.212 [task-runner-1-43] [INFO ] q.lib.plugins.DetectionPluginTools - 3023 nuclei detected (processing time: 19.12 seconds)
2024-10-22 22:18:01 INFO: 22:18:01.213 [main] [INFO ] q.l.p.CommandLineTaskRunner$CommandLineProgressMonitor - 3408 nuclei detected (27%)
2024-10-22 22:18:01 INFO: 22:18:01.215 [main] [INFO ] q.l.p.CommandLineTaskRunner$CommandLineProgressMonitor - 3023 nuclei detected (28%)
2024-10-22 22:18:01 INFO: 22:18:01.612 [task-runner-1-51] [INFO ] q.lib.plugins.DetectionPluginTools - 3727 nuclei detected (processing time: 19.52 seconds)
2024-10-22 22:18:01 INFO: 22:18:01.612 [main] [INFO ] q.l.p.CommandLineTaskRunner$CommandLineProgressMonitor - 3727 nuclei detected (28%)
2024-10-22 22:18:02 INFO: 22:18:02.516 [task-runner-1-60] [INFO ] q.lib.plugins.DetectionPluginTools - 3311 nuclei detected (processing time: 20.42 seconds)
2024-10-22 22:18:02 INFO: 22:18:02.517 [main] [INFO ] q.l.p.CommandLineTaskRunner$CommandLineProgressMonitor - 3311 nuclei detected (29%)
2024-10-22 22:18:02 INFO: 22:18:02.735 [task-runner-1-22] [INFO ] q.lib.plugins.DetectionPluginTools - 4145 nuclei detected (processing time: 20.65 seconds)
2024-10-22 22:18:02 INFO: 22:18:02.736 [main] [INFO ] q.l.p.CommandLineTaskRunner$CommandLineProgressMonitor - 4145 nuclei detected (29%)
2024-10-22 22:18:03 INFO: 22:18:03.830 [task-runner-1-9] [INFO ] q.lib.plugins.DetectionPluginTools - 5 nuclei detected (processing time: 6.13 seconds)
2024-10-22 22:18:03 INFO: 22:18:03.831 [main] [INFO ] q.l.p.CommandLineTaskRunner$CommandLineProgressMonitor - 5 nuclei detected (30%)
2024-10-22 22:18:04 INFO: 22:18:04.905 [task-runner-1-28] [INFO ] q.lib.plugins.DetectionPluginTools - 6 nuclei detected (processing time: 7.07 seconds)
2024-10-22 22:18:04 INFO: 22:18:04.906 [main] [INFO ] q.l.p.CommandLineTaskRunner$CommandLineProgressMonitor - 6 nuclei detected (31%)
2024-10-22 22:18:05 INFO: 22:18:05.248 [task-runner-1-21] [INFO ] q.lib.plugins.DetectionPluginTools - 7448 nuclei detected (processing time: 23.16 seconds)
2024-10-22 22:18:05 INFO: 22:18:05.249 [main] [INFO ] q.l.p.CommandLineTaskRunner$CommandLineProgressMonitor - 7448 nuclei detected (31%)
2024-10-22 22:18:05 INFO: 22:18:05.575 [task-runner-1-36] [INFO ] q.lib.plugins.DetectionPluginTools - 6910 nuclei detected (processing time: 23.49 seconds)
2024-10-22 22:18:05 INFO: 22:18:05.579 [main] [INFO ] q.l.p.CommandLineTaskRunner$CommandLineProgressMonitor - 6910 nuclei detected (32%)
2024-10-22 22:18:05 INFO: 22:18:05.587 [task-runner-1-59] [INFO ] q.lib.plugins.DetectionPluginTools - 6438 nuclei detected (processing time: 23.49 seconds)
2024-10-22 22:18:05 INFO: 22:18:05.588 [main] [INFO ] q.l.p.CommandLineTaskRunner$CommandLineProgressMonitor - 6438 nuclei detected (33%)
2024-10-22 22:18:06 INFO: 22:18:06.133 [task-runner-1-46] [INFO ] q.lib.plugins.DetectionPluginTools - 959 nuclei detected (processing time: 8.18 seconds)
2024-10-22 22:18:06 INFO: 22:18:06.135 [main] [INFO ] q.l.p.CommandLineTaskRunner$CommandLineProgressMonitor - 959 nuclei detected (33%)
2024-10-22 22:18:06 INFO: 22:18:06.364 [task-runner-1-52] [INFO ] q.lib.plugins.DetectionPluginTools - 7127 nuclei detected (processing time: 24.27 seconds)
2024-10-22 22:18:06 INFO: 22:18:06.366 [main] [INFO ] q.l.p.CommandLineTaskRunner$CommandLineProgressMonitor - 7127 nuclei detected (34%)
2024-10-22 22:18:06 INFO: 22:18:06.452 [task-runner-1-49] [INFO ] q.lib.plugins.DetectionPluginTools - 484 nuclei detected (processing time: 6.64 seconds)
2024-10-22 22:18:06 INFO: 22:18:06.454 [main] [INFO ] q.l.p.CommandLineTaskRunner$CommandLineProgressMonitor - 484 nuclei detected (34%)
2024-10-22 22:18:06 INFO: 22:18:06.559 [task-runner-1-3] [INFO ] q.lib.plugins.DetectionPluginTools - 669 nuclei detected (processing time: 8.85 seconds)
2024-10-22 22:18:06 INFO: 22:18:06.561 [task-runner-1-19] [INFO ] q.lib.plugins.DetectionPluginTools - 5 nuclei detected (processing time: 6.65 seconds)
2024-10-22 22:18:06 INFO: 22:18:06.564 [main] [INFO ] q.l.p.CommandLineTaskRunner$CommandLineProgressMonitor - 669 nuclei detected (35%)
2024-10-22 22:18:06 INFO: 22:18:06.565 [main] [INFO ] q.l.p.CommandLineTaskRunner$CommandLineProgressMonitor - 5 nuclei detected (36%)
2024-10-22 22:18:07 INFO: 22:18:07.015 [task-runner-1-26] [INFO ] q.lib.plugins.DetectionPluginTools - 660 nuclei detected (processing time: 9.13 seconds)
2024-10-22 22:18:07 INFO: 22:18:07.016 [main] [INFO ] q.l.p.CommandLineTaskRunner$CommandLineProgressMonitor - 660 nuclei detected (36%)
2024-10-22 22:18:07 INFO: 22:18:07.074 [task-runner-1-42] [INFO ] q.lib.plugins.DetectionPluginTools - 7159 nuclei detected (processing time: 24.98 seconds)
2024-10-22 22:18:07 INFO: 22:18:07.075 [main] [INFO ] q.l.p.CommandLineTaskRunner$CommandLineProgressMonitor - 7159 nuclei detected (37%)
2024-10-22 22:18:07 INFO: 22:18:07.442 [task-runner-1-8] [INFO ] q.lib.plugins.DetectionPluginTools - 1186 nuclei detected (processing time: 9.73 seconds)
2024-10-22 22:18:07 INFO: 22:18:07.442 [main] [INFO ] q.l.p.CommandLineTaskRunner$CommandLineProgressMonitor - 1186 nuclei detected (38%)
2024-10-22 22:18:07 INFO: 22:18:07.792 [task-runner-1-25] [INFO ] q.lib.plugins.DetectionPluginTools - 689 nuclei detected (processing time: 7.86 seconds)
2024-10-22 22:18:07 INFO: 22:18:07.797 [main] [INFO ] q.l.p.CommandLineTaskRunner$CommandLineProgressMonitor - 689 nuclei detected (38%)
2024-10-22 22:18:07 INFO: 22:18:07.898 [task-runner-1-62] [INFO ] q.lib.plugins.DetectionPluginTools - 812 nuclei detected (processing time: 7.95 seconds)
2024-10-22 22:18:07 INFO: 22:18:07.901 [main] [INFO ] q.l.p.CommandLineTaskRunner$CommandLineProgressMonitor - 812 nuclei detected (39%)
2024-10-22 22:18:08 INFO: 22:18:08.303 [task-runner-1-6] [INFO ] q.lib.plugins.DetectionPluginTools - 1477 nuclei detected (processing time: 10.54 seconds)
2024-10-22 22:18:08 INFO: 22:18:08.305 [main] [INFO ] q.l.p.CommandLineTaskRunner$CommandLineProgressMonitor - 1477 nuclei detected (39%)
2024-10-22 22:18:08 INFO: 22:18:08.354 [task-runner-1-12] [INFO ] q.lib.plugins.DetectionPluginTools - 1644 nuclei detected (processing time: 10.64 seconds)
2024-10-22 22:18:08 INFO: 22:18:08.356 [main] [INFO ] q.l.p.CommandLineTaskRunner$CommandLineProgressMonitor - 1644 nuclei detected (40%)
2024-10-22 22:18:09 INFO: 22:18:09.325 [task-runner-1-40] [INFO ] q.lib.plugins.DetectionPluginTools - 7255 nuclei detected (processing time: 27.23 seconds)
2024-10-22 22:18:09 INFO: 22:18:09.326 [main] [INFO ] q.l.p.CommandLineTaskRunner$CommandLineProgressMonitor - 7255 nuclei detected (41%)
2024-10-22 22:18:10 INFO: 22:18:10.002 [task-runner-1-41] [INFO ] q.lib.plugins.DetectionPluginTools - 7699 nuclei detected (processing time: 27.91 seconds)
2024-10-22 22:18:10 INFO: 22:18:10.004 [main] [INFO ] q.l.p.CommandLineTaskRunner$CommandLineProgressMonitor - 7699 nuclei detected (41%)
2024-10-22 22:18:10 INFO: 22:18:10.135 [task-runner-1-61] [INFO ] q.lib.plugins.DetectionPluginTools - 1074 nuclei detected (processing time: 10.12 seconds)
2024-10-22 22:18:10 INFO: 22:18:10.137 [main] [INFO ] q.l.p.CommandLineTaskRunner$CommandLineProgressMonitor - 1074 nuclei detected (42%)
2024-10-22 22:18:10 INFO: 22:18:10.234 [task-runner-1-39] [INFO ] q.lib.plugins.DetectionPluginTools - 7838 nuclei detected (processing time: 28.14 seconds)
2024-10-22 22:18:10 INFO: 22:18:10.235 [main] [INFO ] q.l.p.CommandLineTaskRunner$CommandLineProgressMonitor - 7838 nuclei detected (43%)
2024-10-22 22:18:10 INFO: 22:18:10.301 [task-runner-1-9] [INFO ] q.lib.plugins.DetectionPluginTools - 132 nuclei detected (processing time: 6.47 seconds)
2024-10-22 22:18:10 INFO: 22:18:10.303 [main] [INFO ] q.l.p.CommandLineTaskRunner$CommandLineProgressMonitor - 132 nuclei detected (43%)
2024-10-22 22:18:10 INFO: 22:18:10.340 [task-runner-1-58] [INFO ] q.lib.plugins.DetectionPluginTools - 7816 nuclei detected (processing time: 28.25 seconds)
2024-10-22 22:18:10 INFO: 22:18:10.340 [task-runner-1-57] [INFO ] q.lib.plugins.DetectionPluginTools - 7584 nuclei detected (processing time: 28.25 seconds)
2024-10-22 22:18:10 INFO: 22:18:10.342 [main] [INFO ] q.l.p.CommandLineTaskRunner$CommandLineProgressMonitor - 7816 nuclei detected (44%)
2024-10-22 22:18:10 INFO: 22:18:10.343 [main] [INFO ] q.l.p.CommandLineTaskRunner$CommandLineProgressMonitor - 7584 nuclei detected (44%)
2024-10-22 22:18:10 INFO: 22:18:10.830 [task-runner-1-28] [INFO ] q.lib.plugins.DetectionPluginTools - 1 nucleus detected (processing time: 5.92 seconds)
2024-10-22 22:18:10 INFO: 22:18:10.831 [task-runner-1-45] [INFO ] q.lib.plugins.DetectionPluginTools - 2269 nuclei detected (processing time: 12.71 seconds)
2024-10-22 22:18:10 INFO: 22:18:10.832 [main] [INFO ] q.l.p.CommandLineTaskRunner$CommandLineProgressMonitor - 1 nucleus detected (45%)
2024-10-22 22:18:10 INFO: 22:18:10.832 [main] [INFO ] q.l.p.CommandLineTaskRunner$CommandLineProgressMonitor - 2269 nuclei detected (46%)
2024-10-22 22:18:11 INFO: 22:18:11.235 [task-runner-1-56] [INFO ] q.lib.plugins.DetectionPluginTools - 8101 nuclei detected (processing time: 29.14 seconds)
2024-10-22 22:18:11 INFO: 22:18:11.237 [main] [INFO ] q.l.p.CommandLineTaskRunner$CommandLineProgressMonitor - 8101 nuclei detected (46%)
2024-10-22 22:18:11 INFO: 22:18:11.418 [task-runner-1-54] [INFO ] q.lib.plugins.DetectionPluginTools - 9145 nuclei detected (processing time: 29.32 seconds)
2024-10-22 22:18:11 INFO: 22:18:11.420 [main] [INFO ] q.l.p.CommandLineTaskRunner$CommandLineProgressMonitor - 9145 nuclei detected (47%)
2024-10-22 22:18:11 INFO: 22:18:11.798 [task-runner-1-38] [INFO ] q.lib.plugins.DetectionPluginTools - 8662 nuclei detected (processing time: 29.71 seconds)
2024-10-22 22:18:11 INFO: 22:18:11.799 [main] [INFO ] q.l.p.CommandLineTaskRunner$CommandLineProgressMonitor - 8662 nuclei detected (48%)
2024-10-22 22:18:11 INFO: 22:18:11.947 [task-runner-1-55] [INFO ] q.lib.plugins.DetectionPluginTools - 8472 nuclei detected (processing time: 29.85 seconds)
2024-10-22 22:18:11 INFO: 22:18:11.948 [main] [INFO ] q.l.p.CommandLineTaskRunner$CommandLineProgressMonitor - 8472 nuclei detected (48%)
2024-10-22 22:18:12 INFO: 22:18:12.188 [task-runner-1-53] [INFO ] q.lib.plugins.DetectionPluginTools - 10018 nuclei detected (processing time: 30.10 seconds)
2024-10-22 22:18:12 INFO: 22:18:12.192 [main] [INFO ] q.l.p.CommandLineTaskRunner$CommandLineProgressMonitor - 10018 nuclei detected (49%)
2024-10-22 22:18:12 INFO: 22:18:12.430 [task-runner-1-31] [INFO ] q.lib.plugins.DetectionPluginTools - 3077 nuclei detected (processing time: 14.67 seconds)
2024-10-22 22:18:12 INFO: 22:18:12.432 [main] [INFO ] q.l.p.CommandLineTaskRunner$CommandLineProgressMonitor - 3077 nuclei detected (49%)
2024-10-22 22:18:12 INFO: 22:18:12.673 [task-runner-1-37] [INFO ] q.lib.plugins.DetectionPluginTools - 9645 nuclei detected (processing time: 30.58 seconds)
2024-10-22 22:18:12 INFO: 22:18:12.675 [main] [INFO ] q.l.p.CommandLineTaskRunner$CommandLineProgressMonitor - 9645 nuclei detected (50%)
2024-10-22 22:18:13 INFO: 22:18:13.980 [task-runner-1-12] [INFO ] q.lib.plugins.DetectionPluginTools - 1 nucleus detected (processing time: 5.62 seconds)
2024-10-22 22:18:13 INFO: 22:18:13.983 [main] [INFO ] q.l.p.CommandLineTaskRunner$CommandLineProgressMonitor - 1 nucleus detected (51%)
2024-10-22 22:18:14 INFO: 22:18:14.618 [task-runner-1-21] [INFO ] q.lib.plugins.DetectionPluginTools - 987 nuclei detected (processing time: 9.37 seconds)
2024-10-22 22:18:14 INFO: 22:18:14.620 [main] [INFO ] q.l.p.CommandLineTaskRunner$CommandLineProgressMonitor - 987 nuclei detected (51%)
2024-10-22 22:18:14 INFO: 22:18:14.989 [task-runner-1-63] [INFO ] q.lib.plugins.DetectionPluginTools - 2946 nuclei detected (processing time: 15.19 seconds)
2024-10-22 22:18:14 INFO: 22:18:14.991 [main] [INFO ] q.l.p.CommandLineTaskRunner$CommandLineProgressMonitor - 2946 nuclei detected (52%)
2024-10-22 22:18:15 INFO: 22:18:15.335 [task-runner-1-36] [INFO ] q.lib.plugins.DetectionPluginTools - 1156 nuclei detected (processing time: 9.76 seconds)
2024-10-22 22:18:15 INFO: 22:18:15.337 [main] [INFO ] q.l.p.CommandLineTaskRunner$CommandLineProgressMonitor - 1156 nuclei detected (53%)
2024-10-22 22:18:15 INFO: 22:18:15.805 [task-runner-1-40] [INFO ] q.lib.plugins.DetectionPluginTools - 5 nuclei detected (processing time: 6.48 seconds)
2024-10-22 22:18:15 INFO: 22:18:15.807 [main] [INFO ] q.l.p.CommandLineTaskRunner$CommandLineProgressMonitor - 5 nuclei detected (53%)
2024-10-22 22:18:16 INFO: 22:18:16.585 [task-runner-1-9] [INFO ] q.lib.plugins.DetectionPluginTools - 58 nuclei detected (processing time: 6.28 seconds)
2024-10-22 22:18:16 INFO: 22:18:16.586 [main] [INFO ] q.l.p.CommandLineTaskRunner$CommandLineProgressMonitor - 58 nuclei detected (54%)
2024-10-22 22:18:16 INFO: 22:18:16.669 [task-runner-1-58] [INFO ] q.lib.plugins.DetectionPluginTools - 92 nuclei detected (processing time: 6.33 seconds)
2024-10-22 22:18:16 INFO: 22:18:16.672 [main] [INFO ] q.l.p.CommandLineTaskRunner$CommandLineProgressMonitor - 92 nuclei detected (54%)
2024-10-22 22:18:16 INFO: 22:18:16.790 [task-runner-1-45] [INFO ] q.lib.plugins.DetectionPluginTools - 1 nucleus detected (processing time: 5.96 seconds)
2024-10-22 22:18:16 INFO: 22:18:16.791 [main] [INFO ] q.l.p.CommandLineTaskRunner$CommandLineProgressMonitor - 1 nucleus detected (55%)
2024-10-22 22:18:17 INFO: 22:18:17.073 [task-runner-1-41] [INFO ] q.lib.plugins.DetectionPluginTools - 311 nuclei detected (processing time: 7.07 seconds)
2024-10-22 22:18:17 INFO: 22:18:17.078 [main] [INFO ] q.l.p.CommandLineTaskRunner$CommandLineProgressMonitor - 311 nuclei detected (56%)
2024-10-22 22:18:17 INFO: 22:18:17.083 [task-runner-1-28] [INFO ] q.lib.plugins.DetectionPluginTools - 2 nuclei detected (processing time: 6.25 seconds)
2024-10-22 22:18:17 INFO: 22:18:17.085 [main] [INFO ] q.l.p.CommandLineTaskRunner$CommandLineProgressMonitor - 2 nuclei detected (56%)
2024-10-22 22:18:17 INFO: 22:18:17.103 [task-runner-1-56] [INFO ] q.lib.plugins.DetectionPluginTools - 41 nuclei detected (processing time: 5.87 seconds)
2024-10-22 22:18:17 INFO: 22:18:17.104 [main] [INFO ] q.l.p.CommandLineTaskRunner$CommandLineProgressMonitor - 41 nuclei detected (57%)
2024-10-22 22:18:17 INFO: 22:18:17.118 [task-runner-1-57] [INFO ] q.lib.plugins.DetectionPluginTools - 6 nuclei detected (processing time: 6.78 seconds)
2024-10-22 22:18:17 INFO: 22:18:17.120 [main] [INFO ] q.l.p.CommandLineTaskRunner$CommandLineProgressMonitor - 6 nuclei detected (57%)
2024-10-22 22:18:17 INFO: 22:18:17.667 [task-runner-1-61] [INFO ] q.lib.plugins.DetectionPluginTools - 326 nuclei detected (processing time: 7.53 seconds)
2024-10-22 22:18:17 INFO: 22:18:17.670 [main] [INFO ] q.l.p.CommandLineTaskRunner$CommandLineProgressMonitor - 326 nuclei detected (58%)
2024-10-22 22:18:17 INFO: 22:18:17.892 [task-runner-1-14] [INFO ] q.lib.plugins.DetectionPluginTools - 5065 nuclei detected (processing time: 20.15 seconds)
2024-10-22 22:18:17 INFO: 22:18:17.894 [main] [INFO ] q.l.p.CommandLineTaskRunner$CommandLineProgressMonitor - 5065 nuclei detected (59%)
2024-10-22 22:18:17 INFO: 22:18:17.954 [task-runner-1-39] [INFO ] q.lib.plugins.DetectionPluginTools - 694 nuclei detected (processing time: 7.72 seconds)
2024-10-22 22:18:17 INFO: 22:18:17.956 [main] [INFO ] q.l.p.CommandLineTaskRunner$CommandLineProgressMonitor - 694 nuclei detected (59%)
2024-10-22 22:18:18 INFO: 22:18:18.270 [task-runner-1-6] [INFO ] q.lib.plugins.DetectionPluginTools - 1854 nuclei detected (processing time: 9.97 seconds)
2024-10-22 22:18:18 INFO: 22:18:18.271 [main] [INFO ] q.l.p.CommandLineTaskRunner$CommandLineProgressMonitor - 1854 nuclei detected (60%)
2024-10-22 22:18:18 INFO: 22:18:18.568 [task-runner-1-54] [INFO ] q.lib.plugins.DetectionPluginTools - 553 nuclei detected (processing time: 7.15 seconds)
2024-10-22 22:18:18 INFO: 22:18:18.571 [main] [INFO ] q.l.p.CommandLineTaskRunner$CommandLineProgressMonitor - 553 nuclei detected (61%)
2024-10-22 22:18:19 INFO: 22:18:19.105 [task-runner-1-31] [INFO ] q.lib.plugins.DetectionPluginTools - 8 nuclei detected (processing time: 6.67 seconds)
2024-10-22 22:18:19 INFO: 22:18:19.106 [main] [INFO ] q.l.p.CommandLineTaskRunner$CommandLineProgressMonitor - 8 nuclei detected (61%)
2024-10-22 22:18:19 INFO: 22:18:19.233 [task-runner-1-37] [INFO ] q.lib.plugins.DetectionPluginTools - 2 nuclei detected (processing time: 6.56 seconds)
2024-10-22 22:18:19 INFO: 22:18:19.235 [main] [INFO ] q.l.p.CommandLineTaskRunner$CommandLineProgressMonitor - 2 nuclei detected (62%)
2024-10-22 22:18:19 INFO: 22:18:19.676 [task-runner-1-59] [INFO ] q.lib.plugins.DetectionPluginTools - 2606 nuclei detected (processing time: 14.09 seconds)
2024-10-22 22:18:19 INFO: 22:18:19.678 [main] [INFO ] q.l.p.CommandLineTaskRunner$CommandLineProgressMonitor - 2606 nuclei detected (63%)
2024-10-22 22:18:20 INFO: 22:18:20.038 [task-runner-1-22] [INFO ] q.lib.plugins.DetectionPluginTools - 4443 nuclei detected (processing time: 17.30 seconds)
2024-10-22 22:18:20 INFO: 22:18:20.039 [main] [INFO ] q.l.p.CommandLineTaskRunner$CommandLineProgressMonitor - 4443 nuclei detected (63%)
2024-10-22 22:18:20 INFO: 22:18:20.341 [task-runner-1-12] [INFO ] q.lib.plugins.DetectionPluginTools - 2 nuclei detected (processing time: 6.36 seconds)
2024-10-22 22:18:20 INFO: 22:18:20.343 [main] [INFO ] q.l.p.CommandLineTaskRunner$CommandLineProgressMonitor - 2 nuclei detected (64%)
2024-10-22 22:18:20 INFO: 22:18:20.926 [task-runner-1-63] [INFO ] q.lib.plugins.DetectionPluginTools - 3 nuclei detected (processing time: 5.93 seconds)
2024-10-22 22:18:20 INFO: 22:18:20.926 [main] [INFO ] q.l.p.CommandLineTaskRunner$CommandLineProgressMonitor - 3 nuclei detected (64%)
2024-10-22 22:18:21 INFO: 22:18:21.079 [task-runner-1-21] [INFO ] q.lib.plugins.DetectionPluginTools - 149 nuclei detected (processing time: 6.46 seconds)
2024-10-22 22:18:21 INFO: 22:18:21.081 [main] [INFO ] q.l.p.CommandLineTaskRunner$CommandLineProgressMonitor - 149 nuclei detected (65%)
2024-10-22 22:18:21 INFO: 22:18:21.537 [task-runner-1-40] [INFO ] q.lib.plugins.DetectionPluginTools - 5 nuclei detected (processing time: 5.73 seconds)
2024-10-22 22:18:21 INFO: 22:18:21.538 [main] [INFO ] q.l.p.CommandLineTaskRunner$CommandLineProgressMonitor - 5 nuclei detected (66%)
2024-10-22 22:18:21 INFO: 22:18:21.709 [task-runner-1-1] [INFO ] q.lib.plugins.DetectionPluginTools - 7323 nuclei detected (processing time: 23.99 seconds)
2024-10-22 22:18:21 INFO: 22:18:21.710 [main] [INFO ] q.l.p.CommandLineTaskRunner$CommandLineProgressMonitor - 7323 nuclei detected (66%)
2024-10-22 22:18:21 INFO: 22:18:21.806 [task-runner-1-36] [INFO ] q.lib.plugins.DetectionPluginTools - 2 nuclei detected (processing time: 6.47 seconds)
2024-10-22 22:18:21 INFO: 22:18:21.807 [main] [INFO ] q.l.p.CommandLineTaskRunner$CommandLineProgressMonitor - 2 nuclei detected (67%)
2024-10-22 22:18:21 INFO: 22:18:21.867 [task-runner-1-61] [INFO ] q.lib.plugins.DetectionPluginTools - 4 nuclei detected (processing time: 4.20 seconds)
2024-10-22 22:18:21 INFO: 22:18:21.868 [main] [INFO ] q.l.p.CommandLineTaskRunner$CommandLineProgressMonitor - 4 nuclei detected (68%)
2024-10-22 22:18:21 INFO: 22:18:21.963 [task-runner-1-9] [INFO ] q.lib.plugins.DetectionPluginTools - 14 nuclei detected (processing time: 5.38 seconds)
2024-10-22 22:18:21 INFO: 22:18:21.963 [main] [INFO ] q.l.p.CommandLineTaskRunner$CommandLineProgressMonitor - 14 nuclei detected (68%)
2024-10-22 22:18:22 INFO: 22:18:22.312 [task-runner-1-15] [INFO ] q.lib.plugins.DetectionPluginTools - 7849 nuclei detected (processing time: 24.57 seconds)
2024-10-22 22:18:22 INFO: 22:18:22.313 [main] [INFO ] q.l.p.CommandLineTaskRunner$CommandLineProgressMonitor - 7849 nuclei detected (69%)
2024-10-22 22:18:22 INFO: 22:18:22.313 [task-runner-1-56] [INFO ] q.lib.plugins.DetectionPluginTools - 3 nuclei detected (processing time: 5.21 seconds)
2024-10-22 22:18:22 INFO: 22:18:22.313 [main] [INFO ] q.l.p.CommandLineTaskRunner$CommandLineProgressMonitor - 3 nuclei detected (69%)
2024-10-22 22:18:22 INFO: 22:18:22.337 [task-runner-1-45] [INFO ] q.lib.plugins.DetectionPluginTools - 5 nuclei detected (processing time: 5.55 seconds)
2024-10-22 22:18:22 INFO: 22:18:22.338 [main] [INFO ] q.l.p.CommandLineTaskRunner$CommandLineProgressMonitor - 5 nuclei detected (70%)
2024-10-22 22:18:22 INFO: 22:18:22.497 [task-runner-1-58] [INFO ] q.lib.plugins.DetectionPluginTools - 2 nuclei detected (processing time: 5.83 seconds)
2024-10-22 22:18:22 INFO: 22:18:22.498 [main] [INFO ] q.l.p.CommandLineTaskRunner$CommandLineProgressMonitor - 2 nuclei detected (71%)
2024-10-22 22:18:22 INFO: 22:18:22.641 [task-runner-1-41] [INFO ] q.lib.plugins.DetectionPluginTools - 2 nuclei detected (processing time: 5.56 seconds)
2024-10-22 22:18:22 INFO: 22:18:22.924 [task-runner-1-38] [INFO ] q.lib.plugins.DetectionPluginTools - 2564 nuclei detected (processing time: 11.12 seconds)
2024-10-22 22:18:22 INFO: 22:18:22.924 [main] [INFO ] q.l.p.CommandLineTaskRunner$CommandLineProgressMonitor - 2564 nuclei detected (72%)
2024-10-22 22:18:22 INFO: 22:18:22.954 [task-runner-1-14] [INFO ] q.lib.plugins.DetectionPluginTools - 5 nuclei detected (processing time: 5.06 seconds)
2024-10-22 22:18:22 INFO: 22:18:22.955 [main] [INFO ] q.l.p.CommandLineTaskRunner$CommandLineProgressMonitor - 5 nuclei detected (73%)
2024-10-22 22:18:22 INFO: 22:18:22.980 [task-runner-1-28] [INFO ] q.lib.plugins.DetectionPluginTools - 2 nuclei detected (processing time: 5.90 seconds)
2024-10-22 22:18:22 INFO: 22:18:22.980 [main] [INFO ] q.l.p.CommandLineTaskRunner$CommandLineProgressMonitor - 2 nuclei detected (73%)
2024-10-22 22:18:23 INFO: 22:18:23.024 [task-runner-1-6] [INFO ] q.lib.plugins.DetectionPluginTools - 0 nuclei detected (processing time: 4.75 seconds)
2024-10-22 22:18:23 INFO: 22:18:23.025 [main] [INFO ] q.l.p.CommandLineTaskRunner$CommandLineProgressMonitor - 0 nuclei detected (74%)
2024-10-22 22:18:23 INFO: 22:18:23.096 [task-runner-1-39] [INFO ] q.lib.plugins.DetectionPluginTools - 0 nuclei detected (processing time: 5.14 seconds)
2024-10-22 22:18:23 INFO: 22:18:23.192 [task-runner-1-54] [INFO ] q.lib.plugins.DetectionPluginTools - 15 nuclei detected (processing time: 4.62 seconds)
2024-10-22 22:18:23 INFO: 22:18:23.193 [main] [INFO ] q.l.p.CommandLineTaskRunner$CommandLineProgressMonitor - 15 nuclei detected (75%)
2024-10-22 22:18:23 INFO: 22:18:23.301 [task-runner-1-57] [INFO ] q.lib.plugins.DetectionPluginTools - 1 nucleus detected (processing time: 6.18 seconds)
2024-10-22 22:18:23 INFO: 22:18:23.301 [main] [INFO ] q.l.p.CommandLineTaskRunner$CommandLineProgressMonitor - 1 nucleus detected (76%)
2024-10-22 22:18:23 INFO: 22:18:23.366 [task-runner-1-29] [INFO ] q.lib.plugins.DetectionPluginTools - 8041 nuclei detected (processing time: 25.64 seconds)
2024-10-22 22:18:23 INFO: 22:18:23.367 [main] [INFO ] q.l.p.CommandLineTaskRunner$CommandLineProgressMonitor - 8041 nuclei detected (76%)
2024-10-22 22:18:23 INFO: 22:18:23.508 [task-runner-1-16] [INFO ] q.lib.plugins.DetectionPluginTools - 7813 nuclei detected (processing time: 24.83 seconds)
2024-10-22 22:18:23 INFO: 22:18:23.509 [main] [INFO ] q.l.p.CommandLineTaskRunner$CommandLineProgressMonitor - 7813 nuclei detected (77%)
2024-10-22 22:18:23 INFO: 22:18:23.599 [task-runner-1-3] [INFO ] q.lib.plugins.DetectionPluginTools - 4971 nuclei detected (processing time: 17.04 seconds)
2024-10-22 22:18:23 INFO: 22:18:23.599 [main] [INFO ] q.l.p.CommandLineTaskRunner$CommandLineProgressMonitor - 4971 nuclei detected (78%)
2024-10-22 22:18:23 INFO: 22:18:23.886 [task-runner-1-49] [INFO ] q.lib.plugins.DetectionPluginTools - 5373 nuclei detected (processing time: 17.43 seconds)
2024-10-22 22:18:23 INFO: 22:18:23.886 [main] [INFO ] q.l.p.CommandLineTaskRunner$CommandLineProgressMonitor - 5373 nuclei detected (78%)
2024-10-22 22:18:24 INFO: 22:18:24.193 [task-runner-1-17] [INFO ] q.lib.plugins.DetectionPluginTools - 8217 nuclei detected (processing time: 26.46 seconds)
2024-10-22 22:18:24 INFO: 22:18:24.194 [main] [INFO ] q.l.p.CommandLineTaskRunner$CommandLineProgressMonitor - 8217 nuclei detected (79%)
2024-10-22 22:18:24 INFO: 22:18:24.365 [task-runner-1-11] [INFO ] q.lib.plugins.DetectionPluginTools - 9419 nuclei detected (processing time: 26.65 seconds)
2024-10-22 22:18:24 INFO: 22:18:24.365 [main] [INFO ] q.l.p.CommandLineTaskRunner$CommandLineProgressMonitor - 9419 nuclei detected (79%)
2024-10-22 22:18:24 INFO: 22:18:24.423 [task-runner-1-10] [INFO ] q.lib.plugins.DetectionPluginTools - 8009 nuclei detected (processing time: 26.69 seconds)
2024-10-22 22:18:24 INFO: 22:18:24.423 [main] [INFO ] q.l.p.CommandLineTaskRunner$CommandLineProgressMonitor - 8009 nuclei detected (80%)
2024-10-22 22:18:24 INFO: 22:18:24.580 [task-runner-1-27] [INFO ] q.lib.plugins.DetectionPluginTools - 9544 nuclei detected (processing time: 26.86 seconds)
2024-10-22 22:18:24 INFO: 22:18:24.580 [main] [INFO ] q.l.p.CommandLineTaskRunner$CommandLineProgressMonitor - 9544 nuclei detected (81%)
2024-10-22 22:18:24 INFO: 22:18:24.862 [task-runner-1-13] [INFO ] q.lib.plugins.DetectionPluginTools - 7362 nuclei detected (processing time: 26.17 seconds)
2024-10-22 22:18:24 INFO: 22:18:24.863 [main] [INFO ] q.l.p.CommandLineTaskRunner$CommandLineProgressMonitor - 7362 nuclei detected (81%)
2024-10-22 22:18:24 INFO: 22:18:24.926 [task-runner-1-48] [INFO ] q.lib.plugins.DetectionPluginTools - 8464 nuclei detected (processing time: 27.20 seconds)
2024-10-22 22:18:24 INFO: 22:18:24.926 [main] [INFO ] q.l.p.CommandLineTaskRunner$CommandLineProgressMonitor - 8464 nuclei detected (82%)
2024-10-22 22:18:25 INFO: 22:18:25.122 [task-runner-1-5] [INFO ] q.lib.plugins.DetectionPluginTools - 7817 nuclei detected (processing time: 26.01 seconds)
2024-10-22 22:18:25 INFO: 22:18:25.123 [main] [INFO ] q.l.p.CommandLineTaskRunner$CommandLineProgressMonitor - 7817 nuclei detected (83%)
2024-10-22 22:18:25 INFO: 22:18:25.134 [task-runner-1-4] [INFO ] q.lib.plugins.DetectionPluginTools - 7702 nuclei detected (processing time: 26.46 seconds)
2024-10-22 22:18:25 INFO: 22:18:25.134 [main] [INFO ] q.l.p.CommandLineTaskRunner$CommandLineProgressMonitor - 7702 nuclei detected (83%)
2024-10-22 22:18:25 INFO: 22:18:25.167 [task-runner-1-47] [INFO ] q.lib.plugins.DetectionPluginTools - 9264 nuclei detected (processing time: 26.49 seconds)
2024-10-22 22:18:25 INFO: 22:18:25.167 [main] [INFO ] q.l.p.CommandLineTaskRunner$CommandLineProgressMonitor - 9264 nuclei detected (84%)
2024-10-22 22:18:25 INFO: 22:18:25.207 [task-runner-1-7] [INFO ] q.lib.plugins.DetectionPluginTools - 8074 nuclei detected (processing time: 27.48 seconds)
2024-10-22 22:18:25 INFO: 22:18:25.207 [main] [INFO ] q.l.p.CommandLineTaskRunner$CommandLineProgressMonitor - 8074 nuclei detected (84%)
2024-10-22 22:18:25 INFO: 22:18:25.338 [task-runner-1-19] [INFO ] q.lib.plugins.DetectionPluginTools - 6577 nuclei detected (processing time: 18.77 seconds)
2024-10-22 22:18:25 INFO: 22:18:25.338 [main] [INFO ] q.l.p.CommandLineTaskRunner$CommandLineProgressMonitor - 6577 nuclei detected (85%)
2024-10-22 22:18:25 INFO: 22:18:25.551 [task-runner-1-33] [INFO ] q.lib.plugins.DetectionPluginTools - 8674 nuclei detected (processing time: 25.78 seconds)
2024-10-22 22:18:25 INFO: 22:18:25.551 [main] [INFO ] q.l.p.CommandLineTaskRunner$CommandLineProgressMonitor - 8674 nuclei detected (86%)
2024-10-22 22:18:25 INFO: 22:18:25.598 [task-runner-1-52] [INFO ] q.lib.plugins.DetectionPluginTools - 6506 nuclei detected (processing time: 19.23 seconds)
2024-10-22 22:18:25 INFO: 22:18:25.600 [main] [INFO ] q.l.p.CommandLineTaskRunner$CommandLineProgressMonitor - 6506 nuclei detected (86%)
2024-10-22 22:18:25 INFO: 22:18:25.653 [task-runner-1-32] [INFO ] q.lib.plugins.DetectionPluginTools - 8644 nuclei detected (processing time: 26.98 seconds)
2024-10-22 22:18:25 INFO: 22:18:25.653 [main] [INFO ] q.l.p.CommandLineTaskRunner$CommandLineProgressMonitor - 8644 nuclei detected (87%)
2024-10-22 22:18:25 INFO: 22:18:25.720 [task-runner-1-18] [INFO ] q.lib.plugins.DetectionPluginTools - 8868 nuclei detected (processing time: 27.48 seconds)
2024-10-22 22:18:25 INFO: 22:18:25.721 [main] [INFO ] q.l.p.CommandLineTaskRunner$CommandLineProgressMonitor - 8868 nuclei detected (88%)
2024-10-22 22:18:25 INFO: 22:18:25.759 [task-runner-1-53] [INFO ] q.lib.plugins.DetectionPluginTools - 4540 nuclei detected (processing time: 13.56 seconds)
2024-10-22 22:18:25 INFO: 22:18:25.759 [main] [INFO ] q.l.p.CommandLineTaskRunner$CommandLineProgressMonitor - 4540 nuclei detected (88%)
2024-10-22 22:18:25 INFO: 22:18:25.771 [task-runner-1-30] [INFO ] q.lib.plugins.DetectionPluginTools - 8035 nuclei detected (processing time: 27.09 seconds)
2024-10-22 22:18:25 INFO: 22:18:25.771 [main] [INFO ] q.l.p.CommandLineTaskRunner$CommandLineProgressMonitor - 8035 nuclei detected (89%)
2024-10-22 22:18:25 INFO: 22:18:25.779 [task-runner-1-55] [INFO ] q.lib.plugins.DetectionPluginTools - 4437 nuclei detected (processing time: 13.83 seconds)
2024-10-22 22:18:25 INFO: 22:18:25.780 [main] [INFO ] q.l.p.CommandLineTaskRunner$CommandLineProgressMonitor - 4437 nuclei detected (89%)
2024-10-22 22:18:25 INFO: 22:18:25.787 [task-runner-1-2] [INFO ] q.lib.plugins.DetectionPluginTools - 9238 nuclei detected (processing time: 27.11 seconds)
2024-10-22 22:18:25 INFO: 22:18:25.788 [main] [INFO ] q.l.p.CommandLineTaskRunner$CommandLineProgressMonitor - 9238 nuclei detected (90%)
2024-10-22 22:18:25 INFO: 22:18:25.813 [task-runner-1-46] [INFO ] q.lib.plugins.DetectionPluginTools - 5825 nuclei detected (processing time: 19.68 seconds)
2024-10-22 22:18:25 INFO: 22:18:25.814 [main] [INFO ] q.l.p.CommandLineTaskRunner$CommandLineProgressMonitor - 5825 nuclei detected (91%)
2024-10-22 22:18:25 INFO: 22:18:25.943 [task-runner-1-35] [INFO ] q.lib.plugins.DetectionPluginTools - 7691 nuclei detected (processing time: 25.57 seconds)
2024-10-22 22:18:25 INFO: 22:18:25.944 [main] [INFO ] q.l.p.CommandLineTaskRunner$CommandLineProgressMonitor - 7691 nuclei detected (91%)
2024-10-22 22:18:26 INFO: 22:18:26.006 [task-runner-1-50] [INFO ] q.lib.plugins.DetectionPluginTools - 8552 nuclei detected (processing time: 25.83 seconds)
2024-10-22 22:18:26 INFO: 22:18:26.006 [main] [INFO ] q.l.p.CommandLineTaskRunner$CommandLineProgressMonitor - 8552 nuclei detected (92%)
2024-10-22 22:18:26 INFO: 22:18:26.215 [task-runner-1-43] [INFO ] q.lib.plugins.DetectionPluginTools - 7664 nuclei detected (processing time: 25.00 seconds)
2024-10-22 22:18:26 INFO: 22:18:26.216 [main] [INFO ] q.l.p.CommandLineTaskRunner$CommandLineProgressMonitor - 7664 nuclei detected (93%)
2024-10-22 22:18:26 INFO: 22:18:26.218 [task-runner-1-34] [INFO ] q.lib.plugins.DetectionPluginTools - 7942 nuclei detected (processing time: 25.99 seconds)
2024-10-22 22:18:26 INFO: 22:18:26.219 [main] [INFO ] q.l.p.CommandLineTaskRunner$CommandLineProgressMonitor - 7942 nuclei detected (93%)
2024-10-22 22:18:26 INFO: 22:18:26.414 [task-runner-1-44] [INFO ] q.lib.plugins.DetectionPluginTools - 8901 nuclei detected (processing time: 26.24 seconds)
2024-10-22 22:18:26 INFO: 22:18:26.414 [main] [INFO ] q.l.p.CommandLineTaskRunner$CommandLineProgressMonitor - 8901 nuclei detected (94%)
2024-10-22 22:18:26 INFO: 22:18:26.497 [task-runner-1-23] [INFO ] q.lib.plugins.DetectionPluginTools - 8161 nuclei detected (processing time: 25.28 seconds)
2024-10-22 22:18:26 INFO: 22:18:26.497 [main] [INFO ] q.l.p.CommandLineTaskRunner$CommandLineProgressMonitor - 8161 nuclei detected (94%)
2024-10-22 22:18:26 INFO: 22:18:26.571 [task-runner-1-60] [INFO ] q.lib.plugins.DetectionPluginTools - 8248 nuclei detected (processing time: 24.05 seconds)
2024-10-22 22:18:26 INFO: 22:18:26.571 [main] [INFO ] q.l.p.CommandLineTaskRunner$CommandLineProgressMonitor - 8248 nuclei detected (95%)
2024-10-22 22:18:26 INFO: 22:18:26.668 [task-runner-1-24] [INFO ] q.lib.plugins.DetectionPluginTools - 7957 nuclei detected (processing time: 25.47 seconds)
2024-10-22 22:18:26 INFO: 22:18:26.669 [main] [INFO ] q.l.p.CommandLineTaskRunner$CommandLineProgressMonitor - 7957 nuclei detected (96%)
2024-10-22 22:18:26 INFO: 22:18:26.669 [task-runner-1-20] [INFO ] q.lib.plugins.DetectionPluginTools - 8148 nuclei detected (processing time: 26.42 seconds)
2024-10-22 22:18:26 INFO: 22:18:26.669 [main] [INFO ] q.l.p.CommandLineTaskRunner$CommandLineProgressMonitor - 8148 nuclei detected (96%)
2024-10-22 22:18:26 INFO: 22:18:26.816 [task-runner-1-26] [INFO ] q.lib.plugins.DetectionPluginTools - 7811 nuclei detected (processing time: 19.80 seconds)
2024-10-22 22:18:26 INFO: 22:18:26.817 [main] [INFO ] q.l.p.CommandLineTaskRunner$CommandLineProgressMonitor - 7811 nuclei detected (97%)
2024-10-22 22:18:26 INFO: 22:18:26.820 [task-runner-1-51] [INFO ] q.lib.plugins.DetectionPluginTools - 8118 nuclei detected (processing time: 25.21 seconds)
2024-10-22 22:18:26 INFO: 22:18:26.820 [main] [INFO ] q.l.p.CommandLineTaskRunner$CommandLineProgressMonitor - 8118 nuclei detected (98%)
2024-10-22 22:18:27 INFO: 22:18:27.471 [task-runner-1-62] [INFO ] q.lib.plugins.DetectionPluginTools - 8610 nuclei detected (processing time: 19.57 seconds)
2024-10-22 22:18:27 INFO: 22:18:27.471 [main] [INFO ] q.l.p.CommandLineTaskRunner$CommandLineProgressMonitor - 8610 nuclei detected (98%)
2024-10-22 22:18:27 INFO: 22:18:27.627 [task-runner-1-25] [INFO ] q.lib.plugins.DetectionPluginTools - 8717 nuclei detected (processing time: 19.83 seconds)
2024-10-22 22:18:27 INFO: 22:18:27.628 [main] [INFO ] q.l.p.CommandLineTaskRunner$CommandLineProgressMonitor - 8717 nuclei detected (99%)
2024-10-22 22:18:27 INFO: 22:18:27.852 [task-runner-1-8] [INFO ] q.lib.plugins.DetectionPluginTools - 9006 nuclei detected (processing time: 20.41 seconds)
2024-10-22 22:18:27 INFO: 22:18:27.852 [main] [INFO ] q.l.p.CommandLineTaskRunner$CommandLineProgressMonitor - 9006 nuclei detected (99%)
2024-10-22 22:18:27 INFO: 22:18:27.901 [task-runner-1-42] [INFO ] q.lib.plugins.DetectionPluginTools - 8651 nuclei detected (processing time: 20.83 seconds)
2024-10-22 22:18:27 INFO: 22:18:27.902 [main] [INFO ] q.l.p.CommandLineTaskRunner$CommandLineProgressMonitor - 8651 nuclei detected (100%)
2024-10-22 22:18:27 INFO: 22:18:27.902 [main] [INFO ] q.l.p.CommandLineTaskRunner$CommandLineProgressMonitor - Processing complete in 45.82 seconds
2024-10-22 22:18:27 INFO: 22:18:27.902 [main] [INFO ] q.l.p.CommandLineTaskRunner$CommandLineProgressMonitor - Tasks completed!
2024-10-22 22:18:49 INFO: 22:18:49.868 [main] [WARN ] q.l.p.objects.SmoothFeaturesPlugin - Smoothing using annotations
2024-10-22 22:19:02 INFO: 22:19:02.038 [main] [INFO ] q.l.p.CommandLineTaskRunner$CommandLineProgressMonitor - Completed (100%)
2024-10-22 22:19:02 INFO: 22:19:02.042 [main] [INFO ] q.l.p.CommandLineTaskRunner$CommandLineProgressMonitor - Processing complete in 12.17 seconds
2024-10-22 22:19:02 INFO: 22:19:02.043 [main] [INFO ] q.l.p.CommandLineTaskRunner$CommandLineProgressMonitor - Tasks completed!
2024-10-22 22:19:02 INFO: 22:19:02.057 [main] [WARN ] q.l.p.objects.SmoothFeaturesPlugin - Smoothing using annotations
2024-10-22 22:19:25 INFO: 22:19:25.020 [main] [INFO ] q.l.p.CommandLineTaskRunner$CommandLineProgressMonitor - Completed (100%)
2024-10-22 22:19:25 INFO: 22:19:25.020 [main] [INFO ] q.l.p.CommandLineTaskRunner$CommandLineProgressMonitor - Processing complete in 22.96 seconds
2024-10-22 22:19:25 INFO: 22:19:25.020 [main] [INFO ] q.l.p.CommandLineTaskRunner$CommandLineProgressMonitor - Tasks completed!
2024-10-22 22:19:25 INFO: 22:19:25.022 [main] [WARN ] q.l.p.objects.SmoothFeaturesPlugin - Smoothing using annotations
2024-10-22 22:20:32 INFO: 22:20:32.259 [main] [INFO ] q.l.p.CommandLineTaskRunner$CommandLineProgressMonitor - Completed (100%)
2024-10-22 22:20:32 INFO: 22:20:32.259 [main] [INFO ] q.l.p.CommandLineTaskRunner$CommandLineProgressMonitor - Processing complete in 67.24 seconds
2024-10-22 22:20:32 INFO: 22:20:32.259 [main] [INFO ] q.l.p.CommandLineTaskRunner$CommandLineProgressMonitor - Tasks completed!
2024-10-22 22:20:32 INFO: 22:20:32.647 [task-runner-5-2] [INFO ] q.l.a.IntensityFeaturesPlugin - Splitting Rectangle (0, 0, 63784, 39311) into 40 tiles for intensity measurements
2024-10-22 22:20:33 INFO: 22:20:33.008 [main] [INFO ] q.l.p.CommandLineTaskRunner$CommandLineProgressMonitor - Completed (0%)
2024-10-22 22:20:33 INFO: 22:20:33.602 [main] [INFO ] q.l.p.CommandLineTaskRunner$CommandLineProgressMonitor - Completed (1%)
2024-10-22 22:20:34 INFO: 22:20:34.917 [main] [INFO ] q.l.p.CommandLineTaskRunner$CommandLineProgressMonitor - Completed (2%)
2024-10-22 22:20:35 INFO: 22:20:35.148 [main] [INFO ] q.l.p.CommandLineTaskRunner$CommandLineProgressMonitor - Completed (3%)
2024-10-22 22:20:36 INFO: 22:20:36.079 [main] [INFO ] q.l.p.CommandLineTaskRunner$CommandLineProgressMonitor - Completed (4%)
2024-10-22 22:20:36 INFO: 22:20:36.325 [main] [INFO ] q.l.p.CommandLineTaskRunner$CommandLineProgressMonitor - Completed (5%)
2024-10-22 22:20:36 INFO: 22:20:36.597 [main] [INFO ] q.l.p.CommandLineTaskRunner$CommandLineProgressMonitor - Completed (6%)
2024-10-22 22:20:36 INFO: 22:20:36.851 [main] [INFO ] q.l.p.CommandLineTaskRunner$CommandLineProgressMonitor - Completed (7%)
2024-10-22 22:20:37 INFO: 22:20:37.092 [main] [INFO ] q.l.p.CommandLineTaskRunner$CommandLineProgressMonitor - Completed (8%)
2024-10-22 22:20:37 INFO: 22:20:37.311 [main] [INFO ] q.l.p.CommandLineTaskRunner$CommandLineProgressMonitor - Completed (9%)
2024-10-22 22:20:37 INFO: 22:20:37.531 [main] [INFO ] q.l.p.CommandLineTaskRunner$CommandLineProgressMonitor - Completed (10%)
2024-10-22 22:20:37 INFO: 22:20:37.749 [main] [INFO ] q.l.p.CommandLineTaskRunner$CommandLineProgressMonitor - Completed (11%)
2024-10-22 22:20:37 INFO: 22:20:37.976 [main] [INFO ] q.l.p.CommandLineTaskRunner$CommandLineProgressMonitor - Completed (12%)
2024-10-22 22:20:38 INFO: 22:20:38.473 [main] [INFO ] q.l.p.CommandLineTaskRunner$CommandLineProgressMonitor - Completed (13%)
2024-10-22 22:20:38 INFO: 22:20:38.698 [main] [INFO ] q.l.p.CommandLineTaskRunner$CommandLineProgressMonitor - Completed (14%)
2024-10-22 22:20:38 INFO: 22:20:38.930 [main] [INFO ] q.l.p.CommandLineTaskRunner$CommandLineProgressMonitor - Completed (15%)
2024-10-22 22:20:39 INFO: 22:20:39.163 [main] [INFO ] q.l.p.CommandLineTaskRunner$CommandLineProgressMonitor - Completed (16%)
2024-10-22 22:20:39 INFO: 22:20:39.359 [main] [INFO ] q.l.p.CommandLineTaskRunner$CommandLineProgressMonitor - Completed (17%)
2024-10-22 22:20:39 INFO: 22:20:39.628 [main] [INFO ] q.l.p.CommandLineTaskRunner$CommandLineProgressMonitor - Completed (18%)
2024-10-22 22:20:39 INFO: 22:20:39.973 [main] [INFO ] q.l.p.CommandLineTaskRunner$CommandLineProgressMonitor - Completed (19%)
2024-10-22 22:20:40 INFO: 22:20:40.212 [main] [INFO ] q.l.p.CommandLineTaskRunner$CommandLineProgressMonitor - Completed (20%)
2024-10-22 22:20:40 INFO: 22:20:40.441 [main] [INFO ] q.l.p.CommandLineTaskRunner$CommandLineProgressMonitor - Completed (21%)
2024-10-22 22:20:40 INFO: 22:20:40.678 [main] [INFO ] q.l.p.CommandLineTaskRunner$CommandLineProgressMonitor - Completed (22%)
2024-10-22 22:20:40 INFO: 22:20:40.891 [main] [INFO ] q.l.p.CommandLineTaskRunner$CommandLineProgressMonitor - Completed (23%)
2024-10-22 22:20:41 INFO: 22:20:41.083 [main] [INFO ] q.l.p.CommandLineTaskRunner$CommandLineProgressMonitor - Completed (24%)
2024-10-22 22:20:41 INFO: 22:20:41.278 [main] [INFO ] q.l.p.CommandLineTaskRunner$CommandLineProgressMonitor - Completed (25%)
2024-10-22 22:20:41 INFO: 22:20:41.581 [main] [INFO ] q.l.p.CommandLineTaskRunner$CommandLineProgressMonitor - Completed (26%)
2024-10-22 22:20:41 INFO: 22:20:41.889 [main] [INFO ] q.l.p.CommandLineTaskRunner$CommandLineProgressMonitor - Completed (27%)
2024-10-22 22:20:42 INFO: 22:20:42.212 [main] [INFO ] q.l.p.CommandLineTaskRunner$CommandLineProgressMonitor - Completed (28%)
2024-10-22 22:20:42 INFO: 22:20:42.544 [main] [INFO ] q.l.p.CommandLineTaskRunner$CommandLineProgressMonitor - Completed (29%)
2024-10-22 22:20:42 INFO: 22:20:42.921 [main] [INFO ] q.l.p.CommandLineTaskRunner$CommandLineProgressMonitor - Completed (30%)
2024-10-22 22:20:43 INFO: 22:20:43.255 [main] [INFO ] q.l.p.CommandLineTaskRunner$CommandLineProgressMonitor - Completed (31%)
2024-10-22 22:20:43 INFO: 22:20:43.616 [main] [INFO ] q.l.p.CommandLineTaskRunner$CommandLineProgressMonitor - Completed (32%)
2024-10-22 22:20:43 INFO: 22:20:43.916 [main] [INFO ] q.l.p.CommandLineTaskRunner$CommandLineProgressMonitor - Completed (33%)
2024-10-22 22:20:44 INFO: 22:20:44.201 [main] [INFO ] q.l.p.CommandLineTaskRunner$CommandLineProgressMonitor - Completed (34%)
2024-10-22 22:20:44 INFO: 22:20:44.531 [main] [INFO ] q.l.p.CommandLineTaskRunner$CommandLineProgressMonitor - Completed (35%)
2024-10-22 22:20:44 INFO: 22:20:44.892 [main] [INFO ] q.l.p.CommandLineTaskRunner$CommandLineProgressMonitor - Completed (36%)
2024-10-22 22:20:45 INFO: 22:20:45.136 [main] [INFO ] q.l.p.CommandLineTaskRunner$CommandLineProgressMonitor - Completed (37%)
2024-10-22 22:20:45 INFO: 22:20:45.368 [main] [INFO ] q.l.p.CommandLineTaskRunner$CommandLineProgressMonitor - Completed (38%)
2024-10-22 22:20:45 INFO: 22:20:45.603 [main] [INFO ] q.l.p.CommandLineTaskRunner$CommandLineProgressMonitor - Completed (39%)
2024-10-22 22:20:45 INFO: 22:20:45.798 [main] [INFO ] q.l.p.CommandLineTaskRunner$CommandLineProgressMonitor - Completed (40%)
2024-10-22 22:20:45 INFO: 22:20:45.992 [main] [INFO ] q.l.p.CommandLineTaskRunner$CommandLineProgressMonitor - Completed (41%)
2024-10-22 22:20:46 INFO: 22:20:46.189 [main] [INFO ] q.l.p.CommandLineTaskRunner$CommandLineProgressMonitor - Completed (42%)
2024-10-22 22:20:46 INFO: 22:20:46.380 [main] [INFO ] q.l.p.CommandLineTaskRunner$CommandLineProgressMonitor - Completed (43%)
2024-10-22 22:20:46 INFO: 22:20:46.578 [main] [INFO ] q.l.p.CommandLineTaskRunner$CommandLineProgressMonitor - Completed (44%)
2024-10-22 22:20:46 INFO: 22:20:46.773 [main] [INFO ] q.l.p.CommandLineTaskRunner$CommandLineProgressMonitor - Completed (45%)
2024-10-22 22:20:46 INFO: 22:20:46.968 [main] [INFO ] q.l.p.CommandLineTaskRunner$CommandLineProgressMonitor - Completed (46%)
2024-10-22 22:20:47 INFO: 22:20:47.173 [main] [INFO ] q.l.p.CommandLineTaskRunner$CommandLineProgressMonitor - Completed (47%)
2024-10-22 22:20:47 INFO: 22:20:47.380 [main] [INFO ] q.l.p.CommandLineTaskRunner$CommandLineProgressMonitor - Completed (48%)
2024-10-22 22:20:47 INFO: 22:20:47.599 [main] [INFO ] q.l.p.CommandLineTaskRunner$CommandLineProgressMonitor - Completed (49%)
2024-10-22 22:20:47 INFO: 22:20:47.808 [main] [INFO ] q.l.p.CommandLineTaskRunner$CommandLineProgressMonitor - Completed (50%)
2024-10-22 22:20:47 INFO: 22:20:47.996 [main] [INFO ] q.l.p.CommandLineTaskRunner$CommandLineProgressMonitor - Completed (51%)
2024-10-22 22:20:48 INFO: 22:20:48.290 [main] [INFO ] q.l.p.CommandLineTaskRunner$CommandLineProgressMonitor - Completed (52%)
2024-10-22 22:20:48 INFO: 22:20:48.558 [main] [INFO ] q.l.p.CommandLineTaskRunner$CommandLineProgressMonitor - Completed (53%)
2024-10-22 22:20:49 INFO: 22:20:49.023 [main] [INFO ] q.l.p.CommandLineTaskRunner$CommandLineProgressMonitor - Completed (54%)
2024-10-22 22:20:49 INFO: 22:20:49.259 [main] [INFO ] q.l.p.CommandLineTaskRunner$CommandLineProgressMonitor - Completed (55%)
2024-10-22 22:20:49 INFO: 22:20:49.510 [main] [INFO ] q.l.p.CommandLineTaskRunner$CommandLineProgressMonitor - Completed (56%)
2024-10-22 22:20:49 INFO: 22:20:49.706 [main] [INFO ] q.l.p.CommandLineTaskRunner$CommandLineProgressMonitor - Completed (57%)
2024-10-22 22:20:49 INFO: 22:20:49.902 [main] [INFO ] q.l.p.CommandLineTaskRunner$CommandLineProgressMonitor - Completed (58%)
2024-10-22 22:20:50 INFO: 22:20:50.095 [main] [INFO ] q.l.p.CommandLineTaskRunner$CommandLineProgressMonitor - Completed (59%)
2024-10-22 22:20:50 INFO: 22:20:50.287 [main] [INFO ] q.l.p.CommandLineTaskRunner$CommandLineProgressMonitor - Completed (60%)
2024-10-22 22:20:50 INFO: 22:20:50.473 [main] [INFO ] q.l.p.CommandLineTaskRunner$CommandLineProgressMonitor - Completed (61%)
2024-10-22 22:20:50 INFO: 22:20:50.664 [main] [INFO ] q.l.p.CommandLineTaskRunner$CommandLineProgressMonitor - Completed (62%)
2024-10-22 22:20:50 INFO: 22:20:50.857 [main] [INFO ] q.l.p.CommandLineTaskRunner$CommandLineProgressMonitor - Completed (63%)
2024-10-22 22:20:51 INFO: 22:20:51.051 [main] [INFO ] q.l.p.CommandLineTaskRunner$CommandLineProgressMonitor - Completed (64%)
2024-10-22 22:20:51 INFO: 22:20:51.237 [main] [INFO ] q.l.p.CommandLineTaskRunner$CommandLineProgressMonitor - Completed (65%)
2024-10-22 22:20:51 INFO: 22:20:51.437 [main] [INFO ] q.l.p.CommandLineTaskRunner$CommandLineProgressMonitor - Completed (66%)
2024-10-22 22:20:51 INFO: 22:20:51.662 [main] [INFO ] q.l.p.CommandLineTaskRunner$CommandLineProgressMonitor - Completed (67%)
2024-10-22 22:20:51 INFO: 22:20:51.930 [main] [INFO ] q.l.p.CommandLineTaskRunner$CommandLineProgressMonitor - Completed (68%)
2024-10-22 22:20:52 INFO: 22:20:52.297 [main] [INFO ] q.l.p.CommandLineTaskRunner$CommandLineProgressMonitor - Completed (69%)
2024-10-22 22:20:52 INFO: 22:20:52.533 [main] [INFO ] q.l.p.CommandLineTaskRunner$CommandLineProgressMonitor - Completed (70%)
2024-10-22 22:20:52 INFO: 22:20:52.731 [main] [INFO ] q.l.p.CommandLineTaskRunner$CommandLineProgressMonitor - Completed (71%)
2024-10-22 22:20:52 INFO: 22:20:52.936 [main] [INFO ] q.l.p.CommandLineTaskRunner$CommandLineProgressMonitor - Completed (72%)
2024-10-22 22:20:53 INFO: 22:20:53.128 [main] [INFO ] q.l.p.CommandLineTaskRunner$CommandLineProgressMonitor - Completed (73%)
2024-10-22 22:20:53 INFO: 22:20:53.316 [main] [INFO ] q.l.p.CommandLineTaskRunner$CommandLineProgressMonitor - Completed (74%)
2024-10-22 22:20:53 INFO: 22:20:53.510 [main] [INFO ] q.l.p.CommandLineTaskRunner$CommandLineProgressMonitor - Completed (75%)
2024-10-22 22:20:53 INFO: 22:20:53.702 [main] [INFO ] q.l.p.CommandLineTaskRunner$CommandLineProgressMonitor - Completed (76%)
2024-10-22 22:20:53 INFO: 22:20:53.893 [main] [INFO ] q.l.p.CommandLineTaskRunner$CommandLineProgressMonitor - Completed (77%)
2024-10-22 22:20:54 INFO: 22:20:54.084 [main] [INFO ] q.l.p.CommandLineTaskRunner$CommandLineProgressMonitor - Completed (78%)
2024-10-22 22:20:54 INFO: 22:20:54.281 [main] [INFO ] q.l.p.CommandLineTaskRunner$CommandLineProgressMonitor - Completed (79%)
2024-10-22 22:20:54 INFO: 22:20:54.469 [main] [INFO ] q.l.p.CommandLineTaskRunner$CommandLineProgressMonitor - Completed (80%)
2024-10-22 22:20:54 INFO: 22:20:54.667 [main] [INFO ] q.l.p.CommandLineTaskRunner$CommandLineProgressMonitor - Completed (81%)
2024-10-22 22:20:54 INFO: 22:20:54.862 [main] [INFO ] q.l.p.CommandLineTaskRunner$CommandLineProgressMonitor - Completed (82%)
2024-10-22 22:20:55 INFO: 22:20:55.074 [main] [INFO ] q.l.p.CommandLineTaskRunner$CommandLineProgressMonitor - Completed (83%)
2024-10-22 22:20:55 INFO: 22:20:55.290 [main] [INFO ] q.l.p.CommandLineTaskRunner$CommandLineProgressMonitor - Completed (84%)
2024-10-22 22:20:55 INFO: 22:20:55.510 [main] [INFO ] q.l.p.CommandLineTaskRunner$CommandLineProgressMonitor - Completed (85%)
2024-10-22 22:20:55 INFO: 22:20:55.821 [main] [INFO ] q.l.p.CommandLineTaskRunner$CommandLineProgressMonitor - Completed (86%)
2024-10-22 22:20:56 INFO: 22:20:56.137 [main] [INFO ] q.l.p.CommandLineTaskRunner$CommandLineProgressMonitor - Completed (87%)
2024-10-22 22:20:56 INFO: 22:20:56.441 [main] [INFO ] q.l.p.CommandLineTaskRunner$CommandLineProgressMonitor - Completed (88%)
2024-10-22 22:20:56 INFO: 22:20:56.712 [main] [INFO ] q.l.p.CommandLineTaskRunner$CommandLineProgressMonitor - Completed (89%)
2024-10-22 22:20:57 INFO: 22:20:57.009 [main] [INFO ] q.l.p.CommandLineTaskRunner$CommandLineProgressMonitor - Completed (90%)
2024-10-22 22:20:57 INFO: 22:20:57.327 [main] [INFO ] q.l.p.CommandLineTaskRunner$CommandLineProgressMonitor - Completed (91%)
2024-10-22 22:20:57 INFO: 22:20:57.614 [main] [INFO ] q.l.p.CommandLineTaskRunner$CommandLineProgressMonitor - Completed (92%)
2024-10-22 22:20:57 INFO: 22:20:57.875 [main] [INFO ] q.l.p.CommandLineTaskRunner$CommandLineProgressMonitor - Completed (93%)
2024-10-22 22:20:58 INFO: 22:20:58.358 [main] [INFO ] q.l.p.CommandLineTaskRunner$CommandLineProgressMonitor - Completed (94%)
2024-10-22 22:20:58 INFO: 22:20:58.597 [main] [INFO ] q.l.p.CommandLineTaskRunner$CommandLineProgressMonitor - Completed (95%)
2024-10-22 22:20:58 INFO: 22:20:58.813 [main] [INFO ] q.l.p.CommandLineTaskRunner$CommandLineProgressMonitor - Completed (96%)
2024-10-22 22:20:59 INFO: 22:20:59.008 [main] [INFO ] q.l.p.CommandLineTaskRunner$CommandLineProgressMonitor - Completed (97%)
2024-10-22 22:20:59 INFO: 22:20:59.219 [main] [INFO ] q.l.p.CommandLineTaskRunner$CommandLineProgressMonitor - Completed (98%)
2024-10-22 22:20:59 INFO: 22:20:59.433 [main] [INFO ] q.l.p.CommandLineTaskRunner$CommandLineProgressMonitor - Completed (99%)
2024-10-22 22:20:59 INFO: 22:20:59.631 [main] [INFO ] q.l.p.CommandLineTaskRunner$CommandLineProgressMonitor - Completed (100%)
2024-10-22 22:21:46 INFO: 22:21:46.777 [main] [INFO ] q.l.p.CommandLineTaskRunner$CommandLineProgressMonitor - Completed (100%)
2024-10-22 22:21:46 INFO: 22:21:46.777 [main] [INFO ] q.l.p.CommandLineTaskRunner$CommandLineProgressMonitor - Processing complete in 74.15 seconds
2024-10-22 22:21:46 INFO: 22:21:46.777 [main] [INFO ] q.l.p.CommandLineTaskRunner$CommandLineProgressMonitor - Tasks completed!
2024-10-22 22:26:25 INFO: 22:26:25.190 [task-runner-6-1] [WARN ] q.o.features.DelaunayTriangulation - Some objects have missing measurements! Statistics will calculated only for objects with measurements available.
2024-10-22 22:26:25 INFO: 22:26:25.190 [task-runner-6-1] [WARN ] q.o.features.DelaunayTriangulation - Missing measurements: [ROI: 1.00 m per pixel: Residual: Haralick Correlation (F2), ROI: 1.00 m per pixel: Residual: Haralick Information measure of correlation 1 (F11), ROI: 1.00 m per pixel: Hematoxylin: Haralick Correlation (F2), ROI: 1.00 m per pixel: Hematoxylin: Haralick Information measure of correlation 1 (F11), ROI: 1.00 m per pixel: Eosin: Haralick Correlation (F2), ROI: 1.00 m per pixel: Eosin: Haralick Information measure of correlation 1 (F11), ROI: 1.00 m per pixel: Hematoxylin: Haralick Information measure of correlation 2 (F12), ROI: 1.00 m per pixel: Saturation: Haralick Correlation (F2), ROI: 1.00 m per pixel: Saturation: Haralick Information measure of correlation 1 (F11), ROI: 1.00 m per pixel: Residual: Haralick Information measure of correlation 2 (F12)]
2024-10-22 22:26:25 INFO: 22:26:25.277 [main] [INFO ] q.l.p.CommandLineTaskRunner$CommandLineProgressMonitor - Delaunay triangulation calculated for Annotation (458615 objects) (100%)
2024-10-22 22:26:25 INFO: 22:26:25.277 [main] [INFO ] q.l.p.CommandLineTaskRunner$CommandLineProgressMonitor - Processing complete in 278.45 seconds
2024-10-22 22:26:25 INFO: 22:26:25.277 [main] [INFO ] q.l.p.CommandLineTaskRunner$CommandLineProgressMonitor - Tasks completed!
2024-10-22 22:31:26 INFO: TCGA-GI-A2C8-01Z-00-DX1.09BD8AC9-645A-4C8B-9B36-77D833BDBA09
2024-10-22 22:31:26 INFO: QuPath subprocess completed.
2024-10-22 22:31:52 INFO: QuPath image extraction completed successfully. Output directory: /home/ilants/Documents/jupyter_test/single_image_multiple_params/exp_threshold_0.025
2024-10-22 22:31:52 INFO: Summary table saved to: /home/ilants/Documents/jupyter_test/single_image_multiple_params/exp_threshold_0.025/Summary_Table.csv
2024-10-22 22:31:52 INFO: Experiment completed successfully.
