2024-10-23 00:52:56 INFO: Starting experiment with for sigmaMicrons with value of 0.75
2024-10-23 00:52:56 INFO: Running with the following configuration:
{'detectionImageBrightfield': 'Hematoxylin OD', 'requestedPixelSizeMicrons': 0.5, 'backgroundRadiusMicrons': 4.0, 'backgroundByReconstruction': True, 'medianRadiusMicrons': 0.0, 'sigmaMicrons': 0.75, 'minAreaMicrons': 10.0, 'maxAreaMicrons': 80.0, 'threshold': 0.1, 'maxBackground': 2.0, 'watershedPostProcess': True, 'cellExpansionMicrons': 5.0, 'includeNuclei': True, 'smoothBoundaries': True, 'makeMeasurements': True, 'backgroundRadiusPixel': 8.0, 'cellExpansionPixel': 10.0, 'medianRadiusPixel': 0.0, 'minAreaPixel': 20.0, 'maxAreaPixel': 160.0}
2024-10-23 00:52:56 INFO: Starting QuPath image extraction with the following parameters: image_dir=/home/ilants/Documents/jupyter_test, output_dir=/home/ilants/Documents/jupyter_test/single_image_multiple_params/exp_sigmaMicrons_0.75, image_type=svs, groovy_script=/home/ilants/Documents/utls/nucleus_detection_wargs.groovy, config_file=/home/ilants/Documents/jupyter_test/single_image_multiple_params/exp_sigmaMicrons_0.75/cfg.json, program_path=/home/ilants/Documents/QuPath-v0.5.1-Linux/QuPath/bin/QuPath
2024-10-23 00:52:57 INFO: 00:52:57.713 [main] [INFO ] qupath.lib.gui.prefs.PathPrefs - Setting default Locale to en_US
2024-10-23 00:52:57 INFO: 00:52:57.717 [main] [INFO ] qupath.lib.gui.prefs.PathPrefs - Setting Locale for FORMAT to en_US
2024-10-23 00:52:57 INFO: 00:52:57.717 [main] [INFO ] qupath.lib.gui.prefs.PathPrefs - Setting Locale for DISPLAY to en_US
2024-10-23 00:52:57 INFO: 00:52:57.730 [main] [INFO ] qupath.lib.common.ThreadTools - Setting parallelism to 63
2024-10-23 00:52:57 INFO: 00:52:57.748 [main] [INFO ] qupath.ScriptCommand - Setting tile cache size to 32200.00 MB (25.0% max memory)
2024-10-23 00:52:57 INFO: 00:52:57.796 [main] [INFO ] qupath.lib.scripting.QP - Initializing type adapters
2024-10-23 00:52:57 INFO: Warning: Versions of org.bytedeco:javacpp:1.5.9 and org.bytedeco:opencv:4.6.0-1.5.8 do not match.
2024-10-23 00:52:57 INFO: Warning: Versions of org.bytedeco:javacpp:1.5.9 and org.bytedeco:openblas:0.3.21-1.5.8 do not match.
2024-10-23 00:52:59 INFO: project parameters are: {"detectionImageBrightfield": "Hematoxylin OD","requestedPixelSizeMicrons": 0.5,"backgroundRadiusMicrons": 4.0,"backgroundByReconstruction": true,"medianRadiusMicrons": 0.0,"sigmaMicrons": 0.75,"minAreaMicrons": 10.0,"maxAreaMicrons": 80.0,"threshold": 0.1,"maxBackground": 2.0,"watershedPostProcess": true,"cellExpansionMicrons": 5.0,"includeNuclei": true,"smoothBoundaries": true,"makeMeasurements": true,"backgroundRadiusPixel": 8.0,"cellExpansionPixel": 10.0,"medianRadiusPixel": 0.0,"minAreaPixel": 20.0,"maxAreaPixel": 160.0}
2024-10-23 00:52:59 INFO: New project created at: /home/ilants/Documents/jupyter_test/single_image_multiple_params/exp_sigmaMicrons_0.75/QPProject
2024-10-23 00:52:59 INFO: Added: /home/ilants/Documents/jupyter_test/TCGA-GI-A2C8-01Z-00-DX1.09BD8AC9-645A-4C8B-9B36-77D833BDBA09.svs
2024-10-23 00:52:59 INFO: /home/ilants/Documents/jupyter_test/TCGA-GI-A2C8-01Z-00-DX1.09BD8AC9-645A-4C8B-9B36-77D833BDBA09.svs
2024-10-23 00:52:59 INFO: 00:52:59.694 [main] [INFO ] q.l.i.s.b.BioFormatsServerOptions - Setting max Bio-Formats readers to 32
2024-10-23 00:53:00 INFO: UriImageSupport (class qupath.lib.images.servers.bioformats.BioFormatsServerBuilder) support=3.0, builders=1
2024-10-23 00:53:00 INFO: true
2024-10-23 00:53:00 INFO: 00:53:00.374 [main] [WARN ] qupath.lib.scripting.QP - createSelectAllObject(boolean) is deprecated, use createFullImageAnnotation(boolean) instead
2024-10-23 00:53:00 INFO: 00:53:00.374 [main] [WARN ] qupath.lib.scripting.QP - createSelectAllObject(boolean, int, int) is deprecated, use createFullImageAnnotation(boolean, int, int) instead
2024-10-23 00:53:00 INFO: 00:53:00.386 [main] [WARN ] q.l.plugins.parameters.ParameterList - Unable to set parameter backgroundRadiusPixel with value 8.0
2024-10-23 00:53:00 INFO: 00:53:00.386 [main] [WARN ] q.l.plugins.parameters.ParameterList - Unable to set parameter cellExpansionPixel with value 10.0
2024-10-23 00:53:00 INFO: 00:53:00.386 [main] [WARN ] q.l.plugins.parameters.ParameterList - Unable to set parameter medianRadiusPixel with value 0.0
2024-10-23 00:53:00 INFO: 00:53:00.386 [main] [WARN ] q.l.plugins.parameters.ParameterList - Unable to set parameter minAreaPixel with value 20.0
2024-10-23 00:53:00 INFO: 00:53:00.386 [main] [WARN ] q.l.plugins.parameters.ParameterList - Unable to set parameter maxAreaPixel with value 160.0
2024-10-23 00:53:12 INFO: 00:53:12.644 [task-runner-1-16] [INFO ] q.lib.plugins.DetectionPluginTools - 0 nuclei detected (processing time: 12.06 seconds)
2024-10-23 00:53:12 INFO: 00:53:12.756 [main] [INFO ] q.l.p.CommandLineTaskRunner$CommandLineProgressMonitor - 0 nuclei detected (1%)
2024-10-23 00:53:14 INFO: 00:53:14.433 [task-runner-1-3] [INFO ] q.lib.plugins.DetectionPluginTools - 0 nuclei detected (processing time: 13.93 seconds)
2024-10-23 00:53:14 INFO: 00:53:14.433 [task-runner-1-45] [INFO ] q.lib.plugins.DetectionPluginTools - 181 nuclei detected (processing time: 13.92 seconds)
2024-10-23 00:53:14 INFO: 00:53:14.434 [main] [INFO ] q.l.p.CommandLineTaskRunner$CommandLineProgressMonitor - 181 nuclei detected (2%)
2024-10-23 00:53:17 INFO: 00:53:17.008 [task-runner-1-17] [INFO ] q.lib.plugins.DetectionPluginTools - 0 nuclei detected (processing time: 16.50 seconds)
2024-10-23 00:53:17 INFO: 00:53:17.009 [task-runner-1-9] [INFO ] q.lib.plugins.DetectionPluginTools - 0 nuclei detected (processing time: 16.51 seconds)
2024-10-23 00:53:17 INFO: 00:53:17.009 [task-runner-1-10] [INFO ] q.lib.plugins.DetectionPluginTools - 1 nucleus detected (processing time: 16.51 seconds)
2024-10-23 00:53:17 INFO: 00:53:17.009 [task-runner-1-27] [INFO ] q.lib.plugins.DetectionPluginTools - 0 nuclei detected (processing time: 16.50 seconds)
2024-10-23 00:53:17 INFO: 00:53:17.010 [main] [INFO ] q.l.p.CommandLineTaskRunner$CommandLineProgressMonitor - 0 nuclei detected (3%)
2024-10-23 00:53:17 INFO: 00:53:17.010 [task-runner-1-8] [INFO ] q.lib.plugins.DetectionPluginTools - 0 nuclei detected (processing time: 16.51 seconds)
2024-10-23 00:53:17 INFO: 00:53:17.010 [main] [INFO ] q.l.p.CommandLineTaskRunner$CommandLineProgressMonitor - 1 nucleus detected (4%)
2024-10-23 00:53:17 INFO: 00:53:17.010 [main] [INFO ] q.l.p.CommandLineTaskRunner$CommandLineProgressMonitor - 0 nuclei detected (4%)
2024-10-23 00:53:17 INFO: 00:53:17.010 [main] [INFO ] q.l.p.CommandLineTaskRunner$CommandLineProgressMonitor - 0 nuclei detected (5%)
2024-10-23 00:53:17 INFO: 00:53:17.011 [task-runner-1-14] [INFO ] q.lib.plugins.DetectionPluginTools - 6 nuclei detected (processing time: 16.51 seconds)
2024-10-23 00:53:17 INFO: 00:53:17.011 [main] [INFO ] q.l.p.CommandLineTaskRunner$CommandLineProgressMonitor - 6 nuclei detected (6%)
2024-10-23 00:53:17 INFO: 00:53:17.012 [task-runner-1-1] [INFO ] q.lib.plugins.DetectionPluginTools - 1 nucleus detected (processing time: 16.51 seconds)
2024-10-23 00:53:17 INFO: 00:53:17.012 [main] [INFO ] q.l.p.CommandLineTaskRunner$CommandLineProgressMonitor - 1 nucleus detected (6%)
2024-10-23 00:53:17 INFO: 00:53:17.013 [task-runner-1-30] [INFO ] q.lib.plugins.DetectionPluginTools - 3 nuclei detected (processing time: 16.51 seconds)
2024-10-23 00:53:17 INFO: 00:53:17.014 [task-runner-1-15] [INFO ] q.lib.plugins.DetectionPluginTools - 1 nucleus detected (processing time: 16.51 seconds)
2024-10-23 00:53:17 INFO: 00:53:17.014 [main] [INFO ] q.l.p.CommandLineTaskRunner$CommandLineProgressMonitor - 3 nuclei detected (7%)
2024-10-23 00:53:17 INFO: 00:53:17.014 [main] [INFO ] q.l.p.CommandLineTaskRunner$CommandLineProgressMonitor - 1 nucleus detected (8%)
2024-10-23 00:53:17 INFO: 00:53:17.014 [task-runner-1-48] [INFO ] q.lib.plugins.DetectionPluginTools - 0 nuclei detected (processing time: 16.51 seconds)
2024-10-23 00:53:17 INFO: 00:53:17.014 [task-runner-1-4] [INFO ] q.lib.plugins.DetectionPluginTools - 0 nuclei detected (processing time: 16.51 seconds)
2024-10-23 00:53:17 INFO: 00:53:17.014 [main] [INFO ] q.l.p.CommandLineTaskRunner$CommandLineProgressMonitor - 0 nuclei detected (8%)
2024-10-23 00:53:17 INFO: 00:53:17.014 [task-runner-1-29] [INFO ] q.lib.plugins.DetectionPluginTools - 7 nuclei detected (processing time: 16.51 seconds)
2024-10-23 00:53:17 INFO: 00:53:17.014 [main] [INFO ] q.l.p.CommandLineTaskRunner$CommandLineProgressMonitor - 0 nuclei detected (9%)
2024-10-23 00:53:17 INFO: 00:53:17.014 [main] [INFO ] q.l.p.CommandLineTaskRunner$CommandLineProgressMonitor - 7 nuclei detected (9%)
2024-10-23 00:53:17 INFO: 00:53:17.014 [task-runner-1-32] [INFO ] q.lib.plugins.DetectionPluginTools - 0 nuclei detected (processing time: 16.51 seconds)
2024-10-23 00:53:17 INFO: 00:53:17.015 [main] [INFO ] q.l.p.CommandLineTaskRunner$CommandLineProgressMonitor - 0 nuclei detected (10%)
2024-10-23 00:53:17 INFO: 00:53:17.015 [task-runner-1-11] [INFO ] q.lib.plugins.DetectionPluginTools - 0 nuclei detected (processing time: 16.51 seconds)
2024-10-23 00:53:17 INFO: 00:53:17.015 [main] [INFO ] q.l.p.CommandLineTaskRunner$CommandLineProgressMonitor - 0 nuclei detected (11%)
2024-10-23 00:53:17 INFO: 00:53:17.017 [task-runner-1-6] [INFO ] q.lib.plugins.DetectionPluginTools - 6 nuclei detected (processing time: 16.52 seconds)
2024-10-23 00:53:17 INFO: 00:53:17.017 [task-runner-1-12] [INFO ] q.lib.plugins.DetectionPluginTools - 0 nuclei detected (processing time: 16.51 seconds)
2024-10-23 00:53:17 INFO: 00:53:17.017 [main] [INFO ] q.l.p.CommandLineTaskRunner$CommandLineProgressMonitor - 6 nuclei detected (11%)
2024-10-23 00:53:17 INFO: 00:53:17.017 [main] [INFO ] q.l.p.CommandLineTaskRunner$CommandLineProgressMonitor - 0 nuclei detected (12%)
2024-10-23 00:53:17 INFO: 00:53:17.018 [task-runner-1-7] [INFO ] q.lib.plugins.DetectionPluginTools - 1 nucleus detected (processing time: 16.52 seconds)
2024-10-23 00:53:17 INFO: 00:53:17.018 [main] [INFO ] q.l.p.CommandLineTaskRunner$CommandLineProgressMonitor - 1 nucleus detected (13%)
2024-10-23 00:53:17 INFO: 00:53:17.019 [task-runner-1-47] [INFO ] q.lib.plugins.DetectionPluginTools - 8 nuclei detected (processing time: 16.51 seconds)
2024-10-23 00:53:17 INFO: 00:53:17.020 [main] [INFO ] q.l.p.CommandLineTaskRunner$CommandLineProgressMonitor - 8 nuclei detected (13%)
2024-10-23 00:53:17 INFO: 00:53:17.022 [task-runner-1-2] [INFO ] q.lib.plugins.DetectionPluginTools - 1 nucleus detected (processing time: 16.52 seconds)
2024-10-23 00:53:17 INFO: 00:53:17.022 [main] [INFO ] q.l.p.CommandLineTaskRunner$CommandLineProgressMonitor - 1 nucleus detected (14%)
2024-10-23 00:53:17 INFO: 00:53:17.051 [task-runner-1-13] [INFO ] q.lib.plugins.DetectionPluginTools - 9 nuclei detected (processing time: 16.55 seconds)
2024-10-23 00:53:17 INFO: 00:53:17.052 [main] [INFO ] q.l.p.CommandLineTaskRunner$CommandLineProgressMonitor - 9 nuclei detected (14%)
2024-10-23 00:53:17 INFO: 00:53:17.052 [task-runner-1-31] [INFO ] q.lib.plugins.DetectionPluginTools - 18 nuclei detected (processing time: 16.55 seconds)
2024-10-23 00:53:17 INFO: 00:53:17.052 [main] [INFO ] q.l.p.CommandLineTaskRunner$CommandLineProgressMonitor - 18 nuclei detected (15%)
2024-10-23 00:53:17 INFO: 00:53:17.083 [task-runner-1-28] [INFO ] q.lib.plugins.DetectionPluginTools - 35 nuclei detected (processing time: 16.58 seconds)
2024-10-23 00:53:17 INFO: 00:53:17.083 [main] [INFO ] q.l.p.CommandLineTaskRunner$CommandLineProgressMonitor - 35 nuclei detected (16%)
2024-10-23 00:53:17 INFO: 00:53:17.180 [task-runner-1-5] [INFO ] q.lib.plugins.DetectionPluginTools - 61 nuclei detected (processing time: 16.68 seconds)
2024-10-23 00:53:17 INFO: 00:53:17.181 [task-runner-1-26] [INFO ] q.lib.plugins.DetectionPluginTools - 58 nuclei detected (processing time: 16.68 seconds)
2024-10-23 00:53:17 INFO: 00:53:17.181 [main] [INFO ] q.l.p.CommandLineTaskRunner$CommandLineProgressMonitor - 61 nuclei detected (16%)
2024-10-23 00:53:17 INFO: 00:53:17.182 [main] [INFO ] q.l.p.CommandLineTaskRunner$CommandLineProgressMonitor - 58 nuclei detected (17%)
2024-10-23 00:53:17 INFO: 00:53:17.333 [task-runner-1-46] [INFO ] q.lib.plugins.DetectionPluginTools - 87 nuclei detected (processing time: 16.82 seconds)
2024-10-23 00:53:17 INFO: 00:53:17.341 [main] [INFO ] q.l.p.CommandLineTaskRunner$CommandLineProgressMonitor - 87 nuclei detected (18%)
2024-10-23 00:53:17 INFO: 00:53:17.573 [task-runner-1-19] [INFO ] q.lib.plugins.DetectionPluginTools - 172 nuclei detected (processing time: 17.07 seconds)
2024-10-23 00:53:17 INFO: 00:53:17.574 [main] [INFO ] q.l.p.CommandLineTaskRunner$CommandLineProgressMonitor - 172 nuclei detected (18%)
2024-10-23 00:53:17 INFO: 00:53:17.633 [task-runner-1-49] [INFO ] q.lib.plugins.DetectionPluginTools - 176 nuclei detected (processing time: 17.12 seconds)
2024-10-23 00:53:17 INFO: 00:53:17.634 [main] [INFO ] q.l.p.CommandLineTaskRunner$CommandLineProgressMonitor - 176 nuclei detected (19%)
2024-10-23 00:53:17 INFO: 00:53:17.657 [task-runner-1-18] [INFO ] q.lib.plugins.DetectionPluginTools - 231 nuclei detected (processing time: 17.15 seconds)
2024-10-23 00:53:17 INFO: 00:53:17.658 [main] [INFO ] q.l.p.CommandLineTaskRunner$CommandLineProgressMonitor - 231 nuclei detected (19%)
2024-10-23 00:53:17 INFO: 00:53:17.670 [task-runner-1-33] [INFO ] q.lib.plugins.DetectionPluginTools - 252 nuclei detected (processing time: 17.16 seconds)
2024-10-23 00:53:17 INFO: 00:53:17.671 [main] [INFO ] q.l.p.CommandLineTaskRunner$CommandLineProgressMonitor - 252 nuclei detected (20%)
2024-10-23 00:53:17 INFO: 00:53:17.697 [task-runner-1-63] [INFO ] q.lib.plugins.DetectionPluginTools - 233 nuclei detected (processing time: 17.19 seconds)
2024-10-23 00:53:17 INFO: 00:53:17.698 [main] [INFO ] q.l.p.CommandLineTaskRunner$CommandLineProgressMonitor - 233 nuclei detected (21%)
2024-10-23 00:53:17 INFO: 00:53:17.842 [task-runner-1-25] [INFO ] q.lib.plugins.DetectionPluginTools - 373 nuclei detected (processing time: 17.34 seconds)
2024-10-23 00:53:17 INFO: 00:53:17.844 [main] [INFO ] q.l.p.CommandLineTaskRunner$CommandLineProgressMonitor - 373 nuclei detected (21%)
2024-10-23 00:53:17 INFO: 00:53:17.854 [task-runner-1-35] [INFO ] q.lib.plugins.DetectionPluginTools - 356 nuclei detected (processing time: 17.35 seconds)
2024-10-23 00:53:17 INFO: 00:53:17.857 [main] [INFO ] q.l.p.CommandLineTaskRunner$CommandLineProgressMonitor - 356 nuclei detected (22%)
2024-10-23 00:53:17 INFO: 00:53:17.869 [task-runner-1-34] [INFO ] q.lib.plugins.DetectionPluginTools - 440 nuclei detected (processing time: 17.36 seconds)
2024-10-23 00:53:17 INFO: 00:53:17.870 [main] [INFO ] q.l.p.CommandLineTaskRunner$CommandLineProgressMonitor - 440 nuclei detected (23%)
2024-10-23 00:53:17 INFO: 00:53:17.870 [task-runner-1-62] [INFO ] q.lib.plugins.DetectionPluginTools - 391 nuclei detected (processing time: 17.36 seconds)
2024-10-23 00:53:17 INFO: 00:53:17.870 [main] [INFO ] q.l.p.CommandLineTaskRunner$CommandLineProgressMonitor - 391 nuclei detected (23%)
2024-10-23 00:53:17 INFO: 00:53:17.875 [task-runner-1-50] [INFO ] q.lib.plugins.DetectionPluginTools - 373 nuclei detected (processing time: 17.37 seconds)
2024-10-23 00:53:17 INFO: 00:53:17.876 [main] [INFO ] q.l.p.CommandLineTaskRunner$CommandLineProgressMonitor - 373 nuclei detected (24%)
2024-10-23 00:53:17 INFO: 00:53:17.893 [task-runner-1-20] [INFO ] q.lib.plugins.DetectionPluginTools - 683 nuclei detected (processing time: 17.39 seconds)
2024-10-23 00:53:17 INFO: 00:53:17.894 [main] [INFO ] q.l.p.CommandLineTaskRunner$CommandLineProgressMonitor - 683 nuclei detected (24%)
2024-10-23 00:53:17 INFO: 00:53:17.902 [task-runner-1-44] [INFO ] q.lib.plugins.DetectionPluginTools - 503 nuclei detected (processing time: 17.39 seconds)
2024-10-23 00:53:17 INFO: 00:53:17.903 [main] [INFO ] q.l.p.CommandLineTaskRunner$CommandLineProgressMonitor - 503 nuclei detected (25%)
2024-10-23 00:53:17 INFO: 00:53:17.936 [task-runner-1-61] [INFO ] q.lib.plugins.DetectionPluginTools - 456 nuclei detected (processing time: 17.43 seconds)
2024-10-23 00:53:17 INFO: 00:53:17.936 [main] [INFO ] q.l.p.CommandLineTaskRunner$CommandLineProgressMonitor - 456 nuclei detected (26%)
2024-10-23 00:53:18 INFO: 00:53:18.182 [task-runner-1-24] [INFO ] q.lib.plugins.DetectionPluginTools - 1021 nuclei detected (processing time: 17.68 seconds)
2024-10-23 00:53:18 INFO: 00:53:18.183 [main] [INFO ] q.l.p.CommandLineTaskRunner$CommandLineProgressMonitor - 1021 nuclei detected (26%)
2024-10-23 00:53:18 INFO: 00:53:18.238 [task-runner-1-23] [INFO ] q.lib.plugins.DetectionPluginTools - 1049 nuclei detected (processing time: 17.73 seconds)
2024-10-23 00:53:18 INFO: 00:53:18.240 [main] [INFO ] q.l.p.CommandLineTaskRunner$CommandLineProgressMonitor - 1049 nuclei detected (27%)
2024-10-23 00:53:18 INFO: 00:53:18.288 [task-runner-1-51] [INFO ] q.lib.plugins.DetectionPluginTools - 997 nuclei detected (processing time: 17.78 seconds)
2024-10-23 00:53:18 INFO: 00:53:18.289 [main] [INFO ] q.l.p.CommandLineTaskRunner$CommandLineProgressMonitor - 997 nuclei detected (28%)
2024-10-23 00:53:18 INFO: 00:53:18.318 [task-runner-1-43] [INFO ] q.lib.plugins.DetectionPluginTools - 1190 nuclei detected (processing time: 17.81 seconds)
2024-10-23 00:53:18 INFO: 00:53:18.319 [main] [INFO ] q.l.p.CommandLineTaskRunner$CommandLineProgressMonitor - 1190 nuclei detected (28%)
2024-10-23 00:53:18 INFO: 00:53:18.613 [task-runner-1-16] [INFO ] q.lib.plugins.DetectionPluginTools - 1 nucleus detected (processing time: 5.86 seconds)
2024-10-23 00:53:18 INFO: 00:53:18.613 [main] [INFO ] q.l.p.CommandLineTaskRunner$CommandLineProgressMonitor - 1 nucleus detected (29%)
2024-10-23 00:53:19 INFO: 00:53:19.741 [task-runner-1-60] [INFO ] q.lib.plugins.DetectionPluginTools - 1485 nuclei detected (processing time: 19.23 seconds)
2024-10-23 00:53:19 INFO: 00:53:19.742 [main] [INFO ] q.l.p.CommandLineTaskRunner$CommandLineProgressMonitor - 1485 nuclei detected (29%)
2024-10-23 00:53:20 INFO: 00:53:20.120 [task-runner-1-22] [INFO ] q.lib.plugins.DetectionPluginTools - 1480 nuclei detected (processing time: 19.61 seconds)
2024-10-23 00:53:20 INFO: 00:53:20.123 [main] [INFO ] q.l.p.CommandLineTaskRunner$CommandLineProgressMonitor - 1480 nuclei detected (30%)
2024-10-23 00:53:23 INFO: 00:53:23.265 [task-runner-1-45] [INFO ] q.lib.plugins.DetectionPluginTools - 433 nuclei detected (processing time: 8.83 seconds)
2024-10-23 00:53:23 INFO: 00:53:23.266 [main] [INFO ] q.l.p.CommandLineTaskRunner$CommandLineProgressMonitor - 433 nuclei detected (31%)
2024-10-23 00:53:23 INFO: 00:53:23.331 [task-runner-1-3] [INFO ] q.lib.plugins.DetectionPluginTools - 148 nuclei detected (processing time: 8.90 seconds)
2024-10-23 00:53:23 INFO: 00:53:23.332 [main] [INFO ] q.l.p.CommandLineTaskRunner$CommandLineProgressMonitor - 148 nuclei detected (31%)
2024-10-23 00:53:23 INFO: 00:53:23.585 [task-runner-1-11] [INFO ] q.lib.plugins.DetectionPluginTools - 0 nuclei detected (processing time: 6.57 seconds)
2024-10-23 00:53:23 INFO: 00:53:23.586 [main] [INFO ] q.l.p.CommandLineTaskRunner$CommandLineProgressMonitor - 0 nuclei detected (32%)
2024-10-23 00:53:24 INFO: 00:53:24.071 [task-runner-1-21] [INFO ] q.lib.plugins.DetectionPluginTools - 3830 nuclei detected (processing time: 23.57 seconds)
2024-10-23 00:53:24 INFO: 00:53:24.072 [main] [INFO ] q.l.p.CommandLineTaskRunner$CommandLineProgressMonitor - 3830 nuclei detected (33%)
2024-10-23 00:53:24 INFO: 00:53:24.154 [task-runner-1-52] [INFO ] q.lib.plugins.DetectionPluginTools - 2767 nuclei detected (processing time: 23.65 seconds)
2024-10-23 00:53:24 INFO: 00:53:24.155 [main] [INFO ] q.l.p.CommandLineTaskRunner$CommandLineProgressMonitor - 2767 nuclei detected (33%)
2024-10-23 00:53:24 INFO: 00:53:24.654 [task-runner-1-42] [INFO ] q.lib.plugins.DetectionPluginTools - 2961 nuclei detected (processing time: 24.15 seconds)
2024-10-23 00:53:24 INFO: 00:53:24.657 [main] [INFO ] q.l.p.CommandLineTaskRunner$CommandLineProgressMonitor - 2961 nuclei detected (34%)
2024-10-23 00:53:24 INFO: 00:53:24.767 [task-runner-1-59] [INFO ] q.lib.plugins.DetectionPluginTools - 3054 nuclei detected (processing time: 24.26 seconds)
2024-10-23 00:53:24 INFO: 00:53:24.769 [main] [INFO ] q.l.p.CommandLineTaskRunner$CommandLineProgressMonitor - 3054 nuclei detected (34%)
2024-10-23 00:53:24 INFO: 00:53:24.887 [task-runner-1-6] [INFO ] q.lib.plugins.DetectionPluginTools - 139 nuclei detected (processing time: 7.87 seconds)
2024-10-23 00:53:24 INFO: 00:53:24.892 [main] [INFO ] q.l.p.CommandLineTaskRunner$CommandLineProgressMonitor - 139 nuclei detected (35%)
2024-10-23 00:53:25 INFO: 00:53:25.459 [task-runner-1-36] [INFO ] q.lib.plugins.DetectionPluginTools - 2224 nuclei detected (processing time: 24.95 seconds)
2024-10-23 00:53:25 INFO: 00:53:25.461 [main] [INFO ] q.l.p.CommandLineTaskRunner$CommandLineProgressMonitor - 2224 nuclei detected (36%)
2024-10-23 00:53:25 INFO: 00:53:25.491 [task-runner-1-12] [INFO ] q.lib.plugins.DetectionPluginTools - 206 nuclei detected (processing time: 8.47 seconds)
2024-10-23 00:53:25 INFO: 00:53:25.494 [main] [INFO ] q.l.p.CommandLineTaskRunner$CommandLineProgressMonitor - 206 nuclei detected (36%)
2024-10-23 00:53:25 INFO: 00:53:25.757 [task-runner-1-63] [INFO ] q.lib.plugins.DetectionPluginTools - 1 nucleus detected (processing time: 8.06 seconds)
2024-10-23 00:53:25 INFO: 00:53:25.764 [main] [INFO ] q.l.p.CommandLineTaskRunner$CommandLineProgressMonitor - 1 nucleus detected (37%)
2024-10-23 00:53:25 INFO: 00:53:25.804 [task-runner-1-33] [INFO ] q.lib.plugins.DetectionPluginTools - 178 nuclei detected (processing time: 8.13 seconds)
2024-10-23 00:53:25 INFO: 00:53:25.805 [main] [INFO ] q.l.p.CommandLineTaskRunner$CommandLineProgressMonitor - 178 nuclei detected (38%)
2024-10-23 00:53:25 INFO: 00:53:25.875 [task-runner-1-39] [INFO ] q.lib.plugins.DetectionPluginTools - 3297 nuclei detected (processing time: 25.37 seconds)
2024-10-23 00:53:25 INFO: 00:53:25.902 [main] [INFO ] q.l.p.CommandLineTaskRunner$CommandLineProgressMonitor - 3297 nuclei detected (38%)
2024-10-23 00:53:26 INFO: 00:53:26.435 [task-runner-1-32] [INFO ] q.lib.plugins.DetectionPluginTools - 350 nuclei detected (processing time: 9.42 seconds)
2024-10-23 00:53:26 INFO: 00:53:26.437 [main] [INFO ] q.l.p.CommandLineTaskRunner$CommandLineProgressMonitor - 350 nuclei detected (39%)
2024-10-23 00:53:26 INFO: 00:53:26.498 [task-runner-1-17] [INFO ] q.lib.plugins.DetectionPluginTools - 611 nuclei detected (processing time: 9.49 seconds)
2024-10-23 00:53:26 INFO: 00:53:26.500 [main] [INFO ] q.l.p.CommandLineTaskRunner$CommandLineProgressMonitor - 611 nuclei detected (39%)
2024-10-23 00:53:26 INFO: 00:53:26.714 [task-runner-1-40] [INFO ] q.lib.plugins.DetectionPluginTools - 2405 nuclei detected (processing time: 26.21 seconds)
2024-10-23 00:53:26 INFO: 00:53:26.715 [main] [INFO ] q.l.p.CommandLineTaskRunner$CommandLineProgressMonitor - 2405 nuclei detected (40%)
2024-10-23 00:53:27 INFO: 00:53:27.580 [task-runner-1-25] [INFO ] q.lib.plugins.DetectionPluginTools - 170 nuclei detected (processing time: 9.74 seconds)
2024-10-23 00:53:27 INFO: 00:53:27.582 [main] [INFO ] q.l.p.CommandLineTaskRunner$CommandLineProgressMonitor - 170 nuclei detected (41%)
2024-10-23 00:53:27 INFO: 00:53:27.633 [task-runner-1-35] [INFO ] q.lib.plugins.DetectionPluginTools - 196 nuclei detected (processing time: 9.78 seconds)
2024-10-23 00:53:27 INFO: 00:53:27.635 [main] [INFO ] q.l.p.CommandLineTaskRunner$CommandLineProgressMonitor - 196 nuclei detected (41%)
2024-10-23 00:53:27 INFO: 00:53:27.847 [task-runner-1-22] [INFO ] q.lib.plugins.DetectionPluginTools - 49 nuclei detected (processing time: 7.72 seconds)
2024-10-23 00:53:27 INFO: 00:53:27.850 [main] [INFO ] q.l.p.CommandLineTaskRunner$CommandLineProgressMonitor - 49 nuclei detected (42%)
2024-10-23 00:53:27 INFO: 00:53:27.944 [task-runner-1-7] [INFO ] q.lib.plugins.DetectionPluginTools - 882 nuclei detected (processing time: 10.93 seconds)
2024-10-23 00:53:27 INFO: 00:53:27.950 [main] [INFO ] q.l.p.CommandLineTaskRunner$CommandLineProgressMonitor - 882 nuclei detected (43%)
2024-10-23 00:53:28 INFO: 00:53:28.040 [task-runner-1-34] [INFO ] q.lib.plugins.DetectionPluginTools - 309 nuclei detected (processing time: 10.17 seconds)
2024-10-23 00:53:28 INFO: 00:53:28.043 [main] [INFO ] q.l.p.CommandLineTaskRunner$CommandLineProgressMonitor - 309 nuclei detected (43%)
2024-10-23 00:53:28 INFO: 00:53:28.052 [task-runner-1-41] [INFO ] q.lib.plugins.DetectionPluginTools - 2874 nuclei detected (processing time: 27.54 seconds)
2024-10-23 00:53:28 INFO: 00:53:28.052 [main] [INFO ] q.l.p.CommandLineTaskRunner$CommandLineProgressMonitor - 2874 nuclei detected (44%)
2024-10-23 00:53:28 INFO: 00:53:28.511 [task-runner-1-58] [INFO ] q.lib.plugins.DetectionPluginTools - 2974 nuclei detected (processing time: 28.00 seconds)
2024-10-23 00:53:28 INFO: 00:53:28.513 [main] [INFO ] q.l.p.CommandLineTaskRunner$CommandLineProgressMonitor - 2974 nuclei detected (44%)
2024-10-23 00:53:29 INFO: 00:53:29.998 [task-runner-1-55] [INFO ] q.lib.plugins.DetectionPluginTools - 3544 nuclei detected (processing time: 29.49 seconds)
2024-10-23 00:53:30 INFO: 00:53:30.000 [main] [INFO ] q.l.p.CommandLineTaskRunner$CommandLineProgressMonitor - 3544 nuclei detected (45%)
2024-10-23 00:53:30 INFO: 00:53:30.000 [task-runner-1-29] [INFO ] q.lib.plugins.DetectionPluginTools - 934 nuclei detected (processing time: 12.99 seconds)
2024-10-23 00:53:30 INFO: 00:53:30.000 [main] [INFO ] q.l.p.CommandLineTaskRunner$CommandLineProgressMonitor - 934 nuclei detected (46%)
2024-10-23 00:53:30 INFO: 00:53:30.318 [task-runner-1-56] [INFO ] q.lib.plugins.DetectionPluginTools - 4382 nuclei detected (processing time: 29.81 seconds)
2024-10-23 00:53:30 INFO: 00:53:30.320 [main] [INFO ] q.l.p.CommandLineTaskRunner$CommandLineProgressMonitor - 4382 nuclei detected (46%)
2024-10-23 00:53:30 INFO: 00:53:30.465 [task-runner-1-38] [INFO ] q.lib.plugins.DetectionPluginTools - 4283 nuclei detected (processing time: 29.96 seconds)
2024-10-23 00:53:30 INFO: 00:53:30.466 [main] [INFO ] q.l.p.CommandLineTaskRunner$CommandLineProgressMonitor - 4283 nuclei detected (47%)
2024-10-23 00:53:30 INFO: 00:53:30.621 [task-runner-1-45] [INFO ] q.lib.plugins.DetectionPluginTools - 0 nuclei detected (processing time: 7.36 seconds)
2024-10-23 00:53:30 INFO: 00:53:30.622 [main] [INFO ] q.l.p.CommandLineTaskRunner$CommandLineProgressMonitor - 0 nuclei detected (48%)
2024-10-23 00:53:30 INFO: 00:53:30.650 [task-runner-1-18] [INFO ] q.lib.plugins.DetectionPluginTools - 1004 nuclei detected (processing time: 12.99 seconds)
2024-10-23 00:53:30 INFO: 00:53:30.652 [main] [INFO ] q.l.p.CommandLineTaskRunner$CommandLineProgressMonitor - 1004 nuclei detected (48%)
2024-10-23 00:53:31 INFO: 00:53:31.344 [task-runner-1-11] [INFO ] q.lib.plugins.DetectionPluginTools - 320 nuclei detected (processing time: 7.76 seconds)
2024-10-23 00:53:31 INFO: 00:53:31.345 [main] [INFO ] q.l.p.CommandLineTaskRunner$CommandLineProgressMonitor - 320 nuclei detected (49%)
2024-10-23 00:53:31 INFO: 00:53:31.397 [task-runner-1-57] [INFO ] q.lib.plugins.DetectionPluginTools - 3741 nuclei detected (processing time: 30.89 seconds)
2024-10-23 00:53:31 INFO: 00:53:31.397 [main] [INFO ] q.l.p.CommandLineTaskRunner$CommandLineProgressMonitor - 3741 nuclei detected (49%)
2024-10-23 00:53:31 INFO: 00:53:31.399 [task-runner-1-3] [INFO ] q.lib.plugins.DetectionPluginTools - 352 nuclei detected (processing time: 8.07 seconds)
2024-10-23 00:53:31 INFO: 00:53:31.400 [main] [INFO ] q.l.p.CommandLineTaskRunner$CommandLineProgressMonitor - 352 nuclei detected (50%)
2024-10-23 00:53:31 INFO: 00:53:31.616 [task-runner-1-37] [INFO ] q.lib.plugins.DetectionPluginTools - 4639 nuclei detected (processing time: 31.11 seconds)
2024-10-23 00:53:31 INFO: 00:53:31.617 [main] [INFO ] q.l.p.CommandLineTaskRunner$CommandLineProgressMonitor - 4639 nuclei detected (51%)
2024-10-23 00:53:31 INFO: 00:53:31.990 [task-runner-1-53] [INFO ] q.lib.plugins.DetectionPluginTools - 6266 nuclei detected (processing time: 31.48 seconds)
2024-10-23 00:53:31 INFO: 00:53:31.991 [main] [INFO ] q.l.p.CommandLineTaskRunner$CommandLineProgressMonitor - 6266 nuclei detected (51%)
2024-10-23 00:53:32 INFO: 00:53:32.303 [task-runner-1-54] [INFO ] q.lib.plugins.DetectionPluginTools - 4915 nuclei detected (processing time: 31.79 seconds)
2024-10-23 00:53:32 INFO: 00:53:32.304 [main] [INFO ] q.l.p.CommandLineTaskRunner$CommandLineProgressMonitor - 4915 nuclei detected (52%)
2024-10-23 00:53:33 INFO: 00:53:33.128 [task-runner-1-40] [INFO ] q.lib.plugins.DetectionPluginTools - 0 nuclei detected (processing time: 6.41 seconds)
2024-10-23 00:53:33 INFO: 00:53:33.131 [main] [INFO ] q.l.p.CommandLineTaskRunner$CommandLineProgressMonitor - 0 nuclei detected (53%)
2024-10-23 00:53:33 INFO: 00:53:33.594 [task-runner-1-25] [INFO ] q.lib.plugins.DetectionPluginTools - 0 nuclei detected (processing time: 6.01 seconds)
2024-10-23 00:53:34 INFO: 00:53:34.436 [task-runner-1-4] [INFO ] q.lib.plugins.DetectionPluginTools - 1723 nuclei detected (processing time: 17.42 seconds)
2024-10-23 00:53:34 INFO: 00:53:34.437 [main] [INFO ] q.l.p.CommandLineTaskRunner$CommandLineProgressMonitor - 1723 nuclei detected (54%)
2024-10-23 00:53:34 INFO: 00:53:34.499 [task-runner-1-34] [INFO ] q.lib.plugins.DetectionPluginTools - 3 nuclei detected (processing time: 6.46 seconds)
2024-10-23 00:53:34 INFO: 00:53:34.499 [main] [INFO ] q.l.p.CommandLineTaskRunner$CommandLineProgressMonitor - 3 nuclei detected (54%)
2024-10-23 00:53:35 INFO: 00:53:35.077 [task-runner-1-58] [INFO ] q.lib.plugins.DetectionPluginTools - 0 nuclei detected (processing time: 6.56 seconds)
2024-10-23 00:53:35 INFO: 00:53:35.077 [main] [INFO ] q.l.p.CommandLineTaskRunner$CommandLineProgressMonitor - 0 nuclei detected (55%)
2024-10-23 00:53:35 INFO: 00:53:35.091 [task-runner-1-22] [INFO ] q.lib.plugins.DetectionPluginTools - 80 nuclei detected (processing time: 7.24 seconds)
2024-10-23 00:53:35 INFO: 00:53:35.092 [main] [INFO ] q.l.p.CommandLineTaskRunner$CommandLineProgressMonitor - 80 nuclei detected (56%)
2024-10-23 00:53:35 INFO: 00:53:35.758 [task-runner-1-41] [INFO ] q.lib.plugins.DetectionPluginTools - 7 nuclei detected (processing time: 7.71 seconds)
2024-10-23 00:53:35 INFO: 00:53:35.759 [main] [INFO ] q.l.p.CommandLineTaskRunner$CommandLineProgressMonitor - 7 nuclei detected (56%)
2024-10-23 00:53:35 INFO: 00:53:35.832 [task-runner-1-35] [INFO ] q.lib.plugins.DetectionPluginTools - 121 nuclei detected (processing time: 8.20 seconds)
2024-10-23 00:53:35 INFO: 00:53:35.833 [main] [INFO ] q.l.p.CommandLineTaskRunner$CommandLineProgressMonitor - 121 nuclei detected (57%)
2024-10-23 00:53:35 INFO: 00:53:35.960 [task-runner-1-55] [INFO ] q.lib.plugins.DetectionPluginTools - 0 nuclei detected (processing time: 5.96 seconds)
2024-10-23 00:53:35 INFO: 00:53:35.960 [main] [INFO ] q.l.p.CommandLineTaskRunner$CommandLineProgressMonitor - 0 nuclei detected (57%)
2024-10-23 00:53:36 INFO: 00:53:36.183 [task-runner-1-56] [INFO ] q.lib.plugins.DetectionPluginTools - 23 nuclei detected (processing time: 5.86 seconds)
2024-10-23 00:53:36 INFO: 00:53:36.184 [main] [INFO ] q.l.p.CommandLineTaskRunner$CommandLineProgressMonitor - 23 nuclei detected (58%)
2024-10-23 00:53:36 INFO: 00:53:36.396 [task-runner-1-29] [INFO ] q.lib.plugins.DetectionPluginTools - 0 nuclei detected (processing time: 6.40 seconds)
2024-10-23 00:53:36 INFO: 00:53:36.397 [main] [INFO ] q.l.p.CommandLineTaskRunner$CommandLineProgressMonitor - 0 nuclei detected (59%)
2024-10-23 00:53:36 INFO: 00:53:36.468 [task-runner-1-60] [INFO ] q.lib.plugins.DetectionPluginTools - 2428 nuclei detected (processing time: 16.73 seconds)
2024-10-23 00:53:36 INFO: 00:53:36.469 [main] [INFO ] q.l.p.CommandLineTaskRunner$CommandLineProgressMonitor - 2428 nuclei detected (59%)
2024-10-23 00:53:36 INFO: 00:53:36.801 [task-runner-1-21] [INFO ] q.lib.plugins.DetectionPluginTools - 384 nuclei detected (processing time: 12.73 seconds)
2024-10-23 00:53:36 INFO: 00:53:36.802 [main] [INFO ] q.l.p.CommandLineTaskRunner$CommandLineProgressMonitor - 384 nuclei detected (60%)
2024-10-23 00:53:37 INFO: 00:53:37.046 [task-runner-1-57] [INFO ] q.lib.plugins.DetectionPluginTools - 0 nuclei detected (processing time: 5.65 seconds)
2024-10-23 00:53:37 INFO: 00:53:37.047 [main] [INFO ] q.l.p.CommandLineTaskRunner$CommandLineProgressMonitor - 0 nuclei detected (61%)
2024-10-23 00:53:37 INFO: 00:53:37.167 [task-runner-1-7] [INFO ] q.lib.plugins.DetectionPluginTools - 87 nuclei detected (processing time: 9.22 seconds)
2024-10-23 00:53:37 INFO: 00:53:37.168 [main] [INFO ] q.l.p.CommandLineTaskRunner$CommandLineProgressMonitor - 87 nuclei detected (61%)
2024-10-23 00:53:37 INFO: 00:53:37.174 [task-runner-1-37] [INFO ] q.lib.plugins.DetectionPluginTools - 0 nuclei detected (processing time: 5.56 seconds)
2024-10-23 00:53:37 INFO: 00:53:37.175 [main] [INFO ] q.l.p.CommandLineTaskRunner$CommandLineProgressMonitor - 0 nuclei detected (62%)
2024-10-23 00:53:37 INFO: 00:53:37.187 [task-runner-1-3] [INFO ] q.lib.plugins.DetectionPluginTools - 0 nuclei detected (processing time: 5.79 seconds)
2024-10-23 00:53:37 INFO: 00:53:37.188 [main] [INFO ] q.l.p.CommandLineTaskRunner$CommandLineProgressMonitor - 0 nuclei detected (63%)
2024-10-23 00:53:37 INFO: 00:53:37.314 [task-runner-1-17] [INFO ] q.lib.plugins.DetectionPluginTools - 1137 nuclei detected (processing time: 10.81 seconds)
2024-10-23 00:53:37 INFO: 00:53:37.315 [main] [INFO ] q.l.p.CommandLineTaskRunner$CommandLineProgressMonitor - 1137 nuclei detected (63%)
2024-10-23 00:53:37 INFO: 00:53:37.846 [task-runner-1-38] [INFO ] q.lib.plugins.DetectionPluginTools - 367 nuclei detected (processing time: 7.38 seconds)
2024-10-23 00:53:37 INFO: 00:53:37.846 [main] [INFO ] q.l.p.CommandLineTaskRunner$CommandLineProgressMonitor - 367 nuclei detected (64%)
2024-10-23 00:53:37 INFO: 00:53:37.900 [task-runner-1-54] [INFO ] q.lib.plugins.DetectionPluginTools - 1 nucleus detected (processing time: 5.60 seconds)
2024-10-23 00:53:37 INFO: 00:53:37.901 [main] [INFO ] q.l.p.CommandLineTaskRunner$CommandLineProgressMonitor - 1 nucleus detected (64%)
2024-10-23 00:53:38 INFO: 00:53:38.192 [task-runner-1-53] [INFO ] q.lib.plugins.DetectionPluginTools - 11 nuclei detected (processing time: 6.20 seconds)
2024-10-23 00:53:38 INFO: 00:53:38.192 [main] [INFO ] q.l.p.CommandLineTaskRunner$CommandLineProgressMonitor - 11 nuclei detected (65%)
2024-10-23 00:53:38 INFO: 00:53:38.995 [task-runner-1-9] [INFO ] q.lib.plugins.DetectionPluginTools - 2985 nuclei detected (processing time: 21.99 seconds)
2024-10-23 00:53:38 INFO: 00:53:38.996 [main] [INFO ] q.l.p.CommandLineTaskRunner$CommandLineProgressMonitor - 2985 nuclei detected (66%)
2024-10-23 00:53:39 INFO: 00:53:39.030 [task-runner-1-40] [INFO ] q.lib.plugins.DetectionPluginTools - 0 nuclei detected (processing time: 5.90 seconds)
2024-10-23 00:53:39 INFO: 00:53:39.030 [main] [INFO ] q.l.p.CommandLineTaskRunner$CommandLineProgressMonitor - 0 nuclei detected (66%)
2024-10-23 00:53:39 INFO: 00:53:39.596 [task-runner-1-25] [INFO ] q.lib.plugins.DetectionPluginTools - 1 nucleus detected (processing time: 6.00 seconds)
2024-10-23 00:53:39 INFO: 00:53:39.597 [main] [INFO ] q.l.p.CommandLineTaskRunner$CommandLineProgressMonitor - 1 nucleus detected (67%)
2024-10-23 00:53:40 INFO: 00:53:40.427 [task-runner-1-4] [INFO ] q.lib.plugins.DetectionPluginTools - 1 nucleus detected (processing time: 5.99 seconds)
2024-10-23 00:53:40 INFO: 00:53:40.427 [main] [INFO ] q.l.p.CommandLineTaskRunner$CommandLineProgressMonitor - 1 nucleus detected (68%)
2024-10-23 00:53:40 INFO: 00:53:40.475 [task-runner-1-34] [INFO ] q.lib.plugins.DetectionPluginTools - 0 nuclei detected (processing time: 5.98 seconds)
2024-10-23 00:53:40 INFO: 00:53:40.476 [main] [INFO ] q.l.p.CommandLineTaskRunner$CommandLineProgressMonitor - 0 nuclei detected (68%)
2024-10-23 00:53:40 INFO: 00:53:40.753 [task-runner-1-22] [INFO ] q.lib.plugins.DetectionPluginTools - 1 nucleus detected (processing time: 5.66 seconds)
2024-10-23 00:53:40 INFO: 00:53:40.753 [main] [INFO ] q.l.p.CommandLineTaskRunner$CommandLineProgressMonitor - 1 nucleus detected (69%)
2024-10-23 00:53:40 INFO: 00:53:40.825 [task-runner-1-58] [INFO ] q.lib.plugins.DetectionPluginTools - 1 nucleus detected (processing time: 5.75 seconds)
2024-10-23 00:53:41 INFO: 00:53:41.088 [task-runner-1-41] [INFO ] q.lib.plugins.DetectionPluginTools - 0 nuclei detected (processing time: 5.19 seconds)
2024-10-23 00:53:41 INFO: 00:53:41.088 [main] [INFO ] q.l.p.CommandLineTaskRunner$CommandLineProgressMonitor - 0 nuclei detected (70%)
2024-10-23 00:53:41 INFO: 00:53:41.100 [task-runner-1-56] [INFO ] q.lib.plugins.DetectionPluginTools - 0 nuclei detected (processing time: 4.92 seconds)
2024-10-23 00:53:41 INFO: 00:53:41.100 [main] [INFO ] q.l.p.CommandLineTaskRunner$CommandLineProgressMonitor - 0 nuclei detected (71%)
2024-10-23 00:53:41 INFO: 00:53:41.349 [task-runner-1-35] [INFO ] q.lib.plugins.DetectionPluginTools - 1 nucleus detected (processing time: 5.52 seconds)
2024-10-23 00:53:41 INFO: 00:53:41.350 [main] [INFO ] q.l.p.CommandLineTaskRunner$CommandLineProgressMonitor - 1 nucleus detected (71%)
2024-10-23 00:53:41 INFO: 00:53:41.634 [task-runner-1-55] [INFO ] q.lib.plugins.DetectionPluginTools - 0 nuclei detected (processing time: 5.67 seconds)
2024-10-23 00:53:41 INFO: 00:53:41.634 [main] [INFO ] q.l.p.CommandLineTaskRunner$CommandLineProgressMonitor - 0 nuclei detected (72%)
2024-10-23 00:53:41 INFO: 00:53:41.819 [task-runner-1-45] [INFO ] q.lib.plugins.DetectionPluginTools - 1499 nuclei detected (processing time: 11.20 seconds)
2024-10-23 00:53:41 INFO: 00:53:41.819 [main] [INFO ] q.l.p.CommandLineTaskRunner$CommandLineProgressMonitor - 1499 nuclei detected (73%)
2024-10-23 00:53:41 INFO: 00:53:41.822 [task-runner-1-60] [INFO ] q.lib.plugins.DetectionPluginTools - 0 nuclei detected (processing time: 5.35 seconds)
2024-10-23 00:53:41 INFO: 00:53:41.822 [main] [INFO ] q.l.p.CommandLineTaskRunner$CommandLineProgressMonitor - 0 nuclei detected (73%)
2024-10-23 00:53:42 INFO: 00:53:42.082 [task-runner-1-57] [INFO ] q.lib.plugins.DetectionPluginTools - 0 nuclei detected (processing time: 5.04 seconds)
2024-10-23 00:53:42 INFO: 00:53:42.082 [main] [INFO ] q.l.p.CommandLineTaskRunner$CommandLineProgressMonitor - 0 nuclei detected (74%)
2024-10-23 00:53:42 INFO: 00:53:42.223 [task-runner-1-29] [INFO ] q.lib.plugins.DetectionPluginTools - 0 nuclei detected (processing time: 5.83 seconds)
2024-10-23 00:53:42 INFO: 00:53:42.399 [task-runner-1-21] [INFO ] q.lib.plugins.DetectionPluginTools - 0 nuclei detected (processing time: 5.60 seconds)
2024-10-23 00:53:42 INFO: 00:53:42.399 [main] [INFO ] q.l.p.CommandLineTaskRunner$CommandLineProgressMonitor - 0 nuclei detected (75%)
2024-10-23 00:53:42 INFO: 00:53:42.493 [task-runner-1-5] [INFO ] q.lib.plugins.DetectionPluginTools - 4463 nuclei detected (processing time: 25.31 seconds)
2024-10-23 00:53:42 INFO: 00:53:42.493 [main] [INFO ] q.l.p.CommandLineTaskRunner$CommandLineProgressMonitor - 4463 nuclei detected (76%)
2024-10-23 00:53:43 INFO: 00:53:43.179 [task-runner-1-59] [INFO ] q.lib.plugins.DetectionPluginTools - 1434 nuclei detected (processing time: 18.41 seconds)
2024-10-23 00:53:43 INFO: 00:53:43.180 [main] [INFO ] q.l.p.CommandLineTaskRunner$CommandLineProgressMonitor - 1434 nuclei detected (76%)
2024-10-23 00:53:43 INFO: 00:53:43.547 [task-runner-1-52] [INFO ] q.lib.plugins.DetectionPluginTools - 1201 nuclei detected (processing time: 19.39 seconds)
2024-10-23 00:53:43 INFO: 00:53:43.548 [main] [INFO ] q.l.p.CommandLineTaskRunner$CommandLineProgressMonitor - 1201 nuclei detected (77%)
2024-10-23 00:53:43 INFO: 00:53:43.753 [task-runner-1-48] [INFO ] q.lib.plugins.DetectionPluginTools - 3572 nuclei detected (processing time: 26.74 seconds)
2024-10-23 00:53:43 INFO: 00:53:43.754 [main] [INFO ] q.l.p.CommandLineTaskRunner$CommandLineProgressMonitor - 3572 nuclei detected (78%)
2024-10-23 00:53:43 INFO: 00:53:43.796 [task-runner-1-6] [INFO ] q.lib.plugins.DetectionPluginTools - 1467 nuclei detected (processing time: 18.90 seconds)
2024-10-23 00:53:43 INFO: 00:53:43.797 [main] [INFO ] q.l.p.CommandLineTaskRunner$CommandLineProgressMonitor - 1467 nuclei detected (78%)
2024-10-23 00:53:43 INFO: 00:53:43.893 [task-runner-1-49] [INFO ] q.lib.plugins.DetectionPluginTools - 2787 nuclei detected (processing time: 26.26 seconds)
2024-10-23 00:53:43 INFO: 00:53:43.894 [main] [INFO ] q.l.p.CommandLineTaskRunner$CommandLineProgressMonitor - 2787 nuclei detected (79%)
2024-10-23 00:53:43 INFO: 00:53:43.969 [task-runner-1-42] [INFO ] q.lib.plugins.DetectionPluginTools - 2183 nuclei detected (processing time: 19.31 seconds)
2024-10-23 00:53:43 INFO: 00:53:43.970 [main] [INFO ] q.l.p.CommandLineTaskRunner$CommandLineProgressMonitor - 2183 nuclei detected (79%)
2024-10-23 00:53:43 INFO: 00:53:43.980 [task-runner-1-18] [INFO ] q.lib.plugins.DetectionPluginTools - 2452 nuclei detected (processing time: 13.33 seconds)
2024-10-23 00:53:43 INFO: 00:53:43.981 [main] [INFO ] q.l.p.CommandLineTaskRunner$CommandLineProgressMonitor - 2452 nuclei detected (80%)
2024-10-23 00:53:43 INFO: 00:53:43.999 [task-runner-1-47] [INFO ] q.lib.plugins.DetectionPluginTools - 3335 nuclei detected (processing time: 26.98 seconds)
2024-10-23 00:53:44 INFO: 00:53:43.999 [main] [INFO ] q.l.p.CommandLineTaskRunner$CommandLineProgressMonitor - 3335 nuclei detected (81%)
2024-10-23 00:53:44 INFO: 00:53:44.023 [task-runner-1-15] [INFO ] q.lib.plugins.DetectionPluginTools - 3624 nuclei detected (processing time: 27.01 seconds)
2024-10-23 00:53:44 INFO: 00:53:44.023 [main] [INFO ] q.l.p.CommandLineTaskRunner$CommandLineProgressMonitor - 3624 nuclei detected (81%)
2024-10-23 00:53:44 INFO: 00:53:44.070 [task-runner-1-2] [INFO ] q.lib.plugins.DetectionPluginTools - 3671 nuclei detected (processing time: 27.05 seconds)
2024-10-23 00:53:44 INFO: 00:53:44.071 [main] [INFO ] q.l.p.CommandLineTaskRunner$CommandLineProgressMonitor - 3671 nuclei detected (82%)
2024-10-23 00:53:44 INFO: 00:53:44.104 [task-runner-1-19] [INFO ] q.lib.plugins.DetectionPluginTools - 3267 nuclei detected (processing time: 26.53 seconds)
2024-10-23 00:53:44 INFO: 00:53:44.104 [main] [INFO ] q.l.p.CommandLineTaskRunner$CommandLineProgressMonitor - 3267 nuclei detected (83%)
2024-10-23 00:53:44 INFO: 00:53:44.149 [task-runner-1-20] [INFO ] q.lib.plugins.DetectionPluginTools - 3049 nuclei detected (processing time: 26.26 seconds)
2024-10-23 00:53:44 INFO: 00:53:44.149 [main] [INFO ] q.l.p.CommandLineTaskRunner$CommandLineProgressMonitor - 3049 nuclei detected (83%)
2024-10-23 00:53:44 INFO: 00:53:44.530 [task-runner-1-30] [INFO ] q.lib.plugins.DetectionPluginTools - 4010 nuclei detected (processing time: 27.52 seconds)
2024-10-23 00:53:44 INFO: 00:53:44.530 [main] [INFO ] q.l.p.CommandLineTaskRunner$CommandLineProgressMonitor - 4010 nuclei detected (84%)
2024-10-23 00:53:44 INFO: 00:53:44.729 [task-runner-1-13] [INFO ] q.lib.plugins.DetectionPluginTools - 4647 nuclei detected (processing time: 27.68 seconds)
2024-10-23 00:53:44 INFO: 00:53:44.730 [main] [INFO ] q.l.p.CommandLineTaskRunner$CommandLineProgressMonitor - 4647 nuclei detected (84%)
2024-10-23 00:53:44 INFO: 00:53:44.743 [task-runner-1-62] [INFO ] q.lib.plugins.DetectionPluginTools - 2841 nuclei detected (processing time: 26.87 seconds)
2024-10-23 00:53:44 INFO: 00:53:44.743 [main] [INFO ] q.l.p.CommandLineTaskRunner$CommandLineProgressMonitor - 2841 nuclei detected (85%)
2024-10-23 00:53:44 INFO: 00:53:44.843 [task-runner-1-8] [INFO ] q.lib.plugins.DetectionPluginTools - 4343 nuclei detected (processing time: 27.83 seconds)
2024-10-23 00:53:44 INFO: 00:53:44.843 [main] [INFO ] q.l.p.CommandLineTaskRunner$CommandLineProgressMonitor - 4343 nuclei detected (86%)
2024-10-23 00:53:44 INFO: 00:53:44.873 [task-runner-1-36] [INFO ] q.lib.plugins.DetectionPluginTools - 3105 nuclei detected (processing time: 19.41 seconds)
2024-10-23 00:53:44 INFO: 00:53:44.873 [main] [INFO ] q.l.p.CommandLineTaskRunner$CommandLineProgressMonitor - 3105 nuclei detected (86%)
2024-10-23 00:53:44 INFO: 00:53:44.953 [task-runner-1-27] [INFO ] q.lib.plugins.DetectionPluginTools - 6894 nuclei detected (processing time: 27.94 seconds)
2024-10-23 00:53:44 INFO: 00:53:44.954 [main] [INFO ] q.l.p.CommandLineTaskRunner$CommandLineProgressMonitor - 6894 nuclei detected (87%)
2024-10-23 00:53:44 INFO: 00:53:44.981 [task-runner-1-14] [INFO ] q.lib.plugins.DetectionPluginTools - 4537 nuclei detected (processing time: 27.97 seconds)
2024-10-23 00:53:44 INFO: 00:53:44.981 [main] [INFO ] q.l.p.CommandLineTaskRunner$CommandLineProgressMonitor - 4537 nuclei detected (88%)
2024-10-23 00:53:45 INFO: 00:53:45.011 [task-runner-1-11] [INFO ] q.lib.plugins.DetectionPluginTools - 2786 nuclei detected (processing time: 13.67 seconds)
2024-10-23 00:53:45 INFO: 00:53:45.011 [main] [INFO ] q.l.p.CommandLineTaskRunner$CommandLineProgressMonitor - 2786 nuclei detected (88%)
2024-10-23 00:53:45 INFO: 00:53:45.132 [task-runner-1-1] [INFO ] q.lib.plugins.DetectionPluginTools - 4316 nuclei detected (processing time: 28.12 seconds)
2024-10-23 00:53:45 INFO: 00:53:45.132 [main] [INFO ] q.l.p.CommandLineTaskRunner$CommandLineProgressMonitor - 4316 nuclei detected (89%)
2024-10-23 00:53:45 INFO: 00:53:45.223 [task-runner-1-31] [INFO ] q.lib.plugins.DetectionPluginTools - 4066 nuclei detected (processing time: 28.17 seconds)
2024-10-23 00:53:45 INFO: 00:53:45.223 [main] [INFO ] q.l.p.CommandLineTaskRunner$CommandLineProgressMonitor - 4066 nuclei detected (89%)
2024-10-23 00:53:45 INFO: 00:53:45.229 [task-runner-1-44] [INFO ] q.lib.plugins.DetectionPluginTools - 3162 nuclei detected (processing time: 27.33 seconds)
2024-10-23 00:53:45 INFO: 00:53:45.229 [main] [INFO ] q.l.p.CommandLineTaskRunner$CommandLineProgressMonitor - 3162 nuclei detected (90%)
2024-10-23 00:53:45 INFO: 00:53:45.350 [task-runner-1-46] [INFO ] q.lib.plugins.DetectionPluginTools - 3357 nuclei detected (processing time: 28.01 seconds)
2024-10-23 00:53:45 INFO: 00:53:45.350 [main] [INFO ] q.l.p.CommandLineTaskRunner$CommandLineProgressMonitor - 3357 nuclei detected (91%)
2024-10-23 00:53:45 INFO: 00:53:45.373 [task-runner-1-23] [INFO ] q.lib.plugins.DetectionPluginTools - 3917 nuclei detected (processing time: 27.13 seconds)
2024-10-23 00:53:45 INFO: 00:53:45.374 [main] [INFO ] q.l.p.CommandLineTaskRunner$CommandLineProgressMonitor - 3917 nuclei detected (91%)
2024-10-23 00:53:45 INFO: 00:53:45.426 [task-runner-1-50] [INFO ] q.lib.plugins.DetectionPluginTools - 3927 nuclei detected (processing time: 27.55 seconds)
2024-10-23 00:53:45 INFO: 00:53:45.427 [main] [INFO ] q.l.p.CommandLineTaskRunner$CommandLineProgressMonitor - 3927 nuclei detected (92%)
2024-10-23 00:53:45 INFO: 00:53:45.455 [task-runner-1-61] [INFO ] q.lib.plugins.DetectionPluginTools - 4021 nuclei detected (processing time: 27.52 seconds)
2024-10-23 00:53:45 INFO: 00:53:45.455 [main] [INFO ] q.l.p.CommandLineTaskRunner$CommandLineProgressMonitor - 4021 nuclei detected (93%)
2024-10-23 00:53:45 INFO: 00:53:45.597 [task-runner-1-28] [INFO ] q.lib.plugins.DetectionPluginTools - 4453 nuclei detected (processing time: 28.51 seconds)
2024-10-23 00:53:45 INFO: 00:53:45.598 [main] [INFO ] q.l.p.CommandLineTaskRunner$CommandLineProgressMonitor - 4453 nuclei detected (93%)
2024-10-23 00:53:45 INFO: 00:53:45.598 [task-runner-1-10] [INFO ] q.lib.plugins.DetectionPluginTools - 5625 nuclei detected (processing time: 28.59 seconds)
2024-10-23 00:53:45 INFO: 00:53:45.598 [main] [INFO ] q.l.p.CommandLineTaskRunner$CommandLineProgressMonitor - 5625 nuclei detected (94%)
2024-10-23 00:53:45 INFO: 00:53:45.657 [task-runner-1-26] [INFO ] q.lib.plugins.DetectionPluginTools - 3880 nuclei detected (processing time: 28.48 seconds)
2024-10-23 00:53:45 INFO: 00:53:45.657 [main] [INFO ] q.l.p.CommandLineTaskRunner$CommandLineProgressMonitor - 3880 nuclei detected (94%)
2024-10-23 00:53:45 INFO: 00:53:45.877 [task-runner-1-24] [INFO ] q.lib.plugins.DetectionPluginTools - 3932 nuclei detected (processing time: 27.69 seconds)
2024-10-23 00:53:45 INFO: 00:53:45.877 [main] [INFO ] q.l.p.CommandLineTaskRunner$CommandLineProgressMonitor - 3932 nuclei detected (95%)
2024-10-23 00:53:45 INFO: 00:53:45.968 [task-runner-1-43] [INFO ] q.lib.plugins.DetectionPluginTools - 4353 nuclei detected (processing time: 27.65 seconds)
2024-10-23 00:53:45 INFO: 00:53:45.968 [main] [INFO ] q.l.p.CommandLineTaskRunner$CommandLineProgressMonitor - 4353 nuclei detected (96%)
2024-10-23 00:53:46 INFO: 00:53:46.272 [task-runner-1-12] [INFO ] q.lib.plugins.DetectionPluginTools - 4054 nuclei detected (processing time: 20.78 seconds)
2024-10-23 00:53:46 INFO: 00:53:46.272 [main] [INFO ] q.l.p.CommandLineTaskRunner$CommandLineProgressMonitor - 4054 nuclei detected (96%)
2024-10-23 00:53:46 INFO: 00:53:46.347 [task-runner-1-16] [INFO ] q.lib.plugins.DetectionPluginTools - 5458 nuclei detected (processing time: 27.73 seconds)
2024-10-23 00:53:46 INFO: 00:53:46.347 [main] [INFO ] q.l.p.CommandLineTaskRunner$CommandLineProgressMonitor - 5458 nuclei detected (97%)
2024-10-23 00:53:46 INFO: 00:53:46.569 [task-runner-1-51] [INFO ] q.lib.plugins.DetectionPluginTools - 4892 nuclei detected (processing time: 28.28 seconds)
2024-10-23 00:53:46 INFO: 00:53:46.570 [main] [INFO ] q.l.p.CommandLineTaskRunner$CommandLineProgressMonitor - 4892 nuclei detected (98%)
2024-10-23 00:53:46 INFO: 00:53:46.588 [task-runner-1-32] [INFO ] q.lib.plugins.DetectionPluginTools - 4846 nuclei detected (processing time: 20.15 seconds)
2024-10-23 00:53:46 INFO: 00:53:46.589 [main] [INFO ] q.l.p.CommandLineTaskRunner$CommandLineProgressMonitor - 4846 nuclei detected (98%)
2024-10-23 00:53:47 INFO: 00:53:47.029 [task-runner-1-39] [INFO ] q.lib.plugins.DetectionPluginTools - 5716 nuclei detected (processing time: 21.13 seconds)
2024-10-23 00:53:47 INFO: 00:53:47.030 [main] [INFO ] q.l.p.CommandLineTaskRunner$CommandLineProgressMonitor - 5716 nuclei detected (99%)
2024-10-23 00:53:47 INFO: 00:53:47.137 [task-runner-1-63] [INFO ] q.lib.plugins.DetectionPluginTools - 5329 nuclei detected (processing time: 21.37 seconds)
2024-10-23 00:53:47 INFO: 00:53:47.137 [main] [INFO ] q.l.p.CommandLineTaskRunner$CommandLineProgressMonitor - 5329 nuclei detected (99%)
2024-10-23 00:53:47 INFO: 00:53:47.297 [task-runner-1-33] [INFO ] q.lib.plugins.DetectionPluginTools - 5616 nuclei detected (processing time: 21.49 seconds)
2024-10-23 00:53:47 INFO: 00:53:47.298 [main] [INFO ] q.l.p.CommandLineTaskRunner$CommandLineProgressMonitor - 5616 nuclei detected (100%)
2024-10-23 00:53:47 INFO: 00:53:47.298 [main] [INFO ] q.l.p.CommandLineTaskRunner$CommandLineProgressMonitor - Processing complete in 46.80 seconds
2024-10-23 00:53:47 INFO: 00:53:47.298 [main] [INFO ] q.l.p.CommandLineTaskRunner$CommandLineProgressMonitor - Tasks completed!
2024-10-23 00:53:59 INFO: 00:53:59.184 [main] [WARN ] q.l.p.objects.SmoothFeaturesPlugin - Smoothing using annotations
2024-10-23 00:54:04 INFO: 00:54:04.286 [main] [INFO ] q.l.p.CommandLineTaskRunner$CommandLineProgressMonitor - Completed (100%)
2024-10-23 00:54:04 INFO: 00:54:04.287 [main] [INFO ] q.l.p.CommandLineTaskRunner$CommandLineProgressMonitor - Processing complete in 5.10 seconds
2024-10-23 00:54:04 INFO: 00:54:04.287 [main] [INFO ] q.l.p.CommandLineTaskRunner$CommandLineProgressMonitor - Tasks completed!
2024-10-23 00:54:04 INFO: 00:54:04.290 [main] [WARN ] q.l.p.objects.SmoothFeaturesPlugin - Smoothing using annotations
2024-10-23 00:54:12 INFO: 00:54:12.411 [main] [INFO ] q.l.p.CommandLineTaskRunner$CommandLineProgressMonitor - Completed (100%)
2024-10-23 00:54:12 INFO: 00:54:12.413 [main] [INFO ] q.l.p.CommandLineTaskRunner$CommandLineProgressMonitor - Processing complete in 8.12 seconds
2024-10-23 00:54:12 INFO: 00:54:12.414 [main] [INFO ] q.l.p.CommandLineTaskRunner$CommandLineProgressMonitor - Tasks completed!
2024-10-23 00:54:12 INFO: 00:54:12.420 [main] [WARN ] q.l.p.objects.SmoothFeaturesPlugin - Smoothing using annotations
2024-10-23 00:54:32 INFO: 00:54:32.649 [main] [INFO ] q.l.p.CommandLineTaskRunner$CommandLineProgressMonitor - Completed (100%)
2024-10-23 00:54:32 INFO: 00:54:32.650 [main] [INFO ] q.l.p.CommandLineTaskRunner$CommandLineProgressMonitor - Processing complete in 20.23 seconds
2024-10-23 00:54:32 INFO: 00:54:32.650 [main] [INFO ] q.l.p.CommandLineTaskRunner$CommandLineProgressMonitor - Tasks completed!
2024-10-23 00:54:32 INFO: 00:54:32.862 [task-runner-5-2] [INFO ] q.l.a.IntensityFeaturesPlugin - Splitting Rectangle (0, 0, 63784, 39311) into 40 tiles for intensity measurements
2024-10-23 00:54:33 INFO: 00:54:33.019 [main] [INFO ] q.l.p.CommandLineTaskRunner$CommandLineProgressMonitor - Completed (0%)
2024-10-23 00:54:33 INFO: 00:54:33.876 [main] [INFO ] q.l.p.CommandLineTaskRunner$CommandLineProgressMonitor - Completed (1%)
2024-10-23 00:54:34 INFO: 00:54:34.191 [main] [INFO ] q.l.p.CommandLineTaskRunner$CommandLineProgressMonitor - Completed (2%)
2024-10-23 00:54:34 INFO: 00:54:34.525 [main] [INFO ] q.l.p.CommandLineTaskRunner$CommandLineProgressMonitor - Completed (3%)
2024-10-23 00:54:34 INFO: 00:54:34.923 [main] [INFO ] q.l.p.CommandLineTaskRunner$CommandLineProgressMonitor - Completed (4%)
2024-10-23 00:54:35 INFO: 00:54:35.485 [main] [INFO ] q.l.p.CommandLineTaskRunner$CommandLineProgressMonitor - Completed (5%)
2024-10-23 00:54:35 INFO: 00:54:35.615 [main] [INFO ] q.l.p.CommandLineTaskRunner$CommandLineProgressMonitor - Completed (6%)
2024-10-23 00:54:35 INFO: 00:54:35.730 [main] [INFO ] q.l.p.CommandLineTaskRunner$CommandLineProgressMonitor - Completed (7%)
2024-10-23 00:54:35 INFO: 00:54:35.846 [main] [INFO ] q.l.p.CommandLineTaskRunner$CommandLineProgressMonitor - Completed (8%)
2024-10-23 00:54:36 INFO: 00:54:36.330 [main] [INFO ] q.l.p.CommandLineTaskRunner$CommandLineProgressMonitor - Completed (9%)
2024-10-23 00:54:36 INFO: 00:54:36.449 [main] [INFO ] q.l.p.CommandLineTaskRunner$CommandLineProgressMonitor - Completed (10%)
2024-10-23 00:54:36 INFO: 00:54:36.571 [main] [INFO ] q.l.p.CommandLineTaskRunner$CommandLineProgressMonitor - Completed (11%)
2024-10-23 00:54:36 INFO: 00:54:36.687 [main] [INFO ] q.l.p.CommandLineTaskRunner$CommandLineProgressMonitor - Completed (12%)
2024-10-23 00:54:36 INFO: 00:54:36.815 [main] [INFO ] q.l.p.CommandLineTaskRunner$CommandLineProgressMonitor - Completed (13%)
2024-10-23 00:54:37 INFO: 00:54:37.259 [main] [INFO ] q.l.p.CommandLineTaskRunner$CommandLineProgressMonitor - Completed (14%)
2024-10-23 00:54:37 INFO: 00:54:37.421 [main] [INFO ] q.l.p.CommandLineTaskRunner$CommandLineProgressMonitor - Completed (15%)
2024-10-23 00:54:37 INFO: 00:54:37.553 [main] [INFO ] q.l.p.CommandLineTaskRunner$CommandLineProgressMonitor - Completed (16%)
2024-10-23 00:54:37 INFO: 00:54:37.674 [main] [INFO ] q.l.p.CommandLineTaskRunner$CommandLineProgressMonitor - Completed (17%)
2024-10-23 00:54:37 INFO: 00:54:37.829 [main] [INFO ] q.l.p.CommandLineTaskRunner$CommandLineProgressMonitor - Completed (18%)
2024-10-23 00:54:38 INFO: 00:54:38.388 [main] [INFO ] q.l.p.CommandLineTaskRunner$CommandLineProgressMonitor - Completed (19%)
2024-10-23 00:54:38 INFO: 00:54:38.506 [main] [INFO ] q.l.p.CommandLineTaskRunner$CommandLineProgressMonitor - Completed (20%)
2024-10-23 00:54:38 INFO: 00:54:38.627 [main] [INFO ] q.l.p.CommandLineTaskRunner$CommandLineProgressMonitor - Completed (21%)
2024-10-23 00:54:38 INFO: 00:54:38.744 [main] [INFO ] q.l.p.CommandLineTaskRunner$CommandLineProgressMonitor - Completed (22%)
2024-10-23 00:54:39 INFO: 00:54:39.153 [main] [INFO ] q.l.p.CommandLineTaskRunner$CommandLineProgressMonitor - Completed (23%)
2024-10-23 00:54:39 INFO: 00:54:39.251 [main] [INFO ] q.l.p.CommandLineTaskRunner$CommandLineProgressMonitor - Completed (24%)
2024-10-23 00:54:39 INFO: 00:54:39.347 [main] [INFO ] q.l.p.CommandLineTaskRunner$CommandLineProgressMonitor - Completed (25%)
2024-10-23 00:54:39 INFO: 00:54:39.452 [main] [INFO ] q.l.p.CommandLineTaskRunner$CommandLineProgressMonitor - Completed (26%)
2024-10-23 00:54:39 INFO: 00:54:39.570 [main] [INFO ] q.l.p.CommandLineTaskRunner$CommandLineProgressMonitor - Completed (27%)
2024-10-23 00:54:39 INFO: 00:54:39.683 [main] [INFO ] q.l.p.CommandLineTaskRunner$CommandLineProgressMonitor - Completed (28%)
2024-10-23 00:54:39 INFO: 00:54:39.813 [main] [INFO ] q.l.p.CommandLineTaskRunner$CommandLineProgressMonitor - Completed (29%)
2024-10-23 00:54:40 INFO: 00:54:40.010 [main] [INFO ] q.l.p.CommandLineTaskRunner$CommandLineProgressMonitor - Completed (30%)
2024-10-23 00:54:40 INFO: 00:54:40.137 [main] [INFO ] q.l.p.CommandLineTaskRunner$CommandLineProgressMonitor - Completed (31%)
2024-10-23 00:54:40 INFO: 00:54:40.239 [main] [INFO ] q.l.p.CommandLineTaskRunner$CommandLineProgressMonitor - Completed (32%)
2024-10-23 00:54:40 INFO: 00:54:40.355 [main] [INFO ] q.l.p.CommandLineTaskRunner$CommandLineProgressMonitor - Completed (33%)
2024-10-23 00:54:40 INFO: 00:54:40.487 [main] [INFO ] q.l.p.CommandLineTaskRunner$CommandLineProgressMonitor - Completed (34%)
2024-10-23 00:54:40 INFO: 00:54:40.592 [main] [INFO ] q.l.p.CommandLineTaskRunner$CommandLineProgressMonitor - Completed (35%)
2024-10-23 00:54:40 INFO: 00:54:40.704 [main] [INFO ] q.l.p.CommandLineTaskRunner$CommandLineProgressMonitor - Completed (36%)
2024-10-23 00:54:40 INFO: 00:54:40.896 [main] [INFO ] q.l.p.CommandLineTaskRunner$CommandLineProgressMonitor - Completed (37%)
2024-10-23 00:54:40 INFO: 00:54:40.993 [main] [INFO ] q.l.p.CommandLineTaskRunner$CommandLineProgressMonitor - Completed (38%)
2024-10-23 00:54:41 INFO: 00:54:41.095 [main] [INFO ] q.l.p.CommandLineTaskRunner$CommandLineProgressMonitor - Completed (39%)
2024-10-23 00:54:41 INFO: 00:54:41.212 [main] [INFO ] q.l.p.CommandLineTaskRunner$CommandLineProgressMonitor - Completed (40%)
2024-10-23 00:54:41 INFO: 00:54:41.328 [main] [INFO ] q.l.p.CommandLineTaskRunner$CommandLineProgressMonitor - Completed (41%)
2024-10-23 00:54:41 INFO: 00:54:41.441 [main] [INFO ] q.l.p.CommandLineTaskRunner$CommandLineProgressMonitor - Completed (42%)
2024-10-23 00:54:41 INFO: 00:54:41.556 [main] [INFO ] q.l.p.CommandLineTaskRunner$CommandLineProgressMonitor - Completed (43%)
2024-10-23 00:54:41 INFO: 00:54:41.668 [main] [INFO ] q.l.p.CommandLineTaskRunner$CommandLineProgressMonitor - Completed (44%)
2024-10-23 00:54:41 INFO: 00:54:41.789 [main] [INFO ] q.l.p.CommandLineTaskRunner$CommandLineProgressMonitor - Completed (45%)
2024-10-23 00:54:41 INFO: 00:54:41.889 [main] [INFO ] q.l.p.CommandLineTaskRunner$CommandLineProgressMonitor - Completed (46%)
2024-10-23 00:54:42 INFO: 00:54:42.001 [main] [INFO ] q.l.p.CommandLineTaskRunner$CommandLineProgressMonitor - Completed (47%)
2024-10-23 00:54:42 INFO: 00:54:42.137 [main] [INFO ] q.l.p.CommandLineTaskRunner$CommandLineProgressMonitor - Completed (48%)
2024-10-23 00:54:42 INFO: 00:54:42.259 [main] [INFO ] q.l.p.CommandLineTaskRunner$CommandLineProgressMonitor - Completed (49%)
2024-10-23 00:54:42 INFO: 00:54:42.367 [main] [INFO ] q.l.p.CommandLineTaskRunner$CommandLineProgressMonitor - Completed (50%)
2024-10-23 00:54:42 INFO: 00:54:42.520 [main] [INFO ] q.l.p.CommandLineTaskRunner$CommandLineProgressMonitor - Completed (51%)
2024-10-23 00:54:42 INFO: 00:54:42.663 [main] [INFO ] q.l.p.CommandLineTaskRunner$CommandLineProgressMonitor - Completed (52%)
2024-10-23 00:54:42 INFO: 00:54:42.828 [main] [INFO ] q.l.p.CommandLineTaskRunner$CommandLineProgressMonitor - Completed (53%)
2024-10-23 00:54:42 INFO: 00:54:42.977 [main] [INFO ] q.l.p.CommandLineTaskRunner$CommandLineProgressMonitor - Completed (54%)
2024-10-23 00:54:43 INFO: 00:54:43.136 [main] [INFO ] q.l.p.CommandLineTaskRunner$CommandLineProgressMonitor - Completed (55%)
2024-10-23 00:54:43 INFO: 00:54:43.289 [main] [INFO ] q.l.p.CommandLineTaskRunner$CommandLineProgressMonitor - Completed (56%)
2024-10-23 00:54:43 INFO: 00:54:43.443 [main] [INFO ] q.l.p.CommandLineTaskRunner$CommandLineProgressMonitor - Completed (57%)
2024-10-23 00:54:43 INFO: 00:54:43.599 [main] [INFO ] q.l.p.CommandLineTaskRunner$CommandLineProgressMonitor - Completed (58%)
2024-10-23 00:54:43 INFO: 00:54:43.766 [main] [INFO ] q.l.p.CommandLineTaskRunner$CommandLineProgressMonitor - Completed (59%)
2024-10-23 00:54:43 INFO: 00:54:43.928 [main] [INFO ] q.l.p.CommandLineTaskRunner$CommandLineProgressMonitor - Completed (60%)
2024-10-23 00:54:44 INFO: 00:54:44.145 [main] [INFO ] q.l.p.CommandLineTaskRunner$CommandLineProgressMonitor - Completed (61%)
2024-10-23 00:54:44 INFO: 00:54:44.305 [main] [INFO ] q.l.p.CommandLineTaskRunner$CommandLineProgressMonitor - Completed (62%)
2024-10-23 00:54:44 INFO: 00:54:44.474 [main] [INFO ] q.l.p.CommandLineTaskRunner$CommandLineProgressMonitor - Completed (63%)
2024-10-23 00:54:44 INFO: 00:54:44.652 [main] [INFO ] q.l.p.CommandLineTaskRunner$CommandLineProgressMonitor - Completed (64%)
2024-10-23 00:54:44 INFO: 00:54:44.869 [main] [INFO ] q.l.p.CommandLineTaskRunner$CommandLineProgressMonitor - Completed (65%)
2024-10-23 00:54:45 INFO: 00:54:45.036 [main] [INFO ] q.l.p.CommandLineTaskRunner$CommandLineProgressMonitor - Completed (66%)
2024-10-23 00:54:45 INFO: 00:54:45.187 [main] [INFO ] q.l.p.CommandLineTaskRunner$CommandLineProgressMonitor - Completed (67%)
2024-10-23 00:54:45 INFO: 00:54:45.415 [main] [INFO ] q.l.p.CommandLineTaskRunner$CommandLineProgressMonitor - Completed (68%)
2024-10-23 00:54:45 INFO: 00:54:45.523 [main] [INFO ] q.l.p.CommandLineTaskRunner$CommandLineProgressMonitor - Completed (69%)
2024-10-23 00:54:45 INFO: 00:54:45.624 [main] [INFO ] q.l.p.CommandLineTaskRunner$CommandLineProgressMonitor - Completed (70%)
2024-10-23 00:54:45 INFO: 00:54:45.739 [main] [INFO ] q.l.p.CommandLineTaskRunner$CommandLineProgressMonitor - Completed (71%)
2024-10-23 00:54:45 INFO: 00:54:45.852 [main] [INFO ] q.l.p.CommandLineTaskRunner$CommandLineProgressMonitor - Completed (72%)
2024-10-23 00:54:45 INFO: 00:54:45.964 [main] [INFO ] q.l.p.CommandLineTaskRunner$CommandLineProgressMonitor - Completed (73%)
2024-10-23 00:54:46 INFO: 00:54:46.082 [main] [INFO ] q.l.p.CommandLineTaskRunner$CommandLineProgressMonitor - Completed (74%)
2024-10-23 00:54:46 INFO: 00:54:46.193 [main] [INFO ] q.l.p.CommandLineTaskRunner$CommandLineProgressMonitor - Completed (75%)
2024-10-23 00:54:46 INFO: 00:54:46.304 [main] [INFO ] q.l.p.CommandLineTaskRunner$CommandLineProgressMonitor - Completed (76%)
2024-10-23 00:54:46 INFO: 00:54:46.407 [main] [INFO ] q.l.p.CommandLineTaskRunner$CommandLineProgressMonitor - Completed (77%)
2024-10-23 00:54:46 INFO: 00:54:46.512 [main] [INFO ] q.l.p.CommandLineTaskRunner$CommandLineProgressMonitor - Completed (78%)
2024-10-23 00:54:46 INFO: 00:54:46.617 [main] [INFO ] q.l.p.CommandLineTaskRunner$CommandLineProgressMonitor - Completed (79%)
2024-10-23 00:54:46 INFO: 00:54:46.718 [main] [INFO ] q.l.p.CommandLineTaskRunner$CommandLineProgressMonitor - Completed (80%)
2024-10-23 00:54:46 INFO: 00:54:46.818 [main] [INFO ] q.l.p.CommandLineTaskRunner$CommandLineProgressMonitor - Completed (81%)
2024-10-23 00:54:46 INFO: 00:54:46.921 [main] [INFO ] q.l.p.CommandLineTaskRunner$CommandLineProgressMonitor - Completed (82%)
2024-10-23 00:54:47 INFO: 00:54:47.064 [main] [INFO ] q.l.p.CommandLineTaskRunner$CommandLineProgressMonitor - Completed (83%)
2024-10-23 00:54:47 INFO: 00:54:47.171 [main] [INFO ] q.l.p.CommandLineTaskRunner$CommandLineProgressMonitor - Completed (84%)
2024-10-23 00:54:47 INFO: 00:54:47.339 [main] [INFO ] q.l.p.CommandLineTaskRunner$CommandLineProgressMonitor - Completed (85%)
2024-10-23 00:54:47 INFO: 00:54:47.442 [main] [INFO ] q.l.p.CommandLineTaskRunner$CommandLineProgressMonitor - Completed (86%)
2024-10-23 00:54:47 INFO: 00:54:47.543 [main] [INFO ] q.l.p.CommandLineTaskRunner$CommandLineProgressMonitor - Completed (87%)
2024-10-23 00:54:47 INFO: 00:54:47.667 [main] [INFO ] q.l.p.CommandLineTaskRunner$CommandLineProgressMonitor - Completed (88%)
2024-10-23 00:54:47 INFO: 00:54:47.781 [main] [INFO ] q.l.p.CommandLineTaskRunner$CommandLineProgressMonitor - Completed (89%)
2024-10-23 00:54:47 INFO: 00:54:47.895 [main] [INFO ] q.l.p.CommandLineTaskRunner$CommandLineProgressMonitor - Completed (90%)
2024-10-23 00:54:48 INFO: 00:54:48.008 [main] [INFO ] q.l.p.CommandLineTaskRunner$CommandLineProgressMonitor - Completed (91%)
2024-10-23 00:54:48 INFO: 00:54:48.116 [main] [INFO ] q.l.p.CommandLineTaskRunner$CommandLineProgressMonitor - Completed (92%)
2024-10-23 00:54:48 INFO: 00:54:48.234 [main] [INFO ] q.l.p.CommandLineTaskRunner$CommandLineProgressMonitor - Completed (93%)
2024-10-23 00:54:48 INFO: 00:54:48.333 [main] [INFO ] q.l.p.CommandLineTaskRunner$CommandLineProgressMonitor - Completed (94%)
2024-10-23 00:54:48 INFO: 00:54:48.428 [main] [INFO ] q.l.p.CommandLineTaskRunner$CommandLineProgressMonitor - Completed (95%)
2024-10-23 00:54:48 INFO: 00:54:48.528 [main] [INFO ] q.l.p.CommandLineTaskRunner$CommandLineProgressMonitor - Completed (96%)
2024-10-23 00:54:48 INFO: 00:54:48.635 [main] [INFO ] q.l.p.CommandLineTaskRunner$CommandLineProgressMonitor - Completed (97%)
2024-10-23 00:54:48 INFO: 00:54:48.750 [main] [INFO ] q.l.p.CommandLineTaskRunner$CommandLineProgressMonitor - Completed (98%)
2024-10-23 00:54:48 INFO: 00:54:48.851 [main] [INFO ] q.l.p.CommandLineTaskRunner$CommandLineProgressMonitor - Completed (99%)
2024-10-23 00:54:48 INFO: 00:54:48.962 [main] [INFO ] q.l.p.CommandLineTaskRunner$CommandLineProgressMonitor - Completed (100%)
2024-10-23 00:55:41 INFO: 00:55:41.643 [main] [INFO ] q.l.p.CommandLineTaskRunner$CommandLineProgressMonitor - Completed (100%)
2024-10-23 00:55:41 INFO: 00:55:41.644 [main] [INFO ] q.l.p.CommandLineTaskRunner$CommandLineProgressMonitor - Processing complete in 68.80 seconds
2024-10-23 00:55:41 INFO: 00:55:41.644 [main] [INFO ] q.l.p.CommandLineTaskRunner$CommandLineProgressMonitor - Tasks completed!
2024-10-23 00:57:42 INFO: 00:57:42.303 [task-runner-6-1] [WARN ] q.o.features.DelaunayTriangulation - Some objects have missing measurements! Statistics will calculated only for objects with measurements available.
2024-10-23 00:57:42 INFO: 00:57:42.303 [task-runner-6-1] [WARN ] q.o.features.DelaunayTriangulation - Missing measurements: [ROI: 1.00 m per pixel: Residual: Haralick Correlation (F2), ROI: 1.00 m per pixel: Residual: Haralick Information measure of correlation 1 (F11), ROI: 1.00 m per pixel: OD Sum: Haralick Correlation (F2), ROI: 1.00 m per pixel: OD Sum: Haralick Information measure of correlation 1 (F11), ROI: 1.00 m per pixel: Green: Haralick Correlation (F2), ROI: 1.00 m per pixel: Green: Haralick Information measure of correlation 1 (F11), ROI: 1.00 m per pixel: Blue: Haralick Correlation (F2), ROI: 1.00 m per pixel: Blue: Haralick Information measure of correlation 1 (F11), ROI: 1.00 m per pixel: Brightness: Haralick Correlation (F2), ROI: 1.00 m per pixel: Brightness: Haralick Information measure of correlation 1 (F11), ROI: 1.00 m per pixel: Residual: Haralick Information measure of correlation 2 (F12)]
2024-10-23 00:57:42 INFO: 00:57:42.338 [main] [INFO ] q.l.p.CommandLineTaskRunner$CommandLineProgressMonitor - Delaunay triangulation calculated for Annotation (212744 objects) (100%)
2024-10-23 00:57:42 INFO: 00:57:42.338 [main] [INFO ] q.l.p.CommandLineTaskRunner$CommandLineProgressMonitor - Processing complete in 120.64 seconds
2024-10-23 00:57:42 INFO: 00:57:42.338 [main] [INFO ] q.l.p.CommandLineTaskRunner$CommandLineProgressMonitor - Tasks completed!
2024-10-23 01:00:07 INFO: TCGA-GI-A2C8-01Z-00-DX1.09BD8AC9-645A-4C8B-9B36-77D833BDBA09
2024-10-23 01:00:07 INFO: QuPath subprocess completed.
2024-10-23 01:00:18 INFO: QuPath image extraction completed successfully. Output directory: /home/ilants/Documents/jupyter_test/single_image_multiple_params/exp_sigmaMicrons_0.75
2024-10-23 01:00:18 INFO: Summary table saved to: /home/ilants/Documents/jupyter_test/single_image_multiple_params/exp_sigmaMicrons_0.75/Summary_Table.csv
2024-10-23 01:00:18 INFO: Experiment completed successfully.
