2024-10-23 03:01:45 INFO: Starting experiment with for maxAreaMicrons with value of 40.0
2024-10-23 03:01:45 INFO: Running with the following configuration:
{'detectionImageBrightfield': 'Hematoxylin OD', 'requestedPixelSizeMicrons': 0.5, 'backgroundRadiusMicrons': 4.0, 'backgroundByReconstruction': True, 'medianRadiusMicrons': 0.0, 'sigmaMicrons': 1.5, 'minAreaMicrons': 10.0, 'maxAreaMicrons': 40.0, 'threshold': 0.1, 'maxBackground': 2.0, 'watershedPostProcess': True, 'cellExpansionMicrons': 5.0, 'includeNuclei': True, 'smoothBoundaries': True, 'makeMeasurements': True, 'backgroundRadiusPixel': 8.0, 'cellExpansionPixel': 10.0, 'medianRadiusPixel': 0.0, 'minAreaPixel': 20.0, 'maxAreaPixel': 160.0}
2024-10-23 03:01:45 INFO: Starting QuPath image extraction with the following parameters: image_dir=/home/ilants/Documents/jupyter_test, output_dir=/home/ilants/Documents/jupyter_test/single_image_multiple_params/exp_maxAreaMicrons_40.0, image_type=svs, groovy_script=/home/ilants/Documents/utls/nucleus_detection_wargs.groovy, config_file=/home/ilants/Documents/jupyter_test/single_image_multiple_params/exp_maxAreaMicrons_40.0/cfg.json, program_path=/home/ilants/Documents/QuPath-v0.5.1-Linux/QuPath/bin/QuPath
2024-10-23 03:01:46 INFO: 03:01:46.009 [main] [INFO ] qupath.lib.gui.prefs.PathPrefs - Setting default Locale to en_US
2024-10-23 03:01:46 INFO: 03:01:46.013 [main] [INFO ] qupath.lib.gui.prefs.PathPrefs - Setting Locale for FORMAT to en_US
2024-10-23 03:01:46 INFO: 03:01:46.013 [main] [INFO ] qupath.lib.gui.prefs.PathPrefs - Setting Locale for DISPLAY to en_US
2024-10-23 03:01:46 INFO: 03:01:46.026 [main] [INFO ] qupath.lib.common.ThreadTools - Setting parallelism to 63
2024-10-23 03:01:46 INFO: 03:01:46.045 [main] [INFO ] qupath.ScriptCommand - Setting tile cache size to 32200.00 MB (25.0% max memory)
2024-10-23 03:01:46 INFO: 03:01:46.101 [main] [INFO ] qupath.lib.scripting.QP - Initializing type adapters
2024-10-23 03:01:46 INFO: Warning: Versions of org.bytedeco:javacpp:1.5.9 and org.bytedeco:opencv:4.6.0-1.5.8 do not match.
2024-10-23 03:01:46 INFO: Warning: Versions of org.bytedeco:javacpp:1.5.9 and org.bytedeco:openblas:0.3.21-1.5.8 do not match.
2024-10-23 03:01:47 INFO: project parameters are: {"detectionImageBrightfield": "Hematoxylin OD","requestedPixelSizeMicrons": 0.5,"backgroundRadiusMicrons": 4.0,"backgroundByReconstruction": true,"medianRadiusMicrons": 0.0,"sigmaMicrons": 1.5,"minAreaMicrons": 10.0,"maxAreaMicrons": 40.0,"threshold": 0.1,"maxBackground": 2.0,"watershedPostProcess": true,"cellExpansionMicrons": 5.0,"includeNuclei": true,"smoothBoundaries": true,"makeMeasurements": true,"backgroundRadiusPixel": 8.0,"cellExpansionPixel": 10.0,"medianRadiusPixel": 0.0,"minAreaPixel": 20.0,"maxAreaPixel": 160.0}
2024-10-23 03:01:47 INFO: New project created at: /home/ilants/Documents/jupyter_test/single_image_multiple_params/exp_maxAreaMicrons_40.0/QPProject
2024-10-23 03:01:47 INFO: Added: /home/ilants/Documents/jupyter_test/TCGA-GI-A2C8-01Z-00-DX1.09BD8AC9-645A-4C8B-9B36-77D833BDBA09.svs
2024-10-23 03:01:47 INFO: /home/ilants/Documents/jupyter_test/TCGA-GI-A2C8-01Z-00-DX1.09BD8AC9-645A-4C8B-9B36-77D833BDBA09.svs
2024-10-23 03:01:48 INFO: 03:01:48.045 [main] [INFO ] q.l.i.s.b.BioFormatsServerOptions - Setting max Bio-Formats readers to 32
2024-10-23 03:01:48 INFO: UriImageSupport (class qupath.lib.images.servers.bioformats.BioFormatsServerBuilder) support=3.0, builders=1
2024-10-23 03:01:48 INFO: true
2024-10-23 03:01:48 INFO: 03:01:48.722 [main] [WARN ] qupath.lib.scripting.QP - createSelectAllObject(boolean) is deprecated, use createFullImageAnnotation(boolean) instead
2024-10-23 03:01:48 INFO: 03:01:48.722 [main] [WARN ] qupath.lib.scripting.QP - createSelectAllObject(boolean, int, int) is deprecated, use createFullImageAnnotation(boolean, int, int) instead
2024-10-23 03:01:48 INFO: 03:01:48.732 [main] [WARN ] q.l.plugins.parameters.ParameterList - Unable to set parameter backgroundRadiusPixel with value 8.0
2024-10-23 03:01:48 INFO: 03:01:48.732 [main] [WARN ] q.l.plugins.parameters.ParameterList - Unable to set parameter cellExpansionPixel with value 10.0
2024-10-23 03:01:48 INFO: 03:01:48.732 [main] [WARN ] q.l.plugins.parameters.ParameterList - Unable to set parameter medianRadiusPixel with value 0.0
2024-10-23 03:01:48 INFO: 03:01:48.732 [main] [WARN ] q.l.plugins.parameters.ParameterList - Unable to set parameter minAreaPixel with value 20.0
2024-10-23 03:01:48 INFO: 03:01:48.732 [main] [WARN ] q.l.plugins.parameters.ParameterList - Unable to set parameter maxAreaPixel with value 160.0
2024-10-23 03:02:03 INFO: 03:02:03.239 [task-runner-1-3] [INFO ] q.lib.plugins.DetectionPluginTools - 0 nuclei detected (processing time: 14.39 seconds)
2024-10-23 03:02:03 INFO: 03:02:03.240 [task-runner-1-12] [INFO ] q.lib.plugins.DetectionPluginTools - 0 nuclei detected (processing time: 14.39 seconds)
2024-10-23 03:02:03 INFO: 03:02:03.241 [task-runner-1-7] [INFO ] q.lib.plugins.DetectionPluginTools - 1 nucleus detected (processing time: 14.39 seconds)
2024-10-23 03:02:03 INFO: 03:02:03.239 [task-runner-1-1] [INFO ] q.lib.plugins.DetectionPluginTools - 0 nuclei detected (processing time: 14.39 seconds)
2024-10-23 03:02:03 INFO: 03:02:03.241 [main] [INFO ] q.l.p.CommandLineTaskRunner$CommandLineProgressMonitor - 0 nuclei detected (1%)
2024-10-23 03:02:03 INFO: 03:02:03.241 [main] [INFO ] q.l.p.CommandLineTaskRunner$CommandLineProgressMonitor - 1 nucleus detected (1%)
2024-10-23 03:02:03 INFO: 03:02:03.241 [main] [INFO ] q.l.p.CommandLineTaskRunner$CommandLineProgressMonitor - 0 nuclei detected (2%)
2024-10-23 03:02:03 INFO: 03:02:03.241 [main] [INFO ] q.l.p.CommandLineTaskRunner$CommandLineProgressMonitor - 0 nuclei detected (3%)
2024-10-23 03:02:03 INFO: 03:02:03.245 [task-runner-1-11] [INFO ] q.lib.plugins.DetectionPluginTools - 0 nuclei detected (processing time: 14.39 seconds)
2024-10-23 03:02:03 INFO: 03:02:03.245 [task-runner-1-4] [INFO ] q.lib.plugins.DetectionPluginTools - 0 nuclei detected (processing time: 14.39 seconds)
2024-10-23 03:02:03 INFO: 03:02:03.245 [main] [INFO ] q.l.p.CommandLineTaskRunner$CommandLineProgressMonitor - 0 nuclei detected (4%)
2024-10-23 03:02:03 INFO: 03:02:03.246 [task-runner-1-9] [INFO ] q.lib.plugins.DetectionPluginTools - 0 nuclei detected (processing time: 14.39 seconds)
2024-10-23 03:02:03 INFO: 03:02:03.246 [task-runner-1-32] [INFO ] q.lib.plugins.DetectionPluginTools - 0 nuclei detected (processing time: 14.39 seconds)
2024-10-23 03:02:03 INFO: 03:02:03.246 [main] [INFO ] q.l.p.CommandLineTaskRunner$CommandLineProgressMonitor - 0 nuclei detected (5%)
2024-10-23 03:02:03 INFO: 03:02:03.248 [task-runner-1-48] [INFO ] q.lib.plugins.DetectionPluginTools - 0 nuclei detected (processing time: 14.39 seconds)
2024-10-23 03:02:03 INFO: 03:02:03.248 [task-runner-1-16] [INFO ] q.lib.plugins.DetectionPluginTools - 0 nuclei detected (processing time: 14.40 seconds)
2024-10-23 03:02:03 INFO: 03:02:03.249 [main] [INFO ] q.l.p.CommandLineTaskRunner$CommandLineProgressMonitor - 0 nuclei detected (6%)
2024-10-23 03:02:03 INFO: 03:02:03.249 [task-runner-1-30] [INFO ] q.lib.plugins.DetectionPluginTools - 1 nucleus detected (processing time: 14.39 seconds)
2024-10-23 03:02:03 INFO: 03:02:03.249 [task-runner-1-15] [INFO ] q.lib.plugins.DetectionPluginTools - 0 nuclei detected (processing time: 14.40 seconds)
2024-10-23 03:02:03 INFO: 03:02:03.250 [main] [INFO ] q.l.p.CommandLineTaskRunner$CommandLineProgressMonitor - 1 nucleus detected (7%)
2024-10-23 03:02:03 INFO: 03:02:03.250 [main] [INFO ] q.l.p.CommandLineTaskRunner$CommandLineProgressMonitor - 0 nuclei detected (8%)
2024-10-23 03:02:03 INFO: 03:02:03.250 [task-runner-1-14] [INFO ] q.lib.plugins.DetectionPluginTools - 2 nuclei detected (processing time: 14.40 seconds)
2024-10-23 03:02:03 INFO: 03:02:03.250 [main] [INFO ] q.l.p.CommandLineTaskRunner$CommandLineProgressMonitor - 2 nuclei detected (8%)
2024-10-23 03:02:03 INFO: 03:02:03.250 [task-runner-1-27] [INFO ] q.lib.plugins.DetectionPluginTools - 0 nuclei detected (processing time: 14.39 seconds)
2024-10-23 03:02:03 INFO: 03:02:03.252 [main] [INFO ] q.l.p.CommandLineTaskRunner$CommandLineProgressMonitor - 0 nuclei detected (9%)
2024-10-23 03:02:03 INFO: 03:02:03.254 [task-runner-1-8] [INFO ] q.lib.plugins.DetectionPluginTools - 2 nuclei detected (processing time: 14.40 seconds)
2024-10-23 03:02:03 INFO: 03:02:03.254 [task-runner-1-10] [INFO ] q.lib.plugins.DetectionPluginTools - 1 nucleus detected (processing time: 14.40 seconds)
2024-10-23 03:02:03 INFO: 03:02:03.255 [main] [INFO ] q.l.p.CommandLineTaskRunner$CommandLineProgressMonitor - 2 nuclei detected (9%)
2024-10-23 03:02:03 INFO: 03:02:03.255 [main] [INFO ] q.l.p.CommandLineTaskRunner$CommandLineProgressMonitor - 1 nucleus detected (10%)
2024-10-23 03:02:03 INFO: 03:02:03.256 [task-runner-1-2] [INFO ] q.lib.plugins.DetectionPluginTools - 2 nuclei detected (processing time: 14.41 seconds)
2024-10-23 03:02:03 INFO: 03:02:03.256 [main] [INFO ] q.l.p.CommandLineTaskRunner$CommandLineProgressMonitor - 2 nuclei detected (11%)
2024-10-23 03:02:03 INFO: 03:02:03.259 [task-runner-1-17] [INFO ] q.lib.plugins.DetectionPluginTools - 3 nuclei detected (processing time: 14.41 seconds)
2024-10-23 03:02:03 INFO: 03:02:03.259 [main] [INFO ] q.l.p.CommandLineTaskRunner$CommandLineProgressMonitor - 3 nuclei detected (11%)
2024-10-23 03:02:03 INFO: 03:02:03.260 [task-runner-1-29] [INFO ] q.lib.plugins.DetectionPluginTools - 3 nuclei detected (processing time: 14.40 seconds)
2024-10-23 03:02:03 INFO: 03:02:03.260 [main] [INFO ] q.l.p.CommandLineTaskRunner$CommandLineProgressMonitor - 3 nuclei detected (12%)
2024-10-23 03:02:03 INFO: 03:02:03.270 [task-runner-1-13] [INFO ] q.lib.plugins.DetectionPluginTools - 8 nuclei detected (processing time: 14.42 seconds)
2024-10-23 03:02:03 INFO: 03:02:03.271 [main] [INFO ] q.l.p.CommandLineTaskRunner$CommandLineProgressMonitor - 8 nuclei detected (13%)
2024-10-23 03:02:03 INFO: 03:02:03.276 [task-runner-1-6] [INFO ] q.lib.plugins.DetectionPluginTools - 6 nuclei detected (processing time: 14.42 seconds)
2024-10-23 03:02:03 INFO: 03:02:03.277 [main] [INFO ] q.l.p.CommandLineTaskRunner$CommandLineProgressMonitor - 6 nuclei detected (13%)
2024-10-23 03:02:03 INFO: 03:02:03.287 [task-runner-1-47] [INFO ] q.lib.plugins.DetectionPluginTools - 7 nuclei detected (processing time: 14.43 seconds)
2024-10-23 03:02:03 INFO: 03:02:03.289 [main] [INFO ] q.l.p.CommandLineTaskRunner$CommandLineProgressMonitor - 7 nuclei detected (14%)
2024-10-23 03:02:03 INFO: 03:02:03.449 [task-runner-1-26] [INFO ] q.lib.plugins.DetectionPluginTools - 43 nuclei detected (processing time: 14.59 seconds)
2024-10-23 03:02:03 INFO: 03:02:03.450 [main] [INFO ] q.l.p.CommandLineTaskRunner$CommandLineProgressMonitor - 43 nuclei detected (14%)
2024-10-23 03:02:03 INFO: 03:02:03.505 [task-runner-1-5] [INFO ] q.lib.plugins.DetectionPluginTools - 56 nuclei detected (processing time: 14.65 seconds)
2024-10-23 03:02:03 INFO: 03:02:03.506 [main] [INFO ] q.l.p.CommandLineTaskRunner$CommandLineProgressMonitor - 56 nuclei detected (15%)
2024-10-23 03:02:03 INFO: 03:02:03.534 [task-runner-1-45] [INFO ] q.lib.plugins.DetectionPluginTools - 102 nuclei detected (processing time: 14.67 seconds)
2024-10-23 03:02:03 INFO: 03:02:03.536 [main] [INFO ] q.l.p.CommandLineTaskRunner$CommandLineProgressMonitor - 102 nuclei detected (16%)
2024-10-23 03:02:03 INFO: 03:02:03.590 [task-runner-1-62] [INFO ] q.lib.plugins.DetectionPluginTools - 195 nuclei detected (processing time: 14.73 seconds)
2024-10-23 03:02:03 INFO: 03:02:03.593 [main] [INFO ] q.l.p.CommandLineTaskRunner$CommandLineProgressMonitor - 195 nuclei detected (16%)
2024-10-23 03:02:03 INFO: 03:02:03.591 [task-runner-1-18] [INFO ] q.lib.plugins.DetectionPluginTools - 244 nuclei detected (processing time: 14.74 seconds)
2024-10-23 03:02:03 INFO: 03:02:03.597 [main] [INFO ] q.l.p.CommandLineTaskRunner$CommandLineProgressMonitor - 244 nuclei detected (17%)
2024-10-23 03:02:04 INFO: 03:02:04.899 [task-runner-1-28] [INFO ] q.lib.plugins.DetectionPluginTools - 18 nuclei detected (processing time: 16.04 seconds)
2024-10-23 03:02:04 INFO: 03:02:04.902 [main] [INFO ] q.l.p.CommandLineTaskRunner$CommandLineProgressMonitor - 18 nuclei detected (18%)
2024-10-23 03:02:04 INFO: 03:02:04.925 [task-runner-1-31] [INFO ] q.lib.plugins.DetectionPluginTools - 11 nuclei detected (processing time: 16.07 seconds)
2024-10-23 03:02:04 INFO: 03:02:04.926 [main] [INFO ] q.l.p.CommandLineTaskRunner$CommandLineProgressMonitor - 11 nuclei detected (18%)
2024-10-23 03:02:05 INFO: 03:02:05.000 [task-runner-1-46] [INFO ] q.lib.plugins.DetectionPluginTools - 52 nuclei detected (processing time: 16.14 seconds)
2024-10-23 03:02:05 INFO: 03:02:05.001 [main] [INFO ] q.l.p.CommandLineTaskRunner$CommandLineProgressMonitor - 52 nuclei detected (19%)
2024-10-23 03:02:05 INFO: 03:02:05.098 [task-runner-1-49] [INFO ] q.lib.plugins.DetectionPluginTools - 111 nuclei detected (processing time: 16.24 seconds)
2024-10-23 03:02:05 INFO: 03:02:05.101 [main] [INFO ] q.l.p.CommandLineTaskRunner$CommandLineProgressMonitor - 111 nuclei detected (19%)
2024-10-23 03:02:05 INFO: 03:02:05.173 [task-runner-1-19] [INFO ] q.lib.plugins.DetectionPluginTools - 144 nuclei detected (processing time: 16.32 seconds)
2024-10-23 03:02:05 INFO: 03:02:05.176 [main] [INFO ] q.l.p.CommandLineTaskRunner$CommandLineProgressMonitor - 144 nuclei detected (20%)
2024-10-23 03:02:05 INFO: 03:02:05.189 [task-runner-1-63] [INFO ] q.lib.plugins.DetectionPluginTools - 141 nuclei detected (processing time: 16.32 seconds)
2024-10-23 03:02:05 INFO: 03:02:05.191 [main] [INFO ] q.l.p.CommandLineTaskRunner$CommandLineProgressMonitor - 141 nuclei detected (21%)
2024-10-23 03:02:05 INFO: 03:02:05.294 [task-runner-1-61] [INFO ] q.lib.plugins.DetectionPluginTools - 194 nuclei detected (processing time: 16.43 seconds)
2024-10-23 03:02:05 INFO: 03:02:05.295 [main] [INFO ] q.l.p.CommandLineTaskRunner$CommandLineProgressMonitor - 194 nuclei detected (21%)
2024-10-23 03:02:05 INFO: 03:02:05.318 [task-runner-1-35] [INFO ] q.lib.plugins.DetectionPluginTools - 249 nuclei detected (processing time: 16.46 seconds)
2024-10-23 03:02:05 INFO: 03:02:05.319 [main] [INFO ] q.l.p.CommandLineTaskRunner$CommandLineProgressMonitor - 249 nuclei detected (22%)
2024-10-23 03:02:05 INFO: 03:02:05.414 [task-runner-1-50] [INFO ] q.lib.plugins.DetectionPluginTools - 291 nuclei detected (processing time: 16.55 seconds)
2024-10-23 03:02:05 INFO: 03:02:05.415 [main] [INFO ] q.l.p.CommandLineTaskRunner$CommandLineProgressMonitor - 291 nuclei detected (23%)
2024-10-23 03:02:05 INFO: 03:02:05.418 [task-runner-1-33] [INFO ] q.lib.plugins.DetectionPluginTools - 220 nuclei detected (processing time: 16.56 seconds)
2024-10-23 03:02:05 INFO: 03:02:05.423 [main] [INFO ] q.l.p.CommandLineTaskRunner$CommandLineProgressMonitor - 220 nuclei detected (23%)
2024-10-23 03:02:05 INFO: 03:02:05.445 [task-runner-1-25] [INFO ] q.lib.plugins.DetectionPluginTools - 299 nuclei detected (processing time: 16.59 seconds)
2024-10-23 03:02:05 INFO: 03:02:05.447 [main] [INFO ] q.l.p.CommandLineTaskRunner$CommandLineProgressMonitor - 299 nuclei detected (24%)
2024-10-23 03:02:05 INFO: 03:02:05.497 [task-runner-1-44] [INFO ] q.lib.plugins.DetectionPluginTools - 256 nuclei detected (processing time: 16.64 seconds)
2024-10-23 03:02:05 INFO: 03:02:05.519 [main] [INFO ] q.l.p.CommandLineTaskRunner$CommandLineProgressMonitor - 256 nuclei detected (24%)
2024-10-23 03:02:05 INFO: 03:02:05.688 [task-runner-1-34] [INFO ] q.lib.plugins.DetectionPluginTools - 377 nuclei detected (processing time: 16.83 seconds)
2024-10-23 03:02:05 INFO: 03:02:05.690 [main] [INFO ] q.l.p.CommandLineTaskRunner$CommandLineProgressMonitor - 377 nuclei detected (25%)
2024-10-23 03:02:05 INFO: 03:02:05.814 [task-runner-1-20] [INFO ] q.lib.plugins.DetectionPluginTools - 666 nuclei detected (processing time: 16.96 seconds)
2024-10-23 03:02:05 INFO: 03:02:05.816 [main] [INFO ] q.l.p.CommandLineTaskRunner$CommandLineProgressMonitor - 666 nuclei detected (26%)
2024-10-23 03:02:05 INFO: 03:02:05.948 [task-runner-1-43] [INFO ] q.lib.plugins.DetectionPluginTools - 815 nuclei detected (processing time: 17.09 seconds)
2024-10-23 03:02:05 INFO: 03:02:05.949 [main] [INFO ] q.l.p.CommandLineTaskRunner$CommandLineProgressMonitor - 815 nuclei detected (26%)
2024-10-23 03:02:05 INFO: 03:02:05.971 [task-runner-1-23] [INFO ] q.lib.plugins.DetectionPluginTools - 874 nuclei detected (processing time: 17.12 seconds)
2024-10-23 03:02:05 INFO: 03:02:05.972 [main] [INFO ] q.l.p.CommandLineTaskRunner$CommandLineProgressMonitor - 874 nuclei detected (27%)
2024-10-23 03:02:05 INFO: 03:02:05.976 [task-runner-1-51] [INFO ] q.lib.plugins.DetectionPluginTools - 793 nuclei detected (processing time: 17.11 seconds)
2024-10-23 03:02:05 INFO: 03:02:05.977 [main] [INFO ] q.l.p.CommandLineTaskRunner$CommandLineProgressMonitor - 793 nuclei detected (28%)
2024-10-23 03:02:06 INFO: 03:02:06.025 [task-runner-1-24] [INFO ] q.lib.plugins.DetectionPluginTools - 938 nuclei detected (processing time: 17.17 seconds)
2024-10-23 03:02:06 INFO: 03:02:06.028 [main] [INFO ] q.l.p.CommandLineTaskRunner$CommandLineProgressMonitor - 938 nuclei detected (28%)
2024-10-23 03:02:06 INFO: 03:02:06.229 [task-runner-1-60] [INFO ] q.lib.plugins.DetectionPluginTools - 968 nuclei detected (processing time: 17.36 seconds)
2024-10-23 03:02:06 INFO: 03:02:06.230 [main] [INFO ] q.l.p.CommandLineTaskRunner$CommandLineProgressMonitor - 968 nuclei detected (29%)
2024-10-23 03:02:06 INFO: 03:02:06.287 [task-runner-1-22] [INFO ] q.lib.plugins.DetectionPluginTools - 1211 nuclei detected (processing time: 17.43 seconds)
2024-10-23 03:02:06 INFO: 03:02:06.289 [main] [INFO ] q.l.p.CommandLineTaskRunner$CommandLineProgressMonitor - 1211 nuclei detected (29%)
2024-10-23 03:02:06 INFO: 03:02:06.956 [task-runner-1-36] [INFO ] q.lib.plugins.DetectionPluginTools - 1854 nuclei detected (processing time: 18.10 seconds)
2024-10-23 03:02:06 INFO: 03:02:06.958 [main] [INFO ] q.l.p.CommandLineTaskRunner$CommandLineProgressMonitor - 1854 nuclei detected (30%)
2024-10-23 03:02:08 INFO: 03:02:08.194 [task-runner-1-52] [INFO ] q.lib.plugins.DetectionPluginTools - 2238 nuclei detected (processing time: 19.33 seconds)
2024-10-23 03:02:08 INFO: 03:02:08.210 [main] [INFO ] q.l.p.CommandLineTaskRunner$CommandLineProgressMonitor - 2238 nuclei detected (31%)
2024-10-23 03:02:08 INFO: 03:02:08.392 [task-runner-1-59] [INFO ] q.lib.plugins.DetectionPluginTools - 2414 nuclei detected (processing time: 19.53 seconds)
2024-10-23 03:02:08 INFO: 03:02:08.394 [main] [INFO ] q.l.p.CommandLineTaskRunner$CommandLineProgressMonitor - 2414 nuclei detected (31%)
2024-10-23 03:02:08 INFO: 03:02:08.498 [task-runner-1-41] [INFO ] q.lib.plugins.DetectionPluginTools - 1962 nuclei detected (processing time: 19.64 seconds)
2024-10-23 03:02:08 INFO: 03:02:08.500 [main] [INFO ] q.l.p.CommandLineTaskRunner$CommandLineProgressMonitor - 1962 nuclei detected (32%)
2024-10-23 03:02:08 INFO: 03:02:08.616 [task-runner-1-42] [INFO ] q.lib.plugins.DetectionPluginTools - 2193 nuclei detected (processing time: 19.76 seconds)
2024-10-23 03:02:08 INFO: 03:02:08.618 [main] [INFO ] q.l.p.CommandLineTaskRunner$CommandLineProgressMonitor - 2193 nuclei detected (33%)
2024-10-23 03:02:08 INFO: 03:02:08.632 [task-runner-1-40] [INFO ] q.lib.plugins.DetectionPluginTools - 1770 nuclei detected (processing time: 19.77 seconds)
2024-10-23 03:02:08 INFO: 03:02:08.634 [main] [INFO ] q.l.p.CommandLineTaskRunner$CommandLineProgressMonitor - 1770 nuclei detected (33%)
2024-10-23 03:02:08 INFO: 03:02:08.961 [task-runner-1-21] [INFO ] q.lib.plugins.DetectionPluginTools - 3627 nuclei detected (processing time: 20.11 seconds)
2024-10-23 03:02:08 INFO: 03:02:08.963 [main] [INFO ] q.l.p.CommandLineTaskRunner$CommandLineProgressMonitor - 3627 nuclei detected (34%)
2024-10-23 03:02:09 INFO: 03:02:09.032 [task-runner-1-58] [INFO ] q.lib.plugins.DetectionPluginTools - 2124 nuclei detected (processing time: 20.17 seconds)
2024-10-23 03:02:09 INFO: 03:02:09.035 [main] [INFO ] q.l.p.CommandLineTaskRunner$CommandLineProgressMonitor - 2124 nuclei detected (34%)
2024-10-23 03:02:09 INFO: 03:02:09.446 [task-runner-1-39] [INFO ] q.lib.plugins.DetectionPluginTools - 2303 nuclei detected (processing time: 20.59 seconds)
2024-10-23 03:02:09 INFO: 03:02:09.447 [main] [INFO ] q.l.p.CommandLineTaskRunner$CommandLineProgressMonitor - 2303 nuclei detected (35%)
2024-10-23 03:02:09 INFO: 03:02:09.488 [task-runner-1-7] [INFO ] q.lib.plugins.DetectionPluginTools - 1 nucleus detected (processing time: 6.25 seconds)
2024-10-23 03:02:09 INFO: 03:02:09.489 [main] [INFO ] q.l.p.CommandLineTaskRunner$CommandLineProgressMonitor - 1 nucleus detected (36%)
2024-10-23 03:02:09 INFO: 03:02:09.995 [task-runner-1-2] [INFO ] q.lib.plugins.DetectionPluginTools - 0 nuclei detected (processing time: 6.74 seconds)
2024-10-23 03:02:09 INFO: 03:02:09.996 [main] [INFO ] q.l.p.CommandLineTaskRunner$CommandLineProgressMonitor - 0 nuclei detected (36%)
2024-10-23 03:02:10 INFO: 03:02:10.050 [task-runner-1-38] [INFO ] q.lib.plugins.DetectionPluginTools - 3315 nuclei detected (processing time: 21.19 seconds)
2024-10-23 03:02:10 INFO: 03:02:10.054 [main] [INFO ] q.l.p.CommandLineTaskRunner$CommandLineProgressMonitor - 3315 nuclei detected (37%)
2024-10-23 03:02:11 INFO: 03:02:11.146 [task-runner-1-3] [INFO ] q.lib.plugins.DetectionPluginTools - 326 nuclei detected (processing time: 7.90 seconds)
2024-10-23 03:02:11 INFO: 03:02:11.148 [main] [INFO ] q.l.p.CommandLineTaskRunner$CommandLineProgressMonitor - 326 nuclei detected (38%)
2024-10-23 03:02:11 INFO: 03:02:11.266 [task-runner-1-29] [INFO ] q.lib.plugins.DetectionPluginTools - 123 nuclei detected (processing time: 8.01 seconds)
2024-10-23 03:02:11 INFO: 03:02:11.269 [main] [INFO ] q.l.p.CommandLineTaskRunner$CommandLineProgressMonitor - 123 nuclei detected (38%)
2024-10-23 03:02:11 INFO: 03:02:11.311 [task-runner-1-1] [INFO ] q.lib.plugins.DetectionPluginTools - 104 nuclei detected (processing time: 8.07 seconds)
2024-10-23 03:02:11 INFO: 03:02:11.313 [main] [INFO ] q.l.p.CommandLineTaskRunner$CommandLineProgressMonitor - 104 nuclei detected (39%)
2024-10-23 03:02:11 INFO: 03:02:11.516 [task-runner-1-57] [INFO ] q.lib.plugins.DetectionPluginTools - 2482 nuclei detected (processing time: 22.65 seconds)
2024-10-23 03:02:11 INFO: 03:02:11.518 [main] [INFO ] q.l.p.CommandLineTaskRunner$CommandLineProgressMonitor - 2482 nuclei detected (39%)
2024-10-23 03:02:11 INFO: 03:02:11.609 [task-runner-1-37] [INFO ] q.lib.plugins.DetectionPluginTools - 4154 nuclei detected (processing time: 22.75 seconds)
2024-10-23 03:02:11 INFO: 03:02:11.610 [main] [INFO ] q.l.p.CommandLineTaskRunner$CommandLineProgressMonitor - 4154 nuclei detected (40%)
2024-10-23 03:02:11 INFO: 03:02:11.788 [task-runner-1-56] [INFO ] q.lib.plugins.DetectionPluginTools - 3118 nuclei detected (processing time: 22.92 seconds)
2024-10-23 03:02:11 INFO: 03:02:11.790 [main] [INFO ] q.l.p.CommandLineTaskRunner$CommandLineProgressMonitor - 3118 nuclei detected (41%)
2024-10-23 03:02:11 INFO: 03:02:11.826 [task-runner-1-17] [INFO ] q.lib.plugins.DetectionPluginTools - 100 nuclei detected (processing time: 8.57 seconds)
2024-10-23 03:02:11 INFO: 03:02:11.828 [main] [INFO ] q.l.p.CommandLineTaskRunner$CommandLineProgressMonitor - 100 nuclei detected (41%)
2024-10-23 03:02:11 INFO: 03:02:11.913 [task-runner-1-12] [INFO ] q.lib.plugins.DetectionPluginTools - 428 nuclei detected (processing time: 8.67 seconds)
2024-10-23 03:02:11 INFO: 03:02:11.914 [main] [INFO ] q.l.p.CommandLineTaskRunner$CommandLineProgressMonitor - 428 nuclei detected (42%)
2024-10-23 03:02:12 INFO: 03:02:12.062 [task-runner-1-55] [INFO ] q.lib.plugins.DetectionPluginTools - 2682 nuclei detected (processing time: 23.20 seconds)
2024-10-23 03:02:12 INFO: 03:02:12.064 [main] [INFO ] q.l.p.CommandLineTaskRunner$CommandLineProgressMonitor - 2682 nuclei detected (43%)
2024-10-23 03:02:12 INFO: 03:02:12.196 [task-runner-1-8] [INFO ] q.lib.plugins.DetectionPluginTools - 200 nuclei detected (processing time: 8.94 seconds)
2024-10-23 03:02:12 INFO: 03:02:12.197 [main] [INFO ] q.l.p.CommandLineTaskRunner$CommandLineProgressMonitor - 200 nuclei detected (43%)
2024-10-23 03:02:12 INFO: 03:02:12.263 [task-runner-1-63] [INFO ] q.lib.plugins.DetectionPluginTools - 3 nuclei detected (processing time: 7.07 seconds)
2024-10-23 03:02:12 INFO: 03:02:12.272 [main] [INFO ] q.l.p.CommandLineTaskRunner$CommandLineProgressMonitor - 3 nuclei detected (44%)
2024-10-23 03:02:12 INFO: 03:02:12.472 [task-runner-1-19] [INFO ] q.lib.plugins.DetectionPluginTools - 102 nuclei detected (processing time: 7.30 seconds)
2024-10-23 03:02:12 INFO: 03:02:12.482 [main] [INFO ] q.l.p.CommandLineTaskRunner$CommandLineProgressMonitor - 102 nuclei detected (44%)
2024-10-23 03:02:12 INFO: 03:02:12.660 [task-runner-1-54] [INFO ] q.lib.plugins.DetectionPluginTools - 4122 nuclei detected (processing time: 23.80 seconds)
2024-10-23 03:02:12 INFO: 03:02:12.662 [main] [INFO ] q.l.p.CommandLineTaskRunner$CommandLineProgressMonitor - 4122 nuclei detected (45%)
2024-10-23 03:02:13 INFO: 03:02:13.357 [task-runner-1-13] [INFO ] q.lib.plugins.DetectionPluginTools - 797 nuclei detected (processing time: 10.09 seconds)
2024-10-23 03:02:13 INFO: 03:02:13.359 [main] [INFO ] q.l.p.CommandLineTaskRunner$CommandLineProgressMonitor - 797 nuclei detected (46%)
2024-10-23 03:02:13 INFO: 03:02:13.433 [task-runner-1-35] [INFO ] q.lib.plugins.DetectionPluginTools - 136 nuclei detected (processing time: 8.11 seconds)
2024-10-23 03:02:13 INFO: 03:02:13.435 [main] [INFO ] q.l.p.CommandLineTaskRunner$CommandLineProgressMonitor - 136 nuclei detected (46%)
2024-10-23 03:02:13 INFO: 03:02:13.627 [task-runner-1-61] [INFO ] q.lib.plugins.DetectionPluginTools - 133 nuclei detected (processing time: 8.33 seconds)
2024-10-23 03:02:13 INFO: 03:02:13.629 [main] [INFO ] q.l.p.CommandLineTaskRunner$CommandLineProgressMonitor - 133 nuclei detected (47%)
2024-10-23 03:02:14 INFO: 03:02:14.113 [task-runner-1-10] [INFO ] q.lib.plugins.DetectionPluginTools - 704 nuclei detected (processing time: 10.86 seconds)
2024-10-23 03:02:14 INFO: 03:02:14.114 [main] [INFO ] q.l.p.CommandLineTaskRunner$CommandLineProgressMonitor - 704 nuclei detected (48%)
2024-10-23 03:02:14 INFO: 03:02:14.395 [task-runner-1-50] [INFO ] q.lib.plugins.DetectionPluginTools - 228 nuclei detected (processing time: 8.98 seconds)
2024-10-23 03:02:14 INFO: 03:02:14.397 [main] [INFO ] q.l.p.CommandLineTaskRunner$CommandLineProgressMonitor - 228 nuclei detected (48%)
2024-10-23 03:02:14 INFO: 03:02:14.528 [task-runner-1-36] [INFO ] q.lib.plugins.DetectionPluginTools - 41 nuclei detected (processing time: 7.57 seconds)
2024-10-23 03:02:14 INFO: 03:02:14.531 [main] [INFO ] q.l.p.CommandLineTaskRunner$CommandLineProgressMonitor - 41 nuclei detected (49%)
2024-10-23 03:02:14 INFO: 03:02:14.845 [task-runner-1-52] [INFO ] q.lib.plugins.DetectionPluginTools - 1 nucleus detected (processing time: 6.64 seconds)
2024-10-23 03:02:14 INFO: 03:02:14.847 [main] [INFO ] q.l.p.CommandLineTaskRunner$CommandLineProgressMonitor - 1 nucleus detected (49%)
2024-10-23 03:02:14 INFO: 03:02:14.912 [task-runner-1-53] [INFO ] q.lib.plugins.DetectionPluginTools - 5582 nuclei detected (processing time: 26.05 seconds)
2024-10-23 03:02:14 INFO: 03:02:14.913 [main] [INFO ] q.l.p.CommandLineTaskRunner$CommandLineProgressMonitor - 5582 nuclei detected (50%)
2024-10-23 03:02:15 INFO: 03:02:15.622 [task-runner-1-49] [INFO ] q.lib.plugins.DetectionPluginTools - 718 nuclei detected (processing time: 10.52 seconds)
2024-10-23 03:02:15 INFO: 03:02:15.625 [main] [INFO ] q.l.p.CommandLineTaskRunner$CommandLineProgressMonitor - 718 nuclei detected (51%)
2024-10-23 03:02:16 INFO: 03:02:15.998 [task-runner-1-41] [INFO ] q.lib.plugins.DetectionPluginTools - 230 nuclei detected (processing time: 7.50 seconds)
2024-10-23 03:02:16 INFO: 03:02:16.014 [main] [INFO ] q.l.p.CommandLineTaskRunner$CommandLineProgressMonitor - 230 nuclei detected (51%)
2024-10-23 03:02:16 INFO: 03:02:16.157 [task-runner-1-59] [INFO ] q.lib.plugins.DetectionPluginTools - 315 nuclei detected (processing time: 7.76 seconds)
2024-10-23 03:02:16 INFO: 03:02:16.160 [main] [INFO ] q.l.p.CommandLineTaskRunner$CommandLineProgressMonitor - 315 nuclei detected (52%)
2024-10-23 03:02:17 INFO: 03:02:17.168 [task-runner-1-37] [INFO ] q.lib.plugins.DetectionPluginTools - 0 nuclei detected (processing time: 5.56 seconds)
2024-10-23 03:02:17 INFO: 03:02:17.171 [main] [INFO ] q.l.p.CommandLineTaskRunner$CommandLineProgressMonitor - 0 nuclei detected (53%)
2024-10-23 03:02:17 INFO: 03:02:17.614 [task-runner-1-56] [INFO ] q.lib.plugins.DetectionPluginTools - 0 nuclei detected (processing time: 5.82 seconds)
2024-10-23 03:02:17 INFO: 03:02:17.851 [task-runner-1-27] [INFO ] q.lib.plugins.DetectionPluginTools - 1297 nuclei detected (processing time: 14.60 seconds)
2024-10-23 03:02:17 INFO: 03:02:17.852 [main] [INFO ] q.l.p.CommandLineTaskRunner$CommandLineProgressMonitor - 1297 nuclei detected (54%)
2024-10-23 03:02:18 INFO: 03:02:18.461 [task-runner-1-54] [INFO ] q.lib.plugins.DetectionPluginTools - 0 nuclei detected (processing time: 5.80 seconds)
2024-10-23 03:02:18 INFO: 03:02:18.464 [main] [INFO ] q.l.p.CommandLineTaskRunner$CommandLineProgressMonitor - 0 nuclei detected (54%)
2024-10-23 03:02:19 INFO: 03:02:19.438 [task-runner-1-55] [INFO ] q.lib.plugins.DetectionPluginTools - 106 nuclei detected (processing time: 7.37 seconds)
2024-10-23 03:02:19 INFO: 03:02:19.439 [main] [INFO ] q.l.p.CommandLineTaskRunner$CommandLineProgressMonitor - 106 nuclei detected (55%)
2024-10-23 03:02:19 INFO: 03:02:19.454 [task-runner-1-13] [INFO ] q.lib.plugins.DetectionPluginTools - 0 nuclei detected (processing time: 6.10 seconds)
2024-10-23 03:02:19 INFO: 03:02:19.456 [main] [INFO ] q.l.p.CommandLineTaskRunner$CommandLineProgressMonitor - 0 nuclei detected (56%)
2024-10-23 03:02:20 INFO: 03:02:20.004 [task-runner-1-35] [INFO ] q.lib.plugins.DetectionPluginTools - 23 nuclei detected (processing time: 6.57 seconds)
2024-10-23 03:02:20 INFO: 03:02:20.007 [main] [INFO ] q.l.p.CommandLineTaskRunner$CommandLineProgressMonitor - 23 nuclei detected (56%)
2024-10-23 03:02:20 INFO: 03:02:20.011 [task-runner-1-8] [INFO ] q.lib.plugins.DetectionPluginTools - 3 nuclei detected (processing time: 7.81 seconds)
2024-10-23 03:02:20 INFO: 03:02:20.012 [main] [INFO ] q.l.p.CommandLineTaskRunner$CommandLineProgressMonitor - 3 nuclei detected (57%)
2024-10-23 03:02:20 INFO: 03:02:20.251 [task-runner-1-17] [INFO ] q.lib.plugins.DetectionPluginTools - 96 nuclei detected (processing time: 8.42 seconds)
2024-10-23 03:02:20 INFO: 03:02:20.254 [main] [INFO ] q.l.p.CommandLineTaskRunner$CommandLineProgressMonitor - 96 nuclei detected (57%)
2024-10-23 03:02:20 INFO: 03:02:20.295 [task-runner-1-19] [INFO ] q.lib.plugins.DetectionPluginTools - 0 nuclei detected (processing time: 7.82 seconds)
2024-10-23 03:02:20 INFO: 03:02:20.297 [main] [INFO ] q.l.p.CommandLineTaskRunner$CommandLineProgressMonitor - 0 nuclei detected (58%)
2024-10-23 03:02:20 INFO: 03:02:20.327 [task-runner-1-63] [INFO ] q.lib.plugins.DetectionPluginTools - 11 nuclei detected (processing time: 8.05 seconds)
2024-10-23 03:02:20 INFO: 03:02:20.331 [main] [INFO ] q.l.p.CommandLineTaskRunner$CommandLineProgressMonitor - 11 nuclei detected (59%)
2024-10-23 03:02:20 INFO: 03:02:20.343 [task-runner-1-12] [INFO ] q.lib.plugins.DetectionPluginTools - 75 nuclei detected (processing time: 8.43 seconds)
2024-10-23 03:02:20 INFO: 03:02:20.345 [main] [INFO ] q.l.p.CommandLineTaskRunner$CommandLineProgressMonitor - 75 nuclei detected (59%)
2024-10-23 03:02:20 INFO: 03:02:20.677 [task-runner-1-42] [INFO ] q.lib.plugins.DetectionPluginTools - 291 nuclei detected (processing time: 12.06 seconds)
2024-10-23 03:02:20 INFO: 03:02:20.695 [main] [INFO ] q.l.p.CommandLineTaskRunner$CommandLineProgressMonitor - 291 nuclei detected (60%)
2024-10-23 03:02:20 INFO: 03:02:20.819 [task-runner-1-11] [INFO ] q.lib.plugins.DetectionPluginTools - 2278 nuclei detected (processing time: 17.57 seconds)
2024-10-23 03:02:20 INFO: 03:02:20.822 [task-runner-1-53] [INFO ] q.lib.plugins.DetectionPluginTools - 0 nuclei detected (processing time: 5.91 seconds)
2024-10-23 03:02:20 INFO: 03:02:20.823 [main] [INFO ] q.l.p.CommandLineTaskRunner$CommandLineProgressMonitor - 0 nuclei detected (61%)
2024-10-23 03:02:20 INFO: 03:02:20.824 [main] [INFO ] q.l.p.CommandLineTaskRunner$CommandLineProgressMonitor - 2278 nuclei detected (61%)
2024-10-23 03:02:21 INFO: 03:02:21.133 [task-runner-1-61] [INFO ] q.lib.plugins.DetectionPluginTools - 338 nuclei detected (processing time: 7.50 seconds)
2024-10-23 03:02:21 INFO: 03:02:21.134 [main] [INFO ] q.l.p.CommandLineTaskRunner$CommandLineProgressMonitor - 338 nuclei detected (62%)
2024-10-23 03:02:21 INFO: 03:02:21.156 [task-runner-1-52] [INFO ] q.lib.plugins.DetectionPluginTools - 0 nuclei detected (processing time: 6.31 seconds)
2024-10-23 03:02:21 INFO: 03:02:21.156 [main] [INFO ] q.l.p.CommandLineTaskRunner$CommandLineProgressMonitor - 0 nuclei detected (63%)
2024-10-23 03:02:21 INFO: 03:02:21.184 [task-runner-1-22] [INFO ] q.lib.plugins.DetectionPluginTools - 2053 nuclei detected (processing time: 14.90 seconds)
2024-10-23 03:02:21 INFO: 03:02:21.184 [main] [INFO ] q.l.p.CommandLineTaskRunner$CommandLineProgressMonitor - 2053 nuclei detected (63%)
2024-10-23 03:02:21 INFO: 03:02:21.427 [task-runner-1-57] [INFO ] q.lib.plugins.DetectionPluginTools - 1013 nuclei detected (processing time: 9.91 seconds)
2024-10-23 03:02:21 INFO: 03:02:21.427 [main] [INFO ] q.l.p.CommandLineTaskRunner$CommandLineProgressMonitor - 1013 nuclei detected (64%)
2024-10-23 03:02:21 INFO: 03:02:21.803 [task-runner-1-49] [INFO ] q.lib.plugins.DetectionPluginTools - 0 nuclei detected (processing time: 6.18 seconds)
2024-10-23 03:02:21 INFO: 03:02:21.803 [main] [INFO ] q.l.p.CommandLineTaskRunner$CommandLineProgressMonitor - 0 nuclei detected (64%)
2024-10-23 03:02:22 INFO: 03:02:22.389 [task-runner-1-41] [INFO ] q.lib.plugins.DetectionPluginTools - 8 nuclei detected (processing time: 6.38 seconds)
2024-10-23 03:02:22 INFO: 03:02:22.390 [main] [INFO ] q.l.p.CommandLineTaskRunner$CommandLineProgressMonitor - 8 nuclei detected (65%)
2024-10-23 03:02:22 INFO: 03:02:22.451 [task-runner-1-59] [INFO ] q.lib.plugins.DetectionPluginTools - 1 nucleus detected (processing time: 6.29 seconds)
2024-10-23 03:02:22 INFO: 03:02:22.452 [main] [INFO ] q.l.p.CommandLineTaskRunner$CommandLineProgressMonitor - 1 nucleus detected (66%)
2024-10-23 03:02:22 INFO: 03:02:22.505 [task-runner-1-58] [INFO ] q.lib.plugins.DetectionPluginTools - 1200 nuclei detected (processing time: 13.47 seconds)
2024-10-23 03:02:22 INFO: 03:02:22.505 [main] [INFO ] q.l.p.CommandLineTaskRunner$CommandLineProgressMonitor - 1200 nuclei detected (66%)
2024-10-23 03:02:22 INFO: 03:02:22.547 [task-runner-1-14] [INFO ] q.lib.plugins.DetectionPluginTools - 2777 nuclei detected (processing time: 19.30 seconds)
2024-10-23 03:02:22 INFO: 03:02:22.548 [main] [INFO ] q.l.p.CommandLineTaskRunner$CommandLineProgressMonitor - 2777 nuclei detected (67%)
2024-10-23 03:02:22 INFO: 03:02:22.970 [task-runner-1-15] [INFO ] q.lib.plugins.DetectionPluginTools - 2782 nuclei detected (processing time: 19.72 seconds)
2024-10-23 03:02:22 INFO: 03:02:22.971 [main] [INFO ] q.l.p.CommandLineTaskRunner$CommandLineProgressMonitor - 2782 nuclei detected (68%)
2024-10-23 03:02:23 INFO: 03:02:23.437 [task-runner-1-56] [INFO ] q.lib.plugins.DetectionPluginTools - 1 nucleus detected (processing time: 5.81 seconds)
2024-10-23 03:02:23 INFO: 03:02:23.438 [main] [INFO ] q.l.p.CommandLineTaskRunner$CommandLineProgressMonitor - 1 nucleus detected (68%)
2024-10-23 03:02:23 INFO: 03:02:23.526 [task-runner-1-30] [INFO ] q.lib.plugins.DetectionPluginTools - 2843 nuclei detected (processing time: 20.28 seconds)
2024-10-23 03:02:23 INFO: 03:02:23.527 [main] [INFO ] q.l.p.CommandLineTaskRunner$CommandLineProgressMonitor - 2843 nuclei detected (69%)
2024-10-23 03:02:23 INFO: 03:02:23.534 [task-runner-1-37] [INFO ] q.lib.plugins.DetectionPluginTools - 0 nuclei detected (processing time: 6.36 seconds)
2024-10-23 03:02:23 INFO: 03:02:23.534 [main] [INFO ] q.l.p.CommandLineTaskRunner$CommandLineProgressMonitor - 0 nuclei detected (69%)
2024-10-23 03:02:23 INFO: 03:02:23.543 [task-runner-1-39] [INFO ] q.lib.plugins.DetectionPluginTools - 1182 nuclei detected (processing time: 14.10 seconds)
2024-10-23 03:02:23 INFO: 03:02:23.544 [main] [INFO ] q.l.p.CommandLineTaskRunner$CommandLineProgressMonitor - 1182 nuclei detected (70%)
2024-10-23 03:02:23 INFO: 03:02:23.853 [task-runner-1-46] [INFO ] q.lib.plugins.DetectionPluginTools - 2156 nuclei detected (processing time: 18.85 seconds)
2024-10-23 03:02:23 INFO: 03:02:23.856 [main] [INFO ] q.l.p.CommandLineTaskRunner$CommandLineProgressMonitor - 2156 nuclei detected (71%)
2024-10-23 03:02:23 INFO: 03:02:23.886 [task-runner-1-27] [INFO ] q.lib.plugins.DetectionPluginTools - 1 nucleus detected (processing time: 6.03 seconds)
2024-10-23 03:02:23 INFO: 03:02:23.886 [main] [INFO ] q.l.p.CommandLineTaskRunner$CommandLineProgressMonitor - 1 nucleus detected (71%)
2024-10-23 03:02:23 INFO: 03:02:23.962 [task-runner-1-31] [INFO ] q.lib.plugins.DetectionPluginTools - 2391 nuclei detected (processing time: 19.04 seconds)
2024-10-23 03:02:23 INFO: 03:02:23.963 [main] [INFO ] q.l.p.CommandLineTaskRunner$CommandLineProgressMonitor - 2391 nuclei detected (72%)
2024-10-23 03:02:24 INFO: 03:02:24.232 [task-runner-1-48] [INFO ] q.lib.plugins.DetectionPluginTools - 3136 nuclei detected (processing time: 20.98 seconds)
2024-10-23 03:02:24 INFO: 03:02:24.232 [main] [INFO ] q.l.p.CommandLineTaskRunner$CommandLineProgressMonitor - 3136 nuclei detected (73%)
2024-10-23 03:02:24 INFO: 03:02:24.240 [task-runner-1-34] [INFO ] q.lib.plugins.DetectionPluginTools - 2352 nuclei detected (processing time: 18.55 seconds)
2024-10-23 03:02:24 INFO: 03:02:24.241 [main] [INFO ] q.l.p.CommandLineTaskRunner$CommandLineProgressMonitor - 2352 nuclei detected (73%)
2024-10-23 03:02:24 INFO: 03:02:24.276 [task-runner-1-28] [INFO ] q.lib.plugins.DetectionPluginTools - 2444 nuclei detected (processing time: 19.38 seconds)
2024-10-23 03:02:24 INFO: 03:02:24.277 [main] [INFO ] q.l.p.CommandLineTaskRunner$CommandLineProgressMonitor - 2444 nuclei detected (74%)
2024-10-23 03:02:24 INFO: 03:02:24.368 [task-runner-1-9] [INFO ] q.lib.plugins.DetectionPluginTools - 3255 nuclei detected (processing time: 21.12 seconds)
2024-10-23 03:02:24 INFO: 03:02:24.368 [main] [INFO ] q.l.p.CommandLineTaskRunner$CommandLineProgressMonitor - 3255 nuclei detected (74%)
2024-10-23 03:02:24 INFO: 03:02:24.417 [task-runner-1-16] [INFO ] q.lib.plugins.DetectionPluginTools - 3306 nuclei detected (processing time: 21.17 seconds)
2024-10-23 03:02:24 INFO: 03:02:24.417 [main] [INFO ] q.l.p.CommandLineTaskRunner$CommandLineProgressMonitor - 3306 nuclei detected (75%)
2024-10-23 03:02:24 INFO: 03:02:24.515 [task-runner-1-54] [INFO ] q.lib.plugins.DetectionPluginTools - 0 nuclei detected (processing time: 6.05 seconds)
2024-10-23 03:02:24 INFO: 03:02:24.516 [main] [INFO ] q.l.p.CommandLineTaskRunner$CommandLineProgressMonitor - 0 nuclei detected (76%)
2024-10-23 03:02:24 INFO: 03:02:24.718 [task-runner-1-18] [INFO ] q.lib.plugins.DetectionPluginTools - 2806 nuclei detected (processing time: 21.12 seconds)
2024-10-23 03:02:24 INFO: 03:02:24.719 [main] [INFO ] q.l.p.CommandLineTaskRunner$CommandLineProgressMonitor - 2806 nuclei detected (76%)
2024-10-23 03:02:24 INFO: 03:02:24.929 [task-runner-1-10] [INFO ] q.lib.plugins.DetectionPluginTools - 1423 nuclei detected (processing time: 10.81 seconds)
2024-10-23 03:02:24 INFO: 03:02:24.930 [main] [INFO ] q.l.p.CommandLineTaskRunner$CommandLineProgressMonitor - 1423 nuclei detected (77%)
2024-10-23 03:02:24 INFO: 03:02:24.967 [task-runner-1-21] [INFO ] q.lib.plugins.DetectionPluginTools - 1815 nuclei detected (processing time: 16.00 seconds)
2024-10-23 03:02:24 INFO: 03:02:24.968 [main] [INFO ] q.l.p.CommandLineTaskRunner$CommandLineProgressMonitor - 1815 nuclei detected (78%)
2024-10-23 03:02:25 INFO: 03:02:25.102 [task-runner-1-25] [INFO ] q.lib.plugins.DetectionPluginTools - 3049 nuclei detected (processing time: 19.65 seconds)
2024-10-23 03:02:25 INFO: 03:02:25.102 [main] [INFO ] q.l.p.CommandLineTaskRunner$CommandLineProgressMonitor - 3049 nuclei detected (78%)
2024-10-23 03:02:25 INFO: 03:02:25.125 [task-runner-1-44] [INFO ] q.lib.plugins.DetectionPluginTools - 2242 nuclei detected (processing time: 19.61 seconds)
2024-10-23 03:02:25 INFO: 03:02:25.126 [main] [INFO ] q.l.p.CommandLineTaskRunner$CommandLineProgressMonitor - 2242 nuclei detected (79%)
2024-10-23 03:02:25 INFO: 03:02:25.135 [task-runner-1-55] [INFO ] q.lib.plugins.DetectionPluginTools - 1 nucleus detected (processing time: 5.70 seconds)
2024-10-23 03:02:25 INFO: 03:02:25.135 [main] [INFO ] q.l.p.CommandLineTaskRunner$CommandLineProgressMonitor - 1 nucleus detected (79%)
2024-10-23 03:02:25 INFO: 03:02:25.190 [task-runner-1-6] [INFO ] q.lib.plugins.DetectionPluginTools - 2697 nuclei detected (processing time: 21.91 seconds)
2024-10-23 03:02:25 INFO: 03:02:25.191 [main] [INFO ] q.l.p.CommandLineTaskRunner$CommandLineProgressMonitor - 2697 nuclei detected (80%)
2024-10-23 03:02:25 INFO: 03:02:25.234 [task-runner-1-47] [INFO ] q.lib.plugins.DetectionPluginTools - 2998 nuclei detected (processing time: 21.95 seconds)
2024-10-23 03:02:25 INFO: 03:02:25.235 [main] [INFO ] q.l.p.CommandLineTaskRunner$CommandLineProgressMonitor - 2998 nuclei detected (81%)
2024-10-23 03:02:25 INFO: 03:02:25.262 [task-runner-1-33] [INFO ] q.lib.plugins.DetectionPluginTools - 2362 nuclei detected (processing time: 19.84 seconds)
2024-10-23 03:02:25 INFO: 03:02:25.263 [main] [INFO ] q.l.p.CommandLineTaskRunner$CommandLineProgressMonitor - 2362 nuclei detected (81%)
2024-10-23 03:02:25 INFO: 03:02:25.318 [task-runner-1-5] [INFO ] q.lib.plugins.DetectionPluginTools - 3304 nuclei detected (processing time: 21.81 seconds)
2024-10-23 03:02:25 INFO: 03:02:25.319 [main] [INFO ] q.l.p.CommandLineTaskRunner$CommandLineProgressMonitor - 3304 nuclei detected (82%)
2024-10-23 03:02:25 INFO: 03:02:25.481 [task-runner-1-19] [INFO ] q.lib.plugins.DetectionPluginTools - 0 nuclei detected (processing time: 5.18 seconds)
2024-10-23 03:02:25 INFO: 03:02:25.481 [main] [INFO ] q.l.p.CommandLineTaskRunner$CommandLineProgressMonitor - 0 nuclei detected (83%)
2024-10-23 03:02:25 INFO: 03:02:25.504 [task-runner-1-45] [INFO ] q.lib.plugins.DetectionPluginTools - 3273 nuclei detected (processing time: 21.97 seconds)
2024-10-23 03:02:25 INFO: 03:02:25.504 [main] [INFO ] q.l.p.CommandLineTaskRunner$CommandLineProgressMonitor - 3273 nuclei detected (83%)
2024-10-23 03:02:25 INFO: 03:02:25.543 [task-runner-1-8] [INFO ] q.lib.plugins.DetectionPluginTools - 1 nucleus detected (processing time: 5.53 seconds)
2024-10-23 03:02:25 INFO: 03:02:25.543 [main] [INFO ] q.l.p.CommandLineTaskRunner$CommandLineProgressMonitor - 1 nucleus detected (84%)
2024-10-23 03:02:25 INFO: 03:02:25.566 [task-runner-1-17] [INFO ] q.lib.plugins.DetectionPluginTools - 0 nuclei detected (processing time: 5.31 seconds)
2024-10-23 03:02:25 INFO: 03:02:25.566 [main] [INFO ] q.l.p.CommandLineTaskRunner$CommandLineProgressMonitor - 0 nuclei detected (84%)
2024-10-23 03:02:25 INFO: 03:02:25.575 [task-runner-1-42] [INFO ] q.lib.plugins.DetectionPluginTools - 0 nuclei detected (processing time: 4.88 seconds)
2024-10-23 03:02:25 INFO: 03:02:25.575 [main] [INFO ] q.l.p.CommandLineTaskRunner$CommandLineProgressMonitor - 0 nuclei detected (85%)
2024-10-23 03:02:25 INFO: 03:02:25.617 [task-runner-1-53] [INFO ] q.lib.plugins.DetectionPluginTools - 0 nuclei detected (processing time: 4.80 seconds)
2024-10-23 03:02:25 INFO: 03:02:25.617 [main] [INFO ] q.l.p.CommandLineTaskRunner$CommandLineProgressMonitor - 0 nuclei detected (86%)
2024-10-23 03:02:25 INFO: 03:02:25.717 [task-runner-1-13] [INFO ] q.lib.plugins.DetectionPluginTools - 1 nucleus detected (processing time: 6.26 seconds)
2024-10-23 03:02:25 INFO: 03:02:25.717 [main] [INFO ] q.l.p.CommandLineTaskRunner$CommandLineProgressMonitor - 1 nucleus detected (86%)
2024-10-23 03:02:25 INFO: 03:02:25.764 [task-runner-1-35] [INFO ] q.lib.plugins.DetectionPluginTools - 0 nuclei detected (processing time: 5.76 seconds)
2024-10-23 03:02:25 INFO: 03:02:25.764 [main] [INFO ] q.l.p.CommandLineTaskRunner$CommandLineProgressMonitor - 0 nuclei detected (87%)
2024-10-23 03:02:25 INFO: 03:02:25.781 [task-runner-1-7] [INFO ] q.lib.plugins.DetectionPluginTools - 2656 nuclei detected (processing time: 16.29 seconds)
2024-10-23 03:02:25 INFO: 03:02:25.782 [main] [INFO ] q.l.p.CommandLineTaskRunner$CommandLineProgressMonitor - 2656 nuclei detected (88%)
2024-10-23 03:02:25 INFO: 03:02:25.834 [task-runner-1-40] [INFO ] q.lib.plugins.DetectionPluginTools - 1074 nuclei detected (processing time: 17.20 seconds)
2024-10-23 03:02:25 INFO: 03:02:25.834 [main] [INFO ] q.l.p.CommandLineTaskRunner$CommandLineProgressMonitor - 1074 nuclei detected (88%)
2024-10-23 03:02:25 INFO: 03:02:25.854 [task-runner-1-20] [INFO ] q.lib.plugins.DetectionPluginTools - 2863 nuclei detected (processing time: 20.04 seconds)
2024-10-23 03:02:25 INFO: 03:02:25.854 [main] [INFO ] q.l.p.CommandLineTaskRunner$CommandLineProgressMonitor - 2863 nuclei detected (89%)
2024-10-23 03:02:25 INFO: 03:02:25.890 [task-runner-1-32] [INFO ] q.lib.plugins.DetectionPluginTools - 6104 nuclei detected (processing time: 22.64 seconds)
2024-10-23 03:02:25 INFO: 03:02:25.890 [main] [INFO ] q.l.p.CommandLineTaskRunner$CommandLineProgressMonitor - 6104 nuclei detected (89%)
2024-10-23 03:02:25 INFO: 03:02:25.939 [task-runner-1-63] [INFO ] q.lib.plugins.DetectionPluginTools - 0 nuclei detected (processing time: 5.61 seconds)
2024-10-23 03:02:25 INFO: 03:02:25.940 [main] [INFO ] q.l.p.CommandLineTaskRunner$CommandLineProgressMonitor - 0 nuclei detected (90%)
2024-10-23 03:02:25 INFO: 03:02:25.974 [task-runner-1-23] [INFO ] q.lib.plugins.DetectionPluginTools - 2899 nuclei detected (processing time: 20.00 seconds)
2024-10-23 03:02:25 INFO: 03:02:25.974 [main] [INFO ] q.l.p.CommandLineTaskRunner$CommandLineProgressMonitor - 2899 nuclei detected (91%)
2024-10-23 03:02:25 INFO: 03:02:25.994 [task-runner-1-12] [INFO ] q.lib.plugins.DetectionPluginTools - 0 nuclei detected (processing time: 5.65 seconds)
2024-10-23 03:02:25 INFO: 03:02:25.994 [main] [INFO ] q.l.p.CommandLineTaskRunner$CommandLineProgressMonitor - 0 nuclei detected (91%)
2024-10-23 03:02:26 INFO: 03:02:26.177 [task-runner-1-43] [INFO ] q.lib.plugins.DetectionPluginTools - 2884 nuclei detected (processing time: 20.23 seconds)
2024-10-23 03:02:26 INFO: 03:02:26.178 [main] [INFO ] q.l.p.CommandLineTaskRunner$CommandLineProgressMonitor - 2884 nuclei detected (92%)
2024-10-23 03:02:26 INFO: 03:02:26.235 [task-runner-1-62] [INFO ] q.lib.plugins.DetectionPluginTools - 3303 nuclei detected (processing time: 22.64 seconds)
2024-10-23 03:02:26 INFO: 03:02:26.236 [main] [INFO ] q.l.p.CommandLineTaskRunner$CommandLineProgressMonitor - 3303 nuclei detected (93%)
2024-10-23 03:02:26 INFO: 03:02:26.269 [task-runner-1-50] [INFO ] q.lib.plugins.DetectionPluginTools - 1931 nuclei detected (processing time: 11.87 seconds)
2024-10-23 03:02:26 INFO: 03:02:26.269 [main] [INFO ] q.l.p.CommandLineTaskRunner$CommandLineProgressMonitor - 1931 nuclei detected (93%)
2024-10-23 03:02:26 INFO: 03:02:26.294 [task-runner-1-24] [INFO ] q.lib.plugins.DetectionPluginTools - 3180 nuclei detected (processing time: 20.27 seconds)
2024-10-23 03:02:26 INFO: 03:02:26.295 [main] [INFO ] q.l.p.CommandLineTaskRunner$CommandLineProgressMonitor - 3180 nuclei detected (94%)
2024-10-23 03:02:26 INFO: 03:02:26.432 [task-runner-1-26] [INFO ] q.lib.plugins.DetectionPluginTools - 4128 nuclei detected (processing time: 22.98 seconds)
2024-10-23 03:02:26 INFO: 03:02:26.433 [main] [INFO ] q.l.p.CommandLineTaskRunner$CommandLineProgressMonitor - 4128 nuclei detected (94%)
2024-10-23 03:02:26 INFO: 03:02:26.519 [task-runner-1-36] [INFO ] q.lib.plugins.DetectionPluginTools - 2372 nuclei detected (processing time: 11.99 seconds)
2024-10-23 03:02:26 INFO: 03:02:26.519 [main] [INFO ] q.l.p.CommandLineTaskRunner$CommandLineProgressMonitor - 2372 nuclei detected (95%)
2024-10-23 03:02:26 INFO: 03:02:26.542 [task-runner-1-51] [INFO ] q.lib.plugins.DetectionPluginTools - 3588 nuclei detected (processing time: 20.57 seconds)
2024-10-23 03:02:26 INFO: 03:02:26.543 [main] [INFO ] q.l.p.CommandLineTaskRunner$CommandLineProgressMonitor - 3588 nuclei detected (96%)
2024-10-23 03:02:26 INFO: 03:02:26.561 [task-runner-1-4] [INFO ] q.lib.plugins.DetectionPluginTools - 4834 nuclei detected (processing time: 23.32 seconds)
2024-10-23 03:02:26 INFO: 03:02:26.561 [main] [INFO ] q.l.p.CommandLineTaskRunner$CommandLineProgressMonitor - 4834 nuclei detected (96%)
2024-10-23 03:02:26 INFO: 03:02:26.816 [task-runner-1-60] [INFO ] q.lib.plugins.DetectionPluginTools - 4143 nuclei detected (processing time: 20.59 seconds)
2024-10-23 03:02:26 INFO: 03:02:26.816 [main] [INFO ] q.l.p.CommandLineTaskRunner$CommandLineProgressMonitor - 4143 nuclei detected (97%)
2024-10-23 03:02:26 INFO: 03:02:26.839 [task-runner-1-2] [INFO ] q.lib.plugins.DetectionPluginTools - 3379 nuclei detected (processing time: 16.84 seconds)
2024-10-23 03:02:26 INFO: 03:02:26.839 [main] [INFO ] q.l.p.CommandLineTaskRunner$CommandLineProgressMonitor - 3379 nuclei detected (98%)
2024-10-23 03:02:27 INFO: 03:02:27.839 [task-runner-1-29] [INFO ] q.lib.plugins.DetectionPluginTools - 4560 nuclei detected (processing time: 16.57 seconds)
2024-10-23 03:02:27 INFO: 03:02:27.840 [main] [INFO ] q.l.p.CommandLineTaskRunner$CommandLineProgressMonitor - 4560 nuclei detected (98%)
2024-10-23 03:02:27 INFO: 03:02:27.974 [task-runner-1-38] [INFO ] q.lib.plugins.DetectionPluginTools - 4493 nuclei detected (processing time: 17.92 seconds)
2024-10-23 03:02:27 INFO: 03:02:27.975 [main] [INFO ] q.l.p.CommandLineTaskRunner$CommandLineProgressMonitor - 4493 nuclei detected (99%)
2024-10-23 03:02:28 INFO: 03:02:28.201 [task-runner-1-1] [INFO ] q.lib.plugins.DetectionPluginTools - 3970 nuclei detected (processing time: 16.89 seconds)
2024-10-23 03:02:28 INFO: 03:02:28.202 [main] [INFO ] q.l.p.CommandLineTaskRunner$CommandLineProgressMonitor - 3970 nuclei detected (99%)
2024-10-23 03:02:28 INFO: 03:02:28.726 [task-runner-1-3] [INFO ] q.lib.plugins.DetectionPluginTools - 4765 nuclei detected (processing time: 17.58 seconds)
2024-10-23 03:02:28 INFO: 03:02:28.727 [main] [INFO ] q.l.p.CommandLineTaskRunner$CommandLineProgressMonitor - 4765 nuclei detected (100%)
2024-10-23 03:02:28 INFO: 03:02:28.728 [main] [INFO ] q.l.p.CommandLineTaskRunner$CommandLineProgressMonitor - Processing complete in 39.88 seconds
2024-10-23 03:02:28 INFO: 03:02:28.728 [main] [INFO ] q.l.p.CommandLineTaskRunner$CommandLineProgressMonitor - Tasks completed!
2024-10-23 03:02:37 INFO: 03:02:37.137 [main] [WARN ] q.l.p.objects.SmoothFeaturesPlugin - Smoothing using annotations
2024-10-23 03:02:40 INFO: 03:02:40.264 [main] [INFO ] q.l.p.CommandLineTaskRunner$CommandLineProgressMonitor - Completed (100%)
2024-10-23 03:02:40 INFO: 03:02:40.264 [main] [INFO ] q.l.p.CommandLineTaskRunner$CommandLineProgressMonitor - Processing complete in 3.13 seconds
2024-10-23 03:02:40 INFO: 03:02:40.264 [main] [INFO ] q.l.p.CommandLineTaskRunner$CommandLineProgressMonitor - Tasks completed!
2024-10-23 03:02:40 INFO: 03:02:40.266 [main] [WARN ] q.l.p.objects.SmoothFeaturesPlugin - Smoothing using annotations
2024-10-23 03:02:45 INFO: 03:02:45.681 [main] [INFO ] q.l.p.CommandLineTaskRunner$CommandLineProgressMonitor - Completed (100%)
2024-10-23 03:02:45 INFO: 03:02:45.682 [main] [INFO ] q.l.p.CommandLineTaskRunner$CommandLineProgressMonitor - Processing complete in 5.42 seconds
2024-10-23 03:02:45 INFO: 03:02:45.682 [main] [INFO ] q.l.p.CommandLineTaskRunner$CommandLineProgressMonitor - Tasks completed!
2024-10-23 03:02:45 INFO: 03:02:45.683 [main] [WARN ] q.l.p.objects.SmoothFeaturesPlugin - Smoothing using annotations
2024-10-23 03:02:58 INFO: 03:02:58.683 [main] [INFO ] q.l.p.CommandLineTaskRunner$CommandLineProgressMonitor - Completed (100%)
2024-10-23 03:02:58 INFO: 03:02:58.683 [main] [INFO ] q.l.p.CommandLineTaskRunner$CommandLineProgressMonitor - Processing complete in 13.00 seconds
2024-10-23 03:02:58 INFO: 03:02:58.683 [main] [INFO ] q.l.p.CommandLineTaskRunner$CommandLineProgressMonitor - Tasks completed!
2024-10-23 03:02:58 INFO: 03:02:58.863 [task-runner-5-2] [INFO ] q.l.a.IntensityFeaturesPlugin - Splitting Rectangle (0, 0, 63784, 39311) into 40 tiles for intensity measurements
2024-10-23 03:02:58 INFO: 03:02:58.959 [main] [INFO ] q.l.p.CommandLineTaskRunner$CommandLineProgressMonitor - Completed (0%)
2024-10-23 03:02:59 INFO: 03:02:59.623 [main] [INFO ] q.l.p.CommandLineTaskRunner$CommandLineProgressMonitor - Completed (1%)
2024-10-23 03:03:00 INFO: 03:03:00.026 [main] [INFO ] q.l.p.CommandLineTaskRunner$CommandLineProgressMonitor - Completed (2%)
2024-10-23 03:03:00 INFO: 03:03:00.278 [main] [INFO ] q.l.p.CommandLineTaskRunner$CommandLineProgressMonitor - Completed (3%)
2024-10-23 03:03:00 INFO: 03:03:00.415 [main] [INFO ] q.l.p.CommandLineTaskRunner$CommandLineProgressMonitor - Completed (4%)
2024-10-23 03:03:00 INFO: 03:03:00.541 [main] [INFO ] q.l.p.CommandLineTaskRunner$CommandLineProgressMonitor - Completed (5%)
2024-10-23 03:03:00 INFO: 03:03:00.653 [main] [INFO ] q.l.p.CommandLineTaskRunner$CommandLineProgressMonitor - Completed (6%)
2024-10-23 03:03:00 INFO: 03:03:00.735 [main] [INFO ] q.l.p.CommandLineTaskRunner$CommandLineProgressMonitor - Completed (7%)
2024-10-23 03:03:01 INFO: 03:03:01.102 [main] [INFO ] q.l.p.CommandLineTaskRunner$CommandLineProgressMonitor - Completed (8%)
2024-10-23 03:03:01 INFO: 03:03:01.199 [main] [INFO ] q.l.p.CommandLineTaskRunner$CommandLineProgressMonitor - Completed (9%)
2024-10-23 03:03:01 INFO: 03:03:01.294 [main] [INFO ] q.l.p.CommandLineTaskRunner$CommandLineProgressMonitor - Completed (10%)
2024-10-23 03:03:01 INFO: 03:03:01.394 [main] [INFO ] q.l.p.CommandLineTaskRunner$CommandLineProgressMonitor - Completed (11%)
2024-10-23 03:03:01 INFO: 03:03:01.493 [main] [INFO ] q.l.p.CommandLineTaskRunner$CommandLineProgressMonitor - Completed (12%)
2024-10-23 03:03:01 INFO: 03:03:01.591 [main] [INFO ] q.l.p.CommandLineTaskRunner$CommandLineProgressMonitor - Completed (13%)
2024-10-23 03:03:01 INFO: 03:03:01.688 [main] [INFO ] q.l.p.CommandLineTaskRunner$CommandLineProgressMonitor - Completed (14%)
2024-10-23 03:03:01 INFO: 03:03:01.794 [main] [INFO ] q.l.p.CommandLineTaskRunner$CommandLineProgressMonitor - Completed (15%)
2024-10-23 03:03:01 INFO: 03:03:01.921 [main] [INFO ] q.l.p.CommandLineTaskRunner$CommandLineProgressMonitor - Completed (16%)
2024-10-23 03:03:02 INFO: 03:03:02.040 [main] [INFO ] q.l.p.CommandLineTaskRunner$CommandLineProgressMonitor - Completed (17%)
2024-10-23 03:03:02 INFO: 03:03:02.125 [main] [INFO ] q.l.p.CommandLineTaskRunner$CommandLineProgressMonitor - Completed (18%)
2024-10-23 03:03:02 INFO: 03:03:02.203 [main] [INFO ] q.l.p.CommandLineTaskRunner$CommandLineProgressMonitor - Completed (19%)
2024-10-23 03:03:02 INFO: 03:03:02.281 [main] [INFO ] q.l.p.CommandLineTaskRunner$CommandLineProgressMonitor - Completed (20%)
2024-10-23 03:03:02 INFO: 03:03:02.379 [main] [INFO ] q.l.p.CommandLineTaskRunner$CommandLineProgressMonitor - Completed (21%)
2024-10-23 03:03:02 INFO: 03:03:02.749 [main] [INFO ] q.l.p.CommandLineTaskRunner$CommandLineProgressMonitor - Completed (22%)
2024-10-23 03:03:02 INFO: 03:03:02.849 [main] [INFO ] q.l.p.CommandLineTaskRunner$CommandLineProgressMonitor - Completed (23%)
2024-10-23 03:03:02 INFO: 03:03:02.943 [main] [INFO ] q.l.p.CommandLineTaskRunner$CommandLineProgressMonitor - Completed (24%)
2024-10-23 03:03:03 INFO: 03:03:03.045 [main] [INFO ] q.l.p.CommandLineTaskRunner$CommandLineProgressMonitor - Completed (25%)
2024-10-23 03:03:03 INFO: 03:03:03.145 [main] [INFO ] q.l.p.CommandLineTaskRunner$CommandLineProgressMonitor - Completed (26%)
2024-10-23 03:03:03 INFO: 03:03:03.239 [main] [INFO ] q.l.p.CommandLineTaskRunner$CommandLineProgressMonitor - Completed (27%)
2024-10-23 03:03:03 INFO: 03:03:03.339 [main] [INFO ] q.l.p.CommandLineTaskRunner$CommandLineProgressMonitor - Completed (28%)
2024-10-23 03:03:03 INFO: 03:03:03.432 [main] [INFO ] q.l.p.CommandLineTaskRunner$CommandLineProgressMonitor - Completed (29%)
2024-10-23 03:03:03 INFO: 03:03:03.741 [main] [INFO ] q.l.p.CommandLineTaskRunner$CommandLineProgressMonitor - Completed (30%)
2024-10-23 03:03:04 INFO: 03:03:04.099 [main] [INFO ] q.l.p.CommandLineTaskRunner$CommandLineProgressMonitor - Completed (31%)
2024-10-23 03:03:04 INFO: 03:03:04.192 [main] [INFO ] q.l.p.CommandLineTaskRunner$CommandLineProgressMonitor - Completed (32%)
2024-10-23 03:03:04 INFO: 03:03:04.284 [main] [INFO ] q.l.p.CommandLineTaskRunner$CommandLineProgressMonitor - Completed (33%)
2024-10-23 03:03:04 INFO: 03:03:04.374 [main] [INFO ] q.l.p.CommandLineTaskRunner$CommandLineProgressMonitor - Completed (34%)
2024-10-23 03:03:04 INFO: 03:03:04.473 [main] [INFO ] q.l.p.CommandLineTaskRunner$CommandLineProgressMonitor - Completed (35%)
2024-10-23 03:03:04 INFO: 03:03:04.562 [main] [INFO ] q.l.p.CommandLineTaskRunner$CommandLineProgressMonitor - Completed (36%)
2024-10-23 03:03:04 INFO: 03:03:04.647 [main] [INFO ] q.l.p.CommandLineTaskRunner$CommandLineProgressMonitor - Completed (37%)
2024-10-23 03:03:04 INFO: 03:03:04.733 [main] [INFO ] q.l.p.CommandLineTaskRunner$CommandLineProgressMonitor - Completed (38%)
2024-10-23 03:03:04 INFO: 03:03:04.819 [main] [INFO ] q.l.p.CommandLineTaskRunner$CommandLineProgressMonitor - Completed (39%)
2024-10-23 03:03:04 INFO: 03:03:04.906 [main] [INFO ] q.l.p.CommandLineTaskRunner$CommandLineProgressMonitor - Completed (40%)
2024-10-23 03:03:04 INFO: 03:03:04.997 [main] [INFO ] q.l.p.CommandLineTaskRunner$CommandLineProgressMonitor - Completed (41%)
2024-10-23 03:03:05 INFO: 03:03:05.085 [main] [INFO ] q.l.p.CommandLineTaskRunner$CommandLineProgressMonitor - Completed (42%)
2024-10-23 03:03:05 INFO: 03:03:05.174 [main] [INFO ] q.l.p.CommandLineTaskRunner$CommandLineProgressMonitor - Completed (43%)
2024-10-23 03:03:05 INFO: 03:03:05.258 [main] [INFO ] q.l.p.CommandLineTaskRunner$CommandLineProgressMonitor - Completed (44%)
2024-10-23 03:03:05 INFO: 03:03:05.351 [main] [INFO ] q.l.p.CommandLineTaskRunner$CommandLineProgressMonitor - Completed (45%)
2024-10-23 03:03:05 INFO: 03:03:05.461 [main] [INFO ] q.l.p.CommandLineTaskRunner$CommandLineProgressMonitor - Completed (46%)
2024-10-23 03:03:05 INFO: 03:03:05.610 [main] [INFO ] q.l.p.CommandLineTaskRunner$CommandLineProgressMonitor - Completed (47%)
2024-10-23 03:03:05 INFO: 03:03:05.974 [main] [INFO ] q.l.p.CommandLineTaskRunner$CommandLineProgressMonitor - Completed (48%)
2024-10-23 03:03:06 INFO: 03:03:06.079 [main] [INFO ] q.l.p.CommandLineTaskRunner$CommandLineProgressMonitor - Completed (49%)
2024-10-23 03:03:06 INFO: 03:03:06.173 [main] [INFO ] q.l.p.CommandLineTaskRunner$CommandLineProgressMonitor - Completed (50%)
2024-10-23 03:03:06 INFO: 03:03:06.275 [main] [INFO ] q.l.p.CommandLineTaskRunner$CommandLineProgressMonitor - Completed (51%)
2024-10-23 03:03:06 INFO: 03:03:06.363 [main] [INFO ] q.l.p.CommandLineTaskRunner$CommandLineProgressMonitor - Completed (52%)
2024-10-23 03:03:06 INFO: 03:03:06.461 [main] [INFO ] q.l.p.CommandLineTaskRunner$CommandLineProgressMonitor - Completed (53%)
2024-10-23 03:03:06 INFO: 03:03:06.546 [main] [INFO ] q.l.p.CommandLineTaskRunner$CommandLineProgressMonitor - Completed (54%)
2024-10-23 03:03:06 INFO: 03:03:06.635 [main] [INFO ] q.l.p.CommandLineTaskRunner$CommandLineProgressMonitor - Completed (55%)
2024-10-23 03:03:06 INFO: 03:03:06.717 [main] [INFO ] q.l.p.CommandLineTaskRunner$CommandLineProgressMonitor - Completed (56%)
2024-10-23 03:03:06 INFO: 03:03:06.809 [main] [INFO ] q.l.p.CommandLineTaskRunner$CommandLineProgressMonitor - Completed (57%)
2024-10-23 03:03:06 INFO: 03:03:06.895 [main] [INFO ] q.l.p.CommandLineTaskRunner$CommandLineProgressMonitor - Completed (58%)
2024-10-23 03:03:06 INFO: 03:03:06.980 [main] [INFO ] q.l.p.CommandLineTaskRunner$CommandLineProgressMonitor - Completed (59%)
2024-10-23 03:03:07 INFO: 03:03:07.068 [main] [INFO ] q.l.p.CommandLineTaskRunner$CommandLineProgressMonitor - Completed (60%)
2024-10-23 03:03:07 INFO: 03:03:07.161 [main] [INFO ] q.l.p.CommandLineTaskRunner$CommandLineProgressMonitor - Completed (61%)
2024-10-23 03:03:07 INFO: 03:03:07.249 [main] [INFO ] q.l.p.CommandLineTaskRunner$CommandLineProgressMonitor - Completed (62%)
2024-10-23 03:03:07 INFO: 03:03:07.336 [main] [INFO ] q.l.p.CommandLineTaskRunner$CommandLineProgressMonitor - Completed (63%)
2024-10-23 03:03:07 INFO: 03:03:07.442 [main] [INFO ] q.l.p.CommandLineTaskRunner$CommandLineProgressMonitor - Completed (64%)
2024-10-23 03:03:07 INFO: 03:03:07.546 [main] [INFO ] q.l.p.CommandLineTaskRunner$CommandLineProgressMonitor - Completed (65%)
2024-10-23 03:03:07 INFO: 03:03:07.789 [main] [INFO ] q.l.p.CommandLineTaskRunner$CommandLineProgressMonitor - Completed (66%)
2024-10-23 03:03:07 INFO: 03:03:07.889 [main] [INFO ] q.l.p.CommandLineTaskRunner$CommandLineProgressMonitor - Completed (67%)
2024-10-23 03:03:07 INFO: 03:03:07.991 [main] [INFO ] q.l.p.CommandLineTaskRunner$CommandLineProgressMonitor - Completed (68%)
2024-10-23 03:03:08 INFO: 03:03:08.088 [main] [INFO ] q.l.p.CommandLineTaskRunner$CommandLineProgressMonitor - Completed (69%)
2024-10-23 03:03:08 INFO: 03:03:08.187 [main] [INFO ] q.l.p.CommandLineTaskRunner$CommandLineProgressMonitor - Completed (70%)
2024-10-23 03:03:08 INFO: 03:03:08.278 [main] [INFO ] q.l.p.CommandLineTaskRunner$CommandLineProgressMonitor - Completed (71%)
2024-10-23 03:03:08 INFO: 03:03:08.368 [main] [INFO ] q.l.p.CommandLineTaskRunner$CommandLineProgressMonitor - Completed (72%)
2024-10-23 03:03:08 INFO: 03:03:08.462 [main] [INFO ] q.l.p.CommandLineTaskRunner$CommandLineProgressMonitor - Completed (73%)
2024-10-23 03:03:08 INFO: 03:03:08.547 [main] [INFO ] q.l.p.CommandLineTaskRunner$CommandLineProgressMonitor - Completed (74%)
2024-10-23 03:03:08 INFO: 03:03:08.639 [main] [INFO ] q.l.p.CommandLineTaskRunner$CommandLineProgressMonitor - Completed (75%)
2024-10-23 03:03:08 INFO: 03:03:08.725 [main] [INFO ] q.l.p.CommandLineTaskRunner$CommandLineProgressMonitor - Completed (76%)
2024-10-23 03:03:08 INFO: 03:03:08.810 [main] [INFO ] q.l.p.CommandLineTaskRunner$CommandLineProgressMonitor - Completed (77%)
2024-10-23 03:03:08 INFO: 03:03:08.892 [main] [INFO ] q.l.p.CommandLineTaskRunner$CommandLineProgressMonitor - Completed (78%)
2024-10-23 03:03:08 INFO: 03:03:08.977 [main] [INFO ] q.l.p.CommandLineTaskRunner$CommandLineProgressMonitor - Completed (79%)
2024-10-23 03:03:09 INFO: 03:03:09.068 [main] [INFO ] q.l.p.CommandLineTaskRunner$CommandLineProgressMonitor - Completed (80%)
2024-10-23 03:03:09 INFO: 03:03:09.168 [main] [INFO ] q.l.p.CommandLineTaskRunner$CommandLineProgressMonitor - Completed (81%)
2024-10-23 03:03:09 INFO: 03:03:09.284 [main] [INFO ] q.l.p.CommandLineTaskRunner$CommandLineProgressMonitor - Completed (82%)
2024-10-23 03:03:09 INFO: 03:03:09.372 [main] [INFO ] q.l.p.CommandLineTaskRunner$CommandLineProgressMonitor - Completed (83%)
2024-10-23 03:03:09 INFO: 03:03:09.464 [main] [INFO ] q.l.p.CommandLineTaskRunner$CommandLineProgressMonitor - Completed (84%)
2024-10-23 03:03:09 INFO: 03:03:09.550 [main] [INFO ] q.l.p.CommandLineTaskRunner$CommandLineProgressMonitor - Completed (85%)
2024-10-23 03:03:09 INFO: 03:03:09.675 [main] [INFO ] q.l.p.CommandLineTaskRunner$CommandLineProgressMonitor - Completed (86%)
2024-10-23 03:03:09 INFO: 03:03:09.889 [main] [INFO ] q.l.p.CommandLineTaskRunner$CommandLineProgressMonitor - Completed (87%)
2024-10-23 03:03:09 INFO: 03:03:09.986 [main] [INFO ] q.l.p.CommandLineTaskRunner$CommandLineProgressMonitor - Completed (88%)
2024-10-23 03:03:10 INFO: 03:03:10.079 [main] [INFO ] q.l.p.CommandLineTaskRunner$CommandLineProgressMonitor - Completed (89%)
2024-10-23 03:03:10 INFO: 03:03:10.173 [main] [INFO ] q.l.p.CommandLineTaskRunner$CommandLineProgressMonitor - Completed (90%)
2024-10-23 03:03:10 INFO: 03:03:10.270 [main] [INFO ] q.l.p.CommandLineTaskRunner$CommandLineProgressMonitor - Completed (91%)
2024-10-23 03:03:10 INFO: 03:03:10.353 [main] [INFO ] q.l.p.CommandLineTaskRunner$CommandLineProgressMonitor - Completed (92%)
2024-10-23 03:03:10 INFO: 03:03:10.444 [main] [INFO ] q.l.p.CommandLineTaskRunner$CommandLineProgressMonitor - Completed (93%)
2024-10-23 03:03:10 INFO: 03:03:10.526 [main] [INFO ] q.l.p.CommandLineTaskRunner$CommandLineProgressMonitor - Completed (94%)
2024-10-23 03:03:10 INFO: 03:03:10.611 [main] [INFO ] q.l.p.CommandLineTaskRunner$CommandLineProgressMonitor - Completed (95%)
2024-10-23 03:03:10 INFO: 03:03:10.696 [main] [INFO ] q.l.p.CommandLineTaskRunner$CommandLineProgressMonitor - Completed (96%)
2024-10-23 03:03:10 INFO: 03:03:10.778 [main] [INFO ] q.l.p.CommandLineTaskRunner$CommandLineProgressMonitor - Completed (97%)
2024-10-23 03:03:10 INFO: 03:03:10.879 [main] [INFO ] q.l.p.CommandLineTaskRunner$CommandLineProgressMonitor - Completed (98%)
2024-10-23 03:03:10 INFO: 03:03:10.966 [main] [INFO ] q.l.p.CommandLineTaskRunner$CommandLineProgressMonitor - Completed (99%)
2024-10-23 03:03:11 INFO: 03:03:11.056 [main] [INFO ] q.l.p.CommandLineTaskRunner$CommandLineProgressMonitor - Completed (100%)
2024-10-23 03:04:06 INFO: 03:04:06.855 [main] [INFO ] q.l.p.CommandLineTaskRunner$CommandLineProgressMonitor - Completed (100%)
2024-10-23 03:04:06 INFO: 03:04:06.857 [main] [INFO ] q.l.p.CommandLineTaskRunner$CommandLineProgressMonitor - Processing complete in 68.01 seconds
2024-10-23 03:04:06 INFO: 03:04:06.857 [main] [INFO ] q.l.p.CommandLineTaskRunner$CommandLineProgressMonitor - Tasks completed!
2024-10-23 03:05:56 INFO: 03:05:56.193 [task-runner-6-1] [WARN ] q.o.features.DelaunayTriangulation - Some objects have missing measurements! Statistics will calculated only for objects with measurements available.
2024-10-23 03:05:56 INFO: 03:05:56.193 [task-runner-6-1] [WARN ] q.o.features.DelaunayTriangulation - Missing measurements: [ROI: 1.00 m per pixel: Residual: Haralick Correlation (F2), ROI: 1.00 m per pixel: Residual: Haralick Information measure of correlation 1 (F11), ROI: 1.00 m per pixel: Residual: Haralick Information measure of correlation 2 (F12)]
2024-10-23 03:05:56 INFO: 03:05:56.227 [main] [INFO ] q.l.p.CommandLineTaskRunner$CommandLineProgressMonitor - Delaunay triangulation calculated for Annotation (167673 objects) (100%)
2024-10-23 03:05:56 INFO: 03:05:56.228 [main] [INFO ] q.l.p.CommandLineTaskRunner$CommandLineProgressMonitor - Processing complete in 109.32 seconds
2024-10-23 03:05:56 INFO: 03:05:56.228 [main] [INFO ] q.l.p.CommandLineTaskRunner$CommandLineProgressMonitor - Tasks completed!
2024-10-23 03:07:59 INFO: TCGA-GI-A2C8-01Z-00-DX1.09BD8AC9-645A-4C8B-9B36-77D833BDBA09
2024-10-23 03:07:59 INFO: QuPath subprocess completed.
2024-10-23 03:08:08 INFO: QuPath image extraction completed successfully. Output directory: /home/ilants/Documents/jupyter_test/single_image_multiple_params/exp_maxAreaMicrons_40.0
2024-10-23 03:08:08 INFO: Summary table saved to: /home/ilants/Documents/jupyter_test/single_image_multiple_params/exp_maxAreaMicrons_40.0/Summary_Table.csv
2024-10-23 03:08:08 INFO: Experiment completed successfully.
