2024-10-22 23:09:21 INFO: Starting experiment with for backgroundRadiusMicrons with value of 2.0
2024-10-22 23:09:21 INFO: Running with the following configuration:
{'detectionImageBrightfield': 'Hematoxylin OD', 'requestedPixelSizeMicrons': 0.5, 'backgroundRadiusMicrons': 2.0, 'backgroundByReconstruction': True, 'medianRadiusMicrons': 0.0, 'sigmaMicrons': 1.5, 'minAreaMicrons': 10.0, 'maxAreaMicrons': 80.0, 'threshold': 0.1, 'maxBackground': 2.0, 'watershedPostProcess': True, 'cellExpansionMicrons': 5.0, 'includeNuclei': True, 'smoothBoundaries': True, 'makeMeasurements': True, 'backgroundRadiusPixel': 8.0, 'cellExpansionPixel': 10.0, 'medianRadiusPixel': 0.0, 'minAreaPixel': 20.0, 'maxAreaPixel': 160.0}
2024-10-22 23:09:21 INFO: Starting QuPath image extraction with the following parameters: image_dir=/home/ilants/Documents/jupyter_test, output_dir=/home/ilants/Documents/jupyter_test/single_image_multiple_params/exp_backgroundRadiusMicrons_2.0, image_type=svs, groovy_script=/home/ilants/Documents/utls/nucleus_detection_wargs.groovy, config_file=/home/ilants/Documents/jupyter_test/single_image_multiple_params/exp_backgroundRadiusMicrons_2.0/cfg.json, program_path=/home/ilants/Documents/QuPath-v0.5.1-Linux/QuPath/bin/QuPath
2024-10-22 23:09:21 INFO: 23:09:21.915 [main] [INFO ] qupath.lib.gui.prefs.PathPrefs - Setting default Locale to en_US
2024-10-22 23:09:21 INFO: 23:09:21.918 [main] [INFO ] qupath.lib.gui.prefs.PathPrefs - Setting Locale for FORMAT to en_US
2024-10-22 23:09:21 INFO: 23:09:21.918 [main] [INFO ] qupath.lib.gui.prefs.PathPrefs - Setting Locale for DISPLAY to en_US
2024-10-22 23:09:21 INFO: 23:09:21.932 [main] [INFO ] qupath.lib.common.ThreadTools - Setting parallelism to 63
2024-10-22 23:09:21 INFO: 23:09:21.950 [main] [INFO ] qupath.ScriptCommand - Setting tile cache size to 32200.00 MB (25.0% max memory)
2024-10-22 23:09:21 INFO: 23:09:21.997 [main] [INFO ] qupath.lib.scripting.QP - Initializing type adapters
2024-10-22 23:09:22 INFO: Warning: Versions of org.bytedeco:javacpp:1.5.9 and org.bytedeco:opencv:4.6.0-1.5.8 do not match.
2024-10-22 23:09:22 INFO: Warning: Versions of org.bytedeco:javacpp:1.5.9 and org.bytedeco:openblas:0.3.21-1.5.8 do not match.
2024-10-22 23:09:23 INFO: project parameters are: {"detectionImageBrightfield": "Hematoxylin OD","requestedPixelSizeMicrons": 0.5,"backgroundRadiusMicrons": 2.0,"backgroundByReconstruction": true,"medianRadiusMicrons": 0.0,"sigmaMicrons": 1.5,"minAreaMicrons": 10.0,"maxAreaMicrons": 80.0,"threshold": 0.1,"maxBackground": 2.0,"watershedPostProcess": true,"cellExpansionMicrons": 5.0,"includeNuclei": true,"smoothBoundaries": true,"makeMeasurements": true,"backgroundRadiusPixel": 8.0,"cellExpansionPixel": 10.0,"medianRadiusPixel": 0.0,"minAreaPixel": 20.0,"maxAreaPixel": 160.0}
2024-10-22 23:09:23 INFO: New project created at: /home/ilants/Documents/jupyter_test/single_image_multiple_params/exp_backgroundRadiusMicrons_2.0/QPProject
2024-10-22 23:09:23 INFO: Added: /home/ilants/Documents/jupyter_test/TCGA-GI-A2C8-01Z-00-DX1.09BD8AC9-645A-4C8B-9B36-77D833BDBA09.svs
2024-10-22 23:09:23 INFO: /home/ilants/Documents/jupyter_test/TCGA-GI-A2C8-01Z-00-DX1.09BD8AC9-645A-4C8B-9B36-77D833BDBA09.svs
2024-10-22 23:09:24 INFO: 23:09:24.027 [main] [INFO ] q.l.i.s.b.BioFormatsServerOptions - Setting max Bio-Formats readers to 32
2024-10-22 23:09:24 INFO: UriImageSupport (class qupath.lib.images.servers.bioformats.BioFormatsServerBuilder) support=3.0, builders=1
2024-10-22 23:09:24 INFO: true
2024-10-22 23:09:24 INFO: 23:09:24.732 [main] [WARN ] qupath.lib.scripting.QP - createSelectAllObject(boolean) is deprecated, use createFullImageAnnotation(boolean) instead
2024-10-22 23:09:24 INFO: 23:09:24.732 [main] [WARN ] qupath.lib.scripting.QP - createSelectAllObject(boolean, int, int) is deprecated, use createFullImageAnnotation(boolean, int, int) instead
2024-10-22 23:09:24 INFO: 23:09:24.742 [main] [WARN ] q.l.plugins.parameters.ParameterList - Unable to set parameter backgroundRadiusPixel with value 8.0
2024-10-22 23:09:24 INFO: 23:09:24.742 [main] [WARN ] q.l.plugins.parameters.ParameterList - Unable to set parameter cellExpansionPixel with value 10.0
2024-10-22 23:09:24 INFO: 23:09:24.742 [main] [WARN ] q.l.plugins.parameters.ParameterList - Unable to set parameter medianRadiusPixel with value 0.0
2024-10-22 23:09:24 INFO: 23:09:24.742 [main] [WARN ] q.l.plugins.parameters.ParameterList - Unable to set parameter minAreaPixel with value 20.0
2024-10-22 23:09:24 INFO: 23:09:24.742 [main] [WARN ] q.l.plugins.parameters.ParameterList - Unable to set parameter maxAreaPixel with value 160.0
2024-10-22 23:09:36 INFO: 23:09:36.686 [task-runner-1-15] [INFO ] q.lib.plugins.DetectionPluginTools - 0 nuclei detected (processing time: 11.83 seconds)
2024-10-22 23:09:36 INFO: 23:09:36.688 [main] [INFO ] q.l.p.CommandLineTaskRunner$CommandLineProgressMonitor - 0 nuclei detected (1%)
2024-10-22 23:09:36 INFO: 23:09:36.688 [task-runner-1-1] [INFO ] q.lib.plugins.DetectionPluginTools - 0 nuclei detected (processing time: 11.83 seconds)
2024-10-22 23:09:36 INFO: 23:09:36.690 [task-runner-1-4] [INFO ] q.lib.plugins.DetectionPluginTools - 0 nuclei detected (processing time: 11.83 seconds)
2024-10-22 23:09:36 INFO: 23:09:36.686 [task-runner-1-16] [INFO ] q.lib.plugins.DetectionPluginTools - 0 nuclei detected (processing time: 11.83 seconds)
2024-10-22 23:09:36 INFO: 23:09:36.690 [task-runner-1-12] [INFO ] q.lib.plugins.DetectionPluginTools - 0 nuclei detected (processing time: 11.83 seconds)
2024-10-22 23:09:36 INFO: 23:09:36.690 [main] [INFO ] q.l.p.CommandLineTaskRunner$CommandLineProgressMonitor - 0 nuclei detected (2%)
2024-10-22 23:09:36 INFO: 23:09:36.690 [main] [INFO ] q.l.p.CommandLineTaskRunner$CommandLineProgressMonitor - 0 nuclei detected (3%)
2024-10-22 23:09:36 INFO: 23:09:36.695 [task-runner-1-48] [INFO ] q.lib.plugins.DetectionPluginTools - 0 nuclei detected (processing time: 11.83 seconds)
2024-10-22 23:09:36 INFO: 23:09:36.696 [main] [INFO ] q.l.p.CommandLineTaskRunner$CommandLineProgressMonitor - 0 nuclei detected (4%)
2024-10-22 23:09:36 INFO: 23:09:36.951 [task-runner-1-9] [INFO ] q.lib.plugins.DetectionPluginTools - 0 nuclei detected (processing time: 12.09 seconds)
2024-10-22 23:09:36 INFO: 23:09:36.951 [task-runner-1-32] [INFO ] q.lib.plugins.DetectionPluginTools - 0 nuclei detected (processing time: 12.09 seconds)
2024-10-22 23:09:36 INFO: 23:09:36.952 [task-runner-1-3] [INFO ] q.lib.plugins.DetectionPluginTools - 0 nuclei detected (processing time: 12.10 seconds)
2024-10-22 23:09:36 INFO: 23:09:36.952 [main] [INFO ] q.l.p.CommandLineTaskRunner$CommandLineProgressMonitor - 0 nuclei detected (5%)
2024-10-22 23:09:36 INFO: 23:09:36.953 [main] [INFO ] q.l.p.CommandLineTaskRunner$CommandLineProgressMonitor - 0 nuclei detected (6%)
2024-10-22 23:09:37 INFO: 23:09:37.384 [task-runner-1-47] [INFO ] q.lib.plugins.DetectionPluginTools - 7 nuclei detected (processing time: 12.52 seconds)
2024-10-22 23:09:37 INFO: 23:09:37.392 [main] [INFO ] q.l.p.CommandLineTaskRunner$CommandLineProgressMonitor - 7 nuclei detected (6%)
2024-10-22 23:09:39 INFO: 23:09:39.302 [task-runner-1-11] [INFO ] q.lib.plugins.DetectionPluginTools - 1 nucleus detected (processing time: 14.44 seconds)
2024-10-22 23:09:39 INFO: 23:09:39.304 [task-runner-1-8] [INFO ] q.lib.plugins.DetectionPluginTools - 2 nuclei detected (processing time: 14.45 seconds)
2024-10-22 23:09:39 INFO: 23:09:39.304 [main] [INFO ] q.l.p.CommandLineTaskRunner$CommandLineProgressMonitor - 1 nucleus detected (7%)
2024-10-22 23:09:39 INFO: 23:09:39.304 [main] [INFO ] q.l.p.CommandLineTaskRunner$CommandLineProgressMonitor - 2 nuclei detected (8%)
2024-10-22 23:09:39 INFO: 23:09:39.307 [task-runner-1-17] [INFO ] q.lib.plugins.DetectionPluginTools - 3 nuclei detected (processing time: 14.45 seconds)
2024-10-22 23:09:39 INFO: 23:09:39.308 [main] [INFO ] q.l.p.CommandLineTaskRunner$CommandLineProgressMonitor - 3 nuclei detected (8%)
2024-10-22 23:09:39 INFO: 23:09:39.308 [task-runner-1-2] [INFO ] q.lib.plugins.DetectionPluginTools - 2 nuclei detected (processing time: 14.45 seconds)
2024-10-22 23:09:39 INFO: 23:09:39.308 [task-runner-1-10] [INFO ] q.lib.plugins.DetectionPluginTools - 1 nucleus detected (processing time: 14.45 seconds)
2024-10-22 23:09:39 INFO: 23:09:39.308 [main] [INFO ] q.l.p.CommandLineTaskRunner$CommandLineProgressMonitor - 2 nuclei detected (9%)
2024-10-22 23:09:39 INFO: 23:09:39.309 [main] [INFO ] q.l.p.CommandLineTaskRunner$CommandLineProgressMonitor - 1 nucleus detected (9%)
2024-10-22 23:09:39 INFO: 23:09:39.311 [task-runner-1-14] [INFO ] q.lib.plugins.DetectionPluginTools - 1 nucleus detected (processing time: 14.45 seconds)
2024-10-22 23:09:39 INFO: 23:09:39.311 [main] [INFO ] q.l.p.CommandLineTaskRunner$CommandLineProgressMonitor - 1 nucleus detected (10%)
2024-10-22 23:09:39 INFO: 23:09:39.311 [task-runner-1-27] [INFO ] q.lib.plugins.DetectionPluginTools - 1 nucleus detected (processing time: 14.45 seconds)
2024-10-22 23:09:39 INFO: 23:09:39.311 [task-runner-1-7] [INFO ] q.lib.plugins.DetectionPluginTools - 1 nucleus detected (processing time: 14.45 seconds)
2024-10-22 23:09:39 INFO: 23:09:39.311 [main] [INFO ] q.l.p.CommandLineTaskRunner$CommandLineProgressMonitor - 1 nucleus detected (11%)
2024-10-22 23:09:39 INFO: 23:09:39.318 [task-runner-1-6] [INFO ] q.lib.plugins.DetectionPluginTools - 6 nuclei detected (processing time: 14.46 seconds)
2024-10-22 23:09:39 INFO: 23:09:39.318 [main] [INFO ] q.l.p.CommandLineTaskRunner$CommandLineProgressMonitor - 6 nuclei detected (12%)
2024-10-22 23:09:39 INFO: 23:09:39.318 [task-runner-1-30] [INFO ] q.lib.plugins.DetectionPluginTools - 1 nucleus detected (processing time: 14.46 seconds)
2024-10-22 23:09:39 INFO: 23:09:39.319 [main] [INFO ] q.l.p.CommandLineTaskRunner$CommandLineProgressMonitor - 1 nucleus detected (13%)
2024-10-22 23:09:39 INFO: 23:09:39.327 [task-runner-1-29] [INFO ] q.lib.plugins.DetectionPluginTools - 4 nuclei detected (processing time: 14.46 seconds)
2024-10-22 23:09:39 INFO: 23:09:39.328 [main] [INFO ] q.l.p.CommandLineTaskRunner$CommandLineProgressMonitor - 4 nuclei detected (13%)
2024-10-22 23:09:39 INFO: 23:09:39.333 [task-runner-1-13] [INFO ] q.lib.plugins.DetectionPluginTools - 7 nuclei detected (processing time: 14.47 seconds)
2024-10-22 23:09:39 INFO: 23:09:39.335 [main] [INFO ] q.l.p.CommandLineTaskRunner$CommandLineProgressMonitor - 7 nuclei detected (14%)
2024-10-22 23:09:39 INFO: 23:09:39.345 [task-runner-1-28] [INFO ] q.lib.plugins.DetectionPluginTools - 10 nuclei detected (processing time: 14.48 seconds)
2024-10-22 23:09:39 INFO: 23:09:39.346 [main] [INFO ] q.l.p.CommandLineTaskRunner$CommandLineProgressMonitor - 10 nuclei detected (14%)
2024-10-22 23:09:39 INFO: 23:09:39.348 [task-runner-1-31] [INFO ] q.lib.plugins.DetectionPluginTools - 12 nuclei detected (processing time: 14.49 seconds)
2024-10-22 23:09:39 INFO: 23:09:39.348 [main] [INFO ] q.l.p.CommandLineTaskRunner$CommandLineProgressMonitor - 12 nuclei detected (15%)
2024-10-22 23:09:39 INFO: 23:09:39.425 [task-runner-1-26] [INFO ] q.lib.plugins.DetectionPluginTools - 42 nuclei detected (processing time: 14.56 seconds)
2024-10-22 23:09:39 INFO: 23:09:39.427 [main] [INFO ] q.l.p.CommandLineTaskRunner$CommandLineProgressMonitor - 42 nuclei detected (16%)
2024-10-22 23:09:39 INFO: 23:09:39.433 [task-runner-1-46] [INFO ] q.lib.plugins.DetectionPluginTools - 31 nuclei detected (processing time: 14.57 seconds)
2024-10-22 23:09:39 INFO: 23:09:39.434 [main] [INFO ] q.l.p.CommandLineTaskRunner$CommandLineProgressMonitor - 31 nuclei detected (16%)
2024-10-22 23:09:39 INFO: 23:09:39.606 [task-runner-1-5] [INFO ] q.lib.plugins.DetectionPluginTools - 55 nuclei detected (processing time: 14.75 seconds)
2024-10-22 23:09:39 INFO: 23:09:39.608 [main] [INFO ] q.l.p.CommandLineTaskRunner$CommandLineProgressMonitor - 55 nuclei detected (17%)
2024-10-22 23:09:39 INFO: 23:09:39.660 [task-runner-1-45] [INFO ] q.lib.plugins.DetectionPluginTools - 87 nuclei detected (processing time: 14.79 seconds)
2024-10-22 23:09:39 INFO: 23:09:39.662 [main] [INFO ] q.l.p.CommandLineTaskRunner$CommandLineProgressMonitor - 87 nuclei detected (18%)
2024-10-22 23:09:39 INFO: 23:09:39.703 [task-runner-1-49] [INFO ] q.lib.plugins.DetectionPluginTools - 110 nuclei detected (processing time: 14.84 seconds)
2024-10-22 23:09:39 INFO: 23:09:39.704 [main] [INFO ] q.l.p.CommandLineTaskRunner$CommandLineProgressMonitor - 110 nuclei detected (18%)
2024-10-22 23:09:39 INFO: 23:09:39.724 [task-runner-1-19] [INFO ] q.lib.plugins.DetectionPluginTools - 134 nuclei detected (processing time: 14.86 seconds)
2024-10-22 23:09:39 INFO: 23:09:39.743 [main] [INFO ] q.l.p.CommandLineTaskRunner$CommandLineProgressMonitor - 134 nuclei detected (19%)
2024-10-22 23:09:39 INFO: 23:09:39.829 [task-runner-1-44] [INFO ] q.lib.plugins.DetectionPluginTools - 206 nuclei detected (processing time: 14.96 seconds)
2024-10-22 23:09:39 INFO: 23:09:39.831 [task-runner-1-33] [INFO ] q.lib.plugins.DetectionPluginTools - 226 nuclei detected (processing time: 14.97 seconds)
2024-10-22 23:09:39 INFO: 23:09:39.831 [main] [INFO ] q.l.p.CommandLineTaskRunner$CommandLineProgressMonitor - 206 nuclei detected (19%)
2024-10-22 23:09:39 INFO: 23:09:39.832 [main] [INFO ] q.l.p.CommandLineTaskRunner$CommandLineProgressMonitor - 226 nuclei detected (20%)
2024-10-22 23:09:39 INFO: 23:09:39.846 [task-runner-1-63] [INFO ] q.lib.plugins.DetectionPluginTools - 117 nuclei detected (processing time: 14.97 seconds)
2024-10-22 23:09:39 INFO: 23:09:39.847 [main] [INFO ] q.l.p.CommandLineTaskRunner$CommandLineProgressMonitor - 117 nuclei detected (21%)
2024-10-22 23:09:39 INFO: 23:09:39.849 [task-runner-1-18] [INFO ] q.lib.plugins.DetectionPluginTools - 212 nuclei detected (processing time: 14.99 seconds)
2024-10-22 23:09:39 INFO: 23:09:39.850 [main] [INFO ] q.l.p.CommandLineTaskRunner$CommandLineProgressMonitor - 212 nuclei detected (21%)
2024-10-22 23:09:39 INFO: 23:09:39.945 [task-runner-1-62] [INFO ] q.lib.plugins.DetectionPluginTools - 179 nuclei detected (processing time: 15.08 seconds)
2024-10-22 23:09:39 INFO: 23:09:39.947 [main] [INFO ] q.l.p.CommandLineTaskRunner$CommandLineProgressMonitor - 179 nuclei detected (22%)
2024-10-22 23:09:39 INFO: 23:09:39.951 [task-runner-1-35] [INFO ] q.lib.plugins.DetectionPluginTools - 253 nuclei detected (processing time: 15.09 seconds)
2024-10-22 23:09:39 INFO: 23:09:39.953 [main] [INFO ] q.l.p.CommandLineTaskRunner$CommandLineProgressMonitor - 253 nuclei detected (23%)
2024-10-22 23:09:39 INFO: 23:09:39.998 [task-runner-1-61] [INFO ] q.lib.plugins.DetectionPluginTools - 171 nuclei detected (processing time: 15.13 seconds)
2024-10-22 23:09:40 INFO: 23:09:39.999 [main] [INFO ] q.l.p.CommandLineTaskRunner$CommandLineProgressMonitor - 171 nuclei detected (23%)
2024-10-22 23:09:40 INFO: 23:09:40.011 [task-runner-1-25] [INFO ] q.lib.plugins.DetectionPluginTools - 320 nuclei detected (processing time: 15.15 seconds)
2024-10-22 23:09:40 INFO: 23:09:40.014 [main] [INFO ] q.l.p.CommandLineTaskRunner$CommandLineProgressMonitor - 320 nuclei detected (24%)
2024-10-22 23:09:40 INFO: 23:09:40.046 [task-runner-1-50] [INFO ] q.lib.plugins.DetectionPluginTools - 274 nuclei detected (processing time: 15.18 seconds)
2024-10-22 23:09:40 INFO: 23:09:40.048 [main] [INFO ] q.l.p.CommandLineTaskRunner$CommandLineProgressMonitor - 274 nuclei detected (24%)
2024-10-22 23:09:40 INFO: 23:09:40.091 [task-runner-1-34] [INFO ] q.lib.plugins.DetectionPluginTools - 358 nuclei detected (processing time: 15.23 seconds)
2024-10-22 23:09:40 INFO: 23:09:40.092 [main] [INFO ] q.l.p.CommandLineTaskRunner$CommandLineProgressMonitor - 358 nuclei detected (25%)
2024-10-22 23:09:40 INFO: 23:09:40.166 [task-runner-1-20] [INFO ] q.lib.plugins.DetectionPluginTools - 653 nuclei detected (processing time: 15.31 seconds)
2024-10-22 23:09:40 INFO: 23:09:40.169 [main] [INFO ] q.l.p.CommandLineTaskRunner$CommandLineProgressMonitor - 653 nuclei detected (26%)
2024-10-22 23:09:40 INFO: 23:09:40.389 [task-runner-1-23] [INFO ] q.lib.plugins.DetectionPluginTools - 891 nuclei detected (processing time: 15.53 seconds)
2024-10-22 23:09:40 INFO: 23:09:40.390 [main] [INFO ] q.l.p.CommandLineTaskRunner$CommandLineProgressMonitor - 891 nuclei detected (26%)
2024-10-22 23:09:40 INFO: 23:09:40.403 [task-runner-1-51] [INFO ] q.lib.plugins.DetectionPluginTools - 763 nuclei detected (processing time: 15.54 seconds)
2024-10-22 23:09:40 INFO: 23:09:40.404 [main] [INFO ] q.l.p.CommandLineTaskRunner$CommandLineProgressMonitor - 763 nuclei detected (27%)
2024-10-22 23:09:40 INFO: 23:09:40.411 [task-runner-1-43] [INFO ] q.lib.plugins.DetectionPluginTools - 921 nuclei detected (processing time: 15.55 seconds)
2024-10-22 23:09:40 INFO: 23:09:40.412 [main] [INFO ] q.l.p.CommandLineTaskRunner$CommandLineProgressMonitor - 921 nuclei detected (28%)
2024-10-22 23:09:40 INFO: 23:09:40.415 [task-runner-1-24] [INFO ] q.lib.plugins.DetectionPluginTools - 934 nuclei detected (processing time: 15.55 seconds)
2024-10-22 23:09:40 INFO: 23:09:40.418 [main] [INFO ] q.l.p.CommandLineTaskRunner$CommandLineProgressMonitor - 934 nuclei detected (28%)
2024-10-22 23:09:40 INFO: 23:09:40.495 [task-runner-1-60] [INFO ] q.lib.plugins.DetectionPluginTools - 1033 nuclei detected (processing time: 15.63 seconds)
2024-10-22 23:09:40 INFO: 23:09:40.498 [main] [INFO ] q.l.p.CommandLineTaskRunner$CommandLineProgressMonitor - 1033 nuclei detected (29%)
2024-10-22 23:09:40 INFO: 23:09:40.596 [task-runner-1-22] [INFO ] q.lib.plugins.DetectionPluginTools - 1273 nuclei detected (processing time: 15.74 seconds)
2024-10-22 23:09:40 INFO: 23:09:40.597 [main] [INFO ] q.l.p.CommandLineTaskRunner$CommandLineProgressMonitor - 1273 nuclei detected (29%)
2024-10-22 23:09:42 INFO: 23:09:42.041 [task-runner-1-36] [INFO ] q.lib.plugins.DetectionPluginTools - 1947 nuclei detected (processing time: 17.18 seconds)
2024-10-22 23:09:42 INFO: 23:09:42.043 [main] [INFO ] q.l.p.CommandLineTaskRunner$CommandLineProgressMonitor - 1947 nuclei detected (30%)
2024-10-22 23:09:42 INFO: 23:09:42.397 [task-runner-1-15] [INFO ] q.lib.plugins.DetectionPluginTools - 1 nucleus detected (processing time: 5.71 seconds)
2024-10-22 23:09:42 INFO: 23:09:42.401 [main] [INFO ] q.l.p.CommandLineTaskRunner$CommandLineProgressMonitor - 1 nucleus detected (31%)
2024-10-22 23:09:44 INFO: 23:09:44.006 [task-runner-1-52] [INFO ] q.lib.plugins.DetectionPluginTools - 2351 nuclei detected (processing time: 19.14 seconds)
2024-10-22 23:09:44 INFO: 23:09:44.008 [main] [INFO ] q.l.p.CommandLineTaskRunner$CommandLineProgressMonitor - 2351 nuclei detected (31%)
2024-10-22 23:09:44 INFO: 23:09:44.032 [task-runner-1-1] [INFO ] q.lib.plugins.DetectionPluginTools - 100 nuclei detected (processing time: 7.34 seconds)
2024-10-22 23:09:44 INFO: 23:09:44.033 [main] [INFO ] q.l.p.CommandLineTaskRunner$CommandLineProgressMonitor - 100 nuclei detected (32%)
2024-10-22 23:09:44 INFO: 23:09:44.495 [task-runner-1-4] [INFO ] q.lib.plugins.DetectionPluginTools - 307 nuclei detected (processing time: 7.81 seconds)
2024-10-22 23:09:44 INFO: 23:09:44.496 [main] [INFO ] q.l.p.CommandLineTaskRunner$CommandLineProgressMonitor - 307 nuclei detected (33%)
2024-10-22 23:09:44 INFO: 23:09:44.556 [task-runner-1-21] [INFO ] q.lib.plugins.DetectionPluginTools - 3612 nuclei detected (processing time: 19.70 seconds)
2024-10-22 23:09:44 INFO: 23:09:44.586 [main] [INFO ] q.l.p.CommandLineTaskRunner$CommandLineProgressMonitor - 3612 nuclei detected (33%)
2024-10-22 23:09:44 INFO: 23:09:44.684 [task-runner-1-40] [INFO ] q.lib.plugins.DetectionPluginTools - 2058 nuclei detected (processing time: 19.82 seconds)
2024-10-22 23:09:44 INFO: 23:09:44.685 [main] [INFO ] q.l.p.CommandLineTaskRunner$CommandLineProgressMonitor - 2058 nuclei detected (34%)
2024-10-22 23:09:44 INFO: 23:09:44.740 [task-runner-1-42] [INFO ] q.lib.plugins.DetectionPluginTools - 2466 nuclei detected (processing time: 19.87 seconds)
2024-10-22 23:09:44 INFO: 23:09:44.747 [main] [INFO ] q.l.p.CommandLineTaskRunner$CommandLineProgressMonitor - 2466 nuclei detected (34%)
2024-10-22 23:09:44 INFO: 23:09:44.870 [task-runner-1-41] [INFO ] q.lib.plugins.DetectionPluginTools - 2278 nuclei detected (processing time: 20.01 seconds)
2024-10-22 23:09:44 INFO: 23:09:44.872 [main] [INFO ] q.l.p.CommandLineTaskRunner$CommandLineProgressMonitor - 2278 nuclei detected (35%)
2024-10-22 23:09:45 INFO: 23:09:45.260 [task-runner-1-58] [INFO ] q.lib.plugins.DetectionPluginTools - 2392 nuclei detected (processing time: 20.39 seconds)
2024-10-22 23:09:45 INFO: 23:09:45.261 [main] [INFO ] q.l.p.CommandLineTaskRunner$CommandLineProgressMonitor - 2392 nuclei detected (36%)
2024-10-22 23:09:45 INFO: 23:09:45.262 [task-runner-1-59] [INFO ] q.lib.plugins.DetectionPluginTools - 2706 nuclei detected (processing time: 20.39 seconds)
2024-10-22 23:09:45 INFO: 23:09:45.262 [main] [INFO ] q.l.p.CommandLineTaskRunner$CommandLineProgressMonitor - 2706 nuclei detected (36%)
2024-10-22 23:09:45 INFO: 23:09:45.290 [task-runner-1-27] [INFO ] q.lib.plugins.DetectionPluginTools - 0 nuclei detected (processing time: 5.98 seconds)
2024-10-22 23:09:45 INFO: 23:09:45.291 [main] [INFO ] q.l.p.CommandLineTaskRunner$CommandLineProgressMonitor - 0 nuclei detected (37%)
2024-10-22 23:09:45 INFO: 23:09:45.329 [task-runner-1-16] [INFO ] q.lib.plugins.DetectionPluginTools - 399 nuclei detected (processing time: 8.64 seconds)
2024-10-22 23:09:45 INFO: 23:09:45.333 [main] [INFO ] q.l.p.CommandLineTaskRunner$CommandLineProgressMonitor - 399 nuclei detected (38%)
2024-10-22 23:09:45 INFO: 23:09:45.975 [task-runner-1-39] [INFO ] q.lib.plugins.DetectionPluginTools - 2747 nuclei detected (processing time: 21.11 seconds)
2024-10-22 23:09:45 INFO: 23:09:45.977 [main] [INFO ] q.l.p.CommandLineTaskRunner$CommandLineProgressMonitor - 2747 nuclei detected (38%)
2024-10-22 23:09:45 INFO: 23:09:45.998 [task-runner-1-38] [INFO ] q.lib.plugins.DetectionPluginTools - 3601 nuclei detected (processing time: 21.13 seconds)
2024-10-22 23:09:46 INFO: 23:09:46.001 [main] [INFO ] q.l.p.CommandLineTaskRunner$CommandLineProgressMonitor - 3601 nuclei detected (39%)
2024-10-22 23:09:46 INFO: 23:09:46.215 [task-runner-1-7] [INFO ] q.lib.plugins.DetectionPluginTools - 105 nuclei detected (processing time: 6.90 seconds)
2024-10-22 23:09:46 INFO: 23:09:46.216 [main] [INFO ] q.l.p.CommandLineTaskRunner$CommandLineProgressMonitor - 105 nuclei detected (39%)
2024-10-22 23:09:46 INFO: 23:09:46.445 [task-runner-1-33] [INFO ] q.lib.plugins.DetectionPluginTools - 65 nuclei detected (processing time: 6.61 seconds)
2024-10-22 23:09:46 INFO: 23:09:46.446 [main] [INFO ] q.l.p.CommandLineTaskRunner$CommandLineProgressMonitor - 65 nuclei detected (40%)
2024-10-22 23:09:46 INFO: 23:09:46.502 [task-runner-1-14] [INFO ] q.lib.plugins.DetectionPluginTools - 179 nuclei detected (processing time: 7.19 seconds)
2024-10-22 23:09:46 INFO: 23:09:46.504 [main] [INFO ] q.l.p.CommandLineTaskRunner$CommandLineProgressMonitor - 179 nuclei detected (41%)
2024-10-22 23:09:46 INFO: 23:09:46.750 [task-runner-1-6] [INFO ] q.lib.plugins.DetectionPluginTools - 110 nuclei detected (processing time: 7.43 seconds)
2024-10-22 23:09:46 INFO: 23:09:46.750 [main] [INFO ] q.l.p.CommandLineTaskRunner$CommandLineProgressMonitor - 110 nuclei detected (41%)
2024-10-22 23:09:46 INFO: 23:09:46.825 [task-runner-1-63] [INFO ] q.lib.plugins.DetectionPluginTools - 2 nuclei detected (processing time: 6.98 seconds)
2024-10-22 23:09:46 INFO: 23:09:46.827 [main] [INFO ] q.l.p.CommandLineTaskRunner$CommandLineProgressMonitor - 2 nuclei detected (42%)
2024-10-22 23:09:47 INFO: 23:09:47.238 [task-runner-1-18] [INFO ] q.lib.plugins.DetectionPluginTools - 132 nuclei detected (processing time: 7.39 seconds)
2024-10-22 23:09:47 INFO: 23:09:47.241 [main] [INFO ] q.l.p.CommandLineTaskRunner$CommandLineProgressMonitor - 132 nuclei detected (43%)
2024-10-22 23:09:47 INFO: 23:09:47.566 [task-runner-1-35] [INFO ] q.lib.plugins.DetectionPluginTools - 187 nuclei detected (processing time: 7.61 seconds)
2024-10-22 23:09:47 INFO: 23:09:47.568 [main] [INFO ] q.l.p.CommandLineTaskRunner$CommandLineProgressMonitor - 187 nuclei detected (43%)
2024-10-22 23:09:47 INFO: 23:09:47.575 [task-runner-1-62] [INFO ] q.lib.plugins.DetectionPluginTools - 120 nuclei detected (processing time: 7.63 seconds)
2024-10-22 23:09:47 INFO: 23:09:47.576 [main] [INFO ] q.l.p.CommandLineTaskRunner$CommandLineProgressMonitor - 120 nuclei detected (44%)
2024-10-22 23:09:47 INFO: 23:09:47.948 [task-runner-1-57] [INFO ] q.lib.plugins.DetectionPluginTools - 3116 nuclei detected (processing time: 23.08 seconds)
2024-10-22 23:09:47 INFO: 23:09:47.950 [main] [INFO ] q.l.p.CommandLineTaskRunner$CommandLineProgressMonitor - 3116 nuclei detected (44%)
2024-10-22 23:09:48 INFO: 23:09:48.096 [task-runner-1-55] [INFO ] q.lib.plugins.DetectionPluginTools - 3117 nuclei detected (processing time: 23.23 seconds)
2024-10-22 23:09:48 INFO: 23:09:48.097 [main] [INFO ] q.l.p.CommandLineTaskRunner$CommandLineProgressMonitor - 3117 nuclei detected (45%)
2024-10-22 23:09:48 INFO: 23:09:48.329 [task-runner-1-30] [INFO ] q.lib.plugins.DetectionPluginTools - 756 nuclei detected (processing time: 9.01 seconds)
2024-10-22 23:09:48 INFO: 23:09:48.331 [main] [INFO ] q.l.p.CommandLineTaskRunner$CommandLineProgressMonitor - 756 nuclei detected (46%)
2024-10-22 23:09:48 INFO: 23:09:48.437 [task-runner-1-37] [INFO ] q.lib.plugins.DetectionPluginTools - 4267 nuclei detected (processing time: 23.57 seconds)
2024-10-22 23:09:48 INFO: 23:09:48.439 [main] [INFO ] q.l.p.CommandLineTaskRunner$CommandLineProgressMonitor - 4267 nuclei detected (46%)
2024-10-22 23:09:48 INFO: 23:09:48.550 [task-runner-1-36] [INFO ] q.lib.plugins.DetectionPluginTools - 41 nuclei detected (processing time: 6.51 seconds)
2024-10-22 23:09:48 INFO: 23:09:48.553 [main] [INFO ] q.l.p.CommandLineTaskRunner$CommandLineProgressMonitor - 41 nuclei detected (47%)
2024-10-22 23:09:48 INFO: 23:09:48.807 [task-runner-1-56] [INFO ] q.lib.plugins.DetectionPluginTools - 3848 nuclei detected (processing time: 23.94 seconds)
2024-10-22 23:09:48 INFO: 23:09:48.809 [main] [INFO ] q.l.p.CommandLineTaskRunner$CommandLineProgressMonitor - 3848 nuclei detected (48%)
2024-10-22 23:09:49 INFO: 23:09:49.176 [task-runner-1-54] [INFO ] q.lib.plugins.DetectionPluginTools - 4400 nuclei detected (processing time: 24.31 seconds)
2024-10-22 23:09:49 INFO: 23:09:49.179 [main] [INFO ] q.l.p.CommandLineTaskRunner$CommandLineProgressMonitor - 4400 nuclei detected (48%)
2024-10-22 23:09:49 INFO: 23:09:49.205 [task-runner-1-15] [INFO ] q.lib.plugins.DetectionPluginTools - 1 nucleus detected (processing time: 6.80 seconds)
2024-10-22 23:09:49 INFO: 23:09:49.206 [main] [INFO ] q.l.p.CommandLineTaskRunner$CommandLineProgressMonitor - 1 nucleus detected (49%)
2024-10-22 23:09:49 INFO: 23:09:49.347 [task-runner-1-44] [INFO ] q.lib.plugins.DetectionPluginTools - 678 nuclei detected (processing time: 9.52 seconds)
2024-10-22 23:09:49 INFO: 23:09:49.350 [main] [INFO ] q.l.p.CommandLineTaskRunner$CommandLineProgressMonitor - 678 nuclei detected (49%)
2024-10-22 23:09:49 INFO: 23:09:49.574 [task-runner-1-10] [INFO ] q.lib.plugins.DetectionPluginTools - 684 nuclei detected (processing time: 10.26 seconds)
2024-10-22 23:09:49 INFO: 23:09:49.576 [main] [INFO ] q.l.p.CommandLineTaskRunner$CommandLineProgressMonitor - 684 nuclei detected (50%)
2024-10-22 23:09:50 INFO: 23:09:50.109 [task-runner-1-53] [INFO ] q.lib.plugins.DetectionPluginTools - 5805 nuclei detected (processing time: 25.24 seconds)
2024-10-22 23:09:50 INFO: 23:09:50.111 [main] [INFO ] q.l.p.CommandLineTaskRunner$CommandLineProgressMonitor - 5805 nuclei detected (51%)
2024-10-22 23:09:51 INFO: 23:09:51.096 [task-runner-1-52] [INFO ] q.lib.plugins.DetectionPluginTools - 281 nuclei detected (processing time: 7.09 seconds)
2024-10-22 23:09:51 INFO: 23:09:51.098 [main] [INFO ] q.l.p.CommandLineTaskRunner$CommandLineProgressMonitor - 281 nuclei detected (51%)
2024-10-22 23:09:51 INFO: 23:09:51.171 [task-runner-1-1] [INFO ] q.lib.plugins.DetectionPluginTools - 214 nuclei detected (processing time: 7.14 seconds)
2024-10-22 23:09:51 INFO: 23:09:51.172 [main] [INFO ] q.l.p.CommandLineTaskRunner$CommandLineProgressMonitor - 214 nuclei detected (52%)
2024-10-22 23:09:51 INFO: 23:09:51.944 [task-runner-1-33] [INFO ] q.lib.plugins.DetectionPluginTools - 0 nuclei detected (processing time: 5.50 seconds)
2024-10-22 23:09:51 INFO: 23:09:51.947 [main] [INFO ] q.l.p.CommandLineTaskRunner$CommandLineProgressMonitor - 0 nuclei detected (53%)
2024-10-22 23:09:52 INFO: 23:09:52.215 [task-runner-1-2] [INFO ] q.lib.plugins.DetectionPluginTools - 1374 nuclei detected (processing time: 12.91 seconds)
2024-10-22 23:09:52 INFO: 23:09:52.216 [main] [INFO ] q.l.p.CommandLineTaskRunner$CommandLineProgressMonitor - 1374 nuclei detected (53%)
2024-10-22 23:09:52 INFO: 23:09:52.572 [task-runner-1-14] [INFO ] q.lib.plugins.DetectionPluginTools - 0 nuclei detected (processing time: 6.07 seconds)
2024-10-22 23:09:52 INFO: 23:09:52.573 [main] [INFO ] q.l.p.CommandLineTaskRunner$CommandLineProgressMonitor - 0 nuclei detected (54%)
2024-10-22 23:09:52 INFO: 23:09:52.922 [task-runner-1-63] [INFO ] q.lib.plugins.DetectionPluginTools - 68 nuclei detected (processing time: 6.10 seconds)
2024-10-22 23:09:52 INFO: 23:09:52.923 [main] [INFO ] q.l.p.CommandLineTaskRunner$CommandLineProgressMonitor - 68 nuclei detected (54%)
2024-10-22 23:09:53 INFO: 23:09:52.999 [task-runner-1-6] [INFO ] q.lib.plugins.DetectionPluginTools - 98 nuclei detected (processing time: 6.25 seconds)
2024-10-22 23:09:53 INFO: 23:09:53.001 [main] [INFO ] q.l.p.CommandLineTaskRunner$CommandLineProgressMonitor - 98 nuclei detected (55%)
2024-10-22 23:09:53 INFO: 23:09:53.048 [task-runner-1-57] [INFO ] q.lib.plugins.DetectionPluginTools - 0 nuclei detected (processing time: 5.10 seconds)
2024-10-22 23:09:53 INFO: 23:09:53.050 [main] [INFO ] q.l.p.CommandLineTaskRunner$CommandLineProgressMonitor - 0 nuclei detected (56%)
2024-10-22 23:09:53 INFO: 23:09:53.331 [task-runner-1-18] [INFO ] q.lib.plugins.DetectionPluginTools - 102 nuclei detected (processing time: 6.09 seconds)
2024-10-22 23:09:53 INFO: 23:09:53.333 [main] [INFO ] q.l.p.CommandLineTaskRunner$CommandLineProgressMonitor - 102 nuclei detected (56%)
2024-10-22 23:09:53 INFO: 23:09:53.350 [task-runner-1-35] [INFO ] q.lib.plugins.DetectionPluginTools - 2 nuclei detected (processing time: 5.78 seconds)
2024-10-22 23:09:53 INFO: 23:09:53.351 [main] [INFO ] q.l.p.CommandLineTaskRunner$CommandLineProgressMonitor - 2 nuclei detected (57%)
2024-10-22 23:09:53 INFO: 23:09:53.497 [task-runner-1-4] [INFO ] q.lib.plugins.DetectionPluginTools - 262 nuclei detected (processing time: 9.00 seconds)
2024-10-22 23:09:53 INFO: 23:09:53.505 [main] [INFO ] q.l.p.CommandLineTaskRunner$CommandLineProgressMonitor - 262 nuclei detected (57%)
2024-10-22 23:09:53 INFO: 23:09:53.521 [task-runner-1-62] [INFO ] q.lib.plugins.DetectionPluginTools - 11 nuclei detected (processing time: 5.95 seconds)
2024-10-22 23:09:53 INFO: 23:09:53.522 [main] [INFO ] q.l.p.CommandLineTaskRunner$CommandLineProgressMonitor - 11 nuclei detected (58%)
2024-10-22 23:09:53 INFO: 23:09:53.726 [task-runner-1-30] [INFO ] q.lib.plugins.DetectionPluginTools - 0 nuclei detected (processing time: 5.39 seconds)
2024-10-22 23:09:53 INFO: 23:09:53.728 [main] [INFO ] q.l.p.CommandLineTaskRunner$CommandLineProgressMonitor - 0 nuclei detected (59%)
2024-10-22 23:09:53 INFO: 23:09:53.752 [task-runner-1-55] [INFO ] q.lib.plugins.DetectionPluginTools - 0 nuclei detected (processing time: 5.65 seconds)
2024-10-22 23:09:53 INFO: 23:09:53.810 [task-runner-1-12] [INFO ] q.lib.plugins.DetectionPluginTools - 2589 nuclei detected (processing time: 17.12 seconds)
2024-10-22 23:09:53 INFO: 23:09:53.816 [main] [INFO ] q.l.p.CommandLineTaskRunner$CommandLineProgressMonitor - 2589 nuclei detected (60%)
2024-10-22 23:09:54 INFO: 23:09:54.025 [task-runner-1-37] [INFO ] q.lib.plugins.DetectionPluginTools - 15 nuclei detected (processing time: 5.59 seconds)
2024-10-22 23:09:54 INFO: 23:09:54.031 [main] [INFO ] q.l.p.CommandLineTaskRunner$CommandLineProgressMonitor - 15 nuclei detected (61%)
2024-10-22 23:09:54 INFO: 23:09:54.386 [task-runner-1-44] [INFO ] q.lib.plugins.DetectionPluginTools - 0 nuclei detected (processing time: 5.03 seconds)
2024-10-22 23:09:54 INFO: 23:09:54.388 [main] [INFO ] q.l.p.CommandLineTaskRunner$CommandLineProgressMonitor - 0 nuclei detected (61%)
2024-10-22 23:09:54 INFO: 23:09:54.793 [task-runner-1-36] [INFO ] q.lib.plugins.DetectionPluginTools - 353 nuclei detected (processing time: 6.24 seconds)
2024-10-22 23:09:54 INFO: 23:09:54.795 [main] [INFO ] q.l.p.CommandLineTaskRunner$CommandLineProgressMonitor - 353 nuclei detected (62%)
2024-10-22 23:09:55 INFO: 23:09:55.295 [task-runner-1-10] [INFO ] q.lib.plugins.DetectionPluginTools - 0 nuclei detected (processing time: 5.72 seconds)
2024-10-22 23:09:55 INFO: 23:09:55.296 [main] [INFO ] q.l.p.CommandLineTaskRunner$CommandLineProgressMonitor - 0 nuclei detected (63%)
2024-10-22 23:09:55 INFO: 23:09:55.322 [task-runner-1-22] [INFO ] q.lib.plugins.DetectionPluginTools - 2160 nuclei detected (processing time: 14.73 seconds)
2024-10-22 23:09:55 INFO: 23:09:55.323 [main] [INFO ] q.l.p.CommandLineTaskRunner$CommandLineProgressMonitor - 2160 nuclei detected (63%)
2024-10-22 23:09:55 INFO: 23:09:55.396 [task-runner-1-7] [INFO ] q.lib.plugins.DetectionPluginTools - 1044 nuclei detected (processing time: 9.18 seconds)
2024-10-22 23:09:55 INFO: 23:09:55.397 [main] [INFO ] q.l.p.CommandLineTaskRunner$CommandLineProgressMonitor - 1044 nuclei detected (64%)
2024-10-22 23:09:56 INFO: 23:09:56.257 [task-runner-1-53] [INFO ] q.lib.plugins.DetectionPluginTools - 0 nuclei detected (processing time: 6.15 seconds)
2024-10-22 23:09:56 INFO: 23:09:56.258 [main] [INFO ] q.l.p.CommandLineTaskRunner$CommandLineProgressMonitor - 0 nuclei detected (64%)
2024-10-22 23:09:57 INFO: 23:09:57.047 [task-runner-1-41] [INFO ] q.lib.plugins.DetectionPluginTools - 1288 nuclei detected (processing time: 12.18 seconds)
2024-10-22 23:09:57 INFO: 23:09:57.048 [main] [INFO ] q.l.p.CommandLineTaskRunner$CommandLineProgressMonitor - 1288 nuclei detected (65%)
2024-10-22 23:09:57 INFO: 23:09:57.137 [task-runner-1-52] [INFO ] q.lib.plugins.DetectionPluginTools - 5 nuclei detected (processing time: 6.04 seconds)
2024-10-22 23:09:57 INFO: 23:09:57.138 [main] [INFO ] q.l.p.CommandLineTaskRunner$CommandLineProgressMonitor - 5 nuclei detected (66%)
2024-10-22 23:09:57 INFO: 23:09:57.263 [task-runner-1-33] [INFO ] q.lib.plugins.DetectionPluginTools - 0 nuclei detected (processing time: 5.31 seconds)
2024-10-22 23:09:57 INFO: 23:09:57.264 [main] [INFO ] q.l.p.CommandLineTaskRunner$CommandLineProgressMonitor - 0 nuclei detected (66%)
2024-10-22 23:09:57 INFO: 23:09:57.332 [task-runner-1-21] [INFO ] q.lib.plugins.DetectionPluginTools - 1102 nuclei detected (processing time: 12.74 seconds)
2024-10-22 23:09:57 INFO: 23:09:57.332 [main] [INFO ] q.l.p.CommandLineTaskRunner$CommandLineProgressMonitor - 1102 nuclei detected (67%)
2024-10-22 23:09:57 INFO: 23:09:57.402 [task-runner-1-1] [INFO ] q.lib.plugins.DetectionPluginTools - 1 nucleus detected (processing time: 6.23 seconds)
2024-10-22 23:09:57 INFO: 23:09:57.402 [main] [INFO ] q.l.p.CommandLineTaskRunner$CommandLineProgressMonitor - 1 nucleus detected (68%)
2024-10-22 23:09:57 INFO: 23:09:57.580 [task-runner-1-32] [INFO ] q.lib.plugins.DetectionPluginTools - 3886 nuclei detected (processing time: 20.63 seconds)
2024-10-22 23:09:57 INFO: 23:09:57.583 [main] [INFO ] q.l.p.CommandLineTaskRunner$CommandLineProgressMonitor - 3886 nuclei detected (68%)
2024-10-22 23:09:57 INFO: 23:09:57.715 [task-runner-1-42] [INFO ] q.lib.plugins.DetectionPluginTools - 1276 nuclei detected (processing time: 12.97 seconds)
2024-10-22 23:09:57 INFO: 23:09:57.717 [main] [INFO ] q.l.p.CommandLineTaskRunner$CommandLineProgressMonitor - 1276 nuclei detected (69%)
2024-10-22 23:09:57 INFO: 23:09:57.765 [task-runner-1-56] [INFO ] q.lib.plugins.DetectionPluginTools - 1550 nuclei detected (processing time: 8.96 seconds)
2024-10-22 23:09:57 INFO: 23:09:57.765 [main] [INFO ] q.l.p.CommandLineTaskRunner$CommandLineProgressMonitor - 1550 nuclei detected (69%)
2024-10-22 23:09:57 INFO: 23:09:57.889 [task-runner-1-2] [INFO ] q.lib.plugins.DetectionPluginTools - 1 nucleus detected (processing time: 5.67 seconds)
2024-10-22 23:09:57 INFO: 23:09:57.891 [main] [INFO ] q.l.p.CommandLineTaskRunner$CommandLineProgressMonitor - 1 nucleus detected (70%)
2024-10-22 23:09:57 INFO: 23:09:57.902 [task-runner-1-14] [INFO ] q.lib.plugins.DetectionPluginTools - 1 nucleus detected (processing time: 5.33 seconds)
2024-10-22 23:09:57 INFO: 23:09:57.903 [main] [INFO ] q.l.p.CommandLineTaskRunner$CommandLineProgressMonitor - 1 nucleus detected (71%)
2024-10-22 23:09:58 INFO: 23:09:58.020 [task-runner-1-6] [INFO ] q.lib.plugins.DetectionPluginTools - 1 nucleus detected (processing time: 5.02 seconds)
2024-10-22 23:09:58 INFO: 23:09:58.064 [task-runner-1-50] [INFO ] q.lib.plugins.DetectionPluginTools - 2578 nuclei detected (processing time: 18.02 seconds)
2024-10-22 23:09:58 INFO: 23:09:58.064 [main] [INFO ] q.l.p.CommandLineTaskRunner$CommandLineProgressMonitor - 2578 nuclei detected (72%)
2024-10-22 23:09:58 INFO: 23:09:58.076 [task-runner-1-17] [INFO ] q.lib.plugins.DetectionPluginTools - 3251 nuclei detected (processing time: 18.77 seconds)
2024-10-22 23:09:58 INFO: 23:09:58.077 [main] [INFO ] q.l.p.CommandLineTaskRunner$CommandLineProgressMonitor - 3251 nuclei detected (73%)
2024-10-22 23:09:58 INFO: 23:09:58.234 [task-runner-1-63] [INFO ] q.lib.plugins.DetectionPluginTools - 0 nuclei detected (processing time: 5.31 seconds)
2024-10-22 23:09:58 INFO: 23:09:58.234 [main] [INFO ] q.l.p.CommandLineTaskRunner$CommandLineProgressMonitor - 0 nuclei detected (73%)
2024-10-22 23:09:58 INFO: 23:09:58.305 [task-runner-1-49] [INFO ] q.lib.plugins.DetectionPluginTools - 2862 nuclei detected (processing time: 18.60 seconds)
2024-10-22 23:09:58 INFO: 23:09:58.305 [main] [INFO ] q.l.p.CommandLineTaskRunner$CommandLineProgressMonitor - 2862 nuclei detected (74%)
2024-10-22 23:09:58 INFO: 23:09:58.322 [task-runner-1-29] [INFO ] q.lib.plugins.DetectionPluginTools - 2982 nuclei detected (processing time: 18.99 seconds)
2024-10-22 23:09:58 INFO: 23:09:58.323 [main] [INFO ] q.l.p.CommandLineTaskRunner$CommandLineProgressMonitor - 2982 nuclei detected (74%)
2024-10-22 23:09:58 INFO: 23:09:58.525 [task-runner-1-3] [INFO ] q.lib.plugins.DetectionPluginTools - 4086 nuclei detected (processing time: 21.57 seconds)
2024-10-22 23:09:58 INFO: 23:09:58.526 [main] [INFO ] q.l.p.CommandLineTaskRunner$CommandLineProgressMonitor - 4086 nuclei detected (75%)
2024-10-22 23:09:58 INFO: 23:09:58.554 [task-runner-1-57] [INFO ] q.lib.plugins.DetectionPluginTools - 1 nucleus detected (processing time: 5.50 seconds)
2024-10-22 23:09:58 INFO: 23:09:58.555 [main] [INFO ] q.l.p.CommandLineTaskRunner$CommandLineProgressMonitor - 1 nucleus detected (76%)
2024-10-22 23:09:58 INFO: 23:09:58.653 [task-runner-1-4] [INFO ] q.lib.plugins.DetectionPluginTools - 0 nuclei detected (processing time: 5.15 seconds)
2024-10-22 23:09:58 INFO: 23:09:58.654 [main] [INFO ] q.l.p.CommandLineTaskRunner$CommandLineProgressMonitor - 0 nuclei detected (76%)
2024-10-22 23:09:58 INFO: 23:09:58.676 [task-runner-1-37] [INFO ] q.lib.plugins.DetectionPluginTools - 0 nuclei detected (processing time: 4.64 seconds)
2024-10-22 23:09:58 INFO: 23:09:58.676 [main] [INFO ] q.l.p.CommandLineTaskRunner$CommandLineProgressMonitor - 0 nuclei detected (77%)
2024-10-22 23:09:58 INFO: 23:09:58.692 [task-runner-1-12] [INFO ] q.lib.plugins.DetectionPluginTools - 0 nuclei detected (processing time: 4.88 seconds)
2024-10-22 23:09:58 INFO: 23:09:58.693 [main] [INFO ] q.l.p.CommandLineTaskRunner$CommandLineProgressMonitor - 0 nuclei detected (78%)
2024-10-22 23:09:58 INFO: 23:09:58.702 [task-runner-1-35] [INFO ] q.lib.plugins.DetectionPluginTools - 1 nucleus detected (processing time: 5.35 seconds)
2024-10-22 23:09:58 INFO: 23:09:58.702 [main] [INFO ] q.l.p.CommandLineTaskRunner$CommandLineProgressMonitor - 1 nucleus detected (78%)
2024-10-22 23:09:58 INFO: 23:09:58.781 [task-runner-1-62] [INFO ] q.lib.plugins.DetectionPluginTools - 0 nuclei detected (processing time: 5.26 seconds)
2024-10-22 23:09:58 INFO: 23:09:58.781 [main] [INFO ] q.l.p.CommandLineTaskRunner$CommandLineProgressMonitor - 0 nuclei detected (79%)
2024-10-22 23:09:58 INFO: 23:09:58.858 [task-runner-1-48] [INFO ] q.lib.plugins.DetectionPluginTools - 5184 nuclei detected (processing time: 22.16 seconds)
2024-10-22 23:09:58 INFO: 23:09:58.858 [main] [INFO ] q.l.p.CommandLineTaskRunner$CommandLineProgressMonitor - 5184 nuclei detected (79%)
2024-10-22 23:09:58 INFO: 23:09:58.873 [task-runner-1-30] [INFO ] q.lib.plugins.DetectionPluginTools - 0 nuclei detected (processing time: 5.14 seconds)
2024-10-22 23:09:58 INFO: 23:09:58.873 [main] [INFO ] q.l.p.CommandLineTaskRunner$CommandLineProgressMonitor - 0 nuclei detected (80%)
2024-10-22 23:09:58 INFO: 23:09:58.949 [task-runner-1-26] [INFO ] q.lib.plugins.DetectionPluginTools - 4000 nuclei detected (processing time: 19.52 seconds)
2024-10-22 23:09:58 INFO: 23:09:58.949 [main] [INFO ] q.l.p.CommandLineTaskRunner$CommandLineProgressMonitor - 4000 nuclei detected (81%)
2024-10-22 23:09:58 INFO: 23:09:58.976 [task-runner-1-18] [INFO ] q.lib.plugins.DetectionPluginTools - 0 nuclei detected (processing time: 5.64 seconds)
2024-10-22 23:09:58 INFO: 23:09:58.976 [main] [INFO ] q.l.p.CommandLineTaskRunner$CommandLineProgressMonitor - 0 nuclei detected (81%)
2024-10-22 23:09:59 INFO: 23:09:59.011 [task-runner-1-9] [INFO ] q.lib.plugins.DetectionPluginTools - 6435 nuclei detected (processing time: 22.06 seconds)
2024-10-22 23:09:59 INFO: 23:09:59.011 [main] [INFO ] q.l.p.CommandLineTaskRunner$CommandLineProgressMonitor - 6435 nuclei detected (82%)
2024-10-22 23:09:59 INFO: 23:09:59.035 [task-runner-1-19] [INFO ] q.lib.plugins.DetectionPluginTools - 2490 nuclei detected (processing time: 19.29 seconds)
2024-10-22 23:09:59 INFO: 23:09:59.035 [main] [INFO ] q.l.p.CommandLineTaskRunner$CommandLineProgressMonitor - 2490 nuclei detected (83%)
2024-10-22 23:09:59 INFO: 23:09:59.041 [task-runner-1-55] [INFO ] q.lib.plugins.DetectionPluginTools - 0 nuclei detected (processing time: 5.29 seconds)
2024-10-22 23:09:59 INFO: 23:09:59.041 [main] [INFO ] q.l.p.CommandLineTaskRunner$CommandLineProgressMonitor - 0 nuclei detected (83%)
2024-10-22 23:09:59 INFO: 23:09:59.060 [task-runner-1-8] [INFO ] q.lib.plugins.DetectionPluginTools - 3342 nuclei detected (processing time: 19.76 seconds)
2024-10-22 23:09:59 INFO: 23:09:59.061 [main] [INFO ] q.l.p.CommandLineTaskRunner$CommandLineProgressMonitor - 3342 nuclei detected (84%)
2024-10-22 23:09:59 INFO: 23:09:59.077 [task-runner-1-61] [INFO ] q.lib.plugins.DetectionPluginTools - 2571 nuclei detected (processing time: 19.08 seconds)
2024-10-22 23:09:59 INFO: 23:09:59.077 [main] [INFO ] q.l.p.CommandLineTaskRunner$CommandLineProgressMonitor - 2571 nuclei detected (84%)
2024-10-22 23:09:59 INFO: 23:09:59.138 [task-runner-1-11] [INFO ] q.lib.plugins.DetectionPluginTools - 3457 nuclei detected (processing time: 19.83 seconds)
2024-10-22 23:09:59 INFO: 23:09:59.138 [main] [INFO ] q.l.p.CommandLineTaskRunner$CommandLineProgressMonitor - 3457 nuclei detected (85%)
2024-10-22 23:09:59 INFO: 23:09:59.400 [task-runner-1-47] [INFO ] q.lib.plugins.DetectionPluginTools - 3851 nuclei detected (processing time: 22.02 seconds)
2024-10-22 23:09:59 INFO: 23:09:59.401 [main] [INFO ] q.l.p.CommandLineTaskRunner$CommandLineProgressMonitor - 3851 nuclei detected (86%)
2024-10-22 23:09:59 INFO: 23:09:59.536 [task-runner-1-13] [INFO ] q.lib.plugins.DetectionPluginTools - 3378 nuclei detected (processing time: 20.20 seconds)
2024-10-22 23:09:59 INFO: 23:09:59.536 [main] [INFO ] q.l.p.CommandLineTaskRunner$CommandLineProgressMonitor - 3378 nuclei detected (86%)
2024-10-22 23:09:59 INFO: 23:09:59.562 [task-runner-1-45] [INFO ] q.lib.plugins.DetectionPluginTools - 2990 nuclei detected (processing time: 19.90 seconds)
2024-10-22 23:09:59 INFO: 23:09:59.562 [main] [INFO ] q.l.p.CommandLineTaskRunner$CommandLineProgressMonitor - 2990 nuclei detected (87%)
2024-10-22 23:09:59 INFO: 23:09:59.578 [task-runner-1-31] [INFO ] q.lib.plugins.DetectionPluginTools - 3676 nuclei detected (processing time: 20.23 seconds)
2024-10-22 23:09:59 INFO: 23:09:59.578 [main] [INFO ] q.l.p.CommandLineTaskRunner$CommandLineProgressMonitor - 3676 nuclei detected (88%)
2024-10-22 23:09:59 INFO: 23:09:59.604 [task-runner-1-40] [INFO ] q.lib.plugins.DetectionPluginTools - 1994 nuclei detected (processing time: 14.92 seconds)
2024-10-22 23:09:59 INFO: 23:09:59.604 [main] [INFO ] q.l.p.CommandLineTaskRunner$CommandLineProgressMonitor - 1994 nuclei detected (88%)
2024-10-22 23:09:59 INFO: 23:09:59.645 [task-runner-1-58] [INFO ] q.lib.plugins.DetectionPluginTools - 2924 nuclei detected (processing time: 14.38 seconds)
2024-10-22 23:09:59 INFO: 23:09:59.645 [main] [INFO ] q.l.p.CommandLineTaskRunner$CommandLineProgressMonitor - 2924 nuclei detected (89%)
2024-10-22 23:09:59 INFO: 23:09:59.660 [task-runner-1-25] [INFO ] q.lib.plugins.DetectionPluginTools - 3507 nuclei detected (processing time: 19.65 seconds)
2024-10-22 23:09:59 INFO: 23:09:59.661 [main] [INFO ] q.l.p.CommandLineTaskRunner$CommandLineProgressMonitor - 3507 nuclei detected (89%)
2024-10-22 23:09:59 INFO: 23:09:59.744 [task-runner-1-34] [INFO ] q.lib.plugins.DetectionPluginTools - 2698 nuclei detected (processing time: 19.65 seconds)
2024-10-22 23:09:59 INFO: 23:09:59.744 [main] [INFO ] q.l.p.CommandLineTaskRunner$CommandLineProgressMonitor - 2698 nuclei detected (90%)
2024-10-22 23:09:59 INFO: 23:09:59.944 [task-runner-1-5] [INFO ] q.lib.plugins.DetectionPluginTools - 3448 nuclei detected (processing time: 20.34 seconds)
2024-10-22 23:09:59 INFO: 23:09:59.945 [main] [INFO ] q.l.p.CommandLineTaskRunner$CommandLineProgressMonitor - 3448 nuclei detected (91%)
2024-10-22 23:10:00 INFO: 23:10:00.048 [task-runner-1-46] [INFO ] q.lib.plugins.DetectionPluginTools - 4026 nuclei detected (processing time: 20.61 seconds)
2024-10-22 23:10:00 INFO: 23:10:00.049 [main] [INFO ] q.l.p.CommandLineTaskRunner$CommandLineProgressMonitor - 4026 nuclei detected (91%)
2024-10-22 23:10:00 INFO: 23:10:00.087 [task-runner-1-28] [INFO ] q.lib.plugins.DetectionPluginTools - 4370 nuclei detected (processing time: 20.74 seconds)
2024-10-22 23:10:00 INFO: 23:10:00.088 [main] [INFO ] q.l.p.CommandLineTaskRunner$CommandLineProgressMonitor - 4370 nuclei detected (92%)
2024-10-22 23:10:00 INFO: 23:10:00.113 [task-runner-1-54] [INFO ] q.lib.plugins.DetectionPluginTools - 2274 nuclei detected (processing time: 10.93 seconds)
2024-10-22 23:10:00 INFO: 23:10:00.114 [main] [INFO ] q.l.p.CommandLineTaskRunner$CommandLineProgressMonitor - 2274 nuclei detected (93%)
2024-10-22 23:10:00 INFO: 23:10:00.161 [task-runner-1-51] [INFO ] q.lib.plugins.DetectionPluginTools - 3541 nuclei detected (processing time: 19.76 seconds)
2024-10-22 23:10:00 INFO: 23:10:00.162 [main] [INFO ] q.l.p.CommandLineTaskRunner$CommandLineProgressMonitor - 3541 nuclei detected (93%)
2024-10-22 23:10:00 INFO: 23:10:00.185 [task-runner-1-23] [INFO ] q.lib.plugins.DetectionPluginTools - 3474 nuclei detected (processing time: 19.80 seconds)
2024-10-22 23:10:00 INFO: 23:10:00.186 [main] [INFO ] q.l.p.CommandLineTaskRunner$CommandLineProgressMonitor - 3474 nuclei detected (94%)
2024-10-22 23:10:00 INFO: 23:10:00.195 [task-runner-1-20] [INFO ] q.lib.plugins.DetectionPluginTools - 3579 nuclei detected (processing time: 20.03 seconds)
2024-10-22 23:10:00 INFO: 23:10:00.196 [main] [INFO ] q.l.p.CommandLineTaskRunner$CommandLineProgressMonitor - 3579 nuclei detected (94%)
2024-10-22 23:10:00 INFO: 23:10:00.233 [task-runner-1-15] [INFO ] q.lib.plugins.DetectionPluginTools - 2667 nuclei detected (processing time: 11.03 seconds)
2024-10-22 23:10:00 INFO: 23:10:00.233 [main] [INFO ] q.l.p.CommandLineTaskRunner$CommandLineProgressMonitor - 2667 nuclei detected (95%)
2024-10-22 23:10:00 INFO: 23:10:00.507 [task-runner-1-43] [INFO ] q.lib.plugins.DetectionPluginTools - 4680 nuclei detected (processing time: 20.10 seconds)
2024-10-22 23:10:00 INFO: 23:10:00.507 [main] [INFO ] q.l.p.CommandLineTaskRunner$CommandLineProgressMonitor - 4680 nuclei detected (96%)
2024-10-22 23:10:00 INFO: 23:10:00.541 [task-runner-1-24] [INFO ] q.lib.plugins.DetectionPluginTools - 4048 nuclei detected (processing time: 20.12 seconds)
2024-10-22 23:10:00 INFO: 23:10:00.542 [main] [INFO ] q.l.p.CommandLineTaskRunner$CommandLineProgressMonitor - 4048 nuclei detected (96%)
2024-10-22 23:10:00 INFO: 23:10:00.700 [task-runner-1-60] [INFO ] q.lib.plugins.DetectionPluginTools - 5080 nuclei detected (processing time: 20.20 seconds)
2024-10-22 23:10:00 INFO: 23:10:00.701 [main] [INFO ] q.l.p.CommandLineTaskRunner$CommandLineProgressMonitor - 5080 nuclei detected (97%)
2024-10-22 23:10:00 INFO: 23:10:00.986 [task-runner-1-59] [INFO ] q.lib.plugins.DetectionPluginTools - 3860 nuclei detected (processing time: 15.72 seconds)
2024-10-22 23:10:00 INFO: 23:10:00.987 [main] [INFO ] q.l.p.CommandLineTaskRunner$CommandLineProgressMonitor - 3860 nuclei detected (98%)
2024-10-22 23:10:01 INFO: 23:10:01.519 [task-runner-1-27] [INFO ] q.lib.plugins.DetectionPluginTools - 5110 nuclei detected (processing time: 16.23 seconds)
2024-10-22 23:10:01 INFO: 23:10:01.519 [main] [INFO ] q.l.p.CommandLineTaskRunner$CommandLineProgressMonitor - 5110 nuclei detected (98%)
2024-10-22 23:10:01 INFO: 23:10:01.718 [task-runner-1-16] [INFO ] q.lib.plugins.DetectionPluginTools - 5461 nuclei detected (processing time: 16.39 seconds)
2024-10-22 23:10:01 INFO: 23:10:01.719 [main] [INFO ] q.l.p.CommandLineTaskRunner$CommandLineProgressMonitor - 5461 nuclei detected (99%)
2024-10-22 23:10:01 INFO: 23:10:01.819 [task-runner-1-38] [INFO ] q.lib.plugins.DetectionPluginTools - 4553 nuclei detected (processing time: 15.82 seconds)
2024-10-22 23:10:01 INFO: 23:10:01.820 [main] [INFO ] q.l.p.CommandLineTaskRunner$CommandLineProgressMonitor - 4553 nuclei detected (99%)
2024-10-22 23:10:01 INFO: 23:10:01.985 [task-runner-1-39] [INFO ] q.lib.plugins.DetectionPluginTools - 5503 nuclei detected (processing time: 16.01 seconds)
2024-10-22 23:10:01 INFO: 23:10:01.986 [main] [INFO ] q.l.p.CommandLineTaskRunner$CommandLineProgressMonitor - 5503 nuclei detected (100%)
2024-10-22 23:10:01 INFO: 23:10:01.986 [main] [INFO ] q.l.p.CommandLineTaskRunner$CommandLineProgressMonitor - Processing complete in 37.13 seconds
2024-10-22 23:10:01 INFO: 23:10:01.986 [main] [INFO ] q.l.p.CommandLineTaskRunner$CommandLineProgressMonitor - Tasks completed!
2024-10-22 23:10:12 INFO: 23:10:12.108 [main] [WARN ] q.l.p.objects.SmoothFeaturesPlugin - Smoothing using annotations
2024-10-22 23:10:15 INFO: 23:10:15.548 [main] [INFO ] q.l.p.CommandLineTaskRunner$CommandLineProgressMonitor - Completed (100%)
2024-10-22 23:10:15 INFO: 23:10:15.548 [main] [INFO ] q.l.p.CommandLineTaskRunner$CommandLineProgressMonitor - Processing complete in 3.44 seconds
2024-10-22 23:10:15 INFO: 23:10:15.548 [main] [INFO ] q.l.p.CommandLineTaskRunner$CommandLineProgressMonitor - Tasks completed!
2024-10-22 23:10:15 INFO: 23:10:15.550 [main] [WARN ] q.l.p.objects.SmoothFeaturesPlugin - Smoothing using annotations
2024-10-22 23:10:21 INFO: 23:10:21.739 [main] [INFO ] q.l.p.CommandLineTaskRunner$CommandLineProgressMonitor - Completed (100%)
2024-10-22 23:10:21 INFO: 23:10:21.739 [main] [INFO ] q.l.p.CommandLineTaskRunner$CommandLineProgressMonitor - Processing complete in 6.19 seconds
2024-10-22 23:10:21 INFO: 23:10:21.740 [main] [INFO ] q.l.p.CommandLineTaskRunner$CommandLineProgressMonitor - Tasks completed!
2024-10-22 23:10:21 INFO: 23:10:21.741 [main] [WARN ] q.l.p.objects.SmoothFeaturesPlugin - Smoothing using annotations
2024-10-22 23:10:40 INFO: 23:10:40.063 [main] [INFO ] q.l.p.CommandLineTaskRunner$CommandLineProgressMonitor - Completed (100%)
2024-10-22 23:10:40 INFO: 23:10:40.063 [main] [INFO ] q.l.p.CommandLineTaskRunner$CommandLineProgressMonitor - Processing complete in 18.32 seconds
2024-10-22 23:10:40 INFO: 23:10:40.063 [main] [INFO ] q.l.p.CommandLineTaskRunner$CommandLineProgressMonitor - Tasks completed!
2024-10-22 23:10:40 INFO: 23:10:40.264 [task-runner-5-2] [INFO ] q.l.a.IntensityFeaturesPlugin - Splitting Rectangle (0, 0, 63784, 39311) into 40 tiles for intensity measurements
2024-10-22 23:10:40 INFO: 23:10:40.391 [main] [INFO ] q.l.p.CommandLineTaskRunner$CommandLineProgressMonitor - Completed (0%)
2024-10-22 23:10:41 INFO: 23:10:41.913 [main] [INFO ] q.l.p.CommandLineTaskRunner$CommandLineProgressMonitor - Completed (1%)
2024-10-22 23:10:42 INFO: 23:10:42.208 [main] [INFO ] q.l.p.CommandLineTaskRunner$CommandLineProgressMonitor - Completed (2%)
2024-10-22 23:10:42 INFO: 23:10:42.514 [main] [INFO ] q.l.p.CommandLineTaskRunner$CommandLineProgressMonitor - Completed (3%)
2024-10-22 23:10:42 INFO: 23:10:42.656 [main] [INFO ] q.l.p.CommandLineTaskRunner$CommandLineProgressMonitor - Completed (4%)
2024-10-22 23:10:42 INFO: 23:10:42.802 [main] [INFO ] q.l.p.CommandLineTaskRunner$CommandLineProgressMonitor - Completed (5%)
2024-10-22 23:10:43 INFO: 23:10:43.251 [main] [INFO ] q.l.p.CommandLineTaskRunner$CommandLineProgressMonitor - Completed (6%)
2024-10-22 23:10:43 INFO: 23:10:43.362 [main] [INFO ] q.l.p.CommandLineTaskRunner$CommandLineProgressMonitor - Completed (7%)
2024-10-22 23:10:43 INFO: 23:10:43.471 [main] [INFO ] q.l.p.CommandLineTaskRunner$CommandLineProgressMonitor - Completed (8%)
2024-10-22 23:10:43 INFO: 23:10:43.578 [main] [INFO ] q.l.p.CommandLineTaskRunner$CommandLineProgressMonitor - Completed (9%)
2024-10-22 23:10:43 INFO: 23:10:43.684 [main] [INFO ] q.l.p.CommandLineTaskRunner$CommandLineProgressMonitor - Completed (10%)
2024-10-22 23:10:44 INFO: 23:10:44.101 [main] [INFO ] q.l.p.CommandLineTaskRunner$CommandLineProgressMonitor - Completed (11%)
2024-10-22 23:10:44 INFO: 23:10:44.215 [main] [INFO ] q.l.p.CommandLineTaskRunner$CommandLineProgressMonitor - Completed (12%)
2024-10-22 23:10:44 INFO: 23:10:44.331 [main] [INFO ] q.l.p.CommandLineTaskRunner$CommandLineProgressMonitor - Completed (13%)
2024-10-22 23:10:44 INFO: 23:10:44.444 [main] [INFO ] q.l.p.CommandLineTaskRunner$CommandLineProgressMonitor - Completed (14%)
2024-10-22 23:10:44 INFO: 23:10:44.903 [main] [INFO ] q.l.p.CommandLineTaskRunner$CommandLineProgressMonitor - Completed (15%)
2024-10-22 23:10:45 INFO: 23:10:45.009 [main] [INFO ] q.l.p.CommandLineTaskRunner$CommandLineProgressMonitor - Completed (16%)
2024-10-22 23:10:45 INFO: 23:10:45.112 [main] [INFO ] q.l.p.CommandLineTaskRunner$CommandLineProgressMonitor - Completed (17%)
2024-10-22 23:10:45 INFO: 23:10:45.208 [main] [INFO ] q.l.p.CommandLineTaskRunner$CommandLineProgressMonitor - Completed (18%)
2024-10-22 23:10:45 INFO: 23:10:45.307 [main] [INFO ] q.l.p.CommandLineTaskRunner$CommandLineProgressMonitor - Completed (19%)
2024-10-22 23:10:45 INFO: 23:10:45.402 [main] [INFO ] q.l.p.CommandLineTaskRunner$CommandLineProgressMonitor - Completed (20%)
2024-10-22 23:10:45 INFO: 23:10:45.499 [main] [INFO ] q.l.p.CommandLineTaskRunner$CommandLineProgressMonitor - Completed (21%)
2024-10-22 23:10:45 INFO: 23:10:45.596 [main] [INFO ] q.l.p.CommandLineTaskRunner$CommandLineProgressMonitor - Completed (22%)
2024-10-22 23:10:45 INFO: 23:10:45.708 [main] [INFO ] q.l.p.CommandLineTaskRunner$CommandLineProgressMonitor - Completed (23%)
2024-10-22 23:10:45 INFO: 23:10:45.841 [main] [INFO ] q.l.p.CommandLineTaskRunner$CommandLineProgressMonitor - Completed (24%)
2024-10-22 23:10:46 INFO: 23:10:46.129 [main] [INFO ] q.l.p.CommandLineTaskRunner$CommandLineProgressMonitor - Completed (25%)
2024-10-22 23:10:46 INFO: 23:10:46.237 [main] [INFO ] q.l.p.CommandLineTaskRunner$CommandLineProgressMonitor - Completed (26%)
2024-10-22 23:10:46 INFO: 23:10:46.348 [main] [INFO ] q.l.p.CommandLineTaskRunner$CommandLineProgressMonitor - Completed (27%)
2024-10-22 23:10:46 INFO: 23:10:46.467 [main] [INFO ] q.l.p.CommandLineTaskRunner$CommandLineProgressMonitor - Completed (28%)
2024-10-22 23:10:46 INFO: 23:10:46.614 [main] [INFO ] q.l.p.CommandLineTaskRunner$CommandLineProgressMonitor - Completed (29%)
2024-10-22 23:10:46 INFO: 23:10:46.713 [main] [INFO ] q.l.p.CommandLineTaskRunner$CommandLineProgressMonitor - Completed (30%)
2024-10-22 23:10:46 INFO: 23:10:46.808 [main] [INFO ] q.l.p.CommandLineTaskRunner$CommandLineProgressMonitor - Completed (31%)
2024-10-22 23:10:46 INFO: 23:10:46.905 [main] [INFO ] q.l.p.CommandLineTaskRunner$CommandLineProgressMonitor - Completed (32%)
2024-10-22 23:10:46 INFO: 23:10:46.998 [main] [INFO ] q.l.p.CommandLineTaskRunner$CommandLineProgressMonitor - Completed (33%)
2024-10-22 23:10:47 INFO: 23:10:47.127 [main] [INFO ] q.l.p.CommandLineTaskRunner$CommandLineProgressMonitor - Completed (34%)
2024-10-22 23:10:47 INFO: 23:10:47.224 [main] [INFO ] q.l.p.CommandLineTaskRunner$CommandLineProgressMonitor - Completed (35%)
2024-10-22 23:10:47 INFO: 23:10:47.328 [main] [INFO ] q.l.p.CommandLineTaskRunner$CommandLineProgressMonitor - Completed (36%)
2024-10-22 23:10:47 INFO: 23:10:47.434 [main] [INFO ] q.l.p.CommandLineTaskRunner$CommandLineProgressMonitor - Completed (37%)
2024-10-22 23:10:47 INFO: 23:10:47.536 [main] [INFO ] q.l.p.CommandLineTaskRunner$CommandLineProgressMonitor - Completed (38%)
2024-10-22 23:10:47 INFO: 23:10:47.635 [main] [INFO ] q.l.p.CommandLineTaskRunner$CommandLineProgressMonitor - Completed (39%)
2024-10-22 23:10:47 INFO: 23:10:47.727 [main] [INFO ] q.l.p.CommandLineTaskRunner$CommandLineProgressMonitor - Completed (40%)
2024-10-22 23:10:47 INFO: 23:10:47.832 [main] [INFO ] q.l.p.CommandLineTaskRunner$CommandLineProgressMonitor - Completed (41%)
2024-10-22 23:10:47 INFO: 23:10:47.928 [main] [INFO ] q.l.p.CommandLineTaskRunner$CommandLineProgressMonitor - Completed (42%)
2024-10-22 23:10:48 INFO: 23:10:48.021 [main] [INFO ] q.l.p.CommandLineTaskRunner$CommandLineProgressMonitor - Completed (43%)
2024-10-22 23:10:48 INFO: 23:10:48.118 [main] [INFO ] q.l.p.CommandLineTaskRunner$CommandLineProgressMonitor - Completed (44%)
2024-10-22 23:10:48 INFO: 23:10:48.216 [main] [INFO ] q.l.p.CommandLineTaskRunner$CommandLineProgressMonitor - Completed (45%)
2024-10-22 23:10:48 INFO: 23:10:48.324 [main] [INFO ] q.l.p.CommandLineTaskRunner$CommandLineProgressMonitor - Completed (46%)
2024-10-22 23:10:48 INFO: 23:10:48.457 [main] [INFO ] q.l.p.CommandLineTaskRunner$CommandLineProgressMonitor - Completed (47%)
2024-10-22 23:10:48 INFO: 23:10:48.602 [main] [INFO ] q.l.p.CommandLineTaskRunner$CommandLineProgressMonitor - Completed (48%)
2024-10-22 23:10:48 INFO: 23:10:48.716 [main] [INFO ] q.l.p.CommandLineTaskRunner$CommandLineProgressMonitor - Completed (49%)
2024-10-22 23:10:48 INFO: 23:10:48.823 [main] [INFO ] q.l.p.CommandLineTaskRunner$CommandLineProgressMonitor - Completed (50%)
2024-10-22 23:10:48 INFO: 23:10:48.938 [main] [INFO ] q.l.p.CommandLineTaskRunner$CommandLineProgressMonitor - Completed (51%)
2024-10-22 23:10:49 INFO: 23:10:49.045 [main] [INFO ] q.l.p.CommandLineTaskRunner$CommandLineProgressMonitor - Completed (52%)
2024-10-22 23:10:49 INFO: 23:10:49.138 [main] [INFO ] q.l.p.CommandLineTaskRunner$CommandLineProgressMonitor - Completed (53%)
2024-10-22 23:10:49 INFO: 23:10:49.234 [main] [INFO ] q.l.p.CommandLineTaskRunner$CommandLineProgressMonitor - Completed (54%)
2024-10-22 23:10:49 INFO: 23:10:49.325 [main] [INFO ] q.l.p.CommandLineTaskRunner$CommandLineProgressMonitor - Completed (55%)
2024-10-22 23:10:49 INFO: 23:10:49.417 [main] [INFO ] q.l.p.CommandLineTaskRunner$CommandLineProgressMonitor - Completed (56%)
2024-10-22 23:10:49 INFO: 23:10:49.509 [main] [INFO ] q.l.p.CommandLineTaskRunner$CommandLineProgressMonitor - Completed (57%)
2024-10-22 23:10:49 INFO: 23:10:49.607 [main] [INFO ] q.l.p.CommandLineTaskRunner$CommandLineProgressMonitor - Completed (58%)
2024-10-22 23:10:49 INFO: 23:10:49.700 [main] [INFO ] q.l.p.CommandLineTaskRunner$CommandLineProgressMonitor - Completed (59%)
2024-10-22 23:10:49 INFO: 23:10:49.798 [main] [INFO ] q.l.p.CommandLineTaskRunner$CommandLineProgressMonitor - Completed (60%)
2024-10-22 23:10:49 INFO: 23:10:49.896 [main] [INFO ] q.l.p.CommandLineTaskRunner$CommandLineProgressMonitor - Completed (61%)
2024-10-22 23:10:49 INFO: 23:10:49.997 [main] [INFO ] q.l.p.CommandLineTaskRunner$CommandLineProgressMonitor - Completed (62%)
2024-10-22 23:10:50 INFO: 23:10:50.095 [main] [INFO ] q.l.p.CommandLineTaskRunner$CommandLineProgressMonitor - Completed (63%)
2024-10-22 23:10:50 INFO: 23:10:50.214 [main] [INFO ] q.l.p.CommandLineTaskRunner$CommandLineProgressMonitor - Completed (64%)
2024-10-22 23:10:50 INFO: 23:10:50.311 [main] [INFO ] q.l.p.CommandLineTaskRunner$CommandLineProgressMonitor - Completed (65%)
2024-10-22 23:10:50 INFO: 23:10:50.437 [main] [INFO ] q.l.p.CommandLineTaskRunner$CommandLineProgressMonitor - Completed (66%)
2024-10-22 23:10:50 INFO: 23:10:50.588 [main] [INFO ] q.l.p.CommandLineTaskRunner$CommandLineProgressMonitor - Completed (67%)
2024-10-22 23:10:50 INFO: 23:10:50.740 [main] [INFO ] q.l.p.CommandLineTaskRunner$CommandLineProgressMonitor - Completed (68%)
2024-10-22 23:10:50 INFO: 23:10:50.890 [main] [INFO ] q.l.p.CommandLineTaskRunner$CommandLineProgressMonitor - Completed (69%)
2024-10-22 23:10:51 INFO: 23:10:51.041 [main] [INFO ] q.l.p.CommandLineTaskRunner$CommandLineProgressMonitor - Completed (70%)
2024-10-22 23:10:51 INFO: 23:10:51.191 [main] [INFO ] q.l.p.CommandLineTaskRunner$CommandLineProgressMonitor - Completed (71%)
2024-10-22 23:10:51 INFO: 23:10:51.343 [main] [INFO ] q.l.p.CommandLineTaskRunner$CommandLineProgressMonitor - Completed (72%)
2024-10-22 23:10:51 INFO: 23:10:51.494 [main] [INFO ] q.l.p.CommandLineTaskRunner$CommandLineProgressMonitor - Completed (73%)
2024-10-22 23:10:51 INFO: 23:10:51.644 [main] [INFO ] q.l.p.CommandLineTaskRunner$CommandLineProgressMonitor - Completed (74%)
2024-10-22 23:10:51 INFO: 23:10:51.873 [main] [INFO ] q.l.p.CommandLineTaskRunner$CommandLineProgressMonitor - Completed (75%)
2024-10-22 23:10:52 INFO: 23:10:52.023 [main] [INFO ] q.l.p.CommandLineTaskRunner$CommandLineProgressMonitor - Completed (76%)
2024-10-22 23:10:52 INFO: 23:10:52.170 [main] [INFO ] q.l.p.CommandLineTaskRunner$CommandLineProgressMonitor - Completed (77%)
2024-10-22 23:10:52 INFO: 23:10:52.309 [main] [INFO ] q.l.p.CommandLineTaskRunner$CommandLineProgressMonitor - Completed (78%)
2024-10-22 23:10:52 INFO: 23:10:52.460 [main] [INFO ] q.l.p.CommandLineTaskRunner$CommandLineProgressMonitor - Completed (79%)
2024-10-22 23:10:52 INFO: 23:10:52.605 [main] [INFO ] q.l.p.CommandLineTaskRunner$CommandLineProgressMonitor - Completed (80%)
2024-10-22 23:10:52 INFO: 23:10:52.765 [main] [INFO ] q.l.p.CommandLineTaskRunner$CommandLineProgressMonitor - Completed (81%)
2024-10-22 23:10:52 INFO: 23:10:52.957 [main] [INFO ] q.l.p.CommandLineTaskRunner$CommandLineProgressMonitor - Completed (82%)
2024-10-22 23:10:53 INFO: 23:10:53.107 [main] [INFO ] q.l.p.CommandLineTaskRunner$CommandLineProgressMonitor - Completed (83%)
2024-10-22 23:10:53 INFO: 23:10:53.258 [main] [INFO ] q.l.p.CommandLineTaskRunner$CommandLineProgressMonitor - Completed (84%)
2024-10-22 23:10:53 INFO: 23:10:53.403 [main] [INFO ] q.l.p.CommandLineTaskRunner$CommandLineProgressMonitor - Completed (85%)
2024-10-22 23:10:53 INFO: 23:10:53.643 [main] [INFO ] q.l.p.CommandLineTaskRunner$CommandLineProgressMonitor - Completed (86%)
2024-10-22 23:10:53 INFO: 23:10:53.750 [main] [INFO ] q.l.p.CommandLineTaskRunner$CommandLineProgressMonitor - Completed (87%)
2024-10-22 23:10:53 INFO: 23:10:53.859 [main] [INFO ] q.l.p.CommandLineTaskRunner$CommandLineProgressMonitor - Completed (88%)
2024-10-22 23:10:53 INFO: 23:10:53.958 [main] [INFO ] q.l.p.CommandLineTaskRunner$CommandLineProgressMonitor - Completed (89%)
2024-10-22 23:10:54 INFO: 23:10:54.057 [main] [INFO ] q.l.p.CommandLineTaskRunner$CommandLineProgressMonitor - Completed (90%)
2024-10-22 23:10:54 INFO: 23:10:54.159 [main] [INFO ] q.l.p.CommandLineTaskRunner$CommandLineProgressMonitor - Completed (91%)
2024-10-22 23:10:54 INFO: 23:10:54.250 [main] [INFO ] q.l.p.CommandLineTaskRunner$CommandLineProgressMonitor - Completed (92%)
2024-10-22 23:10:54 INFO: 23:10:54.343 [main] [INFO ] q.l.p.CommandLineTaskRunner$CommandLineProgressMonitor - Completed (93%)
2024-10-22 23:10:54 INFO: 23:10:54.451 [main] [INFO ] q.l.p.CommandLineTaskRunner$CommandLineProgressMonitor - Completed (94%)
2024-10-22 23:10:54 INFO: 23:10:54.591 [main] [INFO ] q.l.p.CommandLineTaskRunner$CommandLineProgressMonitor - Completed (95%)
2024-10-22 23:10:54 INFO: 23:10:54.729 [main] [INFO ] q.l.p.CommandLineTaskRunner$CommandLineProgressMonitor - Completed (96%)
2024-10-22 23:10:54 INFO: 23:10:54.867 [main] [INFO ] q.l.p.CommandLineTaskRunner$CommandLineProgressMonitor - Completed (97%)
2024-10-22 23:10:55 INFO: 23:10:55.022 [main] [INFO ] q.l.p.CommandLineTaskRunner$CommandLineProgressMonitor - Completed (98%)
2024-10-22 23:10:55 INFO: 23:10:55.164 [main] [INFO ] q.l.p.CommandLineTaskRunner$CommandLineProgressMonitor - Completed (99%)
2024-10-22 23:10:55 INFO: 23:10:55.293 [main] [INFO ] q.l.p.CommandLineTaskRunner$CommandLineProgressMonitor - Completed (100%)
2024-10-22 23:11:54 INFO: 23:11:54.293 [main] [INFO ] q.l.p.CommandLineTaskRunner$CommandLineProgressMonitor - Completed (100%)
2024-10-22 23:11:54 INFO: 23:11:54.295 [main] [INFO ] q.l.p.CommandLineTaskRunner$CommandLineProgressMonitor - Processing complete in 74.04 seconds
2024-10-22 23:11:54 INFO: 23:11:54.295 [main] [INFO ] q.l.p.CommandLineTaskRunner$CommandLineProgressMonitor - Tasks completed!
2024-10-22 23:13:58 INFO: 23:13:58.992 [task-runner-6-1] [WARN ] q.o.features.DelaunayTriangulation - Some objects have missing measurements! Statistics will calculated only for objects with measurements available.
2024-10-22 23:13:58 INFO: 23:13:58.992 [task-runner-6-1] [WARN ] q.o.features.DelaunayTriangulation - Missing measurements: [ROI: 1.00 m per pixel: Residual: Haralick Correlation (F2), ROI: 1.00 m per pixel: Residual: Haralick Information measure of correlation 1 (F11), ROI: 1.00 m per pixel: Residual: Haralick Information measure of correlation 2 (F12), ROI: 1.00 m per pixel: OD Sum: Haralick Correlation (F2), ROI: 1.00 m per pixel: OD Sum: Haralick Information measure of correlation 1 (F11)]
2024-10-22 23:13:59 INFO: 23:13:59.025 [main] [INFO ] q.l.p.CommandLineTaskRunner$CommandLineProgressMonitor - Delaunay triangulation calculated for Annotation (190176 objects) (100%)
2024-10-22 23:13:59 INFO: 23:13:59.026 [main] [INFO ] q.l.p.CommandLineTaskRunner$CommandLineProgressMonitor - Processing complete in 124.69 seconds
2024-10-22 23:13:59 INFO: 23:13:59.026 [main] [INFO ] q.l.p.CommandLineTaskRunner$CommandLineProgressMonitor - Tasks completed!
2024-10-22 23:16:15 INFO: TCGA-GI-A2C8-01Z-00-DX1.09BD8AC9-645A-4C8B-9B36-77D833BDBA09
2024-10-22 23:16:15 INFO: QuPath subprocess completed.
2024-10-22 23:16:25 INFO: QuPath image extraction completed successfully. Output directory: /home/ilants/Documents/jupyter_test/single_image_multiple_params/exp_backgroundRadiusMicrons_2.0
2024-10-22 23:16:25 INFO: Summary table saved to: /home/ilants/Documents/jupyter_test/single_image_multiple_params/exp_backgroundRadiusMicrons_2.0/Summary_Table.csv
2024-10-22 23:16:25 INFO: Experiment completed successfully.
