2024-10-23 01:49:22 INFO: Starting experiment with for minAreaMicrons with value of 6.6
2024-10-23 01:49:22 INFO: Running with the following configuration:
{'detectionImageBrightfield': 'Hematoxylin OD', 'requestedPixelSizeMicrons': 0.5, 'backgroundRadiusMicrons': 4.0, 'backgroundByReconstruction': True, 'medianRadiusMicrons': 0.0, 'sigmaMicrons': 1.5, 'minAreaMicrons': 6.6, 'maxAreaMicrons': 80.0, 'threshold': 0.1, 'maxBackground': 2.0, 'watershedPostProcess': True, 'cellExpansionMicrons': 5.0, 'includeNuclei': True, 'smoothBoundaries': True, 'makeMeasurements': True, 'backgroundRadiusPixel': 8.0, 'cellExpansionPixel': 10.0, 'medianRadiusPixel': 0.0, 'minAreaPixel': 20.0, 'maxAreaPixel': 160.0}
2024-10-23 01:49:22 INFO: Starting QuPath image extraction with the following parameters: image_dir=/home/ilants/Documents/jupyter_test, output_dir=/home/ilants/Documents/jupyter_test/single_image_multiple_params/exp_minAreaMicrons_6.6, image_type=svs, groovy_script=/home/ilants/Documents/utls/nucleus_detection_wargs.groovy, config_file=/home/ilants/Documents/jupyter_test/single_image_multiple_params/exp_minAreaMicrons_6.6/cfg.json, program_path=/home/ilants/Documents/QuPath-v0.5.1-Linux/QuPath/bin/QuPath
2024-10-23 01:49:23 INFO: 01:49:23.447 [main] [INFO ] qupath.lib.gui.prefs.PathPrefs - Setting default Locale to en_US
2024-10-23 01:49:23 INFO: 01:49:23.450 [main] [INFO ] qupath.lib.gui.prefs.PathPrefs - Setting Locale for FORMAT to en_US
2024-10-23 01:49:23 INFO: 01:49:23.450 [main] [INFO ] qupath.lib.gui.prefs.PathPrefs - Setting Locale for DISPLAY to en_US
2024-10-23 01:49:23 INFO: 01:49:23.462 [main] [INFO ] qupath.lib.common.ThreadTools - Setting parallelism to 63
2024-10-23 01:49:23 INFO: 01:49:23.479 [main] [INFO ] qupath.ScriptCommand - Setting tile cache size to 32200.00 MB (25.0% max memory)
2024-10-23 01:49:23 INFO: 01:49:23.536 [main] [INFO ] qupath.lib.scripting.QP - Initializing type adapters
2024-10-23 01:49:23 INFO: Warning: Versions of org.bytedeco:javacpp:1.5.9 and org.bytedeco:opencv:4.6.0-1.5.8 do not match.
2024-10-23 01:49:23 INFO: Warning: Versions of org.bytedeco:javacpp:1.5.9 and org.bytedeco:openblas:0.3.21-1.5.8 do not match.
2024-10-23 01:49:25 INFO: project parameters are: {"detectionImageBrightfield": "Hematoxylin OD","requestedPixelSizeMicrons": 0.5,"backgroundRadiusMicrons": 4.0,"backgroundByReconstruction": true,"medianRadiusMicrons": 0.0,"sigmaMicrons": 1.5,"minAreaMicrons": 6.6,"maxAreaMicrons": 80.0,"threshold": 0.1,"maxBackground": 2.0,"watershedPostProcess": true,"cellExpansionMicrons": 5.0,"includeNuclei": true,"smoothBoundaries": true,"makeMeasurements": true,"backgroundRadiusPixel": 8.0,"cellExpansionPixel": 10.0,"medianRadiusPixel": 0.0,"minAreaPixel": 20.0,"maxAreaPixel": 160.0}
2024-10-23 01:49:25 INFO: New project created at: /home/ilants/Documents/jupyter_test/single_image_multiple_params/exp_minAreaMicrons_6.6/QPProject
2024-10-23 01:49:25 INFO: Added: /home/ilants/Documents/jupyter_test/TCGA-GI-A2C8-01Z-00-DX1.09BD8AC9-645A-4C8B-9B36-77D833BDBA09.svs
2024-10-23 01:49:25 INFO: /home/ilants/Documents/jupyter_test/TCGA-GI-A2C8-01Z-00-DX1.09BD8AC9-645A-4C8B-9B36-77D833BDBA09.svs
2024-10-23 01:49:25 INFO: 01:49:25.524 [main] [INFO ] q.l.i.s.b.BioFormatsServerOptions - Setting max Bio-Formats readers to 32
2024-10-23 01:49:26 INFO: UriImageSupport (class qupath.lib.images.servers.bioformats.BioFormatsServerBuilder) support=3.0, builders=1
2024-10-23 01:49:26 INFO: true
2024-10-23 01:49:26 INFO: 01:49:26.180 [main] [WARN ] qupath.lib.scripting.QP - createSelectAllObject(boolean) is deprecated, use createFullImageAnnotation(boolean) instead
2024-10-23 01:49:26 INFO: 01:49:26.180 [main] [WARN ] qupath.lib.scripting.QP - createSelectAllObject(boolean, int, int) is deprecated, use createFullImageAnnotation(boolean, int, int) instead
2024-10-23 01:49:26 INFO: 01:49:26.190 [main] [WARN ] q.l.plugins.parameters.ParameterList - Unable to set parameter backgroundRadiusPixel with value 8.0
2024-10-23 01:49:26 INFO: 01:49:26.190 [main] [WARN ] q.l.plugins.parameters.ParameterList - Unable to set parameter cellExpansionPixel with value 10.0
2024-10-23 01:49:26 INFO: 01:49:26.190 [main] [WARN ] q.l.plugins.parameters.ParameterList - Unable to set parameter medianRadiusPixel with value 0.0
2024-10-23 01:49:26 INFO: 01:49:26.190 [main] [WARN ] q.l.plugins.parameters.ParameterList - Unable to set parameter minAreaPixel with value 20.0
2024-10-23 01:49:26 INFO: 01:49:26.190 [main] [WARN ] q.l.plugins.parameters.ParameterList - Unable to set parameter maxAreaPixel with value 160.0
2024-10-23 01:49:38 INFO: 01:49:38.013 [task-runner-1-15] [INFO ] q.lib.plugins.DetectionPluginTools - 0 nuclei detected (processing time: 11.71 seconds)
2024-10-23 01:49:38 INFO: 01:49:38.013 [task-runner-1-9] [INFO ] q.lib.plugins.DetectionPluginTools - 0 nuclei detected (processing time: 11.71 seconds)
2024-10-23 01:49:38 INFO: 01:49:38.013 [task-runner-1-1] [INFO ] q.lib.plugins.DetectionPluginTools - 0 nuclei detected (processing time: 11.71 seconds)
2024-10-23 01:49:38 INFO: 01:49:38.016 [main] [INFO ] q.l.p.CommandLineTaskRunner$CommandLineProgressMonitor - 0 nuclei detected (1%)
2024-10-23 01:49:38 INFO: 01:49:38.016 [main] [INFO ] q.l.p.CommandLineTaskRunner$CommandLineProgressMonitor - 0 nuclei detected (2%)
2024-10-23 01:49:38 INFO: 01:49:38.016 [task-runner-1-4] [INFO ] q.lib.plugins.DetectionPluginTools - 0 nuclei detected (processing time: 11.71 seconds)
2024-10-23 01:49:38 INFO: 01:49:38.017 [main] [INFO ] q.l.p.CommandLineTaskRunner$CommandLineProgressMonitor - 0 nuclei detected (3%)
2024-10-23 01:49:38 INFO: 01:49:38.018 [task-runner-1-48] [INFO ] q.lib.plugins.DetectionPluginTools - 0 nuclei detected (processing time: 11.71 seconds)
2024-10-23 01:49:38 INFO: 01:49:38.019 [task-runner-1-32] [INFO ] q.lib.plugins.DetectionPluginTools - 0 nuclei detected (processing time: 11.71 seconds)
2024-10-23 01:49:38 INFO: 01:49:38.020 [main] [INFO ] q.l.p.CommandLineTaskRunner$CommandLineProgressMonitor - 0 nuclei detected (4%)
2024-10-23 01:49:38 INFO: 01:49:38.031 [task-runner-1-12] [INFO ] q.lib.plugins.DetectionPluginTools - 0 nuclei detected (processing time: 11.72 seconds)
2024-10-23 01:49:38 INFO: 01:49:38.041 [task-runner-1-3] [INFO ] q.lib.plugins.DetectionPluginTools - 0 nuclei detected (processing time: 11.73 seconds)
2024-10-23 01:49:38 INFO: 01:49:38.043 [main] [INFO ] q.l.p.CommandLineTaskRunner$CommandLineProgressMonitor - 0 nuclei detected (5%)
2024-10-23 01:49:38 INFO: 01:49:38.053 [task-runner-1-16] [INFO ] q.lib.plugins.DetectionPluginTools - 0 nuclei detected (processing time: 11.74 seconds)
2024-10-23 01:49:38 INFO: 01:49:38.055 [main] [INFO ] q.l.p.CommandLineTaskRunner$CommandLineProgressMonitor - 0 nuclei detected (6%)
2024-10-23 01:49:39 INFO: 01:49:39.565 [task-runner-1-8] [INFO ] q.lib.plugins.DetectionPluginTools - 2 nuclei detected (processing time: 13.26 seconds)
2024-10-23 01:49:39 INFO: 01:49:39.566 [main] [INFO ] q.l.p.CommandLineTaskRunner$CommandLineProgressMonitor - 2 nuclei detected (6%)
2024-10-23 01:49:39 INFO: 01:49:39.565 [task-runner-1-7] [INFO ] q.lib.plugins.DetectionPluginTools - 1 nucleus detected (processing time: 13.26 seconds)
2024-10-23 01:49:39 INFO: 01:49:39.571 [task-runner-1-11] [INFO ] q.lib.plugins.DetectionPluginTools - 2 nuclei detected (processing time: 13.26 seconds)
2024-10-23 01:49:39 INFO: 01:49:39.571 [task-runner-1-27] [INFO ] q.lib.plugins.DetectionPluginTools - 2 nuclei detected (processing time: 13.26 seconds)
2024-10-23 01:49:39 INFO: 01:49:39.572 [main] [INFO ] q.l.p.CommandLineTaskRunner$CommandLineProgressMonitor - 1 nucleus detected (7%)
2024-10-23 01:49:39 INFO: 01:49:39.572 [main] [INFO ] q.l.p.CommandLineTaskRunner$CommandLineProgressMonitor - 2 nuclei detected (8%)
2024-10-23 01:49:39 INFO: 01:49:39.573 [task-runner-1-10] [INFO ] q.lib.plugins.DetectionPluginTools - 2 nuclei detected (processing time: 13.27 seconds)
2024-10-23 01:49:39 INFO: 01:49:39.573 [main] [INFO ] q.l.p.CommandLineTaskRunner$CommandLineProgressMonitor - 2 nuclei detected (9%)
2024-10-23 01:49:39 INFO: 01:49:39.573 [task-runner-1-6] [INFO ] q.lib.plugins.DetectionPluginTools - 6 nuclei detected (processing time: 13.27 seconds)
2024-10-23 01:49:39 INFO: 01:49:39.573 [main] [INFO ] q.l.p.CommandLineTaskRunner$CommandLineProgressMonitor - 6 nuclei detected (9%)
2024-10-23 01:49:39 INFO: 01:49:39.578 [task-runner-1-2] [INFO ] q.lib.plugins.DetectionPluginTools - 3 nuclei detected (processing time: 13.27 seconds)
2024-10-23 01:49:39 INFO: 01:49:39.579 [main] [INFO ] q.l.p.CommandLineTaskRunner$CommandLineProgressMonitor - 3 nuclei detected (10%)
2024-10-23 01:49:39 INFO: 01:49:39.586 [task-runner-1-17] [INFO ] q.lib.plugins.DetectionPluginTools - 3 nuclei detected (processing time: 13.28 seconds)
2024-10-23 01:49:39 INFO: 01:49:39.587 [main] [INFO ] q.l.p.CommandLineTaskRunner$CommandLineProgressMonitor - 3 nuclei detected (11%)
2024-10-23 01:49:39 INFO: 01:49:39.592 [task-runner-1-30] [INFO ] q.lib.plugins.DetectionPluginTools - 1 nucleus detected (processing time: 13.28 seconds)
2024-10-23 01:49:39 INFO: 01:49:39.593 [main] [INFO ] q.l.p.CommandLineTaskRunner$CommandLineProgressMonitor - 1 nucleus detected (11%)
2024-10-23 01:49:39 INFO: 01:49:39.593 [task-runner-1-47] [INFO ] q.lib.plugins.DetectionPluginTools - 8 nuclei detected (processing time: 13.28 seconds)
2024-10-23 01:49:39 INFO: 01:49:39.594 [main] [INFO ] q.l.p.CommandLineTaskRunner$CommandLineProgressMonitor - 8 nuclei detected (12%)
2024-10-23 01:49:39 INFO: 01:49:39.599 [task-runner-1-29] [INFO ] q.lib.plugins.DetectionPluginTools - 6 nuclei detected (processing time: 13.29 seconds)
2024-10-23 01:49:39 INFO: 01:49:39.601 [main] [INFO ] q.l.p.CommandLineTaskRunner$CommandLineProgressMonitor - 6 nuclei detected (13%)
2024-10-23 01:49:39 INFO: 01:49:39.609 [task-runner-1-31] [INFO ] q.lib.plugins.DetectionPluginTools - 14 nuclei detected (processing time: 13.30 seconds)
2024-10-23 01:49:39 INFO: 01:49:39.612 [main] [INFO ] q.l.p.CommandLineTaskRunner$CommandLineProgressMonitor - 14 nuclei detected (13%)
2024-10-23 01:49:39 INFO: 01:49:39.610 [task-runner-1-13] [INFO ] q.lib.plugins.DetectionPluginTools - 9 nuclei detected (processing time: 13.30 seconds)
2024-10-23 01:49:39 INFO: 01:49:39.615 [main] [INFO ] q.l.p.CommandLineTaskRunner$CommandLineProgressMonitor - 9 nuclei detected (14%)
2024-10-23 01:49:39 INFO: 01:49:39.616 [task-runner-1-14] [INFO ] q.lib.plugins.DetectionPluginTools - 3 nuclei detected (processing time: 13.30 seconds)
2024-10-23 01:49:39 INFO: 01:49:39.616 [main] [INFO ] q.l.p.CommandLineTaskRunner$CommandLineProgressMonitor - 3 nuclei detected (14%)
2024-10-23 01:49:39 INFO: 01:49:39.713 [task-runner-1-28] [INFO ] q.lib.plugins.DetectionPluginTools - 24 nuclei detected (processing time: 13.40 seconds)
2024-10-23 01:49:39 INFO: 01:49:39.714 [main] [INFO ] q.l.p.CommandLineTaskRunner$CommandLineProgressMonitor - 24 nuclei detected (15%)
2024-10-23 01:49:39 INFO: 01:49:39.726 [task-runner-1-5] [INFO ] q.lib.plugins.DetectionPluginTools - 68 nuclei detected (processing time: 13.42 seconds)
2024-10-23 01:49:39 INFO: 01:49:39.728 [main] [INFO ] q.l.p.CommandLineTaskRunner$CommandLineProgressMonitor - 68 nuclei detected (16%)
2024-10-23 01:49:39 INFO: 01:49:39.729 [task-runner-1-26] [INFO ] q.lib.plugins.DetectionPluginTools - 53 nuclei detected (processing time: 13.42 seconds)
2024-10-23 01:49:39 INFO: 01:49:39.730 [main] [INFO ] q.l.p.CommandLineTaskRunner$CommandLineProgressMonitor - 53 nuclei detected (16%)
2024-10-23 01:49:39 INFO: 01:49:39.751 [task-runner-1-46] [INFO ] q.lib.plugins.DetectionPluginTools - 60 nuclei detected (processing time: 13.44 seconds)
2024-10-23 01:49:39 INFO: 01:49:39.753 [main] [INFO ] q.l.p.CommandLineTaskRunner$CommandLineProgressMonitor - 60 nuclei detected (17%)
2024-10-23 01:49:39 INFO: 01:49:39.941 [task-runner-1-63] [INFO ] q.lib.plugins.DetectionPluginTools - 159 nuclei detected (processing time: 13.63 seconds)
2024-10-23 01:49:39 INFO: 01:49:39.948 [task-runner-1-45] [INFO ] q.lib.plugins.DetectionPluginTools - 123 nuclei detected (processing time: 13.64 seconds)
2024-10-23 01:49:39 INFO: 01:49:39.948 [main] [INFO ] q.l.p.CommandLineTaskRunner$CommandLineProgressMonitor - 159 nuclei detected (18%)
2024-10-23 01:49:39 INFO: 01:49:39.949 [main] [INFO ] q.l.p.CommandLineTaskRunner$CommandLineProgressMonitor - 123 nuclei detected (18%)
2024-10-23 01:49:39 INFO: 01:49:39.963 [task-runner-1-49] [INFO ] q.lib.plugins.DetectionPluginTools - 138 nuclei detected (processing time: 13.65 seconds)
2024-10-23 01:49:39 INFO: 01:49:39.964 [main] [INFO ] q.l.p.CommandLineTaskRunner$CommandLineProgressMonitor - 138 nuclei detected (19%)
2024-10-23 01:49:40 INFO: 01:49:40.015 [task-runner-1-19] [INFO ] q.lib.plugins.DetectionPluginTools - 175 nuclei detected (processing time: 13.70 seconds)
2024-10-23 01:49:40 INFO: 01:49:40.016 [main] [INFO ] q.l.p.CommandLineTaskRunner$CommandLineProgressMonitor - 175 nuclei detected (19%)
2024-10-23 01:49:40 INFO: 01:49:40.034 [task-runner-1-62] [INFO ] q.lib.plugins.DetectionPluginTools - 233 nuclei detected (processing time: 13.71 seconds)
2024-10-23 01:49:40 INFO: 01:49:40.034 [main] [INFO ] q.l.p.CommandLineTaskRunner$CommandLineProgressMonitor - 233 nuclei detected (20%)
2024-10-23 01:49:40 INFO: 01:49:40.076 [task-runner-1-33] [INFO ] q.lib.plugins.DetectionPluginTools - 254 nuclei detected (processing time: 13.77 seconds)
2024-10-23 01:49:40 INFO: 01:49:40.078 [main] [INFO ] q.l.p.CommandLineTaskRunner$CommandLineProgressMonitor - 254 nuclei detected (21%)
2024-10-23 01:49:40 INFO: 01:49:40.087 [task-runner-1-18] [INFO ] q.lib.plugins.DetectionPluginTools - 285 nuclei detected (processing time: 13.78 seconds)
2024-10-23 01:49:40 INFO: 01:49:40.087 [main] [INFO ] q.l.p.CommandLineTaskRunner$CommandLineProgressMonitor - 285 nuclei detected (21%)
2024-10-23 01:49:40 INFO: 01:49:40.090 [task-runner-1-44] [INFO ] q.lib.plugins.DetectionPluginTools - 291 nuclei detected (processing time: 13.78 seconds)
2024-10-23 01:49:40 INFO: 01:49:40.091 [main] [INFO ] q.l.p.CommandLineTaskRunner$CommandLineProgressMonitor - 291 nuclei detected (22%)
2024-10-23 01:49:40 INFO: 01:49:40.095 [task-runner-1-61] [INFO ] q.lib.plugins.DetectionPluginTools - 225 nuclei detected (processing time: 13.78 seconds)
2024-10-23 01:49:40 INFO: 01:49:40.097 [main] [INFO ] q.l.p.CommandLineTaskRunner$CommandLineProgressMonitor - 225 nuclei detected (23%)
2024-10-23 01:49:40 INFO: 01:49:40.107 [task-runner-1-35] [INFO ] q.lib.plugins.DetectionPluginTools - 307 nuclei detected (processing time: 13.80 seconds)
2024-10-23 01:49:40 INFO: 01:49:40.108 [main] [INFO ] q.l.p.CommandLineTaskRunner$CommandLineProgressMonitor - 307 nuclei detected (23%)
2024-10-23 01:49:40 INFO: 01:49:40.123 [task-runner-1-50] [INFO ] q.lib.plugins.DetectionPluginTools - 348 nuclei detected (processing time: 13.81 seconds)
2024-10-23 01:49:40 INFO: 01:49:40.123 [main] [INFO ] q.l.p.CommandLineTaskRunner$CommandLineProgressMonitor - 348 nuclei detected (24%)
2024-10-23 01:49:40 INFO: 01:49:40.125 [task-runner-1-25] [INFO ] q.lib.plugins.DetectionPluginTools - 376 nuclei detected (processing time: 13.82 seconds)
2024-10-23 01:49:40 INFO: 01:49:40.126 [main] [INFO ] q.l.p.CommandLineTaskRunner$CommandLineProgressMonitor - 376 nuclei detected (24%)
2024-10-23 01:49:40 INFO: 01:49:40.134 [task-runner-1-34] [INFO ] q.lib.plugins.DetectionPluginTools - 431 nuclei detected (processing time: 13.82 seconds)
2024-10-23 01:49:40 INFO: 01:49:40.135 [main] [INFO ] q.l.p.CommandLineTaskRunner$CommandLineProgressMonitor - 431 nuclei detected (25%)
2024-10-23 01:49:40 INFO: 01:49:40.216 [task-runner-1-20] [INFO ] q.lib.plugins.DetectionPluginTools - 770 nuclei detected (processing time: 13.91 seconds)
2024-10-23 01:49:40 INFO: 01:49:40.217 [main] [INFO ] q.l.p.CommandLineTaskRunner$CommandLineProgressMonitor - 770 nuclei detected (26%)
2024-10-23 01:49:43 INFO: 01:49:43.023 [task-runner-1-51] [INFO ] q.lib.plugins.DetectionPluginTools - 957 nuclei detected (processing time: 16.71 seconds)
2024-10-23 01:49:43 INFO: 01:49:43.024 [main] [INFO ] q.l.p.CommandLineTaskRunner$CommandLineProgressMonitor - 957 nuclei detected (26%)
2024-10-23 01:49:43 INFO: 01:49:43.049 [task-runner-1-43] [INFO ] q.lib.plugins.DetectionPluginTools - 1074 nuclei detected (processing time: 16.74 seconds)
2024-10-23 01:49:43 INFO: 01:49:43.050 [main] [INFO ] q.l.p.CommandLineTaskRunner$CommandLineProgressMonitor - 1074 nuclei detected (27%)
2024-10-23 01:49:43 INFO: 01:49:43.103 [task-runner-1-24] [INFO ] q.lib.plugins.DetectionPluginTools - 1144 nuclei detected (processing time: 16.79 seconds)
2024-10-23 01:49:43 INFO: 01:49:43.106 [main] [INFO ] q.l.p.CommandLineTaskRunner$CommandLineProgressMonitor - 1144 nuclei detected (28%)
2024-10-23 01:49:43 INFO: 01:49:43.141 [task-runner-1-60] [INFO ] q.lib.plugins.DetectionPluginTools - 1230 nuclei detected (processing time: 16.83 seconds)
2024-10-23 01:49:43 INFO: 01:49:43.142 [main] [INFO ] q.l.p.CommandLineTaskRunner$CommandLineProgressMonitor - 1230 nuclei detected (28%)
2024-10-23 01:49:43 INFO: 01:49:43.161 [task-runner-1-23] [INFO ] q.lib.plugins.DetectionPluginTools - 1107 nuclei detected (processing time: 16.85 seconds)
2024-10-23 01:49:43 INFO: 01:49:43.162 [main] [INFO ] q.l.p.CommandLineTaskRunner$CommandLineProgressMonitor - 1107 nuclei detected (29%)
2024-10-23 01:49:43 INFO: 01:49:43.222 [task-runner-1-22] [INFO ] q.lib.plugins.DetectionPluginTools - 1492 nuclei detected (processing time: 16.91 seconds)
2024-10-23 01:49:43 INFO: 01:49:43.223 [main] [INFO ] q.l.p.CommandLineTaskRunner$CommandLineProgressMonitor - 1492 nuclei detected (29%)
2024-10-23 01:49:43 INFO: 01:49:43.991 [task-runner-1-36] [INFO ] q.lib.plugins.DetectionPluginTools - 2229 nuclei detected (processing time: 17.68 seconds)
2024-10-23 01:49:43 INFO: 01:49:43.992 [main] [INFO ] q.l.p.CommandLineTaskRunner$CommandLineProgressMonitor - 2229 nuclei detected (30%)
2024-10-23 01:49:44 INFO: 01:49:44.228 [task-runner-1-1] [INFO ] q.lib.plugins.DetectionPluginTools - 2 nuclei detected (processing time: 6.21 seconds)
2024-10-23 01:49:44 INFO: 01:49:44.228 [main] [INFO ] q.l.p.CommandLineTaskRunner$CommandLineProgressMonitor - 2 nuclei detected (31%)
2024-10-23 01:49:45 INFO: 01:49:45.540 [task-runner-1-40] [INFO ] q.lib.plugins.DetectionPluginTools - 2308 nuclei detected (processing time: 19.23 seconds)
2024-10-23 01:49:45 INFO: 01:49:45.541 [main] [INFO ] q.l.p.CommandLineTaskRunner$CommandLineProgressMonitor - 2308 nuclei detected (31%)
2024-10-23 01:49:45 INFO: 01:49:45.920 [task-runner-1-15] [INFO ] q.lib.plugins.DetectionPluginTools - 406 nuclei detected (processing time: 7.91 seconds)
2024-10-23 01:49:45 INFO: 01:49:45.922 [main] [INFO ] q.l.p.CommandLineTaskRunner$CommandLineProgressMonitor - 406 nuclei detected (32%)
2024-10-23 01:49:45 INFO: 01:49:45.948 [task-runner-1-17] [INFO ] q.lib.plugins.DetectionPluginTools - 0 nuclei detected (processing time: 6.36 seconds)
2024-10-23 01:49:45 INFO: 01:49:45.948 [main] [INFO ] q.l.p.CommandLineTaskRunner$CommandLineProgressMonitor - 0 nuclei detected (33%)
2024-10-23 01:49:46 INFO: 01:49:46.105 [task-runner-1-39] [INFO ] q.lib.plugins.DetectionPluginTools - 3136 nuclei detected (processing time: 19.79 seconds)
2024-10-23 01:49:46 INFO: 01:49:46.106 [main] [INFO ] q.l.p.CommandLineTaskRunner$CommandLineProgressMonitor - 3136 nuclei detected (33%)
2024-10-23 01:49:46 INFO: 01:49:46.224 [task-runner-1-42] [INFO ] q.lib.plugins.DetectionPluginTools - 2887 nuclei detected (processing time: 19.91 seconds)
2024-10-23 01:49:46 INFO: 01:49:46.226 [main] [INFO ] q.l.p.CommandLineTaskRunner$CommandLineProgressMonitor - 2887 nuclei detected (34%)
2024-10-23 01:49:46 INFO: 01:49:46.497 [task-runner-1-9] [INFO ] q.lib.plugins.DetectionPluginTools - 120 nuclei detected (processing time: 8.48 seconds)
2024-10-23 01:49:46 INFO: 01:49:46.498 [main] [INFO ] q.l.p.CommandLineTaskRunner$CommandLineProgressMonitor - 120 nuclei detected (34%)
2024-10-23 01:49:46 INFO: 01:49:46.963 [task-runner-1-30] [INFO ] q.lib.plugins.DetectionPluginTools - 121 nuclei detected (processing time: 7.37 seconds)
2024-10-23 01:49:46 INFO: 01:49:46.964 [main] [INFO ] q.l.p.CommandLineTaskRunner$CommandLineProgressMonitor - 121 nuclei detected (35%)
2024-10-23 01:49:47 INFO: 01:49:47.054 [task-runner-1-47] [INFO ] q.lib.plugins.DetectionPluginTools - 145 nuclei detected (processing time: 7.46 seconds)
2024-10-23 01:49:47 INFO: 01:49:47.056 [main] [INFO ] q.l.p.CommandLineTaskRunner$CommandLineProgressMonitor - 145 nuclei detected (36%)
2024-10-23 01:49:47 INFO: 01:49:47.141 [task-runner-1-4] [INFO ] q.lib.plugins.DetectionPluginTools - 526 nuclei detected (processing time: 9.12 seconds)
2024-10-23 01:49:47 INFO: 01:49:47.144 [main] [INFO ] q.l.p.CommandLineTaskRunner$CommandLineProgressMonitor - 526 nuclei detected (36%)
2024-10-23 01:49:47 INFO: 01:49:47.173 [task-runner-1-33] [INFO ] q.lib.plugins.DetectionPluginTools - 3 nuclei detected (processing time: 7.09 seconds)
2024-10-23 01:49:47 INFO: 01:49:47.174 [main] [INFO ] q.l.p.CommandLineTaskRunner$CommandLineProgressMonitor - 3 nuclei detected (37%)
2024-10-23 01:49:47 INFO: 01:49:47.185 [task-runner-1-52] [INFO ] q.lib.plugins.DetectionPluginTools - 2753 nuclei detected (processing time: 20.87 seconds)
2024-10-23 01:49:47 INFO: 01:49:47.191 [main] [INFO ] q.l.p.CommandLineTaskRunner$CommandLineProgressMonitor - 2753 nuclei detected (38%)
2024-10-23 01:49:47 INFO: 01:49:47.538 [task-runner-1-2] [INFO ] q.lib.plugins.DetectionPluginTools - 233 nuclei detected (processing time: 7.96 seconds)
2024-10-23 01:49:47 INFO: 01:49:47.539 [main] [INFO ] q.l.p.CommandLineTaskRunner$CommandLineProgressMonitor - 233 nuclei detected (38%)
2024-10-23 01:49:47 INFO: 01:49:47.575 [task-runner-1-62] [INFO ] q.lib.plugins.DetectionPluginTools - 115 nuclei detected (processing time: 7.54 seconds)
2024-10-23 01:49:47 INFO: 01:49:47.577 [main] [INFO ] q.l.p.CommandLineTaskRunner$CommandLineProgressMonitor - 115 nuclei detected (39%)
2024-10-23 01:49:47 INFO: 01:49:47.764 [task-runner-1-59] [INFO ] q.lib.plugins.DetectionPluginTools - 3020 nuclei detected (processing time: 21.45 seconds)
2024-10-23 01:49:47 INFO: 01:49:47.765 [main] [INFO ] q.l.p.CommandLineTaskRunner$CommandLineProgressMonitor - 3020 nuclei detected (39%)
2024-10-23 01:49:47 INFO: 01:49:47.821 [task-runner-1-21] [INFO ] q.lib.plugins.DetectionPluginTools - 4189 nuclei detected (processing time: 21.51 seconds)
2024-10-23 01:49:47 INFO: 01:49:47.822 [main] [INFO ] q.l.p.CommandLineTaskRunner$CommandLineProgressMonitor - 4189 nuclei detected (40%)
2024-10-23 01:49:48 INFO: 01:49:48.027 [task-runner-1-41] [INFO ] q.lib.plugins.DetectionPluginTools - 2683 nuclei detected (processing time: 21.71 seconds)
2024-10-23 01:49:48 INFO: 01:49:48.030 [main] [INFO ] q.l.p.CommandLineTaskRunner$CommandLineProgressMonitor - 2683 nuclei detected (41%)
2024-10-23 01:49:48 INFO: 01:49:48.509 [task-runner-1-44] [INFO ] q.lib.plugins.DetectionPluginTools - 157 nuclei detected (processing time: 8.42 seconds)
2024-10-23 01:49:48 INFO: 01:49:48.510 [main] [INFO ] q.l.p.CommandLineTaskRunner$CommandLineProgressMonitor - 157 nuclei detected (41%)
2024-10-23 01:49:48 INFO: 01:49:48.624 [task-runner-1-18] [INFO ] q.lib.plugins.DetectionPluginTools - 157 nuclei detected (processing time: 8.54 seconds)
2024-10-23 01:49:48 INFO: 01:49:48.626 [main] [INFO ] q.l.p.CommandLineTaskRunner$CommandLineProgressMonitor - 157 nuclei detected (42%)
2024-10-23 01:49:48 INFO: 01:49:48.795 [task-runner-1-61] [INFO ] q.lib.plugins.DetectionPluginTools - 268 nuclei detected (processing time: 8.70 seconds)
2024-10-23 01:49:48 INFO: 01:49:48.798 [main] [INFO ] q.l.p.CommandLineTaskRunner$CommandLineProgressMonitor - 268 nuclei detected (43%)
2024-10-23 01:49:49 INFO: 01:49:49.291 [task-runner-1-29] [INFO ] q.lib.plugins.DetectionPluginTools - 984 nuclei detected (processing time: 9.69 seconds)
2024-10-23 01:49:49 INFO: 01:49:49.292 [main] [INFO ] q.l.p.CommandLineTaskRunner$CommandLineProgressMonitor - 984 nuclei detected (43%)
2024-10-23 01:49:49 INFO: 01:49:49.556 [task-runner-1-38] [INFO ] q.lib.plugins.DetectionPluginTools - 4157 nuclei detected (processing time: 23.25 seconds)
2024-10-23 01:49:49 INFO: 01:49:49.562 [main] [INFO ] q.l.p.CommandLineTaskRunner$CommandLineProgressMonitor - 4157 nuclei detected (44%)
2024-10-23 01:49:49 INFO: 01:49:49.565 [task-runner-1-58] [INFO ] q.lib.plugins.DetectionPluginTools - 2877 nuclei detected (processing time: 23.25 seconds)
2024-10-23 01:49:49 INFO: 01:49:49.566 [main] [INFO ] q.l.p.CommandLineTaskRunner$CommandLineProgressMonitor - 2877 nuclei detected (44%)
2024-10-23 01:49:49 INFO: 01:49:49.928 [task-runner-1-55] [INFO ] q.lib.plugins.DetectionPluginTools - 3554 nuclei detected (processing time: 23.61 seconds)
2024-10-23 01:49:49 INFO: 01:49:49.931 [main] [INFO ] q.l.p.CommandLineTaskRunner$CommandLineProgressMonitor - 3554 nuclei detected (45%)
2024-10-23 01:49:50 INFO: 01:49:50.218 [task-runner-1-36] [INFO ] q.lib.plugins.DetectionPluginTools - 50 nuclei detected (processing time: 6.23 seconds)
2024-10-23 01:49:50 INFO: 01:49:50.221 [main] [INFO ] q.l.p.CommandLineTaskRunner$CommandLineProgressMonitor - 50 nuclei detected (46%)
2024-10-23 01:49:50 INFO: 01:49:50.356 [task-runner-1-57] [INFO ] q.lib.plugins.DetectionPluginTools - 3526 nuclei detected (processing time: 24.04 seconds)
2024-10-23 01:49:50 INFO: 01:49:50.358 [main] [INFO ] q.l.p.CommandLineTaskRunner$CommandLineProgressMonitor - 3526 nuclei detected (46%)
2024-10-23 01:49:50 INFO: 01:49:50.451 [task-runner-1-6] [INFO ] q.lib.plugins.DetectionPluginTools - 811 nuclei detected (processing time: 10.88 seconds)
2024-10-23 01:49:50 INFO: 01:49:50.453 [main] [INFO ] q.l.p.CommandLineTaskRunner$CommandLineProgressMonitor - 811 nuclei detected (47%)
2024-10-23 01:49:50 INFO: 01:49:50.869 [task-runner-1-1] [INFO ] q.lib.plugins.DetectionPluginTools - 1 nucleus detected (processing time: 6.64 seconds)
2024-10-23 01:49:50 INFO: 01:49:50.871 [main] [INFO ] q.l.p.CommandLineTaskRunner$CommandLineProgressMonitor - 1 nucleus detected (48%)
2024-10-23 01:49:51 INFO: 01:49:51.150 [task-runner-1-37] [INFO ] q.lib.plugins.DetectionPluginTools - 4847 nuclei detected (processing time: 24.84 seconds)
2024-10-23 01:49:51 INFO: 01:49:51.152 [main] [INFO ] q.l.p.CommandLineTaskRunner$CommandLineProgressMonitor - 4847 nuclei detected (48%)
2024-10-23 01:49:51 INFO: 01:49:51.650 [task-runner-1-56] [INFO ] q.lib.plugins.DetectionPluginTools - 4369 nuclei detected (processing time: 25.34 seconds)
2024-10-23 01:49:51 INFO: 01:49:51.651 [main] [INFO ] q.l.p.CommandLineTaskRunner$CommandLineProgressMonitor - 4369 nuclei detected (49%)
2024-10-23 01:49:51 INFO: 01:49:51.755 [task-runner-1-19] [INFO ] q.lib.plugins.DetectionPluginTools - 840 nuclei detected (processing time: 11.74 seconds)
2024-10-23 01:49:51 INFO: 01:49:51.756 [main] [INFO ] q.l.p.CommandLineTaskRunner$CommandLineProgressMonitor - 840 nuclei detected (49%)
2024-10-23 01:49:52 INFO: 01:49:52.659 [task-runner-1-40] [INFO ] q.lib.plugins.DetectionPluginTools - 373 nuclei detected (processing time: 7.12 seconds)
2024-10-23 01:49:52 INFO: 01:49:52.666 [main] [INFO ] q.l.p.CommandLineTaskRunner$CommandLineProgressMonitor - 373 nuclei detected (50%)
2024-10-23 01:49:52 INFO: 01:49:52.752 [task-runner-1-53] [INFO ] q.lib.plugins.DetectionPluginTools - 6578 nuclei detected (processing time: 26.44 seconds)
2024-10-23 01:49:52 INFO: 01:49:52.754 [main] [INFO ] q.l.p.CommandLineTaskRunner$CommandLineProgressMonitor - 6578 nuclei detected (51%)
2024-10-23 01:49:53 INFO: 01:49:53.727 [task-runner-1-21] [INFO ] q.lib.plugins.DetectionPluginTools - 0 nuclei detected (processing time: 5.91 seconds)
2024-10-23 01:49:53 INFO: 01:49:53.728 [main] [INFO ] q.l.p.CommandLineTaskRunner$CommandLineProgressMonitor - 0 nuclei detected (51%)
2024-10-23 01:49:53 INFO: 01:49:53.963 [task-runner-1-10] [INFO ] q.lib.plugins.DetectionPluginTools - 1572 nuclei detected (processing time: 14.39 seconds)
2024-10-23 01:49:53 INFO: 01:49:53.964 [main] [INFO ] q.l.p.CommandLineTaskRunner$CommandLineProgressMonitor - 1572 nuclei detected (52%)
2024-10-23 01:49:54 INFO: 01:49:54.389 [task-runner-1-15] [INFO ] q.lib.plugins.DetectionPluginTools - 275 nuclei detected (processing time: 8.47 seconds)
2024-10-23 01:49:54 INFO: 01:49:54.391 [main] [INFO ] q.l.p.CommandLineTaskRunner$CommandLineProgressMonitor - 275 nuclei detected (53%)
2024-10-23 01:49:54 INFO: 01:49:54.413 [task-runner-1-41] [INFO ] q.lib.plugins.DetectionPluginTools - 0 nuclei detected (processing time: 6.38 seconds)
2024-10-23 01:49:54 INFO: 01:49:54.415 [main] [INFO ] q.l.p.CommandLineTaskRunner$CommandLineProgressMonitor - 0 nuclei detected (53%)
2024-10-23 01:49:54 INFO: 01:49:54.510 [task-runner-1-54] [INFO ] q.lib.plugins.DetectionPluginTools - 5049 nuclei detected (processing time: 28.20 seconds)
2024-10-23 01:49:54 INFO: 01:49:54.511 [main] [INFO ] q.l.p.CommandLineTaskRunner$CommandLineProgressMonitor - 5049 nuclei detected (54%)
2024-10-23 01:49:55 INFO: 01:49:55.749 [task-runner-1-58] [INFO ] q.lib.plugins.DetectionPluginTools - 0 nuclei detected (processing time: 6.18 seconds)
2024-10-23 01:49:55 INFO: 01:49:55.751 [main] [INFO ] q.l.p.CommandLineTaskRunner$CommandLineProgressMonitor - 0 nuclei detected (54%)
2024-10-23 01:49:56 INFO: 01:49:56.023 [task-runner-1-29] [INFO ] q.lib.plugins.DetectionPluginTools - 4 nuclei detected (processing time: 6.73 seconds)
2024-10-23 01:49:56 INFO: 01:49:56.025 [main] [INFO ] q.l.p.CommandLineTaskRunner$CommandLineProgressMonitor - 4 nuclei detected (55%)
2024-10-23 01:49:56 INFO: 01:49:56.072 [task-runner-1-18] [INFO ] q.lib.plugins.DetectionPluginTools - 83 nuclei detected (processing time: 7.45 seconds)
2024-10-23 01:49:56 INFO: 01:49:56.074 [main] [INFO ] q.l.p.CommandLineTaskRunner$CommandLineProgressMonitor - 83 nuclei detected (56%)
2024-10-23 01:49:56 INFO: 01:49:56.116 [task-runner-1-44] [INFO ] q.lib.plugins.DetectionPluginTools - 117 nuclei detected (processing time: 7.61 seconds)
2024-10-23 01:49:56 INFO: 01:49:56.118 [main] [INFO ] q.l.p.CommandLineTaskRunner$CommandLineProgressMonitor - 117 nuclei detected (56%)
2024-10-23 01:49:56 INFO: 01:49:56.425 [task-runner-1-38] [INFO ] q.lib.plugins.DetectionPluginTools - 15 nuclei detected (processing time: 6.86 seconds)
2024-10-23 01:49:56 INFO: 01:49:56.427 [main] [INFO ] q.l.p.CommandLineTaskRunner$CommandLineProgressMonitor - 15 nuclei detected (57%)
2024-10-23 01:49:56 INFO: 01:49:56.442 [task-runner-1-55] [INFO ] q.lib.plugins.DetectionPluginTools - 0 nuclei detected (processing time: 6.51 seconds)
2024-10-23 01:49:56 INFO: 01:49:56.443 [main] [INFO ] q.l.p.CommandLineTaskRunner$CommandLineProgressMonitor - 0 nuclei detected (57%)
2024-10-23 01:49:56 INFO: 01:49:56.530 [task-runner-1-61] [INFO ] q.lib.plugins.DetectionPluginTools - 126 nuclei detected (processing time: 7.73 seconds)
2024-10-23 01:49:56 INFO: 01:49:56.530 [main] [INFO ] q.l.p.CommandLineTaskRunner$CommandLineProgressMonitor - 126 nuclei detected (58%)
2024-10-23 01:49:56 INFO: 01:49:56.754 [task-runner-1-17] [INFO ] q.lib.plugins.DetectionPluginTools - 345 nuclei detected (processing time: 10.81 seconds)
2024-10-23 01:49:56 INFO: 01:49:56.771 [main] [INFO ] q.l.p.CommandLineTaskRunner$CommandLineProgressMonitor - 345 nuclei detected (59%)
2024-10-23 01:49:56 INFO: 01:49:56.922 [task-runner-1-48] [INFO ] q.lib.plugins.DetectionPluginTools - 2924 nuclei detected (processing time: 18.90 seconds)
2024-10-23 01:49:56 INFO: 01:49:56.923 [main] [INFO ] q.l.p.CommandLineTaskRunner$CommandLineProgressMonitor - 2924 nuclei detected (59%)
2024-10-23 01:49:57 INFO: 01:49:57.369 [task-runner-1-57] [INFO ] q.lib.plugins.DetectionPluginTools - 24 nuclei detected (processing time: 7.01 seconds)
2024-10-23 01:49:57 INFO: 01:49:57.370 [main] [INFO ] q.l.p.CommandLineTaskRunner$CommandLineProgressMonitor - 24 nuclei detected (60%)
2024-10-23 01:49:57 INFO: 01:49:57.383 [task-runner-1-36] [INFO ] q.lib.plugins.DetectionPluginTools - 0 nuclei detected (processing time: 7.16 seconds)
2024-10-23 01:49:57 INFO: 01:49:57.384 [main] [INFO ] q.l.p.CommandLineTaskRunner$CommandLineProgressMonitor - 0 nuclei detected (61%)
2024-10-23 01:49:57 INFO: 01:49:57.909 [task-runner-1-6] [INFO ] q.lib.plugins.DetectionPluginTools - 402 nuclei detected (processing time: 7.46 seconds)
2024-10-23 01:49:57 INFO: 01:49:57.910 [main] [INFO ] q.l.p.CommandLineTaskRunner$CommandLineProgressMonitor - 402 nuclei detected (61%)
2024-10-23 01:49:58 INFO: 01:49:58.142 [task-runner-1-22] [INFO ] q.lib.plugins.DetectionPluginTools - 2529 nuclei detected (processing time: 14.92 seconds)
2024-10-23 01:49:58 INFO: 01:49:58.143 [main] [INFO ] q.l.p.CommandLineTaskRunner$CommandLineProgressMonitor - 2529 nuclei detected (62%)
2024-10-23 01:49:58 INFO: 01:49:58.184 [task-runner-1-59] [INFO ] q.lib.plugins.DetectionPluginTools - 1222 nuclei detected (processing time: 10.42 seconds)
2024-10-23 01:49:58 INFO: 01:49:58.185 [main] [INFO ] q.l.p.CommandLineTaskRunner$CommandLineProgressMonitor - 1222 nuclei detected (63%)
2024-10-23 01:49:58 INFO: 01:49:58.727 [task-runner-1-19] [INFO ] q.lib.plugins.DetectionPluginTools - 0 nuclei detected (processing time: 6.97 seconds)
2024-10-23 01:49:58 INFO: 01:49:58.729 [main] [INFO ] q.l.p.CommandLineTaskRunner$CommandLineProgressMonitor - 0 nuclei detected (63%)
2024-10-23 01:49:58 INFO: 01:49:58.970 [task-runner-1-40] [INFO ] q.lib.plugins.DetectionPluginTools - 0 nuclei detected (processing time: 6.30 seconds)
2024-10-23 01:49:58 INFO: 01:49:58.971 [main] [INFO ] q.l.p.CommandLineTaskRunner$CommandLineProgressMonitor - 0 nuclei detected (64%)
2024-10-23 01:49:59 INFO: 01:49:59.072 [task-runner-1-53] [INFO ] q.lib.plugins.DetectionPluginTools - 0 nuclei detected (processing time: 6.32 seconds)
2024-10-23 01:50:00 INFO: 01:50:00.244 [task-runner-1-3] [INFO ] q.lib.plugins.DetectionPluginTools - 4441 nuclei detected (processing time: 22.20 seconds)
2024-10-23 01:50:00 INFO: 01:50:00.245 [main] [INFO ] q.l.p.CommandLineTaskRunner$CommandLineProgressMonitor - 4441 nuclei detected (65%)
2024-10-23 01:50:00 INFO: 01:50:00.344 [task-runner-1-10] [INFO ] q.lib.plugins.DetectionPluginTools - 1 nucleus detected (processing time: 6.38 seconds)
2024-10-23 01:50:00 INFO: 01:50:00.345 [main] [INFO ] q.l.p.CommandLineTaskRunner$CommandLineProgressMonitor - 1 nucleus detected (66%)
2024-10-23 01:50:00 INFO: 01:50:00.502 [task-runner-1-7] [INFO ] q.lib.plugins.DetectionPluginTools - 3583 nuclei detected (processing time: 20.93 seconds)
2024-10-23 01:50:00 INFO: 01:50:00.502 [main] [INFO ] q.l.p.CommandLineTaskRunner$CommandLineProgressMonitor - 3583 nuclei detected (66%)
2024-10-23 01:50:00 INFO: 01:50:00.559 [task-runner-1-21] [INFO ] q.lib.plugins.DetectionPluginTools - 8 nuclei detected (processing time: 6.83 seconds)
2024-10-23 01:50:00 INFO: 01:50:00.560 [main] [INFO ] q.l.p.CommandLineTaskRunner$CommandLineProgressMonitor - 8 nuclei detected (67%)
2024-10-23 01:50:00 INFO: 01:50:00.620 [task-runner-1-41] [INFO ] q.lib.plugins.DetectionPluginTools - 1 nucleus detected (processing time: 6.21 seconds)
2024-10-23 01:50:00 INFO: 01:50:00.621 [main] [INFO ] q.l.p.CommandLineTaskRunner$CommandLineProgressMonitor - 1 nucleus detected (68%)
2024-10-23 01:50:00 INFO: 01:50:00.631 [task-runner-1-1] [INFO ] q.lib.plugins.DetectionPluginTools - 1731 nuclei detected (processing time: 9.76 seconds)
2024-10-23 01:50:00 INFO: 01:50:00.632 [main] [INFO ] q.l.p.CommandLineTaskRunner$CommandLineProgressMonitor - 1731 nuclei detected (68%)
2024-10-23 01:50:00 INFO: 01:50:00.673 [task-runner-1-15] [INFO ] q.lib.plugins.DetectionPluginTools - 0 nuclei detected (processing time: 6.28 seconds)
2024-10-23 01:50:00 INFO: 01:50:00.673 [main] [INFO ] q.l.p.CommandLineTaskRunner$CommandLineProgressMonitor - 0 nuclei detected (69%)
2024-10-23 01:50:00 INFO: 01:50:00.696 [task-runner-1-30] [INFO ] q.lib.plugins.DetectionPluginTools - 1472 nuclei detected (processing time: 13.73 seconds)
2024-10-23 01:50:00 INFO: 01:50:00.696 [main] [INFO ] q.l.p.CommandLineTaskRunner$CommandLineProgressMonitor - 1472 nuclei detected (69%)
2024-10-23 01:50:00 INFO: 01:50:00.788 [task-runner-1-16] [INFO ] q.lib.plugins.DetectionPluginTools - 4582 nuclei detected (processing time: 22.73 seconds)
2024-10-23 01:50:00 INFO: 01:50:00.788 [main] [INFO ] q.l.p.CommandLineTaskRunner$CommandLineProgressMonitor - 4582 nuclei detected (70%)
2024-10-23 01:50:01 INFO: 01:50:01.230 [task-runner-1-58] [INFO ] q.lib.plugins.DetectionPluginTools - 0 nuclei detected (processing time: 5.48 seconds)
2024-10-23 01:50:01 INFO: 01:50:01.230 [main] [INFO ] q.l.p.CommandLineTaskRunner$CommandLineProgressMonitor - 0 nuclei detected (71%)
2024-10-23 01:50:01 INFO: 01:50:01.258 [task-runner-1-9] [INFO ] q.lib.plugins.DetectionPluginTools - 1458 nuclei detected (processing time: 14.76 seconds)
2024-10-23 01:50:01 INFO: 01:50:01.259 [main] [INFO ] q.l.p.CommandLineTaskRunner$CommandLineProgressMonitor - 1458 nuclei detected (71%)
2024-10-23 01:50:01 INFO: 01:50:01.259 [task-runner-1-35] [INFO ] q.lib.plugins.DetectionPluginTools - 2875 nuclei detected (processing time: 21.15 seconds)
2024-10-23 01:50:01 INFO: 01:50:01.259 [main] [INFO ] q.l.p.CommandLineTaskRunner$CommandLineProgressMonitor - 2875 nuclei detected (72%)
2024-10-23 01:50:01 INFO: 01:50:01.299 [task-runner-1-49] [INFO ] q.lib.plugins.DetectionPluginTools - 2726 nuclei detected (processing time: 21.34 seconds)
2024-10-23 01:50:01 INFO: 01:50:01.300 [main] [INFO ] q.l.p.CommandLineTaskRunner$CommandLineProgressMonitor - 2726 nuclei detected (73%)
2024-10-23 01:50:01 INFO: 01:50:01.315 [task-runner-1-45] [INFO ] q.lib.plugins.DetectionPluginTools - 3147 nuclei detected (processing time: 21.37 seconds)
2024-10-23 01:50:01 INFO: 01:50:01.316 [main] [INFO ] q.l.p.CommandLineTaskRunner$CommandLineProgressMonitor - 3147 nuclei detected (73%)
2024-10-23 01:50:01 INFO: 01:50:01.440 [task-runner-1-25] [INFO ] q.lib.plugins.DetectionPluginTools - 2965 nuclei detected (processing time: 21.31 seconds)
2024-10-23 01:50:01 INFO: 01:50:01.441 [main] [INFO ] q.l.p.CommandLineTaskRunner$CommandLineProgressMonitor - 2965 nuclei detected (74%)
2024-10-23 01:50:01 INFO: 01:50:01.459 [task-runner-1-27] [INFO ] q.lib.plugins.DetectionPluginTools - 3701 nuclei detected (processing time: 21.89 seconds)
2024-10-23 01:50:01 INFO: 01:50:01.459 [main] [INFO ] q.l.p.CommandLineTaskRunner$CommandLineProgressMonitor - 3701 nuclei detected (74%)
2024-10-23 01:50:01 INFO: 01:50:01.541 [task-runner-1-54] [INFO ] q.lib.plugins.DetectionPluginTools - 1 nucleus detected (processing time: 7.03 seconds)
2024-10-23 01:50:01 INFO: 01:50:01.542 [main] [INFO ] q.l.p.CommandLineTaskRunner$CommandLineProgressMonitor - 1 nucleus detected (75%)
2024-10-23 01:50:01 INFO: 01:50:01.562 [task-runner-1-31] [INFO ] q.lib.plugins.DetectionPluginTools - 3402 nuclei detected (processing time: 21.95 seconds)
2024-10-23 01:50:01 INFO: 01:50:01.562 [main] [INFO ] q.l.p.CommandLineTaskRunner$CommandLineProgressMonitor - 3402 nuclei detected (76%)
2024-10-23 01:50:01 INFO: 01:50:01.563 [task-runner-1-34] [INFO ] q.lib.plugins.DetectionPluginTools - 3137 nuclei detected (processing time: 21.43 seconds)
2024-10-23 01:50:01 INFO: 01:50:01.564 [main] [INFO ] q.l.p.CommandLineTaskRunner$CommandLineProgressMonitor - 3137 nuclei detected (76%)
2024-10-23 01:50:01 INFO: 01:50:01.739 [task-runner-1-63] [INFO ] q.lib.plugins.DetectionPluginTools - 3324 nuclei detected (processing time: 21.79 seconds)
2024-10-23 01:50:01 INFO: 01:50:01.740 [main] [INFO ] q.l.p.CommandLineTaskRunner$CommandLineProgressMonitor - 3324 nuclei detected (77%)
2024-10-23 01:50:01 INFO: 01:50:01.764 [task-runner-1-13] [INFO ] q.lib.plugins.DetectionPluginTools - 3782 nuclei detected (processing time: 22.15 seconds)
2024-10-23 01:50:01 INFO: 01:50:01.765 [main] [INFO ] q.l.p.CommandLineTaskRunner$CommandLineProgressMonitor - 3782 nuclei detected (78%)
2024-10-23 01:50:01 INFO: 01:50:01.840 [task-runner-1-11] [INFO ] q.lib.plugins.DetectionPluginTools - 3931 nuclei detected (processing time: 22.27 seconds)
2024-10-23 01:50:01 INFO: 01:50:01.841 [main] [INFO ] q.l.p.CommandLineTaskRunner$CommandLineProgressMonitor - 3931 nuclei detected (78%)
2024-10-23 01:50:01 INFO: 01:50:01.847 [task-runner-1-32] [INFO ] q.lib.plugins.DetectionPluginTools - 5902 nuclei detected (processing time: 23.83 seconds)
2024-10-23 01:50:01 INFO: 01:50:01.847 [main] [INFO ] q.l.p.CommandLineTaskRunner$CommandLineProgressMonitor - 5902 nuclei detected (79%)
2024-10-23 01:50:01 INFO: 01:50:01.910 [task-runner-1-29] [INFO ] q.lib.plugins.DetectionPluginTools - 1 nucleus detected (processing time: 5.89 seconds)
2024-10-23 01:50:01 INFO: 01:50:01.910 [main] [INFO ] q.l.p.CommandLineTaskRunner$CommandLineProgressMonitor - 1 nucleus detected (79%)
2024-10-23 01:50:02 INFO: 01:50:02.078 [task-runner-1-28] [INFO ] q.lib.plugins.DetectionPluginTools - 4209 nuclei detected (processing time: 22.36 seconds)
2024-10-23 01:50:02 INFO: 01:50:02.079 [main] [INFO ] q.l.p.CommandLineTaskRunner$CommandLineProgressMonitor - 4209 nuclei detected (80%)
2024-10-23 01:50:02 INFO: 01:50:02.178 [task-runner-1-42] [INFO ] q.lib.plugins.DetectionPluginTools - 2305 nuclei detected (processing time: 15.95 seconds)
2024-10-23 01:50:02 INFO: 01:50:02.178 [main] [INFO ] q.l.p.CommandLineTaskRunner$CommandLineProgressMonitor - 2305 nuclei detected (81%)
2024-10-23 01:50:02 INFO: 01:50:02.260 [task-runner-1-18] [INFO ] q.lib.plugins.DetectionPluginTools - 1 nucleus detected (processing time: 6.18 seconds)
2024-10-23 01:50:02 INFO: 01:50:02.260 [main] [INFO ] q.l.p.CommandLineTaskRunner$CommandLineProgressMonitor - 1 nucleus detected (81%)
2024-10-23 01:50:02 INFO: 01:50:02.342 [task-runner-1-55] [INFO ] q.lib.plugins.DetectionPluginTools - 0 nuclei detected (processing time: 5.90 seconds)
2024-10-23 01:50:02 INFO: 01:50:02.343 [main] [INFO ] q.l.p.CommandLineTaskRunner$CommandLineProgressMonitor - 0 nuclei detected (82%)
2024-10-23 01:50:02 INFO: 01:50:02.386 [task-runner-1-50] [INFO ] q.lib.plugins.DetectionPluginTools - 3945 nuclei detected (processing time: 22.26 seconds)
2024-10-23 01:50:02 INFO: 01:50:02.386 [main] [INFO ] q.l.p.CommandLineTaskRunner$CommandLineProgressMonitor - 3945 nuclei detected (83%)
2024-10-23 01:50:02 INFO: 01:50:02.417 [task-runner-1-5] [INFO ] q.lib.plugins.DetectionPluginTools - 4507 nuclei detected (processing time: 22.69 seconds)
2024-10-23 01:50:02 INFO: 01:50:02.417 [main] [INFO ] q.l.p.CommandLineTaskRunner$CommandLineProgressMonitor - 4507 nuclei detected (83%)
2024-10-23 01:50:02 INFO: 01:50:02.454 [task-runner-1-39] [INFO ] q.lib.plugins.DetectionPluginTools - 1294 nuclei detected (processing time: 16.35 seconds)
2024-10-23 01:50:02 INFO: 01:50:02.454 [main] [INFO ] q.l.p.CommandLineTaskRunner$CommandLineProgressMonitor - 1294 nuclei detected (84%)
2024-10-23 01:50:02 INFO: 01:50:02.465 [task-runner-1-61] [INFO ] q.lib.plugins.DetectionPluginTools - 0 nuclei detected (processing time: 5.94 seconds)
2024-10-23 01:50:02 INFO: 01:50:02.465 [main] [INFO ] q.l.p.CommandLineTaskRunner$CommandLineProgressMonitor - 0 nuclei detected (84%)
2024-10-23 01:50:02 INFO: 01:50:02.496 [task-runner-1-26] [INFO ] q.lib.plugins.DetectionPluginTools - 4539 nuclei detected (processing time: 22.77 seconds)
2024-10-23 01:50:02 INFO: 01:50:02.496 [main] [INFO ] q.l.p.CommandLineTaskRunner$CommandLineProgressMonitor - 4539 nuclei detected (85%)
2024-10-23 01:50:02 INFO: 01:50:02.544 [task-runner-1-44] [INFO ] q.lib.plugins.DetectionPluginTools - 0 nuclei detected (processing time: 6.43 seconds)
2024-10-23 01:50:02 INFO: 01:50:02.545 [main] [INFO ] q.l.p.CommandLineTaskRunner$CommandLineProgressMonitor - 0 nuclei detected (86%)
2024-10-23 01:50:02 INFO: 01:50:02.571 [task-runner-1-20] [INFO ] q.lib.plugins.DetectionPluginTools - 4002 nuclei detected (processing time: 22.35 seconds)
2024-10-23 01:50:02 INFO: 01:50:02.572 [main] [INFO ] q.l.p.CommandLineTaskRunner$CommandLineProgressMonitor - 4002 nuclei detected (86%)
2024-10-23 01:50:02 INFO: 01:50:02.598 [task-runner-1-8] [INFO ] q.lib.plugins.DetectionPluginTools - 4284 nuclei detected (processing time: 23.03 seconds)
2024-10-23 01:50:02 INFO: 01:50:02.599 [main] [INFO ] q.l.p.CommandLineTaskRunner$CommandLineProgressMonitor - 4284 nuclei detected (87%)
2024-10-23 01:50:02 INFO: 01:50:02.602 [task-runner-1-46] [INFO ] q.lib.plugins.DetectionPluginTools - 3860 nuclei detected (processing time: 22.85 seconds)
2024-10-23 01:50:02 INFO: 01:50:02.603 [main] [INFO ] q.l.p.CommandLineTaskRunner$CommandLineProgressMonitor - 3860 nuclei detected (88%)
2024-10-23 01:50:02 INFO: 01:50:02.616 [task-runner-1-36] [INFO ] q.lib.plugins.DetectionPluginTools - 0 nuclei detected (processing time: 5.23 seconds)
2024-10-23 01:50:02 INFO: 01:50:02.616 [main] [INFO ] q.l.p.CommandLineTaskRunner$CommandLineProgressMonitor - 0 nuclei detected (88%)
2024-10-23 01:50:02 INFO: 01:50:02.650 [task-runner-1-51] [INFO ] q.lib.plugins.DetectionPluginTools - 3927 nuclei detected (processing time: 19.63 seconds)
2024-10-23 01:50:02 INFO: 01:50:02.651 [main] [INFO ] q.l.p.CommandLineTaskRunner$CommandLineProgressMonitor - 3927 nuclei detected (89%)
2024-10-23 01:50:02 INFO: 01:50:02.655 [task-runner-1-57] [INFO ] q.lib.plugins.DetectionPluginTools - 0 nuclei detected (processing time: 5.28 seconds)
2024-10-23 01:50:02 INFO: 01:50:02.655 [main] [INFO ] q.l.p.CommandLineTaskRunner$CommandLineProgressMonitor - 0 nuclei detected (89%)
2024-10-23 01:50:02 INFO: 01:50:02.736 [task-runner-1-48] [INFO ] q.lib.plugins.DetectionPluginTools - 0 nuclei detected (processing time: 5.81 seconds)
2024-10-23 01:50:02 INFO: 01:50:02.736 [main] [INFO ] q.l.p.CommandLineTaskRunner$CommandLineProgressMonitor - 0 nuclei detected (90%)
2024-10-23 01:50:02 INFO: 01:50:02.772 [task-runner-1-38] [INFO ] q.lib.plugins.DetectionPluginTools - 2 nuclei detected (processing time: 6.35 seconds)
2024-10-23 01:50:02 INFO: 01:50:02.772 [main] [INFO ] q.l.p.CommandLineTaskRunner$CommandLineProgressMonitor - 2 nuclei detected (91%)
2024-10-23 01:50:02 INFO: 01:50:02.789 [task-runner-1-17] [INFO ] q.lib.plugins.DetectionPluginTools - 0 nuclei detected (processing time: 6.02 seconds)
2024-10-23 01:50:02 INFO: 01:50:02.789 [main] [INFO ] q.l.p.CommandLineTaskRunner$CommandLineProgressMonitor - 0 nuclei detected (91%)
2024-10-23 01:50:02 INFO: 01:50:02.807 [task-runner-1-14] [INFO ] q.lib.plugins.DetectionPluginTools - 5019 nuclei detected (processing time: 23.19 seconds)
2024-10-23 01:50:02 INFO: 01:50:02.807 [main] [INFO ] q.l.p.CommandLineTaskRunner$CommandLineProgressMonitor - 5019 nuclei detected (92%)
2024-10-23 01:50:02 INFO: 01:50:02.959 [task-runner-1-12] [INFO ] q.lib.plugins.DetectionPluginTools - 7368 nuclei detected (processing time: 24.93 seconds)
2024-10-23 01:50:02 INFO: 01:50:02.960 [main] [INFO ] q.l.p.CommandLineTaskRunner$CommandLineProgressMonitor - 7368 nuclei detected (93%)
2024-10-23 01:50:02 INFO: 01:50:02.980 [task-runner-1-47] [INFO ] q.lib.plugins.DetectionPluginTools - 3307 nuclei detected (processing time: 15.92 seconds)
2024-10-23 01:50:02 INFO: 01:50:02.980 [main] [INFO ] q.l.p.CommandLineTaskRunner$CommandLineProgressMonitor - 3307 nuclei detected (93%)
2024-10-23 01:50:03 INFO: 01:50:03.101 [task-runner-1-24] [INFO ] q.lib.plugins.DetectionPluginTools - 5082 nuclei detected (processing time: 20.00 seconds)
2024-10-23 01:50:03 INFO: 01:50:03.101 [main] [INFO ] q.l.p.CommandLineTaskRunner$CommandLineProgressMonitor - 5082 nuclei detected (94%)
2024-10-23 01:50:03 INFO: 01:50:03.247 [task-runner-1-43] [INFO ] q.lib.plugins.DetectionPluginTools - 4016 nuclei detected (processing time: 20.20 seconds)
2024-10-23 01:50:03 INFO: 01:50:03.247 [main] [INFO ] q.l.p.CommandLineTaskRunner$CommandLineProgressMonitor - 4016 nuclei detected (94%)
2024-10-23 01:50:03 INFO: 01:50:03.296 [task-runner-1-60] [INFO ] q.lib.plugins.DetectionPluginTools - 4383 nuclei detected (processing time: 20.15 seconds)
2024-10-23 01:50:03 INFO: 01:50:03.296 [main] [INFO ] q.l.p.CommandLineTaskRunner$CommandLineProgressMonitor - 4383 nuclei detected (95%)
2024-10-23 01:50:03 INFO: 01:50:03.539 [task-runner-1-37] [INFO ] q.lib.plugins.DetectionPluginTools - 2558 nuclei detected (processing time: 12.39 seconds)
2024-10-23 01:50:03 INFO: 01:50:03.539 [main] [INFO ] q.l.p.CommandLineTaskRunner$CommandLineProgressMonitor - 2558 nuclei detected (96%)
2024-10-23 01:50:03 INFO: 01:50:03.637 [task-runner-1-56] [INFO ] q.lib.plugins.DetectionPluginTools - 3037 nuclei detected (processing time: 11.99 seconds)
2024-10-23 01:50:03 INFO: 01:50:03.638 [main] [INFO ] q.l.p.CommandLineTaskRunner$CommandLineProgressMonitor - 3037 nuclei detected (96%)
2024-10-23 01:50:03 INFO: 01:50:03.974 [task-runner-1-23] [INFO ] q.lib.plugins.DetectionPluginTools - 5695 nuclei detected (processing time: 20.81 seconds)
2024-10-23 01:50:03 INFO: 01:50:03.974 [main] [INFO ] q.l.p.CommandLineTaskRunner$CommandLineProgressMonitor - 5695 nuclei detected (97%)
2024-10-23 01:50:04 INFO: 01:50:04.231 [task-runner-1-4] [INFO ] q.lib.plugins.DetectionPluginTools - 4362 nuclei detected (processing time: 17.08 seconds)
2024-10-23 01:50:04 INFO: 01:50:04.231 [main] [INFO ] q.l.p.CommandLineTaskRunner$CommandLineProgressMonitor - 4362 nuclei detected (98%)
2024-10-23 01:50:04 INFO: 01:50:04.706 [task-runner-1-62] [INFO ] q.lib.plugins.DetectionPluginTools - 5212 nuclei detected (processing time: 17.13 seconds)
2024-10-23 01:50:04 INFO: 01:50:04.707 [main] [INFO ] q.l.p.CommandLineTaskRunner$CommandLineProgressMonitor - 5212 nuclei detected (98%)
2024-10-23 01:50:04 INFO: 01:50:04.972 [task-runner-1-52] [INFO ] q.lib.plugins.DetectionPluginTools - 6180 nuclei detected (processing time: 17.78 seconds)
2024-10-23 01:50:04 INFO: 01:50:04.973 [main] [INFO ] q.l.p.CommandLineTaskRunner$CommandLineProgressMonitor - 6180 nuclei detected (99%)
2024-10-23 01:50:04 INFO: 01:50:04.978 [task-runner-1-33] [INFO ] q.lib.plugins.DetectionPluginTools - 5776 nuclei detected (processing time: 17.80 seconds)
2024-10-23 01:50:04 INFO: 01:50:04.978 [main] [INFO ] q.l.p.CommandLineTaskRunner$CommandLineProgressMonitor - 5776 nuclei detected (99%)
2024-10-23 01:50:05 INFO: 01:50:05.251 [task-runner-1-2] [INFO ] q.lib.plugins.DetectionPluginTools - 6190 nuclei detected (processing time: 17.71 seconds)
2024-10-23 01:50:05 INFO: 01:50:05.251 [main] [INFO ] q.l.p.CommandLineTaskRunner$CommandLineProgressMonitor - 6190 nuclei detected (100%)
2024-10-23 01:50:05 INFO: 01:50:05.251 [main] [INFO ] q.l.p.CommandLineTaskRunner$CommandLineProgressMonitor - Processing complete in 38.95 seconds
2024-10-23 01:50:05 INFO: 01:50:05.252 [main] [INFO ] q.l.p.CommandLineTaskRunner$CommandLineProgressMonitor - Tasks completed!
2024-10-23 01:50:15 INFO: 01:50:15.021 [main] [WARN ] q.l.p.objects.SmoothFeaturesPlugin - Smoothing using annotations
2024-10-23 01:50:18 INFO: 01:50:18.682 [main] [INFO ] q.l.p.CommandLineTaskRunner$CommandLineProgressMonitor - Completed (100%)
2024-10-23 01:50:18 INFO: 01:50:18.682 [main] [INFO ] q.l.p.CommandLineTaskRunner$CommandLineProgressMonitor - Processing complete in 3.66 seconds
2024-10-23 01:50:18 INFO: 01:50:18.682 [main] [INFO ] q.l.p.CommandLineTaskRunner$CommandLineProgressMonitor - Tasks completed!
2024-10-23 01:50:18 INFO: 01:50:18.684 [main] [WARN ] q.l.p.objects.SmoothFeaturesPlugin - Smoothing using annotations
2024-10-23 01:50:26 INFO: 01:50:26.023 [main] [INFO ] q.l.p.CommandLineTaskRunner$CommandLineProgressMonitor - Completed (100%)
2024-10-23 01:50:26 INFO: 01:50:26.024 [main] [INFO ] q.l.p.CommandLineTaskRunner$CommandLineProgressMonitor - Processing complete in 7.34 seconds
2024-10-23 01:50:26 INFO: 01:50:26.024 [main] [INFO ] q.l.p.CommandLineTaskRunner$CommandLineProgressMonitor - Tasks completed!
2024-10-23 01:50:26 INFO: 01:50:26.025 [main] [WARN ] q.l.p.objects.SmoothFeaturesPlugin - Smoothing using annotations
2024-10-23 01:50:46 INFO: 01:50:46.122 [main] [INFO ] q.l.p.CommandLineTaskRunner$CommandLineProgressMonitor - Completed (100%)
2024-10-23 01:50:46 INFO: 01:50:46.123 [main] [INFO ] q.l.p.CommandLineTaskRunner$CommandLineProgressMonitor - Processing complete in 20.10 seconds
2024-10-23 01:50:46 INFO: 01:50:46.123 [main] [INFO ] q.l.p.CommandLineTaskRunner$CommandLineProgressMonitor - Tasks completed!
2024-10-23 01:50:46 INFO: 01:50:46.353 [task-runner-5-2] [INFO ] q.l.a.IntensityFeaturesPlugin - Splitting Rectangle (0, 0, 63784, 39311) into 40 tiles for intensity measurements
2024-10-23 01:50:46 INFO: 01:50:46.688 [main] [INFO ] q.l.p.CommandLineTaskRunner$CommandLineProgressMonitor - Completed (0%)
2024-10-23 01:50:47 INFO: 01:50:47.390 [main] [INFO ] q.l.p.CommandLineTaskRunner$CommandLineProgressMonitor - Completed (1%)
2024-10-23 01:50:47 INFO: 01:50:47.713 [main] [INFO ] q.l.p.CommandLineTaskRunner$CommandLineProgressMonitor - Completed (2%)
2024-10-23 01:50:47 INFO: 01:50:47.970 [main] [INFO ] q.l.p.CommandLineTaskRunner$CommandLineProgressMonitor - Completed (3%)
2024-10-23 01:50:48 INFO: 01:50:48.163 [main] [INFO ] q.l.p.CommandLineTaskRunner$CommandLineProgressMonitor - Completed (4%)
2024-10-23 01:50:48 INFO: 01:50:48.374 [main] [INFO ] q.l.p.CommandLineTaskRunner$CommandLineProgressMonitor - Completed (5%)
2024-10-23 01:50:48 INFO: 01:50:48.547 [main] [INFO ] q.l.p.CommandLineTaskRunner$CommandLineProgressMonitor - Completed (6%)
2024-10-23 01:50:49 INFO: 01:50:49.127 [main] [INFO ] q.l.p.CommandLineTaskRunner$CommandLineProgressMonitor - Completed (7%)
2024-10-23 01:50:49 INFO: 01:50:49.274 [main] [INFO ] q.l.p.CommandLineTaskRunner$CommandLineProgressMonitor - Completed (8%)
2024-10-23 01:50:49 INFO: 01:50:49.430 [main] [INFO ] q.l.p.CommandLineTaskRunner$CommandLineProgressMonitor - Completed (9%)
2024-10-23 01:50:49 INFO: 01:50:49.596 [main] [INFO ] q.l.p.CommandLineTaskRunner$CommandLineProgressMonitor - Completed (10%)
2024-10-23 01:50:50 INFO: 01:50:50.100 [main] [INFO ] q.l.p.CommandLineTaskRunner$CommandLineProgressMonitor - Completed (11%)
2024-10-23 01:50:50 INFO: 01:50:50.214 [main] [INFO ] q.l.p.CommandLineTaskRunner$CommandLineProgressMonitor - Completed (12%)
2024-10-23 01:50:50 INFO: 01:50:50.325 [main] [INFO ] q.l.p.CommandLineTaskRunner$CommandLineProgressMonitor - Completed (13%)
2024-10-23 01:50:50 INFO: 01:50:50.434 [main] [INFO ] q.l.p.CommandLineTaskRunner$CommandLineProgressMonitor - Completed (14%)
2024-10-23 01:50:50 INFO: 01:50:50.615 [main] [INFO ] q.l.p.CommandLineTaskRunner$CommandLineProgressMonitor - Completed (15%)
2024-10-23 01:50:50 INFO: 01:50:50.762 [main] [INFO ] q.l.p.CommandLineTaskRunner$CommandLineProgressMonitor - Completed (16%)
2024-10-23 01:50:50 INFO: 01:50:50.893 [main] [INFO ] q.l.p.CommandLineTaskRunner$CommandLineProgressMonitor - Completed (17%)
2024-10-23 01:50:51 INFO: 01:50:51.023 [main] [INFO ] q.l.p.CommandLineTaskRunner$CommandLineProgressMonitor - Completed (18%)
2024-10-23 01:50:51 INFO: 01:50:51.122 [main] [INFO ] q.l.p.CommandLineTaskRunner$CommandLineProgressMonitor - Completed (19%)
2024-10-23 01:50:51 INFO: 01:50:51.227 [main] [INFO ] q.l.p.CommandLineTaskRunner$CommandLineProgressMonitor - Completed (20%)
2024-10-23 01:50:51 INFO: 01:50:51.325 [main] [INFO ] q.l.p.CommandLineTaskRunner$CommandLineProgressMonitor - Completed (21%)
2024-10-23 01:50:51 INFO: 01:50:51.623 [main] [INFO ] q.l.p.CommandLineTaskRunner$CommandLineProgressMonitor - Completed (22%)
2024-10-23 01:50:51 INFO: 01:50:51.721 [main] [INFO ] q.l.p.CommandLineTaskRunner$CommandLineProgressMonitor - Completed (23%)
2024-10-23 01:50:51 INFO: 01:50:51.817 [main] [INFO ] q.l.p.CommandLineTaskRunner$CommandLineProgressMonitor - Completed (24%)
2024-10-23 01:50:51 INFO: 01:50:51.942 [main] [INFO ] q.l.p.CommandLineTaskRunner$CommandLineProgressMonitor - Completed (25%)
2024-10-23 01:50:52 INFO: 01:50:52.056 [main] [INFO ] q.l.p.CommandLineTaskRunner$CommandLineProgressMonitor - Completed (26%)
2024-10-23 01:50:52 INFO: 01:50:52.165 [main] [INFO ] q.l.p.CommandLineTaskRunner$CommandLineProgressMonitor - Completed (27%)
2024-10-23 01:50:52 INFO: 01:50:52.268 [main] [INFO ] q.l.p.CommandLineTaskRunner$CommandLineProgressMonitor - Completed (28%)
2024-10-23 01:50:52 INFO: 01:50:52.420 [main] [INFO ] q.l.p.CommandLineTaskRunner$CommandLineProgressMonitor - Completed (29%)
2024-10-23 01:50:52 INFO: 01:50:52.544 [main] [INFO ] q.l.p.CommandLineTaskRunner$CommandLineProgressMonitor - Completed (30%)
2024-10-23 01:50:52 INFO: 01:50:52.643 [main] [INFO ] q.l.p.CommandLineTaskRunner$CommandLineProgressMonitor - Completed (31%)
2024-10-23 01:50:52 INFO: 01:50:52.763 [main] [INFO ] q.l.p.CommandLineTaskRunner$CommandLineProgressMonitor - Completed (32%)
2024-10-23 01:50:52 INFO: 01:50:52.906 [main] [INFO ] q.l.p.CommandLineTaskRunner$CommandLineProgressMonitor - Completed (33%)
2024-10-23 01:50:53 INFO: 01:50:53.063 [main] [INFO ] q.l.p.CommandLineTaskRunner$CommandLineProgressMonitor - Completed (34%)
2024-10-23 01:50:53 INFO: 01:50:53.217 [main] [INFO ] q.l.p.CommandLineTaskRunner$CommandLineProgressMonitor - Completed (35%)
2024-10-23 01:50:53 INFO: 01:50:53.378 [main] [INFO ] q.l.p.CommandLineTaskRunner$CommandLineProgressMonitor - Completed (36%)
2024-10-23 01:50:53 INFO: 01:50:53.538 [main] [INFO ] q.l.p.CommandLineTaskRunner$CommandLineProgressMonitor - Completed (37%)
2024-10-23 01:50:53 INFO: 01:50:53.702 [main] [INFO ] q.l.p.CommandLineTaskRunner$CommandLineProgressMonitor - Completed (38%)
2024-10-23 01:50:53 INFO: 01:50:53.860 [main] [INFO ] q.l.p.CommandLineTaskRunner$CommandLineProgressMonitor - Completed (39%)
2024-10-23 01:50:54 INFO: 01:50:54.026 [main] [INFO ] q.l.p.CommandLineTaskRunner$CommandLineProgressMonitor - Completed (40%)
2024-10-23 01:50:54 INFO: 01:50:54.250 [main] [INFO ] q.l.p.CommandLineTaskRunner$CommandLineProgressMonitor - Completed (41%)
2024-10-23 01:50:54 INFO: 01:50:54.421 [main] [INFO ] q.l.p.CommandLineTaskRunner$CommandLineProgressMonitor - Completed (42%)
2024-10-23 01:50:54 INFO: 01:50:54.586 [main] [INFO ] q.l.p.CommandLineTaskRunner$CommandLineProgressMonitor - Completed (43%)
2024-10-23 01:50:54 INFO: 01:50:54.794 [main] [INFO ] q.l.p.CommandLineTaskRunner$CommandLineProgressMonitor - Completed (44%)
2024-10-23 01:50:54 INFO: 01:50:54.900 [main] [INFO ] q.l.p.CommandLineTaskRunner$CommandLineProgressMonitor - Completed (45%)
2024-10-23 01:50:55 INFO: 01:50:55.010 [main] [INFO ] q.l.p.CommandLineTaskRunner$CommandLineProgressMonitor - Completed (46%)
2024-10-23 01:50:55 INFO: 01:50:55.149 [main] [INFO ] q.l.p.CommandLineTaskRunner$CommandLineProgressMonitor - Completed (47%)
2024-10-23 01:50:55 INFO: 01:50:55.262 [main] [INFO ] q.l.p.CommandLineTaskRunner$CommandLineProgressMonitor - Completed (48%)
2024-10-23 01:50:55 INFO: 01:50:55.366 [main] [INFO ] q.l.p.CommandLineTaskRunner$CommandLineProgressMonitor - Completed (49%)
2024-10-23 01:50:55 INFO: 01:50:55.467 [main] [INFO ] q.l.p.CommandLineTaskRunner$CommandLineProgressMonitor - Completed (50%)
2024-10-23 01:50:55 INFO: 01:50:55.568 [main] [INFO ] q.l.p.CommandLineTaskRunner$CommandLineProgressMonitor - Completed (51%)
2024-10-23 01:50:55 INFO: 01:50:55.667 [main] [INFO ] q.l.p.CommandLineTaskRunner$CommandLineProgressMonitor - Completed (52%)
2024-10-23 01:50:55 INFO: 01:50:55.770 [main] [INFO ] q.l.p.CommandLineTaskRunner$CommandLineProgressMonitor - Completed (53%)
2024-10-23 01:50:55 INFO: 01:50:55.881 [main] [INFO ] q.l.p.CommandLineTaskRunner$CommandLineProgressMonitor - Completed (54%)
2024-10-23 01:50:55 INFO: 01:50:55.986 [main] [INFO ] q.l.p.CommandLineTaskRunner$CommandLineProgressMonitor - Completed (55%)
2024-10-23 01:50:56 INFO: 01:50:56.076 [main] [INFO ] q.l.p.CommandLineTaskRunner$CommandLineProgressMonitor - Completed (56%)
2024-10-23 01:50:56 INFO: 01:50:56.174 [main] [INFO ] q.l.p.CommandLineTaskRunner$CommandLineProgressMonitor - Completed (57%)
2024-10-23 01:50:56 INFO: 01:50:56.276 [main] [INFO ] q.l.p.CommandLineTaskRunner$CommandLineProgressMonitor - Completed (58%)
2024-10-23 01:50:56 INFO: 01:50:56.373 [main] [INFO ] q.l.p.CommandLineTaskRunner$CommandLineProgressMonitor - Completed (59%)
2024-10-23 01:50:56 INFO: 01:50:56.475 [main] [INFO ] q.l.p.CommandLineTaskRunner$CommandLineProgressMonitor - Completed (60%)
2024-10-23 01:50:56 INFO: 01:50:56.579 [main] [INFO ] q.l.p.CommandLineTaskRunner$CommandLineProgressMonitor - Completed (61%)
2024-10-23 01:50:56 INFO: 01:50:56.744 [main] [INFO ] q.l.p.CommandLineTaskRunner$CommandLineProgressMonitor - Completed (62%)
2024-10-23 01:50:56 INFO: 01:50:56.856 [main] [INFO ] q.l.p.CommandLineTaskRunner$CommandLineProgressMonitor - Completed (63%)
2024-10-23 01:50:56 INFO: 01:50:56.991 [main] [INFO ] q.l.p.CommandLineTaskRunner$CommandLineProgressMonitor - Completed (64%)
2024-10-23 01:50:57 INFO: 01:50:57.102 [main] [INFO ] q.l.p.CommandLineTaskRunner$CommandLineProgressMonitor - Completed (65%)
2024-10-23 01:50:57 INFO: 01:50:57.200 [main] [INFO ] q.l.p.CommandLineTaskRunner$CommandLineProgressMonitor - Completed (66%)
2024-10-23 01:50:57 INFO: 01:50:57.305 [main] [INFO ] q.l.p.CommandLineTaskRunner$CommandLineProgressMonitor - Completed (67%)
2024-10-23 01:50:57 INFO: 01:50:57.409 [main] [INFO ] q.l.p.CommandLineTaskRunner$CommandLineProgressMonitor - Completed (68%)
2024-10-23 01:50:57 INFO: 01:50:57.518 [main] [INFO ] q.l.p.CommandLineTaskRunner$CommandLineProgressMonitor - Completed (69%)
2024-10-23 01:50:57 INFO: 01:50:57.624 [main] [INFO ] q.l.p.CommandLineTaskRunner$CommandLineProgressMonitor - Completed (70%)
2024-10-23 01:50:57 INFO: 01:50:57.725 [main] [INFO ] q.l.p.CommandLineTaskRunner$CommandLineProgressMonitor - Completed (71%)
2024-10-23 01:50:57 INFO: 01:50:57.832 [main] [INFO ] q.l.p.CommandLineTaskRunner$CommandLineProgressMonitor - Completed (72%)
2024-10-23 01:50:57 INFO: 01:50:57.934 [main] [INFO ] q.l.p.CommandLineTaskRunner$CommandLineProgressMonitor - Completed (73%)
2024-10-23 01:50:58 INFO: 01:50:58.033 [main] [INFO ] q.l.p.CommandLineTaskRunner$CommandLineProgressMonitor - Completed (74%)
2024-10-23 01:50:58 INFO: 01:50:58.135 [main] [INFO ] q.l.p.CommandLineTaskRunner$CommandLineProgressMonitor - Completed (75%)
2024-10-23 01:50:58 INFO: 01:50:58.235 [main] [INFO ] q.l.p.CommandLineTaskRunner$CommandLineProgressMonitor - Completed (76%)
2024-10-23 01:50:58 INFO: 01:50:58.334 [main] [INFO ] q.l.p.CommandLineTaskRunner$CommandLineProgressMonitor - Completed (77%)
2024-10-23 01:50:58 INFO: 01:50:58.440 [main] [INFO ] q.l.p.CommandLineTaskRunner$CommandLineProgressMonitor - Completed (78%)
2024-10-23 01:50:58 INFO: 01:50:58.541 [main] [INFO ] q.l.p.CommandLineTaskRunner$CommandLineProgressMonitor - Completed (79%)
2024-10-23 01:50:58 INFO: 01:50:58.639 [main] [INFO ] q.l.p.CommandLineTaskRunner$CommandLineProgressMonitor - Completed (80%)
2024-10-23 01:50:58 INFO: 01:50:58.746 [main] [INFO ] q.l.p.CommandLineTaskRunner$CommandLineProgressMonitor - Completed (81%)
2024-10-23 01:50:58 INFO: 01:50:58.891 [main] [INFO ] q.l.p.CommandLineTaskRunner$CommandLineProgressMonitor - Completed (82%)
2024-10-23 01:50:58 INFO: 01:50:58.995 [main] [INFO ] q.l.p.CommandLineTaskRunner$CommandLineProgressMonitor - Completed (83%)
2024-10-23 01:50:59 INFO: 01:50:59.109 [main] [INFO ] q.l.p.CommandLineTaskRunner$CommandLineProgressMonitor - Completed (84%)
2024-10-23 01:50:59 INFO: 01:50:59.211 [main] [INFO ] q.l.p.CommandLineTaskRunner$CommandLineProgressMonitor - Completed (85%)
2024-10-23 01:50:59 INFO: 01:50:59.307 [main] [INFO ] q.l.p.CommandLineTaskRunner$CommandLineProgressMonitor - Completed (86%)
2024-10-23 01:50:59 INFO: 01:50:59.405 [main] [INFO ] q.l.p.CommandLineTaskRunner$CommandLineProgressMonitor - Completed (87%)
2024-10-23 01:50:59 INFO: 01:50:59.525 [main] [INFO ] q.l.p.CommandLineTaskRunner$CommandLineProgressMonitor - Completed (88%)
2024-10-23 01:50:59 INFO: 01:50:59.679 [main] [INFO ] q.l.p.CommandLineTaskRunner$CommandLineProgressMonitor - Completed (89%)
2024-10-23 01:50:59 INFO: 01:50:59.843 [main] [INFO ] q.l.p.CommandLineTaskRunner$CommandLineProgressMonitor - Completed (90%)
2024-10-23 01:50:59 INFO: 01:50:59.988 [main] [INFO ] q.l.p.CommandLineTaskRunner$CommandLineProgressMonitor - Completed (91%)
2024-10-23 01:51:00 INFO: 01:51:00.146 [main] [INFO ] q.l.p.CommandLineTaskRunner$CommandLineProgressMonitor - Completed (92%)
2024-10-23 01:51:00 INFO: 01:51:00.313 [main] [INFO ] q.l.p.CommandLineTaskRunner$CommandLineProgressMonitor - Completed (93%)
2024-10-23 01:51:00 INFO: 01:51:00.473 [main] [INFO ] q.l.p.CommandLineTaskRunner$CommandLineProgressMonitor - Completed (94%)
2024-10-23 01:51:00 INFO: 01:51:00.642 [main] [INFO ] q.l.p.CommandLineTaskRunner$CommandLineProgressMonitor - Completed (95%)
2024-10-23 01:51:00 INFO: 01:51:00.803 [main] [INFO ] q.l.p.CommandLineTaskRunner$CommandLineProgressMonitor - Completed (96%)
2024-10-23 01:51:01 INFO: 01:51:01.088 [main] [INFO ] q.l.p.CommandLineTaskRunner$CommandLineProgressMonitor - Completed (97%)
2024-10-23 01:51:01 INFO: 01:51:01.212 [main] [INFO ] q.l.p.CommandLineTaskRunner$CommandLineProgressMonitor - Completed (98%)
2024-10-23 01:51:01 INFO: 01:51:01.322 [main] [INFO ] q.l.p.CommandLineTaskRunner$CommandLineProgressMonitor - Completed (99%)
2024-10-23 01:51:01 INFO: 01:51:01.425 [main] [INFO ] q.l.p.CommandLineTaskRunner$CommandLineProgressMonitor - Completed (100%)
2024-10-23 01:51:56 INFO: 01:51:56.780 [main] [INFO ] q.l.p.CommandLineTaskRunner$CommandLineProgressMonitor - Completed (100%)
2024-10-23 01:51:56 INFO: 01:51:56.782 [main] [INFO ] q.l.p.CommandLineTaskRunner$CommandLineProgressMonitor - Processing complete in 70.44 seconds
2024-10-23 01:51:56 INFO: 01:51:56.782 [main] [INFO ] q.l.p.CommandLineTaskRunner$CommandLineProgressMonitor - Tasks completed!
2024-10-23 01:54:12 INFO: 01:54:12.771 [task-runner-6-1] [WARN ] q.o.features.DelaunayTriangulation - Some objects have missing measurements! Statistics will calculated only for objects with measurements available.
2024-10-23 01:54:12 INFO: 01:54:12.772 [task-runner-6-1] [WARN ] q.o.features.DelaunayTriangulation - Missing measurements: [ROI: 1.00 m per pixel: Residual: Haralick Correlation (F2), ROI: 1.00 m per pixel: Residual: Haralick Information measure of correlation 1 (F11), ROI: 1.00 m per pixel: Residual: Haralick Information measure of correlation 2 (F12), ROI: 1.00 m per pixel: Green: Haralick Correlation (F2), ROI: 1.00 m per pixel: Green: Haralick Information measure of correlation 1 (F11), ROI: 1.00 m per pixel: OD Sum: Haralick Correlation (F2), ROI: 1.00 m per pixel: OD Sum: Haralick Information measure of correlation 1 (F11), ROI: 1.00 m per pixel: Blue: Haralick Correlation (F2), ROI: 1.00 m per pixel: Blue: Haralick Information measure of correlation 1 (F11), ROI: 1.00 m per pixel: Saturation: Haralick Correlation (F2), ROI: 1.00 m per pixel: Saturation: Haralick Information measure of correlation 1 (F11), ROI: 1.00 m per pixel: Brightness: Haralick Correlation (F2), ROI: 1.00 m per pixel: Brightness: Haralick Information measure of correlation 1 (F11)]
2024-10-23 01:54:12 INFO: 01:54:12.823 [main] [INFO ] q.l.p.CommandLineTaskRunner$CommandLineProgressMonitor - Delaunay triangulation calculated for Annotation (216017 objects) (100%)
2024-10-23 01:54:12 INFO: 01:54:12.824 [main] [INFO ] q.l.p.CommandLineTaskRunner$CommandLineProgressMonitor - Processing complete in 135.99 seconds
2024-10-23 01:54:12 INFO: 01:54:12.824 [main] [INFO ] q.l.p.CommandLineTaskRunner$CommandLineProgressMonitor - Tasks completed!
2024-10-23 01:56:38 INFO: TCGA-GI-A2C8-01Z-00-DX1.09BD8AC9-645A-4C8B-9B36-77D833BDBA09
2024-10-23 01:56:38 INFO: QuPath subprocess completed.
2024-10-23 01:56:49 INFO: QuPath image extraction completed successfully. Output directory: /home/ilants/Documents/jupyter_test/single_image_multiple_params/exp_minAreaMicrons_6.6
2024-10-23 01:56:49 INFO: Summary table saved to: /home/ilants/Documents/jupyter_test/single_image_multiple_params/exp_minAreaMicrons_6.6/Summary_Table.csv
2024-10-23 01:56:49 INFO: Experiment completed successfully.
