2024-10-23 01:56:49 INFO: Starting experiment with for minAreaMicrons with value of 7.0
2024-10-23 01:56:49 INFO: Running with the following configuration:
{'detectionImageBrightfield': 'Hematoxylin OD', 'requestedPixelSizeMicrons': 0.5, 'backgroundRadiusMicrons': 4.0, 'backgroundByReconstruction': True, 'medianRadiusMicrons': 0.0, 'sigmaMicrons': 1.5, 'minAreaMicrons': 7.0, 'maxAreaMicrons': 80.0, 'threshold': 0.1, 'maxBackground': 2.0, 'watershedPostProcess': True, 'cellExpansionMicrons': 5.0, 'includeNuclei': True, 'smoothBoundaries': True, 'makeMeasurements': True, 'backgroundRadiusPixel': 8.0, 'cellExpansionPixel': 10.0, 'medianRadiusPixel': 0.0, 'minAreaPixel': 20.0, 'maxAreaPixel': 160.0}
2024-10-23 01:56:49 INFO: Starting QuPath image extraction with the following parameters: image_dir=/home/ilants/Documents/jupyter_test, output_dir=/home/ilants/Documents/jupyter_test/single_image_multiple_params/exp_minAreaMicrons_7.0, image_type=svs, groovy_script=/home/ilants/Documents/utls/nucleus_detection_wargs.groovy, config_file=/home/ilants/Documents/jupyter_test/single_image_multiple_params/exp_minAreaMicrons_7.0/cfg.json, program_path=/home/ilants/Documents/QuPath-v0.5.1-Linux/QuPath/bin/QuPath
2024-10-23 01:56:50 INFO: 01:56:50.556 [main] [INFO ] qupath.lib.gui.prefs.PathPrefs - Setting default Locale to en_US
2024-10-23 01:56:50 INFO: 01:56:50.559 [main] [INFO ] qupath.lib.gui.prefs.PathPrefs - Setting Locale for FORMAT to en_US
2024-10-23 01:56:50 INFO: 01:56:50.559 [main] [INFO ] qupath.lib.gui.prefs.PathPrefs - Setting Locale for DISPLAY to en_US
2024-10-23 01:56:50 INFO: 01:56:50.573 [main] [INFO ] qupath.lib.common.ThreadTools - Setting parallelism to 63
2024-10-23 01:56:50 INFO: 01:56:50.591 [main] [INFO ] qupath.ScriptCommand - Setting tile cache size to 32200.00 MB (25.0% max memory)
2024-10-23 01:56:50 INFO: 01:56:50.640 [main] [INFO ] qupath.lib.scripting.QP - Initializing type adapters
2024-10-23 01:56:50 INFO: Warning: Versions of org.bytedeco:javacpp:1.5.9 and org.bytedeco:opencv:4.6.0-1.5.8 do not match.
2024-10-23 01:56:50 INFO: Warning: Versions of org.bytedeco:javacpp:1.5.9 and org.bytedeco:openblas:0.3.21-1.5.8 do not match.
2024-10-23 01:56:52 INFO: project parameters are: {"detectionImageBrightfield": "Hematoxylin OD","requestedPixelSizeMicrons": 0.5,"backgroundRadiusMicrons": 4.0,"backgroundByReconstruction": true,"medianRadiusMicrons": 0.0,"sigmaMicrons": 1.5,"minAreaMicrons": 7.0,"maxAreaMicrons": 80.0,"threshold": 0.1,"maxBackground": 2.0,"watershedPostProcess": true,"cellExpansionMicrons": 5.0,"includeNuclei": true,"smoothBoundaries": true,"makeMeasurements": true,"backgroundRadiusPixel": 8.0,"cellExpansionPixel": 10.0,"medianRadiusPixel": 0.0,"minAreaPixel": 20.0,"maxAreaPixel": 160.0}
2024-10-23 01:56:52 INFO: New project created at: /home/ilants/Documents/jupyter_test/single_image_multiple_params/exp_minAreaMicrons_7.0/QPProject
2024-10-23 01:56:52 INFO: Added: /home/ilants/Documents/jupyter_test/TCGA-GI-A2C8-01Z-00-DX1.09BD8AC9-645A-4C8B-9B36-77D833BDBA09.svs
2024-10-23 01:56:52 INFO: /home/ilants/Documents/jupyter_test/TCGA-GI-A2C8-01Z-00-DX1.09BD8AC9-645A-4C8B-9B36-77D833BDBA09.svs
2024-10-23 01:56:52 INFO: 01:56:52.573 [main] [INFO ] q.l.i.s.b.BioFormatsServerOptions - Setting max Bio-Formats readers to 32
2024-10-23 01:56:53 INFO: UriImageSupport (class qupath.lib.images.servers.bioformats.BioFormatsServerBuilder) support=3.0, builders=1
2024-10-23 01:56:53 INFO: true
2024-10-23 01:56:53 INFO: 01:56:53.244 [main] [WARN ] qupath.lib.scripting.QP - createSelectAllObject(boolean) is deprecated, use createFullImageAnnotation(boolean) instead
2024-10-23 01:56:53 INFO: 01:56:53.244 [main] [WARN ] qupath.lib.scripting.QP - createSelectAllObject(boolean, int, int) is deprecated, use createFullImageAnnotation(boolean, int, int) instead
2024-10-23 01:56:53 INFO: 01:56:53.255 [main] [WARN ] q.l.plugins.parameters.ParameterList - Unable to set parameter backgroundRadiusPixel with value 8.0
2024-10-23 01:56:53 INFO: 01:56:53.255 [main] [WARN ] q.l.plugins.parameters.ParameterList - Unable to set parameter cellExpansionPixel with value 10.0
2024-10-23 01:56:53 INFO: 01:56:53.255 [main] [WARN ] q.l.plugins.parameters.ParameterList - Unable to set parameter medianRadiusPixel with value 0.0
2024-10-23 01:56:53 INFO: 01:56:53.255 [main] [WARN ] q.l.plugins.parameters.ParameterList - Unable to set parameter minAreaPixel with value 20.0
2024-10-23 01:56:53 INFO: 01:56:53.255 [main] [WARN ] q.l.plugins.parameters.ParameterList - Unable to set parameter maxAreaPixel with value 160.0
2024-10-23 01:57:05 INFO: 01:57:05.546 [task-runner-1-15] [INFO ] q.lib.plugins.DetectionPluginTools - 0 nuclei detected (processing time: 12.17 seconds)
2024-10-23 01:57:05 INFO: 01:57:05.546 [task-runner-1-16] [INFO ] q.lib.plugins.DetectionPluginTools - 0 nuclei detected (processing time: 12.17 seconds)
2024-10-23 01:57:05 INFO: 01:57:05.546 [task-runner-1-12] [INFO ] q.lib.plugins.DetectionPluginTools - 0 nuclei detected (processing time: 12.17 seconds)
2024-10-23 01:57:05 INFO: 01:57:05.547 [task-runner-1-9] [INFO ] q.lib.plugins.DetectionPluginTools - 0 nuclei detected (processing time: 12.17 seconds)
2024-10-23 01:57:05 INFO: 01:57:05.548 [task-runner-1-1] [INFO ] q.lib.plugins.DetectionPluginTools - 0 nuclei detected (processing time: 12.18 seconds)
2024-10-23 01:57:05 INFO: 01:57:05.548 [task-runner-1-48] [INFO ] q.lib.plugins.DetectionPluginTools - 0 nuclei detected (processing time: 12.17 seconds)
2024-10-23 01:57:05 INFO: 01:57:05.550 [main] [INFO ] q.l.p.CommandLineTaskRunner$CommandLineProgressMonitor - 0 nuclei detected (1%)
2024-10-23 01:57:05 INFO: 01:57:05.550 [main] [INFO ] q.l.p.CommandLineTaskRunner$CommandLineProgressMonitor - 0 nuclei detected (2%)
2024-10-23 01:57:05 INFO: 01:57:05.550 [main] [INFO ] q.l.p.CommandLineTaskRunner$CommandLineProgressMonitor - 0 nuclei detected (3%)
2024-10-23 01:57:05 INFO: 01:57:05.550 [main] [INFO ] q.l.p.CommandLineTaskRunner$CommandLineProgressMonitor - 0 nuclei detected (4%)
2024-10-23 01:57:05 INFO: 01:57:05.546 [task-runner-1-3] [INFO ] q.lib.plugins.DetectionPluginTools - 0 nuclei detected (processing time: 12.17 seconds)
2024-10-23 01:57:05 INFO: 01:57:05.546 [task-runner-1-32] [INFO ] q.lib.plugins.DetectionPluginTools - 0 nuclei detected (processing time: 12.17 seconds)
2024-10-23 01:57:05 INFO: 01:57:05.563 [main] [INFO ] q.l.p.CommandLineTaskRunner$CommandLineProgressMonitor - 0 nuclei detected (5%)
2024-10-23 01:57:05 INFO: 01:57:05.645 [task-runner-1-4] [INFO ] q.lib.plugins.DetectionPluginTools - 0 nuclei detected (processing time: 12.27 seconds)
2024-10-23 01:57:05 INFO: 01:57:05.646 [main] [INFO ] q.l.p.CommandLineTaskRunner$CommandLineProgressMonitor - 0 nuclei detected (6%)
2024-10-23 01:57:08 INFO: 01:57:08.186 [task-runner-1-30] [INFO ] q.lib.plugins.DetectionPluginTools - 1 nucleus detected (processing time: 14.81 seconds)
2024-10-23 01:57:08 INFO: 01:57:08.186 [task-runner-1-7] [INFO ] q.lib.plugins.DetectionPluginTools - 1 nucleus detected (processing time: 14.81 seconds)
2024-10-23 01:57:08 INFO: 01:57:08.186 [main] [INFO ] q.l.p.CommandLineTaskRunner$CommandLineProgressMonitor - 1 nucleus detected (6%)
2024-10-23 01:57:08 INFO: 01:57:08.186 [main] [INFO ] q.l.p.CommandLineTaskRunner$CommandLineProgressMonitor - 1 nucleus detected (7%)
2024-10-23 01:57:08 INFO: 01:57:08.188 [task-runner-1-11] [INFO ] q.lib.plugins.DetectionPluginTools - 2 nuclei detected (processing time: 14.81 seconds)
2024-10-23 01:57:08 INFO: 01:57:08.188 [task-runner-1-14] [INFO ] q.lib.plugins.DetectionPluginTools - 3 nuclei detected (processing time: 14.81 seconds)
2024-10-23 01:57:08 INFO: 01:57:08.188 [main] [INFO ] q.l.p.CommandLineTaskRunner$CommandLineProgressMonitor - 2 nuclei detected (8%)
2024-10-23 01:57:08 INFO: 01:57:08.188 [main] [INFO ] q.l.p.CommandLineTaskRunner$CommandLineProgressMonitor - 3 nuclei detected (8%)
2024-10-23 01:57:08 INFO: 01:57:08.195 [task-runner-1-6] [INFO ] q.lib.plugins.DetectionPluginTools - 6 nuclei detected (processing time: 14.82 seconds)
2024-10-23 01:57:08 INFO: 01:57:08.195 [main] [INFO ] q.l.p.CommandLineTaskRunner$CommandLineProgressMonitor - 6 nuclei detected (9%)
2024-10-23 01:57:08 INFO: 01:57:08.197 [task-runner-1-29] [INFO ] q.lib.plugins.DetectionPluginTools - 6 nuclei detected (processing time: 14.82 seconds)
2024-10-23 01:57:08 INFO: 01:57:08.197 [task-runner-1-17] [INFO ] q.lib.plugins.DetectionPluginTools - 3 nuclei detected (processing time: 14.82 seconds)
2024-10-23 01:57:08 INFO: 01:57:08.197 [main] [INFO ] q.l.p.CommandLineTaskRunner$CommandLineProgressMonitor - 3 nuclei detected (10%)
2024-10-23 01:57:08 INFO: 01:57:08.198 [task-runner-1-10] [INFO ] q.lib.plugins.DetectionPluginTools - 2 nuclei detected (processing time: 14.82 seconds)
2024-10-23 01:57:08 INFO: 01:57:08.198 [main] [INFO ] q.l.p.CommandLineTaskRunner$CommandLineProgressMonitor - 2 nuclei detected (11%)
2024-10-23 01:57:08 INFO: 01:57:08.199 [task-runner-1-47] [INFO ] q.lib.plugins.DetectionPluginTools - 8 nuclei detected (processing time: 14.82 seconds)
2024-10-23 01:57:08 INFO: 01:57:08.199 [main] [INFO ] q.l.p.CommandLineTaskRunner$CommandLineProgressMonitor - 8 nuclei detected (11%)
2024-10-23 01:57:08 INFO: 01:57:08.199 [task-runner-1-2] [INFO ] q.lib.plugins.DetectionPluginTools - 3 nuclei detected (processing time: 14.83 seconds)
2024-10-23 01:57:08 INFO: 01:57:08.199 [main] [INFO ] q.l.p.CommandLineTaskRunner$CommandLineProgressMonitor - 3 nuclei detected (12%)
2024-10-23 01:57:08 INFO: 01:57:08.199 [task-runner-1-27] [INFO ] q.lib.plugins.DetectionPluginTools - 2 nuclei detected (processing time: 14.82 seconds)
2024-10-23 01:57:08 INFO: 01:57:08.199 [main] [INFO ] q.l.p.CommandLineTaskRunner$CommandLineProgressMonitor - 2 nuclei detected (13%)
2024-10-23 01:57:08 INFO: 01:57:08.210 [task-runner-1-8] [INFO ] q.lib.plugins.DetectionPluginTools - 2 nuclei detected (processing time: 14.84 seconds)
2024-10-23 01:57:08 INFO: 01:57:08.211 [task-runner-1-13] [INFO ] q.lib.plugins.DetectionPluginTools - 9 nuclei detected (processing time: 14.84 seconds)
2024-10-23 01:57:08 INFO: 01:57:08.211 [main] [INFO ] q.l.p.CommandLineTaskRunner$CommandLineProgressMonitor - 9 nuclei detected (14%)
2024-10-23 01:57:08 INFO: 01:57:08.222 [task-runner-1-31] [INFO ] q.lib.plugins.DetectionPluginTools - 13 nuclei detected (processing time: 14.84 seconds)
2024-10-23 01:57:08 INFO: 01:57:08.222 [main] [INFO ] q.l.p.CommandLineTaskRunner$CommandLineProgressMonitor - 13 nuclei detected (14%)
2024-10-23 01:57:08 INFO: 01:57:08.247 [task-runner-1-28] [INFO ] q.lib.plugins.DetectionPluginTools - 24 nuclei detected (processing time: 14.87 seconds)
2024-10-23 01:57:08 INFO: 01:57:08.252 [main] [INFO ] q.l.p.CommandLineTaskRunner$CommandLineProgressMonitor - 24 nuclei detected (15%)
2024-10-23 01:57:08 INFO: 01:57:08.350 [task-runner-1-26] [INFO ] q.lib.plugins.DetectionPluginTools - 53 nuclei detected (processing time: 14.97 seconds)
2024-10-23 01:57:08 INFO: 01:57:08.350 [task-runner-1-46] [INFO ] q.lib.plugins.DetectionPluginTools - 60 nuclei detected (processing time: 14.96 seconds)
2024-10-23 01:57:08 INFO: 01:57:08.352 [main] [INFO ] q.l.p.CommandLineTaskRunner$CommandLineProgressMonitor - 53 nuclei detected (16%)
2024-10-23 01:57:08 INFO: 01:57:08.353 [main] [INFO ] q.l.p.CommandLineTaskRunner$CommandLineProgressMonitor - 60 nuclei detected (16%)
2024-10-23 01:57:08 INFO: 01:57:08.350 [task-runner-1-5] [INFO ] q.lib.plugins.DetectionPluginTools - 68 nuclei detected (processing time: 14.98 seconds)
2024-10-23 01:57:08 INFO: 01:57:08.354 [main] [INFO ] q.l.p.CommandLineTaskRunner$CommandLineProgressMonitor - 68 nuclei detected (17%)
2024-10-23 01:57:08 INFO: 01:57:08.451 [task-runner-1-63] [INFO ] q.lib.plugins.DetectionPluginTools - 158 nuclei detected (processing time: 15.07 seconds)
2024-10-23 01:57:08 INFO: 01:57:08.451 [task-runner-1-45] [INFO ] q.lib.plugins.DetectionPluginTools - 122 nuclei detected (processing time: 15.07 seconds)
2024-10-23 01:57:08 INFO: 01:57:08.454 [main] [INFO ] q.l.p.CommandLineTaskRunner$CommandLineProgressMonitor - 158 nuclei detected (18%)
2024-10-23 01:57:08 INFO: 01:57:08.457 [task-runner-1-49] [INFO ] q.lib.plugins.DetectionPluginTools - 138 nuclei detected (processing time: 15.08 seconds)
2024-10-23 01:57:08 INFO: 01:57:08.460 [main] [INFO ] q.l.p.CommandLineTaskRunner$CommandLineProgressMonitor - 122 nuclei detected (18%)
2024-10-23 01:57:08 INFO: 01:57:08.460 [main] [INFO ] q.l.p.CommandLineTaskRunner$CommandLineProgressMonitor - 138 nuclei detected (19%)
2024-10-23 01:57:08 INFO: 01:57:08.586 [task-runner-1-19] [INFO ] q.lib.plugins.DetectionPluginTools - 174 nuclei detected (processing time: 15.21 seconds)
2024-10-23 01:57:08 INFO: 01:57:08.587 [main] [INFO ] q.l.p.CommandLineTaskRunner$CommandLineProgressMonitor - 174 nuclei detected (19%)
2024-10-23 01:57:08 INFO: 01:57:08.747 [task-runner-1-61] [INFO ] q.lib.plugins.DetectionPluginTools - 220 nuclei detected (processing time: 15.37 seconds)
2024-10-23 01:57:08 INFO: 01:57:08.750 [main] [INFO ] q.l.p.CommandLineTaskRunner$CommandLineProgressMonitor - 220 nuclei detected (20%)
2024-10-23 01:57:08 INFO: 01:57:08.769 [task-runner-1-18] [INFO ] q.lib.plugins.DetectionPluginTools - 283 nuclei detected (processing time: 15.39 seconds)
2024-10-23 01:57:08 INFO: 01:57:08.770 [main] [INFO ] q.l.p.CommandLineTaskRunner$CommandLineProgressMonitor - 283 nuclei detected (21%)
2024-10-23 01:57:08 INFO: 01:57:08.772 [task-runner-1-44] [INFO ] q.lib.plugins.DetectionPluginTools - 290 nuclei detected (processing time: 15.39 seconds)
2024-10-23 01:57:08 INFO: 01:57:08.773 [main] [INFO ] q.l.p.CommandLineTaskRunner$CommandLineProgressMonitor - 290 nuclei detected (21%)
2024-10-23 01:57:08 INFO: 01:57:08.795 [task-runner-1-33] [INFO ] q.lib.plugins.DetectionPluginTools - 253 nuclei detected (processing time: 15.42 seconds)
2024-10-23 01:57:08 INFO: 01:57:08.796 [task-runner-1-50] [INFO ] q.lib.plugins.DetectionPluginTools - 345 nuclei detected (processing time: 15.42 seconds)
2024-10-23 01:57:08 INFO: 01:57:08.797 [main] [INFO ] q.l.p.CommandLineTaskRunner$CommandLineProgressMonitor - 253 nuclei detected (22%)
2024-10-23 01:57:08 INFO: 01:57:08.803 [main] [INFO ] q.l.p.CommandLineTaskRunner$CommandLineProgressMonitor - 345 nuclei detected (23%)
2024-10-23 01:57:08 INFO: 01:57:08.825 [task-runner-1-35] [INFO ] q.lib.plugins.DetectionPluginTools - 305 nuclei detected (processing time: 15.45 seconds)
2024-10-23 01:57:08 INFO: 01:57:08.830 [main] [INFO ] q.l.p.CommandLineTaskRunner$CommandLineProgressMonitor - 305 nuclei detected (23%)
2024-10-23 01:57:08 INFO: 01:57:08.879 [task-runner-1-25] [INFO ] q.lib.plugins.DetectionPluginTools - 372 nuclei detected (processing time: 15.50 seconds)
2024-10-23 01:57:08 INFO: 01:57:08.881 [main] [INFO ] q.l.p.CommandLineTaskRunner$CommandLineProgressMonitor - 372 nuclei detected (24%)
2024-10-23 01:57:08 INFO: 01:57:08.891 [task-runner-1-34] [INFO ] q.lib.plugins.DetectionPluginTools - 430 nuclei detected (processing time: 15.51 seconds)
2024-10-23 01:57:08 INFO: 01:57:08.892 [main] [INFO ] q.l.p.CommandLineTaskRunner$CommandLineProgressMonitor - 430 nuclei detected (24%)
2024-10-23 01:57:08 INFO: 01:57:08.916 [task-runner-1-62] [INFO ] q.lib.plugins.DetectionPluginTools - 232 nuclei detected (processing time: 15.53 seconds)
2024-10-23 01:57:08 INFO: 01:57:08.916 [main] [INFO ] q.l.p.CommandLineTaskRunner$CommandLineProgressMonitor - 232 nuclei detected (25%)
2024-10-23 01:57:08 INFO: 01:57:08.940 [task-runner-1-20] [INFO ] q.lib.plugins.DetectionPluginTools - 767 nuclei detected (processing time: 15.56 seconds)
2024-10-23 01:57:08 INFO: 01:57:08.941 [main] [INFO ] q.l.p.CommandLineTaskRunner$CommandLineProgressMonitor - 767 nuclei detected (26%)
2024-10-23 01:57:11 INFO: 01:57:11.347 [task-runner-1-51] [INFO ] q.lib.plugins.DetectionPluginTools - 952 nuclei detected (processing time: 17.97 seconds)
2024-10-23 01:57:11 INFO: 01:57:11.349 [main] [INFO ] q.l.p.CommandLineTaskRunner$CommandLineProgressMonitor - 952 nuclei detected (26%)
2024-10-23 01:57:11 INFO: 01:57:11.354 [task-runner-1-43] [INFO ] q.lib.plugins.DetectionPluginTools - 1067 nuclei detected (processing time: 17.96 seconds)
2024-10-23 01:57:11 INFO: 01:57:11.355 [main] [INFO ] q.l.p.CommandLineTaskRunner$CommandLineProgressMonitor - 1067 nuclei detected (27%)
2024-10-23 01:57:11 INFO: 01:57:11.433 [task-runner-1-60] [INFO ] q.lib.plugins.DetectionPluginTools - 1227 nuclei detected (processing time: 18.05 seconds)
2024-10-23 01:57:11 INFO: 01:57:11.439 [main] [INFO ] q.l.p.CommandLineTaskRunner$CommandLineProgressMonitor - 1227 nuclei detected (28%)
2024-10-23 01:57:11 INFO: 01:57:11.464 [task-runner-1-23] [INFO ] q.lib.plugins.DetectionPluginTools - 1097 nuclei detected (processing time: 18.09 seconds)
2024-10-23 01:57:11 INFO: 01:57:11.464 [main] [INFO ] q.l.p.CommandLineTaskRunner$CommandLineProgressMonitor - 1097 nuclei detected (28%)
2024-10-23 01:57:11 INFO: 01:57:11.488 [task-runner-1-24] [INFO ] q.lib.plugins.DetectionPluginTools - 1134 nuclei detected (processing time: 18.11 seconds)
2024-10-23 01:57:11 INFO: 01:57:11.492 [main] [INFO ] q.l.p.CommandLineTaskRunner$CommandLineProgressMonitor - 1134 nuclei detected (29%)
2024-10-23 01:57:11 INFO: 01:57:11.535 [task-runner-1-22] [INFO ] q.lib.plugins.DetectionPluginTools - 1483 nuclei detected (processing time: 18.16 seconds)
2024-10-23 01:57:11 INFO: 01:57:11.536 [main] [INFO ] q.l.p.CommandLineTaskRunner$CommandLineProgressMonitor - 1483 nuclei detected (29%)
2024-10-23 01:57:11 INFO: 01:57:11.623 [task-runner-1-16] [INFO ] q.lib.plugins.DetectionPluginTools - 2 nuclei detected (processing time: 6.07 seconds)
2024-10-23 01:57:11 INFO: 01:57:11.624 [main] [INFO ] q.l.p.CommandLineTaskRunner$CommandLineProgressMonitor - 2 nuclei detected (30%)
2024-10-23 01:57:12 INFO: 01:57:12.151 [task-runner-1-36] [INFO ] q.lib.plugins.DetectionPluginTools - 2213 nuclei detected (processing time: 18.77 seconds)
2024-10-23 01:57:12 INFO: 01:57:12.153 [main] [INFO ] q.l.p.CommandLineTaskRunner$CommandLineProgressMonitor - 2213 nuclei detected (31%)
2024-10-23 01:57:13 INFO: 01:57:13.334 [task-runner-1-59] [INFO ] q.lib.plugins.DetectionPluginTools - 2995 nuclei detected (processing time: 19.95 seconds)
2024-10-23 01:57:13 INFO: 01:57:13.335 [main] [INFO ] q.l.p.CommandLineTaskRunner$CommandLineProgressMonitor - 2995 nuclei detected (31%)
2024-10-23 01:57:13 INFO: 01:57:13.480 [task-runner-1-40] [INFO ] q.lib.plugins.DetectionPluginTools - 2296 nuclei detected (processing time: 20.10 seconds)
2024-10-23 01:57:13 INFO: 01:57:13.481 [main] [INFO ] q.l.p.CommandLineTaskRunner$CommandLineProgressMonitor - 2296 nuclei detected (32%)
2024-10-23 01:57:13 INFO: 01:57:13.500 [task-runner-1-9] [INFO ] q.lib.plugins.DetectionPluginTools - 120 nuclei detected (processing time: 7.95 seconds)
2024-10-23 01:57:13 INFO: 01:57:13.501 [main] [INFO ] q.l.p.CommandLineTaskRunner$CommandLineProgressMonitor - 120 nuclei detected (33%)
2024-10-23 01:57:13 INFO: 01:57:13.979 [task-runner-1-12] [INFO ] q.lib.plugins.DetectionPluginTools - 405 nuclei detected (processing time: 8.43 seconds)
2024-10-23 01:57:13 INFO: 01:57:13.979 [task-runner-1-21] [INFO ] q.lib.plugins.DetectionPluginTools - 4152 nuclei detected (processing time: 20.60 seconds)
2024-10-23 01:57:13 INFO: 01:57:13.981 [main] [INFO ] q.l.p.CommandLineTaskRunner$CommandLineProgressMonitor - 4152 nuclei detected (33%)
2024-10-23 01:57:13 INFO: 01:57:13.982 [main] [INFO ] q.l.p.CommandLineTaskRunner$CommandLineProgressMonitor - 405 nuclei detected (34%)
2024-10-23 01:57:14 INFO: 01:57:14.253 [task-runner-1-52] [INFO ] q.lib.plugins.DetectionPluginTools - 2739 nuclei detected (processing time: 20.87 seconds)
2024-10-23 01:57:14 INFO: 01:57:14.254 [main] [INFO ] q.l.p.CommandLineTaskRunner$CommandLineProgressMonitor - 2739 nuclei detected (34%)
2024-10-23 01:57:14 INFO: 01:57:14.502 [task-runner-1-10] [INFO ] q.lib.plugins.DetectionPluginTools - 0 nuclei detected (processing time: 6.30 seconds)
2024-10-23 01:57:14 INFO: 01:57:14.503 [main] [INFO ] q.l.p.CommandLineTaskRunner$CommandLineProgressMonitor - 0 nuclei detected (35%)
2024-10-23 01:57:14 INFO: 01:57:14.629 [task-runner-1-48] [INFO ] q.lib.plugins.DetectionPluginTools - 526 nuclei detected (processing time: 9.08 seconds)
2024-10-23 01:57:14 INFO: 01:57:14.630 [main] [INFO ] q.l.p.CommandLineTaskRunner$CommandLineProgressMonitor - 526 nuclei detected (36%)
2024-10-23 01:57:15 INFO: 01:57:15.111 [task-runner-1-58] [INFO ] q.lib.plugins.DetectionPluginTools - 2867 nuclei detected (processing time: 21.73 seconds)
2024-10-23 01:57:15 INFO: 01:57:15.112 [main] [INFO ] q.l.p.CommandLineTaskRunner$CommandLineProgressMonitor - 2867 nuclei detected (36%)
2024-10-23 01:57:15 INFO: 01:57:15.114 [task-runner-1-42] [INFO ] q.lib.plugins.DetectionPluginTools - 2876 nuclei detected (processing time: 21.74 seconds)
2024-10-23 01:57:15 INFO: 01:57:15.115 [main] [INFO ] q.l.p.CommandLineTaskRunner$CommandLineProgressMonitor - 2876 nuclei detected (37%)
2024-10-23 01:57:15 INFO: 01:57:15.357 [task-runner-1-41] [INFO ] q.lib.plugins.DetectionPluginTools - 2672 nuclei detected (processing time: 21.98 seconds)
2024-10-23 01:57:15 INFO: 01:57:15.374 [main] [INFO ] q.l.p.CommandLineTaskRunner$CommandLineProgressMonitor - 2672 nuclei detected (38%)
2024-10-23 01:57:15 INFO: 01:57:15.425 [task-runner-1-39] [INFO ] q.lib.plugins.DetectionPluginTools - 3121 nuclei detected (processing time: 22.05 seconds)
2024-10-23 01:57:15 INFO: 01:57:15.427 [main] [INFO ] q.l.p.CommandLineTaskRunner$CommandLineProgressMonitor - 3121 nuclei detected (38%)
2024-10-23 01:57:15 INFO: 01:57:15.518 [task-runner-1-2] [INFO ] q.lib.plugins.DetectionPluginTools - 145 nuclei detected (processing time: 7.32 seconds)
2024-10-23 01:57:15 INFO: 01:57:15.520 [main] [INFO ] q.l.p.CommandLineTaskRunner$CommandLineProgressMonitor - 145 nuclei detected (39%)
2024-10-23 01:57:15 INFO: 01:57:15.604 [task-runner-1-57] [INFO ] q.lib.plugins.DetectionPluginTools - 3504 nuclei detected (processing time: 22.22 seconds)
2024-10-23 01:57:15 INFO: 01:57:15.605 [main] [INFO ] q.l.p.CommandLineTaskRunner$CommandLineProgressMonitor - 3504 nuclei detected (39%)
2024-10-23 01:57:16 INFO: 01:57:16.169 [task-runner-1-47] [INFO ] q.lib.plugins.DetectionPluginTools - 121 nuclei detected (processing time: 7.97 seconds)
2024-10-23 01:57:16 INFO: 01:57:16.171 [main] [INFO ] q.l.p.CommandLineTaskRunner$CommandLineProgressMonitor - 121 nuclei detected (40%)
2024-10-23 01:57:16 INFO: 01:57:16.299 [task-runner-1-18] [INFO ] q.lib.plugins.DetectionPluginTools - 3 nuclei detected (processing time: 7.53 seconds)
2024-10-23 01:57:16 INFO: 01:57:16.327 [main] [INFO ] q.l.p.CommandLineTaskRunner$CommandLineProgressMonitor - 3 nuclei detected (41%)
2024-10-23 01:57:16 INFO: 01:57:16.512 [task-runner-1-17] [INFO ] q.lib.plugins.DetectionPluginTools - 230 nuclei detected (processing time: 8.31 seconds)
2024-10-23 01:57:16 INFO: 01:57:16.513 [main] [INFO ] q.l.p.CommandLineTaskRunner$CommandLineProgressMonitor - 230 nuclei detected (41%)
2024-10-23 01:57:16 INFO: 01:57:16.623 [task-runner-1-38] [INFO ] q.lib.plugins.DetectionPluginTools - 4139 nuclei detected (processing time: 23.24 seconds)
2024-10-23 01:57:16 INFO: 01:57:16.626 [main] [INFO ] q.l.p.CommandLineTaskRunner$CommandLineProgressMonitor - 4139 nuclei detected (42%)
2024-10-23 01:57:16 INFO: 01:57:16.641 [task-runner-1-61] [INFO ] q.lib.plugins.DetectionPluginTools - 115 nuclei detected (processing time: 7.89 seconds)
2024-10-23 01:57:16 INFO: 01:57:16.643 [main] [INFO ] q.l.p.CommandLineTaskRunner$CommandLineProgressMonitor - 115 nuclei detected (43%)
2024-10-23 01:57:17 INFO: 01:57:17.110 [task-runner-1-33] [INFO ] q.lib.plugins.DetectionPluginTools - 265 nuclei detected (processing time: 8.31 seconds)
2024-10-23 01:57:17 INFO: 01:57:17.112 [main] [INFO ] q.l.p.CommandLineTaskRunner$CommandLineProgressMonitor - 265 nuclei detected (43%)
2024-10-23 01:57:17 INFO: 01:57:17.170 [task-runner-1-44] [INFO ] q.lib.plugins.DetectionPluginTools - 157 nuclei detected (processing time: 8.40 seconds)
2024-10-23 01:57:17 INFO: 01:57:17.171 [main] [INFO ] q.l.p.CommandLineTaskRunner$CommandLineProgressMonitor - 157 nuclei detected (44%)
2024-10-23 01:57:17 INFO: 01:57:17.203 [task-runner-1-55] [INFO ] q.lib.plugins.DetectionPluginTools - 3526 nuclei detected (processing time: 23.82 seconds)
2024-10-23 01:57:17 INFO: 01:57:17.206 [main] [INFO ] q.l.p.CommandLineTaskRunner$CommandLineProgressMonitor - 3526 nuclei detected (44%)
2024-10-23 01:57:17 INFO: 01:57:17.514 [task-runner-1-50] [INFO ] q.lib.plugins.DetectionPluginTools - 156 nuclei detected (processing time: 8.72 seconds)
2024-10-23 01:57:17 INFO: 01:57:17.516 [main] [INFO ] q.l.p.CommandLineTaskRunner$CommandLineProgressMonitor - 156 nuclei detected (45%)
2024-10-23 01:57:17 INFO: 01:57:17.755 [task-runner-1-37] [INFO ] q.lib.plugins.DetectionPluginTools - 4810 nuclei detected (processing time: 24.38 seconds)
2024-10-23 01:57:17 INFO: 01:57:17.757 [main] [INFO ] q.l.p.CommandLineTaskRunner$CommandLineProgressMonitor - 4810 nuclei detected (46%)
2024-10-23 01:57:18 INFO: 01:57:18.215 [task-runner-1-54] [INFO ] q.lib.plugins.DetectionPluginTools - 5013 nuclei detected (processing time: 24.83 seconds)
2024-10-23 01:57:18 INFO: 01:57:18.222 [main] [INFO ] q.l.p.CommandLineTaskRunner$CommandLineProgressMonitor - 5013 nuclei detected (46%)
2024-10-23 01:57:18 INFO: 01:57:18.339 [task-runner-1-16] [INFO ] q.lib.plugins.DetectionPluginTools - 49 nuclei detected (processing time: 6.72 seconds)
2024-10-23 01:57:18 INFO: 01:57:18.343 [main] [INFO ] q.l.p.CommandLineTaskRunner$CommandLineProgressMonitor - 49 nuclei detected (47%)
2024-10-23 01:57:18 INFO: 01:57:18.532 [task-runner-1-56] [INFO ] q.lib.plugins.DetectionPluginTools - 4334 nuclei detected (processing time: 25.15 seconds)
2024-10-23 01:57:18 INFO: 01:57:18.533 [main] [INFO ] q.l.p.CommandLineTaskRunner$CommandLineProgressMonitor - 4334 nuclei detected (48%)
2024-10-23 01:57:18 INFO: 01:57:18.552 [task-runner-1-27] [INFO ] q.lib.plugins.DetectionPluginTools - 973 nuclei detected (processing time: 10.35 seconds)
2024-10-23 01:57:18 INFO: 01:57:18.553 [main] [INFO ] q.l.p.CommandLineTaskRunner$CommandLineProgressMonitor - 973 nuclei detected (48%)
2024-10-23 01:57:18 INFO: 01:57:18.888 [task-runner-1-36] [INFO ] q.lib.plugins.DetectionPluginTools - 1 nucleus detected (processing time: 6.74 seconds)
2024-10-23 01:57:18 INFO: 01:57:18.892 [main] [INFO ] q.l.p.CommandLineTaskRunner$CommandLineProgressMonitor - 1 nucleus detected (49%)
2024-10-23 01:57:19 INFO: 01:57:19.183 [task-runner-1-29] [INFO ] q.lib.plugins.DetectionPluginTools - 805 nuclei detected (processing time: 10.99 seconds)
2024-10-23 01:57:19 INFO: 01:57:19.185 [main] [INFO ] q.l.p.CommandLineTaskRunner$CommandLineProgressMonitor - 805 nuclei detected (49%)
2024-10-23 01:57:19 INFO: 01:57:19.643 [task-runner-1-53] [INFO ] q.lib.plugins.DetectionPluginTools - 6530 nuclei detected (processing time: 26.26 seconds)
2024-10-23 01:57:19 INFO: 01:57:19.644 [main] [INFO ] q.l.p.CommandLineTaskRunner$CommandLineProgressMonitor - 6530 nuclei detected (50%)
2024-10-23 01:57:20 INFO: 01:57:20.913 [task-runner-1-19] [INFO ] q.lib.plugins.DetectionPluginTools - 838 nuclei detected (processing time: 12.33 seconds)
2024-10-23 01:57:20 INFO: 01:57:20.922 [main] [INFO ] q.l.p.CommandLineTaskRunner$CommandLineProgressMonitor - 838 nuclei detected (51%)
2024-10-23 01:57:20 INFO: 01:57:20.983 [task-runner-1-59] [INFO ] q.lib.plugins.DetectionPluginTools - 370 nuclei detected (processing time: 7.65 seconds)
2024-10-23 01:57:20 INFO: 01:57:20.986 [main] [INFO ] q.l.p.CommandLineTaskRunner$CommandLineProgressMonitor - 370 nuclei detected (51%)
2024-10-23 01:57:21 INFO: 01:57:21.000 [task-runner-1-40] [INFO ] q.lib.plugins.DetectionPluginTools - 274 nuclei detected (processing time: 7.52 seconds)
2024-10-23 01:57:21 INFO: 01:57:21.002 [main] [INFO ] q.l.p.CommandLineTaskRunner$CommandLineProgressMonitor - 274 nuclei detected (52%)
2024-10-23 01:57:21 INFO: 01:57:21.939 [task-runner-1-6] [INFO ] q.lib.plugins.DetectionPluginTools - 1557 nuclei detected (processing time: 13.74 seconds)
2024-10-23 01:57:21 INFO: 01:57:21.943 [main] [INFO ] q.l.p.CommandLineTaskRunner$CommandLineProgressMonitor - 1557 nuclei detected (53%)
2024-10-23 01:57:22 INFO: 01:57:22.182 [task-runner-1-47] [INFO ] q.lib.plugins.DetectionPluginTools - 0 nuclei detected (processing time: 6.01 seconds)
2024-10-23 01:57:22 INFO: 01:57:22.183 [main] [INFO ] q.l.p.CommandLineTaskRunner$CommandLineProgressMonitor - 0 nuclei detected (53%)
2024-10-23 01:57:22 INFO: 01:57:22.984 [task-runner-1-18] [INFO ] q.lib.plugins.DetectionPluginTools - 0 nuclei detected (processing time: 6.65 seconds)
2024-10-23 01:57:22 INFO: 01:57:22.987 [main] [INFO ] q.l.p.CommandLineTaskRunner$CommandLineProgressMonitor - 0 nuclei detected (54%)
2024-10-23 01:57:23 INFO: 01:57:23.426 [task-runner-1-9] [INFO ] q.lib.plugins.DetectionPluginTools - 341 nuclei detected (processing time: 9.93 seconds)
2024-10-23 01:57:23 INFO: 01:57:23.429 [main] [INFO ] q.l.p.CommandLineTaskRunner$CommandLineProgressMonitor - 341 nuclei detected (54%)
2024-10-23 01:57:23 INFO: 01:57:23.658 [task-runner-1-55] [INFO ] q.lib.plugins.DetectionPluginTools - 0 nuclei detected (processing time: 6.45 seconds)
2024-10-23 01:57:23 INFO: 01:57:23.661 [main] [INFO ] q.l.p.CommandLineTaskRunner$CommandLineProgressMonitor - 0 nuclei detected (55%)
2024-10-23 01:57:23 INFO: 01:57:23.887 [task-runner-1-50] [INFO ] q.lib.plugins.DetectionPluginTools - 0 nuclei detected (processing time: 6.37 seconds)
2024-10-23 01:57:23 INFO: 01:57:23.888 [main] [INFO ] q.l.p.CommandLineTaskRunner$CommandLineProgressMonitor - 0 nuclei detected (56%)
2024-10-23 01:57:23 INFO: 01:57:23.963 [task-runner-1-61] [INFO ] q.lib.plugins.DetectionPluginTools - 126 nuclei detected (processing time: 7.32 seconds)
2024-10-23 01:57:23 INFO: 01:57:23.965 [main] [INFO ] q.l.p.CommandLineTaskRunner$CommandLineProgressMonitor - 126 nuclei detected (56%)
2024-10-23 01:57:24 INFO: 01:57:24.137 [task-runner-1-54] [INFO ] q.lib.plugins.DetectionPluginTools - 24 nuclei detected (processing time: 5.92 seconds)
2024-10-23 01:57:24 INFO: 01:57:24.138 [main] [INFO ] q.l.p.CommandLineTaskRunner$CommandLineProgressMonitor - 24 nuclei detected (57%)
2024-10-23 01:57:24 INFO: 01:57:24.466 [task-runner-1-33] [INFO ] q.lib.plugins.DetectionPluginTools - 4 nuclei detected (processing time: 7.35 seconds)
2024-10-23 01:57:24 INFO: 01:57:24.467 [main] [INFO ] q.l.p.CommandLineTaskRunner$CommandLineProgressMonitor - 4 nuclei detected (57%)
2024-10-23 01:57:24 INFO: 01:57:24.503 [task-runner-1-44] [INFO ] q.lib.plugins.DetectionPluginTools - 14 nuclei detected (processing time: 7.33 seconds)
2024-10-23 01:57:24 INFO: 01:57:24.505 [main] [INFO ] q.l.p.CommandLineTaskRunner$CommandLineProgressMonitor - 14 nuclei detected (58%)
2024-10-23 01:57:24 INFO: 01:57:24.571 [task-runner-1-37] [INFO ] q.lib.plugins.DetectionPluginTools - 0 nuclei detected (processing time: 6.81 seconds)
2024-10-23 01:57:24 INFO: 01:57:24.574 [main] [INFO ] q.l.p.CommandLineTaskRunner$CommandLineProgressMonitor - 0 nuclei detected (59%)
2024-10-23 01:57:24 INFO: 01:57:24.634 [task-runner-1-17] [INFO ] q.lib.plugins.DetectionPluginTools - 117 nuclei detected (processing time: 8.12 seconds)
2024-10-23 01:57:24 INFO: 01:57:24.635 [main] [INFO ] q.l.p.CommandLineTaskRunner$CommandLineProgressMonitor - 117 nuclei detected (59%)
2024-10-23 01:57:24 INFO: 01:57:24.658 [task-runner-1-1] [INFO ] q.lib.plugins.DetectionPluginTools - 2903 nuclei detected (processing time: 19.11 seconds)
2024-10-23 01:57:24 INFO: 01:57:24.660 [main] [INFO ] q.l.p.CommandLineTaskRunner$CommandLineProgressMonitor - 2903 nuclei detected (60%)
2024-10-23 01:57:24 INFO: 01:57:24.767 [task-runner-1-38] [INFO ] q.lib.plugins.DetectionPluginTools - 83 nuclei detected (processing time: 8.14 seconds)
2024-10-23 01:57:24 INFO: 01:57:24.769 [main] [INFO ] q.l.p.CommandLineTaskRunner$CommandLineProgressMonitor - 83 nuclei detected (61%)
2024-10-23 01:57:24 INFO: 01:57:24.819 [task-runner-1-57] [INFO ] q.lib.plugins.DetectionPluginTools - 1215 nuclei detected (processing time: 9.21 seconds)
2024-10-23 01:57:24 INFO: 01:57:24.821 [main] [INFO ] q.l.p.CommandLineTaskRunner$CommandLineProgressMonitor - 1215 nuclei detected (61%)
2024-10-23 01:57:24 INFO: 01:57:24.837 [task-runner-1-29] [INFO ] q.lib.plugins.DetectionPluginTools - 0 nuclei detected (processing time: 5.65 seconds)
2024-10-23 01:57:24 INFO: 01:57:24.837 [main] [INFO ] q.l.p.CommandLineTaskRunner$CommandLineProgressMonitor - 0 nuclei detected (62%)
2024-10-23 01:57:25 INFO: 01:57:25.249 [task-runner-1-53] [INFO ] q.lib.plugins.DetectionPluginTools - 0 nuclei detected (processing time: 5.61 seconds)
2024-10-23 01:57:25 INFO: 01:57:25.252 [main] [INFO ] q.l.p.CommandLineTaskRunner$CommandLineProgressMonitor - 0 nuclei detected (63%)
2024-10-23 01:57:25 INFO: 01:57:25.832 [task-runner-1-16] [INFO ] q.lib.plugins.DetectionPluginTools - 401 nuclei detected (processing time: 7.49 seconds)
2024-10-23 01:57:25 INFO: 01:57:25.834 [main] [INFO ] q.l.p.CommandLineTaskRunner$CommandLineProgressMonitor - 401 nuclei detected (63%)
2024-10-23 01:57:26 INFO: 01:57:26.789 [task-runner-1-22] [INFO ] q.lib.plugins.DetectionPluginTools - 2507 nuclei detected (processing time: 15.25 seconds)
2024-10-23 01:57:26 INFO: 01:57:26.790 [main] [INFO ] q.l.p.CommandLineTaskRunner$CommandLineProgressMonitor - 2507 nuclei detected (64%)
2024-10-23 01:57:27 INFO: 01:57:27.126 [task-runner-1-59] [INFO ] q.lib.plugins.DetectionPluginTools - 8 nuclei detected (processing time: 6.14 seconds)
2024-10-23 01:57:27 INFO: 01:57:27.128 [main] [INFO ] q.l.p.CommandLineTaskRunner$CommandLineProgressMonitor - 8 nuclei detected (64%)
2024-10-23 01:57:27 INFO: 01:57:27.157 [task-runner-1-40] [INFO ] q.lib.plugins.DetectionPluginTools - 1 nucleus detected (processing time: 6.15 seconds)
2024-10-23 01:57:27 INFO: 01:57:27.158 [main] [INFO ] q.l.p.CommandLineTaskRunner$CommandLineProgressMonitor - 1 nucleus detected (65%)
2024-10-23 01:57:27 INFO: 01:57:27.243 [task-runner-1-19] [INFO ] q.lib.plugins.DetectionPluginTools - 0 nuclei detected (processing time: 6.32 seconds)
2024-10-23 01:57:27 INFO: 01:57:27.244 [main] [INFO ] q.l.p.CommandLineTaskRunner$CommandLineProgressMonitor - 0 nuclei detected (66%)
2024-10-23 01:57:27 INFO: 01:57:27.468 [task-runner-1-32] [INFO ] q.lib.plugins.DetectionPluginTools - 4409 nuclei detected (processing time: 21.91 seconds)
2024-10-23 01:57:27 INFO: 01:57:27.469 [main] [INFO ] q.l.p.CommandLineTaskRunner$CommandLineProgressMonitor - 4409 nuclei detected (66%)
2024-10-23 01:57:27 INFO: 01:57:27.955 [task-runner-1-47] [INFO ] q.lib.plugins.DetectionPluginTools - 1 nucleus detected (processing time: 5.77 seconds)
2024-10-23 01:57:27 INFO: 01:57:27.955 [main] [INFO ] q.l.p.CommandLineTaskRunner$CommandLineProgressMonitor - 1 nucleus detected (67%)
2024-10-23 01:57:27 INFO: 01:57:27.962 [task-runner-1-6] [INFO ] q.lib.plugins.DetectionPluginTools - 0 nuclei detected (processing time: 6.02 seconds)
2024-10-23 01:57:27 INFO: 01:57:27.962 [main] [INFO ] q.l.p.CommandLineTaskRunner$CommandLineProgressMonitor - 0 nuclei detected (68%)
2024-10-23 01:57:28 INFO: 01:57:28.469 [task-runner-1-52] [INFO ] q.lib.plugins.DetectionPluginTools - 1452 nuclei detected (processing time: 14.22 seconds)
2024-10-23 01:57:28 INFO: 01:57:28.470 [main] [INFO ] q.l.p.CommandLineTaskRunner$CommandLineProgressMonitor - 1452 nuclei detected (68%)
2024-10-23 01:57:28 INFO: 01:57:28.876 [task-runner-1-10] [INFO ] q.lib.plugins.DetectionPluginTools - 1463 nuclei detected (processing time: 14.37 seconds)
2024-10-23 01:57:28 INFO: 01:57:28.876 [main] [INFO ] q.l.p.CommandLineTaskRunner$CommandLineProgressMonitor - 1463 nuclei detected (69%)
2024-10-23 01:57:28 INFO: 01:57:28.883 [task-runner-1-18] [INFO ] q.lib.plugins.DetectionPluginTools - 1 nucleus detected (processing time: 5.90 seconds)
2024-10-23 01:57:28 INFO: 01:57:28.884 [main] [INFO ] q.l.p.CommandLineTaskRunner$CommandLineProgressMonitor - 1 nucleus detected (69%)
2024-10-23 01:57:28 INFO: 01:57:28.985 [task-runner-1-56] [INFO ] q.lib.plugins.DetectionPluginTools - 1721 nuclei detected (processing time: 10.45 seconds)
2024-10-23 01:57:28 INFO: 01:57:28.986 [main] [INFO ] q.l.p.CommandLineTaskRunner$CommandLineProgressMonitor - 1721 nuclei detected (70%)
2024-10-23 01:57:29 INFO: 01:57:29.055 [task-runner-1-15] [INFO ] q.lib.plugins.DetectionPluginTools - 5855 nuclei detected (processing time: 23.51 seconds)
2024-10-23 01:57:29 INFO: 01:57:29.056 [main] [INFO ] q.l.p.CommandLineTaskRunner$CommandLineProgressMonitor - 5855 nuclei detected (71%)
2024-10-23 01:57:29 INFO: 01:57:29.135 [task-runner-1-11] [INFO ] q.lib.plugins.DetectionPluginTools - 3560 nuclei detected (processing time: 20.95 seconds)
2024-10-23 01:57:29 INFO: 01:57:29.136 [main] [INFO ] q.l.p.CommandLineTaskRunner$CommandLineProgressMonitor - 3560 nuclei detected (71%)
2024-10-23 01:57:29 INFO: 01:57:29.141 [task-runner-1-4] [INFO ] q.lib.plugins.DetectionPluginTools - 4556 nuclei detected (processing time: 23.50 seconds)
2024-10-23 01:57:29 INFO: 01:57:29.144 [main] [INFO ] q.l.p.CommandLineTaskRunner$CommandLineProgressMonitor - 4556 nuclei detected (72%)
2024-10-23 01:57:29 INFO: 01:57:29.163 [task-runner-1-37] [INFO ] q.lib.plugins.DetectionPluginTools - 0 nuclei detected (processing time: 4.59 seconds)
2024-10-23 01:57:29 INFO: 01:57:29.164 [main] [INFO ] q.l.p.CommandLineTaskRunner$CommandLineProgressMonitor - 0 nuclei detected (73%)
2024-10-23 01:57:29 INFO: 01:57:29.255 [task-runner-1-63] [INFO ] q.lib.plugins.DetectionPluginTools - 3296 nuclei detected (processing time: 20.80 seconds)
2024-10-23 01:57:29 INFO: 01:57:29.256 [main] [INFO ] q.l.p.CommandLineTaskRunner$CommandLineProgressMonitor - 3296 nuclei detected (73%)
2024-10-23 01:57:29 INFO: 01:57:29.262 [task-runner-1-21] [INFO ] q.lib.plugins.DetectionPluginTools - 1285 nuclei detected (processing time: 15.28 seconds)
2024-10-23 01:57:29 INFO: 01:57:29.263 [main] [INFO ] q.l.p.CommandLineTaskRunner$CommandLineProgressMonitor - 1285 nuclei detected (74%)
2024-10-23 01:57:29 INFO: 01:57:29.310 [task-runner-1-35] [INFO ] q.lib.plugins.DetectionPluginTools - 2856 nuclei detected (processing time: 20.48 seconds)
2024-10-23 01:57:29 INFO: 01:57:29.311 [main] [INFO ] q.l.p.CommandLineTaskRunner$CommandLineProgressMonitor - 2856 nuclei detected (74%)
2024-10-23 01:57:29 INFO: 01:57:29.336 [task-runner-1-14] [INFO ] q.lib.plugins.DetectionPluginTools - 3684 nuclei detected (processing time: 21.15 seconds)
2024-10-23 01:57:29 INFO: 01:57:29.337 [main] [INFO ] q.l.p.CommandLineTaskRunner$CommandLineProgressMonitor - 3684 nuclei detected (75%)
2024-10-23 01:57:29 INFO: 01:57:29.379 [task-runner-1-34] [INFO ] q.lib.plugins.DetectionPluginTools - 2950 nuclei detected (processing time: 20.49 seconds)
2024-10-23 01:57:29 INFO: 01:57:29.380 [main] [INFO ] q.l.p.CommandLineTaskRunner$CommandLineProgressMonitor - 2950 nuclei detected (76%)
2024-10-23 01:57:29 INFO: 01:57:29.425 [task-runner-1-9] [INFO ] q.lib.plugins.DetectionPluginTools - 0 nuclei detected (processing time: 5.99 seconds)
2024-10-23 01:57:29 INFO: 01:57:29.425 [main] [INFO ] q.l.p.CommandLineTaskRunner$CommandLineProgressMonitor - 0 nuclei detected (76%)
2024-10-23 01:57:29 INFO: 01:57:29.449 [task-runner-1-45] [INFO ] q.lib.plugins.DetectionPluginTools - 3127 nuclei detected (processing time: 20.99 seconds)
2024-10-23 01:57:29 INFO: 01:57:29.449 [main] [INFO ] q.l.p.CommandLineTaskRunner$CommandLineProgressMonitor - 3127 nuclei detected (77%)
2024-10-23 01:57:29 INFO: 01:57:29.582 [task-runner-1-38] [INFO ] q.lib.plugins.DetectionPluginTools - 0 nuclei detected (processing time: 4.81 seconds)
2024-10-23 01:57:29 INFO: 01:57:29.583 [main] [INFO ] q.l.p.CommandLineTaskRunner$CommandLineProgressMonitor - 0 nuclei detected (78%)
2024-10-23 01:57:29 INFO: 01:57:29.631 [task-runner-1-28] [INFO ] q.lib.plugins.DetectionPluginTools - 4174 nuclei detected (processing time: 21.38 seconds)
2024-10-23 01:57:29 INFO: 01:57:29.632 [main] [INFO ] q.l.p.CommandLineTaskRunner$CommandLineProgressMonitor - 4174 nuclei detected (78%)
2024-10-23 01:57:29 INFO: 01:57:29.787 [task-runner-1-8] [INFO ] q.lib.plugins.DetectionPluginTools - 3380 nuclei detected (processing time: 21.58 seconds)
2024-10-23 01:57:29 INFO: 01:57:29.788 [main] [INFO ] q.l.p.CommandLineTaskRunner$CommandLineProgressMonitor - 3380 nuclei detected (79%)
2024-10-23 01:57:29 INFO: 01:57:29.788 [task-runner-1-61] [INFO ] q.lib.plugins.DetectionPluginTools - 0 nuclei detected (processing time: 5.82 seconds)
2024-10-23 01:57:29 INFO: 01:57:29.788 [main] [INFO ] q.l.p.CommandLineTaskRunner$CommandLineProgressMonitor - 0 nuclei detected (79%)
2024-10-23 01:57:29 INFO: 01:57:29.805 [task-runner-1-7] [INFO ] q.lib.plugins.DetectionPluginTools - 3906 nuclei detected (processing time: 21.62 seconds)
2024-10-23 01:57:29 INFO: 01:57:29.805 [main] [INFO ] q.l.p.CommandLineTaskRunner$CommandLineProgressMonitor - 3906 nuclei detected (80%)
2024-10-23 01:57:29 INFO: 01:57:29.831 [task-runner-1-44] [INFO ] q.lib.plugins.DetectionPluginTools - 0 nuclei detected (processing time: 5.33 seconds)
2024-10-23 01:57:29 INFO: 01:57:29.832 [main] [INFO ] q.l.p.CommandLineTaskRunner$CommandLineProgressMonitor - 0 nuclei detected (81%)
2024-10-23 01:57:29 INFO: 01:57:29.851 [task-runner-1-55] [INFO ] q.lib.plugins.DetectionPluginTools - 1 nucleus detected (processing time: 6.19 seconds)
2024-10-23 01:57:29 INFO: 01:57:29.851 [main] [INFO ] q.l.p.CommandLineTaskRunner$CommandLineProgressMonitor - 1 nucleus detected (81%)
2024-10-23 01:57:29 INFO: 01:57:29.870 [task-runner-1-1] [INFO ] q.lib.plugins.DetectionPluginTools - 0 nuclei detected (processing time: 5.21 seconds)
2024-10-23 01:57:29 INFO: 01:57:29.871 [main] [INFO ] q.l.p.CommandLineTaskRunner$CommandLineProgressMonitor - 0 nuclei detected (82%)
2024-10-23 01:57:29 INFO: 01:57:29.885 [task-runner-1-49] [INFO ] q.lib.plugins.DetectionPluginTools - 2706 nuclei detected (processing time: 21.43 seconds)
2024-10-23 01:57:29 INFO: 01:57:29.885 [main] [INFO ] q.l.p.CommandLineTaskRunner$CommandLineProgressMonitor - 2706 nuclei detected (83%)
2024-10-23 01:57:29 INFO: 01:57:29.905 [task-runner-1-62] [INFO ] q.lib.plugins.DetectionPluginTools - 3115 nuclei detected (processing time: 20.99 seconds)
2024-10-23 01:57:29 INFO: 01:57:29.906 [main] [INFO ] q.l.p.CommandLineTaskRunner$CommandLineProgressMonitor - 3115 nuclei detected (83%)
2024-10-23 01:57:29 INFO: 01:57:29.963 [task-runner-1-17] [INFO ] q.lib.plugins.DetectionPluginTools - 0 nuclei detected (processing time: 5.33 seconds)
2024-10-23 01:57:29 INFO: 01:57:29.964 [main] [INFO ] q.l.p.CommandLineTaskRunner$CommandLineProgressMonitor - 0 nuclei detected (84%)
2024-10-23 01:57:30 INFO: 01:57:30.074 [task-runner-1-33] [INFO ] q.lib.plugins.DetectionPluginTools - 0 nuclei detected (processing time: 5.61 seconds)
2024-10-23 01:57:30 INFO: 01:57:30.077 [task-runner-1-54] [INFO ] q.lib.plugins.DetectionPluginTools - 2 nuclei detected (processing time: 5.94 seconds)
2024-10-23 01:57:30 INFO: 01:57:30.077 [main] [INFO ] q.l.p.CommandLineTaskRunner$CommandLineProgressMonitor - 2 nuclei detected (85%)
2024-10-23 01:57:30 INFO: 01:57:30.305 [task-runner-1-50] [INFO ] q.lib.plugins.DetectionPluginTools - 1 nucleus detected (processing time: 6.42 seconds)
2024-10-23 01:57:30 INFO: 01:57:30.306 [main] [INFO ] q.l.p.CommandLineTaskRunner$CommandLineProgressMonitor - 1 nucleus detected (86%)
2024-10-23 01:57:30 INFO: 01:57:30.309 [task-runner-1-12] [INFO ] q.lib.plugins.DetectionPluginTools - 2285 nuclei detected (processing time: 16.33 seconds)
2024-10-23 01:57:30 INFO: 01:57:30.309 [main] [INFO ] q.l.p.CommandLineTaskRunner$CommandLineProgressMonitor - 2285 nuclei detected (86%)
2024-10-23 01:57:30 INFO: 01:57:30.354 [task-runner-1-25] [INFO ] q.lib.plugins.DetectionPluginTools - 3922 nuclei detected (processing time: 21.47 seconds)
2024-10-23 01:57:30 INFO: 01:57:30.354 [main] [INFO ] q.l.p.CommandLineTaskRunner$CommandLineProgressMonitor - 3922 nuclei detected (87%)
2024-10-23 01:57:30 INFO: 01:57:30.526 [task-runner-1-27] [INFO ] q.lib.plugins.DetectionPluginTools - 2537 nuclei detected (processing time: 11.97 seconds)
2024-10-23 01:57:30 INFO: 01:57:30.527 [main] [INFO ] q.l.p.CommandLineTaskRunner$CommandLineProgressMonitor - 2537 nuclei detected (88%)
2024-10-23 01:57:30 INFO: 01:57:30.536 [task-runner-1-30] [INFO ] q.lib.plugins.DetectionPluginTools - 4262 nuclei detected (processing time: 22.35 seconds)
2024-10-23 01:57:30 INFO: 01:57:30.537 [main] [INFO ] q.l.p.CommandLineTaskRunner$CommandLineProgressMonitor - 4262 nuclei detected (88%)
2024-10-23 01:57:30 INFO: 01:57:30.594 [task-runner-1-13] [INFO ] q.lib.plugins.DetectionPluginTools - 3756 nuclei detected (processing time: 22.38 seconds)
2024-10-23 01:57:30 INFO: 01:57:30.594 [main] [INFO ] q.l.p.CommandLineTaskRunner$CommandLineProgressMonitor - 3756 nuclei detected (89%)
2024-10-23 01:57:30 INFO: 01:57:30.664 [task-runner-1-20] [INFO ] q.lib.plugins.DetectionPluginTools - 3985 nuclei detected (processing time: 21.72 seconds)
2024-10-23 01:57:30 INFO: 01:57:30.665 [main] [INFO ] q.l.p.CommandLineTaskRunner$CommandLineProgressMonitor - 3985 nuclei detected (89%)
2024-10-23 01:57:30 INFO: 01:57:30.675 [task-runner-1-31] [INFO ] q.lib.plugins.DetectionPluginTools - 4961 nuclei detected (processing time: 22.45 seconds)
2024-10-23 01:57:30 INFO: 01:57:30.676 [main] [INFO ] q.l.p.CommandLineTaskRunner$CommandLineProgressMonitor - 4961 nuclei detected (90%)
2024-10-23 01:57:30 INFO: 01:57:30.702 [task-runner-1-5] [INFO ] q.lib.plugins.DetectionPluginTools - 3836 nuclei detected (processing time: 22.35 seconds)
2024-10-23 01:57:30 INFO: 01:57:30.702 [main] [INFO ] q.l.p.CommandLineTaskRunner$CommandLineProgressMonitor - 3836 nuclei detected (91%)
2024-10-23 01:57:30 INFO: 01:57:30.872 [task-runner-1-43] [INFO ] q.lib.plugins.DetectionPluginTools - 3984 nuclei detected (processing time: 19.52 seconds)
2024-10-23 01:57:30 INFO: 01:57:30.872 [main] [INFO ] q.l.p.CommandLineTaskRunner$CommandLineProgressMonitor - 3984 nuclei detected (91%)
2024-10-23 01:57:30 INFO: 01:57:30.919 [task-runner-1-26] [INFO ] q.lib.plugins.DetectionPluginTools - 4484 nuclei detected (processing time: 22.57 seconds)
2024-10-23 01:57:30 INFO: 01:57:30.919 [main] [INFO ] q.l.p.CommandLineTaskRunner$CommandLineProgressMonitor - 4484 nuclei detected (92%)
2024-10-23 01:57:30 INFO: 01:57:30.966 [task-runner-1-46] [INFO ] q.lib.plugins.DetectionPluginTools - 4497 nuclei detected (processing time: 22.61 seconds)
2024-10-23 01:57:30 INFO: 01:57:30.967 [main] [INFO ] q.l.p.CommandLineTaskRunner$CommandLineProgressMonitor - 4497 nuclei detected (93%)
2024-10-23 01:57:31 INFO: 01:57:31.079 [task-runner-1-48] [INFO ] q.lib.plugins.DetectionPluginTools - 3285 nuclei detected (processing time: 16.45 seconds)
2024-10-23 01:57:31 INFO: 01:57:31.080 [main] [INFO ] q.l.p.CommandLineTaskRunner$CommandLineProgressMonitor - 3285 nuclei detected (93%)
2024-10-23 01:57:31 INFO: 01:57:31.144 [task-runner-1-3] [INFO ] q.lib.plugins.DetectionPluginTools - 7285 nuclei detected (processing time: 25.59 seconds)
2024-10-23 01:57:31 INFO: 01:57:31.145 [main] [INFO ] q.l.p.CommandLineTaskRunner$CommandLineProgressMonitor - 7285 nuclei detected (94%)
2024-10-23 01:57:31 INFO: 01:57:31.207 [task-runner-1-36] [INFO ] q.lib.plugins.DetectionPluginTools - 3006 nuclei detected (processing time: 12.31 seconds)
2024-10-23 01:57:31 INFO: 01:57:31.207 [main] [INFO ] q.l.p.CommandLineTaskRunner$CommandLineProgressMonitor - 3006 nuclei detected (94%)
2024-10-23 01:57:31 INFO: 01:57:31.218 [task-runner-1-51] [INFO ] q.lib.plugins.DetectionPluginTools - 3903 nuclei detected (processing time: 19.87 seconds)
2024-10-23 01:57:31 INFO: 01:57:31.218 [main] [INFO ] q.l.p.CommandLineTaskRunner$CommandLineProgressMonitor - 3903 nuclei detected (95%)
2024-10-23 01:57:31 INFO: 01:57:31.314 [task-runner-1-23] [INFO ] q.lib.plugins.DetectionPluginTools - 4345 nuclei detected (processing time: 19.85 seconds)
2024-10-23 01:57:31 INFO: 01:57:31.314 [main] [INFO ] q.l.p.CommandLineTaskRunner$CommandLineProgressMonitor - 4345 nuclei detected (96%)
2024-10-23 01:57:31 INFO: 01:57:31.805 [task-runner-1-58] [INFO ] q.lib.plugins.DetectionPluginTools - 4325 nuclei detected (processing time: 16.69 seconds)
2024-10-23 01:57:31 INFO: 01:57:31.806 [main] [INFO ] q.l.p.CommandLineTaskRunner$CommandLineProgressMonitor - 4325 nuclei detected (96%)
2024-10-23 01:57:32 INFO: 01:57:32.012 [task-runner-1-60] [INFO ] q.lib.plugins.DetectionPluginTools - 5051 nuclei detected (processing time: 20.57 seconds)
2024-10-23 01:57:32 INFO: 01:57:32.012 [main] [INFO ] q.l.p.CommandLineTaskRunner$CommandLineProgressMonitor - 5051 nuclei detected (97%)
2024-10-23 01:57:32 INFO: 01:57:32.033 [task-runner-1-24] [INFO ] q.lib.plugins.DetectionPluginTools - 5655 nuclei detected (processing time: 20.54 seconds)
2024-10-23 01:57:32 INFO: 01:57:32.033 [main] [INFO ] q.l.p.CommandLineTaskRunner$CommandLineProgressMonitor - 5655 nuclei detected (98%)
2024-10-23 01:57:32 INFO: 01:57:32.419 [task-runner-1-2] [INFO ] q.lib.plugins.DetectionPluginTools - 5170 nuclei detected (processing time: 16.90 seconds)
2024-10-23 01:57:32 INFO: 01:57:32.420 [main] [INFO ] q.l.p.CommandLineTaskRunner$CommandLineProgressMonitor - 5170 nuclei detected (98%)
2024-10-23 01:57:32 INFO: 01:57:32.834 [task-runner-1-42] [INFO ] q.lib.plugins.DetectionPluginTools - 5726 nuclei detected (processing time: 17.72 seconds)
2024-10-23 01:57:32 INFO: 01:57:32.834 [main] [INFO ] q.l.p.CommandLineTaskRunner$CommandLineProgressMonitor - 5726 nuclei detected (99%)
2024-10-23 01:57:33 INFO: 01:57:33.226 [task-runner-1-39] [INFO ] q.lib.plugins.DetectionPluginTools - 6151 nuclei detected (processing time: 17.80 seconds)
2024-10-23 01:57:33 INFO: 01:57:33.226 [main] [INFO ] q.l.p.CommandLineTaskRunner$CommandLineProgressMonitor - 6151 nuclei detected (99%)
2024-10-23 01:57:33 INFO: 01:57:33.228 [task-runner-1-41] [INFO ] q.lib.plugins.DetectionPluginTools - 6118 nuclei detected (processing time: 17.85 seconds)
2024-10-23 01:57:33 INFO: 01:57:33.228 [main] [INFO ] q.l.p.CommandLineTaskRunner$CommandLineProgressMonitor - 6118 nuclei detected (100%)
2024-10-23 01:57:33 INFO: 01:57:33.229 [main] [INFO ] q.l.p.CommandLineTaskRunner$CommandLineProgressMonitor - Processing complete in 39.86 seconds
2024-10-23 01:57:33 INFO: 01:57:33.229 [main] [INFO ] q.l.p.CommandLineTaskRunner$CommandLineProgressMonitor - Tasks completed!
2024-10-23 01:57:42 INFO: 01:57:42.942 [main] [WARN ] q.l.p.objects.SmoothFeaturesPlugin - Smoothing using annotations
2024-10-23 01:57:46 INFO: 01:57:46.639 [main] [INFO ] q.l.p.CommandLineTaskRunner$CommandLineProgressMonitor - Completed (100%)
2024-10-23 01:57:46 INFO: 01:57:46.640 [main] [INFO ] q.l.p.CommandLineTaskRunner$CommandLineProgressMonitor - Processing complete in 3.70 seconds
2024-10-23 01:57:46 INFO: 01:57:46.640 [main] [INFO ] q.l.p.CommandLineTaskRunner$CommandLineProgressMonitor - Tasks completed!
2024-10-23 01:57:46 INFO: 01:57:46.641 [main] [WARN ] q.l.p.objects.SmoothFeaturesPlugin - Smoothing using annotations
2024-10-23 01:57:55 INFO: 01:57:55.471 [main] [INFO ] q.l.p.CommandLineTaskRunner$CommandLineProgressMonitor - Completed (100%)
2024-10-23 01:57:55 INFO: 01:57:55.472 [main] [INFO ] q.l.p.CommandLineTaskRunner$CommandLineProgressMonitor - Processing complete in 8.83 seconds
2024-10-23 01:57:55 INFO: 01:57:55.472 [main] [INFO ] q.l.p.CommandLineTaskRunner$CommandLineProgressMonitor - Tasks completed!
2024-10-23 01:57:55 INFO: 01:57:55.473 [main] [WARN ] q.l.p.objects.SmoothFeaturesPlugin - Smoothing using annotations
2024-10-23 01:58:15 INFO: 01:58:15.110 [main] [INFO ] q.l.p.CommandLineTaskRunner$CommandLineProgressMonitor - Completed (100%)
2024-10-23 01:58:15 INFO: 01:58:15.111 [main] [INFO ] q.l.p.CommandLineTaskRunner$CommandLineProgressMonitor - Processing complete in 19.64 seconds
2024-10-23 01:58:15 INFO: 01:58:15.111 [main] [INFO ] q.l.p.CommandLineTaskRunner$CommandLineProgressMonitor - Tasks completed!
2024-10-23 01:58:15 INFO: 01:58:15.327 [task-runner-5-2] [INFO ] q.l.a.IntensityFeaturesPlugin - Splitting Rectangle (0, 0, 63784, 39311) into 40 tiles for intensity measurements
2024-10-23 01:58:15 INFO: 01:58:15.545 [main] [INFO ] q.l.p.CommandLineTaskRunner$CommandLineProgressMonitor - Completed (0%)
2024-10-23 01:58:16 INFO: 01:58:16.364 [main] [INFO ] q.l.p.CommandLineTaskRunner$CommandLineProgressMonitor - Completed (1%)
2024-10-23 01:58:16 INFO: 01:58:16.773 [main] [INFO ] q.l.p.CommandLineTaskRunner$CommandLineProgressMonitor - Completed (2%)
2024-10-23 01:58:16 INFO: 01:58:16.929 [main] [INFO ] q.l.p.CommandLineTaskRunner$CommandLineProgressMonitor - Completed (3%)
2024-10-23 01:58:17 INFO: 01:58:17.102 [main] [INFO ] q.l.p.CommandLineTaskRunner$CommandLineProgressMonitor - Completed (4%)
2024-10-23 01:58:17 INFO: 01:58:17.315 [main] [INFO ] q.l.p.CommandLineTaskRunner$CommandLineProgressMonitor - Completed (5%)
2024-10-23 01:58:17 INFO: 01:58:17.760 [main] [INFO ] q.l.p.CommandLineTaskRunner$CommandLineProgressMonitor - Completed (6%)
2024-10-23 01:58:17 INFO: 01:58:17.855 [main] [INFO ] q.l.p.CommandLineTaskRunner$CommandLineProgressMonitor - Completed (7%)
2024-10-23 01:58:17 INFO: 01:58:17.958 [main] [INFO ] q.l.p.CommandLineTaskRunner$CommandLineProgressMonitor - Completed (8%)
2024-10-23 01:58:18 INFO: 01:58:18.061 [main] [INFO ] q.l.p.CommandLineTaskRunner$CommandLineProgressMonitor - Completed (9%)
2024-10-23 01:58:18 INFO: 01:58:18.531 [main] [INFO ] q.l.p.CommandLineTaskRunner$CommandLineProgressMonitor - Completed (10%)
2024-10-23 01:58:18 INFO: 01:58:18.634 [main] [INFO ] q.l.p.CommandLineTaskRunner$CommandLineProgressMonitor - Completed (11%)
2024-10-23 01:58:18 INFO: 01:58:18.738 [main] [INFO ] q.l.p.CommandLineTaskRunner$CommandLineProgressMonitor - Completed (12%)
2024-10-23 01:58:18 INFO: 01:58:18.851 [main] [INFO ] q.l.p.CommandLineTaskRunner$CommandLineProgressMonitor - Completed (13%)
2024-10-23 01:58:18 INFO: 01:58:18.962 [main] [INFO ] q.l.p.CommandLineTaskRunner$CommandLineProgressMonitor - Completed (14%)
2024-10-23 01:58:19 INFO: 01:58:19.118 [main] [INFO ] q.l.p.CommandLineTaskRunner$CommandLineProgressMonitor - Completed (15%)
2024-10-23 01:58:19 INFO: 01:58:19.557 [main] [INFO ] q.l.p.CommandLineTaskRunner$CommandLineProgressMonitor - Completed (16%)
2024-10-23 01:58:19 INFO: 01:58:19.653 [main] [INFO ] q.l.p.CommandLineTaskRunner$CommandLineProgressMonitor - Completed (17%)
2024-10-23 01:58:19 INFO: 01:58:19.745 [main] [INFO ] q.l.p.CommandLineTaskRunner$CommandLineProgressMonitor - Completed (18%)
2024-10-23 01:58:19 INFO: 01:58:19.841 [main] [INFO ] q.l.p.CommandLineTaskRunner$CommandLineProgressMonitor - Completed (19%)
2024-10-23 01:58:19 INFO: 01:58:19.942 [main] [INFO ] q.l.p.CommandLineTaskRunner$CommandLineProgressMonitor - Completed (20%)
2024-10-23 01:58:20 INFO: 01:58:20.340 [main] [INFO ] q.l.p.CommandLineTaskRunner$CommandLineProgressMonitor - Completed (21%)
2024-10-23 01:58:20 INFO: 01:58:20.447 [main] [INFO ] q.l.p.CommandLineTaskRunner$CommandLineProgressMonitor - Completed (22%)
2024-10-23 01:58:20 INFO: 01:58:20.544 [main] [INFO ] q.l.p.CommandLineTaskRunner$CommandLineProgressMonitor - Completed (23%)
2024-10-23 01:58:20 INFO: 01:58:20.641 [main] [INFO ] q.l.p.CommandLineTaskRunner$CommandLineProgressMonitor - Completed (24%)
2024-10-23 01:58:20 INFO: 01:58:20.754 [main] [INFO ] q.l.p.CommandLineTaskRunner$CommandLineProgressMonitor - Completed (25%)
2024-10-23 01:58:21 INFO: 01:58:21.078 [main] [INFO ] q.l.p.CommandLineTaskRunner$CommandLineProgressMonitor - Completed (26%)
2024-10-23 01:58:21 INFO: 01:58:21.191 [main] [INFO ] q.l.p.CommandLineTaskRunner$CommandLineProgressMonitor - Completed (27%)
2024-10-23 01:58:21 INFO: 01:58:21.380 [main] [INFO ] q.l.p.CommandLineTaskRunner$CommandLineProgressMonitor - Completed (28%)
2024-10-23 01:58:21 INFO: 01:58:21.613 [main] [INFO ] q.l.p.CommandLineTaskRunner$CommandLineProgressMonitor - Completed (29%)
2024-10-23 01:58:21 INFO: 01:58:21.799 [main] [INFO ] q.l.p.CommandLineTaskRunner$CommandLineProgressMonitor - Completed (30%)
2024-10-23 01:58:21 INFO: 01:58:21.964 [main] [INFO ] q.l.p.CommandLineTaskRunner$CommandLineProgressMonitor - Completed (31%)
2024-10-23 01:58:22 INFO: 01:58:22.060 [main] [INFO ] q.l.p.CommandLineTaskRunner$CommandLineProgressMonitor - Completed (32%)
2024-10-23 01:58:22 INFO: 01:58:22.175 [main] [INFO ] q.l.p.CommandLineTaskRunner$CommandLineProgressMonitor - Completed (33%)
2024-10-23 01:58:22 INFO: 01:58:22.298 [main] [INFO ] q.l.p.CommandLineTaskRunner$CommandLineProgressMonitor - Completed (34%)
2024-10-23 01:58:22 INFO: 01:58:22.456 [main] [INFO ] q.l.p.CommandLineTaskRunner$CommandLineProgressMonitor - Completed (35%)
2024-10-23 01:58:22 INFO: 01:58:22.607 [main] [INFO ] q.l.p.CommandLineTaskRunner$CommandLineProgressMonitor - Completed (36%)
2024-10-23 01:58:22 INFO: 01:58:22.766 [main] [INFO ] q.l.p.CommandLineTaskRunner$CommandLineProgressMonitor - Completed (37%)
2024-10-23 01:58:22 INFO: 01:58:22.926 [main] [INFO ] q.l.p.CommandLineTaskRunner$CommandLineProgressMonitor - Completed (38%)
2024-10-23 01:58:23 INFO: 01:58:23.085 [main] [INFO ] q.l.p.CommandLineTaskRunner$CommandLineProgressMonitor - Completed (39%)
2024-10-23 01:58:23 INFO: 01:58:23.247 [main] [INFO ] q.l.p.CommandLineTaskRunner$CommandLineProgressMonitor - Completed (40%)
2024-10-23 01:58:23 INFO: 01:58:23.413 [main] [INFO ] q.l.p.CommandLineTaskRunner$CommandLineProgressMonitor - Completed (41%)
2024-10-23 01:58:23 INFO: 01:58:23.545 [main] [INFO ] q.l.p.CommandLineTaskRunner$CommandLineProgressMonitor - Completed (42%)
2024-10-23 01:58:23 INFO: 01:58:23.670 [main] [INFO ] q.l.p.CommandLineTaskRunner$CommandLineProgressMonitor - Completed (43%)
2024-10-23 01:58:23 INFO: 01:58:23.803 [main] [INFO ] q.l.p.CommandLineTaskRunner$CommandLineProgressMonitor - Completed (44%)
2024-10-23 01:58:24 INFO: 01:58:24.068 [main] [INFO ] q.l.p.CommandLineTaskRunner$CommandLineProgressMonitor - Completed (45%)
2024-10-23 01:58:24 INFO: 01:58:24.245 [main] [INFO ] q.l.p.CommandLineTaskRunner$CommandLineProgressMonitor - Completed (46%)
2024-10-23 01:58:24 INFO: 01:58:24.454 [main] [INFO ] q.l.p.CommandLineTaskRunner$CommandLineProgressMonitor - Completed (47%)
2024-10-23 01:58:24 INFO: 01:58:24.632 [main] [INFO ] q.l.p.CommandLineTaskRunner$CommandLineProgressMonitor - Completed (48%)
2024-10-23 01:58:24 INFO: 01:58:24.796 [main] [INFO ] q.l.p.CommandLineTaskRunner$CommandLineProgressMonitor - Completed (49%)
2024-10-23 01:58:24 INFO: 01:58:24.922 [main] [INFO ] q.l.p.CommandLineTaskRunner$CommandLineProgressMonitor - Completed (50%)
2024-10-23 01:58:25 INFO: 01:58:25.046 [main] [INFO ] q.l.p.CommandLineTaskRunner$CommandLineProgressMonitor - Completed (51%)
2024-10-23 01:58:25 INFO: 01:58:25.169 [main] [INFO ] q.l.p.CommandLineTaskRunner$CommandLineProgressMonitor - Completed (52%)
2024-10-23 01:58:25 INFO: 01:58:25.291 [main] [INFO ] q.l.p.CommandLineTaskRunner$CommandLineProgressMonitor - Completed (53%)
2024-10-23 01:58:25 INFO: 01:58:25.415 [main] [INFO ] q.l.p.CommandLineTaskRunner$CommandLineProgressMonitor - Completed (54%)
2024-10-23 01:58:25 INFO: 01:58:25.574 [main] [INFO ] q.l.p.CommandLineTaskRunner$CommandLineProgressMonitor - Completed (55%)
2024-10-23 01:58:25 INFO: 01:58:25.738 [main] [INFO ] q.l.p.CommandLineTaskRunner$CommandLineProgressMonitor - Completed (56%)
2024-10-23 01:58:25 INFO: 01:58:25.899 [main] [INFO ] q.l.p.CommandLineTaskRunner$CommandLineProgressMonitor - Completed (57%)
2024-10-23 01:58:26 INFO: 01:58:26.069 [main] [INFO ] q.l.p.CommandLineTaskRunner$CommandLineProgressMonitor - Completed (58%)
2024-10-23 01:58:26 INFO: 01:58:26.242 [main] [INFO ] q.l.p.CommandLineTaskRunner$CommandLineProgressMonitor - Completed (59%)
2024-10-23 01:58:26 INFO: 01:58:26.413 [main] [INFO ] q.l.p.CommandLineTaskRunner$CommandLineProgressMonitor - Completed (60%)
2024-10-23 01:58:26 INFO: 01:58:26.597 [main] [INFO ] q.l.p.CommandLineTaskRunner$CommandLineProgressMonitor - Completed (61%)
2024-10-23 01:58:26 INFO: 01:58:26.781 [main] [INFO ] q.l.p.CommandLineTaskRunner$CommandLineProgressMonitor - Completed (62%)
2024-10-23 01:58:27 INFO: 01:58:27.049 [main] [INFO ] q.l.p.CommandLineTaskRunner$CommandLineProgressMonitor - Completed (63%)
2024-10-23 01:58:27 INFO: 01:58:27.220 [main] [INFO ] q.l.p.CommandLineTaskRunner$CommandLineProgressMonitor - Completed (64%)
2024-10-23 01:58:27 INFO: 01:58:27.345 [main] [INFO ] q.l.p.CommandLineTaskRunner$CommandLineProgressMonitor - Completed (65%)
2024-10-23 01:58:27 INFO: 01:58:27.458 [main] [INFO ] q.l.p.CommandLineTaskRunner$CommandLineProgressMonitor - Completed (66%)
2024-10-23 01:58:27 INFO: 01:58:27.576 [main] [INFO ] q.l.p.CommandLineTaskRunner$CommandLineProgressMonitor - Completed (67%)
2024-10-23 01:58:27 INFO: 01:58:27.692 [main] [INFO ] q.l.p.CommandLineTaskRunner$CommandLineProgressMonitor - Completed (68%)
2024-10-23 01:58:27 INFO: 01:58:27.822 [main] [INFO ] q.l.p.CommandLineTaskRunner$CommandLineProgressMonitor - Completed (69%)
2024-10-23 01:58:27 INFO: 01:58:27.935 [main] [INFO ] q.l.p.CommandLineTaskRunner$CommandLineProgressMonitor - Completed (70%)
2024-10-23 01:58:28 INFO: 01:58:28.068 [main] [INFO ] q.l.p.CommandLineTaskRunner$CommandLineProgressMonitor - Completed (71%)
2024-10-23 01:58:28 INFO: 01:58:28.273 [main] [INFO ] q.l.p.CommandLineTaskRunner$CommandLineProgressMonitor - Completed (72%)
2024-10-23 01:58:28 INFO: 01:58:28.372 [main] [INFO ] q.l.p.CommandLineTaskRunner$CommandLineProgressMonitor - Completed (73%)
2024-10-23 01:58:28 INFO: 01:58:28.471 [main] [INFO ] q.l.p.CommandLineTaskRunner$CommandLineProgressMonitor - Completed (74%)
2024-10-23 01:58:28 INFO: 01:58:28.578 [main] [INFO ] q.l.p.CommandLineTaskRunner$CommandLineProgressMonitor - Completed (75%)
2024-10-23 01:58:28 INFO: 01:58:28.683 [main] [INFO ] q.l.p.CommandLineTaskRunner$CommandLineProgressMonitor - Completed (76%)
2024-10-23 01:58:28 INFO: 01:58:28.779 [main] [INFO ] q.l.p.CommandLineTaskRunner$CommandLineProgressMonitor - Completed (77%)
2024-10-23 01:58:28 INFO: 01:58:28.877 [main] [INFO ] q.l.p.CommandLineTaskRunner$CommandLineProgressMonitor - Completed (78%)
2024-10-23 01:58:28 INFO: 01:58:28.975 [main] [INFO ] q.l.p.CommandLineTaskRunner$CommandLineProgressMonitor - Completed (79%)
2024-10-23 01:58:29 INFO: 01:58:29.077 [main] [INFO ] q.l.p.CommandLineTaskRunner$CommandLineProgressMonitor - Completed (80%)
2024-10-23 01:58:29 INFO: 01:58:29.327 [main] [INFO ] q.l.p.CommandLineTaskRunner$CommandLineProgressMonitor - Completed (81%)
2024-10-23 01:58:29 INFO: 01:58:29.471 [main] [INFO ] q.l.p.CommandLineTaskRunner$CommandLineProgressMonitor - Completed (82%)
2024-10-23 01:58:29 INFO: 01:58:29.577 [main] [INFO ] q.l.p.CommandLineTaskRunner$CommandLineProgressMonitor - Completed (83%)
2024-10-23 01:58:29 INFO: 01:58:29.686 [main] [INFO ] q.l.p.CommandLineTaskRunner$CommandLineProgressMonitor - Completed (84%)
2024-10-23 01:58:29 INFO: 01:58:29.783 [main] [INFO ] q.l.p.CommandLineTaskRunner$CommandLineProgressMonitor - Completed (85%)
2024-10-23 01:58:29 INFO: 01:58:29.888 [main] [INFO ] q.l.p.CommandLineTaskRunner$CommandLineProgressMonitor - Completed (86%)
2024-10-23 01:58:29 INFO: 01:58:29.987 [main] [INFO ] q.l.p.CommandLineTaskRunner$CommandLineProgressMonitor - Completed (87%)
2024-10-23 01:58:30 INFO: 01:58:30.095 [main] [INFO ] q.l.p.CommandLineTaskRunner$CommandLineProgressMonitor - Completed (88%)
2024-10-23 01:58:30 INFO: 01:58:30.189 [main] [INFO ] q.l.p.CommandLineTaskRunner$CommandLineProgressMonitor - Completed (89%)
2024-10-23 01:58:30 INFO: 01:58:30.291 [main] [INFO ] q.l.p.CommandLineTaskRunner$CommandLineProgressMonitor - Completed (90%)
2024-10-23 01:58:30 INFO: 01:58:30.395 [main] [INFO ] q.l.p.CommandLineTaskRunner$CommandLineProgressMonitor - Completed (91%)
2024-10-23 01:58:30 INFO: 01:58:30.540 [main] [INFO ] q.l.p.CommandLineTaskRunner$CommandLineProgressMonitor - Completed (92%)
2024-10-23 01:58:30 INFO: 01:58:30.706 [main] [INFO ] q.l.p.CommandLineTaskRunner$CommandLineProgressMonitor - Completed (93%)
2024-10-23 01:58:30 INFO: 01:58:30.850 [main] [INFO ] q.l.p.CommandLineTaskRunner$CommandLineProgressMonitor - Completed (94%)
2024-10-23 01:58:31 INFO: 01:58:31.007 [main] [INFO ] q.l.p.CommandLineTaskRunner$CommandLineProgressMonitor - Completed (95%)
2024-10-23 01:58:31 INFO: 01:58:31.107 [main] [INFO ] q.l.p.CommandLineTaskRunner$CommandLineProgressMonitor - Completed (96%)
2024-10-23 01:58:31 INFO: 01:58:31.204 [main] [INFO ] q.l.p.CommandLineTaskRunner$CommandLineProgressMonitor - Completed (97%)
2024-10-23 01:58:31 INFO: 01:58:31.387 [main] [INFO ] q.l.p.CommandLineTaskRunner$CommandLineProgressMonitor - Completed (98%)
2024-10-23 01:58:31 INFO: 01:58:31.490 [main] [INFO ] q.l.p.CommandLineTaskRunner$CommandLineProgressMonitor - Completed (99%)
2024-10-23 01:58:31 INFO: 01:58:31.603 [main] [INFO ] q.l.p.CommandLineTaskRunner$CommandLineProgressMonitor - Completed (100%)
2024-10-23 01:59:28 INFO: 01:59:28.662 [main] [INFO ] q.l.p.CommandLineTaskRunner$CommandLineProgressMonitor - Completed (100%)
2024-10-23 01:59:28 INFO: 01:59:28.663 [main] [INFO ] q.l.p.CommandLineTaskRunner$CommandLineProgressMonitor - Processing complete in 73.35 seconds
2024-10-23 01:59:28 INFO: 01:59:28.663 [main] [INFO ] q.l.p.CommandLineTaskRunner$CommandLineProgressMonitor - Tasks completed!
2024-10-23 02:01:32 INFO: 02:01:32.101 [task-runner-6-1] [WARN ] q.o.features.DelaunayTriangulation - Some objects have missing measurements! Statistics will calculated only for objects with measurements available.
2024-10-23 02:01:32 INFO: 02:01:32.101 [task-runner-6-1] [WARN ] q.o.features.DelaunayTriangulation - Missing measurements: [ROI: 1.00 m per pixel: Residual: Haralick Correlation (F2), ROI: 1.00 m per pixel: Residual: Haralick Information measure of correlation 1 (F11), ROI: 1.00 m per pixel: Residual: Haralick Information measure of correlation 2 (F12), ROI: 1.00 m per pixel: OD Sum: Haralick Correlation (F2), ROI: 1.00 m per pixel: OD Sum: Haralick Information measure of correlation 1 (F11), ROI: 1.00 m per pixel: Green: Haralick Correlation (F2), ROI: 1.00 m per pixel: Green: Haralick Information measure of correlation 1 (F11), ROI: 1.00 m per pixel: Blue: Haralick Correlation (F2), ROI: 1.00 m per pixel: Blue: Haralick Information measure of correlation 1 (F11), ROI: 1.00 m per pixel: Saturation: Haralick Correlation (F2), ROI: 1.00 m per pixel: Saturation: Haralick Information measure of correlation 1 (F11), ROI: 1.00 m per pixel: Brightness: Haralick Correlation (F2), ROI: 1.00 m per pixel: Brightness: Haralick Information measure of correlation 1 (F11)]
2024-10-23 02:01:32 INFO: 02:01:32.139 [main] [INFO ] q.l.p.CommandLineTaskRunner$CommandLineProgressMonitor - Delaunay triangulation calculated for Annotation (214511 objects) (100%)
2024-10-23 02:01:32 INFO: 02:01:32.139 [main] [INFO ] q.l.p.CommandLineTaskRunner$CommandLineProgressMonitor - Processing complete in 123.42 seconds
2024-10-23 02:01:32 INFO: 02:01:32.139 [main] [INFO ] q.l.p.CommandLineTaskRunner$CommandLineProgressMonitor - Tasks completed!
2024-10-23 02:03:57 INFO: TCGA-GI-A2C8-01Z-00-DX1.09BD8AC9-645A-4C8B-9B36-77D833BDBA09
2024-10-23 02:03:57 INFO: QuPath subprocess completed.
2024-10-23 02:04:08 INFO: QuPath image extraction completed successfully. Output directory: /home/ilants/Documents/jupyter_test/single_image_multiple_params/exp_minAreaMicrons_7.0
2024-10-23 02:04:08 INFO: Summary table saved to: /home/ilants/Documents/jupyter_test/single_image_multiple_params/exp_minAreaMicrons_7.0/Summary_Table.csv
2024-10-23 02:04:08 INFO: Experiment completed successfully.
