2024-10-23 02:18:51 INFO: Starting experiment with for minAreaMicrons with value of 10.0
2024-10-23 02:18:51 INFO: Running with the following configuration:
{'detectionImageBrightfield': 'Hematoxylin OD', 'requestedPixelSizeMicrons': 0.5, 'backgroundRadiusMicrons': 4.0, 'backgroundByReconstruction': True, 'medianRadiusMicrons': 0.0, 'sigmaMicrons': 1.5, 'minAreaMicrons': 10.0, 'maxAreaMicrons': 80.0, 'threshold': 0.1, 'maxBackground': 2.0, 'watershedPostProcess': True, 'cellExpansionMicrons': 5.0, 'includeNuclei': True, 'smoothBoundaries': True, 'makeMeasurements': True, 'backgroundRadiusPixel': 8.0, 'cellExpansionPixel': 10.0, 'medianRadiusPixel': 0.0, 'minAreaPixel': 20.0, 'maxAreaPixel': 160.0}
2024-10-23 02:18:51 INFO: Starting QuPath image extraction with the following parameters: image_dir=/home/ilants/Documents/jupyter_test, output_dir=/home/ilants/Documents/jupyter_test/single_image_multiple_params/exp_minAreaMicrons_10.0, image_type=svs, groovy_script=/home/ilants/Documents/utls/nucleus_detection_wargs.groovy, config_file=/home/ilants/Documents/jupyter_test/single_image_multiple_params/exp_minAreaMicrons_10.0/cfg.json, program_path=/home/ilants/Documents/QuPath-v0.5.1-Linux/QuPath/bin/QuPath
2024-10-23 02:18:52 INFO: 02:18:52.668 [main] [INFO ] qupath.lib.gui.prefs.PathPrefs - Setting default Locale to en_US
2024-10-23 02:18:52 INFO: 02:18:52.671 [main] [INFO ] qupath.lib.gui.prefs.PathPrefs - Setting Locale for FORMAT to en_US
2024-10-23 02:18:52 INFO: 02:18:52.671 [main] [INFO ] qupath.lib.gui.prefs.PathPrefs - Setting Locale for DISPLAY to en_US
2024-10-23 02:18:52 INFO: 02:18:52.686 [main] [INFO ] qupath.lib.common.ThreadTools - Setting parallelism to 63
2024-10-23 02:18:52 INFO: 02:18:52.705 [main] [INFO ] qupath.ScriptCommand - Setting tile cache size to 32200.00 MB (25.0% max memory)
2024-10-23 02:18:52 INFO: 02:18:52.762 [main] [INFO ] qupath.lib.scripting.QP - Initializing type adapters
2024-10-23 02:18:52 INFO: Warning: Versions of org.bytedeco:javacpp:1.5.9 and org.bytedeco:opencv:4.6.0-1.5.8 do not match.
2024-10-23 02:18:52 INFO: Warning: Versions of org.bytedeco:javacpp:1.5.9 and org.bytedeco:openblas:0.3.21-1.5.8 do not match.
2024-10-23 02:18:54 INFO: project parameters are: {"detectionImageBrightfield": "Hematoxylin OD","requestedPixelSizeMicrons": 0.5,"backgroundRadiusMicrons": 4.0,"backgroundByReconstruction": true,"medianRadiusMicrons": 0.0,"sigmaMicrons": 1.5,"minAreaMicrons": 10.0,"maxAreaMicrons": 80.0,"threshold": 0.1,"maxBackground": 2.0,"watershedPostProcess": true,"cellExpansionMicrons": 5.0,"includeNuclei": true,"smoothBoundaries": true,"makeMeasurements": true,"backgroundRadiusPixel": 8.0,"cellExpansionPixel": 10.0,"medianRadiusPixel": 0.0,"minAreaPixel": 20.0,"maxAreaPixel": 160.0}
2024-10-23 02:18:54 INFO: New project created at: /home/ilants/Documents/jupyter_test/single_image_multiple_params/exp_minAreaMicrons_10.0/QPProject
2024-10-23 02:18:54 INFO: Added: /home/ilants/Documents/jupyter_test/TCGA-GI-A2C8-01Z-00-DX1.09BD8AC9-645A-4C8B-9B36-77D833BDBA09.svs
2024-10-23 02:18:54 INFO: /home/ilants/Documents/jupyter_test/TCGA-GI-A2C8-01Z-00-DX1.09BD8AC9-645A-4C8B-9B36-77D833BDBA09.svs
2024-10-23 02:18:54 INFO: 02:18:54.754 [main] [INFO ] q.l.i.s.b.BioFormatsServerOptions - Setting max Bio-Formats readers to 32
2024-10-23 02:18:55 INFO: UriImageSupport (class qupath.lib.images.servers.bioformats.BioFormatsServerBuilder) support=3.0, builders=1
2024-10-23 02:18:55 INFO: true
2024-10-23 02:18:55 INFO: 02:18:55.441 [main] [WARN ] qupath.lib.scripting.QP - createSelectAllObject(boolean) is deprecated, use createFullImageAnnotation(boolean) instead
2024-10-23 02:18:55 INFO: 02:18:55.441 [main] [WARN ] qupath.lib.scripting.QP - createSelectAllObject(boolean, int, int) is deprecated, use createFullImageAnnotation(boolean, int, int) instead
2024-10-23 02:18:55 INFO: 02:18:55.452 [main] [WARN ] q.l.plugins.parameters.ParameterList - Unable to set parameter backgroundRadiusPixel with value 8.0
2024-10-23 02:18:55 INFO: 02:18:55.452 [main] [WARN ] q.l.plugins.parameters.ParameterList - Unable to set parameter cellExpansionPixel with value 10.0
2024-10-23 02:18:55 INFO: 02:18:55.452 [main] [WARN ] q.l.plugins.parameters.ParameterList - Unable to set parameter medianRadiusPixel with value 0.0
2024-10-23 02:18:55 INFO: 02:18:55.452 [main] [WARN ] q.l.plugins.parameters.ParameterList - Unable to set parameter minAreaPixel with value 20.0
2024-10-23 02:18:55 INFO: 02:18:55.453 [main] [WARN ] q.l.plugins.parameters.ParameterList - Unable to set parameter maxAreaPixel with value 160.0
2024-10-23 02:19:07 INFO: 02:19:07.655 [task-runner-1-32] [INFO ] q.lib.plugins.DetectionPluginTools - 0 nuclei detected (processing time: 12.08 seconds)
2024-10-23 02:19:07 INFO: 02:19:07.657 [main] [INFO ] q.l.p.CommandLineTaskRunner$CommandLineProgressMonitor - 0 nuclei detected (1%)
2024-10-23 02:19:07 INFO: 02:19:07.664 [task-runner-1-4] [INFO ] q.lib.plugins.DetectionPluginTools - 0 nuclei detected (processing time: 12.10 seconds)
2024-10-23 02:19:08 INFO: 02:19:08.312 [task-runner-1-47] [INFO ] q.lib.plugins.DetectionPluginTools - 7 nuclei detected (processing time: 12.74 seconds)
2024-10-23 02:19:08 INFO: 02:19:08.313 [main] [INFO ] q.l.p.CommandLineTaskRunner$CommandLineProgressMonitor - 7 nuclei detected (2%)
2024-10-23 02:19:10 INFO: 02:19:10.341 [task-runner-1-48] [INFO ] q.lib.plugins.DetectionPluginTools - 0 nuclei detected (processing time: 14.76 seconds)
2024-10-23 02:19:10 INFO: 02:19:10.343 [main] [INFO ] q.l.p.CommandLineTaskRunner$CommandLineProgressMonitor - 0 nuclei detected (3%)
2024-10-23 02:19:10 INFO: 02:19:10.347 [task-runner-1-15] [INFO ] q.lib.plugins.DetectionPluginTools - 0 nuclei detected (processing time: 14.78 seconds)
2024-10-23 02:19:10 INFO: 02:19:10.349 [task-runner-1-10] [INFO ] q.lib.plugins.DetectionPluginTools - 1 nucleus detected (processing time: 14.78 seconds)
2024-10-23 02:19:10 INFO: 02:19:10.350 [task-runner-1-14] [INFO ] q.lib.plugins.DetectionPluginTools - 2 nuclei detected (processing time: 14.78 seconds)
2024-10-23 02:19:10 INFO: 02:19:10.351 [main] [INFO ] q.l.p.CommandLineTaskRunner$CommandLineProgressMonitor - 1 nucleus detected (4%)
2024-10-23 02:19:10 INFO: 02:19:10.351 [main] [INFO ] q.l.p.CommandLineTaskRunner$CommandLineProgressMonitor - 2 nuclei detected (4%)
2024-10-23 02:19:10 INFO: 02:19:10.354 [task-runner-1-12] [INFO ] q.lib.plugins.DetectionPluginTools - 0 nuclei detected (processing time: 14.79 seconds)
2024-10-23 02:19:10 INFO: 02:19:10.354 [main] [INFO ] q.l.p.CommandLineTaskRunner$CommandLineProgressMonitor - 0 nuclei detected (5%)
2024-10-23 02:19:10 INFO: 02:19:10.361 [task-runner-1-11] [INFO ] q.lib.plugins.DetectionPluginTools - 1 nucleus detected (processing time: 14.79 seconds)
2024-10-23 02:19:10 INFO: 02:19:10.362 [main] [INFO ] q.l.p.CommandLineTaskRunner$CommandLineProgressMonitor - 1 nucleus detected (6%)
2024-10-23 02:19:10 INFO: 02:19:10.367 [task-runner-1-27] [INFO ] q.lib.plugins.DetectionPluginTools - 1 nucleus detected (processing time: 14.79 seconds)
2024-10-23 02:19:10 INFO: 02:19:10.369 [task-runner-1-16] [INFO ] q.lib.plugins.DetectionPluginTools - 0 nuclei detected (processing time: 14.80 seconds)
2024-10-23 02:19:10 INFO: 02:19:10.370 [main] [INFO ] q.l.p.CommandLineTaskRunner$CommandLineProgressMonitor - 0 nuclei detected (7%)
2024-10-23 02:19:10 INFO: 02:19:10.371 [task-runner-1-29] [INFO ] q.lib.plugins.DetectionPluginTools - 5 nuclei detected (processing time: 14.80 seconds)
2024-10-23 02:19:10 INFO: 02:19:10.371 [task-runner-1-3] [INFO ] q.lib.plugins.DetectionPluginTools - 0 nuclei detected (processing time: 14.80 seconds)
2024-10-23 02:19:10 INFO: 02:19:10.371 [main] [INFO ] q.l.p.CommandLineTaskRunner$CommandLineProgressMonitor - 5 nuclei detected (8%)
2024-10-23 02:19:10 INFO: 02:19:10.372 [main] [INFO ] q.l.p.CommandLineTaskRunner$CommandLineProgressMonitor - 0 nuclei detected (8%)
2024-10-23 02:19:10 INFO: 02:19:10.370 [task-runner-1-1] [INFO ] q.lib.plugins.DetectionPluginTools - 0 nuclei detected (processing time: 14.80 seconds)
2024-10-23 02:19:10 INFO: 02:19:10.372 [main] [INFO ] q.l.p.CommandLineTaskRunner$CommandLineProgressMonitor - 0 nuclei detected (9%)
2024-10-23 02:19:10 INFO: 02:19:10.378 [task-runner-1-31] [INFO ] q.lib.plugins.DetectionPluginTools - 13 nuclei detected (processing time: 14.80 seconds)
2024-10-23 02:19:10 INFO: 02:19:10.378 [main] [INFO ] q.l.p.CommandLineTaskRunner$CommandLineProgressMonitor - 13 nuclei detected (9%)
2024-10-23 02:19:10 INFO: 02:19:10.382 [task-runner-1-9] [INFO ] q.lib.plugins.DetectionPluginTools - 0 nuclei detected (processing time: 14.81 seconds)
2024-10-23 02:19:10 INFO: 02:19:10.382 [main] [INFO ] q.l.p.CommandLineTaskRunner$CommandLineProgressMonitor - 0 nuclei detected (10%)
2024-10-23 02:19:10 INFO: 02:19:10.382 [task-runner-1-30] [INFO ] q.lib.plugins.DetectionPluginTools - 1 nucleus detected (processing time: 14.81 seconds)
2024-10-23 02:19:10 INFO: 02:19:10.383 [main] [INFO ] q.l.p.CommandLineTaskRunner$CommandLineProgressMonitor - 1 nucleus detected (11%)
2024-10-23 02:19:10 INFO: 02:19:10.383 [task-runner-1-8] [INFO ] q.lib.plugins.DetectionPluginTools - 2 nuclei detected (processing time: 14.81 seconds)
2024-10-23 02:19:10 INFO: 02:19:10.383 [main] [INFO ] q.l.p.CommandLineTaskRunner$CommandLineProgressMonitor - 2 nuclei detected (11%)
2024-10-23 02:19:10 INFO: 02:19:10.389 [task-runner-1-2] [INFO ] q.lib.plugins.DetectionPluginTools - 2 nuclei detected (processing time: 14.82 seconds)
2024-10-23 02:19:10 INFO: 02:19:10.390 [main] [INFO ] q.l.p.CommandLineTaskRunner$CommandLineProgressMonitor - 2 nuclei detected (12%)
2024-10-23 02:19:10 INFO: 02:19:10.393 [task-runner-1-17] [INFO ] q.lib.plugins.DetectionPluginTools - 3 nuclei detected (processing time: 14.82 seconds)
2024-10-23 02:19:10 INFO: 02:19:10.394 [main] [INFO ] q.l.p.CommandLineTaskRunner$CommandLineProgressMonitor - 3 nuclei detected (13%)
2024-10-23 02:19:10 INFO: 02:19:10.400 [task-runner-1-6] [INFO ] q.lib.plugins.DetectionPluginTools - 6 nuclei detected (processing time: 14.83 seconds)
2024-10-23 02:19:10 INFO: 02:19:10.400 [main] [INFO ] q.l.p.CommandLineTaskRunner$CommandLineProgressMonitor - 6 nuclei detected (13%)
2024-10-23 02:19:10 INFO: 02:19:10.403 [task-runner-1-28] [INFO ] q.lib.plugins.DetectionPluginTools - 21 nuclei detected (processing time: 14.83 seconds)
2024-10-23 02:19:10 INFO: 02:19:10.410 [main] [INFO ] q.l.p.CommandLineTaskRunner$CommandLineProgressMonitor - 21 nuclei detected (14%)
2024-10-23 02:19:10 INFO: 02:19:10.444 [task-runner-1-13] [INFO ] q.lib.plugins.DetectionPluginTools - 8 nuclei detected (processing time: 14.87 seconds)
2024-10-23 02:19:10 INFO: 02:19:10.445 [main] [INFO ] q.l.p.CommandLineTaskRunner$CommandLineProgressMonitor - 8 nuclei detected (14%)
2024-10-23 02:19:10 INFO: 02:19:10.446 [task-runner-1-7] [INFO ] q.lib.plugins.DetectionPluginTools - 1 nucleus detected (processing time: 14.88 seconds)
2024-10-23 02:19:10 INFO: 02:19:10.446 [main] [INFO ] q.l.p.CommandLineTaskRunner$CommandLineProgressMonitor - 1 nucleus detected (15%)
2024-10-23 02:19:10 INFO: 02:19:10.504 [task-runner-1-26] [INFO ] q.lib.plugins.DetectionPluginTools - 50 nuclei detected (processing time: 14.93 seconds)
2024-10-23 02:19:10 INFO: 02:19:10.506 [main] [INFO ] q.l.p.CommandLineTaskRunner$CommandLineProgressMonitor - 50 nuclei detected (16%)
2024-10-23 02:19:10 INFO: 02:19:10.618 [task-runner-1-46] [INFO ] q.lib.plugins.DetectionPluginTools - 58 nuclei detected (processing time: 15.04 seconds)
2024-10-23 02:19:10 INFO: 02:19:10.618 [main] [INFO ] q.l.p.CommandLineTaskRunner$CommandLineProgressMonitor - 58 nuclei detected (16%)
2024-10-23 02:19:10 INFO: 02:19:10.649 [task-runner-1-5] [INFO ] q.lib.plugins.DetectionPluginTools - 61 nuclei detected (processing time: 15.08 seconds)
2024-10-23 02:19:10 INFO: 02:19:10.659 [main] [INFO ] q.l.p.CommandLineTaskRunner$CommandLineProgressMonitor - 61 nuclei detected (17%)
2024-10-23 02:19:10 INFO: 02:19:10.709 [task-runner-1-45] [INFO ] q.lib.plugins.DetectionPluginTools - 115 nuclei detected (processing time: 15.13 seconds)
2024-10-23 02:19:10 INFO: 02:19:10.711 [main] [INFO ] q.l.p.CommandLineTaskRunner$CommandLineProgressMonitor - 115 nuclei detected (18%)
2024-10-23 02:19:10 INFO: 02:19:10.727 [task-runner-1-49] [INFO ] q.lib.plugins.DetectionPluginTools - 131 nuclei detected (processing time: 15.15 seconds)
2024-10-23 02:19:10 INFO: 02:19:10.728 [main] [INFO ] q.l.p.CommandLineTaskRunner$CommandLineProgressMonitor - 131 nuclei detected (18%)
2024-10-23 02:19:10 INFO: 02:19:10.733 [task-runner-1-19] [INFO ] q.lib.plugins.DetectionPluginTools - 153 nuclei detected (processing time: 15.16 seconds)
2024-10-23 02:19:10 INFO: 02:19:10.734 [main] [INFO ] q.l.p.CommandLineTaskRunner$CommandLineProgressMonitor - 153 nuclei detected (19%)
2024-10-23 02:19:10 INFO: 02:19:10.807 [task-runner-1-33] [INFO ] q.lib.plugins.DetectionPluginTools - 237 nuclei detected (processing time: 15.23 seconds)
2024-10-23 02:19:10 INFO: 02:19:10.809 [main] [INFO ] q.l.p.CommandLineTaskRunner$CommandLineProgressMonitor - 237 nuclei detected (19%)
2024-10-23 02:19:10 INFO: 02:19:10.816 [task-runner-1-61] [INFO ] q.lib.plugins.DetectionPluginTools - 210 nuclei detected (processing time: 15.24 seconds)
2024-10-23 02:19:10 INFO: 02:19:10.818 [main] [INFO ] q.l.p.CommandLineTaskRunner$CommandLineProgressMonitor - 210 nuclei detected (20%)
2024-10-23 02:19:10 INFO: 02:19:10.809 [task-runner-1-63] [INFO ] q.lib.plugins.DetectionPluginTools - 150 nuclei detected (processing time: 15.21 seconds)
2024-10-23 02:19:10 INFO: 02:19:10.834 [main] [INFO ] q.l.p.CommandLineTaskRunner$CommandLineProgressMonitor - 150 nuclei detected (21%)
2024-10-23 02:19:10 INFO: 02:19:10.839 [task-runner-1-18] [INFO ] q.lib.plugins.DetectionPluginTools - 252 nuclei detected (processing time: 15.27 seconds)
2024-10-23 02:19:10 INFO: 02:19:10.839 [main] [INFO ] q.l.p.CommandLineTaskRunner$CommandLineProgressMonitor - 252 nuclei detected (21%)
2024-10-23 02:19:10 INFO: 02:19:10.841 [task-runner-1-62] [INFO ] q.lib.plugins.DetectionPluginTools - 219 nuclei detected (processing time: 15.26 seconds)
2024-10-23 02:19:10 INFO: 02:19:10.841 [main] [INFO ] q.l.p.CommandLineTaskRunner$CommandLineProgressMonitor - 219 nuclei detected (22%)
2024-10-23 02:19:10 INFO: 02:19:10.916 [task-runner-1-44] [INFO ] q.lib.plugins.DetectionPluginTools - 276 nuclei detected (processing time: 15.34 seconds)
2024-10-23 02:19:10 INFO: 02:19:10.918 [main] [INFO ] q.l.p.CommandLineTaskRunner$CommandLineProgressMonitor - 276 nuclei detected (23%)
2024-10-23 02:19:10 INFO: 02:19:10.941 [task-runner-1-50] [INFO ] q.lib.plugins.DetectionPluginTools - 331 nuclei detected (processing time: 15.36 seconds)
2024-10-23 02:19:10 INFO: 02:19:10.944 [main] [INFO ] q.l.p.CommandLineTaskRunner$CommandLineProgressMonitor - 331 nuclei detected (23%)
2024-10-23 02:19:10 INFO: 02:19:10.953 [task-runner-1-35] [INFO ] q.lib.plugins.DetectionPluginTools - 288 nuclei detected (processing time: 15.38 seconds)
2024-10-23 02:19:10 INFO: 02:19:10.954 [main] [INFO ] q.l.p.CommandLineTaskRunner$CommandLineProgressMonitor - 288 nuclei detected (24%)
2024-10-23 02:19:10 INFO: 02:19:10.997 [task-runner-1-25] [INFO ] q.lib.plugins.DetectionPluginTools - 355 nuclei detected (processing time: 15.43 seconds)
2024-10-23 02:19:10 INFO: 02:19:10.998 [main] [INFO ] q.l.p.CommandLineTaskRunner$CommandLineProgressMonitor - 355 nuclei detected (24%)
2024-10-23 02:19:11 INFO: 02:19:11.017 [task-runner-1-34] [INFO ] q.lib.plugins.DetectionPluginTools - 407 nuclei detected (processing time: 15.44 seconds)
2024-10-23 02:19:11 INFO: 02:19:11.018 [main] [INFO ] q.l.p.CommandLineTaskRunner$CommandLineProgressMonitor - 407 nuclei detected (25%)
2024-10-23 02:19:11 INFO: 02:19:11.205 [task-runner-1-20] [INFO ] q.lib.plugins.DetectionPluginTools - 688 nuclei detected (processing time: 15.63 seconds)
2024-10-23 02:19:11 INFO: 02:19:11.219 [main] [INFO ] q.l.p.CommandLineTaskRunner$CommandLineProgressMonitor - 688 nuclei detected (26%)
2024-10-23 02:19:11 INFO: 02:19:11.364 [task-runner-1-51] [INFO ] q.lib.plugins.DetectionPluginTools - 890 nuclei detected (processing time: 15.79 seconds)
2024-10-23 02:19:11 INFO: 02:19:11.365 [main] [INFO ] q.l.p.CommandLineTaskRunner$CommandLineProgressMonitor - 890 nuclei detected (26%)
2024-10-23 02:19:11 INFO: 02:19:11.378 [task-runner-1-24] [INFO ] q.lib.plugins.DetectionPluginTools - 1021 nuclei detected (processing time: 15.81 seconds)
2024-10-23 02:19:11 INFO: 02:19:11.379 [main] [INFO ] q.l.p.CommandLineTaskRunner$CommandLineProgressMonitor - 1021 nuclei detected (27%)
2024-10-23 02:19:11 INFO: 02:19:11.400 [task-runner-1-43] [INFO ] q.lib.plugins.DetectionPluginTools - 1000 nuclei detected (processing time: 15.82 seconds)
2024-10-23 02:19:11 INFO: 02:19:11.400 [task-runner-1-23] [INFO ] q.lib.plugins.DetectionPluginTools - 1019 nuclei detected (processing time: 15.83 seconds)
2024-10-23 02:19:11 INFO: 02:19:11.402 [main] [INFO ] q.l.p.CommandLineTaskRunner$CommandLineProgressMonitor - 1000 nuclei detected (28%)
2024-10-23 02:19:11 INFO: 02:19:11.403 [main] [INFO ] q.l.p.CommandLineTaskRunner$CommandLineProgressMonitor - 1019 nuclei detected (28%)
2024-10-23 02:19:11 INFO: 02:19:11.426 [task-runner-1-60] [INFO ] q.lib.plugins.DetectionPluginTools - 1147 nuclei detected (processing time: 15.85 seconds)
2024-10-23 02:19:11 INFO: 02:19:11.427 [main] [INFO ] q.l.p.CommandLineTaskRunner$CommandLineProgressMonitor - 1147 nuclei detected (29%)
2024-10-23 02:19:11 INFO: 02:19:11.482 [task-runner-1-22] [INFO ] q.lib.plugins.DetectionPluginTools - 1415 nuclei detected (processing time: 15.91 seconds)
2024-10-23 02:19:11 INFO: 02:19:11.483 [main] [INFO ] q.l.p.CommandLineTaskRunner$CommandLineProgressMonitor - 1415 nuclei detected (29%)
2024-10-23 02:19:13 INFO: 02:19:13.062 [task-runner-1-32] [INFO ] q.lib.plugins.DetectionPluginTools - 1 nucleus detected (processing time: 5.41 seconds)
2024-10-23 02:19:13 INFO: 02:19:13.063 [main] [INFO ] q.l.p.CommandLineTaskRunner$CommandLineProgressMonitor - 1 nucleus detected (30%)
2024-10-23 02:19:14 INFO: 02:19:14.435 [task-runner-1-36] [INFO ] q.lib.plugins.DetectionPluginTools - 2090 nuclei detected (processing time: 18.86 seconds)
2024-10-23 02:19:14 INFO: 02:19:14.437 [main] [INFO ] q.l.p.CommandLineTaskRunner$CommandLineProgressMonitor - 2090 nuclei detected (31%)
2024-10-23 02:19:15 INFO: 02:19:15.247 [task-runner-1-4] [INFO ] q.lib.plugins.DetectionPluginTools - 117 nuclei detected (processing time: 7.58 seconds)
2024-10-23 02:19:15 INFO: 02:19:15.247 [main] [INFO ] q.l.p.CommandLineTaskRunner$CommandLineProgressMonitor - 117 nuclei detected (31%)
2024-10-23 02:19:15 INFO: 02:19:15.711 [task-runner-1-21] [INFO ] q.lib.plugins.DetectionPluginTools - 3809 nuclei detected (processing time: 20.14 seconds)
2024-10-23 02:19:15 INFO: 02:19:15.712 [main] [INFO ] q.l.p.CommandLineTaskRunner$CommandLineProgressMonitor - 3809 nuclei detected (32%)
2024-10-23 02:19:16 INFO: 02:19:16.071 [task-runner-1-47] [INFO ] q.lib.plugins.DetectionPluginTools - 385 nuclei detected (processing time: 7.76 seconds)
2024-10-23 02:19:16 INFO: 02:19:16.072 [main] [INFO ] q.l.p.CommandLineTaskRunner$CommandLineProgressMonitor - 385 nuclei detected (33%)
2024-10-23 02:19:16 INFO: 02:19:16.181 [task-runner-1-40] [INFO ] q.lib.plugins.DetectionPluginTools - 2163 nuclei detected (processing time: 20.61 seconds)
2024-10-23 02:19:16 INFO: 02:19:16.182 [main] [INFO ] q.l.p.CommandLineTaskRunner$CommandLineProgressMonitor - 2163 nuclei detected (33%)
2024-10-23 02:19:16 INFO: 02:19:16.341 [task-runner-1-52] [INFO ] q.lib.plugins.DetectionPluginTools - 2602 nuclei detected (processing time: 20.76 seconds)
2024-10-23 02:19:16 INFO: 02:19:16.342 [main] [INFO ] q.l.p.CommandLineTaskRunner$CommandLineProgressMonitor - 2602 nuclei detected (34%)
2024-10-23 02:19:16 INFO: 02:19:16.590 [task-runner-1-39] [INFO ] q.lib.plugins.DetectionPluginTools - 2983 nuclei detected (processing time: 21.02 seconds)
2024-10-23 02:19:16 INFO: 02:19:16.595 [main] [INFO ] q.l.p.CommandLineTaskRunner$CommandLineProgressMonitor - 2983 nuclei detected (34%)
2024-10-23 02:19:16 INFO: 02:19:16.644 [task-runner-1-59] [INFO ] q.lib.plugins.DetectionPluginTools - 2800 nuclei detected (processing time: 21.06 seconds)
2024-10-23 02:19:16 INFO: 02:19:16.646 [main] [INFO ] q.l.p.CommandLineTaskRunner$CommandLineProgressMonitor - 2800 nuclei detected (35%)
2024-10-23 02:19:16 INFO: 02:19:16.792 [task-runner-1-41] [INFO ] q.lib.plugins.DetectionPluginTools - 2538 nuclei detected (processing time: 21.22 seconds)
2024-10-23 02:19:16 INFO: 02:19:16.794 [main] [INFO ] q.l.p.CommandLineTaskRunner$CommandLineProgressMonitor - 2538 nuclei detected (36%)
2024-10-23 02:19:16 INFO: 02:19:16.811 [task-runner-1-42] [INFO ] q.lib.plugins.DetectionPluginTools - 2702 nuclei detected (processing time: 21.24 seconds)
2024-10-23 02:19:16 INFO: 02:19:16.812 [main] [INFO ] q.l.p.CommandLineTaskRunner$CommandLineProgressMonitor - 2702 nuclei detected (36%)
2024-10-23 02:19:17 INFO: 02:19:17.223 [task-runner-1-30] [INFO ] q.lib.plugins.DetectionPluginTools - 0 nuclei detected (processing time: 6.84 seconds)
2024-10-23 02:19:17 INFO: 02:19:17.225 [main] [INFO ] q.l.p.CommandLineTaskRunner$CommandLineProgressMonitor - 0 nuclei detected (37%)
2024-10-23 02:19:17 INFO: 02:19:17.347 [task-runner-1-58] [INFO ] q.lib.plugins.DetectionPluginTools - 2731 nuclei detected (processing time: 21.77 seconds)
2024-10-23 02:19:17 INFO: 02:19:17.348 [main] [INFO ] q.l.p.CommandLineTaskRunner$CommandLineProgressMonitor - 2731 nuclei detected (38%)
2024-10-23 02:19:17 INFO: 02:19:17.610 [task-runner-1-2] [INFO ] q.lib.plugins.DetectionPluginTools - 140 nuclei detected (processing time: 7.22 seconds)
2024-10-23 02:19:17 INFO: 02:19:17.613 [main] [INFO ] q.l.p.CommandLineTaskRunner$CommandLineProgressMonitor - 140 nuclei detected (38%)
2024-10-23 02:19:17 INFO: 02:19:17.640 [task-runner-1-57] [INFO ] q.lib.plugins.DetectionPluginTools - 3348 nuclei detected (processing time: 22.06 seconds)
2024-10-23 02:19:17 INFO: 02:19:17.641 [main] [INFO ] q.l.p.CommandLineTaskRunner$CommandLineProgressMonitor - 3348 nuclei detected (39%)
2024-10-23 02:19:17 INFO: 02:19:17.692 [task-runner-1-38] [INFO ] q.lib.plugins.DetectionPluginTools - 3909 nuclei detected (processing time: 22.12 seconds)
2024-10-23 02:19:17 INFO: 02:19:17.693 [main] [INFO ] q.l.p.CommandLineTaskRunner$CommandLineProgressMonitor - 3909 nuclei detected (39%)
2024-10-23 02:19:18 INFO: 02:19:18.350 [task-runner-1-63] [INFO ] q.lib.plugins.DetectionPluginTools - 3 nuclei detected (processing time: 7.52 seconds)
2024-10-23 02:19:18 INFO: 02:19:18.352 [main] [INFO ] q.l.p.CommandLineTaskRunner$CommandLineProgressMonitor - 3 nuclei detected (40%)
2024-10-23 02:19:18 INFO: 02:19:18.402 [task-runner-1-9] [INFO ] q.lib.plugins.DetectionPluginTools - 217 nuclei detected (processing time: 8.02 seconds)
2024-10-23 02:19:18 INFO: 02:19:18.404 [main] [INFO ] q.l.p.CommandLineTaskRunner$CommandLineProgressMonitor - 217 nuclei detected (41%)
2024-10-23 02:19:18 INFO: 02:19:18.477 [task-runner-1-55] [INFO ] q.lib.plugins.DetectionPluginTools - 3329 nuclei detected (processing time: 22.90 seconds)
2024-10-23 02:19:18 INFO: 02:19:18.479 [main] [INFO ] q.l.p.CommandLineTaskRunner$CommandLineProgressMonitor - 3329 nuclei detected (41%)
2024-10-23 02:19:18 INFO: 02:19:18.710 [task-runner-1-8] [INFO ] q.lib.plugins.DetectionPluginTools - 117 nuclei detected (processing time: 8.33 seconds)
2024-10-23 02:19:18 INFO: 02:19:18.735 [main] [INFO ] q.l.p.CommandLineTaskRunner$CommandLineProgressMonitor - 117 nuclei detected (42%)
2024-10-23 02:19:19 INFO: 02:19:19.034 [task-runner-1-61] [INFO ] q.lib.plugins.DetectionPluginTools - 110 nuclei detected (processing time: 8.22 seconds)
2024-10-23 02:19:19 INFO: 02:19:19.037 [main] [INFO ] q.l.p.CommandLineTaskRunner$CommandLineProgressMonitor - 110 nuclei detected (43%)
2024-10-23 02:19:19 INFO: 02:19:19.242 [task-runner-1-48] [INFO ] q.lib.plugins.DetectionPluginTools - 495 nuclei detected (processing time: 8.90 seconds)
2024-10-23 02:19:19 INFO: 02:19:19.243 [main] [INFO ] q.l.p.CommandLineTaskRunner$CommandLineProgressMonitor - 495 nuclei detected (43%)
2024-10-23 02:19:20 INFO: 02:19:20.050 [task-runner-1-56] [INFO ] q.lib.plugins.DetectionPluginTools - 4090 nuclei detected (processing time: 24.47 seconds)
2024-10-23 02:19:20 INFO: 02:19:20.052 [main] [INFO ] q.l.p.CommandLineTaskRunner$CommandLineProgressMonitor - 4090 nuclei detected (44%)
2024-10-23 02:19:20 INFO: 02:19:20.065 [task-runner-1-18] [INFO ] q.lib.plugins.DetectionPluginTools - 152 nuclei detected (processing time: 9.23 seconds)
2024-10-23 02:19:20 INFO: 02:19:20.066 [main] [INFO ] q.l.p.CommandLineTaskRunner$CommandLineProgressMonitor - 152 nuclei detected (44%)
2024-10-23 02:19:20 INFO: 02:19:20.120 [task-runner-1-37] [INFO ] q.lib.plugins.DetectionPluginTools - 4544 nuclei detected (processing time: 24.55 seconds)
2024-10-23 02:19:20 INFO: 02:19:20.122 [main] [INFO ] q.l.p.CommandLineTaskRunner$CommandLineProgressMonitor - 4544 nuclei detected (45%)
2024-10-23 02:19:20 INFO: 02:19:20.126 [task-runner-1-62] [INFO ] q.lib.plugins.DetectionPluginTools - 150 nuclei detected (processing time: 9.29 seconds)
2024-10-23 02:19:20 INFO: 02:19:20.127 [main] [INFO ] q.l.p.CommandLineTaskRunner$CommandLineProgressMonitor - 150 nuclei detected (46%)
2024-10-23 02:19:20 INFO: 02:19:20.238 [task-runner-1-44] [INFO ] q.lib.plugins.DetectionPluginTools - 246 nuclei detected (processing time: 9.32 seconds)
2024-10-23 02:19:20 INFO: 02:19:20.240 [main] [INFO ] q.l.p.CommandLineTaskRunner$CommandLineProgressMonitor - 246 nuclei detected (46%)
2024-10-23 02:19:20 INFO: 02:19:20.344 [task-runner-1-32] [INFO ] q.lib.plugins.DetectionPluginTools - 45 nuclei detected (processing time: 7.28 seconds)
2024-10-23 02:19:20 INFO: 02:19:20.346 [main] [INFO ] q.l.p.CommandLineTaskRunner$CommandLineProgressMonitor - 45 nuclei detected (47%)
2024-10-23 02:19:20 INFO: 02:19:20.468 [task-runner-1-54] [INFO ] q.lib.plugins.DetectionPluginTools - 4689 nuclei detected (processing time: 24.89 seconds)
2024-10-23 02:19:20 INFO: 02:19:20.470 [main] [INFO ] q.l.p.CommandLineTaskRunner$CommandLineProgressMonitor - 4689 nuclei detected (48%)
2024-10-23 02:19:20 INFO: 02:19:20.982 [task-runner-1-36] [INFO ] q.lib.plugins.DetectionPluginTools - 1 nucleus detected (processing time: 6.55 seconds)
2024-10-23 02:19:20 INFO: 02:19:20.984 [main] [INFO ] q.l.p.CommandLineTaskRunner$CommandLineProgressMonitor - 1 nucleus detected (48%)
2024-10-23 02:19:21 INFO: 02:19:21.181 [task-runner-1-17] [INFO ] q.lib.plugins.DetectionPluginTools - 869 nuclei detected (processing time: 10.79 seconds)
2024-10-23 02:19:21 INFO: 02:19:21.182 [main] [INFO ] q.l.p.CommandLineTaskRunner$CommandLineProgressMonitor - 869 nuclei detected (49%)
2024-10-23 02:19:21 INFO: 02:19:21.439 [task-runner-1-31] [INFO ] q.lib.plugins.DetectionPluginTools - 747 nuclei detected (processing time: 11.06 seconds)
2024-10-23 02:19:21 INFO: 02:19:21.440 [main] [INFO ] q.l.p.CommandLineTaskRunner$CommandLineProgressMonitor - 747 nuclei detected (49%)
2024-10-23 02:19:21 INFO: 02:19:21.681 [task-runner-1-53] [INFO ] q.lib.plugins.DetectionPluginTools - 6137 nuclei detected (processing time: 26.10 seconds)
2024-10-23 02:19:21 INFO: 02:19:21.683 [main] [INFO ] q.l.p.CommandLineTaskRunner$CommandLineProgressMonitor - 6137 nuclei detected (50%)
2024-10-23 02:19:23 INFO: 02:19:23.080 [task-runner-1-4] [INFO ] q.lib.plugins.DetectionPluginTools - 343 nuclei detected (processing time: 7.83 seconds)
2024-10-23 02:19:23 INFO: 02:19:23.081 [main] [INFO ] q.l.p.CommandLineTaskRunner$CommandLineProgressMonitor - 343 nuclei detected (51%)
2024-10-23 02:19:23 INFO: 02:19:23.599 [task-runner-1-33] [INFO ] q.lib.plugins.DetectionPluginTools - 795 nuclei detected (processing time: 12.79 seconds)
2024-10-23 02:19:23 INFO: 02:19:23.617 [main] [INFO ] q.l.p.CommandLineTaskRunner$CommandLineProgressMonitor - 795 nuclei detected (51%)
2024-10-23 02:19:24 INFO: 02:19:24.196 [task-runner-1-21] [INFO ] q.lib.plugins.DetectionPluginTools - 261 nuclei detected (processing time: 8.48 seconds)
2024-10-23 02:19:24 INFO: 02:19:24.197 [main] [INFO ] q.l.p.CommandLineTaskRunner$CommandLineProgressMonitor - 261 nuclei detected (52%)
2024-10-23 02:19:24 INFO: 02:19:24.501 [task-runner-1-1] [INFO ] q.lib.plugins.DetectionPluginTools - 1457 nuclei detected (processing time: 14.13 seconds)
2024-10-23 02:19:24 INFO: 02:19:24.506 [main] [INFO ] q.l.p.CommandLineTaskRunner$CommandLineProgressMonitor - 1457 nuclei detected (53%)
2024-10-23 02:19:25 INFO: 02:19:25.152 [task-runner-1-63] [INFO ] q.lib.plugins.DetectionPluginTools - 0 nuclei detected (processing time: 6.80 seconds)
2024-10-23 02:19:25 INFO: 02:19:25.153 [main] [INFO ] q.l.p.CommandLineTaskRunner$CommandLineProgressMonitor - 0 nuclei detected (53%)
2024-10-23 02:19:25 INFO: 02:19:25.190 [task-runner-1-9] [INFO ] q.lib.plugins.DetectionPluginTools - 0 nuclei detected (processing time: 6.78 seconds)
2024-10-23 02:19:25 INFO: 02:19:25.192 [main] [INFO ] q.l.p.CommandLineTaskRunner$CommandLineProgressMonitor - 0 nuclei detected (54%)
2024-10-23 02:19:25 INFO: 02:19:25.773 [task-runner-1-8] [INFO ] q.lib.plugins.DetectionPluginTools - 81 nuclei detected (processing time: 7.04 seconds)
2024-10-23 02:19:25 INFO: 02:19:25.779 [main] [INFO ] q.l.p.CommandLineTaskRunner$CommandLineProgressMonitor - 81 nuclei detected (54%)
2024-10-23 02:19:25 INFO: 02:19:25.903 [task-runner-1-55] [INFO ] q.lib.plugins.DetectionPluginTools - 112 nuclei detected (processing time: 7.42 seconds)
2024-10-23 02:19:25 INFO: 02:19:25.904 [main] [INFO ] q.l.p.CommandLineTaskRunner$CommandLineProgressMonitor - 112 nuclei detected (55%)
2024-10-23 02:19:25 INFO: 02:19:25.973 [task-runner-1-48] [INFO ] q.lib.plugins.DetectionPluginTools - 3 nuclei detected (processing time: 6.73 seconds)
2024-10-23 02:19:25 INFO: 02:19:25.974 [main] [INFO ] q.l.p.CommandLineTaskRunner$CommandLineProgressMonitor - 3 nuclei detected (56%)
2024-10-23 02:19:25 INFO: 02:19:25.986 [task-runner-1-18] [INFO ] q.lib.plugins.DetectionPluginTools - 0 nuclei detected (processing time: 5.92 seconds)
2024-10-23 02:19:25 INFO: 02:19:25.987 [main] [INFO ] q.l.p.CommandLineTaskRunner$CommandLineProgressMonitor - 0 nuclei detected (56%)
2024-10-23 02:19:26 INFO: 02:19:26.049 [task-runner-1-61] [INFO ] q.lib.plugins.DetectionPluginTools - 111 nuclei detected (processing time: 7.01 seconds)
2024-10-23 02:19:26 INFO: 02:19:26.051 [main] [INFO ] q.l.p.CommandLineTaskRunner$CommandLineProgressMonitor - 111 nuclei detected (57%)
2024-10-23 02:19:26 INFO: 02:19:26.054 [task-runner-1-37] [INFO ] q.lib.plugins.DetectionPluginTools - 0 nuclei detected (processing time: 5.93 seconds)
2024-10-23 02:19:26 INFO: 02:19:26.055 [main] [INFO ] q.l.p.CommandLineTaskRunner$CommandLineProgressMonitor - 0 nuclei detected (57%)
2024-10-23 02:19:26 INFO: 02:19:26.184 [task-runner-1-56] [INFO ] q.lib.plugins.DetectionPluginTools - 12 nuclei detected (processing time: 6.13 seconds)
2024-10-23 02:19:26 INFO: 02:19:26.187 [main] [INFO ] q.l.p.CommandLineTaskRunner$CommandLineProgressMonitor - 12 nuclei detected (58%)
2024-10-23 02:19:26 INFO: 02:19:26.189 [task-runner-1-47] [INFO ] q.lib.plugins.DetectionPluginTools - 310 nuclei detected (processing time: 10.12 seconds)
2024-10-23 02:19:26 INFO: 02:19:26.190 [main] [INFO ] q.l.p.CommandLineTaskRunner$CommandLineProgressMonitor - 310 nuclei detected (59%)
2024-10-23 02:19:26 INFO: 02:19:26.377 [task-runner-1-62] [INFO ] q.lib.plugins.DetectionPluginTools - 0 nuclei detected (processing time: 6.25 seconds)
2024-10-23 02:19:26 INFO: 02:19:26.379 [main] [INFO ] q.l.p.CommandLineTaskRunner$CommandLineProgressMonitor - 0 nuclei detected (59%)
2024-10-23 02:19:26 INFO: 02:19:26.859 [task-runner-1-44] [INFO ] q.lib.plugins.DetectionPluginTools - 23 nuclei detected (processing time: 6.62 seconds)
2024-10-23 02:19:26 INFO: 02:19:26.860 [main] [INFO ] q.l.p.CommandLineTaskRunner$CommandLineProgressMonitor - 23 nuclei detected (60%)
2024-10-23 02:19:26 INFO: 02:19:26.920 [task-runner-1-32] [INFO ] q.lib.plugins.DetectionPluginTools - 362 nuclei detected (processing time: 6.57 seconds)
2024-10-23 02:19:26 INFO: 02:19:26.921 [main] [INFO ] q.l.p.CommandLineTaskRunner$CommandLineProgressMonitor - 362 nuclei detected (61%)
2024-10-23 02:19:27 INFO: 02:19:27.813 [task-runner-1-22] [INFO ] q.lib.plugins.DetectionPluginTools - 2324 nuclei detected (processing time: 16.33 seconds)
2024-10-23 02:19:27 INFO: 02:19:27.814 [main] [INFO ] q.l.p.CommandLineTaskRunner$CommandLineProgressMonitor - 2324 nuclei detected (61%)
2024-10-23 02:19:28 INFO: 02:19:28.012 [task-runner-1-38] [INFO ] q.lib.plugins.DetectionPluginTools - 1125 nuclei detected (processing time: 10.32 seconds)
2024-10-23 02:19:28 INFO: 02:19:28.014 [main] [INFO ] q.l.p.CommandLineTaskRunner$CommandLineProgressMonitor - 1125 nuclei detected (62%)
2024-10-23 02:19:28 INFO: 02:19:28.469 [task-runner-1-31] [INFO ] q.lib.plugins.DetectionPluginTools - 0 nuclei detected (processing time: 7.03 seconds)
2024-10-23 02:19:28 INFO: 02:19:28.472 [main] [INFO ] q.l.p.CommandLineTaskRunner$CommandLineProgressMonitor - 0 nuclei detected (63%)
2024-10-23 02:19:28 INFO: 02:19:28.667 [task-runner-1-53] [INFO ] q.lib.plugins.DetectionPluginTools - 0 nuclei detected (processing time: 6.98 seconds)
2024-10-23 02:19:29 INFO: 02:19:29.818 [task-runner-1-59] [INFO ] q.lib.plugins.DetectionPluginTools - 1384 nuclei detected (processing time: 13.17 seconds)
2024-10-23 02:19:29 INFO: 02:19:29.819 [main] [INFO ] q.l.p.CommandLineTaskRunner$CommandLineProgressMonitor - 1384 nuclei detected (64%)
2024-10-23 02:19:29 INFO: 02:19:29.826 [task-runner-1-4] [INFO ] q.lib.plugins.DetectionPluginTools - 0 nuclei detected (processing time: 6.75 seconds)
2024-10-23 02:19:29 INFO: 02:19:29.827 [main] [INFO ] q.l.p.CommandLineTaskRunner$CommandLineProgressMonitor - 0 nuclei detected (64%)
2024-10-23 02:19:29 INFO: 02:19:29.875 [task-runner-1-15] [INFO ] q.lib.plugins.DetectionPluginTools - 2775 nuclei detected (processing time: 19.53 seconds)
2024-10-23 02:19:29 INFO: 02:19:29.876 [main] [INFO ] q.l.p.CommandLineTaskRunner$CommandLineProgressMonitor - 2775 nuclei detected (65%)
2024-10-23 02:19:30 INFO: 02:19:30.350 [task-runner-1-33] [INFO ] q.lib.plugins.DetectionPluginTools - 8 nuclei detected (processing time: 6.73 seconds)
2024-10-23 02:19:30 INFO: 02:19:30.351 [main] [INFO ] q.l.p.CommandLineTaskRunner$CommandLineProgressMonitor - 8 nuclei detected (66%)
2024-10-23 02:19:30 INFO: 02:19:30.761 [task-runner-1-19] [INFO ] q.lib.plugins.DetectionPluginTools - 2551 nuclei detected (processing time: 20.03 seconds)
2024-10-23 02:19:30 INFO: 02:19:30.762 [main] [INFO ] q.l.p.CommandLineTaskRunner$CommandLineProgressMonitor - 2551 nuclei detected (66%)
2024-10-23 02:19:30 INFO: 02:19:30.794 [task-runner-1-39] [INFO ] q.lib.plugins.DetectionPluginTools - 1370 nuclei detected (processing time: 14.20 seconds)
2024-10-23 02:19:30 INFO: 02:19:30.795 [main] [INFO ] q.l.p.CommandLineTaskRunner$CommandLineProgressMonitor - 1370 nuclei detected (67%)
2024-10-23 02:19:30 INFO: 02:19:30.992 [task-runner-1-54] [INFO ] q.lib.plugins.DetectionPluginTools - 1571 nuclei detected (processing time: 10.52 seconds)
2024-10-23 02:19:30 INFO: 02:19:30.992 [main] [INFO ] q.l.p.CommandLineTaskRunner$CommandLineProgressMonitor - 1571 nuclei detected (68%)
2024-10-23 02:19:31 INFO: 02:19:31.010 [task-runner-1-1] [INFO ] q.lib.plugins.DetectionPluginTools - 0 nuclei detected (processing time: 6.50 seconds)
2024-10-23 02:19:31 INFO: 02:19:31.010 [main] [INFO ] q.l.p.CommandLineTaskRunner$CommandLineProgressMonitor - 0 nuclei detected (68%)
2024-10-23 02:19:31 INFO: 02:19:31.108 [task-runner-1-29] [INFO ] q.lib.plugins.DetectionPluginTools - 3365 nuclei detected (processing time: 20.74 seconds)
2024-10-23 02:19:31 INFO: 02:19:31.108 [main] [INFO ] q.l.p.CommandLineTaskRunner$CommandLineProgressMonitor - 3365 nuclei detected (69%)
2024-10-23 02:19:31 INFO: 02:19:31.149 [task-runner-1-63] [INFO ] q.lib.plugins.DetectionPluginTools - 1 nucleus detected (processing time: 6.00 seconds)
2024-10-23 02:19:31 INFO: 02:19:31.150 [main] [INFO ] q.l.p.CommandLineTaskRunner$CommandLineProgressMonitor - 1 nucleus detected (69%)
2024-10-23 02:19:31 INFO: 02:19:31.226 [task-runner-1-21] [INFO ] q.lib.plugins.DetectionPluginTools - 1 nucleus detected (processing time: 7.03 seconds)
2024-10-23 02:19:31 INFO: 02:19:31.226 [main] [INFO ] q.l.p.CommandLineTaskRunner$CommandLineProgressMonitor - 1 nucleus detected (70%)
2024-10-23 02:19:31 INFO: 02:19:31.291 [task-runner-1-16] [INFO ] q.lib.plugins.DetectionPluginTools - 3716 nuclei detected (processing time: 20.92 seconds)
2024-10-23 02:19:31 INFO: 02:19:31.292 [main] [INFO ] q.l.p.CommandLineTaskRunner$CommandLineProgressMonitor - 3716 nuclei detected (71%)
2024-10-23 02:19:31 INFO: 02:19:31.313 [task-runner-1-9] [INFO ] q.lib.plugins.DetectionPluginTools - 1 nucleus detected (processing time: 6.12 seconds)
2024-10-23 02:19:31 INFO: 02:19:31.314 [main] [INFO ] q.l.p.CommandLineTaskRunner$CommandLineProgressMonitor - 1 nucleus detected (71%)
2024-10-23 02:19:31 INFO: 02:19:31.921 [task-runner-1-47] [INFO ] q.lib.plugins.DetectionPluginTools - 0 nuclei detected (processing time: 5.73 seconds)
2024-10-23 02:19:31 INFO: 02:19:31.921 [main] [INFO ] q.l.p.CommandLineTaskRunner$CommandLineProgressMonitor - 0 nuclei detected (72%)
2024-10-23 02:19:32 INFO: 02:19:32.026 [task-runner-1-3] [INFO ] q.lib.plugins.DetectionPluginTools - 3482 nuclei detected (processing time: 21.66 seconds)
2024-10-23 02:19:32 INFO: 02:19:32.027 [main] [INFO ] q.l.p.CommandLineTaskRunner$CommandLineProgressMonitor - 3482 nuclei detected (73%)
2024-10-23 02:19:32 INFO: 02:19:32.040 [task-runner-1-25] [INFO ] q.lib.plugins.DetectionPluginTools - 2806 nuclei detected (processing time: 21.04 seconds)
2024-10-23 02:19:32 INFO: 02:19:32.041 [main] [INFO ] q.l.p.CommandLineTaskRunner$CommandLineProgressMonitor - 2806 nuclei detected (73%)
2024-10-23 02:19:32 INFO: 02:19:32.152 [task-runner-1-8] [INFO ] q.lib.plugins.DetectionPluginTools - 0 nuclei detected (processing time: 6.37 seconds)
2024-10-23 02:19:32 INFO: 02:19:32.153 [main] [INFO ] q.l.p.CommandLineTaskRunner$CommandLineProgressMonitor - 0 nuclei detected (74%)
2024-10-23 02:19:32 INFO: 02:19:32.174 [task-runner-1-62] [INFO ] q.lib.plugins.DetectionPluginTools - 0 nuclei detected (processing time: 5.79 seconds)
2024-10-23 02:19:32 INFO: 02:19:32.174 [task-runner-1-18] [INFO ] q.lib.plugins.DetectionPluginTools - 0 nuclei detected (processing time: 6.19 seconds)
2024-10-23 02:19:32 INFO: 02:19:32.174 [main] [INFO ] q.l.p.CommandLineTaskRunner$CommandLineProgressMonitor - 0 nuclei detected (75%)
2024-10-23 02:19:32 INFO: 02:19:32.174 [task-runner-1-37] [INFO ] q.lib.plugins.DetectionPluginTools - 0 nuclei detected (processing time: 6.12 seconds)
2024-10-23 02:19:32 INFO: 02:19:32.175 [main] [INFO ] q.l.p.CommandLineTaskRunner$CommandLineProgressMonitor - 0 nuclei detected (76%)
2024-10-23 02:19:32 INFO: 02:19:32.232 [task-runner-1-35] [INFO ] q.lib.plugins.DetectionPluginTools - 3697 nuclei detected (processing time: 21.28 seconds)
2024-10-23 02:19:32 INFO: 02:19:32.233 [main] [INFO ] q.l.p.CommandLineTaskRunner$CommandLineProgressMonitor - 3697 nuclei detected (76%)
2024-10-23 02:19:32 INFO: 02:19:32.243 [task-runner-1-44] [INFO ] q.lib.plugins.DetectionPluginTools - 0 nuclei detected (processing time: 5.38 seconds)
2024-10-23 02:19:32 INFO: 02:19:32.243 [main] [INFO ] q.l.p.CommandLineTaskRunner$CommandLineProgressMonitor - 0 nuclei detected (77%)
2024-10-23 02:19:32 INFO: 02:19:32.272 [task-runner-1-40] [INFO ] q.lib.plugins.DetectionPluginTools - 1186 nuclei detected (processing time: 16.09 seconds)
2024-10-23 02:19:32 INFO: 02:19:32.273 [main] [INFO ] q.l.p.CommandLineTaskRunner$CommandLineProgressMonitor - 1186 nuclei detected (78%)
2024-10-23 02:19:32 INFO: 02:19:32.278 [task-runner-1-45] [INFO ] q.lib.plugins.DetectionPluginTools - 3133 nuclei detected (processing time: 21.57 seconds)
2024-10-23 02:19:32 INFO: 02:19:32.279 [main] [INFO ] q.l.p.CommandLineTaskRunner$CommandLineProgressMonitor - 3133 nuclei detected (78%)
2024-10-23 02:19:32 INFO: 02:19:32.280 [task-runner-1-55] [INFO ] q.lib.plugins.DetectionPluginTools - 1 nucleus detected (processing time: 6.38 seconds)
2024-10-23 02:19:32 INFO: 02:19:32.280 [main] [INFO ] q.l.p.CommandLineTaskRunner$CommandLineProgressMonitor - 1 nucleus detected (79%)
2024-10-23 02:19:32 INFO: 02:19:32.289 [task-runner-1-5] [INFO ] q.lib.plugins.DetectionPluginTools - 3646 nuclei detected (processing time: 21.63 seconds)
2024-10-23 02:19:32 INFO: 02:19:32.289 [main] [INFO ] q.l.p.CommandLineTaskRunner$CommandLineProgressMonitor - 3646 nuclei detected (79%)
2024-10-23 02:19:32 INFO: 02:19:32.292 [task-runner-1-52] [INFO ] q.lib.plugins.DetectionPluginTools - 2121 nuclei detected (processing time: 15.95 seconds)
2024-10-23 02:19:32 INFO: 02:19:32.292 [task-runner-1-48] [INFO ] q.lib.plugins.DetectionPluginTools - 1 nucleus detected (processing time: 6.32 seconds)
2024-10-23 02:19:32 INFO: 02:19:32.292 [main] [INFO ] q.l.p.CommandLineTaskRunner$CommandLineProgressMonitor - 2121 nuclei detected (80%)
2024-10-23 02:19:32 INFO: 02:19:32.292 [main] [INFO ] q.l.p.CommandLineTaskRunner$CommandLineProgressMonitor - 1 nucleus detected (81%)
2024-10-23 02:19:32 INFO: 02:19:32.377 [task-runner-1-6] [INFO ] q.lib.plugins.DetectionPluginTools - 3191 nuclei detected (processing time: 21.98 seconds)
2024-10-23 02:19:32 INFO: 02:19:32.378 [main] [INFO ] q.l.p.CommandLineTaskRunner$CommandLineProgressMonitor - 3191 nuclei detected (81%)
2024-10-23 02:19:32 INFO: 02:19:32.389 [task-runner-1-49] [INFO ] q.lib.plugins.DetectionPluginTools - 2958 nuclei detected (processing time: 21.66 seconds)
2024-10-23 02:19:32 INFO: 02:19:32.389 [main] [INFO ] q.l.p.CommandLineTaskRunner$CommandLineProgressMonitor - 2958 nuclei detected (82%)
2024-10-23 02:19:32 INFO: 02:19:32.445 [task-runner-1-61] [INFO ] q.lib.plugins.DetectionPluginTools - 1 nucleus detected (processing time: 6.39 seconds)
2024-10-23 02:19:32 INFO: 02:19:32.445 [main] [INFO ] q.l.p.CommandLineTaskRunner$CommandLineProgressMonitor - 1 nucleus detected (83%)
2024-10-23 02:19:32 INFO: 02:19:32.500 [task-runner-1-34] [INFO ] q.lib.plugins.DetectionPluginTools - 2931 nuclei detected (processing time: 21.48 seconds)
2024-10-23 02:19:32 INFO: 02:19:32.501 [main] [INFO ] q.l.p.CommandLineTaskRunner$CommandLineProgressMonitor - 2931 nuclei detected (83%)
2024-10-23 02:19:32 INFO: 02:19:32.668 [task-runner-1-56] [INFO ] q.lib.plugins.DetectionPluginTools - 0 nuclei detected (processing time: 6.48 seconds)
2024-10-23 02:19:32 INFO: 02:19:32.668 [main] [INFO ] q.l.p.CommandLineTaskRunner$CommandLineProgressMonitor - 0 nuclei detected (84%)
2024-10-23 02:19:32 INFO: 02:19:32.713 [task-runner-1-50] [INFO ] q.lib.plugins.DetectionPluginTools - 2708 nuclei detected (processing time: 21.77 seconds)
2024-10-23 02:19:32 INFO: 02:19:32.714 [main] [INFO ] q.l.p.CommandLineTaskRunner$CommandLineProgressMonitor - 2708 nuclei detected (84%)
2024-10-23 02:19:32 INFO: 02:19:32.983 [task-runner-1-26] [INFO ] q.lib.plugins.DetectionPluginTools - 4224 nuclei detected (processing time: 22.48 seconds)
2024-10-23 02:19:32 INFO: 02:19:32.984 [main] [INFO ] q.l.p.CommandLineTaskRunner$CommandLineProgressMonitor - 4224 nuclei detected (85%)
2024-10-23 02:19:33 INFO: 02:19:33.017 [task-runner-1-32] [INFO ] q.lib.plugins.DetectionPluginTools - 0 nuclei detected (processing time: 6.10 seconds)
2024-10-23 02:19:33 INFO: 02:19:33.017 [main] [INFO ] q.l.p.CommandLineTaskRunner$CommandLineProgressMonitor - 0 nuclei detected (86%)
2024-10-23 02:19:33 INFO: 02:19:33.060 [task-runner-1-7] [INFO ] q.lib.plugins.DetectionPluginTools - 3893 nuclei detected (processing time: 22.61 seconds)
2024-10-23 02:19:33 INFO: 02:19:33.060 [main] [INFO ] q.l.p.CommandLineTaskRunner$CommandLineProgressMonitor - 3893 nuclei detected (86%)
2024-10-23 02:19:33 INFO: 02:19:33.086 [task-runner-1-12] [INFO ] q.lib.plugins.DetectionPluginTools - 4132 nuclei detected (processing time: 22.73 seconds)
2024-10-23 02:19:33 INFO: 02:19:33.087 [main] [INFO ] q.l.p.CommandLineTaskRunner$CommandLineProgressMonitor - 4132 nuclei detected (87%)
2024-10-23 02:19:33 INFO: 02:19:33.088 [task-runner-1-27] [INFO ] q.lib.plugins.DetectionPluginTools - 4065 nuclei detected (processing time: 22.72 seconds)
2024-10-23 02:19:33 INFO: 02:19:33.088 [main] [INFO ] q.l.p.CommandLineTaskRunner$CommandLineProgressMonitor - 4065 nuclei detected (88%)
2024-10-23 02:19:33 INFO: 02:19:33.129 [task-runner-1-28] [INFO ] q.lib.plugins.DetectionPluginTools - 3507 nuclei detected (processing time: 22.72 seconds)
2024-10-23 02:19:33 INFO: 02:19:33.130 [main] [INFO ] q.l.p.CommandLineTaskRunner$CommandLineProgressMonitor - 3507 nuclei detected (88%)
2024-10-23 02:19:33 INFO: 02:19:33.145 [task-runner-1-41] [INFO ] q.lib.plugins.DetectionPluginTools - 3097 nuclei detected (processing time: 16.35 seconds)
2024-10-23 02:19:33 INFO: 02:19:33.146 [main] [INFO ] q.l.p.CommandLineTaskRunner$CommandLineProgressMonitor - 3097 nuclei detected (89%)
2024-10-23 02:19:33 INFO: 02:19:33.168 [task-runner-1-24] [INFO ] q.lib.plugins.DetectionPluginTools - 3719 nuclei detected (processing time: 21.79 seconds)
2024-10-23 02:19:33 INFO: 02:19:33.169 [main] [INFO ] q.l.p.CommandLineTaskRunner$CommandLineProgressMonitor - 3719 nuclei detected (89%)
2024-10-23 02:19:33 INFO: 02:19:33.324 [task-runner-1-51] [INFO ] q.lib.plugins.DetectionPluginTools - 3697 nuclei detected (processing time: 21.96 seconds)
2024-10-23 02:19:33 INFO: 02:19:33.324 [main] [INFO ] q.l.p.CommandLineTaskRunner$CommandLineProgressMonitor - 3697 nuclei detected (90%)
2024-10-23 02:19:33 INFO: 02:19:33.362 [task-runner-1-20] [INFO ] q.lib.plugins.DetectionPluginTools - 3788 nuclei detected (processing time: 22.14 seconds)
2024-10-23 02:19:33 INFO: 02:19:33.363 [main] [INFO ] q.l.p.CommandLineTaskRunner$CommandLineProgressMonitor - 3788 nuclei detected (91%)
2024-10-23 02:19:33 INFO: 02:19:33.374 [task-runner-1-36] [INFO ] q.lib.plugins.DetectionPluginTools - 2378 nuclei detected (processing time: 12.39 seconds)
2024-10-23 02:19:33 INFO: 02:19:33.374 [main] [INFO ] q.l.p.CommandLineTaskRunner$CommandLineProgressMonitor - 2378 nuclei detected (91%)
2024-10-23 02:19:33 INFO: 02:19:33.420 [task-runner-1-43] [INFO ] q.lib.plugins.DetectionPluginTools - 4088 nuclei detected (processing time: 22.02 seconds)
2024-10-23 02:19:33 INFO: 02:19:33.420 [main] [INFO ] q.l.p.CommandLineTaskRunner$CommandLineProgressMonitor - 4088 nuclei detected (92%)
2024-10-23 02:19:33 INFO: 02:19:33.482 [task-runner-1-11] [INFO ] q.lib.plugins.DetectionPluginTools - 4331 nuclei detected (processing time: 23.12 seconds)
2024-10-23 02:19:33 INFO: 02:19:33.483 [main] [INFO ] q.l.p.CommandLineTaskRunner$CommandLineProgressMonitor - 4331 nuclei detected (93%)
2024-10-23 02:19:33 INFO: 02:19:33.507 [task-runner-1-23] [INFO ] q.lib.plugins.DetectionPluginTools - 4767 nuclei detected (processing time: 22.10 seconds)
2024-10-23 02:19:33 INFO: 02:19:33.507 [main] [INFO ] q.l.p.CommandLineTaskRunner$CommandLineProgressMonitor - 4767 nuclei detected (93%)
2024-10-23 02:19:33 INFO: 02:19:33.525 [task-runner-1-10] [INFO ] q.lib.plugins.DetectionPluginTools - 5496 nuclei detected (processing time: 23.18 seconds)
2024-10-23 02:19:33 INFO: 02:19:33.526 [main] [INFO ] q.l.p.CommandLineTaskRunner$CommandLineProgressMonitor - 5496 nuclei detected (94%)
2024-10-23 02:19:33 INFO: 02:19:33.668 [task-runner-1-46] [INFO ] q.lib.plugins.DetectionPluginTools - 4267 nuclei detected (processing time: 23.05 seconds)
2024-10-23 02:19:33 INFO: 02:19:33.669 [main] [INFO ] q.l.p.CommandLineTaskRunner$CommandLineProgressMonitor - 4267 nuclei detected (94%)
2024-10-23 02:19:33 INFO: 02:19:33.684 [task-runner-1-13] [INFO ] q.lib.plugins.DetectionPluginTools - 4590 nuclei detected (processing time: 23.24 seconds)
2024-10-23 02:19:33 INFO: 02:19:33.685 [main] [INFO ] q.l.p.CommandLineTaskRunner$CommandLineProgressMonitor - 4590 nuclei detected (95%)
2024-10-23 02:19:33 INFO: 02:19:33.959 [task-runner-1-17] [INFO ] q.lib.plugins.DetectionPluginTools - 2807 nuclei detected (processing time: 12.78 seconds)
2024-10-23 02:19:33 INFO: 02:19:33.960 [main] [INFO ] q.l.p.CommandLineTaskRunner$CommandLineProgressMonitor - 2807 nuclei detected (96%)
2024-10-23 02:19:33 INFO: 02:19:33.988 [task-runner-1-14] [INFO ] q.lib.plugins.DetectionPluginTools - 6734 nuclei detected (processing time: 23.64 seconds)
2024-10-23 02:19:33 INFO: 02:19:33.988 [main] [INFO ] q.l.p.CommandLineTaskRunner$CommandLineProgressMonitor - 6734 nuclei detected (96%)
2024-10-23 02:19:34 INFO: 02:19:34.242 [task-runner-1-42] [INFO ] q.lib.plugins.DetectionPluginTools - 4014 nuclei detected (processing time: 17.43 seconds)
2024-10-23 02:19:34 INFO: 02:19:34.242 [main] [INFO ] q.l.p.CommandLineTaskRunner$CommandLineProgressMonitor - 4014 nuclei detected (97%)
2024-10-23 02:19:34 INFO: 02:19:34.292 [task-runner-1-60] [INFO ] q.lib.plugins.DetectionPluginTools - 5329 nuclei detected (processing time: 22.87 seconds)
2024-10-23 02:19:34 INFO: 02:19:34.292 [main] [INFO ] q.l.p.CommandLineTaskRunner$CommandLineProgressMonitor - 5329 nuclei detected (98%)
2024-10-23 02:19:34 INFO: 02:19:34.892 [task-runner-1-30] [INFO ] q.lib.plugins.DetectionPluginTools - 5283 nuclei detected (processing time: 17.67 seconds)
2024-10-23 02:19:34 INFO: 02:19:34.893 [main] [INFO ] q.l.p.CommandLineTaskRunner$CommandLineProgressMonitor - 5283 nuclei detected (98%)
2024-10-23 02:19:35 INFO: 02:19:35.213 [task-runner-1-57] [INFO ] q.lib.plugins.DetectionPluginTools - 4823 nuclei detected (processing time: 17.57 seconds)
2024-10-23 02:19:35 INFO: 02:19:35.214 [main] [INFO ] q.l.p.CommandLineTaskRunner$CommandLineProgressMonitor - 4823 nuclei detected (99%)
2024-10-23 02:19:35 INFO: 02:19:35.550 [task-runner-1-58] [INFO ] q.lib.plugins.DetectionPluginTools - 5693 nuclei detected (processing time: 18.20 seconds)
2024-10-23 02:19:35 INFO: 02:19:35.551 [main] [INFO ] q.l.p.CommandLineTaskRunner$CommandLineProgressMonitor - 5693 nuclei detected (99%)
2024-10-23 02:19:35 INFO: 02:19:35.884 [task-runner-1-2] [INFO ] q.lib.plugins.DetectionPluginTools - 5773 nuclei detected (processing time: 18.27 seconds)
2024-10-23 02:19:35 INFO: 02:19:35.884 [main] [INFO ] q.l.p.CommandLineTaskRunner$CommandLineProgressMonitor - 5773 nuclei detected (100%)
2024-10-23 02:19:35 INFO: 02:19:35.884 [main] [INFO ] q.l.p.CommandLineTaskRunner$CommandLineProgressMonitor - Processing complete in 40.32 seconds
2024-10-23 02:19:35 INFO: 02:19:35.884 [main] [INFO ] q.l.p.CommandLineTaskRunner$CommandLineProgressMonitor - Tasks completed!
2024-10-23 02:19:48 INFO: 02:19:48.918 [main] [WARN ] q.l.p.objects.SmoothFeaturesPlugin - Smoothing using annotations
2024-10-23 02:19:52 INFO: 02:19:52.818 [main] [INFO ] q.l.p.CommandLineTaskRunner$CommandLineProgressMonitor - Completed (100%)
2024-10-23 02:19:52 INFO: 02:19:52.818 [main] [INFO ] q.l.p.CommandLineTaskRunner$CommandLineProgressMonitor - Processing complete in 3.90 seconds
2024-10-23 02:19:52 INFO: 02:19:52.818 [main] [INFO ] q.l.p.CommandLineTaskRunner$CommandLineProgressMonitor - Tasks completed!
2024-10-23 02:19:52 INFO: 02:19:52.820 [main] [WARN ] q.l.p.objects.SmoothFeaturesPlugin - Smoothing using annotations
2024-10-23 02:19:59 INFO: 02:19:59.900 [main] [INFO ] q.l.p.CommandLineTaskRunner$CommandLineProgressMonitor - Completed (100%)
2024-10-23 02:19:59 INFO: 02:19:59.901 [main] [INFO ] q.l.p.CommandLineTaskRunner$CommandLineProgressMonitor - Processing complete in 7.08 seconds
2024-10-23 02:19:59 INFO: 02:19:59.901 [main] [INFO ] q.l.p.CommandLineTaskRunner$CommandLineProgressMonitor - Tasks completed!
2024-10-23 02:19:59 INFO: 02:19:59.903 [main] [WARN ] q.l.p.objects.SmoothFeaturesPlugin - Smoothing using annotations
2024-10-23 02:20:17 INFO: 02:20:17.525 [main] [INFO ] q.l.p.CommandLineTaskRunner$CommandLineProgressMonitor - Completed (100%)
2024-10-23 02:20:17 INFO: 02:20:17.525 [main] [INFO ] q.l.p.CommandLineTaskRunner$CommandLineProgressMonitor - Processing complete in 17.62 seconds
2024-10-23 02:20:17 INFO: 02:20:17.525 [main] [INFO ] q.l.p.CommandLineTaskRunner$CommandLineProgressMonitor - Tasks completed!
2024-10-23 02:20:17 INFO: 02:20:17.805 [task-runner-5-2] [INFO ] q.l.a.IntensityFeaturesPlugin - Splitting Rectangle (0, 0, 63784, 39311) into 40 tiles for intensity measurements
2024-10-23 02:20:17 INFO: 02:20:17.986 [main] [INFO ] q.l.p.CommandLineTaskRunner$CommandLineProgressMonitor - Completed (0%)
2024-10-23 02:20:18 INFO: 02:20:18.668 [main] [INFO ] q.l.p.CommandLineTaskRunner$CommandLineProgressMonitor - Completed (1%)
2024-10-23 02:20:19 INFO: 02:20:19.000 [main] [INFO ] q.l.p.CommandLineTaskRunner$CommandLineProgressMonitor - Completed (2%)
2024-10-23 02:20:19 INFO: 02:20:19.211 [main] [INFO ] q.l.p.CommandLineTaskRunner$CommandLineProgressMonitor - Completed (3%)
2024-10-23 02:20:19 INFO: 02:20:19.358 [main] [INFO ] q.l.p.CommandLineTaskRunner$CommandLineProgressMonitor - Completed (4%)
2024-10-23 02:20:19 INFO: 02:20:19.515 [main] [INFO ] q.l.p.CommandLineTaskRunner$CommandLineProgressMonitor - Completed (5%)
2024-10-23 02:20:19 INFO: 02:20:19.636 [main] [INFO ] q.l.p.CommandLineTaskRunner$CommandLineProgressMonitor - Completed (6%)
2024-10-23 02:20:19 INFO: 02:20:19.746 [main] [INFO ] q.l.p.CommandLineTaskRunner$CommandLineProgressMonitor - Completed (7%)
2024-10-23 02:20:20 INFO: 02:20:20.185 [main] [INFO ] q.l.p.CommandLineTaskRunner$CommandLineProgressMonitor - Completed (8%)
2024-10-23 02:20:20 INFO: 02:20:20.293 [main] [INFO ] q.l.p.CommandLineTaskRunner$CommandLineProgressMonitor - Completed (9%)
2024-10-23 02:20:20 INFO: 02:20:20.419 [main] [INFO ] q.l.p.CommandLineTaskRunner$CommandLineProgressMonitor - Completed (10%)
2024-10-23 02:20:20 INFO: 02:20:20.535 [main] [INFO ] q.l.p.CommandLineTaskRunner$CommandLineProgressMonitor - Completed (11%)
2024-10-23 02:20:20 INFO: 02:20:20.654 [main] [INFO ] q.l.p.CommandLineTaskRunner$CommandLineProgressMonitor - Completed (12%)
2024-10-23 02:20:20 INFO: 02:20:20.772 [main] [INFO ] q.l.p.CommandLineTaskRunner$CommandLineProgressMonitor - Completed (13%)
2024-10-23 02:20:21 INFO: 02:20:21.241 [main] [INFO ] q.l.p.CommandLineTaskRunner$CommandLineProgressMonitor - Completed (14%)
2024-10-23 02:20:21 INFO: 02:20:21.391 [main] [INFO ] q.l.p.CommandLineTaskRunner$CommandLineProgressMonitor - Completed (15%)
2024-10-23 02:20:21 INFO: 02:20:21.515 [main] [INFO ] q.l.p.CommandLineTaskRunner$CommandLineProgressMonitor - Completed (16%)
2024-10-23 02:20:21 INFO: 02:20:21.638 [main] [INFO ] q.l.p.CommandLineTaskRunner$CommandLineProgressMonitor - Completed (17%)
2024-10-23 02:20:22 INFO: 02:20:22.071 [main] [INFO ] q.l.p.CommandLineTaskRunner$CommandLineProgressMonitor - Completed (18%)
2024-10-23 02:20:22 INFO: 02:20:22.173 [main] [INFO ] q.l.p.CommandLineTaskRunner$CommandLineProgressMonitor - Completed (19%)
2024-10-23 02:20:22 INFO: 02:20:22.282 [main] [INFO ] q.l.p.CommandLineTaskRunner$CommandLineProgressMonitor - Completed (20%)
2024-10-23 02:20:22 INFO: 02:20:22.397 [main] [INFO ] q.l.p.CommandLineTaskRunner$CommandLineProgressMonitor - Completed (21%)
2024-10-23 02:20:22 INFO: 02:20:22.518 [main] [INFO ] q.l.p.CommandLineTaskRunner$CommandLineProgressMonitor - Completed (22%)
2024-10-23 02:20:22 INFO: 02:20:22.860 [main] [INFO ] q.l.p.CommandLineTaskRunner$CommandLineProgressMonitor - Completed (23%)
2024-10-23 02:20:22 INFO: 02:20:22.982 [main] [INFO ] q.l.p.CommandLineTaskRunner$CommandLineProgressMonitor - Completed (24%)
2024-10-23 02:20:23 INFO: 02:20:23.331 [main] [INFO ] q.l.p.CommandLineTaskRunner$CommandLineProgressMonitor - Completed (25%)
2024-10-23 02:20:23 INFO: 02:20:23.438 [main] [INFO ] q.l.p.CommandLineTaskRunner$CommandLineProgressMonitor - Completed (26%)
2024-10-23 02:20:23 INFO: 02:20:23.547 [main] [INFO ] q.l.p.CommandLineTaskRunner$CommandLineProgressMonitor - Completed (27%)
2024-10-23 02:20:23 INFO: 02:20:23.658 [main] [INFO ] q.l.p.CommandLineTaskRunner$CommandLineProgressMonitor - Completed (28%)
2024-10-23 02:20:23 INFO: 02:20:23.817 [main] [INFO ] q.l.p.CommandLineTaskRunner$CommandLineProgressMonitor - Completed (29%)
2024-10-23 02:20:23 INFO: 02:20:23.955 [main] [INFO ] q.l.p.CommandLineTaskRunner$CommandLineProgressMonitor - Completed (30%)
2024-10-23 02:20:24 INFO: 02:20:24.073 [main] [INFO ] q.l.p.CommandLineTaskRunner$CommandLineProgressMonitor - Completed (31%)
2024-10-23 02:20:24 INFO: 02:20:24.188 [main] [INFO ] q.l.p.CommandLineTaskRunner$CommandLineProgressMonitor - Completed (32%)
2024-10-23 02:20:24 INFO: 02:20:24.291 [main] [INFO ] q.l.p.CommandLineTaskRunner$CommandLineProgressMonitor - Completed (33%)
2024-10-23 02:20:24 INFO: 02:20:24.645 [main] [INFO ] q.l.p.CommandLineTaskRunner$CommandLineProgressMonitor - Completed (34%)
2024-10-23 02:20:24 INFO: 02:20:24.757 [main] [INFO ] q.l.p.CommandLineTaskRunner$CommandLineProgressMonitor - Completed (35%)
2024-10-23 02:20:24 INFO: 02:20:24.864 [main] [INFO ] q.l.p.CommandLineTaskRunner$CommandLineProgressMonitor - Completed (36%)
2024-10-23 02:20:24 INFO: 02:20:24.983 [main] [INFO ] q.l.p.CommandLineTaskRunner$CommandLineProgressMonitor - Completed (37%)
2024-10-23 02:20:25 INFO: 02:20:25.101 [main] [INFO ] q.l.p.CommandLineTaskRunner$CommandLineProgressMonitor - Completed (38%)
2024-10-23 02:20:25 INFO: 02:20:25.212 [main] [INFO ] q.l.p.CommandLineTaskRunner$CommandLineProgressMonitor - Completed (39%)
2024-10-23 02:20:25 INFO: 02:20:25.317 [main] [INFO ] q.l.p.CommandLineTaskRunner$CommandLineProgressMonitor - Completed (40%)
2024-10-23 02:20:25 INFO: 02:20:25.420 [main] [INFO ] q.l.p.CommandLineTaskRunner$CommandLineProgressMonitor - Completed (41%)
2024-10-23 02:20:25 INFO: 02:20:25.528 [main] [INFO ] q.l.p.CommandLineTaskRunner$CommandLineProgressMonitor - Completed (42%)
2024-10-23 02:20:25 INFO: 02:20:25.842 [main] [INFO ] q.l.p.CommandLineTaskRunner$CommandLineProgressMonitor - Completed (43%)
2024-10-23 02:20:25 INFO: 02:20:25.959 [main] [INFO ] q.l.p.CommandLineTaskRunner$CommandLineProgressMonitor - Completed (44%)
2024-10-23 02:20:26 INFO: 02:20:26.058 [main] [INFO ] q.l.p.CommandLineTaskRunner$CommandLineProgressMonitor - Completed (45%)
2024-10-23 02:20:26 INFO: 02:20:26.165 [main] [INFO ] q.l.p.CommandLineTaskRunner$CommandLineProgressMonitor - Completed (46%)
2024-10-23 02:20:26 INFO: 02:20:26.289 [main] [INFO ] q.l.p.CommandLineTaskRunner$CommandLineProgressMonitor - Completed (47%)
2024-10-23 02:20:26 INFO: 02:20:26.409 [main] [INFO ] q.l.p.CommandLineTaskRunner$CommandLineProgressMonitor - Completed (48%)
2024-10-23 02:20:26 INFO: 02:20:26.513 [main] [INFO ] q.l.p.CommandLineTaskRunner$CommandLineProgressMonitor - Completed (49%)
2024-10-23 02:20:26 INFO: 02:20:26.634 [main] [INFO ] q.l.p.CommandLineTaskRunner$CommandLineProgressMonitor - Completed (50%)
2024-10-23 02:20:26 INFO: 02:20:26.744 [main] [INFO ] q.l.p.CommandLineTaskRunner$CommandLineProgressMonitor - Completed (51%)
2024-10-23 02:20:26 INFO: 02:20:26.858 [main] [INFO ] q.l.p.CommandLineTaskRunner$CommandLineProgressMonitor - Completed (52%)
2024-10-23 02:20:26 INFO: 02:20:26.964 [main] [INFO ] q.l.p.CommandLineTaskRunner$CommandLineProgressMonitor - Completed (53%)
2024-10-23 02:20:27 INFO: 02:20:27.077 [main] [INFO ] q.l.p.CommandLineTaskRunner$CommandLineProgressMonitor - Completed (54%)
2024-10-23 02:20:27 INFO: 02:20:27.373 [main] [INFO ] q.l.p.CommandLineTaskRunner$CommandLineProgressMonitor - Completed (55%)
2024-10-23 02:20:27 INFO: 02:20:27.468 [main] [INFO ] q.l.p.CommandLineTaskRunner$CommandLineProgressMonitor - Completed (56%)
2024-10-23 02:20:27 INFO: 02:20:27.580 [main] [INFO ] q.l.p.CommandLineTaskRunner$CommandLineProgressMonitor - Completed (57%)
2024-10-23 02:20:27 INFO: 02:20:27.680 [main] [INFO ] q.l.p.CommandLineTaskRunner$CommandLineProgressMonitor - Completed (58%)
2024-10-23 02:20:27 INFO: 02:20:27.775 [main] [INFO ] q.l.p.CommandLineTaskRunner$CommandLineProgressMonitor - Completed (59%)
2024-10-23 02:20:27 INFO: 02:20:27.879 [main] [INFO ] q.l.p.CommandLineTaskRunner$CommandLineProgressMonitor - Completed (60%)
2024-10-23 02:20:27 INFO: 02:20:27.982 [main] [INFO ] q.l.p.CommandLineTaskRunner$CommandLineProgressMonitor - Completed (61%)
2024-10-23 02:20:28 INFO: 02:20:28.092 [main] [INFO ] q.l.p.CommandLineTaskRunner$CommandLineProgressMonitor - Completed (62%)
2024-10-23 02:20:28 INFO: 02:20:28.209 [main] [INFO ] q.l.p.CommandLineTaskRunner$CommandLineProgressMonitor - Completed (63%)
2024-10-23 02:20:28 INFO: 02:20:28.352 [main] [INFO ] q.l.p.CommandLineTaskRunner$CommandLineProgressMonitor - Completed (64%)
2024-10-23 02:20:28 INFO: 02:20:28.467 [main] [INFO ] q.l.p.CommandLineTaskRunner$CommandLineProgressMonitor - Completed (65%)
2024-10-23 02:20:28 INFO: 02:20:28.582 [main] [INFO ] q.l.p.CommandLineTaskRunner$CommandLineProgressMonitor - Completed (66%)
2024-10-23 02:20:28 INFO: 02:20:28.699 [main] [INFO ] q.l.p.CommandLineTaskRunner$CommandLineProgressMonitor - Completed (67%)
2024-10-23 02:20:28 INFO: 02:20:28.806 [main] [INFO ] q.l.p.CommandLineTaskRunner$CommandLineProgressMonitor - Completed (68%)
2024-10-23 02:20:28 INFO: 02:20:28.908 [main] [INFO ] q.l.p.CommandLineTaskRunner$CommandLineProgressMonitor - Completed (69%)
2024-10-23 02:20:29 INFO: 02:20:29.032 [main] [INFO ] q.l.p.CommandLineTaskRunner$CommandLineProgressMonitor - Completed (70%)
2024-10-23 02:20:29 INFO: 02:20:29.311 [main] [INFO ] q.l.p.CommandLineTaskRunner$CommandLineProgressMonitor - Completed (71%)
2024-10-23 02:20:29 INFO: 02:20:29.413 [main] [INFO ] q.l.p.CommandLineTaskRunner$CommandLineProgressMonitor - Completed (72%)
2024-10-23 02:20:29 INFO: 02:20:29.508 [main] [INFO ] q.l.p.CommandLineTaskRunner$CommandLineProgressMonitor - Completed (73%)
2024-10-23 02:20:29 INFO: 02:20:29.607 [main] [INFO ] q.l.p.CommandLineTaskRunner$CommandLineProgressMonitor - Completed (74%)
2024-10-23 02:20:29 INFO: 02:20:29.706 [main] [INFO ] q.l.p.CommandLineTaskRunner$CommandLineProgressMonitor - Completed (75%)
2024-10-23 02:20:29 INFO: 02:20:29.798 [main] [INFO ] q.l.p.CommandLineTaskRunner$CommandLineProgressMonitor - Completed (76%)
2024-10-23 02:20:29 INFO: 02:20:29.903 [main] [INFO ] q.l.p.CommandLineTaskRunner$CommandLineProgressMonitor - Completed (77%)
2024-10-23 02:20:30 INFO: 02:20:30.010 [main] [INFO ] q.l.p.CommandLineTaskRunner$CommandLineProgressMonitor - Completed (78%)
2024-10-23 02:20:30 INFO: 02:20:30.112 [main] [INFO ] q.l.p.CommandLineTaskRunner$CommandLineProgressMonitor - Completed (79%)
2024-10-23 02:20:30 INFO: 02:20:30.220 [main] [INFO ] q.l.p.CommandLineTaskRunner$CommandLineProgressMonitor - Completed (80%)
2024-10-23 02:20:30 INFO: 02:20:30.328 [main] [INFO ] q.l.p.CommandLineTaskRunner$CommandLineProgressMonitor - Completed (81%)
2024-10-23 02:20:30 INFO: 02:20:30.476 [main] [INFO ] q.l.p.CommandLineTaskRunner$CommandLineProgressMonitor - Completed (82%)
2024-10-23 02:20:30 INFO: 02:20:30.588 [main] [INFO ] q.l.p.CommandLineTaskRunner$CommandLineProgressMonitor - Completed (83%)
2024-10-23 02:20:30 INFO: 02:20:30.705 [main] [INFO ] q.l.p.CommandLineTaskRunner$CommandLineProgressMonitor - Completed (84%)
2024-10-23 02:20:30 INFO: 02:20:30.815 [main] [INFO ] q.l.p.CommandLineTaskRunner$CommandLineProgressMonitor - Completed (85%)
2024-10-23 02:20:30 INFO: 02:20:30.914 [main] [INFO ] q.l.p.CommandLineTaskRunner$CommandLineProgressMonitor - Completed (86%)
2024-10-23 02:20:31 INFO: 02:20:31.011 [main] [INFO ] q.l.p.CommandLineTaskRunner$CommandLineProgressMonitor - Completed (87%)
2024-10-23 02:20:31 INFO: 02:20:31.146 [main] [INFO ] q.l.p.CommandLineTaskRunner$CommandLineProgressMonitor - Completed (88%)
2024-10-23 02:20:31 INFO: 02:20:31.301 [main] [INFO ] q.l.p.CommandLineTaskRunner$CommandLineProgressMonitor - Completed (89%)
2024-10-23 02:20:31 INFO: 02:20:31.450 [main] [INFO ] q.l.p.CommandLineTaskRunner$CommandLineProgressMonitor - Completed (90%)
2024-10-23 02:20:31 INFO: 02:20:31.617 [main] [INFO ] q.l.p.CommandLineTaskRunner$CommandLineProgressMonitor - Completed (91%)
2024-10-23 02:20:31 INFO: 02:20:31.764 [main] [INFO ] q.l.p.CommandLineTaskRunner$CommandLineProgressMonitor - Completed (92%)
2024-10-23 02:20:31 INFO: 02:20:31.919 [main] [INFO ] q.l.p.CommandLineTaskRunner$CommandLineProgressMonitor - Completed (93%)
2024-10-23 02:20:32 INFO: 02:20:32.071 [main] [INFO ] q.l.p.CommandLineTaskRunner$CommandLineProgressMonitor - Completed (94%)
2024-10-23 02:20:32 INFO: 02:20:32.222 [main] [INFO ] q.l.p.CommandLineTaskRunner$CommandLineProgressMonitor - Completed (95%)
2024-10-23 02:20:32 INFO: 02:20:32.425 [main] [INFO ] q.l.p.CommandLineTaskRunner$CommandLineProgressMonitor - Completed (96%)
2024-10-23 02:20:32 INFO: 02:20:32.587 [main] [INFO ] q.l.p.CommandLineTaskRunner$CommandLineProgressMonitor - Completed (97%)
2024-10-23 02:20:32 INFO: 02:20:32.763 [main] [INFO ] q.l.p.CommandLineTaskRunner$CommandLineProgressMonitor - Completed (98%)
2024-10-23 02:20:32 INFO: 02:20:32.914 [main] [INFO ] q.l.p.CommandLineTaskRunner$CommandLineProgressMonitor - Completed (99%)
2024-10-23 02:20:33 INFO: 02:20:33.072 [main] [INFO ] q.l.p.CommandLineTaskRunner$CommandLineProgressMonitor - Completed (100%)
2024-10-23 02:21:30 INFO: 02:21:30.975 [main] [INFO ] q.l.p.CommandLineTaskRunner$CommandLineProgressMonitor - Completed (100%)
2024-10-23 02:21:30 INFO: 02:21:30.976 [main] [INFO ] q.l.p.CommandLineTaskRunner$CommandLineProgressMonitor - Processing complete in 73.26 seconds
2024-10-23 02:21:30 INFO: 02:21:30.976 [main] [INFO ] q.l.p.CommandLineTaskRunner$CommandLineProgressMonitor - Tasks completed!
2024-10-23 02:23:30 INFO: 02:23:30.032 [task-runner-6-1] [WARN ] q.o.features.DelaunayTriangulation - Some objects have missing measurements! Statistics will calculated only for objects with measurements available.
2024-10-23 02:23:30 INFO: 02:23:30.032 [task-runner-6-1] [WARN ] q.o.features.DelaunayTriangulation - Missing measurements: [ROI: 1.00 m per pixel: Residual: Haralick Correlation (F2), ROI: 1.00 m per pixel: Residual: Haralick Information measure of correlation 1 (F11), ROI: 1.00 m per pixel: Residual: Haralick Information measure of correlation 2 (F12)]
2024-10-23 02:23:30 INFO: 02:23:30.066 [main] [INFO ] q.l.p.CommandLineTaskRunner$CommandLineProgressMonitor - Delaunay triangulation calculated for Annotation (201685 objects) (100%)
2024-10-23 02:23:30 INFO: 02:23:30.066 [main] [INFO ] q.l.p.CommandLineTaskRunner$CommandLineProgressMonitor - Processing complete in 119.03 seconds
2024-10-23 02:23:30 INFO: 02:23:30.066 [main] [INFO ] q.l.p.CommandLineTaskRunner$CommandLineProgressMonitor - Tasks completed!
2024-10-23 02:25:47 INFO: TCGA-GI-A2C8-01Z-00-DX1.09BD8AC9-645A-4C8B-9B36-77D833BDBA09
2024-10-23 02:25:47 INFO: QuPath subprocess completed.
2024-10-23 02:25:57 INFO: QuPath image extraction completed successfully. Output directory: /home/ilants/Documents/jupyter_test/single_image_multiple_params/exp_minAreaMicrons_10.0
2024-10-23 02:25:57 INFO: Summary table saved to: /home/ilants/Documents/jupyter_test/single_image_multiple_params/exp_minAreaMicrons_10.0/Summary_Table.csv
2024-10-23 02:25:57 INFO: Experiment completed successfully.
