2024-10-22 23:54:33 INFO: Starting experiment with for backgroundRadiusMicrons with value of 14.0
2024-10-22 23:54:33 INFO: Running with the following configuration:
{'detectionImageBrightfield': 'Hematoxylin OD', 'requestedPixelSizeMicrons': 0.5, 'backgroundRadiusMicrons': 14.0, 'backgroundByReconstruction': True, 'medianRadiusMicrons': 0.0, 'sigmaMicrons': 1.5, 'minAreaMicrons': 10.0, 'maxAreaMicrons': 80.0, 'threshold': 0.1, 'maxBackground': 2.0, 'watershedPostProcess': True, 'cellExpansionMicrons': 5.0, 'includeNuclei': True, 'smoothBoundaries': True, 'makeMeasurements': True, 'backgroundRadiusPixel': 8.0, 'cellExpansionPixel': 10.0, 'medianRadiusPixel': 0.0, 'minAreaPixel': 20.0, 'maxAreaPixel': 160.0}
2024-10-22 23:54:33 INFO: Starting QuPath image extraction with the following parameters: image_dir=/home/ilants/Documents/jupyter_test, output_dir=/home/ilants/Documents/jupyter_test/single_image_multiple_params/exp_backgroundRadiusMicrons_14.0, image_type=svs, groovy_script=/home/ilants/Documents/utls/nucleus_detection_wargs.groovy, config_file=/home/ilants/Documents/jupyter_test/single_image_multiple_params/exp_backgroundRadiusMicrons_14.0/cfg.json, program_path=/home/ilants/Documents/QuPath-v0.5.1-Linux/QuPath/bin/QuPath
2024-10-22 23:54:34 INFO: 23:54:34.603 [main] [INFO ] qupath.lib.gui.prefs.PathPrefs - Setting default Locale to en_US
2024-10-22 23:54:34 INFO: 23:54:34.607 [main] [INFO ] qupath.lib.gui.prefs.PathPrefs - Setting Locale for FORMAT to en_US
2024-10-22 23:54:34 INFO: 23:54:34.607 [main] [INFO ] qupath.lib.gui.prefs.PathPrefs - Setting Locale for DISPLAY to en_US
2024-10-22 23:54:34 INFO: 23:54:34.620 [main] [INFO ] qupath.lib.common.ThreadTools - Setting parallelism to 63
2024-10-22 23:54:34 INFO: 23:54:34.637 [main] [INFO ] qupath.ScriptCommand - Setting tile cache size to 32200.00 MB (25.0% max memory)
2024-10-22 23:54:34 INFO: 23:54:34.695 [main] [INFO ] qupath.lib.scripting.QP - Initializing type adapters
2024-10-22 23:54:34 INFO: Warning: Versions of org.bytedeco:javacpp:1.5.9 and org.bytedeco:opencv:4.6.0-1.5.8 do not match.
2024-10-22 23:54:34 INFO: Warning: Versions of org.bytedeco:javacpp:1.5.9 and org.bytedeco:openblas:0.3.21-1.5.8 do not match.
2024-10-22 23:54:36 INFO: project parameters are: {"detectionImageBrightfield": "Hematoxylin OD","requestedPixelSizeMicrons": 0.5,"backgroundRadiusMicrons": 14.0,"backgroundByReconstruction": true,"medianRadiusMicrons": 0.0,"sigmaMicrons": 1.5,"minAreaMicrons": 10.0,"maxAreaMicrons": 80.0,"threshold": 0.1,"maxBackground": 2.0,"watershedPostProcess": true,"cellExpansionMicrons": 5.0,"includeNuclei": true,"smoothBoundaries": true,"makeMeasurements": true,"backgroundRadiusPixel": 8.0,"cellExpansionPixel": 10.0,"medianRadiusPixel": 0.0,"minAreaPixel": 20.0,"maxAreaPixel": 160.0}
2024-10-22 23:54:36 INFO: New project created at: /home/ilants/Documents/jupyter_test/single_image_multiple_params/exp_backgroundRadiusMicrons_14.0/QPProject
2024-10-22 23:54:36 INFO: Added: /home/ilants/Documents/jupyter_test/TCGA-GI-A2C8-01Z-00-DX1.09BD8AC9-645A-4C8B-9B36-77D833BDBA09.svs
2024-10-22 23:54:36 INFO: /home/ilants/Documents/jupyter_test/TCGA-GI-A2C8-01Z-00-DX1.09BD8AC9-645A-4C8B-9B36-77D833BDBA09.svs
2024-10-22 23:54:36 INFO: 23:54:36.685 [main] [INFO ] q.l.i.s.b.BioFormatsServerOptions - Setting max Bio-Formats readers to 32
2024-10-22 23:54:37 INFO: UriImageSupport (class qupath.lib.images.servers.bioformats.BioFormatsServerBuilder) support=3.0, builders=1
2024-10-22 23:54:37 INFO: true
2024-10-22 23:54:37 INFO: 23:54:37.339 [main] [WARN ] qupath.lib.scripting.QP - createSelectAllObject(boolean) is deprecated, use createFullImageAnnotation(boolean) instead
2024-10-22 23:54:37 INFO: 23:54:37.339 [main] [WARN ] qupath.lib.scripting.QP - createSelectAllObject(boolean, int, int) is deprecated, use createFullImageAnnotation(boolean, int, int) instead
2024-10-22 23:54:37 INFO: 23:54:37.349 [main] [WARN ] q.l.plugins.parameters.ParameterList - Unable to set parameter backgroundRadiusPixel with value 8.0
2024-10-22 23:54:37 INFO: 23:54:37.349 [main] [WARN ] q.l.plugins.parameters.ParameterList - Unable to set parameter cellExpansionPixel with value 10.0
2024-10-22 23:54:37 INFO: 23:54:37.349 [main] [WARN ] q.l.plugins.parameters.ParameterList - Unable to set parameter medianRadiusPixel with value 0.0
2024-10-22 23:54:37 INFO: 23:54:37.349 [main] [WARN ] q.l.plugins.parameters.ParameterList - Unable to set parameter minAreaPixel with value 20.0
2024-10-22 23:54:37 INFO: 23:54:37.349 [main] [WARN ] q.l.plugins.parameters.ParameterList - Unable to set parameter maxAreaPixel with value 160.0
2024-10-22 23:54:52 INFO: 23:54:52.238 [task-runner-1-32] [INFO ] q.lib.plugins.DetectionPluginTools - 0 nuclei detected (processing time: 14.75 seconds)
2024-10-22 23:54:52 INFO: 23:54:52.238 [task-runner-1-12] [INFO ] q.lib.plugins.DetectionPluginTools - 0 nuclei detected (processing time: 14.75 seconds)
2024-10-22 23:54:52 INFO: 23:54:52.238 [task-runner-1-9] [INFO ] q.lib.plugins.DetectionPluginTools - 0 nuclei detected (processing time: 14.76 seconds)
2024-10-22 23:54:52 INFO: 23:54:52.242 [main] [INFO ] q.l.p.CommandLineTaskRunner$CommandLineProgressMonitor - 0 nuclei detected (1%)
2024-10-22 23:54:52 INFO: 23:54:52.244 [main] [INFO ] q.l.p.CommandLineTaskRunner$CommandLineProgressMonitor - 0 nuclei detected (2%)
2024-10-22 23:54:52 INFO: 23:54:52.741 [task-runner-1-1] [INFO ] q.lib.plugins.DetectionPluginTools - 0 nuclei detected (processing time: 15.27 seconds)
2024-10-22 23:54:52 INFO: 23:54:52.742 [main] [INFO ] q.l.p.CommandLineTaskRunner$CommandLineProgressMonitor - 0 nuclei detected (3%)
2024-10-22 23:54:52 INFO: 23:54:52.745 [task-runner-1-4] [INFO ] q.lib.plugins.DetectionPluginTools - 0 nuclei detected (processing time: 15.28 seconds)
2024-10-22 23:54:52 INFO: 23:54:52.750 [task-runner-1-16] [INFO ] q.lib.plugins.DetectionPluginTools - 0 nuclei detected (processing time: 15.28 seconds)
2024-10-22 23:54:52 INFO: 23:54:52.751 [task-runner-1-8] [INFO ] q.lib.plugins.DetectionPluginTools - 2 nuclei detected (processing time: 15.28 seconds)
2024-10-22 23:54:52 INFO: 23:54:52.752 [task-runner-1-27] [INFO ] q.lib.plugins.DetectionPluginTools - 1 nucleus detected (processing time: 15.28 seconds)
2024-10-22 23:54:52 INFO: 23:54:52.752 [task-runner-1-48] [INFO ] q.lib.plugins.DetectionPluginTools - 0 nuclei detected (processing time: 15.28 seconds)
2024-10-22 23:54:52 INFO: 23:54:52.752 [task-runner-1-14] [INFO ] q.lib.plugins.DetectionPluginTools - 2 nuclei detected (processing time: 15.28 seconds)
2024-10-22 23:54:52 INFO: 23:54:52.754 [task-runner-1-11] [INFO ] q.lib.plugins.DetectionPluginTools - 1 nucleus detected (processing time: 15.28 seconds)
2024-10-22 23:54:52 INFO: 23:54:52.757 [task-runner-1-10] [INFO ] q.lib.plugins.DetectionPluginTools - 1 nucleus detected (processing time: 15.29 seconds)
2024-10-22 23:54:52 INFO: 23:54:52.757 [task-runner-1-7] [INFO ] q.lib.plugins.DetectionPluginTools - 1 nucleus detected (processing time: 15.29 seconds)
2024-10-22 23:54:52 INFO: 23:54:52.750 [task-runner-1-3] [INFO ] q.lib.plugins.DetectionPluginTools - 0 nuclei detected (processing time: 15.28 seconds)
2024-10-22 23:54:52 INFO: 23:54:52.751 [task-runner-1-2] [INFO ] q.lib.plugins.DetectionPluginTools - 2 nuclei detected (processing time: 15.28 seconds)
2024-10-22 23:54:52 INFO: 23:54:52.751 [task-runner-1-30] [INFO ] q.lib.plugins.DetectionPluginTools - 1 nucleus detected (processing time: 15.28 seconds)
2024-10-22 23:54:52 INFO: 23:54:52.752 [main] [INFO ] q.l.p.CommandLineTaskRunner$CommandLineProgressMonitor - 0 nuclei detected (4%)
2024-10-22 23:54:52 INFO: 23:54:52.754 [task-runner-1-17] [INFO ] q.lib.plugins.DetectionPluginTools - 3 nuclei detected (processing time: 15.28 seconds)
2024-10-22 23:54:52 INFO: 23:54:52.767 [main] [INFO ] q.l.p.CommandLineTaskRunner$CommandLineProgressMonitor - 2 nuclei detected (4%)
2024-10-22 23:54:52 INFO: 23:54:52.767 [main] [INFO ] q.l.p.CommandLineTaskRunner$CommandLineProgressMonitor - 1 nucleus detected (5%)
2024-10-22 23:54:52 INFO: 23:54:52.768 [main] [INFO ] q.l.p.CommandLineTaskRunner$CommandLineProgressMonitor - 0 nuclei detected (6%)
2024-10-22 23:54:52 INFO: 23:54:52.768 [main] [INFO ] q.l.p.CommandLineTaskRunner$CommandLineProgressMonitor - 2 nuclei detected (6%)
2024-10-22 23:54:52 INFO: 23:54:52.768 [main] [INFO ] q.l.p.CommandLineTaskRunner$CommandLineProgressMonitor - 1 nucleus detected (7%)
2024-10-22 23:54:52 INFO: 23:54:52.768 [main] [INFO ] q.l.p.CommandLineTaskRunner$CommandLineProgressMonitor - 1 nucleus detected (8%)
2024-10-22 23:54:52 INFO: 23:54:52.768 [main] [INFO ] q.l.p.CommandLineTaskRunner$CommandLineProgressMonitor - 1 nucleus detected (9%)
2024-10-22 23:54:52 INFO: 23:54:52.768 [main] [INFO ] q.l.p.CommandLineTaskRunner$CommandLineProgressMonitor - 2 nuclei detected (9%)
2024-10-22 23:54:52 INFO: 23:54:52.774 [main] [INFO ] q.l.p.CommandLineTaskRunner$CommandLineProgressMonitor - 0 nuclei detected (10%)
2024-10-22 23:54:52 INFO: 23:54:52.774 [main] [INFO ] q.l.p.CommandLineTaskRunner$CommandLineProgressMonitor - 3 nuclei detected (11%)
2024-10-22 23:54:52 INFO: 23:54:52.790 [task-runner-1-47] [INFO ] q.lib.plugins.DetectionPluginTools - 7 nuclei detected (processing time: 15.32 seconds)
2024-10-22 23:54:52 INFO: 23:54:52.790 [task-runner-1-6] [INFO ] q.lib.plugins.DetectionPluginTools - 6 nuclei detected (processing time: 15.32 seconds)
2024-10-22 23:54:52 INFO: 23:54:52.791 [main] [INFO ] q.l.p.CommandLineTaskRunner$CommandLineProgressMonitor - 6 nuclei detected (11%)
2024-10-22 23:54:52 INFO: 23:54:52.812 [task-runner-1-13] [INFO ] q.lib.plugins.DetectionPluginTools - 9 nuclei detected (processing time: 15.34 seconds)
2024-10-22 23:54:52 INFO: 23:54:52.810 [main] [INFO ] q.l.p.CommandLineTaskRunner$CommandLineProgressMonitor - 7 nuclei detected (12%)
2024-10-22 23:54:52 INFO: 23:54:52.826 [main] [INFO ] q.l.p.CommandLineTaskRunner$CommandLineProgressMonitor - 9 nuclei detected (13%)
2024-10-22 23:54:52 INFO: 23:54:52.828 [task-runner-1-31] [INFO ] q.lib.plugins.DetectionPluginTools - 19 nuclei detected (processing time: 15.36 seconds)
2024-10-22 23:54:52 INFO: 23:54:52.828 [main] [INFO ] q.l.p.CommandLineTaskRunner$CommandLineProgressMonitor - 19 nuclei detected (13%)
2024-10-22 23:54:52 INFO: 23:54:52.883 [task-runner-1-46] [INFO ] q.lib.plugins.DetectionPluginTools - 58 nuclei detected (processing time: 15.41 seconds)
2024-10-22 23:54:52 INFO: 23:54:52.900 [main] [INFO ] q.l.p.CommandLineTaskRunner$CommandLineProgressMonitor - 58 nuclei detected (14%)
2024-10-22 23:54:52 INFO: 23:54:52.904 [task-runner-1-5] [INFO ] q.lib.plugins.DetectionPluginTools - 69 nuclei detected (processing time: 15.43 seconds)
2024-10-22 23:54:52 INFO: 23:54:52.905 [main] [INFO ] q.l.p.CommandLineTaskRunner$CommandLineProgressMonitor - 69 nuclei detected (14%)
2024-10-22 23:54:52 INFO: 23:54:52.905 [task-runner-1-26] [INFO ] q.lib.plugins.DetectionPluginTools - 91 nuclei detected (processing time: 15.43 seconds)
2024-10-22 23:54:52 INFO: 23:54:52.905 [main] [INFO ] q.l.p.CommandLineTaskRunner$CommandLineProgressMonitor - 91 nuclei detected (15%)
2024-10-22 23:54:52 INFO: 23:54:52.950 [task-runner-1-49] [INFO ] q.lib.plugins.DetectionPluginTools - 137 nuclei detected (processing time: 15.47 seconds)
2024-10-22 23:54:52 INFO: 23:54:52.952 [main] [INFO ] q.l.p.CommandLineTaskRunner$CommandLineProgressMonitor - 137 nuclei detected (16%)
2024-10-22 23:54:52 INFO: 23:54:52.969 [task-runner-1-63] [INFO ] q.lib.plugins.DetectionPluginTools - 159 nuclei detected (processing time: 15.49 seconds)
2024-10-22 23:54:52 INFO: 23:54:52.970 [main] [INFO ] q.l.p.CommandLineTaskRunner$CommandLineProgressMonitor - 159 nuclei detected (16%)
2024-10-22 23:54:52 INFO: 23:54:52.971 [task-runner-1-45] [INFO ] q.lib.plugins.DetectionPluginTools - 161 nuclei detected (processing time: 15.50 seconds)
2024-10-22 23:54:52 INFO: 23:54:52.971 [main] [INFO ] q.l.p.CommandLineTaskRunner$CommandLineProgressMonitor - 161 nuclei detected (17%)
2024-10-22 23:54:52 INFO: 23:54:52.997 [task-runner-1-19] [INFO ] q.lib.plugins.DetectionPluginTools - 166 nuclei detected (processing time: 15.53 seconds)
2024-10-22 23:54:53 INFO: 23:54:52.999 [main] [INFO ] q.l.p.CommandLineTaskRunner$CommandLineProgressMonitor - 166 nuclei detected (18%)
2024-10-22 23:54:53 INFO: 23:54:53.112 [task-runner-1-33] [INFO ] q.lib.plugins.DetectionPluginTools - 244 nuclei detected (processing time: 15.64 seconds)
2024-10-22 23:54:53 INFO: 23:54:53.113 [main] [INFO ] q.l.p.CommandLineTaskRunner$CommandLineProgressMonitor - 244 nuclei detected (18%)
2024-10-22 23:54:53 INFO: 23:54:53.118 [task-runner-1-18] [INFO ] q.lib.plugins.DetectionPluginTools - 279 nuclei detected (processing time: 15.65 seconds)
2024-10-22 23:54:53 INFO: 23:54:53.119 [main] [INFO ] q.l.p.CommandLineTaskRunner$CommandLineProgressMonitor - 279 nuclei detected (19%)
2024-10-22 23:54:53 INFO: 23:54:53.134 [task-runner-1-62] [INFO ] q.lib.plugins.DetectionPluginTools - 229 nuclei detected (processing time: 15.66 seconds)
2024-10-22 23:54:53 INFO: 23:54:53.136 [main] [INFO ] q.l.p.CommandLineTaskRunner$CommandLineProgressMonitor - 229 nuclei detected (19%)
2024-10-22 23:54:53 INFO: 23:54:53.158 [task-runner-1-50] [INFO ] q.lib.plugins.DetectionPluginTools - 365 nuclei detected (processing time: 15.68 seconds)
2024-10-22 23:54:53 INFO: 23:54:53.160 [main] [INFO ] q.l.p.CommandLineTaskRunner$CommandLineProgressMonitor - 365 nuclei detected (20%)
2024-10-22 23:54:55 INFO: 23:54:55.258 [task-runner-1-15] [INFO ] q.lib.plugins.DetectionPluginTools - 0 nuclei detected (processing time: 17.79 seconds)
2024-10-22 23:54:55 INFO: 23:54:55.266 [task-runner-1-28] [INFO ] q.lib.plugins.DetectionPluginTools - 27 nuclei detected (processing time: 17.79 seconds)
2024-10-22 23:54:55 INFO: 23:54:55.258 [task-runner-1-29] [INFO ] q.lib.plugins.DetectionPluginTools - 5 nuclei detected (processing time: 17.79 seconds)
2024-10-22 23:54:55 INFO: 23:54:55.269 [main] [INFO ] q.l.p.CommandLineTaskRunner$CommandLineProgressMonitor - 0 nuclei detected (21%)
2024-10-22 23:54:55 INFO: 23:54:55.269 [main] [INFO ] q.l.p.CommandLineTaskRunner$CommandLineProgressMonitor - 27 nuclei detected (21%)
2024-10-22 23:54:55 INFO: 23:54:55.269 [main] [INFO ] q.l.p.CommandLineTaskRunner$CommandLineProgressMonitor - 5 nuclei detected (22%)
2024-10-22 23:54:55 INFO: 23:54:55.570 [task-runner-1-61] [INFO ] q.lib.plugins.DetectionPluginTools - 234 nuclei detected (processing time: 18.09 seconds)
2024-10-22 23:54:55 INFO: 23:54:55.572 [main] [INFO ] q.l.p.CommandLineTaskRunner$CommandLineProgressMonitor - 234 nuclei detected (23%)
2024-10-22 23:54:55 INFO: 23:54:55.744 [task-runner-1-35] [INFO ] q.lib.plugins.DetectionPluginTools - 304 nuclei detected (processing time: 18.27 seconds)
2024-10-22 23:54:55 INFO: 23:54:55.768 [main] [INFO ] q.l.p.CommandLineTaskRunner$CommandLineProgressMonitor - 304 nuclei detected (23%)
2024-10-22 23:54:55 INFO: 23:54:55.982 [task-runner-1-34] [INFO ] q.lib.plugins.DetectionPluginTools - 484 nuclei detected (processing time: 18.51 seconds)
2024-10-22 23:54:56 INFO: 23:54:55.995 [task-runner-1-44] [INFO ] q.lib.plugins.DetectionPluginTools - 353 nuclei detected (processing time: 18.52 seconds)
2024-10-22 23:54:56 INFO: 23:54:55.999 [main] [INFO ] q.l.p.CommandLineTaskRunner$CommandLineProgressMonitor - 484 nuclei detected (24%)
2024-10-22 23:54:56 INFO: 23:54:56.003 [main] [INFO ] q.l.p.CommandLineTaskRunner$CommandLineProgressMonitor - 353 nuclei detected (24%)
2024-10-22 23:54:56 INFO: 23:54:56.002 [task-runner-1-25] [INFO ] q.lib.plugins.DetectionPluginTools - 533 nuclei detected (processing time: 18.53 seconds)
2024-10-22 23:54:56 INFO: 23:54:56.004 [main] [INFO ] q.l.p.CommandLineTaskRunner$CommandLineProgressMonitor - 533 nuclei detected (25%)
2024-10-22 23:54:56 INFO: 23:54:56.104 [task-runner-1-20] [INFO ] q.lib.plugins.DetectionPluginTools - 743 nuclei detected (processing time: 18.63 seconds)
2024-10-22 23:54:56 INFO: 23:54:56.106 [main] [INFO ] q.l.p.CommandLineTaskRunner$CommandLineProgressMonitor - 743 nuclei detected (26%)
2024-10-22 23:54:56 INFO: 23:54:56.123 [task-runner-1-24] [INFO ] q.lib.plugins.DetectionPluginTools - 1184 nuclei detected (processing time: 18.65 seconds)
2024-10-22 23:54:56 INFO: 23:54:56.150 [main] [INFO ] q.l.p.CommandLineTaskRunner$CommandLineProgressMonitor - 1184 nuclei detected (26%)
2024-10-22 23:54:56 INFO: 23:54:56.211 [task-runner-1-51] [INFO ] q.lib.plugins.DetectionPluginTools - 1001 nuclei detected (processing time: 18.74 seconds)
2024-10-22 23:54:56 INFO: 23:54:56.214 [main] [INFO ] q.l.p.CommandLineTaskRunner$CommandLineProgressMonitor - 1001 nuclei detected (27%)
2024-10-22 23:54:56 INFO: 23:54:56.312 [task-runner-1-23] [INFO ] q.lib.plugins.DetectionPluginTools - 1544 nuclei detected (processing time: 18.84 seconds)
2024-10-22 23:54:56 INFO: 23:54:56.314 [main] [INFO ] q.l.p.CommandLineTaskRunner$CommandLineProgressMonitor - 1544 nuclei detected (28%)
2024-10-22 23:54:56 INFO: 23:54:56.324 [task-runner-1-43] [INFO ] q.lib.plugins.DetectionPluginTools - 1752 nuclei detected (processing time: 18.85 seconds)
2024-10-22 23:54:56 INFO: 23:54:56.326 [main] [INFO ] q.l.p.CommandLineTaskRunner$CommandLineProgressMonitor - 1752 nuclei detected (28%)
2024-10-22 23:54:56 INFO: 23:54:56.592 [task-runner-1-22] [INFO ] q.lib.plugins.DetectionPluginTools - 1954 nuclei detected (processing time: 19.12 seconds)
2024-10-22 23:54:56 INFO: 23:54:56.593 [main] [INFO ] q.l.p.CommandLineTaskRunner$CommandLineProgressMonitor - 1954 nuclei detected (29%)
2024-10-22 23:54:58 INFO: 23:54:57.993 [task-runner-1-60] [INFO ] q.lib.plugins.DetectionPluginTools - 2022 nuclei detected (processing time: 20.52 seconds)
2024-10-22 23:54:58 INFO: 23:54:57.999 [main] [INFO ] q.l.p.CommandLineTaskRunner$CommandLineProgressMonitor - 2022 nuclei detected (29%)
2024-10-22 23:54:59 INFO: 23:54:59.532 [task-runner-1-21] [INFO ] q.lib.plugins.DetectionPluginTools - 4223 nuclei detected (processing time: 22.06 seconds)
2024-10-22 23:54:59 INFO: 23:54:59.533 [main] [INFO ] q.l.p.CommandLineTaskRunner$CommandLineProgressMonitor - 4223 nuclei detected (30%)
2024-10-22 23:54:59 INFO: 23:54:59.778 [task-runner-1-36] [INFO ] q.lib.plugins.DetectionPluginTools - 3082 nuclei detected (processing time: 22.31 seconds)
2024-10-22 23:54:59 INFO: 23:54:59.780 [main] [INFO ] q.l.p.CommandLineTaskRunner$CommandLineProgressMonitor - 3082 nuclei detected (31%)
2024-10-22 23:55:01 INFO: 23:55:01.021 [task-runner-1-12] [INFO ] q.lib.plugins.DetectionPluginTools - 1 nucleus detected (processing time: 8.78 seconds)
2024-10-22 23:55:01 INFO: 23:55:01.022 [main] [INFO ] q.l.p.CommandLineTaskRunner$CommandLineProgressMonitor - 1 nucleus detected (31%)
2024-10-22 23:55:01 INFO: 23:55:01.099 [task-runner-1-52] [INFO ] q.lib.plugins.DetectionPluginTools - 4031 nuclei detected (processing time: 23.62 seconds)
2024-10-22 23:55:01 INFO: 23:55:01.101 [main] [INFO ] q.l.p.CommandLineTaskRunner$CommandLineProgressMonitor - 4031 nuclei detected (32%)
2024-10-22 23:55:01 INFO: 23:55:01.868 [task-runner-1-17] [INFO ] q.lib.plugins.DetectionPluginTools - 0 nuclei detected (processing time: 9.09 seconds)
2024-10-22 23:55:01 INFO: 23:55:01.868 [main] [INFO ] q.l.p.CommandLineTaskRunner$CommandLineProgressMonitor - 0 nuclei detected (33%)
2024-10-22 23:55:01 INFO: 23:55:01.891 [task-runner-1-40] [INFO ] q.lib.plugins.DetectionPluginTools - 3482 nuclei detected (processing time: 24.42 seconds)
2024-10-22 23:55:01 INFO: 23:55:01.893 [main] [INFO ] q.l.p.CommandLineTaskRunner$CommandLineProgressMonitor - 3482 nuclei detected (33%)
2024-10-22 23:55:02 INFO: 23:55:02.059 [task-runner-1-42] [INFO ] q.lib.plugins.DetectionPluginTools - 3986 nuclei detected (processing time: 24.59 seconds)
2024-10-22 23:55:02 INFO: 23:55:02.062 [main] [INFO ] q.l.p.CommandLineTaskRunner$CommandLineProgressMonitor - 3986 nuclei detected (34%)
2024-10-22 23:55:02 INFO: 23:55:02.157 [task-runner-1-59] [INFO ] q.lib.plugins.DetectionPluginTools - 4247 nuclei detected (processing time: 24.68 seconds)
2024-10-22 23:55:02 INFO: 23:55:02.159 [main] [INFO ] q.l.p.CommandLineTaskRunner$CommandLineProgressMonitor - 4247 nuclei detected (34%)
2024-10-22 23:55:02 INFO: 23:55:02.178 [task-runner-1-41] [INFO ] q.lib.plugins.DetectionPluginTools - 3295 nuclei detected (processing time: 24.70 seconds)
2024-10-22 23:55:02 INFO: 23:55:02.178 [main] [INFO ] q.l.p.CommandLineTaskRunner$CommandLineProgressMonitor - 3295 nuclei detected (35%)
2024-10-22 23:55:02 INFO: 23:55:02.381 [task-runner-1-9] [INFO ] q.lib.plugins.DetectionPluginTools - 129 nuclei detected (processing time: 10.14 seconds)
2024-10-22 23:55:02 INFO: 23:55:02.383 [main] [INFO ] q.l.p.CommandLineTaskRunner$CommandLineProgressMonitor - 129 nuclei detected (36%)
2024-10-22 23:55:02 INFO: 23:55:02.978 [task-runner-1-32] [INFO ] q.lib.plugins.DetectionPluginTools - 495 nuclei detected (processing time: 10.73 seconds)
2024-10-22 23:55:02 INFO: 23:55:02.979 [main] [INFO ] q.l.p.CommandLineTaskRunner$CommandLineProgressMonitor - 495 nuclei detected (36%)
2024-10-22 23:55:03 INFO: 23:55:03.080 [task-runner-1-3] [INFO ] q.lib.plugins.DetectionPluginTools - 233 nuclei detected (processing time: 10.31 seconds)
2024-10-22 23:55:03 INFO: 23:55:03.083 [main] [INFO ] q.l.p.CommandLineTaskRunner$CommandLineProgressMonitor - 233 nuclei detected (37%)
2024-10-22 23:55:03 INFO: 23:55:03.293 [task-runner-1-50] [INFO ] q.lib.plugins.DetectionPluginTools - 116 nuclei detected (processing time: 10.13 seconds)
2024-10-22 23:55:03 INFO: 23:55:03.295 [main] [INFO ] q.l.p.CommandLineTaskRunner$CommandLineProgressMonitor - 116 nuclei detected (38%)
2024-10-22 23:55:03 INFO: 23:55:03.656 [task-runner-1-28] [INFO ] q.lib.plugins.DetectionPluginTools - 3 nuclei detected (processing time: 8.39 seconds)
2024-10-22 23:55:03 INFO: 23:55:03.664 [main] [INFO ] q.l.p.CommandLineTaskRunner$CommandLineProgressMonitor - 3 nuclei detected (38%)
2024-10-22 23:55:03 INFO: 23:55:03.794 [task-runner-1-58] [INFO ] q.lib.plugins.DetectionPluginTools - 4077 nuclei detected (processing time: 26.32 seconds)
2024-10-22 23:55:03 INFO: 23:55:03.795 [main] [INFO ] q.l.p.CommandLineTaskRunner$CommandLineProgressMonitor - 4077 nuclei detected (39%)
2024-10-22 23:55:03 INFO: 23:55:03.823 [task-runner-1-47] [INFO ] q.lib.plugins.DetectionPluginTools - 146 nuclei detected (processing time: 11.02 seconds)
2024-10-22 23:55:03 INFO: 23:55:03.825 [main] [INFO ] q.l.p.CommandLineTaskRunner$CommandLineProgressMonitor - 146 nuclei detected (39%)
2024-10-22 23:55:04 INFO: 23:55:04.077 [task-runner-1-6] [INFO ] q.lib.plugins.DetectionPluginTools - 119 nuclei detected (processing time: 11.29 seconds)
2024-10-22 23:55:04 INFO: 23:55:04.080 [main] [INFO ] q.l.p.CommandLineTaskRunner$CommandLineProgressMonitor - 119 nuclei detected (40%)
2024-10-22 23:55:04 INFO: 23:55:04.191 [task-runner-1-1] [INFO ] q.lib.plugins.DetectionPluginTools - 610 nuclei detected (processing time: 11.45 seconds)
2024-10-22 23:55:04 INFO: 23:55:04.192 [main] [INFO ] q.l.p.CommandLineTaskRunner$CommandLineProgressMonitor - 610 nuclei detected (41%)
2024-10-22 23:55:04 INFO: 23:55:04.848 [task-runner-1-29] [INFO ] q.lib.plugins.DetectionPluginTools - 155 nuclei detected (processing time: 9.58 seconds)
2024-10-22 23:55:04 INFO: 23:55:04.849 [main] [INFO ] q.l.p.CommandLineTaskRunner$CommandLineProgressMonitor - 155 nuclei detected (41%)
2024-10-22 23:55:05 INFO: 23:55:05.673 [task-runner-1-38] [INFO ] q.lib.plugins.DetectionPluginTools - 5773 nuclei detected (processing time: 28.20 seconds)
2024-10-22 23:55:05 INFO: 23:55:05.681 [main] [INFO ] q.l.p.CommandLineTaskRunner$CommandLineProgressMonitor - 5773 nuclei detected (42%)
2024-10-22 23:55:05 INFO: 23:55:05.684 [task-runner-1-39] [INFO ] q.lib.plugins.DetectionPluginTools - 5507 nuclei detected (processing time: 28.21 seconds)
2024-10-22 23:55:05 INFO: 23:55:05.684 [main] [INFO ] q.l.p.CommandLineTaskRunner$CommandLineProgressMonitor - 5507 nuclei detected (43%)
2024-10-22 23:55:05 INFO: 23:55:05.716 [task-runner-1-30] [INFO ] q.lib.plugins.DetectionPluginTools - 826 nuclei detected (processing time: 12.95 seconds)
2024-10-22 23:55:05 INFO: 23:55:05.718 [main] [INFO ] q.l.p.CommandLineTaskRunner$CommandLineProgressMonitor - 826 nuclei detected (43%)
2024-10-22 23:55:05 INFO: 23:55:05.802 [task-runner-1-61] [INFO ] q.lib.plugins.DetectionPluginTools - 254 nuclei detected (processing time: 10.23 seconds)
2024-10-22 23:55:05 INFO: 23:55:05.804 [main] [INFO ] q.l.p.CommandLineTaskRunner$CommandLineProgressMonitor - 254 nuclei detected (44%)
2024-10-22 23:55:05 INFO: 23:55:05.852 [task-runner-1-57] [INFO ] q.lib.plugins.DetectionPluginTools - 5086 nuclei detected (processing time: 28.38 seconds)
2024-10-22 23:55:05 INFO: 23:55:05.855 [main] [INFO ] q.l.p.CommandLineTaskRunner$CommandLineProgressMonitor - 5086 nuclei detected (44%)
2024-10-22 23:55:05 INFO: 23:55:05.952 [task-runner-1-13] [INFO ] q.lib.plugins.DetectionPluginTools - 1084 nuclei detected (processing time: 13.14 seconds)
2024-10-22 23:55:05 INFO: 23:55:05.954 [main] [INFO ] q.l.p.CommandLineTaskRunner$CommandLineProgressMonitor - 1084 nuclei detected (45%)
2024-10-22 23:55:06 INFO: 23:55:06.079 [task-runner-1-55] [INFO ] q.lib.plugins.DetectionPluginTools - 6166 nuclei detected (processing time: 28.60 seconds)
2024-10-22 23:55:06 INFO: 23:55:06.081 [main] [INFO ] q.l.p.CommandLineTaskRunner$CommandLineProgressMonitor - 6166 nuclei detected (46%)
2024-10-22 23:55:06 INFO: 23:55:06.148 [task-runner-1-15] [INFO ] q.lib.plugins.DetectionPluginTools - 157 nuclei detected (processing time: 10.88 seconds)
2024-10-22 23:55:06 INFO: 23:55:06.150 [main] [INFO ] q.l.p.CommandLineTaskRunner$CommandLineProgressMonitor - 157 nuclei detected (46%)
2024-10-22 23:55:06 INFO: 23:55:06.396 [task-runner-1-37] [INFO ] q.lib.plugins.DetectionPluginTools - 6847 nuclei detected (processing time: 28.92 seconds)
2024-10-22 23:55:06 INFO: 23:55:06.398 [main] [INFO ] q.l.p.CommandLineTaskRunner$CommandLineProgressMonitor - 6847 nuclei detected (47%)
2024-10-22 23:55:07 INFO: 23:55:07.230 [task-runner-1-56] [INFO ] q.lib.plugins.DetectionPluginTools - 6994 nuclei detected (processing time: 29.75 seconds)
2024-10-22 23:55:07 INFO: 23:55:07.232 [main] [INFO ] q.l.p.CommandLineTaskRunner$CommandLineProgressMonitor - 6994 nuclei detected (48%)
2024-10-22 23:55:07 INFO: 23:55:07.242 [task-runner-1-53] [INFO ] q.lib.plugins.DetectionPluginTools - 8381 nuclei detected (processing time: 29.77 seconds)
2024-10-22 23:55:07 INFO: 23:55:07.243 [main] [INFO ] q.l.p.CommandLineTaskRunner$CommandLineProgressMonitor - 8381 nuclei detected (48%)
2024-10-22 23:55:07 INFO: 23:55:07.347 [task-runner-1-62] [INFO ] q.lib.plugins.DetectionPluginTools - 1114 nuclei detected (processing time: 14.21 seconds)
2024-10-22 23:55:07 INFO: 23:55:07.350 [main] [INFO ] q.l.p.CommandLineTaskRunner$CommandLineProgressMonitor - 1114 nuclei detected (49%)
2024-10-22 23:55:07 INFO: 23:55:07.843 [task-runner-1-36] [INFO ] q.lib.plugins.DetectionPluginTools - 1 nucleus detected (processing time: 8.06 seconds)
2024-10-22 23:55:07 INFO: 23:55:07.844 [main] [INFO ] q.l.p.CommandLineTaskRunner$CommandLineProgressMonitor - 1 nucleus detected (49%)
2024-10-22 23:55:08 INFO: 23:55:08.104 [task-runner-1-54] [INFO ] q.lib.plugins.DetectionPluginTools - 8049 nuclei detected (processing time: 30.63 seconds)
2024-10-22 23:55:08 INFO: 23:55:08.105 [main] [INFO ] q.l.p.CommandLineTaskRunner$CommandLineProgressMonitor - 8049 nuclei detected (50%)
2024-10-22 23:55:08 INFO: 23:55:08.755 [task-runner-1-21] [INFO ] q.lib.plugins.DetectionPluginTools - 69 nuclei detected (processing time: 9.22 seconds)
2024-10-22 23:55:08 INFO: 23:55:08.756 [main] [INFO ] q.l.p.CommandLineTaskRunner$CommandLineProgressMonitor - 69 nuclei detected (51%)
2024-10-22 23:55:10 INFO: 23:55:10.414 [task-runner-1-2] [INFO ] q.lib.plugins.DetectionPluginTools - 1773 nuclei detected (processing time: 17.65 seconds)
2024-10-22 23:55:10 INFO: 23:55:10.420 [main] [INFO ] q.l.p.CommandLineTaskRunner$CommandLineProgressMonitor - 1773 nuclei detected (51%)
2024-10-22 23:55:11 INFO: 23:55:11.146 [task-runner-1-52] [INFO ] q.lib.plugins.DetectionPluginTools - 285 nuclei detected (processing time: 10.05 seconds)
2024-10-22 23:55:11 INFO: 23:55:11.148 [main] [INFO ] q.l.p.CommandLineTaskRunner$CommandLineProgressMonitor - 285 nuclei detected (52%)
2024-10-22 23:55:12 INFO: 23:55:12.312 [task-runner-1-12] [INFO ] q.lib.plugins.DetectionPluginTools - 398 nuclei detected (processing time: 11.29 seconds)
2024-10-22 23:55:12 INFO: 23:55:12.313 [main] [INFO ] q.l.p.CommandLineTaskRunner$CommandLineProgressMonitor - 398 nuclei detected (53%)
2024-10-22 23:55:12 INFO: 23:55:12.382 [task-runner-1-6] [INFO ] q.lib.plugins.DetectionPluginTools - 0 nuclei detected (processing time: 8.30 seconds)
2024-10-22 23:55:12 INFO: 23:55:12.383 [main] [INFO ] q.l.p.CommandLineTaskRunner$CommandLineProgressMonitor - 0 nuclei detected (53%)
2024-10-22 23:55:12 INFO: 23:55:12.665 [task-runner-1-1] [INFO ] q.lib.plugins.DetectionPluginTools - 0 nuclei detected (processing time: 8.47 seconds)
2024-10-22 23:55:12 INFO: 23:55:12.667 [main] [INFO ] q.l.p.CommandLineTaskRunner$CommandLineProgressMonitor - 0 nuclei detected (54%)
2024-10-22 23:55:12 INFO: 23:55:12.914 [task-runner-1-17] [INFO ] q.lib.plugins.DetectionPluginTools - 346 nuclei detected (processing time: 11.05 seconds)
2024-10-22 23:55:12 INFO: 23:55:12.916 [main] [INFO ] q.l.p.CommandLineTaskRunner$CommandLineProgressMonitor - 346 nuclei detected (54%)
2024-10-22 23:55:13 INFO: 23:55:13.487 [task-runner-1-30] [INFO ] q.lib.plugins.DetectionPluginTools - 3 nuclei detected (processing time: 7.77 seconds)
2024-10-22 23:55:13 INFO: 23:55:13.488 [main] [INFO ] q.l.p.CommandLineTaskRunner$CommandLineProgressMonitor - 3 nuclei detected (55%)
2024-10-22 23:55:14 INFO: 23:55:14.079 [task-runner-1-61] [INFO ] q.lib.plugins.DetectionPluginTools - 12 nuclei detected (processing time: 8.27 seconds)
2024-10-22 23:55:14 INFO: 23:55:14.082 [main] [INFO ] q.l.p.CommandLineTaskRunner$CommandLineProgressMonitor - 12 nuclei detected (56%)
2024-10-22 23:55:14 INFO: 23:55:14.276 [task-runner-1-47] [INFO ] q.lib.plugins.DetectionPluginTools - 1731 nuclei detected (processing time: 10.45 seconds)
2024-10-22 23:55:14 INFO: 23:55:14.278 [main] [INFO ] q.l.p.CommandLineTaskRunner$CommandLineProgressMonitor - 1731 nuclei detected (56%)
2024-10-22 23:55:14 INFO: 23:55:14.566 [task-runner-1-60] [INFO ] q.lib.plugins.DetectionPluginTools - 3505 nuclei detected (processing time: 16.57 seconds)
2024-10-22 23:55:14 INFO: 23:55:14.568 [main] [INFO ] q.l.p.CommandLineTaskRunner$CommandLineProgressMonitor - 3505 nuclei detected (57%)
2024-10-22 23:55:14 INFO: 23:55:14.574 [task-runner-1-57] [INFO ] q.lib.plugins.DetectionPluginTools - 0 nuclei detected (processing time: 8.72 seconds)
2024-10-22 23:55:14 INFO: 23:55:14.576 [main] [INFO ] q.l.p.CommandLineTaskRunner$CommandLineProgressMonitor - 0 nuclei detected (57%)
2024-10-22 23:55:14 INFO: 23:55:14.679 [task-runner-1-15] [INFO ] q.lib.plugins.DetectionPluginTools - 39 nuclei detected (processing time: 8.53 seconds)
2024-10-22 23:55:14 INFO: 23:55:14.680 [main] [INFO ] q.l.p.CommandLineTaskRunner$CommandLineProgressMonitor - 39 nuclei detected (58%)
2024-10-22 23:55:14 INFO: 23:55:14.687 [task-runner-1-39] [INFO ] q.lib.plugins.DetectionPluginTools - 114 nuclei detected (processing time: 9.00 seconds)
2024-10-22 23:55:14 INFO: 23:55:14.689 [main] [INFO ] q.l.p.CommandLineTaskRunner$CommandLineProgressMonitor - 114 nuclei detected (59%)
2024-10-22 23:55:15 INFO: 23:55:15.413 [task-runner-1-55] [INFO ] q.lib.plugins.DetectionPluginTools - 0 nuclei detected (processing time: 9.33 seconds)
2024-10-22 23:55:15 INFO: 23:55:15.415 [main] [INFO ] q.l.p.CommandLineTaskRunner$CommandLineProgressMonitor - 0 nuclei detected (59%)
2024-10-22 23:55:15 INFO: 23:55:15.552 [task-runner-1-13] [INFO ] q.lib.plugins.DetectionPluginTools - 0 nuclei detected (processing time: 9.60 seconds)
2024-10-22 23:55:15 INFO: 23:55:15.556 [main] [INFO ] q.l.p.CommandLineTaskRunner$CommandLineProgressMonitor - 0 nuclei detected (60%)
2024-10-22 23:55:15 INFO: 23:55:15.638 [task-runner-1-40] [INFO ] q.lib.plugins.DetectionPluginTools - 1431 nuclei detected (processing time: 13.75 seconds)
2024-10-22 23:55:15 INFO: 23:55:15.641 [main] [INFO ] q.l.p.CommandLineTaskRunner$CommandLineProgressMonitor - 1431 nuclei detected (61%)
2024-10-22 23:55:15 INFO: 23:55:15.705 [task-runner-1-4] [INFO ] q.lib.plugins.DetectionPluginTools - 4675 nuclei detected (processing time: 22.96 seconds)
2024-10-22 23:55:15 INFO: 23:55:15.709 [main] [INFO ] q.l.p.CommandLineTaskRunner$CommandLineProgressMonitor - 4675 nuclei detected (61%)
2024-10-22 23:55:15 INFO: 23:55:15.790 [task-runner-1-29] [INFO ] q.lib.plugins.DetectionPluginTools - 115 nuclei detected (processing time: 10.94 seconds)
2024-10-22 23:55:15 INFO: 23:55:15.791 [main] [INFO ] q.l.p.CommandLineTaskRunner$CommandLineProgressMonitor - 115 nuclei detected (62%)
2024-10-22 23:55:15 INFO: 23:55:15.877 [task-runner-1-38] [INFO ] q.lib.plugins.DetectionPluginTools - 82 nuclei detected (processing time: 10.20 seconds)
2024-10-22 23:55:15 INFO: 23:55:15.878 [main] [INFO ] q.l.p.CommandLineTaskRunner$CommandLineProgressMonitor - 82 nuclei detected (63%)
2024-10-22 23:55:16 INFO: 23:55:16.100 [task-runner-1-54] [INFO ] q.lib.plugins.DetectionPluginTools - 0 nuclei detected (processing time: 8.00 seconds)
2024-10-22 23:55:16 INFO: 23:55:16.100 [main] [INFO ] q.l.p.CommandLineTaskRunner$CommandLineProgressMonitor - 0 nuclei detected (63%)
2024-10-22 23:55:16 INFO: 23:55:16.469 [task-runner-1-36] [INFO ] q.lib.plugins.DetectionPluginTools - 0 nuclei detected (processing time: 8.62 seconds)
2024-10-22 23:55:16 INFO: 23:55:16.471 [main] [INFO ] q.l.p.CommandLineTaskRunner$CommandLineProgressMonitor - 0 nuclei detected (64%)
2024-10-22 23:55:16 INFO: 23:55:16.727 [task-runner-1-37] [INFO ] q.lib.plugins.DetectionPluginTools - 488 nuclei detected (processing time: 10.33 seconds)
2024-10-22 23:55:16 INFO: 23:55:16.728 [main] [INFO ] q.l.p.CommandLineTaskRunner$CommandLineProgressMonitor - 488 nuclei detected (64%)
2024-10-22 23:55:16 INFO: 23:55:16.826 [task-runner-1-59] [INFO ] q.lib.plugins.DetectionPluginTools - 1566 nuclei detected (processing time: 14.67 seconds)
2024-10-22 23:55:16 INFO: 23:55:16.826 [main] [INFO ] q.l.p.CommandLineTaskRunner$CommandLineProgressMonitor - 1566 nuclei detected (65%)
2024-10-22 23:55:16 INFO: 23:55:16.924 [task-runner-1-18] [INFO ] q.lib.plugins.DetectionPluginTools - 3045 nuclei detected (processing time: 23.81 seconds)
2024-10-22 23:55:16 INFO: 23:55:16.925 [main] [INFO ] q.l.p.CommandLineTaskRunner$CommandLineProgressMonitor - 3045 nuclei detected (66%)
2024-10-22 23:55:16 INFO: 23:55:16.988 [task-runner-1-41] [INFO ] q.lib.plugins.DetectionPluginTools - 1832 nuclei detected (processing time: 14.81 seconds)
2024-10-22 23:55:16 INFO: 23:55:16.989 [main] [INFO ] q.l.p.CommandLineTaskRunner$CommandLineProgressMonitor - 1832 nuclei detected (66%)
2024-10-22 23:55:17 INFO: 23:55:17.034 [task-runner-1-7] [INFO ] q.lib.plugins.DetectionPluginTools - 5588 nuclei detected (processing time: 24.28 seconds)
2024-10-22 23:55:17 INFO: 23:55:17.035 [main] [INFO ] q.l.p.CommandLineTaskRunner$CommandLineProgressMonitor - 5588 nuclei detected (67%)
2024-10-22 23:55:17 INFO: 23:55:17.197 [task-runner-1-35] [INFO ] q.lib.plugins.DetectionPluginTools - 3696 nuclei detected (processing time: 21.45 seconds)
2024-10-22 23:55:17 INFO: 23:55:17.198 [main] [INFO ] q.l.p.CommandLineTaskRunner$CommandLineProgressMonitor - 3696 nuclei detected (68%)
2024-10-22 23:55:17 INFO: 23:55:17.359 [task-runner-1-11] [INFO ] q.lib.plugins.DetectionPluginTools - 5246 nuclei detected (processing time: 24.61 seconds)
2024-10-22 23:55:17 INFO: 23:55:17.360 [main] [INFO ] q.l.p.CommandLineTaskRunner$CommandLineProgressMonitor - 5246 nuclei detected (68%)
2024-10-22 23:55:17 INFO: 23:55:17.674 [task-runner-1-10] [INFO ] q.lib.plugins.DetectionPluginTools - 4633 nuclei detected (processing time: 24.92 seconds)
2024-10-22 23:55:17 INFO: 23:55:17.675 [main] [INFO ] q.l.p.CommandLineTaskRunner$CommandLineProgressMonitor - 4633 nuclei detected (69%)
2024-10-22 23:55:17 INFO: 23:55:17.816 [task-runner-1-44] [INFO ] q.lib.plugins.DetectionPluginTools - 3605 nuclei detected (processing time: 21.81 seconds)
2024-10-22 23:55:17 INFO: 23:55:17.816 [main] [INFO ] q.l.p.CommandLineTaskRunner$CommandLineProgressMonitor - 3605 nuclei detected (69%)
2024-10-22 23:55:18 INFO: 23:55:18.002 [task-runner-1-33] [INFO ] q.lib.plugins.DetectionPluginTools - 3836 nuclei detected (processing time: 24.89 seconds)
2024-10-22 23:55:18 INFO: 23:55:18.002 [main] [INFO ] q.l.p.CommandLineTaskRunner$CommandLineProgressMonitor - 3836 nuclei detected (70%)
2024-10-22 23:55:18 INFO: 23:55:18.091 [task-runner-1-63] [INFO ] q.lib.plugins.DetectionPluginTools - 4815 nuclei detected (processing time: 25.12 seconds)
2024-10-22 23:55:18 INFO: 23:55:18.091 [main] [INFO ] q.l.p.CommandLineTaskRunner$CommandLineProgressMonitor - 4815 nuclei detected (71%)
2024-10-22 23:55:18 INFO: 23:55:18.247 [task-runner-1-31] [INFO ] q.lib.plugins.DetectionPluginTools - 5575 nuclei detected (processing time: 25.42 seconds)
2024-10-22 23:55:18 INFO: 23:55:18.247 [main] [INFO ] q.l.p.CommandLineTaskRunner$CommandLineProgressMonitor - 5575 nuclei detected (71%)
2024-10-22 23:55:18 INFO: 23:55:18.393 [task-runner-1-21] [INFO ] q.lib.plugins.DetectionPluginTools - 0 nuclei detected (processing time: 9.64 seconds)
2024-10-22 23:55:18 INFO: 23:55:18.394 [main] [INFO ] q.l.p.CommandLineTaskRunner$CommandLineProgressMonitor - 0 nuclei detected (72%)
2024-10-22 23:55:18 INFO: 23:55:18.395 [task-runner-1-42] [INFO ] q.lib.plugins.DetectionPluginTools - 2797 nuclei detected (processing time: 16.33 seconds)
2024-10-22 23:55:18 INFO: 23:55:18.395 [main] [INFO ] q.l.p.CommandLineTaskRunner$CommandLineProgressMonitor - 2797 nuclei detected (73%)
2024-10-22 23:55:18 INFO: 23:55:18.543 [task-runner-1-2] [INFO ] q.lib.plugins.DetectionPluginTools - 9 nuclei detected (processing time: 8.12 seconds)
2024-10-22 23:55:18 INFO: 23:55:18.544 [main] [INFO ] q.l.p.CommandLineTaskRunner$CommandLineProgressMonitor - 9 nuclei detected (73%)
2024-10-22 23:55:18 INFO: 23:55:18.627 [task-runner-1-27] [INFO ] q.lib.plugins.DetectionPluginTools - 4707 nuclei detected (processing time: 25.88 seconds)
2024-10-22 23:55:18 INFO: 23:55:18.628 [main] [INFO ] q.l.p.CommandLineTaskRunner$CommandLineProgressMonitor - 4707 nuclei detected (74%)
2024-10-22 23:55:18 INFO: 23:55:18.629 [task-runner-1-26] [INFO ] q.lib.plugins.DetectionPluginTools - 6115 nuclei detected (processing time: 25.72 seconds)
2024-10-22 23:55:18 INFO: 23:55:18.629 [main] [INFO ] q.l.p.CommandLineTaskRunner$CommandLineProgressMonitor - 6115 nuclei detected (74%)
2024-10-22 23:55:19 INFO: 23:55:19.056 [task-runner-1-52] [INFO ] q.lib.plugins.DetectionPluginTools - 1 nucleus detected (processing time: 7.91 seconds)
2024-10-22 23:55:19 INFO: 23:55:19.057 [main] [INFO ] q.l.p.CommandLineTaskRunner$CommandLineProgressMonitor - 1 nucleus detected (75%)
2024-10-22 23:55:19 INFO: 23:55:19.212 [task-runner-1-45] [INFO ] q.lib.plugins.DetectionPluginTools - 5458 nuclei detected (processing time: 26.24 seconds)
2024-10-22 23:55:19 INFO: 23:55:19.212 [main] [INFO ] q.l.p.CommandLineTaskRunner$CommandLineProgressMonitor - 5458 nuclei detected (76%)
2024-10-22 23:55:19 INFO: 23:55:19.280 [task-runner-1-19] [INFO ] q.lib.plugins.DetectionPluginTools - 5223 nuclei detected (processing time: 26.28 seconds)
2024-10-22 23:55:19 INFO: 23:55:19.281 [main] [INFO ] q.l.p.CommandLineTaskRunner$CommandLineProgressMonitor - 5223 nuclei detected (76%)
2024-10-22 23:55:19 INFO: 23:55:19.284 [task-runner-1-56] [INFO ] q.lib.plugins.DetectionPluginTools - 2213 nuclei detected (processing time: 12.05 seconds)
2024-10-22 23:55:19 INFO: 23:55:19.285 [main] [INFO ] q.l.p.CommandLineTaskRunner$CommandLineProgressMonitor - 2213 nuclei detected (77%)
2024-10-22 23:55:19 INFO: 23:55:19.334 [task-runner-1-25] [INFO ] q.lib.plugins.DetectionPluginTools - 5039 nuclei detected (processing time: 23.33 seconds)
2024-10-22 23:55:19 INFO: 23:55:19.335 [main] [INFO ] q.l.p.CommandLineTaskRunner$CommandLineProgressMonitor - 5039 nuclei detected (78%)
2024-10-22 23:55:19 INFO: 23:55:19.366 [task-runner-1-46] [INFO ] q.lib.plugins.DetectionPluginTools - 7370 nuclei detected (processing time: 26.47 seconds)
2024-10-22 23:55:19 INFO: 23:55:19.367 [main] [INFO ] q.l.p.CommandLineTaskRunner$CommandLineProgressMonitor - 7370 nuclei detected (78%)
2024-10-22 23:55:19 INFO: 23:55:19.381 [task-runner-1-5] [INFO ] q.lib.plugins.DetectionPluginTools - 7707 nuclei detected (processing time: 26.48 seconds)
2024-10-22 23:55:19 INFO: 23:55:19.382 [main] [INFO ] q.l.p.CommandLineTaskRunner$CommandLineProgressMonitor - 7707 nuclei detected (79%)
2024-10-22 23:55:19 INFO: 23:55:19.383 [task-runner-1-20] [INFO ] q.lib.plugins.DetectionPluginTools - 5730 nuclei detected (processing time: 23.28 seconds)
2024-10-22 23:55:19 INFO: 23:55:19.383 [main] [INFO ] q.l.p.CommandLineTaskRunner$CommandLineProgressMonitor - 5730 nuclei detected (79%)
2024-10-22 23:55:19 INFO: 23:55:19.473 [task-runner-1-14] [INFO ] q.lib.plugins.DetectionPluginTools - 7726 nuclei detected (processing time: 26.72 seconds)
2024-10-22 23:55:19 INFO: 23:55:19.474 [main] [INFO ] q.l.p.CommandLineTaskRunner$CommandLineProgressMonitor - 7726 nuclei detected (80%)
2024-10-22 23:55:19 INFO: 23:55:19.510 [task-runner-1-51] [INFO ] q.lib.plugins.DetectionPluginTools - 4963 nuclei detected (processing time: 23.30 seconds)
2024-10-22 23:55:19 INFO: 23:55:19.510 [main] [INFO ] q.l.p.CommandLineTaskRunner$CommandLineProgressMonitor - 4963 nuclei detected (81%)
2024-10-22 23:55:19 INFO: 23:55:19.546 [task-runner-1-48] [INFO ] q.lib.plugins.DetectionPluginTools - 8428 nuclei detected (processing time: 26.79 seconds)
2024-10-22 23:55:19 INFO: 23:55:19.547 [main] [INFO ] q.l.p.CommandLineTaskRunner$CommandLineProgressMonitor - 8428 nuclei detected (81%)
2024-10-22 23:55:19 INFO: 23:55:19.630 [task-runner-1-22] [INFO ] q.lib.plugins.DetectionPluginTools - 6459 nuclei detected (processing time: 23.04 seconds)
2024-10-22 23:55:19 INFO: 23:55:19.630 [main] [INFO ] q.l.p.CommandLineTaskRunner$CommandLineProgressMonitor - 6459 nuclei detected (82%)
2024-10-22 23:55:19 INFO: 23:55:19.762 [task-runner-1-16] [INFO ] q.lib.plugins.DetectionPluginTools - 6089 nuclei detected (processing time: 27.01 seconds)
2024-10-22 23:55:19 INFO: 23:55:19.762 [main] [INFO ] q.l.p.CommandLineTaskRunner$CommandLineProgressMonitor - 6089 nuclei detected (83%)
2024-10-22 23:55:20 INFO: 23:55:20.209 [task-runner-1-6] [INFO ] q.lib.plugins.DetectionPluginTools - 1 nucleus detected (processing time: 7.83 seconds)
2024-10-22 23:55:20 INFO: 23:55:20.210 [main] [INFO ] q.l.p.CommandLineTaskRunner$CommandLineProgressMonitor - 1 nucleus detected (83%)
2024-10-22 23:55:20 INFO: 23:55:20.250 [task-runner-1-12] [INFO ] q.lib.plugins.DetectionPluginTools - 0 nuclei detected (processing time: 7.94 seconds)
2024-10-22 23:55:20 INFO: 23:55:20.250 [main] [INFO ] q.l.p.CommandLineTaskRunner$CommandLineProgressMonitor - 0 nuclei detected (84%)
2024-10-22 23:55:20 INFO: 23:55:20.318 [task-runner-1-8] [INFO ] q.lib.plugins.DetectionPluginTools - 9286 nuclei detected (processing time: 27.57 seconds)
2024-10-22 23:55:20 INFO: 23:55:20.318 [main] [INFO ] q.l.p.CommandLineTaskRunner$CommandLineProgressMonitor - 9286 nuclei detected (84%)
2024-10-22 23:55:20 INFO: 23:55:20.361 [task-runner-1-49] [INFO ] q.lib.plugins.DetectionPluginTools - 4512 nuclei detected (processing time: 27.41 seconds)
2024-10-22 23:55:20 INFO: 23:55:20.362 [task-runner-1-43] [INFO ] q.lib.plugins.DetectionPluginTools - 4832 nuclei detected (processing time: 24.04 seconds)
2024-10-22 23:55:20 INFO: 23:55:20.362 [main] [INFO ] q.l.p.CommandLineTaskRunner$CommandLineProgressMonitor - 4512 nuclei detected (85%)
2024-10-22 23:55:20 INFO: 23:55:20.362 [main] [INFO ] q.l.p.CommandLineTaskRunner$CommandLineProgressMonitor - 4832 nuclei detected (86%)
2024-10-22 23:55:20 INFO: 23:55:20.422 [task-runner-1-17] [INFO ] q.lib.plugins.DetectionPluginTools - 0 nuclei detected (processing time: 7.51 seconds)
2024-10-22 23:55:20 INFO: 23:55:20.422 [main] [INFO ] q.l.p.CommandLineTaskRunner$CommandLineProgressMonitor - 0 nuclei detected (86%)
2024-10-22 23:55:20 INFO: 23:55:20.521 [task-runner-1-24] [INFO ] q.lib.plugins.DetectionPluginTools - 5779 nuclei detected (processing time: 24.37 seconds)
2024-10-22 23:55:20 INFO: 23:55:20.522 [main] [INFO ] q.l.p.CommandLineTaskRunner$CommandLineProgressMonitor - 5779 nuclei detected (87%)
2024-10-22 23:55:20 INFO: 23:55:20.889 [task-runner-1-9] [INFO ] q.lib.plugins.DetectionPluginTools - 3398 nuclei detected (processing time: 18.51 seconds)
2024-10-22 23:55:20 INFO: 23:55:20.889 [main] [INFO ] q.l.p.CommandLineTaskRunner$CommandLineProgressMonitor - 3398 nuclei detected (88%)
2024-10-22 23:55:21 INFO: 23:55:21.020 [task-runner-1-1] [INFO ] q.lib.plugins.DetectionPluginTools - 1 nucleus detected (processing time: 8.35 seconds)
2024-10-22 23:55:21 INFO: 23:55:21.020 [main] [INFO ] q.l.p.CommandLineTaskRunner$CommandLineProgressMonitor - 1 nucleus detected (88%)
2024-10-22 23:55:21 INFO: 23:55:21.095 [task-runner-1-23] [INFO ] q.lib.plugins.DetectionPluginTools - 7733 nuclei detected (processing time: 24.78 seconds)
2024-10-22 23:55:21 INFO: 23:55:21.096 [main] [INFO ] q.l.p.CommandLineTaskRunner$CommandLineProgressMonitor - 7733 nuclei detected (89%)
2024-10-22 23:55:21 INFO: 23:55:21.192 [task-runner-1-62] [INFO ] q.lib.plugins.DetectionPluginTools - 4438 nuclei detected (processing time: 13.84 seconds)
2024-10-22 23:55:21 INFO: 23:55:21.193 [main] [INFO ] q.l.p.CommandLineTaskRunner$CommandLineProgressMonitor - 4438 nuclei detected (89%)
2024-10-22 23:55:21 INFO: 23:55:21.208 [task-runner-1-30] [INFO ] q.lib.plugins.DetectionPluginTools - 1 nucleus detected (processing time: 7.72 seconds)
2024-10-22 23:55:21 INFO: 23:55:21.208 [main] [INFO ] q.l.p.CommandLineTaskRunner$CommandLineProgressMonitor - 1 nucleus detected (90%)
2024-10-22 23:55:21 INFO: 23:55:21.304 [task-runner-1-53] [INFO ] q.lib.plugins.DetectionPluginTools - 3322 nuclei detected (processing time: 14.06 seconds)
2024-10-22 23:55:21 INFO: 23:55:21.304 [main] [INFO ] q.l.p.CommandLineTaskRunner$CommandLineProgressMonitor - 3322 nuclei detected (91%)
2024-10-22 23:55:21 INFO: 23:55:21.372 [task-runner-1-34] [INFO ] q.lib.plugins.DetectionPluginTools - 6859 nuclei detected (processing time: 25.37 seconds)
2024-10-22 23:55:21 INFO: 23:55:21.373 [main] [INFO ] q.l.p.CommandLineTaskRunner$CommandLineProgressMonitor - 6859 nuclei detected (91%)
2024-10-22 23:55:21 INFO: 23:55:21.413 [task-runner-1-15] [INFO ] q.lib.plugins.DetectionPluginTools - 0 nuclei detected (processing time: 6.73 seconds)
2024-10-22 23:55:21 INFO: 23:55:21.413 [main] [INFO ] q.l.p.CommandLineTaskRunner$CommandLineProgressMonitor - 0 nuclei detected (92%)
2024-10-22 23:55:21 INFO: 23:55:21.508 [task-runner-1-61] [INFO ] q.lib.plugins.DetectionPluginTools - 1 nucleus detected (processing time: 7.43 seconds)
2024-10-22 23:55:21 INFO: 23:55:21.509 [main] [INFO ] q.l.p.CommandLineTaskRunner$CommandLineProgressMonitor - 1 nucleus detected (93%)
2024-10-22 23:55:21 INFO: 23:55:21.514 [task-runner-1-39] [INFO ] q.lib.plugins.DetectionPluginTools - 0 nuclei detected (processing time: 6.83 seconds)
2024-10-22 23:55:21 INFO: 23:55:21.514 [main] [INFO ] q.l.p.CommandLineTaskRunner$CommandLineProgressMonitor - 0 nuclei detected (93%)
2024-10-22 23:55:21 INFO: 23:55:21.523 [task-runner-1-32] [INFO ] q.lib.plugins.DetectionPluginTools - 6225 nuclei detected (processing time: 18.54 seconds)
2024-10-22 23:55:21 INFO: 23:55:21.523 [main] [INFO ] q.l.p.CommandLineTaskRunner$CommandLineProgressMonitor - 6225 nuclei detected (94%)
2024-10-22 23:55:21 INFO: 23:55:21.613 [task-runner-1-57] [INFO ] q.lib.plugins.DetectionPluginTools - 0 nuclei detected (processing time: 7.04 seconds)
2024-10-22 23:55:21 INFO: 23:55:21.613 [main] [INFO ] q.l.p.CommandLineTaskRunner$CommandLineProgressMonitor - 0 nuclei detected (94%)
2024-10-22 23:55:21 INFO: 23:55:21.623 [task-runner-1-47] [INFO ] q.lib.plugins.DetectionPluginTools - 0 nuclei detected (processing time: 7.34 seconds)
2024-10-22 23:55:21 INFO: 23:55:21.623 [main] [INFO ] q.l.p.CommandLineTaskRunner$CommandLineProgressMonitor - 0 nuclei detected (95%)
2024-10-22 23:55:21 INFO: 23:55:21.812 [task-runner-1-40] [INFO ] q.lib.plugins.DetectionPluginTools - 0 nuclei detected (processing time: 6.17 seconds)
2024-10-22 23:55:21 INFO: 23:55:21.812 [main] [INFO ] q.l.p.CommandLineTaskRunner$CommandLineProgressMonitor - 0 nuclei detected (96%)
2024-10-22 23:55:21 INFO: 23:55:21.881 [task-runner-1-55] [INFO ] q.lib.plugins.DetectionPluginTools - 0 nuclei detected (processing time: 6.46 seconds)
2024-10-22 23:55:22 INFO: 23:55:22.285 [task-runner-1-13] [INFO ] q.lib.plugins.DetectionPluginTools - 0 nuclei detected (processing time: 6.73 seconds)
2024-10-22 23:55:22 INFO: 23:55:22.285 [main] [INFO ] q.l.p.CommandLineTaskRunner$CommandLineProgressMonitor - 0 nuclei detected (97%)
2024-10-22 23:55:22 INFO: 23:55:22.403 [task-runner-1-60] [INFO ] q.lib.plugins.DetectionPluginTools - 1 nucleus detected (processing time: 7.84 seconds)
2024-10-22 23:55:22 INFO: 23:55:22.403 [main] [INFO ] q.l.p.CommandLineTaskRunner$CommandLineProgressMonitor - 1 nucleus detected (98%)
2024-10-22 23:55:22 INFO: 23:55:22.962 [task-runner-1-3] [INFO ] q.lib.plugins.DetectionPluginTools - 7033 nuclei detected (processing time: 19.88 seconds)
2024-10-22 23:55:22 INFO: 23:55:22.963 [main] [INFO ] q.l.p.CommandLineTaskRunner$CommandLineProgressMonitor - 7033 nuclei detected (98%)
2024-10-22 23:55:22 INFO: 23:55:22.992 [task-runner-1-58] [INFO ] q.lib.plugins.DetectionPluginTools - 7931 nuclei detected (processing time: 19.20 seconds)
2024-10-22 23:55:22 INFO: 23:55:22.992 [main] [INFO ] q.l.p.CommandLineTaskRunner$CommandLineProgressMonitor - 7931 nuclei detected (99%)
2024-10-22 23:55:23 INFO: 23:55:23.691 [task-runner-1-28] [INFO ] q.lib.plugins.DetectionPluginTools - 8973 nuclei detected (processing time: 20.02 seconds)
2024-10-22 23:55:23 INFO: 23:55:23.692 [main] [INFO ] q.l.p.CommandLineTaskRunner$CommandLineProgressMonitor - 8973 nuclei detected (99%)
2024-10-22 23:55:23 INFO: 23:55:23.913 [task-runner-1-50] [INFO ] q.lib.plugins.DetectionPluginTools - 8881 nuclei detected (processing time: 20.62 seconds)
2024-10-22 23:55:23 INFO: 23:55:23.914 [main] [INFO ] q.l.p.CommandLineTaskRunner$CommandLineProgressMonitor - 8881 nuclei detected (100%)
2024-10-22 23:55:23 INFO: 23:55:23.914 [main] [INFO ] q.l.p.CommandLineTaskRunner$CommandLineProgressMonitor - Processing complete in 46.45 seconds
2024-10-22 23:55:23 INFO: 23:55:23.914 [main] [INFO ] q.l.p.CommandLineTaskRunner$CommandLineProgressMonitor - Tasks completed!
2024-10-22 23:55:37 INFO: 23:55:37.307 [main] [WARN ] q.l.p.objects.SmoothFeaturesPlugin - Smoothing using annotations
2024-10-22 23:55:43 INFO: 23:55:43.206 [main] [INFO ] q.l.p.CommandLineTaskRunner$CommandLineProgressMonitor - Completed (100%)
2024-10-22 23:55:43 INFO: 23:55:43.207 [main] [INFO ] q.l.p.CommandLineTaskRunner$CommandLineProgressMonitor - Processing complete in 5.90 seconds
2024-10-22 23:55:43 INFO: 23:55:43.207 [main] [INFO ] q.l.p.CommandLineTaskRunner$CommandLineProgressMonitor - Tasks completed!
2024-10-22 23:55:43 INFO: 23:55:43.208 [main] [WARN ] q.l.p.objects.SmoothFeaturesPlugin - Smoothing using annotations
2024-10-22 23:55:54 INFO: 23:55:54.382 [main] [INFO ] q.l.p.CommandLineTaskRunner$CommandLineProgressMonitor - Completed (100%)
2024-10-22 23:55:54 INFO: 23:55:54.382 [main] [INFO ] q.l.p.CommandLineTaskRunner$CommandLineProgressMonitor - Processing complete in 11.17 seconds
2024-10-22 23:55:54 INFO: 23:55:54.382 [main] [INFO ] q.l.p.CommandLineTaskRunner$CommandLineProgressMonitor - Tasks completed!
2024-10-22 23:55:54 INFO: 23:55:54.384 [main] [WARN ] q.l.p.objects.SmoothFeaturesPlugin - Smoothing using annotations
2024-10-22 23:56:30 INFO: 23:56:30.192 [main] [INFO ] q.l.p.CommandLineTaskRunner$CommandLineProgressMonitor - Completed (100%)
2024-10-22 23:56:30 INFO: 23:56:30.192 [main] [INFO ] q.l.p.CommandLineTaskRunner$CommandLineProgressMonitor - Processing complete in 35.81 seconds
2024-10-22 23:56:30 INFO: 23:56:30.192 [main] [INFO ] q.l.p.CommandLineTaskRunner$CommandLineProgressMonitor - Tasks completed!
2024-10-22 23:56:30 INFO: 23:56:30.524 [task-runner-5-2] [INFO ] q.l.a.IntensityFeaturesPlugin - Splitting Rectangle (0, 0, 63784, 39311) into 40 tiles for intensity measurements
2024-10-22 23:56:30 INFO: 23:56:30.894 [main] [INFO ] q.l.p.CommandLineTaskRunner$CommandLineProgressMonitor - Completed (0%)
2024-10-22 23:56:31 INFO: 23:56:31.711 [main] [INFO ] q.l.p.CommandLineTaskRunner$CommandLineProgressMonitor - Completed (1%)
2024-10-22 23:56:32 INFO: 23:56:32.141 [main] [INFO ] q.l.p.CommandLineTaskRunner$CommandLineProgressMonitor - Completed (2%)
2024-10-22 23:56:32 INFO: 23:56:32.466 [main] [INFO ] q.l.p.CommandLineTaskRunner$CommandLineProgressMonitor - Completed (3%)
2024-10-22 23:56:32 INFO: 23:56:32.746 [main] [INFO ] q.l.p.CommandLineTaskRunner$CommandLineProgressMonitor - Completed (4%)
2024-10-22 23:56:32 INFO: 23:56:32.956 [main] [INFO ] q.l.p.CommandLineTaskRunner$CommandLineProgressMonitor - Completed (5%)
2024-10-22 23:56:33 INFO: 23:56:33.163 [main] [INFO ] q.l.p.CommandLineTaskRunner$CommandLineProgressMonitor - Completed (6%)
2024-10-22 23:56:33 INFO: 23:56:33.327 [main] [INFO ] q.l.p.CommandLineTaskRunner$CommandLineProgressMonitor - Completed (7%)
2024-10-22 23:56:33 INFO: 23:56:33.459 [main] [INFO ] q.l.p.CommandLineTaskRunner$CommandLineProgressMonitor - Completed (8%)
2024-10-22 23:56:33 INFO: 23:56:33.607 [main] [INFO ] q.l.p.CommandLineTaskRunner$CommandLineProgressMonitor - Completed (9%)
2024-10-22 23:56:33 INFO: 23:56:33.746 [main] [INFO ] q.l.p.CommandLineTaskRunner$CommandLineProgressMonitor - Completed (10%)
2024-10-22 23:56:33 INFO: 23:56:33.933 [main] [INFO ] q.l.p.CommandLineTaskRunner$CommandLineProgressMonitor - Completed (11%)
2024-10-22 23:56:34 INFO: 23:56:34.155 [main] [INFO ] q.l.p.CommandLineTaskRunner$CommandLineProgressMonitor - Completed (12%)
2024-10-22 23:56:34 INFO: 23:56:34.391 [main] [INFO ] q.l.p.CommandLineTaskRunner$CommandLineProgressMonitor - Completed (13%)
2024-10-22 23:56:34 INFO: 23:56:34.626 [main] [INFO ] q.l.p.CommandLineTaskRunner$CommandLineProgressMonitor - Completed (14%)
2024-10-22 23:56:34 INFO: 23:56:34.963 [main] [INFO ] q.l.p.CommandLineTaskRunner$CommandLineProgressMonitor - Completed (15%)
2024-10-22 23:56:35 INFO: 23:56:35.297 [main] [INFO ] q.l.p.CommandLineTaskRunner$CommandLineProgressMonitor - Completed (16%)
2024-10-22 23:56:35 INFO: 23:56:35.467 [main] [INFO ] q.l.p.CommandLineTaskRunner$CommandLineProgressMonitor - Completed (17%)
2024-10-22 23:56:35 INFO: 23:56:35.690 [main] [INFO ] q.l.p.CommandLineTaskRunner$CommandLineProgressMonitor - Completed (18%)
2024-10-22 23:56:35 INFO: 23:56:35.863 [main] [INFO ] q.l.p.CommandLineTaskRunner$CommandLineProgressMonitor - Completed (19%)
2024-10-22 23:56:36 INFO: 23:56:36.037 [main] [INFO ] q.l.p.CommandLineTaskRunner$CommandLineProgressMonitor - Completed (20%)
2024-10-22 23:56:36 INFO: 23:56:36.199 [main] [INFO ] q.l.p.CommandLineTaskRunner$CommandLineProgressMonitor - Completed (21%)
2024-10-22 23:56:36 INFO: 23:56:36.371 [main] [INFO ] q.l.p.CommandLineTaskRunner$CommandLineProgressMonitor - Completed (22%)
2024-10-22 23:56:36 INFO: 23:56:36.817 [main] [INFO ] q.l.p.CommandLineTaskRunner$CommandLineProgressMonitor - Completed (23%)
2024-10-22 23:56:36 INFO: 23:56:36.980 [main] [INFO ] q.l.p.CommandLineTaskRunner$CommandLineProgressMonitor - Completed (24%)
2024-10-22 23:56:37 INFO: 23:56:37.224 [main] [INFO ] q.l.p.CommandLineTaskRunner$CommandLineProgressMonitor - Completed (25%)
2024-10-22 23:56:37 INFO: 23:56:37.416 [main] [INFO ] q.l.p.CommandLineTaskRunner$CommandLineProgressMonitor - Completed (26%)
2024-10-22 23:56:37 INFO: 23:56:37.630 [main] [INFO ] q.l.p.CommandLineTaskRunner$CommandLineProgressMonitor - Completed (27%)
2024-10-22 23:56:37 INFO: 23:56:37.852 [main] [INFO ] q.l.p.CommandLineTaskRunner$CommandLineProgressMonitor - Completed (28%)
2024-10-22 23:56:38 INFO: 23:56:38.083 [main] [INFO ] q.l.p.CommandLineTaskRunner$CommandLineProgressMonitor - Completed (29%)
2024-10-22 23:56:38 INFO: 23:56:38.426 [main] [INFO ] q.l.p.CommandLineTaskRunner$CommandLineProgressMonitor - Completed (30%)
2024-10-22 23:56:38 INFO: 23:56:38.654 [main] [INFO ] q.l.p.CommandLineTaskRunner$CommandLineProgressMonitor - Completed (31%)
2024-10-22 23:56:38 INFO: 23:56:38.885 [main] [INFO ] q.l.p.CommandLineTaskRunner$CommandLineProgressMonitor - Completed (32%)
2024-10-22 23:56:39 INFO: 23:56:39.121 [main] [INFO ] q.l.p.CommandLineTaskRunner$CommandLineProgressMonitor - Completed (33%)
2024-10-22 23:56:39 INFO: 23:56:39.349 [main] [INFO ] q.l.p.CommandLineTaskRunner$CommandLineProgressMonitor - Completed (34%)
2024-10-22 23:56:39 INFO: 23:56:39.577 [main] [INFO ] q.l.p.CommandLineTaskRunner$CommandLineProgressMonitor - Completed (35%)
2024-10-22 23:56:39 INFO: 23:56:39.777 [main] [INFO ] q.l.p.CommandLineTaskRunner$CommandLineProgressMonitor - Completed (36%)
2024-10-22 23:56:40 INFO: 23:56:40.348 [main] [INFO ] q.l.p.CommandLineTaskRunner$CommandLineProgressMonitor - Completed (37%)
2024-10-22 23:56:40 INFO: 23:56:40.508 [main] [INFO ] q.l.p.CommandLineTaskRunner$CommandLineProgressMonitor - Completed (38%)
2024-10-22 23:56:40 INFO: 23:56:40.656 [main] [INFO ] q.l.p.CommandLineTaskRunner$CommandLineProgressMonitor - Completed (39%)
2024-10-22 23:56:41 INFO: 23:56:41.141 [main] [INFO ] q.l.p.CommandLineTaskRunner$CommandLineProgressMonitor - Completed (40%)
2024-10-22 23:56:41 INFO: 23:56:41.363 [main] [INFO ] q.l.p.CommandLineTaskRunner$CommandLineProgressMonitor - Completed (41%)
2024-10-22 23:56:41 INFO: 23:56:41.535 [main] [INFO ] q.l.p.CommandLineTaskRunner$CommandLineProgressMonitor - Completed (42%)
2024-10-22 23:56:41 INFO: 23:56:41.725 [main] [INFO ] q.l.p.CommandLineTaskRunner$CommandLineProgressMonitor - Completed (43%)
2024-10-22 23:56:41 INFO: 23:56:41.915 [main] [INFO ] q.l.p.CommandLineTaskRunner$CommandLineProgressMonitor - Completed (44%)
2024-10-22 23:56:42 INFO: 23:56:42.094 [main] [INFO ] q.l.p.CommandLineTaskRunner$CommandLineProgressMonitor - Completed (45%)
2024-10-22 23:56:42 INFO: 23:56:42.294 [main] [INFO ] q.l.p.CommandLineTaskRunner$CommandLineProgressMonitor - Completed (46%)
2024-10-22 23:56:42 INFO: 23:56:42.659 [main] [INFO ] q.l.p.CommandLineTaskRunner$CommandLineProgressMonitor - Completed (47%)
2024-10-22 23:56:43 INFO: 23:56:43.147 [main] [INFO ] q.l.p.CommandLineTaskRunner$CommandLineProgressMonitor - Completed (48%)
2024-10-22 23:56:43 INFO: 23:56:43.472 [main] [INFO ] q.l.p.CommandLineTaskRunner$CommandLineProgressMonitor - Completed (49%)
2024-10-22 23:56:43 INFO: 23:56:43.719 [main] [INFO ] q.l.p.CommandLineTaskRunner$CommandLineProgressMonitor - Completed (50%)
2024-10-22 23:56:44 INFO: 23:56:44.057 [main] [INFO ] q.l.p.CommandLineTaskRunner$CommandLineProgressMonitor - Completed (51%)
2024-10-22 23:56:44 INFO: 23:56:44.274 [main] [INFO ] q.l.p.CommandLineTaskRunner$CommandLineProgressMonitor - Completed (52%)
2024-10-22 23:56:44 INFO: 23:56:44.599 [main] [INFO ] q.l.p.CommandLineTaskRunner$CommandLineProgressMonitor - Completed (53%)
2024-10-22 23:56:44 INFO: 23:56:44.903 [main] [INFO ] q.l.p.CommandLineTaskRunner$CommandLineProgressMonitor - Completed (54%)
2024-10-22 23:56:45 INFO: 23:56:45.178 [main] [INFO ] q.l.p.CommandLineTaskRunner$CommandLineProgressMonitor - Completed (55%)
2024-10-22 23:56:45 INFO: 23:56:45.458 [main] [INFO ] q.l.p.CommandLineTaskRunner$CommandLineProgressMonitor - Completed (56%)
2024-10-22 23:56:45 INFO: 23:56:45.743 [main] [INFO ] q.l.p.CommandLineTaskRunner$CommandLineProgressMonitor - Completed (57%)
2024-10-22 23:56:45 INFO: 23:56:45.913 [main] [INFO ] q.l.p.CommandLineTaskRunner$CommandLineProgressMonitor - Completed (58%)
2024-10-22 23:56:46 INFO: 23:56:46.070 [main] [INFO ] q.l.p.CommandLineTaskRunner$CommandLineProgressMonitor - Completed (59%)
2024-10-22 23:56:46 INFO: 23:56:46.200 [main] [INFO ] q.l.p.CommandLineTaskRunner$CommandLineProgressMonitor - Completed (60%)
2024-10-22 23:56:46 INFO: 23:56:46.345 [main] [INFO ] q.l.p.CommandLineTaskRunner$CommandLineProgressMonitor - Completed (61%)
2024-10-22 23:56:46 INFO: 23:56:46.487 [main] [INFO ] q.l.p.CommandLineTaskRunner$CommandLineProgressMonitor - Completed (62%)
2024-10-22 23:56:46 INFO: 23:56:46.651 [main] [INFO ] q.l.p.CommandLineTaskRunner$CommandLineProgressMonitor - Completed (63%)
2024-10-22 23:56:46 INFO: 23:56:46.813 [main] [INFO ] q.l.p.CommandLineTaskRunner$CommandLineProgressMonitor - Completed (64%)
2024-10-22 23:56:47 INFO: 23:56:47.006 [main] [INFO ] q.l.p.CommandLineTaskRunner$CommandLineProgressMonitor - Completed (65%)
2024-10-22 23:56:47 INFO: 23:56:47.155 [main] [INFO ] q.l.p.CommandLineTaskRunner$CommandLineProgressMonitor - Completed (66%)
2024-10-22 23:56:47 INFO: 23:56:47.301 [main] [INFO ] q.l.p.CommandLineTaskRunner$CommandLineProgressMonitor - Completed (67%)
2024-10-22 23:56:47 INFO: 23:56:47.451 [main] [INFO ] q.l.p.CommandLineTaskRunner$CommandLineProgressMonitor - Completed (68%)
2024-10-22 23:56:47 INFO: 23:56:47.604 [main] [INFO ] q.l.p.CommandLineTaskRunner$CommandLineProgressMonitor - Completed (69%)
2024-10-22 23:56:47 INFO: 23:56:47.750 [main] [INFO ] q.l.p.CommandLineTaskRunner$CommandLineProgressMonitor - Completed (70%)
2024-10-22 23:56:47 INFO: 23:56:47.899 [main] [INFO ] q.l.p.CommandLineTaskRunner$CommandLineProgressMonitor - Completed (71%)
2024-10-22 23:56:48 INFO: 23:56:48.046 [main] [INFO ] q.l.p.CommandLineTaskRunner$CommandLineProgressMonitor - Completed (72%)
2024-10-22 23:56:48 INFO: 23:56:48.198 [main] [INFO ] q.l.p.CommandLineTaskRunner$CommandLineProgressMonitor - Completed (73%)
2024-10-22 23:56:48 INFO: 23:56:48.368 [main] [INFO ] q.l.p.CommandLineTaskRunner$CommandLineProgressMonitor - Completed (74%)
2024-10-22 23:56:48 INFO: 23:56:48.535 [main] [INFO ] q.l.p.CommandLineTaskRunner$CommandLineProgressMonitor - Completed (75%)
2024-10-22 23:56:48 INFO: 23:56:48.717 [main] [INFO ] q.l.p.CommandLineTaskRunner$CommandLineProgressMonitor - Completed (76%)
2024-10-22 23:56:48 INFO: 23:56:48.899 [main] [INFO ] q.l.p.CommandLineTaskRunner$CommandLineProgressMonitor - Completed (77%)
2024-10-22 23:56:49 INFO: 23:56:49.097 [main] [INFO ] q.l.p.CommandLineTaskRunner$CommandLineProgressMonitor - Completed (78%)
2024-10-22 23:56:49 INFO: 23:56:49.290 [main] [INFO ] q.l.p.CommandLineTaskRunner$CommandLineProgressMonitor - Completed (79%)
2024-10-22 23:56:49 INFO: 23:56:49.479 [main] [INFO ] q.l.p.CommandLineTaskRunner$CommandLineProgressMonitor - Completed (80%)
2024-10-22 23:56:49 INFO: 23:56:49.670 [main] [INFO ] q.l.p.CommandLineTaskRunner$CommandLineProgressMonitor - Completed (81%)
2024-10-22 23:56:49 INFO: 23:56:49.921 [main] [INFO ] q.l.p.CommandLineTaskRunner$CommandLineProgressMonitor - Completed (82%)
2024-10-22 23:56:50 INFO: 23:56:50.349 [main] [INFO ] q.l.p.CommandLineTaskRunner$CommandLineProgressMonitor - Completed (83%)
2024-10-22 23:56:50 INFO: 23:56:50.500 [main] [INFO ] q.l.p.CommandLineTaskRunner$CommandLineProgressMonitor - Completed (84%)
2024-10-22 23:56:50 INFO: 23:56:50.668 [main] [INFO ] q.l.p.CommandLineTaskRunner$CommandLineProgressMonitor - Completed (85%)
2024-10-22 23:56:50 INFO: 23:56:50.819 [main] [INFO ] q.l.p.CommandLineTaskRunner$CommandLineProgressMonitor - Completed (86%)
2024-10-22 23:56:50 INFO: 23:56:50.965 [main] [INFO ] q.l.p.CommandLineTaskRunner$CommandLineProgressMonitor - Completed (87%)
2024-10-22 23:56:51 INFO: 23:56:51.118 [main] [INFO ] q.l.p.CommandLineTaskRunner$CommandLineProgressMonitor - Completed (88%)
2024-10-22 23:56:51 INFO: 23:56:51.265 [main] [INFO ] q.l.p.CommandLineTaskRunner$CommandLineProgressMonitor - Completed (89%)
2024-10-22 23:56:51 INFO: 23:56:51.405 [main] [INFO ] q.l.p.CommandLineTaskRunner$CommandLineProgressMonitor - Completed (90%)
2024-10-22 23:56:51 INFO: 23:56:51.530 [main] [INFO ] q.l.p.CommandLineTaskRunner$CommandLineProgressMonitor - Completed (91%)
2024-10-22 23:56:51 INFO: 23:56:51.648 [main] [INFO ] q.l.p.CommandLineTaskRunner$CommandLineProgressMonitor - Completed (92%)
2024-10-22 23:56:51 INFO: 23:56:51.771 [main] [INFO ] q.l.p.CommandLineTaskRunner$CommandLineProgressMonitor - Completed (93%)
2024-10-22 23:56:51 INFO: 23:56:51.900 [main] [INFO ] q.l.p.CommandLineTaskRunner$CommandLineProgressMonitor - Completed (94%)
2024-10-22 23:56:52 INFO: 23:56:52.034 [main] [INFO ] q.l.p.CommandLineTaskRunner$CommandLineProgressMonitor - Completed (95%)
2024-10-22 23:56:52 INFO: 23:56:52.162 [main] [INFO ] q.l.p.CommandLineTaskRunner$CommandLineProgressMonitor - Completed (96%)
2024-10-22 23:56:52 INFO: 23:56:52.289 [main] [INFO ] q.l.p.CommandLineTaskRunner$CommandLineProgressMonitor - Completed (97%)
2024-10-22 23:56:52 INFO: 23:56:52.428 [main] [INFO ] q.l.p.CommandLineTaskRunner$CommandLineProgressMonitor - Completed (98%)
2024-10-22 23:56:52 INFO: 23:56:52.557 [main] [INFO ] q.l.p.CommandLineTaskRunner$CommandLineProgressMonitor - Completed (99%)
2024-10-22 23:56:52 INFO: 23:56:52.683 [main] [INFO ] q.l.p.CommandLineTaskRunner$CommandLineProgressMonitor - Completed (100%)
2024-10-22 23:57:45 INFO: 23:57:45.134 [main] [INFO ] q.l.p.CommandLineTaskRunner$CommandLineProgressMonitor - Completed (100%)
2024-10-22 23:57:45 INFO: 23:57:45.135 [main] [INFO ] q.l.p.CommandLineTaskRunner$CommandLineProgressMonitor - Processing complete in 74.67 seconds
2024-10-22 23:57:45 INFO: 23:57:45.135 [main] [INFO ] q.l.p.CommandLineTaskRunner$CommandLineProgressMonitor - Tasks completed!
2024-10-23 00:00:32 INFO: 00:00:32.784 [task-runner-6-1] [WARN ] q.o.features.DelaunayTriangulation - Some objects have missing measurements! Statistics will calculated only for objects with measurements available.
2024-10-23 00:00:32 INFO: 00:00:32.785 [task-runner-6-1] [WARN ] q.o.features.DelaunayTriangulation - Missing measurements: [ROI: 1.00 m per pixel: Residual: Haralick Correlation (F2), ROI: 1.00 m per pixel: Residual: Haralick Information measure of correlation 1 (F11), ROI: 1.00 m per pixel: Residual: Haralick Information measure of correlation 2 (F12), ROI: 1.00 m per pixel: Hematoxylin: Haralick Correlation (F2), ROI: 1.00 m per pixel: Hematoxylin: Haralick Information measure of correlation 1 (F11), ROI: 1.00 m per pixel: Hematoxylin: Haralick Information measure of correlation 2 (F12), ROI: 1.00 m per pixel: Saturation: Haralick Correlation (F2), ROI: 1.00 m per pixel: Saturation: Haralick Information measure of correlation 1 (F11)]
2024-10-23 00:00:32 INFO: 00:00:32.828 [main] [INFO ] q.l.p.CommandLineTaskRunner$CommandLineProgressMonitor - Delaunay triangulation calculated for Annotation (293639 objects) (100%)
2024-10-23 00:00:32 INFO: 00:00:32.829 [main] [INFO ] q.l.p.CommandLineTaskRunner$CommandLineProgressMonitor - Processing complete in 167.64 seconds
2024-10-23 00:00:32 INFO: 00:00:32.829 [main] [INFO ] q.l.p.CommandLineTaskRunner$CommandLineProgressMonitor - Tasks completed!
2024-10-23 00:03:50 INFO: TCGA-GI-A2C8-01Z-00-DX1.09BD8AC9-645A-4C8B-9B36-77D833BDBA09
2024-10-23 00:03:50 INFO: QuPath subprocess completed.
2024-10-23 00:04:07 INFO: QuPath image extraction completed successfully. Output directory: /home/ilants/Documents/jupyter_test/single_image_multiple_params/exp_backgroundRadiusMicrons_14.0
2024-10-23 00:04:07 INFO: Summary table saved to: /home/ilants/Documents/jupyter_test/single_image_multiple_params/exp_backgroundRadiusMicrons_14.0/Summary_Table.csv
2024-10-23 00:04:07 INFO: Experiment completed successfully.
