2024-10-23 03:08:08 INFO: Starting experiment with for maxAreaMicrons with value of 50.0
2024-10-23 03:08:08 INFO: Running with the following configuration:
{'detectionImageBrightfield': 'Hematoxylin OD', 'requestedPixelSizeMicrons': 0.5, 'backgroundRadiusMicrons': 4.0, 'backgroundByReconstruction': True, 'medianRadiusMicrons': 0.0, 'sigmaMicrons': 1.5, 'minAreaMicrons': 10.0, 'maxAreaMicrons': 50.0, 'threshold': 0.1, 'maxBackground': 2.0, 'watershedPostProcess': True, 'cellExpansionMicrons': 5.0, 'includeNuclei': True, 'smoothBoundaries': True, 'makeMeasurements': True, 'backgroundRadiusPixel': 8.0, 'cellExpansionPixel': 10.0, 'medianRadiusPixel': 0.0, 'minAreaPixel': 20.0, 'maxAreaPixel': 160.0}
2024-10-23 03:08:08 INFO: Starting QuPath image extraction with the following parameters: image_dir=/home/ilants/Documents/jupyter_test, output_dir=/home/ilants/Documents/jupyter_test/single_image_multiple_params/exp_maxAreaMicrons_50.0, image_type=svs, groovy_script=/home/ilants/Documents/utls/nucleus_detection_wargs.groovy, config_file=/home/ilants/Documents/jupyter_test/single_image_multiple_params/exp_maxAreaMicrons_50.0/cfg.json, program_path=/home/ilants/Documents/QuPath-v0.5.1-Linux/QuPath/bin/QuPath
2024-10-23 03:08:09 INFO: 03:08:09.692 [main] [INFO ] qupath.lib.gui.prefs.PathPrefs - Setting default Locale to en_US
2024-10-23 03:08:09 INFO: 03:08:09.696 [main] [INFO ] qupath.lib.gui.prefs.PathPrefs - Setting Locale for FORMAT to en_US
2024-10-23 03:08:09 INFO: 03:08:09.696 [main] [INFO ] qupath.lib.gui.prefs.PathPrefs - Setting Locale for DISPLAY to en_US
2024-10-23 03:08:09 INFO: 03:08:09.708 [main] [INFO ] qupath.lib.common.ThreadTools - Setting parallelism to 63
2024-10-23 03:08:09 INFO: 03:08:09.724 [main] [INFO ] qupath.ScriptCommand - Setting tile cache size to 32200.00 MB (25.0% max memory)
2024-10-23 03:08:09 INFO: 03:08:09.783 [main] [INFO ] qupath.lib.scripting.QP - Initializing type adapters
2024-10-23 03:08:09 INFO: Warning: Versions of org.bytedeco:javacpp:1.5.9 and org.bytedeco:opencv:4.6.0-1.5.8 do not match.
2024-10-23 03:08:09 INFO: Warning: Versions of org.bytedeco:javacpp:1.5.9 and org.bytedeco:openblas:0.3.21-1.5.8 do not match.
2024-10-23 03:08:11 INFO: project parameters are: {"detectionImageBrightfield": "Hematoxylin OD","requestedPixelSizeMicrons": 0.5,"backgroundRadiusMicrons": 4.0,"backgroundByReconstruction": true,"medianRadiusMicrons": 0.0,"sigmaMicrons": 1.5,"minAreaMicrons": 10.0,"maxAreaMicrons": 50.0,"threshold": 0.1,"maxBackground": 2.0,"watershedPostProcess": true,"cellExpansionMicrons": 5.0,"includeNuclei": true,"smoothBoundaries": true,"makeMeasurements": true,"backgroundRadiusPixel": 8.0,"cellExpansionPixel": 10.0,"medianRadiusPixel": 0.0,"minAreaPixel": 20.0,"maxAreaPixel": 160.0}
2024-10-23 03:08:11 INFO: New project created at: /home/ilants/Documents/jupyter_test/single_image_multiple_params/exp_maxAreaMicrons_50.0/QPProject
2024-10-23 03:08:11 INFO: Added: /home/ilants/Documents/jupyter_test/TCGA-GI-A2C8-01Z-00-DX1.09BD8AC9-645A-4C8B-9B36-77D833BDBA09.svs
2024-10-23 03:08:11 INFO: /home/ilants/Documents/jupyter_test/TCGA-GI-A2C8-01Z-00-DX1.09BD8AC9-645A-4C8B-9B36-77D833BDBA09.svs
2024-10-23 03:08:11 INFO: 03:08:11.807 [main] [INFO ] q.l.i.s.b.BioFormatsServerOptions - Setting max Bio-Formats readers to 32
2024-10-23 03:08:12 INFO: UriImageSupport (class qupath.lib.images.servers.bioformats.BioFormatsServerBuilder) support=3.0, builders=1
2024-10-23 03:08:12 INFO: true
2024-10-23 03:08:12 INFO: 03:08:12.516 [main] [WARN ] qupath.lib.scripting.QP - createSelectAllObject(boolean) is deprecated, use createFullImageAnnotation(boolean) instead
2024-10-23 03:08:12 INFO: 03:08:12.516 [main] [WARN ] qupath.lib.scripting.QP - createSelectAllObject(boolean, int, int) is deprecated, use createFullImageAnnotation(boolean, int, int) instead
2024-10-23 03:08:12 INFO: 03:08:12.528 [main] [WARN ] q.l.plugins.parameters.ParameterList - Unable to set parameter backgroundRadiusPixel with value 8.0
2024-10-23 03:08:12 INFO: 03:08:12.528 [main] [WARN ] q.l.plugins.parameters.ParameterList - Unable to set parameter cellExpansionPixel with value 10.0
2024-10-23 03:08:12 INFO: 03:08:12.528 [main] [WARN ] q.l.plugins.parameters.ParameterList - Unable to set parameter medianRadiusPixel with value 0.0
2024-10-23 03:08:12 INFO: 03:08:12.528 [main] [WARN ] q.l.plugins.parameters.ParameterList - Unable to set parameter minAreaPixel with value 20.0
2024-10-23 03:08:12 INFO: 03:08:12.528 [main] [WARN ] q.l.plugins.parameters.ParameterList - Unable to set parameter maxAreaPixel with value 160.0
2024-10-23 03:08:27 INFO: 03:08:27.396 [task-runner-1-3] [INFO ] q.lib.plugins.DetectionPluginTools - 0 nuclei detected (processing time: 14.75 seconds)
2024-10-23 03:08:27 INFO: 03:08:27.396 [task-runner-1-12] [INFO ] q.lib.plugins.DetectionPluginTools - 0 nuclei detected (processing time: 14.74 seconds)
2024-10-23 03:08:27 INFO: 03:08:27.396 [task-runner-1-16] [INFO ] q.lib.plugins.DetectionPluginTools - 0 nuclei detected (processing time: 14.74 seconds)
2024-10-23 03:08:27 INFO: 03:08:27.398 [task-runner-1-9] [INFO ] q.lib.plugins.DetectionPluginTools - 0 nuclei detected (processing time: 14.75 seconds)
2024-10-23 03:08:27 INFO: 03:08:27.396 [task-runner-1-15] [INFO ] q.lib.plugins.DetectionPluginTools - 0 nuclei detected (processing time: 14.74 seconds)
2024-10-23 03:08:27 INFO: 03:08:27.399 [task-runner-1-7] [INFO ] q.lib.plugins.DetectionPluginTools - 1 nucleus detected (processing time: 14.75 seconds)
2024-10-23 03:08:27 INFO: 03:08:27.399 [task-runner-1-10] [INFO ] q.lib.plugins.DetectionPluginTools - 1 nucleus detected (processing time: 14.75 seconds)
2024-10-23 03:08:27 INFO: 03:08:27.402 [main] [INFO ] q.l.p.CommandLineTaskRunner$CommandLineProgressMonitor - 0 nuclei detected (1%)
2024-10-23 03:08:27 INFO: 03:08:27.402 [main] [INFO ] q.l.p.CommandLineTaskRunner$CommandLineProgressMonitor - 1 nucleus detected (1%)
2024-10-23 03:08:27 INFO: 03:08:27.402 [main] [INFO ] q.l.p.CommandLineTaskRunner$CommandLineProgressMonitor - 0 nuclei detected (2%)
2024-10-23 03:08:27 INFO: 03:08:27.403 [main] [INFO ] q.l.p.CommandLineTaskRunner$CommandLineProgressMonitor - 0 nuclei detected (3%)
2024-10-23 03:08:27 INFO: 03:08:27.403 [main] [INFO ] q.l.p.CommandLineTaskRunner$CommandLineProgressMonitor - 0 nuclei detected (4%)
2024-10-23 03:08:27 INFO: 03:08:27.403 [main] [INFO ] q.l.p.CommandLineTaskRunner$CommandLineProgressMonitor - 1 nucleus detected (4%)
2024-10-23 03:08:27 INFO: 03:08:27.403 [task-runner-1-30] [INFO ] q.lib.plugins.DetectionPluginTools - 1 nucleus detected (processing time: 14.75 seconds)
2024-10-23 03:08:27 INFO: 03:08:27.403 [task-runner-1-2] [INFO ] q.lib.plugins.DetectionPluginTools - 2 nuclei detected (processing time: 14.75 seconds)
2024-10-23 03:08:27 INFO: 03:08:27.403 [main] [INFO ] q.l.p.CommandLineTaskRunner$CommandLineProgressMonitor - 1 nucleus detected (5%)
2024-10-23 03:08:27 INFO: 03:08:27.403 [main] [INFO ] q.l.p.CommandLineTaskRunner$CommandLineProgressMonitor - 2 nuclei detected (6%)
2024-10-23 03:08:27 INFO: 03:08:27.403 [task-runner-1-27] [INFO ] q.lib.plugins.DetectionPluginTools - 1 nucleus detected (processing time: 14.75 seconds)
2024-10-23 03:08:27 INFO: 03:08:27.404 [main] [INFO ] q.l.p.CommandLineTaskRunner$CommandLineProgressMonitor - 1 nucleus detected (6%)
2024-10-23 03:08:27 INFO: 03:08:27.404 [task-runner-1-14] [INFO ] q.lib.plugins.DetectionPluginTools - 2 nuclei detected (processing time: 14.75 seconds)
2024-10-23 03:08:27 INFO: 03:08:27.404 [main] [INFO ] q.l.p.CommandLineTaskRunner$CommandLineProgressMonitor - 2 nuclei detected (7%)
2024-10-23 03:08:27 INFO: 03:08:27.397 [task-runner-1-1] [INFO ] q.lib.plugins.DetectionPluginTools - 0 nuclei detected (processing time: 14.75 seconds)
2024-10-23 03:08:27 INFO: 03:08:27.396 [task-runner-1-4] [INFO ] q.lib.plugins.DetectionPluginTools - 0 nuclei detected (processing time: 14.74 seconds)
2024-10-23 03:08:27 INFO: 03:08:27.405 [main] [INFO ] q.l.p.CommandLineTaskRunner$CommandLineProgressMonitor - 0 nuclei detected (8%)
2024-10-23 03:08:27 INFO: 03:08:27.396 [task-runner-1-32] [INFO ] q.lib.plugins.DetectionPluginTools - 0 nuclei detected (processing time: 14.74 seconds)
2024-10-23 03:08:27 INFO: 03:08:27.406 [main] [INFO ] q.l.p.CommandLineTaskRunner$CommandLineProgressMonitor - 0 nuclei detected (9%)
2024-10-23 03:08:27 INFO: 03:08:27.407 [task-runner-1-47] [INFO ] q.lib.plugins.DetectionPluginTools - 7 nuclei detected (processing time: 14.75 seconds)
2024-10-23 03:08:27 INFO: 03:08:27.408 [main] [INFO ] q.l.p.CommandLineTaskRunner$CommandLineProgressMonitor - 7 nuclei detected (9%)
2024-10-23 03:08:27 INFO: 03:08:27.410 [task-runner-1-6] [INFO ] q.lib.plugins.DetectionPluginTools - 6 nuclei detected (processing time: 14.76 seconds)
2024-10-23 03:08:27 INFO: 03:08:27.410 [main] [INFO ] q.l.p.CommandLineTaskRunner$CommandLineProgressMonitor - 6 nuclei detected (10%)
2024-10-23 03:08:27 INFO: 03:08:27.411 [task-runner-1-8] [INFO ] q.lib.plugins.DetectionPluginTools - 2 nuclei detected (processing time: 14.76 seconds)
2024-10-23 03:08:27 INFO: 03:08:27.411 [main] [INFO ] q.l.p.CommandLineTaskRunner$CommandLineProgressMonitor - 2 nuclei detected (11%)
2024-10-23 03:08:27 INFO: 03:08:27.411 [task-runner-1-13] [INFO ] q.lib.plugins.DetectionPluginTools - 8 nuclei detected (processing time: 14.76 seconds)
2024-10-23 03:08:27 INFO: 03:08:27.411 [main] [INFO ] q.l.p.CommandLineTaskRunner$CommandLineProgressMonitor - 8 nuclei detected (11%)
2024-10-23 03:08:27 INFO: 03:08:27.415 [task-runner-1-29] [INFO ] q.lib.plugins.DetectionPluginTools - 4 nuclei detected (processing time: 14.76 seconds)
2024-10-23 03:08:27 INFO: 03:08:27.415 [main] [INFO ] q.l.p.CommandLineTaskRunner$CommandLineProgressMonitor - 4 nuclei detected (12%)
2024-10-23 03:08:27 INFO: 03:08:27.417 [task-runner-1-17] [INFO ] q.lib.plugins.DetectionPluginTools - 3 nuclei detected (processing time: 14.76 seconds)
2024-10-23 03:08:27 INFO: 03:08:27.417 [main] [INFO ] q.l.p.CommandLineTaskRunner$CommandLineProgressMonitor - 3 nuclei detected (13%)
2024-10-23 03:08:27 INFO: 03:08:27.422 [task-runner-1-31] [INFO ] q.lib.plugins.DetectionPluginTools - 13 nuclei detected (processing time: 14.77 seconds)
2024-10-23 03:08:27 INFO: 03:08:27.423 [main] [INFO ] q.l.p.CommandLineTaskRunner$CommandLineProgressMonitor - 13 nuclei detected (13%)
2024-10-23 03:08:27 INFO: 03:08:27.515 [task-runner-1-5] [INFO ] q.lib.plugins.DetectionPluginTools - 59 nuclei detected (processing time: 14.86 seconds)
2024-10-23 03:08:27 INFO: 03:08:27.517 [task-runner-1-28] [INFO ] q.lib.plugins.DetectionPluginTools - 20 nuclei detected (processing time: 14.86 seconds)
2024-10-23 03:08:27 INFO: 03:08:27.517 [main] [INFO ] q.l.p.CommandLineTaskRunner$CommandLineProgressMonitor - 59 nuclei detected (14%)
2024-10-23 03:08:27 INFO: 03:08:27.517 [main] [INFO ] q.l.p.CommandLineTaskRunner$CommandLineProgressMonitor - 20 nuclei detected (14%)
2024-10-23 03:08:27 INFO: 03:08:27.542 [task-runner-1-46] [INFO ] q.lib.plugins.DetectionPluginTools - 54 nuclei detected (processing time: 14.87 seconds)
2024-10-23 03:08:27 INFO: 03:08:27.543 [main] [INFO ] q.l.p.CommandLineTaskRunner$CommandLineProgressMonitor - 54 nuclei detected (15%)
2024-10-23 03:08:27 INFO: 03:08:27.641 [task-runner-1-45] [INFO ] q.lib.plugins.DetectionPluginTools - 109 nuclei detected (processing time: 14.98 seconds)
2024-10-23 03:08:27 INFO: 03:08:27.641 [main] [INFO ] q.l.p.CommandLineTaskRunner$CommandLineProgressMonitor - 109 nuclei detected (16%)
2024-10-23 03:08:27 INFO: 03:08:27.748 [task-runner-1-49] [INFO ] q.lib.plugins.DetectionPluginTools - 126 nuclei detected (processing time: 15.09 seconds)
2024-10-23 03:08:27 INFO: 03:08:27.749 [main] [INFO ] q.l.p.CommandLineTaskRunner$CommandLineProgressMonitor - 126 nuclei detected (16%)
2024-10-23 03:08:27 INFO: 03:08:27.770 [task-runner-1-19] [INFO ] q.lib.plugins.DetectionPluginTools - 147 nuclei detected (processing time: 15.12 seconds)
2024-10-23 03:08:27 INFO: 03:08:27.773 [main] [INFO ] q.l.p.CommandLineTaskRunner$CommandLineProgressMonitor - 147 nuclei detected (17%)
2024-10-23 03:08:27 INFO: 03:08:27.774 [task-runner-1-61] [INFO ] q.lib.plugins.DetectionPluginTools - 204 nuclei detected (processing time: 15.11 seconds)
2024-10-23 03:08:27 INFO: 03:08:27.774 [main] [INFO ] q.l.p.CommandLineTaskRunner$CommandLineProgressMonitor - 204 nuclei detected (18%)
2024-10-23 03:08:27 INFO: 03:08:27.775 [task-runner-1-33] [INFO ] q.lib.plugins.DetectionPluginTools - 232 nuclei detected (processing time: 15.12 seconds)
2024-10-23 03:08:27 INFO: 03:08:27.775 [main] [INFO ] q.l.p.CommandLineTaskRunner$CommandLineProgressMonitor - 232 nuclei detected (18%)
2024-10-23 03:08:27 INFO: 03:08:27.791 [task-runner-1-62] [INFO ] q.lib.plugins.DetectionPluginTools - 205 nuclei detected (processing time: 15.13 seconds)
2024-10-23 03:08:27 INFO: 03:08:27.794 [main] [INFO ] q.l.p.CommandLineTaskRunner$CommandLineProgressMonitor - 205 nuclei detected (19%)
2024-10-23 03:08:27 INFO: 03:08:27.852 [task-runner-1-35] [INFO ] q.lib.plugins.DetectionPluginTools - 273 nuclei detected (processing time: 15.20 seconds)
2024-10-23 03:08:27 INFO: 03:08:27.854 [task-runner-1-50] [INFO ] q.lib.plugins.DetectionPluginTools - 314 nuclei detected (processing time: 15.20 seconds)
2024-10-23 03:08:27 INFO: 03:08:27.855 [main] [INFO ] q.l.p.CommandLineTaskRunner$CommandLineProgressMonitor - 314 nuclei detected (19%)
2024-10-23 03:08:27 INFO: 03:08:27.858 [main] [INFO ] q.l.p.CommandLineTaskRunner$CommandLineProgressMonitor - 273 nuclei detected (20%)
2024-10-23 03:08:27 INFO: 03:08:27.863 [task-runner-1-44] [INFO ] q.lib.plugins.DetectionPluginTools - 271 nuclei detected (processing time: 15.21 seconds)
2024-10-23 03:08:27 INFO: 03:08:27.864 [main] [INFO ] q.l.p.CommandLineTaskRunner$CommandLineProgressMonitor - 271 nuclei detected (21%)
2024-10-23 03:08:27 INFO: 03:08:27.866 [task-runner-1-25] [INFO ] q.lib.plugins.DetectionPluginTools - 318 nuclei detected (processing time: 15.21 seconds)
2024-10-23 03:08:27 INFO: 03:08:27.866 [main] [INFO ] q.l.p.CommandLineTaskRunner$CommandLineProgressMonitor - 318 nuclei detected (21%)
2024-10-23 03:08:28 INFO: 03:08:28.031 [task-runner-1-20] [INFO ] q.lib.plugins.DetectionPluginTools - 679 nuclei detected (processing time: 15.38 seconds)
2024-10-23 03:08:28 INFO: 03:08:28.032 [main] [INFO ] q.l.p.CommandLineTaskRunner$CommandLineProgressMonitor - 679 nuclei detected (22%)
2024-10-23 03:08:29 INFO: 03:08:29.482 [task-runner-1-48] [INFO ] q.lib.plugins.DetectionPluginTools - 0 nuclei detected (processing time: 16.82 seconds)
2024-10-23 03:08:29 INFO: 03:08:29.483 [main] [INFO ] q.l.p.CommandLineTaskRunner$CommandLineProgressMonitor - 0 nuclei detected (23%)
2024-10-23 03:08:29 INFO: 03:08:29.498 [task-runner-1-11] [INFO ] q.lib.plugins.DetectionPluginTools - 1 nucleus detected (processing time: 16.85 seconds)
2024-10-23 03:08:29 INFO: 03:08:29.501 [main] [INFO ] q.l.p.CommandLineTaskRunner$CommandLineProgressMonitor - 1 nucleus detected (23%)
2024-10-23 03:08:29 INFO: 03:08:29.511 [task-runner-1-26] [INFO ] q.lib.plugins.DetectionPluginTools - 47 nuclei detected (processing time: 16.86 seconds)
2024-10-23 03:08:29 INFO: 03:08:29.513 [main] [INFO ] q.l.p.CommandLineTaskRunner$CommandLineProgressMonitor - 47 nuclei detected (24%)
2024-10-23 03:08:29 INFO: 03:08:29.571 [task-runner-1-63] [INFO ] q.lib.plugins.DetectionPluginTools - 147 nuclei detected (processing time: 16.91 seconds)
2024-10-23 03:08:29 INFO: 03:08:29.573 [main] [INFO ] q.l.p.CommandLineTaskRunner$CommandLineProgressMonitor - 147 nuclei detected (24%)
2024-10-23 03:08:29 INFO: 03:08:29.733 [task-runner-1-18] [INFO ] q.lib.plugins.DetectionPluginTools - 250 nuclei detected (processing time: 17.08 seconds)
2024-10-23 03:08:29 INFO: 03:08:29.733 [main] [INFO ] q.l.p.CommandLineTaskRunner$CommandLineProgressMonitor - 250 nuclei detected (25%)
2024-10-23 03:08:29 INFO: 03:08:29.887 [task-runner-1-34] [INFO ] q.lib.plugins.DetectionPluginTools - 393 nuclei detected (processing time: 17.23 seconds)
2024-10-23 03:08:29 INFO: 03:08:29.889 [main] [INFO ] q.l.p.CommandLineTaskRunner$CommandLineProgressMonitor - 393 nuclei detected (26%)
2024-10-23 03:08:30 INFO: 03:08:30.081 [task-runner-1-60] [INFO ] q.lib.plugins.DetectionPluginTools - 1062 nuclei detected (processing time: 17.42 seconds)
2024-10-23 03:08:30 INFO: 03:08:30.083 [main] [INFO ] q.l.p.CommandLineTaskRunner$CommandLineProgressMonitor - 1062 nuclei detected (26%)
2024-10-23 03:08:30 INFO: 03:08:30.118 [task-runner-1-23] [INFO ] q.lib.plugins.DetectionPluginTools - 947 nuclei detected (processing time: 17.46 seconds)
2024-10-23 03:08:30 INFO: 03:08:30.119 [main] [INFO ] q.l.p.CommandLineTaskRunner$CommandLineProgressMonitor - 947 nuclei detected (27%)
2024-10-23 03:08:30 INFO: 03:08:30.119 [task-runner-1-24] [INFO ] q.lib.plugins.DetectionPluginTools - 982 nuclei detected (processing time: 17.47 seconds)
2024-10-23 03:08:30 INFO: 03:08:30.120 [main] [INFO ] q.l.p.CommandLineTaskRunner$CommandLineProgressMonitor - 982 nuclei detected (28%)
2024-10-23 03:08:30 INFO: 03:08:30.119 [task-runner-1-51] [INFO ] q.lib.plugins.DetectionPluginTools - 842 nuclei detected (processing time: 17.46 seconds)
2024-10-23 03:08:30 INFO: 03:08:30.120 [main] [INFO ] q.l.p.CommandLineTaskRunner$CommandLineProgressMonitor - 842 nuclei detected (28%)
2024-10-23 03:08:30 INFO: 03:08:30.123 [task-runner-1-43] [INFO ] q.lib.plugins.DetectionPluginTools - 907 nuclei detected (processing time: 17.47 seconds)
2024-10-23 03:08:30 INFO: 03:08:30.123 [main] [INFO ] q.l.p.CommandLineTaskRunner$CommandLineProgressMonitor - 907 nuclei detected (29%)
2024-10-23 03:08:30 INFO: 03:08:30.174 [task-runner-1-22] [INFO ] q.lib.plugins.DetectionPluginTools - 1318 nuclei detected (processing time: 17.52 seconds)
2024-10-23 03:08:30 INFO: 03:08:30.178 [main] [INFO ] q.l.p.CommandLineTaskRunner$CommandLineProgressMonitor - 1318 nuclei detected (29%)
2024-10-23 03:08:32 INFO: 03:08:32.147 [task-runner-1-36] [INFO ] q.lib.plugins.DetectionPluginTools - 1995 nuclei detected (processing time: 19.49 seconds)
2024-10-23 03:08:32 INFO: 03:08:32.148 [main] [INFO ] q.l.p.CommandLineTaskRunner$CommandLineProgressMonitor - 1995 nuclei detected (30%)
2024-10-23 03:08:32 INFO: 03:08:32.177 [task-runner-1-40] [INFO ] q.lib.plugins.DetectionPluginTools - 1942 nuclei detected (processing time: 19.52 seconds)
2024-10-23 03:08:32 INFO: 03:08:32.178 [main] [INFO ] q.l.p.CommandLineTaskRunner$CommandLineProgressMonitor - 1942 nuclei detected (31%)
2024-10-23 03:08:32 INFO: 03:08:32.890 [task-runner-1-52] [INFO ] q.lib.plugins.DetectionPluginTools - 2426 nuclei detected (processing time: 20.23 seconds)
2024-10-23 03:08:32 INFO: 03:08:32.892 [main] [INFO ] q.l.p.CommandLineTaskRunner$CommandLineProgressMonitor - 2426 nuclei detected (31%)
2024-10-23 03:08:33 INFO: 03:08:33.135 [task-runner-1-41] [INFO ] q.lib.plugins.DetectionPluginTools - 2212 nuclei detected (processing time: 20.48 seconds)
2024-10-23 03:08:33 INFO: 03:08:33.136 [main] [INFO ] q.l.p.CommandLineTaskRunner$CommandLineProgressMonitor - 2212 nuclei detected (32%)
2024-10-23 03:08:33 INFO: 03:08:33.211 [task-runner-1-58] [INFO ] q.lib.plugins.DetectionPluginTools - 2411 nuclei detected (processing time: 20.55 seconds)
2024-10-23 03:08:33 INFO: 03:08:33.212 [main] [INFO ] q.l.p.CommandLineTaskRunner$CommandLineProgressMonitor - 2411 nuclei detected (33%)
2024-10-23 03:08:33 INFO: 03:08:33.280 [task-runner-1-39] [INFO ] q.lib.plugins.DetectionPluginTools - 2626 nuclei detected (processing time: 20.62 seconds)
2024-10-23 03:08:33 INFO: 03:08:33.280 [main] [INFO ] q.l.p.CommandLineTaskRunner$CommandLineProgressMonitor - 2626 nuclei detected (33%)
2024-10-23 03:08:33 INFO: 03:08:33.290 [task-runner-1-3] [INFO ] q.lib.plugins.DetectionPluginTools - 1 nucleus detected (processing time: 5.89 seconds)
2024-10-23 03:08:33 INFO: 03:08:33.291 [main] [INFO ] q.l.p.CommandLineTaskRunner$CommandLineProgressMonitor - 1 nucleus detected (34%)
2024-10-23 03:08:33 INFO: 03:08:33.301 [task-runner-1-59] [INFO ] q.lib.plugins.DetectionPluginTools - 2606 nuclei detected (processing time: 20.64 seconds)
2024-10-23 03:08:33 INFO: 03:08:33.302 [main] [INFO ] q.l.p.CommandLineTaskRunner$CommandLineProgressMonitor - 2606 nuclei detected (34%)
2024-10-23 03:08:33 INFO: 03:08:33.925 [task-runner-1-42] [INFO ] q.lib.plugins.DetectionPluginTools - 2449 nuclei detected (processing time: 21.27 seconds)
2024-10-23 03:08:33 INFO: 03:08:33.926 [main] [INFO ] q.l.p.CommandLineTaskRunner$CommandLineProgressMonitor - 2449 nuclei detected (35%)
2024-10-23 03:08:33 INFO: 03:08:33.957 [task-runner-1-8] [INFO ] q.lib.plugins.DetectionPluginTools - 0 nuclei detected (processing time: 6.55 seconds)
2024-10-23 03:08:33 INFO: 03:08:33.958 [main] [INFO ] q.l.p.CommandLineTaskRunner$CommandLineProgressMonitor - 0 nuclei detected (36%)
2024-10-23 03:08:34 INFO: 03:08:34.040 [task-runner-1-21] [INFO ] q.lib.plugins.DetectionPluginTools - 3726 nuclei detected (processing time: 21.39 seconds)
2024-10-23 03:08:34 INFO: 03:08:34.044 [main] [INFO ] q.l.p.CommandLineTaskRunner$CommandLineProgressMonitor - 3726 nuclei detected (36%)
2024-10-23 03:08:34 INFO: 03:08:34.267 [task-runner-1-55] [INFO ] q.lib.plugins.DetectionPluginTools - 3002 nuclei detected (processing time: 21.61 seconds)
2024-10-23 03:08:34 INFO: 03:08:34.278 [main] [INFO ] q.l.p.CommandLineTaskRunner$CommandLineProgressMonitor - 3002 nuclei detected (37%)
2024-10-23 03:08:34 INFO: 03:08:34.479 [task-runner-1-38] [INFO ] q.lib.plugins.DetectionPluginTools - 3631 nuclei detected (processing time: 21.82 seconds)
2024-10-23 03:08:34 INFO: 03:08:34.480 [main] [INFO ] q.l.p.CommandLineTaskRunner$CommandLineProgressMonitor - 3631 nuclei detected (38%)
2024-10-23 03:08:34 INFO: 03:08:34.666 [task-runner-1-57] [INFO ] q.lib.plugins.DetectionPluginTools - 2876 nuclei detected (processing time: 22.01 seconds)
2024-10-23 03:08:34 INFO: 03:08:34.668 [main] [INFO ] q.l.p.CommandLineTaskRunner$CommandLineProgressMonitor - 2876 nuclei detected (38%)
2024-10-23 03:08:34 INFO: 03:08:34.739 [task-runner-1-16] [INFO ] q.lib.plugins.DetectionPluginTools - 362 nuclei detected (processing time: 7.34 seconds)
2024-10-23 03:08:34 INFO: 03:08:34.740 [main] [INFO ] q.l.p.CommandLineTaskRunner$CommandLineProgressMonitor - 362 nuclei detected (39%)
2024-10-23 03:08:34 INFO: 03:08:34.917 [task-runner-1-44] [INFO ] q.lib.plugins.DetectionPluginTools - 3 nuclei detected (processing time: 7.05 seconds)
2024-10-23 03:08:34 INFO: 03:08:34.918 [main] [INFO ] q.l.p.CommandLineTaskRunner$CommandLineProgressMonitor - 3 nuclei detected (39%)
2024-10-23 03:08:35 INFO: 03:08:35.045 [task-runner-1-56] [INFO ] q.lib.plugins.DetectionPluginTools - 3579 nuclei detected (processing time: 22.38 seconds)
2024-10-23 03:08:35 INFO: 03:08:35.046 [main] [INFO ] q.l.p.CommandLineTaskRunner$CommandLineProgressMonitor - 3579 nuclei detected (40%)
2024-10-23 03:08:35 INFO: 03:08:35.434 [task-runner-1-35] [INFO ] q.lib.plugins.DetectionPluginTools - 107 nuclei detected (processing time: 7.58 seconds)
2024-10-23 03:08:35 INFO: 03:08:35.435 [main] [INFO ] q.l.p.CommandLineTaskRunner$CommandLineProgressMonitor - 107 nuclei detected (41%)
2024-10-23 03:08:35 INFO: 03:08:35.510 [task-runner-1-13] [INFO ] q.lib.plugins.DetectionPluginTools - 111 nuclei detected (processing time: 8.10 seconds)
2024-10-23 03:08:35 INFO: 03:08:35.511 [main] [INFO ] q.l.p.CommandLineTaskRunner$CommandLineProgressMonitor - 111 nuclei detected (41%)
2024-10-23 03:08:35 INFO: 03:08:35.667 [task-runner-1-7] [INFO ] q.lib.plugins.DetectionPluginTools - 108 nuclei detected (processing time: 8.27 seconds)
2024-10-23 03:08:35 INFO: 03:08:35.669 [main] [INFO ] q.l.p.CommandLineTaskRunner$CommandLineProgressMonitor - 108 nuclei detected (42%)
2024-10-23 03:08:35 INFO: 03:08:35.853 [task-runner-1-54] [INFO ] q.lib.plugins.DetectionPluginTools - 4420 nuclei detected (processing time: 23.19 seconds)
2024-10-23 03:08:35 INFO: 03:08:35.854 [main] [INFO ] q.l.p.CommandLineTaskRunner$CommandLineProgressMonitor - 4420 nuclei detected (43%)
2024-10-23 03:08:35 INFO: 03:08:35.935 [task-runner-1-25] [INFO ] q.lib.plugins.DetectionPluginTools - 142 nuclei detected (processing time: 8.07 seconds)
2024-10-23 03:08:35 INFO: 03:08:35.937 [main] [INFO ] q.l.p.CommandLineTaskRunner$CommandLineProgressMonitor - 142 nuclei detected (43%)
2024-10-23 03:08:35 INFO: 03:08:35.956 [task-runner-1-15] [INFO ] q.lib.plugins.DetectionPluginTools - 469 nuclei detected (processing time: 8.55 seconds)
2024-10-23 03:08:35 INFO: 03:08:35.957 [main] [INFO ] q.l.p.CommandLineTaskRunner$CommandLineProgressMonitor - 469 nuclei detected (44%)
2024-10-23 03:08:36 INFO: 03:08:36.080 [task-runner-1-37] [INFO ] q.lib.plugins.DetectionPluginTools - 4388 nuclei detected (processing time: 23.42 seconds)
2024-10-23 03:08:36 INFO: 03:08:36.082 [main] [INFO ] q.l.p.CommandLineTaskRunner$CommandLineProgressMonitor - 4388 nuclei detected (44%)
2024-10-23 03:08:36 INFO: 03:08:36.129 [task-runner-1-6] [INFO ] q.lib.plugins.DetectionPluginTools - 212 nuclei detected (processing time: 8.72 seconds)
2024-10-23 03:08:36 INFO: 03:08:36.130 [main] [INFO ] q.l.p.CommandLineTaskRunner$CommandLineProgressMonitor - 212 nuclei detected (45%)
2024-10-23 03:08:36 INFO: 03:08:36.191 [task-runner-1-29] [INFO ] q.lib.plugins.DetectionPluginTools - 134 nuclei detected (processing time: 8.78 seconds)
2024-10-23 03:08:36 INFO: 03:08:36.192 [main] [INFO ] q.l.p.CommandLineTaskRunner$CommandLineProgressMonitor - 134 nuclei detected (46%)
2024-10-23 03:08:36 INFO: 03:08:36.868 [task-runner-1-20] [INFO ] q.lib.plugins.DetectionPluginTools - 145 nuclei detected (processing time: 8.83 seconds)
2024-10-23 03:08:36 INFO: 03:08:36.870 [main] [INFO ] q.l.p.CommandLineTaskRunner$CommandLineProgressMonitor - 145 nuclei detected (46%)
2024-10-23 03:08:37 INFO: 03:08:37.511 [task-runner-1-53] [INFO ] q.lib.plugins.DetectionPluginTools - 5901 nuclei detected (processing time: 24.85 seconds)
2024-10-23 03:08:37 INFO: 03:08:37.512 [main] [INFO ] q.l.p.CommandLineTaskRunner$CommandLineProgressMonitor - 5901 nuclei detected (47%)
2024-10-23 03:08:37 INFO: 03:08:37.558 [task-runner-1-17] [INFO ] q.lib.plugins.DetectionPluginTools - 846 nuclei detected (processing time: 10.14 seconds)
2024-10-23 03:08:37 INFO: 03:08:37.560 [main] [INFO ] q.l.p.CommandLineTaskRunner$CommandLineProgressMonitor - 846 nuclei detected (48%)
2024-10-23 03:08:38 INFO: 03:08:38.273 [task-runner-1-48] [INFO ] q.lib.plugins.DetectionPluginTools - 241 nuclei detected (processing time: 8.79 seconds)
2024-10-23 03:08:38 INFO: 03:08:38.274 [main] [INFO ] q.l.p.CommandLineTaskRunner$CommandLineProgressMonitor - 241 nuclei detected (48%)
2024-10-23 03:08:38 INFO: 03:08:38.322 [task-runner-1-40] [INFO ] q.lib.plugins.DetectionPluginTools - 1 nucleus detected (processing time: 6.14 seconds)
2024-10-23 03:08:38 INFO: 03:08:38.323 [main] [INFO ] q.l.p.CommandLineTaskRunner$CommandLineProgressMonitor - 1 nucleus detected (49%)
2024-10-23 03:08:38 INFO: 03:08:38.394 [task-runner-1-47] [INFO ] q.lib.plugins.DetectionPluginTools - 731 nuclei detected (processing time: 10.99 seconds)
2024-10-23 03:08:38 INFO: 03:08:38.395 [main] [INFO ] q.l.p.CommandLineTaskRunner$CommandLineProgressMonitor - 731 nuclei detected (49%)
2024-10-23 03:08:38 INFO: 03:08:38.759 [task-runner-1-36] [INFO ] q.lib.plugins.DetectionPluginTools - 43 nuclei detected (processing time: 6.61 seconds)
2024-10-23 03:08:38 INFO: 03:08:38.761 [main] [INFO ] q.l.p.CommandLineTaskRunner$CommandLineProgressMonitor - 43 nuclei detected (50%)
2024-10-23 03:08:39 INFO: 03:08:39.271 [task-runner-1-50] [INFO ] q.lib.plugins.DetectionPluginTools - 759 nuclei detected (processing time: 11.42 seconds)
2024-10-23 03:08:39 INFO: 03:08:39.272 [main] [INFO ] q.l.p.CommandLineTaskRunner$CommandLineProgressMonitor - 759 nuclei detected (51%)
2024-10-23 03:08:40 INFO: 03:08:40.521 [task-runner-1-41] [INFO ] q.lib.plugins.DetectionPluginTools - 248 nuclei detected (processing time: 7.39 seconds)
2024-10-23 03:08:40 INFO: 03:08:40.522 [main] [INFO ] q.l.p.CommandLineTaskRunner$CommandLineProgressMonitor - 248 nuclei detected (51%)
2024-10-23 03:08:40 INFO: 03:08:40.658 [task-runner-1-52] [INFO ] q.lib.plugins.DetectionPluginTools - 334 nuclei detected (processing time: 7.77 seconds)
2024-10-23 03:08:40 INFO: 03:08:40.660 [main] [INFO ] q.l.p.CommandLineTaskRunner$CommandLineProgressMonitor - 334 nuclei detected (52%)
2024-10-23 03:08:41 INFO: 03:08:41.069 [task-runner-1-56] [INFO ] q.lib.plugins.DetectionPluginTools - 0 nuclei detected (processing time: 6.02 seconds)
2024-10-23 03:08:41 INFO: 03:08:41.102 [main] [INFO ] q.l.p.CommandLineTaskRunner$CommandLineProgressMonitor - 0 nuclei detected (53%)
2024-10-23 03:08:41 INFO: 03:08:41.301 [task-runner-1-32] [INFO ] q.lib.plugins.DetectionPluginTools - 1384 nuclei detected (processing time: 13.90 seconds)
2024-10-23 03:08:41 INFO: 03:08:41.302 [main] [INFO ] q.l.p.CommandLineTaskRunner$CommandLineProgressMonitor - 1384 nuclei detected (53%)
2024-10-23 03:08:41 INFO: 03:08:41.493 [task-runner-1-15] [INFO ] q.lib.plugins.DetectionPluginTools - 12 nuclei detected (processing time: 5.54 seconds)
2024-10-23 03:08:41 INFO: 03:08:41.494 [main] [INFO ] q.l.p.CommandLineTaskRunner$CommandLineProgressMonitor - 12 nuclei detected (54%)
2024-10-23 03:08:41 INFO: 03:08:41.523 [task-runner-1-6] [INFO ] q.lib.plugins.DetectionPluginTools - 0 nuclei detected (processing time: 5.39 seconds)
2024-10-23 03:08:41 INFO: 03:08:41.524 [main] [INFO ] q.l.p.CommandLineTaskRunner$CommandLineProgressMonitor - 0 nuclei detected (54%)
2024-10-23 03:08:41 INFO: 03:08:41.527 [task-runner-1-35] [INFO ] q.lib.plugins.DetectionPluginTools - 0 nuclei detected (processing time: 6.09 seconds)
2024-10-23 03:08:41 INFO: 03:08:41.529 [main] [INFO ] q.l.p.CommandLineTaskRunner$CommandLineProgressMonitor - 0 nuclei detected (55%)
2024-10-23 03:08:41 INFO: 03:08:41.802 [task-runner-1-25] [INFO ] q.lib.plugins.DetectionPluginTools - 3 nuclei detected (processing time: 5.86 seconds)
2024-10-23 03:08:41 INFO: 03:08:41.803 [main] [INFO ] q.l.p.CommandLineTaskRunner$CommandLineProgressMonitor - 3 nuclei detected (56%)
2024-10-23 03:08:42 INFO: 03:08:42.401 [task-runner-1-54] [INFO ] q.lib.plugins.DetectionPluginTools - 110 nuclei detected (processing time: 6.55 seconds)
2024-10-23 03:08:42 INFO: 03:08:42.403 [main] [INFO ] q.l.p.CommandLineTaskRunner$CommandLineProgressMonitor - 110 nuclei detected (56%)
2024-10-23 03:08:42 INFO: 03:08:42.409 [task-runner-1-29] [INFO ] q.lib.plugins.DetectionPluginTools - 0 nuclei detected (processing time: 6.22 seconds)
2024-10-23 03:08:42 INFO: 03:08:42.411 [main] [INFO ] q.l.p.CommandLineTaskRunner$CommandLineProgressMonitor - 0 nuclei detected (57%)
2024-10-23 03:08:42 INFO: 03:08:42.464 [task-runner-1-37] [INFO ] q.lib.plugins.DetectionPluginTools - 0 nuclei detected (processing time: 6.38 seconds)
2024-10-23 03:08:42 INFO: 03:08:42.637 [task-runner-1-7] [INFO ] q.lib.plugins.DetectionPluginTools - 78 nuclei detected (processing time: 6.97 seconds)
2024-10-23 03:08:42 INFO: 03:08:42.638 [main] [INFO ] q.l.p.CommandLineTaskRunner$CommandLineProgressMonitor - 78 nuclei detected (58%)
2024-10-23 03:08:43 INFO: 03:08:43.058 [task-runner-1-13] [INFO ] q.lib.plugins.DetectionPluginTools - 111 nuclei detected (processing time: 7.55 seconds)
2024-10-23 03:08:43 INFO: 03:08:43.075 [main] [INFO ] q.l.p.CommandLineTaskRunner$CommandLineProgressMonitor - 111 nuclei detected (59%)
2024-10-23 03:08:43 INFO: 03:08:43.319 [task-runner-1-20] [INFO ] q.lib.plugins.DetectionPluginTools - 23 nuclei detected (processing time: 6.45 seconds)
2024-10-23 03:08:43 INFO: 03:08:43.321 [main] [INFO ] q.l.p.CommandLineTaskRunner$CommandLineProgressMonitor - 23 nuclei detected (59%)
2024-10-23 03:08:44 INFO: 03:08:44.299 [task-runner-1-58] [INFO ] q.lib.plugins.DetectionPluginTools - 302 nuclei detected (processing time: 11.09 seconds)
2024-10-23 03:08:44 INFO: 03:08:44.301 [main] [INFO ] q.l.p.CommandLineTaskRunner$CommandLineProgressMonitor - 302 nuclei detected (60%)
2024-10-23 03:08:44 INFO: 03:08:44.350 [task-runner-1-44] [INFO ] q.lib.plugins.DetectionPluginTools - 1079 nuclei detected (processing time: 9.43 seconds)
2024-10-23 03:08:44 INFO: 03:08:44.352 [main] [INFO ] q.l.p.CommandLineTaskRunner$CommandLineProgressMonitor - 1079 nuclei detected (61%)
2024-10-23 03:08:44 INFO: 03:08:44.734 [task-runner-1-53] [INFO ] q.lib.plugins.DetectionPluginTools - 351 nuclei detected (processing time: 7.22 seconds)
2024-10-23 03:08:44 INFO: 03:08:44.735 [main] [INFO ] q.l.p.CommandLineTaskRunner$CommandLineProgressMonitor - 351 nuclei detected (61%)
2024-10-23 03:08:44 INFO: 03:08:44.837 [task-runner-1-47] [INFO ] q.lib.plugins.DetectionPluginTools - 0 nuclei detected (processing time: 6.44 seconds)
2024-10-23 03:08:44 INFO: 03:08:44.839 [main] [INFO ] q.l.p.CommandLineTaskRunner$CommandLineProgressMonitor - 0 nuclei detected (62%)
2024-10-23 03:08:45 INFO: 03:08:45.107 [task-runner-1-50] [INFO ] q.lib.plugins.DetectionPluginTools - 0 nuclei detected (processing time: 5.84 seconds)
2024-10-23 03:08:45 INFO: 03:08:45.107 [main] [INFO ] q.l.p.CommandLineTaskRunner$CommandLineProgressMonitor - 0 nuclei detected (63%)
2024-10-23 03:08:45 INFO: 03:08:45.193 [task-runner-1-36] [INFO ] q.lib.plugins.DetectionPluginTools - 0 nuclei detected (processing time: 6.43 seconds)
2024-10-23 03:08:45 INFO: 03:08:45.272 [task-runner-1-22] [INFO ] q.lib.plugins.DetectionPluginTools - 2185 nuclei detected (processing time: 15.09 seconds)
2024-10-23 03:08:45 INFO: 03:08:45.273 [main] [INFO ] q.l.p.CommandLineTaskRunner$CommandLineProgressMonitor - 2185 nuclei detected (64%)
2024-10-23 03:08:45 INFO: 03:08:45.620 [task-runner-1-9] [INFO ] q.lib.plugins.DetectionPluginTools - 2513 nuclei detected (processing time: 18.22 seconds)
2024-10-23 03:08:45 INFO: 03:08:45.622 [main] [INFO ] q.l.p.CommandLineTaskRunner$CommandLineProgressMonitor - 2513 nuclei detected (64%)
2024-10-23 03:08:46 INFO: 03:08:46.683 [task-runner-1-6] [INFO ] q.lib.plugins.DetectionPluginTools - 0 nuclei detected (processing time: 5.16 seconds)
2024-10-23 03:08:46 INFO: 03:08:46.684 [main] [INFO ] q.l.p.CommandLineTaskRunner$CommandLineProgressMonitor - 0 nuclei detected (65%)
2024-10-23 03:08:46 INFO: 03:08:46.745 [task-runner-1-59] [INFO ] q.lib.plugins.DetectionPluginTools - 1295 nuclei detected (processing time: 13.44 seconds)
2024-10-23 03:08:46 INFO: 03:08:46.745 [main] [INFO ] q.l.p.CommandLineTaskRunner$CommandLineProgressMonitor - 1295 nuclei detected (66%)
2024-10-23 03:08:46 INFO: 03:08:46.860 [task-runner-1-42] [INFO ] q.lib.plugins.DetectionPluginTools - 1280 nuclei detected (processing time: 12.93 seconds)
2024-10-23 03:08:46 INFO: 03:08:46.860 [main] [INFO ] q.l.p.CommandLineTaskRunner$CommandLineProgressMonitor - 1280 nuclei detected (66%)
2024-10-23 03:08:46 INFO: 03:08:46.935 [task-runner-1-52] [INFO ] q.lib.plugins.DetectionPluginTools - 1 nucleus detected (processing time: 6.28 seconds)
2024-10-23 03:08:46 INFO: 03:08:46.936 [main] [INFO ] q.l.p.CommandLineTaskRunner$CommandLineProgressMonitor - 1 nucleus detected (67%)
2024-10-23 03:08:46 INFO: 03:08:46.990 [task-runner-1-4] [INFO ] q.lib.plugins.DetectionPluginTools - 3061 nuclei detected (processing time: 19.59 seconds)
2024-10-23 03:08:46 INFO: 03:08:46.991 [main] [INFO ] q.l.p.CommandLineTaskRunner$CommandLineProgressMonitor - 3061 nuclei detected (68%)
2024-10-23 03:08:47 INFO: 03:08:47.126 [task-runner-1-41] [INFO ] q.lib.plugins.DetectionPluginTools - 8 nuclei detected (processing time: 6.60 seconds)
2024-10-23 03:08:47 INFO: 03:08:47.128 [main] [INFO ] q.l.p.CommandLineTaskRunner$CommandLineProgressMonitor - 8 nuclei detected (68%)
2024-10-23 03:08:47 INFO: 03:08:47.163 [task-runner-1-32] [INFO ] q.lib.plugins.DetectionPluginTools - 1 nucleus detected (processing time: 5.86 seconds)
2024-10-23 03:08:47 INFO: 03:08:47.163 [main] [INFO ] q.l.p.CommandLineTaskRunner$CommandLineProgressMonitor - 1 nucleus detected (69%)
2024-10-23 03:08:47 INFO: 03:08:47.464 [task-runner-1-15] [INFO ] q.lib.plugins.DetectionPluginTools - 1 nucleus detected (processing time: 5.97 seconds)
2024-10-23 03:08:47 INFO: 03:08:47.667 [task-runner-1-31] [INFO ] q.lib.plugins.DetectionPluginTools - 2973 nuclei detected (processing time: 20.24 seconds)
2024-10-23 03:08:47 INFO: 03:08:47.667 [main] [INFO ] q.l.p.CommandLineTaskRunner$CommandLineProgressMonitor - 2973 nuclei detected (70%)
2024-10-23 03:08:47 INFO: 03:08:47.708 [task-runner-1-56] [INFO ] q.lib.plugins.DetectionPluginTools - 0 nuclei detected (processing time: 6.61 seconds)
2024-10-23 03:08:47 INFO: 03:08:47.709 [main] [INFO ] q.l.p.CommandLineTaskRunner$CommandLineProgressMonitor - 0 nuclei detected (71%)
2024-10-23 03:08:47 INFO: 03:08:47.713 [task-runner-1-62] [INFO ] q.lib.plugins.DetectionPluginTools - 2358 nuclei detected (processing time: 19.92 seconds)
2024-10-23 03:08:47 INFO: 03:08:47.713 [main] [INFO ] q.l.p.CommandLineTaskRunner$CommandLineProgressMonitor - 2358 nuclei detected (71%)
2024-10-23 03:08:47 INFO: 03:08:47.822 [task-runner-1-33] [INFO ] q.lib.plugins.DetectionPluginTools - 2660 nuclei detected (processing time: 20.05 seconds)
2024-10-23 03:08:47 INFO: 03:08:47.823 [main] [INFO ] q.l.p.CommandLineTaskRunner$CommandLineProgressMonitor - 2660 nuclei detected (72%)
2024-10-23 03:08:48 INFO: 03:08:48.024 [task-runner-1-27] [INFO ] q.lib.plugins.DetectionPluginTools - 3593 nuclei detected (processing time: 20.62 seconds)
2024-10-23 03:08:48 INFO: 03:08:48.025 [main] [INFO ] q.l.p.CommandLineTaskRunner$CommandLineProgressMonitor - 3593 nuclei detected (73%)
2024-10-23 03:08:48 INFO: 03:08:48.040 [task-runner-1-35] [INFO ] q.lib.plugins.DetectionPluginTools - 1 nucleus detected (processing time: 6.51 seconds)
2024-10-23 03:08:48 INFO: 03:08:48.040 [main] [INFO ] q.l.p.CommandLineTaskRunner$CommandLineProgressMonitor - 1 nucleus detected (73%)
2024-10-23 03:08:48 INFO: 03:08:48.077 [task-runner-1-5] [INFO ] q.lib.plugins.DetectionPluginTools - 3269 nuclei detected (processing time: 20.56 seconds)
2024-10-23 03:08:48 INFO: 03:08:48.078 [main] [INFO ] q.l.p.CommandLineTaskRunner$CommandLineProgressMonitor - 3269 nuclei detected (74%)
2024-10-23 03:08:48 INFO: 03:08:48.140 [task-runner-1-1] [INFO ] q.lib.plugins.DetectionPluginTools - 3122 nuclei detected (processing time: 20.74 seconds)
2024-10-23 03:08:48 INFO: 03:08:48.141 [main] [INFO ] q.l.p.CommandLineTaskRunner$CommandLineProgressMonitor - 3122 nuclei detected (74%)
2024-10-23 03:08:48 INFO: 03:08:48.241 [task-runner-1-7] [INFO ] q.lib.plugins.DetectionPluginTools - 0 nuclei detected (processing time: 5.60 seconds)
2024-10-23 03:08:48 INFO: 03:08:48.242 [main] [INFO ] q.l.p.CommandLineTaskRunner$CommandLineProgressMonitor - 0 nuclei detected (75%)
2024-10-23 03:08:48 INFO: 03:08:48.259 [task-runner-1-2] [INFO ] q.lib.plugins.DetectionPluginTools - 3830 nuclei detected (processing time: 20.86 seconds)
2024-10-23 03:08:48 INFO: 03:08:48.260 [main] [INFO ] q.l.p.CommandLineTaskRunner$CommandLineProgressMonitor - 3830 nuclei detected (76%)
2024-10-23 03:08:48 INFO: 03:08:48.279 [task-runner-1-14] [INFO ] q.lib.plugins.DetectionPluginTools - 3264 nuclei detected (processing time: 20.88 seconds)
2024-10-23 03:08:48 INFO: 03:08:48.279 [main] [INFO ] q.l.p.CommandLineTaskRunner$CommandLineProgressMonitor - 3264 nuclei detected (76%)
2024-10-23 03:08:48 INFO: 03:08:48.316 [task-runner-1-17] [INFO ] q.lib.plugins.DetectionPluginTools - 1496 nuclei detected (processing time: 10.76 seconds)
2024-10-23 03:08:48 INFO: 03:08:48.317 [main] [INFO ] q.l.p.CommandLineTaskRunner$CommandLineProgressMonitor - 1496 nuclei detected (77%)
2024-10-23 03:08:48 INFO: 03:08:48.323 [task-runner-1-25] [INFO ] q.lib.plugins.DetectionPluginTools - 1 nucleus detected (processing time: 6.52 seconds)
2024-10-23 03:08:48 INFO: 03:08:48.323 [main] [INFO ] q.l.p.CommandLineTaskRunner$CommandLineProgressMonitor - 1 nucleus detected (78%)
2024-10-23 03:08:48 INFO: 03:08:48.329 [task-runner-1-61] [INFO ] q.lib.plugins.DetectionPluginTools - 2775 nuclei detected (processing time: 20.56 seconds)
2024-10-23 03:08:48 INFO: 03:08:48.330 [main] [INFO ] q.l.p.CommandLineTaskRunner$CommandLineProgressMonitor - 2775 nuclei detected (78%)
2024-10-23 03:08:48 INFO: 03:08:48.479 [task-runner-1-19] [INFO ] q.lib.plugins.DetectionPluginTools - 3205 nuclei detected (processing time: 20.71 seconds)
2024-10-23 03:08:48 INFO: 03:08:48.480 [main] [INFO ] q.l.p.CommandLineTaskRunner$CommandLineProgressMonitor - 3205 nuclei detected (79%)
2024-10-23 03:08:48 INFO: 03:08:48.542 [task-runner-1-37] [INFO ] q.lib.plugins.DetectionPluginTools - 0 nuclei detected (processing time: 6.08 seconds)
2024-10-23 03:08:48 INFO: 03:08:48.542 [main] [INFO ] q.l.p.CommandLineTaskRunner$CommandLineProgressMonitor - 0 nuclei detected (79%)
2024-10-23 03:08:48 INFO: 03:08:48.606 [task-runner-1-13] [INFO ] q.lib.plugins.DetectionPluginTools - 0 nuclei detected (processing time: 5.53 seconds)
2024-10-23 03:08:48 INFO: 03:08:48.607 [main] [INFO ] q.l.p.CommandLineTaskRunner$CommandLineProgressMonitor - 0 nuclei detected (80%)
2024-10-23 03:08:48 INFO: 03:08:48.645 [task-runner-1-11] [INFO ] q.lib.plugins.DetectionPluginTools - 2552 nuclei detected (processing time: 19.14 seconds)
2024-10-23 03:08:48 INFO: 03:08:48.646 [main] [INFO ] q.l.p.CommandLineTaskRunner$CommandLineProgressMonitor - 2552 nuclei detected (81%)
2024-10-23 03:08:48 INFO: 03:08:48.876 [task-runner-1-20] [INFO ] q.lib.plugins.DetectionPluginTools - 0 nuclei detected (processing time: 5.56 seconds)
2024-10-23 03:08:48 INFO: 03:08:48.876 [main] [INFO ] q.l.p.CommandLineTaskRunner$CommandLineProgressMonitor - 0 nuclei detected (81%)
2024-10-23 03:08:48 INFO: 03:08:48.904 [task-runner-1-30] [INFO ] q.lib.plugins.DetectionPluginTools - 3694 nuclei detected (processing time: 21.50 seconds)
2024-10-23 03:08:48 INFO: 03:08:48.904 [main] [INFO ] q.l.p.CommandLineTaskRunner$CommandLineProgressMonitor - 3694 nuclei detected (82%)
2024-10-23 03:08:48 INFO: 03:08:48.908 [task-runner-1-3] [INFO ] q.lib.plugins.DetectionPluginTools - 1976 nuclei detected (processing time: 15.62 seconds)
2024-10-23 03:08:48 INFO: 03:08:48.908 [main] [INFO ] q.l.p.CommandLineTaskRunner$CommandLineProgressMonitor - 1976 nuclei detected (83%)
2024-10-23 03:08:48 INFO: 03:08:48.921 [task-runner-1-46] [INFO ] q.lib.plugins.DetectionPluginTools - 3617 nuclei detected (processing time: 21.38 seconds)
2024-10-23 03:08:48 INFO: 03:08:48.921 [main] [INFO ] q.l.p.CommandLineTaskRunner$CommandLineProgressMonitor - 3617 nuclei detected (83%)
2024-10-23 03:08:48 INFO: 03:08:48.955 [task-runner-1-28] [INFO ] q.lib.plugins.DetectionPluginTools - 4404 nuclei detected (processing time: 21.44 seconds)
2024-10-23 03:08:48 INFO: 03:08:48.956 [main] [INFO ] q.l.p.CommandLineTaskRunner$CommandLineProgressMonitor - 4404 nuclei detected (84%)
2024-10-23 03:08:49 INFO: 03:08:49.126 [task-runner-1-58] [INFO ] q.lib.plugins.DetectionPluginTools - 0 nuclei detected (processing time: 4.83 seconds)
2024-10-23 03:08:49 INFO: 03:08:49.126 [main] [INFO ] q.l.p.CommandLineTaskRunner$CommandLineProgressMonitor - 0 nuclei detected (84%)
2024-10-23 03:08:49 INFO: 03:08:49.136 [task-runner-1-48] [INFO ] q.lib.plugins.DetectionPluginTools - 2164 nuclei detected (processing time: 10.86 seconds)
2024-10-23 03:08:49 INFO: 03:08:49.136 [main] [INFO ] q.l.p.CommandLineTaskRunner$CommandLineProgressMonitor - 2164 nuclei detected (85%)
2024-10-23 03:08:49 INFO: 03:08:49.201 [task-runner-1-44] [INFO ] q.lib.plugins.DetectionPluginTools - 0 nuclei detected (processing time: 4.85 seconds)
2024-10-23 03:08:49 INFO: 03:08:49.201 [main] [INFO ] q.l.p.CommandLineTaskRunner$CommandLineProgressMonitor - 0 nuclei detected (86%)
2024-10-23 03:08:49 INFO: 03:08:49.206 [task-runner-1-63] [INFO ] q.lib.plugins.DetectionPluginTools - 2518 nuclei detected (processing time: 19.63 seconds)
2024-10-23 03:08:49 INFO: 03:08:49.210 [main] [INFO ] q.l.p.CommandLineTaskRunner$CommandLineProgressMonitor - 2518 nuclei detected (86%)
2024-10-23 03:08:49 INFO: 03:08:49.255 [task-runner-1-39] [INFO ] q.lib.plugins.DetectionPluginTools - 1143 nuclei detected (processing time: 15.98 seconds)
2024-10-23 03:08:49 INFO: 03:08:49.255 [main] [INFO ] q.l.p.CommandLineTaskRunner$CommandLineProgressMonitor - 1143 nuclei detected (87%)
2024-10-23 03:08:49 INFO: 03:08:49.260 [task-runner-1-18] [INFO ] q.lib.plugins.DetectionPluginTools - 2624 nuclei detected (processing time: 19.53 seconds)
2024-10-23 03:08:49 INFO: 03:08:49.260 [main] [INFO ] q.l.p.CommandLineTaskRunner$CommandLineProgressMonitor - 2624 nuclei detected (88%)
2024-10-23 03:08:49 INFO: 03:08:49.262 [task-runner-1-54] [INFO ] q.lib.plugins.DetectionPluginTools - 0 nuclei detected (processing time: 6.86 seconds)
2024-10-23 03:08:49 INFO: 03:08:49.263 [main] [INFO ] q.l.p.CommandLineTaskRunner$CommandLineProgressMonitor - 0 nuclei detected (88%)
2024-10-23 03:08:49 INFO: 03:08:49.304 [task-runner-1-29] [INFO ] q.lib.plugins.DetectionPluginTools - 1 nucleus detected (processing time: 6.89 seconds)
2024-10-23 03:08:49 INFO: 03:08:49.305 [main] [INFO ] q.l.p.CommandLineTaskRunner$CommandLineProgressMonitor - 1 nucleus detected (89%)
2024-10-23 03:08:49 INFO: 03:08:49.404 [task-runner-1-49] [INFO ] q.lib.plugins.DetectionPluginTools - 3798 nuclei detected (processing time: 21.66 seconds)
2024-10-23 03:08:49 INFO: 03:08:49.405 [main] [INFO ] q.l.p.CommandLineTaskRunner$CommandLineProgressMonitor - 3798 nuclei detected (89%)
2024-10-23 03:08:49 INFO: 03:08:49.621 [task-runner-1-45] [INFO ] q.lib.plugins.DetectionPluginTools - 3733 nuclei detected (processing time: 21.98 seconds)
2024-10-23 03:08:49 INFO: 03:08:49.621 [main] [INFO ] q.l.p.CommandLineTaskRunner$CommandLineProgressMonitor - 3733 nuclei detected (90%)
2024-10-23 03:08:49 INFO: 03:08:49.785 [task-runner-1-12] [INFO ] q.lib.plugins.DetectionPluginTools - 5200 nuclei detected (processing time: 22.38 seconds)
2024-10-23 03:08:49 INFO: 03:08:49.785 [main] [INFO ] q.l.p.CommandLineTaskRunner$CommandLineProgressMonitor - 5200 nuclei detected (91%)
2024-10-23 03:08:49 INFO: 03:08:49.861 [task-runner-1-26] [INFO ] q.lib.plugins.DetectionPluginTools - 3363 nuclei detected (processing time: 20.35 seconds)
2024-10-23 03:08:49 INFO: 03:08:49.862 [main] [INFO ] q.l.p.CommandLineTaskRunner$CommandLineProgressMonitor - 3363 nuclei detected (91%)
2024-10-23 03:08:49 INFO: 03:08:49.899 [task-runner-1-34] [INFO ] q.lib.plugins.DetectionPluginTools - 3314 nuclei detected (processing time: 20.01 seconds)
2024-10-23 03:08:49 INFO: 03:08:49.900 [main] [INFO ] q.l.p.CommandLineTaskRunner$CommandLineProgressMonitor - 3314 nuclei detected (92%)
2024-10-23 03:08:49 INFO: 03:08:49.926 [task-runner-1-8] [INFO ] q.lib.plugins.DetectionPluginTools - 2878 nuclei detected (processing time: 15.97 seconds)
2024-10-23 03:08:49 INFO: 03:08:49.927 [main] [INFO ] q.l.p.CommandLineTaskRunner$CommandLineProgressMonitor - 2878 nuclei detected (93%)
2024-10-23 03:08:49 INFO: 03:08:49.938 [task-runner-1-23] [INFO ] q.lib.plugins.DetectionPluginTools - 3297 nuclei detected (processing time: 19.82 seconds)
2024-10-23 03:08:49 INFO: 03:08:49.938 [main] [INFO ] q.l.p.CommandLineTaskRunner$CommandLineProgressMonitor - 3297 nuclei detected (93%)
2024-10-23 03:08:49 INFO: 03:08:49.974 [task-runner-1-60] [INFO ] q.lib.plugins.DetectionPluginTools - 3265 nuclei detected (processing time: 19.89 seconds)
2024-10-23 03:08:49 INFO: 03:08:49.974 [main] [INFO ] q.l.p.CommandLineTaskRunner$CommandLineProgressMonitor - 3265 nuclei detected (94%)
2024-10-23 03:08:50 INFO: 03:08:50.079 [task-runner-1-10] [INFO ] q.lib.plugins.DetectionPluginTools - 6483 nuclei detected (processing time: 22.68 seconds)
2024-10-23 03:08:50 INFO: 03:08:50.079 [main] [INFO ] q.l.p.CommandLineTaskRunner$CommandLineProgressMonitor - 6483 nuclei detected (94%)
2024-10-23 03:08:50 INFO: 03:08:50.223 [task-runner-1-40] [INFO ] q.lib.plugins.DetectionPluginTools - 2601 nuclei detected (processing time: 11.90 seconds)
2024-10-23 03:08:50 INFO: 03:08:50.224 [main] [INFO ] q.l.p.CommandLineTaskRunner$CommandLineProgressMonitor - 2601 nuclei detected (95%)
2024-10-23 03:08:50 INFO: 03:08:50.532 [task-runner-1-51] [INFO ] q.lib.plugins.DetectionPluginTools - 3623 nuclei detected (processing time: 20.41 seconds)
2024-10-23 03:08:50 INFO: 03:08:50.533 [main] [INFO ] q.l.p.CommandLineTaskRunner$CommandLineProgressMonitor - 3623 nuclei detected (96%)
2024-10-23 03:08:50 INFO: 03:08:50.608 [task-runner-1-21] [INFO ] q.lib.plugins.DetectionPluginTools - 3702 nuclei detected (processing time: 16.57 seconds)
2024-10-23 03:08:50 INFO: 03:08:50.608 [main] [INFO ] q.l.p.CommandLineTaskRunner$CommandLineProgressMonitor - 3702 nuclei detected (96%)
2024-10-23 03:08:50 INFO: 03:08:50.735 [task-runner-1-24] [INFO ] q.lib.plugins.DetectionPluginTools - 4200 nuclei detected (processing time: 20.61 seconds)
2024-10-23 03:08:50 INFO: 03:08:50.735 [main] [INFO ] q.l.p.CommandLineTaskRunner$CommandLineProgressMonitor - 4200 nuclei detected (97%)
2024-10-23 03:08:50 INFO: 03:08:50.766 [task-runner-1-43] [INFO ] q.lib.plugins.DetectionPluginTools - 4738 nuclei detected (processing time: 20.64 seconds)
2024-10-23 03:08:50 INFO: 03:08:50.766 [main] [INFO ] q.l.p.CommandLineTaskRunner$CommandLineProgressMonitor - 4738 nuclei detected (98%)
2024-10-23 03:08:50 INFO: 03:08:50.918 [task-runner-1-16] [INFO ] q.lib.plugins.DetectionPluginTools - 4411 nuclei detected (processing time: 16.18 seconds)
2024-10-23 03:08:50 INFO: 03:08:50.919 [main] [INFO ] q.l.p.CommandLineTaskRunner$CommandLineProgressMonitor - 4411 nuclei detected (98%)
2024-10-23 03:08:51 INFO: 03:08:51.260 [task-runner-1-55] [INFO ] q.lib.plugins.DetectionPluginTools - 4899 nuclei detected (processing time: 16.98 seconds)
2024-10-23 03:08:51 INFO: 03:08:51.260 [main] [INFO ] q.l.p.CommandLineTaskRunner$CommandLineProgressMonitor - 4899 nuclei detected (99%)
2024-10-23 03:08:51 INFO: 03:08:51.261 [task-runner-1-38] [INFO ] q.lib.plugins.DetectionPluginTools - 5280 nuclei detected (processing time: 16.78 seconds)
2024-10-23 03:08:51 INFO: 03:08:51.261 [main] [INFO ] q.l.p.CommandLineTaskRunner$CommandLineProgressMonitor - 5280 nuclei detected (99%)
2024-10-23 03:08:51 INFO: 03:08:51.511 [task-runner-1-57] [INFO ] q.lib.plugins.DetectionPluginTools - 5241 nuclei detected (processing time: 16.84 seconds)
2024-10-23 03:08:51 INFO: 03:08:51.512 [main] [INFO ] q.l.p.CommandLineTaskRunner$CommandLineProgressMonitor - 5241 nuclei detected (100%)
2024-10-23 03:08:51 INFO: 03:08:51.512 [main] [INFO ] q.l.p.CommandLineTaskRunner$CommandLineProgressMonitor - Processing complete in 38.86 seconds
2024-10-23 03:08:51 INFO: 03:08:51.512 [main] [INFO ] q.l.p.CommandLineTaskRunner$CommandLineProgressMonitor - Tasks completed!
2024-10-23 03:08:59 INFO: 03:08:59.769 [main] [WARN ] q.l.p.objects.SmoothFeaturesPlugin - Smoothing using annotations
2024-10-23 03:09:03 INFO: 03:09:03.321 [main] [INFO ] q.l.p.CommandLineTaskRunner$CommandLineProgressMonitor - Completed (100%)
2024-10-23 03:09:03 INFO: 03:09:03.321 [main] [INFO ] q.l.p.CommandLineTaskRunner$CommandLineProgressMonitor - Processing complete in 3.55 seconds
2024-10-23 03:09:03 INFO: 03:09:03.321 [main] [INFO ] q.l.p.CommandLineTaskRunner$CommandLineProgressMonitor - Tasks completed!
2024-10-23 03:09:03 INFO: 03:09:03.323 [main] [WARN ] q.l.p.objects.SmoothFeaturesPlugin - Smoothing using annotations
2024-10-23 03:09:08 INFO: 03:09:08.831 [main] [INFO ] q.l.p.CommandLineTaskRunner$CommandLineProgressMonitor - Completed (100%)
2024-10-23 03:09:08 INFO: 03:09:08.832 [main] [INFO ] q.l.p.CommandLineTaskRunner$CommandLineProgressMonitor - Processing complete in 5.51 seconds
2024-10-23 03:09:08 INFO: 03:09:08.832 [main] [INFO ] q.l.p.CommandLineTaskRunner$CommandLineProgressMonitor - Tasks completed!
2024-10-23 03:09:08 INFO: 03:09:08.833 [main] [WARN ] q.l.p.objects.SmoothFeaturesPlugin - Smoothing using annotations
2024-10-23 03:09:24 INFO: 03:09:24.167 [main] [INFO ] q.l.p.CommandLineTaskRunner$CommandLineProgressMonitor - Completed (100%)
2024-10-23 03:09:24 INFO: 03:09:24.167 [main] [INFO ] q.l.p.CommandLineTaskRunner$CommandLineProgressMonitor - Processing complete in 15.33 seconds
2024-10-23 03:09:24 INFO: 03:09:24.167 [main] [INFO ] q.l.p.CommandLineTaskRunner$CommandLineProgressMonitor - Tasks completed!
2024-10-23 03:09:24 INFO: 03:09:24.359 [task-runner-5-2] [INFO ] q.l.a.IntensityFeaturesPlugin - Splitting Rectangle (0, 0, 63784, 39311) into 40 tiles for intensity measurements
2024-10-23 03:09:24 INFO: 03:09:24.502 [main] [INFO ] q.l.p.CommandLineTaskRunner$CommandLineProgressMonitor - Completed (0%)
2024-10-23 03:09:25 INFO: 03:09:25.363 [main] [INFO ] q.l.p.CommandLineTaskRunner$CommandLineProgressMonitor - Completed (1%)
2024-10-23 03:09:25 INFO: 03:09:25.687 [main] [INFO ] q.l.p.CommandLineTaskRunner$CommandLineProgressMonitor - Completed (2%)
2024-10-23 03:09:25 INFO: 03:09:25.869 [main] [INFO ] q.l.p.CommandLineTaskRunner$CommandLineProgressMonitor - Completed (3%)
2024-10-23 03:09:25 INFO: 03:09:25.990 [main] [INFO ] q.l.p.CommandLineTaskRunner$CommandLineProgressMonitor - Completed (4%)
2024-10-23 03:09:26 INFO: 03:09:26.126 [main] [INFO ] q.l.p.CommandLineTaskRunner$CommandLineProgressMonitor - Completed (5%)
2024-10-23 03:09:26 INFO: 03:09:26.231 [main] [INFO ] q.l.p.CommandLineTaskRunner$CommandLineProgressMonitor - Completed (6%)
2024-10-23 03:09:26 INFO: 03:09:26.321 [main] [INFO ] q.l.p.CommandLineTaskRunner$CommandLineProgressMonitor - Completed (7%)
2024-10-23 03:09:26 INFO: 03:09:26.414 [main] [INFO ] q.l.p.CommandLineTaskRunner$CommandLineProgressMonitor - Completed (8%)
2024-10-23 03:09:26 INFO: 03:09:26.522 [main] [INFO ] q.l.p.CommandLineTaskRunner$CommandLineProgressMonitor - Completed (9%)
2024-10-23 03:09:26 INFO: 03:09:26.615 [main] [INFO ] q.l.p.CommandLineTaskRunner$CommandLineProgressMonitor - Completed (10%)
2024-10-23 03:09:26 INFO: 03:09:26.706 [main] [INFO ] q.l.p.CommandLineTaskRunner$CommandLineProgressMonitor - Completed (11%)
2024-10-23 03:09:26 INFO: 03:09:26.807 [main] [INFO ] q.l.p.CommandLineTaskRunner$CommandLineProgressMonitor - Completed (12%)
2024-10-23 03:09:26 INFO: 03:09:26.905 [main] [INFO ] q.l.p.CommandLineTaskRunner$CommandLineProgressMonitor - Completed (13%)
2024-10-23 03:09:26 INFO: 03:09:26.996 [main] [INFO ] q.l.p.CommandLineTaskRunner$CommandLineProgressMonitor - Completed (14%)
2024-10-23 03:09:27 INFO: 03:09:27.144 [main] [INFO ] q.l.p.CommandLineTaskRunner$CommandLineProgressMonitor - Completed (15%)
2024-10-23 03:09:27 INFO: 03:09:27.243 [main] [INFO ] q.l.p.CommandLineTaskRunner$CommandLineProgressMonitor - Completed (16%)
2024-10-23 03:09:27 INFO: 03:09:27.338 [main] [INFO ] q.l.p.CommandLineTaskRunner$CommandLineProgressMonitor - Completed (17%)
2024-10-23 03:09:27 INFO: 03:09:27.426 [main] [INFO ] q.l.p.CommandLineTaskRunner$CommandLineProgressMonitor - Completed (18%)
2024-10-23 03:09:27 INFO: 03:09:27.530 [main] [INFO ] q.l.p.CommandLineTaskRunner$CommandLineProgressMonitor - Completed (19%)
2024-10-23 03:09:27 INFO: 03:09:27.626 [main] [INFO ] q.l.p.CommandLineTaskRunner$CommandLineProgressMonitor - Completed (20%)
2024-10-23 03:09:27 INFO: 03:09:27.709 [main] [INFO ] q.l.p.CommandLineTaskRunner$CommandLineProgressMonitor - Completed (21%)
2024-10-23 03:09:27 INFO: 03:09:27.799 [main] [INFO ] q.l.p.CommandLineTaskRunner$CommandLineProgressMonitor - Completed (22%)
2024-10-23 03:09:27 INFO: 03:09:27.898 [main] [INFO ] q.l.p.CommandLineTaskRunner$CommandLineProgressMonitor - Completed (23%)
2024-10-23 03:09:28 INFO: 03:09:28.044 [main] [INFO ] q.l.p.CommandLineTaskRunner$CommandLineProgressMonitor - Completed (24%)
2024-10-23 03:09:28 INFO: 03:09:28.199 [main] [INFO ] q.l.p.CommandLineTaskRunner$CommandLineProgressMonitor - Completed (25%)
2024-10-23 03:09:28 INFO: 03:09:28.352 [main] [INFO ] q.l.p.CommandLineTaskRunner$CommandLineProgressMonitor - Completed (26%)
2024-10-23 03:09:28 INFO: 03:09:28.506 [main] [INFO ] q.l.p.CommandLineTaskRunner$CommandLineProgressMonitor - Completed (27%)
2024-10-23 03:09:28 INFO: 03:09:28.820 [main] [INFO ] q.l.p.CommandLineTaskRunner$CommandLineProgressMonitor - Completed (28%)
2024-10-23 03:09:29 INFO: 03:09:29.006 [main] [INFO ] q.l.p.CommandLineTaskRunner$CommandLineProgressMonitor - Completed (29%)
2024-10-23 03:09:29 INFO: 03:09:29.196 [main] [INFO ] q.l.p.CommandLineTaskRunner$CommandLineProgressMonitor - Completed (30%)
2024-10-23 03:09:29 INFO: 03:09:29.305 [main] [INFO ] q.l.p.CommandLineTaskRunner$CommandLineProgressMonitor - Completed (31%)
2024-10-23 03:09:29 INFO: 03:09:29.408 [main] [INFO ] q.l.p.CommandLineTaskRunner$CommandLineProgressMonitor - Completed (32%)
2024-10-23 03:09:29 INFO: 03:09:29.514 [main] [INFO ] q.l.p.CommandLineTaskRunner$CommandLineProgressMonitor - Completed (33%)
2024-10-23 03:09:29 INFO: 03:09:29.622 [main] [INFO ] q.l.p.CommandLineTaskRunner$CommandLineProgressMonitor - Completed (34%)
2024-10-23 03:09:29 INFO: 03:09:29.726 [main] [INFO ] q.l.p.CommandLineTaskRunner$CommandLineProgressMonitor - Completed (35%)
2024-10-23 03:09:29 INFO: 03:09:29.828 [main] [INFO ] q.l.p.CommandLineTaskRunner$CommandLineProgressMonitor - Completed (36%)
2024-10-23 03:09:29 INFO: 03:09:29.965 [main] [INFO ] q.l.p.CommandLineTaskRunner$CommandLineProgressMonitor - Completed (37%)
2024-10-23 03:09:30 INFO: 03:09:30.108 [main] [INFO ] q.l.p.CommandLineTaskRunner$CommandLineProgressMonitor - Completed (38%)
2024-10-23 03:09:30 INFO: 03:09:30.254 [main] [INFO ] q.l.p.CommandLineTaskRunner$CommandLineProgressMonitor - Completed (39%)
2024-10-23 03:09:30 INFO: 03:09:30.404 [main] [INFO ] q.l.p.CommandLineTaskRunner$CommandLineProgressMonitor - Completed (40%)
2024-10-23 03:09:30 INFO: 03:09:30.525 [main] [INFO ] q.l.p.CommandLineTaskRunner$CommandLineProgressMonitor - Completed (41%)
2024-10-23 03:09:30 INFO: 03:09:30.635 [main] [INFO ] q.l.p.CommandLineTaskRunner$CommandLineProgressMonitor - Completed (42%)
2024-10-23 03:09:30 INFO: 03:09:30.748 [main] [INFO ] q.l.p.CommandLineTaskRunner$CommandLineProgressMonitor - Completed (43%)
2024-10-23 03:09:30 INFO: 03:09:30.856 [main] [INFO ] q.l.p.CommandLineTaskRunner$CommandLineProgressMonitor - Completed (44%)
2024-10-23 03:09:30 INFO: 03:09:30.968 [main] [INFO ] q.l.p.CommandLineTaskRunner$CommandLineProgressMonitor - Completed (45%)
2024-10-23 03:09:31 INFO: 03:09:31.082 [main] [INFO ] q.l.p.CommandLineTaskRunner$CommandLineProgressMonitor - Completed (46%)
2024-10-23 03:09:31 INFO: 03:09:31.215 [main] [INFO ] q.l.p.CommandLineTaskRunner$CommandLineProgressMonitor - Completed (47%)
2024-10-23 03:09:31 INFO: 03:09:31.370 [main] [INFO ] q.l.p.CommandLineTaskRunner$CommandLineProgressMonitor - Completed (48%)
2024-10-23 03:09:31 INFO: 03:09:31.628 [main] [INFO ] q.l.p.CommandLineTaskRunner$CommandLineProgressMonitor - Completed (49%)
2024-10-23 03:09:31 INFO: 03:09:31.718 [main] [INFO ] q.l.p.CommandLineTaskRunner$CommandLineProgressMonitor - Completed (50%)
2024-10-23 03:09:31 INFO: 03:09:31.810 [main] [INFO ] q.l.p.CommandLineTaskRunner$CommandLineProgressMonitor - Completed (51%)
2024-10-23 03:09:31 INFO: 03:09:31.898 [main] [INFO ] q.l.p.CommandLineTaskRunner$CommandLineProgressMonitor - Completed (52%)
2024-10-23 03:09:31 INFO: 03:09:31.987 [main] [INFO ] q.l.p.CommandLineTaskRunner$CommandLineProgressMonitor - Completed (53%)
2024-10-23 03:09:32 INFO: 03:09:32.088 [main] [INFO ] q.l.p.CommandLineTaskRunner$CommandLineProgressMonitor - Completed (54%)
2024-10-23 03:09:32 INFO: 03:09:32.168 [main] [INFO ] q.l.p.CommandLineTaskRunner$CommandLineProgressMonitor - Completed (55%)
2024-10-23 03:09:32 INFO: 03:09:32.252 [main] [INFO ] q.l.p.CommandLineTaskRunner$CommandLineProgressMonitor - Completed (56%)
2024-10-23 03:09:32 INFO: 03:09:32.337 [main] [INFO ] q.l.p.CommandLineTaskRunner$CommandLineProgressMonitor - Completed (57%)
2024-10-23 03:09:32 INFO: 03:09:32.426 [main] [INFO ] q.l.p.CommandLineTaskRunner$CommandLineProgressMonitor - Completed (58%)
2024-10-23 03:09:32 INFO: 03:09:32.515 [main] [INFO ] q.l.p.CommandLineTaskRunner$CommandLineProgressMonitor - Completed (59%)
2024-10-23 03:09:32 INFO: 03:09:32.603 [main] [INFO ] q.l.p.CommandLineTaskRunner$CommandLineProgressMonitor - Completed (60%)
2024-10-23 03:09:32 INFO: 03:09:32.695 [main] [INFO ] q.l.p.CommandLineTaskRunner$CommandLineProgressMonitor - Completed (61%)
2024-10-23 03:09:32 INFO: 03:09:32.789 [main] [INFO ] q.l.p.CommandLineTaskRunner$CommandLineProgressMonitor - Completed (62%)
2024-10-23 03:09:32 INFO: 03:09:32.884 [main] [INFO ] q.l.p.CommandLineTaskRunner$CommandLineProgressMonitor - Completed (63%)
2024-10-23 03:09:33 INFO: 03:09:33.011 [main] [INFO ] q.l.p.CommandLineTaskRunner$CommandLineProgressMonitor - Completed (64%)
2024-10-23 03:09:33 INFO: 03:09:33.138 [main] [INFO ] q.l.p.CommandLineTaskRunner$CommandLineProgressMonitor - Completed (65%)
2024-10-23 03:09:33 INFO: 03:09:33.271 [main] [INFO ] q.l.p.CommandLineTaskRunner$CommandLineProgressMonitor - Completed (66%)
2024-10-23 03:09:33 INFO: 03:09:33.412 [main] [INFO ] q.l.p.CommandLineTaskRunner$CommandLineProgressMonitor - Completed (67%)
2024-10-23 03:09:33 INFO: 03:09:33.697 [main] [INFO ] q.l.p.CommandLineTaskRunner$CommandLineProgressMonitor - Completed (68%)
2024-10-23 03:09:33 INFO: 03:09:33.809 [main] [INFO ] q.l.p.CommandLineTaskRunner$CommandLineProgressMonitor - Completed (69%)
2024-10-23 03:09:34 INFO: 03:09:34.217 [main] [INFO ] q.l.p.CommandLineTaskRunner$CommandLineProgressMonitor - Completed (70%)
2024-10-23 03:09:34 INFO: 03:09:34.740 [main] [INFO ] q.l.p.CommandLineTaskRunner$CommandLineProgressMonitor - Completed (71%)
2024-10-23 03:09:35 INFO: 03:09:35.279 [main] [INFO ] q.l.p.CommandLineTaskRunner$CommandLineProgressMonitor - Completed (72%)
2024-10-23 03:09:35 INFO: 03:09:35.558 [main] [INFO ] q.l.p.CommandLineTaskRunner$CommandLineProgressMonitor - Completed (73%)
2024-10-23 03:09:35 INFO: 03:09:35.667 [main] [INFO ] q.l.p.CommandLineTaskRunner$CommandLineProgressMonitor - Completed (74%)
2024-10-23 03:09:35 INFO: 03:09:35.756 [main] [INFO ] q.l.p.CommandLineTaskRunner$CommandLineProgressMonitor - Completed (75%)
2024-10-23 03:09:35 INFO: 03:09:35.949 [main] [INFO ] q.l.p.CommandLineTaskRunner$CommandLineProgressMonitor - Completed (76%)
2024-10-23 03:09:36 INFO: 03:09:36.048 [main] [INFO ] q.l.p.CommandLineTaskRunner$CommandLineProgressMonitor - Completed (77%)
2024-10-23 03:09:36 INFO: 03:09:36.138 [main] [INFO ] q.l.p.CommandLineTaskRunner$CommandLineProgressMonitor - Completed (78%)
2024-10-23 03:09:36 INFO: 03:09:36.282 [main] [INFO ] q.l.p.CommandLineTaskRunner$CommandLineProgressMonitor - Completed (79%)
2024-10-23 03:09:36 INFO: 03:09:36.372 [main] [INFO ] q.l.p.CommandLineTaskRunner$CommandLineProgressMonitor - Completed (80%)
2024-10-23 03:09:36 INFO: 03:09:36.462 [main] [INFO ] q.l.p.CommandLineTaskRunner$CommandLineProgressMonitor - Completed (81%)
2024-10-23 03:09:36 INFO: 03:09:36.586 [main] [INFO ] q.l.p.CommandLineTaskRunner$CommandLineProgressMonitor - Completed (82%)
2024-10-23 03:09:36 INFO: 03:09:36.678 [main] [INFO ] q.l.p.CommandLineTaskRunner$CommandLineProgressMonitor - Completed (83%)
2024-10-23 03:09:36 INFO: 03:09:36.784 [main] [INFO ] q.l.p.CommandLineTaskRunner$CommandLineProgressMonitor - Completed (84%)
2024-10-23 03:09:36 INFO: 03:09:36.873 [main] [INFO ] q.l.p.CommandLineTaskRunner$CommandLineProgressMonitor - Completed (85%)
2024-10-23 03:09:36 INFO: 03:09:36.962 [main] [INFO ] q.l.p.CommandLineTaskRunner$CommandLineProgressMonitor - Completed (86%)
2024-10-23 03:09:37 INFO: 03:09:37.054 [main] [INFO ] q.l.p.CommandLineTaskRunner$CommandLineProgressMonitor - Completed (87%)
2024-10-23 03:09:37 INFO: 03:09:37.146 [main] [INFO ] q.l.p.CommandLineTaskRunner$CommandLineProgressMonitor - Completed (88%)
2024-10-23 03:09:37 INFO: 03:09:37.231 [main] [INFO ] q.l.p.CommandLineTaskRunner$CommandLineProgressMonitor - Completed (89%)
2024-10-23 03:09:37 INFO: 03:09:37.314 [main] [INFO ] q.l.p.CommandLineTaskRunner$CommandLineProgressMonitor - Completed (90%)
2024-10-23 03:09:37 INFO: 03:09:37.406 [main] [INFO ] q.l.p.CommandLineTaskRunner$CommandLineProgressMonitor - Completed (91%)
2024-10-23 03:09:37 INFO: 03:09:37.489 [main] [INFO ] q.l.p.CommandLineTaskRunner$CommandLineProgressMonitor - Completed (92%)
2024-10-23 03:09:37 INFO: 03:09:37.577 [main] [INFO ] q.l.p.CommandLineTaskRunner$CommandLineProgressMonitor - Completed (93%)
2024-10-23 03:09:37 INFO: 03:09:37.660 [main] [INFO ] q.l.p.CommandLineTaskRunner$CommandLineProgressMonitor - Completed (94%)
2024-10-23 03:09:37 INFO: 03:09:37.749 [main] [INFO ] q.l.p.CommandLineTaskRunner$CommandLineProgressMonitor - Completed (95%)
2024-10-23 03:09:37 INFO: 03:09:37.836 [main] [INFO ] q.l.p.CommandLineTaskRunner$CommandLineProgressMonitor - Completed (96%)
2024-10-23 03:09:37 INFO: 03:09:37.920 [main] [INFO ] q.l.p.CommandLineTaskRunner$CommandLineProgressMonitor - Completed (97%)
2024-10-23 03:09:38 INFO: 03:09:38.027 [main] [INFO ] q.l.p.CommandLineTaskRunner$CommandLineProgressMonitor - Completed (98%)
2024-10-23 03:09:38 INFO: 03:09:38.117 [main] [INFO ] q.l.p.CommandLineTaskRunner$CommandLineProgressMonitor - Completed (99%)
2024-10-23 03:09:38 INFO: 03:09:38.206 [main] [INFO ] q.l.p.CommandLineTaskRunner$CommandLineProgressMonitor - Completed (100%)
2024-10-23 03:10:36 INFO: 03:10:36.896 [main] [INFO ] q.l.p.CommandLineTaskRunner$CommandLineProgressMonitor - Completed (100%)
2024-10-23 03:10:36 INFO: 03:10:36.898 [main] [INFO ] q.l.p.CommandLineTaskRunner$CommandLineProgressMonitor - Processing complete in 72.55 seconds
2024-10-23 03:10:36 INFO: 03:10:36.898 [main] [INFO ] q.l.p.CommandLineTaskRunner$CommandLineProgressMonitor - Tasks completed!
2024-10-23 03:12:35 INFO: 03:12:35.558 [task-runner-6-1] [WARN ] q.o.features.DelaunayTriangulation - Some objects have missing measurements! Statistics will calculated only for objects with measurements available.
2024-10-23 03:12:35 INFO: 03:12:35.559 [task-runner-6-1] [WARN ] q.o.features.DelaunayTriangulation - Missing measurements: [ROI: 1.00 m per pixel: Residual: Haralick Correlation (F2), ROI: 1.00 m per pixel: Residual: Haralick Information measure of correlation 1 (F11), ROI: 1.00 m per pixel: Residual: Haralick Information measure of correlation 2 (F12)]
2024-10-23 03:12:35 INFO: 03:12:35.582 [main] [INFO ] q.l.p.CommandLineTaskRunner$CommandLineProgressMonitor - Delaunay triangulation calculated for Annotation (184970 objects) (100%)
2024-10-23 03:12:35 INFO: 03:12:35.582 [main] [INFO ] q.l.p.CommandLineTaskRunner$CommandLineProgressMonitor - Processing complete in 118.64 seconds
2024-10-23 03:12:35 INFO: 03:12:35.583 [main] [INFO ] q.l.p.CommandLineTaskRunner$CommandLineProgressMonitor - Tasks completed!
2024-10-23 03:14:41 INFO: TCGA-GI-A2C8-01Z-00-DX1.09BD8AC9-645A-4C8B-9B36-77D833BDBA09
2024-10-23 03:14:41 INFO: QuPath subprocess completed.
2024-10-23 03:14:51 INFO: QuPath image extraction completed successfully. Output directory: /home/ilants/Documents/jupyter_test/single_image_multiple_params/exp_maxAreaMicrons_50.0
2024-10-23 03:14:51 INFO: Summary table saved to: /home/ilants/Documents/jupyter_test/single_image_multiple_params/exp_maxAreaMicrons_50.0/Summary_Table.csv
2024-10-23 03:14:51 INFO: Experiment completed successfully.
