2024-10-23 02:39:40 INFO: Starting experiment with for minAreaMicrons with value of 13.0
2024-10-23 02:39:40 INFO: Running with the following configuration:
{'detectionImageBrightfield': 'Hematoxylin OD', 'requestedPixelSizeMicrons': 0.5, 'backgroundRadiusMicrons': 4.0, 'backgroundByReconstruction': True, 'medianRadiusMicrons': 0.0, 'sigmaMicrons': 1.5, 'minAreaMicrons': 13.0, 'maxAreaMicrons': 80.0, 'threshold': 0.1, 'maxBackground': 2.0, 'watershedPostProcess': True, 'cellExpansionMicrons': 5.0, 'includeNuclei': True, 'smoothBoundaries': True, 'makeMeasurements': True, 'backgroundRadiusPixel': 8.0, 'cellExpansionPixel': 10.0, 'medianRadiusPixel': 0.0, 'minAreaPixel': 20.0, 'maxAreaPixel': 160.0}
2024-10-23 02:39:40 INFO: Starting QuPath image extraction with the following parameters: image_dir=/home/ilants/Documents/jupyter_test, output_dir=/home/ilants/Documents/jupyter_test/single_image_multiple_params/exp_minAreaMicrons_13.0, image_type=svs, groovy_script=/home/ilants/Documents/utls/nucleus_detection_wargs.groovy, config_file=/home/ilants/Documents/jupyter_test/single_image_multiple_params/exp_minAreaMicrons_13.0/cfg.json, program_path=/home/ilants/Documents/QuPath-v0.5.1-Linux/QuPath/bin/QuPath
2024-10-23 02:39:41 INFO: 02:39:41.844 [main] [INFO ] qupath.lib.gui.prefs.PathPrefs - Setting default Locale to en_US
2024-10-23 02:39:41 INFO: 02:39:41.848 [main] [INFO ] qupath.lib.gui.prefs.PathPrefs - Setting Locale for FORMAT to en_US
2024-10-23 02:39:41 INFO: 02:39:41.848 [main] [INFO ] qupath.lib.gui.prefs.PathPrefs - Setting Locale for DISPLAY to en_US
2024-10-23 02:39:41 INFO: 02:39:41.862 [main] [INFO ] qupath.lib.common.ThreadTools - Setting parallelism to 63
2024-10-23 02:39:41 INFO: 02:39:41.881 [main] [INFO ] qupath.ScriptCommand - Setting tile cache size to 32200.00 MB (25.0% max memory)
2024-10-23 02:39:41 INFO: 02:39:41.927 [main] [INFO ] qupath.lib.scripting.QP - Initializing type adapters
2024-10-23 02:39:42 INFO: Warning: Versions of org.bytedeco:javacpp:1.5.9 and org.bytedeco:opencv:4.6.0-1.5.8 do not match.
2024-10-23 02:39:42 INFO: Warning: Versions of org.bytedeco:javacpp:1.5.9 and org.bytedeco:openblas:0.3.21-1.5.8 do not match.
2024-10-23 02:39:43 INFO: project parameters are: {"detectionImageBrightfield": "Hematoxylin OD","requestedPixelSizeMicrons": 0.5,"backgroundRadiusMicrons": 4.0,"backgroundByReconstruction": true,"medianRadiusMicrons": 0.0,"sigmaMicrons": 1.5,"minAreaMicrons": 13.0,"maxAreaMicrons": 80.0,"threshold": 0.1,"maxBackground": 2.0,"watershedPostProcess": true,"cellExpansionMicrons": 5.0,"includeNuclei": true,"smoothBoundaries": true,"makeMeasurements": true,"backgroundRadiusPixel": 8.0,"cellExpansionPixel": 10.0,"medianRadiusPixel": 0.0,"minAreaPixel": 20.0,"maxAreaPixel": 160.0}
2024-10-23 02:39:43 INFO: New project created at: /home/ilants/Documents/jupyter_test/single_image_multiple_params/exp_minAreaMicrons_13.0/QPProject
2024-10-23 02:39:43 INFO: Added: /home/ilants/Documents/jupyter_test/TCGA-GI-A2C8-01Z-00-DX1.09BD8AC9-645A-4C8B-9B36-77D833BDBA09.svs
2024-10-23 02:39:43 INFO: /home/ilants/Documents/jupyter_test/TCGA-GI-A2C8-01Z-00-DX1.09BD8AC9-645A-4C8B-9B36-77D833BDBA09.svs
2024-10-23 02:39:43 INFO: 02:39:43.847 [main] [INFO ] q.l.i.s.b.BioFormatsServerOptions - Setting max Bio-Formats readers to 32
2024-10-23 02:39:44 INFO: UriImageSupport (class qupath.lib.images.servers.bioformats.BioFormatsServerBuilder) support=3.0, builders=1
2024-10-23 02:39:44 INFO: true
2024-10-23 02:39:44 INFO: 02:39:44.514 [main] [WARN ] qupath.lib.scripting.QP - createSelectAllObject(boolean) is deprecated, use createFullImageAnnotation(boolean) instead
2024-10-23 02:39:44 INFO: 02:39:44.514 [main] [WARN ] qupath.lib.scripting.QP - createSelectAllObject(boolean, int, int) is deprecated, use createFullImageAnnotation(boolean, int, int) instead
2024-10-23 02:39:44 INFO: 02:39:44.525 [main] [WARN ] q.l.plugins.parameters.ParameterList - Unable to set parameter backgroundRadiusPixel with value 8.0
2024-10-23 02:39:44 INFO: 02:39:44.525 [main] [WARN ] q.l.plugins.parameters.ParameterList - Unable to set parameter cellExpansionPixel with value 10.0
2024-10-23 02:39:44 INFO: 02:39:44.525 [main] [WARN ] q.l.plugins.parameters.ParameterList - Unable to set parameter medianRadiusPixel with value 0.0
2024-10-23 02:39:44 INFO: 02:39:44.525 [main] [WARN ] q.l.plugins.parameters.ParameterList - Unable to set parameter minAreaPixel with value 20.0
2024-10-23 02:39:44 INFO: 02:39:44.525 [main] [WARN ] q.l.plugins.parameters.ParameterList - Unable to set parameter maxAreaPixel with value 160.0
2024-10-23 02:39:58 INFO: 02:39:58.139 [task-runner-1-33] [INFO ] q.lib.plugins.DetectionPluginTools - 206 nuclei detected (processing time: 13.48 seconds)
2024-10-23 02:39:58 INFO: 02:39:58.141 [main] [INFO ] q.l.p.CommandLineTaskRunner$CommandLineProgressMonitor - 206 nuclei detected (1%)
2024-10-23 02:39:58 INFO: 02:39:58.171 [task-runner-1-44] [INFO ] q.lib.plugins.DetectionPluginTools - 240 nuclei detected (processing time: 13.52 seconds)
2024-10-23 02:39:58 INFO: 02:39:58.172 [main] [INFO ] q.l.p.CommandLineTaskRunner$CommandLineProgressMonitor - 240 nuclei detected (1%)
2024-10-23 02:39:58 INFO: 02:39:58.280 [task-runner-1-50] [INFO ] q.lib.plugins.DetectionPluginTools - 298 nuclei detected (processing time: 13.63 seconds)
2024-10-23 02:39:58 INFO: 02:39:58.281 [main] [INFO ] q.l.p.CommandLineTaskRunner$CommandLineProgressMonitor - 298 nuclei detected (2%)
2024-10-23 02:39:58 INFO: 02:39:58.629 [task-runner-1-34] [INFO ] q.lib.plugins.DetectionPluginTools - 348 nuclei detected (processing time: 13.98 seconds)
2024-10-23 02:39:58 INFO: 02:39:58.646 [main] [INFO ] q.l.p.CommandLineTaskRunner$CommandLineProgressMonitor - 348 nuclei detected (3%)
2024-10-23 02:39:58 INFO: 02:39:58.762 [task-runner-1-51] [INFO ] q.lib.plugins.DetectionPluginTools - 795 nuclei detected (processing time: 14.11 seconds)
2024-10-23 02:39:58 INFO: 02:39:58.763 [main] [INFO ] q.l.p.CommandLineTaskRunner$CommandLineProgressMonitor - 795 nuclei detected (3%)
2024-10-23 02:39:59 INFO: 02:39:59.112 [task-runner-1-43] [INFO ] q.lib.plugins.DetectionPluginTools - 895 nuclei detected (processing time: 14.46 seconds)
2024-10-23 02:39:59 INFO: 02:39:59.113 [main] [INFO ] q.l.p.CommandLineTaskRunner$CommandLineProgressMonitor - 895 nuclei detected (4%)
2024-10-23 02:39:59 INFO: 02:39:59.351 [task-runner-1-48] [INFO ] q.lib.plugins.DetectionPluginTools - 0 nuclei detected (processing time: 14.70 seconds)
2024-10-23 02:39:59 INFO: 02:39:59.352 [task-runner-1-3] [INFO ] q.lib.plugins.DetectionPluginTools - 0 nuclei detected (processing time: 14.71 seconds)
2024-10-23 02:39:59 INFO: 02:39:59.352 [main] [INFO ] q.l.p.CommandLineTaskRunner$CommandLineProgressMonitor - 0 nuclei detected (4%)
2024-10-23 02:39:59 INFO: 02:39:59.352 [main] [INFO ] q.l.p.CommandLineTaskRunner$CommandLineProgressMonitor - 0 nuclei detected (5%)
2024-10-23 02:39:59 INFO: 02:39:59.356 [task-runner-1-11] [INFO ] q.lib.plugins.DetectionPluginTools - 1 nucleus detected (processing time: 14.71 seconds)
2024-10-23 02:39:59 INFO: 02:39:59.356 [main] [INFO ] q.l.p.CommandLineTaskRunner$CommandLineProgressMonitor - 1 nucleus detected (6%)
2024-10-23 02:39:59 INFO: 02:39:59.357 [task-runner-1-2] [INFO ] q.lib.plugins.DetectionPluginTools - 2 nuclei detected (processing time: 14.72 seconds)
2024-10-23 02:39:59 INFO: 02:39:59.357 [main] [INFO ] q.l.p.CommandLineTaskRunner$CommandLineProgressMonitor - 2 nuclei detected (6%)
2024-10-23 02:39:59 INFO: 02:39:59.358 [task-runner-1-1] [INFO ] q.lib.plugins.DetectionPluginTools - 0 nuclei detected (processing time: 14.72 seconds)
2024-10-23 02:39:59 INFO: 02:39:59.358 [task-runner-1-47] [INFO ] q.lib.plugins.DetectionPluginTools - 6 nuclei detected (processing time: 14.71 seconds)
2024-10-23 02:39:59 INFO: 02:39:59.358 [task-runner-1-15] [INFO ] q.lib.plugins.DetectionPluginTools - 0 nuclei detected (processing time: 14.72 seconds)
2024-10-23 02:39:59 INFO: 02:39:59.358 [task-runner-1-32] [INFO ] q.lib.plugins.DetectionPluginTools - 0 nuclei detected (processing time: 14.71 seconds)
2024-10-23 02:39:59 INFO: 02:39:59.358 [main] [INFO ] q.l.p.CommandLineTaskRunner$CommandLineProgressMonitor - 0 nuclei detected (7%)
2024-10-23 02:39:59 INFO: 02:39:59.358 [task-runner-1-12] [INFO ] q.lib.plugins.DetectionPluginTools - 0 nuclei detected (processing time: 14.72 seconds)
2024-10-23 02:39:59 INFO: 02:39:59.358 [main] [INFO ] q.l.p.CommandLineTaskRunner$CommandLineProgressMonitor - 6 nuclei detected (8%)
2024-10-23 02:39:59 INFO: 02:39:59.358 [main] [INFO ] q.l.p.CommandLineTaskRunner$CommandLineProgressMonitor - 0 nuclei detected (8%)
2024-10-23 02:39:59 INFO: 02:39:59.358 [task-runner-1-30] [INFO ] q.lib.plugins.DetectionPluginTools - 0 nuclei detected (processing time: 14.71 seconds)
2024-10-23 02:39:59 INFO: 02:39:59.358 [task-runner-1-9] [INFO ] q.lib.plugins.DetectionPluginTools - 0 nuclei detected (processing time: 14.72 seconds)
2024-10-23 02:39:59 INFO: 02:39:59.358 [main] [INFO ] q.l.p.CommandLineTaskRunner$CommandLineProgressMonitor - 0 nuclei detected (9%)
2024-10-23 02:39:59 INFO: 02:39:59.358 [main] [INFO ] q.l.p.CommandLineTaskRunner$CommandLineProgressMonitor - 0 nuclei detected (10%)
2024-10-23 02:39:59 INFO: 02:39:59.359 [main] [INFO ] q.l.p.CommandLineTaskRunner$CommandLineProgressMonitor - 0 nuclei detected (11%)
2024-10-23 02:39:59 INFO: 02:39:59.358 [task-runner-1-16] [INFO ] q.lib.plugins.DetectionPluginTools - 0 nuclei detected (processing time: 14.71 seconds)
2024-10-23 02:39:59 INFO: 02:39:59.359 [task-runner-1-4] [INFO ] q.lib.plugins.DetectionPluginTools - 0 nuclei detected (processing time: 14.72 seconds)
2024-10-23 02:39:59 INFO: 02:39:59.359 [main] [INFO ] q.l.p.CommandLineTaskRunner$CommandLineProgressMonitor - 0 nuclei detected (12%)
2024-10-23 02:39:59 INFO: 02:39:59.359 [task-runner-1-7] [INFO ] q.lib.plugins.DetectionPluginTools - 1 nucleus detected (processing time: 14.72 seconds)
2024-10-23 02:39:59 INFO: 02:39:59.360 [task-runner-1-8] [INFO ] q.lib.plugins.DetectionPluginTools - 1 nucleus detected (processing time: 14.72 seconds)
2024-10-23 02:39:59 INFO: 02:39:59.360 [main] [INFO ] q.l.p.CommandLineTaskRunner$CommandLineProgressMonitor - 1 nucleus detected (13%)
2024-10-23 02:39:59 INFO: 02:39:59.361 [task-runner-1-17] [INFO ] q.lib.plugins.DetectionPluginTools - 1 nucleus detected (processing time: 14.72 seconds)
2024-10-23 02:39:59 INFO: 02:39:59.361 [main] [INFO ] q.l.p.CommandLineTaskRunner$CommandLineProgressMonitor - 1 nucleus detected (14%)
2024-10-23 02:39:59 INFO: 02:39:59.361 [task-runner-1-27] [INFO ] q.lib.plugins.DetectionPluginTools - 1 nucleus detected (processing time: 14.72 seconds)
2024-10-23 02:39:59 INFO: 02:39:59.361 [task-runner-1-14] [INFO ] q.lib.plugins.DetectionPluginTools - 2 nuclei detected (processing time: 14.72 seconds)
2024-10-23 02:39:59 INFO: 02:39:59.362 [main] [INFO ] q.l.p.CommandLineTaskRunner$CommandLineProgressMonitor - 2 nuclei detected (15%)
2024-10-23 02:39:59 INFO: 02:39:59.362 [task-runner-1-10] [INFO ] q.lib.plugins.DetectionPluginTools - 1 nucleus detected (processing time: 14.72 seconds)
2024-10-23 02:39:59 INFO: 02:39:59.362 [task-runner-1-6] [INFO ] q.lib.plugins.DetectionPluginTools - 4 nuclei detected (processing time: 14.72 seconds)
2024-10-23 02:39:59 INFO: 02:39:59.362 [main] [INFO ] q.l.p.CommandLineTaskRunner$CommandLineProgressMonitor - 1 nucleus detected (16%)
2024-10-23 02:39:59 INFO: 02:39:59.362 [main] [INFO ] q.l.p.CommandLineTaskRunner$CommandLineProgressMonitor - 4 nuclei detected (16%)
2024-10-23 02:39:59 INFO: 02:39:59.366 [task-runner-1-13] [INFO ] q.lib.plugins.DetectionPluginTools - 8 nuclei detected (processing time: 14.72 seconds)
2024-10-23 02:39:59 INFO: 02:39:59.367 [main] [INFO ] q.l.p.CommandLineTaskRunner$CommandLineProgressMonitor - 8 nuclei detected (17%)
2024-10-23 02:39:59 INFO: 02:39:59.370 [task-runner-1-29] [INFO ] q.lib.plugins.DetectionPluginTools - 5 nuclei detected (processing time: 14.72 seconds)
2024-10-23 02:39:59 INFO: 02:39:59.370 [main] [INFO ] q.l.p.CommandLineTaskRunner$CommandLineProgressMonitor - 5 nuclei detected (18%)
2024-10-23 02:39:59 INFO: 02:39:59.380 [task-runner-1-31] [INFO ] q.lib.plugins.DetectionPluginTools - 12 nuclei detected (processing time: 14.73 seconds)
2024-10-23 02:39:59 INFO: 02:39:59.380 [main] [INFO ] q.l.p.CommandLineTaskRunner$CommandLineProgressMonitor - 12 nuclei detected (18%)
2024-10-23 02:39:59 INFO: 02:39:59.388 [task-runner-1-28] [INFO ] q.lib.plugins.DetectionPluginTools - 20 nuclei detected (processing time: 14.74 seconds)
2024-10-23 02:39:59 INFO: 02:39:59.388 [main] [INFO ] q.l.p.CommandLineTaskRunner$CommandLineProgressMonitor - 20 nuclei detected (19%)
2024-10-23 02:39:59 INFO: 02:39:59.413 [task-runner-1-26] [INFO ] q.lib.plugins.DetectionPluginTools - 44 nuclei detected (processing time: 14.77 seconds)
2024-10-23 02:39:59 INFO: 02:39:59.415 [main] [INFO ] q.l.p.CommandLineTaskRunner$CommandLineProgressMonitor - 44 nuclei detected (19%)
2024-10-23 02:39:59 INFO: 02:39:59.505 [task-runner-1-46] [INFO ] q.lib.plugins.DetectionPluginTools - 52 nuclei detected (processing time: 14.85 seconds)
2024-10-23 02:39:59 INFO: 02:39:59.506 [main] [INFO ] q.l.p.CommandLineTaskRunner$CommandLineProgressMonitor - 52 nuclei detected (20%)
2024-10-23 02:39:59 INFO: 02:39:59.512 [task-runner-1-5] [INFO ] q.lib.plugins.DetectionPluginTools - 56 nuclei detected (processing time: 14.87 seconds)
2024-10-23 02:39:59 INFO: 02:39:59.513 [main] [INFO ] q.l.p.CommandLineTaskRunner$CommandLineProgressMonitor - 56 nuclei detected (21%)
2024-10-23 02:39:59 INFO: 02:39:59.647 [task-runner-1-45] [INFO ] q.lib.plugins.DetectionPluginTools - 99 nuclei detected (processing time: 15.00 seconds)
2024-10-23 02:39:59 INFO: 02:39:59.649 [main] [INFO ] q.l.p.CommandLineTaskRunner$CommandLineProgressMonitor - 99 nuclei detected (21%)
2024-10-23 02:39:59 INFO: 02:39:59.675 [task-runner-1-19] [INFO ] q.lib.plugins.DetectionPluginTools - 132 nuclei detected (processing time: 15.03 seconds)
2024-10-23 02:39:59 INFO: 02:39:59.683 [main] [INFO ] q.l.p.CommandLineTaskRunner$CommandLineProgressMonitor - 132 nuclei detected (22%)
2024-10-23 02:39:59 INFO: 02:39:59.700 [task-runner-1-63] [INFO ] q.lib.plugins.DetectionPluginTools - 132 nuclei detected (processing time: 15.04 seconds)
2024-10-23 02:39:59 INFO: 02:39:59.703 [main] [INFO ] q.l.p.CommandLineTaskRunner$CommandLineProgressMonitor - 132 nuclei detected (23%)
2024-10-23 02:39:59 INFO: 02:39:59.821 [task-runner-1-18] [INFO ] q.lib.plugins.DetectionPluginTools - 196 nuclei detected (processing time: 15.18 seconds)
2024-10-23 02:39:59 INFO: 02:39:59.822 [main] [INFO ] q.l.p.CommandLineTaskRunner$CommandLineProgressMonitor - 196 nuclei detected (23%)
2024-10-23 02:39:59 INFO: 02:39:59.854 [task-runner-1-25] [INFO ] q.lib.plugins.DetectionPluginTools - 314 nuclei detected (processing time: 15.21 seconds)
2024-10-23 02:39:59 INFO: 02:39:59.864 [main] [INFO ] q.l.p.CommandLineTaskRunner$CommandLineProgressMonitor - 314 nuclei detected (24%)
2024-10-23 02:39:59 INFO: 02:39:59.971 [task-runner-1-49] [INFO ] q.lib.plugins.DetectionPluginTools - 128 nuclei detected (processing time: 15.32 seconds)
2024-10-23 02:39:59 INFO: 02:39:59.973 [main] [INFO ] q.l.p.CommandLineTaskRunner$CommandLineProgressMonitor - 128 nuclei detected (24%)
2024-10-23 02:40:00 INFO: 02:40:00.010 [task-runner-1-35] [INFO ] q.lib.plugins.DetectionPluginTools - 275 nuclei detected (processing time: 15.36 seconds)
2024-10-23 02:40:00 INFO: 02:40:00.013 [main] [INFO ] q.l.p.CommandLineTaskRunner$CommandLineProgressMonitor - 275 nuclei detected (25%)
2024-10-23 02:40:00 INFO: 02:40:00.045 [task-runner-1-61] [INFO ] q.lib.plugins.DetectionPluginTools - 184 nuclei detected (processing time: 15.39 seconds)
2024-10-23 02:40:00 INFO: 02:40:00.050 [main] [INFO ] q.l.p.CommandLineTaskRunner$CommandLineProgressMonitor - 184 nuclei detected (26%)
2024-10-23 02:40:00 INFO: 02:40:00.071 [task-runner-1-62] [INFO ] q.lib.plugins.DetectionPluginTools - 202 nuclei detected (processing time: 15.42 seconds)
2024-10-23 02:40:00 INFO: 02:40:00.072 [main] [INFO ] q.l.p.CommandLineTaskRunner$CommandLineProgressMonitor - 202 nuclei detected (26%)
2024-10-23 02:40:00 INFO: 02:40:00.100 [task-runner-1-20] [INFO ] q.lib.plugins.DetectionPluginTools - 551 nuclei detected (processing time: 15.46 seconds)
2024-10-23 02:40:00 INFO: 02:40:00.101 [main] [INFO ] q.l.p.CommandLineTaskRunner$CommandLineProgressMonitor - 551 nuclei detected (27%)
2024-10-23 02:40:00 INFO: 02:40:00.121 [task-runner-1-24] [INFO ] q.lib.plugins.DetectionPluginTools - 844 nuclei detected (processing time: 15.48 seconds)
2024-10-23 02:40:00 INFO: 02:40:00.123 [main] [INFO ] q.l.p.CommandLineTaskRunner$CommandLineProgressMonitor - 844 nuclei detected (28%)
2024-10-23 02:40:00 INFO: 02:40:00.252 [task-runner-1-23] [INFO ] q.lib.plugins.DetectionPluginTools - 873 nuclei detected (processing time: 15.61 seconds)
2024-10-23 02:40:00 INFO: 02:40:00.254 [main] [INFO ] q.l.p.CommandLineTaskRunner$CommandLineProgressMonitor - 873 nuclei detected (28%)
2024-10-23 02:40:00 INFO: 02:40:00.289 [task-runner-1-22] [INFO ] q.lib.plugins.DetectionPluginTools - 1281 nuclei detected (processing time: 15.65 seconds)
2024-10-23 02:40:00 INFO: 02:40:00.290 [main] [INFO ] q.l.p.CommandLineTaskRunner$CommandLineProgressMonitor - 1281 nuclei detected (29%)
2024-10-23 02:40:00 INFO: 02:40:00.328 [task-runner-1-60] [INFO ] q.lib.plugins.DetectionPluginTools - 1040 nuclei detected (processing time: 15.67 seconds)
2024-10-23 02:40:00 INFO: 02:40:00.329 [main] [INFO ] q.l.p.CommandLineTaskRunner$CommandLineProgressMonitor - 1040 nuclei detected (29%)
2024-10-23 02:40:03 INFO: 02:40:03.448 [task-runner-1-40] [INFO ] q.lib.plugins.DetectionPluginTools - 1958 nuclei detected (processing time: 18.80 seconds)
2024-10-23 02:40:03 INFO: 02:40:03.449 [main] [INFO ] q.l.p.CommandLineTaskRunner$CommandLineProgressMonitor - 1958 nuclei detected (30%)
2024-10-23 02:40:03 INFO: 02:40:03.803 [task-runner-1-52] [INFO ] q.lib.plugins.DetectionPluginTools - 2385 nuclei detected (processing time: 19.15 seconds)
2024-10-23 02:40:03 INFO: 02:40:03.806 [main] [INFO ] q.l.p.CommandLineTaskRunner$CommandLineProgressMonitor - 2385 nuclei detected (31%)
2024-10-23 02:40:03 INFO: 02:40:03.842 [task-runner-1-36] [INFO ] q.lib.plugins.DetectionPluginTools - 1863 nuclei detected (processing time: 19.19 seconds)
2024-10-23 02:40:03 INFO: 02:40:03.845 [main] [INFO ] q.l.p.CommandLineTaskRunner$CommandLineProgressMonitor - 1863 nuclei detected (31%)
2024-10-23 02:40:04 INFO: 02:40:04.285 [task-runner-1-42] [INFO ] q.lib.plugins.DetectionPluginTools - 2467 nuclei detected (processing time: 19.64 seconds)
2024-10-23 02:40:04 INFO: 02:40:04.286 [main] [INFO ] q.l.p.CommandLineTaskRunner$CommandLineProgressMonitor - 2467 nuclei detected (32%)
2024-10-23 02:40:04 INFO: 02:40:04.332 [task-runner-1-41] [INFO ] q.lib.plugins.DetectionPluginTools - 2354 nuclei detected (processing time: 19.68 seconds)
2024-10-23 02:40:04 INFO: 02:40:04.333 [main] [INFO ] q.l.p.CommandLineTaskRunner$CommandLineProgressMonitor - 2354 nuclei detected (33%)
2024-10-23 02:40:04 INFO: 02:40:04.432 [task-runner-1-33] [INFO ] q.lib.plugins.DetectionPluginTools - 1 nucleus detected (processing time: 6.29 seconds)
2024-10-23 02:40:04 INFO: 02:40:04.432 [main] [INFO ] q.l.p.CommandLineTaskRunner$CommandLineProgressMonitor - 1 nucleus detected (33%)
2024-10-23 02:40:04 INFO: 02:40:04.452 [task-runner-1-59] [INFO ] q.lib.plugins.DetectionPluginTools - 2513 nuclei detected (processing time: 19.80 seconds)
2024-10-23 02:40:04 INFO: 02:40:04.453 [main] [INFO ] q.l.p.CommandLineTaskRunner$CommandLineProgressMonitor - 2513 nuclei detected (34%)
2024-10-23 02:40:04 INFO: 02:40:04.485 [task-runner-1-21] [INFO ] q.lib.plugins.DetectionPluginTools - 3237 nuclei detected (processing time: 19.84 seconds)
2024-10-23 02:40:04 INFO: 02:40:04.486 [main] [INFO ] q.l.p.CommandLineTaskRunner$CommandLineProgressMonitor - 3237 nuclei detected (34%)
2024-10-23 02:40:05 INFO: 02:40:05.445 [task-runner-1-58] [INFO ] q.lib.plugins.DetectionPluginTools - 2502 nuclei detected (processing time: 20.79 seconds)
2024-10-23 02:40:05 INFO: 02:40:05.451 [main] [INFO ] q.l.p.CommandLineTaskRunner$CommandLineProgressMonitor - 2502 nuclei detected (35%)
2024-10-23 02:40:05 INFO: 02:40:05.838 [task-runner-1-50] [INFO ] q.lib.plugins.DetectionPluginTools - 350 nuclei detected (processing time: 7.56 seconds)
2024-10-23 02:40:05 INFO: 02:40:05.839 [main] [INFO ] q.l.p.CommandLineTaskRunner$CommandLineProgressMonitor - 350 nuclei detected (36%)
2024-10-23 02:40:06 INFO: 02:40:06.227 [task-runner-1-44] [INFO ] q.lib.plugins.DetectionPluginTools - 113 nuclei detected (processing time: 8.06 seconds)
2024-10-23 02:40:06 INFO: 02:40:06.229 [main] [INFO ] q.l.p.CommandLineTaskRunner$CommandLineProgressMonitor - 113 nuclei detected (36%)
2024-10-23 02:40:06 INFO: 02:40:06.370 [task-runner-1-39] [INFO ] q.lib.plugins.DetectionPluginTools - 2774 nuclei detected (processing time: 21.72 seconds)
2024-10-23 02:40:06 INFO: 02:40:06.372 [main] [INFO ] q.l.p.CommandLineTaskRunner$CommandLineProgressMonitor - 2774 nuclei detected (37%)
2024-10-23 02:40:06 INFO: 02:40:06.658 [task-runner-1-38] [INFO ] q.lib.plugins.DetectionPluginTools - 3565 nuclei detected (processing time: 22.01 seconds)
2024-10-23 02:40:06 INFO: 02:40:06.661 [main] [INFO ] q.l.p.CommandLineTaskRunner$CommandLineProgressMonitor - 3565 nuclei detected (38%)
2024-10-23 02:40:06 INFO: 02:40:06.883 [task-runner-1-57] [INFO ] q.lib.plugins.DetectionPluginTools - 3131 nuclei detected (processing time: 22.23 seconds)
2024-10-23 02:40:06 INFO: 02:40:06.885 [main] [INFO ] q.l.p.CommandLineTaskRunner$CommandLineProgressMonitor - 3131 nuclei detected (38%)
2024-10-23 02:40:06 INFO: 02:40:06.893 [task-runner-1-9] [INFO ] q.lib.plugins.DetectionPluginTools - 0 nuclei detected (processing time: 7.54 seconds)
2024-10-23 02:40:06 INFO: 02:40:06.894 [main] [INFO ] q.l.p.CommandLineTaskRunner$CommandLineProgressMonitor - 0 nuclei detected (39%)
2024-10-23 02:40:06 INFO: 02:40:06.976 [task-runner-1-55] [INFO ] q.lib.plugins.DetectionPluginTools - 3024 nuclei detected (processing time: 22.32 seconds)
2024-10-23 02:40:06 INFO: 02:40:06.977 [main] [INFO ] q.l.p.CommandLineTaskRunner$CommandLineProgressMonitor - 3024 nuclei detected (39%)
2024-10-23 02:40:07 INFO: 02:40:07.182 [task-runner-1-16] [INFO ] q.lib.plugins.DetectionPluginTools - 114 nuclei detected (processing time: 7.82 seconds)
2024-10-23 02:40:07 INFO: 02:40:07.183 [main] [INFO ] q.l.p.CommandLineTaskRunner$CommandLineProgressMonitor - 114 nuclei detected (40%)
2024-10-23 02:40:07 INFO: 02:40:07.274 [task-runner-1-37] [INFO ] q.lib.plugins.DetectionPluginTools - 4066 nuclei detected (processing time: 22.63 seconds)
2024-10-23 02:40:07 INFO: 02:40:07.277 [main] [INFO ] q.l.p.CommandLineTaskRunner$CommandLineProgressMonitor - 4066 nuclei detected (41%)
2024-10-23 02:40:07 INFO: 02:40:07.444 [task-runner-1-4] [INFO ] q.lib.plugins.DetectionPluginTools - 130 nuclei detected (processing time: 8.09 seconds)
2024-10-23 02:40:07 INFO: 02:40:07.446 [main] [INFO ] q.l.p.CommandLineTaskRunner$CommandLineProgressMonitor - 130 nuclei detected (41%)
2024-10-23 02:40:07 INFO: 02:40:07.640 [task-runner-1-46] [INFO ] q.lib.plugins.DetectionPluginTools - 100 nuclei detected (processing time: 8.13 seconds)
2024-10-23 02:40:07 INFO: 02:40:07.642 [main] [INFO ] q.l.p.CommandLineTaskRunner$CommandLineProgressMonitor - 100 nuclei detected (42%)
2024-10-23 02:40:07 INFO: 02:40:07.793 [task-runner-1-54] [INFO ] q.lib.plugins.DetectionPluginTools - 4266 nuclei detected (processing time: 23.14 seconds)
2024-10-23 02:40:07 INFO: 02:40:07.794 [main] [INFO ] q.l.p.CommandLineTaskRunner$CommandLineProgressMonitor - 4266 nuclei detected (43%)
2024-10-23 02:40:07 INFO: 02:40:07.793 [task-runner-1-5] [INFO ] q.lib.plugins.DetectionPluginTools - 2 nuclei detected (processing time: 8.28 seconds)
2024-10-23 02:40:07 INFO: 02:40:07.802 [main] [INFO ] q.l.p.CommandLineTaskRunner$CommandLineProgressMonitor - 2 nuclei detected (43%)
2024-10-23 02:40:07 INFO: 02:40:07.824 [task-runner-1-34] [INFO ] q.lib.plugins.DetectionPluginTools - 458 nuclei detected (processing time: 9.18 seconds)
2024-10-23 02:40:07 INFO: 02:40:07.825 [main] [INFO ] q.l.p.CommandLineTaskRunner$CommandLineProgressMonitor - 458 nuclei detected (44%)
2024-10-23 02:40:08 INFO: 02:40:08.150 [task-runner-1-56] [INFO ] q.lib.plugins.DetectionPluginTools - 3771 nuclei detected (processing time: 23.50 seconds)
2024-10-23 02:40:08 INFO: 02:40:08.153 [main] [INFO ] q.l.p.CommandLineTaskRunner$CommandLineProgressMonitor - 3771 nuclei detected (44%)
2024-10-23 02:40:08 INFO: 02:40:08.252 [task-runner-1-30] [INFO ] q.lib.plugins.DetectionPluginTools - 199 nuclei detected (processing time: 8.89 seconds)
2024-10-23 02:40:08 INFO: 02:40:08.254 [main] [INFO ] q.l.p.CommandLineTaskRunner$CommandLineProgressMonitor - 199 nuclei detected (45%)
2024-10-23 02:40:08 INFO: 02:40:08.534 [task-runner-1-53] [INFO ] q.lib.plugins.DetectionPluginTools - 5523 nuclei detected (processing time: 23.88 seconds)
2024-10-23 02:40:08 INFO: 02:40:08.535 [main] [INFO ] q.l.p.CommandLineTaskRunner$CommandLineProgressMonitor - 5523 nuclei detected (46%)
2024-10-23 02:40:08 INFO: 02:40:08.660 [task-runner-1-19] [INFO ] q.lib.plugins.DetectionPluginTools - 143 nuclei detected (processing time: 8.96 seconds)
2024-10-23 02:40:08 INFO: 02:40:08.661 [main] [INFO ] q.l.p.CommandLineTaskRunner$CommandLineProgressMonitor - 143 nuclei detected (46%)
2024-10-23 02:40:08 INFO: 02:40:08.986 [task-runner-1-45] [INFO ] q.lib.plugins.DetectionPluginTools - 141 nuclei detected (processing time: 9.34 seconds)
2024-10-23 02:40:08 INFO: 02:40:08.988 [main] [INFO ] q.l.p.CommandLineTaskRunner$CommandLineProgressMonitor - 141 nuclei detected (47%)
2024-10-23 02:40:09 INFO: 02:40:09.290 [task-runner-1-63] [INFO ] q.lib.plugins.DetectionPluginTools - 224 nuclei detected (processing time: 9.59 seconds)
2024-10-23 02:40:09 INFO: 02:40:09.292 [main] [INFO ] q.l.p.CommandLineTaskRunner$CommandLineProgressMonitor - 224 nuclei detected (48%)
2024-10-23 02:40:10 INFO: 02:40:10.060 [task-runner-1-40] [INFO ] q.lib.plugins.DetectionPluginTools - 37 nuclei detected (processing time: 6.61 seconds)
2024-10-23 02:40:10 INFO: 02:40:10.063 [main] [INFO ] q.l.p.CommandLineTaskRunner$CommandLineProgressMonitor - 37 nuclei detected (48%)
2024-10-23 02:40:10 INFO: 02:40:10.146 [task-runner-1-52] [INFO ] q.lib.plugins.DetectionPluginTools - 1 nucleus detected (processing time: 6.34 seconds)
2024-10-23 02:40:10 INFO: 02:40:10.148 [main] [INFO ] q.l.p.CommandLineTaskRunner$CommandLineProgressMonitor - 1 nucleus detected (49%)
2024-10-23 02:40:10 INFO: 02:40:10.260 [task-runner-1-7] [INFO ] q.lib.plugins.DetectionPluginTools - 722 nuclei detected (processing time: 10.90 seconds)
2024-10-23 02:40:10 INFO: 02:40:10.263 [main] [INFO ] q.l.p.CommandLineTaskRunner$CommandLineProgressMonitor - 722 nuclei detected (49%)
2024-10-23 02:40:10 INFO: 02:40:10.765 [task-runner-1-12] [INFO ] q.lib.plugins.DetectionPluginTools - 656 nuclei detected (processing time: 11.41 seconds)
2024-10-23 02:40:10 INFO: 02:40:10.783 [main] [INFO ] q.l.p.CommandLineTaskRunner$CommandLineProgressMonitor - 656 nuclei detected (50%)
2024-10-23 02:40:11 INFO: 02:40:11.439 [task-runner-1-36] [INFO ] q.lib.plugins.DetectionPluginTools - 294 nuclei detected (processing time: 7.60 seconds)
2024-10-23 02:40:11 INFO: 02:40:11.441 [main] [INFO ] q.l.p.CommandLineTaskRunner$CommandLineProgressMonitor - 294 nuclei detected (51%)
2024-10-23 02:40:11 INFO: 02:40:11.900 [task-runner-1-26] [INFO ] q.lib.plugins.DetectionPluginTools - 723 nuclei detected (processing time: 12.49 seconds)
2024-10-23 02:40:11 INFO: 02:40:11.902 [main] [INFO ] q.l.p.CommandLineTaskRunner$CommandLineProgressMonitor - 723 nuclei detected (51%)
2024-10-23 02:40:12 INFO: 02:40:12.269 [task-runner-1-42] [INFO ] q.lib.plugins.DetectionPluginTools - 235 nuclei detected (processing time: 7.98 seconds)
2024-10-23 02:40:12 INFO: 02:40:12.270 [main] [INFO ] q.l.p.CommandLineTaskRunner$CommandLineProgressMonitor - 235 nuclei detected (52%)
2024-10-23 02:40:13 INFO: 02:40:13.986 [task-runner-1-46] [INFO ] q.lib.plugins.DetectionPluginTools - 75 nuclei detected (processing time: 6.34 seconds)
2024-10-23 02:40:13 INFO: 02:40:13.990 [main] [INFO ] q.l.p.CommandLineTaskRunner$CommandLineProgressMonitor - 75 nuclei detected (53%)
2024-10-23 02:40:14 INFO: 02:40:14.026 [task-runner-1-16] [INFO ] q.lib.plugins.DetectionPluginTools - 0 nuclei detected (processing time: 6.84 seconds)
2024-10-23 02:40:14 INFO: 02:40:14.028 [main] [INFO ] q.l.p.CommandLineTaskRunner$CommandLineProgressMonitor - 0 nuclei detected (53%)
2024-10-23 02:40:14 INFO: 02:40:14.085 [task-runner-1-37] [INFO ] q.lib.plugins.DetectionPluginTools - 0 nuclei detected (processing time: 6.81 seconds)
2024-10-23 02:40:14 INFO: 02:40:14.089 [main] [INFO ] q.l.p.CommandLineTaskRunner$CommandLineProgressMonitor - 0 nuclei detected (54%)
2024-10-23 02:40:14 INFO: 02:40:14.116 [task-runner-1-4] [INFO ] q.lib.plugins.DetectionPluginTools - 103 nuclei detected (processing time: 6.67 seconds)
2024-10-23 02:40:14 INFO: 02:40:14.118 [main] [INFO ] q.l.p.CommandLineTaskRunner$CommandLineProgressMonitor - 103 nuclei detected (54%)
2024-10-23 02:40:14 INFO: 02:40:14.286 [task-runner-1-5] [INFO ] q.lib.plugins.DetectionPluginTools - 3 nuclei detected (processing time: 6.48 seconds)
2024-10-23 02:40:14 INFO: 02:40:14.291 [main] [INFO ] q.l.p.CommandLineTaskRunner$CommandLineProgressMonitor - 3 nuclei detected (55%)
2024-10-23 02:40:14 INFO: 02:40:14.335 [task-runner-1-34] [INFO ] q.lib.plugins.DetectionPluginTools - 9 nuclei detected (processing time: 6.51 seconds)
2024-10-23 02:40:14 INFO: 02:40:14.339 [main] [INFO ] q.l.p.CommandLineTaskRunner$CommandLineProgressMonitor - 9 nuclei detected (56%)
2024-10-23 02:40:14 INFO: 02:40:14.344 [task-runner-1-53] [INFO ] q.lib.plugins.DetectionPluginTools - 0 nuclei detected (processing time: 5.81 seconds)
2024-10-23 02:40:14 INFO: 02:40:14.347 [main] [INFO ] q.l.p.CommandLineTaskRunner$CommandLineProgressMonitor - 0 nuclei detected (56%)
2024-10-23 02:40:14 INFO: 02:40:14.798 [task-runner-1-56] [INFO ] q.lib.plugins.DetectionPluginTools - 0 nuclei detected (processing time: 6.64 seconds)
2024-10-23 02:40:14 INFO: 02:40:14.799 [main] [INFO ] q.l.p.CommandLineTaskRunner$CommandLineProgressMonitor - 0 nuclei detected (57%)
2024-10-23 02:40:15 INFO: 02:40:15.017 [task-runner-1-19] [INFO ] q.lib.plugins.DetectionPluginTools - 19 nuclei detected (processing time: 6.35 seconds)
2024-10-23 02:40:15 INFO: 02:40:15.018 [main] [INFO ] q.l.p.CommandLineTaskRunner$CommandLineProgressMonitor - 19 nuclei detected (57%)
2024-10-23 02:40:15 INFO: 02:40:15.028 [task-runner-1-30] [INFO ] q.lib.plugins.DetectionPluginTools - 0 nuclei detected (processing time: 6.77 seconds)
2024-10-23 02:40:15 INFO: 02:40:15.028 [main] [INFO ] q.l.p.CommandLineTaskRunner$CommandLineProgressMonitor - 0 nuclei detected (58%)
2024-10-23 02:40:15 INFO: 02:40:15.082 [task-runner-1-54] [INFO ] q.lib.plugins.DetectionPluginTools - 75 nuclei detected (processing time: 7.29 seconds)
2024-10-23 02:40:15 INFO: 02:40:15.084 [main] [INFO ] q.l.p.CommandLineTaskRunner$CommandLineProgressMonitor - 75 nuclei detected (59%)
2024-10-23 02:40:15 INFO: 02:40:15.105 [task-runner-1-32] [INFO ] q.lib.plugins.DetectionPluginTools - 1310 nuclei detected (processing time: 15.75 seconds)
2024-10-23 02:40:15 INFO: 02:40:15.107 [main] [INFO ] q.l.p.CommandLineTaskRunner$CommandLineProgressMonitor - 1310 nuclei detected (59%)
2024-10-23 02:40:15 INFO: 02:40:15.175 [task-runner-1-41] [INFO ] q.lib.plugins.DetectionPluginTools - 270 nuclei detected (processing time: 10.84 seconds)
2024-10-23 02:40:15 INFO: 02:40:15.182 [main] [INFO ] q.l.p.CommandLineTaskRunner$CommandLineProgressMonitor - 270 nuclei detected (60%)
2024-10-23 02:40:16 INFO: 02:40:16.202 [task-runner-1-45] [INFO ] q.lib.plugins.DetectionPluginTools - 307 nuclei detected (processing time: 7.21 seconds)
2024-10-23 02:40:16 INFO: 02:40:16.205 [main] [INFO ] q.l.p.CommandLineTaskRunner$CommandLineProgressMonitor - 307 nuclei detected (61%)
2024-10-23 02:40:16 INFO: 02:40:16.221 [task-runner-1-12] [INFO ] q.lib.plugins.DetectionPluginTools - 0 nuclei detected (processing time: 5.44 seconds)
2024-10-23 02:40:16 INFO: 02:40:16.222 [main] [INFO ] q.l.p.CommandLineTaskRunner$CommandLineProgressMonitor - 0 nuclei detected (61%)
2024-10-23 02:40:16 INFO: 02:40:16.426 [task-runner-1-60] [INFO ] q.lib.plugins.DetectionPluginTools - 2037 nuclei detected (processing time: 16.10 seconds)
2024-10-23 02:40:16 INFO: 02:40:16.428 [main] [INFO ] q.l.p.CommandLineTaskRunner$CommandLineProgressMonitor - 2037 nuclei detected (62%)
2024-10-23 02:40:16 INFO: 02:40:16.672 [task-runner-1-55] [INFO ] q.lib.plugins.DetectionPluginTools - 933 nuclei detected (processing time: 9.70 seconds)
2024-10-23 02:40:16 INFO: 02:40:16.674 [main] [INFO ] q.l.p.CommandLineTaskRunner$CommandLineProgressMonitor - 933 nuclei detected (63%)
2024-10-23 02:40:17 INFO: 02:40:17.137 [task-runner-1-7] [INFO ] q.lib.plugins.DetectionPluginTools - 0 nuclei detected (processing time: 6.88 seconds)
2024-10-23 02:40:17 INFO: 02:40:17.141 [main] [INFO ] q.l.p.CommandLineTaskRunner$CommandLineProgressMonitor - 0 nuclei detected (63%)
2024-10-23 02:40:17 INFO: 02:40:17.210 [task-runner-1-36] [INFO ] q.lib.plugins.DetectionPluginTools - 0 nuclei detected (processing time: 5.77 seconds)
2024-10-23 02:40:17 INFO: 02:40:17.212 [main] [INFO ] q.l.p.CommandLineTaskRunner$CommandLineProgressMonitor - 0 nuclei detected (64%)
2024-10-23 02:40:18 INFO: 02:40:18.261 [task-runner-1-51] [INFO ] q.lib.plugins.DetectionPluginTools - 2550 nuclei detected (processing time: 19.50 seconds)
2024-10-23 02:40:18 INFO: 02:40:18.263 [main] [INFO ] q.l.p.CommandLineTaskRunner$CommandLineProgressMonitor - 2550 nuclei detected (64%)
2024-10-23 02:40:18 INFO: 02:40:18.637 [task-runner-1-26] [INFO ] q.lib.plugins.DetectionPluginTools - 7 nuclei detected (processing time: 6.74 seconds)
2024-10-23 02:40:18 INFO: 02:40:18.638 [main] [INFO ] q.l.p.CommandLineTaskRunner$CommandLineProgressMonitor - 7 nuclei detected (65%)
2024-10-23 02:40:18 INFO: 02:40:18.875 [task-runner-1-58] [INFO ] q.lib.plugins.DetectionPluginTools - 1217 nuclei detected (processing time: 13.42 seconds)
2024-10-23 02:40:18 INFO: 02:40:18.878 [main] [INFO ] q.l.p.CommandLineTaskRunner$CommandLineProgressMonitor - 1217 nuclei detected (66%)
2024-10-23 02:40:18 INFO: 02:40:18.919 [task-runner-1-42] [INFO ] q.lib.plugins.DetectionPluginTools - 1 nucleus detected (processing time: 6.65 seconds)
2024-10-23 02:40:18 INFO: 02:40:18.920 [main] [INFO ] q.l.p.CommandLineTaskRunner$CommandLineProgressMonitor - 1 nucleus detected (66%)
2024-10-23 02:40:19 INFO: 02:40:19.594 [task-runner-1-63] [INFO ] q.lib.plugins.DetectionPluginTools - 1326 nuclei detected (processing time: 10.30 seconds)
2024-10-23 02:40:19 INFO: 02:40:19.594 [main] [INFO ] q.l.p.CommandLineTaskRunner$CommandLineProgressMonitor - 1326 nuclei detected (67%)
2024-10-23 02:40:19 INFO: 02:40:19.674 [task-runner-1-21] [INFO ] q.lib.plugins.DetectionPluginTools - 1203 nuclei detected (processing time: 15.19 seconds)
2024-10-23 02:40:19 INFO: 02:40:19.675 [main] [INFO ] q.l.p.CommandLineTaskRunner$CommandLineProgressMonitor - 1203 nuclei detected (68%)
2024-10-23 02:40:19 INFO: 02:40:19.955 [task-runner-1-8] [INFO ] q.lib.plugins.DetectionPluginTools - 2867 nuclei detected (processing time: 20.59 seconds)
2024-10-23 02:40:19 INFO: 02:40:19.955 [main] [INFO ] q.l.p.CommandLineTaskRunner$CommandLineProgressMonitor - 2867 nuclei detected (68%)
2024-10-23 02:40:20 INFO: 02:40:20.128 [task-runner-1-56] [INFO ] q.lib.plugins.DetectionPluginTools - 1 nucleus detected (processing time: 5.33 seconds)
2024-10-23 02:40:20 INFO: 02:40:20.128 [main] [INFO ] q.l.p.CommandLineTaskRunner$CommandLineProgressMonitor - 1 nucleus detected (69%)
2024-10-23 02:40:20 INFO: 02:40:20.167 [task-runner-1-5] [INFO ] q.lib.plugins.DetectionPluginTools - 1 nucleus detected (processing time: 5.88 seconds)
2024-10-23 02:40:20 INFO: 02:40:20.308 [task-runner-1-33] [INFO ] q.lib.plugins.DetectionPluginTools - 1018 nuclei detected (processing time: 15.88 seconds)
2024-10-23 02:40:20 INFO: 02:40:20.308 [main] [INFO ] q.l.p.CommandLineTaskRunner$CommandLineProgressMonitor - 1018 nuclei detected (70%)
2024-10-23 02:40:20 INFO: 02:40:20.478 [task-runner-1-16] [INFO ] q.lib.plugins.DetectionPluginTools - 1 nucleus detected (processing time: 6.45 seconds)
2024-10-23 02:40:20 INFO: 02:40:20.479 [main] [INFO ] q.l.p.CommandLineTaskRunner$CommandLineProgressMonitor - 1 nucleus detected (71%)
2024-10-23 02:40:20 INFO: 02:40:20.540 [task-runner-1-46] [INFO ] q.lib.plugins.DetectionPluginTools - 0 nuclei detected (processing time: 6.55 seconds)
2024-10-23 02:40:20 INFO: 02:40:20.541 [main] [INFO ] q.l.p.CommandLineTaskRunner$CommandLineProgressMonitor - 0 nuclei detected (71%)
2024-10-23 02:40:20 INFO: 02:40:20.555 [task-runner-1-15] [INFO ] q.lib.plugins.DetectionPluginTools - 3055 nuclei detected (processing time: 21.20 seconds)
2024-10-23 02:40:20 INFO: 02:40:20.556 [main] [INFO ] q.l.p.CommandLineTaskRunner$CommandLineProgressMonitor - 3055 nuclei detected (72%)
2024-10-23 02:40:20 INFO: 02:40:20.572 [task-runner-1-37] [INFO ] q.lib.plugins.DetectionPluginTools - 1 nucleus detected (processing time: 6.48 seconds)
2024-10-23 02:40:20 INFO: 02:40:20.573 [main] [INFO ] q.l.p.CommandLineTaskRunner$CommandLineProgressMonitor - 1 nucleus detected (73%)
2024-10-23 02:40:20 INFO: 02:40:20.620 [task-runner-1-28] [INFO ] q.lib.plugins.DetectionPluginTools - 2328 nuclei detected (processing time: 21.23 seconds)
2024-10-23 02:40:20 INFO: 02:40:20.620 [main] [INFO ] q.l.p.CommandLineTaskRunner$CommandLineProgressMonitor - 2328 nuclei detected (73%)
2024-10-23 02:40:20 INFO: 02:40:20.665 [task-runner-1-4] [INFO ] q.lib.plugins.DetectionPluginTools - 0 nuclei detected (processing time: 6.55 seconds)
2024-10-23 02:40:20 INFO: 02:40:20.666 [main] [INFO ] q.l.p.CommandLineTaskRunner$CommandLineProgressMonitor - 0 nuclei detected (74%)
2024-10-23 02:40:20 INFO: 02:40:20.746 [task-runner-1-1] [INFO ] q.lib.plugins.DetectionPluginTools - 3418 nuclei detected (processing time: 21.39 seconds)
2024-10-23 02:40:20 INFO: 02:40:20.746 [main] [INFO ] q.l.p.CommandLineTaskRunner$CommandLineProgressMonitor - 3418 nuclei detected (74%)
2024-10-23 02:40:20 INFO: 02:40:20.806 [task-runner-1-34] [INFO ] q.lib.plugins.DetectionPluginTools - 1 nucleus detected (processing time: 6.47 seconds)
2024-10-23 02:40:20 INFO: 02:40:20.807 [main] [INFO ] q.l.p.CommandLineTaskRunner$CommandLineProgressMonitor - 1 nucleus detected (75%)
2024-10-23 02:40:20 INFO: 02:40:20.901 [task-runner-1-19] [INFO ] q.lib.plugins.DetectionPluginTools - 0 nuclei detected (processing time: 5.88 seconds)
2024-10-23 02:40:20 INFO: 02:40:20.902 [main] [INFO ] q.l.p.CommandLineTaskRunner$CommandLineProgressMonitor - 0 nuclei detected (76%)
2024-10-23 02:40:20 INFO: 02:40:20.912 [task-runner-1-54] [INFO ] q.lib.plugins.DetectionPluginTools - 0 nuclei detected (processing time: 5.83 seconds)
2024-10-23 02:40:20 INFO: 02:40:20.938 [task-runner-1-30] [INFO ] q.lib.plugins.DetectionPluginTools - 0 nuclei detected (processing time: 5.91 seconds)
2024-10-23 02:40:20 INFO: 02:40:20.939 [main] [INFO ] q.l.p.CommandLineTaskRunner$CommandLineProgressMonitor - 0 nuclei detected (77%)
2024-10-23 02:40:20 INFO: 02:40:20.976 [task-runner-1-32] [INFO ] q.lib.plugins.DetectionPluginTools - 0 nuclei detected (processing time: 5.87 seconds)
2024-10-23 02:40:20 INFO: 02:40:20.977 [main] [INFO ] q.l.p.CommandLineTaskRunner$CommandLineProgressMonitor - 0 nuclei detected (78%)
2024-10-23 02:40:21 INFO: 02:40:21.089 [task-runner-1-45] [INFO ] q.lib.plugins.DetectionPluginTools - 0 nuclei detected (processing time: 4.88 seconds)
2024-10-23 02:40:21 INFO: 02:40:21.128 [task-runner-1-41] [INFO ] q.lib.plugins.DetectionPluginTools - 0 nuclei detected (processing time: 5.95 seconds)
2024-10-23 02:40:21 INFO: 02:40:21.128 [main] [INFO ] q.l.p.CommandLineTaskRunner$CommandLineProgressMonitor - 0 nuclei detected (79%)
2024-10-23 02:40:21 INFO: 02:40:21.188 [task-runner-1-49] [INFO ] q.lib.plugins.DetectionPluginTools - 2542 nuclei detected (processing time: 21.22 seconds)
2024-10-23 02:40:21 INFO: 02:40:21.189 [main] [INFO ] q.l.p.CommandLineTaskRunner$CommandLineProgressMonitor - 2542 nuclei detected (79%)
2024-10-23 02:40:21 INFO: 02:40:21.195 [task-runner-1-61] [INFO ] q.lib.plugins.DetectionPluginTools - 3516 nuclei detected (processing time: 21.15 seconds)
2024-10-23 02:40:21 INFO: 02:40:21.196 [main] [INFO ] q.l.p.CommandLineTaskRunner$CommandLineProgressMonitor - 3516 nuclei detected (80%)
2024-10-23 02:40:21 INFO: 02:40:21.265 [task-runner-1-53] [INFO ] q.lib.plugins.DetectionPluginTools - 0 nuclei detected (processing time: 6.92 seconds)
2024-10-23 02:40:21 INFO: 02:40:21.265 [main] [INFO ] q.l.p.CommandLineTaskRunner$CommandLineProgressMonitor - 0 nuclei detected (81%)
2024-10-23 02:40:21 INFO: 02:40:21.268 [task-runner-1-50] [INFO ] q.lib.plugins.DetectionPluginTools - 2728 nuclei detected (processing time: 15.43 seconds)
2024-10-23 02:40:21 INFO: 02:40:21.268 [main] [INFO ] q.l.p.CommandLineTaskRunner$CommandLineProgressMonitor - 2728 nuclei detected (81%)
2024-10-23 02:40:21 INFO: 02:40:21.278 [task-runner-1-18] [INFO ] q.lib.plugins.DetectionPluginTools - 2401 nuclei detected (processing time: 21.46 seconds)
2024-10-23 02:40:21 INFO: 02:40:21.278 [main] [INFO ] q.l.p.CommandLineTaskRunner$CommandLineProgressMonitor - 2401 nuclei detected (82%)
2024-10-23 02:40:21 INFO: 02:40:21.337 [task-runner-1-35] [INFO ] q.lib.plugins.DetectionPluginTools - 2694 nuclei detected (processing time: 21.33 seconds)
2024-10-23 02:40:21 INFO: 02:40:21.337 [main] [INFO ] q.l.p.CommandLineTaskRunner$CommandLineProgressMonitor - 2694 nuclei detected (83%)
2024-10-23 02:40:21 INFO: 02:40:21.414 [task-runner-1-29] [INFO ] q.lib.plugins.DetectionPluginTools - 2899 nuclei detected (processing time: 22.04 seconds)
2024-10-23 02:40:21 INFO: 02:40:21.414 [main] [INFO ] q.l.p.CommandLineTaskRunner$CommandLineProgressMonitor - 2899 nuclei detected (83%)
2024-10-23 02:40:21 INFO: 02:40:21.429 [task-runner-1-31] [INFO ] q.lib.plugins.DetectionPluginTools - 2709 nuclei detected (processing time: 22.05 seconds)
2024-10-23 02:40:21 INFO: 02:40:21.429 [main] [INFO ] q.l.p.CommandLineTaskRunner$CommandLineProgressMonitor - 2709 nuclei detected (84%)
2024-10-23 02:40:21 INFO: 02:40:21.572 [task-runner-1-59] [INFO ] q.lib.plugins.DetectionPluginTools - 1845 nuclei detected (processing time: 17.12 seconds)
2024-10-23 02:40:21 INFO: 02:40:21.572 [main] [INFO ] q.l.p.CommandLineTaskRunner$CommandLineProgressMonitor - 1845 nuclei detected (84%)
2024-10-23 02:40:21 INFO: 02:40:21.582 [task-runner-1-62] [INFO ] q.lib.plugins.DetectionPluginTools - 3423 nuclei detected (processing time: 21.51 seconds)
2024-10-23 02:40:21 INFO: 02:40:21.583 [main] [INFO ] q.l.p.CommandLineTaskRunner$CommandLineProgressMonitor - 3423 nuclei detected (85%)
2024-10-23 02:40:21 INFO: 02:40:21.779 [task-runner-1-47] [INFO ] q.lib.plugins.DetectionPluginTools - 3185 nuclei detected (processing time: 22.42 seconds)
2024-10-23 02:40:21 INFO: 02:40:21.780 [main] [INFO ] q.l.p.CommandLineTaskRunner$CommandLineProgressMonitor - 3185 nuclei detected (86%)
2024-10-23 02:40:21 INFO: 02:40:21.910 [task-runner-1-43] [INFO ] q.lib.plugins.DetectionPluginTools - 4982 nuclei detected (processing time: 22.80 seconds)
2024-10-23 02:40:21 INFO: 02:40:21.911 [main] [INFO ] q.l.p.CommandLineTaskRunner$CommandLineProgressMonitor - 4982 nuclei detected (86%)
2024-10-23 02:40:21 INFO: 02:40:21.921 [task-runner-1-27] [INFO ] q.lib.plugins.DetectionPluginTools - 3493 nuclei detected (processing time: 22.56 seconds)
2024-10-23 02:40:21 INFO: 02:40:21.922 [main] [INFO ] q.l.p.CommandLineTaskRunner$CommandLineProgressMonitor - 3493 nuclei detected (87%)
2024-10-23 02:40:21 INFO: 02:40:21.926 [task-runner-1-2] [INFO ] q.lib.plugins.DetectionPluginTools - 3745 nuclei detected (processing time: 22.57 seconds)
2024-10-23 02:40:21 INFO: 02:40:21.926 [main] [INFO ] q.l.p.CommandLineTaskRunner$CommandLineProgressMonitor - 3745 nuclei detected (88%)
2024-10-23 02:40:21 INFO: 02:40:21.986 [task-runner-1-17] [INFO ] q.lib.plugins.DetectionPluginTools - 3128 nuclei detected (processing time: 22.63 seconds)
2024-10-23 02:40:21 INFO: 02:40:21.986 [main] [INFO ] q.l.p.CommandLineTaskRunner$CommandLineProgressMonitor - 3128 nuclei detected (88%)
2024-10-23 02:40:22 INFO: 02:40:22.050 [task-runner-1-52] [INFO ] q.lib.plugins.DetectionPluginTools - 2519 nuclei detected (processing time: 11.90 seconds)
2024-10-23 02:40:22 INFO: 02:40:22.050 [main] [INFO ] q.l.p.CommandLineTaskRunner$CommandLineProgressMonitor - 2519 nuclei detected (89%)
2024-10-23 02:40:22 INFO: 02:40:22.088 [task-runner-1-48] [INFO ] q.lib.plugins.DetectionPluginTools - 3804 nuclei detected (processing time: 22.74 seconds)
2024-10-23 02:40:22 INFO: 02:40:22.089 [main] [INFO ] q.l.p.CommandLineTaskRunner$CommandLineProgressMonitor - 3804 nuclei detected (89%)
2024-10-23 02:40:22 INFO: 02:40:22.160 [task-runner-1-6] [INFO ] q.lib.plugins.DetectionPluginTools - 3902 nuclei detected (processing time: 22.80 seconds)
2024-10-23 02:40:22 INFO: 02:40:22.160 [task-runner-1-25] [INFO ] q.lib.plugins.DetectionPluginTools - 3375 nuclei detected (processing time: 22.30 seconds)
2024-10-23 02:40:22 INFO: 02:40:22.161 [main] [INFO ] q.l.p.CommandLineTaskRunner$CommandLineProgressMonitor - 3902 nuclei detected (90%)
2024-10-23 02:40:22 INFO: 02:40:22.161 [main] [INFO ] q.l.p.CommandLineTaskRunner$CommandLineProgressMonitor - 3375 nuclei detected (91%)
2024-10-23 02:40:22 INFO: 02:40:22.170 [task-runner-1-23] [INFO ] q.lib.plugins.DetectionPluginTools - 3735 nuclei detected (processing time: 21.92 seconds)
2024-10-23 02:40:22 INFO: 02:40:22.171 [main] [INFO ] q.l.p.CommandLineTaskRunner$CommandLineProgressMonitor - 3735 nuclei detected (91%)
2024-10-23 02:40:22 INFO: 02:40:22.171 [task-runner-1-13] [INFO ] q.lib.plugins.DetectionPluginTools - 3345 nuclei detected (processing time: 22.80 seconds)
2024-10-23 02:40:22 INFO: 02:40:22.171 [main] [INFO ] q.l.p.CommandLineTaskRunner$CommandLineProgressMonitor - 3345 nuclei detected (92%)
2024-10-23 02:40:22 INFO: 02:40:22.220 [task-runner-1-20] [INFO ] q.lib.plugins.DetectionPluginTools - 3385 nuclei detected (processing time: 22.12 seconds)
2024-10-23 02:40:22 INFO: 02:40:22.220 [main] [INFO ] q.l.p.CommandLineTaskRunner$CommandLineProgressMonitor - 3385 nuclei detected (93%)
2024-10-23 02:40:22 INFO: 02:40:22.262 [task-runner-1-40] [INFO ] q.lib.plugins.DetectionPluginTools - 2174 nuclei detected (processing time: 12.20 seconds)
2024-10-23 02:40:22 INFO: 02:40:22.262 [main] [INFO ] q.l.p.CommandLineTaskRunner$CommandLineProgressMonitor - 2174 nuclei detected (93%)
2024-10-23 02:40:22 INFO: 02:40:22.500 [task-runner-1-14] [INFO ] q.lib.plugins.DetectionPluginTools - 4036 nuclei detected (processing time: 23.14 seconds)
2024-10-23 02:40:22 INFO: 02:40:22.500 [main] [INFO ] q.l.p.CommandLineTaskRunner$CommandLineProgressMonitor - 4036 nuclei detected (94%)
2024-10-23 02:40:22 INFO: 02:40:22.569 [task-runner-1-24] [INFO ] q.lib.plugins.DetectionPluginTools - 4366 nuclei detected (processing time: 22.45 seconds)
2024-10-23 02:40:22 INFO: 02:40:22.569 [main] [INFO ] q.l.p.CommandLineTaskRunner$CommandLineProgressMonitor - 4366 nuclei detected (94%)
2024-10-23 02:40:22 INFO: 02:40:22.639 [task-runner-1-11] [INFO ] q.lib.plugins.DetectionPluginTools - 4013 nuclei detected (processing time: 23.28 seconds)
2024-10-23 02:40:22 INFO: 02:40:22.640 [main] [INFO ] q.l.p.CommandLineTaskRunner$CommandLineProgressMonitor - 4013 nuclei detected (95%)
2024-10-23 02:40:22 INFO: 02:40:22.684 [task-runner-1-10] [INFO ] q.lib.plugins.DetectionPluginTools - 3890 nuclei detected (processing time: 23.32 seconds)
2024-10-23 02:40:22 INFO: 02:40:22.685 [main] [INFO ] q.l.p.CommandLineTaskRunner$CommandLineProgressMonitor - 3890 nuclei detected (96%)
2024-10-23 02:40:23 INFO: 02:40:23.084 [task-runner-1-22] [INFO ] q.lib.plugins.DetectionPluginTools - 4839 nuclei detected (processing time: 22.80 seconds)
2024-10-23 02:40:23 INFO: 02:40:23.085 [main] [INFO ] q.l.p.CommandLineTaskRunner$CommandLineProgressMonitor - 4839 nuclei detected (96%)
2024-10-23 02:40:23 INFO: 02:40:23.166 [task-runner-1-3] [INFO ] q.lib.plugins.DetectionPluginTools - 6077 nuclei detected (processing time: 23.81 seconds)
2024-10-23 02:40:23 INFO: 02:40:23.167 [main] [INFO ] q.l.p.CommandLineTaskRunner$CommandLineProgressMonitor - 6077 nuclei detected (97%)
2024-10-23 02:40:23 INFO: 02:40:23.220 [task-runner-1-44] [INFO ] q.lib.plugins.DetectionPluginTools - 3587 nuclei detected (processing time: 16.99 seconds)
2024-10-23 02:40:23 INFO: 02:40:23.221 [main] [INFO ] q.l.p.CommandLineTaskRunner$CommandLineProgressMonitor - 3587 nuclei detected (98%)
2024-10-23 02:40:23 INFO: 02:40:23.626 [task-runner-1-39] [INFO ] q.lib.plugins.DetectionPluginTools - 4720 nuclei detected (processing time: 17.25 seconds)
2024-10-23 02:40:23 INFO: 02:40:23.627 [main] [INFO ] q.l.p.CommandLineTaskRunner$CommandLineProgressMonitor - 4720 nuclei detected (98%)
2024-10-23 02:40:24 INFO: 02:40:24.238 [task-runner-1-57] [INFO ] q.lib.plugins.DetectionPluginTools - 5264 nuclei detected (processing time: 17.35 seconds)
2024-10-23 02:40:24 INFO: 02:40:24.238 [main] [INFO ] q.l.p.CommandLineTaskRunner$CommandLineProgressMonitor - 5264 nuclei detected (99%)
2024-10-23 02:40:24 INFO: 02:40:24.326 [task-runner-1-9] [INFO ] q.lib.plugins.DetectionPluginTools - 4311 nuclei detected (processing time: 17.43 seconds)
2024-10-23 02:40:24 INFO: 02:40:24.327 [main] [INFO ] q.l.p.CommandLineTaskRunner$CommandLineProgressMonitor - 4311 nuclei detected (99%)
2024-10-23 02:40:24 INFO: 02:40:24.545 [task-runner-1-38] [INFO ] q.lib.plugins.DetectionPluginTools - 5062 nuclei detected (processing time: 17.88 seconds)
2024-10-23 02:40:24 INFO: 02:40:24.546 [main] [INFO ] q.l.p.CommandLineTaskRunner$CommandLineProgressMonitor - 5062 nuclei detected (100%)
2024-10-23 02:40:24 INFO: 02:40:24.546 [main] [INFO ] q.l.p.CommandLineTaskRunner$CommandLineProgressMonitor - Processing complete in 39.91 seconds
2024-10-23 02:40:24 INFO: 02:40:24.546 [main] [INFO ] q.l.p.CommandLineTaskRunner$CommandLineProgressMonitor - Tasks completed!
2024-10-23 02:40:33 INFO: 02:40:33.107 [main] [WARN ] q.l.p.objects.SmoothFeaturesPlugin - Smoothing using annotations
2024-10-23 02:40:35 INFO: 02:40:35.980 [main] [INFO ] q.l.p.CommandLineTaskRunner$CommandLineProgressMonitor - Completed (100%)
2024-10-23 02:40:35 INFO: 02:40:35.980 [main] [INFO ] q.l.p.CommandLineTaskRunner$CommandLineProgressMonitor - Processing complete in 2.87 seconds
2024-10-23 02:40:35 INFO: 02:40:35.980 [main] [INFO ] q.l.p.CommandLineTaskRunner$CommandLineProgressMonitor - Tasks completed!
2024-10-23 02:40:35 INFO: 02:40:35.982 [main] [WARN ] q.l.p.objects.SmoothFeaturesPlugin - Smoothing using annotations
2024-10-23 02:40:41 INFO: 02:40:41.348 [main] [INFO ] q.l.p.CommandLineTaskRunner$CommandLineProgressMonitor - Completed (100%)
2024-10-23 02:40:41 INFO: 02:40:41.348 [main] [INFO ] q.l.p.CommandLineTaskRunner$CommandLineProgressMonitor - Processing complete in 5.37 seconds
2024-10-23 02:40:41 INFO: 02:40:41.348 [main] [INFO ] q.l.p.CommandLineTaskRunner$CommandLineProgressMonitor - Tasks completed!
2024-10-23 02:40:41 INFO: 02:40:41.350 [main] [WARN ] q.l.p.objects.SmoothFeaturesPlugin - Smoothing using annotations
2024-10-23 02:40:57 INFO: 02:40:57.607 [main] [INFO ] q.l.p.CommandLineTaskRunner$CommandLineProgressMonitor - Completed (100%)
2024-10-23 02:40:57 INFO: 02:40:57.607 [main] [INFO ] q.l.p.CommandLineTaskRunner$CommandLineProgressMonitor - Processing complete in 16.26 seconds
2024-10-23 02:40:57 INFO: 02:40:57.607 [main] [INFO ] q.l.p.CommandLineTaskRunner$CommandLineProgressMonitor - Tasks completed!
2024-10-23 02:40:57 INFO: 02:40:57.802 [task-runner-5-2] [INFO ] q.l.a.IntensityFeaturesPlugin - Splitting Rectangle (0, 0, 63784, 39311) into 40 tiles for intensity measurements
2024-10-23 02:40:57 INFO: 02:40:57.966 [main] [INFO ] q.l.p.CommandLineTaskRunner$CommandLineProgressMonitor - Completed (0%)
2024-10-23 02:40:58 INFO: 02:40:58.876 [main] [INFO ] q.l.p.CommandLineTaskRunner$CommandLineProgressMonitor - Completed (1%)
2024-10-23 02:40:59 INFO: 02:40:59.409 [main] [INFO ] q.l.p.CommandLineTaskRunner$CommandLineProgressMonitor - Completed (2%)
2024-10-23 02:40:59 INFO: 02:40:59.516 [main] [INFO ] q.l.p.CommandLineTaskRunner$CommandLineProgressMonitor - Completed (3%)
2024-10-23 02:40:59 INFO: 02:40:59.635 [main] [INFO ] q.l.p.CommandLineTaskRunner$CommandLineProgressMonitor - Completed (4%)
2024-10-23 02:40:59 INFO: 02:40:59.766 [main] [INFO ] q.l.p.CommandLineTaskRunner$CommandLineProgressMonitor - Completed (5%)
2024-10-23 02:41:00 INFO: 02:41:00.199 [main] [INFO ] q.l.p.CommandLineTaskRunner$CommandLineProgressMonitor - Completed (6%)
2024-10-23 02:41:00 INFO: 02:41:00.285 [main] [INFO ] q.l.p.CommandLineTaskRunner$CommandLineProgressMonitor - Completed (7%)
2024-10-23 02:41:00 INFO: 02:41:00.374 [main] [INFO ] q.l.p.CommandLineTaskRunner$CommandLineProgressMonitor - Completed (8%)
2024-10-23 02:41:00 INFO: 02:41:00.459 [main] [INFO ] q.l.p.CommandLineTaskRunner$CommandLineProgressMonitor - Completed (9%)
2024-10-23 02:41:00 INFO: 02:41:00.556 [main] [INFO ] q.l.p.CommandLineTaskRunner$CommandLineProgressMonitor - Completed (10%)
2024-10-23 02:41:00 INFO: 02:41:00.644 [main] [INFO ] q.l.p.CommandLineTaskRunner$CommandLineProgressMonitor - Completed (11%)
2024-10-23 02:41:01 INFO: 02:41:01.047 [main] [INFO ] q.l.p.CommandLineTaskRunner$CommandLineProgressMonitor - Completed (12%)
2024-10-23 02:41:01 INFO: 02:41:01.142 [main] [INFO ] q.l.p.CommandLineTaskRunner$CommandLineProgressMonitor - Completed (13%)
2024-10-23 02:41:01 INFO: 02:41:01.238 [main] [INFO ] q.l.p.CommandLineTaskRunner$CommandLineProgressMonitor - Completed (14%)
2024-10-23 02:41:01 INFO: 02:41:01.377 [main] [INFO ] q.l.p.CommandLineTaskRunner$CommandLineProgressMonitor - Completed (15%)
2024-10-23 02:41:01 INFO: 02:41:01.472 [main] [INFO ] q.l.p.CommandLineTaskRunner$CommandLineProgressMonitor - Completed (16%)
2024-10-23 02:41:01 INFO: 02:41:01.853 [main] [INFO ] q.l.p.CommandLineTaskRunner$CommandLineProgressMonitor - Completed (17%)
2024-10-23 02:41:01 INFO: 02:41:01.953 [main] [INFO ] q.l.p.CommandLineTaskRunner$CommandLineProgressMonitor - Completed (18%)
2024-10-23 02:41:02 INFO: 02:41:02.052 [main] [INFO ] q.l.p.CommandLineTaskRunner$CommandLineProgressMonitor - Completed (19%)
2024-10-23 02:41:02 INFO: 02:41:02.152 [main] [INFO ] q.l.p.CommandLineTaskRunner$CommandLineProgressMonitor - Completed (20%)
2024-10-23 02:41:02 INFO: 02:41:02.253 [main] [INFO ] q.l.p.CommandLineTaskRunner$CommandLineProgressMonitor - Completed (21%)
2024-10-23 02:41:02 INFO: 02:41:02.357 [main] [INFO ] q.l.p.CommandLineTaskRunner$CommandLineProgressMonitor - Completed (22%)
2024-10-23 02:41:02 INFO: 02:41:02.460 [main] [INFO ] q.l.p.CommandLineTaskRunner$CommandLineProgressMonitor - Completed (23%)
2024-10-23 02:41:02 INFO: 02:41:02.560 [main] [INFO ] q.l.p.CommandLineTaskRunner$CommandLineProgressMonitor - Completed (24%)
2024-10-23 02:41:02 INFO: 02:41:02.664 [main] [INFO ] q.l.p.CommandLineTaskRunner$CommandLineProgressMonitor - Completed (25%)
2024-10-23 02:41:02 INFO: 02:41:02.753 [main] [INFO ] q.l.p.CommandLineTaskRunner$CommandLineProgressMonitor - Completed (26%)
2024-10-23 02:41:02 INFO: 02:41:02.847 [main] [INFO ] q.l.p.CommandLineTaskRunner$CommandLineProgressMonitor - Completed (27%)
2024-10-23 02:41:02 INFO: 02:41:02.971 [main] [INFO ] q.l.p.CommandLineTaskRunner$CommandLineProgressMonitor - Completed (28%)
2024-10-23 02:41:03 INFO: 02:41:03.289 [main] [INFO ] q.l.p.CommandLineTaskRunner$CommandLineProgressMonitor - Completed (29%)
2024-10-23 02:41:03 INFO: 02:41:03.394 [main] [INFO ] q.l.p.CommandLineTaskRunner$CommandLineProgressMonitor - Completed (30%)
2024-10-23 02:41:03 INFO: 02:41:03.484 [main] [INFO ] q.l.p.CommandLineTaskRunner$CommandLineProgressMonitor - Completed (31%)
2024-10-23 02:41:03 INFO: 02:41:03.565 [main] [INFO ] q.l.p.CommandLineTaskRunner$CommandLineProgressMonitor - Completed (32%)
2024-10-23 02:41:03 INFO: 02:41:03.651 [main] [INFO ] q.l.p.CommandLineTaskRunner$CommandLineProgressMonitor - Completed (33%)
2024-10-23 02:41:03 INFO: 02:41:03.734 [main] [INFO ] q.l.p.CommandLineTaskRunner$CommandLineProgressMonitor - Completed (34%)
2024-10-23 02:41:03 INFO: 02:41:03.832 [main] [INFO ] q.l.p.CommandLineTaskRunner$CommandLineProgressMonitor - Completed (35%)
2024-10-23 02:41:03 INFO: 02:41:03.915 [main] [INFO ] q.l.p.CommandLineTaskRunner$CommandLineProgressMonitor - Completed (36%)
2024-10-23 02:41:03 INFO: 02:41:03.997 [main] [INFO ] q.l.p.CommandLineTaskRunner$CommandLineProgressMonitor - Completed (37%)
2024-10-23 02:41:04 INFO: 02:41:04.086 [main] [INFO ] q.l.p.CommandLineTaskRunner$CommandLineProgressMonitor - Completed (38%)
2024-10-23 02:41:04 INFO: 02:41:04.171 [main] [INFO ] q.l.p.CommandLineTaskRunner$CommandLineProgressMonitor - Completed (39%)
2024-10-23 02:41:04 INFO: 02:41:04.292 [main] [INFO ] q.l.p.CommandLineTaskRunner$CommandLineProgressMonitor - Completed (40%)
2024-10-23 02:41:04 INFO: 02:41:04.421 [main] [INFO ] q.l.p.CommandLineTaskRunner$CommandLineProgressMonitor - Completed (41%)
2024-10-23 02:41:04 INFO: 02:41:04.622 [main] [INFO ] q.l.p.CommandLineTaskRunner$CommandLineProgressMonitor - Completed (42%)
2024-10-23 02:41:04 INFO: 02:41:04.709 [main] [INFO ] q.l.p.CommandLineTaskRunner$CommandLineProgressMonitor - Completed (43%)
2024-10-23 02:41:04 INFO: 02:41:04.794 [main] [INFO ] q.l.p.CommandLineTaskRunner$CommandLineProgressMonitor - Completed (44%)
2024-10-23 02:41:04 INFO: 02:41:04.881 [main] [INFO ] q.l.p.CommandLineTaskRunner$CommandLineProgressMonitor - Completed (45%)
2024-10-23 02:41:04 INFO: 02:41:04.970 [main] [INFO ] q.l.p.CommandLineTaskRunner$CommandLineProgressMonitor - Completed (46%)
2024-10-23 02:41:05 INFO: 02:41:05.083 [main] [INFO ] q.l.p.CommandLineTaskRunner$CommandLineProgressMonitor - Completed (47%)
2024-10-23 02:41:05 INFO: 02:41:05.201 [main] [INFO ] q.l.p.CommandLineTaskRunner$CommandLineProgressMonitor - Completed (48%)
2024-10-23 02:41:05 INFO: 02:41:05.299 [main] [INFO ] q.l.p.CommandLineTaskRunner$CommandLineProgressMonitor - Completed (49%)
2024-10-23 02:41:05 INFO: 02:41:05.387 [main] [INFO ] q.l.p.CommandLineTaskRunner$CommandLineProgressMonitor - Completed (50%)
2024-10-23 02:41:05 INFO: 02:41:05.473 [main] [INFO ] q.l.p.CommandLineTaskRunner$CommandLineProgressMonitor - Completed (51%)
2024-10-23 02:41:05 INFO: 02:41:05.570 [main] [INFO ] q.l.p.CommandLineTaskRunner$CommandLineProgressMonitor - Completed (52%)
2024-10-23 02:41:05 INFO: 02:41:05.703 [main] [INFO ] q.l.p.CommandLineTaskRunner$CommandLineProgressMonitor - Completed (53%)
2024-10-23 02:41:05 INFO: 02:41:05.833 [main] [INFO ] q.l.p.CommandLineTaskRunner$CommandLineProgressMonitor - Completed (54%)
2024-10-23 02:41:05 INFO: 02:41:05.917 [main] [INFO ] q.l.p.CommandLineTaskRunner$CommandLineProgressMonitor - Completed (55%)
2024-10-23 02:41:06 INFO: 02:41:06.012 [main] [INFO ] q.l.p.CommandLineTaskRunner$CommandLineProgressMonitor - Completed (56%)
2024-10-23 02:41:06 INFO: 02:41:06.134 [main] [INFO ] q.l.p.CommandLineTaskRunner$CommandLineProgressMonitor - Completed (57%)
2024-10-23 02:41:06 INFO: 02:41:06.279 [main] [INFO ] q.l.p.CommandLineTaskRunner$CommandLineProgressMonitor - Completed (58%)
2024-10-23 02:41:06 INFO: 02:41:06.413 [main] [INFO ] q.l.p.CommandLineTaskRunner$CommandLineProgressMonitor - Completed (59%)
2024-10-23 02:41:06 INFO: 02:41:06.553 [main] [INFO ] q.l.p.CommandLineTaskRunner$CommandLineProgressMonitor - Completed (60%)
2024-10-23 02:41:06 INFO: 02:41:06.695 [main] [INFO ] q.l.p.CommandLineTaskRunner$CommandLineProgressMonitor - Completed (61%)
2024-10-23 02:41:06 INFO: 02:41:06.846 [main] [INFO ] q.l.p.CommandLineTaskRunner$CommandLineProgressMonitor - Completed (62%)
2024-10-23 02:41:06 INFO: 02:41:06.995 [main] [INFO ] q.l.p.CommandLineTaskRunner$CommandLineProgressMonitor - Completed (63%)
2024-10-23 02:41:07 INFO: 02:41:07.190 [main] [INFO ] q.l.p.CommandLineTaskRunner$CommandLineProgressMonitor - Completed (64%)
2024-10-23 02:41:07 INFO: 02:41:07.341 [main] [INFO ] q.l.p.CommandLineTaskRunner$CommandLineProgressMonitor - Completed (65%)
2024-10-23 02:41:07 INFO: 02:41:07.489 [main] [INFO ] q.l.p.CommandLineTaskRunner$CommandLineProgressMonitor - Completed (66%)
2024-10-23 02:41:07 INFO: 02:41:07.628 [main] [INFO ] q.l.p.CommandLineTaskRunner$CommandLineProgressMonitor - Completed (67%)
2024-10-23 02:41:07 INFO: 02:41:07.773 [main] [INFO ] q.l.p.CommandLineTaskRunner$CommandLineProgressMonitor - Completed (68%)
2024-10-23 02:41:07 INFO: 02:41:07.920 [main] [INFO ] q.l.p.CommandLineTaskRunner$CommandLineProgressMonitor - Completed (69%)
2024-10-23 02:41:08 INFO: 02:41:08.224 [main] [INFO ] q.l.p.CommandLineTaskRunner$CommandLineProgressMonitor - Completed (70%)
2024-10-23 02:41:08 INFO: 02:41:08.311 [main] [INFO ] q.l.p.CommandLineTaskRunner$CommandLineProgressMonitor - Completed (71%)
2024-10-23 02:41:08 INFO: 02:41:08.406 [main] [INFO ] q.l.p.CommandLineTaskRunner$CommandLineProgressMonitor - Completed (72%)
2024-10-23 02:41:08 INFO: 02:41:08.521 [main] [INFO ] q.l.p.CommandLineTaskRunner$CommandLineProgressMonitor - Completed (73%)
2024-10-23 02:41:08 INFO: 02:41:08.661 [main] [INFO ] q.l.p.CommandLineTaskRunner$CommandLineProgressMonitor - Completed (74%)
2024-10-23 02:41:08 INFO: 02:41:08.791 [main] [INFO ] q.l.p.CommandLineTaskRunner$CommandLineProgressMonitor - Completed (75%)
2024-10-23 02:41:08 INFO: 02:41:08.924 [main] [INFO ] q.l.p.CommandLineTaskRunner$CommandLineProgressMonitor - Completed (76%)
2024-10-23 02:41:09 INFO: 02:41:09.059 [main] [INFO ] q.l.p.CommandLineTaskRunner$CommandLineProgressMonitor - Completed (77%)
2024-10-23 02:41:09 INFO: 02:41:09.191 [main] [INFO ] q.l.p.CommandLineTaskRunner$CommandLineProgressMonitor - Completed (78%)
2024-10-23 02:41:09 INFO: 02:41:09.325 [main] [INFO ] q.l.p.CommandLineTaskRunner$CommandLineProgressMonitor - Completed (79%)
2024-10-23 02:41:09 INFO: 02:41:09.445 [main] [INFO ] q.l.p.CommandLineTaskRunner$CommandLineProgressMonitor - Completed (80%)
2024-10-23 02:41:09 INFO: 02:41:09.538 [main] [INFO ] q.l.p.CommandLineTaskRunner$CommandLineProgressMonitor - Completed (81%)
2024-10-23 02:41:09 INFO: 02:41:09.653 [main] [INFO ] q.l.p.CommandLineTaskRunner$CommandLineProgressMonitor - Completed (82%)
2024-10-23 02:41:09 INFO: 02:41:09.756 [main] [INFO ] q.l.p.CommandLineTaskRunner$CommandLineProgressMonitor - Completed (83%)
2024-10-23 02:41:09 INFO: 02:41:09.856 [main] [INFO ] q.l.p.CommandLineTaskRunner$CommandLineProgressMonitor - Completed (84%)
2024-10-23 02:41:09 INFO: 02:41:09.945 [main] [INFO ] q.l.p.CommandLineTaskRunner$CommandLineProgressMonitor - Completed (85%)
2024-10-23 02:41:10 INFO: 02:41:10.037 [main] [INFO ] q.l.p.CommandLineTaskRunner$CommandLineProgressMonitor - Completed (86%)
2024-10-23 02:41:10 INFO: 02:41:10.123 [main] [INFO ] q.l.p.CommandLineTaskRunner$CommandLineProgressMonitor - Completed (87%)
2024-10-23 02:41:10 INFO: 02:41:10.211 [main] [INFO ] q.l.p.CommandLineTaskRunner$CommandLineProgressMonitor - Completed (88%)
2024-10-23 02:41:10 INFO: 02:41:10.305 [main] [INFO ] q.l.p.CommandLineTaskRunner$CommandLineProgressMonitor - Completed (89%)
2024-10-23 02:41:10 INFO: 02:41:10.384 [main] [INFO ] q.l.p.CommandLineTaskRunner$CommandLineProgressMonitor - Completed (90%)
2024-10-23 02:41:10 INFO: 02:41:10.470 [main] [INFO ] q.l.p.CommandLineTaskRunner$CommandLineProgressMonitor - Completed (91%)
2024-10-23 02:41:10 INFO: 02:41:10.630 [main] [INFO ] q.l.p.CommandLineTaskRunner$CommandLineProgressMonitor - Completed (92%)
2024-10-23 02:41:10 INFO: 02:41:10.757 [main] [INFO ] q.l.p.CommandLineTaskRunner$CommandLineProgressMonitor - Completed (93%)
2024-10-23 02:41:10 INFO: 02:41:10.892 [main] [INFO ] q.l.p.CommandLineTaskRunner$CommandLineProgressMonitor - Completed (94%)
2024-10-23 02:41:10 INFO: 02:41:10.996 [main] [INFO ] q.l.p.CommandLineTaskRunner$CommandLineProgressMonitor - Completed (95%)
2024-10-23 02:41:11 INFO: 02:41:11.082 [main] [INFO ] q.l.p.CommandLineTaskRunner$CommandLineProgressMonitor - Completed (96%)
2024-10-23 02:41:11 INFO: 02:41:11.174 [main] [INFO ] q.l.p.CommandLineTaskRunner$CommandLineProgressMonitor - Completed (97%)
2024-10-23 02:41:11 INFO: 02:41:11.275 [main] [INFO ] q.l.p.CommandLineTaskRunner$CommandLineProgressMonitor - Completed (98%)
2024-10-23 02:41:11 INFO: 02:41:11.360 [main] [INFO ] q.l.p.CommandLineTaskRunner$CommandLineProgressMonitor - Completed (99%)
2024-10-23 02:41:11 INFO: 02:41:11.448 [main] [INFO ] q.l.p.CommandLineTaskRunner$CommandLineProgressMonitor - Completed (100%)
2024-10-23 02:42:06 INFO: 02:42:06.604 [main] [INFO ] q.l.p.CommandLineTaskRunner$CommandLineProgressMonitor - Completed (100%)
2024-10-23 02:42:06 INFO: 02:42:06.606 [main] [INFO ] q.l.p.CommandLineTaskRunner$CommandLineProgressMonitor - Processing complete in 68.82 seconds
2024-10-23 02:42:06 INFO: 02:42:06.606 [main] [INFO ] q.l.p.CommandLineTaskRunner$CommandLineProgressMonitor - Tasks completed!
2024-10-23 02:44:00 INFO: 02:44:00.229 [task-runner-6-1] [WARN ] q.o.features.DelaunayTriangulation - Some objects have missing measurements! Statistics will calculated only for objects with measurements available.
2024-10-23 02:44:00 INFO: 02:44:00.230 [task-runner-6-1] [WARN ] q.o.features.DelaunayTriangulation - Missing measurements: [ROI: 1.00 m per pixel: Residual: Haralick Correlation (F2), ROI: 1.00 m per pixel: Residual: Haralick Information measure of correlation 1 (F11), ROI: 1.00 m per pixel: Residual: Haralick Information measure of correlation 2 (F12)]
2024-10-23 02:44:00 INFO: 02:44:00.250 [main] [INFO ] q.l.p.CommandLineTaskRunner$CommandLineProgressMonitor - Delaunay triangulation calculated for Annotation (182422 objects) (100%)
2024-10-23 02:44:00 INFO: 02:44:00.251 [main] [INFO ] q.l.p.CommandLineTaskRunner$CommandLineProgressMonitor - Processing complete in 113.60 seconds
2024-10-23 02:44:00 INFO: 02:44:00.251 [main] [INFO ] q.l.p.CommandLineTaskRunner$CommandLineProgressMonitor - Tasks completed!
2024-10-23 02:46:05 INFO: TCGA-GI-A2C8-01Z-00-DX1.09BD8AC9-645A-4C8B-9B36-77D833BDBA09
2024-10-23 02:46:05 INFO: QuPath subprocess completed.
2024-10-23 02:46:15 INFO: QuPath image extraction completed successfully. Output directory: /home/ilants/Documents/jupyter_test/single_image_multiple_params/exp_minAreaMicrons_13.0
2024-10-23 02:46:15 INFO: Summary table saved to: /home/ilants/Documents/jupyter_test/single_image_multiple_params/exp_minAreaMicrons_13.0/Summary_Table.csv
2024-10-23 02:46:15 INFO: Experiment completed successfully.
