2024-10-23 01:15:07 INFO: Starting experiment with for sigmaMicrons with value of 1.5
2024-10-23 01:15:07 INFO: Running with the following configuration:
{'detectionImageBrightfield': 'Hematoxylin OD', 'requestedPixelSizeMicrons': 0.5, 'backgroundRadiusMicrons': 4.0, 'backgroundByReconstruction': True, 'medianRadiusMicrons': 0.0, 'sigmaMicrons': 1.5, 'minAreaMicrons': 10.0, 'maxAreaMicrons': 80.0, 'threshold': 0.1, 'maxBackground': 2.0, 'watershedPostProcess': True, 'cellExpansionMicrons': 5.0, 'includeNuclei': True, 'smoothBoundaries': True, 'makeMeasurements': True, 'backgroundRadiusPixel': 8.0, 'cellExpansionPixel': 10.0, 'medianRadiusPixel': 0.0, 'minAreaPixel': 20.0, 'maxAreaPixel': 160.0}
2024-10-23 01:15:07 INFO: Starting QuPath image extraction with the following parameters: image_dir=/home/ilants/Documents/jupyter_test, output_dir=/home/ilants/Documents/jupyter_test/single_image_multiple_params/exp_sigmaMicrons_1.5, image_type=svs, groovy_script=/home/ilants/Documents/utls/nucleus_detection_wargs.groovy, config_file=/home/ilants/Documents/jupyter_test/single_image_multiple_params/exp_sigmaMicrons_1.5/cfg.json, program_path=/home/ilants/Documents/QuPath-v0.5.1-Linux/QuPath/bin/QuPath
2024-10-23 01:15:08 INFO: 01:15:08.341 [main] [INFO ] qupath.lib.gui.prefs.PathPrefs - Setting default Locale to en_US
2024-10-23 01:15:08 INFO: 01:15:08.344 [main] [INFO ] qupath.lib.gui.prefs.PathPrefs - Setting Locale for FORMAT to en_US
2024-10-23 01:15:08 INFO: 01:15:08.344 [main] [INFO ] qupath.lib.gui.prefs.PathPrefs - Setting Locale for DISPLAY to en_US
2024-10-23 01:15:08 INFO: 01:15:08.358 [main] [INFO ] qupath.lib.common.ThreadTools - Setting parallelism to 63
2024-10-23 01:15:08 INFO: 01:15:08.376 [main] [INFO ] qupath.ScriptCommand - Setting tile cache size to 32200.00 MB (25.0% max memory)
2024-10-23 01:15:08 INFO: 01:15:08.434 [main] [INFO ] qupath.lib.scripting.QP - Initializing type adapters
2024-10-23 01:15:08 INFO: Warning: Versions of org.bytedeco:javacpp:1.5.9 and org.bytedeco:opencv:4.6.0-1.5.8 do not match.
2024-10-23 01:15:08 INFO: Warning: Versions of org.bytedeco:javacpp:1.5.9 and org.bytedeco:openblas:0.3.21-1.5.8 do not match.
2024-10-23 01:15:10 INFO: project parameters are: {"detectionImageBrightfield": "Hematoxylin OD","requestedPixelSizeMicrons": 0.5,"backgroundRadiusMicrons": 4.0,"backgroundByReconstruction": true,"medianRadiusMicrons": 0.0,"sigmaMicrons": 1.5,"minAreaMicrons": 10.0,"maxAreaMicrons": 80.0,"threshold": 0.1,"maxBackground": 2.0,"watershedPostProcess": true,"cellExpansionMicrons": 5.0,"includeNuclei": true,"smoothBoundaries": true,"makeMeasurements": true,"backgroundRadiusPixel": 8.0,"cellExpansionPixel": 10.0,"medianRadiusPixel": 0.0,"minAreaPixel": 20.0,"maxAreaPixel": 160.0}
2024-10-23 01:15:10 INFO: New project created at: /home/ilants/Documents/jupyter_test/single_image_multiple_params/exp_sigmaMicrons_1.5/QPProject
2024-10-23 01:15:10 INFO: Added: /home/ilants/Documents/jupyter_test/TCGA-GI-A2C8-01Z-00-DX1.09BD8AC9-645A-4C8B-9B36-77D833BDBA09.svs
2024-10-23 01:15:10 INFO: /home/ilants/Documents/jupyter_test/TCGA-GI-A2C8-01Z-00-DX1.09BD8AC9-645A-4C8B-9B36-77D833BDBA09.svs
2024-10-23 01:15:10 INFO: 01:15:10.512 [main] [INFO ] q.l.i.s.b.BioFormatsServerOptions - Setting max Bio-Formats readers to 32
2024-10-23 01:15:11 INFO: UriImageSupport (class qupath.lib.images.servers.bioformats.BioFormatsServerBuilder) support=3.0, builders=1
2024-10-23 01:15:11 INFO: true
2024-10-23 01:15:11 INFO: 01:15:11.200 [main] [WARN ] qupath.lib.scripting.QP - createSelectAllObject(boolean) is deprecated, use createFullImageAnnotation(boolean) instead
2024-10-23 01:15:11 INFO: 01:15:11.200 [main] [WARN ] qupath.lib.scripting.QP - createSelectAllObject(boolean, int, int) is deprecated, use createFullImageAnnotation(boolean, int, int) instead
2024-10-23 01:15:11 INFO: 01:15:11.211 [main] [WARN ] q.l.plugins.parameters.ParameterList - Unable to set parameter backgroundRadiusPixel with value 8.0
2024-10-23 01:15:11 INFO: 01:15:11.211 [main] [WARN ] q.l.plugins.parameters.ParameterList - Unable to set parameter cellExpansionPixel with value 10.0
2024-10-23 01:15:11 INFO: 01:15:11.211 [main] [WARN ] q.l.plugins.parameters.ParameterList - Unable to set parameter medianRadiusPixel with value 0.0
2024-10-23 01:15:11 INFO: 01:15:11.211 [main] [WARN ] q.l.plugins.parameters.ParameterList - Unable to set parameter minAreaPixel with value 20.0
2024-10-23 01:15:11 INFO: 01:15:11.211 [main] [WARN ] q.l.plugins.parameters.ParameterList - Unable to set parameter maxAreaPixel with value 160.0
2024-10-23 01:15:25 INFO: 01:15:25.490 [task-runner-1-48] [INFO ] q.lib.plugins.DetectionPluginTools - 0 nuclei detected (processing time: 14.16 seconds)
2024-10-23 01:15:25 INFO: 01:15:25.490 [task-runner-1-9] [INFO ] q.lib.plugins.DetectionPluginTools - 0 nuclei detected (processing time: 14.16 seconds)
2024-10-23 01:15:25 INFO: 01:15:25.490 [task-runner-1-16] [INFO ] q.lib.plugins.DetectionPluginTools - 0 nuclei detected (processing time: 14.16 seconds)
2024-10-23 01:15:25 INFO: 01:15:25.491 [task-runner-1-7] [INFO ] q.lib.plugins.DetectionPluginTools - 1 nucleus detected (processing time: 14.16 seconds)
2024-10-23 01:15:25 INFO: 01:15:25.491 [task-runner-1-3] [INFO ] q.lib.plugins.DetectionPluginTools - 0 nuclei detected (processing time: 14.16 seconds)
2024-10-23 01:15:25 INFO: 01:15:25.490 [task-runner-1-4] [INFO ] q.lib.plugins.DetectionPluginTools - 0 nuclei detected (processing time: 14.16 seconds)
2024-10-23 01:15:25 INFO: 01:15:25.492 [task-runner-1-10] [INFO ] q.lib.plugins.DetectionPluginTools - 1 nucleus detected (processing time: 14.16 seconds)
2024-10-23 01:15:25 INFO: 01:15:25.493 [main] [INFO ] q.l.p.CommandLineTaskRunner$CommandLineProgressMonitor - 0 nuclei detected (1%)
2024-10-23 01:15:25 INFO: 01:15:25.493 [main] [INFO ] q.l.p.CommandLineTaskRunner$CommandLineProgressMonitor - 0 nuclei detected (2%)
2024-10-23 01:15:25 INFO: 01:15:25.493 [main] [INFO ] q.l.p.CommandLineTaskRunner$CommandLineProgressMonitor - 1 nucleus detected (3%)
2024-10-23 01:15:25 INFO: 01:15:25.493 [main] [INFO ] q.l.p.CommandLineTaskRunner$CommandLineProgressMonitor - 0 nuclei detected (3%)
2024-10-23 01:15:25 INFO: 01:15:25.493 [main] [INFO ] q.l.p.CommandLineTaskRunner$CommandLineProgressMonitor - 0 nuclei detected (4%)
2024-10-23 01:15:25 INFO: 01:15:25.493 [main] [INFO ] q.l.p.CommandLineTaskRunner$CommandLineProgressMonitor - 1 nucleus detected (4%)
2024-10-23 01:15:25 INFO: 01:15:25.493 [task-runner-1-1] [INFO ] q.lib.plugins.DetectionPluginTools - 0 nuclei detected (processing time: 14.17 seconds)
2024-10-23 01:15:25 INFO: 01:15:25.493 [task-runner-1-30] [INFO ] q.lib.plugins.DetectionPluginTools - 1 nucleus detected (processing time: 14.16 seconds)
2024-10-23 01:15:25 INFO: 01:15:25.493 [main] [INFO ] q.l.p.CommandLineTaskRunner$CommandLineProgressMonitor - 0 nuclei detected (5%)
2024-10-23 01:15:25 INFO: 01:15:25.493 [main] [INFO ] q.l.p.CommandLineTaskRunner$CommandLineProgressMonitor - 1 nucleus detected (6%)
2024-10-23 01:15:25 INFO: 01:15:25.493 [task-runner-1-32] [INFO ] q.lib.plugins.DetectionPluginTools - 0 nuclei detected (processing time: 14.16 seconds)
2024-10-23 01:15:25 INFO: 01:15:25.494 [main] [INFO ] q.l.p.CommandLineTaskRunner$CommandLineProgressMonitor - 0 nuclei detected (6%)
2024-10-23 01:15:25 INFO: 01:15:25.494 [task-runner-1-15] [INFO ] q.lib.plugins.DetectionPluginTools - 0 nuclei detected (processing time: 14.17 seconds)
2024-10-23 01:15:25 INFO: 01:15:25.494 [main] [INFO ] q.l.p.CommandLineTaskRunner$CommandLineProgressMonitor - 0 nuclei detected (7%)
2024-10-23 01:15:25 INFO: 01:15:25.494 [task-runner-1-11] [INFO ] q.lib.plugins.DetectionPluginTools - 1 nucleus detected (processing time: 14.17 seconds)
2024-10-23 01:15:25 INFO: 01:15:25.494 [main] [INFO ] q.l.p.CommandLineTaskRunner$CommandLineProgressMonitor - 1 nucleus detected (8%)
2024-10-23 01:15:25 INFO: 01:15:25.495 [task-runner-1-27] [INFO ] q.lib.plugins.DetectionPluginTools - 1 nucleus detected (processing time: 14.16 seconds)
2024-10-23 01:15:25 INFO: 01:15:25.497 [task-runner-1-8] [INFO ] q.lib.plugins.DetectionPluginTools - 2 nuclei detected (processing time: 14.17 seconds)
2024-10-23 01:15:25 INFO: 01:15:25.497 [main] [INFO ] q.l.p.CommandLineTaskRunner$CommandLineProgressMonitor - 2 nuclei detected (9%)
2024-10-23 01:15:25 INFO: 01:15:25.497 [task-runner-1-2] [INFO ] q.lib.plugins.DetectionPluginTools - 2 nuclei detected (processing time: 14.17 seconds)
2024-10-23 01:15:25 INFO: 01:15:25.509 [task-runner-1-14] [INFO ] q.lib.plugins.DetectionPluginTools - 2 nuclei detected (processing time: 14.18 seconds)
2024-10-23 01:15:25 INFO: 01:15:25.509 [main] [INFO ] q.l.p.CommandLineTaskRunner$CommandLineProgressMonitor - 2 nuclei detected (10%)
2024-10-23 01:15:25 INFO: 01:15:25.513 [task-runner-1-6] [INFO ] q.lib.plugins.DetectionPluginTools - 6 nuclei detected (processing time: 14.19 seconds)
2024-10-23 01:15:25 INFO: 01:15:25.514 [main] [INFO ] q.l.p.CommandLineTaskRunner$CommandLineProgressMonitor - 6 nuclei detected (11%)
2024-10-23 01:15:25 INFO: 01:15:25.518 [task-runner-1-13] [INFO ] q.lib.plugins.DetectionPluginTools - 8 nuclei detected (processing time: 14.19 seconds)
2024-10-23 01:15:25 INFO: 01:15:25.519 [task-runner-1-29] [INFO ] q.lib.plugins.DetectionPluginTools - 5 nuclei detected (processing time: 14.19 seconds)
2024-10-23 01:15:25 INFO: 01:15:25.519 [main] [INFO ] q.l.p.CommandLineTaskRunner$CommandLineProgressMonitor - 8 nuclei detected (11%)
2024-10-23 01:15:25 INFO: 01:15:25.519 [main] [INFO ] q.l.p.CommandLineTaskRunner$CommandLineProgressMonitor - 5 nuclei detected (12%)
2024-10-23 01:15:25 INFO: 01:15:25.526 [task-runner-1-47] [INFO ] q.lib.plugins.DetectionPluginTools - 7 nuclei detected (processing time: 14.19 seconds)
2024-10-23 01:15:25 INFO: 01:15:25.528 [main] [INFO ] q.l.p.CommandLineTaskRunner$CommandLineProgressMonitor - 7 nuclei detected (13%)
2024-10-23 01:15:25 INFO: 01:15:25.530 [task-runner-1-31] [INFO ] q.lib.plugins.DetectionPluginTools - 13 nuclei detected (processing time: 14.20 seconds)
2024-10-23 01:15:25 INFO: 01:15:25.532 [main] [INFO ] q.l.p.CommandLineTaskRunner$CommandLineProgressMonitor - 13 nuclei detected (13%)
2024-10-23 01:15:25 INFO: 01:15:25.552 [task-runner-1-28] [INFO ] q.lib.plugins.DetectionPluginTools - 21 nuclei detected (processing time: 14.22 seconds)
2024-10-23 01:15:25 INFO: 01:15:25.554 [main] [INFO ] q.l.p.CommandLineTaskRunner$CommandLineProgressMonitor - 21 nuclei detected (14%)
2024-10-23 01:15:25 INFO: 01:15:25.636 [task-runner-1-26] [INFO ] q.lib.plugins.DetectionPluginTools - 50 nuclei detected (processing time: 14.31 seconds)
2024-10-23 01:15:25 INFO: 01:15:25.637 [main] [INFO ] q.l.p.CommandLineTaskRunner$CommandLineProgressMonitor - 50 nuclei detected (14%)
2024-10-23 01:15:25 INFO: 01:15:25.651 [task-runner-1-5] [INFO ] q.lib.plugins.DetectionPluginTools - 61 nuclei detected (processing time: 14.32 seconds)
2024-10-23 01:15:25 INFO: 01:15:25.652 [main] [INFO ] q.l.p.CommandLineTaskRunner$CommandLineProgressMonitor - 61 nuclei detected (15%)
2024-10-23 01:15:25 INFO: 01:15:25.657 [task-runner-1-46] [INFO ] q.lib.plugins.DetectionPluginTools - 58 nuclei detected (processing time: 14.32 seconds)
2024-10-23 01:15:25 INFO: 01:15:25.658 [main] [INFO ] q.l.p.CommandLineTaskRunner$CommandLineProgressMonitor - 58 nuclei detected (16%)
2024-10-23 01:15:25 INFO: 01:15:25.721 [task-runner-1-45] [INFO ] q.lib.plugins.DetectionPluginTools - 115 nuclei detected (processing time: 14.39 seconds)
2024-10-23 01:15:25 INFO: 01:15:25.722 [main] [INFO ] q.l.p.CommandLineTaskRunner$CommandLineProgressMonitor - 115 nuclei detected (16%)
2024-10-23 01:15:25 INFO: 01:15:25.925 [task-runner-1-19] [INFO ] q.lib.plugins.DetectionPluginTools - 153 nuclei detected (processing time: 14.60 seconds)
2024-10-23 01:15:25 INFO: 01:15:25.926 [main] [INFO ] q.l.p.CommandLineTaskRunner$CommandLineProgressMonitor - 153 nuclei detected (17%)
2024-10-23 01:15:25 INFO: 01:15:25.972 [task-runner-1-63] [INFO ] q.lib.plugins.DetectionPluginTools - 150 nuclei detected (processing time: 14.64 seconds)
2024-10-23 01:15:25 INFO: 01:15:25.973 [main] [INFO ] q.l.p.CommandLineTaskRunner$CommandLineProgressMonitor - 150 nuclei detected (18%)
2024-10-23 01:15:26 INFO: 01:15:26.068 [task-runner-1-18] [INFO ] q.lib.plugins.DetectionPluginTools - 252 nuclei detected (processing time: 14.74 seconds)
2024-10-23 01:15:26 INFO: 01:15:26.071 [main] [INFO ] q.l.p.CommandLineTaskRunner$CommandLineProgressMonitor - 252 nuclei detected (18%)
2024-10-23 01:15:26 INFO: 01:15:26.080 [task-runner-1-62] [INFO ] q.lib.plugins.DetectionPluginTools - 219 nuclei detected (processing time: 14.74 seconds)
2024-10-23 01:15:26 INFO: 01:15:26.080 [main] [INFO ] q.l.p.CommandLineTaskRunner$CommandLineProgressMonitor - 219 nuclei detected (19%)
2024-10-23 01:15:26 INFO: 01:15:26.138 [task-runner-1-25] [INFO ] q.lib.plugins.DetectionPluginTools - 355 nuclei detected (processing time: 14.81 seconds)
2024-10-23 01:15:26 INFO: 01:15:26.140 [main] [INFO ] q.l.p.CommandLineTaskRunner$CommandLineProgressMonitor - 355 nuclei detected (19%)
2024-10-23 01:15:26 INFO: 01:15:26.164 [task-runner-1-50] [INFO ] q.lib.plugins.DetectionPluginTools - 331 nuclei detected (processing time: 14.83 seconds)
2024-10-23 01:15:26 INFO: 01:15:26.164 [main] [INFO ] q.l.p.CommandLineTaskRunner$CommandLineProgressMonitor - 331 nuclei detected (20%)
2024-10-23 01:15:26 INFO: 01:15:26.230 [task-runner-1-34] [INFO ] q.lib.plugins.DetectionPluginTools - 407 nuclei detected (processing time: 14.88 seconds)
2024-10-23 01:15:26 INFO: 01:15:26.231 [main] [INFO ] q.l.p.CommandLineTaskRunner$CommandLineProgressMonitor - 407 nuclei detected (21%)
2024-10-23 01:15:26 INFO: 01:15:26.342 [task-runner-1-20] [INFO ] q.lib.plugins.DetectionPluginTools - 688 nuclei detected (processing time: 15.01 seconds)
2024-10-23 01:15:26 INFO: 01:15:26.344 [main] [INFO ] q.l.p.CommandLineTaskRunner$CommandLineProgressMonitor - 688 nuclei detected (21%)
2024-10-23 01:15:26 INFO: 01:15:26.552 [task-runner-1-24] [INFO ] q.lib.plugins.DetectionPluginTools - 1021 nuclei detected (processing time: 15.22 seconds)
2024-10-23 01:15:26 INFO: 01:15:26.554 [main] [INFO ] q.l.p.CommandLineTaskRunner$CommandLineProgressMonitor - 1021 nuclei detected (22%)
2024-10-23 01:15:26 INFO: 01:15:26.584 [task-runner-1-43] [INFO ] q.lib.plugins.DetectionPluginTools - 1000 nuclei detected (processing time: 15.25 seconds)
2024-10-23 01:15:26 INFO: 01:15:26.586 [main] [INFO ] q.l.p.CommandLineTaskRunner$CommandLineProgressMonitor - 1000 nuclei detected (23%)
2024-10-23 01:15:28 INFO: 01:15:28.019 [task-runner-1-17] [INFO ] q.lib.plugins.DetectionPluginTools - 3 nuclei detected (processing time: 16.69 seconds)
2024-10-23 01:15:28 INFO: 01:15:28.019 [task-runner-1-12] [INFO ] q.lib.plugins.DetectionPluginTools - 0 nuclei detected (processing time: 16.69 seconds)
2024-10-23 01:15:28 INFO: 01:15:28.020 [main] [INFO ] q.l.p.CommandLineTaskRunner$CommandLineProgressMonitor - 0 nuclei detected (23%)
2024-10-23 01:15:28 INFO: 01:15:28.020 [main] [INFO ] q.l.p.CommandLineTaskRunner$CommandLineProgressMonitor - 3 nuclei detected (24%)
2024-10-23 01:15:28 INFO: 01:15:28.064 [task-runner-1-49] [INFO ] q.lib.plugins.DetectionPluginTools - 131 nuclei detected (processing time: 16.73 seconds)
2024-10-23 01:15:28 INFO: 01:15:28.065 [main] [INFO ] q.l.p.CommandLineTaskRunner$CommandLineProgressMonitor - 131 nuclei detected (24%)
2024-10-23 01:15:28 INFO: 01:15:28.083 [task-runner-1-33] [INFO ] q.lib.plugins.DetectionPluginTools - 237 nuclei detected (processing time: 16.75 seconds)
2024-10-23 01:15:28 INFO: 01:15:28.085 [main] [INFO ] q.l.p.CommandLineTaskRunner$CommandLineProgressMonitor - 237 nuclei detected (25%)
2024-10-23 01:15:28 INFO: 01:15:28.116 [task-runner-1-44] [INFO ] q.lib.plugins.DetectionPluginTools - 276 nuclei detected (processing time: 16.78 seconds)
2024-10-23 01:15:28 INFO: 01:15:28.119 [main] [INFO ] q.l.p.CommandLineTaskRunner$CommandLineProgressMonitor - 276 nuclei detected (26%)
2024-10-23 01:15:28 INFO: 01:15:28.229 [task-runner-1-61] [INFO ] q.lib.plugins.DetectionPluginTools - 210 nuclei detected (processing time: 16.89 seconds)
2024-10-23 01:15:28 INFO: 01:15:28.230 [main] [INFO ] q.l.p.CommandLineTaskRunner$CommandLineProgressMonitor - 210 nuclei detected (26%)
2024-10-23 01:15:28 INFO: 01:15:28.242 [task-runner-1-35] [INFO ] q.lib.plugins.DetectionPluginTools - 288 nuclei detected (processing time: 16.91 seconds)
2024-10-23 01:15:28 INFO: 01:15:28.244 [main] [INFO ] q.l.p.CommandLineTaskRunner$CommandLineProgressMonitor - 288 nuclei detected (27%)
2024-10-23 01:15:28 INFO: 01:15:28.340 [task-runner-1-23] [INFO ] q.lib.plugins.DetectionPluginTools - 1019 nuclei detected (processing time: 17.01 seconds)
2024-10-23 01:15:28 INFO: 01:15:28.341 [main] [INFO ] q.l.p.CommandLineTaskRunner$CommandLineProgressMonitor - 1019 nuclei detected (28%)
2024-10-23 01:15:28 INFO: 01:15:28.391 [task-runner-1-51] [INFO ] q.lib.plugins.DetectionPluginTools - 890 nuclei detected (processing time: 17.06 seconds)
2024-10-23 01:15:28 INFO: 01:15:28.393 [main] [INFO ] q.l.p.CommandLineTaskRunner$CommandLineProgressMonitor - 890 nuclei detected (28%)
2024-10-23 01:15:28 INFO: 01:15:28.555 [task-runner-1-22] [INFO ] q.lib.plugins.DetectionPluginTools - 1415 nuclei detected (processing time: 17.22 seconds)
2024-10-23 01:15:28 INFO: 01:15:28.556 [main] [INFO ] q.l.p.CommandLineTaskRunner$CommandLineProgressMonitor - 1415 nuclei detected (29%)
2024-10-23 01:15:28 INFO: 01:15:28.607 [task-runner-1-60] [INFO ] q.lib.plugins.DetectionPluginTools - 1147 nuclei detected (processing time: 17.27 seconds)
2024-10-23 01:15:28 INFO: 01:15:28.608 [main] [INFO ] q.l.p.CommandLineTaskRunner$CommandLineProgressMonitor - 1147 nuclei detected (29%)
2024-10-23 01:15:28 INFO: 01:15:28.823 [task-runner-1-36] [INFO ] q.lib.plugins.DetectionPluginTools - 2090 nuclei detected (processing time: 17.49 seconds)
2024-10-23 01:15:28 INFO: 01:15:28.826 [main] [INFO ] q.l.p.CommandLineTaskRunner$CommandLineProgressMonitor - 2090 nuclei detected (30%)
2024-10-23 01:15:30 INFO: 01:15:30.484 [task-runner-1-59] [INFO ] q.lib.plugins.DetectionPluginTools - 2800 nuclei detected (processing time: 19.15 seconds)
2024-10-23 01:15:30 INFO: 01:15:30.486 [main] [INFO ] q.l.p.CommandLineTaskRunner$CommandLineProgressMonitor - 2800 nuclei detected (31%)
2024-10-23 01:15:31 INFO: 01:15:31.316 [task-runner-1-21] [INFO ] q.lib.plugins.DetectionPluginTools - 3809 nuclei detected (processing time: 19.99 seconds)
2024-10-23 01:15:31 INFO: 01:15:31.319 [main] [INFO ] q.l.p.CommandLineTaskRunner$CommandLineProgressMonitor - 3809 nuclei detected (31%)
2024-10-23 01:15:31 INFO: 01:15:31.392 [task-runner-1-52] [INFO ] q.lib.plugins.DetectionPluginTools - 2602 nuclei detected (processing time: 20.06 seconds)
2024-10-23 01:15:31 INFO: 01:15:31.393 [main] [INFO ] q.l.p.CommandLineTaskRunner$CommandLineProgressMonitor - 2602 nuclei detected (32%)
2024-10-23 01:15:31 INFO: 01:15:31.485 [task-runner-1-40] [INFO ] q.lib.plugins.DetectionPluginTools - 2163 nuclei detected (processing time: 20.15 seconds)
2024-10-23 01:15:31 INFO: 01:15:31.486 [main] [INFO ] q.l.p.CommandLineTaskRunner$CommandLineProgressMonitor - 2163 nuclei detected (33%)
2024-10-23 01:15:31 INFO: 01:15:31.498 [task-runner-1-42] [INFO ] q.lib.plugins.DetectionPluginTools - 2702 nuclei detected (processing time: 20.16 seconds)
2024-10-23 01:15:31 INFO: 01:15:31.500 [main] [INFO ] q.l.p.CommandLineTaskRunner$CommandLineProgressMonitor - 2702 nuclei detected (33%)
2024-10-23 01:15:31 INFO: 01:15:31.818 [task-runner-1-41] [INFO ] q.lib.plugins.DetectionPluginTools - 2538 nuclei detected (processing time: 20.49 seconds)
2024-10-23 01:15:31 INFO: 01:15:31.819 [main] [INFO ] q.l.p.CommandLineTaskRunner$CommandLineProgressMonitor - 2538 nuclei detected (34%)
2024-10-23 01:15:31 INFO: 01:15:31.966 [task-runner-1-48] [INFO ] q.lib.plugins.DetectionPluginTools - 1 nucleus detected (processing time: 6.47 seconds)
2024-10-23 01:15:31 INFO: 01:15:31.968 [main] [INFO ] q.l.p.CommandLineTaskRunner$CommandLineProgressMonitor - 1 nucleus detected (34%)
2024-10-23 01:15:32 INFO: 01:15:32.050 [task-runner-1-39] [INFO ] q.lib.plugins.DetectionPluginTools - 2983 nuclei detected (processing time: 20.72 seconds)
2024-10-23 01:15:32 INFO: 01:15:32.053 [main] [INFO ] q.l.p.CommandLineTaskRunner$CommandLineProgressMonitor - 2983 nuclei detected (35%)
2024-10-23 01:15:32 INFO: 01:15:32.184 [task-runner-1-6] [INFO ] q.lib.plugins.DetectionPluginTools - 0 nuclei detected (processing time: 6.67 seconds)
2024-10-23 01:15:32 INFO: 01:15:32.185 [main] [INFO ] q.l.p.CommandLineTaskRunner$CommandLineProgressMonitor - 0 nuclei detected (36%)
2024-10-23 01:15:32 INFO: 01:15:32.403 [task-runner-1-58] [INFO ] q.lib.plugins.DetectionPluginTools - 2731 nuclei detected (processing time: 21.07 seconds)
2024-10-23 01:15:32 INFO: 01:15:32.404 [main] [INFO ] q.l.p.CommandLineTaskRunner$CommandLineProgressMonitor - 2731 nuclei detected (36%)
2024-10-23 01:15:32 INFO: 01:15:32.842 [task-runner-1-50] [INFO ] q.lib.plugins.DetectionPluginTools - 110 nuclei detected (processing time: 6.68 seconds)
2024-10-23 01:15:32 INFO: 01:15:32.845 [main] [INFO ] q.l.p.CommandLineTaskRunner$CommandLineProgressMonitor - 110 nuclei detected (37%)
2024-10-23 01:15:33 INFO: 01:15:33.119 [task-runner-1-37] [INFO ] q.lib.plugins.DetectionPluginTools - 4544 nuclei detected (processing time: 21.79 seconds)
2024-10-23 01:15:33 INFO: 01:15:33.120 [main] [INFO ] q.l.p.CommandLineTaskRunner$CommandLineProgressMonitor - 4544 nuclei detected (38%)
2024-10-23 01:15:33 INFO: 01:15:33.164 [task-runner-1-38] [INFO ] q.lib.plugins.DetectionPluginTools - 3909 nuclei detected (processing time: 21.83 seconds)
2024-10-23 01:15:33 INFO: 01:15:33.166 [main] [INFO ] q.l.p.CommandLineTaskRunner$CommandLineProgressMonitor - 3909 nuclei detected (38%)
2024-10-23 01:15:33 INFO: 01:15:33.182 [task-runner-1-13] [INFO ] q.lib.plugins.DetectionPluginTools - 117 nuclei detected (processing time: 7.66 seconds)
2024-10-23 01:15:33 INFO: 01:15:33.184 [main] [INFO ] q.l.p.CommandLineTaskRunner$CommandLineProgressMonitor - 117 nuclei detected (39%)
2024-10-23 01:15:33 INFO: 01:15:33.345 [task-runner-1-14] [INFO ] q.lib.plugins.DetectionPluginTools - 217 nuclei detected (processing time: 7.84 seconds)
2024-10-23 01:15:33 INFO: 01:15:33.346 [main] [INFO ] q.l.p.CommandLineTaskRunner$CommandLineProgressMonitor - 217 nuclei detected (39%)
2024-10-23 01:15:33 INFO: 01:15:33.626 [task-runner-1-34] [INFO ] q.lib.plugins.DetectionPluginTools - 3 nuclei detected (processing time: 7.40 seconds)
2024-10-23 01:15:33 INFO: 01:15:33.628 [main] [INFO ] q.l.p.CommandLineTaskRunner$CommandLineProgressMonitor - 3 nuclei detected (40%)
2024-10-23 01:15:33 INFO: 01:15:33.677 [task-runner-1-29] [INFO ] q.lib.plugins.DetectionPluginTools - 140 nuclei detected (processing time: 8.16 seconds)
2024-10-23 01:15:33 INFO: 01:15:33.678 [main] [INFO ] q.l.p.CommandLineTaskRunner$CommandLineProgressMonitor - 140 nuclei detected (41%)
2024-10-23 01:15:33 INFO: 01:15:33.697 [task-runner-1-9] [INFO ] q.lib.plugins.DetectionPluginTools - 385 nuclei detected (processing time: 8.21 seconds)
2024-10-23 01:15:33 INFO: 01:15:33.698 [main] [INFO ] q.l.p.CommandLineTaskRunner$CommandLineProgressMonitor - 385 nuclei detected (41%)
2024-10-23 01:15:33 INFO: 01:15:33.716 [task-runner-1-3] [INFO ] q.lib.plugins.DetectionPluginTools - 117 nuclei detected (processing time: 8.22 seconds)
2024-10-23 01:15:33 INFO: 01:15:33.717 [main] [INFO ] q.l.p.CommandLineTaskRunner$CommandLineProgressMonitor - 117 nuclei detected (42%)
2024-10-23 01:15:33 INFO: 01:15:33.726 [task-runner-1-57] [INFO ] q.lib.plugins.DetectionPluginTools - 3348 nuclei detected (processing time: 22.39 seconds)
2024-10-23 01:15:33 INFO: 01:15:33.726 [main] [INFO ] q.l.p.CommandLineTaskRunner$CommandLineProgressMonitor - 3348 nuclei detected (43%)
2024-10-23 01:15:33 INFO: 01:15:33.851 [task-runner-1-55] [INFO ] q.lib.plugins.DetectionPluginTools - 3329 nuclei detected (processing time: 22.52 seconds)
2024-10-23 01:15:33 INFO: 01:15:33.852 [main] [INFO ] q.l.p.CommandLineTaskRunner$CommandLineProgressMonitor - 3329 nuclei detected (43%)
2024-10-23 01:15:34 INFO: 01:15:34.187 [task-runner-1-24] [INFO ] q.lib.plugins.DetectionPluginTools - 150 nuclei detected (processing time: 7.63 seconds)
2024-10-23 01:15:34 INFO: 01:15:34.188 [main] [INFO ] q.l.p.CommandLineTaskRunner$CommandLineProgressMonitor - 150 nuclei detected (44%)
2024-10-23 01:15:34 INFO: 01:15:34.953 [task-runner-1-20] [INFO ] q.lib.plugins.DetectionPluginTools - 152 nuclei detected (processing time: 8.61 seconds)
2024-10-23 01:15:34 INFO: 01:15:34.955 [main] [INFO ] q.l.p.CommandLineTaskRunner$CommandLineProgressMonitor - 152 nuclei detected (44%)
2024-10-23 01:15:35 INFO: 01:15:35.010 [task-runner-1-16] [INFO ] q.lib.plugins.DetectionPluginTools - 495 nuclei detected (processing time: 9.52 seconds)
2024-10-23 01:15:35 INFO: 01:15:35.012 [main] [INFO ] q.l.p.CommandLineTaskRunner$CommandLineProgressMonitor - 495 nuclei detected (45%)
2024-10-23 01:15:35 INFO: 01:15:35.167 [task-runner-1-54] [INFO ] q.lib.plugins.DetectionPluginTools - 4689 nuclei detected (processing time: 23.83 seconds)
2024-10-23 01:15:35 INFO: 01:15:35.168 [main] [INFO ] q.l.p.CommandLineTaskRunner$CommandLineProgressMonitor - 4689 nuclei detected (46%)
2024-10-23 01:15:35 INFO: 01:15:35.226 [task-runner-1-43] [INFO ] q.lib.plugins.DetectionPluginTools - 246 nuclei detected (processing time: 8.64 seconds)
2024-10-23 01:15:35 INFO: 01:15:35.226 [main] [INFO ] q.l.p.CommandLineTaskRunner$CommandLineProgressMonitor - 246 nuclei detected (46%)
2024-10-23 01:15:35 INFO: 01:15:35.569 [task-runner-1-56] [INFO ] q.lib.plugins.DetectionPluginTools - 4090 nuclei detected (processing time: 24.23 seconds)
2024-10-23 01:15:35 INFO: 01:15:35.572 [main] [INFO ] q.l.p.CommandLineTaskRunner$CommandLineProgressMonitor - 4090 nuclei detected (47%)
2024-10-23 01:15:35 INFO: 01:15:35.984 [task-runner-1-2] [INFO ] q.lib.plugins.DetectionPluginTools - 747 nuclei detected (processing time: 10.49 seconds)
2024-10-23 01:15:35 INFO: 01:15:35.986 [main] [INFO ] q.l.p.CommandLineTaskRunner$CommandLineProgressMonitor - 747 nuclei detected (48%)
2024-10-23 01:15:36 INFO: 01:15:36.009 [task-runner-1-36] [INFO ] q.lib.plugins.DetectionPluginTools - 45 nuclei detected (processing time: 7.18 seconds)
2024-10-23 01:15:36 INFO: 01:15:36.010 [main] [INFO ] q.l.p.CommandLineTaskRunner$CommandLineProgressMonitor - 45 nuclei detected (48%)
2024-10-23 01:15:36 INFO: 01:15:36.050 [task-runner-1-53] [INFO ] q.lib.plugins.DetectionPluginTools - 6137 nuclei detected (processing time: 24.71 seconds)
2024-10-23 01:15:36 INFO: 01:15:36.050 [main] [INFO ] q.l.p.CommandLineTaskRunner$CommandLineProgressMonitor - 6137 nuclei detected (49%)
2024-10-23 01:15:36 INFO: 01:15:36.411 [task-runner-1-59] [INFO ] q.lib.plugins.DetectionPluginTools - 1 nucleus detected (processing time: 5.92 seconds)
2024-10-23 01:15:36 INFO: 01:15:36.413 [main] [INFO ] q.l.p.CommandLineTaskRunner$CommandLineProgressMonitor - 1 nucleus detected (49%)
2024-10-23 01:15:37 INFO: 01:15:37.080 [task-runner-1-47] [INFO ] q.lib.plugins.DetectionPluginTools - 869 nuclei detected (processing time: 11.55 seconds)
2024-10-23 01:15:37 INFO: 01:15:37.084 [main] [INFO ] q.l.p.CommandLineTaskRunner$CommandLineProgressMonitor - 869 nuclei detected (50%)
2024-10-23 01:15:38 INFO: 01:15:38.262 [task-runner-1-25] [INFO ] q.lib.plugins.DetectionPluginTools - 795 nuclei detected (processing time: 12.12 seconds)
2024-10-23 01:15:38 INFO: 01:15:38.264 [main] [INFO ] q.l.p.CommandLineTaskRunner$CommandLineProgressMonitor - 795 nuclei detected (51%)
2024-10-23 01:15:38 INFO: 01:15:38.845 [task-runner-1-52] [INFO ] q.lib.plugins.DetectionPluginTools - 261 nuclei detected (processing time: 7.45 seconds)
2024-10-23 01:15:38 INFO: 01:15:38.847 [main] [INFO ] q.l.p.CommandLineTaskRunner$CommandLineProgressMonitor - 261 nuclei detected (51%)
2024-10-23 01:15:38 INFO: 01:15:38.910 [task-runner-1-21] [INFO ] q.lib.plugins.DetectionPluginTools - 343 nuclei detected (processing time: 7.59 seconds)
2024-10-23 01:15:38 INFO: 01:15:38.912 [main] [INFO ] q.l.p.CommandLineTaskRunner$CommandLineProgressMonitor - 343 nuclei detected (52%)
2024-10-23 01:15:39 INFO: 01:15:39.882 [task-runner-1-8] [INFO ] q.lib.plugins.DetectionPluginTools - 1457 nuclei detected (processing time: 14.38 seconds)
2024-10-23 01:15:39 INFO: 01:15:39.884 [main] [INFO ] q.l.p.CommandLineTaskRunner$CommandLineProgressMonitor - 1457 nuclei detected (53%)
2024-10-23 01:15:40 INFO: 01:15:40.110 [task-runner-1-34] [INFO ] q.lib.plugins.DetectionPluginTools - 0 nuclei detected (processing time: 6.48 seconds)
2024-10-23 01:15:40 INFO: 01:15:40.112 [main] [INFO ] q.l.p.CommandLineTaskRunner$CommandLineProgressMonitor - 0 nuclei detected (53%)
2024-10-23 01:15:40 INFO: 01:15:40.940 [task-runner-1-43] [INFO ] q.lib.plugins.DetectionPluginTools - 23 nuclei detected (processing time: 5.71 seconds)
2024-10-23 01:15:40 INFO: 01:15:40.942 [main] [INFO ] q.l.p.CommandLineTaskRunner$CommandLineProgressMonitor - 23 nuclei detected (54%)
2024-10-23 01:15:40 INFO: 01:15:40.993 [task-runner-1-29] [INFO ] q.lib.plugins.DetectionPluginTools - 0 nuclei detected (processing time: 7.32 seconds)
2024-10-23 01:15:40 INFO: 01:15:40.996 [main] [INFO ] q.l.p.CommandLineTaskRunner$CommandLineProgressMonitor - 0 nuclei detected (54%)
2024-10-23 01:15:41 INFO: 01:15:41.011 [task-runner-1-55] [INFO ] q.lib.plugins.DetectionPluginTools - 3 nuclei detected (processing time: 7.16 seconds)
2024-10-23 01:15:41 INFO: 01:15:41.012 [main] [INFO ] q.l.p.CommandLineTaskRunner$CommandLineProgressMonitor - 3 nuclei detected (55%)
2024-10-23 01:15:41 INFO: 01:15:41.017 [task-runner-1-57] [INFO ] q.lib.plugins.DetectionPluginTools - 111 nuclei detected (processing time: 7.29 seconds)
2024-10-23 01:15:41 INFO: 01:15:41.020 [main] [INFO ] q.l.p.CommandLineTaskRunner$CommandLineProgressMonitor - 111 nuclei detected (56%)
2024-10-23 01:15:41 INFO: 01:15:41.029 [task-runner-1-20] [INFO ] q.lib.plugins.DetectionPluginTools - 0 nuclei detected (processing time: 6.07 seconds)
2024-10-23 01:15:41 INFO: 01:15:41.030 [main] [INFO ] q.l.p.CommandLineTaskRunner$CommandLineProgressMonitor - 0 nuclei detected (56%)
2024-10-23 01:15:41 INFO: 01:15:41.037 [task-runner-1-9] [INFO ] q.lib.plugins.DetectionPluginTools - 112 nuclei detected (processing time: 7.34 seconds)
2024-10-23 01:15:41 INFO: 01:15:41.039 [main] [INFO ] q.l.p.CommandLineTaskRunner$CommandLineProgressMonitor - 112 nuclei detected (57%)
2024-10-23 01:15:41 INFO: 01:15:41.109 [task-runner-1-16] [INFO ] q.lib.plugins.DetectionPluginTools - 0 nuclei detected (processing time: 6.10 seconds)
2024-10-23 01:15:41 INFO: 01:15:41.118 [main] [INFO ] q.l.p.CommandLineTaskRunner$CommandLineProgressMonitor - 0 nuclei detected (57%)
2024-10-23 01:15:41 INFO: 01:15:41.147 [task-runner-1-24] [INFO ] q.lib.plugins.DetectionPluginTools - 12 nuclei detected (processing time: 6.96 seconds)
2024-10-23 01:15:41 INFO: 01:15:41.149 [main] [INFO ] q.l.p.CommandLineTaskRunner$CommandLineProgressMonitor - 12 nuclei detected (58%)
2024-10-23 01:15:41 INFO: 01:15:41.180 [task-runner-1-54] [INFO ] q.lib.plugins.DetectionPluginTools - 0 nuclei detected (processing time: 6.01 seconds)
2024-10-23 01:15:41 INFO: 01:15:41.183 [main] [INFO ] q.l.p.CommandLineTaskRunner$CommandLineProgressMonitor - 0 nuclei detected (59%)
2024-10-23 01:15:41 INFO: 01:15:41.273 [task-runner-1-3] [INFO ] q.lib.plugins.DetectionPluginTools - 81 nuclei detected (processing time: 7.56 seconds)
2024-10-23 01:15:41 INFO: 01:15:41.274 [main] [INFO ] q.l.p.CommandLineTaskRunner$CommandLineProgressMonitor - 81 nuclei detected (59%)
2024-10-23 01:15:41 INFO: 01:15:41.954 [task-runner-1-40] [INFO ] q.lib.plugins.DetectionPluginTools - 310 nuclei detected (processing time: 10.47 seconds)
2024-10-23 01:15:41 INFO: 01:15:41.961 [main] [INFO ] q.l.p.CommandLineTaskRunner$CommandLineProgressMonitor - 310 nuclei detected (60%)
2024-10-23 01:15:42 INFO: 01:15:42.017 [task-runner-1-14] [INFO ] q.lib.plugins.DetectionPluginTools - 1125 nuclei detected (processing time: 8.67 seconds)
2024-10-23 01:15:42 INFO: 01:15:42.023 [main] [INFO ] q.l.p.CommandLineTaskRunner$CommandLineProgressMonitor - 1125 nuclei detected (61%)
2024-10-23 01:15:42 INFO: 01:15:42.153 [task-runner-1-56] [INFO ] q.lib.plugins.DetectionPluginTools - 362 nuclei detected (processing time: 6.58 seconds)
2024-10-23 01:15:42 INFO: 01:15:42.154 [main] [INFO ] q.l.p.CommandLineTaskRunner$CommandLineProgressMonitor - 362 nuclei detected (61%)
2024-10-23 01:15:42 INFO: 01:15:42.505 [task-runner-1-59] [INFO ] q.lib.plugins.DetectionPluginTools - 0 nuclei detected (processing time: 6.09 seconds)
2024-10-23 01:15:42 INFO: 01:15:42.507 [main] [INFO ] q.l.p.CommandLineTaskRunner$CommandLineProgressMonitor - 0 nuclei detected (62%)
2024-10-23 01:15:42 INFO: 01:15:42.559 [task-runner-1-60] [INFO ] q.lib.plugins.DetectionPluginTools - 2324 nuclei detected (processing time: 13.95 seconds)
2024-10-23 01:15:42 INFO: 01:15:42.560 [main] [INFO ] q.l.p.CommandLineTaskRunner$CommandLineProgressMonitor - 2324 nuclei detected (63%)
2024-10-23 01:15:43 INFO: 01:15:43.167 [task-runner-1-47] [INFO ] q.lib.plugins.DetectionPluginTools - 0 nuclei detected (processing time: 6.08 seconds)
2024-10-23 01:15:43 INFO: 01:15:43.168 [main] [INFO ] q.l.p.CommandLineTaskRunner$CommandLineProgressMonitor - 0 nuclei detected (63%)
2024-10-23 01:15:43 INFO: 01:15:43.185 [task-runner-1-4] [INFO ] q.lib.plugins.DetectionPluginTools - 2775 nuclei detected (processing time: 17.69 seconds)
2024-10-23 01:15:43 INFO: 01:15:43.186 [main] [INFO ] q.l.p.CommandLineTaskRunner$CommandLineProgressMonitor - 2775 nuclei detected (64%)
2024-10-23 01:15:43 INFO: 01:15:43.895 [task-runner-1-25] [INFO ] q.lib.plugins.DetectionPluginTools - 0 nuclei detected (processing time: 5.63 seconds)
2024-10-23 01:15:43 INFO: 01:15:43.896 [main] [INFO ] q.l.p.CommandLineTaskRunner$CommandLineProgressMonitor - 0 nuclei detected (64%)
2024-10-23 01:15:44 INFO: 01:15:44.491 [task-runner-1-21] [INFO ] q.lib.plugins.DetectionPluginTools - 1 nucleus detected (processing time: 5.58 seconds)
2024-10-23 01:15:44 INFO: 01:15:44.492 [main] [INFO ] q.l.p.CommandLineTaskRunner$CommandLineProgressMonitor - 1 nucleus detected (65%)
2024-10-23 01:15:44 INFO: 01:15:44.711 [task-runner-1-52] [INFO ] q.lib.plugins.DetectionPluginTools - 8 nuclei detected (processing time: 5.86 seconds)
2024-10-23 01:15:44 INFO: 01:15:44.712 [main] [INFO ] q.l.p.CommandLineTaskRunner$CommandLineProgressMonitor - 8 nuclei detected (66%)
2024-10-23 01:15:45 INFO: 01:15:45.199 [task-runner-1-2] [INFO ] q.lib.plugins.DetectionPluginTools - 1571 nuclei detected (processing time: 9.21 seconds)
2024-10-23 01:15:45 INFO: 01:15:45.200 [main] [INFO ] q.l.p.CommandLineTaskRunner$CommandLineProgressMonitor - 1571 nuclei detected (66%)
2024-10-23 01:15:45 INFO: 01:15:45.602 [task-runner-1-20] [INFO ] q.lib.plugins.DetectionPluginTools - 0 nuclei detected (processing time: 4.57 seconds)
2024-10-23 01:15:45 INFO: 01:15:45.603 [main] [INFO ] q.l.p.CommandLineTaskRunner$CommandLineProgressMonitor - 0 nuclei detected (67%)
2024-10-23 01:15:45 INFO: 01:15:45.758 [task-runner-1-39] [INFO ] q.lib.plugins.DetectionPluginTools - 1384 nuclei detected (processing time: 13.70 seconds)
2024-10-23 01:15:45 INFO: 01:15:45.759 [main] [INFO ] q.l.p.CommandLineTaskRunner$CommandLineProgressMonitor - 1384 nuclei detected (68%)
2024-10-23 01:15:45 INFO: 01:15:45.888 [task-runner-1-27] [INFO ] q.lib.plugins.DetectionPluginTools - 3365 nuclei detected (processing time: 20.39 seconds)
2024-10-23 01:15:45 INFO: 01:15:45.888 [main] [INFO ] q.l.p.CommandLineTaskRunner$CommandLineProgressMonitor - 3365 nuclei detected (68%)
2024-10-23 01:15:45 INFO: 01:15:45.924 [task-runner-1-57] [INFO ] q.lib.plugins.DetectionPluginTools - 1 nucleus detected (processing time: 4.90 seconds)
2024-10-23 01:15:45 INFO: 01:15:45.925 [main] [INFO ] q.l.p.CommandLineTaskRunner$CommandLineProgressMonitor - 1 nucleus detected (69%)
2024-10-23 01:15:46 INFO: 01:15:46.067 [task-runner-1-48] [INFO ] q.lib.plugins.DetectionPluginTools - 1370 nuclei detected (processing time: 14.10 seconds)
2024-10-23 01:15:46 INFO: 01:15:46.068 [main] [INFO ] q.l.p.CommandLineTaskRunner$CommandLineProgressMonitor - 1370 nuclei detected (69%)
2024-10-23 01:15:46 INFO: 01:15:46.141 [task-runner-1-8] [INFO ] q.lib.plugins.DetectionPluginTools - 0 nuclei detected (processing time: 6.26 seconds)
2024-10-23 01:15:46 INFO: 01:15:46.142 [main] [INFO ] q.l.p.CommandLineTaskRunner$CommandLineProgressMonitor - 0 nuclei detected (70%)
2024-10-23 01:15:46 INFO: 01:15:46.172 [task-runner-1-41] [INFO ] q.lib.plugins.DetectionPluginTools - 2121 nuclei detected (processing time: 14.35 seconds)
2024-10-23 01:15:46 INFO: 01:15:46.173 [main] [INFO ] q.l.p.CommandLineTaskRunner$CommandLineProgressMonitor - 2121 nuclei detected (71%)
2024-10-23 01:15:46 INFO: 01:15:46.547 [task-runner-1-34] [INFO ] q.lib.plugins.DetectionPluginTools - 1 nucleus detected (processing time: 6.44 seconds)
2024-10-23 01:15:46 INFO: 01:15:46.548 [main] [INFO ] q.l.p.CommandLineTaskRunner$CommandLineProgressMonitor - 1 nucleus detected (71%)
2024-10-23 01:15:46 INFO: 01:15:46.628 [task-runner-1-9] [INFO ] q.lib.plugins.DetectionPluginTools - 1 nucleus detected (processing time: 5.59 seconds)
2024-10-23 01:15:46 INFO: 01:15:46.629 [main] [INFO ] q.l.p.CommandLineTaskRunner$CommandLineProgressMonitor - 1 nucleus detected (72%)
2024-10-23 01:15:46 INFO: 01:15:46.663 [task-runner-1-54] [INFO ] q.lib.plugins.DetectionPluginTools - 0 nuclei detected (processing time: 5.48 seconds)
2024-10-23 01:15:46 INFO: 01:15:46.663 [main] [INFO ] q.l.p.CommandLineTaskRunner$CommandLineProgressMonitor - 0 nuclei detected (73%)
2024-10-23 01:15:46 INFO: 01:15:46.748 [task-runner-1-45] [INFO ] q.lib.plugins.DetectionPluginTools - 4267 nuclei detected (processing time: 21.03 seconds)
2024-10-23 01:15:46 INFO: 01:15:46.748 [main] [INFO ] q.l.p.CommandLineTaskRunner$CommandLineProgressMonitor - 4267 nuclei detected (73%)
2024-10-23 01:15:46 INFO: 01:15:46.868 [task-runner-1-15] [INFO ] q.lib.plugins.DetectionPluginTools - 3716 nuclei detected (processing time: 21.37 seconds)
2024-10-23 01:15:46 INFO: 01:15:46.869 [main] [INFO ] q.l.p.CommandLineTaskRunner$CommandLineProgressMonitor - 3716 nuclei detected (74%)
2024-10-23 01:15:46 INFO: 01:15:46.952 [task-runner-1-29] [INFO ] q.lib.plugins.DetectionPluginTools - 0 nuclei detected (processing time: 5.96 seconds)
2024-10-23 01:15:46 INFO: 01:15:46.953 [main] [INFO ] q.l.p.CommandLineTaskRunner$CommandLineProgressMonitor - 0 nuclei detected (74%)
2024-10-23 01:15:46 INFO: 01:15:46.973 [task-runner-1-31] [INFO ] q.lib.plugins.DetectionPluginTools - 3191 nuclei detected (processing time: 21.44 seconds)
2024-10-23 01:15:46 INFO: 01:15:46.974 [main] [INFO ] q.l.p.CommandLineTaskRunner$CommandLineProgressMonitor - 3191 nuclei detected (75%)
2024-10-23 01:15:46 INFO: 01:15:46.980 [task-runner-1-33] [INFO ] q.lib.plugins.DetectionPluginTools - 2931 nuclei detected (processing time: 18.89 seconds)
2024-10-23 01:15:46 INFO: 01:15:46.980 [main] [INFO ] q.l.p.CommandLineTaskRunner$CommandLineProgressMonitor - 2931 nuclei detected (76%)
2024-10-23 01:15:47 INFO: 01:15:47.022 [task-runner-1-62] [INFO ] q.lib.plugins.DetectionPluginTools - 2551 nuclei detected (processing time: 20.94 seconds)
2024-10-23 01:15:47 INFO: 01:15:47.023 [main] [INFO ] q.l.p.CommandLineTaskRunner$CommandLineProgressMonitor - 2551 nuclei detected (76%)
2024-10-23 01:15:47 INFO: 01:15:47.050 [task-runner-1-3] [INFO ] q.lib.plugins.DetectionPluginTools - 0 nuclei detected (processing time: 5.78 seconds)
2024-10-23 01:15:47 INFO: 01:15:47.051 [main] [INFO ] q.l.p.CommandLineTaskRunner$CommandLineProgressMonitor - 0 nuclei detected (77%)
2024-10-23 01:15:47 INFO: 01:15:47.084 [task-runner-1-43] [INFO ] q.lib.plugins.DetectionPluginTools - 1 nucleus detected (processing time: 6.14 seconds)
2024-10-23 01:15:47 INFO: 01:15:47.084 [main] [INFO ] q.l.p.CommandLineTaskRunner$CommandLineProgressMonitor - 1 nucleus detected (78%)
2024-10-23 01:15:47 INFO: 01:15:47.183 [task-runner-1-46] [INFO ] q.lib.plugins.DetectionPluginTools - 4224 nuclei detected (processing time: 21.53 seconds)
2024-10-23 01:15:47 INFO: 01:15:47.184 [main] [INFO ] q.l.p.CommandLineTaskRunner$CommandLineProgressMonitor - 4224 nuclei detected (78%)
2024-10-23 01:15:47 INFO: 01:15:47.211 [task-runner-1-17] [INFO ] q.lib.plugins.DetectionPluginTools - 2708 nuclei detected (processing time: 19.19 seconds)
2024-10-23 01:15:47 INFO: 01:15:47.211 [main] [INFO ] q.l.p.CommandLineTaskRunner$CommandLineProgressMonitor - 2708 nuclei detected (79%)
2024-10-23 01:15:47 INFO: 01:15:47.242 [task-runner-1-12] [INFO ] q.lib.plugins.DetectionPluginTools - 3697 nuclei detected (processing time: 19.22 seconds)
2024-10-23 01:15:47 INFO: 01:15:47.243 [main] [INFO ] q.l.p.CommandLineTaskRunner$CommandLineProgressMonitor - 3697 nuclei detected (79%)
2024-10-23 01:15:47 INFO: 01:15:47.256 [task-runner-1-63] [INFO ] q.lib.plugins.DetectionPluginTools - 3133 nuclei detected (processing time: 21.28 seconds)
2024-10-23 01:15:47 INFO: 01:15:47.257 [main] [INFO ] q.l.p.CommandLineTaskRunner$CommandLineProgressMonitor - 3133 nuclei detected (80%)
2024-10-23 01:15:47 INFO: 01:15:47.276 [task-runner-1-14] [INFO ] q.lib.plugins.DetectionPluginTools - 0 nuclei detected (processing time: 5.25 seconds)
2024-10-23 01:15:47 INFO: 01:15:47.276 [main] [INFO ] q.l.p.CommandLineTaskRunner$CommandLineProgressMonitor - 0 nuclei detected (81%)
2024-10-23 01:15:47 INFO: 01:15:47.457 [task-runner-1-19] [INFO ] q.lib.plugins.DetectionPluginTools - 3646 nuclei detected (processing time: 21.53 seconds)
2024-10-23 01:15:47 INFO: 01:15:47.458 [main] [INFO ] q.l.p.CommandLineTaskRunner$CommandLineProgressMonitor - 3646 nuclei detected (81%)
2024-10-23 01:15:47 INFO: 01:15:47.511 [task-runner-1-40] [INFO ] q.lib.plugins.DetectionPluginTools - 0 nuclei detected (processing time: 5.55 seconds)
2024-10-23 01:15:47 INFO: 01:15:47.511 [main] [INFO ] q.l.p.CommandLineTaskRunner$CommandLineProgressMonitor - 0 nuclei detected (82%)
2024-10-23 01:15:47 INFO: 01:15:47.517 [task-runner-1-24] [INFO ] q.lib.plugins.DetectionPluginTools - 0 nuclei detected (processing time: 6.37 seconds)
2024-10-23 01:15:47 INFO: 01:15:47.517 [main] [INFO ] q.l.p.CommandLineTaskRunner$CommandLineProgressMonitor - 0 nuclei detected (83%)
2024-10-23 01:15:47 INFO: 01:15:47.521 [task-runner-1-18] [INFO ] q.lib.plugins.DetectionPluginTools - 2958 nuclei detected (processing time: 21.45 seconds)
2024-10-23 01:15:47 INFO: 01:15:47.521 [main] [INFO ] q.l.p.CommandLineTaskRunner$CommandLineProgressMonitor - 2958 nuclei detected (83%)
2024-10-23 01:15:47 INFO: 01:15:47.522 [task-runner-1-55] [INFO ] q.lib.plugins.DetectionPluginTools - 1 nucleus detected (processing time: 6.51 seconds)
2024-10-23 01:15:47 INFO: 01:15:47.522 [main] [INFO ] q.l.p.CommandLineTaskRunner$CommandLineProgressMonitor - 1 nucleus detected (84%)
2024-10-23 01:15:47 INFO: 01:15:47.536 [task-runner-1-16] [INFO ] q.lib.plugins.DetectionPluginTools - 0 nuclei detected (processing time: 6.42 seconds)
2024-10-23 01:15:47 INFO: 01:15:47.536 [main] [INFO ] q.l.p.CommandLineTaskRunner$CommandLineProgressMonitor - 0 nuclei detected (84%)
2024-10-23 01:15:47 INFO: 01:15:47.565 [task-runner-1-11] [INFO ] q.lib.plugins.DetectionPluginTools - 3482 nuclei detected (processing time: 22.07 seconds)
2024-10-23 01:15:47 INFO: 01:15:47.565 [main] [INFO ] q.l.p.CommandLineTaskRunner$CommandLineProgressMonitor - 3482 nuclei detected (85%)
2024-10-23 01:15:47 INFO: 01:15:47.625 [task-runner-1-1] [INFO ] q.lib.plugins.DetectionPluginTools - 4132 nuclei detected (processing time: 22.13 seconds)
2024-10-23 01:15:47 INFO: 01:15:47.625 [main] [INFO ] q.l.p.CommandLineTaskRunner$CommandLineProgressMonitor - 4132 nuclei detected (86%)
2024-10-23 01:15:47 INFO: 01:15:47.730 [task-runner-1-49] [INFO ] q.lib.plugins.DetectionPluginTools - 2806 nuclei detected (processing time: 19.67 seconds)
2024-10-23 01:15:47 INFO: 01:15:47.730 [main] [INFO ] q.l.p.CommandLineTaskRunner$CommandLineProgressMonitor - 2806 nuclei detected (86%)
2024-10-23 01:15:47 INFO: 01:15:47.758 [task-runner-1-32] [INFO ] q.lib.plugins.DetectionPluginTools - 4065 nuclei detected (processing time: 22.26 seconds)
2024-10-23 01:15:47 INFO: 01:15:47.758 [main] [INFO ] q.l.p.CommandLineTaskRunner$CommandLineProgressMonitor - 4065 nuclei detected (87%)
2024-10-23 01:15:47 INFO: 01:15:47.763 [task-runner-1-30] [INFO ] q.lib.plugins.DetectionPluginTools - 4331 nuclei detected (processing time: 22.27 seconds)
2024-10-23 01:15:47 INFO: 01:15:47.764 [main] [INFO ] q.l.p.CommandLineTaskRunner$CommandLineProgressMonitor - 4331 nuclei detected (88%)
2024-10-23 01:15:47 INFO: 01:15:47.766 [task-runner-1-6] [INFO ] q.lib.plugins.DetectionPluginTools - 3097 nuclei detected (processing time: 15.58 seconds)
2024-10-23 01:15:47 INFO: 01:15:47.766 [main] [INFO ] q.l.p.CommandLineTaskRunner$CommandLineProgressMonitor - 3097 nuclei detected (88%)
2024-10-23 01:15:47 INFO: 01:15:47.911 [task-runner-1-5] [INFO ] q.lib.plugins.DetectionPluginTools - 3893 nuclei detected (processing time: 22.26 seconds)
2024-10-23 01:15:47 INFO: 01:15:47.911 [main] [INFO ] q.l.p.CommandLineTaskRunner$CommandLineProgressMonitor - 3893 nuclei detected (89%)
2024-10-23 01:15:47 INFO: 01:15:47.987 [task-runner-1-35] [INFO ] q.lib.plugins.DetectionPluginTools - 3719 nuclei detected (processing time: 19.74 seconds)
2024-10-23 01:15:47 INFO: 01:15:47.988 [main] [INFO ] q.l.p.CommandLineTaskRunner$CommandLineProgressMonitor - 3719 nuclei detected (89%)
2024-10-23 01:15:48 INFO: 01:15:48.034 [task-runner-1-28] [INFO ] q.lib.plugins.DetectionPluginTools - 3507 nuclei detected (processing time: 22.48 seconds)
2024-10-23 01:15:48 INFO: 01:15:48.034 [main] [INFO ] q.l.p.CommandLineTaskRunner$CommandLineProgressMonitor - 3507 nuclei detected (90%)
2024-10-23 01:15:48 INFO: 01:15:48.055 [task-runner-1-26] [INFO ] q.lib.plugins.DetectionPluginTools - 4590 nuclei detected (processing time: 22.42 seconds)
2024-10-23 01:15:48 INFO: 01:15:48.056 [main] [INFO ] q.l.p.CommandLineTaskRunner$CommandLineProgressMonitor - 4590 nuclei detected (91%)
2024-10-23 01:15:48 INFO: 01:15:48.079 [task-runner-1-7] [INFO ] q.lib.plugins.DetectionPluginTools - 5496 nuclei detected (processing time: 22.59 seconds)
2024-10-23 01:15:48 INFO: 01:15:48.079 [main] [INFO ] q.l.p.CommandLineTaskRunner$CommandLineProgressMonitor - 5496 nuclei detected (91%)
2024-10-23 01:15:48 INFO: 01:15:48.113 [task-runner-1-42] [INFO ] q.lib.plugins.DetectionPluginTools - 1186 nuclei detected (processing time: 16.61 seconds)
2024-10-23 01:15:48 INFO: 01:15:48.113 [main] [INFO ] q.l.p.CommandLineTaskRunner$CommandLineProgressMonitor - 1186 nuclei detected (92%)
2024-10-23 01:15:48 INFO: 01:15:48.181 [task-runner-1-53] [INFO ] q.lib.plugins.DetectionPluginTools - 2807 nuclei detected (processing time: 12.13 seconds)
2024-10-23 01:15:48 INFO: 01:15:48.182 [main] [INFO ] q.l.p.CommandLineTaskRunner$CommandLineProgressMonitor - 2807 nuclei detected (93%)
2024-10-23 01:15:48 INFO: 01:15:48.268 [task-runner-1-10] [INFO ] q.lib.plugins.DetectionPluginTools - 6734 nuclei detected (processing time: 22.78 seconds)
2024-10-23 01:15:48 INFO: 01:15:48.268 [main] [INFO ] q.l.p.CommandLineTaskRunner$CommandLineProgressMonitor - 6734 nuclei detected (93%)
2024-10-23 01:15:48 INFO: 01:15:48.285 [task-runner-1-36] [INFO ] q.lib.plugins.DetectionPluginTools - 2378 nuclei detected (processing time: 12.28 seconds)
2024-10-23 01:15:48 INFO: 01:15:48.285 [main] [INFO ] q.l.p.CommandLineTaskRunner$CommandLineProgressMonitor - 2378 nuclei detected (94%)
2024-10-23 01:15:48 INFO: 01:15:48.310 [task-runner-1-61] [INFO ] q.lib.plugins.DetectionPluginTools - 3697 nuclei detected (processing time: 20.08 seconds)
2024-10-23 01:15:48 INFO: 01:15:48.310 [main] [INFO ] q.l.p.CommandLineTaskRunner$CommandLineProgressMonitor - 3697 nuclei detected (94%)
2024-10-23 01:15:48 INFO: 01:15:48.415 [task-runner-1-44] [INFO ] q.lib.plugins.DetectionPluginTools - 3788 nuclei detected (processing time: 20.30 seconds)
2024-10-23 01:15:48 INFO: 01:15:48.416 [main] [INFO ] q.l.p.CommandLineTaskRunner$CommandLineProgressMonitor - 3788 nuclei detected (95%)
2024-10-23 01:15:48 INFO: 01:15:48.941 [task-runner-1-23] [INFO ] q.lib.plugins.DetectionPluginTools - 4767 nuclei detected (processing time: 20.60 seconds)
2024-10-23 01:15:48 INFO: 01:15:48.942 [task-runner-1-51] [INFO ] q.lib.plugins.DetectionPluginTools - 4088 nuclei detected (processing time: 20.55 seconds)
2024-10-23 01:15:48 INFO: 01:15:48.942 [main] [INFO ] q.l.p.CommandLineTaskRunner$CommandLineProgressMonitor - 4088 nuclei detected (96%)
2024-10-23 01:15:48 INFO: 01:15:48.943 [main] [INFO ] q.l.p.CommandLineTaskRunner$CommandLineProgressMonitor - 4767 nuclei detected (96%)
2024-10-23 01:15:48 INFO: 01:15:48.950 [task-runner-1-22] [INFO ] q.lib.plugins.DetectionPluginTools - 5329 nuclei detected (processing time: 20.40 seconds)
2024-10-23 01:15:48 INFO: 01:15:48.951 [main] [INFO ] q.l.p.CommandLineTaskRunner$CommandLineProgressMonitor - 5329 nuclei detected (97%)
2024-10-23 01:15:49 INFO: 01:15:49.126 [task-runner-1-58] [INFO ] q.lib.plugins.DetectionPluginTools - 4014 nuclei detected (processing time: 16.72 seconds)
2024-10-23 01:15:49 INFO: 01:15:49.126 [main] [INFO ] q.l.p.CommandLineTaskRunner$CommandLineProgressMonitor - 4014 nuclei detected (98%)
2024-10-23 01:15:49 INFO: 01:15:49.466 [task-runner-1-13] [INFO ] q.lib.plugins.DetectionPluginTools - 4823 nuclei detected (processing time: 16.28 seconds)
2024-10-23 01:15:49 INFO: 01:15:49.467 [main] [INFO ] q.l.p.CommandLineTaskRunner$CommandLineProgressMonitor - 4823 nuclei detected (98%)
2024-10-23 01:15:50 INFO: 01:15:50.059 [task-runner-1-50] [INFO ] q.lib.plugins.DetectionPluginTools - 5283 nuclei detected (processing time: 17.21 seconds)
2024-10-23 01:15:50 INFO: 01:15:50.059 [main] [INFO ] q.l.p.CommandLineTaskRunner$CommandLineProgressMonitor - 5283 nuclei detected (99%)
2024-10-23 01:15:50 INFO: 01:15:50.069 [task-runner-1-38] [INFO ] q.lib.plugins.DetectionPluginTools - 5773 nuclei detected (processing time: 16.90 seconds)
2024-10-23 01:15:50 INFO: 01:15:50.069 [main] [INFO ] q.l.p.CommandLineTaskRunner$CommandLineProgressMonitor - 5773 nuclei detected (99%)
2024-10-23 01:15:50 INFO: 01:15:50.087 [task-runner-1-37] [INFO ] q.lib.plugins.DetectionPluginTools - 5693 nuclei detected (processing time: 16.97 seconds)
2024-10-23 01:15:50 INFO: 01:15:50.087 [main] [INFO ] q.l.p.CommandLineTaskRunner$CommandLineProgressMonitor - 5693 nuclei detected (100%)
2024-10-23 01:15:50 INFO: 01:15:50.087 [main] [INFO ] q.l.p.CommandLineTaskRunner$CommandLineProgressMonitor - Processing complete in 38.76 seconds
2024-10-23 01:15:50 INFO: 01:15:50.087 [main] [INFO ] q.l.p.CommandLineTaskRunner$CommandLineProgressMonitor - Tasks completed!
2024-10-23 01:16:00 INFO: 01:16:00.371 [main] [WARN ] q.l.p.objects.SmoothFeaturesPlugin - Smoothing using annotations
2024-10-23 01:16:03 INFO: 01:16:03.969 [main] [INFO ] q.l.p.CommandLineTaskRunner$CommandLineProgressMonitor - Completed (100%)
2024-10-23 01:16:03 INFO: 01:16:03.969 [main] [INFO ] q.l.p.CommandLineTaskRunner$CommandLineProgressMonitor - Processing complete in 3.60 seconds
2024-10-23 01:16:03 INFO: 01:16:03.969 [main] [INFO ] q.l.p.CommandLineTaskRunner$CommandLineProgressMonitor - Tasks completed!
2024-10-23 01:16:03 INFO: 01:16:03.971 [main] [WARN ] q.l.p.objects.SmoothFeaturesPlugin - Smoothing using annotations
2024-10-23 01:16:10 INFO: 01:16:10.543 [main] [INFO ] q.l.p.CommandLineTaskRunner$CommandLineProgressMonitor - Completed (100%)
2024-10-23 01:16:10 INFO: 01:16:10.543 [main] [INFO ] q.l.p.CommandLineTaskRunner$CommandLineProgressMonitor - Processing complete in 6.57 seconds
2024-10-23 01:16:10 INFO: 01:16:10.543 [main] [INFO ] q.l.p.CommandLineTaskRunner$CommandLineProgressMonitor - Tasks completed!
2024-10-23 01:16:10 INFO: 01:16:10.545 [main] [WARN ] q.l.p.objects.SmoothFeaturesPlugin - Smoothing using annotations
2024-10-23 01:16:28 INFO: 01:16:28.036 [main] [INFO ] q.l.p.CommandLineTaskRunner$CommandLineProgressMonitor - Completed (100%)
2024-10-23 01:16:28 INFO: 01:16:28.037 [main] [INFO ] q.l.p.CommandLineTaskRunner$CommandLineProgressMonitor - Processing complete in 17.49 seconds
2024-10-23 01:16:28 INFO: 01:16:28.037 [main] [INFO ] q.l.p.CommandLineTaskRunner$CommandLineProgressMonitor - Tasks completed!
2024-10-23 01:16:28 INFO: 01:16:28.254 [task-runner-5-2] [INFO ] q.l.a.IntensityFeaturesPlugin - Splitting Rectangle (0, 0, 63784, 39311) into 40 tiles for intensity measurements
2024-10-23 01:16:28 INFO: 01:16:28.453 [main] [INFO ] q.l.p.CommandLineTaskRunner$CommandLineProgressMonitor - Completed (0%)
2024-10-23 01:16:29 INFO: 01:16:29.610 [main] [INFO ] q.l.p.CommandLineTaskRunner$CommandLineProgressMonitor - Completed (1%)
2024-10-23 01:16:29 INFO: 01:16:29.910 [main] [INFO ] q.l.p.CommandLineTaskRunner$CommandLineProgressMonitor - Completed (2%)
2024-10-23 01:16:30 INFO: 01:16:30.401 [main] [INFO ] q.l.p.CommandLineTaskRunner$CommandLineProgressMonitor - Completed (3%)
2024-10-23 01:16:30 INFO: 01:16:30.534 [main] [INFO ] q.l.p.CommandLineTaskRunner$CommandLineProgressMonitor - Completed (4%)
2024-10-23 01:16:30 INFO: 01:16:30.683 [main] [INFO ] q.l.p.CommandLineTaskRunner$CommandLineProgressMonitor - Completed (5%)
2024-10-23 01:16:30 INFO: 01:16:30.810 [main] [INFO ] q.l.p.CommandLineTaskRunner$CommandLineProgressMonitor - Completed (6%)
2024-10-23 01:16:31 INFO: 01:16:31.288 [main] [INFO ] q.l.p.CommandLineTaskRunner$CommandLineProgressMonitor - Completed (7%)
2024-10-23 01:16:31 INFO: 01:16:31.394 [main] [INFO ] q.l.p.CommandLineTaskRunner$CommandLineProgressMonitor - Completed (8%)
2024-10-23 01:16:31 INFO: 01:16:31.505 [main] [INFO ] q.l.p.CommandLineTaskRunner$CommandLineProgressMonitor - Completed (9%)
2024-10-23 01:16:31 INFO: 01:16:31.620 [main] [INFO ] q.l.p.CommandLineTaskRunner$CommandLineProgressMonitor - Completed (10%)
2024-10-23 01:16:31 INFO: 01:16:31.726 [main] [INFO ] q.l.p.CommandLineTaskRunner$CommandLineProgressMonitor - Completed (11%)
2024-10-23 01:16:31 INFO: 01:16:31.829 [main] [INFO ] q.l.p.CommandLineTaskRunner$CommandLineProgressMonitor - Completed (12%)
2024-10-23 01:16:32 INFO: 01:16:32.250 [main] [INFO ] q.l.p.CommandLineTaskRunner$CommandLineProgressMonitor - Completed (13%)
2024-10-23 01:16:32 INFO: 01:16:32.363 [main] [INFO ] q.l.p.CommandLineTaskRunner$CommandLineProgressMonitor - Completed (14%)
2024-10-23 01:16:32 INFO: 01:16:32.522 [main] [INFO ] q.l.p.CommandLineTaskRunner$CommandLineProgressMonitor - Completed (15%)
2024-10-23 01:16:32 INFO: 01:16:32.637 [main] [INFO ] q.l.p.CommandLineTaskRunner$CommandLineProgressMonitor - Completed (16%)
2024-10-23 01:16:32 INFO: 01:16:32.736 [main] [INFO ] q.l.p.CommandLineTaskRunner$CommandLineProgressMonitor - Completed (17%)
2024-10-23 01:16:33 INFO: 01:16:33.127 [main] [INFO ] q.l.p.CommandLineTaskRunner$CommandLineProgressMonitor - Completed (18%)
2024-10-23 01:16:33 INFO: 01:16:33.239 [main] [INFO ] q.l.p.CommandLineTaskRunner$CommandLineProgressMonitor - Completed (19%)
2024-10-23 01:16:33 INFO: 01:16:33.349 [main] [INFO ] q.l.p.CommandLineTaskRunner$CommandLineProgressMonitor - Completed (20%)
2024-10-23 01:16:33 INFO: 01:16:33.457 [main] [INFO ] q.l.p.CommandLineTaskRunner$CommandLineProgressMonitor - Completed (21%)
2024-10-23 01:16:33 INFO: 01:16:33.555 [main] [INFO ] q.l.p.CommandLineTaskRunner$CommandLineProgressMonitor - Completed (22%)
2024-10-23 01:16:33 INFO: 01:16:33.654 [main] [INFO ] q.l.p.CommandLineTaskRunner$CommandLineProgressMonitor - Completed (23%)
2024-10-23 01:16:33 INFO: 01:16:33.746 [main] [INFO ] q.l.p.CommandLineTaskRunner$CommandLineProgressMonitor - Completed (24%)
2024-10-23 01:16:34 INFO: 01:16:34.089 [main] [INFO ] q.l.p.CommandLineTaskRunner$CommandLineProgressMonitor - Completed (25%)
2024-10-23 01:16:34 INFO: 01:16:34.188 [main] [INFO ] q.l.p.CommandLineTaskRunner$CommandLineProgressMonitor - Completed (26%)
2024-10-23 01:16:34 INFO: 01:16:34.288 [main] [INFO ] q.l.p.CommandLineTaskRunner$CommandLineProgressMonitor - Completed (27%)
2024-10-23 01:16:34 INFO: 01:16:34.411 [main] [INFO ] q.l.p.CommandLineTaskRunner$CommandLineProgressMonitor - Completed (28%)
2024-10-23 01:16:34 INFO: 01:16:34.677 [main] [INFO ] q.l.p.CommandLineTaskRunner$CommandLineProgressMonitor - Completed (29%)
2024-10-23 01:16:34 INFO: 01:16:34.811 [main] [INFO ] q.l.p.CommandLineTaskRunner$CommandLineProgressMonitor - Completed (30%)
2024-10-23 01:16:34 INFO: 01:16:34.935 [main] [INFO ] q.l.p.CommandLineTaskRunner$CommandLineProgressMonitor - Completed (31%)
2024-10-23 01:16:35 INFO: 01:16:35.040 [main] [INFO ] q.l.p.CommandLineTaskRunner$CommandLineProgressMonitor - Completed (32%)
2024-10-23 01:16:35 INFO: 01:16:35.134 [main] [INFO ] q.l.p.CommandLineTaskRunner$CommandLineProgressMonitor - Completed (33%)
2024-10-23 01:16:35 INFO: 01:16:35.223 [main] [INFO ] q.l.p.CommandLineTaskRunner$CommandLineProgressMonitor - Completed (34%)
2024-10-23 01:16:35 INFO: 01:16:35.317 [main] [INFO ] q.l.p.CommandLineTaskRunner$CommandLineProgressMonitor - Completed (35%)
2024-10-23 01:16:35 INFO: 01:16:35.408 [main] [INFO ] q.l.p.CommandLineTaskRunner$CommandLineProgressMonitor - Completed (36%)
2024-10-23 01:16:35 INFO: 01:16:35.542 [main] [INFO ] q.l.p.CommandLineTaskRunner$CommandLineProgressMonitor - Completed (37%)
2024-10-23 01:16:35 INFO: 01:16:35.701 [main] [INFO ] q.l.p.CommandLineTaskRunner$CommandLineProgressMonitor - Completed (38%)
2024-10-23 01:16:35 INFO: 01:16:35.845 [main] [INFO ] q.l.p.CommandLineTaskRunner$CommandLineProgressMonitor - Completed (39%)
2024-10-23 01:16:35 INFO: 01:16:35.959 [main] [INFO ] q.l.p.CommandLineTaskRunner$CommandLineProgressMonitor - Completed (40%)
2024-10-23 01:16:36 INFO: 01:16:36.115 [main] [INFO ] q.l.p.CommandLineTaskRunner$CommandLineProgressMonitor - Completed (41%)
2024-10-23 01:16:36 INFO: 01:16:36.282 [main] [INFO ] q.l.p.CommandLineTaskRunner$CommandLineProgressMonitor - Completed (42%)
2024-10-23 01:16:36 INFO: 01:16:36.442 [main] [INFO ] q.l.p.CommandLineTaskRunner$CommandLineProgressMonitor - Completed (43%)
2024-10-23 01:16:36 INFO: 01:16:36.609 [main] [INFO ] q.l.p.CommandLineTaskRunner$CommandLineProgressMonitor - Completed (44%)
2024-10-23 01:16:36 INFO: 01:16:36.765 [main] [INFO ] q.l.p.CommandLineTaskRunner$CommandLineProgressMonitor - Completed (45%)
2024-10-23 01:16:36 INFO: 01:16:36.943 [main] [INFO ] q.l.p.CommandLineTaskRunner$CommandLineProgressMonitor - Completed (46%)
2024-10-23 01:16:37 INFO: 01:16:37.141 [main] [INFO ] q.l.p.CommandLineTaskRunner$CommandLineProgressMonitor - Completed (47%)
2024-10-23 01:16:37 INFO: 01:16:37.332 [main] [INFO ] q.l.p.CommandLineTaskRunner$CommandLineProgressMonitor - Completed (48%)
2024-10-23 01:16:37 INFO: 01:16:37.491 [main] [INFO ] q.l.p.CommandLineTaskRunner$CommandLineProgressMonitor - Completed (49%)
2024-10-23 01:16:37 INFO: 01:16:37.655 [main] [INFO ] q.l.p.CommandLineTaskRunner$CommandLineProgressMonitor - Completed (50%)
2024-10-23 01:16:37 INFO: 01:16:37.814 [main] [INFO ] q.l.p.CommandLineTaskRunner$CommandLineProgressMonitor - Completed (51%)
2024-10-23 01:16:37 INFO: 01:16:37.969 [main] [INFO ] q.l.p.CommandLineTaskRunner$CommandLineProgressMonitor - Completed (52%)
2024-10-23 01:16:38 INFO: 01:16:38.128 [main] [INFO ] q.l.p.CommandLineTaskRunner$CommandLineProgressMonitor - Completed (53%)
2024-10-23 01:16:38 INFO: 01:16:38.379 [main] [INFO ] q.l.p.CommandLineTaskRunner$CommandLineProgressMonitor - Completed (54%)
2024-10-23 01:16:38 INFO: 01:16:38.544 [main] [INFO ] q.l.p.CommandLineTaskRunner$CommandLineProgressMonitor - Completed (55%)
2024-10-23 01:16:38 INFO: 01:16:38.698 [main] [INFO ] q.l.p.CommandLineTaskRunner$CommandLineProgressMonitor - Completed (56%)
2024-10-23 01:16:38 INFO: 01:16:38.932 [main] [INFO ] q.l.p.CommandLineTaskRunner$CommandLineProgressMonitor - Completed (57%)
2024-10-23 01:16:39 INFO: 01:16:39.077 [main] [INFO ] q.l.p.CommandLineTaskRunner$CommandLineProgressMonitor - Completed (58%)
2024-10-23 01:16:39 INFO: 01:16:39.213 [main] [INFO ] q.l.p.CommandLineTaskRunner$CommandLineProgressMonitor - Completed (59%)
2024-10-23 01:16:39 INFO: 01:16:39.354 [main] [INFO ] q.l.p.CommandLineTaskRunner$CommandLineProgressMonitor - Completed (60%)
2024-10-23 01:16:39 INFO: 01:16:39.503 [main] [INFO ] q.l.p.CommandLineTaskRunner$CommandLineProgressMonitor - Completed (61%)
2024-10-23 01:16:39 INFO: 01:16:39.659 [main] [INFO ] q.l.p.CommandLineTaskRunner$CommandLineProgressMonitor - Completed (62%)
2024-10-23 01:16:39 INFO: 01:16:39.827 [main] [INFO ] q.l.p.CommandLineTaskRunner$CommandLineProgressMonitor - Completed (63%)
2024-10-23 01:16:40 INFO: 01:16:40.028 [main] [INFO ] q.l.p.CommandLineTaskRunner$CommandLineProgressMonitor - Completed (64%)
2024-10-23 01:16:40 INFO: 01:16:40.137 [main] [INFO ] q.l.p.CommandLineTaskRunner$CommandLineProgressMonitor - Completed (65%)
2024-10-23 01:16:40 INFO: 01:16:40.233 [main] [INFO ] q.l.p.CommandLineTaskRunner$CommandLineProgressMonitor - Completed (66%)
2024-10-23 01:16:40 INFO: 01:16:40.336 [main] [INFO ] q.l.p.CommandLineTaskRunner$CommandLineProgressMonitor - Completed (67%)
2024-10-23 01:16:40 INFO: 01:16:40.435 [main] [INFO ] q.l.p.CommandLineTaskRunner$CommandLineProgressMonitor - Completed (68%)
2024-10-23 01:16:40 INFO: 01:16:40.533 [main] [INFO ] q.l.p.CommandLineTaskRunner$CommandLineProgressMonitor - Completed (69%)
2024-10-23 01:16:40 INFO: 01:16:40.631 [main] [INFO ] q.l.p.CommandLineTaskRunner$CommandLineProgressMonitor - Completed (70%)
2024-10-23 01:16:40 INFO: 01:16:40.729 [main] [INFO ] q.l.p.CommandLineTaskRunner$CommandLineProgressMonitor - Completed (71%)
2024-10-23 01:16:40 INFO: 01:16:40.825 [main] [INFO ] q.l.p.CommandLineTaskRunner$CommandLineProgressMonitor - Completed (72%)
2024-10-23 01:16:40 INFO: 01:16:40.916 [main] [INFO ] q.l.p.CommandLineTaskRunner$CommandLineProgressMonitor - Completed (73%)
2024-10-23 01:16:41 INFO: 01:16:41.010 [main] [INFO ] q.l.p.CommandLineTaskRunner$CommandLineProgressMonitor - Completed (74%)
2024-10-23 01:16:41 INFO: 01:16:41.107 [main] [INFO ] q.l.p.CommandLineTaskRunner$CommandLineProgressMonitor - Completed (75%)
2024-10-23 01:16:41 INFO: 01:16:41.196 [main] [INFO ] q.l.p.CommandLineTaskRunner$CommandLineProgressMonitor - Completed (76%)
2024-10-23 01:16:41 INFO: 01:16:41.294 [main] [INFO ] q.l.p.CommandLineTaskRunner$CommandLineProgressMonitor - Completed (77%)
2024-10-23 01:16:41 INFO: 01:16:41.462 [main] [INFO ] q.l.p.CommandLineTaskRunner$CommandLineProgressMonitor - Completed (78%)
2024-10-23 01:16:41 INFO: 01:16:41.558 [main] [INFO ] q.l.p.CommandLineTaskRunner$CommandLineProgressMonitor - Completed (79%)
2024-10-23 01:16:41 INFO: 01:16:41.654 [main] [INFO ] q.l.p.CommandLineTaskRunner$CommandLineProgressMonitor - Completed (80%)
2024-10-23 01:16:41 INFO: 01:16:41.748 [main] [INFO ] q.l.p.CommandLineTaskRunner$CommandLineProgressMonitor - Completed (81%)
2024-10-23 01:16:41 INFO: 01:16:41.887 [main] [INFO ] q.l.p.CommandLineTaskRunner$CommandLineProgressMonitor - Completed (82%)
2024-10-23 01:16:41 INFO: 01:16:41.983 [main] [INFO ] q.l.p.CommandLineTaskRunner$CommandLineProgressMonitor - Completed (83%)
2024-10-23 01:16:42 INFO: 01:16:42.087 [main] [INFO ] q.l.p.CommandLineTaskRunner$CommandLineProgressMonitor - Completed (84%)
2024-10-23 01:16:42 INFO: 01:16:42.182 [main] [INFO ] q.l.p.CommandLineTaskRunner$CommandLineProgressMonitor - Completed (85%)
2024-10-23 01:16:42 INFO: 01:16:42.279 [main] [INFO ] q.l.p.CommandLineTaskRunner$CommandLineProgressMonitor - Completed (86%)
2024-10-23 01:16:42 INFO: 01:16:42.379 [main] [INFO ] q.l.p.CommandLineTaskRunner$CommandLineProgressMonitor - Completed (87%)
2024-10-23 01:16:42 INFO: 01:16:42.474 [main] [INFO ] q.l.p.CommandLineTaskRunner$CommandLineProgressMonitor - Completed (88%)
2024-10-23 01:16:42 INFO: 01:16:42.569 [main] [INFO ] q.l.p.CommandLineTaskRunner$CommandLineProgressMonitor - Completed (89%)
2024-10-23 01:16:42 INFO: 01:16:42.662 [main] [INFO ] q.l.p.CommandLineTaskRunner$CommandLineProgressMonitor - Completed (90%)
2024-10-23 01:16:42 INFO: 01:16:42.755 [main] [INFO ] q.l.p.CommandLineTaskRunner$CommandLineProgressMonitor - Completed (91%)
2024-10-23 01:16:42 INFO: 01:16:42.844 [main] [INFO ] q.l.p.CommandLineTaskRunner$CommandLineProgressMonitor - Completed (92%)
2024-10-23 01:16:42 INFO: 01:16:42.940 [main] [INFO ] q.l.p.CommandLineTaskRunner$CommandLineProgressMonitor - Completed (93%)
2024-10-23 01:16:43 INFO: 01:16:43.030 [main] [INFO ] q.l.p.CommandLineTaskRunner$CommandLineProgressMonitor - Completed (94%)
2024-10-23 01:16:43 INFO: 01:16:43.132 [main] [INFO ] q.l.p.CommandLineTaskRunner$CommandLineProgressMonitor - Completed (95%)
2024-10-23 01:16:43 INFO: 01:16:43.225 [main] [INFO ] q.l.p.CommandLineTaskRunner$CommandLineProgressMonitor - Completed (96%)
2024-10-23 01:16:43 INFO: 01:16:43.320 [main] [INFO ] q.l.p.CommandLineTaskRunner$CommandLineProgressMonitor - Completed (97%)
2024-10-23 01:16:43 INFO: 01:16:43.426 [main] [INFO ] q.l.p.CommandLineTaskRunner$CommandLineProgressMonitor - Completed (98%)
2024-10-23 01:16:43 INFO: 01:16:43.522 [main] [INFO ] q.l.p.CommandLineTaskRunner$CommandLineProgressMonitor - Completed (99%)
2024-10-23 01:16:43 INFO: 01:16:43.618 [main] [INFO ] q.l.p.CommandLineTaskRunner$CommandLineProgressMonitor - Completed (100%)
2024-10-23 01:17:38 INFO: 01:17:38.992 [main] [INFO ] q.l.p.CommandLineTaskRunner$CommandLineProgressMonitor - Completed (100%)
2024-10-23 01:17:38 INFO: 01:17:38.994 [main] [INFO ] q.l.p.CommandLineTaskRunner$CommandLineProgressMonitor - Processing complete in 70.75 seconds
2024-10-23 01:17:38 INFO: 01:17:38.994 [main] [INFO ] q.l.p.CommandLineTaskRunner$CommandLineProgressMonitor - Tasks completed!
2024-10-23 01:19:41 INFO: 01:19:41.363 [task-runner-6-1] [WARN ] q.o.features.DelaunayTriangulation - Some objects have missing measurements! Statistics will calculated only for objects with measurements available.
2024-10-23 01:19:41 INFO: 01:19:41.363 [task-runner-6-1] [WARN ] q.o.features.DelaunayTriangulation - Missing measurements: [ROI: 1.00 m per pixel: Residual: Haralick Correlation (F2), ROI: 1.00 m per pixel: Residual: Haralick Information measure of correlation 1 (F11), ROI: 1.00 m per pixel: Residual: Haralick Information measure of correlation 2 (F12)]
2024-10-23 01:19:41 INFO: 01:19:41.393 [main] [INFO ] q.l.p.CommandLineTaskRunner$CommandLineProgressMonitor - Delaunay triangulation calculated for Annotation (201685 objects) (100%)
2024-10-23 01:19:41 INFO: 01:19:41.393 [main] [INFO ] q.l.p.CommandLineTaskRunner$CommandLineProgressMonitor - Processing complete in 122.35 seconds
2024-10-23 01:19:41 INFO: 01:19:41.394 [main] [INFO ] q.l.p.CommandLineTaskRunner$CommandLineProgressMonitor - Tasks completed!
2024-10-23 01:21:58 INFO: TCGA-GI-A2C8-01Z-00-DX1.09BD8AC9-645A-4C8B-9B36-77D833BDBA09
2024-10-23 01:21:58 INFO: QuPath subprocess completed.
2024-10-23 01:22:09 INFO: QuPath image extraction completed successfully. Output directory: /home/ilants/Documents/jupyter_test/single_image_multiple_params/exp_sigmaMicrons_1.5
2024-10-23 01:22:09 INFO: Summary table saved to: /home/ilants/Documents/jupyter_test/single_image_multiple_params/exp_sigmaMicrons_1.5/Summary_Table.csv
2024-10-23 01:22:09 INFO: Experiment completed successfully.
