2024-10-22 22:01:00 INFO: Starting experiment with for threshold with value of 0.01
2024-10-22 22:01:00 INFO: Running with the following configuration:
{'detectionImageBrightfield': 'Hematoxylin OD', 'requestedPixelSizeMicrons': 0.5, 'backgroundRadiusMicrons': 4.0, 'backgroundByReconstruction': True, 'medianRadiusMicrons': 0.0, 'sigmaMicrons': 1.5, 'minAreaMicrons': 10.0, 'maxAreaMicrons': 80.0, 'threshold': 0.01, 'maxBackground': 2.0, 'watershedPostProcess': True, 'cellExpansionMicrons': 5.0, 'includeNuclei': True, 'smoothBoundaries': True, 'makeMeasurements': True, 'backgroundRadiusPixel': 8.0, 'cellExpansionPixel': 10.0, 'medianRadiusPixel': 0.0, 'minAreaPixel': 20.0, 'maxAreaPixel': 160.0}
2024-10-22 22:01:00 INFO: Starting QuPath image extraction with the following parameters: image_dir=/home/ilants/Documents/jupyter_test, output_dir=/home/ilants/Documents/jupyter_test/single_image_multiple_params/exp_threshold_0.01, image_type=svs, groovy_script=/home/ilants/Documents/utls/nucleus_detection_wargs.groovy, config_file=/home/ilants/Documents/jupyter_test/single_image_multiple_params/exp_threshold_0.01/cfg.json, program_path=/home/ilants/Documents/QuPath-v0.5.1-Linux/QuPath/bin/QuPath
2024-10-22 22:01:01 INFO: 22:01:01.867 [main] [INFO ] qupath.lib.gui.prefs.PathPrefs - Setting default Locale to en_US
2024-10-22 22:01:01 INFO: 22:01:01.870 [main] [INFO ] qupath.lib.gui.prefs.PathPrefs - Setting Locale for FORMAT to en_US
2024-10-22 22:01:01 INFO: 22:01:01.870 [main] [INFO ] qupath.lib.gui.prefs.PathPrefs - Setting Locale for DISPLAY to en_US
2024-10-22 22:01:01 INFO: 22:01:01.884 [main] [INFO ] qupath.lib.common.ThreadTools - Setting parallelism to 63
2024-10-22 22:01:01 INFO: 22:01:01.902 [main] [INFO ] qupath.ScriptCommand - Setting tile cache size to 32200.00 MB (25.0% max memory)
2024-10-22 22:01:01 INFO: 22:01:01.951 [main] [INFO ] qupath.lib.scripting.QP - Initializing type adapters
2024-10-22 22:01:02 INFO: Warning: Versions of org.bytedeco:javacpp:1.5.9 and org.bytedeco:opencv:4.6.0-1.5.8 do not match.
2024-10-22 22:01:02 INFO: Warning: Versions of org.bytedeco:javacpp:1.5.9 and org.bytedeco:openblas:0.3.21-1.5.8 do not match.
2024-10-22 22:01:03 INFO: project parameters are: {"detectionImageBrightfield": "Hematoxylin OD","requestedPixelSizeMicrons": 0.5,"backgroundRadiusMicrons": 4.0,"backgroundByReconstruction": true,"medianRadiusMicrons": 0.0,"sigmaMicrons": 1.5,"minAreaMicrons": 10.0,"maxAreaMicrons": 80.0,"threshold": 0.01,"maxBackground": 2.0,"watershedPostProcess": true,"cellExpansionMicrons": 5.0,"includeNuclei": true,"smoothBoundaries": true,"makeMeasurements": true,"backgroundRadiusPixel": 8.0,"cellExpansionPixel": 10.0,"medianRadiusPixel": 0.0,"minAreaPixel": 20.0,"maxAreaPixel": 160.0}
2024-10-22 22:01:03 INFO: New project created at: /home/ilants/Documents/jupyter_test/single_image_multiple_params/exp_threshold_0.01/QPProject
2024-10-22 22:01:03 INFO: Added: /home/ilants/Documents/jupyter_test/TCGA-GI-A2C8-01Z-00-DX1.09BD8AC9-645A-4C8B-9B36-77D833BDBA09.svs
2024-10-22 22:01:03 INFO: /home/ilants/Documents/jupyter_test/TCGA-GI-A2C8-01Z-00-DX1.09BD8AC9-645A-4C8B-9B36-77D833BDBA09.svs
2024-10-22 22:01:03 INFO: 22:01:03.886 [main] [INFO ] q.l.i.s.b.BioFormatsServerOptions - Setting max Bio-Formats readers to 32
2024-10-22 22:01:04 INFO: UriImageSupport (class qupath.lib.images.servers.bioformats.BioFormatsServerBuilder) support=3.0, builders=1
2024-10-22 22:01:04 INFO: true
2024-10-22 22:01:04 INFO: 22:01:04.567 [main] [WARN ] qupath.lib.scripting.QP - createSelectAllObject(boolean) is deprecated, use createFullImageAnnotation(boolean) instead
2024-10-22 22:01:04 INFO: 22:01:04.567 [main] [WARN ] qupath.lib.scripting.QP - createSelectAllObject(boolean, int, int) is deprecated, use createFullImageAnnotation(boolean, int, int) instead
2024-10-22 22:01:04 INFO: 22:01:04.577 [main] [WARN ] q.l.plugins.parameters.ParameterList - Unable to set parameter backgroundRadiusPixel with value 8.0
2024-10-22 22:01:04 INFO: 22:01:04.577 [main] [WARN ] q.l.plugins.parameters.ParameterList - Unable to set parameter cellExpansionPixel with value 10.0
2024-10-22 22:01:04 INFO: 22:01:04.577 [main] [WARN ] q.l.plugins.parameters.ParameterList - Unable to set parameter medianRadiusPixel with value 0.0
2024-10-22 22:01:04 INFO: 22:01:04.577 [main] [WARN ] q.l.plugins.parameters.ParameterList - Unable to set parameter minAreaPixel with value 20.0
2024-10-22 22:01:04 INFO: 22:01:04.577 [main] [WARN ] q.l.plugins.parameters.ParameterList - Unable to set parameter maxAreaPixel with value 160.0
2024-10-22 22:01:20 INFO: 22:01:20.744 [task-runner-1-12] [INFO ] q.lib.plugins.DetectionPluginTools - 7 nuclei detected (processing time: 16.05 seconds)
2024-10-22 22:01:20 INFO: 22:01:20.744 [task-runner-1-4] [INFO ] q.lib.plugins.DetectionPluginTools - 13 nuclei detected (processing time: 16.05 seconds)
2024-10-22 22:01:20 INFO: 22:01:20.748 [task-runner-1-3] [INFO ] q.lib.plugins.DetectionPluginTools - 4 nuclei detected (processing time: 16.06 seconds)
2024-10-22 22:01:20 INFO: 22:01:20.751 [task-runner-1-10] [INFO ] q.lib.plugins.DetectionPluginTools - 12 nuclei detected (processing time: 16.06 seconds)
2024-10-22 22:01:20 INFO: 22:01:20.759 [main] [INFO ] q.l.p.CommandLineTaskRunner$CommandLineProgressMonitor - 4 nuclei detected (1%)
2024-10-22 22:01:20 INFO: 22:01:20.759 [main] [INFO ] q.l.p.CommandLineTaskRunner$CommandLineProgressMonitor - 13 nuclei detected (1%)
2024-10-22 22:01:20 INFO: 22:01:20.759 [main] [INFO ] q.l.p.CommandLineTaskRunner$CommandLineProgressMonitor - 12 nuclei detected (2%)
2024-10-22 22:01:20 INFO: 22:01:20.760 [main] [INFO ] q.l.p.CommandLineTaskRunner$CommandLineProgressMonitor - 7 nuclei detected (3%)
2024-10-22 22:01:20 INFO: 22:01:20.767 [task-runner-1-9] [INFO ] q.lib.plugins.DetectionPluginTools - 11 nuclei detected (processing time: 16.07 seconds)
2024-10-22 22:01:20 INFO: 22:01:20.767 [main] [INFO ] q.l.p.CommandLineTaskRunner$CommandLineProgressMonitor - 11 nuclei detected (3%)
2024-10-22 22:01:20 INFO: 22:01:20.768 [task-runner-1-30] [INFO ] q.lib.plugins.DetectionPluginTools - 11 nuclei detected (processing time: 16.07 seconds)
2024-10-22 22:01:20 INFO: 22:01:20.769 [main] [INFO ] q.l.p.CommandLineTaskRunner$CommandLineProgressMonitor - 11 nuclei detected (4%)
2024-10-22 22:01:20 INFO: 22:01:20.770 [task-runner-1-1] [INFO ] q.lib.plugins.DetectionPluginTools - 18 nuclei detected (processing time: 16.08 seconds)
2024-10-22 22:01:20 INFO: 22:01:20.770 [main] [INFO ] q.l.p.CommandLineTaskRunner$CommandLineProgressMonitor - 18 nuclei detected (4%)
2024-10-22 22:01:20 INFO: 22:01:20.778 [task-runner-1-29] [INFO ] q.lib.plugins.DetectionPluginTools - 28 nuclei detected (processing time: 16.08 seconds)
2024-10-22 22:01:20 INFO: 22:01:20.778 [main] [INFO ] q.l.p.CommandLineTaskRunner$CommandLineProgressMonitor - 28 nuclei detected (5%)
2024-10-22 22:01:20 INFO: 22:01:20.786 [task-runner-1-11] [INFO ] q.lib.plugins.DetectionPluginTools - 19 nuclei detected (processing time: 16.09 seconds)
2024-10-22 22:01:20 INFO: 22:01:20.786 [task-runner-1-15] [INFO ] q.lib.plugins.DetectionPluginTools - 29 nuclei detected (processing time: 16.09 seconds)
2024-10-22 22:01:20 INFO: 22:01:20.787 [main] [INFO ] q.l.p.CommandLineTaskRunner$CommandLineProgressMonitor - 19 nuclei detected (6%)
2024-10-22 22:01:20 INFO: 22:01:20.787 [main] [INFO ] q.l.p.CommandLineTaskRunner$CommandLineProgressMonitor - 29 nuclei detected (6%)
2024-10-22 22:01:20 INFO: 22:01:20.788 [task-runner-1-47] [INFO ] q.lib.plugins.DetectionPluginTools - 24 nuclei detected (processing time: 16.09 seconds)
2024-10-22 22:01:20 INFO: 22:01:20.788 [main] [INFO ] q.l.p.CommandLineTaskRunner$CommandLineProgressMonitor - 24 nuclei detected (7%)
2024-10-22 22:01:20 INFO: 22:01:20.789 [task-runner-1-31] [INFO ] q.lib.plugins.DetectionPluginTools - 34 nuclei detected (processing time: 16.09 seconds)
2024-10-22 22:01:20 INFO: 22:01:20.789 [main] [INFO ] q.l.p.CommandLineTaskRunner$CommandLineProgressMonitor - 34 nuclei detected (8%)
2024-10-22 22:01:20 INFO: 22:01:20.795 [task-runner-1-17] [INFO ] q.lib.plugins.DetectionPluginTools - 32 nuclei detected (processing time: 16.10 seconds)
2024-10-22 22:01:20 INFO: 22:01:20.795 [main] [INFO ] q.l.p.CommandLineTaskRunner$CommandLineProgressMonitor - 32 nuclei detected (8%)
2024-10-22 22:01:20 INFO: 22:01:20.863 [task-runner-1-6] [INFO ] q.lib.plugins.DetectionPluginTools - 64 nuclei detected (processing time: 16.17 seconds)
2024-10-22 22:01:20 INFO: 22:01:20.863 [main] [INFO ] q.l.p.CommandLineTaskRunner$CommandLineProgressMonitor - 64 nuclei detected (9%)
2024-10-22 22:01:20 INFO: 22:01:20.926 [task-runner-1-46] [INFO ] q.lib.plugins.DetectionPluginTools - 241 nuclei detected (processing time: 16.23 seconds)
2024-10-22 22:01:20 INFO: 22:01:20.927 [main] [INFO ] q.l.p.CommandLineTaskRunner$CommandLineProgressMonitor - 241 nuclei detected (9%)
2024-10-22 22:01:20 INFO: 22:01:20.944 [task-runner-1-26] [INFO ] q.lib.plugins.DetectionPluginTools - 217 nuclei detected (processing time: 16.25 seconds)
2024-10-22 22:01:20 INFO: 22:01:20.945 [main] [INFO ] q.l.p.CommandLineTaskRunner$CommandLineProgressMonitor - 217 nuclei detected (10%)
2024-10-22 22:01:21 INFO: 22:01:21.482 [task-runner-1-18] [INFO ] q.lib.plugins.DetectionPluginTools - 1207 nuclei detected (processing time: 16.79 seconds)
2024-10-22 22:01:21 INFO: 22:01:21.483 [main] [INFO ] q.l.p.CommandLineTaskRunner$CommandLineProgressMonitor - 1207 nuclei detected (11%)
2024-10-22 22:01:21 INFO: 22:01:21.712 [task-runner-1-49] [INFO ] q.lib.plugins.DetectionPluginTools - 1466 nuclei detected (processing time: 17.01 seconds)
2024-10-22 22:01:21 INFO: 22:01:21.713 [main] [INFO ] q.l.p.CommandLineTaskRunner$CommandLineProgressMonitor - 1466 nuclei detected (11%)
2024-10-22 22:01:21 INFO: 22:01:21.719 [task-runner-1-25] [INFO ] q.lib.plugins.DetectionPluginTools - 1943 nuclei detected (processing time: 17.02 seconds)
2024-10-22 22:01:21 INFO: 22:01:21.720 [main] [INFO ] q.l.p.CommandLineTaskRunner$CommandLineProgressMonitor - 1943 nuclei detected (12%)
2024-10-22 22:01:22 INFO: 22:01:22.408 [task-runner-1-32] [INFO ] q.lib.plugins.DetectionPluginTools - 5 nuclei detected (processing time: 17.71 seconds)
2024-10-22 22:01:22 INFO: 22:01:22.410 [main] [INFO ] q.l.p.CommandLineTaskRunner$CommandLineProgressMonitor - 5 nuclei detected (13%)
2024-10-22 22:01:22 INFO: 22:01:22.430 [task-runner-1-48] [INFO ] q.lib.plugins.DetectionPluginTools - 12 nuclei detected (processing time: 17.73 seconds)
2024-10-22 22:01:22 INFO: 22:01:22.431 [main] [INFO ] q.l.p.CommandLineTaskRunner$CommandLineProgressMonitor - 12 nuclei detected (13%)
2024-10-22 22:01:22 INFO: 22:01:22.440 [task-runner-1-2] [INFO ] q.lib.plugins.DetectionPluginTools - 13 nuclei detected (processing time: 17.75 seconds)
2024-10-22 22:01:22 INFO: 22:01:22.441 [main] [INFO ] q.l.p.CommandLineTaskRunner$CommandLineProgressMonitor - 13 nuclei detected (14%)
2024-10-22 22:01:22 INFO: 22:01:22.446 [task-runner-1-7] [INFO ] q.lib.plugins.DetectionPluginTools - 29 nuclei detected (processing time: 17.75 seconds)
2024-10-22 22:01:22 INFO: 22:01:22.447 [main] [INFO ] q.l.p.CommandLineTaskRunner$CommandLineProgressMonitor - 29 nuclei detected (14%)
2024-10-22 22:01:22 INFO: 22:01:22.450 [task-runner-1-8] [INFO ] q.lib.plugins.DetectionPluginTools - 18 nuclei detected (processing time: 17.76 seconds)
2024-10-22 22:01:22 INFO: 22:01:22.451 [main] [INFO ] q.l.p.CommandLineTaskRunner$CommandLineProgressMonitor - 18 nuclei detected (15%)
2024-10-22 22:01:22 INFO: 22:01:22.493 [task-runner-1-14] [INFO ] q.lib.plugins.DetectionPluginTools - 22 nuclei detected (processing time: 17.80 seconds)
2024-10-22 22:01:22 INFO: 22:01:22.495 [main] [INFO ] q.l.p.CommandLineTaskRunner$CommandLineProgressMonitor - 22 nuclei detected (16%)
2024-10-22 22:01:22 INFO: 22:01:22.509 [task-runner-1-16] [INFO ] q.lib.plugins.DetectionPluginTools - 14 nuclei detected (processing time: 17.81 seconds)
2024-10-22 22:01:22 INFO: 22:01:22.520 [task-runner-1-13] [INFO ] q.lib.plugins.DetectionPluginTools - 45 nuclei detected (processing time: 17.83 seconds)
2024-10-22 22:01:22 INFO: 22:01:22.524 [main] [INFO ] q.l.p.CommandLineTaskRunner$CommandLineProgressMonitor - 14 nuclei detected (16%)
2024-10-22 22:01:22 INFO: 22:01:22.524 [main] [INFO ] q.l.p.CommandLineTaskRunner$CommandLineProgressMonitor - 45 nuclei detected (17%)
2024-10-22 22:01:22 INFO: 22:01:22.569 [task-runner-1-27] [INFO ] q.lib.plugins.DetectionPluginTools - 7 nuclei detected (processing time: 17.87 seconds)
2024-10-22 22:01:22 INFO: 22:01:22.572 [main] [INFO ] q.l.p.CommandLineTaskRunner$CommandLineProgressMonitor - 7 nuclei detected (18%)
2024-10-22 22:01:22 INFO: 22:01:22.694 [task-runner-1-28] [INFO ] q.lib.plugins.DetectionPluginTools - 83 nuclei detected (processing time: 18.00 seconds)
2024-10-22 22:01:22 INFO: 22:01:22.696 [main] [INFO ] q.l.p.CommandLineTaskRunner$CommandLineProgressMonitor - 83 nuclei detected (18%)
2024-10-22 22:01:22 INFO: 22:01:22.932 [task-runner-1-5] [INFO ] q.lib.plugins.DetectionPluginTools - 445 nuclei detected (processing time: 18.24 seconds)
2024-10-22 22:01:22 INFO: 22:01:22.933 [main] [INFO ] q.l.p.CommandLineTaskRunner$CommandLineProgressMonitor - 445 nuclei detected (19%)
2024-10-22 22:01:23 INFO: 22:01:23.117 [task-runner-1-45] [INFO ] q.lib.plugins.DetectionPluginTools - 862 nuclei detected (processing time: 18.42 seconds)
2024-10-22 22:01:23 INFO: 22:01:23.126 [main] [INFO ] q.l.p.CommandLineTaskRunner$CommandLineProgressMonitor - 862 nuclei detected (19%)
2024-10-22 22:01:23 INFO: 22:01:23.211 [task-runner-1-63] [INFO ] q.lib.plugins.DetectionPluginTools - 1235 nuclei detected (processing time: 18.51 seconds)
2024-10-22 22:01:23 INFO: 22:01:23.212 [main] [INFO ] q.l.p.CommandLineTaskRunner$CommandLineProgressMonitor - 1235 nuclei detected (20%)
2024-10-22 22:01:23 INFO: 22:01:23.315 [task-runner-1-19] [INFO ] q.lib.plugins.DetectionPluginTools - 1748 nuclei detected (processing time: 18.62 seconds)
2024-10-22 22:01:23 INFO: 22:01:23.316 [main] [INFO ] q.l.p.CommandLineTaskRunner$CommandLineProgressMonitor - 1748 nuclei detected (21%)
2024-10-22 22:01:23 INFO: 22:01:23.567 [task-runner-1-61] [INFO ] q.lib.plugins.DetectionPluginTools - 1927 nuclei detected (processing time: 18.86 seconds)
2024-10-22 22:01:23 INFO: 22:01:23.569 [main] [INFO ] q.l.p.CommandLineTaskRunner$CommandLineProgressMonitor - 1927 nuclei detected (21%)
2024-10-22 22:01:23 INFO: 22:01:23.616 [task-runner-1-62] [INFO ] q.lib.plugins.DetectionPluginTools - 1866 nuclei detected (processing time: 18.91 seconds)
2024-10-22 22:01:23 INFO: 22:01:23.617 [main] [INFO ] q.l.p.CommandLineTaskRunner$CommandLineProgressMonitor - 1866 nuclei detected (22%)
2024-10-22 22:01:23 INFO: 22:01:23.638 [task-runner-1-33] [INFO ] q.lib.plugins.DetectionPluginTools - 1818 nuclei detected (processing time: 18.94 seconds)
2024-10-22 22:01:23 INFO: 22:01:23.639 [main] [INFO ] q.l.p.CommandLineTaskRunner$CommandLineProgressMonitor - 1818 nuclei detected (23%)
2024-10-22 22:01:23 INFO: 22:01:23.647 [task-runner-1-44] [INFO ] q.lib.plugins.DetectionPluginTools - 2081 nuclei detected (processing time: 18.95 seconds)
2024-10-22 22:01:23 INFO: 22:01:23.647 [main] [INFO ] q.l.p.CommandLineTaskRunner$CommandLineProgressMonitor - 2081 nuclei detected (23%)
2024-10-22 22:01:23 INFO: 22:01:23.655 [task-runner-1-20] [INFO ] q.lib.plugins.DetectionPluginTools - 2337 nuclei detected (processing time: 18.96 seconds)
2024-10-22 22:01:23 INFO: 22:01:23.656 [main] [INFO ] q.l.p.CommandLineTaskRunner$CommandLineProgressMonitor - 2337 nuclei detected (24%)
2024-10-22 22:01:23 INFO: 22:01:23.667 [task-runner-1-50] [INFO ] q.lib.plugins.DetectionPluginTools - 2188 nuclei detected (processing time: 18.97 seconds)
2024-10-22 22:01:23 INFO: 22:01:23.669 [main] [INFO ] q.l.p.CommandLineTaskRunner$CommandLineProgressMonitor - 2188 nuclei detected (24%)
2024-10-22 22:01:23 INFO: 22:01:23.730 [task-runner-1-34] [INFO ] q.lib.plugins.DetectionPluginTools - 2654 nuclei detected (processing time: 19.03 seconds)
2024-10-22 22:01:23 INFO: 22:01:23.731 [main] [INFO ] q.l.p.CommandLineTaskRunner$CommandLineProgressMonitor - 2654 nuclei detected (25%)
2024-10-22 22:01:23 INFO: 22:01:23.761 [task-runner-1-35] [INFO ] q.lib.plugins.DetectionPluginTools - 2869 nuclei detected (processing time: 19.06 seconds)
2024-10-22 22:01:23 INFO: 22:01:23.763 [main] [INFO ] q.l.p.CommandLineTaskRunner$CommandLineProgressMonitor - 2869 nuclei detected (26%)
2024-10-22 22:01:24 INFO: 22:01:24.603 [task-runner-1-43] [INFO ] q.lib.plugins.DetectionPluginTools - 3688 nuclei detected (processing time: 19.90 seconds)
2024-10-22 22:01:24 INFO: 22:01:24.605 [main] [INFO ] q.l.p.CommandLineTaskRunner$CommandLineProgressMonitor - 3688 nuclei detected (26%)
2024-10-22 22:01:24 INFO: 22:01:24.909 [task-runner-1-23] [INFO ] q.lib.plugins.DetectionPluginTools - 4161 nuclei detected (processing time: 20.21 seconds)
2024-10-22 22:01:24 INFO: 22:01:24.911 [main] [INFO ] q.l.p.CommandLineTaskRunner$CommandLineProgressMonitor - 4161 nuclei detected (27%)
2024-10-22 22:01:24 INFO: 22:01:24.940 [task-runner-1-24] [INFO ] q.lib.plugins.DetectionPluginTools - 4477 nuclei detected (processing time: 20.24 seconds)
2024-10-22 22:01:24 INFO: 22:01:24.941 [main] [INFO ] q.l.p.CommandLineTaskRunner$CommandLineProgressMonitor - 4477 nuclei detected (28%)
2024-10-22 22:01:25 INFO: 22:01:25.457 [task-runner-1-51] [INFO ] q.lib.plugins.DetectionPluginTools - 4589 nuclei detected (processing time: 20.76 seconds)
2024-10-22 22:01:25 INFO: 22:01:25.458 [main] [INFO ] q.l.p.CommandLineTaskRunner$CommandLineProgressMonitor - 4589 nuclei detected (28%)
2024-10-22 22:01:26 INFO: 22:01:26.738 [task-runner-1-22] [INFO ] q.lib.plugins.DetectionPluginTools - 5291 nuclei detected (processing time: 22.04 seconds)
2024-10-22 22:01:26 INFO: 22:01:26.739 [main] [INFO ] q.l.p.CommandLineTaskRunner$CommandLineProgressMonitor - 5291 nuclei detected (29%)
2024-10-22 22:01:26 INFO: 22:01:26.759 [task-runner-1-3] [INFO ] q.lib.plugins.DetectionPluginTools - 10 nuclei detected (processing time: 6.00 seconds)
2024-10-22 22:01:26 INFO: 22:01:26.760 [main] [INFO ] q.l.p.CommandLineTaskRunner$CommandLineProgressMonitor - 10 nuclei detected (29%)
2024-10-22 22:01:26 INFO: 22:01:26.861 [task-runner-1-60] [INFO ] q.lib.plugins.DetectionPluginTools - 4076 nuclei detected (processing time: 22.16 seconds)
2024-10-22 22:01:26 INFO: 22:01:26.862 [main] [INFO ] q.l.p.CommandLineTaskRunner$CommandLineProgressMonitor - 4076 nuclei detected (30%)
2024-10-22 22:01:27 INFO: 22:01:27.947 [task-runner-1-18] [INFO ] q.lib.plugins.DetectionPluginTools - 21 nuclei detected (processing time: 6.46 seconds)
2024-10-22 22:01:27 INFO: 22:01:27.949 [main] [INFO ] q.l.p.CommandLineTaskRunner$CommandLineProgressMonitor - 21 nuclei detected (31%)
2024-10-22 22:01:29 INFO: 22:01:29.424 [task-runner-1-19] [INFO ] q.lib.plugins.DetectionPluginTools - 20 nuclei detected (processing time: 6.11 seconds)
2024-10-22 22:01:29 INFO: 22:01:29.425 [main] [INFO ] q.l.p.CommandLineTaskRunner$CommandLineProgressMonitor - 20 nuclei detected (31%)
2024-10-22 22:01:30 INFO: 22:01:30.196 [task-runner-1-4] [INFO ] q.lib.plugins.DetectionPluginTools - 1533 nuclei detected (processing time: 9.44 seconds)
2024-10-22 22:01:30 INFO: 22:01:30.198 [main] [INFO ] q.l.p.CommandLineTaskRunner$CommandLineProgressMonitor - 1533 nuclei detected (32%)
2024-10-22 22:01:30 INFO: 22:01:30.388 [task-runner-1-63] [INFO ] q.lib.plugins.DetectionPluginTools - 606 nuclei detected (processing time: 7.18 seconds)
2024-10-22 22:01:30 INFO: 22:01:30.390 [main] [INFO ] q.l.p.CommandLineTaskRunner$CommandLineProgressMonitor - 606 nuclei detected (33%)
2024-10-22 22:01:30 INFO: 22:01:30.684 [task-runner-1-36] [INFO ] q.lib.plugins.DetectionPluginTools - 8227 nuclei detected (processing time: 25.98 seconds)
2024-10-22 22:01:30 INFO: 22:01:30.685 [main] [INFO ] q.l.p.CommandLineTaskRunner$CommandLineProgressMonitor - 8227 nuclei detected (33%)
2024-10-22 22:01:30 INFO: 22:01:30.886 [task-runner-1-10] [INFO ] q.lib.plugins.DetectionPluginTools - 1832 nuclei detected (processing time: 10.13 seconds)
2024-10-22 22:01:30 INFO: 22:01:30.887 [main] [INFO ] q.l.p.CommandLineTaskRunner$CommandLineProgressMonitor - 1832 nuclei detected (34%)
2024-10-22 22:01:31 INFO: 22:01:31.137 [task-runner-1-59] [INFO ] q.lib.plugins.DetectionPluginTools - 7443 nuclei detected (processing time: 26.43 seconds)
2024-10-22 22:01:31 INFO: 22:01:31.139 [main] [INFO ] q.l.p.CommandLineTaskRunner$CommandLineProgressMonitor - 7443 nuclei detected (34%)
2024-10-22 22:01:31 INFO: 22:01:31.653 [task-runner-1-25] [INFO ] q.lib.plugins.DetectionPluginTools - 1474 nuclei detected (processing time: 9.93 seconds)
2024-10-22 22:01:31 INFO: 22:01:31.656 [main] [INFO ] q.l.p.CommandLineTaskRunner$CommandLineProgressMonitor - 1474 nuclei detected (35%)
2024-10-22 22:01:31 INFO: 22:01:31.947 [task-runner-1-26] [INFO ] q.lib.plugins.DetectionPluginTools - 1878 nuclei detected (processing time: 11.00 seconds)
2024-10-22 22:01:31 INFO: 22:01:31.949 [main] [INFO ] q.l.p.CommandLineTaskRunner$CommandLineProgressMonitor - 1878 nuclei detected (36%)
2024-10-22 22:01:32 INFO: 22:01:32.089 [task-runner-1-49] [INFO ] q.lib.plugins.DetectionPluginTools - 1678 nuclei detected (processing time: 10.36 seconds)
2024-10-22 22:01:32 INFO: 22:01:32.090 [main] [INFO ] q.l.p.CommandLineTaskRunner$CommandLineProgressMonitor - 1678 nuclei detected (36%)
2024-10-22 22:01:32 INFO: 22:01:32.415 [task-runner-1-12] [INFO ] q.lib.plugins.DetectionPluginTools - 2242 nuclei detected (processing time: 11.66 seconds)
2024-10-22 22:01:32 INFO: 22:01:32.417 [main] [INFO ] q.l.p.CommandLineTaskRunner$CommandLineProgressMonitor - 2242 nuclei detected (37%)
2024-10-22 22:01:32 INFO: 22:01:32.732 [task-runner-1-42] [INFO ] q.lib.plugins.DetectionPluginTools - 8387 nuclei detected (processing time: 28.03 seconds)
2024-10-22 22:01:32 INFO: 22:01:32.732 [main] [INFO ] q.l.p.CommandLineTaskRunner$CommandLineProgressMonitor - 8387 nuclei detected (38%)
2024-10-22 22:01:32 INFO: 22:01:32.833 [task-runner-1-21] [INFO ] q.lib.plugins.DetectionPluginTools - 8630 nuclei detected (processing time: 28.14 seconds)
2024-10-22 22:01:32 INFO: 22:01:32.834 [main] [INFO ] q.l.p.CommandLineTaskRunner$CommandLineProgressMonitor - 8630 nuclei detected (38%)
2024-10-22 22:01:32 INFO: 22:01:32.951 [task-runner-1-60] [INFO ] q.lib.plugins.DetectionPluginTools - 181 nuclei detected (processing time: 6.09 seconds)
2024-10-22 22:01:32 INFO: 22:01:32.952 [main] [INFO ] q.l.p.CommandLineTaskRunner$CommandLineProgressMonitor - 181 nuclei detected (39%)
2024-10-22 22:01:33 INFO: 22:01:33.193 [task-runner-1-52] [INFO ] q.lib.plugins.DetectionPluginTools - 8199 nuclei detected (processing time: 28.49 seconds)
2024-10-22 22:01:33 INFO: 22:01:33.195 [main] [INFO ] q.l.p.CommandLineTaskRunner$CommandLineProgressMonitor - 8199 nuclei detected (39%)
2024-10-22 22:01:33 INFO: 22:01:33.608 [task-runner-1-18] [INFO ] q.lib.plugins.DetectionPluginTools - 15 nuclei detected (processing time: 5.66 seconds)
2024-10-22 22:01:33 INFO: 22:01:33.609 [main] [INFO ] q.l.p.CommandLineTaskRunner$CommandLineProgressMonitor - 15 nuclei detected (40%)
2024-10-22 22:01:33 INFO: 22:01:33.714 [task-runner-1-62] [INFO ] q.lib.plugins.DetectionPluginTools - 1522 nuclei detected (processing time: 10.10 seconds)
2024-10-22 22:01:33 INFO: 22:01:33.716 [main] [INFO ] q.l.p.CommandLineTaskRunner$CommandLineProgressMonitor - 1522 nuclei detected (41%)
2024-10-22 22:01:34 INFO: 22:01:34.125 [task-runner-1-33] [INFO ] q.lib.plugins.DetectionPluginTools - 1576 nuclei detected (processing time: 10.49 seconds)
2024-10-22 22:01:34 INFO: 22:01:34.127 [main] [INFO ] q.l.p.CommandLineTaskRunner$CommandLineProgressMonitor - 1576 nuclei detected (41%)
2024-10-22 22:01:34 INFO: 22:01:34.369 [task-runner-1-61] [INFO ] q.lib.plugins.DetectionPluginTools - 1603 nuclei detected (processing time: 10.80 seconds)
2024-10-22 22:01:34 INFO: 22:01:34.373 [main] [INFO ] q.l.p.CommandLineTaskRunner$CommandLineProgressMonitor - 1603 nuclei detected (42%)
2024-10-22 22:01:34 INFO: 22:01:34.667 [task-runner-1-40] [INFO ] q.lib.plugins.DetectionPluginTools - 8807 nuclei detected (processing time: 29.97 seconds)
2024-10-22 22:01:34 INFO: 22:01:34.668 [main] [INFO ] q.l.p.CommandLineTaskRunner$CommandLineProgressMonitor - 8807 nuclei detected (43%)
2024-10-22 22:01:34 INFO: 22:01:34.786 [task-runner-1-32] [INFO ] q.lib.plugins.DetectionPluginTools - 2736 nuclei detected (processing time: 12.38 seconds)
2024-10-22 22:01:34 INFO: 22:01:34.787 [main] [INFO ] q.l.p.CommandLineTaskRunner$CommandLineProgressMonitor - 2736 nuclei detected (43%)
2024-10-22 22:01:35 INFO: 22:01:35.052 [task-runner-1-39] [INFO ] q.lib.plugins.DetectionPluginTools - 9297 nuclei detected (processing time: 30.35 seconds)
2024-10-22 22:01:35 INFO: 22:01:35.053 [main] [INFO ] q.l.p.CommandLineTaskRunner$CommandLineProgressMonitor - 9297 nuclei detected (44%)
2024-10-22 22:01:35 INFO: 22:01:35.698 [task-runner-1-41] [INFO ] q.lib.plugins.DetectionPluginTools - 9752 nuclei detected (processing time: 31.00 seconds)
2024-10-22 22:01:35 INFO: 22:01:35.700 [main] [INFO ] q.l.p.CommandLineTaskRunner$CommandLineProgressMonitor - 9752 nuclei detected (44%)
2024-10-22 22:01:35 INFO: 22:01:35.814 [task-runner-1-56] [INFO ] q.lib.plugins.DetectionPluginTools - 9094 nuclei detected (processing time: 31.11 seconds)
2024-10-22 22:01:35 INFO: 22:01:35.816 [main] [INFO ] q.l.p.CommandLineTaskRunner$CommandLineProgressMonitor - 9094 nuclei detected (45%)
2024-10-22 22:01:35 INFO: 22:01:35.897 [task-runner-1-38] [INFO ] q.lib.plugins.DetectionPluginTools - 10211 nuclei detected (processing time: 31.20 seconds)
2024-10-22 22:01:35 INFO: 22:01:35.899 [main] [INFO ] q.l.p.CommandLineTaskRunner$CommandLineProgressMonitor - 10211 nuclei detected (46%)
2024-10-22 22:01:36 INFO: 22:01:36.024 [task-runner-1-55] [INFO ] q.lib.plugins.DetectionPluginTools - 9658 nuclei detected (processing time: 31.32 seconds)
2024-10-22 22:01:36 INFO: 22:01:36.027 [main] [INFO ] q.l.p.CommandLineTaskRunner$CommandLineProgressMonitor - 9658 nuclei detected (46%)
2024-10-22 22:01:36 INFO: 22:01:36.130 [task-runner-1-58] [INFO ] q.lib.plugins.DetectionPluginTools - 9760 nuclei detected (processing time: 31.43 seconds)
2024-10-22 22:01:36 INFO: 22:01:36.131 [main] [INFO ] q.l.p.CommandLineTaskRunner$CommandLineProgressMonitor - 9760 nuclei detected (47%)
2024-10-22 22:01:36 INFO: 22:01:36.196 [task-runner-1-53] [INFO ] q.lib.plugins.DetectionPluginTools - 10545 nuclei detected (processing time: 31.49 seconds)
2024-10-22 22:01:36 INFO: 22:01:36.198 [main] [INFO ] q.l.p.CommandLineTaskRunner$CommandLineProgressMonitor - 10545 nuclei detected (48%)
2024-10-22 22:01:36 INFO: 22:01:36.319 [task-runner-1-57] [INFO ] q.lib.plugins.DetectionPluginTools - 9011 nuclei detected (processing time: 31.62 seconds)
2024-10-22 22:01:36 INFO: 22:01:36.321 [main] [INFO ] q.l.p.CommandLineTaskRunner$CommandLineProgressMonitor - 9011 nuclei detected (48%)
2024-10-22 22:01:36 INFO: 22:01:36.367 [task-runner-1-37] [INFO ] q.lib.plugins.DetectionPluginTools - 10339 nuclei detected (processing time: 31.67 seconds)
2024-10-22 22:01:36 INFO: 22:01:36.369 [main] [INFO ] q.l.p.CommandLineTaskRunner$CommandLineProgressMonitor - 10339 nuclei detected (49%)
2024-10-22 22:01:36 INFO: 22:01:36.492 [task-runner-1-54] [INFO ] q.lib.plugins.DetectionPluginTools - 10097 nuclei detected (processing time: 31.79 seconds)
2024-10-22 22:01:36 INFO: 22:01:36.493 [main] [INFO ] q.l.p.CommandLineTaskRunner$CommandLineProgressMonitor - 10097 nuclei detected (49%)
2024-10-22 22:01:36 INFO: 22:01:36.995 [task-runner-1-46] [INFO ] q.lib.plugins.DetectionPluginTools - 3863 nuclei detected (processing time: 16.07 seconds)
2024-10-22 22:01:36 INFO: 22:01:36.997 [main] [INFO ] q.l.p.CommandLineTaskRunner$CommandLineProgressMonitor - 3863 nuclei detected (50%)
2024-10-22 22:01:39 INFO: 22:01:39.616 [task-runner-1-45] [INFO ] q.lib.plugins.DetectionPluginTools - 3605 nuclei detected (processing time: 16.49 seconds)
2024-10-22 22:01:39 INFO: 22:01:39.618 [main] [INFO ] q.l.p.CommandLineTaskRunner$CommandLineProgressMonitor - 3605 nuclei detected (51%)
2024-10-22 22:01:39 INFO: 22:01:39.930 [task-runner-1-19] [INFO ] q.lib.plugins.DetectionPluginTools - 1802 nuclei detected (processing time: 10.50 seconds)
2024-10-22 22:01:39 INFO: 22:01:39.931 [main] [INFO ] q.l.p.CommandLineTaskRunner$CommandLineProgressMonitor - 1802 nuclei detected (51%)
2024-10-22 22:01:40 INFO: 22:01:40.140 [task-runner-1-18] [INFO ] q.lib.plugins.DetectionPluginTools - 15 nuclei detected (processing time: 6.53 seconds)
2024-10-22 22:01:40 INFO: 22:01:40.142 [main] [INFO ] q.l.p.CommandLineTaskRunner$CommandLineProgressMonitor - 15 nuclei detected (52%)
2024-10-22 22:01:40 INFO: 22:01:40.303 [task-runner-1-62] [INFO ] q.lib.plugins.DetectionPluginTools - 23 nuclei detected (processing time: 6.59 seconds)
2024-10-22 22:01:40 INFO: 22:01:40.306 [main] [INFO ] q.l.p.CommandLineTaskRunner$CommandLineProgressMonitor - 23 nuclei detected (53%)
2024-10-22 22:01:41 INFO: 22:01:41.261 [task-runner-1-6] [INFO ] q.lib.plugins.DetectionPluginTools - 5921 nuclei detected (processing time: 20.40 seconds)
2024-10-22 22:01:41 INFO: 22:01:41.265 [main] [INFO ] q.l.p.CommandLineTaskRunner$CommandLineProgressMonitor - 5921 nuclei detected (53%)
2024-10-22 22:01:41 INFO: 22:01:41.619 [task-runner-1-32] [INFO ] q.lib.plugins.DetectionPluginTools - 105 nuclei detected (processing time: 6.83 seconds)
2024-10-22 22:01:41 INFO: 22:01:41.620 [main] [INFO ] q.l.p.CommandLineTaskRunner$CommandLineProgressMonitor - 105 nuclei detected (54%)
2024-10-22 22:01:41 INFO: 22:01:41.730 [task-runner-1-41] [INFO ] q.lib.plugins.DetectionPluginTools - 17 nuclei detected (processing time: 6.03 seconds)
2024-10-22 22:01:41 INFO: 22:01:41.733 [main] [INFO ] q.l.p.CommandLineTaskRunner$CommandLineProgressMonitor - 17 nuclei detected (54%)
2024-10-22 22:01:41 INFO: 22:01:41.772 [task-runner-1-39] [INFO ] q.lib.plugins.DetectionPluginTools - 134 nuclei detected (processing time: 6.72 seconds)
2024-10-22 22:01:41 INFO: 22:01:41.774 [main] [INFO ] q.l.p.CommandLineTaskRunner$CommandLineProgressMonitor - 134 nuclei detected (55%)
2024-10-22 22:01:41 INFO: 22:01:41.858 [task-runner-1-56] [INFO ] q.lib.plugins.DetectionPluginTools - 14 nuclei detected (processing time: 6.04 seconds)
2024-10-22 22:01:41 INFO: 22:01:41.861 [main] [INFO ] q.l.p.CommandLineTaskRunner$CommandLineProgressMonitor - 14 nuclei detected (56%)
2024-10-22 22:01:41 INFO: 22:01:41.929 [task-runner-1-38] [INFO ] q.lib.plugins.DetectionPluginTools - 11 nuclei detected (processing time: 6.03 seconds)
2024-10-22 22:01:41 INFO: 22:01:41.930 [main] [INFO ] q.l.p.CommandLineTaskRunner$CommandLineProgressMonitor - 11 nuclei detected (56%)
2024-10-22 22:01:42 INFO: 22:01:42.369 [task-runner-1-55] [INFO ] q.lib.plugins.DetectionPluginTools - 60 nuclei detected (processing time: 6.34 seconds)
2024-10-22 22:01:42 INFO: 22:01:42.370 [main] [INFO ] q.l.p.CommandLineTaskRunner$CommandLineProgressMonitor - 60 nuclei detected (57%)
2024-10-22 22:01:42 INFO: 22:01:42.723 [task-runner-1-61] [INFO ] q.lib.plugins.DetectionPluginTools - 905 nuclei detected (processing time: 8.35 seconds)
2024-10-22 22:01:42 INFO: 22:01:42.724 [main] [INFO ] q.l.p.CommandLineTaskRunner$CommandLineProgressMonitor - 905 nuclei detected (57%)
2024-10-22 22:01:42 INFO: 22:01:42.728 [task-runner-1-33] [INFO ] q.lib.plugins.DetectionPluginTools - 934 nuclei detected (processing time: 8.60 seconds)
2024-10-22 22:01:42 INFO: 22:01:42.729 [main] [INFO ] q.l.p.CommandLineTaskRunner$CommandLineProgressMonitor - 934 nuclei detected (58%)
2024-10-22 22:01:42 INFO: 22:01:42.978 [task-runner-1-58] [INFO ] q.lib.plugins.DetectionPluginTools - 604 nuclei detected (processing time: 6.85 seconds)
2024-10-22 22:01:42 INFO: 22:01:42.982 [main] [INFO ] q.l.p.CommandLineTaskRunner$CommandLineProgressMonitor - 604 nuclei detected (59%)
2024-10-22 22:01:43 INFO: 22:01:43.116 [task-runner-1-4] [INFO ] q.lib.plugins.DetectionPluginTools - 2022 nuclei detected (processing time: 12.92 seconds)
2024-10-22 22:01:43 INFO: 22:01:43.118 [main] [INFO ] q.l.p.CommandLineTaskRunner$CommandLineProgressMonitor - 2022 nuclei detected (59%)
2024-10-22 22:01:43 INFO: 22:01:43.380 [task-runner-1-54] [INFO ] q.lib.plugins.DetectionPluginTools - 23 nuclei detected (processing time: 6.89 seconds)
2024-10-22 22:01:43 INFO: 22:01:43.384 [main] [INFO ] q.l.p.CommandLineTaskRunner$CommandLineProgressMonitor - 23 nuclei detected (60%)
2024-10-22 22:01:43 INFO: 22:01:43.638 [task-runner-1-46] [INFO ] q.lib.plugins.DetectionPluginTools - 20 nuclei detected (processing time: 6.64 seconds)
2024-10-22 22:01:43 INFO: 22:01:43.640 [main] [INFO ] q.l.p.CommandLineTaskRunner$CommandLineProgressMonitor - 20 nuclei detected (61%)
2024-10-22 22:01:43 INFO: 22:01:43.704 [task-runner-1-40] [INFO ] q.lib.plugins.DetectionPluginTools - 998 nuclei detected (processing time: 9.04 seconds)
2024-10-22 22:01:43 INFO: 22:01:43.706 [main] [INFO ] q.l.p.CommandLineTaskRunner$CommandLineProgressMonitor - 998 nuclei detected (61%)
2024-10-22 22:01:44 INFO: 22:01:44.216 [task-runner-1-52] [INFO ] q.lib.plugins.DetectionPluginTools - 1971 nuclei detected (processing time: 11.02 seconds)
2024-10-22 22:01:44 INFO: 22:01:44.218 [main] [INFO ] q.l.p.CommandLineTaskRunner$CommandLineProgressMonitor - 1971 nuclei detected (62%)
2024-10-22 22:01:45 INFO: 22:01:45.226 [task-runner-1-3] [INFO ] q.lib.plugins.DetectionPluginTools - 5023 nuclei detected (processing time: 18.47 seconds)
2024-10-22 22:01:45 INFO: 22:01:45.227 [main] [INFO ] q.l.p.CommandLineTaskRunner$CommandLineProgressMonitor - 5023 nuclei detected (63%)
2024-10-22 22:01:45 INFO: 22:01:45.419 [task-runner-1-45] [INFO ] q.lib.plugins.DetectionPluginTools - 20 nuclei detected (processing time: 5.80 seconds)
2024-10-22 22:01:45 INFO: 22:01:45.421 [main] [INFO ] q.l.p.CommandLineTaskRunner$CommandLineProgressMonitor - 20 nuclei detected (63%)
2024-10-22 22:01:45 INFO: 22:01:45.874 [task-runner-1-18] [INFO ] q.lib.plugins.DetectionPluginTools - 20 nuclei detected (processing time: 5.73 seconds)
2024-10-22 22:01:45 INFO: 22:01:45.875 [main] [INFO ] q.l.p.CommandLineTaskRunner$CommandLineProgressMonitor - 20 nuclei detected (64%)
2024-10-22 22:01:46 INFO: 22:01:46.501 [task-runner-1-63] [INFO ] q.lib.plugins.DetectionPluginTools - 3545 nuclei detected (processing time: 16.11 seconds)
2024-10-22 22:01:46 INFO: 22:01:46.502 [main] [INFO ] q.l.p.CommandLineTaskRunner$CommandLineProgressMonitor - 3545 nuclei detected (64%)
2024-10-22 22:01:46 INFO: 22:01:46.657 [task-runner-1-9] [INFO ] q.lib.plugins.DetectionPluginTools - 8433 nuclei detected (processing time: 25.89 seconds)
2024-10-22 22:01:46 INFO: 22:01:46.659 [main] [INFO ] q.l.p.CommandLineTaskRunner$CommandLineProgressMonitor - 8433 nuclei detected (65%)
2024-10-22 22:01:46 INFO: 22:01:46.716 [task-runner-1-32] [INFO ] q.lib.plugins.DetectionPluginTools - 31 nuclei detected (processing time: 5.10 seconds)
2024-10-22 22:01:46 INFO: 22:01:46.717 [main] [INFO ] q.l.p.CommandLineTaskRunner$CommandLineProgressMonitor - 31 nuclei detected (66%)
2024-10-22 22:01:46 INFO: 22:01:46.778 [task-runner-1-6] [INFO ] q.lib.plugins.DetectionPluginTools - 24 nuclei detected (processing time: 5.51 seconds)
2024-10-22 22:01:46 INFO: 22:01:46.779 [main] [INFO ] q.l.p.CommandLineTaskRunner$CommandLineProgressMonitor - 24 nuclei detected (66%)
2024-10-22 22:01:46 INFO: 22:01:46.967 [task-runner-1-19] [INFO ] q.lib.plugins.DetectionPluginTools - 290 nuclei detected (processing time: 7.04 seconds)
2024-10-22 22:01:46 INFO: 22:01:46.968 [main] [INFO ] q.l.p.CommandLineTaskRunner$CommandLineProgressMonitor - 290 nuclei detected (67%)
2024-10-22 22:01:47 INFO: 22:01:47.279 [task-runner-1-62] [INFO ] q.lib.plugins.DetectionPluginTools - 22 nuclei detected (processing time: 6.97 seconds)
2024-10-22 22:01:47 INFO: 22:01:47.280 [main] [INFO ] q.l.p.CommandLineTaskRunner$CommandLineProgressMonitor - 22 nuclei detected (68%)
2024-10-22 22:01:47 INFO: 22:01:47.835 [task-runner-1-17] [INFO ] q.lib.plugins.DetectionPluginTools - 8852 nuclei detected (processing time: 27.04 seconds)
2024-10-22 22:01:47 INFO: 22:01:47.835 [main] [INFO ] q.l.p.CommandLineTaskRunner$CommandLineProgressMonitor - 8852 nuclei detected (68%)
2024-10-22 22:01:47 INFO: 22:01:47.856 [task-runner-1-56] [INFO ] q.lib.plugins.DetectionPluginTools - 13 nuclei detected (processing time: 6.00 seconds)
2024-10-22 22:01:47 INFO: 22:01:47.857 [main] [INFO ] q.l.p.CommandLineTaskRunner$CommandLineProgressMonitor - 13 nuclei detected (69%)
2024-10-22 22:01:47 INFO: 22:01:47.860 [task-runner-1-53] [INFO ] q.lib.plugins.DetectionPluginTools - 2717 nuclei detected (processing time: 11.66 seconds)
2024-10-22 22:01:47 INFO: 22:01:47.861 [main] [INFO ] q.l.p.CommandLineTaskRunner$CommandLineProgressMonitor - 2717 nuclei detected (69%)
2024-10-22 22:01:47 INFO: 22:01:47.877 [task-runner-1-41] [INFO ] q.lib.plugins.DetectionPluginTools - 6 nuclei detected (processing time: 6.14 seconds)
2024-10-22 22:01:47 INFO: 22:01:47.878 [main] [INFO ] q.l.p.CommandLineTaskRunner$CommandLineProgressMonitor - 6 nuclei detected (70%)
2024-10-22 22:01:47 INFO: 22:01:47.883 [task-runner-1-38] [INFO ] q.lib.plugins.DetectionPluginTools - 16 nuclei detected (processing time: 5.95 seconds)
2024-10-22 22:01:47 INFO: 22:01:47.883 [main] [INFO ] q.l.p.CommandLineTaskRunner$CommandLineProgressMonitor - 16 nuclei detected (71%)
2024-10-22 22:01:48 INFO: 22:01:48.307 [task-runner-1-54] [INFO ] q.lib.plugins.DetectionPluginTools - 12 nuclei detected (processing time: 4.92 seconds)
2024-10-22 22:01:48 INFO: 22:01:48.307 [main] [INFO ] q.l.p.CommandLineTaskRunner$CommandLineProgressMonitor - 12 nuclei detected (71%)
2024-10-22 22:01:48 INFO: 22:01:48.398 [task-runner-1-39] [INFO ] q.lib.plugins.DetectionPluginTools - 15 nuclei detected (processing time: 6.63 seconds)
2024-10-22 22:01:48 INFO: 22:01:48.398 [main] [INFO ] q.l.p.CommandLineTaskRunner$CommandLineProgressMonitor - 15 nuclei detected (72%)
2024-10-22 22:01:48 INFO: 22:01:48.407 [task-runner-1-55] [INFO ] q.lib.plugins.DetectionPluginTools - 20 nuclei detected (processing time: 6.04 seconds)
2024-10-22 22:01:48 INFO: 22:01:48.408 [main] [INFO ] q.l.p.CommandLineTaskRunner$CommandLineProgressMonitor - 20 nuclei detected (73%)
2024-10-22 22:01:48 INFO: 22:01:48.411 [task-runner-1-61] [INFO ] q.lib.plugins.DetectionPluginTools - 20 nuclei detected (processing time: 5.69 seconds)
2024-10-22 22:01:48 INFO: 22:01:48.444 [task-runner-1-11] [INFO ] q.lib.plugins.DetectionPluginTools - 9015 nuclei detected (processing time: 27.66 seconds)
2024-10-22 22:01:48 INFO: 22:01:48.445 [main] [INFO ] q.l.p.CommandLineTaskRunner$CommandLineProgressMonitor - 9015 nuclei detected (74%)
2024-10-22 22:01:48 INFO: 22:01:48.798 [task-runner-1-58] [INFO ] q.lib.plugins.DetectionPluginTools - 13 nuclei detected (processing time: 5.82 seconds)
2024-10-22 22:01:48 INFO: 22:01:48.799 [main] [INFO ] q.l.p.CommandLineTaskRunner$CommandLineProgressMonitor - 13 nuclei detected (74%)
2024-10-22 22:01:48 INFO: 22:01:48.867 [task-runner-1-15] [INFO ] q.lib.plugins.DetectionPluginTools - 9138 nuclei detected (processing time: 28.08 seconds)
2024-10-22 22:01:48 INFO: 22:01:48.867 [main] [INFO ] q.l.p.CommandLineTaskRunner$CommandLineProgressMonitor - 9138 nuclei detected (75%)
2024-10-22 22:01:49 INFO: 22:01:49.148 [task-runner-1-46] [INFO ] q.lib.plugins.DetectionPluginTools - 33 nuclei detected (processing time: 5.51 seconds)
2024-10-22 22:01:49 INFO: 22:01:49.148 [main] [INFO ] q.l.p.CommandLineTaskRunner$CommandLineProgressMonitor - 33 nuclei detected (76%)
2024-10-22 22:01:49 INFO: 22:01:49.265 [task-runner-1-33] [INFO ] q.lib.plugins.DetectionPluginTools - 20 nuclei detected (processing time: 6.54 seconds)
2024-10-22 22:01:49 INFO: 22:01:49.266 [main] [INFO ] q.l.p.CommandLineTaskRunner$CommandLineProgressMonitor - 20 nuclei detected (76%)
2024-10-22 22:01:49 INFO: 22:01:49.388 [task-runner-1-29] [INFO ] q.lib.plugins.DetectionPluginTools - 9272 nuclei detected (processing time: 28.61 seconds)
2024-10-22 22:01:49 INFO: 22:01:49.389 [main] [INFO ] q.l.p.CommandLineTaskRunner$CommandLineProgressMonitor - 9272 nuclei detected (77%)
2024-10-22 22:01:49 INFO: 22:01:49.505 [task-runner-1-1] [INFO ] q.lib.plugins.DetectionPluginTools - 10083 nuclei detected (processing time: 28.74 seconds)
2024-10-22 22:01:49 INFO: 22:01:49.506 [main] [INFO ] q.l.p.CommandLineTaskRunner$CommandLineProgressMonitor - 10083 nuclei detected (78%)
2024-10-22 22:01:49 INFO: 22:01:49.522 [task-runner-1-4] [INFO ] q.lib.plugins.DetectionPluginTools - 10 nuclei detected (processing time: 6.40 seconds)
2024-10-22 22:01:49 INFO: 22:01:49.523 [main] [INFO ] q.l.p.CommandLineTaskRunner$CommandLineProgressMonitor - 10 nuclei detected (78%)
2024-10-22 22:01:49 INFO: 22:01:49.593 [task-runner-1-13] [INFO ] q.lib.plugins.DetectionPluginTools - 9039 nuclei detected (processing time: 27.07 seconds)
2024-10-22 22:01:49 INFO: 22:01:49.593 [main] [INFO ] q.l.p.CommandLineTaskRunner$CommandLineProgressMonitor - 9039 nuclei detected (79%)
2024-10-22 22:01:49 INFO: 22:01:49.633 [task-runner-1-48] [INFO ] q.lib.plugins.DetectionPluginTools - 9587 nuclei detected (processing time: 27.20 seconds)
2024-10-22 22:01:49 INFO: 22:01:49.633 [main] [INFO ] q.l.p.CommandLineTaskRunner$CommandLineProgressMonitor - 9587 nuclei detected (79%)
2024-10-22 22:01:49 INFO: 22:01:49.662 [task-runner-1-16] [INFO ] q.lib.plugins.DetectionPluginTools - 8904 nuclei detected (processing time: 27.14 seconds)
2024-10-22 22:01:49 INFO: 22:01:49.663 [main] [INFO ] q.l.p.CommandLineTaskRunner$CommandLineProgressMonitor - 8904 nuclei detected (80%)
2024-10-22 22:01:49 INFO: 22:01:49.773 [task-runner-1-24] [INFO ] q.lib.plugins.DetectionPluginTools - 8768 nuclei detected (processing time: 24.83 seconds)
2024-10-22 22:01:49 INFO: 22:01:49.774 [main] [INFO ] q.l.p.CommandLineTaskRunner$CommandLineProgressMonitor - 8768 nuclei detected (81%)
2024-10-22 22:01:50 INFO: 22:01:50.062 [task-runner-1-30] [INFO ] q.lib.plugins.DetectionPluginTools - 9962 nuclei detected (processing time: 29.29 seconds)
2024-10-22 22:01:50 INFO: 22:01:50.062 [main] [INFO ] q.l.p.CommandLineTaskRunner$CommandLineProgressMonitor - 9962 nuclei detected (81%)
2024-10-22 22:01:50 INFO: 22:01:50.247 [task-runner-1-31] [INFO ] q.lib.plugins.DetectionPluginTools - 9387 nuclei detected (processing time: 29.46 seconds)
2024-10-22 22:01:50 INFO: 22:01:50.248 [main] [INFO ] q.l.p.CommandLineTaskRunner$CommandLineProgressMonitor - 9387 nuclei detected (82%)
2024-10-22 22:01:50 INFO: 22:01:50.334 [task-runner-1-50] [INFO ] q.lib.plugins.DetectionPluginTools - 9691 nuclei detected (processing time: 26.67 seconds)
2024-10-22 22:01:50 INFO: 22:01:50.335 [main] [INFO ] q.l.p.CommandLineTaskRunner$CommandLineProgressMonitor - 9691 nuclei detected (83%)
2024-10-22 22:01:50 INFO: 22:01:50.586 [task-runner-1-59] [INFO ] q.lib.plugins.DetectionPluginTools - 6369 nuclei detected (processing time: 19.45 seconds)
2024-10-22 22:01:50 INFO: 22:01:50.586 [task-runner-1-2] [INFO ] q.lib.plugins.DetectionPluginTools - 10076 nuclei detected (processing time: 28.15 seconds)
2024-10-22 22:01:50 INFO: 22:01:50.586 [main] [INFO ] q.l.p.CommandLineTaskRunner$CommandLineProgressMonitor - 6369 nuclei detected (83%)
2024-10-22 22:01:50 INFO: 22:01:50.586 [main] [INFO ] q.l.p.CommandLineTaskRunner$CommandLineProgressMonitor - 10076 nuclei detected (84%)
2024-10-22 22:01:50 INFO: 22:01:50.653 [task-runner-1-47] [INFO ] q.lib.plugins.DetectionPluginTools - 9274 nuclei detected (processing time: 29.87 seconds)
2024-10-22 22:01:50 INFO: 22:01:50.653 [main] [INFO ] q.l.p.CommandLineTaskRunner$CommandLineProgressMonitor - 9274 nuclei detected (84%)
2024-10-22 22:01:50 INFO: 22:01:50.788 [task-runner-1-20] [INFO ] q.lib.plugins.DetectionPluginTools - 9801 nuclei detected (processing time: 27.13 seconds)
2024-10-22 22:01:50 INFO: 22:01:50.789 [main] [INFO ] q.l.p.CommandLineTaskRunner$CommandLineProgressMonitor - 9801 nuclei detected (85%)
2024-10-22 22:01:50 INFO: 22:01:50.805 [task-runner-1-5] [INFO ] q.lib.plugins.DetectionPluginTools - 9774 nuclei detected (processing time: 27.87 seconds)
2024-10-22 22:01:50 INFO: 22:01:50.806 [main] [INFO ] q.l.p.CommandLineTaskRunner$CommandLineProgressMonitor - 9774 nuclei detected (86%)
2024-10-22 22:01:50 INFO: 22:01:50.810 [task-runner-1-25] [INFO ] q.lib.plugins.DetectionPluginTools - 6118 nuclei detected (processing time: 19.15 seconds)
2024-10-22 22:01:50 INFO: 22:01:50.810 [main] [INFO ] q.l.p.CommandLineTaskRunner$CommandLineProgressMonitor - 6118 nuclei detected (86%)
2024-10-22 22:01:51 INFO: 22:01:51.078 [task-runner-1-14] [INFO ] q.lib.plugins.DetectionPluginTools - 9090 nuclei detected (processing time: 28.58 seconds)
2024-10-22 22:01:51 INFO: 22:01:51.078 [main] [INFO ] q.l.p.CommandLineTaskRunner$CommandLineProgressMonitor - 9090 nuclei detected (87%)
2024-10-22 22:01:51 INFO: 22:01:51.106 [task-runner-1-7] [INFO ] q.lib.plugins.DetectionPluginTools - 9854 nuclei detected (processing time: 28.66 seconds)
2024-10-22 22:01:51 INFO: 22:01:51.106 [main] [INFO ] q.l.p.CommandLineTaskRunner$CommandLineProgressMonitor - 9854 nuclei detected (88%)
2024-10-22 22:01:51 INFO: 22:01:51.195 [task-runner-1-28] [INFO ] q.lib.plugins.DetectionPluginTools - 9365 nuclei detected (processing time: 28.50 seconds)
2024-10-22 22:01:51 INFO: 22:01:51.195 [main] [INFO ] q.l.p.CommandLineTaskRunner$CommandLineProgressMonitor - 9365 nuclei detected (88%)
2024-10-22 22:01:51 INFO: 22:01:51.235 [task-runner-1-35] [INFO ] q.lib.plugins.DetectionPluginTools - 9130 nuclei detected (processing time: 27.47 seconds)
2024-10-22 22:01:51 INFO: 22:01:51.235 [main] [INFO ] q.l.p.CommandLineTaskRunner$CommandLineProgressMonitor - 9130 nuclei detected (89%)
2024-10-22 22:01:51 INFO: 22:01:51.330 [task-runner-1-8] [INFO ] q.lib.plugins.DetectionPluginTools - 9671 nuclei detected (processing time: 28.88 seconds)
2024-10-22 22:01:51 INFO: 22:01:51.331 [main] [INFO ] q.l.p.CommandLineTaskRunner$CommandLineProgressMonitor - 9671 nuclei detected (89%)
2024-10-22 22:01:51 INFO: 22:01:51.390 [task-runner-1-27] [INFO ] q.lib.plugins.DetectionPluginTools - 9164 nuclei detected (processing time: 28.82 seconds)
2024-10-22 22:01:51 INFO: 22:01:51.390 [main] [INFO ] q.l.p.CommandLineTaskRunner$CommandLineProgressMonitor - 9164 nuclei detected (90%)
2024-10-22 22:01:51 INFO: 22:01:51.396 [task-runner-1-44] [INFO ] q.lib.plugins.DetectionPluginTools - 9863 nuclei detected (processing time: 27.75 seconds)
2024-10-22 22:01:51 INFO: 22:01:51.397 [main] [INFO ] q.l.p.CommandLineTaskRunner$CommandLineProgressMonitor - 9863 nuclei detected (91%)
2024-10-22 22:01:51 INFO: 22:01:51.489 [task-runner-1-34] [INFO ] q.lib.plugins.DetectionPluginTools - 9623 nuclei detected (processing time: 27.76 seconds)
2024-10-22 22:01:51 INFO: 22:01:51.490 [main] [INFO ] q.l.p.CommandLineTaskRunner$CommandLineProgressMonitor - 9623 nuclei detected (91%)
2024-10-22 22:01:51 INFO: 22:01:51.571 [task-runner-1-10] [INFO ] q.lib.plugins.DetectionPluginTools - 7884 nuclei detected (processing time: 20.68 seconds)
2024-10-22 22:01:51 INFO: 22:01:51.572 [main] [INFO ] q.l.p.CommandLineTaskRunner$CommandLineProgressMonitor - 7884 nuclei detected (92%)
2024-10-22 22:01:51 INFO: 22:01:51.583 [task-runner-1-36] [INFO ] q.lib.plugins.DetectionPluginTools - 6541 nuclei detected (processing time: 20.90 seconds)
2024-10-22 22:01:51 INFO: 22:01:51.583 [main] [INFO ] q.l.p.CommandLineTaskRunner$CommandLineProgressMonitor - 6541 nuclei detected (93%)
2024-10-22 22:01:51 INFO: 22:01:51.642 [task-runner-1-37] [INFO ] q.lib.plugins.DetectionPluginTools - 4820 nuclei detected (processing time: 15.27 seconds)
2024-10-22 22:01:51 INFO: 22:01:51.642 [main] [INFO ] q.l.p.CommandLineTaskRunner$CommandLineProgressMonitor - 4820 nuclei detected (93%)
2024-10-22 22:01:51 INFO: 22:01:51.773 [task-runner-1-57] [INFO ] q.lib.plugins.DetectionPluginTools - 4976 nuclei detected (processing time: 15.45 seconds)
2024-10-22 22:01:51 INFO: 22:01:51.774 [main] [INFO ] q.l.p.CommandLineTaskRunner$CommandLineProgressMonitor - 4976 nuclei detected (94%)
2024-10-22 22:01:51 INFO: 22:01:51.818 [task-runner-1-43] [INFO ] q.lib.plugins.DetectionPluginTools - 9172 nuclei detected (processing time: 27.21 seconds)
2024-10-22 22:01:51 INFO: 22:01:51.818 [main] [INFO ] q.l.p.CommandLineTaskRunner$CommandLineProgressMonitor - 9172 nuclei detected (94%)
2024-10-22 22:01:51 INFO: 22:01:51.834 [task-runner-1-23] [INFO ] q.lib.plugins.DetectionPluginTools - 8956 nuclei detected (processing time: 26.92 seconds)
2024-10-22 22:01:51 INFO: 22:01:51.835 [main] [INFO ] q.l.p.CommandLineTaskRunner$CommandLineProgressMonitor - 8956 nuclei detected (95%)
2024-10-22 22:01:51 INFO: 22:01:51.887 [task-runner-1-26] [INFO ] q.lib.plugins.DetectionPluginTools - 7439 nuclei detected (processing time: 19.94 seconds)
2024-10-22 22:01:51 INFO: 22:01:51.887 [main] [INFO ] q.l.p.CommandLineTaskRunner$CommandLineProgressMonitor - 7439 nuclei detected (96%)
2024-10-22 22:01:51 INFO: 22:01:51.953 [task-runner-1-51] [INFO ] q.lib.plugins.DetectionPluginTools - 8940 nuclei detected (processing time: 26.49 seconds)
2024-10-22 22:01:51 INFO: 22:01:51.953 [main] [INFO ] q.l.p.CommandLineTaskRunner$CommandLineProgressMonitor - 8940 nuclei detected (96%)
2024-10-22 22:01:52 INFO: 22:01:52.007 [task-runner-1-22] [INFO ] q.lib.plugins.DetectionPluginTools - 8680 nuclei detected (processing time: 25.27 seconds)
2024-10-22 22:01:52 INFO: 22:01:52.008 [main] [INFO ] q.l.p.CommandLineTaskRunner$CommandLineProgressMonitor - 8680 nuclei detected (97%)
2024-10-22 22:01:52 INFO: 22:01:52.586 [task-runner-1-49] [INFO ] q.lib.plugins.DetectionPluginTools - 8471 nuclei detected (processing time: 20.50 seconds)
2024-10-22 22:01:52 INFO: 22:01:52.586 [main] [INFO ] q.l.p.CommandLineTaskRunner$CommandLineProgressMonitor - 8471 nuclei detected (98%)
2024-10-22 22:01:53 INFO: 22:01:53.340 [task-runner-1-42] [INFO ] q.lib.plugins.DetectionPluginTools - 9382 nuclei detected (processing time: 20.61 seconds)
2024-10-22 22:01:53 INFO: 22:01:53.341 [main] [INFO ] q.l.p.CommandLineTaskRunner$CommandLineProgressMonitor - 9382 nuclei detected (98%)
2024-10-22 22:01:53 INFO: 22:01:53.344 [task-runner-1-12] [INFO ] q.lib.plugins.DetectionPluginTools - 9161 nuclei detected (processing time: 20.93 seconds)
2024-10-22 22:01:53 INFO: 22:01:53.344 [main] [INFO ] q.l.p.CommandLineTaskRunner$CommandLineProgressMonitor - 9161 nuclei detected (99%)
2024-10-22 22:01:53 INFO: 22:01:53.735 [task-runner-1-60] [INFO ] q.lib.plugins.DetectionPluginTools - 9141 nuclei detected (processing time: 20.78 seconds)
2024-10-22 22:01:53 INFO: 22:01:53.735 [main] [INFO ] q.l.p.CommandLineTaskRunner$CommandLineProgressMonitor - 9141 nuclei detected (99%)
2024-10-22 22:01:53 INFO: 22:01:53.888 [task-runner-1-21] [INFO ] q.lib.plugins.DetectionPluginTools - 9193 nuclei detected (processing time: 21.05 seconds)
2024-10-22 22:01:53 INFO: 22:01:53.888 [main] [INFO ] q.l.p.CommandLineTaskRunner$CommandLineProgressMonitor - 9193 nuclei detected (100%)
2024-10-22 22:01:53 INFO: 22:01:53.888 [main] [INFO ] q.l.p.CommandLineTaskRunner$CommandLineProgressMonitor - Processing complete in 49.20 seconds
2024-10-22 22:01:53 INFO: 22:01:53.888 [main] [INFO ] q.l.p.CommandLineTaskRunner$CommandLineProgressMonitor - Tasks completed!
2024-10-22 22:02:23 INFO: 22:02:23.012 [main] [WARN ] q.l.p.objects.SmoothFeaturesPlugin - Smoothing using annotations
2024-10-22 22:02:34 INFO: 22:02:34.403 [main] [INFO ] q.l.p.CommandLineTaskRunner$CommandLineProgressMonitor - Completed (100%)
2024-10-22 22:02:34 INFO: 22:02:34.403 [main] [INFO ] q.l.p.CommandLineTaskRunner$CommandLineProgressMonitor - Processing complete in 11.39 seconds
2024-10-22 22:02:34 INFO: 22:02:34.403 [main] [INFO ] q.l.p.CommandLineTaskRunner$CommandLineProgressMonitor - Tasks completed!
2024-10-22 22:02:34 INFO: 22:02:34.405 [main] [WARN ] q.l.p.objects.SmoothFeaturesPlugin - Smoothing using annotations
2024-10-22 22:03:00 INFO: 22:03:00.488 [main] [INFO ] q.l.p.CommandLineTaskRunner$CommandLineProgressMonitor - Completed (100%)
2024-10-22 22:03:00 INFO: 22:03:00.488 [main] [INFO ] q.l.p.CommandLineTaskRunner$CommandLineProgressMonitor - Processing complete in 26.08 seconds
2024-10-22 22:03:00 INFO: 22:03:00.488 [main] [INFO ] q.l.p.CommandLineTaskRunner$CommandLineProgressMonitor - Tasks completed!
2024-10-22 22:03:00 INFO: 22:03:00.490 [main] [WARN ] q.l.p.objects.SmoothFeaturesPlugin - Smoothing using annotations
2024-10-22 22:04:27 INFO: 22:04:27.997 [main] [INFO ] q.l.p.CommandLineTaskRunner$CommandLineProgressMonitor - Completed (100%)
2024-10-22 22:04:28 INFO: 22:04:27.999 [main] [INFO ] q.l.p.CommandLineTaskRunner$CommandLineProgressMonitor - Processing complete in 87.51 seconds
2024-10-22 22:04:28 INFO: 22:04:27.999 [main] [INFO ] q.l.p.CommandLineTaskRunner$CommandLineProgressMonitor - Tasks completed!
2024-10-22 22:04:28 INFO: 22:04:28.515 [task-runner-5-2] [INFO ] q.l.a.IntensityFeaturesPlugin - Splitting Rectangle (0, 0, 63784, 39311) into 40 tiles for intensity measurements
2024-10-22 22:04:29 INFO: 22:04:29.300 [main] [INFO ] q.l.p.CommandLineTaskRunner$CommandLineProgressMonitor - Completed (0%)
2024-10-22 22:04:30 INFO: 22:04:30.640 [main] [INFO ] q.l.p.CommandLineTaskRunner$CommandLineProgressMonitor - Completed (1%)
2024-10-22 22:04:31 INFO: 22:04:31.090 [main] [INFO ] q.l.p.CommandLineTaskRunner$CommandLineProgressMonitor - Completed (2%)
2024-10-22 22:04:32 INFO: 22:04:32.176 [main] [INFO ] q.l.p.CommandLineTaskRunner$CommandLineProgressMonitor - Completed (3%)
2024-10-22 22:04:32 INFO: 22:04:32.418 [main] [INFO ] q.l.p.CommandLineTaskRunner$CommandLineProgressMonitor - Completed (4%)
2024-10-22 22:04:32 INFO: 22:04:32.660 [main] [INFO ] q.l.p.CommandLineTaskRunner$CommandLineProgressMonitor - Completed (5%)
2024-10-22 22:04:32 INFO: 22:04:32.914 [main] [INFO ] q.l.p.CommandLineTaskRunner$CommandLineProgressMonitor - Completed (6%)
2024-10-22 22:04:33 INFO: 22:04:33.234 [main] [INFO ] q.l.p.CommandLineTaskRunner$CommandLineProgressMonitor - Completed (7%)
2024-10-22 22:04:33 INFO: 22:04:33.467 [main] [INFO ] q.l.p.CommandLineTaskRunner$CommandLineProgressMonitor - Completed (8%)
2024-10-22 22:04:33 INFO: 22:04:33.738 [main] [INFO ] q.l.p.CommandLineTaskRunner$CommandLineProgressMonitor - Completed (9%)
2024-10-22 22:04:34 INFO: 22:04:34.032 [main] [INFO ] q.l.p.CommandLineTaskRunner$CommandLineProgressMonitor - Completed (10%)
2024-10-22 22:04:34 INFO: 22:04:34.365 [main] [INFO ] q.l.p.CommandLineTaskRunner$CommandLineProgressMonitor - Completed (11%)
2024-10-22 22:04:34 INFO: 22:04:34.880 [main] [INFO ] q.l.p.CommandLineTaskRunner$CommandLineProgressMonitor - Completed (12%)
2024-10-22 22:04:35 INFO: 22:04:35.164 [main] [INFO ] q.l.p.CommandLineTaskRunner$CommandLineProgressMonitor - Completed (13%)
2024-10-22 22:04:35 INFO: 22:04:35.387 [main] [INFO ] q.l.p.CommandLineTaskRunner$CommandLineProgressMonitor - Completed (14%)
2024-10-22 22:04:35 INFO: 22:04:35.617 [main] [INFO ] q.l.p.CommandLineTaskRunner$CommandLineProgressMonitor - Completed (15%)
2024-10-22 22:04:35 INFO: 22:04:35.913 [main] [INFO ] q.l.p.CommandLineTaskRunner$CommandLineProgressMonitor - Completed (16%)
2024-10-22 22:04:36 INFO: 22:04:36.324 [main] [INFO ] q.l.p.CommandLineTaskRunner$CommandLineProgressMonitor - Completed (17%)
2024-10-22 22:04:36 INFO: 22:04:36.558 [main] [INFO ] q.l.p.CommandLineTaskRunner$CommandLineProgressMonitor - Completed (18%)
2024-10-22 22:04:36 INFO: 22:04:36.839 [main] [INFO ] q.l.p.CommandLineTaskRunner$CommandLineProgressMonitor - Completed (19%)
2024-10-22 22:04:37 INFO: 22:04:37.078 [main] [INFO ] q.l.p.CommandLineTaskRunner$CommandLineProgressMonitor - Completed (20%)
2024-10-22 22:04:37 INFO: 22:04:37.305 [main] [INFO ] q.l.p.CommandLineTaskRunner$CommandLineProgressMonitor - Completed (21%)
2024-10-22 22:04:37 INFO: 22:04:37.535 [main] [INFO ] q.l.p.CommandLineTaskRunner$CommandLineProgressMonitor - Completed (22%)
2024-10-22 22:04:37 INFO: 22:04:37.897 [main] [INFO ] q.l.p.CommandLineTaskRunner$CommandLineProgressMonitor - Completed (23%)
2024-10-22 22:04:38 INFO: 22:04:38.285 [main] [INFO ] q.l.p.CommandLineTaskRunner$CommandLineProgressMonitor - Completed (24%)
2024-10-22 22:04:38 INFO: 22:04:38.675 [main] [INFO ] q.l.p.CommandLineTaskRunner$CommandLineProgressMonitor - Completed (25%)
2024-10-22 22:04:39 INFO: 22:04:39.060 [main] [INFO ] q.l.p.CommandLineTaskRunner$CommandLineProgressMonitor - Completed (26%)
2024-10-22 22:04:39 INFO: 22:04:39.480 [main] [INFO ] q.l.p.CommandLineTaskRunner$CommandLineProgressMonitor - Completed (27%)
2024-10-22 22:04:39 INFO: 22:04:39.860 [main] [INFO ] q.l.p.CommandLineTaskRunner$CommandLineProgressMonitor - Completed (28%)
2024-10-22 22:04:40 INFO: 22:04:40.240 [main] [INFO ] q.l.p.CommandLineTaskRunner$CommandLineProgressMonitor - Completed (29%)
2024-10-22 22:04:40 INFO: 22:04:40.619 [main] [INFO ] q.l.p.CommandLineTaskRunner$CommandLineProgressMonitor - Completed (30%)
2024-10-22 22:04:41 INFO: 22:04:40.999 [main] [INFO ] q.l.p.CommandLineTaskRunner$CommandLineProgressMonitor - Completed (31%)
2024-10-22 22:04:41 INFO: 22:04:41.433 [main] [INFO ] q.l.p.CommandLineTaskRunner$CommandLineProgressMonitor - Completed (32%)
2024-10-22 22:04:41 INFO: 22:04:41.678 [main] [INFO ] q.l.p.CommandLineTaskRunner$CommandLineProgressMonitor - Completed (33%)
2024-10-22 22:04:41 INFO: 22:04:41.936 [main] [INFO ] q.l.p.CommandLineTaskRunner$CommandLineProgressMonitor - Completed (34%)
2024-10-22 22:04:42 INFO: 22:04:42.170 [main] [INFO ] q.l.p.CommandLineTaskRunner$CommandLineProgressMonitor - Completed (35%)
2024-10-22 22:04:42 INFO: 22:04:42.402 [main] [INFO ] q.l.p.CommandLineTaskRunner$CommandLineProgressMonitor - Completed (36%)
2024-10-22 22:04:42 INFO: 22:04:42.632 [main] [INFO ] q.l.p.CommandLineTaskRunner$CommandLineProgressMonitor - Completed (37%)
2024-10-22 22:04:42 INFO: 22:04:42.862 [main] [INFO ] q.l.p.CommandLineTaskRunner$CommandLineProgressMonitor - Completed (38%)
2024-10-22 22:04:43 INFO: 22:04:43.090 [main] [INFO ] q.l.p.CommandLineTaskRunner$CommandLineProgressMonitor - Completed (39%)
2024-10-22 22:04:43 INFO: 22:04:43.307 [main] [INFO ] q.l.p.CommandLineTaskRunner$CommandLineProgressMonitor - Completed (40%)
2024-10-22 22:04:43 INFO: 22:04:43.529 [main] [INFO ] q.l.p.CommandLineTaskRunner$CommandLineProgressMonitor - Completed (41%)
2024-10-22 22:04:43 INFO: 22:04:43.811 [main] [INFO ] q.l.p.CommandLineTaskRunner$CommandLineProgressMonitor - Completed (42%)
2024-10-22 22:04:44 INFO: 22:04:44.048 [main] [INFO ] q.l.p.CommandLineTaskRunner$CommandLineProgressMonitor - Completed (43%)
2024-10-22 22:04:44 INFO: 22:04:44.271 [main] [INFO ] q.l.p.CommandLineTaskRunner$CommandLineProgressMonitor - Completed (44%)
2024-10-22 22:04:44 INFO: 22:04:44.507 [main] [INFO ] q.l.p.CommandLineTaskRunner$CommandLineProgressMonitor - Completed (45%)
2024-10-22 22:04:44 INFO: 22:04:44.730 [main] [INFO ] q.l.p.CommandLineTaskRunner$CommandLineProgressMonitor - Completed (46%)
2024-10-22 22:04:44 INFO: 22:04:44.955 [main] [INFO ] q.l.p.CommandLineTaskRunner$CommandLineProgressMonitor - Completed (47%)
2024-10-22 22:04:45 INFO: 22:04:45.178 [main] [INFO ] q.l.p.CommandLineTaskRunner$CommandLineProgressMonitor - Completed (48%)
2024-10-22 22:04:45 INFO: 22:04:45.404 [main] [INFO ] q.l.p.CommandLineTaskRunner$CommandLineProgressMonitor - Completed (49%)
2024-10-22 22:04:45 INFO: 22:04:45.652 [main] [INFO ] q.l.p.CommandLineTaskRunner$CommandLineProgressMonitor - Completed (50%)
2024-10-22 22:04:45 INFO: 22:04:45.880 [main] [INFO ] q.l.p.CommandLineTaskRunner$CommandLineProgressMonitor - Completed (51%)
2024-10-22 22:04:46 INFO: 22:04:46.102 [main] [INFO ] q.l.p.CommandLineTaskRunner$CommandLineProgressMonitor - Completed (52%)
2024-10-22 22:04:46 INFO: 22:04:46.319 [main] [INFO ] q.l.p.CommandLineTaskRunner$CommandLineProgressMonitor - Completed (53%)
2024-10-22 22:04:46 INFO: 22:04:46.538 [main] [INFO ] q.l.p.CommandLineTaskRunner$CommandLineProgressMonitor - Completed (54%)
2024-10-22 22:04:46 INFO: 22:04:46.758 [main] [INFO ] q.l.p.CommandLineTaskRunner$CommandLineProgressMonitor - Completed (55%)
2024-10-22 22:04:47 INFO: 22:04:47.064 [main] [INFO ] q.l.p.CommandLineTaskRunner$CommandLineProgressMonitor - Completed (56%)
2024-10-22 22:04:47 INFO: 22:04:47.284 [main] [INFO ] q.l.p.CommandLineTaskRunner$CommandLineProgressMonitor - Completed (57%)
2024-10-22 22:04:47 INFO: 22:04:47.510 [main] [INFO ] q.l.p.CommandLineTaskRunner$CommandLineProgressMonitor - Completed (58%)
2024-10-22 22:04:47 INFO: 22:04:47.738 [main] [INFO ] q.l.p.CommandLineTaskRunner$CommandLineProgressMonitor - Completed (59%)
2024-10-22 22:04:47 INFO: 22:04:47.961 [main] [INFO ] q.l.p.CommandLineTaskRunner$CommandLineProgressMonitor - Completed (60%)
2024-10-22 22:04:48 INFO: 22:04:48.177 [main] [INFO ] q.l.p.CommandLineTaskRunner$CommandLineProgressMonitor - Completed (61%)
2024-10-22 22:04:48 INFO: 22:04:48.393 [main] [INFO ] q.l.p.CommandLineTaskRunner$CommandLineProgressMonitor - Completed (62%)
2024-10-22 22:04:48 INFO: 22:04:48.614 [main] [INFO ] q.l.p.CommandLineTaskRunner$CommandLineProgressMonitor - Completed (63%)
2024-10-22 22:04:48 INFO: 22:04:48.828 [main] [INFO ] q.l.p.CommandLineTaskRunner$CommandLineProgressMonitor - Completed (64%)
2024-10-22 22:04:49 INFO: 22:04:49.048 [main] [INFO ] q.l.p.CommandLineTaskRunner$CommandLineProgressMonitor - Completed (65%)
2024-10-22 22:04:49 INFO: 22:04:49.266 [main] [INFO ] q.l.p.CommandLineTaskRunner$CommandLineProgressMonitor - Completed (66%)
2024-10-22 22:04:49 INFO: 22:04:49.515 [main] [INFO ] q.l.p.CommandLineTaskRunner$CommandLineProgressMonitor - Completed (67%)
2024-10-22 22:04:49 INFO: 22:04:49.746 [main] [INFO ] q.l.p.CommandLineTaskRunner$CommandLineProgressMonitor - Completed (68%)
2024-10-22 22:04:49 INFO: 22:04:49.961 [main] [INFO ] q.l.p.CommandLineTaskRunner$CommandLineProgressMonitor - Completed (69%)
2024-10-22 22:04:50 INFO: 22:04:50.183 [main] [INFO ] q.l.p.CommandLineTaskRunner$CommandLineProgressMonitor - Completed (70%)
2024-10-22 22:04:50 INFO: 22:04:50.456 [main] [INFO ] q.l.p.CommandLineTaskRunner$CommandLineProgressMonitor - Completed (71%)
2024-10-22 22:04:50 INFO: 22:04:50.765 [main] [INFO ] q.l.p.CommandLineTaskRunner$CommandLineProgressMonitor - Completed (72%)
2024-10-22 22:04:51 INFO: 22:04:51.130 [main] [INFO ] q.l.p.CommandLineTaskRunner$CommandLineProgressMonitor - Completed (73%)
2024-10-22 22:04:51 INFO: 22:04:51.422 [main] [INFO ] q.l.p.CommandLineTaskRunner$CommandLineProgressMonitor - Completed (74%)
2024-10-22 22:04:51 INFO: 22:04:51.719 [main] [INFO ] q.l.p.CommandLineTaskRunner$CommandLineProgressMonitor - Completed (75%)
2024-10-22 22:04:52 INFO: 22:04:52.139 [main] [INFO ] q.l.p.CommandLineTaskRunner$CommandLineProgressMonitor - Completed (76%)
2024-10-22 22:04:52 INFO: 22:04:52.363 [main] [INFO ] q.l.p.CommandLineTaskRunner$CommandLineProgressMonitor - Completed (77%)
2024-10-22 22:04:52 INFO: 22:04:52.589 [main] [INFO ] q.l.p.CommandLineTaskRunner$CommandLineProgressMonitor - Completed (78%)
2024-10-22 22:04:52 INFO: 22:04:52.819 [main] [INFO ] q.l.p.CommandLineTaskRunner$CommandLineProgressMonitor - Completed (79%)
2024-10-22 22:04:53 INFO: 22:04:53.048 [main] [INFO ] q.l.p.CommandLineTaskRunner$CommandLineProgressMonitor - Completed (80%)
2024-10-22 22:04:53 INFO: 22:04:53.274 [main] [INFO ] q.l.p.CommandLineTaskRunner$CommandLineProgressMonitor - Completed (81%)
2024-10-22 22:04:53 INFO: 22:04:53.501 [main] [INFO ] q.l.p.CommandLineTaskRunner$CommandLineProgressMonitor - Completed (82%)
2024-10-22 22:04:53 INFO: 22:04:53.733 [main] [INFO ] q.l.p.CommandLineTaskRunner$CommandLineProgressMonitor - Completed (83%)
2024-10-22 22:04:54 INFO: 22:04:54.088 [main] [INFO ] q.l.p.CommandLineTaskRunner$CommandLineProgressMonitor - Completed (84%)
2024-10-22 22:04:54 INFO: 22:04:54.359 [main] [INFO ] q.l.p.CommandLineTaskRunner$CommandLineProgressMonitor - Completed (85%)
2024-10-22 22:04:54 INFO: 22:04:54.765 [main] [INFO ] q.l.p.CommandLineTaskRunner$CommandLineProgressMonitor - Completed (86%)
2024-10-22 22:04:55 INFO: 22:04:55.022 [main] [INFO ] q.l.p.CommandLineTaskRunner$CommandLineProgressMonitor - Completed (87%)
2024-10-22 22:04:55 INFO: 22:04:55.314 [main] [INFO ] q.l.p.CommandLineTaskRunner$CommandLineProgressMonitor - Completed (88%)
2024-10-22 22:04:55 INFO: 22:04:55.611 [main] [INFO ] q.l.p.CommandLineTaskRunner$CommandLineProgressMonitor - Completed (89%)
2024-10-22 22:04:55 INFO: 22:04:55.870 [main] [INFO ] q.l.p.CommandLineTaskRunner$CommandLineProgressMonitor - Completed (90%)
2024-10-22 22:04:56 INFO: 22:04:56.131 [main] [INFO ] q.l.p.CommandLineTaskRunner$CommandLineProgressMonitor - Completed (91%)
2024-10-22 22:04:56 INFO: 22:04:56.456 [main] [INFO ] q.l.p.CommandLineTaskRunner$CommandLineProgressMonitor - Completed (92%)
2024-10-22 22:04:56 INFO: 22:04:56.679 [main] [INFO ] q.l.p.CommandLineTaskRunner$CommandLineProgressMonitor - Completed (93%)
2024-10-22 22:04:56 INFO: 22:04:56.906 [main] [INFO ] q.l.p.CommandLineTaskRunner$CommandLineProgressMonitor - Completed (94%)
2024-10-22 22:04:57 INFO: 22:04:57.134 [main] [INFO ] q.l.p.CommandLineTaskRunner$CommandLineProgressMonitor - Completed (95%)
2024-10-22 22:04:57 INFO: 22:04:57.357 [main] [INFO ] q.l.p.CommandLineTaskRunner$CommandLineProgressMonitor - Completed (96%)
2024-10-22 22:04:57 INFO: 22:04:57.585 [main] [INFO ] q.l.p.CommandLineTaskRunner$CommandLineProgressMonitor - Completed (97%)
2024-10-22 22:04:57 INFO: 22:04:57.821 [main] [INFO ] q.l.p.CommandLineTaskRunner$CommandLineProgressMonitor - Completed (98%)
2024-10-22 22:04:58 INFO: 22:04:58.071 [main] [INFO ] q.l.p.CommandLineTaskRunner$CommandLineProgressMonitor - Completed (99%)
2024-10-22 22:04:58 INFO: 22:04:58.295 [main] [INFO ] q.l.p.CommandLineTaskRunner$CommandLineProgressMonitor - Completed (100%)
2024-10-22 22:05:46 INFO: 22:05:46.199 [main] [INFO ] q.l.p.CommandLineTaskRunner$CommandLineProgressMonitor - Completed (100%)
2024-10-22 22:05:46 INFO: 22:05:46.200 [main] [INFO ] q.l.p.CommandLineTaskRunner$CommandLineProgressMonitor - Processing complete in 77.70 seconds
2024-10-22 22:05:46 INFO: 22:05:46.200 [main] [INFO ] q.l.p.CommandLineTaskRunner$CommandLineProgressMonitor - Tasks completed!
2024-10-22 22:11:01 INFO: 22:11:01.548 [task-runner-6-1] [WARN ] q.o.features.DelaunayTriangulation - Some objects have missing measurements! Statistics will calculated only for objects with measurements available.
2024-10-22 22:11:01 INFO: 22:11:01.549 [task-runner-6-1] [WARN ] q.o.features.DelaunayTriangulation - Missing measurements: [ROI: 1.00 m per pixel: Residual: Haralick Correlation (F2), ROI: 1.00 m per pixel: Residual: Haralick Information measure of correlation 1 (F11), ROI: 1.00 m per pixel: Hematoxylin: Haralick Correlation (F2), ROI: 1.00 m per pixel: Hematoxylin: Haralick Information measure of correlation 1 (F11), ROI: 1.00 m per pixel: Eosin: Haralick Correlation (F2), ROI: 1.00 m per pixel: Eosin: Haralick Information measure of correlation 1 (F11), ROI: 1.00 m per pixel: Saturation: Haralick Correlation (F2), ROI: 1.00 m per pixel: Saturation: Haralick Information measure of correlation 1 (F11), ROI: 1.00 m per pixel: Hematoxylin: Haralick Information measure of correlation 2 (F12), ROI: 1.00 m per pixel: Blue: Haralick Correlation (F2), ROI: 1.00 m per pixel: Blue: Haralick Information measure of correlation 1 (F11), ROI: 1.00 m per pixel: Brightness: Haralick Correlation (F2), ROI: 1.00 m per pixel: Brightness: Haralick Information measure of correlation 1 (F11), ROI: 1.00 m per pixel: OD Sum: Haralick Correlation (F2), ROI: 1.00 m per pixel: OD Sum: Haralick Information measure of correlation 1 (F11), ROI: 1.00 m per pixel: Residual: Haralick Information measure of correlation 2 (F12), ROI: 1.00 m per pixel: Red: Haralick Correlation (F2), ROI: 1.00 m per pixel: Red: Haralick Information measure of correlation 1 (F11), ROI: 1.00 m per pixel: Green: Haralick Correlation (F2), ROI: 1.00 m per pixel: Green: Haralick Information measure of correlation 1 (F11)]
2024-10-22 22:11:01 INFO: 22:11:01.621 [main] [INFO ] q.l.p.CommandLineTaskRunner$CommandLineProgressMonitor - Delaunay triangulation calculated for Annotation (536871 objects) (100%)
2024-10-22 22:11:01 INFO: 22:11:01.622 [main] [INFO ] q.l.p.CommandLineTaskRunner$CommandLineProgressMonitor - Processing complete in 315.36 seconds
2024-10-22 22:11:01 INFO: 22:11:01.622 [main] [INFO ] q.l.p.CommandLineTaskRunner$CommandLineProgressMonitor - Tasks completed!
2024-10-22 22:17:07 INFO: TCGA-GI-A2C8-01Z-00-DX1.09BD8AC9-645A-4C8B-9B36-77D833BDBA09
2024-10-22 22:17:07 INFO: QuPath subprocess completed.
2024-10-22 22:17:38 INFO: QuPath image extraction completed successfully. Output directory: /home/ilants/Documents/jupyter_test/single_image_multiple_params/exp_threshold_0.01
2024-10-22 22:17:38 INFO: Summary table saved to: /home/ilants/Documents/jupyter_test/single_image_multiple_params/exp_threshold_0.01/Summary_Table.csv
2024-10-22 22:17:38 INFO: Experiment completed successfully.
