2024-10-23 01:41:49 INFO: Starting experiment with for minAreaMicrons with value of 5.0
2024-10-23 01:41:49 INFO: Running with the following configuration:
{'detectionImageBrightfield': 'Hematoxylin OD', 'requestedPixelSizeMicrons': 0.5, 'backgroundRadiusMicrons': 4.0, 'backgroundByReconstruction': True, 'medianRadiusMicrons': 0.0, 'sigmaMicrons': 1.5, 'minAreaMicrons': 5.0, 'maxAreaMicrons': 80.0, 'threshold': 0.1, 'maxBackground': 2.0, 'watershedPostProcess': True, 'cellExpansionMicrons': 5.0, 'includeNuclei': True, 'smoothBoundaries': True, 'makeMeasurements': True, 'backgroundRadiusPixel': 8.0, 'cellExpansionPixel': 10.0, 'medianRadiusPixel': 0.0, 'minAreaPixel': 20.0, 'maxAreaPixel': 160.0}
2024-10-23 01:41:49 INFO: Starting QuPath image extraction with the following parameters: image_dir=/home/ilants/Documents/jupyter_test, output_dir=/home/ilants/Documents/jupyter_test/single_image_multiple_params/exp_minAreaMicrons_5.0, image_type=svs, groovy_script=/home/ilants/Documents/utls/nucleus_detection_wargs.groovy, config_file=/home/ilants/Documents/jupyter_test/single_image_multiple_params/exp_minAreaMicrons_5.0/cfg.json, program_path=/home/ilants/Documents/QuPath-v0.5.1-Linux/QuPath/bin/QuPath
2024-10-23 01:41:50 INFO: 01:41:50.399 [main] [INFO ] qupath.lib.gui.prefs.PathPrefs - Setting default Locale to en_US
2024-10-23 01:41:50 INFO: 01:41:50.403 [main] [INFO ] qupath.lib.gui.prefs.PathPrefs - Setting Locale for FORMAT to en_US
2024-10-23 01:41:50 INFO: 01:41:50.403 [main] [INFO ] qupath.lib.gui.prefs.PathPrefs - Setting Locale for DISPLAY to en_US
2024-10-23 01:41:50 INFO: 01:41:50.417 [main] [INFO ] qupath.lib.common.ThreadTools - Setting parallelism to 63
2024-10-23 01:41:50 INFO: 01:41:50.435 [main] [INFO ] qupath.ScriptCommand - Setting tile cache size to 32200.00 MB (25.0% max memory)
2024-10-23 01:41:50 INFO: 01:41:50.483 [main] [INFO ] qupath.lib.scripting.QP - Initializing type adapters
2024-10-23 01:41:50 INFO: Warning: Versions of org.bytedeco:javacpp:1.5.9 and org.bytedeco:opencv:4.6.0-1.5.8 do not match.
2024-10-23 01:41:50 INFO: Warning: Versions of org.bytedeco:javacpp:1.5.9 and org.bytedeco:openblas:0.3.21-1.5.8 do not match.
2024-10-23 01:41:52 INFO: project parameters are: {"detectionImageBrightfield": "Hematoxylin OD","requestedPixelSizeMicrons": 0.5,"backgroundRadiusMicrons": 4.0,"backgroundByReconstruction": true,"medianRadiusMicrons": 0.0,"sigmaMicrons": 1.5,"minAreaMicrons": 5.0,"maxAreaMicrons": 80.0,"threshold": 0.1,"maxBackground": 2.0,"watershedPostProcess": true,"cellExpansionMicrons": 5.0,"includeNuclei": true,"smoothBoundaries": true,"makeMeasurements": true,"backgroundRadiusPixel": 8.0,"cellExpansionPixel": 10.0,"medianRadiusPixel": 0.0,"minAreaPixel": 20.0,"maxAreaPixel": 160.0}
2024-10-23 01:41:52 INFO: New project created at: /home/ilants/Documents/jupyter_test/single_image_multiple_params/exp_minAreaMicrons_5.0/QPProject
2024-10-23 01:41:52 INFO: Added: /home/ilants/Documents/jupyter_test/TCGA-GI-A2C8-01Z-00-DX1.09BD8AC9-645A-4C8B-9B36-77D833BDBA09.svs
2024-10-23 01:41:52 INFO: /home/ilants/Documents/jupyter_test/TCGA-GI-A2C8-01Z-00-DX1.09BD8AC9-645A-4C8B-9B36-77D833BDBA09.svs
2024-10-23 01:41:52 INFO: 01:41:52.378 [main] [INFO ] q.l.i.s.b.BioFormatsServerOptions - Setting max Bio-Formats readers to 32
2024-10-23 01:41:52 INFO: UriImageSupport (class qupath.lib.images.servers.bioformats.BioFormatsServerBuilder) support=3.0, builders=1
2024-10-23 01:41:52 INFO: true
2024-10-23 01:41:53 INFO: 01:41:53.063 [main] [WARN ] qupath.lib.scripting.QP - createSelectAllObject(boolean) is deprecated, use createFullImageAnnotation(boolean) instead
2024-10-23 01:41:53 INFO: 01:41:53.064 [main] [WARN ] qupath.lib.scripting.QP - createSelectAllObject(boolean, int, int) is deprecated, use createFullImageAnnotation(boolean, int, int) instead
2024-10-23 01:41:53 INFO: 01:41:53.075 [main] [WARN ] q.l.plugins.parameters.ParameterList - Unable to set parameter backgroundRadiusPixel with value 8.0
2024-10-23 01:41:53 INFO: 01:41:53.075 [main] [WARN ] q.l.plugins.parameters.ParameterList - Unable to set parameter cellExpansionPixel with value 10.0
2024-10-23 01:41:53 INFO: 01:41:53.075 [main] [WARN ] q.l.plugins.parameters.ParameterList - Unable to set parameter medianRadiusPixel with value 0.0
2024-10-23 01:41:53 INFO: 01:41:53.075 [main] [WARN ] q.l.plugins.parameters.ParameterList - Unable to set parameter minAreaPixel with value 20.0
2024-10-23 01:41:53 INFO: 01:41:53.075 [main] [WARN ] q.l.plugins.parameters.ParameterList - Unable to set parameter maxAreaPixel with value 160.0
2024-10-23 01:42:07 INFO: 01:42:07.474 [task-runner-1-3] [INFO ] q.lib.plugins.DetectionPluginTools - 0 nuclei detected (processing time: 14.28 seconds)
2024-10-23 01:42:07 INFO: 01:42:07.474 [task-runner-1-16] [INFO ] q.lib.plugins.DetectionPluginTools - 0 nuclei detected (processing time: 14.28 seconds)
2024-10-23 01:42:07 INFO: 01:42:07.475 [task-runner-1-1] [INFO ] q.lib.plugins.DetectionPluginTools - 0 nuclei detected (processing time: 14.28 seconds)
2024-10-23 01:42:07 INFO: 01:42:07.475 [task-runner-1-12] [INFO ] q.lib.plugins.DetectionPluginTools - 0 nuclei detected (processing time: 14.28 seconds)
2024-10-23 01:42:07 INFO: 01:42:07.476 [task-runner-1-48] [INFO ] q.lib.plugins.DetectionPluginTools - 0 nuclei detected (processing time: 14.27 seconds)
2024-10-23 01:42:07 INFO: 01:42:07.476 [main] [INFO ] q.l.p.CommandLineTaskRunner$CommandLineProgressMonitor - 0 nuclei detected (1%)
2024-10-23 01:42:07 INFO: 01:42:07.476 [main] [INFO ] q.l.p.CommandLineTaskRunner$CommandLineProgressMonitor - 0 nuclei detected (2%)
2024-10-23 01:42:07 INFO: 01:42:07.476 [task-runner-1-9] [INFO ] q.lib.plugins.DetectionPluginTools - 0 nuclei detected (processing time: 14.28 seconds)
2024-10-23 01:42:07 INFO: 01:42:07.477 [main] [INFO ] q.l.p.CommandLineTaskRunner$CommandLineProgressMonitor - 0 nuclei detected (3%)
2024-10-23 01:42:07 INFO: 01:42:07.477 [main] [INFO ] q.l.p.CommandLineTaskRunner$CommandLineProgressMonitor - 0 nuclei detected (4%)
2024-10-23 01:42:07 INFO: 01:42:07.478 [task-runner-1-15] [INFO ] q.lib.plugins.DetectionPluginTools - 0 nuclei detected (processing time: 14.28 seconds)
2024-10-23 01:42:07 INFO: 01:42:07.478 [task-runner-1-4] [INFO ] q.lib.plugins.DetectionPluginTools - 0 nuclei detected (processing time: 14.28 seconds)
2024-10-23 01:42:07 INFO: 01:42:07.478 [main] [INFO ] q.l.p.CommandLineTaskRunner$CommandLineProgressMonitor - 0 nuclei detected (5%)
2024-10-23 01:42:07 INFO: 01:42:07.478 [task-runner-1-32] [INFO ] q.lib.plugins.DetectionPluginTools - 0 nuclei detected (processing time: 14.28 seconds)
2024-10-23 01:42:07 INFO: 01:42:07.479 [main] [INFO ] q.l.p.CommandLineTaskRunner$CommandLineProgressMonitor - 0 nuclei detected (6%)
2024-10-23 01:42:07 INFO: 01:42:07.479 [task-runner-1-30] [INFO ] q.lib.plugins.DetectionPluginTools - 1 nucleus detected (processing time: 14.28 seconds)
2024-10-23 01:42:07 INFO: 01:42:07.479 [main] [INFO ] q.l.p.CommandLineTaskRunner$CommandLineProgressMonitor - 1 nucleus detected (6%)
2024-10-23 01:42:07 INFO: 01:42:07.480 [task-runner-1-7] [INFO ] q.lib.plugins.DetectionPluginTools - 1 nucleus detected (processing time: 14.29 seconds)
2024-10-23 01:42:07 INFO: 01:42:07.480 [main] [INFO ] q.l.p.CommandLineTaskRunner$CommandLineProgressMonitor - 1 nucleus detected (7%)
2024-10-23 01:42:07 INFO: 01:42:07.482 [task-runner-1-10] [INFO ] q.lib.plugins.DetectionPluginTools - 2 nuclei detected (processing time: 14.29 seconds)
2024-10-23 01:42:07 INFO: 01:42:07.482 [task-runner-1-14] [INFO ] q.lib.plugins.DetectionPluginTools - 3 nuclei detected (processing time: 14.29 seconds)
2024-10-23 01:42:07 INFO: 01:42:07.482 [main] [INFO ] q.l.p.CommandLineTaskRunner$CommandLineProgressMonitor - 2 nuclei detected (8%)
2024-10-23 01:42:07 INFO: 01:42:07.482 [main] [INFO ] q.l.p.CommandLineTaskRunner$CommandLineProgressMonitor - 3 nuclei detected (8%)
2024-10-23 01:42:07 INFO: 01:42:07.482 [task-runner-1-27] [INFO ] q.lib.plugins.DetectionPluginTools - 2 nuclei detected (processing time: 14.28 seconds)
2024-10-23 01:42:07 INFO: 01:42:07.483 [main] [INFO ] q.l.p.CommandLineTaskRunner$CommandLineProgressMonitor - 2 nuclei detected (9%)
2024-10-23 01:42:07 INFO: 01:42:07.483 [task-runner-1-11] [INFO ] q.lib.plugins.DetectionPluginTools - 2 nuclei detected (processing time: 14.29 seconds)
2024-10-23 01:42:07 INFO: 01:42:07.483 [task-runner-1-17] [INFO ] q.lib.plugins.DetectionPluginTools - 3 nuclei detected (processing time: 14.29 seconds)
2024-10-23 01:42:07 INFO: 01:42:07.483 [main] [INFO ] q.l.p.CommandLineTaskRunner$CommandLineProgressMonitor - 3 nuclei detected (10%)
2024-10-23 01:42:07 INFO: 01:42:07.490 [task-runner-1-8] [INFO ] q.lib.plugins.DetectionPluginTools - 2 nuclei detected (processing time: 14.30 seconds)
2024-10-23 01:42:07 INFO: 01:42:07.491 [main] [INFO ] q.l.p.CommandLineTaskRunner$CommandLineProgressMonitor - 2 nuclei detected (11%)
2024-10-23 01:42:07 INFO: 01:42:07.502 [task-runner-1-13] [INFO ] q.lib.plugins.DetectionPluginTools - 9 nuclei detected (processing time: 14.31 seconds)
2024-10-23 01:42:07 INFO: 01:42:07.503 [main] [INFO ] q.l.p.CommandLineTaskRunner$CommandLineProgressMonitor - 9 nuclei detected (11%)
2024-10-23 01:42:07 INFO: 01:42:07.503 [task-runner-1-29] [INFO ] q.lib.plugins.DetectionPluginTools - 6 nuclei detected (processing time: 14.30 seconds)
2024-10-23 01:42:07 INFO: 01:42:07.503 [main] [INFO ] q.l.p.CommandLineTaskRunner$CommandLineProgressMonitor - 6 nuclei detected (12%)
2024-10-23 01:42:07 INFO: 01:42:07.503 [task-runner-1-6] [INFO ] q.lib.plugins.DetectionPluginTools - 6 nuclei detected (processing time: 14.31 seconds)
2024-10-23 01:42:07 INFO: 01:42:07.505 [main] [INFO ] q.l.p.CommandLineTaskRunner$CommandLineProgressMonitor - 6 nuclei detected (13%)
2024-10-23 01:42:07 INFO: 01:42:07.509 [task-runner-1-2] [INFO ] q.lib.plugins.DetectionPluginTools - 3 nuclei detected (processing time: 14.32 seconds)
2024-10-23 01:42:07 INFO: 01:42:07.509 [main] [INFO ] q.l.p.CommandLineTaskRunner$CommandLineProgressMonitor - 3 nuclei detected (13%)
2024-10-23 01:42:07 INFO: 01:42:07.516 [task-runner-1-47] [INFO ] q.lib.plugins.DetectionPluginTools - 8 nuclei detected (processing time: 14.31 seconds)
2024-10-23 01:42:07 INFO: 01:42:07.517 [main] [INFO ] q.l.p.CommandLineTaskRunner$CommandLineProgressMonitor - 8 nuclei detected (14%)
2024-10-23 01:42:07 INFO: 01:42:07.560 [task-runner-1-31] [INFO ] q.lib.plugins.DetectionPluginTools - 14 nuclei detected (processing time: 14.36 seconds)
2024-10-23 01:42:07 INFO: 01:42:07.561 [main] [INFO ] q.l.p.CommandLineTaskRunner$CommandLineProgressMonitor - 14 nuclei detected (14%)
2024-10-23 01:42:07 INFO: 01:42:07.587 [task-runner-1-28] [INFO ] q.lib.plugins.DetectionPluginTools - 26 nuclei detected (processing time: 14.39 seconds)
2024-10-23 01:42:07 INFO: 01:42:07.589 [main] [INFO ] q.l.p.CommandLineTaskRunner$CommandLineProgressMonitor - 26 nuclei detected (15%)
2024-10-23 01:42:07 INFO: 01:42:07.645 [task-runner-1-26] [INFO ] q.lib.plugins.DetectionPluginTools - 55 nuclei detected (processing time: 14.45 seconds)
2024-10-23 01:42:07 INFO: 01:42:07.646 [main] [INFO ] q.l.p.CommandLineTaskRunner$CommandLineProgressMonitor - 55 nuclei detected (16%)
2024-10-23 01:42:07 INFO: 01:42:07.650 [task-runner-1-46] [INFO ] q.lib.plugins.DetectionPluginTools - 60 nuclei detected (processing time: 14.45 seconds)
2024-10-23 01:42:07 INFO: 01:42:07.651 [main] [INFO ] q.l.p.CommandLineTaskRunner$CommandLineProgressMonitor - 60 nuclei detected (16%)
2024-10-23 01:42:07 INFO: 01:42:07.655 [task-runner-1-5] [INFO ] q.lib.plugins.DetectionPluginTools - 68 nuclei detected (processing time: 14.46 seconds)
2024-10-23 01:42:07 INFO: 01:42:07.657 [main] [INFO ] q.l.p.CommandLineTaskRunner$CommandLineProgressMonitor - 68 nuclei detected (17%)
2024-10-23 01:42:07 INFO: 01:42:07.824 [task-runner-1-45] [INFO ] q.lib.plugins.DetectionPluginTools - 126 nuclei detected (processing time: 14.62 seconds)
2024-10-23 01:42:07 INFO: 01:42:07.825 [main] [INFO ] q.l.p.CommandLineTaskRunner$CommandLineProgressMonitor - 126 nuclei detected (18%)
2024-10-23 01:42:07 INFO: 01:42:07.861 [task-runner-1-49] [INFO ] q.lib.plugins.DetectionPluginTools - 141 nuclei detected (processing time: 14.66 seconds)
2024-10-23 01:42:07 INFO: 01:42:07.863 [main] [INFO ] q.l.p.CommandLineTaskRunner$CommandLineProgressMonitor - 141 nuclei detected (18%)
2024-10-23 01:42:07 INFO: 01:42:07.922 [task-runner-1-63] [INFO ] q.lib.plugins.DetectionPluginTools - 161 nuclei detected (processing time: 14.72 seconds)
2024-10-23 01:42:07 INFO: 01:42:07.923 [main] [INFO ] q.l.p.CommandLineTaskRunner$CommandLineProgressMonitor - 161 nuclei detected (19%)
2024-10-23 01:42:07 INFO: 01:42:07.946 [task-runner-1-33] [INFO ] q.lib.plugins.DetectionPluginTools - 256 nuclei detected (processing time: 14.75 seconds)
2024-10-23 01:42:07 INFO: 01:42:07.959 [main] [INFO ] q.l.p.CommandLineTaskRunner$CommandLineProgressMonitor - 256 nuclei detected (19%)
2024-10-23 01:42:07 INFO: 01:42:07.959 [task-runner-1-19] [INFO ] q.lib.plugins.DetectionPluginTools - 179 nuclei detected (processing time: 14.76 seconds)
2024-10-23 01:42:07 INFO: 01:42:07.960 [main] [INFO ] q.l.p.CommandLineTaskRunner$CommandLineProgressMonitor - 179 nuclei detected (20%)
2024-10-23 01:42:07 INFO: 01:42:07.989 [task-runner-1-44] [INFO ] q.lib.plugins.DetectionPluginTools - 297 nuclei detected (processing time: 14.79 seconds)
2024-10-23 01:42:08 INFO: 01:42:07.997 [main] [INFO ] q.l.p.CommandLineTaskRunner$CommandLineProgressMonitor - 297 nuclei detected (21%)
2024-10-23 01:42:08 INFO: 01:42:08.003 [task-runner-1-50] [INFO ] q.lib.plugins.DetectionPluginTools - 351 nuclei detected (processing time: 14.80 seconds)
2024-10-23 01:42:08 INFO: 01:42:08.004 [main] [INFO ] q.l.p.CommandLineTaskRunner$CommandLineProgressMonitor - 351 nuclei detected (21%)
2024-10-23 01:42:08 INFO: 01:42:08.012 [task-runner-1-25] [INFO ] q.lib.plugins.DetectionPluginTools - 381 nuclei detected (processing time: 14.81 seconds)
2024-10-23 01:42:08 INFO: 01:42:08.014 [main] [INFO ] q.l.p.CommandLineTaskRunner$CommandLineProgressMonitor - 381 nuclei detected (22%)
2024-10-23 01:42:09 INFO: 01:42:09.014 [task-runner-1-61] [INFO ] q.lib.plugins.DetectionPluginTools - 232 nuclei detected (processing time: 15.81 seconds)
2024-10-23 01:42:09 INFO: 01:42:09.015 [main] [INFO ] q.l.p.CommandLineTaskRunner$CommandLineProgressMonitor - 232 nuclei detected (23%)
2024-10-23 01:42:09 INFO: 01:42:09.037 [task-runner-1-62] [INFO ] q.lib.plugins.DetectionPluginTools - 233 nuclei detected (processing time: 15.83 seconds)
2024-10-23 01:42:09 INFO: 01:42:09.038 [main] [INFO ] q.l.p.CommandLineTaskRunner$CommandLineProgressMonitor - 233 nuclei detected (23%)
2024-10-23 01:42:09 INFO: 01:42:09.121 [task-runner-1-18] [INFO ] q.lib.plugins.DetectionPluginTools - 295 nuclei detected (processing time: 15.92 seconds)
2024-10-23 01:42:09 INFO: 01:42:09.127 [main] [INFO ] q.l.p.CommandLineTaskRunner$CommandLineProgressMonitor - 295 nuclei detected (24%)
2024-10-23 01:42:09 INFO: 01:42:09.200 [task-runner-1-35] [INFO ] q.lib.plugins.DetectionPluginTools - 312 nuclei detected (processing time: 16.00 seconds)
2024-10-23 01:42:09 INFO: 01:42:09.202 [main] [INFO ] q.l.p.CommandLineTaskRunner$CommandLineProgressMonitor - 312 nuclei detected (24%)
2024-10-23 01:42:09 INFO: 01:42:09.304 [task-runner-1-34] [INFO ] q.lib.plugins.DetectionPluginTools - 436 nuclei detected (processing time: 16.10 seconds)
2024-10-23 01:42:09 INFO: 01:42:09.306 [main] [INFO ] q.l.p.CommandLineTaskRunner$CommandLineProgressMonitor - 436 nuclei detected (25%)
2024-10-23 01:42:09 INFO: 01:42:09.461 [task-runner-1-20] [INFO ] q.lib.plugins.DetectionPluginTools - 790 nuclei detected (processing time: 16.26 seconds)
2024-10-23 01:42:09 INFO: 01:42:09.462 [main] [INFO ] q.l.p.CommandLineTaskRunner$CommandLineProgressMonitor - 790 nuclei detected (26%)
2024-10-23 01:42:09 INFO: 01:42:09.555 [task-runner-1-51] [INFO ] q.lib.plugins.DetectionPluginTools - 979 nuclei detected (processing time: 16.35 seconds)
2024-10-23 01:42:09 INFO: 01:42:09.555 [main] [INFO ] q.l.p.CommandLineTaskRunner$CommandLineProgressMonitor - 979 nuclei detected (26%)
2024-10-23 01:42:09 INFO: 01:42:09.718 [task-runner-1-24] [INFO ] q.lib.plugins.DetectionPluginTools - 1173 nuclei detected (processing time: 16.52 seconds)
2024-10-23 01:42:09 INFO: 01:42:09.720 [main] [INFO ] q.l.p.CommandLineTaskRunner$CommandLineProgressMonitor - 1173 nuclei detected (27%)
2024-10-23 01:42:09 INFO: 01:42:09.721 [task-runner-1-43] [INFO ] q.lib.plugins.DetectionPluginTools - 1093 nuclei detected (processing time: 16.52 seconds)
2024-10-23 01:42:09 INFO: 01:42:09.722 [main] [INFO ] q.l.p.CommandLineTaskRunner$CommandLineProgressMonitor - 1093 nuclei detected (28%)
2024-10-23 01:42:09 INFO: 01:42:09.761 [task-runner-1-23] [INFO ] q.lib.plugins.DetectionPluginTools - 1128 nuclei detected (processing time: 16.56 seconds)
2024-10-23 01:42:09 INFO: 01:42:09.762 [main] [INFO ] q.l.p.CommandLineTaskRunner$CommandLineProgressMonitor - 1128 nuclei detected (28%)
2024-10-23 01:42:09 INFO: 01:42:09.905 [task-runner-1-60] [INFO ] q.lib.plugins.DetectionPluginTools - 1249 nuclei detected (processing time: 16.70 seconds)
2024-10-23 01:42:09 INFO: 01:42:09.905 [main] [INFO ] q.l.p.CommandLineTaskRunner$CommandLineProgressMonitor - 1249 nuclei detected (29%)
2024-10-23 01:42:10 INFO: 01:42:10.354 [task-runner-1-22] [INFO ] q.lib.plugins.DetectionPluginTools - 1519 nuclei detected (processing time: 17.16 seconds)
2024-10-23 01:42:10 INFO: 01:42:10.355 [main] [INFO ] q.l.p.CommandLineTaskRunner$CommandLineProgressMonitor - 1519 nuclei detected (29%)
2024-10-23 01:42:13 INFO: 01:42:13.007 [task-runner-1-36] [INFO ] q.lib.plugins.DetectionPluginTools - 2259 nuclei detected (processing time: 19.81 seconds)
2024-10-23 01:42:13 INFO: 01:42:13.008 [main] [INFO ] q.l.p.CommandLineTaskRunner$CommandLineProgressMonitor - 2259 nuclei detected (30%)
2024-10-23 01:42:13 INFO: 01:42:13.106 [task-runner-1-59] [INFO ] q.lib.plugins.DetectionPluginTools - 3087 nuclei detected (processing time: 19.90 seconds)
2024-10-23 01:42:13 INFO: 01:42:13.107 [main] [INFO ] q.l.p.CommandLineTaskRunner$CommandLineProgressMonitor - 3087 nuclei detected (31%)
2024-10-23 01:42:13 INFO: 01:42:13.449 [task-runner-1-40] [INFO ] q.lib.plugins.DetectionPluginTools - 2338 nuclei detected (processing time: 20.25 seconds)
2024-10-23 01:42:13 INFO: 01:42:13.450 [main] [INFO ] q.l.p.CommandLineTaskRunner$CommandLineProgressMonitor - 2338 nuclei detected (31%)
2024-10-23 01:42:13 INFO: 01:42:13.553 [task-runner-1-42] [INFO ] q.lib.plugins.DetectionPluginTools - 2951 nuclei detected (processing time: 20.35 seconds)
2024-10-23 01:42:13 INFO: 01:42:13.554 [main] [INFO ] q.l.p.CommandLineTaskRunner$CommandLineProgressMonitor - 2951 nuclei detected (32%)
2024-10-23 01:42:13 INFO: 01:42:13.679 [task-runner-1-12] [INFO ] q.lib.plugins.DetectionPluginTools - 2 nuclei detected (processing time: 6.20 seconds)
2024-10-23 01:42:13 INFO: 01:42:13.691 [main] [INFO ] q.l.p.CommandLineTaskRunner$CommandLineProgressMonitor - 2 nuclei detected (33%)
2024-10-23 01:42:13 INFO: 01:42:13.721 [task-runner-1-39] [INFO ] q.lib.plugins.DetectionPluginTools - 3172 nuclei detected (processing time: 20.52 seconds)
2024-10-23 01:42:13 INFO: 01:42:13.727 [main] [INFO ] q.l.p.CommandLineTaskRunner$CommandLineProgressMonitor - 3172 nuclei detected (33%)
2024-10-23 01:42:14 INFO: 01:42:14.219 [task-runner-1-8] [INFO ] q.lib.plugins.DetectionPluginTools - 0 nuclei detected (processing time: 6.73 seconds)
2024-10-23 01:42:14 INFO: 01:42:14.221 [main] [INFO ] q.l.p.CommandLineTaskRunner$CommandLineProgressMonitor - 0 nuclei detected (34%)
2024-10-23 01:42:14 INFO: 01:42:14.253 [task-runner-1-21] [INFO ] q.lib.plugins.DetectionPluginTools - 4262 nuclei detected (processing time: 21.06 seconds)
2024-10-23 01:42:14 INFO: 01:42:14.259 [main] [INFO ] q.l.p.CommandLineTaskRunner$CommandLineProgressMonitor - 4262 nuclei detected (34%)
2024-10-23 01:42:14 INFO: 01:42:14.311 [task-runner-1-52] [INFO ] q.lib.plugins.DetectionPluginTools - 2803 nuclei detected (processing time: 21.11 seconds)
2024-10-23 01:42:14 INFO: 01:42:14.313 [main] [INFO ] q.l.p.CommandLineTaskRunner$CommandLineProgressMonitor - 2803 nuclei detected (35%)
2024-10-23 01:42:14 INFO: 01:42:14.373 [task-runner-1-41] [INFO ] q.lib.plugins.DetectionPluginTools - 2718 nuclei detected (processing time: 21.17 seconds)
2024-10-23 01:42:14 INFO: 01:42:14.386 [main] [INFO ] q.l.p.CommandLineTaskRunner$CommandLineProgressMonitor - 2718 nuclei detected (36%)
2024-10-23 01:42:15 INFO: 01:42:15.077 [task-runner-1-3] [INFO ] q.lib.plugins.DetectionPluginTools - 120 nuclei detected (processing time: 7.60 seconds)
2024-10-23 01:42:15 INFO: 01:42:15.078 [main] [INFO ] q.l.p.CommandLineTaskRunner$CommandLineProgressMonitor - 120 nuclei detected (36%)
2024-10-23 01:42:15 INFO: 01:42:15.565 [task-runner-1-13] [INFO ] q.lib.plugins.DetectionPluginTools - 121 nuclei detected (processing time: 8.06 seconds)
2024-10-23 01:42:15 INFO: 01:42:15.568 [main] [INFO ] q.l.p.CommandLineTaskRunner$CommandLineProgressMonitor - 121 nuclei detected (37%)
2024-10-23 01:42:15 INFO: 01:42:15.726 [task-runner-1-19] [INFO ] q.lib.plugins.DetectionPluginTools - 116 nuclei detected (processing time: 7.77 seconds)
2024-10-23 01:42:15 INFO: 01:42:15.741 [task-runner-1-44] [INFO ] q.lib.plugins.DetectionPluginTools - 3 nuclei detected (processing time: 7.74 seconds)
2024-10-23 01:42:15 INFO: 01:42:15.728 [main] [INFO ] q.l.p.CommandLineTaskRunner$CommandLineProgressMonitor - 116 nuclei detected (38%)
2024-10-23 01:42:15 INFO: 01:42:15.743 [main] [INFO ] q.l.p.CommandLineTaskRunner$CommandLineProgressMonitor - 3 nuclei detected (38%)
2024-10-23 01:42:15 INFO: 01:42:15.867 [task-runner-1-29] [INFO ] q.lib.plugins.DetectionPluginTools - 145 nuclei detected (processing time: 8.36 seconds)
2024-10-23 01:42:15 INFO: 01:42:15.868 [main] [INFO ] q.l.p.CommandLineTaskRunner$CommandLineProgressMonitor - 145 nuclei detected (39%)
2024-10-23 01:42:16 INFO: 01:42:16.087 [task-runner-1-48] [INFO ] q.lib.plugins.DetectionPluginTools - 412 nuclei detected (processing time: 8.61 seconds)
2024-10-23 01:42:16 INFO: 01:42:16.088 [main] [INFO ] q.l.p.CommandLineTaskRunner$CommandLineProgressMonitor - 412 nuclei detected (39%)
2024-10-23 01:42:16 INFO: 01:42:16.089 [task-runner-1-25] [INFO ] q.lib.plugins.DetectionPluginTools - 158 nuclei detected (processing time: 8.08 seconds)
2024-10-23 01:42:16 INFO: 01:42:16.090 [main] [INFO ] q.l.p.CommandLineTaskRunner$CommandLineProgressMonitor - 158 nuclei detected (40%)
2024-10-23 01:42:16 INFO: 01:42:16.145 [task-runner-1-17] [INFO ] q.lib.plugins.DetectionPluginTools - 236 nuclei detected (processing time: 8.66 seconds)
2024-10-23 01:42:16 INFO: 01:42:16.146 [main] [INFO ] q.l.p.CommandLineTaskRunner$CommandLineProgressMonitor - 236 nuclei detected (41%)
2024-10-23 01:42:16 INFO: 01:42:16.411 [task-runner-1-57] [INFO ] q.lib.plugins.DetectionPluginTools - 3578 nuclei detected (processing time: 23.21 seconds)
2024-10-23 01:42:16 INFO: 01:42:16.413 [main] [INFO ] q.l.p.CommandLineTaskRunner$CommandLineProgressMonitor - 3578 nuclei detected (41%)
2024-10-23 01:42:16 INFO: 01:42:16.768 [task-runner-1-1] [INFO ] q.lib.plugins.DetectionPluginTools - 534 nuclei detected (processing time: 9.29 seconds)
2024-10-23 01:42:16 INFO: 01:42:16.771 [main] [INFO ] q.l.p.CommandLineTaskRunner$CommandLineProgressMonitor - 534 nuclei detected (42%)
2024-10-23 01:42:17 INFO: 01:42:17.409 [task-runner-1-50] [INFO ] q.lib.plugins.DetectionPluginTools - 159 nuclei detected (processing time: 9.41 seconds)
2024-10-23 01:42:17 INFO: 01:42:17.409 [task-runner-1-37] [INFO ] q.lib.plugins.DetectionPluginTools - 4916 nuclei detected (processing time: 24.21 seconds)
2024-10-23 01:42:17 INFO: 01:42:17.412 [main] [INFO ] q.l.p.CommandLineTaskRunner$CommandLineProgressMonitor - 4916 nuclei detected (43%)
2024-10-23 01:42:17 INFO: 01:42:17.412 [main] [INFO ] q.l.p.CommandLineTaskRunner$CommandLineProgressMonitor - 159 nuclei detected (43%)
2024-10-23 01:42:17 INFO: 01:42:17.431 [task-runner-1-58] [INFO ] q.lib.plugins.DetectionPluginTools - 2916 nuclei detected (processing time: 24.23 seconds)
2024-10-23 01:42:17 INFO: 01:42:17.434 [main] [INFO ] q.l.p.CommandLineTaskRunner$CommandLineProgressMonitor - 2916 nuclei detected (44%)
2024-10-23 01:42:17 INFO: 01:42:17.633 [task-runner-1-38] [INFO ] q.lib.plugins.DetectionPluginTools - 4224 nuclei detected (processing time: 24.43 seconds)
2024-10-23 01:42:17 INFO: 01:42:17.662 [main] [INFO ] q.l.p.CommandLineTaskRunner$CommandLineProgressMonitor - 4224 nuclei detected (44%)
2024-10-23 01:42:17 INFO: 01:42:17.733 [task-runner-1-61] [INFO ] q.lib.plugins.DetectionPluginTools - 274 nuclei detected (processing time: 8.72 seconds)
2024-10-23 01:42:17 INFO: 01:42:17.735 [main] [INFO ] q.l.p.CommandLineTaskRunner$CommandLineProgressMonitor - 274 nuclei detected (45%)
2024-10-23 01:42:18 INFO: 01:42:18.577 [task-runner-1-6] [INFO ] q.lib.plugins.DetectionPluginTools - 1000 nuclei detected (processing time: 11.07 seconds)
2024-10-23 01:42:18 INFO: 01:42:18.578 [main] [INFO ] q.l.p.CommandLineTaskRunner$CommandLineProgressMonitor - 1000 nuclei detected (46%)
2024-10-23 01:42:18 INFO: 01:42:18.730 [task-runner-1-36] [INFO ] q.lib.plugins.DetectionPluginTools - 52 nuclei detected (processing time: 5.72 seconds)
2024-10-23 01:42:18 INFO: 01:42:18.731 [main] [INFO ] q.l.p.CommandLineTaskRunner$CommandLineProgressMonitor - 52 nuclei detected (46%)
2024-10-23 01:42:19 INFO: 01:42:19.036 [task-runner-1-55] [INFO ] q.lib.plugins.DetectionPluginTools - 3613 nuclei detected (processing time: 25.83 seconds)
2024-10-23 01:42:19 INFO: 01:42:19.041 [main] [INFO ] q.l.p.CommandLineTaskRunner$CommandLineProgressMonitor - 3613 nuclei detected (47%)
2024-10-23 01:42:19 INFO: 01:42:19.210 [task-runner-1-11] [INFO ] q.lib.plugins.DetectionPluginTools - 821 nuclei detected (processing time: 11.73 seconds)
2024-10-23 01:42:19 INFO: 01:42:19.212 [main] [INFO ] q.l.p.CommandLineTaskRunner$CommandLineProgressMonitor - 821 nuclei detected (48%)
2024-10-23 01:42:19 INFO: 01:42:19.615 [task-runner-1-59] [INFO ] q.lib.plugins.DetectionPluginTools - 1 nucleus detected (processing time: 6.51 seconds)
2024-10-23 01:42:19 INFO: 01:42:19.618 [main] [INFO ] q.l.p.CommandLineTaskRunner$CommandLineProgressMonitor - 1 nucleus detected (48%)
2024-10-23 01:42:20 INFO: 01:42:20.184 [task-runner-1-33] [INFO ] q.lib.plugins.DetectionPluginTools - 851 nuclei detected (processing time: 12.22 seconds)
2024-10-23 01:42:20 INFO: 01:42:20.186 [main] [INFO ] q.l.p.CommandLineTaskRunner$CommandLineProgressMonitor - 851 nuclei detected (49%)
2024-10-23 01:42:20 INFO: 01:42:20.551 [task-runner-1-54] [INFO ] q.lib.plugins.DetectionPluginTools - 5153 nuclei detected (processing time: 27.35 seconds)
2024-10-23 01:42:20 INFO: 01:42:20.553 [main] [INFO ] q.l.p.CommandLineTaskRunner$CommandLineProgressMonitor - 5153 nuclei detected (49%)
2024-10-23 01:42:20 INFO: 01:42:20.554 [task-runner-1-56] [INFO ] q.lib.plugins.DetectionPluginTools - 4439 nuclei detected (processing time: 27.35 seconds)
2024-10-23 01:42:20 INFO: 01:42:20.554 [main] [INFO ] q.l.p.CommandLineTaskRunner$CommandLineProgressMonitor - 4439 nuclei detected (50%)
2024-10-23 01:42:20 INFO: 01:42:20.931 [task-runner-1-40] [INFO ] q.lib.plugins.DetectionPluginTools - 383 nuclei detected (processing time: 7.48 seconds)
2024-10-23 01:42:20 INFO: 01:42:20.934 [main] [INFO ] q.l.p.CommandLineTaskRunner$CommandLineProgressMonitor - 383 nuclei detected (51%)
2024-10-23 01:42:20 INFO: 01:42:20.974 [task-runner-1-42] [INFO ] q.lib.plugins.DetectionPluginTools - 285 nuclei detected (processing time: 7.42 seconds)
2024-10-23 01:42:20 INFO: 01:42:20.981 [task-runner-1-53] [INFO ] q.lib.plugins.DetectionPluginTools - 6692 nuclei detected (processing time: 27.78 seconds)
2024-10-23 01:42:21 INFO: 01:42:20.990 [main] [INFO ] q.l.p.CommandLineTaskRunner$CommandLineProgressMonitor - 6692 nuclei detected (51%)
2024-10-23 01:42:21 INFO: 01:42:20.991 [main] [INFO ] q.l.p.CommandLineTaskRunner$CommandLineProgressMonitor - 285 nuclei detected (52%)
2024-10-23 01:42:22 INFO: 01:42:22.024 [task-runner-1-27] [INFO ] q.lib.plugins.DetectionPluginTools - 1597 nuclei detected (processing time: 14.54 seconds)
2024-10-23 01:42:22 INFO: 01:42:22.025 [main] [INFO ] q.l.p.CommandLineTaskRunner$CommandLineProgressMonitor - 1597 nuclei detected (53%)
2024-10-23 01:42:22 INFO: 01:42:22.230 [task-runner-1-25] [INFO ] q.lib.plugins.DetectionPluginTools - 0 nuclei detected (processing time: 6.14 seconds)
2024-10-23 01:42:22 INFO: 01:42:22.233 [main] [INFO ] q.l.p.CommandLineTaskRunner$CommandLineProgressMonitor - 0 nuclei detected (53%)
2024-10-23 01:42:22 INFO: 01:42:22.974 [task-runner-1-17] [INFO ] q.lib.plugins.DetectionPluginTools - 0 nuclei detected (processing time: 6.83 seconds)
2024-10-23 01:42:22 INFO: 01:42:22.975 [main] [INFO ] q.l.p.CommandLineTaskRunner$CommandLineProgressMonitor - 0 nuclei detected (54%)
2024-10-23 01:42:23 INFO: 01:42:23.492 [task-runner-1-1] [INFO ] q.lib.plugins.DetectionPluginTools - 84 nuclei detected (processing time: 6.72 seconds)
2024-10-23 01:42:23 INFO: 01:42:23.494 [main] [INFO ] q.l.p.CommandLineTaskRunner$CommandLineProgressMonitor - 84 nuclei detected (54%)
2024-10-23 01:42:23 INFO: 01:42:23.765 [task-runner-1-37] [INFO ] q.lib.plugins.DetectionPluginTools - 4 nuclei detected (processing time: 6.35 seconds)
2024-10-23 01:42:23 INFO: 01:42:23.765 [main] [INFO ] q.l.p.CommandLineTaskRunner$CommandLineProgressMonitor - 4 nuclei detected (55%)
2024-10-23 01:42:24 INFO: 01:42:24.019 [task-runner-1-57] [INFO ] q.lib.plugins.DetectionPluginTools - 119 nuclei detected (processing time: 7.61 seconds)
2024-10-23 01:42:24 INFO: 01:42:24.021 [main] [INFO ] q.l.p.CommandLineTaskRunner$CommandLineProgressMonitor - 119 nuclei detected (56%)
2024-10-23 01:42:24 INFO: 01:42:24.078 [task-runner-1-58] [INFO ] q.lib.plugins.DetectionPluginTools - 15 nuclei detected (processing time: 6.65 seconds)
2024-10-23 01:42:24 INFO: 01:42:24.079 [main] [INFO ] q.l.p.CommandLineTaskRunner$CommandLineProgressMonitor - 15 nuclei detected (56%)
2024-10-23 01:42:24 INFO: 01:42:24.303 [task-runner-1-38] [INFO ] q.lib.plugins.DetectionPluginTools - 0 nuclei detected (processing time: 6.64 seconds)
2024-10-23 01:42:24 INFO: 01:42:24.306 [main] [INFO ] q.l.p.CommandLineTaskRunner$CommandLineProgressMonitor - 0 nuclei detected (57%)
2024-10-23 01:42:24 INFO: 01:42:24.588 [task-runner-1-61] [INFO ] q.lib.plugins.DetectionPluginTools - 0 nuclei detected (processing time: 6.85 seconds)
2024-10-23 01:42:25 INFO: 01:42:25.126 [task-runner-1-50] [INFO ] q.lib.plugins.DetectionPluginTools - 126 nuclei detected (processing time: 7.71 seconds)
2024-10-23 01:42:25 INFO: 01:42:25.129 [main] [INFO ] q.l.p.CommandLineTaskRunner$CommandLineProgressMonitor - 126 nuclei detected (58%)
2024-10-23 01:42:25 INFO: 01:42:25.204 [task-runner-1-12] [INFO ] q.lib.plugins.DetectionPluginTools - 351 nuclei detected (processing time: 11.51 seconds)
2024-10-23 01:42:25 INFO: 01:42:25.206 [main] [INFO ] q.l.p.CommandLineTaskRunner$CommandLineProgressMonitor - 351 nuclei detected (59%)
2024-10-23 01:42:25 INFO: 01:42:25.318 [task-runner-1-6] [INFO ] q.lib.plugins.DetectionPluginTools - 0 nuclei detected (processing time: 6.74 seconds)
2024-10-23 01:42:25 INFO: 01:42:25.319 [main] [INFO ] q.l.p.CommandLineTaskRunner$CommandLineProgressMonitor - 0 nuclei detected (59%)
2024-10-23 01:42:25 INFO: 01:42:25.448 [task-runner-1-22] [INFO ] q.lib.plugins.DetectionPluginTools - 2588 nuclei detected (processing time: 15.09 seconds)
2024-10-23 01:42:25 INFO: 01:42:25.450 [main] [INFO ] q.l.p.CommandLineTaskRunner$CommandLineProgressMonitor - 2588 nuclei detected (60%)
2024-10-23 01:42:25 INFO: 01:42:25.480 [task-runner-1-36] [INFO ] q.lib.plugins.DetectionPluginTools - 24 nuclei detected (processing time: 6.75 seconds)
2024-10-23 01:42:25 INFO: 01:42:25.480 [main] [INFO ] q.l.p.CommandLineTaskRunner$CommandLineProgressMonitor - 24 nuclei detected (61%)
2024-10-23 01:42:25 INFO: 01:42:25.513 [task-runner-1-55] [INFO ] q.lib.plugins.DetectionPluginTools - 413 nuclei detected (processing time: 6.47 seconds)
2024-10-23 01:42:25 INFO: 01:42:25.514 [main] [INFO ] q.l.p.CommandLineTaskRunner$CommandLineProgressMonitor - 413 nuclei detected (61%)
2024-10-23 01:42:25 INFO: 01:42:25.860 [task-runner-1-48] [INFO ] q.lib.plugins.DetectionPluginTools - 1247 nuclei detected (processing time: 9.77 seconds)
2024-10-23 01:42:25 INFO: 01:42:25.862 [main] [INFO ] q.l.p.CommandLineTaskRunner$CommandLineProgressMonitor - 1247 nuclei detected (62%)
2024-10-23 01:42:26 INFO: 01:42:26.639 [task-runner-1-56] [INFO ] q.lib.plugins.DetectionPluginTools - 0 nuclei detected (processing time: 6.08 seconds)
2024-10-23 01:42:26 INFO: 01:42:26.641 [main] [INFO ] q.l.p.CommandLineTaskRunner$CommandLineProgressMonitor - 0 nuclei detected (63%)
2024-10-23 01:42:26 INFO: 01:42:26.690 [task-runner-1-9] [INFO ] q.lib.plugins.DetectionPluginTools - 2959 nuclei detected (processing time: 19.21 seconds)
2024-10-23 01:42:26 INFO: 01:42:26.693 [main] [INFO ] q.l.p.CommandLineTaskRunner$CommandLineProgressMonitor - 2959 nuclei detected (63%)
2024-10-23 01:42:26 INFO: 01:42:26.929 [task-runner-1-54] [INFO ] q.lib.plugins.DetectionPluginTools - 0 nuclei detected (processing time: 6.38 seconds)
2024-10-23 01:42:26 INFO: 01:42:26.930 [main] [INFO ] q.l.p.CommandLineTaskRunner$CommandLineProgressMonitor - 0 nuclei detected (64%)
2024-10-23 01:42:27 INFO: 01:42:27.119 [task-runner-1-40] [INFO ] q.lib.plugins.DetectionPluginTools - 0 nuclei detected (processing time: 6.19 seconds)
2024-10-23 01:42:27 INFO: 01:42:27.464 [task-runner-1-42] [INFO ] q.lib.plugins.DetectionPluginTools - 1 nucleus detected (processing time: 6.47 seconds)
2024-10-23 01:42:27 INFO: 01:42:27.466 [main] [INFO ] q.l.p.CommandLineTaskRunner$CommandLineProgressMonitor - 1 nucleus detected (65%)
2024-10-23 01:42:27 INFO: 01:42:27.797 [task-runner-1-53] [INFO ] q.lib.plugins.DetectionPluginTools - 8 nuclei detected (processing time: 6.81 seconds)
2024-10-23 01:42:27 INFO: 01:42:27.797 [main] [INFO ] q.l.p.CommandLineTaskRunner$CommandLineProgressMonitor - 8 nuclei detected (66%)
2024-10-23 01:42:27 INFO: 01:42:27.941 [task-runner-1-27] [INFO ] q.lib.plugins.DetectionPluginTools - 0 nuclei detected (processing time: 5.92 seconds)
2024-10-23 01:42:27 INFO: 01:42:27.942 [main] [INFO ] q.l.p.CommandLineTaskRunner$CommandLineProgressMonitor - 0 nuclei detected (66%)
2024-10-23 01:42:28 INFO: 01:42:28.472 [task-runner-1-21] [INFO ] q.lib.plugins.DetectionPluginTools - 1472 nuclei detected (processing time: 14.21 seconds)
2024-10-23 01:42:28 INFO: 01:42:28.473 [main] [INFO ] q.l.p.CommandLineTaskRunner$CommandLineProgressMonitor - 1472 nuclei detected (67%)
2024-10-23 01:42:28 INFO: 01:42:28.608 [task-runner-1-52] [INFO ] q.lib.plugins.DetectionPluginTools - 1486 nuclei detected (processing time: 14.29 seconds)
2024-10-23 01:42:28 INFO: 01:42:28.609 [main] [INFO ] q.l.p.CommandLineTaskRunner$CommandLineProgressMonitor - 1486 nuclei detected (68%)
2024-10-23 01:42:29 INFO: 01:42:29.160 [task-runner-1-11] [INFO ] q.lib.plugins.DetectionPluginTools - 1781 nuclei detected (processing time: 9.95 seconds)
2024-10-23 01:42:29 INFO: 01:42:29.161 [main] [INFO ] q.l.p.CommandLineTaskRunner$CommandLineProgressMonitor - 1781 nuclei detected (68%)
2024-10-23 01:42:29 INFO: 01:42:29.184 [task-runner-1-2] [INFO ] q.lib.plugins.DetectionPluginTools - 3458 nuclei detected (processing time: 21.68 seconds)
2024-10-23 01:42:29 INFO: 01:42:29.185 [main] [INFO ] q.l.p.CommandLineTaskRunner$CommandLineProgressMonitor - 3458 nuclei detected (69%)
2024-10-23 01:42:29 INFO: 01:42:29.253 [task-runner-1-25] [INFO ] q.lib.plugins.DetectionPluginTools - 1 nucleus detected (processing time: 7.02 seconds)
2024-10-23 01:42:29 INFO: 01:42:29.253 [main] [INFO ] q.l.p.CommandLineTaskRunner$CommandLineProgressMonitor - 1 nucleus detected (69%)
2024-10-23 01:42:29 INFO: 01:42:29.386 [task-runner-1-49] [INFO ] q.lib.plugins.DetectionPluginTools - 3202 nuclei detected (processing time: 21.52 seconds)
2024-10-23 01:42:29 INFO: 01:42:29.386 [main] [INFO ] q.l.p.CommandLineTaskRunner$CommandLineProgressMonitor - 3202 nuclei detected (70%)
2024-10-23 01:42:29 INFO: 01:42:29.447 [task-runner-1-14] [INFO ] q.lib.plugins.DetectionPluginTools - 3655 nuclei detected (processing time: 21.97 seconds)
2024-10-23 01:42:29 INFO: 01:42:29.448 [main] [INFO ] q.l.p.CommandLineTaskRunner$CommandLineProgressMonitor - 3655 nuclei detected (71%)
2024-10-23 01:42:29 INFO: 01:42:29.615 [task-runner-1-17] [INFO ] q.lib.plugins.DetectionPluginTools - 1 nucleus detected (processing time: 6.64 seconds)
2024-10-23 01:42:29 INFO: 01:42:29.615 [main] [INFO ] q.l.p.CommandLineTaskRunner$CommandLineProgressMonitor - 1 nucleus detected (71%)
2024-10-23 01:42:29 INFO: 01:42:29.670 [task-runner-1-63] [INFO ] q.lib.plugins.DetectionPluginTools - 2763 nuclei detected (processing time: 21.75 seconds)
2024-10-23 01:42:29 INFO: 01:42:29.670 [main] [INFO ] q.l.p.CommandLineTaskRunner$CommandLineProgressMonitor - 2763 nuclei detected (72%)
2024-10-23 01:42:29 INFO: 01:42:29.744 [task-runner-1-1] [INFO ] q.lib.plugins.DetectionPluginTools - 0 nuclei detected (processing time: 6.25 seconds)
2024-10-23 01:42:29 INFO: 01:42:29.744 [main] [INFO ] q.l.p.CommandLineTaskRunner$CommandLineProgressMonitor - 0 nuclei detected (73%)
2024-10-23 01:42:29 INFO: 01:42:29.924 [task-runner-1-45] [INFO ] q.lib.plugins.DetectionPluginTools - 3381 nuclei detected (processing time: 22.10 seconds)
2024-10-23 01:42:29 INFO: 01:42:29.924 [main] [INFO ] q.l.p.CommandLineTaskRunner$CommandLineProgressMonitor - 3381 nuclei detected (73%)
2024-10-23 01:42:29 INFO: 01:42:29.983 [task-runner-1-39] [INFO ] q.lib.plugins.DetectionPluginTools - 1321 nuclei detected (processing time: 16.26 seconds)
2024-10-23 01:42:29 INFO: 01:42:29.984 [main] [INFO ] q.l.p.CommandLineTaskRunner$CommandLineProgressMonitor - 1321 nuclei detected (74%)
2024-10-23 01:42:30 INFO: 01:42:30.146 [task-runner-1-32] [INFO ] q.lib.plugins.DetectionPluginTools - 4672 nuclei detected (processing time: 22.67 seconds)
2024-10-23 01:42:30 INFO: 01:42:30.146 [main] [INFO ] q.l.p.CommandLineTaskRunner$CommandLineProgressMonitor - 4672 nuclei detected (74%)
2024-10-23 01:42:30 INFO: 01:42:30.175 [task-runner-1-34] [INFO ] q.lib.plugins.DetectionPluginTools - 3200 nuclei detected (processing time: 20.87 seconds)
2024-10-23 01:42:30 INFO: 01:42:30.176 [main] [INFO ] q.l.p.CommandLineTaskRunner$CommandLineProgressMonitor - 3200 nuclei detected (75%)
2024-10-23 01:42:30 INFO: 01:42:30.190 [task-runner-1-58] [INFO ] q.lib.plugins.DetectionPluginTools - 0 nuclei detected (processing time: 6.11 seconds)
2024-10-23 01:42:30 INFO: 01:42:30.190 [main] [INFO ] q.l.p.CommandLineTaskRunner$CommandLineProgressMonitor - 0 nuclei detected (76%)
2024-10-23 01:42:30 INFO: 01:42:30.230 [task-runner-1-8] [INFO ] q.lib.plugins.DetectionPluginTools - 2346 nuclei detected (processing time: 16.01 seconds)
2024-10-23 01:42:30 INFO: 01:42:30.231 [main] [INFO ] q.l.p.CommandLineTaskRunner$CommandLineProgressMonitor - 2346 nuclei detected (76%)
2024-10-23 01:42:30 INFO: 01:42:30.235 [task-runner-1-30] [INFO ] q.lib.plugins.DetectionPluginTools - 4360 nuclei detected (processing time: 22.76 seconds)
2024-10-23 01:42:30 INFO: 01:42:30.235 [main] [INFO ] q.l.p.CommandLineTaskRunner$CommandLineProgressMonitor - 4360 nuclei detected (77%)
2024-10-23 01:42:30 INFO: 01:42:30.255 [task-runner-1-50] [INFO ] q.lib.plugins.DetectionPluginTools - 0 nuclei detected (processing time: 5.13 seconds)
2024-10-23 01:42:30 INFO: 01:42:30.256 [main] [INFO ] q.l.p.CommandLineTaskRunner$CommandLineProgressMonitor - 0 nuclei detected (78%)
2024-10-23 01:42:30 INFO: 01:42:30.335 [task-runner-1-10] [INFO ] q.lib.plugins.DetectionPluginTools - 3763 nuclei detected (processing time: 22.85 seconds)
2024-10-23 01:42:30 INFO: 01:42:30.336 [main] [INFO ] q.l.p.CommandLineTaskRunner$CommandLineProgressMonitor - 3763 nuclei detected (78%)
2024-10-23 01:42:30 INFO: 01:42:30.345 [task-runner-1-12] [INFO ] q.lib.plugins.DetectionPluginTools - 0 nuclei detected (processing time: 5.14 seconds)
2024-10-23 01:42:30 INFO: 01:42:30.346 [main] [INFO ] q.l.p.CommandLineTaskRunner$CommandLineProgressMonitor - 0 nuclei detected (79%)
2024-10-23 01:42:30 INFO: 01:42:30.380 [task-runner-1-26] [INFO ] q.lib.plugins.DetectionPluginTools - 4587 nuclei detected (processing time: 22.73 seconds)
2024-10-23 01:42:30 INFO: 01:42:30.380 [main] [INFO ] q.l.p.CommandLineTaskRunner$CommandLineProgressMonitor - 4587 nuclei detected (79%)
2024-10-23 01:42:30 INFO: 01:42:30.396 [task-runner-1-61] [INFO ] q.lib.plugins.DetectionPluginTools - 0 nuclei detected (processing time: 5.80 seconds)
2024-10-23 01:42:30 INFO: 01:42:30.397 [main] [INFO ] q.l.p.CommandLineTaskRunner$CommandLineProgressMonitor - 0 nuclei detected (80%)
2024-10-23 01:42:30 INFO: 01:42:30.436 [task-runner-1-57] [INFO ] q.lib.plugins.DetectionPluginTools - 1 nucleus detected (processing time: 6.41 seconds)
2024-10-23 01:42:30 INFO: 01:42:30.437 [main] [INFO ] q.l.p.CommandLineTaskRunner$CommandLineProgressMonitor - 1 nucleus detected (81%)
2024-10-23 01:42:30 INFO: 01:42:30.492 [task-runner-1-6] [INFO ] q.lib.plugins.DetectionPluginTools - 0 nuclei detected (processing time: 5.17 seconds)
2024-10-23 01:42:30 INFO: 01:42:30.493 [main] [INFO ] q.l.p.CommandLineTaskRunner$CommandLineProgressMonitor - 0 nuclei detected (81%)
2024-10-23 01:42:30 INFO: 01:42:30.513 [task-runner-1-38] [INFO ] q.lib.plugins.DetectionPluginTools - 2 nuclei detected (processing time: 6.21 seconds)
2024-10-23 01:42:30 INFO: 01:42:30.514 [main] [INFO ] q.l.p.CommandLineTaskRunner$CommandLineProgressMonitor - 2 nuclei detected (82%)
2024-10-23 01:42:30 INFO: 01:42:30.524 [task-runner-1-22] [INFO ] q.lib.plugins.DetectionPluginTools - 0 nuclei detected (processing time: 5.07 seconds)
2024-10-23 01:42:30 INFO: 01:42:30.524 [main] [INFO ] q.l.p.CommandLineTaskRunner$CommandLineProgressMonitor - 0 nuclei detected (83%)
2024-10-23 01:42:30 INFO: 01:42:30.535 [task-runner-1-4] [INFO ] q.lib.plugins.DetectionPluginTools - 4543 nuclei detected (processing time: 23.06 seconds)
2024-10-23 01:42:30 INFO: 01:42:30.535 [main] [INFO ] q.l.p.CommandLineTaskRunner$CommandLineProgressMonitor - 4543 nuclei detected (83%)
2024-10-23 01:42:30 INFO: 01:42:30.554 [task-runner-1-7] [INFO ] q.lib.plugins.DetectionPluginTools - 3999 nuclei detected (processing time: 23.07 seconds)
2024-10-23 01:42:30 INFO: 01:42:30.555 [main] [INFO ] q.l.p.CommandLineTaskRunner$CommandLineProgressMonitor - 3999 nuclei detected (84%)
2024-10-23 01:42:30 INFO: 01:42:30.577 [task-runner-1-62] [INFO ] q.lib.plugins.DetectionPluginTools - 2926 nuclei detected (processing time: 21.54 seconds)
2024-10-23 01:42:30 INFO: 01:42:30.577 [main] [INFO ] q.l.p.CommandLineTaskRunner$CommandLineProgressMonitor - 2926 nuclei detected (84%)
2024-10-23 01:42:30 INFO: 01:42:30.596 [task-runner-1-36] [INFO ] q.lib.plugins.DetectionPluginTools - 0 nuclei detected (processing time: 5.12 seconds)
2024-10-23 01:42:30 INFO: 01:42:30.596 [main] [INFO ] q.l.p.CommandLineTaskRunner$CommandLineProgressMonitor - 0 nuclei detected (85%)
2024-10-23 01:42:30 INFO: 01:42:30.647 [task-runner-1-35] [INFO ] q.lib.plugins.DetectionPluginTools - 3002 nuclei detected (processing time: 21.45 seconds)
2024-10-23 01:42:30 INFO: 01:42:30.648 [main] [INFO ] q.l.p.CommandLineTaskRunner$CommandLineProgressMonitor - 3002 nuclei detected (86%)
2024-10-23 01:42:30 INFO: 01:42:30.827 [task-runner-1-47] [INFO ] q.lib.plugins.DetectionPluginTools - 3825 nuclei detected (processing time: 23.31 seconds)
2024-10-23 01:42:30 INFO: 01:42:30.827 [main] [INFO ] q.l.p.CommandLineTaskRunner$CommandLineProgressMonitor - 3825 nuclei detected (86%)
2024-10-23 01:42:30 INFO: 01:42:30.831 [task-runner-1-37] [INFO ] q.lib.plugins.DetectionPluginTools - 1 nucleus detected (processing time: 7.07 seconds)
2024-10-23 01:42:30 INFO: 01:42:30.832 [main] [INFO ] q.l.p.CommandLineTaskRunner$CommandLineProgressMonitor - 1 nucleus detected (87%)
2024-10-23 01:42:30 INFO: 01:42:30.851 [task-runner-1-24] [INFO ] q.lib.plugins.DetectionPluginTools - 4093 nuclei detected (processing time: 21.13 seconds)
2024-10-23 01:42:30 INFO: 01:42:30.852 [main] [INFO ] q.l.p.CommandLineTaskRunner$CommandLineProgressMonitor - 4093 nuclei detected (88%)
2024-10-23 01:42:30 INFO: 01:42:30.915 [task-runner-1-28] [INFO ] q.lib.plugins.DetectionPluginTools - 4310 nuclei detected (processing time: 23.33 seconds)
2024-10-23 01:42:30 INFO: 01:42:30.915 [main] [INFO ] q.l.p.CommandLineTaskRunner$CommandLineProgressMonitor - 4310 nuclei detected (88%)
2024-10-23 01:42:30 INFO: 01:42:30.977 [task-runner-1-59] [INFO ] q.lib.plugins.DetectionPluginTools - 2593 nuclei detected (processing time: 11.36 seconds)
2024-10-23 01:42:30 INFO: 01:42:30.977 [main] [INFO ] q.l.p.CommandLineTaskRunner$CommandLineProgressMonitor - 2593 nuclei detected (89%)
2024-10-23 01:42:31 INFO: 01:42:31.011 [task-runner-1-31] [INFO ] q.lib.plugins.DetectionPluginTools - 5126 nuclei detected (processing time: 23.45 seconds)
2024-10-23 01:42:31 INFO: 01:42:31.011 [main] [INFO ] q.l.p.CommandLineTaskRunner$CommandLineProgressMonitor - 5126 nuclei detected (89%)
2024-10-23 01:42:31 INFO: 01:42:31.016 [task-runner-1-46] [INFO ] q.lib.plugins.DetectionPluginTools - 4633 nuclei detected (processing time: 23.37 seconds)
2024-10-23 01:42:31 INFO: 01:42:31.016 [main] [INFO ] q.l.p.CommandLineTaskRunner$CommandLineProgressMonitor - 4633 nuclei detected (90%)
2024-10-23 01:42:31 INFO: 01:42:31.190 [task-runner-1-18] [INFO ] q.lib.plugins.DetectionPluginTools - 3983 nuclei detected (processing time: 22.07 seconds)
2024-10-23 01:42:31 INFO: 01:42:31.190 [main] [INFO ] q.l.p.CommandLineTaskRunner$CommandLineProgressMonitor - 3983 nuclei detected (91%)
2024-10-23 01:42:31 INFO: 01:42:31.227 [task-runner-1-41] [INFO ] q.lib.plugins.DetectionPluginTools - 3373 nuclei detected (processing time: 16.84 seconds)
2024-10-23 01:42:31 INFO: 01:42:31.228 [main] [INFO ] q.l.p.CommandLineTaskRunner$CommandLineProgressMonitor - 3373 nuclei detected (91%)
2024-10-23 01:42:31 INFO: 01:42:31.258 [task-runner-1-20] [INFO ] q.lib.plugins.DetectionPluginTools - 4048 nuclei detected (processing time: 21.80 seconds)
2024-10-23 01:42:31 INFO: 01:42:31.258 [main] [INFO ] q.l.p.CommandLineTaskRunner$CommandLineProgressMonitor - 4048 nuclei detected (92%)
2024-10-23 01:42:31 INFO: 01:42:31.293 [task-runner-1-16] [INFO ] q.lib.plugins.DetectionPluginTools - 5994 nuclei detected (processing time: 23.82 seconds)
2024-10-23 01:42:31 INFO: 01:42:31.293 [main] [INFO ] q.l.p.CommandLineTaskRunner$CommandLineProgressMonitor - 5994 nuclei detected (93%)
2024-10-23 01:42:31 INFO: 01:42:31.349 [task-runner-1-5] [INFO ] q.lib.plugins.DetectionPluginTools - 3946 nuclei detected (processing time: 23.69 seconds)
2024-10-23 01:42:31 INFO: 01:42:31.350 [main] [INFO ] q.l.p.CommandLineTaskRunner$CommandLineProgressMonitor - 3946 nuclei detected (93%)
2024-10-23 01:42:31 INFO: 01:42:31.372 [task-runner-1-51] [INFO ] q.lib.plugins.DetectionPluginTools - 4003 nuclei detected (processing time: 21.82 seconds)
2024-10-23 01:42:31 INFO: 01:42:31.373 [main] [INFO ] q.l.p.CommandLineTaskRunner$CommandLineProgressMonitor - 4003 nuclei detected (94%)
2024-10-23 01:42:31 INFO: 01:42:31.555 [task-runner-1-15] [INFO ] q.lib.plugins.DetectionPluginTools - 7571 nuclei detected (processing time: 24.08 seconds)
2024-10-23 01:42:31 INFO: 01:42:31.555 [main] [INFO ] q.l.p.CommandLineTaskRunner$CommandLineProgressMonitor - 7571 nuclei detected (94%)
2024-10-23 01:42:31 INFO: 01:42:31.586 [task-runner-1-23] [INFO ] q.lib.plugins.DetectionPluginTools - 4477 nuclei detected (processing time: 21.82 seconds)
2024-10-23 01:42:31 INFO: 01:42:31.586 [main] [INFO ] q.l.p.CommandLineTaskRunner$CommandLineProgressMonitor - 4477 nuclei detected (95%)
2024-10-23 01:42:31 INFO: 01:42:31.675 [task-runner-1-33] [INFO ] q.lib.plugins.DetectionPluginTools - 3091 nuclei detected (processing time: 11.49 seconds)
2024-10-23 01:42:31 INFO: 01:42:31.676 [main] [INFO ] q.l.p.CommandLineTaskRunner$CommandLineProgressMonitor - 3091 nuclei detected (96%)
2024-10-23 01:42:31 INFO: 01:42:31.871 [task-runner-1-43] [INFO ] q.lib.plugins.DetectionPluginTools - 5201 nuclei detected (processing time: 22.15 seconds)
2024-10-23 01:42:31 INFO: 01:42:31.871 [main] [INFO ] q.l.p.CommandLineTaskRunner$CommandLineProgressMonitor - 5201 nuclei detected (96%)
2024-10-23 01:42:31 INFO: 01:42:31.989 [task-runner-1-60] [INFO ] q.lib.plugins.DetectionPluginTools - 5816 nuclei detected (processing time: 22.08 seconds)
2024-10-23 01:42:31 INFO: 01:42:31.989 [main] [INFO ] q.l.p.CommandLineTaskRunner$CommandLineProgressMonitor - 5816 nuclei detected (97%)
2024-10-23 01:42:32 INFO: 01:42:32.262 [task-runner-1-3] [INFO ] q.lib.plugins.DetectionPluginTools - 4453 nuclei detected (processing time: 17.18 seconds)
2024-10-23 01:42:32 INFO: 01:42:32.262 [main] [INFO ] q.l.p.CommandLineTaskRunner$CommandLineProgressMonitor - 4453 nuclei detected (98%)
2024-10-23 01:42:33 INFO: 01:42:33.589 [task-runner-1-29] [INFO ] q.lib.plugins.DetectionPluginTools - 5338 nuclei detected (processing time: 17.72 seconds)
2024-10-23 01:42:33 INFO: 01:42:33.589 [main] [INFO ] q.l.p.CommandLineTaskRunner$CommandLineProgressMonitor - 5338 nuclei detected (98%)
2024-10-23 01:42:33 INFO: 01:42:33.763 [task-runner-1-13] [INFO ] q.lib.plugins.DetectionPluginTools - 5901 nuclei detected (processing time: 18.20 seconds)
2024-10-23 01:42:33 INFO: 01:42:33.764 [main] [INFO ] q.l.p.CommandLineTaskRunner$CommandLineProgressMonitor - 5901 nuclei detected (99%)
2024-10-23 01:42:33 INFO: 01:42:33.856 [task-runner-1-44] [INFO ] q.lib.plugins.DetectionPluginTools - 6313 nuclei detected (processing time: 18.11 seconds)
2024-10-23 01:42:33 INFO: 01:42:33.856 [main] [INFO ] q.l.p.CommandLineTaskRunner$CommandLineProgressMonitor - 6313 nuclei detected (99%)
2024-10-23 01:42:34 INFO: 01:42:34.383 [task-runner-1-19] [INFO ] q.lib.plugins.DetectionPluginTools - 6336 nuclei detected (processing time: 18.66 seconds)
2024-10-23 01:42:34 INFO: 01:42:34.384 [main] [INFO ] q.l.p.CommandLineTaskRunner$CommandLineProgressMonitor - 6336 nuclei detected (100%)
2024-10-23 01:42:34 INFO: 01:42:34.384 [main] [INFO ] q.l.p.CommandLineTaskRunner$CommandLineProgressMonitor - Processing complete in 41.19 seconds
2024-10-23 01:42:34 INFO: 01:42:34.384 [main] [INFO ] q.l.p.CommandLineTaskRunner$CommandLineProgressMonitor - Tasks completed!
2024-10-23 01:42:48 INFO: 01:42:48.062 [main] [WARN ] q.l.p.objects.SmoothFeaturesPlugin - Smoothing using annotations
2024-10-23 01:42:52 INFO: 01:42:52.035 [main] [INFO ] q.l.p.CommandLineTaskRunner$CommandLineProgressMonitor - Completed (100%)
2024-10-23 01:42:52 INFO: 01:42:52.036 [main] [INFO ] q.l.p.CommandLineTaskRunner$CommandLineProgressMonitor - Processing complete in 3.97 seconds
2024-10-23 01:42:52 INFO: 01:42:52.036 [main] [INFO ] q.l.p.CommandLineTaskRunner$CommandLineProgressMonitor - Tasks completed!
2024-10-23 01:42:52 INFO: 01:42:52.038 [main] [WARN ] q.l.p.objects.SmoothFeaturesPlugin - Smoothing using annotations
2024-10-23 01:42:59 INFO: 01:42:59.001 [main] [INFO ] q.l.p.CommandLineTaskRunner$CommandLineProgressMonitor - Completed (100%)
2024-10-23 01:42:59 INFO: 01:42:59.001 [main] [INFO ] q.l.p.CommandLineTaskRunner$CommandLineProgressMonitor - Processing complete in 6.96 seconds
2024-10-23 01:42:59 INFO: 01:42:59.001 [main] [INFO ] q.l.p.CommandLineTaskRunner$CommandLineProgressMonitor - Tasks completed!
2024-10-23 01:42:59 INFO: 01:42:59.003 [main] [WARN ] q.l.p.objects.SmoothFeaturesPlugin - Smoothing using annotations
2024-10-23 01:43:19 INFO: 01:43:19.485 [main] [INFO ] q.l.p.CommandLineTaskRunner$CommandLineProgressMonitor - Completed (100%)
2024-10-23 01:43:19 INFO: 01:43:19.485 [main] [INFO ] q.l.p.CommandLineTaskRunner$CommandLineProgressMonitor - Processing complete in 20.48 seconds
2024-10-23 01:43:19 INFO: 01:43:19.485 [main] [INFO ] q.l.p.CommandLineTaskRunner$CommandLineProgressMonitor - Tasks completed!
2024-10-23 01:43:19 INFO: 01:43:19.773 [task-runner-5-2] [INFO ] q.l.a.IntensityFeaturesPlugin - Splitting Rectangle (0, 0, 63784, 39311) into 40 tiles for intensity measurements
2024-10-23 01:43:19 INFO: 01:43:19.992 [main] [INFO ] q.l.p.CommandLineTaskRunner$CommandLineProgressMonitor - Completed (0%)
2024-10-23 01:43:20 INFO: 01:43:20.777 [main] [INFO ] q.l.p.CommandLineTaskRunner$CommandLineProgressMonitor - Completed (1%)
2024-10-23 01:43:21 INFO: 01:43:21.175 [main] [INFO ] q.l.p.CommandLineTaskRunner$CommandLineProgressMonitor - Completed (2%)
2024-10-23 01:43:21 INFO: 01:43:21.309 [main] [INFO ] q.l.p.CommandLineTaskRunner$CommandLineProgressMonitor - Completed (3%)
2024-10-23 01:43:21 INFO: 01:43:21.451 [main] [INFO ] q.l.p.CommandLineTaskRunner$CommandLineProgressMonitor - Completed (4%)
2024-10-23 01:43:21 INFO: 01:43:21.609 [main] [INFO ] q.l.p.CommandLineTaskRunner$CommandLineProgressMonitor - Completed (5%)
2024-10-23 01:43:21 INFO: 01:43:21.734 [main] [INFO ] q.l.p.CommandLineTaskRunner$CommandLineProgressMonitor - Completed (6%)
2024-10-23 01:43:21 INFO: 01:43:21.850 [main] [INFO ] q.l.p.CommandLineTaskRunner$CommandLineProgressMonitor - Completed (7%)
2024-10-23 01:43:22 INFO: 01:43:22.311 [main] [INFO ] q.l.p.CommandLineTaskRunner$CommandLineProgressMonitor - Completed (8%)
2024-10-23 01:43:22 INFO: 01:43:22.417 [main] [INFO ] q.l.p.CommandLineTaskRunner$CommandLineProgressMonitor - Completed (9%)
2024-10-23 01:43:22 INFO: 01:43:22.535 [main] [INFO ] q.l.p.CommandLineTaskRunner$CommandLineProgressMonitor - Completed (10%)
2024-10-23 01:43:22 INFO: 01:43:22.647 [main] [INFO ] q.l.p.CommandLineTaskRunner$CommandLineProgressMonitor - Completed (11%)
2024-10-23 01:43:22 INFO: 01:43:22.764 [main] [INFO ] q.l.p.CommandLineTaskRunner$CommandLineProgressMonitor - Completed (12%)
2024-10-23 01:43:23 INFO: 01:43:23.141 [main] [INFO ] q.l.p.CommandLineTaskRunner$CommandLineProgressMonitor - Completed (13%)
2024-10-23 01:43:23 INFO: 01:43:23.612 [main] [INFO ] q.l.p.CommandLineTaskRunner$CommandLineProgressMonitor - Completed (14%)
2024-10-23 01:43:23 INFO: 01:43:23.799 [main] [INFO ] q.l.p.CommandLineTaskRunner$CommandLineProgressMonitor - Completed (15%)
2024-10-23 01:43:23 INFO: 01:43:23.926 [main] [INFO ] q.l.p.CommandLineTaskRunner$CommandLineProgressMonitor - Completed (16%)
2024-10-23 01:43:24 INFO: 01:43:24.031 [main] [INFO ] q.l.p.CommandLineTaskRunner$CommandLineProgressMonitor - Completed (17%)
2024-10-23 01:43:24 INFO: 01:43:24.469 [main] [INFO ] q.l.p.CommandLineTaskRunner$CommandLineProgressMonitor - Completed (18%)
2024-10-23 01:43:24 INFO: 01:43:24.571 [main] [INFO ] q.l.p.CommandLineTaskRunner$CommandLineProgressMonitor - Completed (19%)
2024-10-23 01:43:24 INFO: 01:43:24.677 [main] [INFO ] q.l.p.CommandLineTaskRunner$CommandLineProgressMonitor - Completed (20%)
2024-10-23 01:43:24 INFO: 01:43:24.780 [main] [INFO ] q.l.p.CommandLineTaskRunner$CommandLineProgressMonitor - Completed (21%)
2024-10-23 01:43:25 INFO: 01:43:25.091 [main] [INFO ] q.l.p.CommandLineTaskRunner$CommandLineProgressMonitor - Completed (22%)
2024-10-23 01:43:25 INFO: 01:43:25.200 [main] [INFO ] q.l.p.CommandLineTaskRunner$CommandLineProgressMonitor - Completed (23%)
2024-10-23 01:43:25 INFO: 01:43:25.312 [main] [INFO ] q.l.p.CommandLineTaskRunner$CommandLineProgressMonitor - Completed (24%)
2024-10-23 01:43:25 INFO: 01:43:25.419 [main] [INFO ] q.l.p.CommandLineTaskRunner$CommandLineProgressMonitor - Completed (25%)
2024-10-23 01:43:25 INFO: 01:43:25.771 [main] [INFO ] q.l.p.CommandLineTaskRunner$CommandLineProgressMonitor - Completed (26%)
2024-10-23 01:43:25 INFO: 01:43:25.882 [main] [INFO ] q.l.p.CommandLineTaskRunner$CommandLineProgressMonitor - Completed (27%)
2024-10-23 01:43:25 INFO: 01:43:25.985 [main] [INFO ] q.l.p.CommandLineTaskRunner$CommandLineProgressMonitor - Completed (28%)
2024-10-23 01:43:26 INFO: 01:43:26.147 [main] [INFO ] q.l.p.CommandLineTaskRunner$CommandLineProgressMonitor - Completed (29%)
2024-10-23 01:43:26 INFO: 01:43:26.276 [main] [INFO ] q.l.p.CommandLineTaskRunner$CommandLineProgressMonitor - Completed (30%)
2024-10-23 01:43:26 INFO: 01:43:26.386 [main] [INFO ] q.l.p.CommandLineTaskRunner$CommandLineProgressMonitor - Completed (31%)
2024-10-23 01:43:26 INFO: 01:43:26.490 [main] [INFO ] q.l.p.CommandLineTaskRunner$CommandLineProgressMonitor - Completed (32%)
2024-10-23 01:43:26 INFO: 01:43:26.593 [main] [INFO ] q.l.p.CommandLineTaskRunner$CommandLineProgressMonitor - Completed (33%)
2024-10-23 01:43:26 INFO: 01:43:26.921 [main] [INFO ] q.l.p.CommandLineTaskRunner$CommandLineProgressMonitor - Completed (34%)
2024-10-23 01:43:27 INFO: 01:43:27.016 [main] [INFO ] q.l.p.CommandLineTaskRunner$CommandLineProgressMonitor - Completed (35%)
2024-10-23 01:43:27 INFO: 01:43:27.112 [main] [INFO ] q.l.p.CommandLineTaskRunner$CommandLineProgressMonitor - Completed (36%)
2024-10-23 01:43:27 INFO: 01:43:27.221 [main] [INFO ] q.l.p.CommandLineTaskRunner$CommandLineProgressMonitor - Completed (37%)
2024-10-23 01:43:27 INFO: 01:43:27.327 [main] [INFO ] q.l.p.CommandLineTaskRunner$CommandLineProgressMonitor - Completed (38%)
2024-10-23 01:43:27 INFO: 01:43:27.434 [main] [INFO ] q.l.p.CommandLineTaskRunner$CommandLineProgressMonitor - Completed (39%)
2024-10-23 01:43:27 INFO: 01:43:27.542 [main] [INFO ] q.l.p.CommandLineTaskRunner$CommandLineProgressMonitor - Completed (40%)
2024-10-23 01:43:27 INFO: 01:43:27.648 [main] [INFO ] q.l.p.CommandLineTaskRunner$CommandLineProgressMonitor - Completed (41%)
2024-10-23 01:43:28 INFO: 01:43:28.002 [main] [INFO ] q.l.p.CommandLineTaskRunner$CommandLineProgressMonitor - Completed (42%)
2024-10-23 01:43:28 INFO: 01:43:28.126 [main] [INFO ] q.l.p.CommandLineTaskRunner$CommandLineProgressMonitor - Completed (43%)
2024-10-23 01:43:28 INFO: 01:43:28.250 [main] [INFO ] q.l.p.CommandLineTaskRunner$CommandLineProgressMonitor - Completed (44%)
2024-10-23 01:43:28 INFO: 01:43:28.374 [main] [INFO ] q.l.p.CommandLineTaskRunner$CommandLineProgressMonitor - Completed (45%)
2024-10-23 01:43:28 INFO: 01:43:28.510 [main] [INFO ] q.l.p.CommandLineTaskRunner$CommandLineProgressMonitor - Completed (46%)
2024-10-23 01:43:28 INFO: 01:43:28.658 [main] [INFO ] q.l.p.CommandLineTaskRunner$CommandLineProgressMonitor - Completed (47%)
2024-10-23 01:43:28 INFO: 01:43:28.772 [main] [INFO ] q.l.p.CommandLineTaskRunner$CommandLineProgressMonitor - Completed (48%)
2024-10-23 01:43:28 INFO: 01:43:28.878 [main] [INFO ] q.l.p.CommandLineTaskRunner$CommandLineProgressMonitor - Completed (49%)
2024-10-23 01:43:28 INFO: 01:43:28.992 [main] [INFO ] q.l.p.CommandLineTaskRunner$CommandLineProgressMonitor - Completed (50%)
2024-10-23 01:43:29 INFO: 01:43:29.102 [main] [INFO ] q.l.p.CommandLineTaskRunner$CommandLineProgressMonitor - Completed (51%)
2024-10-23 01:43:29 INFO: 01:43:29.419 [main] [INFO ] q.l.p.CommandLineTaskRunner$CommandLineProgressMonitor - Completed (52%)
2024-10-23 01:43:29 INFO: 01:43:29.525 [main] [INFO ] q.l.p.CommandLineTaskRunner$CommandLineProgressMonitor - Completed (53%)
2024-10-23 01:43:29 INFO: 01:43:29.627 [main] [INFO ] q.l.p.CommandLineTaskRunner$CommandLineProgressMonitor - Completed (54%)
2024-10-23 01:43:29 INFO: 01:43:29.725 [main] [INFO ] q.l.p.CommandLineTaskRunner$CommandLineProgressMonitor - Completed (55%)
2024-10-23 01:43:29 INFO: 01:43:29.824 [main] [INFO ] q.l.p.CommandLineTaskRunner$CommandLineProgressMonitor - Completed (56%)
2024-10-23 01:43:29 INFO: 01:43:29.923 [main] [INFO ] q.l.p.CommandLineTaskRunner$CommandLineProgressMonitor - Completed (57%)
2024-10-23 01:43:30 INFO: 01:43:30.032 [main] [INFO ] q.l.p.CommandLineTaskRunner$CommandLineProgressMonitor - Completed (58%)
2024-10-23 01:43:30 INFO: 01:43:30.133 [main] [INFO ] q.l.p.CommandLineTaskRunner$CommandLineProgressMonitor - Completed (59%)
2024-10-23 01:43:30 INFO: 01:43:30.244 [main] [INFO ] q.l.p.CommandLineTaskRunner$CommandLineProgressMonitor - Completed (60%)
2024-10-23 01:43:30 INFO: 01:43:30.358 [main] [INFO ] q.l.p.CommandLineTaskRunner$CommandLineProgressMonitor - Completed (61%)
2024-10-23 01:43:30 INFO: 01:43:30.476 [main] [INFO ] q.l.p.CommandLineTaskRunner$CommandLineProgressMonitor - Completed (62%)
2024-10-23 01:43:30 INFO: 01:43:30.589 [main] [INFO ] q.l.p.CommandLineTaskRunner$CommandLineProgressMonitor - Completed (63%)
2024-10-23 01:43:30 INFO: 01:43:30.745 [main] [INFO ] q.l.p.CommandLineTaskRunner$CommandLineProgressMonitor - Completed (64%)
2024-10-23 01:43:30 INFO: 01:43:30.868 [main] [INFO ] q.l.p.CommandLineTaskRunner$CommandLineProgressMonitor - Completed (65%)
2024-10-23 01:43:30 INFO: 01:43:30.987 [main] [INFO ] q.l.p.CommandLineTaskRunner$CommandLineProgressMonitor - Completed (66%)
2024-10-23 01:43:31 INFO: 01:43:31.132 [main] [INFO ] q.l.p.CommandLineTaskRunner$CommandLineProgressMonitor - Completed (67%)
2024-10-23 01:43:31 INFO: 01:43:31.266 [main] [INFO ] q.l.p.CommandLineTaskRunner$CommandLineProgressMonitor - Completed (68%)
2024-10-23 01:43:31 INFO: 01:43:31.400 [main] [INFO ] q.l.p.CommandLineTaskRunner$CommandLineProgressMonitor - Completed (69%)
2024-10-23 01:43:31 INFO: 01:43:31.570 [main] [INFO ] q.l.p.CommandLineTaskRunner$CommandLineProgressMonitor - Completed (70%)
2024-10-23 01:43:31 INFO: 01:43:31.740 [main] [INFO ] q.l.p.CommandLineTaskRunner$CommandLineProgressMonitor - Completed (71%)
2024-10-23 01:43:31 INFO: 01:43:31.851 [main] [INFO ] q.l.p.CommandLineTaskRunner$CommandLineProgressMonitor - Completed (72%)
2024-10-23 01:43:32 INFO: 01:43:32.099 [main] [INFO ] q.l.p.CommandLineTaskRunner$CommandLineProgressMonitor - Completed (73%)
2024-10-23 01:43:32 INFO: 01:43:32.208 [main] [INFO ] q.l.p.CommandLineTaskRunner$CommandLineProgressMonitor - Completed (74%)
2024-10-23 01:43:32 INFO: 01:43:32.312 [main] [INFO ] q.l.p.CommandLineTaskRunner$CommandLineProgressMonitor - Completed (75%)
2024-10-23 01:43:32 INFO: 01:43:32.412 [main] [INFO ] q.l.p.CommandLineTaskRunner$CommandLineProgressMonitor - Completed (76%)
2024-10-23 01:43:32 INFO: 01:43:32.513 [main] [INFO ] q.l.p.CommandLineTaskRunner$CommandLineProgressMonitor - Completed (77%)
2024-10-23 01:43:32 INFO: 01:43:32.613 [main] [INFO ] q.l.p.CommandLineTaskRunner$CommandLineProgressMonitor - Completed (78%)
2024-10-23 01:43:32 INFO: 01:43:32.714 [main] [INFO ] q.l.p.CommandLineTaskRunner$CommandLineProgressMonitor - Completed (79%)
2024-10-23 01:43:32 INFO: 01:43:32.820 [main] [INFO ] q.l.p.CommandLineTaskRunner$CommandLineProgressMonitor - Completed (80%)
2024-10-23 01:43:32 INFO: 01:43:32.933 [main] [INFO ] q.l.p.CommandLineTaskRunner$CommandLineProgressMonitor - Completed (81%)
2024-10-23 01:43:33 INFO: 01:43:33.082 [main] [INFO ] q.l.p.CommandLineTaskRunner$CommandLineProgressMonitor - Completed (82%)
2024-10-23 01:43:33 INFO: 01:43:33.197 [main] [INFO ] q.l.p.CommandLineTaskRunner$CommandLineProgressMonitor - Completed (83%)
2024-10-23 01:43:33 INFO: 01:43:33.311 [main] [INFO ] q.l.p.CommandLineTaskRunner$CommandLineProgressMonitor - Completed (84%)
2024-10-23 01:43:33 INFO: 01:43:33.417 [main] [INFO ] q.l.p.CommandLineTaskRunner$CommandLineProgressMonitor - Completed (85%)
2024-10-23 01:43:33 INFO: 01:43:33.517 [main] [INFO ] q.l.p.CommandLineTaskRunner$CommandLineProgressMonitor - Completed (86%)
2024-10-23 01:43:33 INFO: 01:43:33.630 [main] [INFO ] q.l.p.CommandLineTaskRunner$CommandLineProgressMonitor - Completed (87%)
2024-10-23 01:43:33 INFO: 01:43:33.741 [main] [INFO ] q.l.p.CommandLineTaskRunner$CommandLineProgressMonitor - Completed (88%)
2024-10-23 01:43:33 INFO: 01:43:33.837 [main] [INFO ] q.l.p.CommandLineTaskRunner$CommandLineProgressMonitor - Completed (89%)
2024-10-23 01:43:33 INFO: 01:43:33.946 [main] [INFO ] q.l.p.CommandLineTaskRunner$CommandLineProgressMonitor - Completed (90%)
2024-10-23 01:43:34 INFO: 01:43:34.047 [main] [INFO ] q.l.p.CommandLineTaskRunner$CommandLineProgressMonitor - Completed (91%)
2024-10-23 01:43:34 INFO: 01:43:34.142 [main] [INFO ] q.l.p.CommandLineTaskRunner$CommandLineProgressMonitor - Completed (92%)
2024-10-23 01:43:34 INFO: 01:43:34.319 [main] [INFO ] q.l.p.CommandLineTaskRunner$CommandLineProgressMonitor - Completed (93%)
2024-10-23 01:43:34 INFO: 01:43:34.416 [main] [INFO ] q.l.p.CommandLineTaskRunner$CommandLineProgressMonitor - Completed (94%)
2024-10-23 01:43:34 INFO: 01:43:34.515 [main] [INFO ] q.l.p.CommandLineTaskRunner$CommandLineProgressMonitor - Completed (95%)
2024-10-23 01:43:34 INFO: 01:43:34.614 [main] [INFO ] q.l.p.CommandLineTaskRunner$CommandLineProgressMonitor - Completed (96%)
2024-10-23 01:43:34 INFO: 01:43:34.713 [main] [INFO ] q.l.p.CommandLineTaskRunner$CommandLineProgressMonitor - Completed (97%)
2024-10-23 01:43:34 INFO: 01:43:34.832 [main] [INFO ] q.l.p.CommandLineTaskRunner$CommandLineProgressMonitor - Completed (98%)
2024-10-23 01:43:34 INFO: 01:43:34.937 [main] [INFO ] q.l.p.CommandLineTaskRunner$CommandLineProgressMonitor - Completed (99%)
2024-10-23 01:43:35 INFO: 01:43:35.043 [main] [INFO ] q.l.p.CommandLineTaskRunner$CommandLineProgressMonitor - Completed (100%)
2024-10-23 01:44:33 INFO: 01:44:33.081 [main] [INFO ] q.l.p.CommandLineTaskRunner$CommandLineProgressMonitor - Completed (100%)
2024-10-23 01:44:33 INFO: 01:44:33.083 [main] [INFO ] q.l.p.CommandLineTaskRunner$CommandLineProgressMonitor - Processing complete in 73.39 seconds
2024-10-23 01:44:33 INFO: 01:44:33.083 [main] [INFO ] q.l.p.CommandLineTaskRunner$CommandLineProgressMonitor - Tasks completed!
2024-10-23 01:46:43 INFO: 01:46:43.154 [task-runner-6-1] [WARN ] q.o.features.DelaunayTriangulation - Some objects have missing measurements! Statistics will calculated only for objects with measurements available.
2024-10-23 01:46:43 INFO: 01:46:43.154 [task-runner-6-1] [WARN ] q.o.features.DelaunayTriangulation - Missing measurements: [ROI: 1.00 m per pixel: Residual: Haralick Correlation (F2), ROI: 1.00 m per pixel: Residual: Haralick Information measure of correlation 1 (F11), ROI: 1.00 m per pixel: OD Sum: Haralick Correlation (F2), ROI: 1.00 m per pixel: OD Sum: Haralick Information measure of correlation 1 (F11), ROI: 1.00 m per pixel: Green: Haralick Correlation (F2), ROI: 1.00 m per pixel: Green: Haralick Information measure of correlation 1 (F11), ROI: 1.00 m per pixel: Blue: Haralick Correlation (F2), ROI: 1.00 m per pixel: Blue: Haralick Information measure of correlation 1 (F11), ROI: 1.00 m per pixel: Saturation: Haralick Correlation (F2), ROI: 1.00 m per pixel: Saturation: Haralick Information measure of correlation 1 (F11), ROI: 1.00 m per pixel: Brightness: Haralick Correlation (F2), ROI: 1.00 m per pixel: Brightness: Haralick Information measure of correlation 1 (F11), ROI: 1.00 m per pixel: Residual: Haralick Information measure of correlation 2 (F12), ROI: 1.00 m per pixel: OD Sum: Haralick Angular second moment (F0), ROI: 1.00 m per pixel: OD Sum: Haralick Contrast (F1), ROI: 1.00 m per pixel: OD Sum: Haralick Sum of squares (F3), ROI: 1.00 m per pixel: OD Sum: Haralick Inverse difference moment (F4), ROI: 1.00 m per pixel: OD Sum: Haralick Sum average (F5), ROI: 1.00 m per pixel: OD Sum: Haralick Sum variance (F6), ROI: 1.00 m per pixel: OD Sum: Haralick Sum entropy (F7), ROI: 1.00 m per pixel: OD Sum: Haralick Entropy (F8), ROI: 1.00 m per pixel: OD Sum: Haralick Difference variance (F9), ROI: 1.00 m per pixel: OD Sum: Haralick Difference entropy (F10), ROI: 1.00 m per pixel: OD Sum: Haralick Information measure of correlation 2 (F12), ROI: 1.00 m per pixel: Hematoxylin: Haralick Angular second moment (F0), ROI: 1.00 m per pixel: Hematoxylin: Haralick Contrast (F1), ROI: 1.00 m per pixel: Hematoxylin: Haralick Correlation (F2), ROI: 1.00 m per pixel: Hematoxylin: Haralick Sum of squares (F3), ROI: 1.00 m per pixel: Hematoxylin: Haralick Inverse difference moment (F4), ROI: 1.00 m per pixel: Hematoxylin: Haralick Sum average (F5), ROI: 1.00 m per pixel: Hematoxylin: Haralick Sum variance (F6), ROI: 1.00 m per pixel: Hematoxylin: Haralick Sum entropy (F7), ROI: 1.00 m per pixel: Hematoxylin: Haralick Entropy (F8), ROI: 1.00 m per pixel: Hematoxylin: Haralick Difference variance (F9), ROI: 1.00 m per pixel: Hematoxylin: Haralick Difference entropy (F10), ROI: 1.00 m per pixel: Hematoxylin: Haralick Information measure of correlation 1 (F11), ROI: 1.00 m per pixel: Hematoxylin: Haralick Information measure of correlation 2 (F12), ROI: 1.00 m per pixel: Eosin: Haralick Angular second moment (F0), ROI: 1.00 m per pixel: Eosin: Haralick Contrast (F1), ROI: 1.00 m per pixel: Eosin: Haralick Correlation (F2), ROI: 1.00 m per pixel: Eosin: Haralick Sum of squares (F3), ROI: 1.00 m per pixel: Eosin: Haralick Inverse difference moment (F4), ROI: 1.00 m per pixel: Eosin: Haralick Sum average (F5), ROI: 1.00 m per pixel: Eosin: Haralick Sum variance (F6), ROI: 1.00 m per pixel: Eosin: Haralick Sum entropy (F7), ROI: 1.00 m per pixel: Eosin: Haralick Entropy (F8), ROI: 1.00 m per pixel: Eosin: Haralick Difference variance (F9), ROI: 1.00 m per pixel: Eosin: Haralick Difference entropy (F10), ROI: 1.00 m per pixel: Eosin: Haralick Information measure of correlation 1 (F11), ROI: 1.00 m per pixel: Eosin: Haralick Information measure of correlation 2 (F12), ROI: 1.00 m per pixel: Residual: Haralick Angular second moment (F0), ROI: 1.00 m per pixel: Residual: Haralick Contrast (F1), ROI: 1.00 m per pixel: Residual: Haralick Sum of squares (F3), ROI: 1.00 m per pixel: Residual: Haralick Inverse difference moment (F4), ROI: 1.00 m per pixel: Residual: Haralick Sum average (F5), ROI: 1.00 m per pixel: Residual: Haralick Sum variance (F6), ROI: 1.00 m per pixel: Residual: Haralick Sum entropy (F7), ROI: 1.00 m per pixel: Residual: Haralick Entropy (F8), ROI: 1.00 m per pixel: Residual: Haralick Difference variance (F9), ROI: 1.00 m per pixel: Residual: Haralick Difference entropy (F10), ROI: 1.00 m per pixel: Red: Haralick Angular second moment (F0), ROI: 1.00 m per pixel: Red: Haralick Contrast (F1), ROI: 1.00 m per pixel: Red: Haralick Correlation (F2), ROI: 1.00 m per pixel: Red: Haralick Sum of squares (F3), ROI: 1.00 m per pixel: Red: Haralick Inverse difference moment (F4), ROI: 1.00 m per pixel: Red: Haralick Sum average (F5), ROI: 1.00 m per pixel: Red: Haralick Sum variance (F6), ROI: 1.00 m per pixel: Red: Haralick Sum entropy (F7), ROI: 1.00 m per pixel: Red: Haralick Entropy (F8), ROI: 1.00 m per pixel: Red: Haralick Difference variance (F9), ROI: 1.00 m per pixel: Red: Haralick Difference entropy (F10), ROI: 1.00 m per pixel: Red: Haralick Information measure of correlation 1 (F11), ROI: 1.00 m per pixel: Red: Haralick Information measure of correlation 2 (F12), ROI: 1.00 m per pixel: Green: Haralick Angular second moment (F0), ROI: 1.00 m per pixel: Green: Haralick Contrast (F1), ROI: 1.00 m per pixel: Green: Haralick Sum of squares (F3), ROI: 1.00 m per pixel: Green: Haralick Inverse difference moment (F4), ROI: 1.00 m per pixel: Green: Haralick Sum average (F5), ROI: 1.00 m per pixel: Green: Haralick Sum variance (F6), ROI: 1.00 m per pixel: Green: Haralick Sum entropy (F7), ROI: 1.00 m per pixel: Green: Haralick Entropy (F8), ROI: 1.00 m per pixel: Green: Haralick Difference variance (F9), ROI: 1.00 m per pixel: Green: Haralick Difference entropy (F10), ROI: 1.00 m per pixel: Green: Haralick Information measure of correlation 2 (F12), ROI: 1.00 m per pixel: Blue: Haralick Angular second moment (F0), ROI: 1.00 m per pixel: Blue: Haralick Contrast (F1), ROI: 1.00 m per pixel: Blue: Haralick Sum of squares (F3), ROI: 1.00 m per pixel: Blue: Haralick Inverse difference moment (F4), ROI: 1.00 m per pixel: Blue: Haralick Sum average (F5), ROI: 1.00 m per pixel: Blue: Haralick Sum variance (F6), ROI: 1.00 m per pixel: Blue: Haralick Sum entropy (F7), ROI: 1.00 m per pixel: Blue: Haralick Entropy (F8), ROI: 1.00 m per pixel: Blue: Haralick Difference variance (F9), ROI: 1.00 m per pixel: Blue: Haralick Difference entropy (F10), ROI: 1.00 m per pixel: Blue: Haralick Information measure of correlation 2 (F12), ROI: 1.00 m per pixel: Saturation: Haralick Angular second moment (F0), ROI: 1.00 m per pixel: Saturation: Haralick Contrast (F1), ROI: 1.00 m per pixel: Saturation: Haralick Sum of squares (F3), ROI: 1.00 m per pixel: Saturation: Haralick Inverse difference moment (F4), ROI: 1.00 m per pixel: Saturation: Haralick Sum average (F5), ROI: 1.00 m per pixel: Saturation: Haralick Sum variance (F6), ROI: 1.00 m per pixel: Saturation: Haralick Sum entropy (F7), ROI: 1.00 m per pixel: Saturation: Haralick Entropy (F8), ROI: 1.00 m per pixel: Saturation: Haralick Difference variance (F9), ROI: 1.00 m per pixel: Saturation: Haralick Difference entropy (F10), ROI: 1.00 m per pixel: Saturation: Haralick Information measure of correlation 2 (F12), ROI: 1.00 m per pixel: Brightness: Haralick Angular second moment (F0), ROI: 1.00 m per pixel: Brightness: Haralick Contrast (F1), ROI: 1.00 m per pixel: Brightness: Haralick Sum of squares (F3), ROI: 1.00 m per pixel: Brightness: Haralick Inverse difference moment (F4), ROI: 1.00 m per pixel: Brightness: Haralick Sum average (F5), ROI: 1.00 m per pixel: Brightness: Haralick Sum variance (F6), ROI: 1.00 m per pixel: Brightness: Haralick Sum entropy (F7), ROI: 1.00 m per pixel: Brightness: Haralick Entropy (F8), ROI: 1.00 m per pixel: Brightness: Haralick Difference variance (F9), ROI: 1.00 m per pixel: Brightness: Haralick Difference entropy (F10), ROI: 1.00 m per pixel: Brightness: Haralick Information measure of correlation 2 (F12)]
2024-10-23 01:46:43 INFO: 01:46:43.189 [main] [INFO ] q.l.p.CommandLineTaskRunner$CommandLineProgressMonitor - Delaunay triangulation calculated for Annotation (219862 objects) (100%)
2024-10-23 01:46:43 INFO: 01:46:43.189 [main] [INFO ] q.l.p.CommandLineTaskRunner$CommandLineProgressMonitor - Processing complete in 130.05 seconds
2024-10-23 01:46:43 INFO: 01:46:43.189 [main] [INFO ] q.l.p.CommandLineTaskRunner$CommandLineProgressMonitor - Tasks completed!
2024-10-23 01:49:11 INFO: TCGA-GI-A2C8-01Z-00-DX1.09BD8AC9-645A-4C8B-9B36-77D833BDBA09
2024-10-23 01:49:11 INFO: QuPath subprocess completed.
2024-10-23 01:49:22 INFO: QuPath image extraction completed successfully. Output directory: /home/ilants/Documents/jupyter_test/single_image_multiple_params/exp_minAreaMicrons_5.0
2024-10-23 01:49:22 INFO: Summary table saved to: /home/ilants/Documents/jupyter_test/single_image_multiple_params/exp_minAreaMicrons_5.0/Summary_Table.csv
2024-10-23 01:49:22 INFO: Experiment completed successfully.
