2024-10-23 01:22:09 INFO: Starting experiment with for sigmaMicrons with value of 1.75
2024-10-23 01:22:09 INFO: Running with the following configuration:
{'detectionImageBrightfield': 'Hematoxylin OD', 'requestedPixelSizeMicrons': 0.5, 'backgroundRadiusMicrons': 4.0, 'backgroundByReconstruction': True, 'medianRadiusMicrons': 0.0, 'sigmaMicrons': 1.75, 'minAreaMicrons': 10.0, 'maxAreaMicrons': 80.0, 'threshold': 0.1, 'maxBackground': 2.0, 'watershedPostProcess': True, 'cellExpansionMicrons': 5.0, 'includeNuclei': True, 'smoothBoundaries': True, 'makeMeasurements': True, 'backgroundRadiusPixel': 8.0, 'cellExpansionPixel': 10.0, 'medianRadiusPixel': 0.0, 'minAreaPixel': 20.0, 'maxAreaPixel': 160.0}
2024-10-23 01:22:09 INFO: Starting QuPath image extraction with the following parameters: image_dir=/home/ilants/Documents/jupyter_test, output_dir=/home/ilants/Documents/jupyter_test/single_image_multiple_params/exp_sigmaMicrons_1.75, image_type=svs, groovy_script=/home/ilants/Documents/utls/nucleus_detection_wargs.groovy, config_file=/home/ilants/Documents/jupyter_test/single_image_multiple_params/exp_sigmaMicrons_1.75/cfg.json, program_path=/home/ilants/Documents/QuPath-v0.5.1-Linux/QuPath/bin/QuPath
2024-10-23 01:22:10 INFO: 01:22:10.253 [main] [INFO ] qupath.lib.gui.prefs.PathPrefs - Setting default Locale to en_US
2024-10-23 01:22:10 INFO: 01:22:10.256 [main] [INFO ] qupath.lib.gui.prefs.PathPrefs - Setting Locale for FORMAT to en_US
2024-10-23 01:22:10 INFO: 01:22:10.256 [main] [INFO ] qupath.lib.gui.prefs.PathPrefs - Setting Locale for DISPLAY to en_US
2024-10-23 01:22:10 INFO: 01:22:10.270 [main] [INFO ] qupath.lib.common.ThreadTools - Setting parallelism to 63
2024-10-23 01:22:10 INFO: 01:22:10.288 [main] [INFO ] qupath.ScriptCommand - Setting tile cache size to 32200.00 MB (25.0% max memory)
2024-10-23 01:22:10 INFO: 01:22:10.346 [main] [INFO ] qupath.lib.scripting.QP - Initializing type adapters
2024-10-23 01:22:10 INFO: Warning: Versions of org.bytedeco:javacpp:1.5.9 and org.bytedeco:opencv:4.6.0-1.5.8 do not match.
2024-10-23 01:22:10 INFO: Warning: Versions of org.bytedeco:javacpp:1.5.9 and org.bytedeco:openblas:0.3.21-1.5.8 do not match.
2024-10-23 01:22:11 INFO: project parameters are: {"detectionImageBrightfield": "Hematoxylin OD","requestedPixelSizeMicrons": 0.5,"backgroundRadiusMicrons": 4.0,"backgroundByReconstruction": true,"medianRadiusMicrons": 0.0,"sigmaMicrons": 1.75,"minAreaMicrons": 10.0,"maxAreaMicrons": 80.0,"threshold": 0.1,"maxBackground": 2.0,"watershedPostProcess": true,"cellExpansionMicrons": 5.0,"includeNuclei": true,"smoothBoundaries": true,"makeMeasurements": true,"backgroundRadiusPixel": 8.0,"cellExpansionPixel": 10.0,"medianRadiusPixel": 0.0,"minAreaPixel": 20.0,"maxAreaPixel": 160.0}
2024-10-23 01:22:11 INFO: New project created at: /home/ilants/Documents/jupyter_test/single_image_multiple_params/exp_sigmaMicrons_1.75/QPProject
2024-10-23 01:22:11 INFO: Added: /home/ilants/Documents/jupyter_test/TCGA-GI-A2C8-01Z-00-DX1.09BD8AC9-645A-4C8B-9B36-77D833BDBA09.svs
2024-10-23 01:22:11 INFO: /home/ilants/Documents/jupyter_test/TCGA-GI-A2C8-01Z-00-DX1.09BD8AC9-645A-4C8B-9B36-77D833BDBA09.svs
2024-10-23 01:22:12 INFO: 01:22:12.272 [main] [INFO ] q.l.i.s.b.BioFormatsServerOptions - Setting max Bio-Formats readers to 32
2024-10-23 01:22:12 INFO: UriImageSupport (class qupath.lib.images.servers.bioformats.BioFormatsServerBuilder) support=3.0, builders=1
2024-10-23 01:22:12 INFO: true
2024-10-23 01:22:12 INFO: 01:22:12.934 [main] [WARN ] qupath.lib.scripting.QP - createSelectAllObject(boolean) is deprecated, use createFullImageAnnotation(boolean) instead
2024-10-23 01:22:12 INFO: 01:22:12.934 [main] [WARN ] qupath.lib.scripting.QP - createSelectAllObject(boolean, int, int) is deprecated, use createFullImageAnnotation(boolean, int, int) instead
2024-10-23 01:22:12 INFO: 01:22:12.945 [main] [WARN ] q.l.plugins.parameters.ParameterList - Unable to set parameter backgroundRadiusPixel with value 8.0
2024-10-23 01:22:12 INFO: 01:22:12.945 [main] [WARN ] q.l.plugins.parameters.ParameterList - Unable to set parameter cellExpansionPixel with value 10.0
2024-10-23 01:22:12 INFO: 01:22:12.945 [main] [WARN ] q.l.plugins.parameters.ParameterList - Unable to set parameter medianRadiusPixel with value 0.0
2024-10-23 01:22:12 INFO: 01:22:12.945 [main] [WARN ] q.l.plugins.parameters.ParameterList - Unable to set parameter minAreaPixel with value 20.0
2024-10-23 01:22:12 INFO: 01:22:12.945 [main] [WARN ] q.l.plugins.parameters.ParameterList - Unable to set parameter maxAreaPixel with value 160.0
2024-10-23 01:22:25 INFO: 01:22:25.556 [task-runner-1-1] [INFO ] q.lib.plugins.DetectionPluginTools - 0 nuclei detected (processing time: 12.49 seconds)
2024-10-23 01:22:25 INFO: 01:22:25.556 [task-runner-1-16] [INFO ] q.lib.plugins.DetectionPluginTools - 0 nuclei detected (processing time: 12.49 seconds)
2024-10-23 01:22:25 INFO: 01:22:25.556 [task-runner-1-32] [INFO ] q.lib.plugins.DetectionPluginTools - 0 nuclei detected (processing time: 12.49 seconds)
2024-10-23 01:22:25 INFO: 01:22:25.559 [main] [INFO ] q.l.p.CommandLineTaskRunner$CommandLineProgressMonitor - 0 nuclei detected (1%)
2024-10-23 01:22:25 INFO: 01:22:25.559 [main] [INFO ] q.l.p.CommandLineTaskRunner$CommandLineProgressMonitor - 0 nuclei detected (2%)
2024-10-23 01:22:27 INFO: 01:22:27.551 [task-runner-1-7] [INFO ] q.lib.plugins.DetectionPluginTools - 0 nuclei detected (processing time: 14.49 seconds)
2024-10-23 01:22:27 INFO: 01:22:27.552 [main] [INFO ] q.l.p.CommandLineTaskRunner$CommandLineProgressMonitor - 0 nuclei detected (3%)
2024-10-23 01:22:27 INFO: 01:22:27.553 [task-runner-1-4] [INFO ] q.lib.plugins.DetectionPluginTools - 0 nuclei detected (processing time: 14.49 seconds)
2024-10-23 01:22:27 INFO: 01:22:27.555 [task-runner-1-15] [INFO ] q.lib.plugins.DetectionPluginTools - 0 nuclei detected (processing time: 14.49 seconds)
2024-10-23 01:22:27 INFO: 01:22:27.555 [main] [INFO ] q.l.p.CommandLineTaskRunner$CommandLineProgressMonitor - 0 nuclei detected (4%)
2024-10-23 01:22:27 INFO: 01:22:27.556 [task-runner-1-3] [INFO ] q.lib.plugins.DetectionPluginTools - 0 nuclei detected (processing time: 14.50 seconds)
2024-10-23 01:22:27 INFO: 01:22:27.558 [task-runner-1-2] [INFO ] q.lib.plugins.DetectionPluginTools - 1 nucleus detected (processing time: 14.50 seconds)
2024-10-23 01:22:27 INFO: 01:22:27.559 [task-runner-1-30] [INFO ] q.lib.plugins.DetectionPluginTools - 1 nucleus detected (processing time: 14.49 seconds)
2024-10-23 01:22:27 INFO: 01:22:27.559 [main] [INFO ] q.l.p.CommandLineTaskRunner$CommandLineProgressMonitor - 1 nucleus detected (5%)
2024-10-23 01:22:27 INFO: 01:22:27.559 [main] [INFO ] q.l.p.CommandLineTaskRunner$CommandLineProgressMonitor - 1 nucleus detected (6%)
2024-10-23 01:22:27 INFO: 01:22:27.559 [task-runner-1-12] [INFO ] q.lib.plugins.DetectionPluginTools - 0 nuclei detected (processing time: 14.50 seconds)
2024-10-23 01:22:27 INFO: 01:22:27.559 [main] [INFO ] q.l.p.CommandLineTaskRunner$CommandLineProgressMonitor - 0 nuclei detected (6%)
2024-10-23 01:22:27 INFO: 01:22:27.561 [task-runner-1-17] [INFO ] q.lib.plugins.DetectionPluginTools - 2 nuclei detected (processing time: 14.50 seconds)
2024-10-23 01:22:27 INFO: 01:22:27.561 [main] [INFO ] q.l.p.CommandLineTaskRunner$CommandLineProgressMonitor - 2 nuclei detected (7%)
2024-10-23 01:22:27 INFO: 01:22:27.561 [task-runner-1-14] [INFO ] q.lib.plugins.DetectionPluginTools - 2 nuclei detected (processing time: 14.50 seconds)
2024-10-23 01:22:27 INFO: 01:22:27.562 [main] [INFO ] q.l.p.CommandLineTaskRunner$CommandLineProgressMonitor - 2 nuclei detected (8%)
2024-10-23 01:22:27 INFO: 01:22:27.562 [task-runner-1-29] [INFO ] q.lib.plugins.DetectionPluginTools - 4 nuclei detected (processing time: 14.50 seconds)
2024-10-23 01:22:27 INFO: 01:22:27.562 [main] [INFO ] q.l.p.CommandLineTaskRunner$CommandLineProgressMonitor - 4 nuclei detected (8%)
2024-10-23 01:22:27 INFO: 01:22:27.563 [task-runner-1-48] [INFO ] q.lib.plugins.DetectionPluginTools - 0 nuclei detected (processing time: 14.49 seconds)
2024-10-23 01:22:27 INFO: 01:22:27.564 [main] [INFO ] q.l.p.CommandLineTaskRunner$CommandLineProgressMonitor - 0 nuclei detected (9%)
2024-10-23 01:22:27 INFO: 01:22:27.564 [task-runner-1-27] [INFO ] q.lib.plugins.DetectionPluginTools - 2 nuclei detected (processing time: 14.50 seconds)
2024-10-23 01:22:27 INFO: 01:22:27.564 [main] [INFO ] q.l.p.CommandLineTaskRunner$CommandLineProgressMonitor - 2 nuclei detected (9%)
2024-10-23 01:22:27 INFO: 01:22:27.565 [task-runner-1-9] [INFO ] q.lib.plugins.DetectionPluginTools - 0 nuclei detected (processing time: 14.50 seconds)
2024-10-23 01:22:27 INFO: 01:22:27.565 [main] [INFO ] q.l.p.CommandLineTaskRunner$CommandLineProgressMonitor - 0 nuclei detected (10%)
2024-10-23 01:22:27 INFO: 01:22:27.565 [task-runner-1-8] [INFO ] q.lib.plugins.DetectionPluginTools - 2 nuclei detected (processing time: 14.50 seconds)
2024-10-23 01:22:27 INFO: 01:22:27.566 [main] [INFO ] q.l.p.CommandLineTaskRunner$CommandLineProgressMonitor - 2 nuclei detected (11%)
2024-10-23 01:22:27 INFO: 01:22:27.580 [task-runner-1-13] [INFO ] q.lib.plugins.DetectionPluginTools - 9 nuclei detected (processing time: 14.52 seconds)
2024-10-23 01:22:27 INFO: 01:22:27.581 [main] [INFO ] q.l.p.CommandLineTaskRunner$CommandLineProgressMonitor - 9 nuclei detected (11%)
2024-10-23 01:22:27 INFO: 01:22:27.585 [task-runner-1-10] [INFO ] q.lib.plugins.DetectionPluginTools - 2 nuclei detected (processing time: 14.52 seconds)
2024-10-23 01:22:27 INFO: 01:22:27.586 [main] [INFO ] q.l.p.CommandLineTaskRunner$CommandLineProgressMonitor - 2 nuclei detected (12%)
2024-10-23 01:22:27 INFO: 01:22:27.586 [task-runner-1-11] [INFO ] q.lib.plugins.DetectionPluginTools - 2 nuclei detected (processing time: 14.52 seconds)
2024-10-23 01:22:27 INFO: 01:22:27.587 [main] [INFO ] q.l.p.CommandLineTaskRunner$CommandLineProgressMonitor - 2 nuclei detected (13%)
2024-10-23 01:22:27 INFO: 01:22:27.595 [task-runner-1-6] [INFO ] q.lib.plugins.DetectionPluginTools - 3 nuclei detected (processing time: 14.53 seconds)
2024-10-23 01:22:27 INFO: 01:22:27.596 [main] [INFO ] q.l.p.CommandLineTaskRunner$CommandLineProgressMonitor - 3 nuclei detected (13%)
2024-10-23 01:22:27 INFO: 01:22:27.601 [task-runner-1-47] [INFO ] q.lib.plugins.DetectionPluginTools - 6 nuclei detected (processing time: 14.53 seconds)
2024-10-23 01:22:27 INFO: 01:22:27.602 [main] [INFO ] q.l.p.CommandLineTaskRunner$CommandLineProgressMonitor - 6 nuclei detected (14%)
2024-10-23 01:22:27 INFO: 01:22:27.616 [task-runner-1-31] [INFO ] q.lib.plugins.DetectionPluginTools - 13 nuclei detected (processing time: 14.55 seconds)
2024-10-23 01:22:27 INFO: 01:22:27.618 [main] [INFO ] q.l.p.CommandLineTaskRunner$CommandLineProgressMonitor - 13 nuclei detected (14%)
2024-10-23 01:22:27 INFO: 01:22:27.655 [task-runner-1-28] [INFO ] q.lib.plugins.DetectionPluginTools - 19 nuclei detected (processing time: 14.59 seconds)
2024-10-23 01:22:27 INFO: 01:22:27.656 [main] [INFO ] q.l.p.CommandLineTaskRunner$CommandLineProgressMonitor - 19 nuclei detected (15%)
2024-10-23 01:22:27 INFO: 01:22:27.699 [task-runner-1-26] [INFO ] q.lib.plugins.DetectionPluginTools - 49 nuclei detected (processing time: 14.63 seconds)
2024-10-23 01:22:27 INFO: 01:22:27.701 [main] [INFO ] q.l.p.CommandLineTaskRunner$CommandLineProgressMonitor - 49 nuclei detected (16%)
2024-10-23 01:22:27 INFO: 01:22:27.739 [task-runner-1-46] [INFO ] q.lib.plugins.DetectionPluginTools - 48 nuclei detected (processing time: 14.67 seconds)
2024-10-23 01:22:27 INFO: 01:22:27.741 [main] [INFO ] q.l.p.CommandLineTaskRunner$CommandLineProgressMonitor - 48 nuclei detected (16%)
2024-10-23 01:22:27 INFO: 01:22:27.847 [task-runner-1-5] [INFO ] q.lib.plugins.DetectionPluginTools - 62 nuclei detected (processing time: 14.79 seconds)
2024-10-23 01:22:27 INFO: 01:22:27.850 [main] [INFO ] q.l.p.CommandLineTaskRunner$CommandLineProgressMonitor - 62 nuclei detected (17%)
2024-10-23 01:22:27 INFO: 01:22:27.945 [task-runner-1-49] [INFO ] q.lib.plugins.DetectionPluginTools - 126 nuclei detected (processing time: 14.88 seconds)
2024-10-23 01:22:27 INFO: 01:22:27.947 [task-runner-1-45] [INFO ] q.lib.plugins.DetectionPluginTools - 90 nuclei detected (processing time: 14.88 seconds)
2024-10-23 01:22:27 INFO: 01:22:27.948 [main] [INFO ] q.l.p.CommandLineTaskRunner$CommandLineProgressMonitor - 90 nuclei detected (18%)
2024-10-23 01:22:27 INFO: 01:22:27.948 [main] [INFO ] q.l.p.CommandLineTaskRunner$CommandLineProgressMonitor - 126 nuclei detected (18%)
2024-10-23 01:22:28 INFO: 01:22:28.008 [task-runner-1-19] [INFO ] q.lib.plugins.DetectionPluginTools - 146 nuclei detected (processing time: 14.94 seconds)
2024-10-23 01:22:28 INFO: 01:22:28.010 [main] [INFO ] q.l.p.CommandLineTaskRunner$CommandLineProgressMonitor - 146 nuclei detected (19%)
2024-10-23 01:22:28 INFO: 01:22:28.079 [task-runner-1-63] [INFO ] q.lib.plugins.DetectionPluginTools - 123 nuclei detected (processing time: 15.01 seconds)
2024-10-23 01:22:28 INFO: 01:22:28.083 [main] [INFO ] q.l.p.CommandLineTaskRunner$CommandLineProgressMonitor - 123 nuclei detected (19%)
2024-10-23 01:22:28 INFO: 01:22:28.081 [task-runner-1-61] [INFO ] q.lib.plugins.DetectionPluginTools - 172 nuclei detected (processing time: 15.01 seconds)
2024-10-23 01:22:28 INFO: 01:22:28.094 [main] [INFO ] q.l.p.CommandLineTaskRunner$CommandLineProgressMonitor - 172 nuclei detected (20%)
2024-10-23 01:22:28 INFO: 01:22:28.104 [task-runner-1-18] [INFO ] q.lib.plugins.DetectionPluginTools - 248 nuclei detected (processing time: 15.04 seconds)
2024-10-23 01:22:28 INFO: 01:22:28.106 [main] [INFO ] q.l.p.CommandLineTaskRunner$CommandLineProgressMonitor - 248 nuclei detected (21%)
2024-10-23 01:22:28 INFO: 01:22:28.165 [task-runner-1-44] [INFO ] q.lib.plugins.DetectionPluginTools - 234 nuclei detected (processing time: 15.10 seconds)
2024-10-23 01:22:28 INFO: 01:22:28.165 [main] [INFO ] q.l.p.CommandLineTaskRunner$CommandLineProgressMonitor - 234 nuclei detected (21%)
2024-10-23 01:22:28 INFO: 01:22:28.173 [task-runner-1-33] [INFO ] q.lib.plugins.DetectionPluginTools - 247 nuclei detected (processing time: 15.11 seconds)
2024-10-23 01:22:28 INFO: 01:22:28.175 [main] [INFO ] q.l.p.CommandLineTaskRunner$CommandLineProgressMonitor - 247 nuclei detected (22%)
2024-10-23 01:22:28 INFO: 01:22:28.285 [task-runner-1-35] [INFO ] q.lib.plugins.DetectionPluginTools - 278 nuclei detected (processing time: 15.22 seconds)
2024-10-23 01:22:28 INFO: 01:22:28.286 [main] [INFO ] q.l.p.CommandLineTaskRunner$CommandLineProgressMonitor - 278 nuclei detected (23%)
2024-10-23 01:22:28 INFO: 01:22:28.318 [task-runner-1-62] [INFO ] q.lib.plugins.DetectionPluginTools - 196 nuclei detected (processing time: 15.25 seconds)
2024-10-23 01:22:28 INFO: 01:22:28.319 [main] [INFO ] q.l.p.CommandLineTaskRunner$CommandLineProgressMonitor - 196 nuclei detected (23%)
2024-10-23 01:22:28 INFO: 01:22:28.349 [task-runner-1-34] [INFO ] q.lib.plugins.DetectionPluginTools - 387 nuclei detected (processing time: 15.28 seconds)
2024-10-23 01:22:28 INFO: 01:22:28.351 [main] [INFO ] q.l.p.CommandLineTaskRunner$CommandLineProgressMonitor - 387 nuclei detected (24%)
2024-10-23 01:22:28 INFO: 01:22:28.360 [task-runner-1-50] [INFO ] q.lib.plugins.DetectionPluginTools - 298 nuclei detected (processing time: 15.29 seconds)
2024-10-23 01:22:28 INFO: 01:22:28.362 [main] [INFO ] q.l.p.CommandLineTaskRunner$CommandLineProgressMonitor - 298 nuclei detected (24%)
2024-10-23 01:22:28 INFO: 01:22:28.390 [task-runner-1-25] [INFO ] q.lib.plugins.DetectionPluginTools - 326 nuclei detected (processing time: 15.33 seconds)
2024-10-23 01:22:28 INFO: 01:22:28.391 [main] [INFO ] q.l.p.CommandLineTaskRunner$CommandLineProgressMonitor - 326 nuclei detected (25%)
2024-10-23 01:22:28 INFO: 01:22:28.444 [task-runner-1-20] [INFO ] q.lib.plugins.DetectionPluginTools - 676 nuclei detected (processing time: 15.38 seconds)
2024-10-23 01:22:28 INFO: 01:22:28.444 [main] [INFO ] q.l.p.CommandLineTaskRunner$CommandLineProgressMonitor - 676 nuclei detected (26%)
2024-10-23 01:22:30 INFO: 01:22:30.960 [task-runner-1-43] [INFO ] q.lib.plugins.DetectionPluginTools - 928 nuclei detected (processing time: 17.89 seconds)
2024-10-23 01:22:30 INFO: 01:22:30.961 [main] [INFO ] q.l.p.CommandLineTaskRunner$CommandLineProgressMonitor - 928 nuclei detected (26%)
2024-10-23 01:22:30 INFO: 01:22:30.964 [task-runner-1-51] [INFO ] q.lib.plugins.DetectionPluginTools - 859 nuclei detected (processing time: 17.90 seconds)
2024-10-23 01:22:30 INFO: 01:22:30.964 [main] [INFO ] q.l.p.CommandLineTaskRunner$CommandLineProgressMonitor - 859 nuclei detected (27%)
2024-10-23 01:22:30 INFO: 01:22:30.980 [task-runner-1-24] [INFO ] q.lib.plugins.DetectionPluginTools - 1011 nuclei detected (processing time: 17.92 seconds)
2024-10-23 01:22:30 INFO: 01:22:30.981 [main] [INFO ] q.l.p.CommandLineTaskRunner$CommandLineProgressMonitor - 1011 nuclei detected (28%)
2024-10-23 01:22:30 INFO: 01:22:30.992 [task-runner-1-23] [INFO ] q.lib.plugins.DetectionPluginTools - 971 nuclei detected (processing time: 17.93 seconds)
2024-10-23 01:22:30 INFO: 01:22:30.993 [main] [INFO ] q.l.p.CommandLineTaskRunner$CommandLineProgressMonitor - 971 nuclei detected (28%)
2024-10-23 01:22:31 INFO: 01:22:31.040 [task-runner-1-60] [INFO ] q.lib.plugins.DetectionPluginTools - 1049 nuclei detected (processing time: 17.97 seconds)
2024-10-23 01:22:31 INFO: 01:22:31.041 [main] [INFO ] q.l.p.CommandLineTaskRunner$CommandLineProgressMonitor - 1049 nuclei detected (29%)
2024-10-23 01:22:31 INFO: 01:22:31.073 [task-runner-1-22] [INFO ] q.lib.plugins.DetectionPluginTools - 1340 nuclei detected (processing time: 18.01 seconds)
2024-10-23 01:22:31 INFO: 01:22:31.074 [main] [INFO ] q.l.p.CommandLineTaskRunner$CommandLineProgressMonitor - 1340 nuclei detected (29%)
2024-10-23 01:22:31 INFO: 01:22:31.484 [task-runner-1-40] [INFO ] q.lib.plugins.DetectionPluginTools - 2063 nuclei detected (processing time: 18.42 seconds)
2024-10-23 01:22:31 INFO: 01:22:31.486 [main] [INFO ] q.l.p.CommandLineTaskRunner$CommandLineProgressMonitor - 2063 nuclei detected (30%)
2024-10-23 01:22:31 INFO: 01:22:31.574 [task-runner-1-36] [INFO ] q.lib.plugins.DetectionPluginTools - 2005 nuclei detected (processing time: 18.51 seconds)
2024-10-23 01:22:31 INFO: 01:22:31.576 [main] [INFO ] q.l.p.CommandLineTaskRunner$CommandLineProgressMonitor - 2005 nuclei detected (31%)
2024-10-23 01:22:31 INFO: 01:22:31.815 [task-runner-1-1] [INFO ] q.lib.plugins.DetectionPluginTools - 2 nuclei detected (processing time: 6.26 seconds)
2024-10-23 01:22:31 INFO: 01:22:31.816 [main] [INFO ] q.l.p.CommandLineTaskRunner$CommandLineProgressMonitor - 2 nuclei detected (31%)
2024-10-23 01:22:32 INFO: 01:22:32.830 [task-runner-1-52] [INFO ] q.lib.plugins.DetectionPluginTools - 2480 nuclei detected (processing time: 19.76 seconds)
2024-10-23 01:22:32 INFO: 01:22:32.834 [main] [INFO ] q.l.p.CommandLineTaskRunner$CommandLineProgressMonitor - 2480 nuclei detected (32%)
2024-10-23 01:22:32 INFO: 01:22:32.845 [task-runner-1-59] [INFO ] q.lib.plugins.DetectionPluginTools - 2634 nuclei detected (processing time: 19.77 seconds)
2024-10-23 01:22:32 INFO: 01:22:32.846 [main] [INFO ] q.l.p.CommandLineTaskRunner$CommandLineProgressMonitor - 2634 nuclei detected (33%)
2024-10-23 01:22:33 INFO: 01:22:33.194 [task-runner-1-32] [INFO ] q.lib.plugins.DetectionPluginTools - 358 nuclei detected (processing time: 7.64 seconds)
2024-10-23 01:22:33 INFO: 01:22:33.195 [main] [INFO ] q.l.p.CommandLineTaskRunner$CommandLineProgressMonitor - 358 nuclei detected (33%)
2024-10-23 01:22:33 INFO: 01:22:33.236 [task-runner-1-16] [INFO ] q.lib.plugins.DetectionPluginTools - 106 nuclei detected (processing time: 7.68 seconds)
2024-10-23 01:22:33 INFO: 01:22:33.237 [main] [INFO ] q.l.p.CommandLineTaskRunner$CommandLineProgressMonitor - 106 nuclei detected (34%)
2024-10-23 01:22:33 INFO: 01:22:33.371 [task-runner-1-21] [INFO ] q.lib.plugins.DetectionPluginTools - 3732 nuclei detected (processing time: 20.31 seconds)
2024-10-23 01:22:33 INFO: 01:22:33.375 [main] [INFO ] q.l.p.CommandLineTaskRunner$CommandLineProgressMonitor - 3732 nuclei detected (34%)
2024-10-23 01:22:33 INFO: 01:22:33.408 [task-runner-1-39] [INFO ] q.lib.plugins.DetectionPluginTools - 2819 nuclei detected (processing time: 20.34 seconds)
2024-10-23 01:22:33 INFO: 01:22:33.409 [main] [INFO ] q.l.p.CommandLineTaskRunner$CommandLineProgressMonitor - 2819 nuclei detected (35%)
2024-10-23 01:22:33 INFO: 01:22:33.451 [task-runner-1-41] [INFO ] q.lib.plugins.DetectionPluginTools - 2409 nuclei detected (processing time: 20.38 seconds)
2024-10-23 01:22:33 INFO: 01:22:33.452 [main] [INFO ] q.l.p.CommandLineTaskRunner$CommandLineProgressMonitor - 2409 nuclei detected (36%)
2024-10-23 01:22:33 INFO: 01:22:33.503 [task-runner-1-42] [INFO ] q.lib.plugins.DetectionPluginTools - 2563 nuclei detected (processing time: 20.44 seconds)
2024-10-23 01:22:33 INFO: 01:22:33.505 [main] [INFO ] q.l.p.CommandLineTaskRunner$CommandLineProgressMonitor - 2563 nuclei detected (36%)
2024-10-23 01:22:33 INFO: 01:22:33.630 [task-runner-1-58] [INFO ] q.lib.plugins.DetectionPluginTools - 2538 nuclei detected (processing time: 20.56 seconds)
2024-10-23 01:22:33 INFO: 01:22:33.653 [main] [INFO ] q.l.p.CommandLineTaskRunner$CommandLineProgressMonitor - 2538 nuclei detected (37%)
2024-10-23 01:22:34 INFO: 01:22:34.000 [task-runner-1-8] [INFO ] q.lib.plugins.DetectionPluginTools - 0 nuclei detected (processing time: 6.43 seconds)
2024-10-23 01:22:34 INFO: 01:22:34.002 [main] [INFO ] q.l.p.CommandLineTaskRunner$CommandLineProgressMonitor - 0 nuclei detected (38%)
2024-10-23 01:22:34 INFO: 01:22:34.644 [task-runner-1-55] [INFO ] q.lib.plugins.DetectionPluginTools - 3180 nuclei detected (processing time: 21.57 seconds)
2024-10-23 01:22:34 INFO: 01:22:34.646 [main] [INFO ] q.l.p.CommandLineTaskRunner$CommandLineProgressMonitor - 3180 nuclei detected (38%)
2024-10-23 01:22:34 INFO: 01:22:34.682 [task-runner-1-38] [INFO ] q.lib.plugins.DetectionPluginTools - 3733 nuclei detected (processing time: 21.61 seconds)
2024-10-23 01:22:34 INFO: 01:22:34.683 [main] [INFO ] q.l.p.CommandLineTaskRunner$CommandLineProgressMonitor - 3733 nuclei detected (39%)
2024-10-23 01:22:34 INFO: 01:22:34.773 [task-runner-1-57] [INFO ] q.lib.plugins.DetectionPluginTools - 3115 nuclei detected (processing time: 21.70 seconds)
2024-10-23 01:22:34 INFO: 01:22:34.777 [main] [INFO ] q.l.p.CommandLineTaskRunner$CommandLineProgressMonitor - 3115 nuclei detected (39%)
2024-10-23 01:22:34 INFO: 01:22:34.977 [task-runner-1-10] [INFO ] q.lib.plugins.DetectionPluginTools - 133 nuclei detected (processing time: 7.39 seconds)
2024-10-23 01:22:34 INFO: 01:22:34.978 [main] [INFO ] q.l.p.CommandLineTaskRunner$CommandLineProgressMonitor - 133 nuclei detected (40%)
2024-10-23 01:22:35 INFO: 01:22:35.316 [task-runner-1-56] [INFO ] q.lib.plugins.DetectionPluginTools - 3866 nuclei detected (processing time: 22.25 seconds)
2024-10-23 01:22:35 INFO: 01:22:35.320 [main] [INFO ] q.l.p.CommandLineTaskRunner$CommandLineProgressMonitor - 3866 nuclei detected (41%)
2024-10-23 01:22:35 INFO: 01:22:35.424 [task-runner-1-13] [INFO ] q.lib.plugins.DetectionPluginTools - 110 nuclei detected (processing time: 7.84 seconds)
2024-10-23 01:22:35 INFO: 01:22:35.425 [main] [INFO ] q.l.p.CommandLineTaskRunner$CommandLineProgressMonitor - 110 nuclei detected (41%)
2024-10-23 01:22:35 INFO: 01:22:35.534 [task-runner-1-37] [INFO ] q.lib.plugins.DetectionPluginTools - 4407 nuclei detected (processing time: 22.47 seconds)
2024-10-23 01:22:35 INFO: 01:22:35.536 [main] [INFO ] q.l.p.CommandLineTaskRunner$CommandLineProgressMonitor - 4407 nuclei detected (42%)
2024-10-23 01:22:35 INFO: 01:22:35.656 [task-runner-1-18] [INFO ] q.lib.plugins.DetectionPluginTools - 3 nuclei detected (processing time: 7.55 seconds)
2024-10-23 01:22:35 INFO: 01:22:35.658 [main] [INFO ] q.l.p.CommandLineTaskRunner$CommandLineProgressMonitor - 3 nuclei detected (43%)
2024-10-23 01:22:36 INFO: 01:22:36.099 [task-runner-1-61] [INFO ] q.lib.plugins.DetectionPluginTools - 83 nuclei detected (processing time: 8.01 seconds)
2024-10-23 01:22:36 INFO: 01:22:36.101 [main] [INFO ] q.l.p.CommandLineTaskRunner$CommandLineProgressMonitor - 83 nuclei detected (43%)
2024-10-23 01:22:36 INFO: 01:22:36.132 [task-runner-1-7] [INFO ] q.lib.plugins.DetectionPluginTools - 434 nuclei detected (processing time: 8.58 seconds)
2024-10-23 01:22:36 INFO: 01:22:36.134 [main] [INFO ] q.l.p.CommandLineTaskRunner$CommandLineProgressMonitor - 434 nuclei detected (44%)
2024-10-23 01:22:36 INFO: 01:22:36.143 [task-runner-1-33] [INFO ] q.lib.plugins.DetectionPluginTools - 133 nuclei detected (processing time: 7.97 seconds)
2024-10-23 01:22:36 INFO: 01:22:36.145 [main] [INFO ] q.l.p.CommandLineTaskRunner$CommandLineProgressMonitor - 133 nuclei detected (44%)
2024-10-23 01:22:36 INFO: 01:22:36.245 [task-runner-1-9] [INFO ] q.lib.plugins.DetectionPluginTools - 184 nuclei detected (processing time: 8.68 seconds)
2024-10-23 01:22:36 INFO: 01:22:36.251 [main] [INFO ] q.l.p.CommandLineTaskRunner$CommandLineProgressMonitor - 184 nuclei detected (45%)
2024-10-23 01:22:36 INFO: 01:22:36.292 [task-runner-1-54] [INFO ] q.lib.plugins.DetectionPluginTools - 4474 nuclei detected (processing time: 23.22 seconds)
2024-10-23 01:22:36 INFO: 01:22:36.294 [main] [INFO ] q.l.p.CommandLineTaskRunner$CommandLineProgressMonitor - 4474 nuclei detected (46%)
2024-10-23 01:22:36 INFO: 01:22:36.444 [task-runner-1-44] [INFO ] q.lib.plugins.DetectionPluginTools - 149 nuclei detected (processing time: 8.28 seconds)
2024-10-23 01:22:36 INFO: 01:22:36.445 [main] [INFO ] q.l.p.CommandLineTaskRunner$CommandLineProgressMonitor - 149 nuclei detected (46%)
2024-10-23 01:22:36 INFO: 01:22:36.872 [task-runner-1-35] [INFO ] q.lib.plugins.DetectionPluginTools - 229 nuclei detected (processing time: 8.59 seconds)
2024-10-23 01:22:36 INFO: 01:22:36.874 [main] [INFO ] q.l.p.CommandLineTaskRunner$CommandLineProgressMonitor - 229 nuclei detected (47%)
2024-10-23 01:22:37 INFO: 01:22:37.292 [task-runner-1-53] [INFO ] q.lib.plugins.DetectionPluginTools - 5887 nuclei detected (processing time: 24.22 seconds)
2024-10-23 01:22:37 INFO: 01:22:37.293 [main] [INFO ] q.l.p.CommandLineTaskRunner$CommandLineProgressMonitor - 5887 nuclei detected (48%)
2024-10-23 01:22:37 INFO: 01:22:37.484 [task-runner-1-11] [INFO ] q.lib.plugins.DetectionPluginTools - 843 nuclei detected (processing time: 9.90 seconds)
2024-10-23 01:22:37 INFO: 01:22:37.486 [main] [INFO ] q.l.p.CommandLineTaskRunner$CommandLineProgressMonitor - 843 nuclei detected (48%)
2024-10-23 01:22:37 INFO: 01:22:37.867 [task-runner-1-36] [INFO ] q.lib.plugins.DetectionPluginTools - 0 nuclei detected (processing time: 6.29 seconds)
2024-10-23 01:22:37 INFO: 01:22:37.868 [main] [INFO ] q.l.p.CommandLineTaskRunner$CommandLineProgressMonitor - 0 nuclei detected (49%)
2024-10-23 01:22:38 INFO: 01:22:38.210 [task-runner-1-27] [INFO ] q.lib.plugins.DetectionPluginTools - 697 nuclei detected (processing time: 10.65 seconds)
2024-10-23 01:22:38 INFO: 01:22:38.213 [main] [INFO ] q.l.p.CommandLineTaskRunner$CommandLineProgressMonitor - 697 nuclei detected (49%)
2024-10-23 01:22:38 INFO: 01:22:38.929 [task-runner-1-40] [INFO ] q.lib.plugins.DetectionPluginTools - 45 nuclei detected (processing time: 7.44 seconds)
2024-10-23 01:22:38 INFO: 01:22:38.930 [main] [INFO ] q.l.p.CommandLineTaskRunner$CommandLineProgressMonitor - 45 nuclei detected (50%)
2024-10-23 01:22:39 INFO: 01:22:39.151 [task-runner-1-1] [INFO ] q.lib.plugins.DetectionPluginTools - 313 nuclei detected (processing time: 7.34 seconds)
2024-10-23 01:22:39 INFO: 01:22:39.153 [main] [INFO ] q.l.p.CommandLineTaskRunner$CommandLineProgressMonitor - 313 nuclei detected (51%)
2024-10-23 01:22:40 INFO: 01:22:40.545 [task-runner-1-10] [INFO ] q.lib.plugins.DetectionPluginTools - 0 nuclei detected (processing time: 5.57 seconds)
2024-10-23 01:22:40 INFO: 01:22:40.547 [main] [INFO ] q.l.p.CommandLineTaskRunner$CommandLineProgressMonitor - 0 nuclei detected (51%)
2024-10-23 01:22:41 INFO: 01:22:41.106 [task-runner-1-63] [INFO ] q.lib.plugins.DetectionPluginTools - 722 nuclei detected (processing time: 13.02 seconds)
2024-10-23 01:22:41 INFO: 01:22:41.110 [main] [INFO ] q.l.p.CommandLineTaskRunner$CommandLineProgressMonitor - 722 nuclei detected (52%)
2024-10-23 01:22:41 INFO: 01:22:41.243 [task-runner-1-52] [INFO ] q.lib.plugins.DetectionPluginTools - 234 nuclei detected (processing time: 8.41 seconds)
2024-10-23 01:22:41 INFO: 01:22:41.257 [main] [INFO ] q.l.p.CommandLineTaskRunner$CommandLineProgressMonitor - 234 nuclei detected (53%)
2024-10-23 01:22:41 INFO: 01:22:41.323 [task-runner-1-48] [INFO ] q.lib.plugins.DetectionPluginTools - 1367 nuclei detected (processing time: 13.76 seconds)
2024-10-23 01:22:41 INFO: 01:22:41.329 [main] [INFO ] q.l.p.CommandLineTaskRunner$CommandLineProgressMonitor - 1367 nuclei detected (53%)
2024-10-23 01:22:42 INFO: 01:22:42.179 [task-runner-1-56] [INFO ] q.lib.plugins.DetectionPluginTools - 0 nuclei detected (processing time: 6.86 seconds)
2024-10-23 01:22:42 INFO: 01:22:42.181 [main] [INFO ] q.l.p.CommandLineTaskRunner$CommandLineProgressMonitor - 0 nuclei detected (54%)
2024-10-23 01:22:42 INFO: 01:22:42.184 [task-runner-1-54] [INFO ] q.lib.plugins.DetectionPluginTools - 0 nuclei detected (processing time: 5.89 seconds)
2024-10-23 01:22:42 INFO: 01:22:42.487 [task-runner-1-7] [INFO ] q.lib.plugins.DetectionPluginTools - 12 nuclei detected (processing time: 6.35 seconds)
2024-10-23 01:22:42 INFO: 01:22:42.489 [main] [INFO ] q.l.p.CommandLineTaskRunner$CommandLineProgressMonitor - 12 nuclei detected (55%)
2024-10-23 01:22:42 INFO: 01:22:42.530 [task-runner-1-61] [INFO ] q.lib.plugins.DetectionPluginTools - 3 nuclei detected (processing time: 6.43 seconds)
2024-10-23 01:22:42 INFO: 01:22:42.535 [main] [INFO ] q.l.p.CommandLineTaskRunner$CommandLineProgressMonitor - 3 nuclei detected (56%)
2024-10-23 01:22:42 INFO: 01:22:42.620 [task-runner-1-44] [INFO ] q.lib.plugins.DetectionPluginTools - 19 nuclei detected (processing time: 6.17 seconds)
2024-10-23 01:22:42 INFO: 01:22:42.621 [main] [INFO ] q.l.p.CommandLineTaskRunner$CommandLineProgressMonitor - 19 nuclei detected (56%)
2024-10-23 01:22:42 INFO: 01:22:42.662 [task-runner-1-59] [INFO ] q.lib.plugins.DetectionPluginTools - 290 nuclei detected (processing time: 9.82 seconds)
2024-10-23 01:22:42 INFO: 01:22:42.666 [main] [INFO ] q.l.p.CommandLineTaskRunner$CommandLineProgressMonitor - 290 nuclei detected (57%)
2024-10-23 01:22:42 INFO: 01:22:42.740 [task-runner-1-37] [INFO ] q.lib.plugins.DetectionPluginTools - 77 nuclei detected (processing time: 7.20 seconds)
2024-10-23 01:22:42 INFO: 01:22:42.747 [main] [INFO ] q.l.p.CommandLineTaskRunner$CommandLineProgressMonitor - 77 nuclei detected (57%)
2024-10-23 01:22:42 INFO: 01:22:42.783 [task-runner-1-33] [INFO ] q.lib.plugins.DetectionPluginTools - 0 nuclei detected (processing time: 6.64 seconds)
2024-10-23 01:22:42 INFO: 01:22:42.785 [main] [INFO ] q.l.p.CommandLineTaskRunner$CommandLineProgressMonitor - 0 nuclei detected (58%)
2024-10-23 01:22:42 INFO: 01:22:42.816 [task-runner-1-9] [INFO ] q.lib.plugins.DetectionPluginTools - 0 nuclei detected (processing time: 6.56 seconds)
2024-10-23 01:22:42 INFO: 01:22:42.817 [main] [INFO ] q.l.p.CommandLineTaskRunner$CommandLineProgressMonitor - 0 nuclei detected (59%)
2024-10-23 01:22:42 INFO: 01:22:42.830 [task-runner-1-13] [INFO ] q.lib.plugins.DetectionPluginTools - 106 nuclei detected (processing time: 7.41 seconds)
2024-10-23 01:22:42 INFO: 01:22:42.832 [main] [INFO ] q.l.p.CommandLineTaskRunner$CommandLineProgressMonitor - 106 nuclei detected (59%)
2024-10-23 01:22:43 INFO: 01:22:43.611 [task-runner-1-57] [INFO ] q.lib.plugins.DetectionPluginTools - 1060 nuclei detected (processing time: 8.83 seconds)
2024-10-23 01:22:43 INFO: 01:22:43.615 [main] [INFO ] q.l.p.CommandLineTaskRunner$CommandLineProgressMonitor - 1060 nuclei detected (60%)
2024-10-23 01:22:43 INFO: 01:22:43.820 [task-runner-1-18] [INFO ] q.lib.plugins.DetectionPluginTools - 113 nuclei detected (processing time: 8.16 seconds)
2024-10-23 01:22:43 INFO: 01:22:43.821 [main] [INFO ] q.l.p.CommandLineTaskRunner$CommandLineProgressMonitor - 113 nuclei detected (61%)
2024-10-23 01:22:44 INFO: 01:22:44.122 [task-runner-1-35] [INFO ] q.lib.plugins.DetectionPluginTools - 356 nuclei detected (processing time: 7.25 seconds)
2024-10-23 01:22:44 INFO: 01:22:44.124 [main] [INFO ] q.l.p.CommandLineTaskRunner$CommandLineProgressMonitor - 356 nuclei detected (61%)
2024-10-23 01:22:44 INFO: 01:22:44.704 [task-runner-1-27] [INFO ] q.lib.plugins.DetectionPluginTools - 0 nuclei detected (processing time: 6.49 seconds)
2024-10-23 01:22:44 INFO: 01:22:44.706 [main] [INFO ] q.l.p.CommandLineTaskRunner$CommandLineProgressMonitor - 0 nuclei detected (62%)
2024-10-23 01:22:44 INFO: 01:22:44.840 [task-runner-1-4] [INFO ] q.lib.plugins.DetectionPluginTools - 2610 nuclei detected (processing time: 17.29 seconds)
2024-10-23 01:22:44 INFO: 01:22:44.841 [main] [INFO ] q.l.p.CommandLineTaskRunner$CommandLineProgressMonitor - 2610 nuclei detected (63%)
2024-10-23 01:22:45 INFO: 01:22:45.152 [task-runner-1-22] [INFO ] q.lib.plugins.DetectionPluginTools - 2232 nuclei detected (processing time: 14.08 seconds)
2024-10-23 01:22:45 INFO: 01:22:45.153 [main] [INFO ] q.l.p.CommandLineTaskRunner$CommandLineProgressMonitor - 2232 nuclei detected (63%)
2024-10-23 01:22:45 INFO: 01:22:45.352 [task-runner-1-40] [INFO ] q.lib.plugins.DetectionPluginTools - 0 nuclei detected (processing time: 6.42 seconds)
2024-10-23 01:22:45 INFO: 01:22:45.353 [main] [INFO ] q.l.p.CommandLineTaskRunner$CommandLineProgressMonitor - 0 nuclei detected (64%)
2024-10-23 01:22:45 INFO: 01:22:45.434 [task-runner-1-1] [INFO ] q.lib.plugins.DetectionPluginTools - 0 nuclei detected (processing time: 6.28 seconds)
2024-10-23 01:22:46 INFO: 01:22:46.496 [task-runner-1-21] [INFO ] q.lib.plugins.DetectionPluginTools - 1304 nuclei detected (processing time: 13.12 seconds)
2024-10-23 01:22:46 INFO: 01:22:46.498 [main] [INFO ] q.l.p.CommandLineTaskRunner$CommandLineProgressMonitor - 1304 nuclei detected (65%)
2024-10-23 01:22:46 INFO: 01:22:46.645 [task-runner-1-48] [INFO ] q.lib.plugins.DetectionPluginTools - 1 nucleus detected (processing time: 5.32 seconds)
2024-10-23 01:22:46 INFO: 01:22:46.646 [main] [INFO ] q.l.p.CommandLineTaskRunner$CommandLineProgressMonitor - 1 nucleus detected (66%)
2024-10-23 01:22:46 INFO: 01:22:46.919 [task-runner-1-10] [INFO ] q.lib.plugins.DetectionPluginTools - 7 nuclei detected (processing time: 6.37 seconds)
2024-10-23 01:22:46 INFO: 01:22:46.920 [main] [INFO ] q.l.p.CommandLineTaskRunner$CommandLineProgressMonitor - 7 nuclei detected (66%)
2024-10-23 01:22:47 INFO: 01:22:47.030 [task-runner-1-39] [INFO ] q.lib.plugins.DetectionPluginTools - 1328 nuclei detected (processing time: 13.62 seconds)
2024-10-23 01:22:47 INFO: 01:22:47.031 [main] [INFO ] q.l.p.CommandLineTaskRunner$CommandLineProgressMonitor - 1328 nuclei detected (67%)
2024-10-23 01:22:47 INFO: 01:22:47.059 [task-runner-1-14] [INFO ] q.lib.plugins.DetectionPluginTools - 3264 nuclei detected (processing time: 19.50 seconds)
2024-10-23 01:22:47 INFO: 01:22:47.059 [main] [INFO ] q.l.p.CommandLineTaskRunner$CommandLineProgressMonitor - 3264 nuclei detected (68%)
2024-10-23 01:22:47 INFO: 01:22:47.181 [task-runner-1-6] [INFO ] q.lib.plugins.DetectionPluginTools - 3019 nuclei detected (processing time: 19.59 seconds)
2024-10-23 01:22:47 INFO: 01:22:47.182 [main] [INFO ] q.l.p.CommandLineTaskRunner$CommandLineProgressMonitor - 3019 nuclei detected (68%)
2024-10-23 01:22:47 INFO: 01:22:47.236 [task-runner-1-29] [INFO ] q.lib.plugins.DetectionPluginTools - 3154 nuclei detected (processing time: 19.67 seconds)
2024-10-23 01:22:47 INFO: 01:22:47.237 [main] [INFO ] q.l.p.CommandLineTaskRunner$CommandLineProgressMonitor - 3154 nuclei detected (69%)
2024-10-23 01:22:47 INFO: 01:22:47.306 [task-runner-1-54] [INFO ] q.lib.plugins.DetectionPluginTools - 0 nuclei detected (processing time: 5.12 seconds)
2024-10-23 01:22:47 INFO: 01:22:47.306 [main] [INFO ] q.l.p.CommandLineTaskRunner$CommandLineProgressMonitor - 0 nuclei detected (69%)
2024-10-23 01:22:47 INFO: 01:22:47.374 [task-runner-1-53] [INFO ] q.lib.plugins.DetectionPluginTools - 1553 nuclei detected (processing time: 10.08 seconds)
2024-10-23 01:22:47 INFO: 01:22:47.375 [main] [INFO ] q.l.p.CommandLineTaskRunner$CommandLineProgressMonitor - 1553 nuclei detected (70%)
2024-10-23 01:22:47 INFO: 01:22:47.582 [task-runner-1-16] [INFO ] q.lib.plugins.DetectionPluginTools - 2056 nuclei detected (processing time: 14.34 seconds)
2024-10-23 01:22:47 INFO: 01:22:47.583 [task-runner-1-52] [INFO ] q.lib.plugins.DetectionPluginTools - 0 nuclei detected (processing time: 6.33 seconds)
2024-10-23 01:22:47 INFO: 01:22:47.583 [main] [INFO ] q.l.p.CommandLineTaskRunner$CommandLineProgressMonitor - 0 nuclei detected (71%)
2024-10-23 01:22:47 INFO: 01:22:47.583 [main] [INFO ] q.l.p.CommandLineTaskRunner$CommandLineProgressMonitor - 2056 nuclei detected (71%)
2024-10-23 01:22:47 INFO: 01:22:47.598 [task-runner-1-50] [INFO ] q.lib.plugins.DetectionPluginTools - 2662 nuclei detected (processing time: 19.23 seconds)
2024-10-23 01:22:47 INFO: 01:22:47.599 [main] [INFO ] q.l.p.CommandLineTaskRunner$CommandLineProgressMonitor - 2662 nuclei detected (72%)
2024-10-23 01:22:47 INFO: 01:22:47.721 [task-runner-1-49] [INFO ] q.lib.plugins.DetectionPluginTools - 2769 nuclei detected (processing time: 19.77 seconds)
2024-10-23 01:22:47 INFO: 01:22:47.722 [main] [INFO ] q.l.p.CommandLineTaskRunner$CommandLineProgressMonitor - 2769 nuclei detected (73%)
2024-10-23 01:22:47 INFO: 01:22:47.736 [task-runner-1-63] [INFO ] q.lib.plugins.DetectionPluginTools - 1 nucleus detected (processing time: 6.63 seconds)
2024-10-23 01:22:47 INFO: 01:22:47.736 [main] [INFO ] q.l.p.CommandLineTaskRunner$CommandLineProgressMonitor - 1 nucleus detected (73%)
2024-10-23 01:22:47 INFO: 01:22:47.897 [task-runner-1-56] [INFO ] q.lib.plugins.DetectionPluginTools - 1 nucleus detected (processing time: 5.72 seconds)
2024-10-23 01:22:47 INFO: 01:22:47.898 [main] [INFO ] q.l.p.CommandLineTaskRunner$CommandLineProgressMonitor - 1 nucleus detected (74%)
2024-10-23 01:22:48 INFO: 01:22:48.234 [task-runner-1-44] [INFO ] q.lib.plugins.DetectionPluginTools - 0 nuclei detected (processing time: 5.61 seconds)
2024-10-23 01:22:48 INFO: 01:22:48.234 [main] [INFO ] q.l.p.CommandLineTaskRunner$CommandLineProgressMonitor - 0 nuclei detected (74%)
2024-10-23 01:22:48 INFO: 01:22:48.288 [task-runner-1-13] [INFO ] q.lib.plugins.DetectionPluginTools - 0 nuclei detected (processing time: 5.46 seconds)
2024-10-23 01:22:48 INFO: 01:22:48.289 [main] [INFO ] q.l.p.CommandLineTaskRunner$CommandLineProgressMonitor - 0 nuclei detected (75%)
2024-10-23 01:22:48 INFO: 01:22:48.409 [task-runner-1-47] [INFO ] q.lib.plugins.DetectionPluginTools - 3406 nuclei detected (processing time: 20.81 seconds)
2024-10-23 01:22:48 INFO: 01:22:48.410 [main] [INFO ] q.l.p.CommandLineTaskRunner$CommandLineProgressMonitor - 3406 nuclei detected (76%)
2024-10-23 01:22:48 INFO: 01:22:48.459 [task-runner-1-33] [INFO ] q.lib.plugins.DetectionPluginTools - 0 nuclei detected (processing time: 5.67 seconds)
2024-10-23 01:22:48 INFO: 01:22:48.459 [main] [INFO ] q.l.p.CommandLineTaskRunner$CommandLineProgressMonitor - 0 nuclei detected (76%)
2024-10-23 01:22:48 INFO: 01:22:48.499 [task-runner-1-62] [INFO ] q.lib.plugins.DetectionPluginTools - 2589 nuclei detected (processing time: 20.18 seconds)
2024-10-23 01:22:48 INFO: 01:22:48.500 [main] [INFO ] q.l.p.CommandLineTaskRunner$CommandLineProgressMonitor - 2589 nuclei detected (77%)
2024-10-23 01:22:48 INFO: 01:22:48.580 [task-runner-1-59] [INFO ] q.lib.plugins.DetectionPluginTools - 2 nuclei detected (processing time: 5.91 seconds)
2024-10-23 01:22:48 INFO: 01:22:48.580 [main] [INFO ] q.l.p.CommandLineTaskRunner$CommandLineProgressMonitor - 2 nuclei detected (78%)
2024-10-23 01:22:48 INFO: 01:22:48.647 [task-runner-1-12] [INFO ] q.lib.plugins.DetectionPluginTools - 3798 nuclei detected (processing time: 21.09 seconds)
2024-10-23 01:22:48 INFO: 01:22:48.648 [main] [INFO ] q.l.p.CommandLineTaskRunner$CommandLineProgressMonitor - 3798 nuclei detected (78%)
2024-10-23 01:22:48 INFO: 01:22:48.652 [task-runner-1-25] [INFO ] q.lib.plugins.DetectionPluginTools - 2783 nuclei detected (processing time: 20.26 seconds)
2024-10-23 01:22:48 INFO: 01:22:48.653 [main] [INFO ] q.l.p.CommandLineTaskRunner$CommandLineProgressMonitor - 2783 nuclei detected (79%)
2024-10-23 01:22:48 INFO: 01:22:48.680 [task-runner-1-7] [INFO ] q.lib.plugins.DetectionPluginTools - 1 nucleus detected (processing time: 6.19 seconds)
2024-10-23 01:22:48 INFO: 01:22:48.680 [main] [INFO ] q.l.p.CommandLineTaskRunner$CommandLineProgressMonitor - 1 nucleus detected (79%)
2024-10-23 01:22:48 INFO: 01:22:48.686 [task-runner-1-9] [INFO ] q.lib.plugins.DetectionPluginTools - 0 nuclei detected (processing time: 5.87 seconds)
2024-10-23 01:22:48 INFO: 01:22:48.687 [main] [INFO ] q.l.p.CommandLineTaskRunner$CommandLineProgressMonitor - 0 nuclei detected (80%)
2024-10-23 01:22:48 INFO: 01:22:48.691 [task-runner-1-30] [INFO ] q.lib.plugins.DetectionPluginTools - 4043 nuclei detected (processing time: 21.13 seconds)
2024-10-23 01:22:48 INFO: 01:22:48.692 [main] [INFO ] q.l.p.CommandLineTaskRunner$CommandLineProgressMonitor - 4043 nuclei detected (81%)
2024-10-23 01:22:48 INFO: 01:22:48.715 [task-runner-1-5] [INFO ] q.lib.plugins.DetectionPluginTools - 3376 nuclei detected (processing time: 20.87 seconds)
2024-10-23 01:22:48 INFO: 01:22:48.715 [main] [INFO ] q.l.p.CommandLineTaskRunner$CommandLineProgressMonitor - 3376 nuclei detected (81%)
2024-10-23 01:22:48 INFO: 01:22:48.767 [task-runner-1-45] [INFO ] q.lib.plugins.DetectionPluginTools - 2945 nuclei detected (processing time: 20.82 seconds)
2024-10-23 01:22:48 INFO: 01:22:48.767 [main] [INFO ] q.l.p.CommandLineTaskRunner$CommandLineProgressMonitor - 2945 nuclei detected (82%)
2024-10-23 01:22:48 INFO: 01:22:48.823 [task-runner-1-19] [INFO ] q.lib.plugins.DetectionPluginTools - 2442 nuclei detected (processing time: 20.81 seconds)
2024-10-23 01:22:48 INFO: 01:22:48.824 [main] [INFO ] q.l.p.CommandLineTaskRunner$CommandLineProgressMonitor - 2442 nuclei detected (83%)
2024-10-23 01:22:48 INFO: 01:22:48.866 [task-runner-1-61] [INFO ] q.lib.plugins.DetectionPluginTools - 1 nucleus detected (processing time: 6.33 seconds)
2024-10-23 01:22:48 INFO: 01:22:48.867 [main] [INFO ] q.l.p.CommandLineTaskRunner$CommandLineProgressMonitor - 1 nucleus detected (83%)
2024-10-23 01:22:48 INFO: 01:22:48.867 [task-runner-1-2] [INFO ] q.lib.plugins.DetectionPluginTools - 3861 nuclei detected (processing time: 21.31 seconds)
2024-10-23 01:22:48 INFO: 01:22:48.867 [main] [INFO ] q.l.p.CommandLineTaskRunner$CommandLineProgressMonitor - 3861 nuclei detected (84%)
2024-10-23 01:22:48 INFO: 01:22:48.913 [task-runner-1-18] [INFO ] q.lib.plugins.DetectionPluginTools - 0 nuclei detected (processing time: 5.09 seconds)
2024-10-23 01:22:48 INFO: 01:22:48.913 [main] [INFO ] q.l.p.CommandLineTaskRunner$CommandLineProgressMonitor - 0 nuclei detected (84%)
2024-10-23 01:22:48 INFO: 01:22:48.920 [task-runner-1-34] [INFO ] q.lib.plugins.DetectionPluginTools - 3526 nuclei detected (processing time: 20.57 seconds)
2024-10-23 01:22:48 INFO: 01:22:48.920 [main] [INFO ] q.l.p.CommandLineTaskRunner$CommandLineProgressMonitor - 3526 nuclei detected (85%)
2024-10-23 01:22:49 INFO: 01:22:49.139 [task-runner-1-32] [INFO ] q.lib.plugins.DetectionPluginTools - 1147 nuclei detected (processing time: 15.94 seconds)
2024-10-23 01:22:49 INFO: 01:22:49.139 [main] [INFO ] q.l.p.CommandLineTaskRunner$CommandLineProgressMonitor - 1147 nuclei detected (86%)
2024-10-23 01:22:49 INFO: 01:22:49.146 [task-runner-1-28] [INFO ] q.lib.plugins.DetectionPluginTools - 3686 nuclei detected (processing time: 21.49 seconds)
2024-10-23 01:22:49 INFO: 01:22:49.146 [main] [INFO ] q.l.p.CommandLineTaskRunner$CommandLineProgressMonitor - 3686 nuclei detected (86%)
2024-10-23 01:22:49 INFO: 01:22:49.150 [task-runner-1-26] [INFO ] q.lib.plugins.DetectionPluginTools - 3938 nuclei detected (processing time: 21.45 seconds)
2024-10-23 01:22:49 INFO: 01:22:49.150 [main] [INFO ] q.l.p.CommandLineTaskRunner$CommandLineProgressMonitor - 3938 nuclei detected (87%)
2024-10-23 01:22:49 INFO: 01:22:49.274 [task-runner-1-37] [INFO ] q.lib.plugins.DetectionPluginTools - 0 nuclei detected (processing time: 6.53 seconds)
2024-10-23 01:22:49 INFO: 01:22:49.274 [main] [INFO ] q.l.p.CommandLineTaskRunner$CommandLineProgressMonitor - 0 nuclei detected (88%)
2024-10-23 01:22:49 INFO: 01:22:49.301 [task-runner-1-17] [INFO ] q.lib.plugins.DetectionPluginTools - 3474 nuclei detected (processing time: 21.74 seconds)
2024-10-23 01:22:49 INFO: 01:22:49.301 [main] [INFO ] q.l.p.CommandLineTaskRunner$CommandLineProgressMonitor - 3474 nuclei detected (88%)
2024-10-23 01:22:49 INFO: 01:22:49.331 [task-runner-1-20] [INFO ] q.lib.plugins.DetectionPluginTools - 3549 nuclei detected (processing time: 20.89 seconds)
2024-10-23 01:22:49 INFO: 01:22:49.332 [main] [INFO ] q.l.p.CommandLineTaskRunner$CommandLineProgressMonitor - 3549 nuclei detected (89%)
2024-10-23 01:22:49 INFO: 01:22:49.352 [task-runner-1-57] [INFO ] q.lib.plugins.DetectionPluginTools - 0 nuclei detected (processing time: 5.74 seconds)
2024-10-23 01:22:49 INFO: 01:22:49.352 [main] [INFO ] q.l.p.CommandLineTaskRunner$CommandLineProgressMonitor - 0 nuclei detected (89%)
2024-10-23 01:22:49 INFO: 01:22:49.361 [task-runner-1-43] [INFO ] q.lib.plugins.DetectionPluginTools - 3439 nuclei detected (processing time: 18.40 seconds)
2024-10-23 01:22:49 INFO: 01:22:49.361 [main] [INFO ] q.l.p.CommandLineTaskRunner$CommandLineProgressMonitor - 3439 nuclei detected (90%)
2024-10-23 01:22:49 INFO: 01:22:49.527 [task-runner-1-41] [INFO ] q.lib.plugins.DetectionPluginTools - 2965 nuclei detected (processing time: 16.08 seconds)
2024-10-23 01:22:49 INFO: 01:22:49.528 [main] [INFO ] q.l.p.CommandLineTaskRunner$CommandLineProgressMonitor - 2965 nuclei detected (91%)
2024-10-23 01:22:49 INFO: 01:22:49.528 [task-runner-1-46] [INFO ] q.lib.plugins.DetectionPluginTools - 3974 nuclei detected (processing time: 21.79 seconds)
2024-10-23 01:22:49 INFO: 01:22:49.529 [main] [INFO ] q.l.p.CommandLineTaskRunner$CommandLineProgressMonitor - 3974 nuclei detected (91%)
2024-10-23 01:22:49 INFO: 01:22:49.538 [task-runner-1-51] [INFO ] q.lib.plugins.DetectionPluginTools - 3438 nuclei detected (processing time: 18.57 seconds)
2024-10-23 01:22:49 INFO: 01:22:49.539 [main] [INFO ] q.l.p.CommandLineTaskRunner$CommandLineProgressMonitor - 3438 nuclei detected (92%)
2024-10-23 01:22:49 INFO: 01:22:49.689 [task-runner-1-15] [INFO ] q.lib.plugins.DetectionPluginTools - 5292 nuclei detected (processing time: 22.13 seconds)
2024-10-23 01:22:49 INFO: 01:22:49.689 [main] [INFO ] q.l.p.CommandLineTaskRunner$CommandLineProgressMonitor - 5292 nuclei detected (93%)
2024-10-23 01:22:49 INFO: 01:22:49.719 [task-runner-1-3] [INFO ] q.lib.plugins.DetectionPluginTools - 6497 nuclei detected (processing time: 22.16 seconds)
2024-10-23 01:22:49 INFO: 01:22:49.720 [main] [INFO ] q.l.p.CommandLineTaskRunner$CommandLineProgressMonitor - 6497 nuclei detected (93%)
2024-10-23 01:22:49 INFO: 01:22:49.745 [task-runner-1-11] [INFO ] q.lib.plugins.DetectionPluginTools - 2296 nuclei detected (processing time: 12.26 seconds)
2024-10-23 01:22:49 INFO: 01:22:49.745 [main] [INFO ] q.l.p.CommandLineTaskRunner$CommandLineProgressMonitor - 2296 nuclei detected (94%)
2024-10-23 01:22:49 INFO: 01:22:49.843 [task-runner-1-31] [INFO ] q.lib.plugins.DetectionPluginTools - 4450 nuclei detected (processing time: 22.23 seconds)
2024-10-23 01:22:49 INFO: 01:22:49.844 [main] [INFO ] q.l.p.CommandLineTaskRunner$CommandLineProgressMonitor - 4450 nuclei detected (94%)
2024-10-23 01:22:49 INFO: 01:22:49.896 [task-runner-1-36] [INFO ] q.lib.plugins.DetectionPluginTools - 2655 nuclei detected (processing time: 12.03 seconds)
2024-10-23 01:22:49 INFO: 01:22:49.896 [main] [INFO ] q.l.p.CommandLineTaskRunner$CommandLineProgressMonitor - 2655 nuclei detected (95%)
2024-10-23 01:22:50 INFO: 01:22:50.294 [task-runner-1-23] [INFO ] q.lib.plugins.DetectionPluginTools - 3838 nuclei detected (processing time: 19.30 seconds)
2024-10-23 01:22:50 INFO: 01:22:50.294 [main] [INFO ] q.l.p.CommandLineTaskRunner$CommandLineProgressMonitor - 3838 nuclei detected (96%)
2024-10-23 01:22:50 INFO: 01:22:50.346 [task-runner-1-42] [INFO ] q.lib.plugins.DetectionPluginTools - 3895 nuclei detected (processing time: 16.84 seconds)
2024-10-23 01:22:50 INFO: 01:22:50.346 [main] [INFO ] q.l.p.CommandLineTaskRunner$CommandLineProgressMonitor - 3895 nuclei detected (96%)
2024-10-23 01:22:50 INFO: 01:22:50.716 [task-runner-1-24] [INFO ] q.lib.plugins.DetectionPluginTools - 4480 nuclei detected (processing time: 19.74 seconds)
2024-10-23 01:22:50 INFO: 01:22:50.717 [main] [INFO ] q.l.p.CommandLineTaskRunner$CommandLineProgressMonitor - 4480 nuclei detected (97%)
2024-10-23 01:22:50 INFO: 01:22:50.816 [task-runner-1-60] [INFO ] q.lib.plugins.DetectionPluginTools - 5083 nuclei detected (processing time: 19.78 seconds)
2024-10-23 01:22:50 INFO: 01:22:50.816 [main] [INFO ] q.l.p.CommandLineTaskRunner$CommandLineProgressMonitor - 5083 nuclei detected (98%)
2024-10-23 01:22:51 INFO: 01:22:51.190 [task-runner-1-38] [INFO ] q.lib.plugins.DetectionPluginTools - 4595 nuclei detected (processing time: 16.51 seconds)
2024-10-23 01:22:51 INFO: 01:22:51.191 [main] [INFO ] q.l.p.CommandLineTaskRunner$CommandLineProgressMonitor - 4595 nuclei detected (98%)
2024-10-23 01:22:51 INFO: 01:22:51.328 [task-runner-1-58] [INFO ] q.lib.plugins.DetectionPluginTools - 5116 nuclei detected (processing time: 17.68 seconds)
2024-10-23 01:22:51 INFO: 01:22:51.328 [main] [INFO ] q.l.p.CommandLineTaskRunner$CommandLineProgressMonitor - 5116 nuclei detected (99%)
2024-10-23 01:22:51 INFO: 01:22:51.746 [task-runner-1-55] [INFO ] q.lib.plugins.DetectionPluginTools - 5450 nuclei detected (processing time: 17.10 seconds)
2024-10-23 01:22:51 INFO: 01:22:51.746 [main] [INFO ] q.l.p.CommandLineTaskRunner$CommandLineProgressMonitor - 5450 nuclei detected (99%)
2024-10-23 01:22:51 INFO: 01:22:51.826 [task-runner-1-8] [INFO ] q.lib.plugins.DetectionPluginTools - 5457 nuclei detected (processing time: 17.82 seconds)
2024-10-23 01:22:51 INFO: 01:22:51.827 [main] [INFO ] q.l.p.CommandLineTaskRunner$CommandLineProgressMonitor - 5457 nuclei detected (100%)
2024-10-23 01:22:51 INFO: 01:22:51.827 [main] [INFO ] q.l.p.CommandLineTaskRunner$CommandLineProgressMonitor - Processing complete in 38.77 seconds
2024-10-23 01:22:51 INFO: 01:22:51.827 [main] [INFO ] q.l.p.CommandLineTaskRunner$CommandLineProgressMonitor - Tasks completed!
2024-10-23 01:23:00 INFO: 01:23:00.320 [main] [WARN ] q.l.p.objects.SmoothFeaturesPlugin - Smoothing using annotations
2024-10-23 01:23:04 INFO: 01:23:04.104 [main] [INFO ] q.l.p.CommandLineTaskRunner$CommandLineProgressMonitor - Completed (100%)
2024-10-23 01:23:04 INFO: 01:23:04.104 [main] [INFO ] q.l.p.CommandLineTaskRunner$CommandLineProgressMonitor - Processing complete in 3.78 seconds
2024-10-23 01:23:04 INFO: 01:23:04.104 [main] [INFO ] q.l.p.CommandLineTaskRunner$CommandLineProgressMonitor - Tasks completed!
2024-10-23 01:23:04 INFO: 01:23:04.106 [main] [WARN ] q.l.p.objects.SmoothFeaturesPlugin - Smoothing using annotations
2024-10-23 01:23:11 INFO: 01:23:11.732 [main] [INFO ] q.l.p.CommandLineTaskRunner$CommandLineProgressMonitor - Completed (100%)
2024-10-23 01:23:11 INFO: 01:23:11.732 [main] [INFO ] q.l.p.CommandLineTaskRunner$CommandLineProgressMonitor - Processing complete in 7.63 seconds
2024-10-23 01:23:11 INFO: 01:23:11.732 [main] [INFO ] q.l.p.CommandLineTaskRunner$CommandLineProgressMonitor - Tasks completed!
2024-10-23 01:23:11 INFO: 01:23:11.734 [main] [WARN ] q.l.p.objects.SmoothFeaturesPlugin - Smoothing using annotations
2024-10-23 01:23:30 INFO: 01:23:30.568 [main] [INFO ] q.l.p.CommandLineTaskRunner$CommandLineProgressMonitor - Completed (100%)
2024-10-23 01:23:30 INFO: 01:23:30.568 [main] [INFO ] q.l.p.CommandLineTaskRunner$CommandLineProgressMonitor - Processing complete in 18.83 seconds
2024-10-23 01:23:30 INFO: 01:23:30.568 [main] [INFO ] q.l.p.CommandLineTaskRunner$CommandLineProgressMonitor - Tasks completed!
2024-10-23 01:23:30 INFO: 01:23:30.787 [task-runner-5-2] [INFO ] q.l.a.IntensityFeaturesPlugin - Splitting Rectangle (0, 0, 63784, 39311) into 40 tiles for intensity measurements
2024-10-23 01:23:31 INFO: 01:23:31.123 [main] [INFO ] q.l.p.CommandLineTaskRunner$CommandLineProgressMonitor - Completed (0%)
2024-10-23 01:23:31 INFO: 01:23:31.610 [main] [INFO ] q.l.p.CommandLineTaskRunner$CommandLineProgressMonitor - Completed (1%)
2024-10-23 01:23:31 INFO: 01:23:31.984 [main] [INFO ] q.l.p.CommandLineTaskRunner$CommandLineProgressMonitor - Completed (2%)
2024-10-23 01:23:32 INFO: 01:23:32.250 [main] [INFO ] q.l.p.CommandLineTaskRunner$CommandLineProgressMonitor - Completed (3%)
2024-10-23 01:23:32 INFO: 01:23:32.435 [main] [INFO ] q.l.p.CommandLineTaskRunner$CommandLineProgressMonitor - Completed (4%)
2024-10-23 01:23:32 INFO: 01:23:32.973 [main] [INFO ] q.l.p.CommandLineTaskRunner$CommandLineProgressMonitor - Completed (5%)
2024-10-23 01:23:33 INFO: 01:23:33.107 [main] [INFO ] q.l.p.CommandLineTaskRunner$CommandLineProgressMonitor - Completed (6%)
2024-10-23 01:23:33 INFO: 01:23:33.219 [main] [INFO ] q.l.p.CommandLineTaskRunner$CommandLineProgressMonitor - Completed (7%)
2024-10-23 01:23:33 INFO: 01:23:33.315 [main] [INFO ] q.l.p.CommandLineTaskRunner$CommandLineProgressMonitor - Completed (8%)
2024-10-23 01:23:33 INFO: 01:23:33.757 [main] [INFO ] q.l.p.CommandLineTaskRunner$CommandLineProgressMonitor - Completed (9%)
2024-10-23 01:23:33 INFO: 01:23:33.856 [main] [INFO ] q.l.p.CommandLineTaskRunner$CommandLineProgressMonitor - Completed (10%)
2024-10-23 01:23:33 INFO: 01:23:33.960 [main] [INFO ] q.l.p.CommandLineTaskRunner$CommandLineProgressMonitor - Completed (11%)
2024-10-23 01:23:34 INFO: 01:23:34.065 [main] [INFO ] q.l.p.CommandLineTaskRunner$CommandLineProgressMonitor - Completed (12%)
2024-10-23 01:23:34 INFO: 01:23:34.167 [main] [INFO ] q.l.p.CommandLineTaskRunner$CommandLineProgressMonitor - Completed (13%)
2024-10-23 01:23:34 INFO: 01:23:34.583 [main] [INFO ] q.l.p.CommandLineTaskRunner$CommandLineProgressMonitor - Completed (14%)
2024-10-23 01:23:34 INFO: 01:23:34.732 [main] [INFO ] q.l.p.CommandLineTaskRunner$CommandLineProgressMonitor - Completed (15%)
2024-10-23 01:23:34 INFO: 01:23:34.842 [main] [INFO ] q.l.p.CommandLineTaskRunner$CommandLineProgressMonitor - Completed (16%)
2024-10-23 01:23:34 INFO: 01:23:34.934 [main] [INFO ] q.l.p.CommandLineTaskRunner$CommandLineProgressMonitor - Completed (17%)
2024-10-23 01:23:35 INFO: 01:23:35.297 [main] [INFO ] q.l.p.CommandLineTaskRunner$CommandLineProgressMonitor - Completed (18%)
2024-10-23 01:23:35 INFO: 01:23:35.418 [main] [INFO ] q.l.p.CommandLineTaskRunner$CommandLineProgressMonitor - Completed (19%)
2024-10-23 01:23:35 INFO: 01:23:35.528 [main] [INFO ] q.l.p.CommandLineTaskRunner$CommandLineProgressMonitor - Completed (20%)
2024-10-23 01:23:35 INFO: 01:23:35.636 [main] [INFO ] q.l.p.CommandLineTaskRunner$CommandLineProgressMonitor - Completed (21%)
2024-10-23 01:23:35 INFO: 01:23:35.745 [main] [INFO ] q.l.p.CommandLineTaskRunner$CommandLineProgressMonitor - Completed (22%)
2024-10-23 01:23:35 INFO: 01:23:35.855 [main] [INFO ] q.l.p.CommandLineTaskRunner$CommandLineProgressMonitor - Completed (23%)
2024-10-23 01:23:35 INFO: 01:23:35.963 [main] [INFO ] q.l.p.CommandLineTaskRunner$CommandLineProgressMonitor - Completed (24%)
2024-10-23 01:23:36 INFO: 01:23:36.073 [main] [INFO ] q.l.p.CommandLineTaskRunner$CommandLineProgressMonitor - Completed (25%)
2024-10-23 01:23:36 INFO: 01:23:36.186 [main] [INFO ] q.l.p.CommandLineTaskRunner$CommandLineProgressMonitor - Completed (26%)
2024-10-23 01:23:36 INFO: 01:23:36.298 [main] [INFO ] q.l.p.CommandLineTaskRunner$CommandLineProgressMonitor - Completed (27%)
2024-10-23 01:23:36 INFO: 01:23:36.393 [main] [INFO ] q.l.p.CommandLineTaskRunner$CommandLineProgressMonitor - Completed (28%)
2024-10-23 01:23:36 INFO: 01:23:36.723 [main] [INFO ] q.l.p.CommandLineTaskRunner$CommandLineProgressMonitor - Completed (29%)
2024-10-23 01:23:36 INFO: 01:23:36.846 [main] [INFO ] q.l.p.CommandLineTaskRunner$CommandLineProgressMonitor - Completed (30%)
2024-10-23 01:23:36 INFO: 01:23:36.943 [main] [INFO ] q.l.p.CommandLineTaskRunner$CommandLineProgressMonitor - Completed (31%)
2024-10-23 01:23:37 INFO: 01:23:37.041 [main] [INFO ] q.l.p.CommandLineTaskRunner$CommandLineProgressMonitor - Completed (32%)
2024-10-23 01:23:37 INFO: 01:23:37.195 [main] [INFO ] q.l.p.CommandLineTaskRunner$CommandLineProgressMonitor - Completed (33%)
2024-10-23 01:23:37 INFO: 01:23:37.288 [main] [INFO ] q.l.p.CommandLineTaskRunner$CommandLineProgressMonitor - Completed (34%)
2024-10-23 01:23:37 INFO: 01:23:37.384 [main] [INFO ] q.l.p.CommandLineTaskRunner$CommandLineProgressMonitor - Completed (35%)
2024-10-23 01:23:37 INFO: 01:23:37.474 [main] [INFO ] q.l.p.CommandLineTaskRunner$CommandLineProgressMonitor - Completed (36%)
2024-10-23 01:23:37 INFO: 01:23:37.564 [main] [INFO ] q.l.p.CommandLineTaskRunner$CommandLineProgressMonitor - Completed (37%)
2024-10-23 01:23:37 INFO: 01:23:37.654 [main] [INFO ] q.l.p.CommandLineTaskRunner$CommandLineProgressMonitor - Completed (38%)
2024-10-23 01:23:37 INFO: 01:23:37.749 [main] [INFO ] q.l.p.CommandLineTaskRunner$CommandLineProgressMonitor - Completed (39%)
2024-10-23 01:23:37 INFO: 01:23:37.840 [main] [INFO ] q.l.p.CommandLineTaskRunner$CommandLineProgressMonitor - Completed (40%)
2024-10-23 01:23:37 INFO: 01:23:37.932 [main] [INFO ] q.l.p.CommandLineTaskRunner$CommandLineProgressMonitor - Completed (41%)
2024-10-23 01:23:38 INFO: 01:23:38.032 [main] [INFO ] q.l.p.CommandLineTaskRunner$CommandLineProgressMonitor - Completed (42%)
2024-10-23 01:23:38 INFO: 01:23:38.132 [main] [INFO ] q.l.p.CommandLineTaskRunner$CommandLineProgressMonitor - Completed (43%)
2024-10-23 01:23:38 INFO: 01:23:38.230 [main] [INFO ] q.l.p.CommandLineTaskRunner$CommandLineProgressMonitor - Completed (44%)
2024-10-23 01:23:38 INFO: 01:23:38.325 [main] [INFO ] q.l.p.CommandLineTaskRunner$CommandLineProgressMonitor - Completed (45%)
2024-10-23 01:23:38 INFO: 01:23:38.428 [main] [INFO ] q.l.p.CommandLineTaskRunner$CommandLineProgressMonitor - Completed (46%)
2024-10-23 01:23:38 INFO: 01:23:38.546 [main] [INFO ] q.l.p.CommandLineTaskRunner$CommandLineProgressMonitor - Completed (47%)
2024-10-23 01:23:38 INFO: 01:23:38.670 [main] [INFO ] q.l.p.CommandLineTaskRunner$CommandLineProgressMonitor - Completed (48%)
2024-10-23 01:23:38 INFO: 01:23:38.774 [main] [INFO ] q.l.p.CommandLineTaskRunner$CommandLineProgressMonitor - Completed (49%)
2024-10-23 01:23:38 INFO: 01:23:38.885 [main] [INFO ] q.l.p.CommandLineTaskRunner$CommandLineProgressMonitor - Completed (50%)
2024-10-23 01:23:38 INFO: 01:23:38.997 [main] [INFO ] q.l.p.CommandLineTaskRunner$CommandLineProgressMonitor - Completed (51%)
2024-10-23 01:23:39 INFO: 01:23:39.155 [main] [INFO ] q.l.p.CommandLineTaskRunner$CommandLineProgressMonitor - Completed (52%)
2024-10-23 01:23:39 INFO: 01:23:39.306 [main] [INFO ] q.l.p.CommandLineTaskRunner$CommandLineProgressMonitor - Completed (53%)
2024-10-23 01:23:39 INFO: 01:23:39.459 [main] [INFO ] q.l.p.CommandLineTaskRunner$CommandLineProgressMonitor - Completed (54%)
2024-10-23 01:23:39 INFO: 01:23:39.609 [main] [INFO ] q.l.p.CommandLineTaskRunner$CommandLineProgressMonitor - Completed (55%)
2024-10-23 01:23:39 INFO: 01:23:39.794 [main] [INFO ] q.l.p.CommandLineTaskRunner$CommandLineProgressMonitor - Completed (56%)
2024-10-23 01:23:39 INFO: 01:23:39.886 [main] [INFO ] q.l.p.CommandLineTaskRunner$CommandLineProgressMonitor - Completed (57%)
2024-10-23 01:23:39 INFO: 01:23:39.985 [main] [INFO ] q.l.p.CommandLineTaskRunner$CommandLineProgressMonitor - Completed (58%)
2024-10-23 01:23:40 INFO: 01:23:40.077 [main] [INFO ] q.l.p.CommandLineTaskRunner$CommandLineProgressMonitor - Completed (59%)
2024-10-23 01:23:40 INFO: 01:23:40.171 [main] [INFO ] q.l.p.CommandLineTaskRunner$CommandLineProgressMonitor - Completed (60%)
2024-10-23 01:23:40 INFO: 01:23:40.266 [main] [INFO ] q.l.p.CommandLineTaskRunner$CommandLineProgressMonitor - Completed (61%)
2024-10-23 01:23:40 INFO: 01:23:40.361 [main] [INFO ] q.l.p.CommandLineTaskRunner$CommandLineProgressMonitor - Completed (62%)
2024-10-23 01:23:40 INFO: 01:23:40.464 [main] [INFO ] q.l.p.CommandLineTaskRunner$CommandLineProgressMonitor - Completed (63%)
2024-10-23 01:23:40 INFO: 01:23:40.589 [main] [INFO ] q.l.p.CommandLineTaskRunner$CommandLineProgressMonitor - Completed (64%)
2024-10-23 01:23:40 INFO: 01:23:40.692 [main] [INFO ] q.l.p.CommandLineTaskRunner$CommandLineProgressMonitor - Completed (65%)
2024-10-23 01:23:40 INFO: 01:23:40.796 [main] [INFO ] q.l.p.CommandLineTaskRunner$CommandLineProgressMonitor - Completed (66%)
2024-10-23 01:23:40 INFO: 01:23:40.892 [main] [INFO ] q.l.p.CommandLineTaskRunner$CommandLineProgressMonitor - Completed (67%)
2024-10-23 01:23:40 INFO: 01:23:40.986 [main] [INFO ] q.l.p.CommandLineTaskRunner$CommandLineProgressMonitor - Completed (68%)
2024-10-23 01:23:41 INFO: 01:23:41.084 [main] [INFO ] q.l.p.CommandLineTaskRunner$CommandLineProgressMonitor - Completed (69%)
2024-10-23 01:23:41 INFO: 01:23:41.189 [main] [INFO ] q.l.p.CommandLineTaskRunner$CommandLineProgressMonitor - Completed (70%)
2024-10-23 01:23:41 INFO: 01:23:41.289 [main] [INFO ] q.l.p.CommandLineTaskRunner$CommandLineProgressMonitor - Completed (71%)
2024-10-23 01:23:41 INFO: 01:23:41.395 [main] [INFO ] q.l.p.CommandLineTaskRunner$CommandLineProgressMonitor - Completed (72%)
2024-10-23 01:23:41 INFO: 01:23:41.495 [main] [INFO ] q.l.p.CommandLineTaskRunner$CommandLineProgressMonitor - Completed (73%)
2024-10-23 01:23:41 INFO: 01:23:41.591 [main] [INFO ] q.l.p.CommandLineTaskRunner$CommandLineProgressMonitor - Completed (74%)
2024-10-23 01:23:41 INFO: 01:23:41.684 [main] [INFO ] q.l.p.CommandLineTaskRunner$CommandLineProgressMonitor - Completed (75%)
2024-10-23 01:23:41 INFO: 01:23:41.774 [main] [INFO ] q.l.p.CommandLineTaskRunner$CommandLineProgressMonitor - Completed (76%)
2024-10-23 01:23:41 INFO: 01:23:41.865 [main] [INFO ] q.l.p.CommandLineTaskRunner$CommandLineProgressMonitor - Completed (77%)
2024-10-23 01:23:41 INFO: 01:23:41.968 [main] [INFO ] q.l.p.CommandLineTaskRunner$CommandLineProgressMonitor - Completed (78%)
2024-10-23 01:23:42 INFO: 01:23:42.111 [main] [INFO ] q.l.p.CommandLineTaskRunner$CommandLineProgressMonitor - Completed (79%)
2024-10-23 01:23:42 INFO: 01:23:42.259 [main] [INFO ] q.l.p.CommandLineTaskRunner$CommandLineProgressMonitor - Completed (80%)
2024-10-23 01:23:42 INFO: 01:23:42.425 [main] [INFO ] q.l.p.CommandLineTaskRunner$CommandLineProgressMonitor - Completed (81%)
2024-10-23 01:23:42 INFO: 01:23:42.681 [main] [INFO ] q.l.p.CommandLineTaskRunner$CommandLineProgressMonitor - Completed (82%)
2024-10-23 01:23:42 INFO: 01:23:42.841 [main] [INFO ] q.l.p.CommandLineTaskRunner$CommandLineProgressMonitor - Completed (83%)
2024-10-23 01:23:43 INFO: 01:23:43.016 [main] [INFO ] q.l.p.CommandLineTaskRunner$CommandLineProgressMonitor - Completed (84%)
2024-10-23 01:23:43 INFO: 01:23:43.166 [main] [INFO ] q.l.p.CommandLineTaskRunner$CommandLineProgressMonitor - Completed (85%)
2024-10-23 01:23:43 INFO: 01:23:43.320 [main] [INFO ] q.l.p.CommandLineTaskRunner$CommandLineProgressMonitor - Completed (86%)
2024-10-23 01:23:43 INFO: 01:23:43.470 [main] [INFO ] q.l.p.CommandLineTaskRunner$CommandLineProgressMonitor - Completed (87%)
2024-10-23 01:23:43 INFO: 01:23:43.727 [main] [INFO ] q.l.p.CommandLineTaskRunner$CommandLineProgressMonitor - Completed (88%)
2024-10-23 01:23:43 INFO: 01:23:43.818 [main] [INFO ] q.l.p.CommandLineTaskRunner$CommandLineProgressMonitor - Completed (89%)
2024-10-23 01:23:43 INFO: 01:23:43.909 [main] [INFO ] q.l.p.CommandLineTaskRunner$CommandLineProgressMonitor - Completed (90%)
2024-10-23 01:23:44 INFO: 01:23:44.000 [main] [INFO ] q.l.p.CommandLineTaskRunner$CommandLineProgressMonitor - Completed (91%)
2024-10-23 01:23:44 INFO: 01:23:44.087 [main] [INFO ] q.l.p.CommandLineTaskRunner$CommandLineProgressMonitor - Completed (92%)
2024-10-23 01:23:44 INFO: 01:23:44.177 [main] [INFO ] q.l.p.CommandLineTaskRunner$CommandLineProgressMonitor - Completed (93%)
2024-10-23 01:23:44 INFO: 01:23:44.263 [main] [INFO ] q.l.p.CommandLineTaskRunner$CommandLineProgressMonitor - Completed (94%)
2024-10-23 01:23:44 INFO: 01:23:44.359 [main] [INFO ] q.l.p.CommandLineTaskRunner$CommandLineProgressMonitor - Completed (95%)
2024-10-23 01:23:44 INFO: 01:23:44.459 [main] [INFO ] q.l.p.CommandLineTaskRunner$CommandLineProgressMonitor - Completed (96%)
2024-10-23 01:23:44 INFO: 01:23:44.552 [main] [INFO ] q.l.p.CommandLineTaskRunner$CommandLineProgressMonitor - Completed (97%)
2024-10-23 01:23:44 INFO: 01:23:44.658 [main] [INFO ] q.l.p.CommandLineTaskRunner$CommandLineProgressMonitor - Completed (98%)
2024-10-23 01:23:44 INFO: 01:23:44.752 [main] [INFO ] q.l.p.CommandLineTaskRunner$CommandLineProgressMonitor - Completed (99%)
2024-10-23 01:23:44 INFO: 01:23:44.846 [main] [INFO ] q.l.p.CommandLineTaskRunner$CommandLineProgressMonitor - Completed (100%)
2024-10-23 01:24:42 INFO: 01:24:42.180 [main] [INFO ] q.l.p.CommandLineTaskRunner$CommandLineProgressMonitor - Completed (100%)
2024-10-23 01:24:42 INFO: 01:24:42.183 [main] [INFO ] q.l.p.CommandLineTaskRunner$CommandLineProgressMonitor - Processing complete in 71.41 seconds
2024-10-23 01:24:42 INFO: 01:24:42.184 [main] [INFO ] q.l.p.CommandLineTaskRunner$CommandLineProgressMonitor - Tasks completed!
2024-10-23 01:26:43 INFO: 01:26:43.093 [task-runner-6-1] [WARN ] q.o.features.DelaunayTriangulation - Some objects have missing measurements! Statistics will calculated only for objects with measurements available.
2024-10-23 01:26:43 INFO: 01:26:43.094 [task-runner-6-1] [WARN ] q.o.features.DelaunayTriangulation - Missing measurements: [ROI: 1.00 m per pixel: Residual: Haralick Correlation (F2), ROI: 1.00 m per pixel: Residual: Haralick Information measure of correlation 1 (F11), ROI: 1.00 m per pixel: Residual: Haralick Information measure of correlation 2 (F12)]
2024-10-23 01:26:43 INFO: 01:26:43.138 [main] [INFO ] q.l.p.CommandLineTaskRunner$CommandLineProgressMonitor - Delaunay triangulation calculated for Annotation (191579 objects) (100%)
2024-10-23 01:26:43 INFO: 01:26:43.138 [main] [INFO ] q.l.p.CommandLineTaskRunner$CommandLineProgressMonitor - Processing complete in 120.89 seconds
2024-10-23 01:26:43 INFO: 01:26:43.138 [main] [INFO ] q.l.p.CommandLineTaskRunner$CommandLineProgressMonitor - Tasks completed!
2024-10-23 01:28:54 INFO: TCGA-GI-A2C8-01Z-00-DX1.09BD8AC9-645A-4C8B-9B36-77D833BDBA09
2024-10-23 01:28:54 INFO: QuPath subprocess completed.
2024-10-23 01:29:04 INFO: QuPath image extraction completed successfully. Output directory: /home/ilants/Documents/jupyter_test/single_image_multiple_params/exp_sigmaMicrons_1.75
2024-10-23 01:29:04 INFO: Summary table saved to: /home/ilants/Documents/jupyter_test/single_image_multiple_params/exp_sigmaMicrons_1.75/Summary_Table.csv
2024-10-23 01:29:04 INFO: Experiment completed successfully.
