2024-10-23 03:21:35 INFO: Starting experiment with for maxAreaMicrons with value of 70.0
2024-10-23 03:21:35 INFO: Running with the following configuration:
{'detectionImageBrightfield': 'Hematoxylin OD', 'requestedPixelSizeMicrons': 0.5, 'backgroundRadiusMicrons': 4.0, 'backgroundByReconstruction': True, 'medianRadiusMicrons': 0.0, 'sigmaMicrons': 1.5, 'minAreaMicrons': 10.0, 'maxAreaMicrons': 70.0, 'threshold': 0.1, 'maxBackground': 2.0, 'watershedPostProcess': True, 'cellExpansionMicrons': 5.0, 'includeNuclei': True, 'smoothBoundaries': True, 'makeMeasurements': True, 'backgroundRadiusPixel': 8.0, 'cellExpansionPixel': 10.0, 'medianRadiusPixel': 0.0, 'minAreaPixel': 20.0, 'maxAreaPixel': 160.0}
2024-10-23 03:21:35 INFO: Starting QuPath image extraction with the following parameters: image_dir=/home/ilants/Documents/jupyter_test, output_dir=/home/ilants/Documents/jupyter_test/single_image_multiple_params/exp_maxAreaMicrons_70.0, image_type=svs, groovy_script=/home/ilants/Documents/utls/nucleus_detection_wargs.groovy, config_file=/home/ilants/Documents/jupyter_test/single_image_multiple_params/exp_maxAreaMicrons_70.0/cfg.json, program_path=/home/ilants/Documents/QuPath-v0.5.1-Linux/QuPath/bin/QuPath
2024-10-23 03:21:36 INFO: 03:21:36.804 [main] [INFO ] qupath.lib.gui.prefs.PathPrefs - Setting default Locale to en_US
2024-10-23 03:21:36 INFO: 03:21:36.807 [main] [INFO ] qupath.lib.gui.prefs.PathPrefs - Setting Locale for FORMAT to en_US
2024-10-23 03:21:36 INFO: 03:21:36.808 [main] [INFO ] qupath.lib.gui.prefs.PathPrefs - Setting Locale for DISPLAY to en_US
2024-10-23 03:21:36 INFO: 03:21:36.822 [main] [INFO ] qupath.lib.common.ThreadTools - Setting parallelism to 63
2024-10-23 03:21:36 INFO: 03:21:36.840 [main] [INFO ] qupath.ScriptCommand - Setting tile cache size to 32200.00 MB (25.0% max memory)
2024-10-23 03:21:36 INFO: 03:21:36.887 [main] [INFO ] qupath.lib.scripting.QP - Initializing type adapters
2024-10-23 03:21:36 INFO: Warning: Versions of org.bytedeco:javacpp:1.5.9 and org.bytedeco:opencv:4.6.0-1.5.8 do not match.
2024-10-23 03:21:36 INFO: Warning: Versions of org.bytedeco:javacpp:1.5.9 and org.bytedeco:openblas:0.3.21-1.5.8 do not match.
2024-10-23 03:21:38 INFO: project parameters are: {"detectionImageBrightfield": "Hematoxylin OD","requestedPixelSizeMicrons": 0.5,"backgroundRadiusMicrons": 4.0,"backgroundByReconstruction": true,"medianRadiusMicrons": 0.0,"sigmaMicrons": 1.5,"minAreaMicrons": 10.0,"maxAreaMicrons": 70.0,"threshold": 0.1,"maxBackground": 2.0,"watershedPostProcess": true,"cellExpansionMicrons": 5.0,"includeNuclei": true,"smoothBoundaries": true,"makeMeasurements": true,"backgroundRadiusPixel": 8.0,"cellExpansionPixel": 10.0,"medianRadiusPixel": 0.0,"minAreaPixel": 20.0,"maxAreaPixel": 160.0}
2024-10-23 03:21:38 INFO: New project created at: /home/ilants/Documents/jupyter_test/single_image_multiple_params/exp_maxAreaMicrons_70.0/QPProject
2024-10-23 03:21:38 INFO: Added: /home/ilants/Documents/jupyter_test/TCGA-GI-A2C8-01Z-00-DX1.09BD8AC9-645A-4C8B-9B36-77D833BDBA09.svs
2024-10-23 03:21:38 INFO: /home/ilants/Documents/jupyter_test/TCGA-GI-A2C8-01Z-00-DX1.09BD8AC9-645A-4C8B-9B36-77D833BDBA09.svs
2024-10-23 03:21:38 INFO: 03:21:38.831 [main] [INFO ] q.l.i.s.b.BioFormatsServerOptions - Setting max Bio-Formats readers to 32
2024-10-23 03:21:39 INFO: UriImageSupport (class qupath.lib.images.servers.bioformats.BioFormatsServerBuilder) support=3.0, builders=1
2024-10-23 03:21:39 INFO: true
2024-10-23 03:21:39 INFO: 03:21:39.511 [main] [WARN ] qupath.lib.scripting.QP - createSelectAllObject(boolean) is deprecated, use createFullImageAnnotation(boolean) instead
2024-10-23 03:21:39 INFO: 03:21:39.511 [main] [WARN ] qupath.lib.scripting.QP - createSelectAllObject(boolean, int, int) is deprecated, use createFullImageAnnotation(boolean, int, int) instead
2024-10-23 03:21:39 INFO: 03:21:39.522 [main] [WARN ] q.l.plugins.parameters.ParameterList - Unable to set parameter backgroundRadiusPixel with value 8.0
2024-10-23 03:21:39 INFO: 03:21:39.522 [main] [WARN ] q.l.plugins.parameters.ParameterList - Unable to set parameter cellExpansionPixel with value 10.0
2024-10-23 03:21:39 INFO: 03:21:39.522 [main] [WARN ] q.l.plugins.parameters.ParameterList - Unable to set parameter medianRadiusPixel with value 0.0
2024-10-23 03:21:39 INFO: 03:21:39.522 [main] [WARN ] q.l.plugins.parameters.ParameterList - Unable to set parameter minAreaPixel with value 20.0
2024-10-23 03:21:39 INFO: 03:21:39.522 [main] [WARN ] q.l.plugins.parameters.ParameterList - Unable to set parameter maxAreaPixel with value 160.0
2024-10-23 03:21:54 INFO: 03:21:54.072 [task-runner-1-9] [INFO ] q.lib.plugins.DetectionPluginTools - 0 nuclei detected (processing time: 14.43 seconds)
2024-10-23 03:21:54 INFO: 03:21:54.072 [task-runner-1-48] [INFO ] q.lib.plugins.DetectionPluginTools - 0 nuclei detected (processing time: 14.42 seconds)
2024-10-23 03:21:54 INFO: 03:21:54.072 [task-runner-1-15] [INFO ] q.lib.plugins.DetectionPluginTools - 0 nuclei detected (processing time: 14.43 seconds)
2024-10-23 03:21:54 INFO: 03:21:54.072 [task-runner-1-4] [INFO ] q.lib.plugins.DetectionPluginTools - 0 nuclei detected (processing time: 14.43 seconds)
2024-10-23 03:21:54 INFO: 03:21:54.072 [task-runner-1-3] [INFO ] q.lib.plugins.DetectionPluginTools - 0 nuclei detected (processing time: 14.43 seconds)
2024-10-23 03:21:54 INFO: 03:21:54.096 [main] [INFO ] q.l.p.CommandLineTaskRunner$CommandLineProgressMonitor - 0 nuclei detected (1%)
2024-10-23 03:21:54 INFO: 03:21:54.097 [main] [INFO ] q.l.p.CommandLineTaskRunner$CommandLineProgressMonitor - 0 nuclei detected (2%)
2024-10-23 03:21:54 INFO: 03:21:54.097 [main] [INFO ] q.l.p.CommandLineTaskRunner$CommandLineProgressMonitor - 0 nuclei detected (3%)
2024-10-23 03:21:54 INFO: 03:21:54.338 [task-runner-1-30] [INFO ] q.lib.plugins.DetectionPluginTools - 1 nucleus detected (processing time: 14.70 seconds)
2024-10-23 03:21:54 INFO: 03:21:54.338 [task-runner-1-7] [INFO ] q.lib.plugins.DetectionPluginTools - 1 nucleus detected (processing time: 14.70 seconds)
2024-10-23 03:21:54 INFO: 03:21:54.338 [task-runner-1-32] [INFO ] q.lib.plugins.DetectionPluginTools - 0 nuclei detected (processing time: 14.70 seconds)
2024-10-23 03:21:54 INFO: 03:21:54.340 [main] [INFO ] q.l.p.CommandLineTaskRunner$CommandLineProgressMonitor - 1 nucleus detected (4%)
2024-10-23 03:21:54 INFO: 03:21:54.340 [task-runner-1-2] [INFO ] q.lib.plugins.DetectionPluginTools - 2 nuclei detected (processing time: 14.70 seconds)
2024-10-23 03:21:54 INFO: 03:21:54.340 [main] [INFO ] q.l.p.CommandLineTaskRunner$CommandLineProgressMonitor - 0 nuclei detected (5%)
2024-10-23 03:21:54 INFO: 03:21:54.340 [main] [INFO ] q.l.p.CommandLineTaskRunner$CommandLineProgressMonitor - 2 nuclei detected (6%)
2024-10-23 03:21:54 INFO: 03:21:54.340 [task-runner-1-16] [INFO ] q.lib.plugins.DetectionPluginTools - 0 nuclei detected (processing time: 14.70 seconds)
2024-10-23 03:21:54 INFO: 03:21:54.341 [main] [INFO ] q.l.p.CommandLineTaskRunner$CommandLineProgressMonitor - 0 nuclei detected (6%)
2024-10-23 03:21:54 INFO: 03:21:54.342 [task-runner-1-12] [INFO ] q.lib.plugins.DetectionPluginTools - 0 nuclei detected (processing time: 14.70 seconds)
2024-10-23 03:21:54 INFO: 03:21:54.342 [main] [INFO ] q.l.p.CommandLineTaskRunner$CommandLineProgressMonitor - 0 nuclei detected (7%)
2024-10-23 03:21:54 INFO: 03:21:54.342 [task-runner-1-10] [INFO ] q.lib.plugins.DetectionPluginTools - 1 nucleus detected (processing time: 14.70 seconds)
2024-10-23 03:21:54 INFO: 03:21:54.342 [main] [INFO ] q.l.p.CommandLineTaskRunner$CommandLineProgressMonitor - 1 nucleus detected (8%)
2024-10-23 03:21:54 INFO: 03:21:54.348 [task-runner-1-27] [INFO ] q.lib.plugins.DetectionPluginTools - 1 nucleus detected (processing time: 14.70 seconds)
2024-10-23 03:21:54 INFO: 03:21:54.349 [task-runner-1-8] [INFO ] q.lib.plugins.DetectionPluginTools - 2 nuclei detected (processing time: 14.71 seconds)
2024-10-23 03:21:54 INFO: 03:21:54.349 [task-runner-1-29] [INFO ] q.lib.plugins.DetectionPluginTools - 4 nuclei detected (processing time: 14.71 seconds)
2024-10-23 03:21:54 INFO: 03:21:54.350 [main] [INFO ] q.l.p.CommandLineTaskRunner$CommandLineProgressMonitor - 2 nuclei detected (9%)
2024-10-23 03:21:54 INFO: 03:21:54.350 [task-runner-1-11] [INFO ] q.lib.plugins.DetectionPluginTools - 1 nucleus detected (processing time: 14.71 seconds)
2024-10-23 03:21:54 INFO: 03:21:54.350 [main] [INFO ] q.l.p.CommandLineTaskRunner$CommandLineProgressMonitor - 4 nuclei detected (9%)
2024-10-23 03:21:54 INFO: 03:21:54.350 [main] [INFO ] q.l.p.CommandLineTaskRunner$CommandLineProgressMonitor - 1 nucleus detected (10%)
2024-10-23 03:21:54 INFO: 03:21:54.349 [task-runner-1-14] [INFO ] q.lib.plugins.DetectionPluginTools - 2 nuclei detected (processing time: 14.71 seconds)
2024-10-23 03:21:54 INFO: 03:21:54.352 [main] [INFO ] q.l.p.CommandLineTaskRunner$CommandLineProgressMonitor - 2 nuclei detected (11%)
2024-10-23 03:21:54 INFO: 03:21:54.354 [task-runner-1-6] [INFO ] q.lib.plugins.DetectionPluginTools - 6 nuclei detected (processing time: 14.72 seconds)
2024-10-23 03:21:54 INFO: 03:21:54.354 [main] [INFO ] q.l.p.CommandLineTaskRunner$CommandLineProgressMonitor - 6 nuclei detected (11%)
2024-10-23 03:21:54 INFO: 03:21:54.355 [task-runner-1-17] [INFO ] q.lib.plugins.DetectionPluginTools - 3 nuclei detected (processing time: 14.72 seconds)
2024-10-23 03:21:54 INFO: 03:21:54.356 [main] [INFO ] q.l.p.CommandLineTaskRunner$CommandLineProgressMonitor - 3 nuclei detected (12%)
2024-10-23 03:21:54 INFO: 03:21:54.478 [task-runner-1-47] [INFO ] q.lib.plugins.DetectionPluginTools - 7 nuclei detected (processing time: 14.83 seconds)
2024-10-23 03:21:54 INFO: 03:21:54.478 [task-runner-1-31] [INFO ] q.lib.plugins.DetectionPluginTools - 13 nuclei detected (processing time: 14.84 seconds)
2024-10-23 03:21:54 INFO: 03:21:54.479 [main] [INFO ] q.l.p.CommandLineTaskRunner$CommandLineProgressMonitor - 7 nuclei detected (13%)
2024-10-23 03:21:54 INFO: 03:21:54.479 [main] [INFO ] q.l.p.CommandLineTaskRunner$CommandLineProgressMonitor - 13 nuclei detected (13%)
2024-10-23 03:21:54 INFO: 03:21:54.482 [task-runner-1-13] [INFO ] q.lib.plugins.DetectionPluginTools - 8 nuclei detected (processing time: 14.84 seconds)
2024-10-23 03:21:54 INFO: 03:21:54.492 [task-runner-1-28] [INFO ] q.lib.plugins.DetectionPluginTools - 21 nuclei detected (processing time: 14.85 seconds)
2024-10-23 03:21:54 INFO: 03:21:54.492 [main] [INFO ] q.l.p.CommandLineTaskRunner$CommandLineProgressMonitor - 8 nuclei detected (14%)
2024-10-23 03:21:54 INFO: 03:21:54.492 [main] [INFO ] q.l.p.CommandLineTaskRunner$CommandLineProgressMonitor - 21 nuclei detected (14%)
2024-10-23 03:21:54 INFO: 03:21:54.585 [task-runner-1-26] [INFO ] q.lib.plugins.DetectionPluginTools - 50 nuclei detected (processing time: 14.94 seconds)
2024-10-23 03:21:54 INFO: 03:21:54.587 [main] [INFO ] q.l.p.CommandLineTaskRunner$CommandLineProgressMonitor - 50 nuclei detected (15%)
2024-10-23 03:21:54 INFO: 03:21:54.604 [task-runner-1-46] [INFO ] q.lib.plugins.DetectionPluginTools - 58 nuclei detected (processing time: 14.96 seconds)
2024-10-23 03:21:54 INFO: 03:21:54.611 [main] [INFO ] q.l.p.CommandLineTaskRunner$CommandLineProgressMonitor - 58 nuclei detected (16%)
2024-10-23 03:21:54 INFO: 03:21:54.660 [task-runner-1-19] [INFO ] q.lib.plugins.DetectionPluginTools - 153 nuclei detected (processing time: 15.02 seconds)
2024-10-23 03:21:54 INFO: 03:21:54.661 [main] [INFO ] q.l.p.CommandLineTaskRunner$CommandLineProgressMonitor - 153 nuclei detected (16%)
2024-10-23 03:21:55 INFO: 03:21:55.935 [task-runner-1-1] [INFO ] q.lib.plugins.DetectionPluginTools - 0 nuclei detected (processing time: 16.30 seconds)
2024-10-23 03:21:55 INFO: 03:21:55.938 [main] [INFO ] q.l.p.CommandLineTaskRunner$CommandLineProgressMonitor - 0 nuclei detected (17%)
2024-10-23 03:21:56 INFO: 03:21:56.085 [task-runner-1-5] [INFO ] q.lib.plugins.DetectionPluginTools - 61 nuclei detected (processing time: 16.45 seconds)
2024-10-23 03:21:56 INFO: 03:21:56.088 [main] [INFO ] q.l.p.CommandLineTaskRunner$CommandLineProgressMonitor - 61 nuclei detected (18%)
2024-10-23 03:21:56 INFO: 03:21:56.202 [task-runner-1-49] [INFO ] q.lib.plugins.DetectionPluginTools - 129 nuclei detected (processing time: 16.56 seconds)
2024-10-23 03:21:56 INFO: 03:21:56.204 [main] [INFO ] q.l.p.CommandLineTaskRunner$CommandLineProgressMonitor - 129 nuclei detected (18%)
2024-10-23 03:21:56 INFO: 03:21:56.252 [task-runner-1-45] [INFO ] q.lib.plugins.DetectionPluginTools - 113 nuclei detected (processing time: 16.61 seconds)
2024-10-23 03:21:56 INFO: 03:21:56.253 [main] [INFO ] q.l.p.CommandLineTaskRunner$CommandLineProgressMonitor - 113 nuclei detected (19%)
2024-10-23 03:21:56 INFO: 03:21:56.456 [task-runner-1-33] [INFO ] q.lib.plugins.DetectionPluginTools - 236 nuclei detected (processing time: 16.81 seconds)
2024-10-23 03:21:56 INFO: 03:21:56.458 [main] [INFO ] q.l.p.CommandLineTaskRunner$CommandLineProgressMonitor - 236 nuclei detected (19%)
2024-10-23 03:21:56 INFO: 03:21:56.470 [task-runner-1-62] [INFO ] q.lib.plugins.DetectionPluginTools - 218 nuclei detected (processing time: 16.82 seconds)
2024-10-23 03:21:56 INFO: 03:21:56.473 [main] [INFO ] q.l.p.CommandLineTaskRunner$CommandLineProgressMonitor - 218 nuclei detected (20%)
2024-10-23 03:21:56 INFO: 03:21:56.481 [task-runner-1-61] [INFO ] q.lib.plugins.DetectionPluginTools - 209 nuclei detected (processing time: 16.83 seconds)
2024-10-23 03:21:56 INFO: 03:21:56.484 [main] [INFO ] q.l.p.CommandLineTaskRunner$CommandLineProgressMonitor - 209 nuclei detected (21%)
2024-10-23 03:21:56 INFO: 03:21:56.487 [task-runner-1-63] [INFO ] q.lib.plugins.DetectionPluginTools - 149 nuclei detected (processing time: 16.84 seconds)
2024-10-23 03:21:56 INFO: 03:21:56.487 [main] [INFO ] q.l.p.CommandLineTaskRunner$CommandLineProgressMonitor - 149 nuclei detected (21%)
2024-10-23 03:21:56 INFO: 03:21:56.559 [task-runner-1-18] [INFO ] q.lib.plugins.DetectionPluginTools - 252 nuclei detected (processing time: 16.92 seconds)
2024-10-23 03:21:56 INFO: 03:21:56.561 [main] [INFO ] q.l.p.CommandLineTaskRunner$CommandLineProgressMonitor - 252 nuclei detected (22%)
2024-10-23 03:21:56 INFO: 03:21:56.585 [task-runner-1-44] [INFO ] q.lib.plugins.DetectionPluginTools - 276 nuclei detected (processing time: 16.94 seconds)
2024-10-23 03:21:56 INFO: 03:21:56.587 [main] [INFO ] q.l.p.CommandLineTaskRunner$CommandLineProgressMonitor - 276 nuclei detected (23%)
2024-10-23 03:21:56 INFO: 03:21:56.591 [task-runner-1-35] [INFO ] q.lib.plugins.DetectionPluginTools - 284 nuclei detected (processing time: 16.95 seconds)
2024-10-23 03:21:56 INFO: 03:21:56.593 [main] [INFO ] q.l.p.CommandLineTaskRunner$CommandLineProgressMonitor - 284 nuclei detected (23%)
2024-10-23 03:21:56 INFO: 03:21:56.652 [task-runner-1-25] [INFO ] q.lib.plugins.DetectionPluginTools - 346 nuclei detected (processing time: 17.01 seconds)
2024-10-23 03:21:56 INFO: 03:21:56.654 [main] [INFO ] q.l.p.CommandLineTaskRunner$CommandLineProgressMonitor - 346 nuclei detected (24%)
2024-10-23 03:21:56 INFO: 03:21:56.669 [task-runner-1-50] [INFO ] q.lib.plugins.DetectionPluginTools - 331 nuclei detected (processing time: 17.02 seconds)
2024-10-23 03:21:56 INFO: 03:21:56.710 [main] [INFO ] q.l.p.CommandLineTaskRunner$CommandLineProgressMonitor - 331 nuclei detected (24%)
2024-10-23 03:21:56 INFO: 03:21:56.746 [task-runner-1-34] [INFO ] q.lib.plugins.DetectionPluginTools - 407 nuclei detected (processing time: 17.10 seconds)
2024-10-23 03:21:56 INFO: 03:21:56.751 [main] [INFO ] q.l.p.CommandLineTaskRunner$CommandLineProgressMonitor - 407 nuclei detected (25%)
2024-10-23 03:21:57 INFO: 03:21:57.038 [task-runner-1-20] [INFO ] q.lib.plugins.DetectionPluginTools - 688 nuclei detected (processing time: 17.40 seconds)
2024-10-23 03:21:57 INFO: 03:21:57.039 [main] [INFO ] q.l.p.CommandLineTaskRunner$CommandLineProgressMonitor - 688 nuclei detected (26%)
2024-10-23 03:21:57 INFO: 03:21:57.185 [task-runner-1-24] [INFO ] q.lib.plugins.DetectionPluginTools - 1019 nuclei detected (processing time: 17.54 seconds)
2024-10-23 03:21:57 INFO: 03:21:57.187 [main] [INFO ] q.l.p.CommandLineTaskRunner$CommandLineProgressMonitor - 1019 nuclei detected (26%)
2024-10-23 03:21:57 INFO: 03:21:57.236 [task-runner-1-43] [INFO ] q.lib.plugins.DetectionPluginTools - 986 nuclei detected (processing time: 17.59 seconds)
2024-10-23 03:21:57 INFO: 03:21:57.237 [task-runner-1-51] [INFO ] q.lib.plugins.DetectionPluginTools - 884 nuclei detected (processing time: 17.59 seconds)
2024-10-23 03:21:57 INFO: 03:21:57.237 [main] [INFO ] q.l.p.CommandLineTaskRunner$CommandLineProgressMonitor - 986 nuclei detected (27%)
2024-10-23 03:21:57 INFO: 03:21:57.237 [main] [INFO ] q.l.p.CommandLineTaskRunner$CommandLineProgressMonitor - 884 nuclei detected (28%)
2024-10-23 03:21:57 INFO: 03:21:57.248 [task-runner-1-23] [INFO ] q.lib.plugins.DetectionPluginTools - 1011 nuclei detected (processing time: 17.61 seconds)
2024-10-23 03:21:57 INFO: 03:21:57.249 [main] [INFO ] q.l.p.CommandLineTaskRunner$CommandLineProgressMonitor - 1011 nuclei detected (28%)
2024-10-23 03:21:57 INFO: 03:21:57.287 [task-runner-1-60] [INFO ] q.lib.plugins.DetectionPluginTools - 1138 nuclei detected (processing time: 17.64 seconds)
2024-10-23 03:21:57 INFO: 03:21:57.288 [main] [INFO ] q.l.p.CommandLineTaskRunner$CommandLineProgressMonitor - 1138 nuclei detected (29%)
2024-10-23 03:21:57 INFO: 03:21:57.451 [task-runner-1-22] [INFO ] q.lib.plugins.DetectionPluginTools - 1403 nuclei detected (processing time: 17.81 seconds)
2024-10-23 03:21:57 INFO: 03:21:57.452 [main] [INFO ] q.l.p.CommandLineTaskRunner$CommandLineProgressMonitor - 1403 nuclei detected (29%)
2024-10-23 03:21:58 INFO: 03:21:58.358 [task-runner-1-36] [INFO ] q.lib.plugins.DetectionPluginTools - 2078 nuclei detected (processing time: 18.71 seconds)
2024-10-23 03:21:58 INFO: 03:21:58.359 [main] [INFO ] q.l.p.CommandLineTaskRunner$CommandLineProgressMonitor - 2078 nuclei detected (30%)
2024-10-23 03:21:58 INFO: 03:21:58.514 [task-runner-1-40] [INFO ] q.lib.plugins.DetectionPluginTools - 2132 nuclei detected (processing time: 18.87 seconds)
2024-10-23 03:21:58 INFO: 03:21:58.516 [main] [INFO ] q.l.p.CommandLineTaskRunner$CommandLineProgressMonitor - 2132 nuclei detected (31%)
2024-10-23 03:21:59 INFO: 03:21:59.140 [task-runner-1-52] [INFO ] q.lib.plugins.DetectionPluginTools - 2570 nuclei detected (processing time: 19.49 seconds)
2024-10-23 03:21:59 INFO: 03:21:59.142 [main] [INFO ] q.l.p.CommandLineTaskRunner$CommandLineProgressMonitor - 2570 nuclei detected (31%)
2024-10-23 03:21:59 INFO: 03:21:59.177 [task-runner-1-59] [INFO ] q.lib.plugins.DetectionPluginTools - 2775 nuclei detected (processing time: 19.53 seconds)
2024-10-23 03:21:59 INFO: 03:21:59.182 [main] [INFO ] q.l.p.CommandLineTaskRunner$CommandLineProgressMonitor - 2775 nuclei detected (32%)
2024-10-23 03:21:59 INFO: 03:21:59.663 [task-runner-1-42] [INFO ] q.lib.plugins.DetectionPluginTools - 2649 nuclei detected (processing time: 20.02 seconds)
2024-10-23 03:21:59 INFO: 03:21:59.664 [main] [INFO ] q.l.p.CommandLineTaskRunner$CommandLineProgressMonitor - 2649 nuclei detected (33%)
2024-10-23 03:21:59 INFO: 03:21:59.766 [task-runner-1-21] [INFO ] q.lib.plugins.DetectionPluginTools - 3798 nuclei detected (processing time: 20.13 seconds)
2024-10-23 03:21:59 INFO: 03:21:59.768 [main] [INFO ] q.l.p.CommandLineTaskRunner$CommandLineProgressMonitor - 3798 nuclei detected (33%)
2024-10-23 03:22:00 INFO: 03:22:00.719 [task-runner-1-48] [INFO ] q.lib.plugins.DetectionPluginTools - 1 nucleus detected (processing time: 6.64 seconds)
2024-10-23 03:22:00 INFO: 03:22:00.720 [main] [INFO ] q.l.p.CommandLineTaskRunner$CommandLineProgressMonitor - 1 nucleus detected (34%)
2024-10-23 03:22:01 INFO: 03:22:01.252 [task-runner-1-58] [INFO ] q.lib.plugins.DetectionPluginTools - 2681 nuclei detected (processing time: 21.60 seconds)
2024-10-23 03:22:01 INFO: 03:22:01.253 [main] [INFO ] q.l.p.CommandLineTaskRunner$CommandLineProgressMonitor - 2681 nuclei detected (34%)
2024-10-23 03:22:01 INFO: 03:22:01.398 [task-runner-1-14] [INFO ] q.lib.plugins.DetectionPluginTools - 0 nuclei detected (processing time: 7.05 seconds)
2024-10-23 03:22:01 INFO: 03:22:01.400 [main] [INFO ] q.l.p.CommandLineTaskRunner$CommandLineProgressMonitor - 0 nuclei detected (35%)
2024-10-23 03:22:01 INFO: 03:22:01.912 [task-runner-1-39] [INFO ] q.lib.plugins.DetectionPluginTools - 2937 nuclei detected (processing time: 22.27 seconds)
2024-10-23 03:22:01 INFO: 03:22:01.914 [main] [INFO ] q.l.p.CommandLineTaskRunner$CommandLineProgressMonitor - 2937 nuclei detected (36%)
2024-10-23 03:22:01 INFO: 03:22:01.943 [task-runner-1-3] [INFO ] q.lib.plugins.DetectionPluginTools - 117 nuclei detected (processing time: 7.86 seconds)
2024-10-23 03:22:01 INFO: 03:22:01.945 [main] [INFO ] q.l.p.CommandLineTaskRunner$CommandLineProgressMonitor - 117 nuclei detected (36%)
2024-10-23 03:22:02 INFO: 03:22:02.460 [task-runner-1-17] [INFO ] q.lib.plugins.DetectionPluginTools - 139 nuclei detected (processing time: 8.10 seconds)
2024-10-23 03:22:02 INFO: 03:22:02.461 [main] [INFO ] q.l.p.CommandLineTaskRunner$CommandLineProgressMonitor - 139 nuclei detected (37%)
2024-10-23 03:22:02 INFO: 03:22:02.526 [task-runner-1-41] [INFO ] q.lib.plugins.DetectionPluginTools - 2479 nuclei detected (processing time: 22.88 seconds)
2024-10-23 03:22:02 INFO: 03:22:02.527 [main] [INFO ] q.l.p.CommandLineTaskRunner$CommandLineProgressMonitor - 2479 nuclei detected (38%)
2024-10-23 03:22:02 INFO: 03:22:02.610 [task-runner-1-4] [INFO ] q.lib.plugins.DetectionPluginTools - 383 nuclei detected (processing time: 8.53 seconds)
2024-10-23 03:22:02 INFO: 03:22:02.611 [main] [INFO ] q.l.p.CommandLineTaskRunner$CommandLineProgressMonitor - 383 nuclei detected (38%)
2024-10-23 03:22:02 INFO: 03:22:02.634 [task-runner-1-6] [INFO ] q.lib.plugins.DetectionPluginTools - 116 nuclei detected (processing time: 8.28 seconds)
2024-10-23 03:22:02 INFO: 03:22:02.636 [main] [INFO ] q.l.p.CommandLineTaskRunner$CommandLineProgressMonitor - 116 nuclei detected (39%)
2024-10-23 03:22:02 INFO: 03:22:02.758 [task-runner-1-61] [INFO ] q.lib.plugins.DetectionPluginTools - 3 nuclei detected (processing time: 6.27 seconds)
2024-10-23 03:22:02 INFO: 03:22:02.760 [main] [INFO ] q.l.p.CommandLineTaskRunner$CommandLineProgressMonitor - 3 nuclei detected (39%)
2024-10-23 03:22:03 INFO: 03:22:03.201 [task-runner-1-37] [INFO ] q.lib.plugins.DetectionPluginTools - 4530 nuclei detected (processing time: 23.56 seconds)
2024-10-23 03:22:03 INFO: 03:22:03.204 [main] [INFO ] q.l.p.CommandLineTaskRunner$CommandLineProgressMonitor - 4530 nuclei detected (40%)
2024-10-23 03:22:03 INFO: 03:22:03.359 [task-runner-1-57] [INFO ] q.lib.plugins.DetectionPluginTools - 3260 nuclei detected (processing time: 23.71 seconds)
2024-10-23 03:22:03 INFO: 03:22:03.360 [main] [INFO ] q.l.p.CommandLineTaskRunner$CommandLineProgressMonitor - 3260 nuclei detected (41%)
2024-10-23 03:22:03 INFO: 03:22:03.474 [task-runner-1-15] [INFO ] q.lib.plugins.DetectionPluginTools - 491 nuclei detected (processing time: 9.39 seconds)
2024-10-23 03:22:03 INFO: 03:22:03.476 [main] [INFO ] q.l.p.CommandLineTaskRunner$CommandLineProgressMonitor - 491 nuclei detected (41%)
2024-10-23 03:22:03 INFO: 03:22:03.517 [task-runner-1-11] [INFO ] q.lib.plugins.DetectionPluginTools - 217 nuclei detected (processing time: 9.17 seconds)
2024-10-23 03:22:03 INFO: 03:22:03.520 [main] [INFO ] q.l.p.CommandLineTaskRunner$CommandLineProgressMonitor - 217 nuclei detected (42%)
2024-10-23 03:22:03 INFO: 03:22:03.596 [task-runner-1-62] [INFO ] q.lib.plugins.DetectionPluginTools - 110 nuclei detected (processing time: 7.12 seconds)
2024-10-23 03:22:03 INFO: 03:22:03.598 [main] [INFO ] q.l.p.CommandLineTaskRunner$CommandLineProgressMonitor - 110 nuclei detected (43%)
2024-10-23 03:22:03 INFO: 03:22:03.596 [task-runner-1-38] [INFO ] q.lib.plugins.DetectionPluginTools - 3876 nuclei detected (processing time: 23.95 seconds)
2024-10-23 03:22:03 INFO: 03:22:03.613 [main] [INFO ] q.l.p.CommandLineTaskRunner$CommandLineProgressMonitor - 3876 nuclei detected (43%)
2024-10-23 03:22:03 INFO: 03:22:03.689 [task-runner-1-55] [INFO ] q.lib.plugins.DetectionPluginTools - 3278 nuclei detected (processing time: 24.04 seconds)
2024-10-23 03:22:03 INFO: 03:22:03.691 [main] [INFO ] q.l.p.CommandLineTaskRunner$CommandLineProgressMonitor - 3278 nuclei detected (44%)
2024-10-23 03:22:03 INFO: 03:22:03.924 [task-runner-1-54] [INFO ] q.lib.plugins.DetectionPluginTools - 4651 nuclei detected (processing time: 24.28 seconds)
2024-10-23 03:22:03 INFO: 03:22:03.925 [main] [INFO ] q.l.p.CommandLineTaskRunner$CommandLineProgressMonitor - 4651 nuclei detected (44%)
2024-10-23 03:22:04 INFO: 03:22:04.288 [task-runner-1-56] [INFO ] q.lib.plugins.DetectionPluginTools - 4014 nuclei detected (processing time: 24.64 seconds)
2024-10-23 03:22:04 INFO: 03:22:04.290 [main] [INFO ] q.l.p.CommandLineTaskRunner$CommandLineProgressMonitor - 4014 nuclei detected (45%)
2024-10-23 03:22:04 INFO: 03:22:04.617 [task-runner-1-63] [INFO ] q.lib.plugins.DetectionPluginTools - 152 nuclei detected (processing time: 8.13 seconds)
2024-10-23 03:22:04 INFO: 03:22:04.631 [main] [INFO ] q.l.p.CommandLineTaskRunner$CommandLineProgressMonitor - 152 nuclei detected (46%)
2024-10-23 03:22:04 INFO: 03:22:04.676 [task-runner-1-18] [INFO ] q.lib.plugins.DetectionPluginTools - 150 nuclei detected (processing time: 8.11 seconds)
2024-10-23 03:22:04 INFO: 03:22:04.678 [main] [INFO ] q.l.p.CommandLineTaskRunner$CommandLineProgressMonitor - 150 nuclei detected (46%)
2024-10-23 03:22:04 INFO: 03:22:04.825 [task-runner-1-44] [INFO ] q.lib.plugins.DetectionPluginTools - 246 nuclei detected (processing time: 8.24 seconds)
2024-10-23 03:22:04 INFO: 03:22:04.826 [main] [INFO ] q.l.p.CommandLineTaskRunner$CommandLineProgressMonitor - 246 nuclei detected (47%)
2024-10-23 03:22:05 INFO: 03:22:05.090 [task-runner-1-47] [INFO ] q.lib.plugins.DetectionPluginTools - 866 nuclei detected (processing time: 10.61 seconds)
2024-10-23 03:22:05 INFO: 03:22:05.092 [main] [INFO ] q.l.p.CommandLineTaskRunner$CommandLineProgressMonitor - 866 nuclei detected (48%)
2024-10-23 03:22:05 INFO: 03:22:05.815 [task-runner-1-40] [INFO ] q.lib.plugins.DetectionPluginTools - 1 nucleus detected (processing time: 7.30 seconds)
2024-10-23 03:22:05 INFO: 03:22:05.817 [main] [INFO ] q.l.p.CommandLineTaskRunner$CommandLineProgressMonitor - 1 nucleus detected (48%)
2024-10-23 03:22:05 INFO: 03:22:05.897 [task-runner-1-29] [INFO ] q.lib.plugins.DetectionPluginTools - 746 nuclei detected (processing time: 11.55 seconds)
2024-10-23 03:22:05 INFO: 03:22:05.902 [main] [INFO ] q.l.p.CommandLineTaskRunner$CommandLineProgressMonitor - 746 nuclei detected (49%)
2024-10-23 03:22:05 INFO: 03:22:05.906 [task-runner-1-36] [INFO ] q.lib.plugins.DetectionPluginTools - 45 nuclei detected (processing time: 7.55 seconds)
2024-10-23 03:22:05 INFO: 03:22:05.907 [main] [INFO ] q.l.p.CommandLineTaskRunner$CommandLineProgressMonitor - 45 nuclei detected (49%)
2024-10-23 03:22:06 INFO: 03:22:06.325 [task-runner-1-53] [INFO ] q.lib.plugins.DetectionPluginTools - 6112 nuclei detected (processing time: 26.68 seconds)
2024-10-23 03:22:06 INFO: 03:22:06.327 [main] [INFO ] q.l.p.CommandLineTaskRunner$CommandLineProgressMonitor - 6112 nuclei detected (50%)
2024-10-23 03:22:06 INFO: 03:22:06.755 [task-runner-1-52] [INFO ] q.lib.plugins.DetectionPluginTools - 342 nuclei detected (processing time: 7.61 seconds)
2024-10-23 03:22:06 INFO: 03:22:06.762 [main] [INFO ] q.l.p.CommandLineTaskRunner$CommandLineProgressMonitor - 342 nuclei detected (51%)
2024-10-23 03:22:07 INFO: 03:22:07.065 [task-runner-1-59] [INFO ] q.lib.plugins.DetectionPluginTools - 260 nuclei detected (processing time: 7.88 seconds)
2024-10-23 03:22:07 INFO: 03:22:07.067 [main] [INFO ] q.l.p.CommandLineTaskRunner$CommandLineProgressMonitor - 260 nuclei detected (51%)
2024-10-23 03:22:08 INFO: 03:22:08.012 [task-runner-1-33] [INFO ] q.lib.plugins.DetectionPluginTools - 792 nuclei detected (processing time: 11.55 seconds)
2024-10-23 03:22:08 INFO: 03:22:08.013 [main] [INFO ] q.l.p.CommandLineTaskRunner$CommandLineProgressMonitor - 792 nuclei detected (52%)
2024-10-23 03:22:08 INFO: 03:22:08.453 [task-runner-1-8] [INFO ] q.lib.plugins.DetectionPluginTools - 1452 nuclei detected (processing time: 14.10 seconds)
2024-10-23 03:22:08 INFO: 03:22:08.455 [main] [INFO ] q.l.p.CommandLineTaskRunner$CommandLineProgressMonitor - 1452 nuclei detected (53%)
2024-10-23 03:22:09 INFO: 03:22:09.055 [task-runner-1-37] [INFO ] q.lib.plugins.DetectionPluginTools - 0 nuclei detected (processing time: 5.85 seconds)
2024-10-23 03:22:09 INFO: 03:22:09.057 [main] [INFO ] q.l.p.CommandLineTaskRunner$CommandLineProgressMonitor - 0 nuclei detected (53%)
2024-10-23 03:22:10 INFO: 03:22:10.076 [task-runner-1-55] [INFO ] q.lib.plugins.DetectionPluginTools - 12 nuclei detected (processing time: 6.38 seconds)
2024-10-23 03:22:10 INFO: 03:22:10.077 [main] [INFO ] q.l.p.CommandLineTaskRunner$CommandLineProgressMonitor - 12 nuclei detected (54%)
2024-10-23 03:22:10 INFO: 03:22:10.088 [task-runner-1-54] [INFO ] q.lib.plugins.DetectionPluginTools - 0 nuclei detected (processing time: 6.16 seconds)
2024-10-23 03:22:10 INFO: 03:22:10.089 [task-runner-1-57] [INFO ] q.lib.plugins.DetectionPluginTools - 0 nuclei detected (processing time: 6.73 seconds)
2024-10-23 03:22:10 INFO: 03:22:10.089 [main] [INFO ] q.l.p.CommandLineTaskRunner$CommandLineProgressMonitor - 0 nuclei detected (54%)
2024-10-23 03:22:10 INFO: 03:22:10.089 [main] [INFO ] q.l.p.CommandLineTaskRunner$CommandLineProgressMonitor - 0 nuclei detected (55%)
2024-10-23 03:22:10 INFO: 03:22:10.125 [task-runner-1-18] [INFO ] q.lib.plugins.DetectionPluginTools - 23 nuclei detected (processing time: 5.45 seconds)
2024-10-23 03:22:10 INFO: 03:22:10.127 [main] [INFO ] q.l.p.CommandLineTaskRunner$CommandLineProgressMonitor - 23 nuclei detected (56%)
2024-10-23 03:22:10 INFO: 03:22:10.463 [task-runner-1-62] [INFO ] q.lib.plugins.DetectionPluginTools - 111 nuclei detected (processing time: 6.87 seconds)
2024-10-23 03:22:10 INFO: 03:22:10.467 [main] [INFO ] q.l.p.CommandLineTaskRunner$CommandLineProgressMonitor - 111 nuclei detected (56%)
2024-10-23 03:22:10 INFO: 03:22:10.687 [task-runner-1-42] [INFO ] q.lib.plugins.DetectionPluginTools - 310 nuclei detected (processing time: 11.02 seconds)
2024-10-23 03:22:10 INFO: 03:22:10.830 [main] [INFO ] q.l.p.CommandLineTaskRunner$CommandLineProgressMonitor - 310 nuclei detected (57%)
2024-10-23 03:22:10 INFO: 03:22:10.841 [task-runner-1-63] [INFO ] q.lib.plugins.DetectionPluginTools - 0 nuclei detected (processing time: 6.21 seconds)
2024-10-23 03:22:10 INFO: 03:22:10.843 [main] [INFO ] q.l.p.CommandLineTaskRunner$CommandLineProgressMonitor - 0 nuclei detected (57%)
2024-10-23 03:22:10 INFO: 03:22:10.844 [task-runner-1-38] [INFO ] q.lib.plugins.DetectionPluginTools - 3 nuclei detected (processing time: 7.23 seconds)
2024-10-23 03:22:10 INFO: 03:22:10.845 [main] [INFO ] q.l.p.CommandLineTaskRunner$CommandLineProgressMonitor - 3 nuclei detected (58%)
2024-10-23 03:22:10 INFO: 03:22:10.849 [task-runner-1-56] [INFO ] q.lib.plugins.DetectionPluginTools - 0 nuclei detected (processing time: 6.56 seconds)
2024-10-23 03:22:10 INFO: 03:22:10.851 [main] [INFO ] q.l.p.CommandLineTaskRunner$CommandLineProgressMonitor - 0 nuclei detected (59%)
2024-10-23 03:22:11 INFO: 03:22:11.028 [task-runner-1-15] [INFO ] q.lib.plugins.DetectionPluginTools - 111 nuclei detected (processing time: 7.55 seconds)
2024-10-23 03:22:11 INFO: 03:22:11.031 [main] [INFO ] q.l.p.CommandLineTaskRunner$CommandLineProgressMonitor - 111 nuclei detected (59%)
2024-10-23 03:22:11 INFO: 03:22:11.067 [task-runner-1-11] [INFO ] q.lib.plugins.DetectionPluginTools - 81 nuclei detected (processing time: 7.55 seconds)
2024-10-23 03:22:11 INFO: 03:22:11.073 [main] [INFO ] q.l.p.CommandLineTaskRunner$CommandLineProgressMonitor - 81 nuclei detected (60%)
2024-10-23 03:22:11 INFO: 03:22:11.633 [task-runner-1-44] [INFO ] q.lib.plugins.DetectionPluginTools - 358 nuclei detected (processing time: 6.81 seconds)
2024-10-23 03:22:11 INFO: 03:22:11.635 [main] [INFO ] q.l.p.CommandLineTaskRunner$CommandLineProgressMonitor - 358 nuclei detected (61%)
2024-10-23 03:22:11 INFO: 03:22:11.959 [task-runner-1-61] [INFO ] q.lib.plugins.DetectionPluginTools - 1116 nuclei detected (processing time: 9.20 seconds)
2024-10-23 03:22:11 INFO: 03:22:11.960 [main] [INFO ] q.l.p.CommandLineTaskRunner$CommandLineProgressMonitor - 1116 nuclei detected (61%)
2024-10-23 03:22:12 INFO: 03:22:12.084 [task-runner-1-29] [INFO ] q.lib.plugins.DetectionPluginTools - 0 nuclei detected (processing time: 6.18 seconds)
2024-10-23 03:22:12 INFO: 03:22:12.085 [main] [INFO ] q.l.p.CommandLineTaskRunner$CommandLineProgressMonitor - 0 nuclei detected (62%)
2024-10-23 03:22:12 INFO: 03:22:12.625 [task-runner-1-9] [INFO ] q.lib.plugins.DetectionPluginTools - 2728 nuclei detected (processing time: 18.54 seconds)
2024-10-23 03:22:12 INFO: 03:22:12.627 [main] [INFO ] q.l.p.CommandLineTaskRunner$CommandLineProgressMonitor - 2728 nuclei detected (63%)
2024-10-23 03:22:12 INFO: 03:22:12.748 [task-runner-1-22] [INFO ] q.lib.plugins.DetectionPluginTools - 2300 nuclei detected (processing time: 15.30 seconds)
2024-10-23 03:22:12 INFO: 03:22:12.748 [main] [INFO ] q.l.p.CommandLineTaskRunner$CommandLineProgressMonitor - 2300 nuclei detected (63%)
2024-10-23 03:22:13 INFO: 03:22:13.081 [task-runner-1-53] [INFO ] q.lib.plugins.DetectionPluginTools - 0 nuclei detected (processing time: 6.75 seconds)
2024-10-23 03:22:13 INFO: 03:22:13.084 [main] [INFO ] q.l.p.CommandLineTaskRunner$CommandLineProgressMonitor - 0 nuclei detected (64%)
2024-10-23 03:22:13 INFO: 03:22:13.214 [task-runner-1-52] [INFO ] q.lib.plugins.DetectionPluginTools - 0 nuclei detected (processing time: 6.45 seconds)
2024-10-23 03:22:13 INFO: 03:22:13.797 [task-runner-1-59] [INFO ] q.lib.plugins.DetectionPluginTools - 8 nuclei detected (processing time: 6.73 seconds)
2024-10-23 03:22:13 INFO: 03:22:13.798 [main] [INFO ] q.l.p.CommandLineTaskRunner$CommandLineProgressMonitor - 8 nuclei detected (65%)
2024-10-23 03:22:14 INFO: 03:22:14.349 [task-runner-1-33] [INFO ] q.lib.plugins.DetectionPluginTools - 1 nucleus detected (processing time: 6.34 seconds)
2024-10-23 03:22:14 INFO: 03:22:14.351 [main] [INFO ] q.l.p.CommandLineTaskRunner$CommandLineProgressMonitor - 1 nucleus detected (66%)
2024-10-23 03:22:14 INFO: 03:22:14.572 [task-runner-1-58] [INFO ] q.lib.plugins.DetectionPluginTools - 1361 nuclei detected (processing time: 13.32 seconds)
2024-10-23 03:22:14 INFO: 03:22:14.573 [main] [INFO ] q.l.p.CommandLineTaskRunner$CommandLineProgressMonitor - 1361 nuclei detected (66%)
2024-10-23 03:22:14 INFO: 03:22:14.747 [task-runner-1-8] [INFO ] q.lib.plugins.DetectionPluginTools - 0 nuclei detected (processing time: 6.29 seconds)
2024-10-23 03:22:14 INFO: 03:22:14.748 [main] [INFO ] q.l.p.CommandLineTaskRunner$CommandLineProgressMonitor - 0 nuclei detected (67%)
2024-10-23 03:22:15 INFO: 03:22:15.106 [task-runner-1-31] [INFO ] q.lib.plugins.DetectionPluginTools - 3157 nuclei detected (processing time: 20.63 seconds)
2024-10-23 03:22:15 INFO: 03:22:15.107 [main] [INFO ] q.l.p.CommandLineTaskRunner$CommandLineProgressMonitor - 3157 nuclei detected (68%)
2024-10-23 03:22:15 INFO: 03:22:15.152 [task-runner-1-14] [INFO ] q.lib.plugins.DetectionPluginTools - 1370 nuclei detected (processing time: 13.75 seconds)
2024-10-23 03:22:15 INFO: 03:22:15.153 [main] [INFO ] q.l.p.CommandLineTaskRunner$CommandLineProgressMonitor - 1370 nuclei detected (68%)
2024-10-23 03:22:15 INFO: 03:22:15.157 [task-runner-1-37] [INFO ] q.lib.plugins.DetectionPluginTools - 1 nucleus detected (processing time: 6.10 seconds)
2024-10-23 03:22:15 INFO: 03:22:15.157 [main] [INFO ] q.l.p.CommandLineTaskRunner$CommandLineProgressMonitor - 1 nucleus detected (69%)
2024-10-23 03:22:15 INFO: 03:22:15.276 [task-runner-1-55] [INFO ] q.lib.plugins.DetectionPluginTools - 1 nucleus detected (processing time: 5.20 seconds)
2024-10-23 03:22:15 INFO: 03:22:15.364 [task-runner-1-12] [INFO ] q.lib.plugins.DetectionPluginTools - 3633 nuclei detected (processing time: 21.02 seconds)
2024-10-23 03:22:15 INFO: 03:22:15.364 [main] [INFO ] q.l.p.CommandLineTaskRunner$CommandLineProgressMonitor - 3633 nuclei detected (70%)
2024-10-23 03:22:15 INFO: 03:22:15.541 [task-runner-1-27] [INFO ] q.lib.plugins.DetectionPluginTools - 3313 nuclei detected (processing time: 21.19 seconds)
2024-10-23 03:22:15 INFO: 03:22:15.541 [main] [INFO ] q.l.p.CommandLineTaskRunner$CommandLineProgressMonitor - 3313 nuclei detected (71%)
2024-10-23 03:22:15 INFO: 03:22:15.575 [task-runner-1-47] [INFO ] q.lib.plugins.DetectionPluginTools - 1555 nuclei detected (processing time: 10.48 seconds)
2024-10-23 03:22:15 INFO: 03:22:15.576 [main] [INFO ] q.l.p.CommandLineTaskRunner$CommandLineProgressMonitor - 1555 nuclei detected (71%)
2024-10-23 03:22:15 INFO: 03:22:15.800 [task-runner-1-10] [INFO ] q.lib.plugins.DetectionPluginTools - 3437 nuclei detected (processing time: 21.46 seconds)
2024-10-23 03:22:15 INFO: 03:22:15.801 [main] [INFO ] q.l.p.CommandLineTaskRunner$CommandLineProgressMonitor - 3437 nuclei detected (72%)
2024-10-23 03:22:15 INFO: 03:22:15.862 [task-runner-1-32] [INFO ] q.lib.plugins.DetectionPluginTools - 4063 nuclei detected (processing time: 21.52 seconds)
2024-10-23 03:22:15 INFO: 03:22:15.862 [task-runner-1-54] [INFO ] q.lib.plugins.DetectionPluginTools - 0 nuclei detected (processing time: 5.77 seconds)
2024-10-23 03:22:15 INFO: 03:22:15.862 [main] [INFO ] q.l.p.CommandLineTaskRunner$CommandLineProgressMonitor - 0 nuclei detected (73%)
2024-10-23 03:22:15 INFO: 03:22:15.862 [main] [INFO ] q.l.p.CommandLineTaskRunner$CommandLineProgressMonitor - 4063 nuclei detected (73%)
2024-10-23 03:22:16 INFO: 03:22:16.181 [task-runner-1-48] [INFO ] q.lib.plugins.DetectionPluginTools - 2091 nuclei detected (processing time: 15.46 seconds)
2024-10-23 03:22:16 INFO: 03:22:16.181 [main] [INFO ] q.l.p.CommandLineTaskRunner$CommandLineProgressMonitor - 2091 nuclei detected (74%)
2024-10-23 03:22:16 INFO: 03:22:16.185 [task-runner-1-2] [INFO ] q.lib.plugins.DetectionPluginTools - 4242 nuclei detected (processing time: 21.85 seconds)
2024-10-23 03:22:16 INFO: 03:22:16.186 [main] [INFO ] q.l.p.CommandLineTaskRunner$CommandLineProgressMonitor - 4242 nuclei detected (74%)
2024-10-23 03:22:16 INFO: 03:22:16.327 [task-runner-1-57] [INFO ] q.lib.plugins.DetectionPluginTools - 1 nucleus detected (processing time: 6.24 seconds)
2024-10-23 03:22:16 INFO: 03:22:16.328 [main] [INFO ] q.l.p.CommandLineTaskRunner$CommandLineProgressMonitor - 1 nucleus detected (75%)
2024-10-23 03:22:16 INFO: 03:22:16.380 [task-runner-1-35] [INFO ] q.lib.plugins.DetectionPluginTools - 2688 nuclei detected (processing time: 19.79 seconds)
2024-10-23 03:22:16 INFO: 03:22:16.381 [main] [INFO ] q.l.p.CommandLineTaskRunner$CommandLineProgressMonitor - 2688 nuclei detected (76%)
2024-10-23 03:22:16 INFO: 03:22:16.385 [task-runner-1-45] [INFO ] q.lib.plugins.DetectionPluginTools - 2517 nuclei detected (processing time: 20.13 seconds)
2024-10-23 03:22:16 INFO: 03:22:16.386 [main] [INFO ] q.l.p.CommandLineTaskRunner$CommandLineProgressMonitor - 2517 nuclei detected (76%)
2024-10-23 03:22:16 INFO: 03:22:16.426 [task-runner-1-38] [INFO ] q.lib.plugins.DetectionPluginTools - 0 nuclei detected (processing time: 5.58 seconds)
2024-10-23 03:22:16 INFO: 03:22:16.427 [main] [INFO ] q.l.p.CommandLineTaskRunner$CommandLineProgressMonitor - 0 nuclei detected (77%)
2024-10-23 03:22:16 INFO: 03:22:16.510 [task-runner-1-16] [INFO ] q.lib.plugins.DetectionPluginTools - 3981 nuclei detected (processing time: 22.17 seconds)
2024-10-23 03:22:16 INFO: 03:22:16.510 [main] [INFO ] q.l.p.CommandLineTaskRunner$CommandLineProgressMonitor - 3981 nuclei detected (78%)
2024-10-23 03:22:16 INFO: 03:22:16.594 [task-runner-1-18] [INFO ] q.lib.plugins.DetectionPluginTools - 1 nucleus detected (processing time: 6.47 seconds)
2024-10-23 03:22:16 INFO: 03:22:16.595 [main] [INFO ] q.l.p.CommandLineTaskRunner$CommandLineProgressMonitor - 1 nucleus detected (78%)
2024-10-23 03:22:16 INFO: 03:22:16.624 [task-runner-1-56] [INFO ] q.lib.plugins.DetectionPluginTools - 0 nuclei detected (processing time: 5.77 seconds)
2024-10-23 03:22:16 INFO: 03:22:16.625 [main] [INFO ] q.l.p.CommandLineTaskRunner$CommandLineProgressMonitor - 0 nuclei detected (79%)
2024-10-23 03:22:16 INFO: 03:22:16.627 [task-runner-1-50] [INFO ] q.lib.plugins.DetectionPluginTools - 2763 nuclei detected (processing time: 19.92 seconds)
2024-10-23 03:22:16 INFO: 03:22:16.627 [main] [INFO ] q.l.p.CommandLineTaskRunner$CommandLineProgressMonitor - 2763 nuclei detected (79%)
2024-10-23 03:22:16 INFO: 03:22:16.661 [task-runner-1-15] [INFO ] q.lib.plugins.DetectionPluginTools - 0 nuclei detected (processing time: 5.63 seconds)
2024-10-23 03:22:16 INFO: 03:22:16.662 [main] [INFO ] q.l.p.CommandLineTaskRunner$CommandLineProgressMonitor - 0 nuclei detected (80%)
2024-10-23 03:22:16 INFO: 03:22:16.750 [task-runner-1-63] [INFO ] q.lib.plugins.DetectionPluginTools - 0 nuclei detected (processing time: 5.91 seconds)
2024-10-23 03:22:16 INFO: 03:22:16.750 [main] [INFO ] q.l.p.CommandLineTaskRunner$CommandLineProgressMonitor - 0 nuclei detected (81%)
2024-10-23 03:22:16 INFO: 03:22:16.781 [task-runner-1-42] [INFO ] q.lib.plugins.DetectionPluginTools - 1 nucleus detected (processing time: 5.95 seconds)
2024-10-23 03:22:16 INFO: 03:22:16.781 [main] [INFO ] q.l.p.CommandLineTaskRunner$CommandLineProgressMonitor - 1 nucleus detected (81%)
2024-10-23 03:22:16 INFO: 03:22:16.785 [task-runner-1-44] [INFO ] q.lib.plugins.DetectionPluginTools - 0 nuclei detected (processing time: 5.15 seconds)
2024-10-23 03:22:16 INFO: 03:22:16.786 [main] [INFO ] q.l.p.CommandLineTaskRunner$CommandLineProgressMonitor - 0 nuclei detected (82%)
2024-10-23 03:22:16 INFO: 03:22:16.805 [task-runner-1-19] [INFO ] q.lib.plugins.DetectionPluginTools - 4188 nuclei detected (processing time: 22.14 seconds)
2024-10-23 03:22:16 INFO: 03:22:16.805 [main] [INFO ] q.l.p.CommandLineTaskRunner$CommandLineProgressMonitor - 4188 nuclei detected (83%)
2024-10-23 03:22:16 INFO: 03:22:16.844 [task-runner-1-11] [INFO ] q.lib.plugins.DetectionPluginTools - 0 nuclei detected (processing time: 5.77 seconds)
2024-10-23 03:22:16 INFO: 03:22:16.844 [main] [INFO ] q.l.p.CommandLineTaskRunner$CommandLineProgressMonitor - 0 nuclei detected (83%)
2024-10-23 03:22:16 INFO: 03:22:16.871 [task-runner-1-62] [INFO ] q.lib.plugins.DetectionPluginTools - 0 nuclei detected (processing time: 6.40 seconds)
2024-10-23 03:22:16 INFO: 03:22:16.872 [main] [INFO ] q.l.p.CommandLineTaskRunner$CommandLineProgressMonitor - 0 nuclei detected (84%)
2024-10-23 03:22:16 INFO: 03:22:16.922 [task-runner-1-26] [INFO ] q.lib.plugins.DetectionPluginTools - 3839 nuclei detected (processing time: 22.33 seconds)
2024-10-23 03:22:16 INFO: 03:22:16.922 [main] [INFO ] q.l.p.CommandLineTaskRunner$CommandLineProgressMonitor - 3839 nuclei detected (84%)
2024-10-23 03:22:16 INFO: 03:22:16.987 [task-runner-1-21] [INFO ] q.lib.plugins.DetectionPluginTools - 1182 nuclei detected (processing time: 17.22 seconds)
2024-10-23 03:22:16 INFO: 03:22:16.987 [main] [INFO ] q.l.p.CommandLineTaskRunner$CommandLineProgressMonitor - 1182 nuclei detected (85%)
2024-10-23 03:22:16 INFO: 03:22:16.989 [task-runner-1-49] [INFO ] q.lib.plugins.DetectionPluginTools - 2918 nuclei detected (processing time: 20.79 seconds)
2024-10-23 03:22:16 INFO: 03:22:16.990 [main] [INFO ] q.l.p.CommandLineTaskRunner$CommandLineProgressMonitor - 2918 nuclei detected (86%)
2024-10-23 03:22:17 INFO: 03:22:17.001 [task-runner-1-34] [INFO ] q.lib.plugins.DetectionPluginTools - 2900 nuclei detected (processing time: 20.25 seconds)
2024-10-23 03:22:17 INFO: 03:22:17.002 [main] [INFO ] q.l.p.CommandLineTaskRunner$CommandLineProgressMonitor - 2900 nuclei detected (86%)
2024-10-23 03:22:17 INFO: 03:22:17.036 [task-runner-1-13] [INFO ] q.lib.plugins.DetectionPluginTools - 3478 nuclei detected (processing time: 22.54 seconds)
2024-10-23 03:22:17 INFO: 03:22:17.036 [main] [INFO ] q.l.p.CommandLineTaskRunner$CommandLineProgressMonitor - 3478 nuclei detected (87%)
2024-10-23 03:22:17 INFO: 03:22:17.227 [task-runner-1-46] [INFO ] q.lib.plugins.DetectionPluginTools - 4141 nuclei detected (processing time: 22.62 seconds)
2024-10-23 03:22:17 INFO: 03:22:17.228 [main] [INFO ] q.l.p.CommandLineTaskRunner$CommandLineProgressMonitor - 4141 nuclei detected (88%)
2024-10-23 03:22:17 INFO: 03:22:17.271 [task-runner-1-1] [INFO ] q.lib.plugins.DetectionPluginTools - 3568 nuclei detected (processing time: 21.33 seconds)
2024-10-23 03:22:17 INFO: 03:22:17.271 [main] [INFO ] q.l.p.CommandLineTaskRunner$CommandLineProgressMonitor - 3568 nuclei detected (88%)
2024-10-23 03:22:17 INFO: 03:22:17.377 [task-runner-1-25] [INFO ] q.lib.plugins.DetectionPluginTools - 3639 nuclei detected (processing time: 20.72 seconds)
2024-10-23 03:22:17 INFO: 03:22:17.378 [main] [INFO ] q.l.p.CommandLineTaskRunner$CommandLineProgressMonitor - 3639 nuclei detected (89%)
2024-10-23 03:22:17 INFO: 03:22:17.483 [task-runner-1-5] [INFO ] q.lib.plugins.DetectionPluginTools - 3085 nuclei detected (processing time: 21.40 seconds)
2024-10-23 03:22:17 INFO: 03:22:17.484 [main] [INFO ] q.l.p.CommandLineTaskRunner$CommandLineProgressMonitor - 3085 nuclei detected (89%)
2024-10-23 03:22:17 INFO: 03:22:17.522 [task-runner-1-28] [INFO ] q.lib.plugins.DetectionPluginTools - 4559 nuclei detected (processing time: 23.03 seconds)
2024-10-23 03:22:17 INFO: 03:22:17.522 [main] [INFO ] q.l.p.CommandLineTaskRunner$CommandLineProgressMonitor - 4559 nuclei detected (90%)
2024-10-23 03:22:17 INFO: 03:22:17.559 [task-runner-1-24] [INFO ] q.lib.plugins.DetectionPluginTools - 3625 nuclei detected (processing time: 20.37 seconds)
2024-10-23 03:22:17 INFO: 03:22:17.559 [main] [INFO ] q.l.p.CommandLineTaskRunner$CommandLineProgressMonitor - 3625 nuclei detected (91%)
2024-10-23 03:22:17 INFO: 03:22:17.621 [task-runner-1-30] [INFO ] q.lib.plugins.DetectionPluginTools - 5452 nuclei detected (processing time: 23.28 seconds)
2024-10-23 03:22:17 INFO: 03:22:17.621 [main] [INFO ] q.l.p.CommandLineTaskRunner$CommandLineProgressMonitor - 5452 nuclei detected (91%)
2024-10-23 03:22:17 INFO: 03:22:17.676 [task-runner-1-40] [INFO ] q.lib.plugins.DetectionPluginTools - 2343 nuclei detected (processing time: 11.86 seconds)
2024-10-23 03:22:17 INFO: 03:22:17.676 [main] [INFO ] q.l.p.CommandLineTaskRunner$CommandLineProgressMonitor - 2343 nuclei detected (92%)
2024-10-23 03:22:17 INFO: 03:22:17.719 [task-runner-1-7] [INFO ] q.lib.plugins.DetectionPluginTools - 6702 nuclei detected (processing time: 23.38 seconds)
2024-10-23 03:22:17 INFO: 03:22:17.719 [main] [INFO ] q.l.p.CommandLineTaskRunner$CommandLineProgressMonitor - 6702 nuclei detected (93%)
2024-10-23 03:22:17 INFO: 03:22:17.767 [task-runner-1-51] [INFO ] q.lib.plugins.DetectionPluginTools - 3644 nuclei detected (processing time: 20.53 seconds)
2024-10-23 03:22:17 INFO: 03:22:17.767 [main] [INFO ] q.l.p.CommandLineTaskRunner$CommandLineProgressMonitor - 3644 nuclei detected (93%)
2024-10-23 03:22:17 INFO: 03:22:17.882 [task-runner-1-36] [INFO ] q.lib.plugins.DetectionPluginTools - 2777 nuclei detected (processing time: 11.98 seconds)
2024-10-23 03:22:17 INFO: 03:22:17.882 [main] [INFO ] q.l.p.CommandLineTaskRunner$CommandLineProgressMonitor - 2777 nuclei detected (94%)
2024-10-23 03:22:17 INFO: 03:22:17.916 [task-runner-1-23] [INFO ] q.lib.plugins.DetectionPluginTools - 4001 nuclei detected (processing time: 20.67 seconds)
2024-10-23 03:22:17 INFO: 03:22:17.917 [main] [INFO ] q.l.p.CommandLineTaskRunner$CommandLineProgressMonitor - 4001 nuclei detected (94%)
2024-10-23 03:22:18 INFO: 03:22:18.114 [task-runner-1-20] [INFO ] q.lib.plugins.DetectionPluginTools - 3703 nuclei detected (processing time: 21.08 seconds)
2024-10-23 03:22:18 INFO: 03:22:18.114 [main] [INFO ] q.l.p.CommandLineTaskRunner$CommandLineProgressMonitor - 3703 nuclei detected (95%)
2024-10-23 03:22:18 INFO: 03:22:18.311 [task-runner-1-39] [INFO ] q.lib.plugins.DetectionPluginTools - 3067 nuclei detected (processing time: 16.40 seconds)
2024-10-23 03:22:18 INFO: 03:22:18.311 [main] [INFO ] q.l.p.CommandLineTaskRunner$CommandLineProgressMonitor - 3067 nuclei detected (96%)
2024-10-23 03:22:18 INFO: 03:22:18.813 [task-runner-1-3] [INFO ] q.lib.plugins.DetectionPluginTools - 3974 nuclei detected (processing time: 16.87 seconds)
2024-10-23 03:22:18 INFO: 03:22:18.813 [main] [INFO ] q.l.p.CommandLineTaskRunner$CommandLineProgressMonitor - 3974 nuclei detected (96%)
2024-10-23 03:22:18 INFO: 03:22:18.927 [task-runner-1-60] [INFO ] q.lib.plugins.DetectionPluginTools - 5233 nuclei detected (processing time: 21.64 seconds)
2024-10-23 03:22:18 INFO: 03:22:18.927 [main] [INFO ] q.l.p.CommandLineTaskRunner$CommandLineProgressMonitor - 5233 nuclei detected (97%)
2024-10-23 03:22:18 INFO: 03:22:18.979 [task-runner-1-43] [INFO ] q.lib.plugins.DetectionPluginTools - 4661 nuclei detected (processing time: 21.74 seconds)
2024-10-23 03:22:18 INFO: 03:22:18.979 [main] [INFO ] q.l.p.CommandLineTaskRunner$CommandLineProgressMonitor - 4661 nuclei detected (98%)
2024-10-23 03:22:19 INFO: 03:22:19.518 [task-runner-1-6] [INFO ] q.lib.plugins.DetectionPluginTools - 4759 nuclei detected (processing time: 16.88 seconds)
2024-10-23 03:22:19 INFO: 03:22:19.518 [main] [INFO ] q.l.p.CommandLineTaskRunner$CommandLineProgressMonitor - 4759 nuclei detected (98%)
2024-10-23 03:22:20 INFO: 03:22:20.037 [task-runner-1-17] [INFO ] q.lib.plugins.DetectionPluginTools - 5225 nuclei detected (processing time: 17.58 seconds)
2024-10-23 03:22:20 INFO: 03:22:20.037 [main] [INFO ] q.l.p.CommandLineTaskRunner$CommandLineProgressMonitor - 5225 nuclei detected (99%)
2024-10-23 03:22:20 INFO: 03:22:20.230 [task-runner-1-4] [INFO ] q.lib.plugins.DetectionPluginTools - 5678 nuclei detected (processing time: 17.62 seconds)
2024-10-23 03:22:20 INFO: 03:22:20.231 [main] [INFO ] q.l.p.CommandLineTaskRunner$CommandLineProgressMonitor - 5678 nuclei detected (99%)
2024-10-23 03:22:20 INFO: 03:22:20.611 [task-runner-1-41] [INFO ] q.lib.plugins.DetectionPluginTools - 5630 nuclei detected (processing time: 18.08 seconds)
2024-10-23 03:22:20 INFO: 03:22:20.611 [main] [INFO ] q.l.p.CommandLineTaskRunner$CommandLineProgressMonitor - 5630 nuclei detected (100%)
2024-10-23 03:22:20 INFO: 03:22:20.611 [main] [INFO ] q.l.p.CommandLineTaskRunner$CommandLineProgressMonitor - Processing complete in 40.98 seconds
2024-10-23 03:22:20 INFO: 03:22:20.611 [main] [INFO ] q.l.p.CommandLineTaskRunner$CommandLineProgressMonitor - Tasks completed!
2024-10-23 03:22:29 INFO: 03:22:29.611 [main] [WARN ] q.l.p.objects.SmoothFeaturesPlugin - Smoothing using annotations
2024-10-23 03:22:33 INFO: 03:22:33.154 [main] [INFO ] q.l.p.CommandLineTaskRunner$CommandLineProgressMonitor - Completed (100%)
2024-10-23 03:22:33 INFO: 03:22:33.154 [main] [INFO ] q.l.p.CommandLineTaskRunner$CommandLineProgressMonitor - Processing complete in 3.54 seconds
2024-10-23 03:22:33 INFO: 03:22:33.154 [main] [INFO ] q.l.p.CommandLineTaskRunner$CommandLineProgressMonitor - Tasks completed!
2024-10-23 03:22:33 INFO: 03:22:33.156 [main] [WARN ] q.l.p.objects.SmoothFeaturesPlugin - Smoothing using annotations
2024-10-23 03:22:41 INFO: 03:22:41.478 [main] [INFO ] q.l.p.CommandLineTaskRunner$CommandLineProgressMonitor - Completed (100%)
2024-10-23 03:22:41 INFO: 03:22:41.478 [main] [INFO ] q.l.p.CommandLineTaskRunner$CommandLineProgressMonitor - Processing complete in 8.32 seconds
2024-10-23 03:22:41 INFO: 03:22:41.478 [main] [INFO ] q.l.p.CommandLineTaskRunner$CommandLineProgressMonitor - Tasks completed!
2024-10-23 03:22:41 INFO: 03:22:41.480 [main] [WARN ] q.l.p.objects.SmoothFeaturesPlugin - Smoothing using annotations
2024-10-23 03:23:00 INFO: 03:23:00.977 [main] [INFO ] q.l.p.CommandLineTaskRunner$CommandLineProgressMonitor - Completed (100%)
2024-10-23 03:23:00 INFO: 03:23:00.977 [main] [INFO ] q.l.p.CommandLineTaskRunner$CommandLineProgressMonitor - Processing complete in 19.50 seconds
2024-10-23 03:23:00 INFO: 03:23:00.977 [main] [INFO ] q.l.p.CommandLineTaskRunner$CommandLineProgressMonitor - Tasks completed!
2024-10-23 03:23:01 INFO: 03:23:01.185 [task-runner-5-2] [INFO ] q.l.a.IntensityFeaturesPlugin - Splitting Rectangle (0, 0, 63784, 39311) into 40 tiles for intensity measurements
2024-10-23 03:23:01 INFO: 03:23:01.365 [main] [INFO ] q.l.p.CommandLineTaskRunner$CommandLineProgressMonitor - Completed (0%)
2024-10-23 03:23:02 INFO: 03:23:02.253 [main] [INFO ] q.l.p.CommandLineTaskRunner$CommandLineProgressMonitor - Completed (1%)
2024-10-23 03:23:02 INFO: 03:23:02.586 [main] [INFO ] q.l.p.CommandLineTaskRunner$CommandLineProgressMonitor - Completed (2%)
2024-10-23 03:23:02 INFO: 03:23:02.707 [main] [INFO ] q.l.p.CommandLineTaskRunner$CommandLineProgressMonitor - Completed (3%)
2024-10-23 03:23:02 INFO: 03:23:02.837 [main] [INFO ] q.l.p.CommandLineTaskRunner$CommandLineProgressMonitor - Completed (4%)
2024-10-23 03:23:02 INFO: 03:23:02.972 [main] [INFO ] q.l.p.CommandLineTaskRunner$CommandLineProgressMonitor - Completed (5%)
2024-10-23 03:23:03 INFO: 03:23:03.080 [main] [INFO ] q.l.p.CommandLineTaskRunner$CommandLineProgressMonitor - Completed (6%)
2024-10-23 03:23:03 INFO: 03:23:03.172 [main] [INFO ] q.l.p.CommandLineTaskRunner$CommandLineProgressMonitor - Completed (7%)
2024-10-23 03:23:03 INFO: 03:23:03.284 [main] [INFO ] q.l.p.CommandLineTaskRunner$CommandLineProgressMonitor - Completed (8%)
2024-10-23 03:23:03 INFO: 03:23:03.379 [main] [INFO ] q.l.p.CommandLineTaskRunner$CommandLineProgressMonitor - Completed (9%)
2024-10-23 03:23:03 INFO: 03:23:03.528 [main] [INFO ] q.l.p.CommandLineTaskRunner$CommandLineProgressMonitor - Completed (10%)
2024-10-23 03:23:03 INFO: 03:23:03.676 [main] [INFO ] q.l.p.CommandLineTaskRunner$CommandLineProgressMonitor - Completed (11%)
2024-10-23 03:23:03 INFO: 03:23:03.821 [main] [INFO ] q.l.p.CommandLineTaskRunner$CommandLineProgressMonitor - Completed (12%)
2024-10-23 03:23:03 INFO: 03:23:03.957 [main] [INFO ] q.l.p.CommandLineTaskRunner$CommandLineProgressMonitor - Completed (13%)
2024-10-23 03:23:04 INFO: 03:23:04.117 [main] [INFO ] q.l.p.CommandLineTaskRunner$CommandLineProgressMonitor - Completed (14%)
2024-10-23 03:23:04 INFO: 03:23:04.331 [main] [INFO ] q.l.p.CommandLineTaskRunner$CommandLineProgressMonitor - Completed (15%)
2024-10-23 03:23:04 INFO: 03:23:04.495 [main] [INFO ] q.l.p.CommandLineTaskRunner$CommandLineProgressMonitor - Completed (16%)
2024-10-23 03:23:04 INFO: 03:23:04.641 [main] [INFO ] q.l.p.CommandLineTaskRunner$CommandLineProgressMonitor - Completed (17%)
2024-10-23 03:23:04 INFO: 03:23:04.785 [main] [INFO ] q.l.p.CommandLineTaskRunner$CommandLineProgressMonitor - Completed (18%)
2024-10-23 03:23:04 INFO: 03:23:04.934 [main] [INFO ] q.l.p.CommandLineTaskRunner$CommandLineProgressMonitor - Completed (19%)
2024-10-23 03:23:05 INFO: 03:23:05.090 [main] [INFO ] q.l.p.CommandLineTaskRunner$CommandLineProgressMonitor - Completed (20%)
2024-10-23 03:23:05 INFO: 03:23:05.244 [main] [INFO ] q.l.p.CommandLineTaskRunner$CommandLineProgressMonitor - Completed (21%)
2024-10-23 03:23:05 INFO: 03:23:05.403 [main] [INFO ] q.l.p.CommandLineTaskRunner$CommandLineProgressMonitor - Completed (22%)
2024-10-23 03:23:05 INFO: 03:23:05.776 [main] [INFO ] q.l.p.CommandLineTaskRunner$CommandLineProgressMonitor - Completed (23%)
2024-10-23 03:23:05 INFO: 03:23:05.931 [main] [INFO ] q.l.p.CommandLineTaskRunner$CommandLineProgressMonitor - Completed (24%)
2024-10-23 03:23:06 INFO: 03:23:06.089 [main] [INFO ] q.l.p.CommandLineTaskRunner$CommandLineProgressMonitor - Completed (25%)
2024-10-23 03:23:06 INFO: 03:23:06.241 [main] [INFO ] q.l.p.CommandLineTaskRunner$CommandLineProgressMonitor - Completed (26%)
2024-10-23 03:23:06 INFO: 03:23:06.476 [main] [INFO ] q.l.p.CommandLineTaskRunner$CommandLineProgressMonitor - Completed (27%)
2024-10-23 03:23:06 INFO: 03:23:06.611 [main] [INFO ] q.l.p.CommandLineTaskRunner$CommandLineProgressMonitor - Completed (28%)
2024-10-23 03:23:06 INFO: 03:23:06.776 [main] [INFO ] q.l.p.CommandLineTaskRunner$CommandLineProgressMonitor - Completed (29%)
2024-10-23 03:23:06 INFO: 03:23:06.942 [main] [INFO ] q.l.p.CommandLineTaskRunner$CommandLineProgressMonitor - Completed (30%)
2024-10-23 03:23:07 INFO: 03:23:07.088 [main] [INFO ] q.l.p.CommandLineTaskRunner$CommandLineProgressMonitor - Completed (31%)
2024-10-23 03:23:07 INFO: 03:23:07.242 [main] [INFO ] q.l.p.CommandLineTaskRunner$CommandLineProgressMonitor - Completed (32%)
2024-10-23 03:23:07 INFO: 03:23:07.402 [main] [INFO ] q.l.p.CommandLineTaskRunner$CommandLineProgressMonitor - Completed (33%)
2024-10-23 03:23:07 INFO: 03:23:07.534 [main] [INFO ] q.l.p.CommandLineTaskRunner$CommandLineProgressMonitor - Completed (34%)
2024-10-23 03:23:07 INFO: 03:23:07.673 [main] [INFO ] q.l.p.CommandLineTaskRunner$CommandLineProgressMonitor - Completed (35%)
2024-10-23 03:23:07 INFO: 03:23:07.825 [main] [INFO ] q.l.p.CommandLineTaskRunner$CommandLineProgressMonitor - Completed (36%)
2024-10-23 03:23:07 INFO: 03:23:07.948 [main] [INFO ] q.l.p.CommandLineTaskRunner$CommandLineProgressMonitor - Completed (37%)
2024-10-23 03:23:08 INFO: 03:23:08.069 [main] [INFO ] q.l.p.CommandLineTaskRunner$CommandLineProgressMonitor - Completed (38%)
2024-10-23 03:23:08 INFO: 03:23:08.200 [main] [INFO ] q.l.p.CommandLineTaskRunner$CommandLineProgressMonitor - Completed (39%)
2024-10-23 03:23:08 INFO: 03:23:08.333 [main] [INFO ] q.l.p.CommandLineTaskRunner$CommandLineProgressMonitor - Completed (40%)
2024-10-23 03:23:08 INFO: 03:23:08.474 [main] [INFO ] q.l.p.CommandLineTaskRunner$CommandLineProgressMonitor - Completed (41%)
2024-10-23 03:23:08 INFO: 03:23:08.610 [main] [INFO ] q.l.p.CommandLineTaskRunner$CommandLineProgressMonitor - Completed (42%)
2024-10-23 03:23:08 INFO: 03:23:08.724 [main] [INFO ] q.l.p.CommandLineTaskRunner$CommandLineProgressMonitor - Completed (43%)
2024-10-23 03:23:08 INFO: 03:23:08.848 [main] [INFO ] q.l.p.CommandLineTaskRunner$CommandLineProgressMonitor - Completed (44%)
2024-10-23 03:23:08 INFO: 03:23:08.962 [main] [INFO ] q.l.p.CommandLineTaskRunner$CommandLineProgressMonitor - Completed (45%)
2024-10-23 03:23:09 INFO: 03:23:09.090 [main] [INFO ] q.l.p.CommandLineTaskRunner$CommandLineProgressMonitor - Completed (46%)
2024-10-23 03:23:09 INFO: 03:23:09.238 [main] [INFO ] q.l.p.CommandLineTaskRunner$CommandLineProgressMonitor - Completed (47%)
2024-10-23 03:23:09 INFO: 03:23:09.385 [main] [INFO ] q.l.p.CommandLineTaskRunner$CommandLineProgressMonitor - Completed (48%)
2024-10-23 03:23:09 INFO: 03:23:09.512 [main] [INFO ] q.l.p.CommandLineTaskRunner$CommandLineProgressMonitor - Completed (49%)
2024-10-23 03:23:09 INFO: 03:23:09.632 [main] [INFO ] q.l.p.CommandLineTaskRunner$CommandLineProgressMonitor - Completed (50%)
2024-10-23 03:23:09 INFO: 03:23:09.752 [main] [INFO ] q.l.p.CommandLineTaskRunner$CommandLineProgressMonitor - Completed (51%)
2024-10-23 03:23:09 INFO: 03:23:09.873 [main] [INFO ] q.l.p.CommandLineTaskRunner$CommandLineProgressMonitor - Completed (52%)
2024-10-23 03:23:09 INFO: 03:23:09.994 [main] [INFO ] q.l.p.CommandLineTaskRunner$CommandLineProgressMonitor - Completed (53%)
2024-10-23 03:23:10 INFO: 03:23:10.115 [main] [INFO ] q.l.p.CommandLineTaskRunner$CommandLineProgressMonitor - Completed (54%)
2024-10-23 03:23:10 INFO: 03:23:10.233 [main] [INFO ] q.l.p.CommandLineTaskRunner$CommandLineProgressMonitor - Completed (55%)
2024-10-23 03:23:10 INFO: 03:23:10.358 [main] [INFO ] q.l.p.CommandLineTaskRunner$CommandLineProgressMonitor - Completed (56%)
2024-10-23 03:23:10 INFO: 03:23:10.476 [main] [INFO ] q.l.p.CommandLineTaskRunner$CommandLineProgressMonitor - Completed (57%)
2024-10-23 03:23:10 INFO: 03:23:10.798 [main] [INFO ] q.l.p.CommandLineTaskRunner$CommandLineProgressMonitor - Completed (58%)
2024-10-23 03:23:10 INFO: 03:23:10.909 [main] [INFO ] q.l.p.CommandLineTaskRunner$CommandLineProgressMonitor - Completed (59%)
2024-10-23 03:23:11 INFO: 03:23:11.022 [main] [INFO ] q.l.p.CommandLineTaskRunner$CommandLineProgressMonitor - Completed (60%)
2024-10-23 03:23:11 INFO: 03:23:11.133 [main] [INFO ] q.l.p.CommandLineTaskRunner$CommandLineProgressMonitor - Completed (61%)
2024-10-23 03:23:11 INFO: 03:23:11.249 [main] [INFO ] q.l.p.CommandLineTaskRunner$CommandLineProgressMonitor - Completed (62%)
2024-10-23 03:23:11 INFO: 03:23:11.378 [main] [INFO ] q.l.p.CommandLineTaskRunner$CommandLineProgressMonitor - Completed (63%)
2024-10-23 03:23:11 INFO: 03:23:11.760 [main] [INFO ] q.l.p.CommandLineTaskRunner$CommandLineProgressMonitor - Completed (64%)
2024-10-23 03:23:11 INFO: 03:23:11.933 [main] [INFO ] q.l.p.CommandLineTaskRunner$CommandLineProgressMonitor - Completed (65%)
2024-10-23 03:23:12 INFO: 03:23:12.053 [main] [INFO ] q.l.p.CommandLineTaskRunner$CommandLineProgressMonitor - Completed (66%)
2024-10-23 03:23:12 INFO: 03:23:12.200 [main] [INFO ] q.l.p.CommandLineTaskRunner$CommandLineProgressMonitor - Completed (67%)
2024-10-23 03:23:12 INFO: 03:23:12.314 [main] [INFO ] q.l.p.CommandLineTaskRunner$CommandLineProgressMonitor - Completed (68%)
2024-10-23 03:23:12 INFO: 03:23:12.441 [main] [INFO ] q.l.p.CommandLineTaskRunner$CommandLineProgressMonitor - Completed (69%)
2024-10-23 03:23:12 INFO: 03:23:12.548 [main] [INFO ] q.l.p.CommandLineTaskRunner$CommandLineProgressMonitor - Completed (70%)
2024-10-23 03:23:12 INFO: 03:23:12.706 [main] [INFO ] q.l.p.CommandLineTaskRunner$CommandLineProgressMonitor - Completed (71%)
2024-10-23 03:23:12 INFO: 03:23:12.868 [main] [INFO ] q.l.p.CommandLineTaskRunner$CommandLineProgressMonitor - Completed (72%)
2024-10-23 03:23:13 INFO: 03:23:13.020 [main] [INFO ] q.l.p.CommandLineTaskRunner$CommandLineProgressMonitor - Completed (73%)
2024-10-23 03:23:13 INFO: 03:23:13.141 [main] [INFO ] q.l.p.CommandLineTaskRunner$CommandLineProgressMonitor - Completed (74%)
2024-10-23 03:23:13 INFO: 03:23:13.278 [main] [INFO ] q.l.p.CommandLineTaskRunner$CommandLineProgressMonitor - Completed (75%)
2024-10-23 03:23:13 INFO: 03:23:13.475 [main] [INFO ] q.l.p.CommandLineTaskRunner$CommandLineProgressMonitor - Completed (76%)
2024-10-23 03:23:13 INFO: 03:23:13.673 [main] [INFO ] q.l.p.CommandLineTaskRunner$CommandLineProgressMonitor - Completed (77%)
2024-10-23 03:23:13 INFO: 03:23:13.860 [main] [INFO ] q.l.p.CommandLineTaskRunner$CommandLineProgressMonitor - Completed (78%)
2024-10-23 03:23:14 INFO: 03:23:14.043 [main] [INFO ] q.l.p.CommandLineTaskRunner$CommandLineProgressMonitor - Completed (79%)
2024-10-23 03:23:14 INFO: 03:23:14.226 [main] [INFO ] q.l.p.CommandLineTaskRunner$CommandLineProgressMonitor - Completed (80%)
2024-10-23 03:23:14 INFO: 03:23:14.402 [main] [INFO ] q.l.p.CommandLineTaskRunner$CommandLineProgressMonitor - Completed (81%)
2024-10-23 03:23:14 INFO: 03:23:14.717 [main] [INFO ] q.l.p.CommandLineTaskRunner$CommandLineProgressMonitor - Completed (82%)
2024-10-23 03:23:14 INFO: 03:23:14.905 [main] [INFO ] q.l.p.CommandLineTaskRunner$CommandLineProgressMonitor - Completed (83%)
2024-10-23 03:23:15 INFO: 03:23:15.165 [main] [INFO ] q.l.p.CommandLineTaskRunner$CommandLineProgressMonitor - Completed (84%)
2024-10-23 03:23:15 INFO: 03:23:15.475 [main] [INFO ] q.l.p.CommandLineTaskRunner$CommandLineProgressMonitor - Completed (85%)
2024-10-23 03:23:15 INFO: 03:23:15.720 [main] [INFO ] q.l.p.CommandLineTaskRunner$CommandLineProgressMonitor - Completed (86%)
2024-10-23 03:23:15 INFO: 03:23:15.951 [main] [INFO ] q.l.p.CommandLineTaskRunner$CommandLineProgressMonitor - Completed (87%)
2024-10-23 03:23:16 INFO: 03:23:16.202 [main] [INFO ] q.l.p.CommandLineTaskRunner$CommandLineProgressMonitor - Completed (88%)
2024-10-23 03:23:16 INFO: 03:23:16.391 [main] [INFO ] q.l.p.CommandLineTaskRunner$CommandLineProgressMonitor - Completed (89%)
2024-10-23 03:23:16 INFO: 03:23:16.581 [main] [INFO ] q.l.p.CommandLineTaskRunner$CommandLineProgressMonitor - Completed (90%)
2024-10-23 03:23:16 INFO: 03:23:16.776 [main] [INFO ] q.l.p.CommandLineTaskRunner$CommandLineProgressMonitor - Completed (91%)
2024-10-23 03:23:16 INFO: 03:23:16.919 [main] [INFO ] q.l.p.CommandLineTaskRunner$CommandLineProgressMonitor - Completed (92%)
2024-10-23 03:23:17 INFO: 03:23:17.097 [main] [INFO ] q.l.p.CommandLineTaskRunner$CommandLineProgressMonitor - Completed (93%)
2024-10-23 03:23:17 INFO: 03:23:17.365 [main] [INFO ] q.l.p.CommandLineTaskRunner$CommandLineProgressMonitor - Completed (94%)
2024-10-23 03:23:17 INFO: 03:23:17.525 [main] [INFO ] q.l.p.CommandLineTaskRunner$CommandLineProgressMonitor - Completed (95%)
2024-10-23 03:23:17 INFO: 03:23:17.647 [main] [INFO ] q.l.p.CommandLineTaskRunner$CommandLineProgressMonitor - Completed (96%)
2024-10-23 03:23:17 INFO: 03:23:17.784 [main] [INFO ] q.l.p.CommandLineTaskRunner$CommandLineProgressMonitor - Completed (97%)
2024-10-23 03:23:17 INFO: 03:23:17.923 [main] [INFO ] q.l.p.CommandLineTaskRunner$CommandLineProgressMonitor - Completed (98%)
2024-10-23 03:23:18 INFO: 03:23:18.053 [main] [INFO ] q.l.p.CommandLineTaskRunner$CommandLineProgressMonitor - Completed (99%)
2024-10-23 03:23:18 INFO: 03:23:18.179 [main] [INFO ] q.l.p.CommandLineTaskRunner$CommandLineProgressMonitor - Completed (100%)
2024-10-23 03:24:12 INFO: 03:24:12.270 [main] [INFO ] q.l.p.CommandLineTaskRunner$CommandLineProgressMonitor - Completed (100%)
2024-10-23 03:24:12 INFO: 03:24:12.272 [main] [INFO ] q.l.p.CommandLineTaskRunner$CommandLineProgressMonitor - Processing complete in 71.10 seconds
2024-10-23 03:24:12 INFO: 03:24:12.272 [main] [INFO ] q.l.p.CommandLineTaskRunner$CommandLineProgressMonitor - Tasks completed!
2024-10-23 03:26:26 INFO: 03:26:26.948 [task-runner-6-1] [WARN ] q.o.features.DelaunayTriangulation - Some objects have missing measurements! Statistics will calculated only for objects with measurements available.
2024-10-23 03:26:26 INFO: 03:26:26.949 [task-runner-6-1] [WARN ] q.o.features.DelaunayTriangulation - Missing measurements: [ROI: 1.00 m per pixel: Residual: Haralick Correlation (F2), ROI: 1.00 m per pixel: Residual: Haralick Information measure of correlation 1 (F11), ROI: 1.00 m per pixel: Residual: Haralick Information measure of correlation 2 (F12)]
2024-10-23 03:26:26 INFO: 03:26:26.983 [main] [INFO ] q.l.p.CommandLineTaskRunner$CommandLineProgressMonitor - Delaunay triangulation calculated for Annotation (199039 objects) (100%)
2024-10-23 03:26:26 INFO: 03:26:26.984 [main] [INFO ] q.l.p.CommandLineTaskRunner$CommandLineProgressMonitor - Processing complete in 134.66 seconds
2024-10-23 03:26:26 INFO: 03:26:26.984 [main] [INFO ] q.l.p.CommandLineTaskRunner$CommandLineProgressMonitor - Tasks completed!
2024-10-23 03:28:40 INFO: TCGA-GI-A2C8-01Z-00-DX1.09BD8AC9-645A-4C8B-9B36-77D833BDBA09
2024-10-23 03:28:40 INFO: QuPath subprocess completed.
2024-10-23 03:28:50 INFO: QuPath image extraction completed successfully. Output directory: /home/ilants/Documents/jupyter_test/single_image_multiple_params/exp_maxAreaMicrons_70.0
2024-10-23 03:28:50 INFO: Summary table saved to: /home/ilants/Documents/jupyter_test/single_image_multiple_params/exp_maxAreaMicrons_70.0/Summary_Table.csv
2024-10-23 03:28:50 INFO: Experiment completed successfully.
