2024-10-23 01:35:44 INFO: Starting experiment with for sigmaMicrons with value of 2.25
2024-10-23 01:35:44 INFO: Running with the following configuration:
{'detectionImageBrightfield': 'Hematoxylin OD', 'requestedPixelSizeMicrons': 0.5, 'backgroundRadiusMicrons': 4.0, 'backgroundByReconstruction': True, 'medianRadiusMicrons': 0.0, 'sigmaMicrons': 2.25, 'minAreaMicrons': 10.0, 'maxAreaMicrons': 80.0, 'threshold': 0.1, 'maxBackground': 2.0, 'watershedPostProcess': True, 'cellExpansionMicrons': 5.0, 'includeNuclei': True, 'smoothBoundaries': True, 'makeMeasurements': True, 'backgroundRadiusPixel': 8.0, 'cellExpansionPixel': 10.0, 'medianRadiusPixel': 0.0, 'minAreaPixel': 20.0, 'maxAreaPixel': 160.0}
2024-10-23 01:35:44 INFO: Starting QuPath image extraction with the following parameters: image_dir=/home/ilants/Documents/jupyter_test, output_dir=/home/ilants/Documents/jupyter_test/single_image_multiple_params/exp_sigmaMicrons_2.25, image_type=svs, groovy_script=/home/ilants/Documents/utls/nucleus_detection_wargs.groovy, config_file=/home/ilants/Documents/jupyter_test/single_image_multiple_params/exp_sigmaMicrons_2.25/cfg.json, program_path=/home/ilants/Documents/QuPath-v0.5.1-Linux/QuPath/bin/QuPath
2024-10-23 01:35:45 INFO: 01:35:45.037 [main] [INFO ] qupath.lib.gui.prefs.PathPrefs - Setting default Locale to en_US
2024-10-23 01:35:45 INFO: 01:35:45.040 [main] [INFO ] qupath.lib.gui.prefs.PathPrefs - Setting Locale for FORMAT to en_US
2024-10-23 01:35:45 INFO: 01:35:45.040 [main] [INFO ] qupath.lib.gui.prefs.PathPrefs - Setting Locale for DISPLAY to en_US
2024-10-23 01:35:45 INFO: 01:35:45.054 [main] [INFO ] qupath.lib.common.ThreadTools - Setting parallelism to 63
2024-10-23 01:35:45 INFO: 01:35:45.073 [main] [INFO ] qupath.ScriptCommand - Setting tile cache size to 32200.00 MB (25.0% max memory)
2024-10-23 01:35:45 INFO: 01:35:45.126 [main] [INFO ] qupath.lib.scripting.QP - Initializing type adapters
2024-10-23 01:35:45 INFO: Warning: Versions of org.bytedeco:javacpp:1.5.9 and org.bytedeco:opencv:4.6.0-1.5.8 do not match.
2024-10-23 01:35:45 INFO: Warning: Versions of org.bytedeco:javacpp:1.5.9 and org.bytedeco:openblas:0.3.21-1.5.8 do not match.
2024-10-23 01:35:46 INFO: project parameters are: {"detectionImageBrightfield": "Hematoxylin OD","requestedPixelSizeMicrons": 0.5,"backgroundRadiusMicrons": 4.0,"backgroundByReconstruction": true,"medianRadiusMicrons": 0.0,"sigmaMicrons": 2.25,"minAreaMicrons": 10.0,"maxAreaMicrons": 80.0,"threshold": 0.1,"maxBackground": 2.0,"watershedPostProcess": true,"cellExpansionMicrons": 5.0,"includeNuclei": true,"smoothBoundaries": true,"makeMeasurements": true,"backgroundRadiusPixel": 8.0,"cellExpansionPixel": 10.0,"medianRadiusPixel": 0.0,"minAreaPixel": 20.0,"maxAreaPixel": 160.0}
2024-10-23 01:35:46 INFO: New project created at: /home/ilants/Documents/jupyter_test/single_image_multiple_params/exp_sigmaMicrons_2.25/QPProject
2024-10-23 01:35:46 INFO: Added: /home/ilants/Documents/jupyter_test/TCGA-GI-A2C8-01Z-00-DX1.09BD8AC9-645A-4C8B-9B36-77D833BDBA09.svs
2024-10-23 01:35:46 INFO: /home/ilants/Documents/jupyter_test/TCGA-GI-A2C8-01Z-00-DX1.09BD8AC9-645A-4C8B-9B36-77D833BDBA09.svs
2024-10-23 01:35:47 INFO: 01:35:47.118 [main] [INFO ] q.l.i.s.b.BioFormatsServerOptions - Setting max Bio-Formats readers to 32
2024-10-23 01:35:47 INFO: UriImageSupport (class qupath.lib.images.servers.bioformats.BioFormatsServerBuilder) support=3.0, builders=1
2024-10-23 01:35:47 INFO: true
2024-10-23 01:35:47 INFO: 01:35:47.788 [main] [WARN ] qupath.lib.scripting.QP - createSelectAllObject(boolean) is deprecated, use createFullImageAnnotation(boolean) instead
2024-10-23 01:35:47 INFO: 01:35:47.788 [main] [WARN ] qupath.lib.scripting.QP - createSelectAllObject(boolean, int, int) is deprecated, use createFullImageAnnotation(boolean, int, int) instead
2024-10-23 01:35:47 INFO: 01:35:47.799 [main] [WARN ] q.l.plugins.parameters.ParameterList - Unable to set parameter backgroundRadiusPixel with value 8.0
2024-10-23 01:35:47 INFO: 01:35:47.799 [main] [WARN ] q.l.plugins.parameters.ParameterList - Unable to set parameter cellExpansionPixel with value 10.0
2024-10-23 01:35:47 INFO: 01:35:47.799 [main] [WARN ] q.l.plugins.parameters.ParameterList - Unable to set parameter medianRadiusPixel with value 0.0
2024-10-23 01:35:47 INFO: 01:35:47.799 [main] [WARN ] q.l.plugins.parameters.ParameterList - Unable to set parameter minAreaPixel with value 20.0
2024-10-23 01:35:47 INFO: 01:35:47.799 [main] [WARN ] q.l.plugins.parameters.ParameterList - Unable to set parameter maxAreaPixel with value 160.0
2024-10-23 01:35:58 INFO: 01:35:58.682 [task-runner-1-48] [INFO ] q.lib.plugins.DetectionPluginTools - 0 nuclei detected (processing time: 10.76 seconds)
2024-10-23 01:35:58 INFO: 01:35:58.683 [main] [INFO ] q.l.p.CommandLineTaskRunner$CommandLineProgressMonitor - 0 nuclei detected (1%)
2024-10-23 01:35:58 INFO: 01:35:58.864 [task-runner-1-9] [INFO ] q.lib.plugins.DetectionPluginTools - 0 nuclei detected (processing time: 10.95 seconds)
2024-10-23 01:35:58 INFO: 01:35:58.864 [task-runner-1-16] [INFO ] q.lib.plugins.DetectionPluginTools - 0 nuclei detected (processing time: 10.95 seconds)
2024-10-23 01:35:58 INFO: 01:35:58.864 [task-runner-1-4] [INFO ] q.lib.plugins.DetectionPluginTools - 0 nuclei detected (processing time: 10.95 seconds)
2024-10-23 01:35:58 INFO: 01:35:58.865 [task-runner-1-7] [INFO ] q.lib.plugins.DetectionPluginTools - 0 nuclei detected (processing time: 10.95 seconds)
2024-10-23 01:35:58 INFO: 01:35:58.865 [main] [INFO ] q.l.p.CommandLineTaskRunner$CommandLineProgressMonitor - 0 nuclei detected (2%)
2024-10-23 01:35:58 INFO: 01:35:58.865 [main] [INFO ] q.l.p.CommandLineTaskRunner$CommandLineProgressMonitor - 0 nuclei detected (3%)
2024-10-23 01:35:58 INFO: 01:35:58.869 [task-runner-1-1] [INFO ] q.lib.plugins.DetectionPluginTools - 0 nuclei detected (processing time: 10.96 seconds)
2024-10-23 01:35:58 INFO: 01:35:58.869 [main] [INFO ] q.l.p.CommandLineTaskRunner$CommandLineProgressMonitor - 0 nuclei detected (4%)
2024-10-23 01:35:58 INFO: 01:35:58.873 [task-runner-1-15] [INFO ] q.lib.plugins.DetectionPluginTools - 0 nuclei detected (processing time: 10.96 seconds)
2024-10-23 01:35:58 INFO: 01:35:58.874 [task-runner-1-3] [INFO ] q.lib.plugins.DetectionPluginTools - 0 nuclei detected (processing time: 10.96 seconds)
2024-10-23 01:35:58 INFO: 01:35:58.886 [main] [INFO ] q.l.p.CommandLineTaskRunner$CommandLineProgressMonitor - 0 nuclei detected (5%)
2024-10-23 01:35:58 INFO: 01:35:58.908 [task-runner-1-32] [INFO ] q.lib.plugins.DetectionPluginTools - 0 nuclei detected (processing time: 10.99 seconds)
2024-10-23 01:35:58 INFO: 01:35:58.911 [main] [INFO ] q.l.p.CommandLineTaskRunner$CommandLineProgressMonitor - 0 nuclei detected (6%)
2024-10-23 01:35:59 INFO: 01:35:59.796 [task-runner-1-12] [INFO ] q.lib.plugins.DetectionPluginTools - 0 nuclei detected (processing time: 11.88 seconds)
2024-10-23 01:35:59 INFO: 01:35:59.842 [task-runner-1-6] [INFO ] q.lib.plugins.DetectionPluginTools - 0 nuclei detected (processing time: 11.93 seconds)
2024-10-23 01:35:59 INFO: 01:35:59.843 [main] [INFO ] q.l.p.CommandLineTaskRunner$CommandLineProgressMonitor - 0 nuclei detected (7%)
2024-10-23 01:35:59 INFO: 01:35:59.848 [task-runner-1-8] [INFO ] q.lib.plugins.DetectionPluginTools - 0 nuclei detected (processing time: 11.94 seconds)
2024-10-23 01:35:59 INFO: 01:35:59.849 [main] [INFO ] q.l.p.CommandLineTaskRunner$CommandLineProgressMonitor - 0 nuclei detected (8%)
2024-10-23 01:36:00 INFO: 01:36:00.628 [task-runner-1-14] [INFO ] q.lib.plugins.DetectionPluginTools - 2 nuclei detected (processing time: 12.72 seconds)
2024-10-23 01:36:00 INFO: 01:36:00.628 [task-runner-1-17] [INFO ] q.lib.plugins.DetectionPluginTools - 2 nuclei detected (processing time: 12.71 seconds)
2024-10-23 01:36:00 INFO: 01:36:00.628 [task-runner-1-2] [INFO ] q.lib.plugins.DetectionPluginTools - 1 nucleus detected (processing time: 12.72 seconds)
2024-10-23 01:36:00 INFO: 01:36:00.628 [task-runner-1-13] [INFO ] q.lib.plugins.DetectionPluginTools - 4 nuclei detected (processing time: 12.72 seconds)
2024-10-23 01:36:00 INFO: 01:36:00.628 [task-runner-1-10] [INFO ] q.lib.plugins.DetectionPluginTools - 1 nucleus detected (processing time: 12.72 seconds)
2024-10-23 01:36:00 INFO: 01:36:00.628 [task-runner-1-30] [INFO ] q.lib.plugins.DetectionPluginTools - 1 nucleus detected (processing time: 12.71 seconds)
2024-10-23 01:36:00 INFO: 01:36:00.628 [task-runner-1-47] [INFO ] q.lib.plugins.DetectionPluginTools - 3 nuclei detected (processing time: 12.71 seconds)
2024-10-23 01:36:00 INFO: 01:36:00.628 [task-runner-1-31] [INFO ] q.lib.plugins.DetectionPluginTools - 11 nuclei detected (processing time: 12.71 seconds)
2024-10-23 01:36:00 INFO: 01:36:00.628 [task-runner-1-27] [INFO ] q.lib.plugins.DetectionPluginTools - 1 nucleus detected (processing time: 12.71 seconds)
2024-10-23 01:36:00 INFO: 01:36:00.628 [task-runner-1-11] [INFO ] q.lib.plugins.DetectionPluginTools - 2 nuclei detected (processing time: 12.72 seconds)
2024-10-23 01:36:00 INFO: 01:36:00.628 [task-runner-1-29] [INFO ] q.lib.plugins.DetectionPluginTools - 4 nuclei detected (processing time: 12.71 seconds)
2024-10-23 01:36:00 INFO: 01:36:00.629 [main] [INFO ] q.l.p.CommandLineTaskRunner$CommandLineProgressMonitor - 2 nuclei detected (8%)
2024-10-23 01:36:00 INFO: 01:36:00.629 [main] [INFO ] q.l.p.CommandLineTaskRunner$CommandLineProgressMonitor - 1 nucleus detected (9%)
2024-10-23 01:36:00 INFO: 01:36:00.629 [main] [INFO ] q.l.p.CommandLineTaskRunner$CommandLineProgressMonitor - 2 nuclei detected (9%)
2024-10-23 01:36:00 INFO: 01:36:00.629 [main] [INFO ] q.l.p.CommandLineTaskRunner$CommandLineProgressMonitor - 4 nuclei detected (10%)
2024-10-23 01:36:00 INFO: 01:36:00.629 [main] [INFO ] q.l.p.CommandLineTaskRunner$CommandLineProgressMonitor - 1 nucleus detected (11%)
2024-10-23 01:36:00 INFO: 01:36:00.629 [main] [INFO ] q.l.p.CommandLineTaskRunner$CommandLineProgressMonitor - 3 nuclei detected (12%)
2024-10-23 01:36:00 INFO: 01:36:00.629 [main] [INFO ] q.l.p.CommandLineTaskRunner$CommandLineProgressMonitor - 11 nuclei detected (13%)
2024-10-23 01:36:00 INFO: 01:36:00.642 [main] [INFO ] q.l.p.CommandLineTaskRunner$CommandLineProgressMonitor - 1 nucleus detected (13%)
2024-10-23 01:36:00 INFO: 01:36:00.642 [main] [INFO ] q.l.p.CommandLineTaskRunner$CommandLineProgressMonitor - 4 nuclei detected (14%)
2024-10-23 01:36:00 INFO: 01:36:00.642 [main] [INFO ] q.l.p.CommandLineTaskRunner$CommandLineProgressMonitor - 2 nuclei detected (14%)
2024-10-23 01:36:00 INFO: 01:36:00.649 [task-runner-1-28] [INFO ] q.lib.plugins.DetectionPluginTools - 17 nuclei detected (processing time: 12.73 seconds)
2024-10-23 01:36:00 INFO: 01:36:00.652 [main] [INFO ] q.l.p.CommandLineTaskRunner$CommandLineProgressMonitor - 17 nuclei detected (15%)
2024-10-23 01:36:00 INFO: 01:36:00.673 [task-runner-1-46] [INFO ] q.lib.plugins.DetectionPluginTools - 26 nuclei detected (processing time: 12.75 seconds)
2024-10-23 01:36:00 INFO: 01:36:00.673 [main] [INFO ] q.l.p.CommandLineTaskRunner$CommandLineProgressMonitor - 26 nuclei detected (16%)
2024-10-23 01:36:00 INFO: 01:36:00.686 [task-runner-1-5] [INFO ] q.lib.plugins.DetectionPluginTools - 49 nuclei detected (processing time: 12.78 seconds)
2024-10-23 01:36:00 INFO: 01:36:00.686 [main] [INFO ] q.l.p.CommandLineTaskRunner$CommandLineProgressMonitor - 49 nuclei detected (16%)
2024-10-23 01:36:00 INFO: 01:36:00.720 [task-runner-1-26] [INFO ] q.lib.plugins.DetectionPluginTools - 36 nuclei detected (processing time: 12.80 seconds)
2024-10-23 01:36:00 INFO: 01:36:00.721 [main] [INFO ] q.l.p.CommandLineTaskRunner$CommandLineProgressMonitor - 36 nuclei detected (17%)
2024-10-23 01:36:00 INFO: 01:36:00.737 [task-runner-1-45] [INFO ] q.lib.plugins.DetectionPluginTools - 73 nuclei detected (processing time: 12.82 seconds)
2024-10-23 01:36:00 INFO: 01:36:00.744 [main] [INFO ] q.l.p.CommandLineTaskRunner$CommandLineProgressMonitor - 73 nuclei detected (18%)
2024-10-23 01:36:00 INFO: 01:36:00.839 [task-runner-1-49] [INFO ] q.lib.plugins.DetectionPluginTools - 101 nuclei detected (processing time: 12.92 seconds)
2024-10-23 01:36:00 INFO: 01:36:00.843 [main] [INFO ] q.l.p.CommandLineTaskRunner$CommandLineProgressMonitor - 101 nuclei detected (18%)
2024-10-23 01:36:00 INFO: 01:36:00.853 [task-runner-1-44] [INFO ] q.lib.plugins.DetectionPluginTools - 166 nuclei detected (processing time: 12.93 seconds)
2024-10-23 01:36:00 INFO: 01:36:00.854 [main] [INFO ] q.l.p.CommandLineTaskRunner$CommandLineProgressMonitor - 166 nuclei detected (19%)
2024-10-23 01:36:00 INFO: 01:36:00.884 [task-runner-1-33] [INFO ] q.lib.plugins.DetectionPluginTools - 207 nuclei detected (processing time: 12.97 seconds)
2024-10-23 01:36:00 INFO: 01:36:00.885 [main] [INFO ] q.l.p.CommandLineTaskRunner$CommandLineProgressMonitor - 207 nuclei detected (19%)
2024-10-23 01:36:00 INFO: 01:36:00.888 [task-runner-1-19] [INFO ] q.lib.plugins.DetectionPluginTools - 121 nuclei detected (processing time: 12.97 seconds)
2024-10-23 01:36:00 INFO: 01:36:00.889 [task-runner-1-63] [INFO ] q.lib.plugins.DetectionPluginTools - 89 nuclei detected (processing time: 12.97 seconds)
2024-10-23 01:36:00 INFO: 01:36:00.890 [main] [INFO ] q.l.p.CommandLineTaskRunner$CommandLineProgressMonitor - 89 nuclei detected (20%)
2024-10-23 01:36:00 INFO: 01:36:00.896 [task-runner-1-18] [INFO ] q.lib.plugins.DetectionPluginTools - 214 nuclei detected (processing time: 12.98 seconds)
2024-10-23 01:36:00 INFO: 01:36:00.897 [main] [INFO ] q.l.p.CommandLineTaskRunner$CommandLineProgressMonitor - 214 nuclei detected (21%)
2024-10-23 01:36:00 INFO: 01:36:00.900 [main] [INFO ] q.l.p.CommandLineTaskRunner$CommandLineProgressMonitor - 121 nuclei detected (21%)
2024-10-23 01:36:00 INFO: 01:36:00.902 [task-runner-1-62] [INFO ] q.lib.plugins.DetectionPluginTools - 160 nuclei detected (processing time: 12.98 seconds)
2024-10-23 01:36:00 INFO: 01:36:00.904 [main] [INFO ] q.l.p.CommandLineTaskRunner$CommandLineProgressMonitor - 160 nuclei detected (22%)
2024-10-23 01:36:00 INFO: 01:36:00.946 [task-runner-1-50] [INFO ] q.lib.plugins.DetectionPluginTools - 239 nuclei detected (processing time: 13.02 seconds)
2024-10-23 01:36:00 INFO: 01:36:00.947 [main] [INFO ] q.l.p.CommandLineTaskRunner$CommandLineProgressMonitor - 239 nuclei detected (23%)
2024-10-23 01:36:03 INFO: 01:36:03.663 [task-runner-1-61] [INFO ] q.lib.plugins.DetectionPluginTools - 132 nuclei detected (processing time: 15.74 seconds)
2024-10-23 01:36:03 INFO: 01:36:03.664 [main] [INFO ] q.l.p.CommandLineTaskRunner$CommandLineProgressMonitor - 132 nuclei detected (23%)
2024-10-23 01:36:03 INFO: 01:36:03.683 [task-runner-1-35] [INFO ] q.lib.plugins.DetectionPluginTools - 226 nuclei detected (processing time: 15.77 seconds)
2024-10-23 01:36:03 INFO: 01:36:03.686 [main] [INFO ] q.l.p.CommandLineTaskRunner$CommandLineProgressMonitor - 226 nuclei detected (24%)
2024-10-23 01:36:03 INFO: 01:36:03.699 [task-runner-1-25] [INFO ] q.lib.plugins.DetectionPluginTools - 274 nuclei detected (processing time: 15.78 seconds)
2024-10-23 01:36:03 INFO: 01:36:03.701 [main] [INFO ] q.l.p.CommandLineTaskRunner$CommandLineProgressMonitor - 274 nuclei detected (24%)
2024-10-23 01:36:03 INFO: 01:36:03.723 [task-runner-1-34] [INFO ] q.lib.plugins.DetectionPluginTools - 326 nuclei detected (processing time: 15.81 seconds)
2024-10-23 01:36:03 INFO: 01:36:03.724 [main] [INFO ] q.l.p.CommandLineTaskRunner$CommandLineProgressMonitor - 326 nuclei detected (25%)
2024-10-23 01:36:03 INFO: 01:36:03.863 [task-runner-1-20] [INFO ] q.lib.plugins.DetectionPluginTools - 598 nuclei detected (processing time: 15.95 seconds)
2024-10-23 01:36:03 INFO: 01:36:03.865 [main] [INFO ] q.l.p.CommandLineTaskRunner$CommandLineProgressMonitor - 598 nuclei detected (26%)
2024-10-23 01:36:03 INFO: 01:36:03.953 [task-runner-1-51] [INFO ] q.lib.plugins.DetectionPluginTools - 699 nuclei detected (processing time: 16.03 seconds)
2024-10-23 01:36:03 INFO: 01:36:03.953 [main] [INFO ] q.l.p.CommandLineTaskRunner$CommandLineProgressMonitor - 699 nuclei detected (26%)
2024-10-23 01:36:04 INFO: 01:36:04.022 [task-runner-1-43] [INFO ] q.lib.plugins.DetectionPluginTools - 811 nuclei detected (processing time: 16.10 seconds)
2024-10-23 01:36:04 INFO: 01:36:04.023 [main] [INFO ] q.l.p.CommandLineTaskRunner$CommandLineProgressMonitor - 811 nuclei detected (27%)
2024-10-23 01:36:04 INFO: 01:36:04.057 [task-runner-1-24] [INFO ] q.lib.plugins.DetectionPluginTools - 874 nuclei detected (processing time: 16.14 seconds)
2024-10-23 01:36:04 INFO: 01:36:04.058 [main] [INFO ] q.l.p.CommandLineTaskRunner$CommandLineProgressMonitor - 874 nuclei detected (28%)
2024-10-23 01:36:04 INFO: 01:36:04.075 [task-runner-1-23] [INFO ] q.lib.plugins.DetectionPluginTools - 827 nuclei detected (processing time: 16.16 seconds)
2024-10-23 01:36:04 INFO: 01:36:04.076 [main] [INFO ] q.l.p.CommandLineTaskRunner$CommandLineProgressMonitor - 827 nuclei detected (28%)
2024-10-23 01:36:04 INFO: 01:36:04.176 [task-runner-1-22] [INFO ] q.lib.plugins.DetectionPluginTools - 1151 nuclei detected (processing time: 16.26 seconds)
2024-10-23 01:36:04 INFO: 01:36:04.177 [main] [INFO ] q.l.p.CommandLineTaskRunner$CommandLineProgressMonitor - 1151 nuclei detected (29%)
2024-10-23 01:36:04 INFO: 01:36:04.215 [task-runner-1-60] [INFO ] q.lib.plugins.DetectionPluginTools - 864 nuclei detected (processing time: 16.29 seconds)
2024-10-23 01:36:04 INFO: 01:36:04.215 [main] [INFO ] q.l.p.CommandLineTaskRunner$CommandLineProgressMonitor - 864 nuclei detected (29%)
2024-10-23 01:36:04 INFO: 01:36:04.809 [task-runner-1-36] [INFO ] q.lib.plugins.DetectionPluginTools - 1737 nuclei detected (processing time: 16.89 seconds)
2024-10-23 01:36:04 INFO: 01:36:04.810 [main] [INFO ] q.l.p.CommandLineTaskRunner$CommandLineProgressMonitor - 1737 nuclei detected (30%)
2024-10-23 01:36:05 INFO: 01:36:05.411 [task-runner-1-48] [INFO ] q.lib.plugins.DetectionPluginTools - 1 nucleus detected (processing time: 6.73 seconds)
2024-10-23 01:36:05 INFO: 01:36:05.412 [main] [INFO ] q.l.p.CommandLineTaskRunner$CommandLineProgressMonitor - 1 nucleus detected (31%)
2024-10-23 01:36:05 INFO: 01:36:05.432 [task-runner-1-40] [INFO ] q.lib.plugins.DetectionPluginTools - 1781 nuclei detected (processing time: 17.51 seconds)
2024-10-23 01:36:05 INFO: 01:36:05.435 [main] [INFO ] q.l.p.CommandLineTaskRunner$CommandLineProgressMonitor - 1781 nuclei detected (31%)
2024-10-23 01:36:06 INFO: 01:36:06.131 [task-runner-1-4] [INFO ] q.lib.plugins.DetectionPluginTools - 296 nuclei detected (processing time: 7.27 seconds)
2024-10-23 01:36:06 INFO: 01:36:06.133 [main] [INFO ] q.l.p.CommandLineTaskRunner$CommandLineProgressMonitor - 296 nuclei detected (32%)
2024-10-23 01:36:06 INFO: 01:36:06.775 [task-runner-1-59] [INFO ] q.lib.plugins.DetectionPluginTools - 2242 nuclei detected (processing time: 18.85 seconds)
2024-10-23 01:36:06 INFO: 01:36:06.778 [main] [INFO ] q.l.p.CommandLineTaskRunner$CommandLineProgressMonitor - 2242 nuclei detected (33%)
2024-10-23 01:36:07 INFO: 01:36:07.050 [task-runner-1-58] [INFO ] q.lib.plugins.DetectionPluginTools - 2119 nuclei detected (processing time: 19.13 seconds)
2024-10-23 01:36:07 INFO: 01:36:07.053 [main] [INFO ] q.l.p.CommandLineTaskRunner$CommandLineProgressMonitor - 2119 nuclei detected (33%)
2024-10-23 01:36:07 INFO: 01:36:07.099 [task-runner-1-21] [INFO ] q.lib.plugins.DetectionPluginTools - 3291 nuclei detected (processing time: 19.18 seconds)
2024-10-23 01:36:07 INFO: 01:36:07.115 [main] [INFO ] q.l.p.CommandLineTaskRunner$CommandLineProgressMonitor - 3291 nuclei detected (34%)
2024-10-23 01:36:07 INFO: 01:36:07.577 [task-runner-1-13] [INFO ] q.lib.plugins.DetectionPluginTools - 0 nuclei detected (processing time: 6.95 seconds)
2024-10-23 01:36:07 INFO: 01:36:07.582 [main] [INFO ] q.l.p.CommandLineTaskRunner$CommandLineProgressMonitor - 0 nuclei detected (34%)
2024-10-23 01:36:07 INFO: 01:36:07.592 [task-runner-1-9] [INFO ] q.lib.plugins.DetectionPluginTools - 77 nuclei detected (processing time: 8.73 seconds)
2024-10-23 01:36:07 INFO: 01:36:07.593 [main] [INFO ] q.l.p.CommandLineTaskRunner$CommandLineProgressMonitor - 77 nuclei detected (35%)
2024-10-23 01:36:07 INFO: 01:36:07.619 [task-runner-1-42] [INFO ] q.lib.plugins.DetectionPluginTools - 2201 nuclei detected (processing time: 19.70 seconds)
2024-10-23 01:36:07 INFO: 01:36:07.621 [main] [INFO ] q.l.p.CommandLineTaskRunner$CommandLineProgressMonitor - 2201 nuclei detected (36%)
2024-10-23 01:36:07 INFO: 01:36:07.765 [task-runner-1-52] [INFO ] q.lib.plugins.DetectionPluginTools - 2085 nuclei detected (processing time: 19.84 seconds)
2024-10-23 01:36:07 INFO: 01:36:07.766 [main] [INFO ] q.l.p.CommandLineTaskRunner$CommandLineProgressMonitor - 2085 nuclei detected (36%)
2024-10-23 01:36:07 INFO: 01:36:07.862 [task-runner-1-47] [INFO ] q.lib.plugins.DetectionPluginTools - 101 nuclei detected (processing time: 7.23 seconds)
2024-10-23 01:36:07 INFO: 01:36:07.863 [main] [INFO ] q.l.p.CommandLineTaskRunner$CommandLineProgressMonitor - 101 nuclei detected (37%)
2024-10-23 01:36:07 INFO: 01:36:07.929 [task-runner-1-18] [INFO ] q.lib.plugins.DetectionPluginTools - 2 nuclei detected (processing time: 7.03 seconds)
2024-10-23 01:36:07 INFO: 01:36:07.930 [main] [INFO ] q.l.p.CommandLineTaskRunner$CommandLineProgressMonitor - 2 nuclei detected (38%)
2024-10-23 01:36:07 INFO: 01:36:07.991 [task-runner-1-41] [INFO ] q.lib.plugins.DetectionPluginTools - 1952 nuclei detected (processing time: 20.07 seconds)
2024-10-23 01:36:07 INFO: 01:36:07.992 [main] [INFO ] q.l.p.CommandLineTaskRunner$CommandLineProgressMonitor - 1952 nuclei detected (38%)
2024-10-23 01:36:08 INFO: 01:36:08.012 [task-runner-1-39] [INFO ] q.lib.plugins.DetectionPluginTools - 2419 nuclei detected (processing time: 20.09 seconds)
2024-10-23 01:36:08 INFO: 01:36:08.016 [main] [INFO ] q.l.p.CommandLineTaskRunner$CommandLineProgressMonitor - 2419 nuclei detected (39%)
2024-10-23 01:36:08 INFO: 01:36:08.043 [task-runner-1-63] [INFO ] q.lib.plugins.DetectionPluginTools - 58 nuclei detected (processing time: 7.15 seconds)
2024-10-23 01:36:08 INFO: 01:36:08.044 [main] [INFO ] q.l.p.CommandLineTaskRunner$CommandLineProgressMonitor - 58 nuclei detected (39%)
2024-10-23 01:36:08 INFO: 01:36:08.055 [task-runner-1-16] [INFO ] q.lib.plugins.DetectionPluginTools - 363 nuclei detected (processing time: 9.19 seconds)
2024-10-23 01:36:08 INFO: 01:36:08.056 [main] [INFO ] q.l.p.CommandLineTaskRunner$CommandLineProgressMonitor - 363 nuclei detected (40%)
2024-10-23 01:36:08 INFO: 01:36:08.283 [task-runner-1-38] [INFO ] q.lib.plugins.DetectionPluginTools - 3252 nuclei detected (processing time: 20.36 seconds)
2024-10-23 01:36:08 INFO: 01:36:08.283 [main] [INFO ] q.l.p.CommandLineTaskRunner$CommandLineProgressMonitor - 3252 nuclei detected (41%)
2024-10-23 01:36:08 INFO: 01:36:08.398 [task-runner-1-14] [INFO ] q.lib.plugins.DetectionPluginTools - 98 nuclei detected (processing time: 7.77 seconds)
2024-10-23 01:36:08 INFO: 01:36:08.399 [main] [INFO ] q.l.p.CommandLineTaskRunner$CommandLineProgressMonitor - 98 nuclei detected (41%)
2024-10-23 01:36:08 INFO: 01:36:08.875 [task-runner-1-30] [INFO ] q.lib.plugins.DetectionPluginTools - 150 nuclei detected (processing time: 8.25 seconds)
2024-10-23 01:36:08 INFO: 01:36:08.878 [main] [INFO ] q.l.p.CommandLineTaskRunner$CommandLineProgressMonitor - 150 nuclei detected (42%)
2024-10-23 01:36:09 INFO: 01:36:09.042 [task-runner-1-57] [INFO ] q.lib.plugins.DetectionPluginTools - 2641 nuclei detected (processing time: 21.12 seconds)
2024-10-23 01:36:09 INFO: 01:36:09.043 [main] [INFO ] q.l.p.CommandLineTaskRunner$CommandLineProgressMonitor - 2641 nuclei detected (43%)
2024-10-23 01:36:09 INFO: 01:36:09.126 [task-runner-1-62] [INFO ] q.lib.plugins.DetectionPluginTools - 93 nuclei detected (processing time: 8.22 seconds)
2024-10-23 01:36:09 INFO: 01:36:09.127 [main] [INFO ] q.l.p.CommandLineTaskRunner$CommandLineProgressMonitor - 93 nuclei detected (43%)
2024-10-23 01:36:09 INFO: 01:36:09.478 [task-runner-1-19] [INFO ] q.lib.plugins.DetectionPluginTools - 113 nuclei detected (processing time: 8.58 seconds)
2024-10-23 01:36:09 INFO: 01:36:09.479 [main] [INFO ] q.l.p.CommandLineTaskRunner$CommandLineProgressMonitor - 113 nuclei detected (44%)
2024-10-23 01:36:09 INFO: 01:36:09.494 [task-runner-1-55] [INFO ] q.lib.plugins.DetectionPluginTools - 2711 nuclei detected (processing time: 21.57 seconds)
2024-10-23 01:36:09 INFO: 01:36:09.495 [main] [INFO ] q.l.p.CommandLineTaskRunner$CommandLineProgressMonitor - 2711 nuclei detected (44%)
2024-10-23 01:36:09 INFO: 01:36:09.772 [task-runner-1-37] [INFO ] q.lib.plugins.DetectionPluginTools - 3932 nuclei detected (processing time: 21.85 seconds)
2024-10-23 01:36:09 INFO: 01:36:09.774 [main] [INFO ] q.l.p.CommandLineTaskRunner$CommandLineProgressMonitor - 3932 nuclei detected (45%)
2024-10-23 01:36:10 INFO: 01:36:10.111 [task-runner-1-50] [INFO ] q.lib.plugins.DetectionPluginTools - 172 nuclei detected (processing time: 9.16 seconds)
2024-10-23 01:36:10 INFO: 01:36:10.124 [main] [INFO ] q.l.p.CommandLineTaskRunner$CommandLineProgressMonitor - 172 nuclei detected (46%)
2024-10-23 01:36:10 INFO: 01:36:10.280 [task-runner-1-31] [INFO ] q.lib.plugins.DetectionPluginTools - 710 nuclei detected (processing time: 9.65 seconds)
2024-10-23 01:36:10 INFO: 01:36:10.282 [main] [INFO ] q.l.p.CommandLineTaskRunner$CommandLineProgressMonitor - 710 nuclei detected (46%)
2024-10-23 01:36:10 INFO: 01:36:10.603 [task-runner-1-54] [INFO ] q.lib.plugins.DetectionPluginTools - 3931 nuclei detected (processing time: 22.68 seconds)
2024-10-23 01:36:10 INFO: 01:36:10.609 [main] [INFO ] q.l.p.CommandLineTaskRunner$CommandLineProgressMonitor - 3931 nuclei detected (47%)
2024-10-23 01:36:10 INFO: 01:36:10.970 [task-runner-1-56] [INFO ] q.lib.plugins.DetectionPluginTools - 3292 nuclei detected (processing time: 23.05 seconds)
2024-10-23 01:36:10 INFO: 01:36:10.971 [main] [INFO ] q.l.p.CommandLineTaskRunner$CommandLineProgressMonitor - 3292 nuclei detected (48%)
2024-10-23 01:36:11 INFO: 01:36:10.999 [task-runner-1-36] [INFO ] q.lib.plugins.DetectionPluginTools - 33 nuclei detected (processing time: 6.19 seconds)
2024-10-23 01:36:11 INFO: 01:36:11.000 [main] [INFO ] q.l.p.CommandLineTaskRunner$CommandLineProgressMonitor - 33 nuclei detected (48%)
2024-10-23 01:36:11 INFO: 01:36:11.358 [task-runner-1-10] [INFO ] q.lib.plugins.DetectionPluginTools - 576 nuclei detected (processing time: 10.73 seconds)
2024-10-23 01:36:11 INFO: 01:36:11.359 [main] [INFO ] q.l.p.CommandLineTaskRunner$CommandLineProgressMonitor - 576 nuclei detected (49%)
2024-10-23 01:36:11 INFO: 01:36:11.696 [task-runner-1-33] [INFO ] q.lib.plugins.DetectionPluginTools - 589 nuclei detected (processing time: 10.81 seconds)
2024-10-23 01:36:11 INFO: 01:36:11.698 [main] [INFO ] q.l.p.CommandLineTaskRunner$CommandLineProgressMonitor - 589 nuclei detected (49%)
2024-10-23 01:36:11 INFO: 01:36:11.952 [task-runner-1-48] [INFO ] q.lib.plugins.DetectionPluginTools - 0 nuclei detected (processing time: 6.54 seconds)
2024-10-23 01:36:11 INFO: 01:36:11.962 [main] [INFO ] q.l.p.CommandLineTaskRunner$CommandLineProgressMonitor - 0 nuclei detected (50%)
2024-10-23 01:36:12 INFO: 01:36:12.627 [task-runner-1-2] [INFO ] q.lib.plugins.DetectionPluginTools - 1150 nuclei detected (processing time: 12.00 seconds)
2024-10-23 01:36:12 INFO: 01:36:12.630 [main] [INFO ] q.l.p.CommandLineTaskRunner$CommandLineProgressMonitor - 1150 nuclei detected (51%)
2024-10-23 01:36:13 INFO: 01:36:13.165 [task-runner-1-40] [INFO ] q.lib.plugins.DetectionPluginTools - 233 nuclei detected (processing time: 7.73 seconds)
2024-10-23 01:36:13 INFO: 01:36:13.167 [main] [INFO ] q.l.p.CommandLineTaskRunner$CommandLineProgressMonitor - 233 nuclei detected (51%)
2024-10-23 01:36:13 INFO: 01:36:13.239 [task-runner-1-53] [INFO ] q.lib.plugins.DetectionPluginTools - 5282 nuclei detected (processing time: 25.32 seconds)
2024-10-23 01:36:13 INFO: 01:36:13.240 [main] [INFO ] q.l.p.CommandLineTaskRunner$CommandLineProgressMonitor - 5282 nuclei detected (52%)
2024-10-23 01:36:14 INFO: 01:36:14.133 [task-runner-1-38] [INFO ] q.lib.plugins.DetectionPluginTools - 0 nuclei detected (processing time: 5.85 seconds)
2024-10-23 01:36:14 INFO: 01:36:14.137 [main] [INFO ] q.l.p.CommandLineTaskRunner$CommandLineProgressMonitor - 0 nuclei detected (53%)
2024-10-23 01:36:14 INFO: 01:36:14.387 [task-runner-1-16] [INFO ] q.lib.plugins.DetectionPluginTools - 0 nuclei detected (processing time: 6.33 seconds)
2024-10-23 01:36:14 INFO: 01:36:14.638 [task-runner-1-4] [INFO ] q.lib.plugins.DetectionPluginTools - 188 nuclei detected (processing time: 8.50 seconds)
2024-10-23 01:36:14 INFO: 01:36:14.640 [main] [INFO ] q.l.p.CommandLineTaskRunner$CommandLineProgressMonitor - 188 nuclei detected (54%)
2024-10-23 01:36:14 INFO: 01:36:14.817 [task-runner-1-7] [INFO ] q.lib.plugins.DetectionPluginTools - 2247 nuclei detected (processing time: 15.95 seconds)
2024-10-23 01:36:14 INFO: 01:36:14.818 [main] [INFO ] q.l.p.CommandLineTaskRunner$CommandLineProgressMonitor - 2247 nuclei detected (54%)
2024-10-23 01:36:14 INFO: 01:36:14.949 [task-runner-1-57] [INFO ] q.lib.plugins.DetectionPluginTools - 101 nuclei detected (processing time: 5.91 seconds)
2024-10-23 01:36:14 INFO: 01:36:14.950 [main] [INFO ] q.l.p.CommandLineTaskRunner$CommandLineProgressMonitor - 101 nuclei detected (55%)
2024-10-23 01:36:15 INFO: 01:36:15.502 [task-runner-1-14] [INFO ] q.lib.plugins.DetectionPluginTools - 96 nuclei detected (processing time: 7.10 seconds)
2024-10-23 01:36:15 INFO: 01:36:15.503 [main] [INFO ] q.l.p.CommandLineTaskRunner$CommandLineProgressMonitor - 96 nuclei detected (56%)
2024-10-23 01:36:15 INFO: 01:36:15.706 [task-runner-1-62] [INFO ] q.lib.plugins.DetectionPluginTools - 3 nuclei detected (processing time: 6.58 seconds)
2024-10-23 01:36:15 INFO: 01:36:15.709 [main] [INFO ] q.l.p.CommandLineTaskRunner$CommandLineProgressMonitor - 3 nuclei detected (56%)
2024-10-23 01:36:15 INFO: 01:36:15.854 [task-runner-1-37] [INFO ] q.lib.plugins.DetectionPluginTools - 0 nuclei detected (processing time: 6.08 seconds)
2024-10-23 01:36:15 INFO: 01:36:15.856 [main] [INFO ] q.l.p.CommandLineTaskRunner$CommandLineProgressMonitor - 0 nuclei detected (57%)
2024-10-23 01:36:16 INFO: 01:36:16.005 [task-runner-1-31] [INFO ] q.lib.plugins.DetectionPluginTools - 14 nuclei detected (processing time: 5.72 seconds)
2024-10-23 01:36:16 INFO: 01:36:16.007 [main] [INFO ] q.l.p.CommandLineTaskRunner$CommandLineProgressMonitor - 14 nuclei detected (57%)
2024-10-23 01:36:16 INFO: 01:36:16.015 [task-runner-1-50] [INFO ] q.lib.plugins.DetectionPluginTools - 0 nuclei detected (processing time: 5.89 seconds)
2024-10-23 01:36:16 INFO: 01:36:16.017 [main] [INFO ] q.l.p.CommandLineTaskRunner$CommandLineProgressMonitor - 0 nuclei detected (58%)
2024-10-23 01:36:16 INFO: 01:36:16.049 [task-runner-1-30] [INFO ] q.lib.plugins.DetectionPluginTools - 61 nuclei detected (processing time: 7.17 seconds)
2024-10-23 01:36:16 INFO: 01:36:16.051 [main] [INFO ] q.l.p.CommandLineTaskRunner$CommandLineProgressMonitor - 61 nuclei detected (59%)
2024-10-23 01:36:16 INFO: 01:36:16.076 [task-runner-1-19] [INFO ] q.lib.plugins.DetectionPluginTools - 9 nuclei detected (processing time: 6.60 seconds)
2024-10-23 01:36:16 INFO: 01:36:16.078 [main] [INFO ] q.l.p.CommandLineTaskRunner$CommandLineProgressMonitor - 9 nuclei detected (59%)
2024-10-23 01:36:16 INFO: 01:36:16.103 [task-runner-1-55] [INFO ] q.lib.plugins.DetectionPluginTools - 0 nuclei detected (processing time: 6.61 seconds)
2024-10-23 01:36:16 INFO: 01:36:16.105 [main] [INFO ] q.l.p.CommandLineTaskRunner$CommandLineProgressMonitor - 0 nuclei detected (60%)
2024-10-23 01:36:16 INFO: 01:36:16.379 [task-runner-1-59] [INFO ] q.lib.plugins.DetectionPluginTools - 223 nuclei detected (processing time: 9.60 seconds)
2024-10-23 01:36:16 INFO: 01:36:16.382 [main] [INFO ] q.l.p.CommandLineTaskRunner$CommandLineProgressMonitor - 223 nuclei detected (61%)
2024-10-23 01:36:16 INFO: 01:36:16.966 [task-runner-1-54] [INFO ] q.lib.plugins.DetectionPluginTools - 327 nuclei detected (processing time: 6.36 seconds)
2024-10-23 01:36:16 INFO: 01:36:16.968 [main] [INFO ] q.l.p.CommandLineTaskRunner$CommandLineProgressMonitor - 327 nuclei detected (61%)
2024-10-23 01:36:16 INFO: 01:36:16.991 [task-runner-1-44] [INFO ] q.lib.plugins.DetectionPluginTools - 2062 nuclei detected (processing time: 16.14 seconds)
2024-10-23 01:36:16 INFO: 01:36:16.993 [main] [INFO ] q.l.p.CommandLineTaskRunner$CommandLineProgressMonitor - 2062 nuclei detected (62%)
2024-10-23 01:36:17 INFO: 01:36:17.346 [task-runner-1-63] [INFO ] q.lib.plugins.DetectionPluginTools - 933 nuclei detected (processing time: 9.30 seconds)
2024-10-23 01:36:17 INFO: 01:36:17.348 [main] [INFO ] q.l.p.CommandLineTaskRunner$CommandLineProgressMonitor - 933 nuclei detected (63%)
2024-10-23 01:36:17 INFO: 01:36:17.360 [task-runner-1-60] [INFO ] q.lib.plugins.DetectionPluginTools - 1930 nuclei detected (processing time: 13.13 seconds)
2024-10-23 01:36:17 INFO: 01:36:17.362 [main] [INFO ] q.l.p.CommandLineTaskRunner$CommandLineProgressMonitor - 1930 nuclei detected (63%)
2024-10-23 01:36:17 INFO: 01:36:17.552 [task-runner-1-17] [INFO ] q.lib.plugins.DetectionPluginTools - 2654 nuclei detected (processing time: 16.92 seconds)
2024-10-23 01:36:17 INFO: 01:36:17.554 [main] [INFO ] q.l.p.CommandLineTaskRunner$CommandLineProgressMonitor - 2654 nuclei detected (64%)
2024-10-23 01:36:17 INFO: 01:36:17.776 [task-runner-1-49] [INFO ] q.lib.plugins.DetectionPluginTools - 2361 nuclei detected (processing time: 16.93 seconds)
2024-10-23 01:36:17 INFO: 01:36:17.776 [main] [INFO ] q.l.p.CommandLineTaskRunner$CommandLineProgressMonitor - 2361 nuclei detected (64%)
2024-10-23 01:36:17 INFO: 01:36:17.873 [task-runner-1-27] [INFO ] q.lib.plugins.DetectionPluginTools - 2608 nuclei detected (processing time: 17.24 seconds)
2024-10-23 01:36:17 INFO: 01:36:17.873 [main] [INFO ] q.l.p.CommandLineTaskRunner$CommandLineProgressMonitor - 2608 nuclei detected (65%)
2024-10-23 01:36:17 INFO: 01:36:17.945 [task-runner-1-33] [INFO ] q.lib.plugins.DetectionPluginTools - 0 nuclei detected (processing time: 6.25 seconds)
2024-10-23 01:36:17 INFO: 01:36:17.946 [main] [INFO ] q.l.p.CommandLineTaskRunner$CommandLineProgressMonitor - 0 nuclei detected (66%)
2024-10-23 01:36:17 INFO: 01:36:17.971 [task-runner-1-48] [INFO ] q.lib.plugins.DetectionPluginTools - 0 nuclei detected (processing time: 6.01 seconds)
2024-10-23 01:36:18 INFO: 01:36:18.097 [task-runner-1-2] [INFO ] q.lib.plugins.DetectionPluginTools - 0 nuclei detected (processing time: 5.47 seconds)
2024-10-23 01:36:18 INFO: 01:36:18.098 [main] [INFO ] q.l.p.CommandLineTaskRunner$CommandLineProgressMonitor - 0 nuclei detected (67%)
2024-10-23 01:36:18 INFO: 01:36:18.141 [task-runner-1-45] [INFO ] q.lib.plugins.DetectionPluginTools - 2449 nuclei detected (processing time: 17.40 seconds)
2024-10-23 01:36:18 INFO: 01:36:18.141 [main] [INFO ] q.l.p.CommandLineTaskRunner$CommandLineProgressMonitor - 2449 nuclei detected (68%)
2024-10-23 01:36:18 INFO: 01:36:18.206 [task-runner-1-32] [INFO ] q.lib.plugins.DetectionPluginTools - 3421 nuclei detected (processing time: 19.29 seconds)
2024-10-23 01:36:18 INFO: 01:36:18.206 [main] [INFO ] q.l.p.CommandLineTaskRunner$CommandLineProgressMonitor - 3421 nuclei detected (68%)
2024-10-23 01:36:18 INFO: 01:36:18.214 [task-runner-1-8] [INFO ] q.lib.plugins.DetectionPluginTools - 2800 nuclei detected (processing time: 18.36 seconds)
2024-10-23 01:36:18 INFO: 01:36:18.214 [main] [INFO ] q.l.p.CommandLineTaskRunner$CommandLineProgressMonitor - 2800 nuclei detected (69%)
2024-10-23 01:36:18 INFO: 01:36:18.416 [task-runner-1-3] [INFO ] q.lib.plugins.DetectionPluginTools - 3230 nuclei detected (processing time: 19.53 seconds)
2024-10-23 01:36:18 INFO: 01:36:18.416 [main] [INFO ] q.l.p.CommandLineTaskRunner$CommandLineProgressMonitor - 3230 nuclei detected (69%)
2024-10-23 01:36:18 INFO: 01:36:18.419 [task-runner-1-12] [INFO ] q.lib.plugins.DetectionPluginTools - 3201 nuclei detected (processing time: 18.62 seconds)
2024-10-23 01:36:18 INFO: 01:36:18.420 [main] [INFO ] q.l.p.CommandLineTaskRunner$CommandLineProgressMonitor - 3201 nuclei detected (70%)
2024-10-23 01:36:18 INFO: 01:36:18.685 [task-runner-1-9] [INFO ] q.lib.plugins.DetectionPluginTools - 1118 nuclei detected (processing time: 11.09 seconds)
2024-10-23 01:36:18 INFO: 01:36:18.686 [main] [INFO ] q.l.p.CommandLineTaskRunner$CommandLineProgressMonitor - 1118 nuclei detected (71%)
2024-10-23 01:36:18 INFO: 01:36:18.792 [task-runner-1-53] [INFO ] q.lib.plugins.DetectionPluginTools - 1 nucleus detected (processing time: 5.55 seconds)
2024-10-23 01:36:18 INFO: 01:36:18.793 [main] [INFO ] q.l.p.CommandLineTaskRunner$CommandLineProgressMonitor - 1 nucleus detected (71%)
2024-10-23 01:36:18 INFO: 01:36:18.812 [task-runner-1-29] [INFO ] q.lib.plugins.DetectionPluginTools - 2912 nuclei detected (processing time: 18.18 seconds)
2024-10-23 01:36:18 INFO: 01:36:18.813 [main] [INFO ] q.l.p.CommandLineTaskRunner$CommandLineProgressMonitor - 2912 nuclei detected (72%)
2024-10-23 01:36:18 INFO: 01:36:18.820 [task-runner-1-6] [INFO ] q.lib.plugins.DetectionPluginTools - 2924 nuclei detected (processing time: 18.98 seconds)
2024-10-23 01:36:18 INFO: 01:36:18.821 [main] [INFO ] q.l.p.CommandLineTaskRunner$CommandLineProgressMonitor - 2924 nuclei detected (73%)
2024-10-23 01:36:18 INFO: 01:36:18.827 [task-runner-1-40] [INFO ] q.lib.plugins.DetectionPluginTools - 7 nuclei detected (processing time: 5.66 seconds)
2024-10-23 01:36:18 INFO: 01:36:18.827 [main] [INFO ] q.l.p.CommandLineTaskRunner$CommandLineProgressMonitor - 7 nuclei detected (73%)
2024-10-23 01:36:19 INFO: 01:36:19.046 [task-runner-1-13] [INFO ] q.lib.plugins.DetectionPluginTools - 1130 nuclei detected (processing time: 11.46 seconds)
2024-10-23 01:36:19 INFO: 01:36:19.047 [main] [INFO ] q.l.p.CommandLineTaskRunner$CommandLineProgressMonitor - 1130 nuclei detected (74%)
2024-10-23 01:36:19 INFO: 01:36:19.152 [task-runner-1-46] [INFO ] q.lib.plugins.DetectionPluginTools - 3349 nuclei detected (processing time: 18.48 seconds)
2024-10-23 01:36:19 INFO: 01:36:19.152 [main] [INFO ] q.l.p.CommandLineTaskRunner$CommandLineProgressMonitor - 3349 nuclei detected (74%)
2024-10-23 01:36:19 INFO: 01:36:19.227 [task-runner-1-26] [INFO ] q.lib.plugins.DetectionPluginTools - 2865 nuclei detected (processing time: 18.51 seconds)
2024-10-23 01:36:19 INFO: 01:36:19.228 [main] [INFO ] q.l.p.CommandLineTaskRunner$CommandLineProgressMonitor - 2865 nuclei detected (75%)
2024-10-23 01:36:19 INFO: 01:36:19.585 [task-runner-1-38] [INFO ] q.lib.plugins.DetectionPluginTools - 0 nuclei detected (processing time: 5.45 seconds)
2024-10-23 01:36:19 INFO: 01:36:19.585 [main] [INFO ] q.l.p.CommandLineTaskRunner$CommandLineProgressMonitor - 0 nuclei detected (76%)
2024-10-23 01:36:19 INFO: 01:36:19.689 [task-runner-1-5] [INFO ] q.lib.plugins.DetectionPluginTools - 3336 nuclei detected (processing time: 19.00 seconds)
2024-10-23 01:36:19 INFO: 01:36:19.690 [main] [INFO ] q.l.p.CommandLineTaskRunner$CommandLineProgressMonitor - 3336 nuclei detected (76%)
2024-10-23 01:36:19 INFO: 01:36:19.842 [task-runner-1-61] [INFO ] q.lib.plugins.DetectionPluginTools - 2254 nuclei detected (processing time: 16.18 seconds)
2024-10-23 01:36:19 INFO: 01:36:19.842 [main] [INFO ] q.l.p.CommandLineTaskRunner$CommandLineProgressMonitor - 2254 nuclei detected (77%)
2024-10-23 01:36:19 INFO: 01:36:19.910 [task-runner-1-21] [INFO ] q.lib.plugins.DetectionPluginTools - 1754 nuclei detected (processing time: 12.80 seconds)
2024-10-23 01:36:19 INFO: 01:36:19.910 [main] [INFO ] q.l.p.CommandLineTaskRunner$CommandLineProgressMonitor - 1754 nuclei detected (78%)
2024-10-23 01:36:19 INFO: 01:36:19.995 [task-runner-1-57] [INFO ] q.lib.plugins.DetectionPluginTools - 1 nucleus detected (processing time: 5.04 seconds)
2024-10-23 01:36:19 INFO: 01:36:19.995 [main] [INFO ] q.l.p.CommandLineTaskRunner$CommandLineProgressMonitor - 1 nucleus detected (78%)
2024-10-23 01:36:20 INFO: 01:36:20.113 [task-runner-1-34] [INFO ] q.lib.plugins.DetectionPluginTools - 2354 nuclei detected (processing time: 16.39 seconds)
2024-10-23 01:36:20 INFO: 01:36:20.113 [main] [INFO ] q.l.p.CommandLineTaskRunner$CommandLineProgressMonitor - 2354 nuclei detected (79%)
2024-10-23 01:36:20 INFO: 01:36:20.117 [task-runner-1-1] [INFO ] q.lib.plugins.DetectionPluginTools - 4701 nuclei detected (processing time: 21.25 seconds)
2024-10-23 01:36:20 INFO: 01:36:20.118 [main] [INFO ] q.l.p.CommandLineTaskRunner$CommandLineProgressMonitor - 4701 nuclei detected (79%)
2024-10-23 01:36:20 INFO: 01:36:20.130 [task-runner-1-7] [INFO ] q.lib.plugins.DetectionPluginTools - 0 nuclei detected (processing time: 5.31 seconds)
2024-10-23 01:36:20 INFO: 01:36:20.131 [main] [INFO ] q.l.p.CommandLineTaskRunner$CommandLineProgressMonitor - 0 nuclei detected (80%)
2024-10-23 01:36:20 INFO: 01:36:20.266 [task-runner-1-25] [INFO ] q.lib.plugins.DetectionPluginTools - 2251 nuclei detected (processing time: 16.57 seconds)
2024-10-23 01:36:20 INFO: 01:36:20.267 [task-runner-1-28] [INFO ] q.lib.plugins.DetectionPluginTools - 3127 nuclei detected (processing time: 19.61 seconds)
2024-10-23 01:36:20 INFO: 01:36:20.267 [main] [INFO ] q.l.p.CommandLineTaskRunner$CommandLineProgressMonitor - 2251 nuclei detected (81%)
2024-10-23 01:36:20 INFO: 01:36:20.268 [main] [INFO ] q.l.p.CommandLineTaskRunner$CommandLineProgressMonitor - 3127 nuclei detected (81%)
2024-10-23 01:36:20 INFO: 01:36:20.412 [task-runner-1-50] [INFO ] q.lib.plugins.DetectionPluginTools - 0 nuclei detected (processing time: 4.40 seconds)
2024-10-23 01:36:20 INFO: 01:36:20.413 [main] [INFO ] q.l.p.CommandLineTaskRunner$CommandLineProgressMonitor - 0 nuclei detected (82%)
2024-10-23 01:36:20 INFO: 01:36:20.431 [task-runner-1-56] [INFO ] q.lib.plugins.DetectionPluginTools - 1397 nuclei detected (processing time: 9.46 seconds)
2024-10-23 01:36:20 INFO: 01:36:20.431 [main] [INFO ] q.l.p.CommandLineTaskRunner$CommandLineProgressMonitor - 1397 nuclei detected (83%)
2024-10-23 01:36:20 INFO: 01:36:20.445 [task-runner-1-16] [INFO ] q.lib.plugins.DetectionPluginTools - 1 nucleus detected (processing time: 6.06 seconds)
2024-10-23 01:36:20 INFO: 01:36:20.445 [main] [INFO ] q.l.p.CommandLineTaskRunner$CommandLineProgressMonitor - 1 nucleus detected (83%)
2024-10-23 01:36:20 INFO: 01:36:20.512 [task-runner-1-20] [INFO ] q.lib.plugins.DetectionPluginTools - 2966 nuclei detected (processing time: 16.65 seconds)
2024-10-23 01:36:20 INFO: 01:36:20.512 [main] [INFO ] q.l.p.CommandLineTaskRunner$CommandLineProgressMonitor - 2966 nuclei detected (84%)
2024-10-23 01:36:20 INFO: 01:36:20.541 [task-runner-1-15] [INFO ] q.lib.plugins.DetectionPluginTools - 5784 nuclei detected (processing time: 21.67 seconds)
2024-10-23 01:36:20 INFO: 01:36:20.541 [main] [INFO ] q.l.p.CommandLineTaskRunner$CommandLineProgressMonitor - 5784 nuclei detected (84%)
2024-10-23 01:36:20 INFO: 01:36:20.544 [task-runner-1-11] [INFO ] q.lib.plugins.DetectionPluginTools - 3901 nuclei detected (processing time: 19.91 seconds)
2024-10-23 01:36:20 INFO: 01:36:20.544 [main] [INFO ] q.l.p.CommandLineTaskRunner$CommandLineProgressMonitor - 3901 nuclei detected (85%)
2024-10-23 01:36:20 INFO: 01:36:20.570 [task-runner-1-51] [INFO ] q.lib.plugins.DetectionPluginTools - 2803 nuclei detected (processing time: 16.62 seconds)
2024-10-23 01:36:20 INFO: 01:36:20.570 [main] [INFO ] q.l.p.CommandLineTaskRunner$CommandLineProgressMonitor - 2803 nuclei detected (86%)
2024-10-23 01:36:20 INFO: 01:36:20.587 [task-runner-1-42] [INFO ] q.lib.plugins.DetectionPluginTools - 2573 nuclei detected (processing time: 12.96 seconds)
2024-10-23 01:36:20 INFO: 01:36:20.587 [main] [INFO ] q.l.p.CommandLineTaskRunner$CommandLineProgressMonitor - 2573 nuclei detected (86%)
2024-10-23 01:36:20 INFO: 01:36:20.781 [task-runner-1-35] [INFO ] q.lib.plugins.DetectionPluginTools - 3057 nuclei detected (processing time: 17.10 seconds)
2024-10-23 01:36:20 INFO: 01:36:20.782 [main] [INFO ] q.l.p.CommandLineTaskRunner$CommandLineProgressMonitor - 3057 nuclei detected (87%)
2024-10-23 01:36:20 INFO: 01:36:20.798 [task-runner-1-14] [INFO ] q.lib.plugins.DetectionPluginTools - 1 nucleus detected (processing time: 5.29 seconds)
2024-10-23 01:36:20 INFO: 01:36:20.799 [main] [INFO ] q.l.p.CommandLineTaskRunner$CommandLineProgressMonitor - 1 nucleus detected (88%)
2024-10-23 01:36:20 INFO: 01:36:20.809 [task-runner-1-30] [INFO ] q.lib.plugins.DetectionPluginTools - 0 nuclei detected (processing time: 4.76 seconds)
2024-10-23 01:36:20 INFO: 01:36:20.809 [main] [INFO ] q.l.p.CommandLineTaskRunner$CommandLineProgressMonitor - 0 nuclei detected (88%)
2024-10-23 01:36:20 INFO: 01:36:20.853 [task-runner-1-4] [INFO ] q.lib.plugins.DetectionPluginTools - 1 nucleus detected (processing time: 6.21 seconds)
2024-10-23 01:36:20 INFO: 01:36:20.854 [main] [INFO ] q.l.p.CommandLineTaskRunner$CommandLineProgressMonitor - 1 nucleus detected (89%)
2024-10-23 01:36:20 INFO: 01:36:20.865 [task-runner-1-19] [INFO ] q.lib.plugins.DetectionPluginTools - 0 nuclei detected (processing time: 4.79 seconds)
2024-10-23 01:36:20 INFO: 01:36:20.865 [main] [INFO ] q.l.p.CommandLineTaskRunner$CommandLineProgressMonitor - 0 nuclei detected (89%)
2024-10-23 01:36:20 INFO: 01:36:20.907 [task-runner-1-58] [INFO ] q.lib.plugins.DetectionPluginTools - 991 nuclei detected (processing time: 13.85 seconds)
2024-10-23 01:36:20 INFO: 01:36:20.907 [main] [INFO ] q.l.p.CommandLineTaskRunner$CommandLineProgressMonitor - 991 nuclei detected (90%)
2024-10-23 01:36:20 INFO: 01:36:20.922 [task-runner-1-31] [INFO ] q.lib.plugins.DetectionPluginTools - 0 nuclei detected (processing time: 4.92 seconds)
2024-10-23 01:36:20 INFO: 01:36:20.922 [main] [INFO ] q.l.p.CommandLineTaskRunner$CommandLineProgressMonitor - 0 nuclei detected (91%)
2024-10-23 01:36:20 INFO: 01:36:20.938 [task-runner-1-62] [INFO ] q.lib.plugins.DetectionPluginTools - 0 nuclei detected (processing time: 5.23 seconds)
2024-10-23 01:36:20 INFO: 01:36:20.968 [task-runner-1-43] [INFO ] q.lib.plugins.DetectionPluginTools - 2840 nuclei detected (processing time: 16.95 seconds)
2024-10-23 01:36:20 INFO: 01:36:20.969 [main] [INFO ] q.l.p.CommandLineTaskRunner$CommandLineProgressMonitor - 2840 nuclei detected (92%)
2024-10-23 01:36:20 INFO: 01:36:20.969 [task-runner-1-23] [INFO ] q.lib.plugins.DetectionPluginTools - 3297 nuclei detected (processing time: 16.89 seconds)
2024-10-23 01:36:20 INFO: 01:36:20.970 [main] [INFO ] q.l.p.CommandLineTaskRunner$CommandLineProgressMonitor - 3297 nuclei detected (93%)
2024-10-23 01:36:21 INFO: 01:36:21.050 [task-runner-1-55] [INFO ] q.lib.plugins.DetectionPluginTools - 0 nuclei detected (processing time: 4.95 seconds)
2024-10-23 01:36:21 INFO: 01:36:21.050 [main] [INFO ] q.l.p.CommandLineTaskRunner$CommandLineProgressMonitor - 0 nuclei detected (93%)
2024-10-23 01:36:21 INFO: 01:36:21.105 [task-runner-1-37] [INFO ] q.lib.plugins.DetectionPluginTools - 1 nucleus detected (processing time: 5.25 seconds)
2024-10-23 01:36:21 INFO: 01:36:21.105 [main] [INFO ] q.l.p.CommandLineTaskRunner$CommandLineProgressMonitor - 1 nucleus detected (94%)
2024-10-23 01:36:21 INFO: 01:36:21.177 [task-runner-1-59] [INFO ] q.lib.plugins.DetectionPluginTools - 0 nuclei detected (processing time: 4.79 seconds)
2024-10-23 01:36:21 INFO: 01:36:21.177 [main] [INFO ] q.l.p.CommandLineTaskRunner$CommandLineProgressMonitor - 0 nuclei detected (94%)
2024-10-23 01:36:21 INFO: 01:36:21.240 [task-runner-1-10] [INFO ] q.lib.plugins.DetectionPluginTools - 2287 nuclei detected (processing time: 9.88 seconds)
2024-10-23 01:36:21 INFO: 01:36:21.240 [main] [INFO ] q.l.p.CommandLineTaskRunner$CommandLineProgressMonitor - 2287 nuclei detected (95%)
2024-10-23 01:36:21 INFO: 01:36:21.361 [task-runner-1-24] [INFO ] q.lib.plugins.DetectionPluginTools - 3786 nuclei detected (processing time: 17.30 seconds)
2024-10-23 01:36:21 INFO: 01:36:21.361 [main] [INFO ] q.l.p.CommandLineTaskRunner$CommandLineProgressMonitor - 3786 nuclei detected (96%)
2024-10-23 01:36:21 INFO: 01:36:21.416 [task-runner-1-22] [INFO ] q.lib.plugins.DetectionPluginTools - 4431 nuclei detected (processing time: 17.24 seconds)
2024-10-23 01:36:21 INFO: 01:36:21.416 [main] [INFO ] q.l.p.CommandLineTaskRunner$CommandLineProgressMonitor - 4431 nuclei detected (96%)
2024-10-23 01:36:21 INFO: 01:36:21.491 [task-runner-1-36] [INFO ] q.lib.plugins.DetectionPluginTools - 1981 nuclei detected (processing time: 10.49 seconds)
2024-10-23 01:36:21 INFO: 01:36:21.491 [main] [INFO ] q.l.p.CommandLineTaskRunner$CommandLineProgressMonitor - 1981 nuclei detected (97%)
2024-10-23 01:36:22 INFO: 01:36:22.002 [task-runner-1-52] [INFO ] q.lib.plugins.DetectionPluginTools - 3418 nuclei detected (processing time: 14.24 seconds)
2024-10-23 01:36:22 INFO: 01:36:22.002 [main] [INFO ] q.l.p.CommandLineTaskRunner$CommandLineProgressMonitor - 3418 nuclei detected (98%)
2024-10-23 01:36:22 INFO: 01:36:22.950 [task-runner-1-39] [INFO ] q.lib.plugins.DetectionPluginTools - 3965 nuclei detected (processing time: 14.93 seconds)
2024-10-23 01:36:22 INFO: 01:36:22.951 [main] [INFO ] q.l.p.CommandLineTaskRunner$CommandLineProgressMonitor - 3965 nuclei detected (98%)
2024-10-23 01:36:23 INFO: 01:36:23.242 [task-runner-1-47] [INFO ] q.lib.plugins.DetectionPluginTools - 4480 nuclei detected (processing time: 15.38 seconds)
2024-10-23 01:36:23 INFO: 01:36:23.242 [main] [INFO ] q.l.p.CommandLineTaskRunner$CommandLineProgressMonitor - 4480 nuclei detected (99%)
2024-10-23 01:36:23 INFO: 01:36:23.268 [task-runner-1-18] [INFO ] q.lib.plugins.DetectionPluginTools - 4720 nuclei detected (processing time: 15.34 seconds)
2024-10-23 01:36:23 INFO: 01:36:23.269 [main] [INFO ] q.l.p.CommandLineTaskRunner$CommandLineProgressMonitor - 4720 nuclei detected (99%)
2024-10-23 01:36:23 INFO: 01:36:23.753 [task-runner-1-41] [INFO ] q.lib.plugins.DetectionPluginTools - 4704 nuclei detected (processing time: 15.76 seconds)
2024-10-23 01:36:23 INFO: 01:36:23.754 [main] [INFO ] q.l.p.CommandLineTaskRunner$CommandLineProgressMonitor - 4704 nuclei detected (100%)
2024-10-23 01:36:23 INFO: 01:36:23.754 [main] [INFO ] q.l.p.CommandLineTaskRunner$CommandLineProgressMonitor - Processing complete in 35.85 seconds
2024-10-23 01:36:23 INFO: 01:36:23.754 [main] [INFO ] q.l.p.CommandLineTaskRunner$CommandLineProgressMonitor - Tasks completed!
2024-10-23 01:36:31 INFO: 01:36:31.785 [main] [WARN ] q.l.p.objects.SmoothFeaturesPlugin - Smoothing using annotations
2024-10-23 01:36:35 INFO: 01:36:35.375 [main] [INFO ] q.l.p.CommandLineTaskRunner$CommandLineProgressMonitor - Completed (100%)
2024-10-23 01:36:35 INFO: 01:36:35.375 [main] [INFO ] q.l.p.CommandLineTaskRunner$CommandLineProgressMonitor - Processing complete in 3.59 seconds
2024-10-23 01:36:35 INFO: 01:36:35.375 [main] [INFO ] q.l.p.CommandLineTaskRunner$CommandLineProgressMonitor - Tasks completed!
2024-10-23 01:36:35 INFO: 01:36:35.377 [main] [WARN ] q.l.p.objects.SmoothFeaturesPlugin - Smoothing using annotations
2024-10-23 01:36:41 INFO: 01:36:41.107 [main] [INFO ] q.l.p.CommandLineTaskRunner$CommandLineProgressMonitor - Completed (100%)
2024-10-23 01:36:41 INFO: 01:36:41.107 [main] [INFO ] q.l.p.CommandLineTaskRunner$CommandLineProgressMonitor - Processing complete in 5.73 seconds
2024-10-23 01:36:41 INFO: 01:36:41.107 [main] [INFO ] q.l.p.CommandLineTaskRunner$CommandLineProgressMonitor - Tasks completed!
2024-10-23 01:36:41 INFO: 01:36:41.109 [main] [WARN ] q.l.p.objects.SmoothFeaturesPlugin - Smoothing using annotations
2024-10-23 01:36:55 INFO: 01:36:55.257 [main] [INFO ] q.l.p.CommandLineTaskRunner$CommandLineProgressMonitor - Completed (100%)
2024-10-23 01:36:55 INFO: 01:36:55.259 [main] [INFO ] q.l.p.CommandLineTaskRunner$CommandLineProgressMonitor - Processing complete in 14.15 seconds
2024-10-23 01:36:55 INFO: 01:36:55.259 [main] [INFO ] q.l.p.CommandLineTaskRunner$CommandLineProgressMonitor - Tasks completed!
2024-10-23 01:36:55 INFO: 01:36:55.470 [task-runner-5-2] [INFO ] q.l.a.IntensityFeaturesPlugin - Splitting Rectangle (0, 0, 63784, 39311) into 40 tiles for intensity measurements
2024-10-23 01:36:55 INFO: 01:36:55.645 [main] [INFO ] q.l.p.CommandLineTaskRunner$CommandLineProgressMonitor - Completed (0%)
2024-10-23 01:36:56 INFO: 01:36:56.584 [main] [INFO ] q.l.p.CommandLineTaskRunner$CommandLineProgressMonitor - Completed (1%)
2024-10-23 01:36:56 INFO: 01:36:56.900 [main] [INFO ] q.l.p.CommandLineTaskRunner$CommandLineProgressMonitor - Completed (2%)
2024-10-23 01:36:57 INFO: 01:36:57.204 [main] [INFO ] q.l.p.CommandLineTaskRunner$CommandLineProgressMonitor - Completed (3%)
2024-10-23 01:36:57 INFO: 01:36:57.571 [main] [INFO ] q.l.p.CommandLineTaskRunner$CommandLineProgressMonitor - Completed (4%)
2024-10-23 01:36:57 INFO: 01:36:57.752 [main] [INFO ] q.l.p.CommandLineTaskRunner$CommandLineProgressMonitor - Completed (5%)
2024-10-23 01:36:57 INFO: 01:36:57.853 [main] [INFO ] q.l.p.CommandLineTaskRunner$CommandLineProgressMonitor - Completed (6%)
2024-10-23 01:36:57 INFO: 01:36:57.965 [main] [INFO ] q.l.p.CommandLineTaskRunner$CommandLineProgressMonitor - Completed (7%)
2024-10-23 01:36:58 INFO: 01:36:58.346 [main] [INFO ] q.l.p.CommandLineTaskRunner$CommandLineProgressMonitor - Completed (8%)
2024-10-23 01:36:58 INFO: 01:36:58.455 [main] [INFO ] q.l.p.CommandLineTaskRunner$CommandLineProgressMonitor - Completed (9%)
2024-10-23 01:36:58 INFO: 01:36:58.559 [main] [INFO ] q.l.p.CommandLineTaskRunner$CommandLineProgressMonitor - Completed (10%)
2024-10-23 01:36:58 INFO: 01:36:58.656 [main] [INFO ] q.l.p.CommandLineTaskRunner$CommandLineProgressMonitor - Completed (11%)
2024-10-23 01:36:58 INFO: 01:36:58.759 [main] [INFO ] q.l.p.CommandLineTaskRunner$CommandLineProgressMonitor - Completed (12%)
2024-10-23 01:36:58 INFO: 01:36:58.870 [main] [INFO ] q.l.p.CommandLineTaskRunner$CommandLineProgressMonitor - Completed (13%)
2024-10-23 01:36:58 INFO: 01:36:58.960 [main] [INFO ] q.l.p.CommandLineTaskRunner$CommandLineProgressMonitor - Completed (14%)
2024-10-23 01:36:59 INFO: 01:36:59.357 [main] [INFO ] q.l.p.CommandLineTaskRunner$CommandLineProgressMonitor - Completed (15%)
2024-10-23 01:36:59 INFO: 01:36:59.458 [main] [INFO ] q.l.p.CommandLineTaskRunner$CommandLineProgressMonitor - Completed (16%)
2024-10-23 01:36:59 INFO: 01:36:59.559 [main] [INFO ] q.l.p.CommandLineTaskRunner$CommandLineProgressMonitor - Completed (17%)
2024-10-23 01:36:59 INFO: 01:36:59.651 [main] [INFO ] q.l.p.CommandLineTaskRunner$CommandLineProgressMonitor - Completed (18%)
2024-10-23 01:36:59 INFO: 01:36:59.741 [main] [INFO ] q.l.p.CommandLineTaskRunner$CommandLineProgressMonitor - Completed (19%)
2024-10-23 01:36:59 INFO: 01:36:59.828 [main] [INFO ] q.l.p.CommandLineTaskRunner$CommandLineProgressMonitor - Completed (20%)
2024-10-23 01:36:59 INFO: 01:36:59.907 [main] [INFO ] q.l.p.CommandLineTaskRunner$CommandLineProgressMonitor - Completed (21%)
2024-10-23 01:36:59 INFO: 01:36:59.994 [main] [INFO ] q.l.p.CommandLineTaskRunner$CommandLineProgressMonitor - Completed (22%)
2024-10-23 01:37:00 INFO: 01:37:00.471 [main] [INFO ] q.l.p.CommandLineTaskRunner$CommandLineProgressMonitor - Completed (23%)
2024-10-23 01:37:00 INFO: 01:37:00.658 [main] [INFO ] q.l.p.CommandLineTaskRunner$CommandLineProgressMonitor - Completed (24%)
2024-10-23 01:37:00 INFO: 01:37:00.764 [main] [INFO ] q.l.p.CommandLineTaskRunner$CommandLineProgressMonitor - Completed (25%)
2024-10-23 01:37:00 INFO: 01:37:00.867 [main] [INFO ] q.l.p.CommandLineTaskRunner$CommandLineProgressMonitor - Completed (26%)
2024-10-23 01:37:00 INFO: 01:37:00.961 [main] [INFO ] q.l.p.CommandLineTaskRunner$CommandLineProgressMonitor - Completed (27%)
2024-10-23 01:37:01 INFO: 01:37:01.047 [main] [INFO ] q.l.p.CommandLineTaskRunner$CommandLineProgressMonitor - Completed (28%)
2024-10-23 01:37:01 INFO: 01:37:01.151 [main] [INFO ] q.l.p.CommandLineTaskRunner$CommandLineProgressMonitor - Completed (29%)
2024-10-23 01:37:01 INFO: 01:37:01.520 [main] [INFO ] q.l.p.CommandLineTaskRunner$CommandLineProgressMonitor - Completed (30%)
2024-10-23 01:37:01 INFO: 01:37:01.617 [main] [INFO ] q.l.p.CommandLineTaskRunner$CommandLineProgressMonitor - Completed (31%)
2024-10-23 01:37:01 INFO: 01:37:01.708 [main] [INFO ] q.l.p.CommandLineTaskRunner$CommandLineProgressMonitor - Completed (32%)
2024-10-23 01:37:01 INFO: 01:37:01.811 [main] [INFO ] q.l.p.CommandLineTaskRunner$CommandLineProgressMonitor - Completed (33%)
2024-10-23 01:37:01 INFO: 01:37:01.899 [main] [INFO ] q.l.p.CommandLineTaskRunner$CommandLineProgressMonitor - Completed (34%)
2024-10-23 01:37:01 INFO: 01:37:01.986 [main] [INFO ] q.l.p.CommandLineTaskRunner$CommandLineProgressMonitor - Completed (35%)
2024-10-23 01:37:02 INFO: 01:37:02.080 [main] [INFO ] q.l.p.CommandLineTaskRunner$CommandLineProgressMonitor - Completed (36%)
2024-10-23 01:37:02 INFO: 01:37:02.372 [main] [INFO ] q.l.p.CommandLineTaskRunner$CommandLineProgressMonitor - Completed (37%)
2024-10-23 01:37:02 INFO: 01:37:02.451 [main] [INFO ] q.l.p.CommandLineTaskRunner$CommandLineProgressMonitor - Completed (38%)
2024-10-23 01:37:02 INFO: 01:37:02.531 [main] [INFO ] q.l.p.CommandLineTaskRunner$CommandLineProgressMonitor - Completed (39%)
2024-10-23 01:37:02 INFO: 01:37:02.610 [main] [INFO ] q.l.p.CommandLineTaskRunner$CommandLineProgressMonitor - Completed (40%)
2024-10-23 01:37:02 INFO: 01:37:02.701 [main] [INFO ] q.l.p.CommandLineTaskRunner$CommandLineProgressMonitor - Completed (41%)
2024-10-23 01:37:02 INFO: 01:37:02.783 [main] [INFO ] q.l.p.CommandLineTaskRunner$CommandLineProgressMonitor - Completed (42%)
2024-10-23 01:37:02 INFO: 01:37:02.868 [main] [INFO ] q.l.p.CommandLineTaskRunner$CommandLineProgressMonitor - Completed (43%)
2024-10-23 01:37:02 INFO: 01:37:02.950 [main] [INFO ] q.l.p.CommandLineTaskRunner$CommandLineProgressMonitor - Completed (44%)
2024-10-23 01:37:03 INFO: 01:37:03.041 [main] [INFO ] q.l.p.CommandLineTaskRunner$CommandLineProgressMonitor - Completed (45%)
2024-10-23 01:37:03 INFO: 01:37:03.339 [main] [INFO ] q.l.p.CommandLineTaskRunner$CommandLineProgressMonitor - Completed (46%)
2024-10-23 01:37:03 INFO: 01:37:03.445 [main] [INFO ] q.l.p.CommandLineTaskRunner$CommandLineProgressMonitor - Completed (47%)
2024-10-23 01:37:03 INFO: 01:37:03.548 [main] [INFO ] q.l.p.CommandLineTaskRunner$CommandLineProgressMonitor - Completed (48%)
2024-10-23 01:37:03 INFO: 01:37:03.641 [main] [INFO ] q.l.p.CommandLineTaskRunner$CommandLineProgressMonitor - Completed (49%)
2024-10-23 01:37:03 INFO: 01:37:03.727 [main] [INFO ] q.l.p.CommandLineTaskRunner$CommandLineProgressMonitor - Completed (50%)
2024-10-23 01:37:03 INFO: 01:37:03.809 [main] [INFO ] q.l.p.CommandLineTaskRunner$CommandLineProgressMonitor - Completed (51%)
2024-10-23 01:37:03 INFO: 01:37:03.885 [main] [INFO ] q.l.p.CommandLineTaskRunner$CommandLineProgressMonitor - Completed (52%)
2024-10-23 01:37:03 INFO: 01:37:03.970 [main] [INFO ] q.l.p.CommandLineTaskRunner$CommandLineProgressMonitor - Completed (53%)
2024-10-23 01:37:04 INFO: 01:37:04.051 [main] [INFO ] q.l.p.CommandLineTaskRunner$CommandLineProgressMonitor - Completed (54%)
2024-10-23 01:37:04 INFO: 01:37:04.149 [main] [INFO ] q.l.p.CommandLineTaskRunner$CommandLineProgressMonitor - Completed (55%)
2024-10-23 01:37:04 INFO: 01:37:04.242 [main] [INFO ] q.l.p.CommandLineTaskRunner$CommandLineProgressMonitor - Completed (56%)
2024-10-23 01:37:04 INFO: 01:37:04.326 [main] [INFO ] q.l.p.CommandLineTaskRunner$CommandLineProgressMonitor - Completed (57%)
2024-10-23 01:37:04 INFO: 01:37:04.406 [main] [INFO ] q.l.p.CommandLineTaskRunner$CommandLineProgressMonitor - Completed (58%)
2024-10-23 01:37:04 INFO: 01:37:04.496 [main] [INFO ] q.l.p.CommandLineTaskRunner$CommandLineProgressMonitor - Completed (59%)
2024-10-23 01:37:04 INFO: 01:37:04.588 [main] [INFO ] q.l.p.CommandLineTaskRunner$CommandLineProgressMonitor - Completed (60%)
2024-10-23 01:37:04 INFO: 01:37:04.684 [main] [INFO ] q.l.p.CommandLineTaskRunner$CommandLineProgressMonitor - Completed (61%)
2024-10-23 01:37:04 INFO: 01:37:04.782 [main] [INFO ] q.l.p.CommandLineTaskRunner$CommandLineProgressMonitor - Completed (62%)
2024-10-23 01:37:04 INFO: 01:37:04.888 [main] [INFO ] q.l.p.CommandLineTaskRunner$CommandLineProgressMonitor - Completed (63%)
2024-10-23 01:37:05 INFO: 01:37:05.003 [main] [INFO ] q.l.p.CommandLineTaskRunner$CommandLineProgressMonitor - Completed (64%)
2024-10-23 01:37:05 INFO: 01:37:05.096 [main] [INFO ] q.l.p.CommandLineTaskRunner$CommandLineProgressMonitor - Completed (65%)
2024-10-23 01:37:05 INFO: 01:37:05.190 [main] [INFO ] q.l.p.CommandLineTaskRunner$CommandLineProgressMonitor - Completed (66%)
2024-10-23 01:37:05 INFO: 01:37:05.329 [main] [INFO ] q.l.p.CommandLineTaskRunner$CommandLineProgressMonitor - Completed (67%)
2024-10-23 01:37:05 INFO: 01:37:05.459 [main] [INFO ] q.l.p.CommandLineTaskRunner$CommandLineProgressMonitor - Completed (68%)
2024-10-23 01:37:05 INFO: 01:37:05.679 [main] [INFO ] q.l.p.CommandLineTaskRunner$CommandLineProgressMonitor - Completed (69%)
2024-10-23 01:37:05 INFO: 01:37:05.760 [main] [INFO ] q.l.p.CommandLineTaskRunner$CommandLineProgressMonitor - Completed (70%)
2024-10-23 01:37:05 INFO: 01:37:05.841 [main] [INFO ] q.l.p.CommandLineTaskRunner$CommandLineProgressMonitor - Completed (71%)
2024-10-23 01:37:05 INFO: 01:37:05.924 [main] [INFO ] q.l.p.CommandLineTaskRunner$CommandLineProgressMonitor - Completed (72%)
2024-10-23 01:37:06 INFO: 01:37:06.007 [main] [INFO ] q.l.p.CommandLineTaskRunner$CommandLineProgressMonitor - Completed (73%)
2024-10-23 01:37:06 INFO: 01:37:06.087 [main] [INFO ] q.l.p.CommandLineTaskRunner$CommandLineProgressMonitor - Completed (74%)
2024-10-23 01:37:06 INFO: 01:37:06.173 [main] [INFO ] q.l.p.CommandLineTaskRunner$CommandLineProgressMonitor - Completed (75%)
2024-10-23 01:37:06 INFO: 01:37:06.261 [main] [INFO ] q.l.p.CommandLineTaskRunner$CommandLineProgressMonitor - Completed (76%)
2024-10-23 01:37:06 INFO: 01:37:06.350 [main] [INFO ] q.l.p.CommandLineTaskRunner$CommandLineProgressMonitor - Completed (77%)
2024-10-23 01:37:06 INFO: 01:37:06.446 [main] [INFO ] q.l.p.CommandLineTaskRunner$CommandLineProgressMonitor - Completed (78%)
2024-10-23 01:37:06 INFO: 01:37:06.533 [main] [INFO ] q.l.p.CommandLineTaskRunner$CommandLineProgressMonitor - Completed (79%)
2024-10-23 01:37:06 INFO: 01:37:06.622 [main] [INFO ] q.l.p.CommandLineTaskRunner$CommandLineProgressMonitor - Completed (80%)
2024-10-23 01:37:06 INFO: 01:37:06.714 [main] [INFO ] q.l.p.CommandLineTaskRunner$CommandLineProgressMonitor - Completed (81%)
2024-10-23 01:37:06 INFO: 01:37:06.821 [main] [INFO ] q.l.p.CommandLineTaskRunner$CommandLineProgressMonitor - Completed (82%)
2024-10-23 01:37:06 INFO: 01:37:06.913 [main] [INFO ] q.l.p.CommandLineTaskRunner$CommandLineProgressMonitor - Completed (83%)
2024-10-23 01:37:07 INFO: 01:37:07.015 [main] [INFO ] q.l.p.CommandLineTaskRunner$CommandLineProgressMonitor - Completed (84%)
2024-10-23 01:37:07 INFO: 01:37:07.103 [main] [INFO ] q.l.p.CommandLineTaskRunner$CommandLineProgressMonitor - Completed (85%)
2024-10-23 01:37:07 INFO: 01:37:07.192 [main] [INFO ] q.l.p.CommandLineTaskRunner$CommandLineProgressMonitor - Completed (86%)
2024-10-23 01:37:07 INFO: 01:37:07.358 [main] [INFO ] q.l.p.CommandLineTaskRunner$CommandLineProgressMonitor - Completed (87%)
2024-10-23 01:37:07 INFO: 01:37:07.439 [main] [INFO ] q.l.p.CommandLineTaskRunner$CommandLineProgressMonitor - Completed (88%)
2024-10-23 01:37:07 INFO: 01:37:07.516 [main] [INFO ] q.l.p.CommandLineTaskRunner$CommandLineProgressMonitor - Completed (89%)
2024-10-23 01:37:07 INFO: 01:37:07.609 [main] [INFO ] q.l.p.CommandLineTaskRunner$CommandLineProgressMonitor - Completed (90%)
2024-10-23 01:37:07 INFO: 01:37:07.696 [main] [INFO ] q.l.p.CommandLineTaskRunner$CommandLineProgressMonitor - Completed (91%)
2024-10-23 01:37:07 INFO: 01:37:07.772 [main] [INFO ] q.l.p.CommandLineTaskRunner$CommandLineProgressMonitor - Completed (92%)
2024-10-23 01:37:07 INFO: 01:37:07.852 [main] [INFO ] q.l.p.CommandLineTaskRunner$CommandLineProgressMonitor - Completed (93%)
2024-10-23 01:37:07 INFO: 01:37:07.927 [main] [INFO ] q.l.p.CommandLineTaskRunner$CommandLineProgressMonitor - Completed (94%)
2024-10-23 01:37:08 INFO: 01:37:08.009 [main] [INFO ] q.l.p.CommandLineTaskRunner$CommandLineProgressMonitor - Completed (95%)
2024-10-23 01:37:08 INFO: 01:37:08.096 [main] [INFO ] q.l.p.CommandLineTaskRunner$CommandLineProgressMonitor - Completed (96%)
2024-10-23 01:37:08 INFO: 01:37:08.183 [main] [INFO ] q.l.p.CommandLineTaskRunner$CommandLineProgressMonitor - Completed (97%)
2024-10-23 01:37:08 INFO: 01:37:08.286 [main] [INFO ] q.l.p.CommandLineTaskRunner$CommandLineProgressMonitor - Completed (98%)
2024-10-23 01:37:08 INFO: 01:37:08.370 [main] [INFO ] q.l.p.CommandLineTaskRunner$CommandLineProgressMonitor - Completed (99%)
2024-10-23 01:37:08 INFO: 01:37:08.456 [main] [INFO ] q.l.p.CommandLineTaskRunner$CommandLineProgressMonitor - Completed (100%)
2024-10-23 01:38:04 INFO: 01:38:04.027 [main] [INFO ] q.l.p.CommandLineTaskRunner$CommandLineProgressMonitor - Completed (100%)
2024-10-23 01:38:04 INFO: 01:38:04.028 [main] [INFO ] q.l.p.CommandLineTaskRunner$CommandLineProgressMonitor - Processing complete in 68.58 seconds
2024-10-23 01:38:04 INFO: 01:38:04.028 [main] [INFO ] q.l.p.CommandLineTaskRunner$CommandLineProgressMonitor - Tasks completed!
2024-10-23 01:39:47 INFO: 01:39:47.158 [task-runner-6-1] [WARN ] q.o.features.DelaunayTriangulation - Some objects have missing measurements! Statistics will calculated only for objects with measurements available.
2024-10-23 01:39:47 INFO: 01:39:47.158 [task-runner-6-1] [WARN ] q.o.features.DelaunayTriangulation - Missing measurements: [ROI: 1.00 m per pixel: Residual: Haralick Correlation (F2), ROI: 1.00 m per pixel: Residual: Haralick Information measure of correlation 1 (F11), ROI: 1.00 m per pixel: Residual: Haralick Information measure of correlation 2 (F12)]
2024-10-23 01:39:47 INFO: 01:39:47.192 [main] [INFO ] q.l.p.CommandLineTaskRunner$CommandLineProgressMonitor - Delaunay triangulation calculated for Annotation (164485 objects) (100%)
2024-10-23 01:39:47 INFO: 01:39:47.192 [main] [INFO ] q.l.p.CommandLineTaskRunner$CommandLineProgressMonitor - Processing complete in 103.12 seconds
2024-10-23 01:39:47 INFO: 01:39:47.192 [main] [INFO ] q.l.p.CommandLineTaskRunner$CommandLineProgressMonitor - Tasks completed!
2024-10-23 01:41:40 INFO: TCGA-GI-A2C8-01Z-00-DX1.09BD8AC9-645A-4C8B-9B36-77D833BDBA09
2024-10-23 01:41:40 INFO: QuPath subprocess completed.
2024-10-23 01:41:49 INFO: QuPath image extraction completed successfully. Output directory: /home/ilants/Documents/jupyter_test/single_image_multiple_params/exp_sigmaMicrons_2.25
2024-10-23 01:41:49 INFO: Summary table saved to: /home/ilants/Documents/jupyter_test/single_image_multiple_params/exp_sigmaMicrons_2.25/Summary_Table.csv
2024-10-23 01:41:49 INFO: Experiment completed successfully.
