2024-10-23 00:45:29 INFO: Starting experiment with for sigmaMicrons with value of 0.5
2024-10-23 00:45:29 INFO: Running with the following configuration:
{'detectionImageBrightfield': 'Hematoxylin OD', 'requestedPixelSizeMicrons': 0.5, 'backgroundRadiusMicrons': 4.0, 'backgroundByReconstruction': True, 'medianRadiusMicrons': 0.0, 'sigmaMicrons': 0.5, 'minAreaMicrons': 10.0, 'maxAreaMicrons': 80.0, 'threshold': 0.1, 'maxBackground': 2.0, 'watershedPostProcess': True, 'cellExpansionMicrons': 5.0, 'includeNuclei': True, 'smoothBoundaries': True, 'makeMeasurements': True, 'backgroundRadiusPixel': 8.0, 'cellExpansionPixel': 10.0, 'medianRadiusPixel': 0.0, 'minAreaPixel': 20.0, 'maxAreaPixel': 160.0}
2024-10-23 00:45:29 INFO: Starting QuPath image extraction with the following parameters: image_dir=/home/ilants/Documents/jupyter_test, output_dir=/home/ilants/Documents/jupyter_test/single_image_multiple_params/exp_sigmaMicrons_0.5, image_type=svs, groovy_script=/home/ilants/Documents/utls/nucleus_detection_wargs.groovy, config_file=/home/ilants/Documents/jupyter_test/single_image_multiple_params/exp_sigmaMicrons_0.5/cfg.json, program_path=/home/ilants/Documents/QuPath-v0.5.1-Linux/QuPath/bin/QuPath
2024-10-23 00:45:30 INFO: 00:45:30.045 [main] [INFO ] qupath.lib.gui.prefs.PathPrefs - Setting default Locale to en_US
2024-10-23 00:45:30 INFO: 00:45:30.048 [main] [INFO ] qupath.lib.gui.prefs.PathPrefs - Setting Locale for FORMAT to en_US
2024-10-23 00:45:30 INFO: 00:45:30.048 [main] [INFO ] qupath.lib.gui.prefs.PathPrefs - Setting Locale for DISPLAY to en_US
2024-10-23 00:45:30 INFO: 00:45:30.062 [main] [INFO ] qupath.lib.common.ThreadTools - Setting parallelism to 63
2024-10-23 00:45:30 INFO: 00:45:30.081 [main] [INFO ] qupath.ScriptCommand - Setting tile cache size to 32200.00 MB (25.0% max memory)
2024-10-23 00:45:30 INFO: 00:45:30.128 [main] [INFO ] qupath.lib.scripting.QP - Initializing type adapters
2024-10-23 00:45:30 INFO: Warning: Versions of org.bytedeco:javacpp:1.5.9 and org.bytedeco:opencv:4.6.0-1.5.8 do not match.
2024-10-23 00:45:30 INFO: Warning: Versions of org.bytedeco:javacpp:1.5.9 and org.bytedeco:openblas:0.3.21-1.5.8 do not match.
2024-10-23 00:45:31 INFO: project parameters are: {"detectionImageBrightfield": "Hematoxylin OD","requestedPixelSizeMicrons": 0.5,"backgroundRadiusMicrons": 4.0,"backgroundByReconstruction": true,"medianRadiusMicrons": 0.0,"sigmaMicrons": 0.5,"minAreaMicrons": 10.0,"maxAreaMicrons": 80.0,"threshold": 0.1,"maxBackground": 2.0,"watershedPostProcess": true,"cellExpansionMicrons": 5.0,"includeNuclei": true,"smoothBoundaries": true,"makeMeasurements": true,"backgroundRadiusPixel": 8.0,"cellExpansionPixel": 10.0,"medianRadiusPixel": 0.0,"minAreaPixel": 20.0,"maxAreaPixel": 160.0}
2024-10-23 00:45:31 INFO: New project created at: /home/ilants/Documents/jupyter_test/single_image_multiple_params/exp_sigmaMicrons_0.5/QPProject
2024-10-23 00:45:31 INFO: Added: /home/ilants/Documents/jupyter_test/TCGA-GI-A2C8-01Z-00-DX1.09BD8AC9-645A-4C8B-9B36-77D833BDBA09.svs
2024-10-23 00:45:31 INFO: /home/ilants/Documents/jupyter_test/TCGA-GI-A2C8-01Z-00-DX1.09BD8AC9-645A-4C8B-9B36-77D833BDBA09.svs
2024-10-23 00:45:32 INFO: 00:45:32.076 [main] [INFO ] q.l.i.s.b.BioFormatsServerOptions - Setting max Bio-Formats readers to 32
2024-10-23 00:45:32 INFO: UriImageSupport (class qupath.lib.images.servers.bioformats.BioFormatsServerBuilder) support=3.0, builders=1
2024-10-23 00:45:32 INFO: true
2024-10-23 00:45:32 INFO: 00:45:32.722 [main] [WARN ] qupath.lib.scripting.QP - createSelectAllObject(boolean) is deprecated, use createFullImageAnnotation(boolean) instead
2024-10-23 00:45:32 INFO: 00:45:32.723 [main] [WARN ] qupath.lib.scripting.QP - createSelectAllObject(boolean, int, int) is deprecated, use createFullImageAnnotation(boolean, int, int) instead
2024-10-23 00:45:32 INFO: 00:45:32.732 [main] [WARN ] q.l.plugins.parameters.ParameterList - Unable to set parameter backgroundRadiusPixel with value 8.0
2024-10-23 00:45:32 INFO: 00:45:32.732 [main] [WARN ] q.l.plugins.parameters.ParameterList - Unable to set parameter cellExpansionPixel with value 10.0
2024-10-23 00:45:32 INFO: 00:45:32.732 [main] [WARN ] q.l.plugins.parameters.ParameterList - Unable to set parameter medianRadiusPixel with value 0.0
2024-10-23 00:45:32 INFO: 00:45:32.732 [main] [WARN ] q.l.plugins.parameters.ParameterList - Unable to set parameter minAreaPixel with value 20.0
2024-10-23 00:45:32 INFO: 00:45:32.732 [main] [WARN ] q.l.plugins.parameters.ParameterList - Unable to set parameter maxAreaPixel with value 160.0
2024-10-23 00:45:46 INFO: 00:45:46.626 [task-runner-1-3] [INFO ] q.lib.plugins.DetectionPluginTools - 0 nuclei detected (processing time: 13.78 seconds)
2024-10-23 00:45:46 INFO: 00:45:46.626 [task-runner-1-4] [INFO ] q.lib.plugins.DetectionPluginTools - 0 nuclei detected (processing time: 13.78 seconds)
2024-10-23 00:45:46 INFO: 00:45:46.626 [task-runner-1-8] [INFO ] q.lib.plugins.DetectionPluginTools - 0 nuclei detected (processing time: 13.77 seconds)
2024-10-23 00:45:46 INFO: 00:45:46.626 [task-runner-1-9] [INFO ] q.lib.plugins.DetectionPluginTools - 0 nuclei detected (processing time: 13.77 seconds)
2024-10-23 00:45:46 INFO: 00:45:46.628 [task-runner-1-12] [INFO ] q.lib.plugins.DetectionPluginTools - 0 nuclei detected (processing time: 13.78 seconds)
2024-10-23 00:45:46 INFO: 00:45:46.629 [main] [INFO ] q.l.p.CommandLineTaskRunner$CommandLineProgressMonitor - 0 nuclei detected (1%)
2024-10-23 00:45:46 INFO: 00:45:46.629 [main] [INFO ] q.l.p.CommandLineTaskRunner$CommandLineProgressMonitor - 0 nuclei detected (2%)
2024-10-23 00:45:46 INFO: 00:45:46.629 [main] [INFO ] q.l.p.CommandLineTaskRunner$CommandLineProgressMonitor - 0 nuclei detected (3%)
2024-10-23 00:45:46 INFO: 00:45:46.630 [task-runner-1-7] [INFO ] q.lib.plugins.DetectionPluginTools - 1 nucleus detected (processing time: 13.78 seconds)
2024-10-23 00:45:46 INFO: 00:45:46.630 [main] [INFO ] q.l.p.CommandLineTaskRunner$CommandLineProgressMonitor - 1 nucleus detected (3%)
2024-10-23 00:45:46 INFO: 00:45:46.630 [task-runner-1-27] [INFO ] q.lib.plugins.DetectionPluginTools - 1 nucleus detected (processing time: 13.78 seconds)
2024-10-23 00:45:46 INFO: 00:45:46.630 [main] [INFO ] q.l.p.CommandLineTaskRunner$CommandLineProgressMonitor - 1 nucleus detected (4%)
2024-10-23 00:45:46 INFO: 00:45:46.630 [task-runner-1-17] [INFO ] q.lib.plugins.DetectionPluginTools - 2 nuclei detected (processing time: 13.78 seconds)
2024-10-23 00:45:46 INFO: 00:45:46.631 [main] [INFO ] q.l.p.CommandLineTaskRunner$CommandLineProgressMonitor - 2 nuclei detected (4%)
2024-10-23 00:45:46 INFO: 00:45:46.631 [task-runner-1-16] [INFO ] q.lib.plugins.DetectionPluginTools - 0 nuclei detected (processing time: 13.78 seconds)
2024-10-23 00:45:46 INFO: 00:45:46.631 [main] [INFO ] q.l.p.CommandLineTaskRunner$CommandLineProgressMonitor - 0 nuclei detected (5%)
2024-10-23 00:45:46 INFO: 00:45:46.632 [main] [INFO ] q.l.p.CommandLineTaskRunner$CommandLineProgressMonitor - 0 nuclei detected (6%)
2024-10-23 00:45:46 INFO: 00:45:46.632 [task-runner-1-2] [INFO ] q.lib.plugins.DetectionPluginTools - 2 nuclei detected (processing time: 13.78 seconds)
2024-10-23 00:45:46 INFO: 00:45:46.632 [main] [INFO ] q.l.p.CommandLineTaskRunner$CommandLineProgressMonitor - 2 nuclei detected (6%)
2024-10-23 00:45:46 INFO: 00:45:46.633 [task-runner-1-30] [INFO ] q.lib.plugins.DetectionPluginTools - 2 nuclei detected (processing time: 13.78 seconds)
2024-10-23 00:45:46 INFO: 00:45:46.633 [main] [INFO ] q.l.p.CommandLineTaskRunner$CommandLineProgressMonitor - 2 nuclei detected (7%)
2024-10-23 00:45:46 INFO: 00:45:46.637 [task-runner-1-13] [INFO ] q.lib.plugins.DetectionPluginTools - 7 nuclei detected (processing time: 13.79 seconds)
2024-10-23 00:45:46 INFO: 00:45:46.638 [main] [INFO ] q.l.p.CommandLineTaskRunner$CommandLineProgressMonitor - 7 nuclei detected (8%)
2024-10-23 00:45:46 INFO: 00:45:46.651 [task-runner-1-29] [INFO ] q.lib.plugins.DetectionPluginTools - 9 nuclei detected (processing time: 13.80 seconds)
2024-10-23 00:45:46 INFO: 00:45:46.652 [main] [INFO ] q.l.p.CommandLineTaskRunner$CommandLineProgressMonitor - 9 nuclei detected (8%)
2024-10-23 00:45:46 INFO: 00:45:46.675 [task-runner-1-31] [INFO ] q.lib.plugins.DetectionPluginTools - 18 nuclei detected (processing time: 13.82 seconds)
2024-10-23 00:45:46 INFO: 00:45:46.676 [main] [INFO ] q.l.p.CommandLineTaskRunner$CommandLineProgressMonitor - 18 nuclei detected (9%)
2024-10-23 00:45:46 INFO: 00:45:46.701 [task-runner-1-28] [INFO ] q.lib.plugins.DetectionPluginTools - 34 nuclei detected (processing time: 13.85 seconds)
2024-10-23 00:45:46 INFO: 00:45:46.702 [main] [INFO ] q.l.p.CommandLineTaskRunner$CommandLineProgressMonitor - 34 nuclei detected (9%)
2024-10-23 00:45:46 INFO: 00:45:46.708 [task-runner-1-26] [INFO ] q.lib.plugins.DetectionPluginTools - 46 nuclei detected (processing time: 13.85 seconds)
2024-10-23 00:45:46 INFO: 00:45:46.708 [main] [INFO ] q.l.p.CommandLineTaskRunner$CommandLineProgressMonitor - 46 nuclei detected (10%)
2024-10-23 00:45:46 INFO: 00:45:46.981 [task-runner-1-45] [INFO ] q.lib.plugins.DetectionPluginTools - 223 nuclei detected (processing time: 14.12 seconds)
2024-10-23 00:45:46 INFO: 00:45:46.982 [main] [INFO ] q.l.p.CommandLineTaskRunner$CommandLineProgressMonitor - 223 nuclei detected (11%)
2024-10-23 00:45:47 INFO: 00:45:47.047 [task-runner-1-34] [INFO ] q.lib.plugins.DetectionPluginTools - 548 nuclei detected (processing time: 14.19 seconds)
2024-10-23 00:45:47 INFO: 00:45:47.070 [main] [INFO ] q.l.p.CommandLineTaskRunner$CommandLineProgressMonitor - 548 nuclei detected (11%)
2024-10-23 00:45:47 INFO: 00:45:47.153 [task-runner-1-63] [INFO ] q.lib.plugins.DetectionPluginTools - 381 nuclei detected (processing time: 14.29 seconds)
2024-10-23 00:45:47 INFO: 00:45:47.170 [main] [INFO ] q.l.p.CommandLineTaskRunner$CommandLineProgressMonitor - 381 nuclei detected (12%)
2024-10-23 00:45:47 INFO: 00:45:47.217 [task-runner-1-20] [INFO ] q.lib.plugins.DetectionPluginTools - 711 nuclei detected (processing time: 14.36 seconds)
2024-10-23 00:45:47 INFO: 00:45:47.218 [main] [INFO ] q.l.p.CommandLineTaskRunner$CommandLineProgressMonitor - 711 nuclei detected (13%)
2024-10-23 00:45:47 INFO: 00:45:47.927 [task-runner-1-15] [INFO ] q.lib.plugins.DetectionPluginTools - 1 nucleus detected (processing time: 15.08 seconds)
2024-10-23 00:45:47 INFO: 00:45:47.928 [main] [INFO ] q.l.p.CommandLineTaskRunner$CommandLineProgressMonitor - 1 nucleus detected (13%)
2024-10-23 00:45:47 INFO: 00:45:47.930 [task-runner-1-48] [INFO ] q.lib.plugins.DetectionPluginTools - 0 nuclei detected (processing time: 15.07 seconds)
2024-10-23 00:45:47 INFO: 00:45:47.930 [main] [INFO ] q.l.p.CommandLineTaskRunner$CommandLineProgressMonitor - 0 nuclei detected (14%)
2024-10-23 00:45:47 INFO: 00:45:47.933 [task-runner-1-32] [INFO ] q.lib.plugins.DetectionPluginTools - 0 nuclei detected (processing time: 15.08 seconds)
2024-10-23 00:45:47 INFO: 00:45:47.934 [task-runner-1-11] [INFO ] q.lib.plugins.DetectionPluginTools - 0 nuclei detected (processing time: 15.08 seconds)
2024-10-23 00:45:47 INFO: 00:45:47.934 [task-runner-1-1] [INFO ] q.lib.plugins.DetectionPluginTools - 0 nuclei detected (processing time: 15.08 seconds)
2024-10-23 00:45:47 INFO: 00:45:47.934 [main] [INFO ] q.l.p.CommandLineTaskRunner$CommandLineProgressMonitor - 0 nuclei detected (15%)
2024-10-23 00:45:47 INFO: 00:45:47.935 [main] [INFO ] q.l.p.CommandLineTaskRunner$CommandLineProgressMonitor - 0 nuclei detected (16%)
2024-10-23 00:45:47 INFO: 00:45:47.936 [task-runner-1-10] [INFO ] q.lib.plugins.DetectionPluginTools - 1 nucleus detected (processing time: 15.09 seconds)
2024-10-23 00:45:47 INFO: 00:45:47.937 [main] [INFO ] q.l.p.CommandLineTaskRunner$CommandLineProgressMonitor - 1 nucleus detected (16%)
2024-10-23 00:45:47 INFO: 00:45:47.937 [task-runner-1-47] [INFO ] q.lib.plugins.DetectionPluginTools - 6 nuclei detected (processing time: 15.08 seconds)
2024-10-23 00:45:47 INFO: 00:45:47.938 [task-runner-1-14] [INFO ] q.lib.plugins.DetectionPluginTools - 7 nuclei detected (processing time: 15.09 seconds)
2024-10-23 00:45:47 INFO: 00:45:47.938 [main] [INFO ] q.l.p.CommandLineTaskRunner$CommandLineProgressMonitor - 6 nuclei detected (17%)
2024-10-23 00:45:47 INFO: 00:45:47.938 [main] [INFO ] q.l.p.CommandLineTaskRunner$CommandLineProgressMonitor - 7 nuclei detected (18%)
2024-10-23 00:45:47 INFO: 00:45:47.940 [task-runner-1-6] [INFO ] q.lib.plugins.DetectionPluginTools - 7 nuclei detected (processing time: 15.09 seconds)
2024-10-23 00:45:47 INFO: 00:45:47.988 [task-runner-1-5] [INFO ] q.lib.plugins.DetectionPluginTools - 64 nuclei detected (processing time: 15.14 seconds)
2024-10-23 00:45:47 INFO: 00:45:47.989 [main] [INFO ] q.l.p.CommandLineTaskRunner$CommandLineProgressMonitor - 64 nuclei detected (19%)
2024-10-23 00:45:48 INFO: 00:45:48.029 [task-runner-1-46] [INFO ] q.lib.plugins.DetectionPluginTools - 97 nuclei detected (processing time: 15.17 seconds)
2024-10-23 00:45:48 INFO: 00:45:48.030 [main] [INFO ] q.l.p.CommandLineTaskRunner$CommandLineProgressMonitor - 97 nuclei detected (19%)
2024-10-23 00:45:48 INFO: 00:45:48.159 [task-runner-1-49] [INFO ] q.lib.plugins.DetectionPluginTools - 260 nuclei detected (processing time: 15.30 seconds)
2024-10-23 00:45:48 INFO: 00:45:48.160 [main] [INFO ] q.l.p.CommandLineTaskRunner$CommandLineProgressMonitor - 260 nuclei detected (20%)
2024-10-23 00:45:48 INFO: 00:45:48.201 [task-runner-1-19] [INFO ] q.lib.plugins.DetectionPluginTools - 235 nuclei detected (processing time: 15.35 seconds)
2024-10-23 00:45:48 INFO: 00:45:48.204 [main] [INFO ] q.l.p.CommandLineTaskRunner$CommandLineProgressMonitor - 235 nuclei detected (21%)
2024-10-23 00:45:48 INFO: 00:45:48.227 [task-runner-1-18] [INFO ] q.lib.plugins.DetectionPluginTools - 275 nuclei detected (processing time: 15.38 seconds)
2024-10-23 00:45:48 INFO: 00:45:48.228 [main] [INFO ] q.l.p.CommandLineTaskRunner$CommandLineProgressMonitor - 275 nuclei detected (21%)
2024-10-23 00:45:48 INFO: 00:45:48.240 [task-runner-1-25] [INFO ] q.lib.plugins.DetectionPluginTools - 368 nuclei detected (processing time: 15.39 seconds)
2024-10-23 00:45:48 INFO: 00:45:48.241 [main] [INFO ] q.l.p.CommandLineTaskRunner$CommandLineProgressMonitor - 368 nuclei detected (22%)
2024-10-23 00:45:48 INFO: 00:45:48.299 [task-runner-1-33] [INFO ] q.lib.plugins.DetectionPluginTools - 313 nuclei detected (processing time: 15.44 seconds)
2024-10-23 00:45:48 INFO: 00:45:48.302 [main] [INFO ] q.l.p.CommandLineTaskRunner$CommandLineProgressMonitor - 313 nuclei detected (23%)
2024-10-23 00:45:48 INFO: 00:45:48.347 [task-runner-1-50] [INFO ] q.lib.plugins.DetectionPluginTools - 472 nuclei detected (processing time: 15.49 seconds)
2024-10-23 00:45:48 INFO: 00:45:48.347 [main] [INFO ] q.l.p.CommandLineTaskRunner$CommandLineProgressMonitor - 472 nuclei detected (23%)
2024-10-23 00:45:48 INFO: 00:45:48.348 [task-runner-1-35] [INFO ] q.lib.plugins.DetectionPluginTools - 458 nuclei detected (processing time: 15.49 seconds)
2024-10-23 00:45:48 INFO: 00:45:48.351 [main] [INFO ] q.l.p.CommandLineTaskRunner$CommandLineProgressMonitor - 458 nuclei detected (24%)
2024-10-23 00:45:48 INFO: 00:45:48.607 [task-runner-1-44] [INFO ] q.lib.plugins.DetectionPluginTools - 627 nuclei detected (processing time: 15.75 seconds)
2024-10-23 00:45:48 INFO: 00:45:48.608 [main] [INFO ] q.l.p.CommandLineTaskRunner$CommandLineProgressMonitor - 627 nuclei detected (24%)
2024-10-23 00:45:48 INFO: 00:45:48.760 [task-runner-1-62] [INFO ] q.lib.plugins.DetectionPluginTools - 567 nuclei detected (processing time: 15.90 seconds)
2024-10-23 00:45:48 INFO: 00:45:48.761 [main] [INFO ] q.l.p.CommandLineTaskRunner$CommandLineProgressMonitor - 567 nuclei detected (25%)
2024-10-23 00:45:48 INFO: 00:45:48.798 [task-runner-1-61] [INFO ] q.lib.plugins.DetectionPluginTools - 578 nuclei detected (processing time: 15.94 seconds)
2024-10-23 00:45:48 INFO: 00:45:48.799 [main] [INFO ] q.l.p.CommandLineTaskRunner$CommandLineProgressMonitor - 578 nuclei detected (26%)
2024-10-23 00:45:48 INFO: 00:45:48.930 [task-runner-1-23] [INFO ] q.lib.plugins.DetectionPluginTools - 1106 nuclei detected (processing time: 16.08 seconds)
2024-10-23 00:45:48 INFO: 00:45:48.931 [main] [INFO ] q.l.p.CommandLineTaskRunner$CommandLineProgressMonitor - 1106 nuclei detected (26%)
2024-10-23 00:45:48 INFO: 00:45:48.949 [task-runner-1-24] [INFO ] q.lib.plugins.DetectionPluginTools - 1051 nuclei detected (processing time: 16.10 seconds)
2024-10-23 00:45:48 INFO: 00:45:48.950 [main] [INFO ] q.l.p.CommandLineTaskRunner$CommandLineProgressMonitor - 1051 nuclei detected (27%)
2024-10-23 00:45:49 INFO: 00:45:49.025 [task-runner-1-43] [INFO ] q.lib.plugins.DetectionPluginTools - 1222 nuclei detected (processing time: 16.17 seconds)
2024-10-23 00:45:49 INFO: 00:45:49.025 [main] [INFO ] q.l.p.CommandLineTaskRunner$CommandLineProgressMonitor - 1222 nuclei detected (28%)
2024-10-23 00:45:49 INFO: 00:45:49.213 [task-runner-1-51] [INFO ] q.lib.plugins.DetectionPluginTools - 1075 nuclei detected (processing time: 16.36 seconds)
2024-10-23 00:45:49 INFO: 00:45:49.215 [main] [INFO ] q.l.p.CommandLineTaskRunner$CommandLineProgressMonitor - 1075 nuclei detected (28%)
2024-10-23 00:45:52 INFO: 00:45:52.498 [task-runner-1-12] [INFO ] q.lib.plugins.DetectionPluginTools - 1 nucleus detected (processing time: 5.87 seconds)
2024-10-23 00:45:52 INFO: 00:45:52.499 [main] [INFO ] q.l.p.CommandLineTaskRunner$CommandLineProgressMonitor - 1 nucleus detected (29%)
2024-10-23 00:45:52 INFO: 00:45:52.628 [task-runner-1-22] [INFO ] q.lib.plugins.DetectionPluginTools - 1541 nuclei detected (processing time: 19.78 seconds)
2024-10-23 00:45:52 INFO: 00:45:52.628 [main] [INFO ] q.l.p.CommandLineTaskRunner$CommandLineProgressMonitor - 1541 nuclei detected (29%)
2024-10-23 00:45:52 INFO: 00:45:52.753 [task-runner-1-60] [INFO ] q.lib.plugins.DetectionPluginTools - 1599 nuclei detected (processing time: 19.89 seconds)
2024-10-23 00:45:52 INFO: 00:45:52.755 [main] [INFO ] q.l.p.CommandLineTaskRunner$CommandLineProgressMonitor - 1599 nuclei detected (30%)
2024-10-23 00:45:54 INFO: 00:45:54.154 [task-runner-1-45] [INFO ] q.lib.plugins.DetectionPluginTools - 0 nuclei detected (processing time: 7.17 seconds)
2024-10-23 00:45:54 INFO: 00:45:54.155 [main] [INFO ] q.l.p.CommandLineTaskRunner$CommandLineProgressMonitor - 0 nuclei detected (31%)
2024-10-23 00:45:55 INFO: 00:45:55.300 [task-runner-1-19] [INFO ] q.lib.plugins.DetectionPluginTools - 1 nucleus detected (processing time: 7.10 seconds)
2024-10-23 00:45:55 INFO: 00:45:55.316 [main] [INFO ] q.l.p.CommandLineTaskRunner$CommandLineProgressMonitor - 1 nucleus detected (31%)
2024-10-23 00:45:55 INFO: 00:45:55.542 [task-runner-1-9] [INFO ] q.lib.plugins.DetectionPluginTools - 200 nuclei detected (processing time: 8.91 seconds)
2024-10-23 00:45:55 INFO: 00:45:55.544 [main] [INFO ] q.l.p.CommandLineTaskRunner$CommandLineProgressMonitor - 200 nuclei detected (32%)
2024-10-23 00:45:55 INFO: 00:45:55.624 [task-runner-1-63] [INFO ] q.lib.plugins.DetectionPluginTools - 289 nuclei detected (processing time: 8.45 seconds)
2024-10-23 00:45:55 INFO: 00:45:55.626 [main] [INFO ] q.l.p.CommandLineTaskRunner$CommandLineProgressMonitor - 289 nuclei detected (33%)
2024-10-23 00:45:55 INFO: 00:45:55.825 [task-runner-1-34] [INFO ] q.lib.plugins.DetectionPluginTools - 184 nuclei detected (processing time: 8.76 seconds)
2024-10-23 00:45:55 INFO: 00:45:55.827 [main] [INFO ] q.l.p.CommandLineTaskRunner$CommandLineProgressMonitor - 184 nuclei detected (33%)
2024-10-23 00:45:55 INFO: 00:45:55.856 [task-runner-1-4] [INFO ] q.lib.plugins.DetectionPluginTools - 501 nuclei detected (processing time: 9.23 seconds)
2024-10-23 00:45:55 INFO: 00:45:55.858 [main] [INFO ] q.l.p.CommandLineTaskRunner$CommandLineProgressMonitor - 501 nuclei detected (34%)
2024-10-23 00:45:56 INFO: 00:45:56.573 [task-runner-1-49] [INFO ] q.lib.plugins.DetectionPluginTools - 256 nuclei detected (processing time: 8.41 seconds)
2024-10-23 00:45:56 INFO: 00:45:56.578 [main] [INFO ] q.l.p.CommandLineTaskRunner$CommandLineProgressMonitor - 256 nuclei detected (34%)
2024-10-23 00:45:56 INFO: 00:45:56.745 [task-runner-1-26] [INFO ] q.lib.plugins.DetectionPluginTools - 470 nuclei detected (processing time: 10.04 seconds)
2024-10-23 00:45:56 INFO: 00:45:56.747 [main] [INFO ] q.l.p.CommandLineTaskRunner$CommandLineProgressMonitor - 470 nuclei detected (35%)
2024-10-23 00:45:56 INFO: 00:45:56.904 [task-runner-1-36] [INFO ] q.lib.plugins.DetectionPluginTools - 2299 nuclei detected (processing time: 24.05 seconds)
2024-10-23 00:45:56 INFO: 00:45:56.905 [main] [INFO ] q.l.p.CommandLineTaskRunner$CommandLineProgressMonitor - 2299 nuclei detected (36%)
2024-10-23 00:45:56 INFO: 00:45:56.968 [task-runner-1-21] [INFO ] q.lib.plugins.DetectionPluginTools - 3853 nuclei detected (processing time: 24.12 seconds)
2024-10-23 00:45:56 INFO: 00:45:56.970 [main] [INFO ] q.l.p.CommandLineTaskRunner$CommandLineProgressMonitor - 3853 nuclei detected (36%)
2024-10-23 00:45:56 INFO: 00:45:56.981 [task-runner-1-8] [INFO ] q.lib.plugins.DetectionPluginTools - 743 nuclei detected (processing time: 10.35 seconds)
2024-10-23 00:45:56 INFO: 00:45:56.985 [main] [INFO ] q.l.p.CommandLineTaskRunner$CommandLineProgressMonitor - 743 nuclei detected (37%)
2024-10-23 00:45:57 INFO: 00:45:57.491 [task-runner-1-25] [INFO ] q.lib.plugins.DetectionPluginTools - 270 nuclei detected (processing time: 9.25 seconds)
2024-10-23 00:45:57 INFO: 00:45:57.493 [main] [INFO ] q.l.p.CommandLineTaskRunner$CommandLineProgressMonitor - 270 nuclei detected (38%)
2024-10-23 00:45:57 INFO: 00:45:57.607 [task-runner-1-18] [INFO ] q.lib.plugins.DetectionPluginTools - 214 nuclei detected (processing time: 9.38 seconds)
2024-10-23 00:45:57 INFO: 00:45:57.609 [main] [INFO ] q.l.p.CommandLineTaskRunner$CommandLineProgressMonitor - 214 nuclei detected (38%)
2024-10-23 00:45:58 INFO: 00:45:58.283 [task-runner-1-33] [INFO ] q.lib.plugins.DetectionPluginTools - 381 nuclei detected (processing time: 9.98 seconds)
2024-10-23 00:45:58 INFO: 00:45:58.287 [main] [INFO ] q.l.p.CommandLineTaskRunner$CommandLineProgressMonitor - 381 nuclei detected (39%)
2024-10-23 00:45:59 INFO: 00:45:59.189 [task-runner-1-60] [INFO ] q.lib.plugins.DetectionPluginTools - 74 nuclei detected (processing time: 6.43 seconds)
2024-10-23 00:45:59 INFO: 00:45:59.190 [main] [INFO ] q.l.p.CommandLineTaskRunner$CommandLineProgressMonitor - 74 nuclei detected (39%)
2024-10-23 00:45:59 INFO: 00:45:59.467 [task-runner-1-59] [INFO ] q.lib.plugins.DetectionPluginTools - 3022 nuclei detected (processing time: 26.61 seconds)
2024-10-23 00:45:59 INFO: 00:45:59.468 [main] [INFO ] q.l.p.CommandLineTaskRunner$CommandLineProgressMonitor - 3022 nuclei detected (40%)
2024-10-23 00:45:59 INFO: 00:45:59.945 [task-runner-1-20] [INFO ] q.lib.plugins.DetectionPluginTools - 1013 nuclei detected (processing time: 12.73 seconds)
2024-10-23 00:45:59 INFO: 00:45:59.947 [main] [INFO ] q.l.p.CommandLineTaskRunner$CommandLineProgressMonitor - 1013 nuclei detected (41%)
2024-10-23 00:46:00 INFO: 00:46:00.286 [task-runner-1-52] [INFO ] q.lib.plugins.DetectionPluginTools - 2768 nuclei detected (processing time: 27.43 seconds)
2024-10-23 00:46:00 INFO: 00:46:00.288 [main] [INFO ] q.l.p.CommandLineTaskRunner$CommandLineProgressMonitor - 2768 nuclei detected (41%)
2024-10-23 00:46:00 INFO: 00:46:00.420 [task-runner-1-45] [INFO ] q.lib.plugins.DetectionPluginTools - 0 nuclei detected (processing time: 6.26 seconds)
2024-10-23 00:46:00 INFO: 00:46:00.421 [main] [INFO ] q.l.p.CommandLineTaskRunner$CommandLineProgressMonitor - 0 nuclei detected (42%)
2024-10-23 00:46:00 INFO: 00:46:00.618 [task-runner-1-40] [INFO ] q.lib.plugins.DetectionPluginTools - 2434 nuclei detected (processing time: 27.76 seconds)
2024-10-23 00:46:00 INFO: 00:46:00.620 [main] [INFO ] q.l.p.CommandLineTaskRunner$CommandLineProgressMonitor - 2434 nuclei detected (43%)
2024-10-23 00:46:00 INFO: 00:46:00.645 [task-runner-1-28] [INFO ] q.lib.plugins.DetectionPluginTools - 1108 nuclei detected (processing time: 13.94 seconds)
2024-10-23 00:46:00 INFO: 00:46:00.648 [main] [INFO ] q.l.p.CommandLineTaskRunner$CommandLineProgressMonitor - 1108 nuclei detected (43%)
2024-10-23 00:46:01 INFO: 00:46:01.835 [task-runner-1-42] [INFO ] q.lib.plugins.DetectionPluginTools - 2895 nuclei detected (processing time: 28.98 seconds)
2024-10-23 00:46:01 INFO: 00:46:01.836 [main] [INFO ] q.l.p.CommandLineTaskRunner$CommandLineProgressMonitor - 2895 nuclei detected (44%)
2024-10-23 00:46:02 INFO: 00:46:02.052 [task-runner-1-46] [INFO ] q.lib.plugins.DetectionPluginTools - 1176 nuclei detected (processing time: 14.02 seconds)
2024-10-23 00:46:02 INFO: 00:46:02.054 [main] [INFO ] q.l.p.CommandLineTaskRunner$CommandLineProgressMonitor - 1176 nuclei detected (44%)
2024-10-23 00:46:02 INFO: 00:46:02.425 [task-runner-1-41] [INFO ] q.lib.plugins.DetectionPluginTools - 2719 nuclei detected (processing time: 29.57 seconds)
2024-10-23 00:46:02 INFO: 00:46:02.426 [main] [INFO ] q.l.p.CommandLineTaskRunner$CommandLineProgressMonitor - 2719 nuclei detected (45%)
2024-10-23 00:46:03 INFO: 00:46:03.095 [task-runner-1-58] [INFO ] q.lib.plugins.DetectionPluginTools - 2904 nuclei detected (processing time: 30.24 seconds)
2024-10-23 00:46:03 INFO: 00:46:03.098 [main] [INFO ] q.l.p.CommandLineTaskRunner$CommandLineProgressMonitor - 2904 nuclei detected (46%)
2024-10-23 00:46:03 INFO: 00:46:03.743 [task-runner-1-37] [INFO ] q.lib.plugins.DetectionPluginTools - 4606 nuclei detected (processing time: 30.89 seconds)
2024-10-23 00:46:03 INFO: 00:46:03.745 [main] [INFO ] q.l.p.CommandLineTaskRunner$CommandLineProgressMonitor - 4606 nuclei detected (46%)
2024-10-23 00:46:03 INFO: 00:46:03.790 [task-runner-1-19] [INFO ] q.lib.plugins.DetectionPluginTools - 397 nuclei detected (processing time: 8.47 seconds)
2024-10-23 00:46:03 INFO: 00:46:03.793 [main] [INFO ] q.l.p.CommandLineTaskRunner$CommandLineProgressMonitor - 397 nuclei detected (47%)
2024-10-23 00:46:05 INFO: 00:46:05.353 [task-runner-1-39] [INFO ] q.lib.plugins.DetectionPluginTools - 3205 nuclei detected (processing time: 32.50 seconds)
2024-10-23 00:46:05 INFO: 00:46:05.354 [main] [INFO ] q.l.p.CommandLineTaskRunner$CommandLineProgressMonitor - 3205 nuclei detected (48%)
2024-10-23 00:46:05 INFO: 00:46:05.445 [task-runner-1-55] [INFO ] q.lib.plugins.DetectionPluginTools - 3410 nuclei detected (processing time: 32.59 seconds)
2024-10-23 00:46:05 INFO: 00:46:05.445 [main] [INFO ] q.l.p.CommandLineTaskRunner$CommandLineProgressMonitor - 3410 nuclei detected (48%)
2024-10-23 00:46:05 INFO: 00:46:05.538 [task-runner-1-59] [INFO ] q.lib.plugins.DetectionPluginTools - 0 nuclei detected (processing time: 6.07 seconds)
2024-10-23 00:46:05 INFO: 00:46:05.538 [main] [INFO ] q.l.p.CommandLineTaskRunner$CommandLineProgressMonitor - 0 nuclei detected (49%)
2024-10-23 00:46:05 INFO: 00:46:05.577 [task-runner-1-9] [INFO ] q.lib.plugins.DetectionPluginTools - 393 nuclei detected (processing time: 10.03 seconds)
2024-10-23 00:46:05 INFO: 00:46:05.578 [main] [INFO ] q.l.p.CommandLineTaskRunner$CommandLineProgressMonitor - 393 nuclei detected (49%)
2024-10-23 00:46:05 INFO: 00:46:05.987 [task-runner-1-20] [INFO ] q.lib.plugins.DetectionPluginTools - 0 nuclei detected (processing time: 6.04 seconds)
2024-10-23 00:46:05 INFO: 00:46:05.987 [main] [INFO ] q.l.p.CommandLineTaskRunner$CommandLineProgressMonitor - 0 nuclei detected (50%)
2024-10-23 00:46:06 INFO: 00:46:06.183 [task-runner-1-57] [INFO ] q.lib.plugins.DetectionPluginTools - 3621 nuclei detected (processing time: 33.32 seconds)
2024-10-23 00:46:06 INFO: 00:46:06.183 [main] [INFO ] q.l.p.CommandLineTaskRunner$CommandLineProgressMonitor - 3621 nuclei detected (51%)
2024-10-23 00:46:06 INFO: 00:46:06.191 [task-runner-1-31] [INFO ] q.lib.plugins.DetectionPluginTools - 1767 nuclei detected (processing time: 19.52 seconds)
2024-10-23 00:46:06 INFO: 00:46:06.191 [main] [INFO ] q.l.p.CommandLineTaskRunner$CommandLineProgressMonitor - 1767 nuclei detected (51%)
2024-10-23 00:46:06 INFO: 00:46:06.911 [task-runner-1-38] [INFO ] q.lib.plugins.DetectionPluginTools - 4197 nuclei detected (processing time: 34.06 seconds)
2024-10-23 00:46:06 INFO: 00:46:06.911 [main] [INFO ] q.l.p.CommandLineTaskRunner$CommandLineProgressMonitor - 4197 nuclei detected (52%)
2024-10-23 00:46:07 INFO: 00:46:07.368 [task-runner-1-54] [INFO ] q.lib.plugins.DetectionPluginTools - 4789 nuclei detected (processing time: 34.51 seconds)
2024-10-23 00:46:07 INFO: 00:46:07.368 [main] [INFO ] q.l.p.CommandLineTaskRunner$CommandLineProgressMonitor - 4789 nuclei detected (53%)
2024-10-23 00:46:07 INFO: 00:46:07.439 [task-runner-1-28] [INFO ] q.lib.plugins.DetectionPluginTools - 5 nuclei detected (processing time: 6.79 seconds)
2024-10-23 00:46:07 INFO: 00:46:07.440 [main] [INFO ] q.l.p.CommandLineTaskRunner$CommandLineProgressMonitor - 5 nuclei detected (53%)
2024-10-23 00:46:07 INFO: 00:46:07.718 [task-runner-1-63] [INFO ] q.lib.plugins.DetectionPluginTools - 463 nuclei detected (processing time: 12.09 seconds)
2024-10-23 00:46:07 INFO: 00:46:07.718 [main] [INFO ] q.l.p.CommandLineTaskRunner$CommandLineProgressMonitor - 463 nuclei detected (54%)
2024-10-23 00:46:07 INFO: 00:46:07.816 [task-runner-1-46] [INFO ] q.lib.plugins.DetectionPluginTools - 0 nuclei detected (processing time: 5.76 seconds)
2024-10-23 00:46:07 INFO: 00:46:07.817 [main] [INFO ] q.l.p.CommandLineTaskRunner$CommandLineProgressMonitor - 0 nuclei detected (54%)
2024-10-23 00:46:07 INFO: 00:46:07.918 [task-runner-1-41] [INFO ] q.lib.plugins.DetectionPluginTools - 0 nuclei detected (processing time: 5.49 seconds)
2024-10-23 00:46:07 INFO: 00:46:07.919 [main] [INFO ] q.l.p.CommandLineTaskRunner$CommandLineProgressMonitor - 0 nuclei detected (55%)
2024-10-23 00:46:08 INFO: 00:46:08.391 [task-runner-1-42] [INFO ] q.lib.plugins.DetectionPluginTools - 10 nuclei detected (processing time: 6.56 seconds)
2024-10-23 00:46:08 INFO: 00:46:08.392 [main] [INFO ] q.l.p.CommandLineTaskRunner$CommandLineProgressMonitor - 10 nuclei detected (56%)
2024-10-23 00:46:08 INFO: 00:46:08.487 [task-runner-1-56] [INFO ] q.lib.plugins.DetectionPluginTools - 4154 nuclei detected (processing time: 35.63 seconds)
2024-10-23 00:46:08 INFO: 00:46:08.488 [main] [INFO ] q.l.p.CommandLineTaskRunner$CommandLineProgressMonitor - 4154 nuclei detected (56%)
2024-10-23 00:46:08 INFO: 00:46:08.494 [task-runner-1-45] [INFO ] q.lib.plugins.DetectionPluginTools - 96 nuclei detected (processing time: 8.07 seconds)
2024-10-23 00:46:08 INFO: 00:46:08.495 [main] [INFO ] q.l.p.CommandLineTaskRunner$CommandLineProgressMonitor - 96 nuclei detected (57%)
2024-10-23 00:46:08 INFO: 00:46:08.503 [task-runner-1-58] [INFO ] q.lib.plugins.DetectionPluginTools - 0 nuclei detected (processing time: 5.41 seconds)
2024-10-23 00:46:08 INFO: 00:46:08.503 [main] [INFO ] q.l.p.CommandLineTaskRunner$CommandLineProgressMonitor - 0 nuclei detected (57%)
2024-10-23 00:46:08 INFO: 00:46:08.528 [task-runner-1-52] [INFO ] q.lib.plugins.DetectionPluginTools - 130 nuclei detected (processing time: 8.24 seconds)
2024-10-23 00:46:08 INFO: 00:46:08.529 [main] [INFO ] q.l.p.CommandLineTaskRunner$CommandLineProgressMonitor - 130 nuclei detected (58%)
2024-10-23 00:46:09 INFO: 00:46:09.017 [task-runner-1-40] [INFO ] q.lib.plugins.DetectionPluginTools - 92 nuclei detected (processing time: 8.40 seconds)
2024-10-23 00:46:09 INFO: 00:46:09.017 [main] [INFO ] q.l.p.CommandLineTaskRunner$CommandLineProgressMonitor - 92 nuclei detected (59%)
2024-10-23 00:46:09 INFO: 00:46:09.119 [task-runner-1-37] [INFO ] q.lib.plugins.DetectionPluginTools - 23 nuclei detected (processing time: 5.37 seconds)
2024-10-23 00:46:09 INFO: 00:46:09.120 [main] [INFO ] q.l.p.CommandLineTaskRunner$CommandLineProgressMonitor - 23 nuclei detected (59%)
2024-10-23 00:46:09 INFO: 00:46:09.227 [task-runner-1-53] [INFO ] q.lib.plugins.DetectionPluginTools - 6104 nuclei detected (processing time: 36.37 seconds)
2024-10-23 00:46:09 INFO: 00:46:09.228 [main] [INFO ] q.l.p.CommandLineTaskRunner$CommandLineProgressMonitor - 6104 nuclei detected (60%)
2024-10-23 00:46:10 INFO: 00:46:10.237 [task-runner-1-9] [INFO ] q.lib.plugins.DetectionPluginTools - 0 nuclei detected (processing time: 4.66 seconds)
2024-10-23 00:46:10 INFO: 00:46:10.238 [main] [INFO ] q.l.p.CommandLineTaskRunner$CommandLineProgressMonitor - 0 nuclei detected (61%)
2024-10-23 00:46:10 INFO: 00:46:10.943 [task-runner-1-57] [INFO ] q.lib.plugins.DetectionPluginTools - 0 nuclei detected (processing time: 4.76 seconds)
2024-10-23 00:46:11 INFO: 00:46:11.076 [task-runner-1-31] [INFO ] q.lib.plugins.DetectionPluginTools - 12 nuclei detected (processing time: 4.89 seconds)
2024-10-23 00:46:11 INFO: 00:46:11.077 [main] [INFO ] q.l.p.CommandLineTaskRunner$CommandLineProgressMonitor - 12 nuclei detected (62%)
2024-10-23 00:46:11 INFO: 00:46:11.529 [task-runner-1-19] [INFO ] q.lib.plugins.DetectionPluginTools - 364 nuclei detected (processing time: 7.74 seconds)
2024-10-23 00:46:11 INFO: 00:46:11.529 [main] [INFO ] q.l.p.CommandLineTaskRunner$CommandLineProgressMonitor - 364 nuclei detected (63%)
2024-10-23 00:46:11 INFO: 00:46:11.596 [task-runner-1-20] [INFO ] q.lib.plugins.DetectionPluginTools - 0 nuclei detected (processing time: 5.61 seconds)
2024-10-23 00:46:11 INFO: 00:46:11.597 [main] [INFO ] q.l.p.CommandLineTaskRunner$CommandLineProgressMonitor - 0 nuclei detected (63%)
2024-10-23 00:46:11 INFO: 00:46:11.698 [task-runner-1-38] [INFO ] q.lib.plugins.DetectionPluginTools - 1 nucleus detected (processing time: 4.79 seconds)
2024-10-23 00:46:11 INFO: 00:46:11.699 [main] [INFO ] q.l.p.CommandLineTaskRunner$CommandLineProgressMonitor - 1 nucleus detected (64%)
2024-10-23 00:46:11 INFO: 00:46:11.768 [task-runner-1-60] [INFO ] q.lib.plugins.DetectionPluginTools - 1114 nuclei detected (processing time: 12.58 seconds)
2024-10-23 00:46:11 INFO: 00:46:11.768 [main] [INFO ] q.l.p.CommandLineTaskRunner$CommandLineProgressMonitor - 1114 nuclei detected (64%)
2024-10-23 00:46:12 INFO: 00:46:12.219 [task-runner-1-54] [INFO ] q.lib.plugins.DetectionPluginTools - 0 nuclei detected (processing time: 4.85 seconds)
2024-10-23 00:46:12 INFO: 00:46:12.219 [main] [INFO ] q.l.p.CommandLineTaskRunner$CommandLineProgressMonitor - 0 nuclei detected (65%)
2024-10-23 00:46:12 INFO: 00:46:12.335 [task-runner-1-28] [INFO ] q.lib.plugins.DetectionPluginTools - 0 nuclei detected (processing time: 4.90 seconds)
2024-10-23 00:46:12 INFO: 00:46:12.335 [main] [INFO ] q.l.p.CommandLineTaskRunner$CommandLineProgressMonitor - 0 nuclei detected (66%)
2024-10-23 00:46:12 INFO: 00:46:12.711 [task-runner-1-41] [INFO ] q.lib.plugins.DetectionPluginTools - 0 nuclei detected (processing time: 4.79 seconds)
2024-10-23 00:46:12 INFO: 00:46:12.958 [task-runner-1-63] [INFO ] q.lib.plugins.DetectionPluginTools - 2 nuclei detected (processing time: 5.24 seconds)
2024-10-23 00:46:12 INFO: 00:46:12.958 [main] [INFO ] q.l.p.CommandLineTaskRunner$CommandLineProgressMonitor - 2 nuclei detected (67%)
2024-10-23 00:46:13 INFO: 00:46:13.086 [task-runner-1-46] [INFO ] q.lib.plugins.DetectionPluginTools - 0 nuclei detected (processing time: 5.27 seconds)
2024-10-23 00:46:13 INFO: 00:46:13.086 [main] [INFO ] q.l.p.CommandLineTaskRunner$CommandLineProgressMonitor - 0 nuclei detected (68%)
2024-10-23 00:46:13 INFO: 00:46:13.088 [task-runner-1-42] [INFO ] q.lib.plugins.DetectionPluginTools - 0 nuclei detected (processing time: 4.70 seconds)
2024-10-23 00:46:13 INFO: 00:46:13.179 [task-runner-1-58] [INFO ] q.lib.plugins.DetectionPluginTools - 0 nuclei detected (processing time: 4.68 seconds)
2024-10-23 00:46:13 INFO: 00:46:13.180 [main] [INFO ] q.l.p.CommandLineTaskRunner$CommandLineProgressMonitor - 0 nuclei detected (69%)
2024-10-23 00:46:13 INFO: 00:46:13.224 [task-runner-1-52] [INFO ] q.lib.plugins.DetectionPluginTools - 0 nuclei detected (processing time: 4.70 seconds)
2024-10-23 00:46:13 INFO: 00:46:13.247 [task-runner-1-56] [INFO ] q.lib.plugins.DetectionPluginTools - 0 nuclei detected (processing time: 4.76 seconds)
2024-10-23 00:46:13 INFO: 00:46:13.247 [main] [INFO ] q.l.p.CommandLineTaskRunner$CommandLineProgressMonitor - 0 nuclei detected (70%)
2024-10-23 00:46:13 INFO: 00:46:13.354 [task-runner-1-45] [INFO ] q.lib.plugins.DetectionPluginTools - 1 nucleus detected (processing time: 4.86 seconds)
2024-10-23 00:46:13 INFO: 00:46:13.354 [main] [INFO ] q.l.p.CommandLineTaskRunner$CommandLineProgressMonitor - 1 nucleus detected (71%)
2024-10-23 00:46:13 INFO: 00:46:13.395 [task-runner-1-37] [INFO ] q.lib.plugins.DetectionPluginTools - 0 nuclei detected (processing time: 4.28 seconds)
2024-10-23 00:46:13 INFO: 00:46:13.396 [main] [INFO ] q.l.p.CommandLineTaskRunner$CommandLineProgressMonitor - 0 nuclei detected (71%)
2024-10-23 00:46:13 INFO: 00:46:13.694 [task-runner-1-40] [INFO ] q.lib.plugins.DetectionPluginTools - 0 nuclei detected (processing time: 4.68 seconds)
2024-10-23 00:46:13 INFO: 00:46:13.694 [main] [INFO ] q.l.p.CommandLineTaskRunner$CommandLineProgressMonitor - 0 nuclei detected (72%)
2024-10-23 00:46:13 INFO: 00:46:13.789 [task-runner-1-53] [INFO ] q.lib.plugins.DetectionPluginTools - 0 nuclei detected (processing time: 4.56 seconds)
2024-10-23 00:46:13 INFO: 00:46:13.790 [main] [INFO ] q.l.p.CommandLineTaskRunner$CommandLineProgressMonitor - 0 nuclei detected (73%)
2024-10-23 00:46:13 INFO: 00:46:13.990 [task-runner-1-7] [INFO ] q.lib.plugins.DetectionPluginTools - 2965 nuclei detected (processing time: 27.36 seconds)
2024-10-23 00:46:13 INFO: 00:46:13.990 [main] [INFO ] q.l.p.CommandLineTaskRunner$CommandLineProgressMonitor - 2965 nuclei detected (73%)
2024-10-23 00:46:14 INFO: 00:46:14.179 [task-runner-1-9] [INFO ] q.lib.plugins.DetectionPluginTools - 0 nuclei detected (processing time: 3.94 seconds)
2024-10-23 00:46:14 INFO: 00:46:14.179 [main] [INFO ] q.l.p.CommandLineTaskRunner$CommandLineProgressMonitor - 0 nuclei detected (74%)
2024-10-23 00:46:14 INFO: 00:46:14.695 [task-runner-1-22] [INFO ] q.lib.plugins.DetectionPluginTools - 2459 nuclei detected (processing time: 22.07 seconds)
2024-10-23 00:46:14 INFO: 00:46:14.696 [main] [INFO ] q.l.p.CommandLineTaskRunner$CommandLineProgressMonitor - 2459 nuclei detected (74%)
2024-10-23 00:46:16 INFO: 00:46:16.354 [task-runner-1-29] [INFO ] q.lib.plugins.DetectionPluginTools - 3468 nuclei detected (processing time: 29.70 seconds)
2024-10-23 00:46:16 INFO: 00:46:16.354 [main] [INFO ] q.l.p.CommandLineTaskRunner$CommandLineProgressMonitor - 3468 nuclei detected (75%)
2024-10-23 00:46:17 INFO: 00:46:17.121 [task-runner-1-39] [INFO ] q.lib.plugins.DetectionPluginTools - 1450 nuclei detected (processing time: 11.77 seconds)
2024-10-23 00:46:17 INFO: 00:46:17.122 [main] [INFO ] q.l.p.CommandLineTaskRunner$CommandLineProgressMonitor - 1450 nuclei detected (76%)
2024-10-23 00:46:17 INFO: 00:46:17.578 [task-runner-1-17] [INFO ] q.lib.plugins.DetectionPluginTools - 6559 nuclei detected (processing time: 30.95 seconds)
2024-10-23 00:46:17 INFO: 00:46:17.579 [main] [INFO ] q.l.p.CommandLineTaskRunner$CommandLineProgressMonitor - 6559 nuclei detected (76%)
2024-10-23 00:46:18 INFO: 00:46:18.102 [task-runner-1-26] [INFO ] q.lib.plugins.DetectionPluginTools - 1483 nuclei detected (processing time: 21.36 seconds)
2024-10-23 00:46:18 INFO: 00:46:18.102 [main] [INFO ] q.l.p.CommandLineTaskRunner$CommandLineProgressMonitor - 1483 nuclei detected (77%)
2024-10-23 00:46:18 INFO: 00:46:18.201 [task-runner-1-30] [INFO ] q.lib.plugins.DetectionPluginTools - 3868 nuclei detected (processing time: 31.57 seconds)
2024-10-23 00:46:18 INFO: 00:46:18.202 [main] [INFO ] q.l.p.CommandLineTaskRunner$CommandLineProgressMonitor - 3868 nuclei detected (78%)
2024-10-23 00:46:18 INFO: 00:46:18.569 [task-runner-1-13] [INFO ] q.lib.plugins.DetectionPluginTools - 3457 nuclei detected (processing time: 31.93 seconds)
2024-10-23 00:46:18 INFO: 00:46:18.569 [main] [INFO ] q.l.p.CommandLineTaskRunner$CommandLineProgressMonitor - 3457 nuclei detected (78%)
2024-10-23 00:46:19 INFO: 00:46:19.293 [task-runner-1-34] [INFO ] q.lib.plugins.DetectionPluginTools - 1224 nuclei detected (processing time: 23.47 seconds)
2024-10-23 00:46:19 INFO: 00:46:19.293 [main] [INFO ] q.l.p.CommandLineTaskRunner$CommandLineProgressMonitor - 1224 nuclei detected (79%)
2024-10-23 00:46:19 INFO: 00:46:19.388 [task-runner-1-15] [INFO ] q.lib.plugins.DetectionPluginTools - 3278 nuclei detected (processing time: 31.46 seconds)
2024-10-23 00:46:19 INFO: 00:46:19.389 [main] [INFO ] q.l.p.CommandLineTaskRunner$CommandLineProgressMonitor - 3278 nuclei detected (79%)
2024-10-23 00:46:19 INFO: 00:46:19.843 [task-runner-1-49] [INFO ] q.lib.plugins.DetectionPluginTools - 1393 nuclei detected (processing time: 23.27 seconds)
2024-10-23 00:46:19 INFO: 00:46:19.843 [main] [INFO ] q.l.p.CommandLineTaskRunner$CommandLineProgressMonitor - 1393 nuclei detected (80%)
2024-10-23 00:46:20 INFO: 00:46:20.027 [task-runner-1-3] [INFO ] q.lib.plugins.DetectionPluginTools - 4248 nuclei detected (processing time: 33.40 seconds)
2024-10-23 00:46:20 INFO: 00:46:20.027 [main] [INFO ] q.l.p.CommandLineTaskRunner$CommandLineProgressMonitor - 4248 nuclei detected (81%)
2024-10-23 00:46:20 INFO: 00:46:20.135 [task-runner-1-59] [INFO ] q.lib.plugins.DetectionPluginTools - 2680 nuclei detected (processing time: 14.60 seconds)
2024-10-23 00:46:20 INFO: 00:46:20.135 [main] [INFO ] q.l.p.CommandLineTaskRunner$CommandLineProgressMonitor - 2680 nuclei detected (81%)
2024-10-23 00:46:20 INFO: 00:46:20.247 [task-runner-1-55] [INFO ] q.lib.plugins.DetectionPluginTools - 2351 nuclei detected (processing time: 14.80 seconds)
2024-10-23 00:46:20 INFO: 00:46:20.247 [main] [INFO ] q.l.p.CommandLineTaskRunner$CommandLineProgressMonitor - 2351 nuclei detected (82%)
2024-10-23 00:46:20 INFO: 00:46:20.266 [task-runner-1-4] [INFO ] q.lib.plugins.DetectionPluginTools - 2110 nuclei detected (processing time: 24.41 seconds)
2024-10-23 00:46:20 INFO: 00:46:20.266 [main] [INFO ] q.l.p.CommandLineTaskRunner$CommandLineProgressMonitor - 2110 nuclei detected (83%)
2024-10-23 00:46:20 INFO: 00:46:20.949 [task-runner-1-2] [INFO ] q.lib.plugins.DetectionPluginTools - 4169 nuclei detected (processing time: 34.32 seconds)
2024-10-23 00:46:20 INFO: 00:46:20.950 [main] [INFO ] q.l.p.CommandLineTaskRunner$CommandLineProgressMonitor - 4169 nuclei detected (83%)
2024-10-23 00:46:20 INFO: 00:46:20.969 [task-runner-1-27] [INFO ] q.lib.plugins.DetectionPluginTools - 5377 nuclei detected (processing time: 34.34 seconds)
2024-10-23 00:46:20 INFO: 00:46:20.969 [main] [INFO ] q.l.p.CommandLineTaskRunner$CommandLineProgressMonitor - 5377 nuclei detected (84%)
2024-10-23 00:46:21 INFO: 00:46:21.300 [task-runner-1-36] [INFO ] q.lib.plugins.DetectionPluginTools - 3023 nuclei detected (processing time: 24.40 seconds)
2024-10-23 00:46:21 INFO: 00:46:21.300 [main] [INFO ] q.l.p.CommandLineTaskRunner$CommandLineProgressMonitor - 3023 nuclei detected (84%)
2024-10-23 00:46:21 INFO: 00:46:21.404 [task-runner-1-50] [INFO ] q.lib.plugins.DetectionPluginTools - 2845 nuclei detected (processing time: 33.06 seconds)
2024-10-23 00:46:21 INFO: 00:46:21.405 [main] [INFO ] q.l.p.CommandLineTaskRunner$CommandLineProgressMonitor - 2845 nuclei detected (85%)
2024-10-23 00:46:21 INFO: 00:46:21.565 [task-runner-1-6] [INFO ] q.lib.plugins.DetectionPluginTools - 3062 nuclei detected (processing time: 33.63 seconds)
2024-10-23 00:46:21 INFO: 00:46:21.566 [main] [INFO ] q.l.p.CommandLineTaskRunner$CommandLineProgressMonitor - 3062 nuclei detected (86%)
2024-10-23 00:46:21 INFO: 00:46:21.708 [task-runner-1-48] [INFO ] q.lib.plugins.DetectionPluginTools - 3552 nuclei detected (processing time: 33.78 seconds)
2024-10-23 00:46:21 INFO: 00:46:21.709 [main] [INFO ] q.l.p.CommandLineTaskRunner$CommandLineProgressMonitor - 3552 nuclei detected (86%)
2024-10-23 00:46:21 INFO: 00:46:21.765 [task-runner-1-14] [INFO ] q.lib.plugins.DetectionPluginTools - 3153 nuclei detected (processing time: 33.83 seconds)
2024-10-23 00:46:21 INFO: 00:46:21.765 [main] [INFO ] q.l.p.CommandLineTaskRunner$CommandLineProgressMonitor - 3153 nuclei detected (87%)
2024-10-23 00:46:21 INFO: 00:46:21.783 [task-runner-1-11] [INFO ] q.lib.plugins.DetectionPluginTools - 3930 nuclei detected (processing time: 33.85 seconds)
2024-10-23 00:46:21 INFO: 00:46:21.783 [main] [INFO ] q.l.p.CommandLineTaskRunner$CommandLineProgressMonitor - 3930 nuclei detected (88%)
2024-10-23 00:46:21 INFO: 00:46:21.788 [task-runner-1-47] [INFO ] q.lib.plugins.DetectionPluginTools - 3681 nuclei detected (processing time: 33.85 seconds)
2024-10-23 00:46:21 INFO: 00:46:21.789 [main] [INFO ] q.l.p.CommandLineTaskRunner$CommandLineProgressMonitor - 3681 nuclei detected (88%)
2024-10-23 00:46:21 INFO: 00:46:21.832 [task-runner-1-16] [INFO ] q.lib.plugins.DetectionPluginTools - 4144 nuclei detected (processing time: 35.20 seconds)
2024-10-23 00:46:21 INFO: 00:46:21.832 [main] [INFO ] q.l.p.CommandLineTaskRunner$CommandLineProgressMonitor - 4144 nuclei detected (89%)
2024-10-23 00:46:21 INFO: 00:46:21.873 [task-runner-1-44] [INFO ] q.lib.plugins.DetectionPluginTools - 2980 nuclei detected (processing time: 33.27 seconds)
2024-10-23 00:46:21 INFO: 00:46:21.874 [main] [INFO ] q.l.p.CommandLineTaskRunner$CommandLineProgressMonitor - 2980 nuclei detected (89%)
2024-10-23 00:46:21 INFO: 00:46:21.901 [task-runner-1-62] [INFO ] q.lib.plugins.DetectionPluginTools - 3060 nuclei detected (processing time: 33.14 seconds)
2024-10-23 00:46:21 INFO: 00:46:21.901 [main] [INFO ] q.l.p.CommandLineTaskRunner$CommandLineProgressMonitor - 3060 nuclei detected (90%)
2024-10-23 00:46:21 INFO: 00:46:21.945 [task-runner-1-35] [INFO ] q.lib.plugins.DetectionPluginTools - 3804 nuclei detected (processing time: 33.60 seconds)
2024-10-23 00:46:21 INFO: 00:46:21.946 [main] [INFO ] q.l.p.CommandLineTaskRunner$CommandLineProgressMonitor - 3804 nuclei detected (91%)
2024-10-23 00:46:21 INFO: 00:46:21.960 [task-runner-1-24] [INFO ] q.lib.plugins.DetectionPluginTools - 3757 nuclei detected (processing time: 33.01 seconds)
2024-10-23 00:46:21 INFO: 00:46:21.960 [main] [INFO ] q.l.p.CommandLineTaskRunner$CommandLineProgressMonitor - 3757 nuclei detected (91%)
2024-10-23 00:46:21 INFO: 00:46:21.971 [task-runner-1-5] [INFO ] q.lib.plugins.DetectionPluginTools - 2746 nuclei detected (processing time: 33.98 seconds)
2024-10-23 00:46:21 INFO: 00:46:21.971 [main] [INFO ] q.l.p.CommandLineTaskRunner$CommandLineProgressMonitor - 2746 nuclei detected (92%)
2024-10-23 00:46:21 INFO: 00:46:21.987 [task-runner-1-23] [INFO ] q.lib.plugins.DetectionPluginTools - 3675 nuclei detected (processing time: 33.06 seconds)
2024-10-23 00:46:21 INFO: 00:46:21.987 [main] [INFO ] q.l.p.CommandLineTaskRunner$CommandLineProgressMonitor - 3675 nuclei detected (93%)
2024-10-23 00:46:22 INFO: 00:46:22.053 [task-runner-1-21] [INFO ] q.lib.plugins.DetectionPluginTools - 3938 nuclei detected (processing time: 25.08 seconds)
2024-10-23 00:46:22 INFO: 00:46:22.053 [main] [INFO ] q.l.p.CommandLineTaskRunner$CommandLineProgressMonitor - 3938 nuclei detected (93%)
2024-10-23 00:46:22 INFO: 00:46:22.390 [task-runner-1-1] [INFO ] q.lib.plugins.DetectionPluginTools - 4168 nuclei detected (processing time: 34.46 seconds)
2024-10-23 00:46:22 INFO: 00:46:22.391 [main] [INFO ] q.l.p.CommandLineTaskRunner$CommandLineProgressMonitor - 4168 nuclei detected (94%)
2024-10-23 00:46:22 INFO: 00:46:22.527 [task-runner-1-10] [INFO ] q.lib.plugins.DetectionPluginTools - 4199 nuclei detected (processing time: 34.59 seconds)
2024-10-23 00:46:22 INFO: 00:46:22.527 [main] [INFO ] q.l.p.CommandLineTaskRunner$CommandLineProgressMonitor - 4199 nuclei detected (94%)
2024-10-23 00:46:22 INFO: 00:46:22.751 [task-runner-1-51] [INFO ] q.lib.plugins.DetectionPluginTools - 4039 nuclei detected (processing time: 33.54 seconds)
2024-10-23 00:46:22 INFO: 00:46:22.752 [main] [INFO ] q.l.p.CommandLineTaskRunner$CommandLineProgressMonitor - 4039 nuclei detected (95%)
2024-10-23 00:46:22 INFO: 00:46:22.887 [task-runner-1-43] [INFO ] q.lib.plugins.DetectionPluginTools - 4576 nuclei detected (processing time: 33.86 seconds)
2024-10-23 00:46:22 INFO: 00:46:22.888 [main] [INFO ] q.l.p.CommandLineTaskRunner$CommandLineProgressMonitor - 4576 nuclei detected (96%)
2024-10-23 00:46:22 INFO: 00:46:22.942 [task-runner-1-32] [INFO ] q.lib.plugins.DetectionPluginTools - 4481 nuclei detected (processing time: 35.01 seconds)
2024-10-23 00:46:22 INFO: 00:46:22.943 [main] [INFO ] q.l.p.CommandLineTaskRunner$CommandLineProgressMonitor - 4481 nuclei detected (96%)
2024-10-23 00:46:22 INFO: 00:46:22.972 [task-runner-1-61] [INFO ] q.lib.plugins.DetectionPluginTools - 3833 nuclei detected (processing time: 34.17 seconds)
2024-10-23 00:46:22 INFO: 00:46:22.972 [main] [INFO ] q.l.p.CommandLineTaskRunner$CommandLineProgressMonitor - 3833 nuclei detected (97%)
2024-10-23 00:46:23 INFO: 00:46:23.112 [task-runner-1-25] [INFO ] q.lib.plugins.DetectionPluginTools - 5385 nuclei detected (processing time: 25.62 seconds)
2024-10-23 00:46:23 INFO: 00:46:23.112 [main] [INFO ] q.l.p.CommandLineTaskRunner$CommandLineProgressMonitor - 5385 nuclei detected (98%)
2024-10-23 00:46:23 INFO: 00:46:23.116 [task-runner-1-12] [INFO ] q.lib.plugins.DetectionPluginTools - 5122 nuclei detected (processing time: 30.62 seconds)
2024-10-23 00:46:23 INFO: 00:46:23.116 [main] [INFO ] q.l.p.CommandLineTaskRunner$CommandLineProgressMonitor - 5122 nuclei detected (98%)
2024-10-23 00:46:23 INFO: 00:46:23.159 [task-runner-1-33] [INFO ] q.lib.plugins.DetectionPluginTools - 4644 nuclei detected (processing time: 24.87 seconds)
2024-10-23 00:46:23 INFO: 00:46:23.159 [main] [INFO ] q.l.p.CommandLineTaskRunner$CommandLineProgressMonitor - 4644 nuclei detected (99%)
2024-10-23 00:46:23 INFO: 00:46:23.359 [task-runner-1-18] [INFO ] q.lib.plugins.DetectionPluginTools - 5345 nuclei detected (processing time: 25.75 seconds)
2024-10-23 00:46:23 INFO: 00:46:23.360 [main] [INFO ] q.l.p.CommandLineTaskRunner$CommandLineProgressMonitor - 5345 nuclei detected (99%)
2024-10-23 00:46:23 INFO: 00:46:23.498 [task-runner-1-8] [INFO ] q.lib.plugins.DetectionPluginTools - 5083 nuclei detected (processing time: 26.51 seconds)
2024-10-23 00:46:23 INFO: 00:46:23.499 [main] [INFO ] q.l.p.CommandLineTaskRunner$CommandLineProgressMonitor - 5083 nuclei detected (100%)
2024-10-23 00:46:23 INFO: 00:46:23.499 [main] [INFO ] q.l.p.CommandLineTaskRunner$CommandLineProgressMonitor - Processing complete in 50.65 seconds
2024-10-23 00:46:23 INFO: 00:46:23.499 [main] [INFO ] q.l.p.CommandLineTaskRunner$CommandLineProgressMonitor - Tasks completed!
2024-10-23 00:46:34 INFO: 00:46:34.387 [main] [WARN ] q.l.p.objects.SmoothFeaturesPlugin - Smoothing using annotations
2024-10-23 00:46:37 INFO: 00:46:37.965 [main] [INFO ] q.l.p.CommandLineTaskRunner$CommandLineProgressMonitor - Completed (100%)
2024-10-23 00:46:37 INFO: 00:46:37.966 [main] [INFO ] q.l.p.CommandLineTaskRunner$CommandLineProgressMonitor - Processing complete in 3.58 seconds
2024-10-23 00:46:37 INFO: 00:46:37.966 [main] [INFO ] q.l.p.CommandLineTaskRunner$CommandLineProgressMonitor - Tasks completed!
2024-10-23 00:46:37 INFO: 00:46:37.967 [main] [WARN ] q.l.p.objects.SmoothFeaturesPlugin - Smoothing using annotations
2024-10-23 00:46:46 INFO: 00:46:46.137 [main] [INFO ] q.l.p.CommandLineTaskRunner$CommandLineProgressMonitor - Completed (100%)
2024-10-23 00:46:46 INFO: 00:46:46.137 [main] [INFO ] q.l.p.CommandLineTaskRunner$CommandLineProgressMonitor - Processing complete in 8.17 seconds
2024-10-23 00:46:46 INFO: 00:46:46.137 [main] [INFO ] q.l.p.CommandLineTaskRunner$CommandLineProgressMonitor - Tasks completed!
2024-10-23 00:46:46 INFO: 00:46:46.139 [main] [WARN ] q.l.p.objects.SmoothFeaturesPlugin - Smoothing using annotations
2024-10-23 00:47:05 INFO: 00:47:05.627 [main] [INFO ] q.l.p.CommandLineTaskRunner$CommandLineProgressMonitor - Completed (100%)
2024-10-23 00:47:05 INFO: 00:47:05.627 [main] [INFO ] q.l.p.CommandLineTaskRunner$CommandLineProgressMonitor - Processing complete in 19.49 seconds
2024-10-23 00:47:05 INFO: 00:47:05.627 [main] [INFO ] q.l.p.CommandLineTaskRunner$CommandLineProgressMonitor - Tasks completed!
2024-10-23 00:47:05 INFO: 00:47:05.833 [task-runner-5-2] [INFO ] q.l.a.IntensityFeaturesPlugin - Splitting Rectangle (0, 0, 63784, 39311) into 40 tiles for intensity measurements
2024-10-23 00:47:06 INFO: 00:47:06.064 [main] [INFO ] q.l.p.CommandLineTaskRunner$CommandLineProgressMonitor - Completed (0%)
2024-10-23 00:47:06 INFO: 00:47:06.940 [main] [INFO ] q.l.p.CommandLineTaskRunner$CommandLineProgressMonitor - Completed (1%)
2024-10-23 00:47:07 INFO: 00:47:07.150 [main] [INFO ] q.l.p.CommandLineTaskRunner$CommandLineProgressMonitor - Completed (2%)
2024-10-23 00:47:07 INFO: 00:47:07.269 [main] [INFO ] q.l.p.CommandLineTaskRunner$CommandLineProgressMonitor - Completed (3%)
2024-10-23 00:47:07 INFO: 00:47:07.397 [main] [INFO ] q.l.p.CommandLineTaskRunner$CommandLineProgressMonitor - Completed (4%)
2024-10-23 00:47:07 INFO: 00:47:07.543 [main] [INFO ] q.l.p.CommandLineTaskRunner$CommandLineProgressMonitor - Completed (5%)
2024-10-23 00:47:07 INFO: 00:47:07.653 [main] [INFO ] q.l.p.CommandLineTaskRunner$CommandLineProgressMonitor - Completed (6%)
2024-10-23 00:47:07 INFO: 00:47:07.748 [main] [INFO ] q.l.p.CommandLineTaskRunner$CommandLineProgressMonitor - Completed (7%)
2024-10-23 00:47:07 INFO: 00:47:07.865 [main] [INFO ] q.l.p.CommandLineTaskRunner$CommandLineProgressMonitor - Completed (8%)
2024-10-23 00:47:08 INFO: 00:47:08.306 [main] [INFO ] q.l.p.CommandLineTaskRunner$CommandLineProgressMonitor - Completed (9%)
2024-10-23 00:47:08 INFO: 00:47:08.408 [main] [INFO ] q.l.p.CommandLineTaskRunner$CommandLineProgressMonitor - Completed (10%)
2024-10-23 00:47:08 INFO: 00:47:08.511 [main] [INFO ] q.l.p.CommandLineTaskRunner$CommandLineProgressMonitor - Completed (11%)
2024-10-23 00:47:08 INFO: 00:47:08.620 [main] [INFO ] q.l.p.CommandLineTaskRunner$CommandLineProgressMonitor - Completed (12%)
2024-10-23 00:47:08 INFO: 00:47:08.721 [main] [INFO ] q.l.p.CommandLineTaskRunner$CommandLineProgressMonitor - Completed (13%)
2024-10-23 00:47:08 INFO: 00:47:08.826 [main] [INFO ] q.l.p.CommandLineTaskRunner$CommandLineProgressMonitor - Completed (14%)
2024-10-23 00:47:08 INFO: 00:47:08.933 [main] [INFO ] q.l.p.CommandLineTaskRunner$CommandLineProgressMonitor - Completed (15%)
2024-10-23 00:47:09 INFO: 00:47:09.088 [main] [INFO ] q.l.p.CommandLineTaskRunner$CommandLineProgressMonitor - Completed (16%)
2024-10-23 00:47:09 INFO: 00:47:09.539 [main] [INFO ] q.l.p.CommandLineTaskRunner$CommandLineProgressMonitor - Completed (17%)
2024-10-23 00:47:09 INFO: 00:47:09.644 [main] [INFO ] q.l.p.CommandLineTaskRunner$CommandLineProgressMonitor - Completed (18%)
2024-10-23 00:47:09 INFO: 00:47:09.741 [main] [INFO ] q.l.p.CommandLineTaskRunner$CommandLineProgressMonitor - Completed (19%)
2024-10-23 00:47:09 INFO: 00:47:09.834 [main] [INFO ] q.l.p.CommandLineTaskRunner$CommandLineProgressMonitor - Completed (20%)
2024-10-23 00:47:09 INFO: 00:47:09.936 [main] [INFO ] q.l.p.CommandLineTaskRunner$CommandLineProgressMonitor - Completed (21%)
2024-10-23 00:47:10 INFO: 00:47:10.030 [main] [INFO ] q.l.p.CommandLineTaskRunner$CommandLineProgressMonitor - Completed (22%)
2024-10-23 00:47:10 INFO: 00:47:10.131 [main] [INFO ] q.l.p.CommandLineTaskRunner$CommandLineProgressMonitor - Completed (23%)
2024-10-23 00:47:10 INFO: 00:47:10.233 [main] [INFO ] q.l.p.CommandLineTaskRunner$CommandLineProgressMonitor - Completed (24%)
2024-10-23 00:47:10 INFO: 00:47:10.331 [main] [INFO ] q.l.p.CommandLineTaskRunner$CommandLineProgressMonitor - Completed (25%)
2024-10-23 00:47:10 INFO: 00:47:10.732 [main] [INFO ] q.l.p.CommandLineTaskRunner$CommandLineProgressMonitor - Completed (26%)
2024-10-23 00:47:11 INFO: 00:47:11.055 [main] [INFO ] q.l.p.CommandLineTaskRunner$CommandLineProgressMonitor - Completed (27%)
2024-10-23 00:47:11 INFO: 00:47:11.158 [main] [INFO ] q.l.p.CommandLineTaskRunner$CommandLineProgressMonitor - Completed (28%)
2024-10-23 00:47:11 INFO: 00:47:11.258 [main] [INFO ] q.l.p.CommandLineTaskRunner$CommandLineProgressMonitor - Completed (29%)
2024-10-23 00:47:11 INFO: 00:47:11.376 [main] [INFO ] q.l.p.CommandLineTaskRunner$CommandLineProgressMonitor - Completed (30%)
2024-10-23 00:47:11 INFO: 00:47:11.538 [main] [INFO ] q.l.p.CommandLineTaskRunner$CommandLineProgressMonitor - Completed (31%)
2024-10-23 00:47:11 INFO: 00:47:11.647 [main] [INFO ] q.l.p.CommandLineTaskRunner$CommandLineProgressMonitor - Completed (32%)
2024-10-23 00:47:11 INFO: 00:47:11.743 [main] [INFO ] q.l.p.CommandLineTaskRunner$CommandLineProgressMonitor - Completed (33%)
2024-10-23 00:47:12 INFO: 00:47:12.128 [main] [INFO ] q.l.p.CommandLineTaskRunner$CommandLineProgressMonitor - Completed (34%)
2024-10-23 00:47:12 INFO: 00:47:12.223 [main] [INFO ] q.l.p.CommandLineTaskRunner$CommandLineProgressMonitor - Completed (35%)
2024-10-23 00:47:12 INFO: 00:47:12.316 [main] [INFO ] q.l.p.CommandLineTaskRunner$CommandLineProgressMonitor - Completed (36%)
2024-10-23 00:47:12 INFO: 00:47:12.412 [main] [INFO ] q.l.p.CommandLineTaskRunner$CommandLineProgressMonitor - Completed (37%)
2024-10-23 00:47:12 INFO: 00:47:12.509 [main] [INFO ] q.l.p.CommandLineTaskRunner$CommandLineProgressMonitor - Completed (38%)
2024-10-23 00:47:12 INFO: 00:47:12.608 [main] [INFO ] q.l.p.CommandLineTaskRunner$CommandLineProgressMonitor - Completed (39%)
2024-10-23 00:47:12 INFO: 00:47:12.706 [main] [INFO ] q.l.p.CommandLineTaskRunner$CommandLineProgressMonitor - Completed (40%)
2024-10-23 00:47:12 INFO: 00:47:12.803 [main] [INFO ] q.l.p.CommandLineTaskRunner$CommandLineProgressMonitor - Completed (41%)
2024-10-23 00:47:13 INFO: 00:47:13.164 [main] [INFO ] q.l.p.CommandLineTaskRunner$CommandLineProgressMonitor - Completed (42%)
2024-10-23 00:47:13 INFO: 00:47:13.275 [main] [INFO ] q.l.p.CommandLineTaskRunner$CommandLineProgressMonitor - Completed (43%)
2024-10-23 00:47:13 INFO: 00:47:13.376 [main] [INFO ] q.l.p.CommandLineTaskRunner$CommandLineProgressMonitor - Completed (44%)
2024-10-23 00:47:13 INFO: 00:47:13.472 [main] [INFO ] q.l.p.CommandLineTaskRunner$CommandLineProgressMonitor - Completed (45%)
2024-10-23 00:47:13 INFO: 00:47:13.577 [main] [INFO ] q.l.p.CommandLineTaskRunner$CommandLineProgressMonitor - Completed (46%)
2024-10-23 00:47:13 INFO: 00:47:13.678 [main] [INFO ] q.l.p.CommandLineTaskRunner$CommandLineProgressMonitor - Completed (47%)
2024-10-23 00:47:13 INFO: 00:47:13.793 [main] [INFO ] q.l.p.CommandLineTaskRunner$CommandLineProgressMonitor - Completed (48%)
2024-10-23 00:47:13 INFO: 00:47:13.922 [main] [INFO ] q.l.p.CommandLineTaskRunner$CommandLineProgressMonitor - Completed (49%)
2024-10-23 00:47:14 INFO: 00:47:14.030 [main] [INFO ] q.l.p.CommandLineTaskRunner$CommandLineProgressMonitor - Completed (50%)
2024-10-23 00:47:14 INFO: 00:47:14.127 [main] [INFO ] q.l.p.CommandLineTaskRunner$CommandLineProgressMonitor - Completed (51%)
2024-10-23 00:47:14 INFO: 00:47:14.230 [main] [INFO ] q.l.p.CommandLineTaskRunner$CommandLineProgressMonitor - Completed (52%)
2024-10-23 00:47:14 INFO: 00:47:14.327 [main] [INFO ] q.l.p.CommandLineTaskRunner$CommandLineProgressMonitor - Completed (53%)
2024-10-23 00:47:14 INFO: 00:47:14.433 [main] [INFO ] q.l.p.CommandLineTaskRunner$CommandLineProgressMonitor - Completed (54%)
2024-10-23 00:47:14 INFO: 00:47:14.567 [main] [INFO ] q.l.p.CommandLineTaskRunner$CommandLineProgressMonitor - Completed (55%)
2024-10-23 00:47:14 INFO: 00:47:14.715 [main] [INFO ] q.l.p.CommandLineTaskRunner$CommandLineProgressMonitor - Completed (56%)
2024-10-23 00:47:15 INFO: 00:47:15.021 [main] [INFO ] q.l.p.CommandLineTaskRunner$CommandLineProgressMonitor - Completed (57%)
2024-10-23 00:47:15 INFO: 00:47:15.120 [main] [INFO ] q.l.p.CommandLineTaskRunner$CommandLineProgressMonitor - Completed (58%)
2024-10-23 00:47:15 INFO: 00:47:15.219 [main] [INFO ] q.l.p.CommandLineTaskRunner$CommandLineProgressMonitor - Completed (59%)
2024-10-23 00:47:15 INFO: 00:47:15.322 [main] [INFO ] q.l.p.CommandLineTaskRunner$CommandLineProgressMonitor - Completed (60%)
2024-10-23 00:47:15 INFO: 00:47:15.425 [main] [INFO ] q.l.p.CommandLineTaskRunner$CommandLineProgressMonitor - Completed (61%)
2024-10-23 00:47:15 INFO: 00:47:15.521 [main] [INFO ] q.l.p.CommandLineTaskRunner$CommandLineProgressMonitor - Completed (62%)
2024-10-23 00:47:15 INFO: 00:47:15.625 [main] [INFO ] q.l.p.CommandLineTaskRunner$CommandLineProgressMonitor - Completed (63%)
2024-10-23 00:47:15 INFO: 00:47:15.727 [main] [INFO ] q.l.p.CommandLineTaskRunner$CommandLineProgressMonitor - Completed (64%)
2024-10-23 00:47:15 INFO: 00:47:15.845 [main] [INFO ] q.l.p.CommandLineTaskRunner$CommandLineProgressMonitor - Completed (65%)
2024-10-23 00:47:15 INFO: 00:47:15.967 [main] [INFO ] q.l.p.CommandLineTaskRunner$CommandLineProgressMonitor - Completed (66%)
2024-10-23 00:47:16 INFO: 00:47:16.114 [main] [INFO ] q.l.p.CommandLineTaskRunner$CommandLineProgressMonitor - Completed (67%)
2024-10-23 00:47:16 INFO: 00:47:16.257 [main] [INFO ] q.l.p.CommandLineTaskRunner$CommandLineProgressMonitor - Completed (68%)
2024-10-23 00:47:16 INFO: 00:47:16.408 [main] [INFO ] q.l.p.CommandLineTaskRunner$CommandLineProgressMonitor - Completed (69%)
2024-10-23 00:47:16 INFO: 00:47:16.553 [main] [INFO ] q.l.p.CommandLineTaskRunner$CommandLineProgressMonitor - Completed (70%)
2024-10-23 00:47:16 INFO: 00:47:16.652 [main] [INFO ] q.l.p.CommandLineTaskRunner$CommandLineProgressMonitor - Completed (71%)
2024-10-23 00:47:16 INFO: 00:47:16.896 [main] [INFO ] q.l.p.CommandLineTaskRunner$CommandLineProgressMonitor - Completed (72%)
2024-10-23 00:47:16 INFO: 00:47:16.997 [main] [INFO ] q.l.p.CommandLineTaskRunner$CommandLineProgressMonitor - Completed (73%)
2024-10-23 00:47:17 INFO: 00:47:17.100 [main] [INFO ] q.l.p.CommandLineTaskRunner$CommandLineProgressMonitor - Completed (74%)
2024-10-23 00:47:17 INFO: 00:47:17.197 [main] [INFO ] q.l.p.CommandLineTaskRunner$CommandLineProgressMonitor - Completed (75%)
2024-10-23 00:47:17 INFO: 00:47:17.300 [main] [INFO ] q.l.p.CommandLineTaskRunner$CommandLineProgressMonitor - Completed (76%)
2024-10-23 00:47:17 INFO: 00:47:17.395 [main] [INFO ] q.l.p.CommandLineTaskRunner$CommandLineProgressMonitor - Completed (77%)
2024-10-23 00:47:17 INFO: 00:47:17.493 [main] [INFO ] q.l.p.CommandLineTaskRunner$CommandLineProgressMonitor - Completed (78%)
2024-10-23 00:47:17 INFO: 00:47:17.640 [main] [INFO ] q.l.p.CommandLineTaskRunner$CommandLineProgressMonitor - Completed (79%)
2024-10-23 00:47:17 INFO: 00:47:17.788 [main] [INFO ] q.l.p.CommandLineTaskRunner$CommandLineProgressMonitor - Completed (80%)
2024-10-23 00:47:17 INFO: 00:47:17.944 [main] [INFO ] q.l.p.CommandLineTaskRunner$CommandLineProgressMonitor - Completed (81%)
2024-10-23 00:47:18 INFO: 00:47:18.058 [main] [INFO ] q.l.p.CommandLineTaskRunner$CommandLineProgressMonitor - Completed (82%)
2024-10-23 00:47:18 INFO: 00:47:18.197 [main] [INFO ] q.l.p.CommandLineTaskRunner$CommandLineProgressMonitor - Completed (83%)
2024-10-23 00:47:18 INFO: 00:47:18.309 [main] [INFO ] q.l.p.CommandLineTaskRunner$CommandLineProgressMonitor - Completed (84%)
2024-10-23 00:47:18 INFO: 00:47:18.410 [main] [INFO ] q.l.p.CommandLineTaskRunner$CommandLineProgressMonitor - Completed (85%)
2024-10-23 00:47:18 INFO: 00:47:18.517 [main] [INFO ] q.l.p.CommandLineTaskRunner$CommandLineProgressMonitor - Completed (86%)
2024-10-23 00:47:18 INFO: 00:47:18.617 [main] [INFO ] q.l.p.CommandLineTaskRunner$CommandLineProgressMonitor - Completed (87%)
2024-10-23 00:47:18 INFO: 00:47:18.739 [main] [INFO ] q.l.p.CommandLineTaskRunner$CommandLineProgressMonitor - Completed (88%)
2024-10-23 00:47:18 INFO: 00:47:18.850 [main] [INFO ] q.l.p.CommandLineTaskRunner$CommandLineProgressMonitor - Completed (89%)
2024-10-23 00:47:19 INFO: 00:47:19.005 [main] [INFO ] q.l.p.CommandLineTaskRunner$CommandLineProgressMonitor - Completed (90%)
2024-10-23 00:47:19 INFO: 00:47:19.158 [main] [INFO ] q.l.p.CommandLineTaskRunner$CommandLineProgressMonitor - Completed (91%)
2024-10-23 00:47:19 INFO: 00:47:19.311 [main] [INFO ] q.l.p.CommandLineTaskRunner$CommandLineProgressMonitor - Completed (92%)
2024-10-23 00:47:19 INFO: 00:47:19.459 [main] [INFO ] q.l.p.CommandLineTaskRunner$CommandLineProgressMonitor - Completed (93%)
2024-10-23 00:47:19 INFO: 00:47:19.618 [main] [INFO ] q.l.p.CommandLineTaskRunner$CommandLineProgressMonitor - Completed (94%)
2024-10-23 00:47:19 INFO: 00:47:19.776 [main] [INFO ] q.l.p.CommandLineTaskRunner$CommandLineProgressMonitor - Completed (95%)
2024-10-23 00:47:20 INFO: 00:47:20.027 [main] [INFO ] q.l.p.CommandLineTaskRunner$CommandLineProgressMonitor - Completed (96%)
2024-10-23 00:47:20 INFO: 00:47:20.187 [main] [INFO ] q.l.p.CommandLineTaskRunner$CommandLineProgressMonitor - Completed (97%)
2024-10-23 00:47:20 INFO: 00:47:20.370 [main] [INFO ] q.l.p.CommandLineTaskRunner$CommandLineProgressMonitor - Completed (98%)
2024-10-23 00:47:20 INFO: 00:47:20.532 [main] [INFO ] q.l.p.CommandLineTaskRunner$CommandLineProgressMonitor - Completed (99%)
2024-10-23 00:47:20 INFO: 00:47:20.693 [main] [INFO ] q.l.p.CommandLineTaskRunner$CommandLineProgressMonitor - Completed (100%)
2024-10-23 00:48:19 INFO: 00:48:19.520 [main] [INFO ] q.l.p.CommandLineTaskRunner$CommandLineProgressMonitor - Completed (100%)
2024-10-23 00:48:19 INFO: 00:48:19.522 [main] [INFO ] q.l.p.CommandLineTaskRunner$CommandLineProgressMonitor - Processing complete in 73.70 seconds
2024-10-23 00:48:19 INFO: 00:48:19.523 [main] [INFO ] q.l.p.CommandLineTaskRunner$CommandLineProgressMonitor - Tasks completed!
2024-10-23 00:50:24 INFO: 00:50:24.979 [task-runner-6-1] [WARN ] q.o.features.DelaunayTriangulation - Some objects have missing measurements! Statistics will calculated only for objects with measurements available.
2024-10-23 00:50:24 INFO: 00:50:24.980 [task-runner-6-1] [WARN ] q.o.features.DelaunayTriangulation - Missing measurements: [ROI: 1.00 m per pixel: Residual: Haralick Correlation (F2), ROI: 1.00 m per pixel: Residual: Haralick Information measure of correlation 1 (F11), ROI: 1.00 m per pixel: OD Sum: Haralick Correlation (F2), ROI: 1.00 m per pixel: OD Sum: Haralick Information measure of correlation 1 (F11), ROI: 1.00 m per pixel: Green: Haralick Correlation (F2), ROI: 1.00 m per pixel: Green: Haralick Information measure of correlation 1 (F11)]
2024-10-23 00:50:25 INFO: 00:50:25.046 [main] [INFO ] q.l.p.CommandLineTaskRunner$CommandLineProgressMonitor - Delaunay triangulation calculated for Annotation (207985 objects) (100%)
2024-10-23 00:50:25 INFO: 00:50:25.047 [main] [INFO ] q.l.p.CommandLineTaskRunner$CommandLineProgressMonitor - Processing complete in 125.47 seconds
2024-10-23 00:50:25 INFO: 00:50:25.047 [main] [INFO ] q.l.p.CommandLineTaskRunner$CommandLineProgressMonitor - Tasks completed!
2024-10-23 00:52:45 INFO: TCGA-GI-A2C8-01Z-00-DX1.09BD8AC9-645A-4C8B-9B36-77D833BDBA09
2024-10-23 00:52:45 INFO: QuPath subprocess completed.
2024-10-23 00:52:56 INFO: QuPath image extraction completed successfully. Output directory: /home/ilants/Documents/jupyter_test/single_image_multiple_params/exp_sigmaMicrons_0.5
2024-10-23 00:52:56 INFO: Summary table saved to: /home/ilants/Documents/jupyter_test/single_image_multiple_params/exp_sigmaMicrons_0.5/Summary_Table.csv
2024-10-23 00:52:56 INFO: Experiment completed successfully.
