2024-10-22 21:44:05 INFO: Starting experiment with for threshold with value of 0.005
2024-10-22 21:44:05 INFO: Running with the following configuration:
{'detectionImageBrightfield': 'Hematoxylin OD', 'requestedPixelSizeMicrons': 0.5, 'backgroundRadiusMicrons': 4.0, 'backgroundByReconstruction': True, 'medianRadiusMicrons': 0.0, 'sigmaMicrons': 1.5, 'minAreaMicrons': 10.0, 'maxAreaMicrons': 80.0, 'threshold': 0.005, 'maxBackground': 2.0, 'watershedPostProcess': True, 'cellExpansionMicrons': 5.0, 'includeNuclei': True, 'smoothBoundaries': True, 'makeMeasurements': True, 'backgroundRadiusPixel': 8.0, 'cellExpansionPixel': 10.0, 'medianRadiusPixel': 0.0, 'minAreaPixel': 20.0, 'maxAreaPixel': 160.0}
2024-10-22 21:44:05 INFO: Starting QuPath image extraction with the following parameters: image_dir=/home/ilants/Documents/jupyter_test, output_dir=/home/ilants/Documents/jupyter_test/single_image_multiple_params/exp_threshold_0.005, image_type=svs, groovy_script=/home/ilants/Documents/utls/nucleus_detection_wargs.groovy, config_file=/home/ilants/Documents/jupyter_test/single_image_multiple_params/exp_threshold_0.005/cfg.json, program_path=/home/ilants/Documents/QuPath-v0.5.1-Linux/QuPath/bin/QuPath
2024-10-22 21:44:06 INFO: 21:44:06.277 [main] [INFO ] qupath.lib.gui.prefs.PathPrefs - Setting default Locale to en_US
2024-10-22 21:44:06 INFO: 21:44:06.280 [main] [INFO ] qupath.lib.gui.prefs.PathPrefs - Setting Locale for FORMAT to en_US
2024-10-22 21:44:06 INFO: 21:44:06.280 [main] [INFO ] qupath.lib.gui.prefs.PathPrefs - Setting Locale for DISPLAY to en_US
2024-10-22 21:44:06 INFO: 21:44:06.294 [main] [INFO ] qupath.lib.common.ThreadTools - Setting parallelism to 63
2024-10-22 21:44:06 INFO: 21:44:06.313 [main] [INFO ] qupath.ScriptCommand - Setting tile cache size to 32200.00 MB (25.0% max memory)
2024-10-22 21:44:06 INFO: 21:44:06.361 [main] [INFO ] qupath.lib.scripting.QP - Initializing type adapters
2024-10-22 21:44:06 INFO: Warning: Versions of org.bytedeco:javacpp:1.5.9 and org.bytedeco:opencv:4.6.0-1.5.8 do not match.
2024-10-22 21:44:06 INFO: Warning: Versions of org.bytedeco:javacpp:1.5.9 and org.bytedeco:openblas:0.3.21-1.5.8 do not match.
2024-10-22 21:44:08 INFO: project parameters are: {"detectionImageBrightfield": "Hematoxylin OD","requestedPixelSizeMicrons": 0.5,"backgroundRadiusMicrons": 4.0,"backgroundByReconstruction": true,"medianRadiusMicrons": 0.0,"sigmaMicrons": 1.5,"minAreaMicrons": 10.0,"maxAreaMicrons": 80.0,"threshold": 0.005,"maxBackground": 2.0,"watershedPostProcess": true,"cellExpansionMicrons": 5.0,"includeNuclei": true,"smoothBoundaries": true,"makeMeasurements": true,"backgroundRadiusPixel": 8.0,"cellExpansionPixel": 10.0,"medianRadiusPixel": 0.0,"minAreaPixel": 20.0,"maxAreaPixel": 160.0}
2024-10-22 21:44:08 INFO: New project created at: /home/ilants/Documents/jupyter_test/single_image_multiple_params/exp_threshold_0.005/QPProject
2024-10-22 21:44:08 INFO: Added: /home/ilants/Documents/jupyter_test/TCGA-GI-A2C8-01Z-00-DX1.09BD8AC9-645A-4C8B-9B36-77D833BDBA09.svs
2024-10-22 21:44:08 INFO: /home/ilants/Documents/jupyter_test/TCGA-GI-A2C8-01Z-00-DX1.09BD8AC9-645A-4C8B-9B36-77D833BDBA09.svs
2024-10-22 21:44:08 INFO: 21:44:08.394 [main] [INFO ] q.l.i.s.b.BioFormatsServerOptions - Setting max Bio-Formats readers to 32
2024-10-22 21:44:08 INFO: UriImageSupport (class qupath.lib.images.servers.bioformats.BioFormatsServerBuilder) support=3.0, builders=1
2024-10-22 21:44:08 INFO: true
2024-10-22 21:44:09 INFO: 21:44:09.070 [main] [WARN ] qupath.lib.scripting.QP - createSelectAllObject(boolean) is deprecated, use createFullImageAnnotation(boolean) instead
2024-10-22 21:44:09 INFO: 21:44:09.070 [main] [WARN ] qupath.lib.scripting.QP - createSelectAllObject(boolean, int, int) is deprecated, use createFullImageAnnotation(boolean, int, int) instead
2024-10-22 21:44:09 INFO: 21:44:09.082 [main] [WARN ] q.l.plugins.parameters.ParameterList - Unable to set parameter backgroundRadiusPixel with value 8.0
2024-10-22 21:44:09 INFO: 21:44:09.082 [main] [WARN ] q.l.plugins.parameters.ParameterList - Unable to set parameter cellExpansionPixel with value 10.0
2024-10-22 21:44:09 INFO: 21:44:09.082 [main] [WARN ] q.l.plugins.parameters.ParameterList - Unable to set parameter medianRadiusPixel with value 0.0
2024-10-22 21:44:09 INFO: 21:44:09.082 [main] [WARN ] q.l.plugins.parameters.ParameterList - Unable to set parameter minAreaPixel with value 20.0
2024-10-22 21:44:09 INFO: 21:44:09.082 [main] [WARN ] q.l.plugins.parameters.ParameterList - Unable to set parameter maxAreaPixel with value 160.0
2024-10-22 21:44:23 INFO: 21:44:23.569 [task-runner-1-32] [INFO ] q.lib.plugins.DetectionPluginTools - 11 nuclei detected (processing time: 14.35 seconds)
2024-10-22 21:44:23 INFO: 21:44:23.571 [main] [INFO ] q.l.p.CommandLineTaskRunner$CommandLineProgressMonitor - 11 nuclei detected (1%)
2024-10-22 21:44:23 INFO: 21:44:23.574 [task-runner-1-48] [INFO ] q.lib.plugins.DetectionPluginTools - 21 nuclei detected (processing time: 14.35 seconds)
2024-10-22 21:44:23 INFO: 21:44:23.575 [main] [INFO ] q.l.p.CommandLineTaskRunner$CommandLineProgressMonitor - 21 nuclei detected (1%)
2024-10-22 21:44:23 INFO: 21:44:23.581 [task-runner-1-27] [INFO ] q.lib.plugins.DetectionPluginTools - 20 nuclei detected (processing time: 14.36 seconds)
2024-10-22 21:44:23 INFO: 21:44:23.582 [main] [INFO ] q.l.p.CommandLineTaskRunner$CommandLineProgressMonitor - 20 nuclei detected (2%)
2024-10-22 21:44:23 INFO: 21:44:23.582 [task-runner-1-12] [INFO ] q.lib.plugins.DetectionPluginTools - 18 nuclei detected (processing time: 14.36 seconds)
2024-10-22 21:44:23 INFO: 21:44:23.582 [main] [INFO ] q.l.p.CommandLineTaskRunner$CommandLineProgressMonitor - 18 nuclei detected (3%)
2024-10-22 21:44:23 INFO: 21:44:23.591 [task-runner-1-30] [INFO ] q.lib.plugins.DetectionPluginTools - 19 nuclei detected (processing time: 14.37 seconds)
2024-10-22 21:44:23 INFO: 21:44:23.592 [task-runner-1-16] [INFO ] q.lib.plugins.DetectionPluginTools - 24 nuclei detected (processing time: 14.37 seconds)
2024-10-22 21:44:23 INFO: 21:44:23.593 [main] [INFO ] q.l.p.CommandLineTaskRunner$CommandLineProgressMonitor - 19 nuclei detected (3%)
2024-10-22 21:44:23 INFO: 21:44:23.593 [task-runner-1-10] [INFO ] q.lib.plugins.DetectionPluginTools - 24 nuclei detected (processing time: 14.37 seconds)
2024-10-22 21:44:23 INFO: 21:44:23.593 [main] [INFO ] q.l.p.CommandLineTaskRunner$CommandLineProgressMonitor - 24 nuclei detected (4%)
2024-10-22 21:44:23 INFO: 21:44:23.596 [task-runner-1-8] [INFO ] q.lib.plugins.DetectionPluginTools - 29 nuclei detected (processing time: 14.38 seconds)
2024-10-22 21:44:23 INFO: 21:44:23.597 [main] [INFO ] q.l.p.CommandLineTaskRunner$CommandLineProgressMonitor - 29 nuclei detected (5%)
2024-10-22 21:44:23 INFO: 21:44:23.603 [task-runner-1-3] [INFO ] q.lib.plugins.DetectionPluginTools - 25 nuclei detected (processing time: 14.39 seconds)
2024-10-22 21:44:23 INFO: 21:44:23.603 [main] [INFO ] q.l.p.CommandLineTaskRunner$CommandLineProgressMonitor - 25 nuclei detected (6%)
2024-10-22 21:44:23 INFO: 21:44:23.604 [task-runner-1-9] [INFO ] q.lib.plugins.DetectionPluginTools - 27 nuclei detected (processing time: 14.39 seconds)
2024-10-22 21:44:23 INFO: 21:44:23.605 [main] [INFO ] q.l.p.CommandLineTaskRunner$CommandLineProgressMonitor - 27 nuclei detected (6%)
2024-10-22 21:44:23 INFO: 21:44:23.608 [task-runner-1-14] [INFO ] q.lib.plugins.DetectionPluginTools - 31 nuclei detected (processing time: 14.39 seconds)
2024-10-22 21:44:23 INFO: 21:44:23.608 [main] [INFO ] q.l.p.CommandLineTaskRunner$CommandLineProgressMonitor - 31 nuclei detected (7%)
2024-10-22 21:44:23 INFO: 21:44:23.613 [task-runner-1-1] [INFO ] q.lib.plugins.DetectionPluginTools - 43 nuclei detected (processing time: 14.40 seconds)
2024-10-22 21:44:23 INFO: 21:44:23.614 [main] [INFO ] q.l.p.CommandLineTaskRunner$CommandLineProgressMonitor - 43 nuclei detected (8%)
2024-10-22 21:44:23 INFO: 21:44:23.617 [task-runner-1-47] [INFO ] q.lib.plugins.DetectionPluginTools - 33 nuclei detected (processing time: 14.39 seconds)
2024-10-22 21:44:23 INFO: 21:44:23.618 [main] [INFO ] q.l.p.CommandLineTaskRunner$CommandLineProgressMonitor - 33 nuclei detected (8%)
2024-10-22 21:44:23 INFO: 21:44:23.618 [task-runner-1-17] [INFO ] q.lib.plugins.DetectionPluginTools - 40 nuclei detected (processing time: 14.40 seconds)
2024-10-22 21:44:23 INFO: 21:44:23.618 [main] [INFO ] q.l.p.CommandLineTaskRunner$CommandLineProgressMonitor - 40 nuclei detected (9%)
2024-10-22 21:44:23 INFO: 21:44:23.620 [task-runner-1-4] [INFO ] q.lib.plugins.DetectionPluginTools - 38 nuclei detected (processing time: 14.40 seconds)
2024-10-22 21:44:23 INFO: 21:44:23.620 [task-runner-1-29] [INFO ] q.lib.plugins.DetectionPluginTools - 39 nuclei detected (processing time: 14.40 seconds)
2024-10-22 21:44:23 INFO: 21:44:23.621 [main] [INFO ] q.l.p.CommandLineTaskRunner$CommandLineProgressMonitor - 38 nuclei detected (9%)
2024-10-22 21:44:23 INFO: 21:44:23.621 [main] [INFO ] q.l.p.CommandLineTaskRunner$CommandLineProgressMonitor - 39 nuclei detected (10%)
2024-10-22 21:44:23 INFO: 21:44:23.621 [task-runner-1-7] [INFO ] q.lib.plugins.DetectionPluginTools - 42 nuclei detected (processing time: 14.40 seconds)
2024-10-22 21:44:23 INFO: 21:44:23.621 [main] [INFO ] q.l.p.CommandLineTaskRunner$CommandLineProgressMonitor - 42 nuclei detected (11%)
2024-10-22 21:44:23 INFO: 21:44:23.626 [task-runner-1-13] [INFO ] q.lib.plugins.DetectionPluginTools - 53 nuclei detected (processing time: 14.41 seconds)
2024-10-22 21:44:23 INFO: 21:44:23.626 [main] [INFO ] q.l.p.CommandLineTaskRunner$CommandLineProgressMonitor - 53 nuclei detected (11%)
2024-10-22 21:44:23 INFO: 21:44:23.627 [task-runner-1-15] [INFO ] q.lib.plugins.DetectionPluginTools - 39 nuclei detected (processing time: 14.41 seconds)
2024-10-22 21:44:23 INFO: 21:44:23.627 [main] [INFO ] q.l.p.CommandLineTaskRunner$CommandLineProgressMonitor - 39 nuclei detected (12%)
2024-10-22 21:44:23 INFO: 21:44:23.631 [task-runner-1-2] [INFO ] q.lib.plugins.DetectionPluginTools - 42 nuclei detected (processing time: 14.41 seconds)
2024-10-22 21:44:23 INFO: 21:44:23.632 [main] [INFO ] q.l.p.CommandLineTaskRunner$CommandLineProgressMonitor - 42 nuclei detected (13%)
2024-10-22 21:44:23 INFO: 21:44:23.644 [task-runner-1-31] [INFO ] q.lib.plugins.DetectionPluginTools - 41 nuclei detected (processing time: 14.42 seconds)
2024-10-22 21:44:23 INFO: 21:44:23.645 [main] [INFO ] q.l.p.CommandLineTaskRunner$CommandLineProgressMonitor - 41 nuclei detected (13%)
2024-10-22 21:44:23 INFO: 21:44:23.645 [task-runner-1-11] [INFO ] q.lib.plugins.DetectionPluginTools - 28 nuclei detected (processing time: 14.43 seconds)
2024-10-22 21:44:23 INFO: 21:44:23.646 [main] [INFO ] q.l.p.CommandLineTaskRunner$CommandLineProgressMonitor - 28 nuclei detected (14%)
2024-10-22 21:44:23 INFO: 21:44:23.697 [task-runner-1-28] [INFO ] q.lib.plugins.DetectionPluginTools - 120 nuclei detected (processing time: 14.47 seconds)
2024-10-22 21:44:23 INFO: 21:44:23.698 [main] [INFO ] q.l.p.CommandLineTaskRunner$CommandLineProgressMonitor - 120 nuclei detected (14%)
2024-10-22 21:44:23 INFO: 21:44:23.719 [task-runner-1-6] [INFO ] q.lib.plugins.DetectionPluginTools - 99 nuclei detected (processing time: 14.50 seconds)
2024-10-22 21:44:23 INFO: 21:44:23.719 [main] [INFO ] q.l.p.CommandLineTaskRunner$CommandLineProgressMonitor - 99 nuclei detected (15%)
2024-10-22 21:44:23 INFO: 21:44:23.748 [task-runner-1-26] [INFO ] q.lib.plugins.DetectionPluginTools - 250 nuclei detected (processing time: 14.53 seconds)
2024-10-22 21:44:23 INFO: 21:44:23.759 [main] [INFO ] q.l.p.CommandLineTaskRunner$CommandLineProgressMonitor - 250 nuclei detected (16%)
2024-10-22 21:44:23 INFO: 21:44:23.855 [task-runner-1-46] [INFO ] q.lib.plugins.DetectionPluginTools - 261 nuclei detected (processing time: 14.63 seconds)
2024-10-22 21:44:23 INFO: 21:44:23.860 [main] [INFO ] q.l.p.CommandLineTaskRunner$CommandLineProgressMonitor - 261 nuclei detected (16%)
2024-10-22 21:44:24 INFO: 21:44:24.022 [task-runner-1-5] [INFO ] q.lib.plugins.DetectionPluginTools - 466 nuclei detected (processing time: 14.80 seconds)
2024-10-22 21:44:24 INFO: 21:44:24.023 [main] [INFO ] q.l.p.CommandLineTaskRunner$CommandLineProgressMonitor - 466 nuclei detected (17%)
2024-10-22 21:44:26 INFO: 21:44:26.562 [task-runner-1-45] [INFO ] q.lib.plugins.DetectionPluginTools - 979 nuclei detected (processing time: 17.34 seconds)
2024-10-22 21:44:26 INFO: 21:44:26.563 [main] [INFO ] q.l.p.CommandLineTaskRunner$CommandLineProgressMonitor - 979 nuclei detected (18%)
2024-10-22 21:44:26 INFO: 21:44:26.610 [task-runner-1-20] [INFO ] q.lib.plugins.DetectionPluginTools - 2406 nuclei detected (processing time: 17.39 seconds)
2024-10-22 21:44:26 INFO: 21:44:26.610 [main] [INFO ] q.l.p.CommandLineTaskRunner$CommandLineProgressMonitor - 2406 nuclei detected (18%)
2024-10-22 21:44:26 INFO: 21:44:26.628 [task-runner-1-18] [INFO ] q.lib.plugins.DetectionPluginTools - 1336 nuclei detected (processing time: 17.41 seconds)
2024-10-22 21:44:26 INFO: 21:44:26.631 [main] [INFO ] q.l.p.CommandLineTaskRunner$CommandLineProgressMonitor - 1336 nuclei detected (19%)
2024-10-22 21:44:26 INFO: 21:44:26.764 [task-runner-1-63] [INFO ] q.lib.plugins.DetectionPluginTools - 1555 nuclei detected (processing time: 17.54 seconds)
2024-10-22 21:44:26 INFO: 21:44:26.765 [main] [INFO ] q.l.p.CommandLineTaskRunner$CommandLineProgressMonitor - 1555 nuclei detected (19%)
2024-10-22 21:44:26 INFO: 21:44:26.859 [task-runner-1-25] [INFO ] q.lib.plugins.DetectionPluginTools - 1969 nuclei detected (processing time: 17.64 seconds)
2024-10-22 21:44:26 INFO: 21:44:26.861 [main] [INFO ] q.l.p.CommandLineTaskRunner$CommandLineProgressMonitor - 1969 nuclei detected (20%)
2024-10-22 21:44:26 INFO: 21:44:26.876 [task-runner-1-19] [INFO ] q.lib.plugins.DetectionPluginTools - 1914 nuclei detected (processing time: 17.66 seconds)
2024-10-22 21:44:26 INFO: 21:44:26.878 [main] [INFO ] q.l.p.CommandLineTaskRunner$CommandLineProgressMonitor - 1914 nuclei detected (21%)
2024-10-22 21:44:27 INFO: 21:44:27.197 [task-runner-1-49] [INFO ] q.lib.plugins.DetectionPluginTools - 1824 nuclei detected (processing time: 17.97 seconds)
2024-10-22 21:44:27 INFO: 21:44:27.198 [main] [INFO ] q.l.p.CommandLineTaskRunner$CommandLineProgressMonitor - 1824 nuclei detected (21%)
2024-10-22 21:44:27 INFO: 21:44:27.755 [task-runner-1-33] [INFO ] q.lib.plugins.DetectionPluginTools - 2389 nuclei detected (processing time: 18.53 seconds)
2024-10-22 21:44:27 INFO: 21:44:27.756 [main] [INFO ] q.l.p.CommandLineTaskRunner$CommandLineProgressMonitor - 2389 nuclei detected (22%)
2024-10-22 21:44:28 INFO: 21:44:28.104 [task-runner-1-44] [INFO ] q.lib.plugins.DetectionPluginTools - 2410 nuclei detected (processing time: 18.88 seconds)
2024-10-22 21:44:28 INFO: 21:44:28.105 [main] [INFO ] q.l.p.CommandLineTaskRunner$CommandLineProgressMonitor - 2410 nuclei detected (23%)
2024-10-22 21:44:28 INFO: 21:44:28.119 [task-runner-1-50] [INFO ] q.lib.plugins.DetectionPluginTools - 2439 nuclei detected (processing time: 18.89 seconds)
2024-10-22 21:44:28 INFO: 21:44:28.120 [main] [INFO ] q.l.p.CommandLineTaskRunner$CommandLineProgressMonitor - 2439 nuclei detected (23%)
2024-10-22 21:44:28 INFO: 21:44:28.251 [task-runner-1-61] [INFO ] q.lib.plugins.DetectionPluginTools - 2259 nuclei detected (processing time: 19.02 seconds)
2024-10-22 21:44:28 INFO: 21:44:28.252 [main] [INFO ] q.l.p.CommandLineTaskRunner$CommandLineProgressMonitor - 2259 nuclei detected (24%)
2024-10-22 21:44:28 INFO: 21:44:28.288 [task-runner-1-62] [INFO ] q.lib.plugins.DetectionPluginTools - 2273 nuclei detected (processing time: 19.06 seconds)
2024-10-22 21:44:28 INFO: 21:44:28.289 [main] [INFO ] q.l.p.CommandLineTaskRunner$CommandLineProgressMonitor - 2273 nuclei detected (24%)
2024-10-22 21:44:28 INFO: 21:44:28.845 [task-runner-1-35] [INFO ] q.lib.plugins.DetectionPluginTools - 3084 nuclei detected (processing time: 19.62 seconds)
2024-10-22 21:44:28 INFO: 21:44:28.846 [main] [INFO ] q.l.p.CommandLineTaskRunner$CommandLineProgressMonitor - 3084 nuclei detected (25%)
2024-10-22 21:44:28 INFO: 21:44:28.917 [task-runner-1-34] [INFO ] q.lib.plugins.DetectionPluginTools - 3011 nuclei detected (processing time: 19.69 seconds)
2024-10-22 21:44:28 INFO: 21:44:28.918 [main] [INFO ] q.l.p.CommandLineTaskRunner$CommandLineProgressMonitor - 3011 nuclei detected (26%)
2024-10-22 21:44:29 INFO: 21:44:29.116 [task-runner-1-43] [INFO ] q.lib.plugins.DetectionPluginTools - 3743 nuclei detected (processing time: 19.89 seconds)
2024-10-22 21:44:29 INFO: 21:44:29.118 [main] [INFO ] q.l.p.CommandLineTaskRunner$CommandLineProgressMonitor - 3743 nuclei detected (26%)
2024-10-22 21:44:29 INFO: 21:44:29.286 [task-runner-1-23] [INFO ] q.lib.plugins.DetectionPluginTools - 4190 nuclei detected (processing time: 20.07 seconds)
2024-10-22 21:44:29 INFO: 21:44:29.288 [main] [INFO ] q.l.p.CommandLineTaskRunner$CommandLineProgressMonitor - 4190 nuclei detected (27%)
2024-10-22 21:44:29 INFO: 21:44:29.328 [task-runner-1-24] [INFO ] q.lib.plugins.DetectionPluginTools - 4497 nuclei detected (processing time: 20.11 seconds)
2024-10-22 21:44:29 INFO: 21:44:29.329 [main] [INFO ] q.l.p.CommandLineTaskRunner$CommandLineProgressMonitor - 4497 nuclei detected (28%)
2024-10-22 21:44:29 INFO: 21:44:29.633 [task-runner-1-51] [INFO ] q.lib.plugins.DetectionPluginTools - 4719 nuclei detected (processing time: 20.41 seconds)
2024-10-22 21:44:29 INFO: 21:44:29.635 [main] [INFO ] q.l.p.CommandLineTaskRunner$CommandLineProgressMonitor - 4719 nuclei detected (28%)
2024-10-22 21:44:29 INFO: 21:44:29.764 [task-runner-1-60] [INFO ] q.lib.plugins.DetectionPluginTools - 4309 nuclei detected (processing time: 20.54 seconds)
2024-10-22 21:44:29 INFO: 21:44:29.765 [main] [INFO ] q.l.p.CommandLineTaskRunner$CommandLineProgressMonitor - 4309 nuclei detected (29%)
2024-10-22 21:44:29 INFO: 21:44:29.903 [task-runner-1-32] [INFO ] q.lib.plugins.DetectionPluginTools - 21 nuclei detected (processing time: 6.33 seconds)
2024-10-22 21:44:29 INFO: 21:44:29.904 [main] [INFO ] q.l.p.CommandLineTaskRunner$CommandLineProgressMonitor - 21 nuclei detected (29%)
2024-10-22 21:44:30 INFO: 21:44:30.025 [task-runner-1-7] [INFO ] q.lib.plugins.DetectionPluginTools - 35 nuclei detected (processing time: 6.40 seconds)
2024-10-22 21:44:30 INFO: 21:44:30.025 [main] [INFO ] q.l.p.CommandLineTaskRunner$CommandLineProgressMonitor - 35 nuclei detected (30%)
2024-10-22 21:44:30 INFO: 21:44:30.451 [task-runner-1-22] [INFO ] q.lib.plugins.DetectionPluginTools - 5395 nuclei detected (processing time: 21.23 seconds)
2024-10-22 21:44:30 INFO: 21:44:30.452 [main] [INFO ] q.l.p.CommandLineTaskRunner$CommandLineProgressMonitor - 5395 nuclei detected (31%)
2024-10-22 21:44:33 INFO: 21:44:33.580 [task-runner-1-27] [INFO ] q.lib.plugins.DetectionPluginTools - 2061 nuclei detected (processing time: 10.00 seconds)
2024-10-22 21:44:33 INFO: 21:44:33.584 [main] [INFO ] q.l.p.CommandLineTaskRunner$CommandLineProgressMonitor - 2061 nuclei detected (31%)
2024-10-22 21:44:33 INFO: 21:44:33.637 [task-runner-1-19] [INFO ] q.lib.plugins.DetectionPluginTools - 40 nuclei detected (processing time: 6.76 seconds)
2024-10-22 21:44:33 INFO: 21:44:33.639 [main] [INFO ] q.l.p.CommandLineTaskRunner$CommandLineProgressMonitor - 40 nuclei detected (32%)
2024-10-22 21:44:33 INFO: 21:44:33.880 [task-runner-1-48] [INFO ] q.lib.plugins.DetectionPluginTools - 1983 nuclei detected (processing time: 10.31 seconds)
2024-10-22 21:44:33 INFO: 21:44:33.882 [main] [INFO ] q.l.p.CommandLineTaskRunner$CommandLineProgressMonitor - 1983 nuclei detected (33%)
2024-10-22 21:44:33 INFO: 21:44:33.925 [task-runner-1-15] [INFO ] q.lib.plugins.DetectionPluginTools - 1929 nuclei detected (processing time: 10.30 seconds)
2024-10-22 21:44:33 INFO: 21:44:33.927 [main] [INFO ] q.l.p.CommandLineTaskRunner$CommandLineProgressMonitor - 1929 nuclei detected (33%)
2024-10-22 21:44:34 INFO: 21:44:34.274 [task-runner-1-25] [INFO ] q.lib.plugins.DetectionPluginTools - 674 nuclei detected (processing time: 7.41 seconds)
2024-10-22 21:44:34 INFO: 21:44:34.278 [main] [INFO ] q.l.p.CommandLineTaskRunner$CommandLineProgressMonitor - 674 nuclei detected (34%)
2024-10-22 21:44:34 INFO: 21:44:34.359 [task-runner-1-13] [INFO ] q.lib.plugins.DetectionPluginTools - 1916 nuclei detected (processing time: 10.73 seconds)
2024-10-22 21:44:34 INFO: 21:44:34.360 [main] [INFO ] q.l.p.CommandLineTaskRunner$CommandLineProgressMonitor - 1916 nuclei detected (34%)
2024-10-22 21:44:34 INFO: 21:44:34.791 [task-runner-1-29] [INFO ] q.lib.plugins.DetectionPluginTools - 2043 nuclei detected (processing time: 11.17 seconds)
2024-10-22 21:44:34 INFO: 21:44:34.793 [main] [INFO ] q.l.p.CommandLineTaskRunner$CommandLineProgressMonitor - 2043 nuclei detected (35%)
2024-10-22 21:44:34 INFO: 21:44:34.793 [task-runner-1-42] [INFO ] q.lib.plugins.DetectionPluginTools - 8392 nuclei detected (processing time: 25.57 seconds)
2024-10-22 21:44:34 INFO: 21:44:34.793 [main] [INFO ] q.l.p.CommandLineTaskRunner$CommandLineProgressMonitor - 8392 nuclei detected (36%)
2024-10-22 21:44:35 INFO: 21:44:35.500 [task-runner-1-12] [INFO ] q.lib.plugins.DetectionPluginTools - 2424 nuclei detected (processing time: 11.92 seconds)
2024-10-22 21:44:35 INFO: 21:44:35.503 [main] [INFO ] q.l.p.CommandLineTaskRunner$CommandLineProgressMonitor - 2424 nuclei detected (36%)
2024-10-22 21:44:35 INFO: 21:44:35.518 [task-runner-1-59] [INFO ] q.lib.plugins.DetectionPluginTools - 7501 nuclei detected (processing time: 26.29 seconds)
2024-10-22 21:44:35 INFO: 21:44:35.519 [main] [INFO ] q.l.p.CommandLineTaskRunner$CommandLineProgressMonitor - 7501 nuclei detected (37%)
2024-10-22 21:44:35 INFO: 21:44:35.554 [task-runner-1-21] [INFO ] q.lib.plugins.DetectionPluginTools - 8688 nuclei detected (processing time: 26.33 seconds)
2024-10-22 21:44:35 INFO: 21:44:35.555 [main] [INFO ] q.l.p.CommandLineTaskRunner$CommandLineProgressMonitor - 8688 nuclei detected (38%)
2024-10-22 21:44:36 INFO: 21:44:36.383 [task-runner-1-7] [INFO ] q.lib.plugins.DetectionPluginTools - 209 nuclei detected (processing time: 6.36 seconds)
2024-10-22 21:44:36 INFO: 21:44:36.386 [main] [INFO ] q.l.p.CommandLineTaskRunner$CommandLineProgressMonitor - 209 nuclei detected (38%)
2024-10-22 21:44:36 INFO: 21:44:36.682 [task-runner-1-36] [INFO ] q.lib.plugins.DetectionPluginTools - 8291 nuclei detected (processing time: 27.46 seconds)
2024-10-22 21:44:36 INFO: 21:44:36.683 [main] [INFO ] q.l.p.CommandLineTaskRunner$CommandLineProgressMonitor - 8291 nuclei detected (39%)
2024-10-22 21:44:36 INFO: 21:44:36.820 [task-runner-1-2] [INFO ] q.lib.plugins.DetectionPluginTools - 2842 nuclei detected (processing time: 13.19 seconds)
2024-10-22 21:44:36 INFO: 21:44:36.821 [main] [INFO ] q.l.p.CommandLineTaskRunner$CommandLineProgressMonitor - 2842 nuclei detected (39%)
2024-10-22 21:44:36 INFO: 21:44:36.835 [task-runner-1-52] [INFO ] q.lib.plugins.DetectionPluginTools - 8242 nuclei detected (processing time: 27.61 seconds)
2024-10-22 21:44:36 INFO: 21:44:36.837 [main] [INFO ] q.l.p.CommandLineTaskRunner$CommandLineProgressMonitor - 8242 nuclei detected (40%)
2024-10-22 21:44:36 INFO: 21:44:36.897 [task-runner-1-22] [INFO ] q.lib.plugins.DetectionPluginTools - 30 nuclei detected (processing time: 6.44 seconds)
2024-10-22 21:44:36 INFO: 21:44:36.898 [main] [INFO ] q.l.p.CommandLineTaskRunner$CommandLineProgressMonitor - 30 nuclei detected (41%)
2024-10-22 21:44:38 INFO: 21:44:38.136 [task-runner-1-44] [INFO ] q.lib.plugins.DetectionPluginTools - 1742 nuclei detected (processing time: 10.03 seconds)
2024-10-22 21:44:38 INFO: 21:44:38.138 [main] [INFO ] q.l.p.CommandLineTaskRunner$CommandLineProgressMonitor - 1742 nuclei detected (41%)
2024-10-22 21:44:38 INFO: 21:44:38.486 [task-runner-1-40] [INFO ] q.lib.plugins.DetectionPluginTools - 8854 nuclei detected (processing time: 29.26 seconds)
2024-10-22 21:44:38 INFO: 21:44:38.488 [main] [INFO ] q.l.p.CommandLineTaskRunner$CommandLineProgressMonitor - 8854 nuclei detected (42%)
2024-10-22 21:44:38 INFO: 21:44:38.641 [task-runner-1-33] [INFO ] q.lib.plugins.DetectionPluginTools - 1804 nuclei detected (processing time: 10.89 seconds)
2024-10-22 21:44:38 INFO: 21:44:38.642 [main] [INFO ] q.l.p.CommandLineTaskRunner$CommandLineProgressMonitor - 1804 nuclei detected (43%)
2024-10-22 21:44:38 INFO: 21:44:38.986 [task-runner-1-57] [INFO ] q.lib.plugins.DetectionPluginTools - 9014 nuclei detected (processing time: 29.76 seconds)
2024-10-22 21:44:38 INFO: 21:44:38.987 [main] [INFO ] q.l.p.CommandLineTaskRunner$CommandLineProgressMonitor - 9014 nuclei detected (43%)
2024-10-22 21:44:39 INFO: 21:44:39.143 [task-runner-1-49] [INFO ] q.lib.plugins.DetectionPluginTools - 2139 nuclei detected (processing time: 11.95 seconds)
2024-10-22 21:44:39 INFO: 21:44:39.146 [main] [INFO ] q.l.p.CommandLineTaskRunner$CommandLineProgressMonitor - 2139 nuclei detected (44%)
2024-10-22 21:44:39 INFO: 21:44:39.786 [task-runner-1-54] [INFO ] q.lib.plugins.DetectionPluginTools - 10097 nuclei detected (processing time: 30.56 seconds)
2024-10-22 21:44:39 INFO: 21:44:39.787 [main] [INFO ] q.l.p.CommandLineTaskRunner$CommandLineProgressMonitor - 10097 nuclei detected (44%)
2024-10-22 21:44:39 INFO: 21:44:39.953 [task-runner-1-4] [INFO ] q.lib.plugins.DetectionPluginTools - 4155 nuclei detected (processing time: 16.33 seconds)
2024-10-22 21:44:39 INFO: 21:44:39.953 [main] [INFO ] q.l.p.CommandLineTaskRunner$CommandLineProgressMonitor - 4155 nuclei detected (45%)
2024-10-22 21:44:40 INFO: 21:44:40.539 [task-runner-1-53] [INFO ] q.lib.plugins.DetectionPluginTools - 10547 nuclei detected (processing time: 31.31 seconds)
2024-10-22 21:44:40 INFO: 21:44:40.540 [main] [INFO ] q.l.p.CommandLineTaskRunner$CommandLineProgressMonitor - 10547 nuclei detected (46%)
2024-10-22 21:44:40 INFO: 21:44:40.739 [task-runner-1-37] [INFO ] q.lib.plugins.DetectionPluginTools - 10353 nuclei detected (processing time: 31.52 seconds)
2024-10-22 21:44:40 INFO: 21:44:40.742 [main] [INFO ] q.l.p.CommandLineTaskRunner$CommandLineProgressMonitor - 10353 nuclei detected (46%)
2024-10-22 21:44:40 INFO: 21:44:40.968 [task-runner-1-38] [INFO ] q.lib.plugins.DetectionPluginTools - 10216 nuclei detected (processing time: 31.74 seconds)
2024-10-22 21:44:40 INFO: 21:44:40.970 [main] [INFO ] q.l.p.CommandLineTaskRunner$CommandLineProgressMonitor - 10216 nuclei detected (47%)
2024-10-22 21:44:40 INFO: 21:44:40.987 [task-runner-1-39] [INFO ] q.lib.plugins.DetectionPluginTools - 9312 nuclei detected (processing time: 31.76 seconds)
2024-10-22 21:44:40 INFO: 21:44:40.989 [main] [INFO ] q.l.p.CommandLineTaskRunner$CommandLineProgressMonitor - 9312 nuclei detected (48%)
2024-10-22 21:44:41 INFO: 21:44:41.002 [task-runner-1-56] [INFO ] q.lib.plugins.DetectionPluginTools - 9094 nuclei detected (processing time: 31.77 seconds)
2024-10-22 21:44:41 INFO: 21:44:41.004 [main] [INFO ] q.l.p.CommandLineTaskRunner$CommandLineProgressMonitor - 9094 nuclei detected (48%)
2024-10-22 21:44:41 INFO: 21:44:41.325 [task-runner-1-58] [INFO ] q.lib.plugins.DetectionPluginTools - 9763 nuclei detected (processing time: 32.10 seconds)
2024-10-22 21:44:41 INFO: 21:44:41.325 [main] [INFO ] q.l.p.CommandLineTaskRunner$CommandLineProgressMonitor - 9763 nuclei detected (49%)
2024-10-22 21:44:41 INFO: 21:44:41.571 [task-runner-1-41] [INFO ] q.lib.plugins.DetectionPluginTools - 9755 nuclei detected (processing time: 32.35 seconds)
2024-10-22 21:44:41 INFO: 21:44:41.573 [main] [INFO ] q.l.p.CommandLineTaskRunner$CommandLineProgressMonitor - 9755 nuclei detected (49%)
2024-10-22 21:44:41 INFO: 21:44:41.706 [task-runner-1-55] [INFO ] q.lib.plugins.DetectionPluginTools - 9660 nuclei detected (processing time: 32.48 seconds)
2024-10-22 21:44:41 INFO: 21:44:41.707 [main] [INFO ] q.l.p.CommandLineTaskRunner$CommandLineProgressMonitor - 9660 nuclei detected (50%)
2024-10-22 21:44:43 INFO: 21:44:43.019 [task-runner-1-52] [INFO ] q.lib.plugins.DetectionPluginTools - 32 nuclei detected (processing time: 6.18 seconds)
2024-10-22 21:44:43 INFO: 21:44:43.020 [main] [INFO ] q.l.p.CommandLineTaskRunner$CommandLineProgressMonitor - 32 nuclei detected (51%)
2024-10-22 21:44:43 INFO: 21:44:43.256 [task-runner-1-22] [INFO ] q.lib.plugins.DetectionPluginTools - 39 nuclei detected (processing time: 6.36 seconds)
2024-10-22 21:44:43 INFO: 21:44:43.257 [main] [INFO ] q.l.p.CommandLineTaskRunner$CommandLineProgressMonitor - 39 nuclei detected (51%)
2024-10-22 21:44:43 INFO: 21:44:43.433 [task-runner-1-63] [INFO ] q.lib.plugins.DetectionPluginTools - 3874 nuclei detected (processing time: 16.67 seconds)
2024-10-22 21:44:43 INFO: 21:44:43.437 [main] [INFO ] q.l.p.CommandLineTaskRunner$CommandLineProgressMonitor - 3874 nuclei detected (52%)
2024-10-22 21:44:44 INFO: 21:44:44.597 [task-runner-1-17] [INFO ] q.lib.plugins.DetectionPluginTools - 6113 nuclei detected (processing time: 20.98 seconds)
2024-10-22 21:44:44 INFO: 21:44:44.601 [main] [INFO ] q.l.p.CommandLineTaskRunner$CommandLineProgressMonitor - 6113 nuclei detected (53%)
2024-10-22 21:44:45 INFO: 21:44:45.199 [task-runner-1-57] [INFO ] q.lib.plugins.DetectionPluginTools - 150 nuclei detected (processing time: 6.21 seconds)
2024-10-22 21:44:45 INFO: 21:44:45.201 [main] [INFO ] q.l.p.CommandLineTaskRunner$CommandLineProgressMonitor - 150 nuclei detected (53%)
2024-10-22 21:44:45 INFO: 21:44:45.218 [task-runner-1-27] [INFO ] q.lib.plugins.DetectionPluginTools - 2246 nuclei detected (processing time: 11.63 seconds)
2024-10-22 21:44:45 INFO: 21:44:45.220 [main] [INFO ] q.l.p.CommandLineTaskRunner$CommandLineProgressMonitor - 2246 nuclei detected (54%)
2024-10-22 21:44:45 INFO: 21:44:45.251 [task-runner-1-19] [INFO ] q.lib.plugins.DetectionPluginTools - 2346 nuclei detected (processing time: 11.61 seconds)
2024-10-22 21:44:45 INFO: 21:44:45.254 [main] [INFO ] q.l.p.CommandLineTaskRunner$CommandLineProgressMonitor - 2346 nuclei detected (54%)
2024-10-22 21:44:46 INFO: 21:44:46.483 [task-runner-1-53] [INFO ] q.lib.plugins.DetectionPluginTools - 47 nuclei detected (processing time: 5.94 seconds)
2024-10-22 21:44:46 INFO: 21:44:46.486 [main] [INFO ] q.l.p.CommandLineTaskRunner$CommandLineProgressMonitor - 47 nuclei detected (55%)
2024-10-22 21:44:46 INFO: 21:44:46.536 [task-runner-1-49] [INFO ] q.lib.plugins.DetectionPluginTools - 159 nuclei detected (processing time: 7.39 seconds)
2024-10-22 21:44:46 INFO: 21:44:46.537 [main] [INFO ] q.l.p.CommandLineTaskRunner$CommandLineProgressMonitor - 159 nuclei detected (56%)
2024-10-22 21:44:46 INFO: 21:44:46.689 [task-runner-1-54] [INFO ] q.lib.plugins.DetectionPluginTools - 52 nuclei detected (processing time: 6.90 seconds)
2024-10-22 21:44:46 INFO: 21:44:46.692 [main] [INFO ] q.l.p.CommandLineTaskRunner$CommandLineProgressMonitor - 52 nuclei detected (56%)
2024-10-22 21:44:46 INFO: 21:44:46.732 [task-runner-1-4] [INFO ] q.lib.plugins.DetectionPluginTools - 45 nuclei detected (processing time: 6.78 seconds)
2024-10-22 21:44:46 INFO: 21:44:46.734 [main] [INFO ] q.l.p.CommandLineTaskRunner$CommandLineProgressMonitor - 45 nuclei detected (57%)
2024-10-22 21:44:46 INFO: 21:44:46.911 [task-runner-1-37] [INFO ] q.lib.plugins.DetectionPluginTools - 100 nuclei detected (processing time: 6.17 seconds)
2024-10-22 21:44:46 INFO: 21:44:46.914 [main] [INFO ] q.l.p.CommandLineTaskRunner$CommandLineProgressMonitor - 100 nuclei detected (57%)
2024-10-22 21:44:47 INFO: 21:44:47.647 [task-runner-1-33] [INFO ] q.lib.plugins.DetectionPluginTools - 1108 nuclei detected (processing time: 9.01 seconds)
2024-10-22 21:44:47 INFO: 21:44:47.648 [main] [INFO ] q.l.p.CommandLineTaskRunner$CommandLineProgressMonitor - 1108 nuclei detected (58%)
2024-10-22 21:44:47 INFO: 21:44:47.838 [task-runner-1-41] [INFO ] q.lib.plugins.DetectionPluginTools - 32 nuclei detected (processing time: 6.27 seconds)
2024-10-22 21:44:47 INFO: 21:44:47.840 [main] [INFO ] q.l.p.CommandLineTaskRunner$CommandLineProgressMonitor - 32 nuclei detected (59%)
2024-10-22 21:44:47 INFO: 21:44:47.842 [task-runner-1-40] [INFO ] q.lib.plugins.DetectionPluginTools - 1233 nuclei detected (processing time: 9.35 seconds)
2024-10-22 21:44:47 INFO: 21:44:47.843 [main] [INFO ] q.l.p.CommandLineTaskRunner$CommandLineProgressMonitor - 1233 nuclei detected (59%)
2024-10-22 21:44:47 INFO: 21:44:47.902 [task-runner-1-2] [INFO ] q.lib.plugins.DetectionPluginTools - 1991 nuclei detected (processing time: 11.08 seconds)
2024-10-22 21:44:47 INFO: 21:44:47.906 [main] [INFO ] q.l.p.CommandLineTaskRunner$CommandLineProgressMonitor - 1991 nuclei detected (60%)
2024-10-22 21:44:48 INFO: 21:44:48.044 [task-runner-1-55] [INFO ] q.lib.plugins.DetectionPluginTools - 32 nuclei detected (processing time: 6.34 seconds)
2024-10-22 21:44:48 INFO: 21:44:48.046 [main] [INFO ] q.l.p.CommandLineTaskRunner$CommandLineProgressMonitor - 32 nuclei detected (61%)
2024-10-22 21:44:48 INFO: 21:44:48.504 [task-runner-1-44] [INFO ] q.lib.plugins.DetectionPluginTools - 1423 nuclei detected (processing time: 10.37 seconds)
2024-10-22 21:44:48 INFO: 21:44:48.505 [main] [INFO ] q.l.p.CommandLineTaskRunner$CommandLineProgressMonitor - 1423 nuclei detected (61%)
2024-10-22 21:44:48 INFO: 21:44:48.782 [task-runner-1-38] [INFO ] q.lib.plugins.DetectionPluginTools - 646 nuclei detected (processing time: 7.81 seconds)
2024-10-22 21:44:48 INFO: 21:44:48.784 [main] [INFO ] q.l.p.CommandLineTaskRunner$CommandLineProgressMonitor - 646 nuclei detected (62%)
2024-10-22 21:44:49 INFO: 21:44:49.254 [task-runner-1-52] [INFO ] q.lib.plugins.DetectionPluginTools - 33 nuclei detected (processing time: 6.23 seconds)
2024-10-22 21:44:49 INFO: 21:44:49.256 [main] [INFO ] q.l.p.CommandLineTaskRunner$CommandLineProgressMonitor - 33 nuclei detected (63%)
2024-10-22 21:44:49 INFO: 21:44:49.262 [task-runner-1-22] [INFO ] q.lib.plugins.DetectionPluginTools - 321 nuclei detected (processing time: 6.01 seconds)
2024-10-22 21:44:49 INFO: 21:44:49.263 [main] [INFO ] q.l.p.CommandLineTaskRunner$CommandLineProgressMonitor - 321 nuclei detected (63%)
2024-10-22 21:44:49 INFO: 21:44:49.970 [task-runner-1-48] [INFO ] q.lib.plugins.DetectionPluginTools - 3793 nuclei detected (processing time: 16.09 seconds)
2024-10-22 21:44:49 INFO: 21:44:49.971 [main] [INFO ] q.l.p.CommandLineTaskRunner$CommandLineProgressMonitor - 3793 nuclei detected (64%)
2024-10-22 21:44:50 INFO: 21:44:50.036 [task-runner-1-63] [INFO ] q.lib.plugins.DetectionPluginTools - 51 nuclei detected (processing time: 6.60 seconds)
2024-10-22 21:44:50 INFO: 21:44:50.037 [main] [INFO ] q.l.p.CommandLineTaskRunner$CommandLineProgressMonitor - 51 nuclei detected (64%)
2024-10-22 21:44:50 INFO: 21:44:50.068 [task-runner-1-32] [INFO ] q.lib.plugins.DetectionPluginTools - 5161 nuclei detected (processing time: 20.16 seconds)
2024-10-22 21:44:50 INFO: 21:44:50.070 [main] [INFO ] q.l.p.CommandLineTaskRunner$CommandLineProgressMonitor - 5161 nuclei detected (65%)
2024-10-22 21:44:50 INFO: 21:44:50.939 [task-runner-1-30] [INFO ] q.lib.plugins.DetectionPluginTools - 8466 nuclei detected (processing time: 27.35 seconds)
2024-10-22 21:44:50 INFO: 21:44:50.940 [main] [INFO ] q.l.p.CommandLineTaskRunner$CommandLineProgressMonitor - 8466 nuclei detected (66%)
2024-10-22 21:44:50 INFO: 21:44:50.943 [task-runner-1-17] [INFO ] q.lib.plugins.DetectionPluginTools - 53 nuclei detected (processing time: 6.34 seconds)
2024-10-22 21:44:50 INFO: 21:44:50.943 [main] [INFO ] q.l.p.CommandLineTaskRunner$CommandLineProgressMonitor - 53 nuclei detected (66%)
2024-10-22 21:44:51 INFO: 21:44:51.017 [task-runner-1-16] [INFO ] q.lib.plugins.DetectionPluginTools - 9962 nuclei detected (processing time: 27.42 seconds)
2024-10-22 21:44:51 INFO: 21:44:51.018 [main] [INFO ] q.l.p.CommandLineTaskRunner$CommandLineProgressMonitor - 9962 nuclei detected (67%)
2024-10-22 21:44:51 INFO: 21:44:51.116 [task-runner-1-3] [INFO ] q.lib.plugins.DetectionPluginTools - 9016 nuclei detected (processing time: 27.51 seconds)
2024-10-22 21:44:51 INFO: 21:44:51.116 [main] [INFO ] q.l.p.CommandLineTaskRunner$CommandLineProgressMonitor - 9016 nuclei detected (68%)
2024-10-22 21:44:51 INFO: 21:44:51.261 [task-runner-1-57] [INFO ] q.lib.plugins.DetectionPluginTools - 61 nuclei detected (processing time: 6.06 seconds)
2024-10-22 21:44:51 INFO: 21:44:51.262 [main] [INFO ] q.l.p.CommandLineTaskRunner$CommandLineProgressMonitor - 61 nuclei detected (68%)
2024-10-22 21:44:51 INFO: 21:44:51.311 [task-runner-1-27] [INFO ] q.lib.plugins.DetectionPluginTools - 66 nuclei detected (processing time: 6.09 seconds)
2024-10-22 21:44:51 INFO: 21:44:51.311 [main] [INFO ] q.l.p.CommandLineTaskRunner$CommandLineProgressMonitor - 66 nuclei detected (69%)
2024-10-22 21:44:51 INFO: 21:44:51.399 [task-runner-1-19] [INFO ] q.lib.plugins.DetectionPluginTools - 37 nuclei detected (processing time: 6.14 seconds)
2024-10-22 21:44:51 INFO: 21:44:51.399 [main] [INFO ] q.l.p.CommandLineTaskRunner$CommandLineProgressMonitor - 37 nuclei detected (69%)
2024-10-22 21:44:51 INFO: 21:44:51.844 [task-runner-1-4] [INFO ] q.lib.plugins.DetectionPluginTools - 55 nuclei detected (processing time: 4.95 seconds)
2024-10-22 21:44:51 INFO: 21:44:51.845 [main] [INFO ] q.l.p.CommandLineTaskRunner$CommandLineProgressMonitor - 55 nuclei detected (70%)
2024-10-22 21:44:51 INFO: 21:44:51.876 [task-runner-1-14] [INFO ] q.lib.plugins.DetectionPluginTools - 9276 nuclei detected (processing time: 28.27 seconds)
2024-10-22 21:44:51 INFO: 21:44:51.876 [main] [INFO ] q.l.p.CommandLineTaskRunner$CommandLineProgressMonitor - 9276 nuclei detected (71%)
2024-10-22 21:44:52 INFO: 21:44:52.001 [task-runner-1-10] [INFO ] q.lib.plugins.DetectionPluginTools - 10083 nuclei detected (processing time: 28.41 seconds)
2024-10-22 21:44:52 INFO: 21:44:52.001 [main] [INFO ] q.l.p.CommandLineTaskRunner$CommandLineProgressMonitor - 10083 nuclei detected (71%)
2024-10-22 21:44:52 INFO: 21:44:52.143 [task-runner-1-39] [INFO ] q.lib.plugins.DetectionPluginTools - 2739 nuclei detected (processing time: 11.15 seconds)
2024-10-22 21:44:52 INFO: 21:44:52.143 [main] [INFO ] q.l.p.CommandLineTaskRunner$CommandLineProgressMonitor - 2739 nuclei detected (72%)
2024-10-22 21:44:52 INFO: 21:44:52.346 [task-runner-1-47] [INFO ] q.lib.plugins.DetectionPluginTools - 8876 nuclei detected (processing time: 28.73 seconds)
2024-10-22 21:44:52 INFO: 21:44:52.346 [main] [INFO ] q.l.p.CommandLineTaskRunner$CommandLineProgressMonitor - 8876 nuclei detected (73%)
2024-10-22 21:44:52 INFO: 21:44:52.358 [task-runner-1-37] [INFO ] q.lib.plugins.DetectionPluginTools - 54 nuclei detected (processing time: 5.44 seconds)
2024-10-22 21:44:52 INFO: 21:44:52.358 [main] [INFO ] q.l.p.CommandLineTaskRunner$CommandLineProgressMonitor - 54 nuclei detected (73%)
2024-10-22 21:44:52 INFO: 21:44:52.423 [task-runner-1-55] [INFO ] q.lib.plugins.DetectionPluginTools - 56 nuclei detected (processing time: 4.38 seconds)
2024-10-22 21:44:52 INFO: 21:44:52.423 [main] [INFO ] q.l.p.CommandLineTaskRunner$CommandLineProgressMonitor - 56 nuclei detected (74%)
2024-10-22 21:44:52 INFO: 21:44:52.591 [task-runner-1-29] [INFO ] q.lib.plugins.DetectionPluginTools - 6145 nuclei detected (processing time: 17.80 seconds)
2024-10-22 21:44:52 INFO: 21:44:52.592 [main] [INFO ] q.l.p.CommandLineTaskRunner$CommandLineProgressMonitor - 6145 nuclei detected (74%)
2024-10-22 21:44:52 INFO: 21:44:52.606 [task-runner-1-53] [INFO ] q.lib.plugins.DetectionPluginTools - 33 nuclei detected (processing time: 6.12 seconds)
2024-10-22 21:44:52 INFO: 21:44:52.607 [main] [INFO ] q.l.p.CommandLineTaskRunner$CommandLineProgressMonitor - 33 nuclei detected (75%)
2024-10-22 21:44:52 INFO: 21:44:52.689 [task-runner-1-9] [INFO ] q.lib.plugins.DetectionPluginTools - 9142 nuclei detected (processing time: 29.08 seconds)
2024-10-22 21:44:52 INFO: 21:44:52.690 [main] [INFO ] q.l.p.CommandLineTaskRunner$CommandLineProgressMonitor - 9142 nuclei detected (76%)
2024-10-22 21:44:52 INFO: 21:44:52.946 [task-runner-1-11] [INFO ] q.lib.plugins.DetectionPluginTools - 10081 nuclei detected (processing time: 29.30 seconds)
2024-10-22 21:44:52 INFO: 21:44:52.947 [main] [INFO ] q.l.p.CommandLineTaskRunner$CommandLineProgressMonitor - 10081 nuclei detected (76%)
2024-10-22 21:44:53 INFO: 21:44:53.025 [task-runner-1-6] [INFO ] q.lib.plugins.DetectionPluginTools - 9674 nuclei detected (processing time: 29.31 seconds)
2024-10-22 21:44:53 INFO: 21:44:53.025 [main] [INFO ] q.l.p.CommandLineTaskRunner$CommandLineProgressMonitor - 9674 nuclei detected (77%)
2024-10-22 21:44:53 INFO: 21:44:53.037 [task-runner-1-2] [INFO ] q.lib.plugins.DetectionPluginTools - 26 nuclei detected (processing time: 5.13 seconds)
2024-10-22 21:44:53 INFO: 21:44:53.038 [main] [INFO ] q.l.p.CommandLineTaskRunner$CommandLineProgressMonitor - 26 nuclei detected (78%)
2024-10-22 21:44:53 INFO: 21:44:53.088 [task-runner-1-33] [INFO ] q.lib.plugins.DetectionPluginTools - 46 nuclei detected (processing time: 5.44 seconds)
2024-10-22 21:44:53 INFO: 21:44:53.089 [main] [INFO ] q.l.p.CommandLineTaskRunner$CommandLineProgressMonitor - 46 nuclei detected (78%)
2024-10-22 21:44:53 INFO: 21:44:53.103 [task-runner-1-8] [INFO ] q.lib.plugins.DetectionPluginTools - 9275 nuclei detected (processing time: 29.51 seconds)
2024-10-22 21:44:53 INFO: 21:44:53.103 [main] [INFO ] q.l.p.CommandLineTaskRunner$CommandLineProgressMonitor - 9275 nuclei detected (79%)
2024-10-22 21:44:53 INFO: 21:44:53.256 [task-runner-1-31] [INFO ] q.lib.plugins.DetectionPluginTools - 9596 nuclei detected (processing time: 29.61 seconds)
2024-10-22 21:44:53 INFO: 21:44:53.257 [main] [INFO ] q.l.p.CommandLineTaskRunner$CommandLineProgressMonitor - 9596 nuclei detected (79%)
2024-10-22 21:44:53 INFO: 21:44:53.379 [task-runner-1-54] [INFO ] q.lib.plugins.DetectionPluginTools - 51 nuclei detected (processing time: 6.69 seconds)
2024-10-22 21:44:53 INFO: 21:44:53.380 [main] [INFO ] q.l.p.CommandLineTaskRunner$CommandLineProgressMonitor - 51 nuclei detected (80%)
2024-10-22 21:44:53 INFO: 21:44:53.483 [task-runner-1-49] [INFO ] q.lib.plugins.DetectionPluginTools - 42 nuclei detected (processing time: 6.95 seconds)
2024-10-22 21:44:53 INFO: 21:44:53.483 [main] [INFO ] q.l.p.CommandLineTaskRunner$CommandLineProgressMonitor - 42 nuclei detected (81%)
2024-10-22 21:44:53 INFO: 21:44:53.501 [task-runner-1-46] [INFO ] q.lib.plugins.DetectionPluginTools - 8910 nuclei detected (processing time: 29.64 seconds)
2024-10-22 21:44:53 INFO: 21:44:53.501 [main] [INFO ] q.l.p.CommandLineTaskRunner$CommandLineProgressMonitor - 8910 nuclei detected (81%)
2024-10-22 21:44:53 INFO: 21:44:53.519 [task-runner-1-26] [INFO ] q.lib.plugins.DetectionPluginTools - 9092 nuclei detected (processing time: 29.76 seconds)
2024-10-22 21:44:53 INFO: 21:44:53.519 [main] [INFO ] q.l.p.CommandLineTaskRunner$CommandLineProgressMonitor - 9092 nuclei detected (82%)
2024-10-22 21:44:53 INFO: 21:44:53.597 [task-runner-1-41] [INFO ] q.lib.plugins.DetectionPluginTools - 38 nuclei detected (processing time: 5.76 seconds)
2024-10-22 21:44:53 INFO: 21:44:53.598 [main] [INFO ] q.l.p.CommandLineTaskRunner$CommandLineProgressMonitor - 38 nuclei detected (83%)
2024-10-22 21:44:53 INFO: 21:44:53.656 [task-runner-1-40] [INFO ] q.lib.plugins.DetectionPluginTools - 30 nuclei detected (processing time: 5.81 seconds)
2024-10-22 21:44:53 INFO: 21:44:53.657 [main] [INFO ] q.l.p.CommandLineTaskRunner$CommandLineProgressMonitor - 30 nuclei detected (83%)
2024-10-22 21:44:53 INFO: 21:44:53.738 [task-runner-1-5] [INFO ] q.lib.plugins.DetectionPluginTools - 9045 nuclei detected (processing time: 29.72 seconds)
2024-10-22 21:44:53 INFO: 21:44:53.738 [main] [INFO ] q.l.p.CommandLineTaskRunner$CommandLineProgressMonitor - 9045 nuclei detected (84%)
2024-10-22 21:44:53 INFO: 21:44:53.782 [task-runner-1-28] [INFO ] q.lib.plugins.DetectionPluginTools - 9854 nuclei detected (processing time: 30.08 seconds)
2024-10-22 21:44:53 INFO: 21:44:53.782 [main] [INFO ] q.l.p.CommandLineTaskRunner$CommandLineProgressMonitor - 9854 nuclei detected (84%)
2024-10-22 21:44:53 INFO: 21:44:53.814 [task-runner-1-13] [INFO ] q.lib.plugins.DetectionPluginTools - 6401 nuclei detected (processing time: 19.45 seconds)
2024-10-22 21:44:53 INFO: 21:44:53.814 [main] [INFO ] q.l.p.CommandLineTaskRunner$CommandLineProgressMonitor - 6401 nuclei detected (85%)
2024-10-22 21:44:53 INFO: 21:44:53.872 [task-runner-1-1] [INFO ] q.lib.plugins.DetectionPluginTools - 9389 nuclei detected (processing time: 30.26 seconds)
2024-10-22 21:44:53 INFO: 21:44:53.872 [main] [INFO ] q.l.p.CommandLineTaskRunner$CommandLineProgressMonitor - 9389 nuclei detected (86%)
2024-10-22 21:44:54 INFO: 21:44:54.010 [task-runner-1-45] [INFO ] q.lib.plugins.DetectionPluginTools - 9174 nuclei detected (processing time: 27.45 seconds)
2024-10-22 21:44:54 INFO: 21:44:54.011 [main] [INFO ] q.l.p.CommandLineTaskRunner$CommandLineProgressMonitor - 9174 nuclei detected (86%)
2024-10-22 21:44:54 INFO: 21:44:54.083 [task-runner-1-20] [INFO ] q.lib.plugins.DetectionPluginTools - 9371 nuclei detected (processing time: 27.47 seconds)
2024-10-22 21:44:54 INFO: 21:44:54.083 [main] [INFO ] q.l.p.CommandLineTaskRunner$CommandLineProgressMonitor - 9371 nuclei detected (87%)
2024-10-22 21:44:54 INFO: 21:44:54.279 [task-runner-1-18] [INFO ] q.lib.plugins.DetectionPluginTools - 9791 nuclei detected (processing time: 27.65 seconds)
2024-10-22 21:44:54 INFO: 21:44:54.279 [main] [INFO ] q.l.p.CommandLineTaskRunner$CommandLineProgressMonitor - 9791 nuclei detected (88%)
2024-10-22 21:44:54 INFO: 21:44:54.478 [task-runner-1-56] [INFO ] q.lib.plugins.DetectionPluginTools - 4987 nuclei detected (processing time: 13.47 seconds)
2024-10-22 21:44:54 INFO: 21:44:54.478 [main] [INFO ] q.l.p.CommandLineTaskRunner$CommandLineProgressMonitor - 4987 nuclei detected (88%)
2024-10-22 21:44:54 INFO: 21:44:54.824 [task-runner-1-42] [INFO ] q.lib.plugins.DetectionPluginTools - 7448 nuclei detected (processing time: 20.03 seconds)
2024-10-22 21:44:54 INFO: 21:44:54.825 [main] [INFO ] q.l.p.CommandLineTaskRunner$CommandLineProgressMonitor - 7448 nuclei detected (89%)
2024-10-22 21:44:54 INFO: 21:44:54.857 [task-runner-1-60] [INFO ] q.lib.plugins.DetectionPluginTools - 8688 nuclei detected (processing time: 25.09 seconds)
2024-10-22 21:44:54 INFO: 21:44:54.857 [main] [INFO ] q.l.p.CommandLineTaskRunner$CommandLineProgressMonitor - 8688 nuclei detected (89%)
2024-10-22 21:44:55 INFO: 21:44:55.052 [task-runner-1-43] [INFO ] q.lib.plugins.DetectionPluginTools - 9176 nuclei detected (processing time: 25.93 seconds)
2024-10-22 21:44:55 INFO: 21:44:55.053 [main] [INFO ] q.l.p.CommandLineTaskRunner$CommandLineProgressMonitor - 9176 nuclei detected (90%)
2024-10-22 21:44:55 INFO: 21:44:55.081 [task-runner-1-62] [INFO ] q.lib.plugins.DetectionPluginTools - 9691 nuclei detected (processing time: 26.79 seconds)
2024-10-22 21:44:55 INFO: 21:44:55.081 [main] [INFO ] q.l.p.CommandLineTaskRunner$CommandLineProgressMonitor - 9691 nuclei detected (91%)
2024-10-22 21:44:55 INFO: 21:44:55.151 [task-runner-1-50] [INFO ] q.lib.plugins.DetectionPluginTools - 9905 nuclei detected (processing time: 27.03 seconds)
2024-10-22 21:44:55 INFO: 21:44:55.152 [main] [INFO ] q.l.p.CommandLineTaskRunner$CommandLineProgressMonitor - 9905 nuclei detected (91%)
2024-10-22 21:44:55 INFO: 21:44:55.205 [task-runner-1-58] [INFO ] q.lib.plugins.DetectionPluginTools - 4833 nuclei detected (processing time: 13.88 seconds)
2024-10-22 21:44:55 INFO: 21:44:55.205 [main] [INFO ] q.l.p.CommandLineTaskRunner$CommandLineProgressMonitor - 4833 nuclei detected (92%)
2024-10-22 21:44:55 INFO: 21:44:55.332 [task-runner-1-24] [INFO ] q.lib.plugins.DetectionPluginTools - 8772 nuclei detected (processing time: 26.00 seconds)
2024-10-22 21:44:55 INFO: 21:44:55.332 [main] [INFO ] q.l.p.CommandLineTaskRunner$CommandLineProgressMonitor - 8772 nuclei detected (93%)
2024-10-22 21:44:55 INFO: 21:44:55.357 [task-runner-1-15] [INFO ] q.lib.plugins.DetectionPluginTools - 6564 nuclei detected (processing time: 21.43 seconds)
2024-10-22 21:44:55 INFO: 21:44:55.357 [main] [INFO ] q.l.p.CommandLineTaskRunner$CommandLineProgressMonitor - 6564 nuclei detected (93%)
2024-10-22 21:44:55 INFO: 21:44:55.553 [task-runner-1-23] [INFO ] q.lib.plugins.DetectionPluginTools - 8966 nuclei detected (processing time: 26.26 seconds)
2024-10-22 21:44:55 INFO: 21:44:55.554 [main] [INFO ] q.l.p.CommandLineTaskRunner$CommandLineProgressMonitor - 8966 nuclei detected (94%)
2024-10-22 21:44:55 INFO: 21:44:55.579 [task-runner-1-51] [INFO ] q.lib.plugins.DetectionPluginTools - 8944 nuclei detected (processing time: 25.94 seconds)
2024-10-22 21:44:55 INFO: 21:44:55.580 [main] [INFO ] q.l.p.CommandLineTaskRunner$CommandLineProgressMonitor - 8944 nuclei detected (94%)
2024-10-22 21:44:55 INFO: 21:44:55.618 [task-runner-1-35] [INFO ] q.lib.plugins.DetectionPluginTools - 9625 nuclei detected (processing time: 26.77 seconds)
2024-10-22 21:44:55 INFO: 21:44:55.618 [main] [INFO ] q.l.p.CommandLineTaskRunner$CommandLineProgressMonitor - 9625 nuclei detected (95%)
2024-10-22 21:44:55 INFO: 21:44:55.689 [task-runner-1-34] [INFO ] q.lib.plugins.DetectionPluginTools - 9135 nuclei detected (processing time: 26.77 seconds)
2024-10-22 21:44:55 INFO: 21:44:55.690 [main] [INFO ] q.l.p.CommandLineTaskRunner$CommandLineProgressMonitor - 9135 nuclei detected (96%)
2024-10-22 21:44:55 INFO: 21:44:55.718 [task-runner-1-61] [INFO ] q.lib.plugins.DetectionPluginTools - 9801 nuclei detected (processing time: 27.47 seconds)
2024-10-22 21:44:55 INFO: 21:44:55.718 [main] [INFO ] q.l.p.CommandLineTaskRunner$CommandLineProgressMonitor - 9801 nuclei detected (96%)
2024-10-22 21:44:56 INFO: 21:44:56.008 [task-runner-1-25] [INFO ] q.lib.plugins.DetectionPluginTools - 7893 nuclei detected (processing time: 21.73 seconds)
2024-10-22 21:44:56 INFO: 21:44:56.008 [main] [INFO ] q.l.p.CommandLineTaskRunner$CommandLineProgressMonitor - 7893 nuclei detected (97%)
2024-10-22 21:44:56 INFO: 21:44:56.063 [task-runner-1-12] [INFO ] q.lib.plugins.DetectionPluginTools - 8482 nuclei detected (processing time: 20.56 seconds)
2024-10-22 21:44:56 INFO: 21:44:56.063 [main] [INFO ] q.l.p.CommandLineTaskRunner$CommandLineProgressMonitor - 8482 nuclei detected (98%)
2024-10-22 21:44:56 INFO: 21:44:56.887 [task-runner-1-59] [INFO ] q.lib.plugins.DetectionPluginTools - 9162 nuclei detected (processing time: 21.37 seconds)
2024-10-22 21:44:56 INFO: 21:44:56.887 [main] [INFO ] q.l.p.CommandLineTaskRunner$CommandLineProgressMonitor - 9162 nuclei detected (98%)
2024-10-22 21:44:57 INFO: 21:44:57.166 [task-runner-1-7] [INFO ] q.lib.plugins.DetectionPluginTools - 9197 nuclei detected (processing time: 20.78 seconds)
2024-10-22 21:44:57 INFO: 21:44:57.166 [main] [INFO ] q.l.p.CommandLineTaskRunner$CommandLineProgressMonitor - 9197 nuclei detected (99%)
2024-10-22 21:44:57 INFO: 21:44:57.299 [task-runner-1-21] [INFO ] q.lib.plugins.DetectionPluginTools - 9382 nuclei detected (processing time: 21.74 seconds)
2024-10-22 21:44:57 INFO: 21:44:57.299 [main] [INFO ] q.l.p.CommandLineTaskRunner$CommandLineProgressMonitor - 9382 nuclei detected (99%)
2024-10-22 21:44:57 INFO: 21:44:57.347 [task-runner-1-36] [INFO ] q.lib.plugins.DetectionPluginTools - 9154 nuclei detected (processing time: 20.66 seconds)
2024-10-22 21:44:57 INFO: 21:44:57.347 [main] [INFO ] q.l.p.CommandLineTaskRunner$CommandLineProgressMonitor - 9154 nuclei detected (100%)
2024-10-22 21:44:57 INFO: 21:44:57.347 [main] [INFO ] q.l.p.CommandLineTaskRunner$CommandLineProgressMonitor - Processing complete in 48.13 seconds
2024-10-22 21:44:57 INFO: 21:44:57.347 [main] [INFO ] q.l.p.CommandLineTaskRunner$CommandLineProgressMonitor - Tasks completed!
2024-10-22 21:45:23 INFO: 21:45:23.697 [main] [WARN ] q.l.p.objects.SmoothFeaturesPlugin - Smoothing using annotations
2024-10-22 21:45:35 INFO: 21:45:35.691 [main] [INFO ] q.l.p.CommandLineTaskRunner$CommandLineProgressMonitor - Completed (100%)
2024-10-22 21:45:35 INFO: 21:45:35.691 [main] [INFO ] q.l.p.CommandLineTaskRunner$CommandLineProgressMonitor - Processing complete in 11.99 seconds
2024-10-22 21:45:35 INFO: 21:45:35.691 [main] [INFO ] q.l.p.CommandLineTaskRunner$CommandLineProgressMonitor - Tasks completed!
2024-10-22 21:45:35 INFO: 21:45:35.693 [main] [WARN ] q.l.p.objects.SmoothFeaturesPlugin - Smoothing using annotations
2024-10-22 21:46:10 INFO: 21:46:10.316 [main] [INFO ] q.l.p.CommandLineTaskRunner$CommandLineProgressMonitor - Completed (100%)
2024-10-22 21:46:10 INFO: 21:46:10.317 [main] [INFO ] q.l.p.CommandLineTaskRunner$CommandLineProgressMonitor - Processing complete in 34.62 seconds
2024-10-22 21:46:10 INFO: 21:46:10.317 [main] [INFO ] q.l.p.CommandLineTaskRunner$CommandLineProgressMonitor - Tasks completed!
2024-10-22 21:46:10 INFO: 21:46:10.318 [main] [WARN ] q.l.p.objects.SmoothFeaturesPlugin - Smoothing using annotations
2024-10-22 21:47:37 INFO: 21:47:37.558 [main] [INFO ] q.l.p.CommandLineTaskRunner$CommandLineProgressMonitor - Completed (100%)
2024-10-22 21:47:37 INFO: 21:47:37.558 [main] [INFO ] q.l.p.CommandLineTaskRunner$CommandLineProgressMonitor - Processing complete in 87.24 seconds
2024-10-22 21:47:37 INFO: 21:47:37.559 [main] [INFO ] q.l.p.CommandLineTaskRunner$CommandLineProgressMonitor - Tasks completed!
2024-10-22 21:47:38 INFO: 21:47:38.046 [task-runner-5-2] [INFO ] q.l.a.IntensityFeaturesPlugin - Splitting Rectangle (0, 0, 63784, 39311) into 40 tiles for intensity measurements
2024-10-22 21:47:38 INFO: 21:47:38.495 [main] [INFO ] q.l.p.CommandLineTaskRunner$CommandLineProgressMonitor - Completed (0%)
2024-10-22 21:47:39 INFO: 21:47:39.398 [main] [INFO ] q.l.p.CommandLineTaskRunner$CommandLineProgressMonitor - Completed (1%)
2024-10-22 21:47:40 INFO: 21:47:40.568 [main] [INFO ] q.l.p.CommandLineTaskRunner$CommandLineProgressMonitor - Completed (2%)
2024-10-22 21:47:40 INFO: 21:47:40.832 [main] [INFO ] q.l.p.CommandLineTaskRunner$CommandLineProgressMonitor - Completed (3%)
2024-10-22 21:47:41 INFO: 21:47:41.920 [main] [INFO ] q.l.p.CommandLineTaskRunner$CommandLineProgressMonitor - Completed (4%)
2024-10-22 21:47:42 INFO: 21:47:42.157 [main] [INFO ] q.l.p.CommandLineTaskRunner$CommandLineProgressMonitor - Completed (5%)
2024-10-22 21:47:42 INFO: 21:47:42.457 [main] [INFO ] q.l.p.CommandLineTaskRunner$CommandLineProgressMonitor - Completed (6%)
2024-10-22 21:47:42 INFO: 21:47:42.777 [main] [INFO ] q.l.p.CommandLineTaskRunner$CommandLineProgressMonitor - Completed (7%)
2024-10-22 21:47:43 INFO: 21:47:43.009 [main] [INFO ] q.l.p.CommandLineTaskRunner$CommandLineProgressMonitor - Completed (8%)
2024-10-22 21:47:43 INFO: 21:47:43.254 [main] [INFO ] q.l.p.CommandLineTaskRunner$CommandLineProgressMonitor - Completed (9%)
2024-10-22 21:47:43 INFO: 21:47:43.476 [main] [INFO ] q.l.p.CommandLineTaskRunner$CommandLineProgressMonitor - Completed (10%)
2024-10-22 21:47:43 INFO: 21:47:43.832 [main] [INFO ] q.l.p.CommandLineTaskRunner$CommandLineProgressMonitor - Completed (11%)
2024-10-22 21:47:44 INFO: 21:47:44.184 [main] [INFO ] q.l.p.CommandLineTaskRunner$CommandLineProgressMonitor - Completed (12%)
2024-10-22 21:47:44 INFO: 21:47:44.405 [main] [INFO ] q.l.p.CommandLineTaskRunner$CommandLineProgressMonitor - Completed (13%)
2024-10-22 21:47:44 INFO: 21:47:44.628 [main] [INFO ] q.l.p.CommandLineTaskRunner$CommandLineProgressMonitor - Completed (14%)
2024-10-22 21:47:44 INFO: 21:47:44.847 [main] [INFO ] q.l.p.CommandLineTaskRunner$CommandLineProgressMonitor - Completed (15%)
2024-10-22 21:47:45 INFO: 21:47:45.068 [main] [INFO ] q.l.p.CommandLineTaskRunner$CommandLineProgressMonitor - Completed (16%)
2024-10-22 21:47:45 INFO: 21:47:45.288 [main] [INFO ] q.l.p.CommandLineTaskRunner$CommandLineProgressMonitor - Completed (17%)
2024-10-22 21:47:45 INFO: 21:47:45.592 [main] [INFO ] q.l.p.CommandLineTaskRunner$CommandLineProgressMonitor - Completed (18%)
2024-10-22 21:47:46 INFO: 21:47:46.002 [main] [INFO ] q.l.p.CommandLineTaskRunner$CommandLineProgressMonitor - Completed (19%)
2024-10-22 21:47:46 INFO: 21:47:46.244 [main] [INFO ] q.l.p.CommandLineTaskRunner$CommandLineProgressMonitor - Completed (20%)
2024-10-22 21:47:46 INFO: 21:47:46.473 [main] [INFO ] q.l.p.CommandLineTaskRunner$CommandLineProgressMonitor - Completed (21%)
2024-10-22 21:47:46 INFO: 21:47:46.707 [main] [INFO ] q.l.p.CommandLineTaskRunner$CommandLineProgressMonitor - Completed (22%)
2024-10-22 21:47:46 INFO: 21:47:46.940 [main] [INFO ] q.l.p.CommandLineTaskRunner$CommandLineProgressMonitor - Completed (23%)
2024-10-22 21:47:47 INFO: 21:47:47.167 [main] [INFO ] q.l.p.CommandLineTaskRunner$CommandLineProgressMonitor - Completed (24%)
2024-10-22 21:47:47 INFO: 21:47:47.401 [main] [INFO ] q.l.p.CommandLineTaskRunner$CommandLineProgressMonitor - Completed (25%)
2024-10-22 21:47:47 INFO: 21:47:47.666 [main] [INFO ] q.l.p.CommandLineTaskRunner$CommandLineProgressMonitor - Completed (26%)
2024-10-22 21:47:48 INFO: 21:47:48.026 [main] [INFO ] q.l.p.CommandLineTaskRunner$CommandLineProgressMonitor - Completed (27%)
2024-10-22 21:47:48 INFO: 21:47:48.451 [main] [INFO ] q.l.p.CommandLineTaskRunner$CommandLineProgressMonitor - Completed (28%)
2024-10-22 21:47:48 INFO: 21:47:48.816 [main] [INFO ] q.l.p.CommandLineTaskRunner$CommandLineProgressMonitor - Completed (29%)
2024-10-22 21:47:49 INFO: 21:47:49.184 [main] [INFO ] q.l.p.CommandLineTaskRunner$CommandLineProgressMonitor - Completed (30%)
2024-10-22 21:47:49 INFO: 21:47:49.526 [main] [INFO ] q.l.p.CommandLineTaskRunner$CommandLineProgressMonitor - Completed (31%)
2024-10-22 21:47:49 INFO: 21:47:49.919 [main] [INFO ] q.l.p.CommandLineTaskRunner$CommandLineProgressMonitor - Completed (32%)
2024-10-22 21:47:50 INFO: 21:47:50.335 [main] [INFO ] q.l.p.CommandLineTaskRunner$CommandLineProgressMonitor - Completed (33%)
2024-10-22 21:47:50 INFO: 21:47:50.722 [main] [INFO ] q.l.p.CommandLineTaskRunner$CommandLineProgressMonitor - Completed (34%)
2024-10-22 21:47:51 INFO: 21:47:51.030 [main] [INFO ] q.l.p.CommandLineTaskRunner$CommandLineProgressMonitor - Completed (35%)
2024-10-22 21:47:51 INFO: 21:47:51.332 [main] [INFO ] q.l.p.CommandLineTaskRunner$CommandLineProgressMonitor - Completed (36%)
2024-10-22 21:47:51 INFO: 21:47:51.633 [main] [INFO ] q.l.p.CommandLineTaskRunner$CommandLineProgressMonitor - Completed (37%)
2024-10-22 21:47:51 INFO: 21:47:51.941 [main] [INFO ] q.l.p.CommandLineTaskRunner$CommandLineProgressMonitor - Completed (38%)
2024-10-22 21:47:52 INFO: 21:47:52.249 [main] [INFO ] q.l.p.CommandLineTaskRunner$CommandLineProgressMonitor - Completed (39%)
2024-10-22 21:47:52 INFO: 21:47:52.614 [main] [INFO ] q.l.p.CommandLineTaskRunner$CommandLineProgressMonitor - Completed (40%)
2024-10-22 21:47:53 INFO: 21:47:53.041 [main] [INFO ] q.l.p.CommandLineTaskRunner$CommandLineProgressMonitor - Completed (41%)
2024-10-22 21:47:53 INFO: 21:47:53.291 [main] [INFO ] q.l.p.CommandLineTaskRunner$CommandLineProgressMonitor - Completed (42%)
2024-10-22 21:47:53 INFO: 21:47:53.516 [main] [INFO ] q.l.p.CommandLineTaskRunner$CommandLineProgressMonitor - Completed (43%)
2024-10-22 21:47:53 INFO: 21:47:53.737 [main] [INFO ] q.l.p.CommandLineTaskRunner$CommandLineProgressMonitor - Completed (44%)
2024-10-22 21:47:53 INFO: 21:47:53.963 [main] [INFO ] q.l.p.CommandLineTaskRunner$CommandLineProgressMonitor - Completed (45%)
2024-10-22 21:47:54 INFO: 21:47:54.187 [main] [INFO ] q.l.p.CommandLineTaskRunner$CommandLineProgressMonitor - Completed (46%)
2024-10-22 21:47:54 INFO: 21:47:54.413 [main] [INFO ] q.l.p.CommandLineTaskRunner$CommandLineProgressMonitor - Completed (47%)
2024-10-22 21:47:54 INFO: 21:47:54.646 [main] [INFO ] q.l.p.CommandLineTaskRunner$CommandLineProgressMonitor - Completed (48%)
2024-10-22 21:47:54 INFO: 21:47:54.885 [main] [INFO ] q.l.p.CommandLineTaskRunner$CommandLineProgressMonitor - Completed (49%)
2024-10-22 21:47:55 INFO: 21:47:55.126 [main] [INFO ] q.l.p.CommandLineTaskRunner$CommandLineProgressMonitor - Completed (50%)
2024-10-22 21:47:55 INFO: 21:47:55.366 [main] [INFO ] q.l.p.CommandLineTaskRunner$CommandLineProgressMonitor - Completed (51%)
2024-10-22 21:47:55 INFO: 21:47:55.703 [main] [INFO ] q.l.p.CommandLineTaskRunner$CommandLineProgressMonitor - Completed (52%)
2024-10-22 21:47:56 INFO: 21:47:56.055 [main] [INFO ] q.l.p.CommandLineTaskRunner$CommandLineProgressMonitor - Completed (53%)
2024-10-22 21:47:56 INFO: 21:47:56.349 [main] [INFO ] q.l.p.CommandLineTaskRunner$CommandLineProgressMonitor - Completed (54%)
2024-10-22 21:47:56 INFO: 21:47:56.618 [main] [INFO ] q.l.p.CommandLineTaskRunner$CommandLineProgressMonitor - Completed (55%)
2024-10-22 21:47:56 INFO: 21:47:56.870 [main] [INFO ] q.l.p.CommandLineTaskRunner$CommandLineProgressMonitor - Completed (56%)
2024-10-22 21:47:57 INFO: 21:47:57.138 [main] [INFO ] q.l.p.CommandLineTaskRunner$CommandLineProgressMonitor - Completed (57%)
2024-10-22 21:47:57 INFO: 21:47:57.412 [main] [INFO ] q.l.p.CommandLineTaskRunner$CommandLineProgressMonitor - Completed (58%)
2024-10-22 21:47:57 INFO: 21:47:57.651 [main] [INFO ] q.l.p.CommandLineTaskRunner$CommandLineProgressMonitor - Completed (59%)
2024-10-22 21:47:57 INFO: 21:47:57.884 [main] [INFO ] q.l.p.CommandLineTaskRunner$CommandLineProgressMonitor - Completed (60%)
2024-10-22 21:47:58 INFO: 21:47:58.118 [main] [INFO ] q.l.p.CommandLineTaskRunner$CommandLineProgressMonitor - Completed (61%)
2024-10-22 21:47:58 INFO: 21:47:58.348 [main] [INFO ] q.l.p.CommandLineTaskRunner$CommandLineProgressMonitor - Completed (62%)
2024-10-22 21:47:58 INFO: 21:47:58.831 [main] [INFO ] q.l.p.CommandLineTaskRunner$CommandLineProgressMonitor - Completed (63%)
2024-10-22 21:47:59 INFO: 21:47:59.160 [main] [INFO ] q.l.p.CommandLineTaskRunner$CommandLineProgressMonitor - Completed (64%)
2024-10-22 21:47:59 INFO: 21:47:59.495 [main] [INFO ] q.l.p.CommandLineTaskRunner$CommandLineProgressMonitor - Completed (65%)
2024-10-22 21:47:59 INFO: 21:47:59.890 [main] [INFO ] q.l.p.CommandLineTaskRunner$CommandLineProgressMonitor - Completed (66%)
2024-10-22 21:48:00 INFO: 21:48:00.143 [main] [INFO ] q.l.p.CommandLineTaskRunner$CommandLineProgressMonitor - Completed (67%)
2024-10-22 21:48:00 INFO: 21:48:00.385 [main] [INFO ] q.l.p.CommandLineTaskRunner$CommandLineProgressMonitor - Completed (68%)
2024-10-22 21:48:00 INFO: 21:48:00.600 [main] [INFO ] q.l.p.CommandLineTaskRunner$CommandLineProgressMonitor - Completed (69%)
2024-10-22 21:48:00 INFO: 21:48:00.824 [main] [INFO ] q.l.p.CommandLineTaskRunner$CommandLineProgressMonitor - Completed (70%)
2024-10-22 21:48:01 INFO: 21:48:01.039 [main] [INFO ] q.l.p.CommandLineTaskRunner$CommandLineProgressMonitor - Completed (71%)
2024-10-22 21:48:01 INFO: 21:48:01.259 [main] [INFO ] q.l.p.CommandLineTaskRunner$CommandLineProgressMonitor - Completed (72%)
2024-10-22 21:48:01 INFO: 21:48:01.481 [main] [INFO ] q.l.p.CommandLineTaskRunner$CommandLineProgressMonitor - Completed (73%)
2024-10-22 21:48:01 INFO: 21:48:01.697 [main] [INFO ] q.l.p.CommandLineTaskRunner$CommandLineProgressMonitor - Completed (74%)
2024-10-22 21:48:01 INFO: 21:48:01.952 [main] [INFO ] q.l.p.CommandLineTaskRunner$CommandLineProgressMonitor - Completed (75%)
2024-10-22 21:48:02 INFO: 21:48:02.267 [main] [INFO ] q.l.p.CommandLineTaskRunner$CommandLineProgressMonitor - Completed (76%)
2024-10-22 21:48:02 INFO: 21:48:02.500 [main] [INFO ] q.l.p.CommandLineTaskRunner$CommandLineProgressMonitor - Completed (77%)
2024-10-22 21:48:02 INFO: 21:48:02.727 [main] [INFO ] q.l.p.CommandLineTaskRunner$CommandLineProgressMonitor - Completed (78%)
2024-10-22 21:48:02 INFO: 21:48:02.965 [main] [INFO ] q.l.p.CommandLineTaskRunner$CommandLineProgressMonitor - Completed (79%)
2024-10-22 21:48:03 INFO: 21:48:03.239 [main] [INFO ] q.l.p.CommandLineTaskRunner$CommandLineProgressMonitor - Completed (80%)
2024-10-22 21:48:03 INFO: 21:48:03.507 [main] [INFO ] q.l.p.CommandLineTaskRunner$CommandLineProgressMonitor - Completed (81%)
2024-10-22 21:48:03 INFO: 21:48:03.747 [main] [INFO ] q.l.p.CommandLineTaskRunner$CommandLineProgressMonitor - Completed (82%)
2024-10-22 21:48:04 INFO: 21:48:04.011 [main] [INFO ] q.l.p.CommandLineTaskRunner$CommandLineProgressMonitor - Completed (83%)
2024-10-22 21:48:04 INFO: 21:48:04.334 [main] [INFO ] q.l.p.CommandLineTaskRunner$CommandLineProgressMonitor - Completed (84%)
2024-10-22 21:48:04 INFO: 21:48:04.662 [main] [INFO ] q.l.p.CommandLineTaskRunner$CommandLineProgressMonitor - Completed (85%)
2024-10-22 21:48:04 INFO: 21:48:04.996 [main] [INFO ] q.l.p.CommandLineTaskRunner$CommandLineProgressMonitor - Completed (86%)
2024-10-22 21:48:05 INFO: 21:48:05.332 [main] [INFO ] q.l.p.CommandLineTaskRunner$CommandLineProgressMonitor - Completed (87%)
2024-10-22 21:48:05 INFO: 21:48:05.855 [main] [INFO ] q.l.p.CommandLineTaskRunner$CommandLineProgressMonitor - Completed (88%)
2024-10-22 21:48:06 INFO: 21:48:06.097 [main] [INFO ] q.l.p.CommandLineTaskRunner$CommandLineProgressMonitor - Completed (89%)
2024-10-22 21:48:06 INFO: 21:48:06.322 [main] [INFO ] q.l.p.CommandLineTaskRunner$CommandLineProgressMonitor - Completed (90%)
2024-10-22 21:48:06 INFO: 21:48:06.556 [main] [INFO ] q.l.p.CommandLineTaskRunner$CommandLineProgressMonitor - Completed (91%)
2024-10-22 21:48:06 INFO: 21:48:06.786 [main] [INFO ] q.l.p.CommandLineTaskRunner$CommandLineProgressMonitor - Completed (92%)
2024-10-22 21:48:07 INFO: 21:48:07.018 [main] [INFO ] q.l.p.CommandLineTaskRunner$CommandLineProgressMonitor - Completed (93%)
2024-10-22 21:48:07 INFO: 21:48:07.248 [main] [INFO ] q.l.p.CommandLineTaskRunner$CommandLineProgressMonitor - Completed (94%)
2024-10-22 21:48:07 INFO: 21:48:07.480 [main] [INFO ] q.l.p.CommandLineTaskRunner$CommandLineProgressMonitor - Completed (95%)
2024-10-22 21:48:07 INFO: 21:48:07.745 [main] [INFO ] q.l.p.CommandLineTaskRunner$CommandLineProgressMonitor - Completed (96%)
2024-10-22 21:48:08 INFO: 21:48:08.038 [main] [INFO ] q.l.p.CommandLineTaskRunner$CommandLineProgressMonitor - Completed (97%)
2024-10-22 21:48:08 INFO: 21:48:08.280 [main] [INFO ] q.l.p.CommandLineTaskRunner$CommandLineProgressMonitor - Completed (98%)
2024-10-22 21:48:08 INFO: 21:48:08.552 [main] [INFO ] q.l.p.CommandLineTaskRunner$CommandLineProgressMonitor - Completed (99%)
2024-10-22 21:48:08 INFO: 21:48:08.785 [main] [INFO ] q.l.p.CommandLineTaskRunner$CommandLineProgressMonitor - Completed (100%)
2024-10-22 21:48:52 INFO: 21:48:52.094 [main] [INFO ] q.l.p.CommandLineTaskRunner$CommandLineProgressMonitor - Completed (100%)
2024-10-22 21:48:52 INFO: 21:48:52.096 [main] [INFO ] q.l.p.CommandLineTaskRunner$CommandLineProgressMonitor - Processing complete in 74.07 seconds
2024-10-22 21:48:52 INFO: 21:48:52.096 [main] [INFO ] q.l.p.CommandLineTaskRunner$CommandLineProgressMonitor - Tasks completed!
2024-10-22 21:54:22 INFO: 21:54:22.854 [task-runner-6-1] [WARN ] q.o.features.DelaunayTriangulation - Some objects have missing measurements! Statistics will calculated only for objects with measurements available.
2024-10-22 21:54:22 INFO: 21:54:22.855 [task-runner-6-1] [WARN ] q.o.features.DelaunayTriangulation - Missing measurements: [ROI: 1.00 m per pixel: Residual: Haralick Correlation (F2), ROI: 1.00 m per pixel: Residual: Haralick Information measure of correlation 1 (F11), ROI: 1.00 m per pixel: Hematoxylin: Haralick Correlation (F2), ROI: 1.00 m per pixel: Hematoxylin: Haralick Information measure of correlation 1 (F11), ROI: 1.00 m per pixel: Eosin: Haralick Correlation (F2), ROI: 1.00 m per pixel: Eosin: Haralick Information measure of correlation 1 (F11), ROI: 1.00 m per pixel: Saturation: Haralick Correlation (F2), ROI: 1.00 m per pixel: Saturation: Haralick Information measure of correlation 1 (F11), ROI: 1.00 m per pixel: Red: Haralick Correlation (F2), ROI: 1.00 m per pixel: Red: Haralick Information measure of correlation 1 (F11), ROI: 1.00 m per pixel: Blue: Haralick Correlation (F2), ROI: 1.00 m per pixel: Blue: Haralick Information measure of correlation 1 (F11), ROI: 1.00 m per pixel: Brightness: Haralick Correlation (F2), ROI: 1.00 m per pixel: Brightness: Haralick Information measure of correlation 1 (F11), ROI: 1.00 m per pixel: OD Sum: Haralick Correlation (F2), ROI: 1.00 m per pixel: OD Sum: Haralick Information measure of correlation 1 (F11), ROI: 1.00 m per pixel: Green: Haralick Correlation (F2), ROI: 1.00 m per pixel: Green: Haralick Information measure of correlation 1 (F11), ROI: 1.00 m per pixel: Hematoxylin: Haralick Information measure of correlation 2 (F12), ROI: 1.00 m per pixel: Eosin: Haralick Information measure of correlation 2 (F12), ROI: 1.00 m per pixel: Residual: Haralick Information measure of correlation 2 (F12)]
2024-10-22 21:54:22 INFO: 21:54:22.951 [main] [INFO ] q.l.p.CommandLineTaskRunner$CommandLineProgressMonitor - Delaunay triangulation calculated for Annotation (547550 objects) (100%)
2024-10-22 21:54:22 INFO: 21:54:22.952 [main] [INFO ] q.l.p.CommandLineTaskRunner$CommandLineProgressMonitor - Processing complete in 330.77 seconds
2024-10-22 21:54:22 INFO: 21:54:22.952 [main] [INFO ] q.l.p.CommandLineTaskRunner$CommandLineProgressMonitor - Tasks completed!
2024-10-22 22:00:29 INFO: TCGA-GI-A2C8-01Z-00-DX1.09BD8AC9-645A-4C8B-9B36-77D833BDBA09
2024-10-22 22:00:29 INFO: QuPath subprocess completed.
2024-10-22 22:01:00 INFO: QuPath image extraction completed successfully. Output directory: /home/ilants/Documents/jupyter_test/single_image_multiple_params/exp_threshold_0.005
2024-10-22 22:01:00 INFO: Summary table saved to: /home/ilants/Documents/jupyter_test/single_image_multiple_params/exp_threshold_0.005/Summary_Table.csv
2024-10-22 22:01:00 INFO: Experiment completed successfully.
