2024-10-23 02:25:57 INFO: Starting experiment with for minAreaMicrons with value of 11.0
2024-10-23 02:25:57 INFO: Running with the following configuration:
{'detectionImageBrightfield': 'Hematoxylin OD', 'requestedPixelSizeMicrons': 0.5, 'backgroundRadiusMicrons': 4.0, 'backgroundByReconstruction': True, 'medianRadiusMicrons': 0.0, 'sigmaMicrons': 1.5, 'minAreaMicrons': 11.0, 'maxAreaMicrons': 80.0, 'threshold': 0.1, 'maxBackground': 2.0, 'watershedPostProcess': True, 'cellExpansionMicrons': 5.0, 'includeNuclei': True, 'smoothBoundaries': True, 'makeMeasurements': True, 'backgroundRadiusPixel': 8.0, 'cellExpansionPixel': 10.0, 'medianRadiusPixel': 0.0, 'minAreaPixel': 20.0, 'maxAreaPixel': 160.0}
2024-10-23 02:25:57 INFO: Starting QuPath image extraction with the following parameters: image_dir=/home/ilants/Documents/jupyter_test, output_dir=/home/ilants/Documents/jupyter_test/single_image_multiple_params/exp_minAreaMicrons_11.0, image_type=svs, groovy_script=/home/ilants/Documents/utls/nucleus_detection_wargs.groovy, config_file=/home/ilants/Documents/jupyter_test/single_image_multiple_params/exp_minAreaMicrons_11.0/cfg.json, program_path=/home/ilants/Documents/QuPath-v0.5.1-Linux/QuPath/bin/QuPath
2024-10-23 02:25:58 INFO: 02:25:58.535 [main] [INFO ] qupath.lib.gui.prefs.PathPrefs - Setting default Locale to en_US
2024-10-23 02:25:58 INFO: 02:25:58.538 [main] [INFO ] qupath.lib.gui.prefs.PathPrefs - Setting Locale for FORMAT to en_US
2024-10-23 02:25:58 INFO: 02:25:58.538 [main] [INFO ] qupath.lib.gui.prefs.PathPrefs - Setting Locale for DISPLAY to en_US
2024-10-23 02:25:58 INFO: 02:25:58.553 [main] [INFO ] qupath.lib.common.ThreadTools - Setting parallelism to 63
2024-10-23 02:25:58 INFO: 02:25:58.571 [main] [INFO ] qupath.ScriptCommand - Setting tile cache size to 32200.00 MB (25.0% max memory)
2024-10-23 02:25:58 INFO: 02:25:58.618 [main] [INFO ] qupath.lib.scripting.QP - Initializing type adapters
2024-10-23 02:25:58 INFO: Warning: Versions of org.bytedeco:javacpp:1.5.9 and org.bytedeco:opencv:4.6.0-1.5.8 do not match.
2024-10-23 02:25:58 INFO: Warning: Versions of org.bytedeco:javacpp:1.5.9 and org.bytedeco:openblas:0.3.21-1.5.8 do not match.
2024-10-23 02:26:00 INFO: project parameters are: {"detectionImageBrightfield": "Hematoxylin OD","requestedPixelSizeMicrons": 0.5,"backgroundRadiusMicrons": 4.0,"backgroundByReconstruction": true,"medianRadiusMicrons": 0.0,"sigmaMicrons": 1.5,"minAreaMicrons": 11.0,"maxAreaMicrons": 80.0,"threshold": 0.1,"maxBackground": 2.0,"watershedPostProcess": true,"cellExpansionMicrons": 5.0,"includeNuclei": true,"smoothBoundaries": true,"makeMeasurements": true,"backgroundRadiusPixel": 8.0,"cellExpansionPixel": 10.0,"medianRadiusPixel": 0.0,"minAreaPixel": 20.0,"maxAreaPixel": 160.0}
2024-10-23 02:26:00 INFO: New project created at: /home/ilants/Documents/jupyter_test/single_image_multiple_params/exp_minAreaMicrons_11.0/QPProject
2024-10-23 02:26:00 INFO: Added: /home/ilants/Documents/jupyter_test/TCGA-GI-A2C8-01Z-00-DX1.09BD8AC9-645A-4C8B-9B36-77D833BDBA09.svs
2024-10-23 02:26:00 INFO: /home/ilants/Documents/jupyter_test/TCGA-GI-A2C8-01Z-00-DX1.09BD8AC9-645A-4C8B-9B36-77D833BDBA09.svs
2024-10-23 02:26:00 INFO: 02:26:00.551 [main] [INFO ] q.l.i.s.b.BioFormatsServerOptions - Setting max Bio-Formats readers to 32
2024-10-23 02:26:01 INFO: UriImageSupport (class qupath.lib.images.servers.bioformats.BioFormatsServerBuilder) support=3.0, builders=1
2024-10-23 02:26:01 INFO: true
2024-10-23 02:26:01 INFO: 02:26:01.244 [main] [WARN ] qupath.lib.scripting.QP - createSelectAllObject(boolean) is deprecated, use createFullImageAnnotation(boolean) instead
2024-10-23 02:26:01 INFO: 02:26:01.245 [main] [WARN ] qupath.lib.scripting.QP - createSelectAllObject(boolean, int, int) is deprecated, use createFullImageAnnotation(boolean, int, int) instead
2024-10-23 02:26:01 INFO: 02:26:01.255 [main] [WARN ] q.l.plugins.parameters.ParameterList - Unable to set parameter backgroundRadiusPixel with value 8.0
2024-10-23 02:26:01 INFO: 02:26:01.255 [main] [WARN ] q.l.plugins.parameters.ParameterList - Unable to set parameter cellExpansionPixel with value 10.0
2024-10-23 02:26:01 INFO: 02:26:01.255 [main] [WARN ] q.l.plugins.parameters.ParameterList - Unable to set parameter medianRadiusPixel with value 0.0
2024-10-23 02:26:01 INFO: 02:26:01.255 [main] [WARN ] q.l.plugins.parameters.ParameterList - Unable to set parameter minAreaPixel with value 20.0
2024-10-23 02:26:01 INFO: 02:26:01.255 [main] [WARN ] q.l.plugins.parameters.ParameterList - Unable to set parameter maxAreaPixel with value 160.0
2024-10-23 02:26:14 INFO: 02:26:14.180 [task-runner-1-9] [INFO ] q.lib.plugins.DetectionPluginTools - 0 nuclei detected (processing time: 12.81 seconds)
2024-10-23 02:26:14 INFO: 02:26:14.180 [task-runner-1-48] [INFO ] q.lib.plugins.DetectionPluginTools - 0 nuclei detected (processing time: 12.80 seconds)
2024-10-23 02:26:14 INFO: 02:26:14.183 [main] [INFO ] q.l.p.CommandLineTaskRunner$CommandLineProgressMonitor - 0 nuclei detected (1%)
2024-10-23 02:26:15 INFO: 02:26:15.550 [task-runner-1-1] [INFO ] q.lib.plugins.DetectionPluginTools - 0 nuclei detected (processing time: 14.18 seconds)
2024-10-23 02:26:15 INFO: 02:26:15.551 [main] [INFO ] q.l.p.CommandLineTaskRunner$CommandLineProgressMonitor - 0 nuclei detected (2%)
2024-10-23 02:26:15 INFO: 02:26:15.550 [task-runner-1-32] [INFO ] q.lib.plugins.DetectionPluginTools - 0 nuclei detected (processing time: 14.18 seconds)
2024-10-23 02:26:15 INFO: 02:26:15.552 [main] [INFO ] q.l.p.CommandLineTaskRunner$CommandLineProgressMonitor - 0 nuclei detected (3%)
2024-10-23 02:26:15 INFO: 02:26:15.552 [task-runner-1-3] [INFO ] q.lib.plugins.DetectionPluginTools - 0 nuclei detected (processing time: 14.18 seconds)
2024-10-23 02:26:15 INFO: 02:26:15.551 [task-runner-1-12] [INFO ] q.lib.plugins.DetectionPluginTools - 0 nuclei detected (processing time: 14.18 seconds)
2024-10-23 02:26:15 INFO: 02:26:15.552 [main] [INFO ] q.l.p.CommandLineTaskRunner$CommandLineProgressMonitor - 0 nuclei detected (4%)
2024-10-23 02:26:15 INFO: 02:26:15.551 [task-runner-1-4] [INFO ] q.lib.plugins.DetectionPluginTools - 0 nuclei detected (processing time: 14.18 seconds)
2024-10-23 02:26:15 INFO: 02:26:15.551 [task-runner-1-16] [INFO ] q.lib.plugins.DetectionPluginTools - 0 nuclei detected (processing time: 14.18 seconds)
2024-10-23 02:26:15 INFO: 02:26:15.551 [task-runner-1-15] [INFO ] q.lib.plugins.DetectionPluginTools - 0 nuclei detected (processing time: 14.18 seconds)
2024-10-23 02:26:15 INFO: 02:26:15.554 [main] [INFO ] q.l.p.CommandLineTaskRunner$CommandLineProgressMonitor - 0 nuclei detected (5%)
2024-10-23 02:26:15 INFO: 02:26:15.554 [main] [INFO ] q.l.p.CommandLineTaskRunner$CommandLineProgressMonitor - 0 nuclei detected (6%)
2024-10-23 02:26:15 INFO: 02:26:15.987 [task-runner-1-27] [INFO ] q.lib.plugins.DetectionPluginTools - 1 nucleus detected (processing time: 14.61 seconds)
2024-10-23 02:26:15 INFO: 02:26:15.988 [main] [INFO ] q.l.p.CommandLineTaskRunner$CommandLineProgressMonitor - 1 nucleus detected (6%)
2024-10-23 02:26:15 INFO: 02:26:15.988 [task-runner-1-14] [INFO ] q.lib.plugins.DetectionPluginTools - 2 nuclei detected (processing time: 14.62 seconds)
2024-10-23 02:26:15 INFO: 02:26:15.989 [main] [INFO ] q.l.p.CommandLineTaskRunner$CommandLineProgressMonitor - 2 nuclei detected (7%)
2024-10-23 02:26:15 INFO: 02:26:15.990 [task-runner-1-30] [INFO ] q.lib.plugins.DetectionPluginTools - 1 nucleus detected (processing time: 14.61 seconds)
2024-10-23 02:26:15 INFO: 02:26:15.990 [main] [INFO ] q.l.p.CommandLineTaskRunner$CommandLineProgressMonitor - 1 nucleus detected (8%)
2024-10-23 02:26:15 INFO: 02:26:15.991 [task-runner-1-8] [INFO ] q.lib.plugins.DetectionPluginTools - 2 nuclei detected (processing time: 14.62 seconds)
2024-10-23 02:26:15 INFO: 02:26:15.991 [main] [INFO ] q.l.p.CommandLineTaskRunner$CommandLineProgressMonitor - 2 nuclei detected (8%)
2024-10-23 02:26:15 INFO: 02:26:15.992 [task-runner-1-17] [INFO ] q.lib.plugins.DetectionPluginTools - 2 nuclei detected (processing time: 14.62 seconds)
2024-10-23 02:26:15 INFO: 02:26:15.992 [task-runner-1-7] [INFO ] q.lib.plugins.DetectionPluginTools - 1 nucleus detected (processing time: 14.62 seconds)
2024-10-23 02:26:15 INFO: 02:26:15.992 [task-runner-1-11] [INFO ] q.lib.plugins.DetectionPluginTools - 1 nucleus detected (processing time: 14.62 seconds)
2024-10-23 02:26:15 INFO: 02:26:15.992 [main] [INFO ] q.l.p.CommandLineTaskRunner$CommandLineProgressMonitor - 2 nuclei detected (9%)
2024-10-23 02:26:15 INFO: 02:26:15.992 [main] [INFO ] q.l.p.CommandLineTaskRunner$CommandLineProgressMonitor - 1 nucleus detected (9%)
2024-10-23 02:26:15 INFO: 02:26:15.992 [main] [INFO ] q.l.p.CommandLineTaskRunner$CommandLineProgressMonitor - 1 nucleus detected (10%)
2024-10-23 02:26:16 INFO: 02:26:16.115 [task-runner-1-10] [INFO ] q.lib.plugins.DetectionPluginTools - 1 nucleus detected (processing time: 14.74 seconds)
2024-10-23 02:26:16 INFO: 02:26:16.115 [task-runner-1-2] [INFO ] q.lib.plugins.DetectionPluginTools - 2 nuclei detected (processing time: 14.75 seconds)
2024-10-23 02:26:16 INFO: 02:26:16.118 [main] [INFO ] q.l.p.CommandLineTaskRunner$CommandLineProgressMonitor - 1 nucleus detected (11%)
2024-10-23 02:26:16 INFO: 02:26:16.119 [main] [INFO ] q.l.p.CommandLineTaskRunner$CommandLineProgressMonitor - 2 nuclei detected (11%)
2024-10-23 02:26:16 INFO: 02:26:16.123 [task-runner-1-29] [INFO ] q.lib.plugins.DetectionPluginTools - 5 nuclei detected (processing time: 14.75 seconds)
2024-10-23 02:26:16 INFO: 02:26:16.123 [main] [INFO ] q.l.p.CommandLineTaskRunner$CommandLineProgressMonitor - 5 nuclei detected (12%)
2024-10-23 02:26:16 INFO: 02:26:16.116 [task-runner-1-6] [INFO ] q.lib.plugins.DetectionPluginTools - 5 nuclei detected (processing time: 14.75 seconds)
2024-10-23 02:26:16 INFO: 02:26:16.125 [main] [INFO ] q.l.p.CommandLineTaskRunner$CommandLineProgressMonitor - 5 nuclei detected (13%)
2024-10-23 02:26:16 INFO: 02:26:16.135 [task-runner-1-31] [INFO ] q.lib.plugins.DetectionPluginTools - 13 nuclei detected (processing time: 14.76 seconds)
2024-10-23 02:26:16 INFO: 02:26:16.137 [task-runner-1-13] [INFO ] q.lib.plugins.DetectionPluginTools - 8 nuclei detected (processing time: 14.77 seconds)
2024-10-23 02:26:16 INFO: 02:26:16.136 [main] [INFO ] q.l.p.CommandLineTaskRunner$CommandLineProgressMonitor - 13 nuclei detected (13%)
2024-10-23 02:26:16 INFO: 02:26:16.139 [main] [INFO ] q.l.p.CommandLineTaskRunner$CommandLineProgressMonitor - 8 nuclei detected (14%)
2024-10-23 02:26:16 INFO: 02:26:16.143 [task-runner-1-47] [INFO ] q.lib.plugins.DetectionPluginTools - 7 nuclei detected (processing time: 14.77 seconds)
2024-10-23 02:26:16 INFO: 02:26:16.154 [main] [INFO ] q.l.p.CommandLineTaskRunner$CommandLineProgressMonitor - 7 nuclei detected (14%)
2024-10-23 02:26:16 INFO: 02:26:16.201 [task-runner-1-28] [INFO ] q.lib.plugins.DetectionPluginTools - 20 nuclei detected (processing time: 14.82 seconds)
2024-10-23 02:26:16 INFO: 02:26:16.202 [main] [INFO ] q.l.p.CommandLineTaskRunner$CommandLineProgressMonitor - 20 nuclei detected (15%)
2024-10-23 02:26:16 INFO: 02:26:16.351 [task-runner-1-26] [INFO ] q.lib.plugins.DetectionPluginTools - 48 nuclei detected (processing time: 14.98 seconds)
2024-10-23 02:26:16 INFO: 02:26:16.352 [main] [INFO ] q.l.p.CommandLineTaskRunner$CommandLineProgressMonitor - 48 nuclei detected (16%)
2024-10-23 02:26:16 INFO: 02:26:16.360 [task-runner-1-5] [INFO ] q.lib.plugins.DetectionPluginTools - 60 nuclei detected (processing time: 14.99 seconds)
2024-10-23 02:26:16 INFO: 02:26:16.366 [main] [INFO ] q.l.p.CommandLineTaskRunner$CommandLineProgressMonitor - 60 nuclei detected (16%)
2024-10-23 02:26:16 INFO: 02:26:16.370 [task-runner-1-46] [INFO ] q.lib.plugins.DetectionPluginTools - 56 nuclei detected (processing time: 14.99 seconds)
2024-10-23 02:26:16 INFO: 02:26:16.462 [main] [INFO ] q.l.p.CommandLineTaskRunner$CommandLineProgressMonitor - 56 nuclei detected (17%)
2024-10-23 02:26:16 INFO: 02:26:16.536 [task-runner-1-45] [INFO ] q.lib.plugins.DetectionPluginTools - 113 nuclei detected (processing time: 15.16 seconds)
2024-10-23 02:26:16 INFO: 02:26:16.538 [main] [INFO ] q.l.p.CommandLineTaskRunner$CommandLineProgressMonitor - 113 nuclei detected (18%)
2024-10-23 02:26:16 INFO: 02:26:16.578 [task-runner-1-19] [INFO ] q.lib.plugins.DetectionPluginTools - 147 nuclei detected (processing time: 15.20 seconds)
2024-10-23 02:26:16 INFO: 02:26:16.580 [main] [INFO ] q.l.p.CommandLineTaskRunner$CommandLineProgressMonitor - 147 nuclei detected (18%)
2024-10-23 02:26:16 INFO: 02:26:16.624 [task-runner-1-63] [INFO ] q.lib.plugins.DetectionPluginTools - 147 nuclei detected (processing time: 15.25 seconds)
2024-10-23 02:26:16 INFO: 02:26:16.631 [main] [INFO ] q.l.p.CommandLineTaskRunner$CommandLineProgressMonitor - 147 nuclei detected (19%)
2024-10-23 02:26:16 INFO: 02:26:16.652 [task-runner-1-49] [INFO ] q.lib.plugins.DetectionPluginTools - 130 nuclei detected (processing time: 15.28 seconds)
2024-10-23 02:26:16 INFO: 02:26:16.667 [main] [INFO ] q.l.p.CommandLineTaskRunner$CommandLineProgressMonitor - 130 nuclei detected (19%)
2024-10-23 02:26:16 INFO: 02:26:16.700 [task-runner-1-18] [INFO ] q.lib.plugins.DetectionPluginTools - 236 nuclei detected (processing time: 15.33 seconds)
2024-10-23 02:26:16 INFO: 02:26:16.701 [main] [INFO ] q.l.p.CommandLineTaskRunner$CommandLineProgressMonitor - 236 nuclei detected (20%)
2024-10-23 02:26:16 INFO: 02:26:16.715 [task-runner-1-61] [INFO ] q.lib.plugins.DetectionPluginTools - 200 nuclei detected (processing time: 15.34 seconds)
2024-10-23 02:26:16 INFO: 02:26:16.717 [main] [INFO ] q.l.p.CommandLineTaskRunner$CommandLineProgressMonitor - 200 nuclei detected (21%)
2024-10-23 02:26:16 INFO: 02:26:16.705 [task-runner-1-33] [INFO ] q.lib.plugins.DetectionPluginTools - 230 nuclei detected (processing time: 15.33 seconds)
2024-10-23 02:26:16 INFO: 02:26:16.719 [main] [INFO ] q.l.p.CommandLineTaskRunner$CommandLineProgressMonitor - 230 nuclei detected (21%)
2024-10-23 02:26:16 INFO: 02:26:16.726 [task-runner-1-35] [INFO ] q.lib.plugins.DetectionPluginTools - 285 nuclei detected (processing time: 15.35 seconds)
2024-10-23 02:26:16 INFO: 02:26:16.726 [main] [INFO ] q.l.p.CommandLineTaskRunner$CommandLineProgressMonitor - 285 nuclei detected (22%)
2024-10-23 02:26:16 INFO: 02:26:16.745 [task-runner-1-62] [INFO ] q.lib.plugins.DetectionPluginTools - 215 nuclei detected (processing time: 15.37 seconds)
2024-10-23 02:26:16 INFO: 02:26:16.747 [main] [INFO ] q.l.p.CommandLineTaskRunner$CommandLineProgressMonitor - 215 nuclei detected (23%)
2024-10-23 02:26:16 INFO: 02:26:16.749 [task-runner-1-44] [INFO ] q.lib.plugins.DetectionPluginTools - 264 nuclei detected (processing time: 15.37 seconds)
2024-10-23 02:26:16 INFO: 02:26:16.750 [main] [INFO ] q.l.p.CommandLineTaskRunner$CommandLineProgressMonitor - 264 nuclei detected (23%)
2024-10-23 02:26:16 INFO: 02:26:16.830 [task-runner-1-25] [INFO ] q.lib.plugins.DetectionPluginTools - 343 nuclei detected (processing time: 15.46 seconds)
2024-10-23 02:26:16 INFO: 02:26:16.831 [main] [INFO ] q.l.p.CommandLineTaskRunner$CommandLineProgressMonitor - 343 nuclei detected (24%)
2024-10-23 02:26:17 INFO: 02:26:17.996 [task-runner-1-50] [INFO ] q.lib.plugins.DetectionPluginTools - 316 nuclei detected (processing time: 16.62 seconds)
2024-10-23 02:26:17 INFO: 02:26:17.998 [main] [INFO ] q.l.p.CommandLineTaskRunner$CommandLineProgressMonitor - 316 nuclei detected (24%)
2024-10-23 02:26:18 INFO: 02:26:18.020 [task-runner-1-34] [INFO ] q.lib.plugins.DetectionPluginTools - 391 nuclei detected (processing time: 16.65 seconds)
2024-10-23 02:26:18 INFO: 02:26:18.020 [main] [INFO ] q.l.p.CommandLineTaskRunner$CommandLineProgressMonitor - 391 nuclei detected (25%)
2024-10-23 02:26:18 INFO: 02:26:18.117 [task-runner-1-20] [INFO ] q.lib.plugins.DetectionPluginTools - 647 nuclei detected (processing time: 16.74 seconds)
2024-10-23 02:26:18 INFO: 02:26:18.117 [main] [INFO ] q.l.p.CommandLineTaskRunner$CommandLineProgressMonitor - 647 nuclei detected (26%)
2024-10-23 02:26:18 INFO: 02:26:18.305 [task-runner-1-51] [INFO ] q.lib.plugins.DetectionPluginTools - 858 nuclei detected (processing time: 16.93 seconds)
2024-10-23 02:26:18 INFO: 02:26:18.307 [main] [INFO ] q.l.p.CommandLineTaskRunner$CommandLineProgressMonitor - 858 nuclei detected (26%)
2024-10-23 02:26:18 INFO: 02:26:18.314 [task-runner-1-24] [INFO ] q.lib.plugins.DetectionPluginTools - 966 nuclei detected (processing time: 16.94 seconds)
2024-10-23 02:26:18 INFO: 02:26:18.315 [main] [INFO ] q.l.p.CommandLineTaskRunner$CommandLineProgressMonitor - 966 nuclei detected (27%)
2024-10-23 02:26:18 INFO: 02:26:18.334 [task-runner-1-23] [INFO ] q.lib.plugins.DetectionPluginTools - 987 nuclei detected (processing time: 16.96 seconds)
2024-10-23 02:26:18 INFO: 02:26:18.336 [main] [INFO ] q.l.p.CommandLineTaskRunner$CommandLineProgressMonitor - 987 nuclei detected (28%)
2024-10-23 02:26:18 INFO: 02:26:18.361 [task-runner-1-43] [INFO ] q.lib.plugins.DetectionPluginTools - 975 nuclei detected (processing time: 16.98 seconds)
2024-10-23 02:26:18 INFO: 02:26:18.362 [main] [INFO ] q.l.p.CommandLineTaskRunner$CommandLineProgressMonitor - 975 nuclei detected (28%)
2024-10-23 02:26:18 INFO: 02:26:18.404 [task-runner-1-60] [INFO ] q.lib.plugins.DetectionPluginTools - 1111 nuclei detected (processing time: 17.03 seconds)
2024-10-23 02:26:18 INFO: 02:26:18.405 [main] [INFO ] q.l.p.CommandLineTaskRunner$CommandLineProgressMonitor - 1111 nuclei detected (29%)
2024-10-23 02:26:18 INFO: 02:26:18.480 [task-runner-1-22] [INFO ] q.lib.plugins.DetectionPluginTools - 1372 nuclei detected (processing time: 17.11 seconds)
2024-10-23 02:26:18 INFO: 02:26:18.482 [main] [INFO ] q.l.p.CommandLineTaskRunner$CommandLineProgressMonitor - 1372 nuclei detected (29%)
2024-10-23 02:26:19 INFO: 02:26:19.933 [task-runner-1-36] [INFO ] q.lib.plugins.DetectionPluginTools - 2031 nuclei detected (processing time: 18.56 seconds)
2024-10-23 02:26:19 INFO: 02:26:19.934 [main] [INFO ] q.l.p.CommandLineTaskRunner$CommandLineProgressMonitor - 2031 nuclei detected (30%)
2024-10-23 02:26:20 INFO: 02:26:20.312 [task-runner-1-48] [INFO ] q.lib.plugins.DetectionPluginTools - 1 nucleus detected (processing time: 6.13 seconds)
2024-10-23 02:26:20 INFO: 02:26:20.313 [main] [INFO ] q.l.p.CommandLineTaskRunner$CommandLineProgressMonitor - 1 nucleus detected (31%)
2024-10-23 02:26:21 INFO: 02:26:21.008 [task-runner-1-40] [INFO ] q.lib.plugins.DetectionPluginTools - 2104 nuclei detected (processing time: 19.63 seconds)
2024-10-23 02:26:21 INFO: 02:26:21.010 [main] [INFO ] q.l.p.CommandLineTaskRunner$CommandLineProgressMonitor - 2104 nuclei detected (31%)
2024-10-23 02:26:21 INFO: 02:26:21.535 [task-runner-1-52] [INFO ] q.lib.plugins.DetectionPluginTools - 2534 nuclei detected (processing time: 20.16 seconds)
2024-10-23 02:26:21 INFO: 02:26:21.536 [main] [INFO ] q.l.p.CommandLineTaskRunner$CommandLineProgressMonitor - 2534 nuclei detected (32%)
2024-10-23 02:26:21 INFO: 02:26:21.582 [task-runner-1-42] [INFO ] q.lib.plugins.DetectionPluginTools - 2634 nuclei detected (processing time: 20.20 seconds)
2024-10-23 02:26:21 INFO: 02:26:21.583 [main] [INFO ] q.l.p.CommandLineTaskRunner$CommandLineProgressMonitor - 2634 nuclei detected (33%)
2024-10-23 02:26:21 INFO: 02:26:21.676 [task-runner-1-59] [INFO ] q.lib.plugins.DetectionPluginTools - 2694 nuclei detected (processing time: 20.30 seconds)
2024-10-23 02:26:21 INFO: 02:26:21.677 [main] [INFO ] q.l.p.CommandLineTaskRunner$CommandLineProgressMonitor - 2694 nuclei detected (33%)
2024-10-23 02:26:22 INFO: 02:26:22.052 [task-runner-1-10] [INFO ] q.lib.plugins.DetectionPluginTools - 0 nuclei detected (processing time: 5.93 seconds)
2024-10-23 02:26:22 INFO: 02:26:22.054 [main] [INFO ] q.l.p.CommandLineTaskRunner$CommandLineProgressMonitor - 0 nuclei detected (34%)
2024-10-23 02:26:22 INFO: 02:26:22.116 [task-runner-1-39] [INFO ] q.lib.plugins.DetectionPluginTools - 2929 nuclei detected (processing time: 20.74 seconds)
2024-10-23 02:26:22 INFO: 02:26:22.118 [main] [INFO ] q.l.p.CommandLineTaskRunner$CommandLineProgressMonitor - 2929 nuclei detected (34%)
2024-10-23 02:26:22 INFO: 02:26:22.292 [task-runner-1-41] [INFO ] q.lib.plugins.DetectionPluginTools - 2484 nuclei detected (processing time: 20.92 seconds)
2024-10-23 02:26:22 INFO: 02:26:22.293 [main] [INFO ] q.l.p.CommandLineTaskRunner$CommandLineProgressMonitor - 2484 nuclei detected (35%)
2024-10-23 02:26:22 INFO: 02:26:22.303 [task-runner-1-21] [INFO ] q.lib.plugins.DetectionPluginTools - 3652 nuclei detected (processing time: 20.93 seconds)
2024-10-23 02:26:22 INFO: 02:26:22.305 [main] [INFO ] q.l.p.CommandLineTaskRunner$CommandLineProgressMonitor - 3652 nuclei detected (36%)
2024-10-23 02:26:22 INFO: 02:26:22.303 [task-runner-1-38] [INFO ] q.lib.plugins.DetectionPluginTools - 3821 nuclei detected (processing time: 20.93 seconds)
2024-10-23 02:26:22 INFO: 02:26:22.305 [main] [INFO ] q.l.p.CommandLineTaskRunner$CommandLineProgressMonitor - 3821 nuclei detected (36%)
2024-10-23 02:26:22 INFO: 02:26:22.549 [task-runner-1-58] [INFO ] q.lib.plugins.DetectionPluginTools - 2662 nuclei detected (processing time: 21.17 seconds)
2024-10-23 02:26:22 INFO: 02:26:22.551 [main] [INFO ] q.l.p.CommandLineTaskRunner$CommandLineProgressMonitor - 2662 nuclei detected (37%)
2024-10-23 02:26:22 INFO: 02:26:22.646 [task-runner-1-57] [INFO ] q.lib.plugins.DetectionPluginTools - 3283 nuclei detected (processing time: 21.27 seconds)
2024-10-23 02:26:22 INFO: 02:26:22.647 [main] [INFO ] q.l.p.CommandLineTaskRunner$CommandLineProgressMonitor - 3283 nuclei detected (38%)
2024-10-23 02:26:22 INFO: 02:26:22.729 [task-runner-1-9] [INFO ] q.lib.plugins.DetectionPluginTools - 115 nuclei detected (processing time: 8.55 seconds)
2024-10-23 02:26:22 INFO: 02:26:22.731 [main] [INFO ] q.l.p.CommandLineTaskRunner$CommandLineProgressMonitor - 115 nuclei detected (38%)
2024-10-23 02:26:22 INFO: 02:26:22.884 [task-runner-1-37] [INFO ] q.lib.plugins.DetectionPluginTools - 4413 nuclei detected (processing time: 21.51 seconds)
2024-10-23 02:26:22 INFO: 02:26:22.886 [main] [INFO ] q.l.p.CommandLineTaskRunner$CommandLineProgressMonitor - 4413 nuclei detected (39%)
2024-10-23 02:26:23 INFO: 02:26:23.031 [task-runner-1-1] [INFO ] q.lib.plugins.DetectionPluginTools - 371 nuclei detected (processing time: 7.48 seconds)
2024-10-23 02:26:23 INFO: 02:26:23.033 [main] [INFO ] q.l.p.CommandLineTaskRunner$CommandLineProgressMonitor - 371 nuclei detected (39%)
2024-10-23 02:26:23 INFO: 02:26:23.073 [task-runner-1-2] [INFO ] q.lib.plugins.DetectionPluginTools - 116 nuclei detected (processing time: 6.96 seconds)
2024-10-23 02:26:23 INFO: 02:26:23.095 [main] [INFO ] q.l.p.CommandLineTaskRunner$CommandLineProgressMonitor - 116 nuclei detected (40%)
2024-10-23 02:26:23 INFO: 02:26:23.889 [task-runner-1-29] [INFO ] q.lib.plugins.DetectionPluginTools - 137 nuclei detected (processing time: 7.77 seconds)
2024-10-23 02:26:23 INFO: 02:26:23.892 [main] [INFO ] q.l.p.CommandLineTaskRunner$CommandLineProgressMonitor - 137 nuclei detected (41%)
2024-10-23 02:26:24 INFO: 02:26:24.184 [task-runner-1-56] [INFO ] q.lib.plugins.DetectionPluginTools - 3995 nuclei detected (processing time: 22.81 seconds)
2024-10-23 02:26:24 INFO: 02:26:24.185 [main] [INFO ] q.l.p.CommandLineTaskRunner$CommandLineProgressMonitor - 3995 nuclei detected (41%)
2024-10-23 02:26:24 INFO: 02:26:24.249 [task-runner-1-11] [INFO ] q.lib.plugins.DetectionPluginTools - 212 nuclei detected (processing time: 8.26 seconds)
2024-10-23 02:26:24 INFO: 02:26:24.252 [main] [INFO ] q.l.p.CommandLineTaskRunner$CommandLineProgressMonitor - 212 nuclei detected (42%)
2024-10-23 02:26:24 INFO: 02:26:24.274 [task-runner-1-61] [INFO ] q.lib.plugins.DetectionPluginTools - 2 nuclei detected (processing time: 7.56 seconds)
2024-10-23 02:26:24 INFO: 02:26:24.276 [main] [INFO ] q.l.p.CommandLineTaskRunner$CommandLineProgressMonitor - 2 nuclei detected (43%)
2024-10-23 02:26:24 INFO: 02:26:24.700 [task-runner-1-18] [INFO ] q.lib.plugins.DetectionPluginTools - 110 nuclei detected (processing time: 8.00 seconds)
2024-10-23 02:26:24 INFO: 02:26:24.704 [main] [INFO ] q.l.p.CommandLineTaskRunner$CommandLineProgressMonitor - 110 nuclei detected (43%)
2024-10-23 02:26:24 INFO: 02:26:24.758 [task-runner-1-55] [INFO ] q.lib.plugins.DetectionPluginTools - 3240 nuclei detected (processing time: 23.38 seconds)
2024-10-23 02:26:24 INFO: 02:26:24.759 [main] [INFO ] q.l.p.CommandLineTaskRunner$CommandLineProgressMonitor - 3240 nuclei detected (44%)
2024-10-23 02:26:24 INFO: 02:26:24.943 [task-runner-1-33] [INFO ] q.lib.plugins.DetectionPluginTools - 147 nuclei detected (processing time: 8.22 seconds)
2024-10-23 02:26:24 INFO: 02:26:24.947 [main] [INFO ] q.l.p.CommandLineTaskRunner$CommandLineProgressMonitor - 147 nuclei detected (44%)
2024-10-23 02:26:25 INFO: 02:26:25.153 [task-runner-1-35] [INFO ] q.lib.plugins.DetectionPluginTools - 148 nuclei detected (processing time: 8.43 seconds)
2024-10-23 02:26:25 INFO: 02:26:25.155 [main] [INFO ] q.l.p.CommandLineTaskRunner$CommandLineProgressMonitor - 148 nuclei detected (45%)
2024-10-23 02:26:25 INFO: 02:26:25.347 [task-runner-1-32] [INFO ] q.lib.plugins.DetectionPluginTools - 484 nuclei detected (processing time: 9.80 seconds)
2024-10-23 02:26:25 INFO: 02:26:25.349 [main] [INFO ] q.l.p.CommandLineTaskRunner$CommandLineProgressMonitor - 484 nuclei detected (46%)
2024-10-23 02:26:25 INFO: 02:26:25.602 [task-runner-1-54] [INFO ] q.lib.plugins.DetectionPluginTools - 4554 nuclei detected (processing time: 24.22 seconds)
2024-10-23 02:26:25 INFO: 02:26:25.611 [main] [INFO ] q.l.p.CommandLineTaskRunner$CommandLineProgressMonitor - 4554 nuclei detected (46%)
2024-10-23 02:26:26 INFO: 02:26:26.163 [task-runner-1-53] [INFO ] q.lib.plugins.DetectionPluginTools - 5967 nuclei detected (processing time: 24.78 seconds)
2024-10-23 02:26:26 INFO: 02:26:26.166 [main] [INFO ] q.l.p.CommandLineTaskRunner$CommandLineProgressMonitor - 5967 nuclei detected (47%)
2024-10-23 02:26:26 INFO: 02:26:26.174 [task-runner-1-6] [INFO ] q.lib.plugins.DetectionPluginTools - 821 nuclei detected (processing time: 10.05 seconds)
2024-10-23 02:26:26 INFO: 02:26:26.177 [main] [INFO ] q.l.p.CommandLineTaskRunner$CommandLineProgressMonitor - 821 nuclei detected (48%)
2024-10-23 02:26:26 INFO: 02:26:26.269 [task-runner-1-62] [INFO ] q.lib.plugins.DetectionPluginTools - 243 nuclei detected (processing time: 9.52 seconds)
2024-10-23 02:26:26 INFO: 02:26:26.271 [main] [INFO ] q.l.p.CommandLineTaskRunner$CommandLineProgressMonitor - 243 nuclei detected (48%)
2024-10-23 02:26:27 INFO: 02:26:27.135 [task-runner-1-7] [INFO ] q.lib.plugins.DetectionPluginTools - 725 nuclei detected (processing time: 11.14 seconds)
2024-10-23 02:26:27 INFO: 02:26:27.136 [main] [INFO ] q.l.p.CommandLineTaskRunner$CommandLineProgressMonitor - 725 nuclei detected (49%)
2024-10-23 02:26:27 INFO: 02:26:27.151 [task-runner-1-36] [INFO ] q.lib.plugins.DetectionPluginTools - 42 nuclei detected (processing time: 7.22 seconds)
2024-10-23 02:26:27 INFO: 02:26:27.153 [main] [INFO ] q.l.p.CommandLineTaskRunner$CommandLineProgressMonitor - 42 nuclei detected (49%)
2024-10-23 02:26:27 INFO: 02:26:27.324 [task-runner-1-48] [INFO ] q.lib.plugins.DetectionPluginTools - 1 nucleus detected (processing time: 7.01 seconds)
2024-10-23 02:26:27 INFO: 02:26:27.326 [main] [INFO ] q.l.p.CommandLineTaskRunner$CommandLineProgressMonitor - 1 nucleus detected (50%)
2024-10-23 02:26:27 INFO: 02:26:27.542 [task-runner-1-49] [INFO ] q.lib.plugins.DetectionPluginTools - 776 nuclei detected (processing time: 10.88 seconds)
2024-10-23 02:26:27 INFO: 02:26:27.543 [main] [INFO ] q.l.p.CommandLineTaskRunner$CommandLineProgressMonitor - 776 nuclei detected (51%)
2024-10-23 02:26:28 INFO: 02:26:28.902 [task-runner-1-40] [INFO ] q.lib.plugins.DetectionPluginTools - 328 nuclei detected (processing time: 7.89 seconds)
2024-10-23 02:26:28 INFO: 02:26:28.904 [main] [INFO ] q.l.p.CommandLineTaskRunner$CommandLineProgressMonitor - 328 nuclei detected (51%)
2024-10-23 02:26:29 INFO: 02:26:29.384 [task-runner-1-2] [INFO ] q.lib.plugins.DetectionPluginTools - 0 nuclei detected (processing time: 6.29 seconds)
2024-10-23 02:26:29 INFO: 02:26:29.385 [main] [INFO ] q.l.p.CommandLineTaskRunner$CommandLineProgressMonitor - 0 nuclei detected (52%)
2024-10-23 02:26:29 INFO: 02:26:29.602 [task-runner-1-17] [INFO ] q.lib.plugins.DetectionPluginTools - 1420 nuclei detected (processing time: 13.61 seconds)
2024-10-23 02:26:29 INFO: 02:26:29.607 [main] [INFO ] q.l.p.CommandLineTaskRunner$CommandLineProgressMonitor - 1420 nuclei detected (53%)
2024-10-23 02:26:30 INFO: 02:26:30.023 [task-runner-1-52] [INFO ] q.lib.plugins.DetectionPluginTools - 256 nuclei detected (processing time: 8.49 seconds)
2024-10-23 02:26:30 INFO: 02:26:30.026 [main] [INFO ] q.l.p.CommandLineTaskRunner$CommandLineProgressMonitor - 256 nuclei detected (53%)
2024-10-23 02:26:30 INFO: 02:26:30.040 [task-runner-1-29] [INFO ] q.lib.plugins.DetectionPluginTools - 0 nuclei detected (processing time: 6.15 seconds)
2024-10-23 02:26:30 INFO: 02:26:30.042 [main] [INFO ] q.l.p.CommandLineTaskRunner$CommandLineProgressMonitor - 0 nuclei detected (54%)
2024-10-23 02:26:30 INFO: 02:26:30.682 [task-runner-1-18] [INFO ] q.lib.plugins.DetectionPluginTools - 3 nuclei detected (processing time: 5.98 seconds)
2024-10-23 02:26:30 INFO: 02:26:30.684 [main] [INFO ] q.l.p.CommandLineTaskRunner$CommandLineProgressMonitor - 3 nuclei detected (54%)
2024-10-23 02:26:30 INFO: 02:26:30.838 [task-runner-1-42] [INFO ] q.lib.plugins.DetectionPluginTools - 297 nuclei detected (processing time: 9.26 seconds)
2024-10-23 02:26:30 INFO: 02:26:30.840 [main] [INFO ] q.l.p.CommandLineTaskRunner$CommandLineProgressMonitor - 297 nuclei detected (55%)
2024-10-23 02:26:31 INFO: 02:26:31.166 [task-runner-1-54] [INFO ] q.lib.plugins.DetectionPluginTools - 22 nuclei detected (processing time: 5.56 seconds)
2024-10-23 02:26:31 INFO: 02:26:31.167 [main] [INFO ] q.l.p.CommandLineTaskRunner$CommandLineProgressMonitor - 22 nuclei detected (56%)
2024-10-23 02:26:31 INFO: 02:26:31.398 [task-runner-1-35] [INFO ] q.lib.plugins.DetectionPluginTools - 0 nuclei detected (processing time: 6.24 seconds)
2024-10-23 02:26:31 INFO: 02:26:31.400 [main] [INFO ] q.l.p.CommandLineTaskRunner$CommandLineProgressMonitor - 0 nuclei detected (56%)
2024-10-23 02:26:31 INFO: 02:26:31.462 [task-runner-1-11] [INFO ] q.lib.plugins.DetectionPluginTools - 79 nuclei detected (processing time: 7.21 seconds)
2024-10-23 02:26:31 INFO: 02:26:31.463 [main] [INFO ] q.l.p.CommandLineTaskRunner$CommandLineProgressMonitor - 79 nuclei detected (57%)
2024-10-23 02:26:31 INFO: 02:26:31.488 [task-runner-1-32] [INFO ] q.lib.plugins.DetectionPluginTools - 0 nuclei detected (processing time: 6.14 seconds)
2024-10-23 02:26:31 INFO: 02:26:31.490 [main] [INFO ] q.l.p.CommandLineTaskRunner$CommandLineProgressMonitor - 0 nuclei detected (57%)
2024-10-23 02:26:31 INFO: 02:26:31.493 [task-runner-1-61] [INFO ] q.lib.plugins.DetectionPluginTools - 100 nuclei detected (processing time: 7.22 seconds)
2024-10-23 02:26:31 INFO: 02:26:31.495 [main] [INFO ] q.l.p.CommandLineTaskRunner$CommandLineProgressMonitor - 100 nuclei detected (58%)
2024-10-23 02:26:31 INFO: 02:26:31.548 [task-runner-1-55] [INFO ] q.lib.plugins.DetectionPluginTools - 10 nuclei detected (processing time: 6.79 seconds)
2024-10-23 02:26:31 INFO: 02:26:31.554 [main] [INFO ] q.l.p.CommandLineTaskRunner$CommandLineProgressMonitor - 10 nuclei detected (59%)
2024-10-23 02:26:31 INFO: 02:26:31.631 [task-runner-1-33] [INFO ] q.lib.plugins.DetectionPluginTools - 0 nuclei detected (processing time: 6.68 seconds)
2024-10-23 02:26:31 INFO: 02:26:31.633 [main] [INFO ] q.l.p.CommandLineTaskRunner$CommandLineProgressMonitor - 0 nuclei detected (59%)
2024-10-23 02:26:31 INFO: 02:26:31.792 [task-runner-1-56] [INFO ] q.lib.plugins.DetectionPluginTools - 108 nuclei detected (processing time: 7.61 seconds)
2024-10-23 02:26:31 INFO: 02:26:31.794 [main] [INFO ] q.l.p.CommandLineTaskRunner$CommandLineProgressMonitor - 108 nuclei detected (60%)
2024-10-23 02:26:32 INFO: 02:26:32.542 [task-runner-1-1] [INFO ] q.lib.plugins.DetectionPluginTools - 1071 nuclei detected (processing time: 9.51 seconds)
2024-10-23 02:26:32 INFO: 02:26:32.544 [main] [INFO ] q.l.p.CommandLineTaskRunner$CommandLineProgressMonitor - 1071 nuclei detected (61%)
2024-10-23 02:26:33 INFO: 02:26:33.170 [task-runner-1-36] [INFO ] q.lib.plugins.DetectionPluginTools - 0 nuclei detected (processing time: 6.02 seconds)
2024-10-23 02:26:33 INFO: 02:26:33.171 [main] [INFO ] q.l.p.CommandLineTaskRunner$CommandLineProgressMonitor - 0 nuclei detected (61%)
2024-10-23 02:26:33 INFO: 02:26:33.432 [task-runner-1-22] [INFO ] q.lib.plugins.DetectionPluginTools - 2240 nuclei detected (processing time: 14.95 seconds)
2024-10-23 02:26:33 INFO: 02:26:33.433 [main] [INFO ] q.l.p.CommandLineTaskRunner$CommandLineProgressMonitor - 2240 nuclei detected (62%)
2024-10-23 02:26:33 INFO: 02:26:33.498 [task-runner-1-48] [INFO ] q.lib.plugins.DetectionPluginTools - 0 nuclei detected (processing time: 6.17 seconds)
2024-10-23 02:26:33 INFO: 02:26:33.500 [main] [INFO ] q.l.p.CommandLineTaskRunner$CommandLineProgressMonitor - 0 nuclei detected (63%)
2024-10-23 02:26:33 INFO: 02:26:33.627 [task-runner-1-53] [INFO ] q.lib.plugins.DetectionPluginTools - 348 nuclei detected (processing time: 7.46 seconds)
2024-10-23 02:26:33 INFO: 02:26:33.629 [main] [INFO ] q.l.p.CommandLineTaskRunner$CommandLineProgressMonitor - 348 nuclei detected (63%)
2024-10-23 02:26:33 INFO: 02:26:33.708 [task-runner-1-49] [INFO ] q.lib.plugins.DetectionPluginTools - 0 nuclei detected (processing time: 6.16 seconds)
2024-10-23 02:26:33 INFO: 02:26:33.708 [main] [INFO ] q.l.p.CommandLineTaskRunner$CommandLineProgressMonitor - 0 nuclei detected (64%)
2024-10-23 02:26:33 INFO: 02:26:33.910 [task-runner-1-3] [INFO ] q.lib.plugins.DetectionPluginTools - 2709 nuclei detected (processing time: 18.36 seconds)
2024-10-23 02:26:33 INFO: 02:26:33.911 [main] [INFO ] q.l.p.CommandLineTaskRunner$CommandLineProgressMonitor - 2709 nuclei detected (64%)
2024-10-23 02:26:34 INFO: 02:26:34.972 [task-runner-1-40] [INFO ] q.lib.plugins.DetectionPluginTools - 8 nuclei detected (processing time: 6.07 seconds)
2024-10-23 02:26:34 INFO: 02:26:34.973 [main] [INFO ] q.l.p.CommandLineTaskRunner$CommandLineProgressMonitor - 8 nuclei detected (65%)
2024-10-23 02:26:35 INFO: 02:26:35.150 [task-runner-1-41] [INFO ] q.lib.plugins.DetectionPluginTools - 1339 nuclei detected (processing time: 12.86 seconds)
2024-10-23 02:26:35 INFO: 02:26:35.152 [main] [INFO ] q.l.p.CommandLineTaskRunner$CommandLineProgressMonitor - 1339 nuclei detected (66%)
2024-10-23 02:26:35 INFO: 02:26:35.271 [task-runner-1-2] [INFO ] q.lib.plugins.DetectionPluginTools - 1 nucleus detected (processing time: 5.89 seconds)
2024-10-23 02:26:35 INFO: 02:26:35.273 [main] [INFO ] q.l.p.CommandLineTaskRunner$CommandLineProgressMonitor - 1 nucleus detected (66%)
2024-10-23 02:26:35 INFO: 02:26:35.762 [task-runner-1-17] [INFO ] q.lib.plugins.DetectionPluginTools - 0 nuclei detected (processing time: 6.15 seconds)
2024-10-23 02:26:35 INFO: 02:26:35.763 [main] [INFO ] q.l.p.CommandLineTaskRunner$CommandLineProgressMonitor - 0 nuclei detected (67%)
2024-10-23 02:26:36 INFO: 02:26:36.023 [task-runner-1-52] [INFO ] q.lib.plugins.DetectionPluginTools - 1 nucleus detected (processing time: 6.00 seconds)
2024-10-23 02:26:36 INFO: 02:26:36.023 [main] [INFO ] q.l.p.CommandLineTaskRunner$CommandLineProgressMonitor - 1 nucleus detected (68%)
2024-10-23 02:26:36 INFO: 02:26:36.499 [task-runner-1-8] [INFO ] q.lib.plugins.DetectionPluginTools - 3286 nuclei detected (processing time: 20.51 seconds)
2024-10-23 02:26:36 INFO: 02:26:36.500 [main] [INFO ] q.l.p.CommandLineTaskRunner$CommandLineProgressMonitor - 3286 nuclei detected (68%)
2024-10-23 02:26:36 INFO: 02:26:36.579 [task-runner-1-55] [INFO ] q.lib.plugins.DetectionPluginTools - 0 nuclei detected (processing time: 5.03 seconds)
2024-10-23 02:26:36 INFO: 02:26:36.580 [main] [INFO ] q.l.p.CommandLineTaskRunner$CommandLineProgressMonitor - 0 nuclei detected (69%)
2024-10-23 02:26:36 INFO: 02:26:36.590 [task-runner-1-19] [INFO ] q.lib.plugins.DetectionPluginTools - 2880 nuclei detected (processing time: 20.01 seconds)
2024-10-23 02:26:36 INFO: 02:26:36.590 [main] [INFO ] q.l.p.CommandLineTaskRunner$CommandLineProgressMonitor - 2880 nuclei detected (69%)
2024-10-23 02:26:36 INFO: 02:26:36.615 [task-runner-1-6] [INFO ] q.lib.plugins.DetectionPluginTools - 1494 nuclei detected (processing time: 10.44 seconds)
2024-10-23 02:26:36 INFO: 02:26:36.616 [main] [INFO ] q.l.p.CommandLineTaskRunner$CommandLineProgressMonitor - 1494 nuclei detected (70%)
2024-10-23 02:26:36 INFO: 02:26:36.676 [task-runner-1-29] [INFO ] q.lib.plugins.DetectionPluginTools - 1 nucleus detected (processing time: 6.63 seconds)
2024-10-23 02:26:36 INFO: 02:26:36.677 [main] [INFO ] q.l.p.CommandLineTaskRunner$CommandLineProgressMonitor - 1 nucleus detected (71%)
2024-10-23 02:26:37 INFO: 02:26:37.018 [task-runner-1-61] [INFO ] q.lib.plugins.DetectionPluginTools - 0 nuclei detected (processing time: 5.52 seconds)
2024-10-23 02:26:37 INFO: 02:26:37.018 [main] [INFO ] q.l.p.CommandLineTaskRunner$CommandLineProgressMonitor - 0 nuclei detected (71%)
2024-10-23 02:26:37 INFO: 02:26:37.032 [task-runner-1-31] [INFO ] q.lib.plugins.DetectionPluginTools - 3090 nuclei detected (processing time: 20.90 seconds)
2024-10-23 02:26:37 INFO: 02:26:37.033 [main] [INFO ] q.l.p.CommandLineTaskRunner$CommandLineProgressMonitor - 3090 nuclei detected (72%)
2024-10-23 02:26:37 INFO: 02:26:37.147 [task-runner-1-10] [INFO ] q.lib.plugins.DetectionPluginTools - 2029 nuclei detected (processing time: 15.09 seconds)
2024-10-23 02:26:37 INFO: 02:26:37.147 [main] [INFO ] q.l.p.CommandLineTaskRunner$CommandLineProgressMonitor - 2029 nuclei detected (73%)
2024-10-23 02:26:37 INFO: 02:26:37.191 [task-runner-1-59] [INFO ] q.lib.plugins.DetectionPluginTools - 1135 nuclei detected (processing time: 15.51 seconds)
2024-10-23 02:26:37 INFO: 02:26:37.191 [main] [INFO ] q.l.p.CommandLineTaskRunner$CommandLineProgressMonitor - 1135 nuclei detected (73%)
2024-10-23 02:26:37 INFO: 02:26:37.193 [task-runner-1-32] [INFO ] q.lib.plugins.DetectionPluginTools - 0 nuclei detected (processing time: 5.70 seconds)
2024-10-23 02:26:37 INFO: 02:26:37.193 [main] [INFO ] q.l.p.CommandLineTaskRunner$CommandLineProgressMonitor - 0 nuclei detected (74%)
2024-10-23 02:26:37 INFO: 02:26:37.216 [task-runner-1-27] [INFO ] q.lib.plugins.DetectionPluginTools - 3954 nuclei detected (processing time: 21.23 seconds)
2024-10-23 02:26:37 INFO: 02:26:37.217 [main] [INFO ] q.l.p.CommandLineTaskRunner$CommandLineProgressMonitor - 3954 nuclei detected (74%)
2024-10-23 02:26:37 INFO: 02:26:37.247 [task-runner-1-1] [INFO ] q.lib.plugins.DetectionPluginTools - 0 nuclei detected (processing time: 4.70 seconds)
2024-10-23 02:26:37 INFO: 02:26:37.248 [main] [INFO ] q.l.p.CommandLineTaskRunner$CommandLineProgressMonitor - 0 nuclei detected (75%)
2024-10-23 02:26:37 INFO: 02:26:37.301 [task-runner-1-56] [INFO ] q.lib.plugins.DetectionPluginTools - 0 nuclei detected (processing time: 5.51 seconds)
2024-10-23 02:26:37 INFO: 02:26:37.302 [main] [INFO ] q.l.p.CommandLineTaskRunner$CommandLineProgressMonitor - 0 nuclei detected (76%)
2024-10-23 02:26:37 INFO: 02:26:37.357 [task-runner-1-18] [INFO ] q.lib.plugins.DetectionPluginTools - 0 nuclei detected (processing time: 6.67 seconds)
2024-10-23 02:26:37 INFO: 02:26:37.393 [task-runner-1-14] [INFO ] q.lib.plugins.DetectionPluginTools - 3621 nuclei detected (processing time: 21.40 seconds)
2024-10-23 02:26:37 INFO: 02:26:37.394 [main] [INFO ] q.l.p.CommandLineTaskRunner$CommandLineProgressMonitor - 3621 nuclei detected (77%)
2024-10-23 02:26:37 INFO: 02:26:37.510 [task-runner-1-63] [INFO ] q.lib.plugins.DetectionPluginTools - 2490 nuclei detected (processing time: 20.88 seconds)
2024-10-23 02:26:37 INFO: 02:26:37.510 [main] [INFO ] q.l.p.CommandLineTaskRunner$CommandLineProgressMonitor - 2490 nuclei detected (78%)
2024-10-23 02:26:37 INFO: 02:26:37.528 [task-runner-1-42] [INFO ] q.lib.plugins.DetectionPluginTools - 1 nucleus detected (processing time: 6.69 seconds)
2024-10-23 02:26:37 INFO: 02:26:37.528 [main] [INFO ] q.l.p.CommandLineTaskRunner$CommandLineProgressMonitor - 1 nucleus detected (78%)
2024-10-23 02:26:37 INFO: 02:26:37.563 [task-runner-1-35] [INFO ] q.lib.plugins.DetectionPluginTools - 0 nuclei detected (processing time: 6.16 seconds)
2024-10-23 02:26:37 INFO: 02:26:37.564 [main] [INFO ] q.l.p.CommandLineTaskRunner$CommandLineProgressMonitor - 0 nuclei detected (79%)
2024-10-23 02:26:37 INFO: 02:26:37.669 [task-runner-1-11] [INFO ] q.lib.plugins.DetectionPluginTools - 1 nucleus detected (processing time: 6.21 seconds)
2024-10-23 02:26:37 INFO: 02:26:37.669 [main] [INFO ] q.l.p.CommandLineTaskRunner$CommandLineProgressMonitor - 1 nucleus detected (79%)
2024-10-23 02:26:37 INFO: 02:26:37.695 [task-runner-1-54] [INFO ] q.lib.plugins.DetectionPluginTools - 1 nucleus detected (processing time: 6.53 seconds)
2024-10-23 02:26:37 INFO: 02:26:37.695 [main] [INFO ] q.l.p.CommandLineTaskRunner$CommandLineProgressMonitor - 1 nucleus detected (80%)
2024-10-23 02:26:37 INFO: 02:26:37.699 [task-runner-1-33] [INFO ] q.lib.plugins.DetectionPluginTools - 0 nuclei detected (processing time: 6.07 seconds)
2024-10-23 02:26:37 INFO: 02:26:37.699 [main] [INFO ] q.l.p.CommandLineTaskRunner$CommandLineProgressMonitor - 0 nuclei detected (81%)
2024-10-23 02:26:37 INFO: 02:26:37.732 [task-runner-1-46] [INFO ] q.lib.plugins.DetectionPluginTools - 3547 nuclei detected (processing time: 21.27 seconds)
2024-10-23 02:26:37 INFO: 02:26:37.733 [main] [INFO ] q.l.p.CommandLineTaskRunner$CommandLineProgressMonitor - 3547 nuclei detected (81%)
2024-10-23 02:26:37 INFO: 02:26:37.781 [task-runner-1-39] [INFO ] q.lib.plugins.DetectionPluginTools - 1326 nuclei detected (processing time: 15.66 seconds)
2024-10-23 02:26:37 INFO: 02:26:37.781 [main] [INFO ] q.l.p.CommandLineTaskRunner$CommandLineProgressMonitor - 1326 nuclei detected (82%)
2024-10-23 02:26:37 INFO: 02:26:37.788 [task-runner-1-45] [INFO ] q.lib.plugins.DetectionPluginTools - 3063 nuclei detected (processing time: 21.25 seconds)
2024-10-23 02:26:37 INFO: 02:26:37.788 [main] [INFO ] q.l.p.CommandLineTaskRunner$CommandLineProgressMonitor - 3063 nuclei detected (83%)
2024-10-23 02:26:37 INFO: 02:26:37.864 [task-runner-1-44] [INFO ] q.lib.plugins.DetectionPluginTools - 2620 nuclei detected (processing time: 21.12 seconds)
2024-10-23 02:26:37 INFO: 02:26:37.865 [main] [INFO ] q.l.p.CommandLineTaskRunner$CommandLineProgressMonitor - 2620 nuclei detected (83%)
2024-10-23 02:26:37 INFO: 02:26:37.897 [task-runner-1-30] [INFO ] q.lib.plugins.DetectionPluginTools - 3376 nuclei detected (processing time: 21.91 seconds)
2024-10-23 02:26:37 INFO: 02:26:37.897 [main] [INFO ] q.l.p.CommandLineTaskRunner$CommandLineProgressMonitor - 3376 nuclei detected (84%)
2024-10-23 02:26:37 INFO: 02:26:37.898 [task-runner-1-25] [INFO ] q.lib.plugins.DetectionPluginTools - 3596 nuclei detected (processing time: 21.07 seconds)
2024-10-23 02:26:37 INFO: 02:26:37.898 [main] [INFO ] q.l.p.CommandLineTaskRunner$CommandLineProgressMonitor - 3596 nuclei detected (84%)
2024-10-23 02:26:38 INFO: 02:26:38.226 [task-runner-1-50] [INFO ] q.lib.plugins.DetectionPluginTools - 2741 nuclei detected (processing time: 20.23 seconds)
2024-10-23 02:26:38 INFO: 02:26:38.226 [main] [INFO ] q.l.p.CommandLineTaskRunner$CommandLineProgressMonitor - 2741 nuclei detected (85%)
2024-10-23 02:26:38 INFO: 02:26:38.286 [task-runner-1-12] [INFO ] q.lib.plugins.DetectionPluginTools - 5366 nuclei detected (processing time: 22.73 seconds)
2024-10-23 02:26:38 INFO: 02:26:38.286 [main] [INFO ] q.l.p.CommandLineTaskRunner$CommandLineProgressMonitor - 5366 nuclei detected (86%)
2024-10-23 02:26:38 INFO: 02:26:38.315 [task-runner-1-28] [INFO ] q.lib.plugins.DetectionPluginTools - 3760 nuclei detected (processing time: 22.11 seconds)
2024-10-23 02:26:38 INFO: 02:26:38.315 [main] [INFO ] q.l.p.CommandLineTaskRunner$CommandLineProgressMonitor - 3760 nuclei detected (86%)
2024-10-23 02:26:38 INFO: 02:26:38.354 [task-runner-1-13] [INFO ] q.lib.plugins.DetectionPluginTools - 3393 nuclei detected (processing time: 22.22 seconds)
2024-10-23 02:26:38 INFO: 02:26:38.354 [main] [INFO ] q.l.p.CommandLineTaskRunner$CommandLineProgressMonitor - 3393 nuclei detected (87%)
2024-10-23 02:26:38 INFO: 02:26:38.492 [task-runner-1-62] [INFO ] q.lib.plugins.DetectionPluginTools - 2308 nuclei detected (processing time: 12.22 seconds)
2024-10-23 02:26:38 INFO: 02:26:38.492 [main] [INFO ] q.l.p.CommandLineTaskRunner$CommandLineProgressMonitor - 2308 nuclei detected (88%)
2024-10-23 02:26:38 INFO: 02:26:38.494 [task-runner-1-47] [INFO ] q.lib.plugins.DetectionPluginTools - 4422 nuclei detected (processing time: 22.34 seconds)
2024-10-23 02:26:38 INFO: 02:26:38.494 [main] [INFO ] q.l.p.CommandLineTaskRunner$CommandLineProgressMonitor - 4422 nuclei detected (88%)
2024-10-23 02:26:38 INFO: 02:26:38.523 [task-runner-1-34] [INFO ] q.lib.plugins.DetectionPluginTools - 2868 nuclei detected (processing time: 20.50 seconds)
2024-10-23 02:26:38 INFO: 02:26:38.523 [main] [INFO ] q.l.p.CommandLineTaskRunner$CommandLineProgressMonitor - 2868 nuclei detected (89%)
2024-10-23 02:26:38 INFO: 02:26:38.523 [task-runner-1-21] [INFO ] q.lib.plugins.DetectionPluginTools - 2990 nuclei detected (processing time: 16.22 seconds)
2024-10-23 02:26:38 INFO: 02:26:38.524 [main] [INFO ] q.l.p.CommandLineTaskRunner$CommandLineProgressMonitor - 2990 nuclei detected (89%)
2024-10-23 02:26:38 INFO: 02:26:38.565 [task-runner-1-5] [INFO ] q.lib.plugins.DetectionPluginTools - 4146 nuclei detected (processing time: 22.20 seconds)
2024-10-23 02:26:38 INFO: 02:26:38.565 [main] [INFO ] q.l.p.CommandLineTaskRunner$CommandLineProgressMonitor - 4146 nuclei detected (90%)
2024-10-23 02:26:38 INFO: 02:26:38.585 [task-runner-1-51] [INFO ] q.lib.plugins.DetectionPluginTools - 3609 nuclei detected (processing time: 20.28 seconds)
2024-10-23 02:26:38 INFO: 02:26:38.585 [main] [INFO ] q.l.p.CommandLineTaskRunner$CommandLineProgressMonitor - 3609 nuclei detected (91%)
2024-10-23 02:26:38 INFO: 02:26:38.634 [task-runner-1-20] [INFO ] q.lib.plugins.DetectionPluginTools - 3712 nuclei detected (processing time: 20.52 seconds)
2024-10-23 02:26:38 INFO: 02:26:38.634 [main] [INFO ] q.l.p.CommandLineTaskRunner$CommandLineProgressMonitor - 3712 nuclei detected (91%)
2024-10-23 02:26:38 INFO: 02:26:38.648 [task-runner-1-16] [INFO ] q.lib.plugins.DetectionPluginTools - 4036 nuclei detected (processing time: 23.09 seconds)
2024-10-23 02:26:38 INFO: 02:26:38.648 [main] [INFO ] q.l.p.CommandLineTaskRunner$CommandLineProgressMonitor - 4036 nuclei detected (92%)
2024-10-23 02:26:38 INFO: 02:26:38.648 [task-runner-1-26] [INFO ] q.lib.plugins.DetectionPluginTools - 4118 nuclei detected (processing time: 22.30 seconds)
2024-10-23 02:26:38 INFO: 02:26:38.648 [main] [INFO ] q.l.p.CommandLineTaskRunner$CommandLineProgressMonitor - 4118 nuclei detected (93%)
2024-10-23 02:26:38 INFO: 02:26:38.673 [task-runner-1-7] [INFO ] q.lib.plugins.DetectionPluginTools - 2718 nuclei detected (processing time: 11.53 seconds)
2024-10-23 02:26:38 INFO: 02:26:38.673 [main] [INFO ] q.l.p.CommandLineTaskRunner$CommandLineProgressMonitor - 2718 nuclei detected (93%)
2024-10-23 02:26:38 INFO: 02:26:38.895 [task-runner-1-15] [INFO ] q.lib.plugins.DetectionPluginTools - 4229 nuclei detected (processing time: 23.34 seconds)
2024-10-23 02:26:38 INFO: 02:26:38.895 [main] [INFO ] q.l.p.CommandLineTaskRunner$CommandLineProgressMonitor - 4229 nuclei detected (94%)
2024-10-23 02:26:38 INFO: 02:26:38.899 [task-runner-1-23] [INFO ] q.lib.plugins.DetectionPluginTools - 4649 nuclei detected (processing time: 20.56 seconds)
2024-10-23 02:26:38 INFO: 02:26:38.900 [main] [INFO ] q.l.p.CommandLineTaskRunner$CommandLineProgressMonitor - 4649 nuclei detected (94%)
2024-10-23 02:26:38 INFO: 02:26:38.977 [task-runner-1-43] [INFO ] q.lib.plugins.DetectionPluginTools - 3994 nuclei detected (processing time: 20.62 seconds)
2024-10-23 02:26:38 INFO: 02:26:38.978 [main] [INFO ] q.l.p.CommandLineTaskRunner$CommandLineProgressMonitor - 3994 nuclei detected (95%)
2024-10-23 02:26:38 INFO: 02:26:38.997 [task-runner-1-24] [INFO ] q.lib.plugins.DetectionPluginTools - 3619 nuclei detected (processing time: 20.68 seconds)
2024-10-23 02:26:38 INFO: 02:26:38.997 [main] [INFO ] q.l.p.CommandLineTaskRunner$CommandLineProgressMonitor - 3619 nuclei detected (96%)
2024-10-23 02:26:39 INFO: 02:26:39.064 [task-runner-1-4] [INFO ] q.lib.plugins.DetectionPluginTools - 6523 nuclei detected (processing time: 23.51 seconds)
2024-10-23 02:26:39 INFO: 02:26:39.065 [main] [INFO ] q.l.p.CommandLineTaskRunner$CommandLineProgressMonitor - 6523 nuclei detected (96%)
2024-10-23 02:26:39 INFO: 02:26:39.067 [task-runner-1-38] [INFO ] q.lib.plugins.DetectionPluginTools - 3893 nuclei detected (processing time: 16.76 seconds)
2024-10-23 02:26:39 INFO: 02:26:39.067 [main] [INFO ] q.l.p.CommandLineTaskRunner$CommandLineProgressMonitor - 3893 nuclei detected (97%)
2024-10-23 02:26:39 INFO: 02:26:39.222 [task-runner-1-60] [INFO ] q.lib.plugins.DetectionPluginTools - 5195 nuclei detected (processing time: 20.82 seconds)
2024-10-23 02:26:39 INFO: 02:26:39.222 [main] [INFO ] q.l.p.CommandLineTaskRunner$CommandLineProgressMonitor - 5195 nuclei detected (98%)
2024-10-23 02:26:40 INFO: 02:26:40.153 [task-runner-1-37] [INFO ] q.lib.plugins.DetectionPluginTools - 4675 nuclei detected (processing time: 17.27 seconds)
2024-10-23 02:26:40 INFO: 02:26:40.153 [main] [INFO ] q.l.p.CommandLineTaskRunner$CommandLineProgressMonitor - 4675 nuclei detected (98%)
2024-10-23 02:26:40 INFO: 02:26:40.559 [task-runner-1-58] [INFO ] q.lib.plugins.DetectionPluginTools - 5144 nuclei detected (processing time: 18.01 seconds)
2024-10-23 02:26:40 INFO: 02:26:40.559 [main] [INFO ] q.l.p.CommandLineTaskRunner$CommandLineProgressMonitor - 5144 nuclei detected (99%)
2024-10-23 02:26:40 INFO: 02:26:40.886 [task-runner-1-57] [INFO ] q.lib.plugins.DetectionPluginTools - 5504 nuclei detected (processing time: 18.24 seconds)
2024-10-23 02:26:40 INFO: 02:26:40.887 [main] [INFO ] q.l.p.CommandLineTaskRunner$CommandLineProgressMonitor - 5504 nuclei detected (99%)
2024-10-23 02:26:40 INFO: 02:26:40.905 [task-runner-1-9] [INFO ] q.lib.plugins.DetectionPluginTools - 5621 nuclei detected (processing time: 18.17 seconds)
2024-10-23 02:26:40 INFO: 02:26:40.905 [main] [INFO ] q.l.p.CommandLineTaskRunner$CommandLineProgressMonitor - 5621 nuclei detected (100%)
2024-10-23 02:26:40 INFO: 02:26:40.906 [main] [INFO ] q.l.p.CommandLineTaskRunner$CommandLineProgressMonitor - Processing complete in 39.54 seconds
2024-10-23 02:26:40 INFO: 02:26:40.906 [main] [INFO ] q.l.p.CommandLineTaskRunner$CommandLineProgressMonitor - Tasks completed!
2024-10-23 02:26:49 INFO: 02:26:49.870 [main] [WARN ] q.l.p.objects.SmoothFeaturesPlugin - Smoothing using annotations
2024-10-23 02:26:53 INFO: 02:26:53.179 [main] [INFO ] q.l.p.CommandLineTaskRunner$CommandLineProgressMonitor - Completed (100%)
2024-10-23 02:26:53 INFO: 02:26:53.179 [main] [INFO ] q.l.p.CommandLineTaskRunner$CommandLineProgressMonitor - Processing complete in 3.31 seconds
2024-10-23 02:26:53 INFO: 02:26:53.179 [main] [INFO ] q.l.p.CommandLineTaskRunner$CommandLineProgressMonitor - Tasks completed!
2024-10-23 02:26:53 INFO: 02:26:53.181 [main] [WARN ] q.l.p.objects.SmoothFeaturesPlugin - Smoothing using annotations
2024-10-23 02:27:01 INFO: 02:27:01.087 [main] [INFO ] q.l.p.CommandLineTaskRunner$CommandLineProgressMonitor - Completed (100%)
2024-10-23 02:27:01 INFO: 02:27:01.088 [main] [INFO ] q.l.p.CommandLineTaskRunner$CommandLineProgressMonitor - Processing complete in 7.91 seconds
2024-10-23 02:27:01 INFO: 02:27:01.088 [main] [INFO ] q.l.p.CommandLineTaskRunner$CommandLineProgressMonitor - Tasks completed!
2024-10-23 02:27:01 INFO: 02:27:01.089 [main] [WARN ] q.l.p.objects.SmoothFeaturesPlugin - Smoothing using annotations
2024-10-23 02:27:19 INFO: 02:27:19.608 [main] [INFO ] q.l.p.CommandLineTaskRunner$CommandLineProgressMonitor - Completed (100%)
2024-10-23 02:27:19 INFO: 02:27:19.608 [main] [INFO ] q.l.p.CommandLineTaskRunner$CommandLineProgressMonitor - Processing complete in 18.52 seconds
2024-10-23 02:27:19 INFO: 02:27:19.608 [main] [INFO ] q.l.p.CommandLineTaskRunner$CommandLineProgressMonitor - Tasks completed!
2024-10-23 02:27:19 INFO: 02:27:19.805 [task-runner-5-2] [INFO ] q.l.a.IntensityFeaturesPlugin - Splitting Rectangle (0, 0, 63784, 39311) into 40 tiles for intensity measurements
2024-10-23 02:27:19 INFO: 02:27:19.963 [main] [INFO ] q.l.p.CommandLineTaskRunner$CommandLineProgressMonitor - Completed (0%)
2024-10-23 02:27:20 INFO: 02:27:20.781 [main] [INFO ] q.l.p.CommandLineTaskRunner$CommandLineProgressMonitor - Completed (1%)
2024-10-23 02:27:21 INFO: 02:27:21.099 [main] [INFO ] q.l.p.CommandLineTaskRunner$CommandLineProgressMonitor - Completed (2%)
2024-10-23 02:27:21 INFO: 02:27:21.218 [main] [INFO ] q.l.p.CommandLineTaskRunner$CommandLineProgressMonitor - Completed (3%)
2024-10-23 02:27:21 INFO: 02:27:21.345 [main] [INFO ] q.l.p.CommandLineTaskRunner$CommandLineProgressMonitor - Completed (4%)
2024-10-23 02:27:21 INFO: 02:27:21.494 [main] [INFO ] q.l.p.CommandLineTaskRunner$CommandLineProgressMonitor - Completed (5%)
2024-10-23 02:27:21 INFO: 02:27:21.941 [main] [INFO ] q.l.p.CommandLineTaskRunner$CommandLineProgressMonitor - Completed (6%)
2024-10-23 02:27:22 INFO: 02:27:22.032 [main] [INFO ] q.l.p.CommandLineTaskRunner$CommandLineProgressMonitor - Completed (7%)
2024-10-23 02:27:22 INFO: 02:27:22.132 [main] [INFO ] q.l.p.CommandLineTaskRunner$CommandLineProgressMonitor - Completed (8%)
2024-10-23 02:27:22 INFO: 02:27:22.232 [main] [INFO ] q.l.p.CommandLineTaskRunner$CommandLineProgressMonitor - Completed (9%)
2024-10-23 02:27:22 INFO: 02:27:22.331 [main] [INFO ] q.l.p.CommandLineTaskRunner$CommandLineProgressMonitor - Completed (10%)
2024-10-23 02:27:22 INFO: 02:27:22.774 [main] [INFO ] q.l.p.CommandLineTaskRunner$CommandLineProgressMonitor - Completed (11%)
2024-10-23 02:27:22 INFO: 02:27:22.870 [main] [INFO ] q.l.p.CommandLineTaskRunner$CommandLineProgressMonitor - Completed (12%)
2024-10-23 02:27:22 INFO: 02:27:22.972 [main] [INFO ] q.l.p.CommandLineTaskRunner$CommandLineProgressMonitor - Completed (13%)
2024-10-23 02:27:23 INFO: 02:27:23.076 [main] [INFO ] q.l.p.CommandLineTaskRunner$CommandLineProgressMonitor - Completed (14%)
2024-10-23 02:27:23 INFO: 02:27:23.232 [main] [INFO ] q.l.p.CommandLineTaskRunner$CommandLineProgressMonitor - Completed (15%)
2024-10-23 02:27:23 INFO: 02:27:23.340 [main] [INFO ] q.l.p.CommandLineTaskRunner$CommandLineProgressMonitor - Completed (16%)
2024-10-23 02:27:23 INFO: 02:27:23.429 [main] [INFO ] q.l.p.CommandLineTaskRunner$CommandLineProgressMonitor - Completed (17%)
2024-10-23 02:27:23 INFO: 02:27:23.822 [main] [INFO ] q.l.p.CommandLineTaskRunner$CommandLineProgressMonitor - Completed (18%)
2024-10-23 02:27:23 INFO: 02:27:23.914 [main] [INFO ] q.l.p.CommandLineTaskRunner$CommandLineProgressMonitor - Completed (19%)
2024-10-23 02:27:24 INFO: 02:27:24.006 [main] [INFO ] q.l.p.CommandLineTaskRunner$CommandLineProgressMonitor - Completed (20%)
2024-10-23 02:27:24 INFO: 02:27:24.097 [main] [INFO ] q.l.p.CommandLineTaskRunner$CommandLineProgressMonitor - Completed (21%)
2024-10-23 02:27:24 INFO: 02:27:24.198 [main] [INFO ] q.l.p.CommandLineTaskRunner$CommandLineProgressMonitor - Completed (22%)
2024-10-23 02:27:24 INFO: 02:27:24.297 [main] [INFO ] q.l.p.CommandLineTaskRunner$CommandLineProgressMonitor - Completed (23%)
2024-10-23 02:27:24 INFO: 02:27:24.678 [main] [INFO ] q.l.p.CommandLineTaskRunner$CommandLineProgressMonitor - Completed (24%)
2024-10-23 02:27:24 INFO: 02:27:24.773 [main] [INFO ] q.l.p.CommandLineTaskRunner$CommandLineProgressMonitor - Completed (25%)
2024-10-23 02:27:24 INFO: 02:27:24.868 [main] [INFO ] q.l.p.CommandLineTaskRunner$CommandLineProgressMonitor - Completed (26%)
2024-10-23 02:27:24 INFO: 02:27:24.966 [main] [INFO ] q.l.p.CommandLineTaskRunner$CommandLineProgressMonitor - Completed (27%)
2024-10-23 02:27:25 INFO: 02:27:25.260 [main] [INFO ] q.l.p.CommandLineTaskRunner$CommandLineProgressMonitor - Completed (28%)
2024-10-23 02:27:25 INFO: 02:27:25.410 [main] [INFO ] q.l.p.CommandLineTaskRunner$CommandLineProgressMonitor - Completed (29%)
2024-10-23 02:27:25 INFO: 02:27:25.795 [main] [INFO ] q.l.p.CommandLineTaskRunner$CommandLineProgressMonitor - Completed (30%)
2024-10-23 02:27:25 INFO: 02:27:25.910 [main] [INFO ] q.l.p.CommandLineTaskRunner$CommandLineProgressMonitor - Completed (31%)
2024-10-23 02:27:26 INFO: 02:27:26.013 [main] [INFO ] q.l.p.CommandLineTaskRunner$CommandLineProgressMonitor - Completed (32%)
2024-10-23 02:27:26 INFO: 02:27:26.119 [main] [INFO ] q.l.p.CommandLineTaskRunner$CommandLineProgressMonitor - Completed (33%)
2024-10-23 02:27:26 INFO: 02:27:26.220 [main] [INFO ] q.l.p.CommandLineTaskRunner$CommandLineProgressMonitor - Completed (34%)
2024-10-23 02:27:26 INFO: 02:27:26.327 [main] [INFO ] q.l.p.CommandLineTaskRunner$CommandLineProgressMonitor - Completed (35%)
2024-10-23 02:27:26 INFO: 02:27:26.652 [main] [INFO ] q.l.p.CommandLineTaskRunner$CommandLineProgressMonitor - Completed (36%)
2024-10-23 02:27:26 INFO: 02:27:26.748 [main] [INFO ] q.l.p.CommandLineTaskRunner$CommandLineProgressMonitor - Completed (37%)
2024-10-23 02:27:26 INFO: 02:27:26.849 [main] [INFO ] q.l.p.CommandLineTaskRunner$CommandLineProgressMonitor - Completed (38%)
2024-10-23 02:27:26 INFO: 02:27:26.941 [main] [INFO ] q.l.p.CommandLineTaskRunner$CommandLineProgressMonitor - Completed (39%)
2024-10-23 02:27:27 INFO: 02:27:27.032 [main] [INFO ] q.l.p.CommandLineTaskRunner$CommandLineProgressMonitor - Completed (40%)
2024-10-23 02:27:27 INFO: 02:27:27.125 [main] [INFO ] q.l.p.CommandLineTaskRunner$CommandLineProgressMonitor - Completed (41%)
2024-10-23 02:27:27 INFO: 02:27:27.221 [main] [INFO ] q.l.p.CommandLineTaskRunner$CommandLineProgressMonitor - Completed (42%)
2024-10-23 02:27:27 INFO: 02:27:27.328 [main] [INFO ] q.l.p.CommandLineTaskRunner$CommandLineProgressMonitor - Completed (43%)
2024-10-23 02:27:27 INFO: 02:27:27.433 [main] [INFO ] q.l.p.CommandLineTaskRunner$CommandLineProgressMonitor - Completed (44%)
2024-10-23 02:27:27 INFO: 02:27:27.527 [main] [INFO ] q.l.p.CommandLineTaskRunner$CommandLineProgressMonitor - Completed (45%)
2024-10-23 02:27:27 INFO: 02:27:27.631 [main] [INFO ] q.l.p.CommandLineTaskRunner$CommandLineProgressMonitor - Completed (46%)
2024-10-23 02:27:27 INFO: 02:27:27.765 [main] [INFO ] q.l.p.CommandLineTaskRunner$CommandLineProgressMonitor - Completed (47%)
2024-10-23 02:27:27 INFO: 02:27:27.946 [main] [INFO ] q.l.p.CommandLineTaskRunner$CommandLineProgressMonitor - Completed (48%)
2024-10-23 02:27:28 INFO: 02:27:28.100 [main] [INFO ] q.l.p.CommandLineTaskRunner$CommandLineProgressMonitor - Completed (49%)
2024-10-23 02:27:28 INFO: 02:27:28.296 [main] [INFO ] q.l.p.CommandLineTaskRunner$CommandLineProgressMonitor - Completed (50%)
2024-10-23 02:27:28 INFO: 02:27:28.399 [main] [INFO ] q.l.p.CommandLineTaskRunner$CommandLineProgressMonitor - Completed (51%)
2024-10-23 02:27:28 INFO: 02:27:28.498 [main] [INFO ] q.l.p.CommandLineTaskRunner$CommandLineProgressMonitor - Completed (52%)
2024-10-23 02:27:28 INFO: 02:27:28.590 [main] [INFO ] q.l.p.CommandLineTaskRunner$CommandLineProgressMonitor - Completed (53%)
2024-10-23 02:27:28 INFO: 02:27:28.688 [main] [INFO ] q.l.p.CommandLineTaskRunner$CommandLineProgressMonitor - Completed (54%)
2024-10-23 02:27:28 INFO: 02:27:28.781 [main] [INFO ] q.l.p.CommandLineTaskRunner$CommandLineProgressMonitor - Completed (55%)
2024-10-23 02:27:28 INFO: 02:27:28.872 [main] [INFO ] q.l.p.CommandLineTaskRunner$CommandLineProgressMonitor - Completed (56%)
2024-10-23 02:27:28 INFO: 02:27:28.967 [main] [INFO ] q.l.p.CommandLineTaskRunner$CommandLineProgressMonitor - Completed (57%)
2024-10-23 02:27:29 INFO: 02:27:29.076 [main] [INFO ] q.l.p.CommandLineTaskRunner$CommandLineProgressMonitor - Completed (58%)
2024-10-23 02:27:29 INFO: 02:27:29.215 [main] [INFO ] q.l.p.CommandLineTaskRunner$CommandLineProgressMonitor - Completed (59%)
2024-10-23 02:27:29 INFO: 02:27:29.355 [main] [INFO ] q.l.p.CommandLineTaskRunner$CommandLineProgressMonitor - Completed (60%)
2024-10-23 02:27:29 INFO: 02:27:29.499 [main] [INFO ] q.l.p.CommandLineTaskRunner$CommandLineProgressMonitor - Completed (61%)
2024-10-23 02:27:29 INFO: 02:27:29.610 [main] [INFO ] q.l.p.CommandLineTaskRunner$CommandLineProgressMonitor - Completed (62%)
2024-10-23 02:27:29 INFO: 02:27:29.720 [main] [INFO ] q.l.p.CommandLineTaskRunner$CommandLineProgressMonitor - Completed (63%)
2024-10-23 02:27:29 INFO: 02:27:29.863 [main] [INFO ] q.l.p.CommandLineTaskRunner$CommandLineProgressMonitor - Completed (64%)
2024-10-23 02:27:30 INFO: 02:27:30.013 [main] [INFO ] q.l.p.CommandLineTaskRunner$CommandLineProgressMonitor - Completed (65%)
2024-10-23 02:27:30 INFO: 02:27:30.168 [main] [INFO ] q.l.p.CommandLineTaskRunner$CommandLineProgressMonitor - Completed (66%)
2024-10-23 02:27:30 INFO: 02:27:30.318 [main] [INFO ] q.l.p.CommandLineTaskRunner$CommandLineProgressMonitor - Completed (67%)
2024-10-23 02:27:30 INFO: 02:27:30.468 [main] [INFO ] q.l.p.CommandLineTaskRunner$CommandLineProgressMonitor - Completed (68%)
2024-10-23 02:27:30 INFO: 02:27:30.620 [main] [INFO ] q.l.p.CommandLineTaskRunner$CommandLineProgressMonitor - Completed (69%)
2024-10-23 02:27:30 INFO: 02:27:30.767 [main] [INFO ] q.l.p.CommandLineTaskRunner$CommandLineProgressMonitor - Completed (70%)
2024-10-23 02:27:30 INFO: 02:27:30.925 [main] [INFO ] q.l.p.CommandLineTaskRunner$CommandLineProgressMonitor - Completed (71%)
2024-10-23 02:27:31 INFO: 02:27:31.070 [main] [INFO ] q.l.p.CommandLineTaskRunner$CommandLineProgressMonitor - Completed (72%)
2024-10-23 02:27:31 INFO: 02:27:31.222 [main] [INFO ] q.l.p.CommandLineTaskRunner$CommandLineProgressMonitor - Completed (73%)
2024-10-23 02:27:31 INFO: 02:27:31.371 [main] [INFO ] q.l.p.CommandLineTaskRunner$CommandLineProgressMonitor - Completed (74%)
2024-10-23 02:27:31 INFO: 02:27:31.521 [main] [INFO ] q.l.p.CommandLineTaskRunner$CommandLineProgressMonitor - Completed (75%)
2024-10-23 02:27:31 INFO: 02:27:31.750 [main] [INFO ] q.l.p.CommandLineTaskRunner$CommandLineProgressMonitor - Completed (76%)
2024-10-23 02:27:31 INFO: 02:27:31.906 [main] [INFO ] q.l.p.CommandLineTaskRunner$CommandLineProgressMonitor - Completed (77%)
2024-10-23 02:27:32 INFO: 02:27:32.058 [main] [INFO ] q.l.p.CommandLineTaskRunner$CommandLineProgressMonitor - Completed (78%)
2024-10-23 02:27:32 INFO: 02:27:32.200 [main] [INFO ] q.l.p.CommandLineTaskRunner$CommandLineProgressMonitor - Completed (79%)
2024-10-23 02:27:32 INFO: 02:27:32.320 [main] [INFO ] q.l.p.CommandLineTaskRunner$CommandLineProgressMonitor - Completed (80%)
2024-10-23 02:27:32 INFO: 02:27:32.435 [main] [INFO ] q.l.p.CommandLineTaskRunner$CommandLineProgressMonitor - Completed (81%)
2024-10-23 02:27:32 INFO: 02:27:32.602 [main] [INFO ] q.l.p.CommandLineTaskRunner$CommandLineProgressMonitor - Completed (82%)
2024-10-23 02:27:32 INFO: 02:27:32.722 [main] [INFO ] q.l.p.CommandLineTaskRunner$CommandLineProgressMonitor - Completed (83%)
2024-10-23 02:27:32 INFO: 02:27:32.855 [main] [INFO ] q.l.p.CommandLineTaskRunner$CommandLineProgressMonitor - Completed (84%)
2024-10-23 02:27:32 INFO: 02:27:32.992 [main] [INFO ] q.l.p.CommandLineTaskRunner$CommandLineProgressMonitor - Completed (85%)
2024-10-23 02:27:33 INFO: 02:27:33.145 [main] [INFO ] q.l.p.CommandLineTaskRunner$CommandLineProgressMonitor - Completed (86%)
2024-10-23 02:27:33 INFO: 02:27:33.293 [main] [INFO ] q.l.p.CommandLineTaskRunner$CommandLineProgressMonitor - Completed (87%)
2024-10-23 02:27:33 INFO: 02:27:33.419 [main] [INFO ] q.l.p.CommandLineTaskRunner$CommandLineProgressMonitor - Completed (88%)
2024-10-23 02:27:33 INFO: 02:27:33.533 [main] [INFO ] q.l.p.CommandLineTaskRunner$CommandLineProgressMonitor - Completed (89%)
2024-10-23 02:27:33 INFO: 02:27:33.651 [main] [INFO ] q.l.p.CommandLineTaskRunner$CommandLineProgressMonitor - Completed (90%)
2024-10-23 02:27:33 INFO: 02:27:33.910 [main] [INFO ] q.l.p.CommandLineTaskRunner$CommandLineProgressMonitor - Completed (91%)
2024-10-23 02:27:34 INFO: 02:27:34.057 [main] [INFO ] q.l.p.CommandLineTaskRunner$CommandLineProgressMonitor - Completed (92%)
2024-10-23 02:27:34 INFO: 02:27:34.196 [main] [INFO ] q.l.p.CommandLineTaskRunner$CommandLineProgressMonitor - Completed (93%)
2024-10-23 02:27:34 INFO: 02:27:34.344 [main] [INFO ] q.l.p.CommandLineTaskRunner$CommandLineProgressMonitor - Completed (94%)
2024-10-23 02:27:34 INFO: 02:27:34.484 [main] [INFO ] q.l.p.CommandLineTaskRunner$CommandLineProgressMonitor - Completed (95%)
2024-10-23 02:27:34 INFO: 02:27:34.620 [main] [INFO ] q.l.p.CommandLineTaskRunner$CommandLineProgressMonitor - Completed (96%)
2024-10-23 02:27:34 INFO: 02:27:34.771 [main] [INFO ] q.l.p.CommandLineTaskRunner$CommandLineProgressMonitor - Completed (97%)
2024-10-23 02:27:34 INFO: 02:27:34.931 [main] [INFO ] q.l.p.CommandLineTaskRunner$CommandLineProgressMonitor - Completed (98%)
2024-10-23 02:27:35 INFO: 02:27:35.073 [main] [INFO ] q.l.p.CommandLineTaskRunner$CommandLineProgressMonitor - Completed (99%)
2024-10-23 02:27:35 INFO: 02:27:35.180 [main] [INFO ] q.l.p.CommandLineTaskRunner$CommandLineProgressMonitor - Completed (100%)
2024-10-23 02:28:32 INFO: 02:28:32.796 [main] [INFO ] q.l.p.CommandLineTaskRunner$CommandLineProgressMonitor - Completed (100%)
2024-10-23 02:28:32 INFO: 02:28:32.798 [main] [INFO ] q.l.p.CommandLineTaskRunner$CommandLineProgressMonitor - Processing complete in 73.00 seconds
2024-10-23 02:28:32 INFO: 02:28:32.799 [main] [INFO ] q.l.p.CommandLineTaskRunner$CommandLineProgressMonitor - Tasks completed!
2024-10-23 02:30:26 INFO: 02:30:26.537 [task-runner-6-1] [WARN ] q.o.features.DelaunayTriangulation - Some objects have missing measurements! Statistics will calculated only for objects with measurements available.
2024-10-23 02:30:26 INFO: 02:30:26.537 [task-runner-6-1] [WARN ] q.o.features.DelaunayTriangulation - Missing measurements: [ROI: 1.00 m per pixel: Residual: Haralick Correlation (F2), ROI: 1.00 m per pixel: Residual: Haralick Information measure of correlation 1 (F11), ROI: 1.00 m per pixel: Residual: Haralick Information measure of correlation 2 (F12)]
2024-10-23 02:30:26 INFO: 02:30:26.554 [main] [INFO ] q.l.p.CommandLineTaskRunner$CommandLineProgressMonitor - Delaunay triangulation calculated for Annotation (195987 objects) (100%)
2024-10-23 02:30:26 INFO: 02:30:26.554 [main] [INFO ] q.l.p.CommandLineTaskRunner$CommandLineProgressMonitor - Processing complete in 113.69 seconds
2024-10-23 02:30:26 INFO: 02:30:26.554 [main] [INFO ] q.l.p.CommandLineTaskRunner$CommandLineProgressMonitor - Tasks completed!
2024-10-23 02:32:40 INFO: TCGA-GI-A2C8-01Z-00-DX1.09BD8AC9-645A-4C8B-9B36-77D833BDBA09
2024-10-23 02:32:40 INFO: QuPath subprocess completed.
2024-10-23 02:32:50 INFO: QuPath image extraction completed successfully. Output directory: /home/ilants/Documents/jupyter_test/single_image_multiple_params/exp_minAreaMicrons_11.0
2024-10-23 02:32:50 INFO: Summary table saved to: /home/ilants/Documents/jupyter_test/single_image_multiple_params/exp_minAreaMicrons_11.0/Summary_Table.csv
2024-10-23 02:32:50 INFO: Experiment completed successfully.
