2024-10-23 03:28:50 INFO: Starting experiment with for maxAreaMicrons with value of 80.0
2024-10-23 03:28:50 INFO: Running with the following configuration:
{'detectionImageBrightfield': 'Hematoxylin OD', 'requestedPixelSizeMicrons': 0.5, 'backgroundRadiusMicrons': 4.0, 'backgroundByReconstruction': True, 'medianRadiusMicrons': 0.0, 'sigmaMicrons': 1.5, 'minAreaMicrons': 10.0, 'maxAreaMicrons': 80.0, 'threshold': 0.1, 'maxBackground': 2.0, 'watershedPostProcess': True, 'cellExpansionMicrons': 5.0, 'includeNuclei': True, 'smoothBoundaries': True, 'makeMeasurements': True, 'backgroundRadiusPixel': 8.0, 'cellExpansionPixel': 10.0, 'medianRadiusPixel': 0.0, 'minAreaPixel': 20.0, 'maxAreaPixel': 160.0}
2024-10-23 03:28:50 INFO: Starting QuPath image extraction with the following parameters: image_dir=/home/ilants/Documents/jupyter_test, output_dir=/home/ilants/Documents/jupyter_test/single_image_multiple_params/exp_maxAreaMicrons_80.0, image_type=svs, groovy_script=/home/ilants/Documents/utls/nucleus_detection_wargs.groovy, config_file=/home/ilants/Documents/jupyter_test/single_image_multiple_params/exp_maxAreaMicrons_80.0/cfg.json, program_path=/home/ilants/Documents/QuPath-v0.5.1-Linux/QuPath/bin/QuPath
2024-10-23 03:28:51 INFO: 03:28:51.882 [main] [INFO ] qupath.lib.gui.prefs.PathPrefs - Setting default Locale to en_US
2024-10-23 03:28:51 INFO: 03:28:51.885 [main] [INFO ] qupath.lib.gui.prefs.PathPrefs - Setting Locale for FORMAT to en_US
2024-10-23 03:28:51 INFO: 03:28:51.885 [main] [INFO ] qupath.lib.gui.prefs.PathPrefs - Setting Locale for DISPLAY to en_US
2024-10-23 03:28:51 INFO: 03:28:51.899 [main] [INFO ] qupath.lib.common.ThreadTools - Setting parallelism to 63
2024-10-23 03:28:51 INFO: 03:28:51.917 [main] [INFO ] qupath.ScriptCommand - Setting tile cache size to 32200.00 MB (25.0% max memory)
2024-10-23 03:28:51 INFO: 03:28:51.965 [main] [INFO ] qupath.lib.scripting.QP - Initializing type adapters
2024-10-23 03:28:52 INFO: Warning: Versions of org.bytedeco:javacpp:1.5.9 and org.bytedeco:opencv:4.6.0-1.5.8 do not match.
2024-10-23 03:28:52 INFO: Warning: Versions of org.bytedeco:javacpp:1.5.9 and org.bytedeco:openblas:0.3.21-1.5.8 do not match.
2024-10-23 03:28:53 INFO: project parameters are: {"detectionImageBrightfield": "Hematoxylin OD","requestedPixelSizeMicrons": 0.5,"backgroundRadiusMicrons": 4.0,"backgroundByReconstruction": true,"medianRadiusMicrons": 0.0,"sigmaMicrons": 1.5,"minAreaMicrons": 10.0,"maxAreaMicrons": 80.0,"threshold": 0.1,"maxBackground": 2.0,"watershedPostProcess": true,"cellExpansionMicrons": 5.0,"includeNuclei": true,"smoothBoundaries": true,"makeMeasurements": true,"backgroundRadiusPixel": 8.0,"cellExpansionPixel": 10.0,"medianRadiusPixel": 0.0,"minAreaPixel": 20.0,"maxAreaPixel": 160.0}
2024-10-23 03:28:53 INFO: New project created at: /home/ilants/Documents/jupyter_test/single_image_multiple_params/exp_maxAreaMicrons_80.0/QPProject
2024-10-23 03:28:53 INFO: Added: /home/ilants/Documents/jupyter_test/TCGA-GI-A2C8-01Z-00-DX1.09BD8AC9-645A-4C8B-9B36-77D833BDBA09.svs
2024-10-23 03:28:53 INFO: /home/ilants/Documents/jupyter_test/TCGA-GI-A2C8-01Z-00-DX1.09BD8AC9-645A-4C8B-9B36-77D833BDBA09.svs
2024-10-23 03:28:53 INFO: 03:28:53.905 [main] [INFO ] q.l.i.s.b.BioFormatsServerOptions - Setting max Bio-Formats readers to 32
2024-10-23 03:28:54 INFO: UriImageSupport (class qupath.lib.images.servers.bioformats.BioFormatsServerBuilder) support=3.0, builders=1
2024-10-23 03:28:54 INFO: true
2024-10-23 03:28:54 INFO: 03:28:54.569 [main] [WARN ] qupath.lib.scripting.QP - createSelectAllObject(boolean) is deprecated, use createFullImageAnnotation(boolean) instead
2024-10-23 03:28:54 INFO: 03:28:54.569 [main] [WARN ] qupath.lib.scripting.QP - createSelectAllObject(boolean, int, int) is deprecated, use createFullImageAnnotation(boolean, int, int) instead
2024-10-23 03:28:54 INFO: 03:28:54.580 [main] [WARN ] q.l.plugins.parameters.ParameterList - Unable to set parameter backgroundRadiusPixel with value 8.0
2024-10-23 03:28:54 INFO: 03:28:54.580 [main] [WARN ] q.l.plugins.parameters.ParameterList - Unable to set parameter cellExpansionPixel with value 10.0
2024-10-23 03:28:54 INFO: 03:28:54.580 [main] [WARN ] q.l.plugins.parameters.ParameterList - Unable to set parameter medianRadiusPixel with value 0.0
2024-10-23 03:28:54 INFO: 03:28:54.580 [main] [WARN ] q.l.plugins.parameters.ParameterList - Unable to set parameter minAreaPixel with value 20.0
2024-10-23 03:28:54 INFO: 03:28:54.580 [main] [WARN ] q.l.plugins.parameters.ParameterList - Unable to set parameter maxAreaPixel with value 160.0
2024-10-23 03:29:07 INFO: 03:29:07.690 [task-runner-1-48] [INFO ] q.lib.plugins.DetectionPluginTools - 0 nuclei detected (processing time: 12.98 seconds)
2024-10-23 03:29:07 INFO: 03:29:07.699 [main] [INFO ] q.l.p.CommandLineTaskRunner$CommandLineProgressMonitor - 0 nuclei detected (1%)
2024-10-23 03:29:08 INFO: 03:29:08.141 [task-runner-1-15] [INFO ] q.lib.plugins.DetectionPluginTools - 0 nuclei detected (processing time: 13.44 seconds)
2024-10-23 03:29:08 INFO: 03:29:08.146 [task-runner-1-32] [INFO ] q.lib.plugins.DetectionPluginTools - 0 nuclei detected (processing time: 13.44 seconds)
2024-10-23 03:29:08 INFO: 03:29:08.147 [main] [INFO ] q.l.p.CommandLineTaskRunner$CommandLineProgressMonitor - 0 nuclei detected (2%)
2024-10-23 03:29:08 INFO: 03:29:08.149 [task-runner-1-4] [INFO ] q.lib.plugins.DetectionPluginTools - 0 nuclei detected (processing time: 13.45 seconds)
2024-10-23 03:29:08 INFO: 03:29:08.151 [task-runner-1-16] [INFO ] q.lib.plugins.DetectionPluginTools - 0 nuclei detected (processing time: 13.45 seconds)
2024-10-23 03:29:08 INFO: 03:29:08.151 [main] [INFO ] q.l.p.CommandLineTaskRunner$CommandLineProgressMonitor - 0 nuclei detected (3%)
2024-10-23 03:29:08 INFO: 03:29:08.154 [task-runner-1-9] [INFO ] q.lib.plugins.DetectionPluginTools - 0 nuclei detected (processing time: 13.45 seconds)
2024-10-23 03:29:08 INFO: 03:29:08.155 [task-runner-1-30] [INFO ] q.lib.plugins.DetectionPluginTools - 1 nucleus detected (processing time: 13.45 seconds)
2024-10-23 03:29:08 INFO: 03:29:08.155 [main] [INFO ] q.l.p.CommandLineTaskRunner$CommandLineProgressMonitor - 0 nuclei detected (4%)
2024-10-23 03:29:08 INFO: 03:29:08.155 [main] [INFO ] q.l.p.CommandLineTaskRunner$CommandLineProgressMonitor - 1 nucleus detected (4%)
2024-10-23 03:29:08 INFO: 03:29:08.155 [task-runner-1-6] [INFO ] q.lib.plugins.DetectionPluginTools - 6 nuclei detected (processing time: 13.45 seconds)
2024-10-23 03:29:08 INFO: 03:29:08.156 [main] [INFO ] q.l.p.CommandLineTaskRunner$CommandLineProgressMonitor - 6 nuclei detected (5%)
2024-10-23 03:29:08 INFO: 03:29:08.157 [task-runner-1-7] [INFO ] q.lib.plugins.DetectionPluginTools - 1 nucleus detected (processing time: 13.46 seconds)
2024-10-23 03:29:08 INFO: 03:29:08.157 [main] [INFO ] q.l.p.CommandLineTaskRunner$CommandLineProgressMonitor - 1 nucleus detected (6%)
2024-10-23 03:29:08 INFO: 03:29:08.158 [task-runner-1-14] [INFO ] q.lib.plugins.DetectionPluginTools - 2 nuclei detected (processing time: 13.46 seconds)
2024-10-23 03:29:08 INFO: 03:29:08.158 [main] [INFO ] q.l.p.CommandLineTaskRunner$CommandLineProgressMonitor - 2 nuclei detected (6%)
2024-10-23 03:29:08 INFO: 03:29:08.159 [task-runner-1-11] [INFO ] q.lib.plugins.DetectionPluginTools - 1 nucleus detected (processing time: 13.46 seconds)
2024-10-23 03:29:08 INFO: 03:29:08.159 [main] [INFO ] q.l.p.CommandLineTaskRunner$CommandLineProgressMonitor - 1 nucleus detected (7%)
2024-10-23 03:29:08 INFO: 03:29:08.162 [task-runner-1-8] [INFO ] q.lib.plugins.DetectionPluginTools - 2 nuclei detected (processing time: 13.46 seconds)
2024-10-23 03:29:08 INFO: 03:29:08.162 [main] [INFO ] q.l.p.CommandLineTaskRunner$CommandLineProgressMonitor - 2 nuclei detected (8%)
2024-10-23 03:29:08 INFO: 03:29:08.169 [task-runner-1-1] [INFO ] q.lib.plugins.DetectionPluginTools - 0 nuclei detected (processing time: 13.47 seconds)
2024-10-23 03:29:08 INFO: 03:29:08.170 [task-runner-1-2] [INFO ] q.lib.plugins.DetectionPluginTools - 2 nuclei detected (processing time: 13.46 seconds)
2024-10-23 03:29:08 INFO: 03:29:08.172 [main] [INFO ] q.l.p.CommandLineTaskRunner$CommandLineProgressMonitor - 0 nuclei detected (9%)
2024-10-23 03:29:08 INFO: 03:29:08.202 [task-runner-1-47] [INFO ] q.lib.plugins.DetectionPluginTools - 7 nuclei detected (processing time: 13.49 seconds)
2024-10-23 03:29:08 INFO: 03:29:08.204 [main] [INFO ] q.l.p.CommandLineTaskRunner$CommandLineProgressMonitor - 7 nuclei detected (9%)
2024-10-23 03:29:08 INFO: 03:29:08.206 [task-runner-1-28] [INFO ] q.lib.plugins.DetectionPluginTools - 21 nuclei detected (processing time: 13.50 seconds)
2024-10-23 03:29:08 INFO: 03:29:08.206 [main] [INFO ] q.l.p.CommandLineTaskRunner$CommandLineProgressMonitor - 21 nuclei detected (10%)
2024-10-23 03:29:08 INFO: 03:29:08.244 [task-runner-1-5] [INFO ] q.lib.plugins.DetectionPluginTools - 61 nuclei detected (processing time: 13.54 seconds)
2024-10-23 03:29:08 INFO: 03:29:08.246 [main] [INFO ] q.l.p.CommandLineTaskRunner$CommandLineProgressMonitor - 61 nuclei detected (11%)
2024-10-23 03:29:08 INFO: 03:29:08.260 [task-runner-1-46] [INFO ] q.lib.plugins.DetectionPluginTools - 58 nuclei detected (processing time: 13.55 seconds)
2024-10-23 03:29:08 INFO: 03:29:08.261 [main] [INFO ] q.l.p.CommandLineTaskRunner$CommandLineProgressMonitor - 58 nuclei detected (11%)
2024-10-23 03:29:08 INFO: 03:29:08.269 [task-runner-1-26] [INFO ] q.lib.plugins.DetectionPluginTools - 50 nuclei detected (processing time: 13.56 seconds)
2024-10-23 03:29:08 INFO: 03:29:08.271 [main] [INFO ] q.l.p.CommandLineTaskRunner$CommandLineProgressMonitor - 50 nuclei detected (12%)
2024-10-23 03:29:08 INFO: 03:29:08.285 [task-runner-1-49] [INFO ] q.lib.plugins.DetectionPluginTools - 131 nuclei detected (processing time: 13.57 seconds)
2024-10-23 03:29:08 INFO: 03:29:08.285 [main] [INFO ] q.l.p.CommandLineTaskRunner$CommandLineProgressMonitor - 131 nuclei detected (13%)
2024-10-23 03:29:08 INFO: 03:29:08.312 [task-runner-1-45] [INFO ] q.lib.plugins.DetectionPluginTools - 115 nuclei detected (processing time: 13.60 seconds)
2024-10-23 03:29:08 INFO: 03:29:08.320 [main] [INFO ] q.l.p.CommandLineTaskRunner$CommandLineProgressMonitor - 115 nuclei detected (13%)
2024-10-23 03:29:08 INFO: 03:29:08.322 [task-runner-1-19] [INFO ] q.lib.plugins.DetectionPluginTools - 153 nuclei detected (processing time: 13.62 seconds)
2024-10-23 03:29:08 INFO: 03:29:08.322 [main] [INFO ] q.l.p.CommandLineTaskRunner$CommandLineProgressMonitor - 153 nuclei detected (14%)
2024-10-23 03:29:08 INFO: 03:29:08.318 [task-runner-1-63] [INFO ] q.lib.plugins.DetectionPluginTools - 150 nuclei detected (processing time: 13.60 seconds)
2024-10-23 03:29:08 INFO: 03:29:08.323 [main] [INFO ] q.l.p.CommandLineTaskRunner$CommandLineProgressMonitor - 150 nuclei detected (14%)
2024-10-23 03:29:10 INFO: 03:29:10.082 [task-runner-1-12] [INFO ] q.lib.plugins.DetectionPluginTools - 0 nuclei detected (processing time: 15.38 seconds)
2024-10-23 03:29:10 INFO: 03:29:10.082 [main] [INFO ] q.l.p.CommandLineTaskRunner$CommandLineProgressMonitor - 0 nuclei detected (15%)
2024-10-23 03:29:10 INFO: 03:29:10.083 [task-runner-1-13] [INFO ] q.lib.plugins.DetectionPluginTools - 8 nuclei detected (processing time: 15.38 seconds)
2024-10-23 03:29:10 INFO: 03:29:10.083 [main] [INFO ] q.l.p.CommandLineTaskRunner$CommandLineProgressMonitor - 8 nuclei detected (16%)
2024-10-23 03:29:10 INFO: 03:29:10.097 [task-runner-1-3] [INFO ] q.lib.plugins.DetectionPluginTools - 0 nuclei detected (processing time: 15.40 seconds)
2024-10-23 03:29:10 INFO: 03:29:10.098 [main] [INFO ] q.l.p.CommandLineTaskRunner$CommandLineProgressMonitor - 0 nuclei detected (16%)
2024-10-23 03:29:10 INFO: 03:29:10.099 [task-runner-1-10] [INFO ] q.lib.plugins.DetectionPluginTools - 1 nucleus detected (processing time: 15.40 seconds)
2024-10-23 03:29:10 INFO: 03:29:10.100 [main] [INFO ] q.l.p.CommandLineTaskRunner$CommandLineProgressMonitor - 1 nucleus detected (17%)
2024-10-23 03:29:10 INFO: 03:29:10.105 [task-runner-1-17] [INFO ] q.lib.plugins.DetectionPluginTools - 3 nuclei detected (processing time: 15.40 seconds)
2024-10-23 03:29:10 INFO: 03:29:10.105 [main] [INFO ] q.l.p.CommandLineTaskRunner$CommandLineProgressMonitor - 3 nuclei detected (18%)
2024-10-23 03:29:10 INFO: 03:29:10.169 [task-runner-1-29] [INFO ] q.lib.plugins.DetectionPluginTools - 5 nuclei detected (processing time: 15.46 seconds)
2024-10-23 03:29:10 INFO: 03:29:10.172 [main] [INFO ] q.l.p.CommandLineTaskRunner$CommandLineProgressMonitor - 5 nuclei detected (18%)
2024-10-23 03:29:10 INFO: 03:29:10.236 [task-runner-1-27] [INFO ] q.lib.plugins.DetectionPluginTools - 1 nucleus detected (processing time: 15.53 seconds)
2024-10-23 03:29:10 INFO: 03:29:10.237 [main] [INFO ] q.l.p.CommandLineTaskRunner$CommandLineProgressMonitor - 1 nucleus detected (19%)
2024-10-23 03:29:10 INFO: 03:29:10.320 [task-runner-1-31] [INFO ] q.lib.plugins.DetectionPluginTools - 13 nuclei detected (processing time: 15.61 seconds)
2024-10-23 03:29:10 INFO: 03:29:10.324 [main] [INFO ] q.l.p.CommandLineTaskRunner$CommandLineProgressMonitor - 13 nuclei detected (19%)
2024-10-23 03:29:10 INFO: 03:29:10.493 [task-runner-1-61] [INFO ] q.lib.plugins.DetectionPluginTools - 210 nuclei detected (processing time: 15.78 seconds)
2024-10-23 03:29:10 INFO: 03:29:10.497 [main] [INFO ] q.l.p.CommandLineTaskRunner$CommandLineProgressMonitor - 210 nuclei detected (20%)
2024-10-23 03:29:10 INFO: 03:29:10.512 [task-runner-1-62] [INFO ] q.lib.plugins.DetectionPluginTools - 219 nuclei detected (processing time: 15.80 seconds)
2024-10-23 03:29:10 INFO: 03:29:10.513 [main] [INFO ] q.l.p.CommandLineTaskRunner$CommandLineProgressMonitor - 219 nuclei detected (21%)
2024-10-23 03:29:10 INFO: 03:29:10.570 [task-runner-1-44] [INFO ] q.lib.plugins.DetectionPluginTools - 276 nuclei detected (processing time: 15.86 seconds)
2024-10-23 03:29:10 INFO: 03:29:10.571 [main] [INFO ] q.l.p.CommandLineTaskRunner$CommandLineProgressMonitor - 276 nuclei detected (21%)
2024-10-23 03:29:10 INFO: 03:29:10.587 [task-runner-1-18] [INFO ] q.lib.plugins.DetectionPluginTools - 252 nuclei detected (processing time: 15.88 seconds)
2024-10-23 03:29:10 INFO: 03:29:10.587 [task-runner-1-33] [INFO ] q.lib.plugins.DetectionPluginTools - 237 nuclei detected (processing time: 15.88 seconds)
2024-10-23 03:29:10 INFO: 03:29:10.588 [main] [INFO ] q.l.p.CommandLineTaskRunner$CommandLineProgressMonitor - 252 nuclei detected (22%)
2024-10-23 03:29:10 INFO: 03:29:10.588 [main] [INFO ] q.l.p.CommandLineTaskRunner$CommandLineProgressMonitor - 237 nuclei detected (23%)
2024-10-23 03:29:10 INFO: 03:29:10.593 [task-runner-1-35] [INFO ] q.lib.plugins.DetectionPluginTools - 288 nuclei detected (processing time: 15.89 seconds)
2024-10-23 03:29:10 INFO: 03:29:10.593 [main] [INFO ] q.l.p.CommandLineTaskRunner$CommandLineProgressMonitor - 288 nuclei detected (23%)
2024-10-23 03:29:10 INFO: 03:29:10.611 [task-runner-1-25] [INFO ] q.lib.plugins.DetectionPluginTools - 355 nuclei detected (processing time: 15.91 seconds)
2024-10-23 03:29:10 INFO: 03:29:10.611 [main] [INFO ] q.l.p.CommandLineTaskRunner$CommandLineProgressMonitor - 355 nuclei detected (24%)
2024-10-23 03:29:10 INFO: 03:29:10.639 [task-runner-1-34] [INFO ] q.lib.plugins.DetectionPluginTools - 407 nuclei detected (processing time: 15.93 seconds)
2024-10-23 03:29:10 INFO: 03:29:10.640 [main] [INFO ] q.l.p.CommandLineTaskRunner$CommandLineProgressMonitor - 407 nuclei detected (24%)
2024-10-23 03:29:10 INFO: 03:29:10.652 [task-runner-1-50] [INFO ] q.lib.plugins.DetectionPluginTools - 331 nuclei detected (processing time: 15.94 seconds)
2024-10-23 03:29:10 INFO: 03:29:10.654 [main] [INFO ] q.l.p.CommandLineTaskRunner$CommandLineProgressMonitor - 331 nuclei detected (25%)
2024-10-23 03:29:10 INFO: 03:29:10.708 [task-runner-1-20] [INFO ] q.lib.plugins.DetectionPluginTools - 688 nuclei detected (processing time: 16.00 seconds)
2024-10-23 03:29:10 INFO: 03:29:10.710 [main] [INFO ] q.l.p.CommandLineTaskRunner$CommandLineProgressMonitor - 688 nuclei detected (26%)
2024-10-23 03:29:10 INFO: 03:29:10.938 [task-runner-1-24] [INFO ] q.lib.plugins.DetectionPluginTools - 1021 nuclei detected (processing time: 16.23 seconds)
2024-10-23 03:29:10 INFO: 03:29:10.940 [main] [INFO ] q.l.p.CommandLineTaskRunner$CommandLineProgressMonitor - 1021 nuclei detected (26%)
2024-10-23 03:29:10 INFO: 03:29:10.951 [task-runner-1-23] [INFO ] q.lib.plugins.DetectionPluginTools - 1019 nuclei detected (processing time: 16.25 seconds)
2024-10-23 03:29:10 INFO: 03:29:10.953 [main] [INFO ] q.l.p.CommandLineTaskRunner$CommandLineProgressMonitor - 1019 nuclei detected (27%)
2024-10-23 03:29:10 INFO: 03:29:10.990 [task-runner-1-51] [INFO ] q.lib.plugins.DetectionPluginTools - 890 nuclei detected (processing time: 16.28 seconds)
2024-10-23 03:29:10 INFO: 03:29:10.990 [main] [INFO ] q.l.p.CommandLineTaskRunner$CommandLineProgressMonitor - 890 nuclei detected (28%)
2024-10-23 03:29:11 INFO: 03:29:11.038 [task-runner-1-60] [INFO ] q.lib.plugins.DetectionPluginTools - 1147 nuclei detected (processing time: 16.32 seconds)
2024-10-23 03:29:11 INFO: 03:29:11.040 [main] [INFO ] q.l.p.CommandLineTaskRunner$CommandLineProgressMonitor - 1147 nuclei detected (28%)
2024-10-23 03:29:11 INFO: 03:29:11.061 [task-runner-1-43] [INFO ] q.lib.plugins.DetectionPluginTools - 1000 nuclei detected (processing time: 16.35 seconds)
2024-10-23 03:29:11 INFO: 03:29:11.063 [main] [INFO ] q.l.p.CommandLineTaskRunner$CommandLineProgressMonitor - 1000 nuclei detected (29%)
2024-10-23 03:29:11 INFO: 03:29:11.089 [task-runner-1-22] [INFO ] q.lib.plugins.DetectionPluginTools - 1415 nuclei detected (processing time: 16.39 seconds)
2024-10-23 03:29:11 INFO: 03:29:11.090 [main] [INFO ] q.l.p.CommandLineTaskRunner$CommandLineProgressMonitor - 1415 nuclei detected (29%)
2024-10-23 03:29:13 INFO: 03:29:13.673 [task-runner-1-59] [INFO ] q.lib.plugins.DetectionPluginTools - 2800 nuclei detected (processing time: 18.96 seconds)
2024-10-23 03:29:13 INFO: 03:29:13.676 [main] [INFO ] q.l.p.CommandLineTaskRunner$CommandLineProgressMonitor - 2800 nuclei detected (30%)
2024-10-23 03:29:14 INFO: 03:29:14.242 [task-runner-1-36] [INFO ] q.lib.plugins.DetectionPluginTools - 2090 nuclei detected (processing time: 19.53 seconds)
2024-10-23 03:29:14 INFO: 03:29:14.244 [main] [INFO ] q.l.p.CommandLineTaskRunner$CommandLineProgressMonitor - 2090 nuclei detected (31%)
2024-10-23 03:29:14 INFO: 03:29:14.479 [task-runner-1-48] [INFO ] q.lib.plugins.DetectionPluginTools - 1 nucleus detected (processing time: 6.78 seconds)
2024-10-23 03:29:14 INFO: 03:29:14.480 [main] [INFO ] q.l.p.CommandLineTaskRunner$CommandLineProgressMonitor - 1 nucleus detected (31%)
2024-10-23 03:29:14 INFO: 03:29:14.769 [task-runner-1-40] [INFO ] q.lib.plugins.DetectionPluginTools - 2163 nuclei detected (processing time: 20.06 seconds)
2024-10-23 03:29:14 INFO: 03:29:14.776 [main] [INFO ] q.l.p.CommandLineTaskRunner$CommandLineProgressMonitor - 2163 nuclei detected (32%)
2024-10-23 03:29:15 INFO: 03:29:15.338 [task-runner-1-52] [INFO ] q.lib.plugins.DetectionPluginTools - 2602 nuclei detected (processing time: 20.63 seconds)
2024-10-23 03:29:15 INFO: 03:29:15.339 [main] [INFO ] q.l.p.CommandLineTaskRunner$CommandLineProgressMonitor - 2602 nuclei detected (33%)
2024-10-23 03:29:15 INFO: 03:29:15.481 [task-runner-1-41] [INFO ] q.lib.plugins.DetectionPluginTools - 2538 nuclei detected (processing time: 20.77 seconds)
2024-10-23 03:29:15 INFO: 03:29:15.483 [main] [INFO ] q.l.p.CommandLineTaskRunner$CommandLineProgressMonitor - 2538 nuclei detected (33%)
2024-10-23 03:29:15 INFO: 03:29:15.541 [task-runner-1-5] [INFO ] q.lib.plugins.DetectionPluginTools - 0 nuclei detected (processing time: 7.29 seconds)
2024-10-23 03:29:15 INFO: 03:29:15.542 [main] [INFO ] q.l.p.CommandLineTaskRunner$CommandLineProgressMonitor - 0 nuclei detected (34%)
2024-10-23 03:29:15 INFO: 03:29:15.568 [task-runner-1-21] [INFO ] q.lib.plugins.DetectionPluginTools - 3809 nuclei detected (processing time: 20.86 seconds)
2024-10-23 03:29:15 INFO: 03:29:15.572 [main] [INFO ] q.l.p.CommandLineTaskRunner$CommandLineProgressMonitor - 3809 nuclei detected (34%)
2024-10-23 03:29:15 INFO: 03:29:15.652 [task-runner-1-42] [INFO ] q.lib.plugins.DetectionPluginTools - 2702 nuclei detected (processing time: 20.94 seconds)
2024-10-23 03:29:15 INFO: 03:29:15.654 [main] [INFO ] q.l.p.CommandLineTaskRunner$CommandLineProgressMonitor - 2702 nuclei detected (35%)
2024-10-23 03:29:16 INFO: 03:29:16.050 [task-runner-1-32] [INFO ] q.lib.plugins.DetectionPluginTools - 385 nuclei detected (processing time: 7.90 seconds)
2024-10-23 03:29:16 INFO: 03:29:16.051 [main] [INFO ] q.l.p.CommandLineTaskRunner$CommandLineProgressMonitor - 385 nuclei detected (36%)
2024-10-23 03:29:16 INFO: 03:29:16.428 [task-runner-1-15] [INFO ] q.lib.plugins.DetectionPluginTools - 117 nuclei detected (processing time: 8.28 seconds)
2024-10-23 03:29:16 INFO: 03:29:16.429 [main] [INFO ] q.l.p.CommandLineTaskRunner$CommandLineProgressMonitor - 117 nuclei detected (36%)
2024-10-23 03:29:16 INFO: 03:29:16.464 [task-runner-1-26] [INFO ] q.lib.plugins.DetectionPluginTools - 140 nuclei detected (processing time: 8.19 seconds)
2024-10-23 03:29:16 INFO: 03:29:16.467 [main] [INFO ] q.l.p.CommandLineTaskRunner$CommandLineProgressMonitor - 140 nuclei detected (37%)
2024-10-23 03:29:16 INFO: 03:29:16.610 [task-runner-1-46] [INFO ] q.lib.plugins.DetectionPluginTools - 117 nuclei detected (processing time: 8.35 seconds)
2024-10-23 03:29:16 INFO: 03:29:16.612 [main] [INFO ] q.l.p.CommandLineTaskRunner$CommandLineProgressMonitor - 117 nuclei detected (38%)
2024-10-23 03:29:16 INFO: 03:29:16.628 [task-runner-1-58] [INFO ] q.lib.plugins.DetectionPluginTools - 2731 nuclei detected (processing time: 21.92 seconds)
2024-10-23 03:29:16 INFO: 03:29:16.629 [main] [INFO ] q.l.p.CommandLineTaskRunner$CommandLineProgressMonitor - 2731 nuclei detected (38%)
2024-10-23 03:29:17 INFO: 03:29:17.009 [task-runner-1-39] [INFO ] q.lib.plugins.DetectionPluginTools - 2983 nuclei detected (processing time: 22.30 seconds)
2024-10-23 03:29:17 INFO: 03:29:17.010 [main] [INFO ] q.l.p.CommandLineTaskRunner$CommandLineProgressMonitor - 2983 nuclei detected (39%)
2024-10-23 03:29:17 INFO: 03:29:17.029 [task-runner-1-55] [INFO ] q.lib.plugins.DetectionPluginTools - 3329 nuclei detected (processing time: 22.32 seconds)
2024-10-23 03:29:17 INFO: 03:29:17.031 [main] [INFO ] q.l.p.CommandLineTaskRunner$CommandLineProgressMonitor - 3329 nuclei detected (39%)
2024-10-23 03:29:17 INFO: 03:29:17.300 [task-runner-1-28] [INFO ] q.lib.plugins.DetectionPluginTools - 217 nuclei detected (processing time: 9.09 seconds)
2024-10-23 03:29:17 INFO: 03:29:17.301 [main] [INFO ] q.l.p.CommandLineTaskRunner$CommandLineProgressMonitor - 217 nuclei detected (40%)
2024-10-23 03:29:17 INFO: 03:29:17.333 [task-runner-1-62] [INFO ] q.lib.plugins.DetectionPluginTools - 3 nuclei detected (processing time: 6.82 seconds)
2024-10-23 03:29:17 INFO: 03:29:17.338 [main] [INFO ] q.l.p.CommandLineTaskRunner$CommandLineProgressMonitor - 3 nuclei detected (41%)
2024-10-23 03:29:17 INFO: 03:29:17.435 [task-runner-1-16] [INFO ] q.lib.plugins.DetectionPluginTools - 495 nuclei detected (processing time: 9.28 seconds)
2024-10-23 03:29:17 INFO: 03:29:17.437 [main] [INFO ] q.l.p.CommandLineTaskRunner$CommandLineProgressMonitor - 495 nuclei detected (41%)
2024-10-23 03:29:17 INFO: 03:29:17.534 [task-runner-1-61] [INFO ] q.lib.plugins.DetectionPluginTools - 110 nuclei detected (processing time: 7.04 seconds)
2024-10-23 03:29:17 INFO: 03:29:17.539 [main] [INFO ] q.l.p.CommandLineTaskRunner$CommandLineProgressMonitor - 110 nuclei detected (42%)
2024-10-23 03:29:17 INFO: 03:29:17.923 [task-runner-1-57] [INFO ] q.lib.plugins.DetectionPluginTools - 3348 nuclei detected (processing time: 23.21 seconds)
2024-10-23 03:29:17 INFO: 03:29:17.924 [main] [INFO ] q.l.p.CommandLineTaskRunner$CommandLineProgressMonitor - 3348 nuclei detected (43%)
2024-10-23 03:29:17 INFO: 03:29:17.943 [task-runner-1-38] [INFO ] q.lib.plugins.DetectionPluginTools - 3909 nuclei detected (processing time: 23.24 seconds)
2024-10-23 03:29:17 INFO: 03:29:17.945 [main] [INFO ] q.l.p.CommandLineTaskRunner$CommandLineProgressMonitor - 3909 nuclei detected (43%)
2024-10-23 03:29:18 INFO: 03:29:18.092 [task-runner-1-49] [INFO ] q.lib.plugins.DetectionPluginTools - 869 nuclei detected (processing time: 9.81 seconds)
2024-10-23 03:29:18 INFO: 03:29:18.093 [main] [INFO ] q.l.p.CommandLineTaskRunner$CommandLineProgressMonitor - 869 nuclei detected (44%)
2024-10-23 03:29:18 INFO: 03:29:18.543 [task-runner-1-37] [INFO ] q.lib.plugins.DetectionPluginTools - 4544 nuclei detected (processing time: 23.84 seconds)
2024-10-23 03:29:18 INFO: 03:29:18.545 [main] [INFO ] q.l.p.CommandLineTaskRunner$CommandLineProgressMonitor - 4544 nuclei detected (44%)
2024-10-23 03:29:18 INFO: 03:29:18.589 [task-runner-1-18] [INFO ] q.lib.plugins.DetectionPluginTools - 246 nuclei detected (processing time: 8.00 seconds)
2024-10-23 03:29:18 INFO: 03:29:18.592 [main] [INFO ] q.l.p.CommandLineTaskRunner$CommandLineProgressMonitor - 246 nuclei detected (45%)
2024-10-23 03:29:18 INFO: 03:29:18.827 [task-runner-1-33] [INFO ] q.lib.plugins.DetectionPluginTools - 150 nuclei detected (processing time: 8.24 seconds)
2024-10-23 03:29:18 INFO: 03:29:18.829 [main] [INFO ] q.l.p.CommandLineTaskRunner$CommandLineProgressMonitor - 150 nuclei detected (46%)
2024-10-23 03:29:18 INFO: 03:29:18.931 [task-runner-1-54] [INFO ] q.lib.plugins.DetectionPluginTools - 4689 nuclei detected (processing time: 24.22 seconds)
2024-10-23 03:29:18 INFO: 03:29:18.933 [main] [INFO ] q.l.p.CommandLineTaskRunner$CommandLineProgressMonitor - 4689 nuclei detected (46%)
2024-10-23 03:29:18 INFO: 03:29:18.980 [task-runner-1-44] [INFO ] q.lib.plugins.DetectionPluginTools - 152 nuclei detected (processing time: 8.41 seconds)
2024-10-23 03:29:18 INFO: 03:29:18.983 [main] [INFO ] q.l.p.CommandLineTaskRunner$CommandLineProgressMonitor - 152 nuclei detected (47%)
2024-10-23 03:29:19 INFO: 03:29:19.031 [task-runner-1-56] [INFO ] q.lib.plugins.DetectionPluginTools - 4090 nuclei detected (processing time: 24.32 seconds)
2024-10-23 03:29:19 INFO: 03:29:19.032 [main] [INFO ] q.l.p.CommandLineTaskRunner$CommandLineProgressMonitor - 4090 nuclei detected (48%)
2024-10-23 03:29:19 INFO: 03:29:19.899 [task-runner-1-47] [INFO ] q.lib.plugins.DetectionPluginTools - 747 nuclei detected (processing time: 11.70 seconds)
2024-10-23 03:29:19 INFO: 03:29:19.901 [main] [INFO ] q.l.p.CommandLineTaskRunner$CommandLineProgressMonitor - 747 nuclei detected (48%)
2024-10-23 03:29:20 INFO: 03:29:20.061 [task-runner-1-53] [INFO ] q.lib.plugins.DetectionPluginTools - 6137 nuclei detected (processing time: 25.35 seconds)
2024-10-23 03:29:20 INFO: 03:29:20.062 [main] [INFO ] q.l.p.CommandLineTaskRunner$CommandLineProgressMonitor - 6137 nuclei detected (49%)
2024-10-23 03:29:20 INFO: 03:29:20.639 [task-runner-1-59] [INFO ] q.lib.plugins.DetectionPluginTools - 45 nuclei detected (processing time: 6.96 seconds)
2024-10-23 03:29:20 INFO: 03:29:20.644 [main] [INFO ] q.l.p.CommandLineTaskRunner$CommandLineProgressMonitor - 45 nuclei detected (49%)
2024-10-23 03:29:20 INFO: 03:29:20.723 [task-runner-1-36] [INFO ] q.lib.plugins.DetectionPluginTools - 1 nucleus detected (processing time: 6.48 seconds)
2024-10-23 03:29:20 INFO: 03:29:20.725 [main] [INFO ] q.l.p.CommandLineTaskRunner$CommandLineProgressMonitor - 1 nucleus detected (50%)
2024-10-23 03:29:22 INFO: 03:29:22.091 [task-runner-1-31] [INFO ] q.lib.plugins.DetectionPluginTools - 795 nuclei detected (processing time: 11.77 seconds)
2024-10-23 03:29:22 INFO: 03:29:22.093 [main] [INFO ] q.l.p.CommandLineTaskRunner$CommandLineProgressMonitor - 795 nuclei detected (51%)
2024-10-23 03:29:22 INFO: 03:29:22.184 [task-runner-1-48] [INFO ] q.lib.plugins.DetectionPluginTools - 343 nuclei detected (processing time: 7.70 seconds)
2024-10-23 03:29:22 INFO: 03:29:22.186 [main] [INFO ] q.l.p.CommandLineTaskRunner$CommandLineProgressMonitor - 343 nuclei detected (51%)
2024-10-23 03:29:22 INFO: 03:29:22.445 [task-runner-1-40] [INFO ] q.lib.plugins.DetectionPluginTools - 261 nuclei detected (processing time: 7.67 seconds)
2024-10-23 03:29:22 INFO: 03:29:22.446 [main] [INFO ] q.l.p.CommandLineTaskRunner$CommandLineProgressMonitor - 261 nuclei detected (52%)
2024-10-23 03:29:22 INFO: 03:29:22.770 [task-runner-1-28] [INFO ] q.lib.plugins.DetectionPluginTools - 0 nuclei detected (processing time: 5.47 seconds)
2024-10-23 03:29:22 INFO: 03:29:22.773 [main] [INFO ] q.l.p.CommandLineTaskRunner$CommandLineProgressMonitor - 0 nuclei detected (53%)
2024-10-23 03:29:22 INFO: 03:29:22.939 [task-runner-1-1] [INFO ] q.lib.plugins.DetectionPluginTools - 1457 nuclei detected (processing time: 14.77 seconds)
2024-10-23 03:29:22 INFO: 03:29:22.940 [main] [INFO ] q.l.p.CommandLineTaskRunner$CommandLineProgressMonitor - 1457 nuclei detected (53%)
2024-10-23 03:29:23 INFO: 03:29:23.912 [task-runner-1-62] [INFO ] q.lib.plugins.DetectionPluginTools - 0 nuclei detected (processing time: 6.57 seconds)
2024-10-23 03:29:23 INFO: 03:29:23.915 [main] [INFO ] q.l.p.CommandLineTaskRunner$CommandLineProgressMonitor - 0 nuclei detected (54%)
2024-10-23 03:29:24 INFO: 03:29:24.789 [task-runner-1-16] [INFO ] q.lib.plugins.DetectionPluginTools - 112 nuclei detected (processing time: 7.35 seconds)
2024-10-23 03:29:24 INFO: 03:29:24.792 [main] [INFO ] q.l.p.CommandLineTaskRunner$CommandLineProgressMonitor - 112 nuclei detected (54%)
2024-10-23 03:29:25 INFO: 03:29:25.041 [task-runner-1-61] [INFO ] q.lib.plugins.DetectionPluginTools - 81 nuclei detected (processing time: 7.49 seconds)
2024-10-23 03:29:25 INFO: 03:29:25.043 [main] [INFO ] q.l.p.CommandLineTaskRunner$CommandLineProgressMonitor - 81 nuclei detected (55%)
2024-10-23 03:29:25 INFO: 03:29:25.092 [task-runner-1-38] [INFO ] q.lib.plugins.DetectionPluginTools - 3 nuclei detected (processing time: 7.15 seconds)
2024-10-23 03:29:25 INFO: 03:29:25.094 [main] [INFO ] q.l.p.CommandLineTaskRunner$CommandLineProgressMonitor - 3 nuclei detected (56%)
2024-10-23 03:29:25 INFO: 03:29:25.097 [task-runner-1-49] [INFO ] q.lib.plugins.DetectionPluginTools - 12 nuclei detected (processing time: 7.00 seconds)
2024-10-23 03:29:25 INFO: 03:29:25.098 [main] [INFO ] q.l.p.CommandLineTaskRunner$CommandLineProgressMonitor - 12 nuclei detected (56%)
2024-10-23 03:29:25 INFO: 03:29:25.107 [task-runner-1-33] [INFO ] q.lib.plugins.DetectionPluginTools - 0 nuclei detected (processing time: 6.28 seconds)
2024-10-23 03:29:25 INFO: 03:29:25.108 [main] [INFO ] q.l.p.CommandLineTaskRunner$CommandLineProgressMonitor - 0 nuclei detected (57%)
2024-10-23 03:29:25 INFO: 03:29:25.326 [task-runner-1-54] [INFO ] q.lib.plugins.DetectionPluginTools - 23 nuclei detected (processing time: 6.39 seconds)
2024-10-23 03:29:25 INFO: 03:29:25.328 [main] [INFO ] q.l.p.CommandLineTaskRunner$CommandLineProgressMonitor - 23 nuclei detected (57%)
2024-10-23 03:29:25 INFO: 03:29:25.396 [task-runner-1-57] [INFO ] q.lib.plugins.DetectionPluginTools - 111 nuclei detected (processing time: 7.47 seconds)
2024-10-23 03:29:25 INFO: 03:29:25.398 [main] [INFO ] q.l.p.CommandLineTaskRunner$CommandLineProgressMonitor - 111 nuclei detected (58%)
2024-10-23 03:29:25 INFO: 03:29:25.406 [task-runner-1-37] [INFO ] q.lib.plugins.DetectionPluginTools - 0 nuclei detected (processing time: 6.86 seconds)
2024-10-23 03:29:25 INFO: 03:29:25.407 [main] [INFO ] q.l.p.CommandLineTaskRunner$CommandLineProgressMonitor - 0 nuclei detected (59%)
2024-10-23 03:29:25 INFO: 03:29:25.472 [task-runner-1-52] [INFO ] q.lib.plugins.DetectionPluginTools - 310 nuclei detected (processing time: 10.13 seconds)
2024-10-23 03:29:25 INFO: 03:29:25.474 [main] [INFO ] q.l.p.CommandLineTaskRunner$CommandLineProgressMonitor - 310 nuclei detected (59%)
2024-10-23 03:29:25 INFO: 03:29:25.796 [task-runner-1-18] [INFO ] q.lib.plugins.DetectionPluginTools - 0 nuclei detected (processing time: 7.20 seconds)
2024-10-23 03:29:25 INFO: 03:29:25.799 [main] [INFO ] q.l.p.CommandLineTaskRunner$CommandLineProgressMonitor - 0 nuclei detected (60%)
2024-10-23 03:29:26 INFO: 03:29:26.269 [task-runner-1-44] [INFO ] q.lib.plugins.DetectionPluginTools - 362 nuclei detected (processing time: 7.29 seconds)
2024-10-23 03:29:26 INFO: 03:29:26.269 [main] [INFO ] q.l.p.CommandLineTaskRunner$CommandLineProgressMonitor - 362 nuclei detected (61%)
2024-10-23 03:29:26 INFO: 03:29:26.616 [task-runner-1-55] [INFO ] q.lib.plugins.DetectionPluginTools - 1125 nuclei detected (processing time: 9.59 seconds)
2024-10-23 03:29:26 INFO: 03:29:26.618 [main] [INFO ] q.l.p.CommandLineTaskRunner$CommandLineProgressMonitor - 1125 nuclei detected (61%)
2024-10-23 03:29:26 INFO: 03:29:26.966 [task-runner-1-22] [INFO ] q.lib.plugins.DetectionPluginTools - 2324 nuclei detected (processing time: 15.88 seconds)
2024-10-23 03:29:26 INFO: 03:29:26.967 [main] [INFO ] q.l.p.CommandLineTaskRunner$CommandLineProgressMonitor - 2324 nuclei detected (62%)
2024-10-23 03:29:26 INFO: 03:29:26.988 [task-runner-1-59] [INFO ] q.lib.plugins.DetectionPluginTools - 0 nuclei detected (processing time: 6.34 seconds)
2024-10-23 03:29:26 INFO: 03:29:26.989 [main] [INFO ] q.l.p.CommandLineTaskRunner$CommandLineProgressMonitor - 0 nuclei detected (63%)
2024-10-23 03:29:27 INFO: 03:29:27.038 [task-runner-1-36] [INFO ] q.lib.plugins.DetectionPluginTools - 0 nuclei detected (processing time: 6.31 seconds)
2024-10-23 03:29:27 INFO: 03:29:27.876 [task-runner-1-31] [INFO ] q.lib.plugins.DetectionPluginTools - 0 nuclei detected (processing time: 5.78 seconds)
2024-10-23 03:29:27 INFO: 03:29:27.876 [main] [INFO ] q.l.p.CommandLineTaskRunner$CommandLineProgressMonitor - 0 nuclei detected (64%)
2024-10-23 03:29:28 INFO: 03:29:28.399 [task-runner-1-40] [INFO ] q.lib.plugins.DetectionPluginTools - 1 nucleus detected (processing time: 5.95 seconds)
2024-10-23 03:29:28 INFO: 03:29:28.399 [main] [INFO ] q.l.p.CommandLineTaskRunner$CommandLineProgressMonitor - 1 nucleus detected (64%)
2024-10-23 03:29:28 INFO: 03:29:28.558 [task-runner-1-4] [INFO ] q.lib.plugins.DetectionPluginTools - 2775 nuclei detected (processing time: 20.41 seconds)
2024-10-23 03:29:28 INFO: 03:29:28.560 [main] [INFO ] q.l.p.CommandLineTaskRunner$CommandLineProgressMonitor - 2775 nuclei detected (65%)
2024-10-23 03:29:29 INFO: 03:29:29.064 [task-runner-1-42] [INFO ] q.lib.plugins.DetectionPluginTools - 1384 nuclei detected (processing time: 13.41 seconds)
2024-10-23 03:29:29 INFO: 03:29:29.065 [main] [INFO ] q.l.p.CommandLineTaskRunner$CommandLineProgressMonitor - 1384 nuclei detected (66%)
2024-10-23 03:29:29 INFO: 03:29:29.100 [task-runner-1-48] [INFO ] q.lib.plugins.DetectionPluginTools - 8 nuclei detected (processing time: 6.91 seconds)
2024-10-23 03:29:29 INFO: 03:29:29.100 [main] [INFO ] q.l.p.CommandLineTaskRunner$CommandLineProgressMonitor - 8 nuclei detected (66%)
2024-10-23 03:29:29 INFO: 03:29:29.241 [task-runner-1-28] [INFO ] q.lib.plugins.DetectionPluginTools - 0 nuclei detected (processing time: 6.47 seconds)
2024-10-23 03:29:29 INFO: 03:29:29.242 [main] [INFO ] q.l.p.CommandLineTaskRunner$CommandLineProgressMonitor - 0 nuclei detected (67%)
2024-10-23 03:29:29 INFO: 03:29:29.408 [task-runner-1-1] [INFO ] q.lib.plugins.DetectionPluginTools - 1 nucleus detected (processing time: 6.47 seconds)
2024-10-23 03:29:29 INFO: 03:29:29.408 [main] [INFO ] q.l.p.CommandLineTaskRunner$CommandLineProgressMonitor - 1 nucleus detected (68%)
2024-10-23 03:29:29 INFO: 03:29:29.679 [task-runner-1-56] [INFO ] q.lib.plugins.DetectionPluginTools - 1571 nuclei detected (processing time: 10.65 seconds)
2024-10-23 03:29:29 INFO: 03:29:29.679 [main] [INFO ] q.l.p.CommandLineTaskRunner$CommandLineProgressMonitor - 1571 nuclei detected (68%)
2024-10-23 03:29:29 INFO: 03:29:29.776 [task-runner-1-21] [INFO ] q.lib.plugins.DetectionPluginTools - 1370 nuclei detected (processing time: 14.20 seconds)
2024-10-23 03:29:29 INFO: 03:29:29.776 [main] [INFO ] q.l.p.CommandLineTaskRunner$CommandLineProgressMonitor - 1370 nuclei detected (69%)
2024-10-23 03:29:29 INFO: 03:29:29.814 [task-runner-1-8] [INFO ] q.lib.plugins.DetectionPluginTools - 3482 nuclei detected (processing time: 21.65 seconds)
2024-10-23 03:29:29 INFO: 03:29:29.815 [main] [INFO ] q.l.p.CommandLineTaskRunner$CommandLineProgressMonitor - 3482 nuclei detected (69%)
2024-10-23 03:29:29 INFO: 03:29:29.908 [task-runner-1-2] [INFO ] q.lib.plugins.DetectionPluginTools - 3365 nuclei detected (processing time: 21.74 seconds)
2024-10-23 03:29:29 INFO: 03:29:29.909 [main] [INFO ] q.l.p.CommandLineTaskRunner$CommandLineProgressMonitor - 3365 nuclei detected (70%)
2024-10-23 03:29:30 INFO: 03:29:30.270 [task-runner-1-54] [INFO ] q.lib.plugins.DetectionPluginTools - 0 nuclei detected (processing time: 4.84 seconds)
2024-10-23 03:29:30 INFO: 03:29:30.270 [main] [INFO ] q.l.p.CommandLineTaskRunner$CommandLineProgressMonitor - 0 nuclei detected (71%)
2024-10-23 03:29:30 INFO: 03:29:30.331 [task-runner-1-45] [INFO ] q.lib.plugins.DetectionPluginTools - 3191 nuclei detected (processing time: 22.01 seconds)
2024-10-23 03:29:30 INFO: 03:29:30.331 [main] [INFO ] q.l.p.CommandLineTaskRunner$CommandLineProgressMonitor - 3191 nuclei detected (71%)
2024-10-23 03:29:30 INFO: 03:29:30.368 [task-runner-1-18] [INFO ] q.lib.plugins.DetectionPluginTools - 0 nuclei detected (processing time: 4.57 seconds)
2024-10-23 03:29:30 INFO: 03:29:30.369 [main] [INFO ] q.l.p.CommandLineTaskRunner$CommandLineProgressMonitor - 0 nuclei detected (72%)
2024-10-23 03:29:30 INFO: 03:29:30.381 [task-runner-1-62] [INFO ] q.lib.plugins.DetectionPluginTools - 1 nucleus detected (processing time: 6.46 seconds)
2024-10-23 03:29:30 INFO: 03:29:30.381 [main] [INFO ] q.l.p.CommandLineTaskRunner$CommandLineProgressMonitor - 1 nucleus detected (73%)
2024-10-23 03:29:30 INFO: 03:29:30.391 [task-runner-1-16] [INFO ] q.lib.plugins.DetectionPluginTools - 0 nuclei detected (processing time: 5.60 seconds)
2024-10-23 03:29:30 INFO: 03:29:30.392 [main] [INFO ] q.l.p.CommandLineTaskRunner$CommandLineProgressMonitor - 0 nuclei detected (73%)
2024-10-23 03:29:30 INFO: 03:29:30.458 [task-runner-1-41] [INFO ] q.lib.plugins.DetectionPluginTools - 1186 nuclei detected (processing time: 14.97 seconds)
2024-10-23 03:29:30 INFO: 03:29:30.458 [main] [INFO ] q.l.p.CommandLineTaskRunner$CommandLineProgressMonitor - 1186 nuclei detected (74%)
2024-10-23 03:29:30 INFO: 03:29:30.490 [task-runner-1-27] [INFO ] q.lib.plugins.DetectionPluginTools - 2551 nuclei detected (processing time: 20.25 seconds)
2024-10-23 03:29:30 INFO: 03:29:30.490 [main] [INFO ] q.l.p.CommandLineTaskRunner$CommandLineProgressMonitor - 2551 nuclei detected (74%)
2024-10-23 03:29:30 INFO: 03:29:30.516 [task-runner-1-33] [INFO ] q.lib.plugins.DetectionPluginTools - 1 nucleus detected (processing time: 5.41 seconds)
2024-10-23 03:29:30 INFO: 03:29:30.517 [main] [INFO ] q.l.p.CommandLineTaskRunner$CommandLineProgressMonitor - 1 nucleus detected (75%)
2024-10-23 03:29:30 INFO: 03:29:30.679 [task-runner-1-49] [INFO ] q.lib.plugins.DetectionPluginTools - 0 nuclei detected (processing time: 5.58 seconds)
2024-10-23 03:29:30 INFO: 03:29:30.680 [main] [INFO ] q.l.p.CommandLineTaskRunner$CommandLineProgressMonitor - 0 nuclei detected (76%)
2024-10-23 03:29:30 INFO: 03:29:30.689 [task-runner-1-19] [INFO ] q.lib.plugins.DetectionPluginTools - 3507 nuclei detected (processing time: 22.37 seconds)
2024-10-23 03:29:30 INFO: 03:29:30.689 [main] [INFO ] q.l.p.CommandLineTaskRunner$CommandLineProgressMonitor - 3507 nuclei detected (76%)
2024-10-23 03:29:30 INFO: 03:29:30.718 [task-runner-1-3] [INFO ] q.lib.plugins.DetectionPluginTools - 4267 nuclei detected (processing time: 20.62 seconds)
2024-10-23 03:29:30 INFO: 03:29:30.719 [main] [INFO ] q.l.p.CommandLineTaskRunner$CommandLineProgressMonitor - 4267 nuclei detected (77%)
2024-10-23 03:29:30 INFO: 03:29:30.721 [task-runner-1-57] [INFO ] q.lib.plugins.DetectionPluginTools - 0 nuclei detected (processing time: 5.32 seconds)
2024-10-23 03:29:30 INFO: 03:29:30.721 [main] [INFO ] q.l.p.CommandLineTaskRunner$CommandLineProgressMonitor - 0 nuclei detected (78%)
2024-10-23 03:29:30 INFO: 03:29:30.788 [task-runner-1-38] [INFO ] q.lib.plugins.DetectionPluginTools - 1 nucleus detected (processing time: 5.69 seconds)
2024-10-23 03:29:30 INFO: 03:29:30.789 [main] [INFO ] q.l.p.CommandLineTaskRunner$CommandLineProgressMonitor - 1 nucleus detected (78%)
2024-10-23 03:29:30 INFO: 03:29:30.846 [task-runner-1-44] [INFO ] q.lib.plugins.DetectionPluginTools - 0 nuclei detected (processing time: 4.58 seconds)
2024-10-23 03:29:30 INFO: 03:29:30.846 [main] [INFO ] q.l.p.CommandLineTaskRunner$CommandLineProgressMonitor - 0 nuclei detected (79%)
2024-10-23 03:29:30 INFO: 03:29:30.878 [task-runner-1-61] [INFO ] q.lib.plugins.DetectionPluginTools - 1 nucleus detected (processing time: 5.84 seconds)
2024-10-23 03:29:30 INFO: 03:29:30.878 [main] [INFO ] q.l.p.CommandLineTaskRunner$CommandLineProgressMonitor - 1 nucleus detected (79%)
2024-10-23 03:29:30 INFO: 03:29:30.917 [task-runner-1-12] [INFO ] q.lib.plugins.DetectionPluginTools - 3893 nuclei detected (processing time: 20.84 seconds)
2024-10-23 03:29:30 INFO: 03:29:30.918 [main] [INFO ] q.l.p.CommandLineTaskRunner$CommandLineProgressMonitor - 3893 nuclei detected (80%)
2024-10-23 03:29:30 INFO: 03:29:30.971 [task-runner-1-17] [INFO ] q.lib.plugins.DetectionPluginTools - 3133 nuclei detected (processing time: 20.87 seconds)
2024-10-23 03:29:30 INFO: 03:29:30.971 [main] [INFO ] q.l.p.CommandLineTaskRunner$CommandLineProgressMonitor - 3133 nuclei detected (81%)
2024-10-23 03:29:31 INFO: 03:29:31.000 [task-runner-1-29] [INFO ] q.lib.plugins.DetectionPluginTools - 2958 nuclei detected (processing time: 20.83 seconds)
2024-10-23 03:29:31 INFO: 03:29:31.001 [main] [INFO ] q.l.p.CommandLineTaskRunner$CommandLineProgressMonitor - 2958 nuclei detected (81%)
2024-10-23 03:29:31 INFO: 03:29:31.011 [task-runner-1-63] [INFO ] q.lib.plugins.DetectionPluginTools - 4590 nuclei detected (processing time: 22.69 seconds)
2024-10-23 03:29:31 INFO: 03:29:31.011 [main] [INFO ] q.l.p.CommandLineTaskRunner$CommandLineProgressMonitor - 4590 nuclei detected (82%)
2024-10-23 03:29:31 INFO: 03:29:31.082 [task-runner-1-37] [INFO ] q.lib.plugins.DetectionPluginTools - 0 nuclei detected (processing time: 5.67 seconds)
2024-10-23 03:29:31 INFO: 03:29:31.082 [main] [INFO ] q.l.p.CommandLineTaskRunner$CommandLineProgressMonitor - 0 nuclei detected (83%)
2024-10-23 03:29:31 INFO: 03:29:31.083 [task-runner-1-35] [INFO ] q.lib.plugins.DetectionPluginTools - 2708 nuclei detected (processing time: 20.49 seconds)
2024-10-23 03:29:31 INFO: 03:29:31.084 [main] [INFO ] q.l.p.CommandLineTaskRunner$CommandLineProgressMonitor - 2708 nuclei detected (83%)
2024-10-23 03:29:31 INFO: 03:29:31.158 [task-runner-1-52] [INFO ] q.lib.plugins.DetectionPluginTools - 0 nuclei detected (processing time: 5.68 seconds)
2024-10-23 03:29:31 INFO: 03:29:31.159 [main] [INFO ] q.l.p.CommandLineTaskRunner$CommandLineProgressMonitor - 0 nuclei detected (84%)
2024-10-23 03:29:31 INFO: 03:29:31.224 [task-runner-1-11] [INFO ] q.lib.plugins.DetectionPluginTools - 3716 nuclei detected (processing time: 23.07 seconds)
2024-10-23 03:29:31 INFO: 03:29:31.225 [main] [INFO ] q.l.p.CommandLineTaskRunner$CommandLineProgressMonitor - 3716 nuclei detected (84%)
2024-10-23 03:29:31 INFO: 03:29:31.353 [task-runner-1-5] [INFO ] q.lib.plugins.DetectionPluginTools - 2121 nuclei detected (processing time: 15.81 seconds)
2024-10-23 03:29:31 INFO: 03:29:31.353 [main] [INFO ] q.l.p.CommandLineTaskRunner$CommandLineProgressMonitor - 2121 nuclei detected (85%)
2024-10-23 03:29:31 INFO: 03:29:31.374 [task-runner-1-34] [INFO ] q.lib.plugins.DetectionPluginTools - 2806 nuclei detected (processing time: 20.73 seconds)
2024-10-23 03:29:31 INFO: 03:29:31.375 [main] [INFO ] q.l.p.CommandLineTaskRunner$CommandLineProgressMonitor - 2806 nuclei detected (86%)
2024-10-23 03:29:31 INFO: 03:29:31.385 [task-runner-1-50] [INFO ] q.lib.plugins.DetectionPluginTools - 2931 nuclei detected (processing time: 20.73 seconds)
2024-10-23 03:29:31 INFO: 03:29:31.386 [main] [INFO ] q.l.p.CommandLineTaskRunner$CommandLineProgressMonitor - 2931 nuclei detected (86%)
2024-10-23 03:29:31 INFO: 03:29:31.452 [task-runner-1-14] [INFO ] q.lib.plugins.DetectionPluginTools - 4065 nuclei detected (processing time: 23.29 seconds)
2024-10-23 03:29:31 INFO: 03:29:31.452 [main] [INFO ] q.l.p.CommandLineTaskRunner$CommandLineProgressMonitor - 4065 nuclei detected (87%)
2024-10-23 03:29:31 INFO: 03:29:31.522 [task-runner-1-6] [INFO ] q.lib.plugins.DetectionPluginTools - 4132 nuclei detected (processing time: 23.37 seconds)
2024-10-23 03:29:31 INFO: 03:29:31.522 [main] [INFO ] q.l.p.CommandLineTaskRunner$CommandLineProgressMonitor - 4132 nuclei detected (88%)
2024-10-23 03:29:31 INFO: 03:29:31.556 [task-runner-1-25] [INFO ] q.lib.plugins.DetectionPluginTools - 3697 nuclei detected (processing time: 20.95 seconds)
2024-10-23 03:29:31 INFO: 03:29:31.557 [main] [INFO ] q.l.p.CommandLineTaskRunner$CommandLineProgressMonitor - 3697 nuclei detected (88%)
2024-10-23 03:29:31 INFO: 03:29:31.633 [task-runner-1-13] [INFO ] q.lib.plugins.DetectionPluginTools - 4224 nuclei detected (processing time: 21.55 seconds)
2024-10-23 03:29:31 INFO: 03:29:31.634 [main] [INFO ] q.l.p.CommandLineTaskRunner$CommandLineProgressMonitor - 4224 nuclei detected (89%)
2024-10-23 03:29:31 INFO: 03:29:31.703 [task-runner-1-32] [INFO ] q.lib.plugins.DetectionPluginTools - 3097 nuclei detected (processing time: 15.65 seconds)
2024-10-23 03:29:31 INFO: 03:29:31.704 [main] [INFO ] q.l.p.CommandLineTaskRunner$CommandLineProgressMonitor - 3097 nuclei detected (89%)
2024-10-23 03:29:31 INFO: 03:29:31.717 [task-runner-1-10] [INFO ] q.lib.plugins.DetectionPluginTools - 3646 nuclei detected (processing time: 21.62 seconds)
2024-10-23 03:29:31 INFO: 03:29:31.717 [main] [INFO ] q.l.p.CommandLineTaskRunner$CommandLineProgressMonitor - 3646 nuclei detected (90%)
2024-10-23 03:29:31 INFO: 03:29:31.719 [task-runner-1-24] [INFO ] q.lib.plugins.DetectionPluginTools - 3697 nuclei detected (processing time: 20.78 seconds)
2024-10-23 03:29:31 INFO: 03:29:31.719 [main] [INFO ] q.l.p.CommandLineTaskRunner$CommandLineProgressMonitor - 3697 nuclei detected (91%)
2024-10-23 03:29:31 INFO: 03:29:31.840 [task-runner-1-7] [INFO ] q.lib.plugins.DetectionPluginTools - 4331 nuclei detected (processing time: 23.68 seconds)
2024-10-23 03:29:31 INFO: 03:29:31.840 [main] [INFO ] q.l.p.CommandLineTaskRunner$CommandLineProgressMonitor - 4331 nuclei detected (91%)
2024-10-23 03:29:31 INFO: 03:29:31.933 [task-runner-1-23] [INFO ] q.lib.plugins.DetectionPluginTools - 3719 nuclei detected (processing time: 20.98 seconds)
2024-10-23 03:29:31 INFO: 03:29:31.933 [main] [INFO ] q.l.p.CommandLineTaskRunner$CommandLineProgressMonitor - 3719 nuclei detected (92%)
2024-10-23 03:29:31 INFO: 03:29:31.961 [task-runner-1-20] [INFO ] q.lib.plugins.DetectionPluginTools - 3788 nuclei detected (processing time: 21.25 seconds)
2024-10-23 03:29:31 INFO: 03:29:31.962 [main] [INFO ] q.l.p.CommandLineTaskRunner$CommandLineProgressMonitor - 3788 nuclei detected (93%)
2024-10-23 03:29:32 INFO: 03:29:32.000 [task-runner-1-9] [INFO ] q.lib.plugins.DetectionPluginTools - 5496 nuclei detected (processing time: 23.84 seconds)
2024-10-23 03:29:32 INFO: 03:29:32.000 [main] [INFO ] q.l.p.CommandLineTaskRunner$CommandLineProgressMonitor - 5496 nuclei detected (93%)
2024-10-23 03:29:32 INFO: 03:29:32.038 [task-runner-1-30] [INFO ] q.lib.plugins.DetectionPluginTools - 6734 nuclei detected (processing time: 23.88 seconds)
2024-10-23 03:29:32 INFO: 03:29:32.038 [main] [INFO ] q.l.p.CommandLineTaskRunner$CommandLineProgressMonitor - 6734 nuclei detected (94%)
2024-10-23 03:29:32 INFO: 03:29:32.122 [task-runner-1-60] [INFO ] q.lib.plugins.DetectionPluginTools - 4088 nuclei detected (processing time: 21.08 seconds)
2024-10-23 03:29:32 INFO: 03:29:32.123 [main] [INFO ] q.l.p.CommandLineTaskRunner$CommandLineProgressMonitor - 4088 nuclei detected (94%)
2024-10-23 03:29:32 INFO: 03:29:32.152 [task-runner-1-53] [INFO ] q.lib.plugins.DetectionPluginTools - 2807 nuclei detected (processing time: 12.09 seconds)
2024-10-23 03:29:32 INFO: 03:29:32.153 [main] [INFO ] q.l.p.CommandLineTaskRunner$CommandLineProgressMonitor - 2807 nuclei detected (95%)
2024-10-23 03:29:32 INFO: 03:29:32.258 [task-runner-1-47] [INFO ] q.lib.plugins.DetectionPluginTools - 2378 nuclei detected (processing time: 12.36 seconds)
2024-10-23 03:29:32 INFO: 03:29:32.258 [main] [INFO ] q.l.p.CommandLineTaskRunner$CommandLineProgressMonitor - 2378 nuclei detected (96%)
2024-10-23 03:29:32 INFO: 03:29:32.394 [task-runner-1-43] [INFO ] q.lib.plugins.DetectionPluginTools - 5329 nuclei detected (processing time: 21.33 seconds)
2024-10-23 03:29:32 INFO: 03:29:32.395 [main] [INFO ] q.l.p.CommandLineTaskRunner$CommandLineProgressMonitor - 5329 nuclei detected (96%)
2024-10-23 03:29:32 INFO: 03:29:32.409 [task-runner-1-51] [INFO ] q.lib.plugins.DetectionPluginTools - 4767 nuclei detected (processing time: 21.42 seconds)
2024-10-23 03:29:32 INFO: 03:29:32.409 [main] [INFO ] q.l.p.CommandLineTaskRunner$CommandLineProgressMonitor - 4767 nuclei detected (97%)
2024-10-23 03:29:32 INFO: 03:29:32.698 [task-runner-1-15] [INFO ] q.lib.plugins.DetectionPluginTools - 4014 nuclei detected (processing time: 16.27 seconds)
2024-10-23 03:29:32 INFO: 03:29:32.699 [main] [INFO ] q.l.p.CommandLineTaskRunner$CommandLineProgressMonitor - 4014 nuclei detected (98%)
2024-10-23 03:29:33 INFO: 03:29:33.688 [task-runner-1-46] [INFO ] q.lib.plugins.DetectionPluginTools - 5693 nuclei detected (processing time: 17.08 seconds)
2024-10-23 03:29:33 INFO: 03:29:33.688 [main] [INFO ] q.l.p.CommandLineTaskRunner$CommandLineProgressMonitor - 5693 nuclei detected (98%)
2024-10-23 03:29:33 INFO: 03:29:33.710 [task-runner-1-26] [INFO ] q.lib.plugins.DetectionPluginTools - 5283 nuclei detected (processing time: 17.24 seconds)
2024-10-23 03:29:33 INFO: 03:29:33.711 [main] [INFO ] q.l.p.CommandLineTaskRunner$CommandLineProgressMonitor - 5283 nuclei detected (99%)
2024-10-23 03:29:34 INFO: 03:29:34.101 [task-runner-1-39] [INFO ] q.lib.plugins.DetectionPluginTools - 4823 nuclei detected (processing time: 17.09 seconds)
2024-10-23 03:29:34 INFO: 03:29:34.101 [main] [INFO ] q.l.p.CommandLineTaskRunner$CommandLineProgressMonitor - 4823 nuclei detected (99%)
2024-10-23 03:29:34 INFO: 03:29:34.211 [task-runner-1-58] [INFO ] q.lib.plugins.DetectionPluginTools - 5773 nuclei detected (processing time: 17.58 seconds)
2024-10-23 03:29:34 INFO: 03:29:34.212 [main] [INFO ] q.l.p.CommandLineTaskRunner$CommandLineProgressMonitor - 5773 nuclei detected (100%)
2024-10-23 03:29:34 INFO: 03:29:34.212 [main] [INFO ] q.l.p.CommandLineTaskRunner$CommandLineProgressMonitor - Processing complete in 39.52 seconds
2024-10-23 03:29:34 INFO: 03:29:34.212 [main] [INFO ] q.l.p.CommandLineTaskRunner$CommandLineProgressMonitor - Tasks completed!
2024-10-23 03:29:43 INFO: 03:29:43.857 [main] [WARN ] q.l.p.objects.SmoothFeaturesPlugin - Smoothing using annotations
2024-10-23 03:29:47 INFO: 03:29:47.542 [main] [INFO ] q.l.p.CommandLineTaskRunner$CommandLineProgressMonitor - Completed (100%)
2024-10-23 03:29:47 INFO: 03:29:47.542 [main] [INFO ] q.l.p.CommandLineTaskRunner$CommandLineProgressMonitor - Processing complete in 3.68 seconds
2024-10-23 03:29:47 INFO: 03:29:47.542 [main] [INFO ] q.l.p.CommandLineTaskRunner$CommandLineProgressMonitor - Tasks completed!
2024-10-23 03:29:47 INFO: 03:29:47.544 [main] [WARN ] q.l.p.objects.SmoothFeaturesPlugin - Smoothing using annotations
2024-10-23 03:29:54 INFO: 03:29:54.219 [main] [INFO ] q.l.p.CommandLineTaskRunner$CommandLineProgressMonitor - Completed (100%)
2024-10-23 03:29:54 INFO: 03:29:54.219 [main] [INFO ] q.l.p.CommandLineTaskRunner$CommandLineProgressMonitor - Processing complete in 6.67 seconds
2024-10-23 03:29:54 INFO: 03:29:54.219 [main] [INFO ] q.l.p.CommandLineTaskRunner$CommandLineProgressMonitor - Tasks completed!
2024-10-23 03:29:54 INFO: 03:29:54.221 [main] [WARN ] q.l.p.objects.SmoothFeaturesPlugin - Smoothing using annotations
2024-10-23 03:30:11 INFO: 03:30:11.876 [main] [INFO ] q.l.p.CommandLineTaskRunner$CommandLineProgressMonitor - Completed (100%)
2024-10-23 03:30:11 INFO: 03:30:11.877 [main] [INFO ] q.l.p.CommandLineTaskRunner$CommandLineProgressMonitor - Processing complete in 17.66 seconds
2024-10-23 03:30:11 INFO: 03:30:11.877 [main] [INFO ] q.l.p.CommandLineTaskRunner$CommandLineProgressMonitor - Tasks completed!
2024-10-23 03:30:12 INFO: 03:30:12.085 [task-runner-5-2] [INFO ] q.l.a.IntensityFeaturesPlugin - Splitting Rectangle (0, 0, 63784, 39311) into 40 tiles for intensity measurements
2024-10-23 03:30:12 INFO: 03:30:12.310 [main] [INFO ] q.l.p.CommandLineTaskRunner$CommandLineProgressMonitor - Completed (0%)
2024-10-23 03:30:13 INFO: 03:30:13.294 [main] [INFO ] q.l.p.CommandLineTaskRunner$CommandLineProgressMonitor - Completed (1%)
2024-10-23 03:30:13 INFO: 03:30:13.679 [main] [INFO ] q.l.p.CommandLineTaskRunner$CommandLineProgressMonitor - Completed (2%)
2024-10-23 03:30:13 INFO: 03:30:13.948 [main] [INFO ] q.l.p.CommandLineTaskRunner$CommandLineProgressMonitor - Completed (3%)
2024-10-23 03:30:14 INFO: 03:30:14.074 [main] [INFO ] q.l.p.CommandLineTaskRunner$CommandLineProgressMonitor - Completed (4%)
2024-10-23 03:30:14 INFO: 03:30:14.575 [main] [INFO ] q.l.p.CommandLineTaskRunner$CommandLineProgressMonitor - Completed (5%)
2024-10-23 03:30:14 INFO: 03:30:14.684 [main] [INFO ] q.l.p.CommandLineTaskRunner$CommandLineProgressMonitor - Completed (6%)
2024-10-23 03:30:14 INFO: 03:30:14.782 [main] [INFO ] q.l.p.CommandLineTaskRunner$CommandLineProgressMonitor - Completed (7%)
2024-10-23 03:30:14 INFO: 03:30:14.878 [main] [INFO ] q.l.p.CommandLineTaskRunner$CommandLineProgressMonitor - Completed (8%)
2024-10-23 03:30:14 INFO: 03:30:14.970 [main] [INFO ] q.l.p.CommandLineTaskRunner$CommandLineProgressMonitor - Completed (9%)
2024-10-23 03:30:15 INFO: 03:30:15.076 [main] [INFO ] q.l.p.CommandLineTaskRunner$CommandLineProgressMonitor - Completed (10%)
2024-10-23 03:30:15 INFO: 03:30:15.492 [main] [INFO ] q.l.p.CommandLineTaskRunner$CommandLineProgressMonitor - Completed (11%)
2024-10-23 03:30:15 INFO: 03:30:15.610 [main] [INFO ] q.l.p.CommandLineTaskRunner$CommandLineProgressMonitor - Completed (12%)
2024-10-23 03:30:15 INFO: 03:30:15.715 [main] [INFO ] q.l.p.CommandLineTaskRunner$CommandLineProgressMonitor - Completed (13%)
2024-10-23 03:30:15 INFO: 03:30:15.820 [main] [INFO ] q.l.p.CommandLineTaskRunner$CommandLineProgressMonitor - Completed (14%)
2024-10-23 03:30:15 INFO: 03:30:15.966 [main] [INFO ] q.l.p.CommandLineTaskRunner$CommandLineProgressMonitor - Completed (15%)
2024-10-23 03:30:16 INFO: 03:30:16.417 [main] [INFO ] q.l.p.CommandLineTaskRunner$CommandLineProgressMonitor - Completed (16%)
2024-10-23 03:30:16 INFO: 03:30:16.531 [main] [INFO ] q.l.p.CommandLineTaskRunner$CommandLineProgressMonitor - Completed (17%)
2024-10-23 03:30:16 INFO: 03:30:16.643 [main] [INFO ] q.l.p.CommandLineTaskRunner$CommandLineProgressMonitor - Completed (18%)
2024-10-23 03:30:16 INFO: 03:30:16.754 [main] [INFO ] q.l.p.CommandLineTaskRunner$CommandLineProgressMonitor - Completed (19%)
2024-10-23 03:30:16 INFO: 03:30:16.866 [main] [INFO ] q.l.p.CommandLineTaskRunner$CommandLineProgressMonitor - Completed (20%)
2024-10-23 03:30:16 INFO: 03:30:16.969 [main] [INFO ] q.l.p.CommandLineTaskRunner$CommandLineProgressMonitor - Completed (21%)
2024-10-23 03:30:17 INFO: 03:30:17.074 [main] [INFO ] q.l.p.CommandLineTaskRunner$CommandLineProgressMonitor - Completed (22%)
2024-10-23 03:30:17 INFO: 03:30:17.185 [main] [INFO ] q.l.p.CommandLineTaskRunner$CommandLineProgressMonitor - Completed (23%)
2024-10-23 03:30:17 INFO: 03:30:17.308 [main] [INFO ] q.l.p.CommandLineTaskRunner$CommandLineProgressMonitor - Completed (24%)
2024-10-23 03:30:17 INFO: 03:30:17.411 [main] [INFO ] q.l.p.CommandLineTaskRunner$CommandLineProgressMonitor - Completed (25%)
2024-10-23 03:30:17 INFO: 03:30:17.783 [main] [INFO ] q.l.p.CommandLineTaskRunner$CommandLineProgressMonitor - Completed (26%)
2024-10-23 03:30:17 INFO: 03:30:17.883 [main] [INFO ] q.l.p.CommandLineTaskRunner$CommandLineProgressMonitor - Completed (27%)
2024-10-23 03:30:17 INFO: 03:30:17.979 [main] [INFO ] q.l.p.CommandLineTaskRunner$CommandLineProgressMonitor - Completed (28%)
2024-10-23 03:30:18 INFO: 03:30:18.131 [main] [INFO ] q.l.p.CommandLineTaskRunner$CommandLineProgressMonitor - Completed (29%)
2024-10-23 03:30:18 INFO: 03:30:18.250 [main] [INFO ] q.l.p.CommandLineTaskRunner$CommandLineProgressMonitor - Completed (30%)
2024-10-23 03:30:18 INFO: 03:30:18.351 [main] [INFO ] q.l.p.CommandLineTaskRunner$CommandLineProgressMonitor - Completed (31%)
2024-10-23 03:30:18 INFO: 03:30:18.453 [main] [INFO ] q.l.p.CommandLineTaskRunner$CommandLineProgressMonitor - Completed (32%)
2024-10-23 03:30:18 INFO: 03:30:18.547 [main] [INFO ] q.l.p.CommandLineTaskRunner$CommandLineProgressMonitor - Completed (33%)
2024-10-23 03:30:18 INFO: 03:30:18.637 [main] [INFO ] q.l.p.CommandLineTaskRunner$CommandLineProgressMonitor - Completed (34%)
2024-10-23 03:30:18 INFO: 03:30:18.770 [main] [INFO ] q.l.p.CommandLineTaskRunner$CommandLineProgressMonitor - Completed (35%)
2024-10-23 03:30:18 INFO: 03:30:18.862 [main] [INFO ] q.l.p.CommandLineTaskRunner$CommandLineProgressMonitor - Completed (36%)
2024-10-23 03:30:18 INFO: 03:30:18.957 [main] [INFO ] q.l.p.CommandLineTaskRunner$CommandLineProgressMonitor - Completed (37%)
2024-10-23 03:30:19 INFO: 03:30:19.054 [main] [INFO ] q.l.p.CommandLineTaskRunner$CommandLineProgressMonitor - Completed (38%)
2024-10-23 03:30:19 INFO: 03:30:19.157 [main] [INFO ] q.l.p.CommandLineTaskRunner$CommandLineProgressMonitor - Completed (39%)
2024-10-23 03:30:19 INFO: 03:30:19.253 [main] [INFO ] q.l.p.CommandLineTaskRunner$CommandLineProgressMonitor - Completed (40%)
2024-10-23 03:30:19 INFO: 03:30:19.349 [main] [INFO ] q.l.p.CommandLineTaskRunner$CommandLineProgressMonitor - Completed (41%)
2024-10-23 03:30:19 INFO: 03:30:19.448 [main] [INFO ] q.l.p.CommandLineTaskRunner$CommandLineProgressMonitor - Completed (42%)
2024-10-23 03:30:19 INFO: 03:30:19.542 [main] [INFO ] q.l.p.CommandLineTaskRunner$CommandLineProgressMonitor - Completed (43%)
2024-10-23 03:30:19 INFO: 03:30:19.640 [main] [INFO ] q.l.p.CommandLineTaskRunner$CommandLineProgressMonitor - Completed (44%)
2024-10-23 03:30:19 INFO: 03:30:19.737 [main] [INFO ] q.l.p.CommandLineTaskRunner$CommandLineProgressMonitor - Completed (45%)
2024-10-23 03:30:19 INFO: 03:30:19.849 [main] [INFO ] q.l.p.CommandLineTaskRunner$CommandLineProgressMonitor - Completed (46%)
2024-10-23 03:30:19 INFO: 03:30:19.976 [main] [INFO ] q.l.p.CommandLineTaskRunner$CommandLineProgressMonitor - Completed (47%)
2024-10-23 03:30:20 INFO: 03:30:20.140 [main] [INFO ] q.l.p.CommandLineTaskRunner$CommandLineProgressMonitor - Completed (48%)
2024-10-23 03:30:20 INFO: 03:30:20.236 [main] [INFO ] q.l.p.CommandLineTaskRunner$CommandLineProgressMonitor - Completed (49%)
2024-10-23 03:30:20 INFO: 03:30:20.335 [main] [INFO ] q.l.p.CommandLineTaskRunner$CommandLineProgressMonitor - Completed (50%)
2024-10-23 03:30:20 INFO: 03:30:20.432 [main] [INFO ] q.l.p.CommandLineTaskRunner$CommandLineProgressMonitor - Completed (51%)
2024-10-23 03:30:20 INFO: 03:30:20.527 [main] [INFO ] q.l.p.CommandLineTaskRunner$CommandLineProgressMonitor - Completed (52%)
2024-10-23 03:30:20 INFO: 03:30:20.627 [main] [INFO ] q.l.p.CommandLineTaskRunner$CommandLineProgressMonitor - Completed (53%)
2024-10-23 03:30:20 INFO: 03:30:20.730 [main] [INFO ] q.l.p.CommandLineTaskRunner$CommandLineProgressMonitor - Completed (54%)
2024-10-23 03:30:20 INFO: 03:30:20.824 [main] [INFO ] q.l.p.CommandLineTaskRunner$CommandLineProgressMonitor - Completed (55%)
2024-10-23 03:30:20 INFO: 03:30:20.916 [main] [INFO ] q.l.p.CommandLineTaskRunner$CommandLineProgressMonitor - Completed (56%)
2024-10-23 03:30:21 INFO: 03:30:21.010 [main] [INFO ] q.l.p.CommandLineTaskRunner$CommandLineProgressMonitor - Completed (57%)
2024-10-23 03:30:21 INFO: 03:30:21.108 [main] [INFO ] q.l.p.CommandLineTaskRunner$CommandLineProgressMonitor - Completed (58%)
2024-10-23 03:30:21 INFO: 03:30:21.202 [main] [INFO ] q.l.p.CommandLineTaskRunner$CommandLineProgressMonitor - Completed (59%)
2024-10-23 03:30:21 INFO: 03:30:21.307 [main] [INFO ] q.l.p.CommandLineTaskRunner$CommandLineProgressMonitor - Completed (60%)
2024-10-23 03:30:21 INFO: 03:30:21.403 [main] [INFO ] q.l.p.CommandLineTaskRunner$CommandLineProgressMonitor - Completed (61%)
2024-10-23 03:30:21 INFO: 03:30:21.506 [main] [INFO ] q.l.p.CommandLineTaskRunner$CommandLineProgressMonitor - Completed (62%)
2024-10-23 03:30:21 INFO: 03:30:21.637 [main] [INFO ] q.l.p.CommandLineTaskRunner$CommandLineProgressMonitor - Completed (63%)
2024-10-23 03:30:21 INFO: 03:30:21.829 [main] [INFO ] q.l.p.CommandLineTaskRunner$CommandLineProgressMonitor - Completed (64%)
2024-10-23 03:30:21 INFO: 03:30:21.979 [main] [INFO ] q.l.p.CommandLineTaskRunner$CommandLineProgressMonitor - Completed (65%)
2024-10-23 03:30:22 INFO: 03:30:22.127 [main] [INFO ] q.l.p.CommandLineTaskRunner$CommandLineProgressMonitor - Completed (66%)
2024-10-23 03:30:22 INFO: 03:30:22.286 [main] [INFO ] q.l.p.CommandLineTaskRunner$CommandLineProgressMonitor - Completed (67%)
2024-10-23 03:30:22 INFO: 03:30:22.444 [main] [INFO ] q.l.p.CommandLineTaskRunner$CommandLineProgressMonitor - Completed (68%)
2024-10-23 03:30:22 INFO: 03:30:22.597 [main] [INFO ] q.l.p.CommandLineTaskRunner$CommandLineProgressMonitor - Completed (69%)
2024-10-23 03:30:22 INFO: 03:30:22.758 [main] [INFO ] q.l.p.CommandLineTaskRunner$CommandLineProgressMonitor - Completed (70%)
2024-10-23 03:30:22 INFO: 03:30:22.906 [main] [INFO ] q.l.p.CommandLineTaskRunner$CommandLineProgressMonitor - Completed (71%)
2024-10-23 03:30:23 INFO: 03:30:23.066 [main] [INFO ] q.l.p.CommandLineTaskRunner$CommandLineProgressMonitor - Completed (72%)
2024-10-23 03:30:23 INFO: 03:30:23.285 [main] [INFO ] q.l.p.CommandLineTaskRunner$CommandLineProgressMonitor - Completed (73%)
2024-10-23 03:30:23 INFO: 03:30:23.445 [main] [INFO ] q.l.p.CommandLineTaskRunner$CommandLineProgressMonitor - Completed (74%)
2024-10-23 03:30:23 INFO: 03:30:23.612 [main] [INFO ] q.l.p.CommandLineTaskRunner$CommandLineProgressMonitor - Completed (75%)
2024-10-23 03:30:23 INFO: 03:30:23.756 [main] [INFO ] q.l.p.CommandLineTaskRunner$CommandLineProgressMonitor - Completed (76%)
2024-10-23 03:30:23 INFO: 03:30:23.913 [main] [INFO ] q.l.p.CommandLineTaskRunner$CommandLineProgressMonitor - Completed (77%)
2024-10-23 03:30:24 INFO: 03:30:24.030 [main] [INFO ] q.l.p.CommandLineTaskRunner$CommandLineProgressMonitor - Completed (78%)
2024-10-23 03:30:24 INFO: 03:30:24.141 [main] [INFO ] q.l.p.CommandLineTaskRunner$CommandLineProgressMonitor - Completed (79%)
2024-10-23 03:30:24 INFO: 03:30:24.262 [main] [INFO ] q.l.p.CommandLineTaskRunner$CommandLineProgressMonitor - Completed (80%)
2024-10-23 03:30:24 INFO: 03:30:24.388 [main] [INFO ] q.l.p.CommandLineTaskRunner$CommandLineProgressMonitor - Completed (81%)
2024-10-23 03:30:24 INFO: 03:30:24.562 [main] [INFO ] q.l.p.CommandLineTaskRunner$CommandLineProgressMonitor - Completed (82%)
2024-10-23 03:30:24 INFO: 03:30:24.680 [main] [INFO ] q.l.p.CommandLineTaskRunner$CommandLineProgressMonitor - Completed (83%)
2024-10-23 03:30:24 INFO: 03:30:24.810 [main] [INFO ] q.l.p.CommandLineTaskRunner$CommandLineProgressMonitor - Completed (84%)
2024-10-23 03:30:24 INFO: 03:30:24.936 [main] [INFO ] q.l.p.CommandLineTaskRunner$CommandLineProgressMonitor - Completed (85%)
2024-10-23 03:30:25 INFO: 03:30:25.090 [main] [INFO ] q.l.p.CommandLineTaskRunner$CommandLineProgressMonitor - Completed (86%)
2024-10-23 03:30:25 INFO: 03:30:25.221 [main] [INFO ] q.l.p.CommandLineTaskRunner$CommandLineProgressMonitor - Completed (87%)
2024-10-23 03:30:25 INFO: 03:30:25.347 [main] [INFO ] q.l.p.CommandLineTaskRunner$CommandLineProgressMonitor - Completed (88%)
2024-10-23 03:30:25 INFO: 03:30:25.479 [main] [INFO ] q.l.p.CommandLineTaskRunner$CommandLineProgressMonitor - Completed (89%)
2024-10-23 03:30:25 INFO: 03:30:25.631 [main] [INFO ] q.l.p.CommandLineTaskRunner$CommandLineProgressMonitor - Completed (90%)
2024-10-23 03:30:25 INFO: 03:30:25.782 [main] [INFO ] q.l.p.CommandLineTaskRunner$CommandLineProgressMonitor - Completed (91%)
2024-10-23 03:30:25 INFO: 03:30:25.930 [main] [INFO ] q.l.p.CommandLineTaskRunner$CommandLineProgressMonitor - Completed (92%)
2024-10-23 03:30:26 INFO: 03:30:26.074 [main] [INFO ] q.l.p.CommandLineTaskRunner$CommandLineProgressMonitor - Completed (93%)
2024-10-23 03:30:26 INFO: 03:30:26.230 [main] [INFO ] q.l.p.CommandLineTaskRunner$CommandLineProgressMonitor - Completed (94%)
2024-10-23 03:30:26 INFO: 03:30:26.384 [main] [INFO ] q.l.p.CommandLineTaskRunner$CommandLineProgressMonitor - Completed (95%)
2024-10-23 03:30:26 INFO: 03:30:26.534 [main] [INFO ] q.l.p.CommandLineTaskRunner$CommandLineProgressMonitor - Completed (96%)
2024-10-23 03:30:26 INFO: 03:30:26.695 [main] [INFO ] q.l.p.CommandLineTaskRunner$CommandLineProgressMonitor - Completed (97%)
2024-10-23 03:30:26 INFO: 03:30:26.867 [main] [INFO ] q.l.p.CommandLineTaskRunner$CommandLineProgressMonitor - Completed (98%)
2024-10-23 03:30:27 INFO: 03:30:27.024 [main] [INFO ] q.l.p.CommandLineTaskRunner$CommandLineProgressMonitor - Completed (99%)
2024-10-23 03:30:27 INFO: 03:30:27.293 [main] [INFO ] q.l.p.CommandLineTaskRunner$CommandLineProgressMonitor - Completed (100%)
2024-10-23 03:31:23 INFO: 03:31:23.306 [main] [INFO ] q.l.p.CommandLineTaskRunner$CommandLineProgressMonitor - Completed (100%)
2024-10-23 03:31:23 INFO: 03:31:23.308 [main] [INFO ] q.l.p.CommandLineTaskRunner$CommandLineProgressMonitor - Processing complete in 71.24 seconds
2024-10-23 03:31:23 INFO: 03:31:23.308 [main] [INFO ] q.l.p.CommandLineTaskRunner$CommandLineProgressMonitor - Tasks completed!
2024-10-23 03:33:39 INFO: 03:33:39.270 [task-runner-6-1] [WARN ] q.o.features.DelaunayTriangulation - Some objects have missing measurements! Statistics will calculated only for objects with measurements available.
2024-10-23 03:33:39 INFO: 03:33:39.271 [task-runner-6-1] [WARN ] q.o.features.DelaunayTriangulation - Missing measurements: [ROI: 1.00 m per pixel: Residual: Haralick Correlation (F2), ROI: 1.00 m per pixel: Residual: Haralick Information measure of correlation 1 (F11), ROI: 1.00 m per pixel: Residual: Haralick Information measure of correlation 2 (F12)]
2024-10-23 03:33:39 INFO: 03:33:39.327 [main] [INFO ] q.l.p.CommandLineTaskRunner$CommandLineProgressMonitor - Delaunay triangulation calculated for Annotation (201685 objects) (100%)
2024-10-23 03:33:39 INFO: 03:33:39.328 [main] [INFO ] q.l.p.CommandLineTaskRunner$CommandLineProgressMonitor - Processing complete in 135.97 seconds
2024-10-23 03:33:39 INFO: 03:33:39.328 [main] [INFO ] q.l.p.CommandLineTaskRunner$CommandLineProgressMonitor - Tasks completed!
2024-10-23 03:36:01 INFO: TCGA-GI-A2C8-01Z-00-DX1.09BD8AC9-645A-4C8B-9B36-77D833BDBA09
2024-10-23 03:36:01 INFO: QuPath subprocess completed.
2024-10-23 03:36:12 INFO: QuPath image extraction completed successfully. Output directory: /home/ilants/Documents/jupyter_test/single_image_multiple_params/exp_maxAreaMicrons_80.0
2024-10-23 03:36:12 INFO: Summary table saved to: /home/ilants/Documents/jupyter_test/single_image_multiple_params/exp_maxAreaMicrons_80.0/Summary_Table.csv
2024-10-23 03:36:12 INFO: Experiment completed successfully.
