2024-10-22 23:23:25 INFO: Starting experiment with for backgroundRadiusMicrons with value of 6.0
2024-10-22 23:23:25 INFO: Running with the following configuration:
{'detectionImageBrightfield': 'Hematoxylin OD', 'requestedPixelSizeMicrons': 0.5, 'backgroundRadiusMicrons': 6.0, 'backgroundByReconstruction': True, 'medianRadiusMicrons': 0.0, 'sigmaMicrons': 1.5, 'minAreaMicrons': 10.0, 'maxAreaMicrons': 80.0, 'threshold': 0.1, 'maxBackground': 2.0, 'watershedPostProcess': True, 'cellExpansionMicrons': 5.0, 'includeNuclei': True, 'smoothBoundaries': True, 'makeMeasurements': True, 'backgroundRadiusPixel': 8.0, 'cellExpansionPixel': 10.0, 'medianRadiusPixel': 0.0, 'minAreaPixel': 20.0, 'maxAreaPixel': 160.0}
2024-10-22 23:23:25 INFO: Starting QuPath image extraction with the following parameters: image_dir=/home/ilants/Documents/jupyter_test, output_dir=/home/ilants/Documents/jupyter_test/single_image_multiple_params/exp_backgroundRadiusMicrons_6.0, image_type=svs, groovy_script=/home/ilants/Documents/utls/nucleus_detection_wargs.groovy, config_file=/home/ilants/Documents/jupyter_test/single_image_multiple_params/exp_backgroundRadiusMicrons_6.0/cfg.json, program_path=/home/ilants/Documents/QuPath-v0.5.1-Linux/QuPath/bin/QuPath
2024-10-22 23:23:26 INFO: 23:23:26.476 [main] [INFO ] qupath.lib.gui.prefs.PathPrefs - Setting default Locale to en_US
2024-10-22 23:23:26 INFO: 23:23:26.479 [main] [INFO ] qupath.lib.gui.prefs.PathPrefs - Setting Locale for FORMAT to en_US
2024-10-22 23:23:26 INFO: 23:23:26.479 [main] [INFO ] qupath.lib.gui.prefs.PathPrefs - Setting Locale for DISPLAY to en_US
2024-10-22 23:23:26 INFO: 23:23:26.493 [main] [INFO ] qupath.lib.common.ThreadTools - Setting parallelism to 63
2024-10-22 23:23:26 INFO: 23:23:26.510 [main] [INFO ] qupath.ScriptCommand - Setting tile cache size to 32200.00 MB (25.0% max memory)
2024-10-22 23:23:26 INFO: 23:23:26.561 [main] [INFO ] qupath.lib.scripting.QP - Initializing type adapters
2024-10-22 23:23:26 INFO: Warning: Versions of org.bytedeco:javacpp:1.5.9 and org.bytedeco:opencv:4.6.0-1.5.8 do not match.
2024-10-22 23:23:26 INFO: Warning: Versions of org.bytedeco:javacpp:1.5.9 and org.bytedeco:openblas:0.3.21-1.5.8 do not match.
2024-10-22 23:23:28 INFO: project parameters are: {"detectionImageBrightfield": "Hematoxylin OD","requestedPixelSizeMicrons": 0.5,"backgroundRadiusMicrons": 6.0,"backgroundByReconstruction": true,"medianRadiusMicrons": 0.0,"sigmaMicrons": 1.5,"minAreaMicrons": 10.0,"maxAreaMicrons": 80.0,"threshold": 0.1,"maxBackground": 2.0,"watershedPostProcess": true,"cellExpansionMicrons": 5.0,"includeNuclei": true,"smoothBoundaries": true,"makeMeasurements": true,"backgroundRadiusPixel": 8.0,"cellExpansionPixel": 10.0,"medianRadiusPixel": 0.0,"minAreaPixel": 20.0,"maxAreaPixel": 160.0}
2024-10-22 23:23:28 INFO: New project created at: /home/ilants/Documents/jupyter_test/single_image_multiple_params/exp_backgroundRadiusMicrons_6.0/QPProject
2024-10-22 23:23:28 INFO: Added: /home/ilants/Documents/jupyter_test/TCGA-GI-A2C8-01Z-00-DX1.09BD8AC9-645A-4C8B-9B36-77D833BDBA09.svs
2024-10-22 23:23:28 INFO: /home/ilants/Documents/jupyter_test/TCGA-GI-A2C8-01Z-00-DX1.09BD8AC9-645A-4C8B-9B36-77D833BDBA09.svs
2024-10-22 23:23:28 INFO: 23:23:28.513 [main] [INFO ] q.l.i.s.b.BioFormatsServerOptions - Setting max Bio-Formats readers to 32
2024-10-22 23:23:29 INFO: UriImageSupport (class qupath.lib.images.servers.bioformats.BioFormatsServerBuilder) support=3.0, builders=1
2024-10-22 23:23:29 INFO: true
2024-10-22 23:23:29 INFO: 23:23:29.190 [main] [WARN ] qupath.lib.scripting.QP - createSelectAllObject(boolean) is deprecated, use createFullImageAnnotation(boolean) instead
2024-10-22 23:23:29 INFO: 23:23:29.191 [main] [WARN ] qupath.lib.scripting.QP - createSelectAllObject(boolean, int, int) is deprecated, use createFullImageAnnotation(boolean, int, int) instead
2024-10-22 23:23:29 INFO: 23:23:29.202 [main] [WARN ] q.l.plugins.parameters.ParameterList - Unable to set parameter backgroundRadiusPixel with value 8.0
2024-10-22 23:23:29 INFO: 23:23:29.202 [main] [WARN ] q.l.plugins.parameters.ParameterList - Unable to set parameter cellExpansionPixel with value 10.0
2024-10-22 23:23:29 INFO: 23:23:29.202 [main] [WARN ] q.l.plugins.parameters.ParameterList - Unable to set parameter medianRadiusPixel with value 0.0
2024-10-22 23:23:29 INFO: 23:23:29.202 [main] [WARN ] q.l.plugins.parameters.ParameterList - Unable to set parameter minAreaPixel with value 20.0
2024-10-22 23:23:29 INFO: 23:23:29.202 [main] [WARN ] q.l.plugins.parameters.ParameterList - Unable to set parameter maxAreaPixel with value 160.0
2024-10-22 23:23:42 INFO: 23:23:42.110 [task-runner-1-3] [INFO ] q.lib.plugins.DetectionPluginTools - 0 nuclei detected (processing time: 12.77 seconds)
2024-10-22 23:23:42 INFO: 23:23:42.110 [task-runner-1-15] [INFO ] q.lib.plugins.DetectionPluginTools - 0 nuclei detected (processing time: 12.77 seconds)
2024-10-22 23:23:42 INFO: 23:23:42.114 [main] [INFO ] q.l.p.CommandLineTaskRunner$CommandLineProgressMonitor - 0 nuclei detected (1%)
2024-10-22 23:23:42 INFO: 23:23:42.114 [task-runner-1-1] [INFO ] q.lib.plugins.DetectionPluginTools - 0 nuclei detected (processing time: 12.78 seconds)
2024-10-22 23:23:42 INFO: 23:23:42.115 [main] [INFO ] q.l.p.CommandLineTaskRunner$CommandLineProgressMonitor - 0 nuclei detected (2%)
2024-10-22 23:23:42 INFO: 23:23:42.122 [task-runner-1-12] [INFO ] q.lib.plugins.DetectionPluginTools - 0 nuclei detected (processing time: 12.78 seconds)
2024-10-22 23:23:42 INFO: 23:23:42.123 [main] [INFO ] q.l.p.CommandLineTaskRunner$CommandLineProgressMonitor - 0 nuclei detected (3%)
2024-10-22 23:23:42 INFO: 23:23:42.378 [task-runner-1-16] [INFO ] q.lib.plugins.DetectionPluginTools - 0 nuclei detected (processing time: 13.04 seconds)
2024-10-22 23:23:42 INFO: 23:23:42.381 [task-runner-1-9] [INFO ] q.lib.plugins.DetectionPluginTools - 0 nuclei detected (processing time: 13.04 seconds)
2024-10-22 23:23:42 INFO: 23:23:42.384 [main] [INFO ] q.l.p.CommandLineTaskRunner$CommandLineProgressMonitor - 0 nuclei detected (4%)
2024-10-22 23:23:42 INFO: 23:23:42.387 [task-runner-1-4] [INFO ] q.lib.plugins.DetectionPluginTools - 0 nuclei detected (processing time: 13.05 seconds)
2024-10-22 23:23:42 INFO: 23:23:42.392 [task-runner-1-32] [INFO ] q.lib.plugins.DetectionPluginTools - 0 nuclei detected (processing time: 13.05 seconds)
2024-10-22 23:23:42 INFO: 23:23:42.393 [main] [INFO ] q.l.p.CommandLineTaskRunner$CommandLineProgressMonitor - 0 nuclei detected (5%)
2024-10-22 23:23:42 INFO: 23:23:42.401 [task-runner-1-48] [INFO ] q.lib.plugins.DetectionPluginTools - 0 nuclei detected (processing time: 13.06 seconds)
2024-10-22 23:23:42 INFO: 23:23:42.402 [main] [INFO ] q.l.p.CommandLineTaskRunner$CommandLineProgressMonitor - 0 nuclei detected (6%)
2024-10-22 23:23:43 INFO: 23:23:43.427 [task-runner-1-47] [INFO ] q.lib.plugins.DetectionPluginTools - 7 nuclei detected (processing time: 14.08 seconds)
2024-10-22 23:23:43 INFO: 23:23:43.428 [main] [INFO ] q.l.p.CommandLineTaskRunner$CommandLineProgressMonitor - 7 nuclei detected (6%)
2024-10-22 23:23:45 INFO: 23:23:45.397 [task-runner-1-11] [INFO ] q.lib.plugins.DetectionPluginTools - 1 nucleus detected (processing time: 16.06 seconds)
2024-10-22 23:23:45 INFO: 23:23:45.398 [main] [INFO ] q.l.p.CommandLineTaskRunner$CommandLineProgressMonitor - 1 nucleus detected (7%)
2024-10-22 23:23:45 INFO: 23:23:45.404 [task-runner-1-2] [INFO ] q.lib.plugins.DetectionPluginTools - 2 nuclei detected (processing time: 16.07 seconds)
2024-10-22 23:23:45 INFO: 23:23:45.407 [main] [INFO ] q.l.p.CommandLineTaskRunner$CommandLineProgressMonitor - 2 nuclei detected (8%)
2024-10-22 23:23:45 INFO: 23:23:45.407 [task-runner-1-7] [INFO ] q.lib.plugins.DetectionPluginTools - 1 nucleus detected (processing time: 16.07 seconds)
2024-10-22 23:23:45 INFO: 23:23:45.408 [main] [INFO ] q.l.p.CommandLineTaskRunner$CommandLineProgressMonitor - 1 nucleus detected (8%)
2024-10-22 23:23:45 INFO: 23:23:45.412 [task-runner-1-30] [INFO ] q.lib.plugins.DetectionPluginTools - 1 nucleus detected (processing time: 16.07 seconds)
2024-10-22 23:23:45 INFO: 23:23:45.411 [task-runner-1-27] [INFO ] q.lib.plugins.DetectionPluginTools - 1 nucleus detected (processing time: 16.07 seconds)
2024-10-22 23:23:45 INFO: 23:23:45.414 [task-runner-1-8] [INFO ] q.lib.plugins.DetectionPluginTools - 2 nuclei detected (processing time: 16.08 seconds)
2024-10-22 23:23:45 INFO: 23:23:45.413 [task-runner-1-29] [INFO ] q.lib.plugins.DetectionPluginTools - 5 nuclei detected (processing time: 16.07 seconds)
2024-10-22 23:23:45 INFO: 23:23:45.414 [main] [INFO ] q.l.p.CommandLineTaskRunner$CommandLineProgressMonitor - 1 nucleus detected (9%)
2024-10-22 23:23:45 INFO: 23:23:45.417 [main] [INFO ] q.l.p.CommandLineTaskRunner$CommandLineProgressMonitor - 2 nuclei detected (10%)
2024-10-22 23:23:45 INFO: 23:23:45.417 [task-runner-1-13] [INFO ] q.lib.plugins.DetectionPluginTools - 9 nuclei detected (processing time: 16.08 seconds)
2024-10-22 23:23:45 INFO: 23:23:45.417 [main] [INFO ] q.l.p.CommandLineTaskRunner$CommandLineProgressMonitor - 5 nuclei detected (11%)
2024-10-22 23:23:45 INFO: 23:23:45.417 [main] [INFO ] q.l.p.CommandLineTaskRunner$CommandLineProgressMonitor - 9 nuclei detected (11%)
2024-10-22 23:23:45 INFO: 23:23:45.429 [task-runner-1-6] [INFO ] q.lib.plugins.DetectionPluginTools - 6 nuclei detected (processing time: 16.09 seconds)
2024-10-22 23:23:45 INFO: 23:23:45.430 [main] [INFO ] q.l.p.CommandLineTaskRunner$CommandLineProgressMonitor - 6 nuclei detected (12%)
2024-10-22 23:23:45 INFO: 23:23:45.436 [task-runner-1-17] [INFO ] q.lib.plugins.DetectionPluginTools - 3 nuclei detected (processing time: 16.09 seconds)
2024-10-22 23:23:45 INFO: 23:23:45.436 [task-runner-1-10] [INFO ] q.lib.plugins.DetectionPluginTools - 1 nucleus detected (processing time: 16.09 seconds)
2024-10-22 23:23:45 INFO: 23:23:45.437 [main] [INFO ] q.l.p.CommandLineTaskRunner$CommandLineProgressMonitor - 3 nuclei detected (13%)
2024-10-22 23:23:45 INFO: 23:23:45.437 [main] [INFO ] q.l.p.CommandLineTaskRunner$CommandLineProgressMonitor - 1 nucleus detected (13%)
2024-10-22 23:23:45 INFO: 23:23:45.449 [task-runner-1-14] [INFO ] q.lib.plugins.DetectionPluginTools - 2 nuclei detected (processing time: 16.11 seconds)
2024-10-22 23:23:45 INFO: 23:23:45.450 [main] [INFO ] q.l.p.CommandLineTaskRunner$CommandLineProgressMonitor - 2 nuclei detected (14%)
2024-10-22 23:23:45 INFO: 23:23:45.480 [task-runner-1-28] [INFO ] q.lib.plugins.DetectionPluginTools - 23 nuclei detected (processing time: 16.14 seconds)
2024-10-22 23:23:45 INFO: 23:23:45.482 [main] [INFO ] q.l.p.CommandLineTaskRunner$CommandLineProgressMonitor - 23 nuclei detected (14%)
2024-10-22 23:23:45 INFO: 23:23:45.484 [task-runner-1-31] [INFO ] q.lib.plugins.DetectionPluginTools - 19 nuclei detected (processing time: 16.14 seconds)
2024-10-22 23:23:45 INFO: 23:23:45.485 [main] [INFO ] q.l.p.CommandLineTaskRunner$CommandLineProgressMonitor - 19 nuclei detected (15%)
2024-10-22 23:23:45 INFO: 23:23:45.551 [task-runner-1-46] [INFO ] q.lib.plugins.DetectionPluginTools - 58 nuclei detected (processing time: 16.21 seconds)
2024-10-22 23:23:45 INFO: 23:23:45.552 [main] [INFO ] q.l.p.CommandLineTaskRunner$CommandLineProgressMonitor - 58 nuclei detected (16%)
2024-10-22 23:23:45 INFO: 23:23:45.556 [task-runner-1-26] [INFO ] q.lib.plugins.DetectionPluginTools - 52 nuclei detected (processing time: 16.21 seconds)
2024-10-22 23:23:45 INFO: 23:23:45.556 [main] [INFO ] q.l.p.CommandLineTaskRunner$CommandLineProgressMonitor - 52 nuclei detected (16%)
2024-10-22 23:23:45 INFO: 23:23:45.608 [task-runner-1-5] [INFO ] q.lib.plugins.DetectionPluginTools - 69 nuclei detected (processing time: 16.27 seconds)
2024-10-22 23:23:45 INFO: 23:23:45.609 [main] [INFO ] q.l.p.CommandLineTaskRunner$CommandLineProgressMonitor - 69 nuclei detected (17%)
2024-10-22 23:23:45 INFO: 23:23:45.704 [task-runner-1-45] [INFO ] q.lib.plugins.DetectionPluginTools - 138 nuclei detected (processing time: 16.36 seconds)
2024-10-22 23:23:45 INFO: 23:23:45.705 [main] [INFO ] q.l.p.CommandLineTaskRunner$CommandLineProgressMonitor - 138 nuclei detected (18%)
2024-10-22 23:23:45 INFO: 23:23:45.772 [task-runner-1-49] [INFO ] q.lib.plugins.DetectionPluginTools - 137 nuclei detected (processing time: 16.43 seconds)
2024-10-22 23:23:45 INFO: 23:23:45.774 [main] [INFO ] q.l.p.CommandLineTaskRunner$CommandLineProgressMonitor - 137 nuclei detected (18%)
2024-10-22 23:23:45 INFO: 23:23:45.804 [task-runner-1-33] [INFO ] q.lib.plugins.DetectionPluginTools - 239 nuclei detected (processing time: 16.46 seconds)
2024-10-22 23:23:45 INFO: 23:23:45.805 [main] [INFO ] q.l.p.CommandLineTaskRunner$CommandLineProgressMonitor - 239 nuclei detected (19%)
2024-10-22 23:23:45 INFO: 23:23:45.810 [task-runner-1-19] [INFO ] q.lib.plugins.DetectionPluginTools - 166 nuclei detected (processing time: 16.47 seconds)
2024-10-22 23:23:45 INFO: 23:23:45.812 [main] [INFO ] q.l.p.CommandLineTaskRunner$CommandLineProgressMonitor - 166 nuclei detected (19%)
2024-10-22 23:23:45 INFO: 23:23:45.845 [task-runner-1-63] [INFO ] q.lib.plugins.DetectionPluginTools - 159 nuclei detected (processing time: 16.50 seconds)
2024-10-22 23:23:45 INFO: 23:23:45.846 [main] [INFO ] q.l.p.CommandLineTaskRunner$CommandLineProgressMonitor - 159 nuclei detected (20%)
2024-10-22 23:23:45 INFO: 23:23:45.850 [task-runner-1-62] [INFO ] q.lib.plugins.DetectionPluginTools - 229 nuclei detected (processing time: 16.50 seconds)
2024-10-22 23:23:45 INFO: 23:23:45.851 [main] [INFO ] q.l.p.CommandLineTaskRunner$CommandLineProgressMonitor - 229 nuclei detected (21%)
2024-10-22 23:23:45 INFO: 23:23:45.872 [task-runner-1-61] [INFO ] q.lib.plugins.DetectionPluginTools - 229 nuclei detected (processing time: 16.52 seconds)
2024-10-22 23:23:45 INFO: 23:23:45.889 [task-runner-1-18] [INFO ] q.lib.plugins.DetectionPluginTools - 270 nuclei detected (processing time: 16.55 seconds)
2024-10-22 23:23:45 INFO: 23:23:45.889 [main] [INFO ] q.l.p.CommandLineTaskRunner$CommandLineProgressMonitor - 270 nuclei detected (22%)
2024-10-22 23:23:45 INFO: 23:23:45.923 [task-runner-1-35] [INFO ] q.lib.plugins.DetectionPluginTools - 304 nuclei detected (processing time: 16.58 seconds)
2024-10-22 23:23:45 INFO: 23:23:45.924 [main] [INFO ] q.l.p.CommandLineTaskRunner$CommandLineProgressMonitor - 304 nuclei detected (23%)
2024-10-22 23:23:46 INFO: 23:23:46.062 [task-runner-1-44] [INFO ] q.lib.plugins.DetectionPluginTools - 325 nuclei detected (processing time: 16.72 seconds)
2024-10-22 23:23:46 INFO: 23:23:46.067 [main] [INFO ] q.l.p.CommandLineTaskRunner$CommandLineProgressMonitor - 325 nuclei detected (23%)
2024-10-22 23:23:46 INFO: 23:23:46.142 [task-runner-1-50] [INFO ] q.lib.plugins.DetectionPluginTools - 364 nuclei detected (processing time: 16.80 seconds)
2024-10-22 23:23:46 INFO: 23:23:46.143 [main] [INFO ] q.l.p.CommandLineTaskRunner$CommandLineProgressMonitor - 364 nuclei detected (24%)
2024-10-22 23:23:46 INFO: 23:23:46.147 [task-runner-1-25] [INFO ] q.lib.plugins.DetectionPluginTools - 403 nuclei detected (processing time: 16.81 seconds)
2024-10-22 23:23:46 INFO: 23:23:46.148 [main] [INFO ] q.l.p.CommandLineTaskRunner$CommandLineProgressMonitor - 403 nuclei detected (24%)
2024-10-22 23:23:46 INFO: 23:23:46.212 [task-runner-1-34] [INFO ] q.lib.plugins.DetectionPluginTools - 483 nuclei detected (processing time: 16.87 seconds)
2024-10-22 23:23:46 INFO: 23:23:46.214 [main] [INFO ] q.l.p.CommandLineTaskRunner$CommandLineProgressMonitor - 483 nuclei detected (25%)
2024-10-22 23:23:46 INFO: 23:23:46.246 [task-runner-1-20] [INFO ] q.lib.plugins.DetectionPluginTools - 725 nuclei detected (processing time: 16.91 seconds)
2024-10-22 23:23:46 INFO: 23:23:46.249 [main] [INFO ] q.l.p.CommandLineTaskRunner$CommandLineProgressMonitor - 725 nuclei detected (26%)
2024-10-22 23:23:46 INFO: 23:23:46.370 [task-runner-1-51] [INFO ] q.lib.plugins.DetectionPluginTools - 971 nuclei detected (processing time: 17.02 seconds)
2024-10-22 23:23:46 INFO: 23:23:46.374 [main] [INFO ] q.l.p.CommandLineTaskRunner$CommandLineProgressMonitor - 971 nuclei detected (26%)
2024-10-22 23:23:46 INFO: 23:23:46.390 [task-runner-1-24] [INFO ] q.lib.plugins.DetectionPluginTools - 1039 nuclei detected (processing time: 17.05 seconds)
2024-10-22 23:23:46 INFO: 23:23:46.393 [main] [INFO ] q.l.p.CommandLineTaskRunner$CommandLineProgressMonitor - 1039 nuclei detected (27%)
2024-10-22 23:23:46 INFO: 23:23:46.410 [task-runner-1-43] [INFO ] q.lib.plugins.DetectionPluginTools - 1047 nuclei detected (processing time: 17.07 seconds)
2024-10-22 23:23:46 INFO: 23:23:46.419 [main] [INFO ] q.l.p.CommandLineTaskRunner$CommandLineProgressMonitor - 1047 nuclei detected (28%)
2024-10-22 23:23:46 INFO: 23:23:46.436 [task-runner-1-23] [INFO ] q.lib.plugins.DetectionPluginTools - 1063 nuclei detected (processing time: 17.10 seconds)
2024-10-22 23:23:46 INFO: 23:23:46.437 [main] [INFO ] q.l.p.CommandLineTaskRunner$CommandLineProgressMonitor - 1063 nuclei detected (28%)
2024-10-22 23:23:46 INFO: 23:23:46.443 [task-runner-1-60] [INFO ] q.lib.plugins.DetectionPluginTools - 1153 nuclei detected (processing time: 17.10 seconds)
2024-10-22 23:23:46 INFO: 23:23:46.444 [main] [INFO ] q.l.p.CommandLineTaskRunner$CommandLineProgressMonitor - 1153 nuclei detected (29%)
2024-10-22 23:23:46 INFO: 23:23:46.532 [task-runner-1-22] [INFO ] q.lib.plugins.DetectionPluginTools - 1439 nuclei detected (processing time: 17.19 seconds)
2024-10-22 23:23:46 INFO: 23:23:46.533 [main] [INFO ] q.l.p.CommandLineTaskRunner$CommandLineProgressMonitor - 1439 nuclei detected (29%)
2024-10-22 23:23:47 INFO: 23:23:47.368 [task-runner-1-36] [INFO ] q.lib.plugins.DetectionPluginTools - 2141 nuclei detected (processing time: 18.03 seconds)
2024-10-22 23:23:47 INFO: 23:23:47.369 [main] [INFO ] q.l.p.CommandLineTaskRunner$CommandLineProgressMonitor - 2141 nuclei detected (30%)
2024-10-22 23:23:48 INFO: 23:23:48.314 [task-runner-1-3] [INFO ] q.lib.plugins.DetectionPluginTools - 1 nucleus detected (processing time: 6.20 seconds)
2024-10-22 23:23:48 INFO: 23:23:48.315 [main] [INFO ] q.l.p.CommandLineTaskRunner$CommandLineProgressMonitor - 1 nucleus detected (31%)
2024-10-22 23:23:50 INFO: 23:23:50.395 [task-runner-1-1] [INFO ] q.lib.plugins.DetectionPluginTools - 430 nuclei detected (processing time: 8.28 seconds)
2024-10-22 23:23:50 INFO: 23:23:50.397 [main] [INFO ] q.l.p.CommandLineTaskRunner$CommandLineProgressMonitor - 430 nuclei detected (31%)
2024-10-22 23:23:50 INFO: 23:23:50.496 [task-runner-1-52] [INFO ] q.lib.plugins.DetectionPluginTools - 2700 nuclei detected (processing time: 21.15 seconds)
2024-10-22 23:23:50 INFO: 23:23:50.497 [main] [INFO ] q.l.p.CommandLineTaskRunner$CommandLineProgressMonitor - 2700 nuclei detected (32%)
2024-10-22 23:23:50 INFO: 23:23:50.512 [task-runner-1-15] [INFO ] q.lib.plugins.DetectionPluginTools - 120 nuclei detected (processing time: 8.40 seconds)
2024-10-22 23:23:50 INFO: 23:23:50.513 [main] [INFO ] q.l.p.CommandLineTaskRunner$CommandLineProgressMonitor - 120 nuclei detected (33%)
2024-10-22 23:23:50 INFO: 23:23:50.733 [task-runner-1-40] [INFO ] q.lib.plugins.DetectionPluginTools - 2208 nuclei detected (processing time: 21.39 seconds)
2024-10-22 23:23:50 INFO: 23:23:50.734 [main] [INFO ] q.l.p.CommandLineTaskRunner$CommandLineProgressMonitor - 2208 nuclei detected (33%)
2024-10-22 23:23:51 INFO: 23:23:51.550 [task-runner-1-42] [INFO ] q.lib.plugins.DetectionPluginTools - 2752 nuclei detected (processing time: 22.21 seconds)
2024-10-22 23:23:51 INFO: 23:23:51.553 [main] [INFO ] q.l.p.CommandLineTaskRunner$CommandLineProgressMonitor - 2752 nuclei detected (34%)
2024-10-22 23:23:51 INFO: 23:23:51.612 [task-runner-1-12] [INFO ] q.lib.plugins.DetectionPluginTools - 566 nuclei detected (processing time: 9.49 seconds)
2024-10-22 23:23:51 INFO: 23:23:51.613 [main] [INFO ] q.l.p.CommandLineTaskRunner$CommandLineProgressMonitor - 566 nuclei detected (34%)
2024-10-22 23:23:51 INFO: 23:23:51.820 [task-runner-1-59] [INFO ] q.lib.plugins.DetectionPluginTools - 2837 nuclei detected (processing time: 22.47 seconds)
2024-10-22 23:23:51 INFO: 23:23:51.822 [main] [INFO ] q.l.p.CommandLineTaskRunner$CommandLineProgressMonitor - 2837 nuclei detected (35%)
2024-10-22 23:23:51 INFO: 23:23:51.831 [task-runner-1-21] [INFO ] q.lib.plugins.DetectionPluginTools - 3898 nuclei detected (processing time: 22.49 seconds)
2024-10-22 23:23:51 INFO: 23:23:51.832 [main] [INFO ] q.l.p.CommandLineTaskRunner$CommandLineProgressMonitor - 3898 nuclei detected (36%)
2024-10-22 23:23:52 INFO: 23:23:52.025 [task-runner-1-41] [INFO ] q.lib.plugins.DetectionPluginTools - 2627 nuclei detected (processing time: 22.68 seconds)
2024-10-22 23:23:52 INFO: 23:23:52.027 [main] [INFO ] q.l.p.CommandLineTaskRunner$CommandLineProgressMonitor - 2627 nuclei detected (36%)
2024-10-22 23:23:52 INFO: 23:23:52.299 [task-runner-1-58] [INFO ] q.lib.plugins.DetectionPluginTools - 2816 nuclei detected (processing time: 22.95 seconds)
2024-10-22 23:23:52 INFO: 23:23:52.300 [main] [INFO ] q.l.p.CommandLineTaskRunner$CommandLineProgressMonitor - 2816 nuclei detected (37%)
2024-10-22 23:23:52 INFO: 23:23:52.313 [task-runner-1-39] [INFO ] q.lib.plugins.DetectionPluginTools - 3060 nuclei detected (processing time: 22.97 seconds)
2024-10-22 23:23:52 INFO: 23:23:52.315 [main] [INFO ] q.l.p.CommandLineTaskRunner$CommandLineProgressMonitor - 3060 nuclei detected (38%)
2024-10-22 23:23:52 INFO: 23:23:52.329 [task-runner-1-13] [INFO ] q.lib.plugins.DetectionPluginTools - 0 nuclei detected (processing time: 6.91 seconds)
2024-10-22 23:23:52 INFO: 23:23:52.330 [main] [INFO ] q.l.p.CommandLineTaskRunner$CommandLineProgressMonitor - 0 nuclei detected (38%)
2024-10-22 23:23:52 INFO: 23:23:52.733 [task-runner-1-57] [INFO ] q.lib.plugins.DetectionPluginTools - 3396 nuclei detected (processing time: 23.39 seconds)
2024-10-22 23:23:52 INFO: 23:23:52.735 [main] [INFO ] q.l.p.CommandLineTaskRunner$CommandLineProgressMonitor - 3396 nuclei detected (39%)
2024-10-22 23:23:52 INFO: 23:23:52.986 [task-runner-1-37] [INFO ] q.lib.plugins.DetectionPluginTools - 4608 nuclei detected (processing time: 23.64 seconds)
2024-10-22 23:23:52 INFO: 23:23:52.987 [main] [INFO ] q.l.p.CommandLineTaskRunner$CommandLineProgressMonitor - 4608 nuclei detected (39%)
2024-10-22 23:23:53 INFO: 23:23:53.089 [task-runner-1-62] [INFO ] q.lib.plugins.DetectionPluginTools - 3 nuclei detected (processing time: 7.24 seconds)
2024-10-22 23:23:53 INFO: 23:23:53.091 [main] [INFO ] q.l.p.CommandLineTaskRunner$CommandLineProgressMonitor - 3 nuclei detected (40%)
2024-10-22 23:23:53 INFO: 23:23:53.210 [task-runner-1-6] [INFO ] q.lib.plugins.DetectionPluginTools - 146 nuclei detected (processing time: 7.78 seconds)
2024-10-22 23:23:53 INFO: 23:23:53.211 [main] [INFO ] q.l.p.CommandLineTaskRunner$CommandLineProgressMonitor - 146 nuclei detected (41%)
2024-10-22 23:23:53 INFO: 23:23:53.465 [task-runner-1-8] [INFO ] q.lib.plugins.DetectionPluginTools - 233 nuclei detected (processing time: 8.05 seconds)
2024-10-22 23:23:53 INFO: 23:23:53.472 [task-runner-1-29] [INFO ] q.lib.plugins.DetectionPluginTools - 119 nuclei detected (processing time: 8.05 seconds)
2024-10-22 23:23:53 INFO: 23:23:53.478 [main] [INFO ] q.l.p.CommandLineTaskRunner$CommandLineProgressMonitor - 233 nuclei detected (41%)
2024-10-22 23:23:53 INFO: 23:23:53.479 [main] [INFO ] q.l.p.CommandLineTaskRunner$CommandLineProgressMonitor - 119 nuclei detected (42%)
2024-10-22 23:23:53 INFO: 23:23:53.738 [task-runner-1-55] [INFO ] q.lib.plugins.DetectionPluginTools - 3407 nuclei detected (processing time: 24.39 seconds)
2024-10-22 23:23:53 INFO: 23:23:53.739 [task-runner-1-63] [INFO ] q.lib.plugins.DetectionPluginTools - 116 nuclei detected (processing time: 7.89 seconds)
2024-10-22 23:23:53 INFO: 23:23:53.740 [main] [INFO ] q.l.p.CommandLineTaskRunner$CommandLineProgressMonitor - 3407 nuclei detected (43%)
2024-10-22 23:23:53 INFO: 23:23:53.740 [main] [INFO ] q.l.p.CommandLineTaskRunner$CommandLineProgressMonitor - 116 nuclei detected (43%)
2024-10-22 23:23:53 INFO: 23:23:53.845 [task-runner-1-38] [INFO ] q.lib.plugins.DetectionPluginTools - 3987 nuclei detected (processing time: 24.50 seconds)
2024-10-22 23:23:53 INFO: 23:23:53.850 [main] [INFO ] q.l.p.CommandLineTaskRunner$CommandLineProgressMonitor - 3987 nuclei detected (44%)
2024-10-22 23:23:54 INFO: 23:23:54.236 [task-runner-1-54] [INFO ] q.lib.plugins.DetectionPluginTools - 4772 nuclei detected (processing time: 24.89 seconds)
2024-10-22 23:23:54 INFO: 23:23:54.239 [main] [INFO ] q.l.p.CommandLineTaskRunner$CommandLineProgressMonitor - 4772 nuclei detected (44%)
2024-10-22 23:23:54 INFO: 23:23:54.357 [task-runner-1-56] [INFO ] q.lib.plugins.DetectionPluginTools - 4159 nuclei detected (processing time: 25.01 seconds)
2024-10-22 23:23:54 INFO: 23:23:54.359 [main] [INFO ] q.l.p.CommandLineTaskRunner$CommandLineProgressMonitor - 4159 nuclei detected (45%)
2024-10-22 23:23:54 INFO: 23:23:54.418 [task-runner-1-18] [INFO ] q.lib.plugins.DetectionPluginTools - 155 nuclei detected (processing time: 8.53 seconds)
2024-10-22 23:23:54 INFO: 23:23:54.421 [main] [INFO ] q.l.p.CommandLineTaskRunner$CommandLineProgressMonitor - 155 nuclei detected (46%)
2024-10-22 23:23:55 INFO: 23:23:55.194 [task-runner-1-61] [INFO ] q.lib.plugins.DetectionPluginTools - 157 nuclei detected (processing time: 9.30 seconds)
2024-10-22 23:23:55 INFO: 23:23:55.196 [main] [INFO ] q.l.p.CommandLineTaskRunner$CommandLineProgressMonitor - 157 nuclei detected (46%)
2024-10-22 23:23:55 INFO: 23:23:55.416 [task-runner-1-35] [INFO ] q.lib.plugins.DetectionPluginTools - 254 nuclei detected (processing time: 9.49 seconds)
2024-10-22 23:23:55 INFO: 23:23:55.418 [main] [INFO ] q.l.p.CommandLineTaskRunner$CommandLineProgressMonitor - 254 nuclei detected (47%)
2024-10-22 23:23:55 INFO: 23:23:55.429 [task-runner-1-3] [INFO ] q.lib.plugins.DetectionPluginTools - 1 nucleus detected (processing time: 7.11 seconds)
2024-10-22 23:23:55 INFO: 23:23:55.430 [main] [INFO ] q.l.p.CommandLineTaskRunner$CommandLineProgressMonitor - 1 nucleus detected (48%)
2024-10-22 23:23:55 INFO: 23:23:55.458 [task-runner-1-36] [INFO ] q.lib.plugins.DetectionPluginTools - 69 nuclei detected (processing time: 8.09 seconds)
2024-10-22 23:23:55 INFO: 23:23:55.462 [main] [INFO ] q.l.p.CommandLineTaskRunner$CommandLineProgressMonitor - 69 nuclei detected (48%)
2024-10-22 23:23:56 INFO: 23:23:56.157 [task-runner-1-10] [INFO ] q.lib.plugins.DetectionPluginTools - 1083 nuclei detected (processing time: 10.72 seconds)
2024-10-22 23:23:56 INFO: 23:23:56.167 [main] [INFO ] q.l.p.CommandLineTaskRunner$CommandLineProgressMonitor - 1083 nuclei detected (49%)
2024-10-22 23:23:56 INFO: 23:23:56.616 [task-runner-1-53] [INFO ] q.lib.plugins.DetectionPluginTools - 6219 nuclei detected (processing time: 27.27 seconds)
2024-10-22 23:23:56 INFO: 23:23:56.617 [main] [INFO ] q.l.p.CommandLineTaskRunner$CommandLineProgressMonitor - 6219 nuclei detected (49%)
2024-10-22 23:23:57 INFO: 23:23:57.029 [task-runner-1-27] [INFO ] q.lib.plugins.DetectionPluginTools - 803 nuclei detected (processing time: 11.62 seconds)
2024-10-22 23:23:57 INFO: 23:23:57.031 [main] [INFO ] q.l.p.CommandLineTaskRunner$CommandLineProgressMonitor - 803 nuclei detected (50%)
2024-10-22 23:23:58 INFO: 23:23:58.646 [task-runner-1-16] [INFO ] q.lib.plugins.DetectionPluginTools - 2859 nuclei detected (processing time: 16.26 seconds)
2024-10-22 23:23:58 INFO: 23:23:58.647 [main] [INFO ] q.l.p.CommandLineTaskRunner$CommandLineProgressMonitor - 2859 nuclei detected (51%)
2024-10-22 23:23:58 INFO: 23:23:58.791 [task-runner-1-19] [INFO ] q.lib.plugins.DetectionPluginTools - 847 nuclei detected (processing time: 12.98 seconds)
2024-10-22 23:23:58 INFO: 23:23:58.792 [main] [INFO ] q.l.p.CommandLineTaskRunner$CommandLineProgressMonitor - 847 nuclei detected (51%)
2024-10-22 23:23:58 INFO: 23:23:58.871 [task-runner-1-1] [INFO ] q.lib.plugins.DetectionPluginTools - 368 nuclei detected (processing time: 8.47 seconds)
2024-10-22 23:23:58 INFO: 23:23:58.873 [main] [INFO ] q.l.p.CommandLineTaskRunner$CommandLineProgressMonitor - 368 nuclei detected (52%)
2024-10-22 23:23:59 INFO: 23:23:59.069 [task-runner-1-52] [INFO ] q.lib.plugins.DetectionPluginTools - 275 nuclei detected (processing time: 8.57 seconds)
2024-10-22 23:23:59 INFO: 23:23:59.075 [main] [INFO ] q.l.p.CommandLineTaskRunner$CommandLineProgressMonitor - 275 nuclei detected (53%)
2024-10-22 23:24:00 INFO: 23:24:00.097 [task-runner-1-15] [INFO ] q.lib.plugins.DetectionPluginTools - 346 nuclei detected (processing time: 9.58 seconds)
2024-10-22 23:24:00 INFO: 23:24:00.099 [main] [INFO ] q.l.p.CommandLineTaskRunner$CommandLineProgressMonitor - 346 nuclei detected (53%)
2024-10-22 23:24:00 INFO: 23:24:00.113 [task-runner-1-62] [INFO ] q.lib.plugins.DetectionPluginTools - 0 nuclei detected (processing time: 7.02 seconds)
2024-10-22 23:24:00 INFO: 23:24:00.115 [main] [INFO ] q.l.p.CommandLineTaskRunner$CommandLineProgressMonitor - 0 nuclei detected (54%)
2024-10-22 23:24:00 INFO: 23:24:00.166 [task-runner-1-30] [INFO ] q.lib.plugins.DetectionPluginTools - 1498 nuclei detected (processing time: 14.75 seconds)
2024-10-22 23:24:00 INFO: 23:24:00.169 [main] [INFO ] q.l.p.CommandLineTaskRunner$CommandLineProgressMonitor - 1498 nuclei detected (54%)
2024-10-22 23:24:00 INFO: 23:24:00.228 [task-runner-1-6] [INFO ] q.lib.plugins.DetectionPluginTools - 0 nuclei detected (processing time: 7.02 seconds)
2024-10-22 23:24:00 INFO: 23:24:00.230 [main] [INFO ] q.l.p.CommandLineTaskRunner$CommandLineProgressMonitor - 0 nuclei detected (55%)
2024-10-22 23:24:00 INFO: 23:24:00.511 [task-runner-1-63] [INFO ] q.lib.plugins.DetectionPluginTools - 3 nuclei detected (processing time: 6.77 seconds)
2024-10-22 23:24:00 INFO: 23:24:00.512 [main] [INFO ] q.l.p.CommandLineTaskRunner$CommandLineProgressMonitor - 3 nuclei detected (56%)
2024-10-22 23:24:00 INFO: 23:24:00.954 [task-runner-1-8] [INFO ] q.lib.plugins.DetectionPluginTools - 113 nuclei detected (processing time: 7.49 seconds)
2024-10-22 23:24:00 INFO: 23:24:00.956 [main] [INFO ] q.l.p.CommandLineTaskRunner$CommandLineProgressMonitor - 113 nuclei detected (56%)
2024-10-22 23:24:01 INFO: 23:24:01.015 [task-runner-1-55] [INFO ] q.lib.plugins.DetectionPluginTools - 114 nuclei detected (processing time: 7.28 seconds)
2024-10-22 23:24:01 INFO: 23:24:01.017 [main] [INFO ] q.l.p.CommandLineTaskRunner$CommandLineProgressMonitor - 114 nuclei detected (57%)
2024-10-22 23:24:01 INFO: 23:24:01.325 [task-runner-1-38] [INFO ] q.lib.plugins.DetectionPluginTools - 12 nuclei detected (processing time: 7.47 seconds)
2024-10-22 23:24:01 INFO: 23:24:01.327 [main] [INFO ] q.l.p.CommandLineTaskRunner$CommandLineProgressMonitor - 12 nuclei detected (57%)
2024-10-22 23:24:01 INFO: 23:24:01.426 [task-runner-1-29] [INFO ] q.lib.plugins.DetectionPluginTools - 82 nuclei detected (processing time: 7.95 seconds)
2024-10-22 23:24:01 INFO: 23:24:01.427 [main] [INFO ] q.l.p.CommandLineTaskRunner$CommandLineProgressMonitor - 82 nuclei detected (58%)
2024-10-22 23:24:01 INFO: 23:24:01.583 [task-runner-1-56] [INFO ] q.lib.plugins.DetectionPluginTools - 0 nuclei detected (processing time: 7.22 seconds)
2024-10-22 23:24:01 INFO: 23:24:01.600 [main] [INFO ] q.l.p.CommandLineTaskRunner$CommandLineProgressMonitor - 0 nuclei detected (59%)
2024-10-22 23:24:01 INFO: 23:24:01.798 [task-runner-1-54] [INFO ] q.lib.plugins.DetectionPluginTools - 0 nuclei detected (processing time: 7.56 seconds)
2024-10-22 23:24:02 INFO: 23:24:02.085 [task-runner-1-18] [INFO ] q.lib.plugins.DetectionPluginTools - 0 nuclei detected (processing time: 7.66 seconds)
2024-10-22 23:24:02 INFO: 23:24:02.087 [main] [INFO ] q.l.p.CommandLineTaskRunner$CommandLineProgressMonitor - 0 nuclei detected (60%)
2024-10-22 23:24:02 INFO: 23:24:02.566 [task-runner-1-61] [INFO ] q.lib.plugins.DetectionPluginTools - 35 nuclei detected (processing time: 7.37 seconds)
2024-10-22 23:24:02 INFO: 23:24:02.568 [main] [INFO ] q.l.p.CommandLineTaskRunner$CommandLineProgressMonitor - 35 nuclei detected (61%)
2024-10-22 23:24:02 INFO: 23:24:02.972 [task-runner-1-53] [INFO ] q.lib.plugins.DetectionPluginTools - 0 nuclei detected (processing time: 6.36 seconds)
2024-10-22 23:24:02 INFO: 23:24:02.974 [main] [INFO ] q.l.p.CommandLineTaskRunner$CommandLineProgressMonitor - 0 nuclei detected (61%)
2024-10-22 23:24:03 INFO: 23:24:03.089 [task-runner-1-35] [INFO ] q.lib.plugins.DetectionPluginTools - 407 nuclei detected (processing time: 7.67 seconds)
2024-10-22 23:24:03 INFO: 23:24:03.090 [main] [INFO ] q.l.p.CommandLineTaskRunner$CommandLineProgressMonitor - 407 nuclei detected (62%)
2024-10-22 23:24:03 INFO: 23:24:03.175 [task-runner-1-22] [INFO ] q.lib.plugins.DetectionPluginTools - 2390 nuclei detected (processing time: 16.64 seconds)
2024-10-22 23:24:03 INFO: 23:24:03.177 [main] [INFO ] q.l.p.CommandLineTaskRunner$CommandLineProgressMonitor - 2390 nuclei detected (63%)
2024-10-22 23:24:03 INFO: 23:24:03.479 [task-runner-1-27] [INFO ] q.lib.plugins.DetectionPluginTools - 0 nuclei detected (processing time: 6.45 seconds)
2024-10-22 23:24:03 INFO: 23:24:03.479 [main] [INFO ] q.l.p.CommandLineTaskRunner$CommandLineProgressMonitor - 0 nuclei detected (63%)
2024-10-22 23:24:03 INFO: 23:24:03.759 [task-runner-1-32] [INFO ] q.lib.plugins.DetectionPluginTools - 4232 nuclei detected (processing time: 21.37 seconds)
2024-10-22 23:24:03 INFO: 23:24:03.760 [main] [INFO ] q.l.p.CommandLineTaskRunner$CommandLineProgressMonitor - 4232 nuclei detected (64%)
2024-10-22 23:24:03 INFO: 23:24:03.859 [task-runner-1-37] [INFO ] q.lib.plugins.DetectionPluginTools - 1190 nuclei detected (processing time: 10.87 seconds)
2024-10-22 23:24:03 INFO: 23:24:03.860 [main] [INFO ] q.l.p.CommandLineTaskRunner$CommandLineProgressMonitor - 1190 nuclei detected (64%)
2024-10-22 23:24:04 INFO: 23:24:04.808 [task-runner-1-1] [INFO ] q.lib.plugins.DetectionPluginTools - 1 nucleus detected (processing time: 5.94 seconds)
2024-10-22 23:24:04 INFO: 23:24:04.809 [main] [INFO ] q.l.p.CommandLineTaskRunner$CommandLineProgressMonitor - 1 nucleus detected (65%)
2024-10-22 23:24:05 INFO: 23:24:05.037 [task-runner-1-16] [INFO ] q.lib.plugins.DetectionPluginTools - 0 nuclei detected (processing time: 6.39 seconds)
2024-10-22 23:24:05 INFO: 23:24:05.038 [main] [INFO ] q.l.p.CommandLineTaskRunner$CommandLineProgressMonitor - 0 nuclei detected (66%)
2024-10-22 23:24:05 INFO: 23:24:05.350 [task-runner-1-7] [INFO ] q.lib.plugins.DetectionPluginTools - 3354 nuclei detected (processing time: 19.94 seconds)
2024-10-22 23:24:05 INFO: 23:24:05.351 [main] [INFO ] q.l.p.CommandLineTaskRunner$CommandLineProgressMonitor - 3354 nuclei detected (66%)
2024-10-22 23:24:05 INFO: 23:24:05.405 [task-runner-1-9] [INFO ] q.lib.plugins.DetectionPluginTools - 5569 nuclei detected (processing time: 23.02 seconds)
2024-10-22 23:24:05 INFO: 23:24:05.405 [main] [INFO ] q.l.p.CommandLineTaskRunner$CommandLineProgressMonitor - 5569 nuclei detected (67%)
2024-10-22 23:24:05 INFO: 23:24:05.427 [task-runner-1-48] [INFO ] q.lib.plugins.DetectionPluginTools - 4400 nuclei detected (processing time: 23.03 seconds)
2024-10-22 23:24:05 INFO: 23:24:05.428 [main] [INFO ] q.l.p.CommandLineTaskRunner$CommandLineProgressMonitor - 4400 nuclei detected (68%)
2024-10-22 23:24:05 INFO: 23:24:05.498 [task-runner-1-19] [INFO ] q.lib.plugins.DetectionPluginTools - 9 nuclei detected (processing time: 6.71 seconds)
2024-10-22 23:24:05 INFO: 23:24:05.500 [main] [INFO ] q.l.p.CommandLineTaskRunner$CommandLineProgressMonitor - 9 nuclei detected (68%)
2024-10-22 23:24:05 INFO: 23:24:05.515 [task-runner-1-15] [INFO ] q.lib.plugins.DetectionPluginTools - 1 nucleus detected (processing time: 5.42 seconds)
2024-10-22 23:24:05 INFO: 23:24:05.516 [main] [INFO ] q.l.p.CommandLineTaskRunner$CommandLineProgressMonitor - 1 nucleus detected (69%)
2024-10-22 23:24:05 INFO: 23:24:05.842 [task-runner-1-2] [INFO ] q.lib.plugins.DetectionPluginTools - 3567 nuclei detected (processing time: 20.44 seconds)
2024-10-22 23:24:05 INFO: 23:24:05.842 [main] [INFO ] q.l.p.CommandLineTaskRunner$CommandLineProgressMonitor - 3567 nuclei detected (69%)
2024-10-22 23:24:06 INFO: 23:24:06.023 [task-runner-1-4] [INFO ] q.lib.plugins.DetectionPluginTools - 6847 nuclei detected (processing time: 23.63 seconds)
2024-10-22 23:24:06 INFO: 23:24:06.024 [main] [INFO ] q.l.p.CommandLineTaskRunner$CommandLineProgressMonitor - 6847 nuclei detected (70%)
2024-10-22 23:24:06 INFO: 23:24:06.044 [task-runner-1-3] [INFO ] q.lib.plugins.DetectionPluginTools - 1585 nuclei detected (processing time: 10.61 seconds)
2024-10-22 23:24:06 INFO: 23:24:06.044 [main] [INFO ] q.l.p.CommandLineTaskRunner$CommandLineProgressMonitor - 1585 nuclei detected (71%)
2024-10-22 23:24:06 INFO: 23:24:06.158 [task-runner-1-47] [INFO ] q.lib.plugins.DetectionPluginTools - 4146 nuclei detected (processing time: 22.73 seconds)
2024-10-22 23:24:06 INFO: 23:24:06.159 [main] [INFO ] q.l.p.CommandLineTaskRunner$CommandLineProgressMonitor - 4146 nuclei detected (71%)
2024-10-22 23:24:06 INFO: 23:24:06.439 [task-runner-1-17] [INFO ] q.lib.plugins.DetectionPluginTools - 3233 nuclei detected (processing time: 21.00 seconds)
2024-10-22 23:24:06 INFO: 23:24:06.440 [main] [INFO ] q.l.p.CommandLineTaskRunner$CommandLineProgressMonitor - 3233 nuclei detected (72%)
2024-10-22 23:24:06 INFO: 23:24:06.469 [task-runner-1-59] [INFO ] q.lib.plugins.DetectionPluginTools - 1425 nuclei detected (processing time: 14.65 seconds)
2024-10-22 23:24:06 INFO: 23:24:06.469 [main] [INFO ] q.l.p.CommandLineTaskRunner$CommandLineProgressMonitor - 1425 nuclei detected (73%)
2024-10-22 23:24:06 INFO: 23:24:06.617 [task-runner-1-52] [INFO ] q.lib.plugins.DetectionPluginTools - 0 nuclei detected (processing time: 7.54 seconds)
2024-10-22 23:24:06 INFO: 23:24:06.618 [main] [INFO ] q.l.p.CommandLineTaskRunner$CommandLineProgressMonitor - 0 nuclei detected (73%)
2024-10-22 23:24:06 INFO: 23:24:06.634 [task-runner-1-49] [INFO ] q.lib.plugins.DetectionPluginTools - 3002 nuclei detected (processing time: 20.86 seconds)
2024-10-22 23:24:06 INFO: 23:24:06.635 [main] [INFO ] q.l.p.CommandLineTaskRunner$CommandLineProgressMonitor - 3002 nuclei detected (74%)
2024-10-22 23:24:06 INFO: 23:24:06.659 [task-runner-1-62] [INFO ] q.lib.plugins.DetectionPluginTools - 1 nucleus detected (processing time: 6.54 seconds)
2024-10-22 23:24:06 INFO: 23:24:06.659 [main] [INFO ] q.l.p.CommandLineTaskRunner$CommandLineProgressMonitor - 1 nucleus detected (74%)
2024-10-22 23:24:06 INFO: 23:24:06.928 [task-runner-1-6] [INFO ] q.lib.plugins.DetectionPluginTools - 1 nucleus detected (processing time: 6.70 seconds)
2024-10-22 23:24:06 INFO: 23:24:06.928 [main] [INFO ] q.l.p.CommandLineTaskRunner$CommandLineProgressMonitor - 1 nucleus detected (75%)
2024-10-22 23:24:07 INFO: 23:24:07.103 [task-runner-1-63] [INFO ] q.lib.plugins.DetectionPluginTools - 1 nucleus detected (processing time: 6.59 seconds)
2024-10-22 23:24:07 INFO: 23:24:07.103 [main] [INFO ] q.l.p.CommandLineTaskRunner$CommandLineProgressMonitor - 1 nucleus detected (76%)
2024-10-22 23:24:07 INFO: 23:24:07.148 [task-runner-1-29] [INFO ] q.lib.plugins.DetectionPluginTools - 0 nuclei detected (processing time: 5.72 seconds)
2024-10-22 23:24:07 INFO: 23:24:07.149 [main] [INFO ] q.l.p.CommandLineTaskRunner$CommandLineProgressMonitor - 0 nuclei detected (76%)
2024-10-22 23:24:07 INFO: 23:24:07.166 [task-runner-1-42] [INFO ] q.lib.plugins.DetectionPluginTools - 2191 nuclei detected (processing time: 15.61 seconds)
2024-10-22 23:24:07 INFO: 23:24:07.166 [main] [INFO ] q.l.p.CommandLineTaskRunner$CommandLineProgressMonitor - 2191 nuclei detected (77%)
2024-10-22 23:24:07 INFO: 23:24:07.210 [task-runner-1-54] [INFO ] q.lib.plugins.DetectionPluginTools - 0 nuclei detected (processing time: 5.41 seconds)
2024-10-22 23:24:07 INFO: 23:24:07.210 [main] [INFO ] q.l.p.CommandLineTaskRunner$CommandLineProgressMonitor - 0 nuclei detected (78%)
2024-10-22 23:24:07 INFO: 23:24:07.333 [task-runner-1-24] [INFO ] q.lib.plugins.DetectionPluginTools - 3825 nuclei detected (processing time: 20.94 seconds)
2024-10-22 23:24:07 INFO: 23:24:07.333 [main] [INFO ] q.l.p.CommandLineTaskRunner$CommandLineProgressMonitor - 3825 nuclei detected (78%)
2024-10-22 23:24:07 INFO: 23:24:07.343 [task-runner-1-44] [INFO ] q.lib.plugins.DetectionPluginTools - 2764 nuclei detected (processing time: 21.28 seconds)
2024-10-22 23:24:07 INFO: 23:24:07.344 [main] [INFO ] q.l.p.CommandLineTaskRunner$CommandLineProgressMonitor - 2764 nuclei detected (79%)
2024-10-22 23:24:07 INFO: 23:24:07.426 [task-runner-1-56] [INFO ] q.lib.plugins.DetectionPluginTools - 0 nuclei detected (processing time: 5.83 seconds)
2024-10-22 23:24:07 INFO: 23:24:07.427 [main] [INFO ] q.l.p.CommandLineTaskRunner$CommandLineProgressMonitor - 0 nuclei detected (79%)
2024-10-22 23:24:07 INFO: 23:24:07.462 [task-runner-1-33] [INFO ] q.lib.plugins.DetectionPluginTools - 2552 nuclei detected (processing time: 21.66 seconds)
2024-10-22 23:24:07 INFO: 23:24:07.462 [main] [INFO ] q.l.p.CommandLineTaskRunner$CommandLineProgressMonitor - 2552 nuclei detected (80%)
2024-10-22 23:24:07 INFO: 23:24:07.466 [task-runner-1-34] [INFO ] q.lib.plugins.DetectionPluginTools - 3015 nuclei detected (processing time: 21.25 seconds)
2024-10-22 23:24:07 INFO: 23:24:07.466 [main] [INFO ] q.l.p.CommandLineTaskRunner$CommandLineProgressMonitor - 3015 nuclei detected (81%)
2024-10-22 23:24:07 INFO: 23:24:07.506 [task-runner-1-40] [INFO ] q.lib.plugins.DetectionPluginTools - 1201 nuclei detected (processing time: 16.77 seconds)
2024-10-22 23:24:07 INFO: 23:24:07.507 [main] [INFO ] q.l.p.CommandLineTaskRunner$CommandLineProgressMonitor - 1201 nuclei detected (81%)
2024-10-22 23:24:07 INFO: 23:24:07.508 [task-runner-1-25] [INFO ] q.lib.plugins.DetectionPluginTools - 2871 nuclei detected (processing time: 21.36 seconds)
2024-10-22 23:24:07 INFO: 23:24:07.508 [main] [INFO ] q.l.p.CommandLineTaskRunner$CommandLineProgressMonitor - 2871 nuclei detected (82%)
2024-10-22 23:24:07 INFO: 23:24:07.543 [task-runner-1-50] [INFO ] q.lib.plugins.DetectionPluginTools - 3794 nuclei detected (processing time: 21.40 seconds)
2024-10-22 23:24:07 INFO: 23:24:07.543 [main] [INFO ] q.l.p.CommandLineTaskRunner$CommandLineProgressMonitor - 3794 nuclei detected (83%)
2024-10-22 23:24:07 INFO: 23:24:07.555 [task-runner-1-61] [INFO ] q.lib.plugins.DetectionPluginTools - 0 nuclei detected (processing time: 4.98 seconds)
2024-10-22 23:24:07 INFO: 23:24:07.555 [main] [INFO ] q.l.p.CommandLineTaskRunner$CommandLineProgressMonitor - 0 nuclei detected (83%)
2024-10-22 23:24:07 INFO: 23:24:07.563 [task-runner-1-31] [INFO ] q.lib.plugins.DetectionPluginTools - 3927 nuclei detected (processing time: 22.08 seconds)
2024-10-22 23:24:07 INFO: 23:24:07.564 [main] [INFO ] q.l.p.CommandLineTaskRunner$CommandLineProgressMonitor - 3927 nuclei detected (84%)
2024-10-22 23:24:07 INFO: 23:24:07.583 [task-runner-1-14] [INFO ] q.lib.plugins.DetectionPluginTools - 3657 nuclei detected (processing time: 22.13 seconds)
2024-10-22 23:24:07 INFO: 23:24:07.583 [main] [INFO ] q.l.p.CommandLineTaskRunner$CommandLineProgressMonitor - 3657 nuclei detected (84%)
2024-10-22 23:24:07 INFO: 23:24:07.621 [task-runner-1-12] [INFO ] q.lib.plugins.DetectionPluginTools - 1399 nuclei detected (processing time: 16.01 seconds)
2024-10-22 23:24:07 INFO: 23:24:07.621 [main] [INFO ] q.l.p.CommandLineTaskRunner$CommandLineProgressMonitor - 1399 nuclei detected (85%)
2024-10-22 23:24:07 INFO: 23:24:07.624 [task-runner-1-30] [INFO ] q.lib.plugins.DetectionPluginTools - 0 nuclei detected (processing time: 7.46 seconds)
2024-10-22 23:24:07 INFO: 23:24:07.624 [main] [INFO ] q.l.p.CommandLineTaskRunner$CommandLineProgressMonitor - 0 nuclei detected (86%)
2024-10-22 23:24:07 INFO: 23:24:07.659 [task-runner-1-8] [INFO ] q.lib.plugins.DetectionPluginTools - 0 nuclei detected (processing time: 6.70 seconds)
2024-10-22 23:24:07 INFO: 23:24:07.669 [task-runner-1-45] [INFO ] q.lib.plugins.DetectionPluginTools - 3191 nuclei detected (processing time: 21.96 seconds)
2024-10-22 23:24:07 INFO: 23:24:07.670 [main] [INFO ] q.l.p.CommandLineTaskRunner$CommandLineProgressMonitor - 3191 nuclei detected (87%)
2024-10-22 23:24:07 INFO: 23:24:07.771 [task-runner-1-21] [INFO ] q.lib.plugins.DetectionPluginTools - 3180 nuclei detected (processing time: 15.94 seconds)
2024-10-22 23:24:07 INFO: 23:24:07.771 [main] [INFO ] q.l.p.CommandLineTaskRunner$CommandLineProgressMonitor - 3180 nuclei detected (88%)
2024-10-22 23:24:07 INFO: 23:24:07.799 [task-runner-1-38] [INFO ] q.lib.plugins.DetectionPluginTools - 0 nuclei detected (processing time: 6.47 seconds)
2024-10-22 23:24:07 INFO: 23:24:07.799 [main] [INFO ] q.l.p.CommandLineTaskRunner$CommandLineProgressMonitor - 0 nuclei detected (88%)
2024-10-22 23:24:07 INFO: 23:24:07.805 [task-runner-1-28] [INFO ] q.lib.plugins.DetectionPluginTools - 4662 nuclei detected (processing time: 22.32 seconds)
2024-10-22 23:24:07 INFO: 23:24:07.805 [main] [INFO ] q.l.p.CommandLineTaskRunner$CommandLineProgressMonitor - 4662 nuclei detected (89%)
2024-10-22 23:24:07 INFO: 23:24:07.854 [task-runner-1-18] [INFO ] q.lib.plugins.DetectionPluginTools - 0 nuclei detected (processing time: 5.77 seconds)
2024-10-22 23:24:07 INFO: 23:24:07.855 [main] [INFO ] q.l.p.CommandLineTaskRunner$CommandLineProgressMonitor - 0 nuclei detected (89%)
2024-10-22 23:24:07 INFO: 23:24:07.892 [task-runner-1-46] [INFO ] q.lib.plugins.DetectionPluginTools - 4328 nuclei detected (processing time: 22.34 seconds)
2024-10-22 23:24:07 INFO: 23:24:07.892 [task-runner-1-11] [INFO ] q.lib.plugins.DetectionPluginTools - 3787 nuclei detected (processing time: 22.49 seconds)
2024-10-22 23:24:07 INFO: 23:24:07.892 [main] [INFO ] q.l.p.CommandLineTaskRunner$CommandLineProgressMonitor - 4328 nuclei detected (90%)
2024-10-22 23:24:07 INFO: 23:24:07.892 [main] [INFO ] q.l.p.CommandLineTaskRunner$CommandLineProgressMonitor - 3787 nuclei detected (91%)
2024-10-22 23:24:07 INFO: 23:24:07.941 [task-runner-1-20] [INFO ] q.lib.plugins.DetectionPluginTools - 3849 nuclei detected (processing time: 21.69 seconds)
2024-10-22 23:24:07 INFO: 23:24:07.941 [main] [INFO ] q.l.p.CommandLineTaskRunner$CommandLineProgressMonitor - 3849 nuclei detected (91%)
2024-10-22 23:24:07 INFO: 23:24:07.943 [task-runner-1-26] [INFO ] q.lib.plugins.DetectionPluginTools - 4305 nuclei detected (processing time: 22.39 seconds)
2024-10-22 23:24:07 INFO: 23:24:07.944 [main] [INFO ] q.l.p.CommandLineTaskRunner$CommandLineProgressMonitor - 4305 nuclei detected (92%)
2024-10-22 23:24:08 INFO: 23:24:08.004 [task-runner-1-55] [INFO ] q.lib.plugins.DetectionPluginTools - 1 nucleus detected (processing time: 6.99 seconds)
2024-10-22 23:24:08 INFO: 23:24:08.004 [main] [INFO ] q.l.p.CommandLineTaskRunner$CommandLineProgressMonitor - 1 nucleus detected (93%)
2024-10-22 23:24:08 INFO: 23:24:08.020 [task-runner-1-43] [INFO ] q.lib.plugins.DetectionPluginTools - 4822 nuclei detected (processing time: 21.60 seconds)
2024-10-22 23:24:08 INFO: 23:24:08.020 [main] [INFO ] q.l.p.CommandLineTaskRunner$CommandLineProgressMonitor - 4822 nuclei detected (93%)
2024-10-22 23:24:08 INFO: 23:24:08.040 [task-runner-1-5] [INFO ] q.lib.plugins.DetectionPluginTools - 3740 nuclei detected (processing time: 22.43 seconds)
2024-10-22 23:24:08 INFO: 23:24:08.041 [main] [INFO ] q.l.p.CommandLineTaskRunner$CommandLineProgressMonitor - 3740 nuclei detected (94%)
2024-10-22 23:24:08 INFO: 23:24:08.058 [task-runner-1-51] [INFO ] q.lib.plugins.DetectionPluginTools - 3778 nuclei detected (processing time: 21.69 seconds)
2024-10-22 23:24:08 INFO: 23:24:08.059 [main] [INFO ] q.l.p.CommandLineTaskRunner$CommandLineProgressMonitor - 3778 nuclei detected (94%)
2024-10-22 23:24:08 INFO: 23:24:08.150 [task-runner-1-23] [INFO ] q.lib.plugins.DetectionPluginTools - 4084 nuclei detected (processing time: 21.71 seconds)
2024-10-22 23:24:08 INFO: 23:24:08.150 [main] [INFO ] q.l.p.CommandLineTaskRunner$CommandLineProgressMonitor - 4084 nuclei detected (95%)
2024-10-22 23:24:08 INFO: 23:24:08.536 [task-runner-1-36] [INFO ] q.lib.plugins.DetectionPluginTools - 2430 nuclei detected (processing time: 13.07 seconds)
2024-10-22 23:24:08 INFO: 23:24:08.537 [main] [INFO ] q.l.p.CommandLineTaskRunner$CommandLineProgressMonitor - 2430 nuclei detected (96%)
2024-10-22 23:24:08 INFO: 23:24:08.657 [task-runner-1-60] [INFO ] q.lib.plugins.DetectionPluginTools - 5374 nuclei detected (processing time: 22.21 seconds)
2024-10-22 23:24:08 INFO: 23:24:08.658 [main] [INFO ] q.l.p.CommandLineTaskRunner$CommandLineProgressMonitor - 5374 nuclei detected (96%)
2024-10-22 23:24:08 INFO: 23:24:08.723 [task-runner-1-10] [INFO ] q.lib.plugins.DetectionPluginTools - 2873 nuclei detected (processing time: 12.56 seconds)
2024-10-22 23:24:08 INFO: 23:24:08.723 [main] [INFO ] q.l.p.CommandLineTaskRunner$CommandLineProgressMonitor - 2873 nuclei detected (97%)
2024-10-22 23:24:09 INFO: 23:24:09.313 [task-runner-1-41] [INFO ] q.lib.plugins.DetectionPluginTools - 4081 nuclei detected (processing time: 17.29 seconds)
2024-10-22 23:24:09 INFO: 23:24:09.313 [main] [INFO ] q.l.p.CommandLineTaskRunner$CommandLineProgressMonitor - 4081 nuclei detected (98%)
2024-10-22 23:24:10 INFO: 23:24:10.291 [task-runner-1-13] [INFO ] q.lib.plugins.DetectionPluginTools - 5893 nuclei detected (processing time: 17.96 seconds)
2024-10-22 23:24:10 INFO: 23:24:10.291 [main] [INFO ] q.l.p.CommandLineTaskRunner$CommandLineProgressMonitor - 5893 nuclei detected (98%)
2024-10-22 23:24:10 INFO: 23:24:10.643 [task-runner-1-58] [INFO ] q.lib.plugins.DetectionPluginTools - 5380 nuclei detected (processing time: 18.34 seconds)
2024-10-22 23:24:10 INFO: 23:24:10.644 [main] [INFO ] q.l.p.CommandLineTaskRunner$CommandLineProgressMonitor - 5380 nuclei detected (99%)
2024-10-22 23:24:10 INFO: 23:24:10.745 [task-runner-1-39] [INFO ] q.lib.plugins.DetectionPluginTools - 5843 nuclei detected (processing time: 18.43 seconds)
2024-10-22 23:24:10 INFO: 23:24:10.745 [main] [INFO ] q.l.p.CommandLineTaskRunner$CommandLineProgressMonitor - 5843 nuclei detected (99%)
2024-10-22 23:24:10 INFO: 23:24:10.780 [task-runner-1-57] [INFO ] q.lib.plugins.DetectionPluginTools - 4959 nuclei detected (processing time: 18.05 seconds)
2024-10-22 23:24:10 INFO: 23:24:10.780 [main] [INFO ] q.l.p.CommandLineTaskRunner$CommandLineProgressMonitor - 4959 nuclei detected (100%)
2024-10-22 23:24:10 INFO: 23:24:10.781 [main] [INFO ] q.l.p.CommandLineTaskRunner$CommandLineProgressMonitor - Processing complete in 41.45 seconds
2024-10-22 23:24:10 INFO: 23:24:10.781 [main] [INFO ] q.l.p.CommandLineTaskRunner$CommandLineProgressMonitor - Tasks completed!
2024-10-22 23:24:22 INFO: 23:24:22.669 [main] [WARN ] q.l.p.objects.SmoothFeaturesPlugin - Smoothing using annotations
2024-10-22 23:24:27 INFO: 23:24:27.127 [main] [INFO ] q.l.p.CommandLineTaskRunner$CommandLineProgressMonitor - Completed (100%)
2024-10-22 23:24:27 INFO: 23:24:27.127 [main] [INFO ] q.l.p.CommandLineTaskRunner$CommandLineProgressMonitor - Processing complete in 4.46 seconds
2024-10-22 23:24:27 INFO: 23:24:27.127 [main] [INFO ] q.l.p.CommandLineTaskRunner$CommandLineProgressMonitor - Tasks completed!
2024-10-22 23:24:27 INFO: 23:24:27.129 [main] [WARN ] q.l.p.objects.SmoothFeaturesPlugin - Smoothing using annotations
2024-10-22 23:24:34 INFO: 23:24:34.879 [main] [INFO ] q.l.p.CommandLineTaskRunner$CommandLineProgressMonitor - Completed (100%)
2024-10-22 23:24:34 INFO: 23:24:34.879 [main] [INFO ] q.l.p.CommandLineTaskRunner$CommandLineProgressMonitor - Processing complete in 7.75 seconds
2024-10-22 23:24:34 INFO: 23:24:34.879 [main] [INFO ] q.l.p.CommandLineTaskRunner$CommandLineProgressMonitor - Tasks completed!
2024-10-22 23:24:34 INFO: 23:24:34.881 [main] [WARN ] q.l.p.objects.SmoothFeaturesPlugin - Smoothing using annotations
2024-10-22 23:24:53 INFO: 23:24:53.748 [main] [INFO ] q.l.p.CommandLineTaskRunner$CommandLineProgressMonitor - Completed (100%)
2024-10-22 23:24:53 INFO: 23:24:53.748 [main] [INFO ] q.l.p.CommandLineTaskRunner$CommandLineProgressMonitor - Processing complete in 18.87 seconds
2024-10-22 23:24:53 INFO: 23:24:53.748 [main] [INFO ] q.l.p.CommandLineTaskRunner$CommandLineProgressMonitor - Tasks completed!
2024-10-22 23:24:53 INFO: 23:24:53.970 [task-runner-5-2] [INFO ] q.l.a.IntensityFeaturesPlugin - Splitting Rectangle (0, 0, 63784, 39311) into 40 tiles for intensity measurements
2024-10-22 23:24:54 INFO: 23:24:54.179 [main] [INFO ] q.l.p.CommandLineTaskRunner$CommandLineProgressMonitor - Completed (0%)
2024-10-22 23:24:55 INFO: 23:24:55.076 [main] [INFO ] q.l.p.CommandLineTaskRunner$CommandLineProgressMonitor - Completed (1%)
2024-10-22 23:24:55 INFO: 23:24:55.427 [main] [INFO ] q.l.p.CommandLineTaskRunner$CommandLineProgressMonitor - Completed (2%)
2024-10-22 23:24:55 INFO: 23:24:55.652 [main] [INFO ] q.l.p.CommandLineTaskRunner$CommandLineProgressMonitor - Completed (3%)
2024-10-22 23:24:55 INFO: 23:24:55.798 [main] [INFO ] q.l.p.CommandLineTaskRunner$CommandLineProgressMonitor - Completed (4%)
2024-10-22 23:24:56 INFO: 23:24:56.007 [main] [INFO ] q.l.p.CommandLineTaskRunner$CommandLineProgressMonitor - Completed (5%)
2024-10-22 23:24:56 INFO: 23:24:56.181 [main] [INFO ] q.l.p.CommandLineTaskRunner$CommandLineProgressMonitor - Completed (6%)
2024-10-22 23:24:56 INFO: 23:24:56.325 [main] [INFO ] q.l.p.CommandLineTaskRunner$CommandLineProgressMonitor - Completed (7%)
2024-10-22 23:24:56 INFO: 23:24:56.503 [main] [INFO ] q.l.p.CommandLineTaskRunner$CommandLineProgressMonitor - Completed (8%)
2024-10-22 23:24:56 INFO: 23:24:56.646 [main] [INFO ] q.l.p.CommandLineTaskRunner$CommandLineProgressMonitor - Completed (9%)
2024-10-22 23:24:56 INFO: 23:24:56.808 [main] [INFO ] q.l.p.CommandLineTaskRunner$CommandLineProgressMonitor - Completed (10%)
2024-10-22 23:24:56 INFO: 23:24:56.962 [main] [INFO ] q.l.p.CommandLineTaskRunner$CommandLineProgressMonitor - Completed (11%)
2024-10-22 23:24:57 INFO: 23:24:57.118 [main] [INFO ] q.l.p.CommandLineTaskRunner$CommandLineProgressMonitor - Completed (12%)
2024-10-22 23:24:57 INFO: 23:24:57.285 [main] [INFO ] q.l.p.CommandLineTaskRunner$CommandLineProgressMonitor - Completed (13%)
2024-10-22 23:24:57 INFO: 23:24:57.445 [main] [INFO ] q.l.p.CommandLineTaskRunner$CommandLineProgressMonitor - Completed (14%)
2024-10-22 23:24:57 INFO: 23:24:57.964 [main] [INFO ] q.l.p.CommandLineTaskRunner$CommandLineProgressMonitor - Completed (15%)
2024-10-22 23:24:58 INFO: 23:24:58.088 [main] [INFO ] q.l.p.CommandLineTaskRunner$CommandLineProgressMonitor - Completed (16%)
2024-10-22 23:24:58 INFO: 23:24:58.185 [main] [INFO ] q.l.p.CommandLineTaskRunner$CommandLineProgressMonitor - Completed (17%)
2024-10-22 23:24:58 INFO: 23:24:58.277 [main] [INFO ] q.l.p.CommandLineTaskRunner$CommandLineProgressMonitor - Completed (18%)
2024-10-22 23:24:58 INFO: 23:24:58.374 [main] [INFO ] q.l.p.CommandLineTaskRunner$CommandLineProgressMonitor - Completed (19%)
2024-10-22 23:24:58 INFO: 23:24:58.842 [main] [INFO ] q.l.p.CommandLineTaskRunner$CommandLineProgressMonitor - Completed (20%)
2024-10-22 23:24:59 INFO: 23:24:59.117 [main] [INFO ] q.l.p.CommandLineTaskRunner$CommandLineProgressMonitor - Completed (21%)
2024-10-22 23:24:59 INFO: 23:24:59.218 [main] [INFO ] q.l.p.CommandLineTaskRunner$CommandLineProgressMonitor - Completed (22%)
2024-10-22 23:24:59 INFO: 23:24:59.320 [main] [INFO ] q.l.p.CommandLineTaskRunner$CommandLineProgressMonitor - Completed (23%)
2024-10-22 23:24:59 INFO: 23:24:59.418 [main] [INFO ] q.l.p.CommandLineTaskRunner$CommandLineProgressMonitor - Completed (24%)
2024-10-22 23:24:59 INFO: 23:24:59.523 [main] [INFO ] q.l.p.CommandLineTaskRunner$CommandLineProgressMonitor - Completed (25%)
2024-10-22 23:24:59 INFO: 23:24:59.932 [main] [INFO ] q.l.p.CommandLineTaskRunner$CommandLineProgressMonitor - Completed (26%)
2024-10-22 23:25:00 INFO: 23:25:00.040 [main] [INFO ] q.l.p.CommandLineTaskRunner$CommandLineProgressMonitor - Completed (27%)
2024-10-22 23:25:00 INFO: 23:25:00.140 [main] [INFO ] q.l.p.CommandLineTaskRunner$CommandLineProgressMonitor - Completed (28%)
2024-10-22 23:25:00 INFO: 23:25:00.284 [main] [INFO ] q.l.p.CommandLineTaskRunner$CommandLineProgressMonitor - Completed (29%)
2024-10-22 23:25:00 INFO: 23:25:00.711 [main] [INFO ] q.l.p.CommandLineTaskRunner$CommandLineProgressMonitor - Completed (30%)
2024-10-22 23:25:00 INFO: 23:25:00.835 [main] [INFO ] q.l.p.CommandLineTaskRunner$CommandLineProgressMonitor - Completed (31%)
2024-10-22 23:25:00 INFO: 23:25:00.958 [main] [INFO ] q.l.p.CommandLineTaskRunner$CommandLineProgressMonitor - Completed (32%)
2024-10-22 23:25:01 INFO: 23:25:01.080 [main] [INFO ] q.l.p.CommandLineTaskRunner$CommandLineProgressMonitor - Completed (33%)
2024-10-22 23:25:01 INFO: 23:25:01.191 [main] [INFO ] q.l.p.CommandLineTaskRunner$CommandLineProgressMonitor - Completed (34%)
2024-10-22 23:25:01 INFO: 23:25:01.306 [main] [INFO ] q.l.p.CommandLineTaskRunner$CommandLineProgressMonitor - Completed (35%)
2024-10-22 23:25:01 INFO: 23:25:01.425 [main] [INFO ] q.l.p.CommandLineTaskRunner$CommandLineProgressMonitor - Completed (36%)
2024-10-22 23:25:01 INFO: 23:25:01.524 [main] [INFO ] q.l.p.CommandLineTaskRunner$CommandLineProgressMonitor - Completed (37%)
2024-10-22 23:25:01 INFO: 23:25:01.621 [main] [INFO ] q.l.p.CommandLineTaskRunner$CommandLineProgressMonitor - Completed (38%)
2024-10-22 23:25:01 INFO: 23:25:01.721 [main] [INFO ] q.l.p.CommandLineTaskRunner$CommandLineProgressMonitor - Completed (39%)
2024-10-22 23:25:01 INFO: 23:25:01.817 [main] [INFO ] q.l.p.CommandLineTaskRunner$CommandLineProgressMonitor - Completed (40%)
2024-10-22 23:25:01 INFO: 23:25:01.919 [main] [INFO ] q.l.p.CommandLineTaskRunner$CommandLineProgressMonitor - Completed (41%)
2024-10-22 23:25:02 INFO: 23:25:02.034 [main] [INFO ] q.l.p.CommandLineTaskRunner$CommandLineProgressMonitor - Completed (42%)
2024-10-22 23:25:02 INFO: 23:25:02.141 [main] [INFO ] q.l.p.CommandLineTaskRunner$CommandLineProgressMonitor - Completed (43%)
2024-10-22 23:25:02 INFO: 23:25:02.248 [main] [INFO ] q.l.p.CommandLineTaskRunner$CommandLineProgressMonitor - Completed (44%)
2024-10-22 23:25:02 INFO: 23:25:02.350 [main] [INFO ] q.l.p.CommandLineTaskRunner$CommandLineProgressMonitor - Completed (45%)
2024-10-22 23:25:02 INFO: 23:25:02.492 [main] [INFO ] q.l.p.CommandLineTaskRunner$CommandLineProgressMonitor - Completed (46%)
2024-10-22 23:25:02 INFO: 23:25:02.623 [main] [INFO ] q.l.p.CommandLineTaskRunner$CommandLineProgressMonitor - Completed (47%)
2024-10-22 23:25:02 INFO: 23:25:02.752 [main] [INFO ] q.l.p.CommandLineTaskRunner$CommandLineProgressMonitor - Completed (48%)
2024-10-22 23:25:02 INFO: 23:25:02.862 [main] [INFO ] q.l.p.CommandLineTaskRunner$CommandLineProgressMonitor - Completed (49%)
2024-10-22 23:25:02 INFO: 23:25:02.983 [main] [INFO ] q.l.p.CommandLineTaskRunner$CommandLineProgressMonitor - Completed (50%)
2024-10-22 23:25:03 INFO: 23:25:03.094 [main] [INFO ] q.l.p.CommandLineTaskRunner$CommandLineProgressMonitor - Completed (51%)
2024-10-22 23:25:03 INFO: 23:25:03.200 [main] [INFO ] q.l.p.CommandLineTaskRunner$CommandLineProgressMonitor - Completed (52%)
2024-10-22 23:25:03 INFO: 23:25:03.300 [main] [INFO ] q.l.p.CommandLineTaskRunner$CommandLineProgressMonitor - Completed (53%)
2024-10-22 23:25:03 INFO: 23:25:03.401 [main] [INFO ] q.l.p.CommandLineTaskRunner$CommandLineProgressMonitor - Completed (54%)
2024-10-22 23:25:03 INFO: 23:25:03.502 [main] [INFO ] q.l.p.CommandLineTaskRunner$CommandLineProgressMonitor - Completed (55%)
2024-10-22 23:25:03 INFO: 23:25:03.598 [main] [INFO ] q.l.p.CommandLineTaskRunner$CommandLineProgressMonitor - Completed (56%)
2024-10-22 23:25:03 INFO: 23:25:03.702 [main] [INFO ] q.l.p.CommandLineTaskRunner$CommandLineProgressMonitor - Completed (57%)
2024-10-22 23:25:03 INFO: 23:25:03.816 [main] [INFO ] q.l.p.CommandLineTaskRunner$CommandLineProgressMonitor - Completed (58%)
2024-10-22 23:25:03 INFO: 23:25:03.942 [main] [INFO ] q.l.p.CommandLineTaskRunner$CommandLineProgressMonitor - Completed (59%)
2024-10-22 23:25:04 INFO: 23:25:04.052 [main] [INFO ] q.l.p.CommandLineTaskRunner$CommandLineProgressMonitor - Completed (60%)
2024-10-22 23:25:04 INFO: 23:25:04.154 [main] [INFO ] q.l.p.CommandLineTaskRunner$CommandLineProgressMonitor - Completed (61%)
2024-10-22 23:25:04 INFO: 23:25:04.264 [main] [INFO ] q.l.p.CommandLineTaskRunner$CommandLineProgressMonitor - Completed (62%)
2024-10-22 23:25:04 INFO: 23:25:04.374 [main] [INFO ] q.l.p.CommandLineTaskRunner$CommandLineProgressMonitor - Completed (63%)
2024-10-22 23:25:04 INFO: 23:25:04.508 [main] [INFO ] q.l.p.CommandLineTaskRunner$CommandLineProgressMonitor - Completed (64%)
2024-10-22 23:25:04 INFO: 23:25:04.614 [main] [INFO ] q.l.p.CommandLineTaskRunner$CommandLineProgressMonitor - Completed (65%)
2024-10-22 23:25:04 INFO: 23:25:04.717 [main] [INFO ] q.l.p.CommandLineTaskRunner$CommandLineProgressMonitor - Completed (66%)
2024-10-22 23:25:04 INFO: 23:25:04.820 [main] [INFO ] q.l.p.CommandLineTaskRunner$CommandLineProgressMonitor - Completed (67%)
2024-10-22 23:25:04 INFO: 23:25:04.935 [main] [INFO ] q.l.p.CommandLineTaskRunner$CommandLineProgressMonitor - Completed (68%)
2024-10-22 23:25:05 INFO: 23:25:05.045 [main] [INFO ] q.l.p.CommandLineTaskRunner$CommandLineProgressMonitor - Completed (69%)
2024-10-22 23:25:05 INFO: 23:25:05.140 [main] [INFO ] q.l.p.CommandLineTaskRunner$CommandLineProgressMonitor - Completed (70%)
2024-10-22 23:25:05 INFO: 23:25:05.284 [main] [INFO ] q.l.p.CommandLineTaskRunner$CommandLineProgressMonitor - Completed (71%)
2024-10-22 23:25:05 INFO: 23:25:05.380 [main] [INFO ] q.l.p.CommandLineTaskRunner$CommandLineProgressMonitor - Completed (72%)
2024-10-22 23:25:05 INFO: 23:25:05.478 [main] [INFO ] q.l.p.CommandLineTaskRunner$CommandLineProgressMonitor - Completed (73%)
2024-10-22 23:25:05 INFO: 23:25:05.582 [main] [INFO ] q.l.p.CommandLineTaskRunner$CommandLineProgressMonitor - Completed (74%)
2024-10-22 23:25:05 INFO: 23:25:05.695 [main] [INFO ] q.l.p.CommandLineTaskRunner$CommandLineProgressMonitor - Completed (75%)
2024-10-22 23:25:05 INFO: 23:25:05.846 [main] [INFO ] q.l.p.CommandLineTaskRunner$CommandLineProgressMonitor - Completed (76%)
2024-10-22 23:25:06 INFO: 23:25:06.013 [main] [INFO ] q.l.p.CommandLineTaskRunner$CommandLineProgressMonitor - Completed (77%)
2024-10-22 23:25:06 INFO: 23:25:06.169 [main] [INFO ] q.l.p.CommandLineTaskRunner$CommandLineProgressMonitor - Completed (78%)
2024-10-22 23:25:06 INFO: 23:25:06.312 [main] [INFO ] q.l.p.CommandLineTaskRunner$CommandLineProgressMonitor - Completed (79%)
2024-10-22 23:25:06 INFO: 23:25:06.462 [main] [INFO ] q.l.p.CommandLineTaskRunner$CommandLineProgressMonitor - Completed (80%)
2024-10-22 23:25:06 INFO: 23:25:06.617 [main] [INFO ] q.l.p.CommandLineTaskRunner$CommandLineProgressMonitor - Completed (81%)
2024-10-22 23:25:06 INFO: 23:25:06.827 [main] [INFO ] q.l.p.CommandLineTaskRunner$CommandLineProgressMonitor - Completed (82%)
2024-10-22 23:25:06 INFO: 23:25:06.980 [main] [INFO ] q.l.p.CommandLineTaskRunner$CommandLineProgressMonitor - Completed (83%)
2024-10-22 23:25:07 INFO: 23:25:07.153 [main] [INFO ] q.l.p.CommandLineTaskRunner$CommandLineProgressMonitor - Completed (84%)
2024-10-22 23:25:07 INFO: 23:25:07.369 [main] [INFO ] q.l.p.CommandLineTaskRunner$CommandLineProgressMonitor - Completed (85%)
2024-10-22 23:25:07 INFO: 23:25:07.482 [main] [INFO ] q.l.p.CommandLineTaskRunner$CommandLineProgressMonitor - Completed (86%)
2024-10-22 23:25:07 INFO: 23:25:07.593 [main] [INFO ] q.l.p.CommandLineTaskRunner$CommandLineProgressMonitor - Completed (87%)
2024-10-22 23:25:07 INFO: 23:25:07.703 [main] [INFO ] q.l.p.CommandLineTaskRunner$CommandLineProgressMonitor - Completed (88%)
2024-10-22 23:25:07 INFO: 23:25:07.808 [main] [INFO ] q.l.p.CommandLineTaskRunner$CommandLineProgressMonitor - Completed (89%)
2024-10-22 23:25:07 INFO: 23:25:07.913 [main] [INFO ] q.l.p.CommandLineTaskRunner$CommandLineProgressMonitor - Completed (90%)
2024-10-22 23:25:08 INFO: 23:25:08.014 [main] [INFO ] q.l.p.CommandLineTaskRunner$CommandLineProgressMonitor - Completed (91%)
2024-10-22 23:25:08 INFO: 23:25:08.105 [main] [INFO ] q.l.p.CommandLineTaskRunner$CommandLineProgressMonitor - Completed (92%)
2024-10-22 23:25:08 INFO: 23:25:08.201 [main] [INFO ] q.l.p.CommandLineTaskRunner$CommandLineProgressMonitor - Completed (93%)
2024-10-22 23:25:08 INFO: 23:25:08.294 [main] [INFO ] q.l.p.CommandLineTaskRunner$CommandLineProgressMonitor - Completed (94%)
2024-10-22 23:25:08 INFO: 23:25:08.396 [main] [INFO ] q.l.p.CommandLineTaskRunner$CommandLineProgressMonitor - Completed (95%)
2024-10-22 23:25:08 INFO: 23:25:08.501 [main] [INFO ] q.l.p.CommandLineTaskRunner$CommandLineProgressMonitor - Completed (96%)
2024-10-22 23:25:08 INFO: 23:25:08.614 [main] [INFO ] q.l.p.CommandLineTaskRunner$CommandLineProgressMonitor - Completed (97%)
2024-10-22 23:25:08 INFO: 23:25:08.736 [main] [INFO ] q.l.p.CommandLineTaskRunner$CommandLineProgressMonitor - Completed (98%)
2024-10-22 23:25:08 INFO: 23:25:08.838 [main] [INFO ] q.l.p.CommandLineTaskRunner$CommandLineProgressMonitor - Completed (99%)
2024-10-22 23:25:08 INFO: 23:25:08.937 [main] [INFO ] q.l.p.CommandLineTaskRunner$CommandLineProgressMonitor - Completed (100%)
2024-10-22 23:26:05 INFO: 23:26:05.734 [main] [INFO ] q.l.p.CommandLineTaskRunner$CommandLineProgressMonitor - Completed (100%)
2024-10-22 23:26:05 INFO: 23:26:05.734 [main] [INFO ] q.l.p.CommandLineTaskRunner$CommandLineProgressMonitor - Processing complete in 71.78 seconds
2024-10-22 23:26:05 INFO: 23:26:05.734 [main] [INFO ] q.l.p.CommandLineTaskRunner$CommandLineProgressMonitor - Tasks completed!
2024-10-22 23:28:15 INFO: 23:28:15.916 [task-runner-6-1] [WARN ] q.o.features.DelaunayTriangulation - Some objects have missing measurements! Statistics will calculated only for objects with measurements available.
2024-10-22 23:28:15 INFO: 23:28:15.916 [task-runner-6-1] [WARN ] q.o.features.DelaunayTriangulation - Missing measurements: [ROI: 1.00 m per pixel: Residual: Haralick Correlation (F2), ROI: 1.00 m per pixel: Residual: Haralick Information measure of correlation 1 (F11), ROI: 1.00 m per pixel: Residual: Haralick Information measure of correlation 2 (F12), ROI: 1.00 m per pixel: Green: Haralick Correlation (F2), ROI: 1.00 m per pixel: Green: Haralick Information measure of correlation 1 (F11)]
2024-10-22 23:28:15 INFO: 23:28:15.951 [main] [INFO ] q.l.p.CommandLineTaskRunner$CommandLineProgressMonitor - Delaunay triangulation calculated for Annotation (206008 objects) (100%)
2024-10-22 23:28:15 INFO: 23:28:15.951 [main] [INFO ] q.l.p.CommandLineTaskRunner$CommandLineProgressMonitor - Processing complete in 130.17 seconds
2024-10-22 23:28:15 INFO: 23:28:15.951 [main] [INFO ] q.l.p.CommandLineTaskRunner$CommandLineProgressMonitor - Tasks completed!
2024-10-22 23:30:39 INFO: TCGA-GI-A2C8-01Z-00-DX1.09BD8AC9-645A-4C8B-9B36-77D833BDBA09
2024-10-22 23:30:39 INFO: QuPath subprocess completed.
2024-10-22 23:30:50 INFO: QuPath image extraction completed successfully. Output directory: /home/ilants/Documents/jupyter_test/single_image_multiple_params/exp_backgroundRadiusMicrons_6.0
2024-10-22 23:30:50 INFO: Summary table saved to: /home/ilants/Documents/jupyter_test/single_image_multiple_params/exp_backgroundRadiusMicrons_6.0/Summary_Table.csv
2024-10-22 23:30:50 INFO: Experiment completed successfully.
