2024-10-23 03:14:51 INFO: Starting experiment with for maxAreaMicrons with value of 60.0
2024-10-23 03:14:51 INFO: Running with the following configuration:
{'detectionImageBrightfield': 'Hematoxylin OD', 'requestedPixelSizeMicrons': 0.5, 'backgroundRadiusMicrons': 4.0, 'backgroundByReconstruction': True, 'medianRadiusMicrons': 0.0, 'sigmaMicrons': 1.5, 'minAreaMicrons': 10.0, 'maxAreaMicrons': 60.0, 'threshold': 0.1, 'maxBackground': 2.0, 'watershedPostProcess': True, 'cellExpansionMicrons': 5.0, 'includeNuclei': True, 'smoothBoundaries': True, 'makeMeasurements': True, 'backgroundRadiusPixel': 8.0, 'cellExpansionPixel': 10.0, 'medianRadiusPixel': 0.0, 'minAreaPixel': 20.0, 'maxAreaPixel': 160.0}
2024-10-23 03:14:51 INFO: Starting QuPath image extraction with the following parameters: image_dir=/home/ilants/Documents/jupyter_test, output_dir=/home/ilants/Documents/jupyter_test/single_image_multiple_params/exp_maxAreaMicrons_60.0, image_type=svs, groovy_script=/home/ilants/Documents/utls/nucleus_detection_wargs.groovy, config_file=/home/ilants/Documents/jupyter_test/single_image_multiple_params/exp_maxAreaMicrons_60.0/cfg.json, program_path=/home/ilants/Documents/QuPath-v0.5.1-Linux/QuPath/bin/QuPath
2024-10-23 03:14:52 INFO: 03:14:52.375 [main] [INFO ] qupath.lib.gui.prefs.PathPrefs - Setting default Locale to en_US
2024-10-23 03:14:52 INFO: 03:14:52.379 [main] [INFO ] qupath.lib.gui.prefs.PathPrefs - Setting Locale for FORMAT to en_US
2024-10-23 03:14:52 INFO: 03:14:52.380 [main] [INFO ] qupath.lib.gui.prefs.PathPrefs - Setting Locale for DISPLAY to en_US
2024-10-23 03:14:52 INFO: 03:14:52.396 [main] [INFO ] qupath.lib.common.ThreadTools - Setting parallelism to 63
2024-10-23 03:14:52 INFO: 03:14:52.428 [main] [INFO ] qupath.ScriptCommand - Setting tile cache size to 32200.00 MB (25.0% max memory)
2024-10-23 03:14:52 INFO: 03:14:52.490 [main] [INFO ] qupath.lib.scripting.QP - Initializing type adapters
2024-10-23 03:14:52 INFO: Warning: Versions of org.bytedeco:javacpp:1.5.9 and org.bytedeco:opencv:4.6.0-1.5.8 do not match.
2024-10-23 03:14:52 INFO: Warning: Versions of org.bytedeco:javacpp:1.5.9 and org.bytedeco:openblas:0.3.21-1.5.8 do not match.
2024-10-23 03:14:54 INFO: project parameters are: {"detectionImageBrightfield": "Hematoxylin OD","requestedPixelSizeMicrons": 0.5,"backgroundRadiusMicrons": 4.0,"backgroundByReconstruction": true,"medianRadiusMicrons": 0.0,"sigmaMicrons": 1.5,"minAreaMicrons": 10.0,"maxAreaMicrons": 60.0,"threshold": 0.1,"maxBackground": 2.0,"watershedPostProcess": true,"cellExpansionMicrons": 5.0,"includeNuclei": true,"smoothBoundaries": true,"makeMeasurements": true,"backgroundRadiusPixel": 8.0,"cellExpansionPixel": 10.0,"medianRadiusPixel": 0.0,"minAreaPixel": 20.0,"maxAreaPixel": 160.0}
2024-10-23 03:14:54 INFO: New project created at: /home/ilants/Documents/jupyter_test/single_image_multiple_params/exp_maxAreaMicrons_60.0/QPProject
2024-10-23 03:14:54 INFO: Added: /home/ilants/Documents/jupyter_test/TCGA-GI-A2C8-01Z-00-DX1.09BD8AC9-645A-4C8B-9B36-77D833BDBA09.svs
2024-10-23 03:14:54 INFO: /home/ilants/Documents/jupyter_test/TCGA-GI-A2C8-01Z-00-DX1.09BD8AC9-645A-4C8B-9B36-77D833BDBA09.svs
2024-10-23 03:14:54 INFO: 03:14:54.591 [main] [INFO ] q.l.i.s.b.BioFormatsServerOptions - Setting max Bio-Formats readers to 32
2024-10-23 03:14:55 INFO: UriImageSupport (class qupath.lib.images.servers.bioformats.BioFormatsServerBuilder) support=3.0, builders=1
2024-10-23 03:14:55 INFO: true
2024-10-23 03:14:55 INFO: 03:14:55.382 [main] [WARN ] qupath.lib.scripting.QP - createSelectAllObject(boolean) is deprecated, use createFullImageAnnotation(boolean) instead
2024-10-23 03:14:55 INFO: 03:14:55.383 [main] [WARN ] qupath.lib.scripting.QP - createSelectAllObject(boolean, int, int) is deprecated, use createFullImageAnnotation(boolean, int, int) instead
2024-10-23 03:14:55 INFO: 03:14:55.393 [main] [WARN ] q.l.plugins.parameters.ParameterList - Unable to set parameter backgroundRadiusPixel with value 8.0
2024-10-23 03:14:55 INFO: 03:14:55.394 [main] [WARN ] q.l.plugins.parameters.ParameterList - Unable to set parameter cellExpansionPixel with value 10.0
2024-10-23 03:14:55 INFO: 03:14:55.394 [main] [WARN ] q.l.plugins.parameters.ParameterList - Unable to set parameter medianRadiusPixel with value 0.0
2024-10-23 03:14:55 INFO: 03:14:55.394 [main] [WARN ] q.l.plugins.parameters.ParameterList - Unable to set parameter minAreaPixel with value 20.0
2024-10-23 03:14:55 INFO: 03:14:55.394 [main] [WARN ] q.l.plugins.parameters.ParameterList - Unable to set parameter maxAreaPixel with value 160.0
2024-10-23 03:15:07 INFO: 03:15:07.634 [task-runner-1-12] [INFO ] q.lib.plugins.DetectionPluginTools - 0 nuclei detected (processing time: 12.12 seconds)
2024-10-23 03:15:07 INFO: 03:15:07.635 [task-runner-1-4] [INFO ] q.lib.plugins.DetectionPluginTools - 0 nuclei detected (processing time: 12.12 seconds)
2024-10-23 03:15:07 INFO: 03:15:07.634 [task-runner-1-15] [INFO ] q.lib.plugins.DetectionPluginTools - 0 nuclei detected (processing time: 12.11 seconds)
2024-10-23 03:15:07 INFO: 03:15:07.634 [task-runner-1-48] [INFO ] q.lib.plugins.DetectionPluginTools - 0 nuclei detected (processing time: 12.11 seconds)
2024-10-23 03:15:07 INFO: 03:15:07.636 [task-runner-1-9] [INFO ] q.lib.plugins.DetectionPluginTools - 0 nuclei detected (processing time: 12.12 seconds)
2024-10-23 03:15:07 INFO: 03:15:07.634 [task-runner-1-1] [INFO ] q.lib.plugins.DetectionPluginTools - 0 nuclei detected (processing time: 12.12 seconds)
2024-10-23 03:15:07 INFO: 03:15:07.634 [task-runner-1-3] [INFO ] q.lib.plugins.DetectionPluginTools - 0 nuclei detected (processing time: 12.12 seconds)
2024-10-23 03:15:07 INFO: 03:15:07.634 [task-runner-1-16] [INFO ] q.lib.plugins.DetectionPluginTools - 0 nuclei detected (processing time: 12.11 seconds)
2024-10-23 03:15:07 INFO: 03:15:07.634 [task-runner-1-32] [INFO ] q.lib.plugins.DetectionPluginTools - 0 nuclei detected (processing time: 12.11 seconds)
2024-10-23 03:15:07 INFO: 03:15:07.644 [main] [INFO ] q.l.p.CommandLineTaskRunner$CommandLineProgressMonitor - 0 nuclei detected (1%)
2024-10-23 03:15:07 INFO: 03:15:07.644 [main] [INFO ] q.l.p.CommandLineTaskRunner$CommandLineProgressMonitor - 0 nuclei detected (2%)
2024-10-23 03:15:07 INFO: 03:15:07.644 [main] [INFO ] q.l.p.CommandLineTaskRunner$CommandLineProgressMonitor - 0 nuclei detected (3%)
2024-10-23 03:15:07 INFO: 03:15:07.644 [main] [INFO ] q.l.p.CommandLineTaskRunner$CommandLineProgressMonitor - 0 nuclei detected (4%)
2024-10-23 03:15:07 INFO: 03:15:07.644 [main] [INFO ] q.l.p.CommandLineTaskRunner$CommandLineProgressMonitor - 0 nuclei detected (5%)
2024-10-23 03:15:07 INFO: 03:15:07.649 [main] [INFO ] q.l.p.CommandLineTaskRunner$CommandLineProgressMonitor - 0 nuclei detected (6%)
2024-10-23 03:15:07 INFO: 03:15:07.678 [task-runner-1-47] [INFO ] q.lib.plugins.DetectionPluginTools - 7 nuclei detected (processing time: 12.15 seconds)
2024-10-23 03:15:07 INFO: 03:15:07.678 [main] [INFO ] q.l.p.CommandLineTaskRunner$CommandLineProgressMonitor - 7 nuclei detected (6%)
2024-10-23 03:15:09 INFO: 03:15:09.039 [task-runner-1-11] [INFO ] q.lib.plugins.DetectionPluginTools - 1 nucleus detected (processing time: 13.52 seconds)
2024-10-23 03:15:09 INFO: 03:15:09.042 [main] [INFO ] q.l.p.CommandLineTaskRunner$CommandLineProgressMonitor - 1 nucleus detected (7%)
2024-10-23 03:15:09 INFO: 03:15:09.039 [task-runner-1-30] [INFO ] q.lib.plugins.DetectionPluginTools - 1 nucleus detected (processing time: 13.52 seconds)
2024-10-23 03:15:09 INFO: 03:15:09.042 [main] [INFO ] q.l.p.CommandLineTaskRunner$CommandLineProgressMonitor - 1 nucleus detected (8%)
2024-10-23 03:15:09 INFO: 03:15:09.043 [task-runner-1-17] [INFO ] q.lib.plugins.DetectionPluginTools - 3 nuclei detected (processing time: 13.53 seconds)
2024-10-23 03:15:09 INFO: 03:15:09.040 [task-runner-1-8] [INFO ] q.lib.plugins.DetectionPluginTools - 2 nuclei detected (processing time: 13.52 seconds)
2024-10-23 03:15:09 INFO: 03:15:09.044 [task-runner-1-7] [INFO ] q.lib.plugins.DetectionPluginTools - 1 nucleus detected (processing time: 13.53 seconds)
2024-10-23 03:15:09 INFO: 03:15:09.044 [main] [INFO ] q.l.p.CommandLineTaskRunner$CommandLineProgressMonitor - 3 nuclei detected (8%)
2024-10-23 03:15:09 INFO: 03:15:09.044 [main] [INFO ] q.l.p.CommandLineTaskRunner$CommandLineProgressMonitor - 2 nuclei detected (9%)
2024-10-23 03:15:09 INFO: 03:15:09.044 [main] [INFO ] q.l.p.CommandLineTaskRunner$CommandLineProgressMonitor - 1 nucleus detected (9%)
2024-10-23 03:15:09 INFO: 03:15:09.045 [task-runner-1-2] [INFO ] q.lib.plugins.DetectionPluginTools - 2 nuclei detected (processing time: 13.53 seconds)
2024-10-23 03:15:09 INFO: 03:15:09.045 [main] [INFO ] q.l.p.CommandLineTaskRunner$CommandLineProgressMonitor - 2 nuclei detected (10%)
2024-10-23 03:15:09 INFO: 03:15:09.041 [task-runner-1-27] [INFO ] q.lib.plugins.DetectionPluginTools - 1 nucleus detected (processing time: 13.52 seconds)
2024-10-23 03:15:09 INFO: 03:15:09.046 [main] [INFO ] q.l.p.CommandLineTaskRunner$CommandLineProgressMonitor - 1 nucleus detected (11%)
2024-10-23 03:15:09 INFO: 03:15:09.048 [task-runner-1-10] [INFO ] q.lib.plugins.DetectionPluginTools - 1 nucleus detected (processing time: 13.53 seconds)
2024-10-23 03:15:09 INFO: 03:15:09.050 [task-runner-1-6] [INFO ] q.lib.plugins.DetectionPluginTools - 6 nuclei detected (processing time: 13.53 seconds)
2024-10-23 03:15:09 INFO: 03:15:09.050 [main] [INFO ] q.l.p.CommandLineTaskRunner$CommandLineProgressMonitor - 6 nuclei detected (12%)
2024-10-23 03:15:09 INFO: 03:15:09.049 [task-runner-1-29] [INFO ] q.lib.plugins.DetectionPluginTools - 4 nuclei detected (processing time: 13.53 seconds)
2024-10-23 03:15:09 INFO: 03:15:09.056 [task-runner-1-14] [INFO ] q.lib.plugins.DetectionPluginTools - 2 nuclei detected (processing time: 13.54 seconds)
2024-10-23 03:15:09 INFO: 03:15:09.056 [main] [INFO ] q.l.p.CommandLineTaskRunner$CommandLineProgressMonitor - 4 nuclei detected (13%)
2024-10-23 03:15:09 INFO: 03:15:09.056 [main] [INFO ] q.l.p.CommandLineTaskRunner$CommandLineProgressMonitor - 2 nuclei detected (13%)
2024-10-23 03:15:09 INFO: 03:15:09.062 [task-runner-1-13] [INFO ] q.lib.plugins.DetectionPluginTools - 8 nuclei detected (processing time: 13.54 seconds)
2024-10-23 03:15:09 INFO: 03:15:09.070 [main] [INFO ] q.l.p.CommandLineTaskRunner$CommandLineProgressMonitor - 8 nuclei detected (14%)
2024-10-23 03:15:09 INFO: 03:15:09.125 [task-runner-1-28] [INFO ] q.lib.plugins.DetectionPluginTools - 21 nuclei detected (processing time: 13.60 seconds)
2024-10-23 03:15:09 INFO: 03:15:09.126 [main] [INFO ] q.l.p.CommandLineTaskRunner$CommandLineProgressMonitor - 21 nuclei detected (14%)
2024-10-23 03:15:09 INFO: 03:15:09.127 [task-runner-1-31] [INFO ] q.lib.plugins.DetectionPluginTools - 13 nuclei detected (processing time: 13.60 seconds)
2024-10-23 03:15:09 INFO: 03:15:09.127 [main] [INFO ] q.l.p.CommandLineTaskRunner$CommandLineProgressMonitor - 13 nuclei detected (15%)
2024-10-23 03:15:09 INFO: 03:15:09.240 [task-runner-1-5] [INFO ] q.lib.plugins.DetectionPluginTools - 60 nuclei detected (processing time: 13.72 seconds)
2024-10-23 03:15:09 INFO: 03:15:09.241 [main] [INFO ] q.l.p.CommandLineTaskRunner$CommandLineProgressMonitor - 60 nuclei detected (16%)
2024-10-23 03:15:09 INFO: 03:15:09.255 [task-runner-1-26] [INFO ] q.lib.plugins.DetectionPluginTools - 48 nuclei detected (processing time: 13.73 seconds)
2024-10-23 03:15:09 INFO: 03:15:09.257 [main] [INFO ] q.l.p.CommandLineTaskRunner$CommandLineProgressMonitor - 48 nuclei detected (16%)
2024-10-23 03:15:09 INFO: 03:15:09.263 [task-runner-1-46] [INFO ] q.lib.plugins.DetectionPluginTools - 57 nuclei detected (processing time: 13.74 seconds)
2024-10-23 03:15:09 INFO: 03:15:09.264 [main] [INFO ] q.l.p.CommandLineTaskRunner$CommandLineProgressMonitor - 57 nuclei detected (17%)
2024-10-23 03:15:09 INFO: 03:15:09.335 [task-runner-1-45] [INFO ] q.lib.plugins.DetectionPluginTools - 112 nuclei detected (processing time: 13.81 seconds)
2024-10-23 03:15:09 INFO: 03:15:09.335 [main] [INFO ] q.l.p.CommandLineTaskRunner$CommandLineProgressMonitor - 112 nuclei detected (18%)
2024-10-23 03:15:09 INFO: 03:15:09.370 [task-runner-1-49] [INFO ] q.lib.plugins.DetectionPluginTools - 128 nuclei detected (processing time: 13.84 seconds)
2024-10-23 03:15:09 INFO: 03:15:09.372 [main] [INFO ] q.l.p.CommandLineTaskRunner$CommandLineProgressMonitor - 128 nuclei detected (18%)
2024-10-23 03:15:09 INFO: 03:15:09.380 [task-runner-1-19] [INFO ] q.lib.plugins.DetectionPluginTools - 150 nuclei detected (processing time: 13.86 seconds)
2024-10-23 03:15:09 INFO: 03:15:09.390 [main] [INFO ] q.l.p.CommandLineTaskRunner$CommandLineProgressMonitor - 150 nuclei detected (19%)
2024-10-23 03:15:09 INFO: 03:15:09.412 [task-runner-1-63] [INFO ] q.lib.plugins.DetectionPluginTools - 149 nuclei detected (processing time: 13.88 seconds)
2024-10-23 03:15:09 INFO: 03:15:09.426 [main] [INFO ] q.l.p.CommandLineTaskRunner$CommandLineProgressMonitor - 149 nuclei detected (19%)
2024-10-23 03:15:09 INFO: 03:15:09.444 [task-runner-1-33] [INFO ] q.lib.plugins.DetectionPluginTools - 234 nuclei detected (processing time: 13.92 seconds)
2024-10-23 03:15:09 INFO: 03:15:09.445 [main] [INFO ] q.l.p.CommandLineTaskRunner$CommandLineProgressMonitor - 234 nuclei detected (20%)
2024-10-23 03:15:09 INFO: 03:15:09.462 [task-runner-1-18] [INFO ] q.lib.plugins.DetectionPluginTools - 251 nuclei detected (processing time: 13.94 seconds)
2024-10-23 03:15:09 INFO: 03:15:09.463 [main] [INFO ] q.l.p.CommandLineTaskRunner$CommandLineProgressMonitor - 251 nuclei detected (21%)
2024-10-23 03:15:09 INFO: 03:15:09.492 [task-runner-1-44] [INFO ] q.lib.plugins.DetectionPluginTools - 275 nuclei detected (processing time: 13.97 seconds)
2024-10-23 03:15:09 INFO: 03:15:09.495 [main] [INFO ] q.l.p.CommandLineTaskRunner$CommandLineProgressMonitor - 275 nuclei detected (21%)
2024-10-23 03:15:09 INFO: 03:15:09.501 [task-runner-1-61] [INFO ] q.lib.plugins.DetectionPluginTools - 209 nuclei detected (processing time: 13.97 seconds)
2024-10-23 03:15:09 INFO: 03:15:09.502 [main] [INFO ] q.l.p.CommandLineTaskRunner$CommandLineProgressMonitor - 209 nuclei detected (22%)
2024-10-23 03:15:09 INFO: 03:15:09.522 [task-runner-1-62] [INFO ] q.lib.plugins.DetectionPluginTools - 216 nuclei detected (processing time: 13.99 seconds)
2024-10-23 03:15:09 INFO: 03:15:09.523 [main] [INFO ] q.l.p.CommandLineTaskRunner$CommandLineProgressMonitor - 216 nuclei detected (23%)
2024-10-23 03:15:09 INFO: 03:15:09.559 [task-runner-1-35] [INFO ] q.lib.plugins.DetectionPluginTools - 282 nuclei detected (processing time: 14.04 seconds)
2024-10-23 03:15:09 INFO: 03:15:09.560 [main] [INFO ] q.l.p.CommandLineTaskRunner$CommandLineProgressMonitor - 282 nuclei detected (23%)
2024-10-23 03:15:09 INFO: 03:15:09.556 [task-runner-1-50] [INFO ] q.lib.plugins.DetectionPluginTools - 326 nuclei detected (processing time: 14.03 seconds)
2024-10-23 03:15:09 INFO: 03:15:09.562 [main] [INFO ] q.l.p.CommandLineTaskRunner$CommandLineProgressMonitor - 326 nuclei detected (24%)
2024-10-23 03:15:09 INFO: 03:15:09.574 [task-runner-1-34] [INFO ] q.lib.plugins.DetectionPluginTools - 404 nuclei detected (processing time: 14.05 seconds)
2024-10-23 03:15:09 INFO: 03:15:09.585 [task-runner-1-25] [INFO ] q.lib.plugins.DetectionPluginTools - 336 nuclei detected (processing time: 14.07 seconds)
2024-10-23 03:15:09 INFO: 03:15:09.587 [main] [INFO ] q.l.p.CommandLineTaskRunner$CommandLineProgressMonitor - 336 nuclei detected (24%)
2024-10-23 03:15:09 INFO: 03:15:09.588 [main] [INFO ] q.l.p.CommandLineTaskRunner$CommandLineProgressMonitor - 404 nuclei detected (25%)
2024-10-23 03:15:09 INFO: 03:15:09.671 [task-runner-1-20] [INFO ] q.lib.plugins.DetectionPluginTools - 687 nuclei detected (processing time: 14.15 seconds)
2024-10-23 03:15:09 INFO: 03:15:09.671 [main] [INFO ] q.l.p.CommandLineTaskRunner$CommandLineProgressMonitor - 687 nuclei detected (26%)
2024-10-23 03:15:10 INFO: 03:15:10.024 [task-runner-1-23] [INFO ] q.lib.plugins.DetectionPluginTools - 992 nuclei detected (processing time: 14.50 seconds)
2024-10-23 03:15:10 INFO: 03:15:10.026 [main] [INFO ] q.l.p.CommandLineTaskRunner$CommandLineProgressMonitor - 992 nuclei detected (26%)
2024-10-23 03:15:10 INFO: 03:15:10.028 [task-runner-1-24] [INFO ] q.lib.plugins.DetectionPluginTools - 1008 nuclei detected (processing time: 14.51 seconds)
2024-10-23 03:15:10 INFO: 03:15:10.029 [main] [INFO ] q.l.p.CommandLineTaskRunner$CommandLineProgressMonitor - 1008 nuclei detected (27%)
2024-10-23 03:15:10 INFO: 03:15:10.030 [task-runner-1-51] [INFO ] q.lib.plugins.DetectionPluginTools - 871 nuclei detected (processing time: 14.50 seconds)
2024-10-23 03:15:10 INFO: 03:15:10.031 [main] [INFO ] q.l.p.CommandLineTaskRunner$CommandLineProgressMonitor - 871 nuclei detected (28%)
2024-10-23 03:15:10 INFO: 03:15:10.044 [task-runner-1-43] [INFO ] q.lib.plugins.DetectionPluginTools - 955 nuclei detected (processing time: 14.52 seconds)
2024-10-23 03:15:10 INFO: 03:15:10.044 [main] [INFO ] q.l.p.CommandLineTaskRunner$CommandLineProgressMonitor - 955 nuclei detected (28%)
2024-10-23 03:15:10 INFO: 03:15:10.086 [task-runner-1-60] [INFO ] q.lib.plugins.DetectionPluginTools - 1108 nuclei detected (processing time: 14.56 seconds)
2024-10-23 03:15:10 INFO: 03:15:10.086 [main] [INFO ] q.l.p.CommandLineTaskRunner$CommandLineProgressMonitor - 1108 nuclei detected (29%)
2024-10-23 03:15:10 INFO: 03:15:10.612 [task-runner-1-22] [INFO ] q.lib.plugins.DetectionPluginTools - 1377 nuclei detected (processing time: 15.09 seconds)
2024-10-23 03:15:10 INFO: 03:15:10.615 [main] [INFO ] q.l.p.CommandLineTaskRunner$CommandLineProgressMonitor - 1377 nuclei detected (29%)
2024-10-23 03:15:12 INFO: 03:15:12.258 [task-runner-1-36] [INFO ] q.lib.plugins.DetectionPluginTools - 2047 nuclei detected (processing time: 16.74 seconds)
2024-10-23 03:15:12 INFO: 03:15:12.262 [main] [INFO ] q.l.p.CommandLineTaskRunner$CommandLineProgressMonitor - 2047 nuclei detected (30%)
2024-10-23 03:15:13 INFO: 03:15:13.346 [task-runner-1-12] [INFO ] q.lib.plugins.DetectionPluginTools - 1 nucleus detected (processing time: 5.70 seconds)
2024-10-23 03:15:13 INFO: 03:15:13.347 [main] [INFO ] q.l.p.CommandLineTaskRunner$CommandLineProgressMonitor - 1 nucleus detected (31%)
2024-10-23 03:15:13 INFO: 03:15:13.879 [task-runner-1-40] [INFO ] q.lib.plugins.DetectionPluginTools - 2068 nuclei detected (processing time: 18.36 seconds)
2024-10-23 03:15:13 INFO: 03:15:13.881 [main] [INFO ] q.l.p.CommandLineTaskRunner$CommandLineProgressMonitor - 2068 nuclei detected (31%)
2024-10-23 03:15:14 INFO: 03:15:14.241 [task-runner-1-52] [INFO ] q.lib.plugins.DetectionPluginTools - 2525 nuclei detected (processing time: 18.72 seconds)
2024-10-23 03:15:14 INFO: 03:15:14.242 [main] [INFO ] q.l.p.CommandLineTaskRunner$CommandLineProgressMonitor - 2525 nuclei detected (32%)
2024-10-23 03:15:14 INFO: 03:15:14.252 [task-runner-1-21] [INFO ] q.lib.plugins.DetectionPluginTools - 3779 nuclei detected (processing time: 18.73 seconds)
2024-10-23 03:15:14 INFO: 03:15:14.253 [main] [INFO ] q.l.p.CommandLineTaskRunner$CommandLineProgressMonitor - 3779 nuclei detected (33%)
2024-10-23 03:15:14 INFO: 03:15:14.456 [task-runner-1-59] [INFO ] q.lib.plugins.DetectionPluginTools - 2704 nuclei detected (processing time: 18.93 seconds)
2024-10-23 03:15:14 INFO: 03:15:14.456 [main] [INFO ] q.l.p.CommandLineTaskRunner$CommandLineProgressMonitor - 2704 nuclei detected (33%)
2024-10-23 03:15:14 INFO: 03:15:14.683 [task-runner-1-41] [INFO ] q.lib.plugins.DetectionPluginTools - 2381 nuclei detected (processing time: 19.16 seconds)
2024-10-23 03:15:14 INFO: 03:15:14.685 [main] [INFO ] q.l.p.CommandLineTaskRunner$CommandLineProgressMonitor - 2381 nuclei detected (34%)
2024-10-23 03:15:14 INFO: 03:15:14.823 [task-runner-1-39] [INFO ] q.lib.plugins.DetectionPluginTools - 2830 nuclei detected (processing time: 19.30 seconds)
2024-10-23 03:15:14 INFO: 03:15:14.824 [main] [INFO ] q.l.p.CommandLineTaskRunner$CommandLineProgressMonitor - 2830 nuclei detected (34%)
2024-10-23 03:15:15 INFO: 03:15:15.068 [task-runner-1-42] [INFO ] q.lib.plugins.DetectionPluginTools - 2570 nuclei detected (processing time: 19.54 seconds)
2024-10-23 03:15:15 INFO: 03:15:15.069 [main] [INFO ] q.l.p.CommandLineTaskRunner$CommandLineProgressMonitor - 2570 nuclei detected (35%)
2024-10-23 03:15:15 INFO: 03:15:15.216 [task-runner-1-38] [INFO ] q.lib.plugins.DetectionPluginTools - 3800 nuclei detected (processing time: 19.69 seconds)
2024-10-23 03:15:15 INFO: 03:15:15.219 [main] [INFO ] q.l.p.CommandLineTaskRunner$CommandLineProgressMonitor - 3800 nuclei detected (36%)
2024-10-23 03:15:15 INFO: 03:15:15.281 [task-runner-1-9] [INFO ] q.lib.plugins.DetectionPluginTools - 377 nuclei detected (processing time: 7.64 seconds)
2024-10-23 03:15:15 INFO: 03:15:15.282 [main] [INFO ] q.l.p.CommandLineTaskRunner$CommandLineProgressMonitor - 377 nuclei detected (36%)
2024-10-23 03:15:15 INFO: 03:15:15.311 [task-runner-1-15] [INFO ] q.lib.plugins.DetectionPluginTools - 113 nuclei detected (processing time: 7.67 seconds)
2024-10-23 03:15:15 INFO: 03:15:15.313 [main] [INFO ] q.l.p.CommandLineTaskRunner$CommandLineProgressMonitor - 113 nuclei detected (37%)
2024-10-23 03:15:15 INFO: 03:15:15.520 [task-runner-1-58] [INFO ] q.lib.plugins.DetectionPluginTools - 2576 nuclei detected (processing time: 19.99 seconds)
2024-10-23 03:15:15 INFO: 03:15:15.535 [main] [INFO ] q.l.p.CommandLineTaskRunner$CommandLineProgressMonitor - 2576 nuclei detected (38%)
2024-10-23 03:15:15 INFO: 03:15:15.655 [task-runner-1-27] [INFO ] q.lib.plugins.DetectionPluginTools - 0 nuclei detected (processing time: 6.61 seconds)
2024-10-23 03:15:15 INFO: 03:15:15.659 [main] [INFO ] q.l.p.CommandLineTaskRunner$CommandLineProgressMonitor - 0 nuclei detected (38%)
2024-10-23 03:15:16 INFO: 03:15:16.209 [task-runner-1-4] [INFO ] q.lib.plugins.DetectionPluginTools - 488 nuclei detected (processing time: 8.57 seconds)
2024-10-23 03:15:16 INFO: 03:15:16.211 [main] [INFO ] q.l.p.CommandLineTaskRunner$CommandLineProgressMonitor - 488 nuclei detected (39%)
2024-10-23 03:15:16 INFO: 03:15:16.740 [task-runner-1-6] [INFO ] q.lib.plugins.DetectionPluginTools - 139 nuclei detected (processing time: 7.69 seconds)
2024-10-23 03:15:16 INFO: 03:15:16.742 [main] [INFO ] q.l.p.CommandLineTaskRunner$CommandLineProgressMonitor - 139 nuclei detected (39%)
2024-10-23 03:15:16 INFO: 03:15:16.751 [task-runner-1-55] [INFO ] q.lib.plugins.DetectionPluginTools - 3175 nuclei detected (processing time: 21.22 seconds)
2024-10-23 03:15:16 INFO: 03:15:16.752 [main] [INFO ] q.l.p.CommandLineTaskRunner$CommandLineProgressMonitor - 3175 nuclei detected (40%)
2024-10-23 03:15:16 INFO: 03:15:16.967 [task-runner-1-10] [INFO ] q.lib.plugins.DetectionPluginTools - 113 nuclei detected (processing time: 7.92 seconds)
2024-10-23 03:15:16 INFO: 03:15:16.972 [main] [INFO ] q.l.p.CommandLineTaskRunner$CommandLineProgressMonitor - 113 nuclei detected (41%)
2024-10-23 03:15:17 INFO: 03:15:17.256 [task-runner-1-57] [INFO ] q.lib.plugins.DetectionPluginTools - 3104 nuclei detected (processing time: 21.73 seconds)
2024-10-23 03:15:17 INFO: 03:15:17.257 [main] [INFO ] q.l.p.CommandLineTaskRunner$CommandLineProgressMonitor - 3104 nuclei detected (41%)
2024-10-23 03:15:17 INFO: 03:15:17.471 [task-runner-1-37] [INFO ] q.lib.plugins.DetectionPluginTools - 4478 nuclei detected (processing time: 21.95 seconds)
2024-10-23 03:15:17 INFO: 03:15:17.472 [main] [INFO ] q.l.p.CommandLineTaskRunner$CommandLineProgressMonitor - 4478 nuclei detected (42%)
2024-10-23 03:15:17 INFO: 03:15:17.529 [task-runner-1-18] [INFO ] q.lib.plugins.DetectionPluginTools - 3 nuclei detected (processing time: 8.07 seconds)
2024-10-23 03:15:17 INFO: 03:15:17.530 [main] [INFO ] q.l.p.CommandLineTaskRunner$CommandLineProgressMonitor - 3 nuclei detected (43%)
2024-10-23 03:15:17 INFO: 03:15:17.531 [task-runner-1-2] [INFO ] q.lib.plugins.DetectionPluginTools - 216 nuclei detected (processing time: 8.49 seconds)
2024-10-23 03:15:17 INFO: 03:15:17.531 [main] [INFO ] q.l.p.CommandLineTaskRunner$CommandLineProgressMonitor - 216 nuclei detected (43%)
2024-10-23 03:15:17 INFO: 03:15:17.751 [task-runner-1-54] [INFO ] q.lib.plugins.DetectionPluginTools - 4569 nuclei detected (processing time: 22.22 seconds)
2024-10-23 03:15:17 INFO: 03:15:17.753 [main] [INFO ] q.l.p.CommandLineTaskRunner$CommandLineProgressMonitor - 4569 nuclei detected (44%)
2024-10-23 03:15:17 INFO: 03:15:17.829 [task-runner-1-33] [INFO ] q.lib.plugins.DetectionPluginTools - 107 nuclei detected (processing time: 8.38 seconds)
2024-10-23 03:15:17 INFO: 03:15:17.832 [main] [INFO ] q.l.p.CommandLineTaskRunner$CommandLineProgressMonitor - 107 nuclei detected (44%)
2024-10-23 03:15:18 INFO: 03:15:18.309 [task-runner-1-61] [INFO ] q.lib.plugins.DetectionPluginTools - 149 nuclei detected (processing time: 8.81 seconds)
2024-10-23 03:15:18 INFO: 03:15:18.314 [main] [INFO ] q.l.p.CommandLineTaskRunner$CommandLineProgressMonitor - 149 nuclei detected (45%)
2024-10-23 03:15:18 INFO: 03:15:18.391 [task-runner-1-36] [INFO ] q.lib.plugins.DetectionPluginTools - 44 nuclei detected (processing time: 6.13 seconds)
2024-10-23 03:15:18 INFO: 03:15:18.395 [main] [INFO ] q.l.p.CommandLineTaskRunner$CommandLineProgressMonitor - 44 nuclei detected (46%)
2024-10-23 03:15:18 INFO: 03:15:18.396 [task-runner-1-56] [INFO ] q.lib.plugins.DetectionPluginTools - 3854 nuclei detected (processing time: 22.87 seconds)
2024-10-23 03:15:18 INFO: 03:15:18.396 [main] [INFO ] q.l.p.CommandLineTaskRunner$CommandLineProgressMonitor - 3854 nuclei detected (46%)
2024-10-23 03:15:18 INFO: 03:15:18.467 [task-runner-1-44] [INFO ] q.lib.plugins.DetectionPluginTools - 150 nuclei detected (processing time: 8.97 seconds)
2024-10-23 03:15:18 INFO: 03:15:18.469 [main] [INFO ] q.l.p.CommandLineTaskRunner$CommandLineProgressMonitor - 150 nuclei detected (47%)
2024-10-23 03:15:18 INFO: 03:15:18.616 [task-runner-1-62] [INFO ] q.lib.plugins.DetectionPluginTools - 245 nuclei detected (processing time: 9.09 seconds)
2024-10-23 03:15:18 INFO: 03:15:18.618 [main] [INFO ] q.l.p.CommandLineTaskRunner$CommandLineProgressMonitor - 245 nuclei detected (48%)
2024-10-23 03:15:18 INFO: 03:15:18.758 [task-runner-1-29] [INFO ] q.lib.plugins.DetectionPluginTools - 861 nuclei detected (processing time: 9.70 seconds)
2024-10-23 03:15:18 INFO: 03:15:18.760 [main] [INFO ] q.l.p.CommandLineTaskRunner$CommandLineProgressMonitor - 861 nuclei detected (48%)
2024-10-23 03:15:19 INFO: 03:15:19.435 [task-runner-1-12] [INFO ] q.lib.plugins.DetectionPluginTools - 1 nucleus detected (processing time: 6.09 seconds)
2024-10-23 03:15:19 INFO: 03:15:19.436 [main] [INFO ] q.l.p.CommandLineTaskRunner$CommandLineProgressMonitor - 1 nucleus detected (49%)
2024-10-23 03:15:20 INFO: 03:15:20.595 [task-runner-1-63] [INFO ] q.lib.plugins.DetectionPluginTools - 785 nuclei detected (processing time: 11.17 seconds)
2024-10-23 03:15:20 INFO: 03:15:20.598 [main] [INFO ] q.l.p.CommandLineTaskRunner$CommandLineProgressMonitor - 785 nuclei detected (49%)
2024-10-23 03:15:20 INFO: 03:15:20.678 [task-runner-1-17] [INFO ] q.lib.plugins.DetectionPluginTools - 744 nuclei detected (processing time: 11.63 seconds)
2024-10-23 03:15:20 INFO: 03:15:20.680 [main] [INFO ] q.l.p.CommandLineTaskRunner$CommandLineProgressMonitor - 744 nuclei detected (50%)
2024-10-23 03:15:20 INFO: 03:15:20.937 [task-runner-1-40] [INFO ] q.lib.plugins.DetectionPluginTools - 339 nuclei detected (processing time: 7.06 seconds)
2024-10-23 03:15:20 INFO: 03:15:20.939 [main] [INFO ] q.l.p.CommandLineTaskRunner$CommandLineProgressMonitor - 339 nuclei detected (51%)
2024-10-23 03:15:21 INFO: 03:15:21.292 [task-runner-1-53] [INFO ] q.lib.plugins.DetectionPluginTools - 6030 nuclei detected (processing time: 25.77 seconds)
2024-10-23 03:15:21 INFO: 03:15:21.295 [main] [INFO ] q.l.p.CommandLineTaskRunner$CommandLineProgressMonitor - 6030 nuclei detected (51%)
2024-10-23 03:15:22 INFO: 03:15:22.271 [task-runner-1-52] [INFO ] q.lib.plugins.DetectionPluginTools - 258 nuclei detected (processing time: 8.03 seconds)
2024-10-23 03:15:22 INFO: 03:15:22.284 [main] [INFO ] q.l.p.CommandLineTaskRunner$CommandLineProgressMonitor - 258 nuclei detected (52%)
2024-10-23 03:15:23 INFO: 03:15:23.117 [task-runner-1-10] [INFO ] q.lib.plugins.DetectionPluginTools - 0 nuclei detected (processing time: 6.14 seconds)
2024-10-23 03:15:23 INFO: 03:15:23.122 [main] [INFO ] q.l.p.CommandLineTaskRunner$CommandLineProgressMonitor - 0 nuclei detected (53%)
2024-10-23 03:15:23 INFO: 03:15:23.369 [task-runner-1-55] [INFO ] q.lib.plugins.DetectionPluginTools - 0 nuclei detected (processing time: 6.62 seconds)
2024-10-23 03:15:24 INFO: 03:15:24.110 [task-runner-1-7] [INFO ] q.lib.plugins.DetectionPluginTools - 1430 nuclei detected (processing time: 15.07 seconds)
2024-10-23 03:15:24 INFO: 03:15:24.112 [main] [INFO ] q.l.p.CommandLineTaskRunner$CommandLineProgressMonitor - 1430 nuclei detected (54%)
2024-10-23 03:15:24 INFO: 03:15:24.390 [task-runner-1-2] [INFO ] q.lib.plugins.DetectionPluginTools - 3 nuclei detected (processing time: 6.86 seconds)
2024-10-23 03:15:24 INFO: 03:15:24.390 [main] [INFO ] q.l.p.CommandLineTaskRunner$CommandLineProgressMonitor - 3 nuclei detected (54%)
2024-10-23 03:15:24 INFO: 03:15:24.403 [task-runner-1-33] [INFO ] q.lib.plugins.DetectionPluginTools - 0 nuclei detected (processing time: 6.57 seconds)
2024-10-23 03:15:24 INFO: 03:15:24.404 [main] [INFO ] q.l.p.CommandLineTaskRunner$CommandLineProgressMonitor - 0 nuclei detected (55%)
2024-10-23 03:15:24 INFO: 03:15:24.419 [task-runner-1-54] [INFO ] q.lib.plugins.DetectionPluginTools - 12 nuclei detected (processing time: 6.67 seconds)
2024-10-23 03:15:24 INFO: 03:15:24.419 [main] [INFO ] q.l.p.CommandLineTaskRunner$CommandLineProgressMonitor - 12 nuclei detected (56%)
2024-10-23 03:15:24 INFO: 03:15:24.457 [task-runner-1-37] [INFO ] q.lib.plugins.DetectionPluginTools - 81 nuclei detected (processing time: 6.99 seconds)
2024-10-23 03:15:24 INFO: 03:15:24.458 [main] [INFO ] q.l.p.CommandLineTaskRunner$CommandLineProgressMonitor - 81 nuclei detected (56%)
2024-10-23 03:15:24 INFO: 03:15:24.498 [task-runner-1-36] [INFO ] q.lib.plugins.DetectionPluginTools - 0 nuclei detected (processing time: 6.10 seconds)
2024-10-23 03:15:24 INFO: 03:15:24.499 [main] [INFO ] q.l.p.CommandLineTaskRunner$CommandLineProgressMonitor - 0 nuclei detected (57%)
2024-10-23 03:15:24 INFO: 03:15:24.675 [task-runner-1-57] [INFO ] q.lib.plugins.DetectionPluginTools - 111 nuclei detected (processing time: 7.42 seconds)
2024-10-23 03:15:24 INFO: 03:15:24.676 [main] [INFO ] q.l.p.CommandLineTaskRunner$CommandLineProgressMonitor - 111 nuclei detected (57%)
2024-10-23 03:15:24 INFO: 03:15:24.731 [task-runner-1-21] [INFO ] q.lib.plugins.DetectionPluginTools - 309 nuclei detected (processing time: 10.48 seconds)
2024-10-23 03:15:24 INFO: 03:15:24.733 [main] [INFO ] q.l.p.CommandLineTaskRunner$CommandLineProgressMonitor - 309 nuclei detected (58%)
2024-10-23 03:15:24 INFO: 03:15:24.779 [task-runner-1-56] [INFO ] q.lib.plugins.DetectionPluginTools - 23 nuclei detected (processing time: 6.38 seconds)
2024-10-23 03:15:24 INFO: 03:15:24.781 [main] [INFO ] q.l.p.CommandLineTaskRunner$CommandLineProgressMonitor - 23 nuclei detected (59%)
2024-10-23 03:15:25 INFO: 03:15:25.357 [task-runner-1-61] [INFO ] q.lib.plugins.DetectionPluginTools - 0 nuclei detected (processing time: 7.04 seconds)
2024-10-23 03:15:25 INFO: 03:15:25.361 [main] [INFO ] q.l.p.CommandLineTaskRunner$CommandLineProgressMonitor - 0 nuclei detected (59%)
2024-10-23 03:15:25 INFO: 03:15:25.363 [task-runner-1-18] [INFO ] q.lib.plugins.DetectionPluginTools - 111 nuclei detected (processing time: 7.83 seconds)
2024-10-23 03:15:25 INFO: 03:15:25.368 [main] [INFO ] q.l.p.CommandLineTaskRunner$CommandLineProgressMonitor - 111 nuclei detected (60%)
2024-10-23 03:15:25 INFO: 03:15:25.677 [task-runner-1-22] [INFO ] q.lib.plugins.DetectionPluginTools - 2263 nuclei detected (processing time: 15.06 seconds)
2024-10-23 03:15:25 INFO: 03:15:25.682 [main] [INFO ] q.l.p.CommandLineTaskRunner$CommandLineProgressMonitor - 2263 nuclei detected (61%)
2024-10-23 03:15:25 INFO: 03:15:25.794 [task-runner-1-32] [INFO ] q.lib.plugins.DetectionPluginTools - 2659 nuclei detected (processing time: 18.15 seconds)
2024-10-23 03:15:25 INFO: 03:15:25.796 [main] [INFO ] q.l.p.CommandLineTaskRunner$CommandLineProgressMonitor - 2659 nuclei detected (61%)
2024-10-23 03:15:26 INFO: 03:15:26.171 [task-runner-1-44] [INFO ] q.lib.plugins.DetectionPluginTools - 356 nuclei detected (processing time: 7.70 seconds)
2024-10-23 03:15:26 INFO: 03:15:26.171 [main] [INFO ] q.l.p.CommandLineTaskRunner$CommandLineProgressMonitor - 356 nuclei detected (62%)
2024-10-23 03:15:26 INFO: 03:15:26.454 [task-runner-1-17] [INFO ] q.lib.plugins.DetectionPluginTools - 0 nuclei detected (processing time: 5.77 seconds)
2024-10-23 03:15:26 INFO: 03:15:26.456 [main] [INFO ] q.l.p.CommandLineTaskRunner$CommandLineProgressMonitor - 0 nuclei detected (63%)
2024-10-23 03:15:26 INFO: 03:15:26.510 [task-runner-1-6] [INFO ] q.lib.plugins.DetectionPluginTools - 1105 nuclei detected (processing time: 9.77 seconds)
2024-10-23 03:15:26 INFO: 03:15:26.512 [main] [INFO ] q.l.p.CommandLineTaskRunner$CommandLineProgressMonitor - 1105 nuclei detected (63%)
2024-10-23 03:15:26 INFO: 03:15:26.655 [task-runner-1-63] [INFO ] q.lib.plugins.DetectionPluginTools - 0 nuclei detected (processing time: 6.06 seconds)
2024-10-23 03:15:26 INFO: 03:15:26.657 [main] [INFO ] q.l.p.CommandLineTaskRunner$CommandLineProgressMonitor - 0 nuclei detected (64%)
2024-10-23 03:15:26 INFO: 03:15:26.810 [task-runner-1-40] [INFO ] q.lib.plugins.DetectionPluginTools - 0 nuclei detected (processing time: 5.87 seconds)
2024-10-23 03:15:27 INFO: 03:15:27.191 [task-runner-1-53] [INFO ] q.lib.plugins.DetectionPluginTools - 8 nuclei detected (processing time: 5.90 seconds)
2024-10-23 03:15:27 INFO: 03:15:27.192 [main] [INFO ] q.l.p.CommandLineTaskRunner$CommandLineProgressMonitor - 8 nuclei detected (65%)
2024-10-23 03:15:27 INFO: 03:15:27.842 [task-runner-1-8] [INFO ] q.lib.plugins.DetectionPluginTools - 3210 nuclei detected (processing time: 18.80 seconds)
2024-10-23 03:15:27 INFO: 03:15:27.842 [main] [INFO ] q.l.p.CommandLineTaskRunner$CommandLineProgressMonitor - 3210 nuclei detected (66%)
2024-10-23 03:15:28 INFO: 03:15:28.284 [task-runner-1-42] [INFO ] q.lib.plugins.DetectionPluginTools - 1332 nuclei detected (processing time: 13.22 seconds)
2024-10-23 03:15:28 INFO: 03:15:28.285 [main] [INFO ] q.l.p.CommandLineTaskRunner$CommandLineProgressMonitor - 1332 nuclei detected (66%)
2024-10-23 03:15:28 INFO: 03:15:28.342 [task-runner-1-39] [INFO ] q.lib.plugins.DetectionPluginTools - 1342 nuclei detected (processing time: 13.52 seconds)
2024-10-23 03:15:28 INFO: 03:15:28.343 [main] [INFO ] q.l.p.CommandLineTaskRunner$CommandLineProgressMonitor - 1342 nuclei detected (67%)
2024-10-23 03:15:28 INFO: 03:15:28.457 [task-runner-1-10] [INFO ] q.lib.plugins.DetectionPluginTools - 0 nuclei detected (processing time: 5.34 seconds)
2024-10-23 03:15:28 INFO: 03:15:28.458 [main] [INFO ] q.l.p.CommandLineTaskRunner$CommandLineProgressMonitor - 0 nuclei detected (68%)
2024-10-23 03:15:28 INFO: 03:15:28.589 [task-runner-1-62] [INFO ] q.lib.plugins.DetectionPluginTools - 1537 nuclei detected (processing time: 9.97 seconds)
2024-10-23 03:15:28 INFO: 03:15:28.589 [main] [INFO ] q.l.p.CommandLineTaskRunner$CommandLineProgressMonitor - 1537 nuclei detected (68%)
2024-10-23 03:15:28 INFO: 03:15:28.590 [task-runner-1-52] [INFO ] q.lib.plugins.DetectionPluginTools - 1 nucleus detected (processing time: 6.30 seconds)
2024-10-23 03:15:28 INFO: 03:15:28.590 [main] [INFO ] q.l.p.CommandLineTaskRunner$CommandLineProgressMonitor - 1 nucleus detected (69%)
2024-10-23 03:15:28 INFO: 03:15:28.790 [task-runner-1-45] [INFO ] q.lib.plugins.DetectionPluginTools - 2977 nuclei detected (processing time: 19.46 seconds)
2024-10-23 03:15:28 INFO: 03:15:28.790 [main] [INFO ] q.l.p.CommandLineTaskRunner$CommandLineProgressMonitor - 2977 nuclei detected (69%)
2024-10-23 03:15:28 INFO: 03:15:28.954 [task-runner-1-48] [INFO ] q.lib.plugins.DetectionPluginTools - 3941 nuclei detected (processing time: 21.31 seconds)
2024-10-23 03:15:28 INFO: 03:15:28.955 [main] [INFO ] q.l.p.CommandLineTaskRunner$CommandLineProgressMonitor - 3941 nuclei detected (70%)
2024-10-23 03:15:29 INFO: 03:15:29.176 [task-runner-1-55] [INFO ] q.lib.plugins.DetectionPluginTools - 1 nucleus detected (processing time: 5.80 seconds)
2024-10-23 03:15:29 INFO: 03:15:29.176 [main] [INFO ] q.l.p.CommandLineTaskRunner$CommandLineProgressMonitor - 1 nucleus detected (71%)
2024-10-23 03:15:29 INFO: 03:15:29.218 [task-runner-1-14] [INFO ] q.lib.plugins.DetectionPluginTools - 3102 nuclei detected (processing time: 20.16 seconds)
2024-10-23 03:15:29 INFO: 03:15:29.219 [main] [INFO ] q.l.p.CommandLineTaskRunner$CommandLineProgressMonitor - 3102 nuclei detected (71%)
2024-10-23 03:15:29 INFO: 03:15:29.491 [task-runner-1-7] [INFO ] q.lib.plugins.DetectionPluginTools - 1 nucleus detected (processing time: 5.38 seconds)
2024-10-23 03:15:29 INFO: 03:15:29.491 [main] [INFO ] q.l.p.CommandLineTaskRunner$CommandLineProgressMonitor - 1 nucleus detected (72%)
2024-10-23 03:15:29 INFO: 03:15:29.606 [task-runner-1-19] [INFO ] q.lib.plugins.DetectionPluginTools - 2463 nuclei detected (processing time: 20.22 seconds)
2024-10-23 03:15:29 INFO: 03:15:29.613 [main] [INFO ] q.l.p.CommandLineTaskRunner$CommandLineProgressMonitor - 2463 nuclei detected (73%)
2024-10-23 03:15:29 INFO: 03:15:29.644 [task-runner-1-1] [INFO ] q.lib.plugins.DetectionPluginTools - 6633 nuclei detected (processing time: 22.00 seconds)
2024-10-23 03:15:29 INFO: 03:15:29.644 [main] [INFO ] q.l.p.CommandLineTaskRunner$CommandLineProgressMonitor - 6633 nuclei detected (73%)
2024-10-23 03:15:29 INFO: 03:15:29.822 [task-runner-1-25] [INFO ] q.lib.plugins.DetectionPluginTools - 2668 nuclei detected (processing time: 20.24 seconds)
2024-10-23 03:15:29 INFO: 03:15:29.822 [main] [INFO ] q.l.p.CommandLineTaskRunner$CommandLineProgressMonitor - 2668 nuclei detected (74%)
2024-10-23 03:15:29 INFO: 03:15:29.842 [task-runner-1-30] [INFO ] q.lib.plugins.DetectionPluginTools - 3320 nuclei detected (processing time: 20.80 seconds)
2024-10-23 03:15:29 INFO: 03:15:29.843 [main] [INFO ] q.l.p.CommandLineTaskRunner$CommandLineProgressMonitor - 3320 nuclei detected (74%)
2024-10-23 03:15:29 INFO: 03:15:29.858 [task-runner-1-2] [INFO ] q.lib.plugins.DetectionPluginTools - 0 nuclei detected (processing time: 5.47 seconds)
2024-10-23 03:15:29 INFO: 03:15:29.858 [main] [INFO ] q.l.p.CommandLineTaskRunner$CommandLineProgressMonitor - 0 nuclei detected (75%)
2024-10-23 03:15:29 INFO: 03:15:29.901 [task-runner-1-33] [INFO ] q.lib.plugins.DetectionPluginTools - 1 nucleus detected (processing time: 5.50 seconds)
2024-10-23 03:15:29 INFO: 03:15:29.902 [main] [INFO ] q.l.p.CommandLineTaskRunner$CommandLineProgressMonitor - 1 nucleus detected (76%)
2024-10-23 03:15:29 INFO: 03:15:29.940 [task-runner-1-35] [INFO ] q.lib.plugins.DetectionPluginTools - 2646 nuclei detected (processing time: 20.38 seconds)
2024-10-23 03:15:29 INFO: 03:15:29.940 [main] [INFO ] q.l.p.CommandLineTaskRunner$CommandLineProgressMonitor - 2646 nuclei detected (76%)
2024-10-23 03:15:30 INFO: 03:15:30.019 [task-runner-1-20] [INFO ] q.lib.plugins.DetectionPluginTools - 3573 nuclei detected (processing time: 20.35 seconds)
2024-10-23 03:15:30 INFO: 03:15:30.019 [main] [INFO ] q.l.p.CommandLineTaskRunner$CommandLineProgressMonitor - 3573 nuclei detected (77%)
2024-10-23 03:15:30 INFO: 03:15:30.100 [task-runner-1-47] [INFO ] q.lib.plugins.DetectionPluginTools - 3845 nuclei detected (processing time: 22.42 seconds)
2024-10-23 03:15:30 INFO: 03:15:30.100 [main] [INFO ] q.l.p.CommandLineTaskRunner$CommandLineProgressMonitor - 3845 nuclei detected (78%)
2024-10-23 03:15:30 INFO: 03:15:30.115 [task-runner-1-56] [INFO ] q.lib.plugins.DetectionPluginTools - 0 nuclei detected (processing time: 5.33 seconds)
2024-10-23 03:15:30 INFO: 03:15:30.116 [main] [INFO ] q.l.p.CommandLineTaskRunner$CommandLineProgressMonitor - 0 nuclei detected (78%)
2024-10-23 03:15:30 INFO: 03:15:30.126 [task-runner-1-13] [INFO ] q.lib.plugins.DetectionPluginTools - 3404 nuclei detected (processing time: 21.06 seconds)
2024-10-23 03:15:30 INFO: 03:15:30.127 [main] [INFO ] q.l.p.CommandLineTaskRunner$CommandLineProgressMonitor - 3404 nuclei detected (79%)
2024-10-23 03:15:30 INFO: 03:15:30.188 [task-runner-1-16] [INFO ] q.lib.plugins.DetectionPluginTools - 4102 nuclei detected (processing time: 22.54 seconds)
2024-10-23 03:15:30 INFO: 03:15:30.189 [main] [INFO ] q.l.p.CommandLineTaskRunner$CommandLineProgressMonitor - 4102 nuclei detected (79%)
2024-10-23 03:15:30 INFO: 03:15:30.216 [task-runner-1-49] [INFO ] q.lib.plugins.DetectionPluginTools - 2821 nuclei detected (processing time: 20.84 seconds)
2024-10-23 03:15:30 INFO: 03:15:30.216 [main] [INFO ] q.l.p.CommandLineTaskRunner$CommandLineProgressMonitor - 2821 nuclei detected (80%)
2024-10-23 03:15:30 INFO: 03:15:30.225 [task-runner-1-37] [INFO ] q.lib.plugins.DetectionPluginTools - 0 nuclei detected (processing time: 5.77 seconds)
2024-10-23 03:15:30 INFO: 03:15:30.225 [main] [INFO ] q.l.p.CommandLineTaskRunner$CommandLineProgressMonitor - 0 nuclei detected (81%)
2024-10-23 03:15:30 INFO: 03:15:30.231 [task-runner-1-57] [INFO ] q.lib.plugins.DetectionPluginTools - 0 nuclei detected (processing time: 5.56 seconds)
2024-10-23 03:15:30 INFO: 03:15:30.233 [task-runner-1-22] [INFO ] q.lib.plugins.DetectionPluginTools - 0 nuclei detected (processing time: 4.55 seconds)
2024-10-23 03:15:30 INFO: 03:15:30.233 [main] [INFO ] q.l.p.CommandLineTaskRunner$CommandLineProgressMonitor - 0 nuclei detected (82%)
2024-10-23 03:15:30 INFO: 03:15:30.274 [task-runner-1-34] [INFO ] q.lib.plugins.DetectionPluginTools - 2790 nuclei detected (processing time: 20.69 seconds)
2024-10-23 03:15:30 INFO: 03:15:30.274 [main] [INFO ] q.l.p.CommandLineTaskRunner$CommandLineProgressMonitor - 2790 nuclei detected (83%)
2024-10-23 03:15:30 INFO: 03:15:30.279 [task-runner-1-11] [INFO ] q.lib.plugins.DetectionPluginTools - 3485 nuclei detected (processing time: 21.24 seconds)
2024-10-23 03:15:30 INFO: 03:15:30.280 [task-runner-1-21] [INFO ] q.lib.plugins.DetectionPluginTools - 0 nuclei detected (processing time: 5.55 seconds)
2024-10-23 03:15:30 INFO: 03:15:30.280 [main] [INFO ] q.l.p.CommandLineTaskRunner$CommandLineProgressMonitor - 0 nuclei detected (83%)
2024-10-23 03:15:30 INFO: 03:15:30.280 [main] [INFO ] q.l.p.CommandLineTaskRunner$CommandLineProgressMonitor - 3485 nuclei detected (84%)
2024-10-23 03:15:30 INFO: 03:15:30.299 [task-runner-1-28] [INFO ] q.lib.plugins.DetectionPluginTools - 4503 nuclei detected (processing time: 21.17 seconds)
2024-10-23 03:15:30 INFO: 03:15:30.300 [main] [INFO ] q.l.p.CommandLineTaskRunner$CommandLineProgressMonitor - 4503 nuclei detected (84%)
2024-10-23 03:15:30 INFO: 03:15:30.302 [task-runner-1-54] [INFO ] q.lib.plugins.DetectionPluginTools - 1 nucleus detected (processing time: 5.88 seconds)
2024-10-23 03:15:30 INFO: 03:15:30.302 [main] [INFO ] q.l.p.CommandLineTaskRunner$CommandLineProgressMonitor - 1 nucleus detected (85%)
2024-10-23 03:15:30 INFO: 03:15:30.368 [task-runner-1-26] [INFO ] q.lib.plugins.DetectionPluginTools - 4053 nuclei detected (processing time: 21.11 seconds)
2024-10-23 03:15:30 INFO: 03:15:30.368 [main] [INFO ] q.l.p.CommandLineTaskRunner$CommandLineProgressMonitor - 4053 nuclei detected (86%)
2024-10-23 03:15:30 INFO: 03:15:30.450 [task-runner-1-36] [INFO ] q.lib.plugins.DetectionPluginTools - 1 nucleus detected (processing time: 5.95 seconds)
2024-10-23 03:15:30 INFO: 03:15:30.450 [main] [INFO ] q.l.p.CommandLineTaskRunner$CommandLineProgressMonitor - 1 nucleus detected (86%)
2024-10-23 03:15:30 INFO: 03:15:30.464 [task-runner-1-24] [INFO ] q.lib.plugins.DetectionPluginTools - 3508 nuclei detected (processing time: 20.44 seconds)
2024-10-23 03:15:30 INFO: 03:15:30.464 [main] [INFO ] q.l.p.CommandLineTaskRunner$CommandLineProgressMonitor - 3508 nuclei detected (87%)
2024-10-23 03:15:30 INFO: 03:15:30.586 [task-runner-1-5] [INFO ] q.lib.plugins.DetectionPluginTools - 3992 nuclei detected (processing time: 21.35 seconds)
2024-10-23 03:15:30 INFO: 03:15:30.587 [main] [INFO ] q.l.p.CommandLineTaskRunner$CommandLineProgressMonitor - 3992 nuclei detected (88%)
2024-10-23 03:15:30 INFO: 03:15:30.588 [task-runner-1-18] [INFO ] q.lib.plugins.DetectionPluginTools - 0 nuclei detected (processing time: 5.22 seconds)
2024-10-23 03:15:30 INFO: 03:15:30.588 [main] [INFO ] q.l.p.CommandLineTaskRunner$CommandLineProgressMonitor - 0 nuclei detected (88%)
2024-10-23 03:15:30 INFO: 03:15:30.604 [task-runner-1-61] [INFO ] q.lib.plugins.DetectionPluginTools - 0 nuclei detected (processing time: 5.24 seconds)
2024-10-23 03:15:30 INFO: 03:15:30.604 [main] [INFO ] q.l.p.CommandLineTaskRunner$CommandLineProgressMonitor - 0 nuclei detected (89%)
2024-10-23 03:15:30 INFO: 03:15:30.702 [task-runner-1-51] [INFO ] q.lib.plugins.DetectionPluginTools - 4491 nuclei detected (processing time: 20.67 seconds)
2024-10-23 03:15:30 INFO: 03:15:30.703 [main] [INFO ] q.l.p.CommandLineTaskRunner$CommandLineProgressMonitor - 4491 nuclei detected (89%)
2024-10-23 03:15:30 INFO: 03:15:30.733 [task-runner-1-3] [INFO ] q.lib.plugins.DetectionPluginTools - 5378 nuclei detected (processing time: 23.09 seconds)
2024-10-23 03:15:30 INFO: 03:15:30.734 [main] [INFO ] q.l.p.CommandLineTaskRunner$CommandLineProgressMonitor - 5378 nuclei detected (90%)
2024-10-23 03:15:30 INFO: 03:15:30.750 [task-runner-1-41] [INFO ] q.lib.plugins.DetectionPluginTools - 2053 nuclei detected (processing time: 16.07 seconds)
2024-10-23 03:15:30 INFO: 03:15:30.751 [main] [INFO ] q.l.p.CommandLineTaskRunner$CommandLineProgressMonitor - 2053 nuclei detected (91%)
2024-10-23 03:15:30 INFO: 03:15:30.892 [task-runner-1-23] [INFO ] q.lib.plugins.DetectionPluginTools - 3481 nuclei detected (processing time: 20.87 seconds)
2024-10-23 03:15:30 INFO: 03:15:30.892 [main] [INFO ] q.l.p.CommandLineTaskRunner$CommandLineProgressMonitor - 3481 nuclei detected (91%)
2024-10-23 03:15:31 INFO: 03:15:31.009 [task-runner-1-50] [INFO ] q.lib.plugins.DetectionPluginTools - 3540 nuclei detected (processing time: 21.45 seconds)
2024-10-23 03:15:31 INFO: 03:15:31.010 [main] [INFO ] q.l.p.CommandLineTaskRunner$CommandLineProgressMonitor - 3540 nuclei detected (92%)
2024-10-23 03:15:31 INFO: 03:15:31.037 [task-runner-1-43] [INFO ] q.lib.plugins.DetectionPluginTools - 3862 nuclei detected (processing time: 20.99 seconds)
2024-10-23 03:15:31 INFO: 03:15:31.037 [task-runner-1-31] [INFO ] q.lib.plugins.DetectionPluginTools - 3762 nuclei detected (processing time: 21.91 seconds)
2024-10-23 03:15:31 INFO: 03:15:31.038 [main] [INFO ] q.l.p.CommandLineTaskRunner$CommandLineProgressMonitor - 3862 nuclei detected (93%)
2024-10-23 03:15:31 INFO: 03:15:31.038 [main] [INFO ] q.l.p.CommandLineTaskRunner$CommandLineProgressMonitor - 3762 nuclei detected (93%)
2024-10-23 03:15:31 INFO: 03:15:31.045 [task-runner-1-59] [INFO ] q.lib.plugins.DetectionPluginTools - 1169 nuclei detected (processing time: 16.59 seconds)
2024-10-23 03:15:31 INFO: 03:15:31.046 [main] [INFO ] q.l.p.CommandLineTaskRunner$CommandLineProgressMonitor - 1169 nuclei detected (94%)
2024-10-23 03:15:31 INFO: 03:15:31.057 [task-runner-1-46] [INFO ] q.lib.plugins.DetectionPluginTools - 3416 nuclei detected (processing time: 21.79 seconds)
2024-10-23 03:15:31 INFO: 03:15:31.058 [main] [INFO ] q.l.p.CommandLineTaskRunner$CommandLineProgressMonitor - 3416 nuclei detected (94%)
2024-10-23 03:15:31 INFO: 03:15:31.213 [task-runner-1-29] [INFO ] q.lib.plugins.DetectionPluginTools - 2284 nuclei detected (processing time: 12.45 seconds)
2024-10-23 03:15:31 INFO: 03:15:31.214 [main] [INFO ] q.l.p.CommandLineTaskRunner$CommandLineProgressMonitor - 2284 nuclei detected (95%)
2024-10-23 03:15:31 INFO: 03:15:31.218 [task-runner-1-38] [INFO ] q.lib.plugins.DetectionPluginTools - 3010 nuclei detected (processing time: 16.00 seconds)
2024-10-23 03:15:31 INFO: 03:15:31.218 [main] [INFO ] q.l.p.CommandLineTaskRunner$CommandLineProgressMonitor - 3010 nuclei detected (96%)
2024-10-23 03:15:31 INFO: 03:15:31.401 [task-runner-1-12] [INFO ] q.lib.plugins.DetectionPluginTools - 2720 nuclei detected (processing time: 11.97 seconds)
2024-10-23 03:15:31 INFO: 03:15:31.402 [main] [INFO ] q.l.p.CommandLineTaskRunner$CommandLineProgressMonitor - 2720 nuclei detected (96%)
2024-10-23 03:15:31 INFO: 03:15:31.430 [task-runner-1-60] [INFO ] q.lib.plugins.DetectionPluginTools - 5064 nuclei detected (processing time: 21.34 seconds)
2024-10-23 03:15:31 INFO: 03:15:31.430 [main] [INFO ] q.l.p.CommandLineTaskRunner$CommandLineProgressMonitor - 5064 nuclei detected (97%)
2024-10-23 03:15:32 INFO: 03:15:32.120 [task-runner-1-9] [INFO ] q.lib.plugins.DetectionPluginTools - 3882 nuclei detected (processing time: 16.84 seconds)
2024-10-23 03:15:32 INFO: 03:15:32.120 [main] [INFO ] q.l.p.CommandLineTaskRunner$CommandLineProgressMonitor - 3882 nuclei detected (98%)
2024-10-23 03:15:32 INFO: 03:15:32.743 [task-runner-1-4] [INFO ] q.lib.plugins.DetectionPluginTools - 4647 nuclei detected (processing time: 16.53 seconds)
2024-10-23 03:15:32 INFO: 03:15:32.743 [main] [INFO ] q.l.p.CommandLineTaskRunner$CommandLineProgressMonitor - 4647 nuclei detected (98%)
2024-10-23 03:15:32 INFO: 03:15:32.914 [task-runner-1-15] [INFO ] q.lib.plugins.DetectionPluginTools - 5110 nuclei detected (processing time: 17.60 seconds)
2024-10-23 03:15:32 INFO: 03:15:32.914 [main] [INFO ] q.l.p.CommandLineTaskRunner$CommandLineProgressMonitor - 5110 nuclei detected (99%)
2024-10-23 03:15:32 INFO: 03:15:32.998 [task-runner-1-58] [INFO ] q.lib.plugins.DetectionPluginTools - 5495 nuclei detected (processing time: 17.46 seconds)
2024-10-23 03:15:32 INFO: 03:15:32.998 [main] [INFO ] q.l.p.CommandLineTaskRunner$CommandLineProgressMonitor - 5495 nuclei detected (99%)
2024-10-23 03:15:33 INFO: 03:15:33.065 [task-runner-1-27] [INFO ] q.lib.plugins.DetectionPluginTools - 5530 nuclei detected (processing time: 17.41 seconds)
2024-10-23 03:15:33 INFO: 03:15:33.065 [main] [INFO ] q.l.p.CommandLineTaskRunner$CommandLineProgressMonitor - 5530 nuclei detected (100%)
2024-10-23 03:15:33 INFO: 03:15:33.066 [main] [INFO ] q.l.p.CommandLineTaskRunner$CommandLineProgressMonitor - Processing complete in 37.55 seconds
2024-10-23 03:15:33 INFO: 03:15:33.066 [main] [INFO ] q.l.p.CommandLineTaskRunner$CommandLineProgressMonitor - Tasks completed!
2024-10-23 03:15:41 INFO: 03:15:41.528 [main] [WARN ] q.l.p.objects.SmoothFeaturesPlugin - Smoothing using annotations
2024-10-23 03:15:44 INFO: 03:15:44.695 [main] [INFO ] q.l.p.CommandLineTaskRunner$CommandLineProgressMonitor - Completed (100%)
2024-10-23 03:15:44 INFO: 03:15:44.695 [main] [INFO ] q.l.p.CommandLineTaskRunner$CommandLineProgressMonitor - Processing complete in 3.17 seconds
2024-10-23 03:15:44 INFO: 03:15:44.695 [main] [INFO ] q.l.p.CommandLineTaskRunner$CommandLineProgressMonitor - Tasks completed!
2024-10-23 03:15:44 INFO: 03:15:44.697 [main] [WARN ] q.l.p.objects.SmoothFeaturesPlugin - Smoothing using annotations
2024-10-23 03:15:52 INFO: 03:15:52.306 [main] [INFO ] q.l.p.CommandLineTaskRunner$CommandLineProgressMonitor - Completed (100%)
2024-10-23 03:15:52 INFO: 03:15:52.307 [main] [INFO ] q.l.p.CommandLineTaskRunner$CommandLineProgressMonitor - Processing complete in 7.61 seconds
2024-10-23 03:15:52 INFO: 03:15:52.307 [main] [INFO ] q.l.p.CommandLineTaskRunner$CommandLineProgressMonitor - Tasks completed!
2024-10-23 03:15:52 INFO: 03:15:52.308 [main] [WARN ] q.l.p.objects.SmoothFeaturesPlugin - Smoothing using annotations
2024-10-23 03:16:09 INFO: 03:16:09.358 [main] [INFO ] q.l.p.CommandLineTaskRunner$CommandLineProgressMonitor - Completed (100%)
2024-10-23 03:16:09 INFO: 03:16:09.358 [main] [INFO ] q.l.p.CommandLineTaskRunner$CommandLineProgressMonitor - Processing complete in 17.05 seconds
2024-10-23 03:16:09 INFO: 03:16:09.358 [main] [INFO ] q.l.p.CommandLineTaskRunner$CommandLineProgressMonitor - Tasks completed!
2024-10-23 03:16:09 INFO: 03:16:09.574 [task-runner-5-2] [INFO ] q.l.a.IntensityFeaturesPlugin - Splitting Rectangle (0, 0, 63784, 39311) into 40 tiles for intensity measurements
2024-10-23 03:16:09 INFO: 03:16:09.800 [main] [INFO ] q.l.p.CommandLineTaskRunner$CommandLineProgressMonitor - Completed (0%)
2024-10-23 03:16:10 INFO: 03:16:10.425 [main] [INFO ] q.l.p.CommandLineTaskRunner$CommandLineProgressMonitor - Completed (1%)
2024-10-23 03:16:10 INFO: 03:16:10.830 [main] [INFO ] q.l.p.CommandLineTaskRunner$CommandLineProgressMonitor - Completed (2%)
2024-10-23 03:16:11 INFO: 03:16:11.073 [main] [INFO ] q.l.p.CommandLineTaskRunner$CommandLineProgressMonitor - Completed (3%)
2024-10-23 03:16:11 INFO: 03:16:11.620 [main] [INFO ] q.l.p.CommandLineTaskRunner$CommandLineProgressMonitor - Completed (4%)
2024-10-23 03:16:11 INFO: 03:16:11.816 [main] [INFO ] q.l.p.CommandLineTaskRunner$CommandLineProgressMonitor - Completed (5%)
2024-10-23 03:16:11 INFO: 03:16:11.972 [main] [INFO ] q.l.p.CommandLineTaskRunner$CommandLineProgressMonitor - Completed (6%)
2024-10-23 03:16:12 INFO: 03:16:12.118 [main] [INFO ] q.l.p.CommandLineTaskRunner$CommandLineProgressMonitor - Completed (7%)
2024-10-23 03:16:12 INFO: 03:16:12.552 [main] [INFO ] q.l.p.CommandLineTaskRunner$CommandLineProgressMonitor - Completed (8%)
2024-10-23 03:16:12 INFO: 03:16:12.644 [main] [INFO ] q.l.p.CommandLineTaskRunner$CommandLineProgressMonitor - Completed (9%)
2024-10-23 03:16:12 INFO: 03:16:12.743 [main] [INFO ] q.l.p.CommandLineTaskRunner$CommandLineProgressMonitor - Completed (10%)
2024-10-23 03:16:12 INFO: 03:16:12.842 [main] [INFO ] q.l.p.CommandLineTaskRunner$CommandLineProgressMonitor - Completed (11%)
2024-10-23 03:16:12 INFO: 03:16:12.968 [main] [INFO ] q.l.p.CommandLineTaskRunner$CommandLineProgressMonitor - Completed (12%)
2024-10-23 03:16:13 INFO: 03:16:13.407 [main] [INFO ] q.l.p.CommandLineTaskRunner$CommandLineProgressMonitor - Completed (13%)
2024-10-23 03:16:13 INFO: 03:16:13.517 [main] [INFO ] q.l.p.CommandLineTaskRunner$CommandLineProgressMonitor - Completed (14%)
2024-10-23 03:16:13 INFO: 03:16:13.698 [main] [INFO ] q.l.p.CommandLineTaskRunner$CommandLineProgressMonitor - Completed (15%)
2024-10-23 03:16:13 INFO: 03:16:13.821 [main] [INFO ] q.l.p.CommandLineTaskRunner$CommandLineProgressMonitor - Completed (16%)
2024-10-23 03:16:14 INFO: 03:16:14.207 [main] [INFO ] q.l.p.CommandLineTaskRunner$CommandLineProgressMonitor - Completed (17%)
2024-10-23 03:16:14 INFO: 03:16:14.292 [main] [INFO ] q.l.p.CommandLineTaskRunner$CommandLineProgressMonitor - Completed (18%)
2024-10-23 03:16:14 INFO: 03:16:14.383 [main] [INFO ] q.l.p.CommandLineTaskRunner$CommandLineProgressMonitor - Completed (19%)
2024-10-23 03:16:14 INFO: 03:16:14.474 [main] [INFO ] q.l.p.CommandLineTaskRunner$CommandLineProgressMonitor - Completed (20%)
2024-10-23 03:16:14 INFO: 03:16:14.564 [main] [INFO ] q.l.p.CommandLineTaskRunner$CommandLineProgressMonitor - Completed (21%)
2024-10-23 03:16:14 INFO: 03:16:14.659 [main] [INFO ] q.l.p.CommandLineTaskRunner$CommandLineProgressMonitor - Completed (22%)
2024-10-23 03:16:14 INFO: 03:16:14.760 [main] [INFO ] q.l.p.CommandLineTaskRunner$CommandLineProgressMonitor - Completed (23%)
2024-10-23 03:16:15 INFO: 03:16:15.094 [main] [INFO ] q.l.p.CommandLineTaskRunner$CommandLineProgressMonitor - Completed (24%)
2024-10-23 03:16:15 INFO: 03:16:15.208 [main] [INFO ] q.l.p.CommandLineTaskRunner$CommandLineProgressMonitor - Completed (25%)
2024-10-23 03:16:15 INFO: 03:16:15.297 [main] [INFO ] q.l.p.CommandLineTaskRunner$CommandLineProgressMonitor - Completed (26%)
2024-10-23 03:16:15 INFO: 03:16:15.403 [main] [INFO ] q.l.p.CommandLineTaskRunner$CommandLineProgressMonitor - Completed (27%)
2024-10-23 03:16:15 INFO: 03:16:15.512 [main] [INFO ] q.l.p.CommandLineTaskRunner$CommandLineProgressMonitor - Completed (28%)
2024-10-23 03:16:15 INFO: 03:16:15.667 [main] [INFO ] q.l.p.CommandLineTaskRunner$CommandLineProgressMonitor - Completed (29%)
2024-10-23 03:16:15 INFO: 03:16:15.808 [main] [INFO ] q.l.p.CommandLineTaskRunner$CommandLineProgressMonitor - Completed (30%)
2024-10-23 03:16:15 INFO: 03:16:15.924 [main] [INFO ] q.l.p.CommandLineTaskRunner$CommandLineProgressMonitor - Completed (31%)
2024-10-23 03:16:16 INFO: 03:16:16.018 [main] [INFO ] q.l.p.CommandLineTaskRunner$CommandLineProgressMonitor - Completed (32%)
2024-10-23 03:16:16 INFO: 03:16:16.110 [main] [INFO ] q.l.p.CommandLineTaskRunner$CommandLineProgressMonitor - Completed (33%)
2024-10-23 03:16:16 INFO: 03:16:16.210 [main] [INFO ] q.l.p.CommandLineTaskRunner$CommandLineProgressMonitor - Completed (34%)
2024-10-23 03:16:16 INFO: 03:16:16.319 [main] [INFO ] q.l.p.CommandLineTaskRunner$CommandLineProgressMonitor - Completed (35%)
2024-10-23 03:16:16 INFO: 03:16:16.482 [main] [INFO ] q.l.p.CommandLineTaskRunner$CommandLineProgressMonitor - Completed (36%)
2024-10-23 03:16:16 INFO: 03:16:16.631 [main] [INFO ] q.l.p.CommandLineTaskRunner$CommandLineProgressMonitor - Completed (37%)
2024-10-23 03:16:16 INFO: 03:16:16.774 [main] [INFO ] q.l.p.CommandLineTaskRunner$CommandLineProgressMonitor - Completed (38%)
2024-10-23 03:16:16 INFO: 03:16:16.963 [main] [INFO ] q.l.p.CommandLineTaskRunner$CommandLineProgressMonitor - Completed (39%)
2024-10-23 03:16:17 INFO: 03:16:17.057 [main] [INFO ] q.l.p.CommandLineTaskRunner$CommandLineProgressMonitor - Completed (40%)
2024-10-23 03:16:17 INFO: 03:16:17.147 [main] [INFO ] q.l.p.CommandLineTaskRunner$CommandLineProgressMonitor - Completed (41%)
2024-10-23 03:16:17 INFO: 03:16:17.244 [main] [INFO ] q.l.p.CommandLineTaskRunner$CommandLineProgressMonitor - Completed (42%)
2024-10-23 03:16:17 INFO: 03:16:17.344 [main] [INFO ] q.l.p.CommandLineTaskRunner$CommandLineProgressMonitor - Completed (43%)
2024-10-23 03:16:17 INFO: 03:16:17.435 [main] [INFO ] q.l.p.CommandLineTaskRunner$CommandLineProgressMonitor - Completed (44%)
2024-10-23 03:16:17 INFO: 03:16:17.529 [main] [INFO ] q.l.p.CommandLineTaskRunner$CommandLineProgressMonitor - Completed (45%)
2024-10-23 03:16:17 INFO: 03:16:17.623 [main] [INFO ] q.l.p.CommandLineTaskRunner$CommandLineProgressMonitor - Completed (46%)
2024-10-23 03:16:17 INFO: 03:16:17.739 [main] [INFO ] q.l.p.CommandLineTaskRunner$CommandLineProgressMonitor - Completed (47%)
2024-10-23 03:16:17 INFO: 03:16:17.860 [main] [INFO ] q.l.p.CommandLineTaskRunner$CommandLineProgressMonitor - Completed (48%)
2024-10-23 03:16:17 INFO: 03:16:17.962 [main] [INFO ] q.l.p.CommandLineTaskRunner$CommandLineProgressMonitor - Completed (49%)
2024-10-23 03:16:18 INFO: 03:16:18.059 [main] [INFO ] q.l.p.CommandLineTaskRunner$CommandLineProgressMonitor - Completed (50%)
2024-10-23 03:16:18 INFO: 03:16:18.156 [main] [INFO ] q.l.p.CommandLineTaskRunner$CommandLineProgressMonitor - Completed (51%)
2024-10-23 03:16:18 INFO: 03:16:18.250 [main] [INFO ] q.l.p.CommandLineTaskRunner$CommandLineProgressMonitor - Completed (52%)
2024-10-23 03:16:18 INFO: 03:16:18.391 [main] [INFO ] q.l.p.CommandLineTaskRunner$CommandLineProgressMonitor - Completed (53%)
2024-10-23 03:16:18 INFO: 03:16:18.482 [main] [INFO ] q.l.p.CommandLineTaskRunner$CommandLineProgressMonitor - Completed (54%)
2024-10-23 03:16:18 INFO: 03:16:18.570 [main] [INFO ] q.l.p.CommandLineTaskRunner$CommandLineProgressMonitor - Completed (55%)
2024-10-23 03:16:18 INFO: 03:16:18.670 [main] [INFO ] q.l.p.CommandLineTaskRunner$CommandLineProgressMonitor - Completed (56%)
2024-10-23 03:16:18 INFO: 03:16:18.762 [main] [INFO ] q.l.p.CommandLineTaskRunner$CommandLineProgressMonitor - Completed (57%)
2024-10-23 03:16:18 INFO: 03:16:18.850 [main] [INFO ] q.l.p.CommandLineTaskRunner$CommandLineProgressMonitor - Completed (58%)
2024-10-23 03:16:18 INFO: 03:16:18.943 [main] [INFO ] q.l.p.CommandLineTaskRunner$CommandLineProgressMonitor - Completed (59%)
2024-10-23 03:16:19 INFO: 03:16:19.036 [main] [INFO ] q.l.p.CommandLineTaskRunner$CommandLineProgressMonitor - Completed (60%)
2024-10-23 03:16:19 INFO: 03:16:19.126 [main] [INFO ] q.l.p.CommandLineTaskRunner$CommandLineProgressMonitor - Completed (61%)
2024-10-23 03:16:19 INFO: 03:16:19.229 [main] [INFO ] q.l.p.CommandLineTaskRunner$CommandLineProgressMonitor - Completed (62%)
2024-10-23 03:16:19 INFO: 03:16:19.329 [main] [INFO ] q.l.p.CommandLineTaskRunner$CommandLineProgressMonitor - Completed (63%)
2024-10-23 03:16:19 INFO: 03:16:19.454 [main] [INFO ] q.l.p.CommandLineTaskRunner$CommandLineProgressMonitor - Completed (64%)
2024-10-23 03:16:19 INFO: 03:16:19.549 [main] [INFO ] q.l.p.CommandLineTaskRunner$CommandLineProgressMonitor - Completed (65%)
2024-10-23 03:16:19 INFO: 03:16:19.659 [main] [INFO ] q.l.p.CommandLineTaskRunner$CommandLineProgressMonitor - Completed (66%)
2024-10-23 03:16:19 INFO: 03:16:19.756 [main] [INFO ] q.l.p.CommandLineTaskRunner$CommandLineProgressMonitor - Completed (67%)
2024-10-23 03:16:19 INFO: 03:16:19.849 [main] [INFO ] q.l.p.CommandLineTaskRunner$CommandLineProgressMonitor - Completed (68%)
2024-10-23 03:16:19 INFO: 03:16:19.948 [main] [INFO ] q.l.p.CommandLineTaskRunner$CommandLineProgressMonitor - Completed (69%)
2024-10-23 03:16:20 INFO: 03:16:20.039 [main] [INFO ] q.l.p.CommandLineTaskRunner$CommandLineProgressMonitor - Completed (70%)
2024-10-23 03:16:20 INFO: 03:16:20.132 [main] [INFO ] q.l.p.CommandLineTaskRunner$CommandLineProgressMonitor - Completed (71%)
2024-10-23 03:16:20 INFO: 03:16:20.225 [main] [INFO ] q.l.p.CommandLineTaskRunner$CommandLineProgressMonitor - Completed (72%)
2024-10-23 03:16:20 INFO: 03:16:20.314 [main] [INFO ] q.l.p.CommandLineTaskRunner$CommandLineProgressMonitor - Completed (73%)
2024-10-23 03:16:20 INFO: 03:16:20.408 [main] [INFO ] q.l.p.CommandLineTaskRunner$CommandLineProgressMonitor - Completed (74%)
2024-10-23 03:16:20 INFO: 03:16:20.520 [main] [INFO ] q.l.p.CommandLineTaskRunner$CommandLineProgressMonitor - Completed (75%)
2024-10-23 03:16:20 INFO: 03:16:20.658 [main] [INFO ] q.l.p.CommandLineTaskRunner$CommandLineProgressMonitor - Completed (76%)
2024-10-23 03:16:20 INFO: 03:16:20.806 [main] [INFO ] q.l.p.CommandLineTaskRunner$CommandLineProgressMonitor - Completed (77%)
2024-10-23 03:16:20 INFO: 03:16:20.951 [main] [INFO ] q.l.p.CommandLineTaskRunner$CommandLineProgressMonitor - Completed (78%)
2024-10-23 03:16:21 INFO: 03:16:21.098 [main] [INFO ] q.l.p.CommandLineTaskRunner$CommandLineProgressMonitor - Completed (79%)
2024-10-23 03:16:21 INFO: 03:16:21.390 [main] [INFO ] q.l.p.CommandLineTaskRunner$CommandLineProgressMonitor - Completed (80%)
2024-10-23 03:16:21 INFO: 03:16:21.490 [main] [INFO ] q.l.p.CommandLineTaskRunner$CommandLineProgressMonitor - Completed (81%)
2024-10-23 03:16:21 INFO: 03:16:21.618 [main] [INFO ] q.l.p.CommandLineTaskRunner$CommandLineProgressMonitor - Completed (82%)
2024-10-23 03:16:21 INFO: 03:16:21.723 [main] [INFO ] q.l.p.CommandLineTaskRunner$CommandLineProgressMonitor - Completed (83%)
2024-10-23 03:16:21 INFO: 03:16:21.820 [main] [INFO ] q.l.p.CommandLineTaskRunner$CommandLineProgressMonitor - Completed (84%)
2024-10-23 03:16:21 INFO: 03:16:21.911 [main] [INFO ] q.l.p.CommandLineTaskRunner$CommandLineProgressMonitor - Completed (85%)
2024-10-23 03:16:22 INFO: 03:16:22.002 [main] [INFO ] q.l.p.CommandLineTaskRunner$CommandLineProgressMonitor - Completed (86%)
2024-10-23 03:16:22 INFO: 03:16:22.092 [main] [INFO ] q.l.p.CommandLineTaskRunner$CommandLineProgressMonitor - Completed (87%)
2024-10-23 03:16:22 INFO: 03:16:22.184 [main] [INFO ] q.l.p.CommandLineTaskRunner$CommandLineProgressMonitor - Completed (88%)
2024-10-23 03:16:22 INFO: 03:16:22.274 [main] [INFO ] q.l.p.CommandLineTaskRunner$CommandLineProgressMonitor - Completed (89%)
2024-10-23 03:16:22 INFO: 03:16:22.370 [main] [INFO ] q.l.p.CommandLineTaskRunner$CommandLineProgressMonitor - Completed (90%)
2024-10-23 03:16:22 INFO: 03:16:22.463 [main] [INFO ] q.l.p.CommandLineTaskRunner$CommandLineProgressMonitor - Completed (91%)
2024-10-23 03:16:22 INFO: 03:16:22.549 [main] [INFO ] q.l.p.CommandLineTaskRunner$CommandLineProgressMonitor - Completed (92%)
2024-10-23 03:16:22 INFO: 03:16:22.651 [main] [INFO ] q.l.p.CommandLineTaskRunner$CommandLineProgressMonitor - Completed (93%)
2024-10-23 03:16:22 INFO: 03:16:22.742 [main] [INFO ] q.l.p.CommandLineTaskRunner$CommandLineProgressMonitor - Completed (94%)
2024-10-23 03:16:22 INFO: 03:16:22.831 [main] [INFO ] q.l.p.CommandLineTaskRunner$CommandLineProgressMonitor - Completed (95%)
2024-10-23 03:16:22 INFO: 03:16:22.918 [main] [INFO ] q.l.p.CommandLineTaskRunner$CommandLineProgressMonitor - Completed (96%)
2024-10-23 03:16:23 INFO: 03:16:23.017 [main] [INFO ] q.l.p.CommandLineTaskRunner$CommandLineProgressMonitor - Completed (97%)
2024-10-23 03:16:23 INFO: 03:16:23.124 [main] [INFO ] q.l.p.CommandLineTaskRunner$CommandLineProgressMonitor - Completed (98%)
2024-10-23 03:16:23 INFO: 03:16:23.217 [main] [INFO ] q.l.p.CommandLineTaskRunner$CommandLineProgressMonitor - Completed (99%)
2024-10-23 03:16:23 INFO: 03:16:23.310 [main] [INFO ] q.l.p.CommandLineTaskRunner$CommandLineProgressMonitor - Completed (100%)
2024-10-23 03:17:17 INFO: 03:17:17.276 [main] [INFO ] q.l.p.CommandLineTaskRunner$CommandLineProgressMonitor - Completed (100%)
2024-10-23 03:17:17 INFO: 03:17:17.278 [main] [INFO ] q.l.p.CommandLineTaskRunner$CommandLineProgressMonitor - Processing complete in 67.71 seconds
2024-10-23 03:17:17 INFO: 03:17:17.278 [main] [INFO ] q.l.p.CommandLineTaskRunner$CommandLineProgressMonitor - Tasks completed!
2024-10-23 03:19:13 INFO: 03:19:13.663 [task-runner-6-1] [WARN ] q.o.features.DelaunayTriangulation - Some objects have missing measurements! Statistics will calculated only for objects with measurements available.
2024-10-23 03:19:13 INFO: 03:19:13.664 [task-runner-6-1] [WARN ] q.o.features.DelaunayTriangulation - Missing measurements: [ROI: 1.00 m per pixel: Residual: Haralick Correlation (F2), ROI: 1.00 m per pixel: Residual: Haralick Information measure of correlation 1 (F11), ROI: 1.00 m per pixel: Residual: Haralick Information measure of correlation 2 (F12)]
2024-10-23 03:19:13 INFO: 03:19:13.687 [main] [INFO ] q.l.p.CommandLineTaskRunner$CommandLineProgressMonitor - Delaunay triangulation calculated for Annotation (194059 objects) (100%)
2024-10-23 03:19:13 INFO: 03:19:13.688 [main] [INFO ] q.l.p.CommandLineTaskRunner$CommandLineProgressMonitor - Processing complete in 116.36 seconds
2024-10-23 03:19:13 INFO: 03:19:13.688 [main] [INFO ] q.l.p.CommandLineTaskRunner$CommandLineProgressMonitor - Tasks completed!
2024-10-23 03:21:25 INFO: TCGA-GI-A2C8-01Z-00-DX1.09BD8AC9-645A-4C8B-9B36-77D833BDBA09
2024-10-23 03:21:25 INFO: QuPath subprocess completed.
2024-10-23 03:21:35 INFO: QuPath image extraction completed successfully. Output directory: /home/ilants/Documents/jupyter_test/single_image_multiple_params/exp_maxAreaMicrons_60.0
2024-10-23 03:21:35 INFO: Summary table saved to: /home/ilants/Documents/jupyter_test/single_image_multiple_params/exp_maxAreaMicrons_60.0/Summary_Table.csv
2024-10-23 03:21:35 INFO: Experiment completed successfully.
