2024-10-23 01:07:51 INFO: Starting experiment with for sigmaMicrons with value of 1.25
2024-10-23 01:07:51 INFO: Running with the following configuration:
{'detectionImageBrightfield': 'Hematoxylin OD', 'requestedPixelSizeMicrons': 0.5, 'backgroundRadiusMicrons': 4.0, 'backgroundByReconstruction': True, 'medianRadiusMicrons': 0.0, 'sigmaMicrons': 1.25, 'minAreaMicrons': 10.0, 'maxAreaMicrons': 80.0, 'threshold': 0.1, 'maxBackground': 2.0, 'watershedPostProcess': True, 'cellExpansionMicrons': 5.0, 'includeNuclei': True, 'smoothBoundaries': True, 'makeMeasurements': True, 'backgroundRadiusPixel': 8.0, 'cellExpansionPixel': 10.0, 'medianRadiusPixel': 0.0, 'minAreaPixel': 20.0, 'maxAreaPixel': 160.0}
2024-10-23 01:07:51 INFO: Starting QuPath image extraction with the following parameters: image_dir=/home/ilants/Documents/jupyter_test, output_dir=/home/ilants/Documents/jupyter_test/single_image_multiple_params/exp_sigmaMicrons_1.25, image_type=svs, groovy_script=/home/ilants/Documents/utls/nucleus_detection_wargs.groovy, config_file=/home/ilants/Documents/jupyter_test/single_image_multiple_params/exp_sigmaMicrons_1.25/cfg.json, program_path=/home/ilants/Documents/QuPath-v0.5.1-Linux/QuPath/bin/QuPath
2024-10-23 01:07:52 INFO: 01:07:52.090 [main] [INFO ] qupath.lib.gui.prefs.PathPrefs - Setting default Locale to en_US
2024-10-23 01:07:52 INFO: 01:07:52.093 [main] [INFO ] qupath.lib.gui.prefs.PathPrefs - Setting Locale for FORMAT to en_US
2024-10-23 01:07:52 INFO: 01:07:52.094 [main] [INFO ] qupath.lib.gui.prefs.PathPrefs - Setting Locale for DISPLAY to en_US
2024-10-23 01:07:52 INFO: 01:07:52.107 [main] [INFO ] qupath.lib.common.ThreadTools - Setting parallelism to 63
2024-10-23 01:07:52 INFO: 01:07:52.125 [main] [INFO ] qupath.ScriptCommand - Setting tile cache size to 32200.00 MB (25.0% max memory)
2024-10-23 01:07:52 INFO: 01:07:52.172 [main] [INFO ] qupath.lib.scripting.QP - Initializing type adapters
2024-10-23 01:07:52 INFO: Warning: Versions of org.bytedeco:javacpp:1.5.9 and org.bytedeco:opencv:4.6.0-1.5.8 do not match.
2024-10-23 01:07:52 INFO: Warning: Versions of org.bytedeco:javacpp:1.5.9 and org.bytedeco:openblas:0.3.21-1.5.8 do not match.
2024-10-23 01:07:53 INFO: project parameters are: {"detectionImageBrightfield": "Hematoxylin OD","requestedPixelSizeMicrons": 0.5,"backgroundRadiusMicrons": 4.0,"backgroundByReconstruction": true,"medianRadiusMicrons": 0.0,"sigmaMicrons": 1.25,"minAreaMicrons": 10.0,"maxAreaMicrons": 80.0,"threshold": 0.1,"maxBackground": 2.0,"watershedPostProcess": true,"cellExpansionMicrons": 5.0,"includeNuclei": true,"smoothBoundaries": true,"makeMeasurements": true,"backgroundRadiusPixel": 8.0,"cellExpansionPixel": 10.0,"medianRadiusPixel": 0.0,"minAreaPixel": 20.0,"maxAreaPixel": 160.0}
2024-10-23 01:07:53 INFO: New project created at: /home/ilants/Documents/jupyter_test/single_image_multiple_params/exp_sigmaMicrons_1.25/QPProject
2024-10-23 01:07:53 INFO: Added: /home/ilants/Documents/jupyter_test/TCGA-GI-A2C8-01Z-00-DX1.09BD8AC9-645A-4C8B-9B36-77D833BDBA09.svs
2024-10-23 01:07:53 INFO: /home/ilants/Documents/jupyter_test/TCGA-GI-A2C8-01Z-00-DX1.09BD8AC9-645A-4C8B-9B36-77D833BDBA09.svs
2024-10-23 01:07:54 INFO: 01:07:54.085 [main] [INFO ] q.l.i.s.b.BioFormatsServerOptions - Setting max Bio-Formats readers to 32
2024-10-23 01:07:54 INFO: UriImageSupport (class qupath.lib.images.servers.bioformats.BioFormatsServerBuilder) support=3.0, builders=1
2024-10-23 01:07:54 INFO: true
2024-10-23 01:07:54 INFO: 01:07:54.799 [main] [WARN ] qupath.lib.scripting.QP - createSelectAllObject(boolean) is deprecated, use createFullImageAnnotation(boolean) instead
2024-10-23 01:07:54 INFO: 01:07:54.799 [main] [WARN ] qupath.lib.scripting.QP - createSelectAllObject(boolean, int, int) is deprecated, use createFullImageAnnotation(boolean, int, int) instead
2024-10-23 01:07:54 INFO: 01:07:54.809 [main] [WARN ] q.l.plugins.parameters.ParameterList - Unable to set parameter backgroundRadiusPixel with value 8.0
2024-10-23 01:07:54 INFO: 01:07:54.809 [main] [WARN ] q.l.plugins.parameters.ParameterList - Unable to set parameter cellExpansionPixel with value 10.0
2024-10-23 01:07:54 INFO: 01:07:54.809 [main] [WARN ] q.l.plugins.parameters.ParameterList - Unable to set parameter medianRadiusPixel with value 0.0
2024-10-23 01:07:54 INFO: 01:07:54.809 [main] [WARN ] q.l.plugins.parameters.ParameterList - Unable to set parameter minAreaPixel with value 20.0
2024-10-23 01:07:54 INFO: 01:07:54.809 [main] [WARN ] q.l.plugins.parameters.ParameterList - Unable to set parameter maxAreaPixel with value 160.0
2024-10-23 01:08:06 INFO: 01:08:06.228 [task-runner-1-12] [INFO ] q.lib.plugins.DetectionPluginTools - 0 nuclei detected (processing time: 11.29 seconds)
2024-10-23 01:08:06 INFO: 01:08:06.228 [task-runner-1-4] [INFO ] q.lib.plugins.DetectionPluginTools - 0 nuclei detected (processing time: 11.29 seconds)
2024-10-23 01:08:06 INFO: 01:08:06.234 [main] [INFO ] q.l.p.CommandLineTaskRunner$CommandLineProgressMonitor - 0 nuclei detected (1%)
2024-10-23 01:08:06 INFO: 01:08:06.247 [task-runner-1-3] [INFO ] q.lib.plugins.DetectionPluginTools - 0 nuclei detected (processing time: 11.31 seconds)
2024-10-23 01:08:06 INFO: 01:08:06.248 [main] [INFO ] q.l.p.CommandLineTaskRunner$CommandLineProgressMonitor - 0 nuclei detected (2%)
2024-10-23 01:08:06 INFO: 01:08:06.298 [task-runner-1-16] [INFO ] q.lib.plugins.DetectionPluginTools - 0 nuclei detected (processing time: 11.36 seconds)
2024-10-23 01:08:06 INFO: 01:08:06.299 [main] [INFO ] q.l.p.CommandLineTaskRunner$CommandLineProgressMonitor - 0 nuclei detected (3%)
2024-10-23 01:08:06 INFO: 01:08:06.709 [task-runner-1-9] [INFO ] q.lib.plugins.DetectionPluginTools - 0 nuclei detected (processing time: 11.77 seconds)
2024-10-23 01:08:07 INFO: 01:08:07.103 [task-runner-1-48] [INFO ] q.lib.plugins.DetectionPluginTools - 0 nuclei detected (processing time: 12.16 seconds)
2024-10-23 01:08:07 INFO: 01:08:07.103 [main] [INFO ] q.l.p.CommandLineTaskRunner$CommandLineProgressMonitor - 0 nuclei detected (4%)
2024-10-23 01:08:08 INFO: 01:08:08.200 [task-runner-1-32] [INFO ] q.lib.plugins.DetectionPluginTools - 0 nuclei detected (processing time: 13.26 seconds)
2024-10-23 01:08:08 INFO: 01:08:08.205 [task-runner-1-1] [INFO ] q.lib.plugins.DetectionPluginTools - 1 nucleus detected (processing time: 13.27 seconds)
2024-10-23 01:08:08 INFO: 01:08:08.205 [task-runner-1-17] [INFO ] q.lib.plugins.DetectionPluginTools - 1 nucleus detected (processing time: 13.27 seconds)
2024-10-23 01:08:08 INFO: 01:08:08.206 [main] [INFO ] q.l.p.CommandLineTaskRunner$CommandLineProgressMonitor - 1 nucleus detected (5%)
2024-10-23 01:08:08 INFO: 01:08:08.206 [main] [INFO ] q.l.p.CommandLineTaskRunner$CommandLineProgressMonitor - 1 nucleus detected (6%)
2024-10-23 01:08:08 INFO: 01:08:08.207 [task-runner-1-11] [INFO ] q.lib.plugins.DetectionPluginTools - 1 nucleus detected (processing time: 13.27 seconds)
2024-10-23 01:08:08 INFO: 01:08:08.214 [task-runner-1-27] [INFO ] q.lib.plugins.DetectionPluginTools - 1 nucleus detected (processing time: 13.27 seconds)
2024-10-23 01:08:08 INFO: 01:08:08.214 [task-runner-1-8] [INFO ] q.lib.plugins.DetectionPluginTools - 1 nucleus detected (processing time: 13.28 seconds)
2024-10-23 01:08:08 INFO: 01:08:08.214 [main] [INFO ] q.l.p.CommandLineTaskRunner$CommandLineProgressMonitor - 1 nucleus detected (7%)
2024-10-23 01:08:08 INFO: 01:08:08.214 [main] [INFO ] q.l.p.CommandLineTaskRunner$CommandLineProgressMonitor - 1 nucleus detected (8%)
2024-10-23 01:08:08 INFO: 01:08:08.216 [task-runner-1-2] [INFO ] q.lib.plugins.DetectionPluginTools - 3 nuclei detected (processing time: 13.28 seconds)
2024-10-23 01:08:08 INFO: 01:08:08.216 [main] [INFO ] q.l.p.CommandLineTaskRunner$CommandLineProgressMonitor - 3 nuclei detected (8%)
2024-10-23 01:08:08 INFO: 01:08:08.221 [task-runner-1-10] [INFO ] q.lib.plugins.DetectionPluginTools - 1 nucleus detected (processing time: 13.28 seconds)
2024-10-23 01:08:08 INFO: 01:08:08.222 [main] [INFO ] q.l.p.CommandLineTaskRunner$CommandLineProgressMonitor - 1 nucleus detected (9%)
2024-10-23 01:08:08 INFO: 01:08:08.223 [task-runner-1-30] [INFO ] q.lib.plugins.DetectionPluginTools - 1 nucleus detected (processing time: 13.28 seconds)
2024-10-23 01:08:08 INFO: 01:08:08.230 [task-runner-1-7] [INFO ] q.lib.plugins.DetectionPluginTools - 0 nuclei detected (processing time: 13.27 seconds)
2024-10-23 01:08:08 INFO: 01:08:08.232 [main] [INFO ] q.l.p.CommandLineTaskRunner$CommandLineProgressMonitor - 0 nuclei detected (10%)
2024-10-23 01:08:08 INFO: 01:08:08.235 [task-runner-1-29] [INFO ] q.lib.plugins.DetectionPluginTools - 7 nuclei detected (processing time: 13.29 seconds)
2024-10-23 01:08:08 INFO: 01:08:08.236 [main] [INFO ] q.l.p.CommandLineTaskRunner$CommandLineProgressMonitor - 7 nuclei detected (11%)
2024-10-23 01:08:08 INFO: 01:08:08.242 [task-runner-1-13] [INFO ] q.lib.plugins.DetectionPluginTools - 9 nuclei detected (processing time: 13.31 seconds)
2024-10-23 01:08:08 INFO: 01:08:08.243 [task-runner-1-47] [INFO ] q.lib.plugins.DetectionPluginTools - 7 nuclei detected (processing time: 13.30 seconds)
2024-10-23 01:08:08 INFO: 01:08:08.243 [main] [INFO ] q.l.p.CommandLineTaskRunner$CommandLineProgressMonitor - 9 nuclei detected (11%)
2024-10-23 01:08:08 INFO: 01:08:08.243 [main] [INFO ] q.l.p.CommandLineTaskRunner$CommandLineProgressMonitor - 7 nuclei detected (12%)
2024-10-23 01:08:08 INFO: 01:08:08.243 [task-runner-1-15] [INFO ] q.lib.plugins.DetectionPluginTools - 1 nucleus detected (processing time: 13.31 seconds)
2024-10-23 01:08:08 INFO: 01:08:08.243 [main] [INFO ] q.l.p.CommandLineTaskRunner$CommandLineProgressMonitor - 1 nucleus detected (13%)
2024-10-23 01:08:08 INFO: 01:08:08.244 [task-runner-1-31] [INFO ] q.lib.plugins.DetectionPluginTools - 17 nuclei detected (processing time: 13.30 seconds)
2024-10-23 01:08:08 INFO: 01:08:08.245 [main] [INFO ] q.l.p.CommandLineTaskRunner$CommandLineProgressMonitor - 17 nuclei detected (13%)
2024-10-23 01:08:08 INFO: 01:08:08.252 [task-runner-1-14] [INFO ] q.lib.plugins.DetectionPluginTools - 4 nuclei detected (processing time: 13.31 seconds)
2024-10-23 01:08:08 INFO: 01:08:08.252 [main] [INFO ] q.l.p.CommandLineTaskRunner$CommandLineProgressMonitor - 4 nuclei detected (14%)
2024-10-23 01:08:08 INFO: 01:08:08.266 [task-runner-1-6] [INFO ] q.lib.plugins.DetectionPluginTools - 7 nuclei detected (processing time: 13.33 seconds)
2024-10-23 01:08:08 INFO: 01:08:08.267 [main] [INFO ] q.l.p.CommandLineTaskRunner$CommandLineProgressMonitor - 7 nuclei detected (14%)
2024-10-23 01:08:08 INFO: 01:08:08.338 [task-runner-1-28] [INFO ] q.lib.plugins.DetectionPluginTools - 27 nuclei detected (processing time: 13.40 seconds)
2024-10-23 01:08:08 INFO: 01:08:08.340 [main] [INFO ] q.l.p.CommandLineTaskRunner$CommandLineProgressMonitor - 27 nuclei detected (15%)
2024-10-23 01:08:08 INFO: 01:08:08.548 [task-runner-1-5] [INFO ] q.lib.plugins.DetectionPluginTools - 62 nuclei detected (processing time: 13.61 seconds)
2024-10-23 01:08:08 INFO: 01:08:08.549 [main] [INFO ] q.l.p.CommandLineTaskRunner$CommandLineProgressMonitor - 62 nuclei detected (16%)
2024-10-23 01:08:08 INFO: 01:08:08.584 [task-runner-1-26] [INFO ] q.lib.plugins.DetectionPluginTools - 54 nuclei detected (processing time: 13.64 seconds)
2024-10-23 01:08:08 INFO: 01:08:08.585 [main] [INFO ] q.l.p.CommandLineTaskRunner$CommandLineProgressMonitor - 54 nuclei detected (16%)
2024-10-23 01:08:08 INFO: 01:08:08.590 [task-runner-1-46] [INFO ] q.lib.plugins.DetectionPluginTools - 66 nuclei detected (processing time: 13.65 seconds)
2024-10-23 01:08:08 INFO: 01:08:08.591 [main] [INFO ] q.l.p.CommandLineTaskRunner$CommandLineProgressMonitor - 66 nuclei detected (17%)
2024-10-23 01:08:08 INFO: 01:08:08.595 [task-runner-1-45] [INFO ] q.lib.plugins.DetectionPluginTools - 130 nuclei detected (processing time: 13.65 seconds)
2024-10-23 01:08:08 INFO: 01:08:08.596 [main] [INFO ] q.l.p.CommandLineTaskRunner$CommandLineProgressMonitor - 130 nuclei detected (18%)
2024-10-23 01:08:08 INFO: 01:08:08.613 [task-runner-1-49] [INFO ] q.lib.plugins.DetectionPluginTools - 146 nuclei detected (processing time: 13.67 seconds)
2024-10-23 01:08:08 INFO: 01:08:08.635 [main] [INFO ] q.l.p.CommandLineTaskRunner$CommandLineProgressMonitor - 146 nuclei detected (18%)
2024-10-23 01:08:08 INFO: 01:08:08.640 [task-runner-1-19] [INFO ] q.lib.plugins.DetectionPluginTools - 150 nuclei detected (processing time: 13.70 seconds)
2024-10-23 01:08:08 INFO: 01:08:08.640 [main] [INFO ] q.l.p.CommandLineTaskRunner$CommandLineProgressMonitor - 150 nuclei detected (19%)
2024-10-23 01:08:08 INFO: 01:08:08.668 [task-runner-1-63] [INFO ] q.lib.plugins.DetectionPluginTools - 166 nuclei detected (processing time: 13.72 seconds)
2024-10-23 01:08:08 INFO: 01:08:08.671 [main] [INFO ] q.l.p.CommandLineTaskRunner$CommandLineProgressMonitor - 166 nuclei detected (19%)
2024-10-23 01:08:08 INFO: 01:08:08.702 [task-runner-1-33] [INFO ] q.lib.plugins.DetectionPluginTools - 244 nuclei detected (processing time: 13.75 seconds)
2024-10-23 01:08:08 INFO: 01:08:08.710 [main] [INFO ] q.l.p.CommandLineTaskRunner$CommandLineProgressMonitor - 244 nuclei detected (20%)
2024-10-23 01:08:08 INFO: 01:08:08.724 [task-runner-1-18] [INFO ] q.lib.plugins.DetectionPluginTools - 240 nuclei detected (processing time: 13.79 seconds)
2024-10-23 01:08:08 INFO: 01:08:08.724 [main] [INFO ] q.l.p.CommandLineTaskRunner$CommandLineProgressMonitor - 240 nuclei detected (21%)
2024-10-23 01:08:08 INFO: 01:08:08.733 [task-runner-1-62] [INFO ] q.lib.plugins.DetectionPluginTools - 243 nuclei detected (processing time: 13.78 seconds)
2024-10-23 01:08:08 INFO: 01:08:08.734 [main] [INFO ] q.l.p.CommandLineTaskRunner$CommandLineProgressMonitor - 243 nuclei detected (21%)
2024-10-23 01:08:08 INFO: 01:08:08.741 [task-runner-1-61] [INFO ] q.lib.plugins.DetectionPluginTools - 258 nuclei detected (processing time: 13.79 seconds)
2024-10-23 01:08:08 INFO: 01:08:08.743 [main] [INFO ] q.l.p.CommandLineTaskRunner$CommandLineProgressMonitor - 258 nuclei detected (22%)
2024-10-23 01:08:08 INFO: 01:08:08.771 [task-runner-1-25] [INFO ] q.lib.plugins.DetectionPluginTools - 370 nuclei detected (processing time: 13.83 seconds)
2024-10-23 01:08:08 INFO: 01:08:08.773 [main] [INFO ] q.l.p.CommandLineTaskRunner$CommandLineProgressMonitor - 370 nuclei detected (23%)
2024-10-23 01:08:08 INFO: 01:08:08.778 [task-runner-1-35] [INFO ] q.lib.plugins.DetectionPluginTools - 310 nuclei detected (processing time: 13.84 seconds)
2024-10-23 01:08:08 INFO: 01:08:08.779 [main] [INFO ] q.l.p.CommandLineTaskRunner$CommandLineProgressMonitor - 310 nuclei detected (23%)
2024-10-23 01:08:08 INFO: 01:08:08.798 [task-runner-1-44] [INFO ] q.lib.plugins.DetectionPluginTools - 328 nuclei detected (processing time: 13.85 seconds)
2024-10-23 01:08:08 INFO: 01:08:08.799 [main] [INFO ] q.l.p.CommandLineTaskRunner$CommandLineProgressMonitor - 328 nuclei detected (24%)
2024-10-23 01:08:08 INFO: 01:08:08.827 [task-runner-1-34] [INFO ] q.lib.plugins.DetectionPluginTools - 419 nuclei detected (processing time: 13.88 seconds)
2024-10-23 01:08:08 INFO: 01:08:08.828 [main] [INFO ] q.l.p.CommandLineTaskRunner$CommandLineProgressMonitor - 419 nuclei detected (24%)
2024-10-23 01:08:08 INFO: 01:08:08.842 [task-runner-1-50] [INFO ] q.lib.plugins.DetectionPluginTools - 344 nuclei detected (processing time: 13.90 seconds)
2024-10-23 01:08:08 INFO: 01:08:08.844 [main] [INFO ] q.l.p.CommandLineTaskRunner$CommandLineProgressMonitor - 344 nuclei detected (25%)
2024-10-23 01:08:08 INFO: 01:08:08.861 [task-runner-1-20] [INFO ] q.lib.plugins.DetectionPluginTools - 664 nuclei detected (processing time: 13.92 seconds)
2024-10-23 01:08:08 INFO: 01:08:08.862 [main] [INFO ] q.l.p.CommandLineTaskRunner$CommandLineProgressMonitor - 664 nuclei detected (26%)
2024-10-23 01:08:11 INFO: 01:08:11.754 [task-runner-1-51] [INFO ] q.lib.plugins.DetectionPluginTools - 933 nuclei detected (processing time: 16.81 seconds)
2024-10-23 01:08:11 INFO: 01:08:11.755 [main] [INFO ] q.l.p.CommandLineTaskRunner$CommandLineProgressMonitor - 933 nuclei detected (26%)
2024-10-23 01:08:11 INFO: 01:08:11.783 [task-runner-1-24] [INFO ] q.lib.plugins.DetectionPluginTools - 988 nuclei detected (processing time: 16.84 seconds)
2024-10-23 01:08:11 INFO: 01:08:11.784 [main] [INFO ] q.l.p.CommandLineTaskRunner$CommandLineProgressMonitor - 988 nuclei detected (27%)
2024-10-23 01:08:11 INFO: 01:08:11.857 [task-runner-1-43] [INFO ] q.lib.plugins.DetectionPluginTools - 1089 nuclei detected (processing time: 16.91 seconds)
2024-10-23 01:08:11 INFO: 01:08:11.859 [main] [INFO ] q.l.p.CommandLineTaskRunner$CommandLineProgressMonitor - 1089 nuclei detected (28%)
2024-10-23 01:08:11 INFO: 01:08:11.876 [task-runner-1-23] [INFO ] q.lib.plugins.DetectionPluginTools - 1020 nuclei detected (processing time: 16.94 seconds)
2024-10-23 01:08:11 INFO: 01:08:11.883 [main] [INFO ] q.l.p.CommandLineTaskRunner$CommandLineProgressMonitor - 1020 nuclei detected (28%)
2024-10-23 01:08:11 INFO: 01:08:11.917 [task-runner-1-60] [INFO ] q.lib.plugins.DetectionPluginTools - 1226 nuclei detected (processing time: 16.97 seconds)
2024-10-23 01:08:11 INFO: 01:08:11.918 [main] [INFO ] q.l.p.CommandLineTaskRunner$CommandLineProgressMonitor - 1226 nuclei detected (29%)
2024-10-23 01:08:11 INFO: 01:08:11.923 [task-runner-1-4] [INFO ] q.lib.plugins.DetectionPluginTools - 1 nucleus detected (processing time: 5.69 seconds)
2024-10-23 01:08:11 INFO: 01:08:11.924 [main] [INFO ] q.l.p.CommandLineTaskRunner$CommandLineProgressMonitor - 1 nucleus detected (29%)
2024-10-23 01:08:11 INFO: 01:08:11.948 [task-runner-1-22] [INFO ] q.lib.plugins.DetectionPluginTools - 1435 nuclei detected (processing time: 17.01 seconds)
2024-10-23 01:08:11 INFO: 01:08:11.949 [main] [INFO ] q.l.p.CommandLineTaskRunner$CommandLineProgressMonitor - 1435 nuclei detected (30%)
2024-10-23 01:08:13 INFO: 01:08:13.960 [task-runner-1-3] [INFO ] q.lib.plugins.DetectionPluginTools - 390 nuclei detected (processing time: 7.71 seconds)
2024-10-23 01:08:13 INFO: 01:08:13.961 [main] [INFO ] q.l.p.CommandLineTaskRunner$CommandLineProgressMonitor - 390 nuclei detected (31%)
2024-10-23 01:08:13 INFO: 01:08:13.980 [task-runner-1-12] [INFO ] q.lib.plugins.DetectionPluginTools - 126 nuclei detected (processing time: 7.75 seconds)
2024-10-23 01:08:13 INFO: 01:08:13.981 [main] [INFO ] q.l.p.CommandLineTaskRunner$CommandLineProgressMonitor - 126 nuclei detected (31%)
2024-10-23 01:08:14 INFO: 01:08:14.472 [task-runner-1-36] [INFO ] q.lib.plugins.DetectionPluginTools - 2150 nuclei detected (processing time: 19.53 seconds)
2024-10-23 01:08:14 INFO: 01:08:14.475 [main] [INFO ] q.l.p.CommandLineTaskRunner$CommandLineProgressMonitor - 2150 nuclei detected (32%)
2024-10-23 01:08:14 INFO: 01:08:14.667 [task-runner-1-40] [INFO ] q.lib.plugins.DetectionPluginTools - 2251 nuclei detected (processing time: 19.72 seconds)
2024-10-23 01:08:14 INFO: 01:08:14.669 [main] [INFO ] q.l.p.CommandLineTaskRunner$CommandLineProgressMonitor - 2251 nuclei detected (33%)
2024-10-23 01:08:14 INFO: 01:08:14.694 [task-runner-1-29] [INFO ] q.lib.plugins.DetectionPluginTools - 0 nuclei detected (processing time: 6.46 seconds)
2024-10-23 01:08:14 INFO: 01:08:14.695 [main] [INFO ] q.l.p.CommandLineTaskRunner$CommandLineProgressMonitor - 0 nuclei detected (33%)
2024-10-23 01:08:14 INFO: 01:08:14.905 [task-runner-1-21] [INFO ] q.lib.plugins.DetectionPluginTools - 3785 nuclei detected (processing time: 19.97 seconds)
2024-10-23 01:08:14 INFO: 01:08:14.906 [main] [INFO ] q.l.p.CommandLineTaskRunner$CommandLineProgressMonitor - 3785 nuclei detected (34%)
2024-10-23 01:08:15 INFO: 01:08:15.206 [task-runner-1-16] [INFO ] q.lib.plugins.DetectionPluginTools - 553 nuclei detected (processing time: 8.91 seconds)
2024-10-23 01:08:15 INFO: 01:08:15.207 [main] [INFO ] q.l.p.CommandLineTaskRunner$CommandLineProgressMonitor - 553 nuclei detected (34%)
2024-10-23 01:08:15 INFO: 01:08:15.490 [task-runner-1-18] [INFO ] q.lib.plugins.DetectionPluginTools - 2 nuclei detected (processing time: 6.77 seconds)
2024-10-23 01:08:15 INFO: 01:08:15.493 [main] [INFO ] q.l.p.CommandLineTaskRunner$CommandLineProgressMonitor - 2 nuclei detected (35%)
2024-10-23 01:08:15 INFO: 01:08:15.580 [task-runner-1-59] [INFO ] q.lib.plugins.DetectionPluginTools - 2952 nuclei detected (processing time: 20.63 seconds)
2024-10-23 01:08:15 INFO: 01:08:15.581 [main] [INFO ] q.l.p.CommandLineTaskRunner$CommandLineProgressMonitor - 2952 nuclei detected (36%)
2024-10-23 01:08:15 INFO: 01:08:15.719 [task-runner-1-13] [INFO ] q.lib.plugins.DetectionPluginTools - 119 nuclei detected (processing time: 7.48 seconds)
2024-10-23 01:08:15 INFO: 01:08:15.720 [main] [INFO ] q.l.p.CommandLineTaskRunner$CommandLineProgressMonitor - 119 nuclei detected (36%)
2024-10-23 01:08:15 INFO: 01:08:15.826 [task-runner-1-52] [INFO ] q.lib.plugins.DetectionPluginTools - 2688 nuclei detected (processing time: 20.88 seconds)
2024-10-23 01:08:15 INFO: 01:08:15.829 [main] [INFO ] q.l.p.CommandLineTaskRunner$CommandLineProgressMonitor - 2688 nuclei detected (37%)
2024-10-23 01:08:16 INFO: 01:08:16.397 [task-runner-1-47] [INFO ] q.lib.plugins.DetectionPluginTools - 158 nuclei detected (processing time: 8.15 seconds)
2024-10-23 01:08:16 INFO: 01:08:16.410 [main] [INFO ] q.l.p.CommandLineTaskRunner$CommandLineProgressMonitor - 158 nuclei detected (38%)
2024-10-23 01:08:16 INFO: 01:08:16.412 [task-runner-1-7] [INFO ] q.lib.plugins.DetectionPluginTools - 255 nuclei detected (processing time: 8.18 seconds)
2024-10-23 01:08:16 INFO: 01:08:16.413 [main] [INFO ] q.l.p.CommandLineTaskRunner$CommandLineProgressMonitor - 255 nuclei detected (38%)
2024-10-23 01:08:16 INFO: 01:08:16.440 [task-runner-1-42] [INFO ] q.lib.plugins.DetectionPluginTools - 2832 nuclei detected (processing time: 21.50 seconds)
2024-10-23 01:08:16 INFO: 01:08:16.441 [main] [INFO ] q.l.p.CommandLineTaskRunner$CommandLineProgressMonitor - 2832 nuclei detected (39%)
2024-10-23 01:08:16 INFO: 01:08:16.653 [task-runner-1-33] [INFO ] q.lib.plugins.DetectionPluginTools - 134 nuclei detected (processing time: 7.95 seconds)
2024-10-23 01:08:16 INFO: 01:08:16.661 [main] [INFO ] q.l.p.CommandLineTaskRunner$CommandLineProgressMonitor - 134 nuclei detected (39%)
2024-10-23 01:08:16 INFO: 01:08:16.934 [task-runner-1-62] [INFO ] q.lib.plugins.DetectionPluginTools - 152 nuclei detected (processing time: 8.20 seconds)
2024-10-23 01:08:16 INFO: 01:08:16.937 [main] [INFO ] q.l.p.CommandLineTaskRunner$CommandLineProgressMonitor - 152 nuclei detected (40%)
2024-10-23 01:08:17 INFO: 01:08:17.119 [task-runner-1-39] [INFO ] q.lib.plugins.DetectionPluginTools - 3147 nuclei detected (processing time: 22.18 seconds)
2024-10-23 01:08:17 INFO: 01:08:17.121 [main] [INFO ] q.l.p.CommandLineTaskRunner$CommandLineProgressMonitor - 3147 nuclei detected (41%)
2024-10-23 01:08:17 INFO: 01:08:17.190 [task-runner-1-41] [INFO ] q.lib.plugins.DetectionPluginTools - 2669 nuclei detected (processing time: 22.25 seconds)
2024-10-23 01:08:17 INFO: 01:08:17.193 [main] [INFO ] q.l.p.CommandLineTaskRunner$CommandLineProgressMonitor - 2669 nuclei detected (41%)
2024-10-23 01:08:17 INFO: 01:08:17.277 [task-runner-1-61] [INFO ] q.lib.plugins.DetectionPluginTools - 166 nuclei detected (processing time: 8.53 seconds)
2024-10-23 01:08:17 INFO: 01:08:17.278 [main] [INFO ] q.l.p.CommandLineTaskRunner$CommandLineProgressMonitor - 166 nuclei detected (42%)
2024-10-23 01:08:17 INFO: 01:08:17.584 [task-runner-1-25] [INFO ] q.lib.plugins.DetectionPluginTools - 278 nuclei detected (processing time: 8.81 seconds)
2024-10-23 01:08:17 INFO: 01:08:17.585 [main] [INFO ] q.l.p.CommandLineTaskRunner$CommandLineProgressMonitor - 278 nuclei detected (43%)
2024-10-23 01:08:18 INFO: 01:08:18.388 [task-runner-1-15] [INFO ] q.lib.plugins.DetectionPluginTools - 836 nuclei detected (processing time: 10.14 seconds)
2024-10-23 01:08:18 INFO: 01:08:18.390 [main] [INFO ] q.l.p.CommandLineTaskRunner$CommandLineProgressMonitor - 836 nuclei detected (43%)
2024-10-23 01:08:18 INFO: 01:08:18.505 [task-runner-1-38] [INFO ] q.lib.plugins.DetectionPluginTools - 4061 nuclei detected (processing time: 23.56 seconds)
2024-10-23 01:08:18 INFO: 01:08:18.506 [main] [INFO ] q.l.p.CommandLineTaskRunner$CommandLineProgressMonitor - 4061 nuclei detected (44%)
2024-10-23 01:08:19 INFO: 01:08:19.055 [task-runner-1-58] [INFO ] q.lib.plugins.DetectionPluginTools - 2881 nuclei detected (processing time: 24.11 seconds)
2024-10-23 01:08:19 INFO: 01:08:19.057 [main] [INFO ] q.l.p.CommandLineTaskRunner$CommandLineProgressMonitor - 2881 nuclei detected (44%)
2024-10-23 01:08:19 INFO: 01:08:19.211 [task-runner-1-22] [INFO ] q.lib.plugins.DetectionPluginTools - 42 nuclei detected (processing time: 7.26 seconds)
2024-10-23 01:08:19 INFO: 01:08:19.229 [main] [INFO ] q.l.p.CommandLineTaskRunner$CommandLineProgressMonitor - 42 nuclei detected (45%)
2024-10-23 01:08:19 INFO: 01:08:19.472 [task-runner-1-30] [INFO ] q.lib.plugins.DetectionPluginTools - 785 nuclei detected (processing time: 11.25 seconds)
2024-10-23 01:08:19 INFO: 01:08:19.474 [main] [INFO ] q.l.p.CommandLineTaskRunner$CommandLineProgressMonitor - 785 nuclei detected (46%)
2024-10-23 01:08:19 INFO: 01:08:19.764 [task-runner-1-37] [INFO ] q.lib.plugins.DetectionPluginTools - 4586 nuclei detected (processing time: 24.82 seconds)
2024-10-23 01:08:19 INFO: 01:08:19.765 [main] [INFO ] q.l.p.CommandLineTaskRunner$CommandLineProgressMonitor - 4586 nuclei detected (46%)
2024-10-23 01:08:19 INFO: 01:08:19.817 [task-runner-1-57] [INFO ] q.lib.plugins.DetectionPluginTools - 3579 nuclei detected (processing time: 24.87 seconds)
2024-10-23 01:08:19 INFO: 01:08:19.818 [main] [INFO ] q.l.p.CommandLineTaskRunner$CommandLineProgressMonitor - 3579 nuclei detected (47%)
2024-10-23 01:08:19 INFO: 01:08:19.918 [task-runner-1-3] [INFO ] q.lib.plugins.DetectionPluginTools - 1 nucleus detected (processing time: 5.96 seconds)
2024-10-23 01:08:19 INFO: 01:08:19.920 [main] [INFO ] q.l.p.CommandLineTaskRunner$CommandLineProgressMonitor - 1 nucleus detected (48%)
2024-10-23 01:08:19 INFO: 01:08:19.993 [task-runner-1-55] [INFO ] q.lib.plugins.DetectionPluginTools - 3475 nuclei detected (processing time: 25.05 seconds)
2024-10-23 01:08:19 INFO: 01:08:19.994 [main] [INFO ] q.l.p.CommandLineTaskRunner$CommandLineProgressMonitor - 3475 nuclei detected (48%)
2024-10-23 01:08:20 INFO: 01:08:20.820 [task-runner-1-54] [INFO ] q.lib.plugins.DetectionPluginTools - 4883 nuclei detected (processing time: 25.87 seconds)
2024-10-23 01:08:20 INFO: 01:08:20.821 [main] [INFO ] q.l.p.CommandLineTaskRunner$CommandLineProgressMonitor - 4883 nuclei detected (49%)
2024-10-23 01:08:21 INFO: 01:08:21.014 [task-runner-1-63] [INFO ] q.lib.plugins.DetectionPluginTools - 873 nuclei detected (processing time: 12.34 seconds)
2024-10-23 01:08:21 INFO: 01:08:21.016 [main] [INFO ] q.l.p.CommandLineTaskRunner$CommandLineProgressMonitor - 873 nuclei detected (49%)
2024-10-23 01:08:21 INFO: 01:08:21.237 [task-runner-1-56] [INFO ] q.lib.plugins.DetectionPluginTools - 4297 nuclei detected (processing time: 26.29 seconds)
2024-10-23 01:08:21 INFO: 01:08:21.238 [main] [INFO ] q.l.p.CommandLineTaskRunner$CommandLineProgressMonitor - 4297 nuclei detected (50%)
2024-10-23 01:08:21 INFO: 01:08:21.660 [task-runner-1-12] [INFO ] q.lib.plugins.DetectionPluginTools - 352 nuclei detected (processing time: 7.68 seconds)
2024-10-23 01:08:21 INFO: 01:08:21.664 [main] [INFO ] q.l.p.CommandLineTaskRunner$CommandLineProgressMonitor - 352 nuclei detected (51%)
2024-10-23 01:08:21 INFO: 01:08:21.694 [task-runner-1-53] [INFO ] q.lib.plugins.DetectionPluginTools - 6237 nuclei detected (processing time: 26.75 seconds)
2024-10-23 01:08:21 INFO: 01:08:21.694 [main] [INFO ] q.l.p.CommandLineTaskRunner$CommandLineProgressMonitor - 6237 nuclei detected (51%)
2024-10-23 01:08:21 INFO: 01:08:21.989 [task-runner-1-36] [INFO ] q.lib.plugins.DetectionPluginTools - 280 nuclei detected (processing time: 7.51 seconds)
2024-10-23 01:08:22 INFO: 01:08:21.992 [main] [INFO ] q.l.p.CommandLineTaskRunner$CommandLineProgressMonitor - 280 nuclei detected (52%)
2024-10-23 01:08:22 INFO: 01:08:22.600 [task-runner-1-10] [INFO ] q.lib.plugins.DetectionPluginTools - 1561 nuclei detected (processing time: 14.38 seconds)
2024-10-23 01:08:22 INFO: 01:08:22.604 [main] [INFO ] q.l.p.CommandLineTaskRunner$CommandLineProgressMonitor - 1561 nuclei detected (53%)
2024-10-23 01:08:23 INFO: 01:08:23.646 [task-runner-1-62] [INFO ] q.lib.plugins.DetectionPluginTools - 0 nuclei detected (processing time: 6.71 seconds)
2024-10-23 01:08:23 INFO: 01:08:23.647 [main] [INFO ] q.l.p.CommandLineTaskRunner$CommandLineProgressMonitor - 0 nuclei detected (53%)
2024-10-23 01:08:23 INFO: 01:08:23.953 [task-runner-1-41] [INFO ] q.lib.plugins.DetectionPluginTools - 120 nuclei detected (processing time: 6.76 seconds)
2024-10-23 01:08:23 INFO: 01:08:23.961 [main] [INFO ] q.l.p.CommandLineTaskRunner$CommandLineProgressMonitor - 120 nuclei detected (54%)
2024-10-23 01:08:24 INFO: 01:08:24.117 [task-runner-1-39] [INFO ] q.lib.plugins.DetectionPluginTools - 0 nuclei detected (processing time: 7.00 seconds)
2024-10-23 01:08:24 INFO: 01:08:24.120 [main] [INFO ] q.l.p.CommandLineTaskRunner$CommandLineProgressMonitor - 0 nuclei detected (54%)
2024-10-23 01:08:24 INFO: 01:08:24.295 [task-runner-1-15] [INFO ] q.lib.plugins.DetectionPluginTools - 4 nuclei detected (processing time: 5.90 seconds)
2024-10-23 01:08:24 INFO: 01:08:24.297 [main] [INFO ] q.l.p.CommandLineTaskRunner$CommandLineProgressMonitor - 4 nuclei detected (55%)
2024-10-23 01:08:24 INFO: 01:08:24.468 [task-runner-1-25] [INFO ] q.lib.plugins.DetectionPluginTools - 93 nuclei detected (processing time: 6.88 seconds)
2024-10-23 01:08:24 INFO: 01:08:24.470 [main] [INFO ] q.l.p.CommandLineTaskRunner$CommandLineProgressMonitor - 93 nuclei detected (56%)
2024-10-23 01:08:24 INFO: 01:08:24.885 [task-runner-1-61] [INFO ] q.lib.plugins.DetectionPluginTools - 82 nuclei detected (processing time: 7.61 seconds)
2024-10-23 01:08:24 INFO: 01:08:24.886 [main] [INFO ] q.l.p.CommandLineTaskRunner$CommandLineProgressMonitor - 82 nuclei detected (56%)
2024-10-23 01:08:25 INFO: 01:08:25.278 [task-runner-1-38] [INFO ] q.lib.plugins.DetectionPluginTools - 12 nuclei detected (processing time: 6.77 seconds)
2024-10-23 01:08:25 INFO: 01:08:25.280 [main] [INFO ] q.l.p.CommandLineTaskRunner$CommandLineProgressMonitor - 12 nuclei detected (57%)
2024-10-23 01:08:25 INFO: 01:08:25.383 [task-runner-1-58] [INFO ] q.lib.plugins.DetectionPluginTools - 0 nuclei detected (processing time: 6.33 seconds)
2024-10-23 01:08:25 INFO: 01:08:25.385 [main] [INFO ] q.l.p.CommandLineTaskRunner$CommandLineProgressMonitor - 0 nuclei detected (57%)
2024-10-23 01:08:25 INFO: 01:08:25.534 [task-runner-1-22] [INFO ] q.lib.plugins.DetectionPluginTools - 0 nuclei detected (processing time: 6.30 seconds)
2024-10-23 01:08:25 INFO: 01:08:25.536 [main] [INFO ] q.l.p.CommandLineTaskRunner$CommandLineProgressMonitor - 0 nuclei detected (58%)
2024-10-23 01:08:26 INFO: 01:08:26.030 [task-runner-1-30] [INFO ] q.lib.plugins.DetectionPluginTools - 0 nuclei detected (processing time: 6.56 seconds)
2024-10-23 01:08:26 INFO: 01:08:26.031 [task-runner-1-40] [INFO ] q.lib.plugins.DetectionPluginTools - 336 nuclei detected (processing time: 11.36 seconds)
2024-10-23 01:08:26 INFO: 01:08:26.033 [main] [INFO ] q.l.p.CommandLineTaskRunner$CommandLineProgressMonitor - 0 nuclei detected (59%)
2024-10-23 01:08:26 INFO: 01:08:26.033 [main] [INFO ] q.l.p.CommandLineTaskRunner$CommandLineProgressMonitor - 336 nuclei detected (59%)
2024-10-23 01:08:26 INFO: 01:08:26.246 [task-runner-1-9] [INFO ] q.lib.plugins.DetectionPluginTools - 2903 nuclei detected (processing time: 19.53 seconds)
2024-10-23 01:08:26 INFO: 01:08:26.248 [main] [INFO ] q.l.p.CommandLineTaskRunner$CommandLineProgressMonitor - 2903 nuclei detected (60%)
2024-10-23 01:08:26 INFO: 01:08:26.582 [task-runner-1-37] [INFO ] q.lib.plugins.DetectionPluginTools - 23 nuclei detected (processing time: 6.82 seconds)
2024-10-23 01:08:26 INFO: 01:08:26.585 [main] [INFO ] q.l.p.CommandLineTaskRunner$CommandLineProgressMonitor - 23 nuclei detected (61%)
2024-10-23 01:08:26 INFO: 01:08:26.587 [task-runner-1-33] [INFO ] q.lib.plugins.DetectionPluginTools - 1125 nuclei detected (processing time: 9.93 seconds)
2024-10-23 01:08:26 INFO: 01:08:26.588 [main] [INFO ] q.l.p.CommandLineTaskRunner$CommandLineProgressMonitor - 1125 nuclei detected (61%)
2024-10-23 01:08:27 INFO: 01:08:27.302 [task-runner-1-57] [INFO ] q.lib.plugins.DetectionPluginTools - 365 nuclei detected (processing time: 7.48 seconds)
2024-10-23 01:08:27 INFO: 01:08:27.303 [main] [INFO ] q.l.p.CommandLineTaskRunner$CommandLineProgressMonitor - 365 nuclei detected (62%)
2024-10-23 01:08:27 INFO: 01:08:27.836 [task-runner-1-63] [INFO ] q.lib.plugins.DetectionPluginTools - 0 nuclei detected (processing time: 6.82 seconds)
2024-10-23 01:08:27 INFO: 01:08:27.837 [main] [INFO ] q.l.p.CommandLineTaskRunner$CommandLineProgressMonitor - 0 nuclei detected (63%)
2024-10-23 01:08:27 INFO: 01:08:27.855 [task-runner-1-4] [INFO ] q.lib.plugins.DetectionPluginTools - 2374 nuclei detected (processing time: 15.93 seconds)
2024-10-23 01:08:27 INFO: 01:08:27.856 [main] [INFO ] q.l.p.CommandLineTaskRunner$CommandLineProgressMonitor - 2374 nuclei detected (63%)
2024-10-23 01:08:27 INFO: 01:08:27.886 [task-runner-1-53] [INFO ] q.lib.plugins.DetectionPluginTools - 8 nuclei detected (processing time: 6.19 seconds)
2024-10-23 01:08:27 INFO: 01:08:27.887 [main] [INFO ] q.l.p.CommandLineTaskRunner$CommandLineProgressMonitor - 8 nuclei detected (64%)
2024-10-23 01:08:27 INFO: 01:08:27.916 [task-runner-1-56] [INFO ] q.lib.plugins.DetectionPluginTools - 0 nuclei detected (processing time: 6.68 seconds)
2024-10-23 01:08:27 INFO: 01:08:27.917 [main] [INFO ] q.l.p.CommandLineTaskRunner$CommandLineProgressMonitor - 0 nuclei detected (64%)
2024-10-23 01:08:28 INFO: 01:08:28.037 [task-runner-1-12] [INFO ] q.lib.plugins.DetectionPluginTools - 0 nuclei detected (processing time: 6.37 seconds)
2024-10-23 01:08:28 INFO: 01:08:28.038 [main] [INFO ] q.l.p.CommandLineTaskRunner$CommandLineProgressMonitor - 0 nuclei detected (65%)
2024-10-23 01:08:28 INFO: 01:08:28.106 [task-runner-1-36] [INFO ] q.lib.plugins.DetectionPluginTools - 1 nucleus detected (processing time: 6.11 seconds)
2024-10-23 01:08:28 INFO: 01:08:28.107 [main] [INFO ] q.l.p.CommandLineTaskRunner$CommandLineProgressMonitor - 1 nucleus detected (66%)
2024-10-23 01:08:28 INFO: 01:08:28.950 [task-runner-1-10] [INFO ] q.lib.plugins.DetectionPluginTools - 0 nuclei detected (processing time: 6.35 seconds)
2024-10-23 01:08:28 INFO: 01:08:28.951 [main] [INFO ] q.l.p.CommandLineTaskRunner$CommandLineProgressMonitor - 0 nuclei detected (66%)
2024-10-23 01:08:29 INFO: 01:08:29.609 [task-runner-1-41] [INFO ] q.lib.plugins.DetectionPluginTools - 1 nucleus detected (processing time: 5.65 seconds)
2024-10-23 01:08:29 INFO: 01:08:29.609 [main] [INFO ] q.l.p.CommandLineTaskRunner$CommandLineProgressMonitor - 1 nucleus detected (67%)
2024-10-23 01:08:29 INFO: 01:08:29.636 [task-runner-1-31] [INFO ] q.lib.plugins.DetectionPluginTools - 3264 nuclei detected (processing time: 21.39 seconds)
2024-10-23 01:08:29 INFO: 01:08:29.637 [main] [INFO ] q.l.p.CommandLineTaskRunner$CommandLineProgressMonitor - 3264 nuclei detected (68%)
2024-10-23 01:08:29 INFO: 01:08:29.970 [task-runner-1-61] [INFO ] q.lib.plugins.DetectionPluginTools - 0 nuclei detected (processing time: 5.08 seconds)
2024-10-23 01:08:29 INFO: 01:08:29.970 [main] [INFO ] q.l.p.CommandLineTaskRunner$CommandLineProgressMonitor - 0 nuclei detected (68%)
2024-10-23 01:08:30 INFO: 01:08:30.041 [task-runner-1-39] [INFO ] q.lib.plugins.DetectionPluginTools - 0 nuclei detected (processing time: 5.92 seconds)
2024-10-23 01:08:30 INFO: 01:08:30.043 [main] [INFO ] q.l.p.CommandLineTaskRunner$CommandLineProgressMonitor - 0 nuclei detected (69%)
2024-10-23 01:08:30 INFO: 01:08:30.053 [task-runner-1-62] [INFO ] q.lib.plugins.DetectionPluginTools - 1 nucleus detected (processing time: 6.41 seconds)
2024-10-23 01:08:30 INFO: 01:08:30.054 [main] [INFO ] q.l.p.CommandLineTaskRunner$CommandLineProgressMonitor - 1 nucleus detected (69%)
2024-10-23 01:08:30 INFO: 01:08:30.096 [task-runner-1-49] [INFO ] q.lib.plugins.DetectionPluginTools - 3105 nuclei detected (processing time: 21.46 seconds)
2024-10-23 01:08:30 INFO: 01:08:30.096 [main] [INFO ] q.l.p.CommandLineTaskRunner$CommandLineProgressMonitor - 3105 nuclei detected (70%)
2024-10-23 01:08:30 INFO: 01:08:30.112 [task-runner-1-18] [INFO ] q.lib.plugins.DetectionPluginTools - 1405 nuclei detected (processing time: 14.62 seconds)
2024-10-23 01:08:30 INFO: 01:08:30.112 [main] [INFO ] q.l.p.CommandLineTaskRunner$CommandLineProgressMonitor - 1405 nuclei detected (71%)
2024-10-23 01:08:30 INFO: 01:08:30.301 [task-runner-1-15] [INFO ] q.lib.plugins.DetectionPluginTools - 1 nucleus detected (processing time: 6.00 seconds)
2024-10-23 01:08:30 INFO: 01:08:30.301 [main] [INFO ] q.l.p.CommandLineTaskRunner$CommandLineProgressMonitor - 1 nucleus detected (71%)
2024-10-23 01:08:30 INFO: 01:08:30.337 [task-runner-1-29] [INFO ] q.lib.plugins.DetectionPluginTools - 1182 nuclei detected (processing time: 15.64 seconds)
2024-10-23 01:08:30 INFO: 01:08:30.338 [main] [INFO ] q.l.p.CommandLineTaskRunner$CommandLineProgressMonitor - 1182 nuclei detected (72%)
2024-10-23 01:08:30 INFO: 01:08:30.481 [task-runner-1-2] [INFO ] q.lib.plugins.DetectionPluginTools - 3504 nuclei detected (processing time: 22.26 seconds)
2024-10-23 01:08:30 INFO: 01:08:30.481 [main] [INFO ] q.l.p.CommandLineTaskRunner$CommandLineProgressMonitor - 3504 nuclei detected (73%)
2024-10-23 01:08:30 INFO: 01:08:30.520 [task-runner-1-35] [INFO ] q.lib.plugins.DetectionPluginTools - 2776 nuclei detected (processing time: 21.74 seconds)
2024-10-23 01:08:30 INFO: 01:08:30.521 [main] [INFO ] q.l.p.CommandLineTaskRunner$CommandLineProgressMonitor - 2776 nuclei detected (73%)
2024-10-23 01:08:30 INFO: 01:08:30.618 [task-runner-1-22] [INFO ] q.lib.plugins.DetectionPluginTools - 0 nuclei detected (processing time: 5.08 seconds)
2024-10-23 01:08:30 INFO: 01:08:30.618 [main] [INFO ] q.l.p.CommandLineTaskRunner$CommandLineProgressMonitor - 0 nuclei detected (74%)
2024-10-23 01:08:30 INFO: 01:08:30.884 [task-runner-1-19] [INFO ] q.lib.plugins.DetectionPluginTools - 2679 nuclei detected (processing time: 22.24 seconds)
2024-10-23 01:08:30 INFO: 01:08:30.884 [main] [INFO ] q.l.p.CommandLineTaskRunner$CommandLineProgressMonitor - 2679 nuclei detected (74%)
2024-10-23 01:08:30 INFO: 01:08:30.978 [task-runner-1-3] [INFO ] q.lib.plugins.DetectionPluginTools - 1523 nuclei detected (processing time: 11.06 seconds)
2024-10-23 01:08:30 INFO: 01:08:30.979 [main] [INFO ] q.l.p.CommandLineTaskRunner$CommandLineProgressMonitor - 1523 nuclei detected (75%)
2024-10-23 01:08:31 INFO: 01:08:31.003 [task-runner-1-25] [INFO ] q.lib.plugins.DetectionPluginTools - 1 nucleus detected (processing time: 6.53 seconds)
2024-10-23 01:08:31 INFO: 01:08:31.003 [main] [INFO ] q.l.p.CommandLineTaskRunner$CommandLineProgressMonitor - 1 nucleus detected (76%)
2024-10-23 01:08:31 INFO: 01:08:31.040 [task-runner-1-16] [INFO ] q.lib.plugins.DetectionPluginTools - 1376 nuclei detected (processing time: 15.83 seconds)
2024-10-23 01:08:31 INFO: 01:08:31.041 [main] [INFO ] q.l.p.CommandLineTaskRunner$CommandLineProgressMonitor - 1376 nuclei detected (76%)
2024-10-23 01:08:31 INFO: 01:08:31.051 [task-runner-1-48] [INFO ] q.lib.plugins.DetectionPluginTools - 5612 nuclei detected (processing time: 23.95 seconds)
2024-10-23 01:08:31 INFO: 01:08:31.051 [main] [INFO ] q.l.p.CommandLineTaskRunner$CommandLineProgressMonitor - 5612 nuclei detected (77%)
2024-10-23 01:08:31 INFO: 01:08:31.064 [task-runner-1-1] [INFO ] q.lib.plugins.DetectionPluginTools - 4394 nuclei detected (processing time: 22.86 seconds)
2024-10-23 01:08:31 INFO: 01:08:31.065 [main] [INFO ] q.l.p.CommandLineTaskRunner$CommandLineProgressMonitor - 4394 nuclei detected (78%)
2024-10-23 01:08:31 INFO: 01:08:31.144 [task-runner-1-8] [INFO ] q.lib.plugins.DetectionPluginTools - 3613 nuclei detected (processing time: 22.93 seconds)
2024-10-23 01:08:31 INFO: 01:08:31.145 [main] [INFO ] q.l.p.CommandLineTaskRunner$CommandLineProgressMonitor - 3613 nuclei detected (78%)
2024-10-23 01:08:31 INFO: 01:08:31.191 [task-runner-1-14] [INFO ] q.lib.plugins.DetectionPluginTools - 3656 nuclei detected (processing time: 22.94 seconds)
2024-10-23 01:08:31 INFO: 01:08:31.191 [main] [INFO ] q.l.p.CommandLineTaskRunner$CommandLineProgressMonitor - 3656 nuclei detected (79%)
2024-10-23 01:08:31 INFO: 01:08:31.283 [task-runner-1-27] [INFO ] q.lib.plugins.DetectionPluginTools - 3899 nuclei detected (processing time: 23.07 seconds)
2024-10-23 01:08:31 INFO: 01:08:31.284 [main] [INFO ] q.l.p.CommandLineTaskRunner$CommandLineProgressMonitor - 3899 nuclei detected (79%)
2024-10-23 01:08:31 INFO: 01:08:31.314 [task-runner-1-38] [INFO ] q.lib.plugins.DetectionPluginTools - 1 nucleus detected (processing time: 6.03 seconds)
2024-10-23 01:08:31 INFO: 01:08:31.314 [main] [INFO ] q.l.p.CommandLineTaskRunner$CommandLineProgressMonitor - 1 nucleus detected (80%)
2024-10-23 01:08:31 INFO: 01:08:31.383 [task-runner-1-28] [INFO ] q.lib.plugins.DetectionPluginTools - 4059 nuclei detected (processing time: 23.04 seconds)
2024-10-23 01:08:31 INFO: 01:08:31.383 [main] [INFO ] q.l.p.CommandLineTaskRunner$CommandLineProgressMonitor - 4059 nuclei detected (81%)
2024-10-23 01:08:31 INFO: 01:08:31.406 [task-runner-1-40] [INFO ] q.lib.plugins.DetectionPluginTools - 0 nuclei detected (processing time: 5.37 seconds)
2024-10-23 01:08:31 INFO: 01:08:31.406 [main] [INFO ] q.l.p.CommandLineTaskRunner$CommandLineProgressMonitor - 0 nuclei detected (81%)
2024-10-23 01:08:31 INFO: 01:08:31.409 [task-runner-1-30] [INFO ] q.lib.plugins.DetectionPluginTools - 0 nuclei detected (processing time: 5.37 seconds)
2024-10-23 01:08:31 INFO: 01:08:31.409 [main] [INFO ] q.l.p.CommandLineTaskRunner$CommandLineProgressMonitor - 0 nuclei detected (82%)
2024-10-23 01:08:31 INFO: 01:08:31.412 [task-runner-1-34] [INFO ] q.lib.plugins.DetectionPluginTools - 2923 nuclei detected (processing time: 22.58 seconds)
2024-10-23 01:08:31 INFO: 01:08:31.413 [main] [INFO ] q.l.p.CommandLineTaskRunner$CommandLineProgressMonitor - 2923 nuclei detected (83%)
2024-10-23 01:08:31 INFO: 01:08:31.455 [task-runner-1-58] [INFO ] q.lib.plugins.DetectionPluginTools - 0 nuclei detected (processing time: 6.07 seconds)
2024-10-23 01:08:31 INFO: 01:08:31.456 [main] [INFO ] q.l.p.CommandLineTaskRunner$CommandLineProgressMonitor - 0 nuclei detected (83%)
2024-10-23 01:08:31 INFO: 01:08:31.457 [task-runner-1-44] [INFO ] q.lib.plugins.DetectionPluginTools - 3843 nuclei detected (processing time: 22.66 seconds)
2024-10-23 01:08:31 INFO: 01:08:31.457 [main] [INFO ] q.l.p.CommandLineTaskRunner$CommandLineProgressMonitor - 3843 nuclei detected (84%)
2024-10-23 01:08:31 INFO: 01:08:31.494 [task-runner-1-21] [INFO ] q.lib.plugins.DetectionPluginTools - 2135 nuclei detected (processing time: 16.59 seconds)
2024-10-23 01:08:31 INFO: 01:08:31.499 [main] [INFO ] q.l.p.CommandLineTaskRunner$CommandLineProgressMonitor - 2135 nuclei detected (84%)
2024-10-23 01:08:31 INFO: 01:08:31.550 [task-runner-1-6] [INFO ] q.lib.plugins.DetectionPluginTools - 4656 nuclei detected (processing time: 23.28 seconds)
2024-10-23 01:08:31 INFO: 01:08:31.550 [main] [INFO ] q.l.p.CommandLineTaskRunner$CommandLineProgressMonitor - 4656 nuclei detected (85%)
2024-10-23 01:08:31 INFO: 01:08:31.596 [task-runner-1-46] [INFO ] q.lib.plugins.DetectionPluginTools - 3828 nuclei detected (processing time: 23.01 seconds)
2024-10-23 01:08:31 INFO: 01:08:31.596 [main] [INFO ] q.l.p.CommandLineTaskRunner$CommandLineProgressMonitor - 3828 nuclei detected (86%)
2024-10-23 01:08:31 INFO: 01:08:31.642 [task-runner-1-9] [INFO ] q.lib.plugins.DetectionPluginTools - 0 nuclei detected (processing time: 5.39 seconds)
2024-10-23 01:08:31 INFO: 01:08:31.642 [main] [INFO ] q.l.p.CommandLineTaskRunner$CommandLineProgressMonitor - 0 nuclei detected (86%)
2024-10-23 01:08:31 INFO: 01:08:31.728 [task-runner-1-45] [INFO ] q.lib.plugins.DetectionPluginTools - 3298 nuclei detected (processing time: 23.13 seconds)
2024-10-23 01:08:31 INFO: 01:08:31.729 [main] [INFO ] q.l.p.CommandLineTaskRunner$CommandLineProgressMonitor - 3298 nuclei detected (87%)
2024-10-23 01:08:31 INFO: 01:08:31.987 [task-runner-1-11] [INFO ] q.lib.plugins.DetectionPluginTools - 4268 nuclei detected (processing time: 23.78 seconds)
2024-10-23 01:08:31 INFO: 01:08:31.987 [main] [INFO ] q.l.p.CommandLineTaskRunner$CommandLineProgressMonitor - 4268 nuclei detected (88%)
2024-10-23 01:08:32 INFO: 01:08:32.038 [task-runner-1-50] [INFO ] q.lib.plugins.DetectionPluginTools - 3063 nuclei detected (processing time: 23.19 seconds)
2024-10-23 01:08:32 INFO: 01:08:32.038 [main] [INFO ] q.l.p.CommandLineTaskRunner$CommandLineProgressMonitor - 3063 nuclei detected (88%)
2024-10-23 01:08:32 INFO: 01:08:32.056 [task-runner-1-17] [INFO ] q.lib.plugins.DetectionPluginTools - 4615 nuclei detected (processing time: 23.85 seconds)
2024-10-23 01:08:32 INFO: 01:08:32.056 [main] [INFO ] q.l.p.CommandLineTaskRunner$CommandLineProgressMonitor - 4615 nuclei detected (89%)
2024-10-23 01:08:32 INFO: 01:08:32.094 [task-runner-1-20] [INFO ] q.lib.plugins.DetectionPluginTools - 3955 nuclei detected (processing time: 23.23 seconds)
2024-10-23 01:08:32 INFO: 01:08:32.094 [main] [INFO ] q.l.p.CommandLineTaskRunner$CommandLineProgressMonitor - 3955 nuclei detected (89%)
2024-10-23 01:08:32 INFO: 01:08:32.138 [task-runner-1-5] [INFO ] q.lib.plugins.DetectionPluginTools - 4435 nuclei detected (processing time: 23.59 seconds)
2024-10-23 01:08:32 INFO: 01:08:32.138 [main] [INFO ] q.l.p.CommandLineTaskRunner$CommandLineProgressMonitor - 4435 nuclei detected (90%)
2024-10-23 01:08:32 INFO: 01:08:32.217 [task-runner-1-37] [INFO ] q.lib.plugins.DetectionPluginTools - 0 nuclei detected (processing time: 5.63 seconds)
2024-10-23 01:08:32 INFO: 01:08:32.217 [main] [INFO ] q.l.p.CommandLineTaskRunner$CommandLineProgressMonitor - 0 nuclei detected (91%)
2024-10-23 01:08:32 INFO: 01:08:32.600 [task-runner-1-26] [INFO ] q.lib.plugins.DetectionPluginTools - 4449 nuclei detected (processing time: 24.02 seconds)
2024-10-23 01:08:32 INFO: 01:08:32.600 [main] [INFO ] q.l.p.CommandLineTaskRunner$CommandLineProgressMonitor - 4449 nuclei detected (91%)
2024-10-23 01:08:32 INFO: 01:08:32.735 [task-runner-1-24] [INFO ] q.lib.plugins.DetectionPluginTools - 3925 nuclei detected (processing time: 20.95 seconds)
2024-10-23 01:08:32 INFO: 01:08:32.735 [main] [INFO ] q.l.p.CommandLineTaskRunner$CommandLineProgressMonitor - 3925 nuclei detected (92%)
2024-10-23 01:08:32 INFO: 01:08:32.920 [task-runner-1-55] [INFO ] q.lib.plugins.DetectionPluginTools - 2460 nuclei detected (processing time: 12.93 seconds)
2024-10-23 01:08:32 INFO: 01:08:32.920 [main] [INFO ] q.l.p.CommandLineTaskRunner$CommandLineProgressMonitor - 2460 nuclei detected (93%)
2024-10-23 01:08:32 INFO: 01:08:32.985 [task-runner-1-54] [INFO ] q.lib.plugins.DetectionPluginTools - 2843 nuclei detected (processing time: 12.16 seconds)
2024-10-23 01:08:32 INFO: 01:08:32.985 [main] [INFO ] q.l.p.CommandLineTaskRunner$CommandLineProgressMonitor - 2843 nuclei detected (93%)
2024-10-23 01:08:33 INFO: 01:08:33.089 [task-runner-1-59] [INFO ] q.lib.plugins.DetectionPluginTools - 3139 nuclei detected (processing time: 17.51 seconds)
2024-10-23 01:08:33 INFO: 01:08:33.090 [main] [INFO ] q.l.p.CommandLineTaskRunner$CommandLineProgressMonitor - 3139 nuclei detected (94%)
2024-10-23 01:08:33 INFO: 01:08:33.090 [task-runner-1-23] [INFO ] q.lib.plugins.DetectionPluginTools - 4343 nuclei detected (processing time: 21.21 seconds)
2024-10-23 01:08:33 INFO: 01:08:33.091 [main] [INFO ] q.l.p.CommandLineTaskRunner$CommandLineProgressMonitor - 4343 nuclei detected (94%)
2024-10-23 01:08:33 INFO: 01:08:33.135 [task-runner-1-32] [INFO ] q.lib.plugins.DetectionPluginTools - 6901 nuclei detected (processing time: 24.93 seconds)
2024-10-23 01:08:33 INFO: 01:08:33.135 [main] [INFO ] q.l.p.CommandLineTaskRunner$CommandLineProgressMonitor - 6901 nuclei detected (95%)
2024-10-23 01:08:33 INFO: 01:08:33.250 [task-runner-1-51] [INFO ] q.lib.plugins.DetectionPluginTools - 3920 nuclei detected (processing time: 21.50 seconds)
2024-10-23 01:08:33 INFO: 01:08:33.250 [main] [INFO ] q.l.p.CommandLineTaskRunner$CommandLineProgressMonitor - 3920 nuclei detected (96%)
2024-10-23 01:08:33 INFO: 01:08:33.457 [task-runner-1-13] [INFO ] q.lib.plugins.DetectionPluginTools - 4105 nuclei detected (processing time: 17.74 seconds)
2024-10-23 01:08:33 INFO: 01:08:33.457 [main] [INFO ] q.l.p.CommandLineTaskRunner$CommandLineProgressMonitor - 4105 nuclei detected (96%)
2024-10-23 01:08:33 INFO: 01:08:33.479 [task-runner-1-43] [INFO ] q.lib.plugins.DetectionPluginTools - 4966 nuclei detected (processing time: 21.62 seconds)
2024-10-23 01:08:33 INFO: 01:08:33.479 [main] [INFO ] q.l.p.CommandLineTaskRunner$CommandLineProgressMonitor - 4966 nuclei detected (97%)
2024-10-23 01:08:33 INFO: 01:08:33.507 [task-runner-1-60] [INFO ] q.lib.plugins.DetectionPluginTools - 5494 nuclei detected (processing time: 21.59 seconds)
2024-10-23 01:08:33 INFO: 01:08:33.507 [main] [INFO ] q.l.p.CommandLineTaskRunner$CommandLineProgressMonitor - 5494 nuclei detected (98%)
2024-10-23 01:08:34 INFO: 01:08:34.089 [task-runner-1-52] [INFO ] q.lib.plugins.DetectionPluginTools - 5413 nuclei detected (processing time: 18.26 seconds)
2024-10-23 01:08:34 INFO: 01:08:34.089 [main] [INFO ] q.l.p.CommandLineTaskRunner$CommandLineProgressMonitor - 5413 nuclei detected (98%)
2024-10-23 01:08:34 INFO: 01:08:34.107 [task-runner-1-47] [INFO ] q.lib.plugins.DetectionPluginTools - 5832 nuclei detected (processing time: 17.70 seconds)
2024-10-23 01:08:34 INFO: 01:08:34.107 [main] [INFO ] q.l.p.CommandLineTaskRunner$CommandLineProgressMonitor - 5832 nuclei detected (99%)
2024-10-23 01:08:34 INFO: 01:08:34.127 [task-runner-1-42] [INFO ] q.lib.plugins.DetectionPluginTools - 4915 nuclei detected (processing time: 17.69 seconds)
2024-10-23 01:08:34 INFO: 01:08:34.127 [main] [INFO ] q.l.p.CommandLineTaskRunner$CommandLineProgressMonitor - 4915 nuclei detected (99%)
2024-10-23 01:08:34 INFO: 01:08:34.358 [task-runner-1-7] [INFO ] q.lib.plugins.DetectionPluginTools - 6001 nuclei detected (processing time: 17.95 seconds)
2024-10-23 01:08:34 INFO: 01:08:34.358 [main] [INFO ] q.l.p.CommandLineTaskRunner$CommandLineProgressMonitor - 6001 nuclei detected (100%)
2024-10-23 01:08:34 INFO: 01:08:34.358 [main] [INFO ] q.l.p.CommandLineTaskRunner$CommandLineProgressMonitor - Processing complete in 39.43 seconds
2024-10-23 01:08:34 INFO: 01:08:34.358 [main] [INFO ] q.l.p.CommandLineTaskRunner$CommandLineProgressMonitor - Tasks completed!
2024-10-23 01:08:44 INFO: 01:08:44.961 [main] [WARN ] q.l.p.objects.SmoothFeaturesPlugin - Smoothing using annotations
2024-10-23 01:08:50 INFO: 01:08:50.006 [main] [INFO ] q.l.p.CommandLineTaskRunner$CommandLineProgressMonitor - Completed (100%)
2024-10-23 01:08:50 INFO: 01:08:50.006 [main] [INFO ] q.l.p.CommandLineTaskRunner$CommandLineProgressMonitor - Processing complete in 5.04 seconds
2024-10-23 01:08:50 INFO: 01:08:50.006 [main] [INFO ] q.l.p.CommandLineTaskRunner$CommandLineProgressMonitor - Tasks completed!
2024-10-23 01:08:50 INFO: 01:08:50.008 [main] [WARN ] q.l.p.objects.SmoothFeaturesPlugin - Smoothing using annotations
2024-10-23 01:08:58 INFO: 01:08:58.899 [main] [INFO ] q.l.p.CommandLineTaskRunner$CommandLineProgressMonitor - Completed (100%)
2024-10-23 01:08:58 INFO: 01:08:58.899 [main] [INFO ] q.l.p.CommandLineTaskRunner$CommandLineProgressMonitor - Processing complete in 8.89 seconds
2024-10-23 01:08:58 INFO: 01:08:58.899 [main] [INFO ] q.l.p.CommandLineTaskRunner$CommandLineProgressMonitor - Tasks completed!
2024-10-23 01:08:58 INFO: 01:08:58.901 [main] [WARN ] q.l.p.objects.SmoothFeaturesPlugin - Smoothing using annotations
2024-10-23 01:09:18 INFO: 01:09:18.979 [main] [INFO ] q.l.p.CommandLineTaskRunner$CommandLineProgressMonitor - Completed (100%)
2024-10-23 01:09:18 INFO: 01:09:18.979 [main] [INFO ] q.l.p.CommandLineTaskRunner$CommandLineProgressMonitor - Processing complete in 20.08 seconds
2024-10-23 01:09:18 INFO: 01:09:18.979 [main] [INFO ] q.l.p.CommandLineTaskRunner$CommandLineProgressMonitor - Tasks completed!
2024-10-23 01:09:19 INFO: 01:09:19.214 [task-runner-5-2] [INFO ] q.l.a.IntensityFeaturesPlugin - Splitting Rectangle (0, 0, 63784, 39311) into 40 tiles for intensity measurements
2024-10-23 01:09:19 INFO: 01:09:19.464 [main] [INFO ] q.l.p.CommandLineTaskRunner$CommandLineProgressMonitor - Completed (0%)
2024-10-23 01:09:20 INFO: 01:09:20.627 [main] [INFO ] q.l.p.CommandLineTaskRunner$CommandLineProgressMonitor - Completed (1%)
2024-10-23 01:09:20 INFO: 01:09:20.796 [main] [INFO ] q.l.p.CommandLineTaskRunner$CommandLineProgressMonitor - Completed (2%)
2024-10-23 01:09:20 INFO: 01:09:20.983 [main] [INFO ] q.l.p.CommandLineTaskRunner$CommandLineProgressMonitor - Completed (3%)
2024-10-23 01:09:21 INFO: 01:09:21.532 [main] [INFO ] q.l.p.CommandLineTaskRunner$CommandLineProgressMonitor - Completed (4%)
2024-10-23 01:09:21 INFO: 01:09:21.713 [main] [INFO ] q.l.p.CommandLineTaskRunner$CommandLineProgressMonitor - Completed (5%)
2024-10-23 01:09:21 INFO: 01:09:21.821 [main] [INFO ] q.l.p.CommandLineTaskRunner$CommandLineProgressMonitor - Completed (6%)
2024-10-23 01:09:21 INFO: 01:09:21.920 [main] [INFO ] q.l.p.CommandLineTaskRunner$CommandLineProgressMonitor - Completed (7%)
2024-10-23 01:09:22 INFO: 01:09:22.015 [main] [INFO ] q.l.p.CommandLineTaskRunner$CommandLineProgressMonitor - Completed (8%)
2024-10-23 01:09:22 INFO: 01:09:22.113 [main] [INFO ] q.l.p.CommandLineTaskRunner$CommandLineProgressMonitor - Completed (9%)
2024-10-23 01:09:22 INFO: 01:09:22.584 [main] [INFO ] q.l.p.CommandLineTaskRunner$CommandLineProgressMonitor - Completed (10%)
2024-10-23 01:09:22 INFO: 01:09:22.679 [main] [INFO ] q.l.p.CommandLineTaskRunner$CommandLineProgressMonitor - Completed (11%)
2024-10-23 01:09:22 INFO: 01:09:22.781 [main] [INFO ] q.l.p.CommandLineTaskRunner$CommandLineProgressMonitor - Completed (12%)
2024-10-23 01:09:22 INFO: 01:09:22.885 [main] [INFO ] q.l.p.CommandLineTaskRunner$CommandLineProgressMonitor - Completed (13%)
2024-10-23 01:09:23 INFO: 01:09:23.324 [main] [INFO ] q.l.p.CommandLineTaskRunner$CommandLineProgressMonitor - Completed (14%)
2024-10-23 01:09:23 INFO: 01:09:23.483 [main] [INFO ] q.l.p.CommandLineTaskRunner$CommandLineProgressMonitor - Completed (15%)
2024-10-23 01:09:23 INFO: 01:09:23.584 [main] [INFO ] q.l.p.CommandLineTaskRunner$CommandLineProgressMonitor - Completed (16%)
2024-10-23 01:09:23 INFO: 01:09:23.673 [main] [INFO ] q.l.p.CommandLineTaskRunner$CommandLineProgressMonitor - Completed (17%)
2024-10-23 01:09:23 INFO: 01:09:23.776 [main] [INFO ] q.l.p.CommandLineTaskRunner$CommandLineProgressMonitor - Completed (18%)
2024-10-23 01:09:24 INFO: 01:09:24.189 [main] [INFO ] q.l.p.CommandLineTaskRunner$CommandLineProgressMonitor - Completed (19%)
2024-10-23 01:09:24 INFO: 01:09:24.289 [main] [INFO ] q.l.p.CommandLineTaskRunner$CommandLineProgressMonitor - Completed (20%)
2024-10-23 01:09:24 INFO: 01:09:24.380 [main] [INFO ] q.l.p.CommandLineTaskRunner$CommandLineProgressMonitor - Completed (21%)
2024-10-23 01:09:24 INFO: 01:09:24.479 [main] [INFO ] q.l.p.CommandLineTaskRunner$CommandLineProgressMonitor - Completed (22%)
2024-10-23 01:09:24 INFO: 01:09:24.900 [main] [INFO ] q.l.p.CommandLineTaskRunner$CommandLineProgressMonitor - Completed (23%)
2024-10-23 01:09:25 INFO: 01:09:25.013 [main] [INFO ] q.l.p.CommandLineTaskRunner$CommandLineProgressMonitor - Completed (24%)
2024-10-23 01:09:25 INFO: 01:09:25.314 [main] [INFO ] q.l.p.CommandLineTaskRunner$CommandLineProgressMonitor - Completed (25%)
2024-10-23 01:09:25 INFO: 01:09:25.527 [main] [INFO ] q.l.p.CommandLineTaskRunner$CommandLineProgressMonitor - Completed (26%)
2024-10-23 01:09:25 INFO: 01:09:25.649 [main] [INFO ] q.l.p.CommandLineTaskRunner$CommandLineProgressMonitor - Completed (27%)
2024-10-23 01:09:26 INFO: 01:09:26.020 [main] [INFO ] q.l.p.CommandLineTaskRunner$CommandLineProgressMonitor - Completed (28%)
2024-10-23 01:09:26 INFO: 01:09:26.160 [main] [INFO ] q.l.p.CommandLineTaskRunner$CommandLineProgressMonitor - Completed (29%)
2024-10-23 01:09:26 INFO: 01:09:26.283 [main] [INFO ] q.l.p.CommandLineTaskRunner$CommandLineProgressMonitor - Completed (30%)
2024-10-23 01:09:26 INFO: 01:09:26.384 [main] [INFO ] q.l.p.CommandLineTaskRunner$CommandLineProgressMonitor - Completed (31%)
2024-10-23 01:09:26 INFO: 01:09:26.754 [main] [INFO ] q.l.p.CommandLineTaskRunner$CommandLineProgressMonitor - Completed (32%)
2024-10-23 01:09:26 INFO: 01:09:26.863 [main] [INFO ] q.l.p.CommandLineTaskRunner$CommandLineProgressMonitor - Completed (33%)
2024-10-23 01:09:26 INFO: 01:09:26.960 [main] [INFO ] q.l.p.CommandLineTaskRunner$CommandLineProgressMonitor - Completed (34%)
2024-10-23 01:09:27 INFO: 01:09:27.055 [main] [INFO ] q.l.p.CommandLineTaskRunner$CommandLineProgressMonitor - Completed (35%)
2024-10-23 01:09:27 INFO: 01:09:27.145 [main] [INFO ] q.l.p.CommandLineTaskRunner$CommandLineProgressMonitor - Completed (36%)
2024-10-23 01:09:27 INFO: 01:09:27.240 [main] [INFO ] q.l.p.CommandLineTaskRunner$CommandLineProgressMonitor - Completed (37%)
2024-10-23 01:09:27 INFO: 01:09:27.351 [main] [INFO ] q.l.p.CommandLineTaskRunner$CommandLineProgressMonitor - Completed (38%)
2024-10-23 01:09:27 INFO: 01:09:27.474 [main] [INFO ] q.l.p.CommandLineTaskRunner$CommandLineProgressMonitor - Completed (39%)
2024-10-23 01:09:27 INFO: 01:09:27.575 [main] [INFO ] q.l.p.CommandLineTaskRunner$CommandLineProgressMonitor - Completed (40%)
2024-10-23 01:09:27 INFO: 01:09:27.708 [main] [INFO ] q.l.p.CommandLineTaskRunner$CommandLineProgressMonitor - Completed (41%)
2024-10-23 01:09:27 INFO: 01:09:27.813 [main] [INFO ] q.l.p.CommandLineTaskRunner$CommandLineProgressMonitor - Completed (42%)
2024-10-23 01:09:27 INFO: 01:09:27.913 [main] [INFO ] q.l.p.CommandLineTaskRunner$CommandLineProgressMonitor - Completed (43%)
2024-10-23 01:09:28 INFO: 01:09:28.013 [main] [INFO ] q.l.p.CommandLineTaskRunner$CommandLineProgressMonitor - Completed (44%)
2024-10-23 01:09:28 INFO: 01:09:28.107 [main] [INFO ] q.l.p.CommandLineTaskRunner$CommandLineProgressMonitor - Completed (45%)
2024-10-23 01:09:28 INFO: 01:09:28.211 [main] [INFO ] q.l.p.CommandLineTaskRunner$CommandLineProgressMonitor - Completed (46%)
2024-10-23 01:09:28 INFO: 01:09:28.329 [main] [INFO ] q.l.p.CommandLineTaskRunner$CommandLineProgressMonitor - Completed (47%)
2024-10-23 01:09:28 INFO: 01:09:28.462 [main] [INFO ] q.l.p.CommandLineTaskRunner$CommandLineProgressMonitor - Completed (48%)
2024-10-23 01:09:28 INFO: 01:09:28.572 [main] [INFO ] q.l.p.CommandLineTaskRunner$CommandLineProgressMonitor - Completed (49%)
2024-10-23 01:09:28 INFO: 01:09:28.676 [main] [INFO ] q.l.p.CommandLineTaskRunner$CommandLineProgressMonitor - Completed (50%)
2024-10-23 01:09:28 INFO: 01:09:28.773 [main] [INFO ] q.l.p.CommandLineTaskRunner$CommandLineProgressMonitor - Completed (51%)
2024-10-23 01:09:28 INFO: 01:09:28.878 [main] [INFO ] q.l.p.CommandLineTaskRunner$CommandLineProgressMonitor - Completed (52%)
2024-10-23 01:09:28 INFO: 01:09:28.987 [main] [INFO ] q.l.p.CommandLineTaskRunner$CommandLineProgressMonitor - Completed (53%)
2024-10-23 01:09:29 INFO: 01:09:29.103 [main] [INFO ] q.l.p.CommandLineTaskRunner$CommandLineProgressMonitor - Completed (54%)
2024-10-23 01:09:29 INFO: 01:09:29.211 [main] [INFO ] q.l.p.CommandLineTaskRunner$CommandLineProgressMonitor - Completed (55%)
2024-10-23 01:09:29 INFO: 01:09:29.319 [main] [INFO ] q.l.p.CommandLineTaskRunner$CommandLineProgressMonitor - Completed (56%)
2024-10-23 01:09:29 INFO: 01:09:29.432 [main] [INFO ] q.l.p.CommandLineTaskRunner$CommandLineProgressMonitor - Completed (57%)
2024-10-23 01:09:29 INFO: 01:09:29.543 [main] [INFO ] q.l.p.CommandLineTaskRunner$CommandLineProgressMonitor - Completed (58%)
2024-10-23 01:09:29 INFO: 01:09:29.654 [main] [INFO ] q.l.p.CommandLineTaskRunner$CommandLineProgressMonitor - Completed (59%)
2024-10-23 01:09:29 INFO: 01:09:29.760 [main] [INFO ] q.l.p.CommandLineTaskRunner$CommandLineProgressMonitor - Completed (60%)
2024-10-23 01:09:29 INFO: 01:09:29.978 [main] [INFO ] q.l.p.CommandLineTaskRunner$CommandLineProgressMonitor - Completed (61%)
2024-10-23 01:09:30 INFO: 01:09:30.081 [main] [INFO ] q.l.p.CommandLineTaskRunner$CommandLineProgressMonitor - Completed (62%)
2024-10-23 01:09:30 INFO: 01:09:30.183 [main] [INFO ] q.l.p.CommandLineTaskRunner$CommandLineProgressMonitor - Completed (63%)
2024-10-23 01:09:30 INFO: 01:09:30.314 [main] [INFO ] q.l.p.CommandLineTaskRunner$CommandLineProgressMonitor - Completed (64%)
2024-10-23 01:09:30 INFO: 01:09:30.426 [main] [INFO ] q.l.p.CommandLineTaskRunner$CommandLineProgressMonitor - Completed (65%)
2024-10-23 01:09:30 INFO: 01:09:30.521 [main] [INFO ] q.l.p.CommandLineTaskRunner$CommandLineProgressMonitor - Completed (66%)
2024-10-23 01:09:30 INFO: 01:09:30.622 [main] [INFO ] q.l.p.CommandLineTaskRunner$CommandLineProgressMonitor - Completed (67%)
2024-10-23 01:09:30 INFO: 01:09:30.727 [main] [INFO ] q.l.p.CommandLineTaskRunner$CommandLineProgressMonitor - Completed (68%)
2024-10-23 01:09:30 INFO: 01:09:30.830 [main] [INFO ] q.l.p.CommandLineTaskRunner$CommandLineProgressMonitor - Completed (69%)
2024-10-23 01:09:30 INFO: 01:09:30.924 [main] [INFO ] q.l.p.CommandLineTaskRunner$CommandLineProgressMonitor - Completed (70%)
2024-10-23 01:09:31 INFO: 01:09:31.020 [main] [INFO ] q.l.p.CommandLineTaskRunner$CommandLineProgressMonitor - Completed (71%)
2024-10-23 01:09:31 INFO: 01:09:31.121 [main] [INFO ] q.l.p.CommandLineTaskRunner$CommandLineProgressMonitor - Completed (72%)
2024-10-23 01:09:31 INFO: 01:09:31.238 [main] [INFO ] q.l.p.CommandLineTaskRunner$CommandLineProgressMonitor - Completed (73%)
2024-10-23 01:09:31 INFO: 01:09:31.355 [main] [INFO ] q.l.p.CommandLineTaskRunner$CommandLineProgressMonitor - Completed (74%)
2024-10-23 01:09:31 INFO: 01:09:31.457 [main] [INFO ] q.l.p.CommandLineTaskRunner$CommandLineProgressMonitor - Completed (75%)
2024-10-23 01:09:31 INFO: 01:09:31.567 [main] [INFO ] q.l.p.CommandLineTaskRunner$CommandLineProgressMonitor - Completed (76%)
2024-10-23 01:09:31 INFO: 01:09:31.678 [main] [INFO ] q.l.p.CommandLineTaskRunner$CommandLineProgressMonitor - Completed (77%)
2024-10-23 01:09:31 INFO: 01:09:31.872 [main] [INFO ] q.l.p.CommandLineTaskRunner$CommandLineProgressMonitor - Completed (78%)
2024-10-23 01:09:31 INFO: 01:09:31.963 [main] [INFO ] q.l.p.CommandLineTaskRunner$CommandLineProgressMonitor - Completed (79%)
2024-10-23 01:09:32 INFO: 01:09:32.053 [main] [INFO ] q.l.p.CommandLineTaskRunner$CommandLineProgressMonitor - Completed (80%)
2024-10-23 01:09:32 INFO: 01:09:32.158 [main] [INFO ] q.l.p.CommandLineTaskRunner$CommandLineProgressMonitor - Completed (81%)
2024-10-23 01:09:32 INFO: 01:09:32.290 [main] [INFO ] q.l.p.CommandLineTaskRunner$CommandLineProgressMonitor - Completed (82%)
2024-10-23 01:09:32 INFO: 01:09:32.397 [main] [INFO ] q.l.p.CommandLineTaskRunner$CommandLineProgressMonitor - Completed (83%)
2024-10-23 01:09:32 INFO: 01:09:32.506 [main] [INFO ] q.l.p.CommandLineTaskRunner$CommandLineProgressMonitor - Completed (84%)
2024-10-23 01:09:32 INFO: 01:09:32.611 [main] [INFO ] q.l.p.CommandLineTaskRunner$CommandLineProgressMonitor - Completed (85%)
2024-10-23 01:09:32 INFO: 01:09:32.709 [main] [INFO ] q.l.p.CommandLineTaskRunner$CommandLineProgressMonitor - Completed (86%)
2024-10-23 01:09:32 INFO: 01:09:32.798 [main] [INFO ] q.l.p.CommandLineTaskRunner$CommandLineProgressMonitor - Completed (87%)
2024-10-23 01:09:32 INFO: 01:09:32.895 [main] [INFO ] q.l.p.CommandLineTaskRunner$CommandLineProgressMonitor - Completed (88%)
2024-10-23 01:09:32 INFO: 01:09:32.998 [main] [INFO ] q.l.p.CommandLineTaskRunner$CommandLineProgressMonitor - Completed (89%)
2024-10-23 01:09:33 INFO: 01:09:33.103 [main] [INFO ] q.l.p.CommandLineTaskRunner$CommandLineProgressMonitor - Completed (90%)
2024-10-23 01:09:33 INFO: 01:09:33.213 [main] [INFO ] q.l.p.CommandLineTaskRunner$CommandLineProgressMonitor - Completed (91%)
2024-10-23 01:09:33 INFO: 01:09:33.324 [main] [INFO ] q.l.p.CommandLineTaskRunner$CommandLineProgressMonitor - Completed (92%)
2024-10-23 01:09:33 INFO: 01:09:33.422 [main] [INFO ] q.l.p.CommandLineTaskRunner$CommandLineProgressMonitor - Completed (93%)
2024-10-23 01:09:33 INFO: 01:09:33.532 [main] [INFO ] q.l.p.CommandLineTaskRunner$CommandLineProgressMonitor - Completed (94%)
2024-10-23 01:09:33 INFO: 01:09:33.635 [main] [INFO ] q.l.p.CommandLineTaskRunner$CommandLineProgressMonitor - Completed (95%)
2024-10-23 01:09:33 INFO: 01:09:33.742 [main] [INFO ] q.l.p.CommandLineTaskRunner$CommandLineProgressMonitor - Completed (96%)
2024-10-23 01:09:33 INFO: 01:09:33.847 [main] [INFO ] q.l.p.CommandLineTaskRunner$CommandLineProgressMonitor - Completed (97%)
2024-10-23 01:09:33 INFO: 01:09:33.967 [main] [INFO ] q.l.p.CommandLineTaskRunner$CommandLineProgressMonitor - Completed (98%)
2024-10-23 01:09:34 INFO: 01:09:34.116 [main] [INFO ] q.l.p.CommandLineTaskRunner$CommandLineProgressMonitor - Completed (99%)
2024-10-23 01:09:34 INFO: 01:09:34.270 [main] [INFO ] q.l.p.CommandLineTaskRunner$CommandLineProgressMonitor - Completed (100%)
2024-10-23 01:10:32 INFO: 01:10:32.507 [main] [INFO ] q.l.p.CommandLineTaskRunner$CommandLineProgressMonitor - Completed (100%)
2024-10-23 01:10:32 INFO: 01:10:32.509 [main] [INFO ] q.l.p.CommandLineTaskRunner$CommandLineProgressMonitor - Processing complete in 73.31 seconds
2024-10-23 01:10:32 INFO: 01:10:32.509 [main] [INFO ] q.l.p.CommandLineTaskRunner$CommandLineProgressMonitor - Tasks completed!
2024-10-23 01:12:34 INFO: 01:12:34.332 [task-runner-6-1] [WARN ] q.o.features.DelaunayTriangulation - Some objects have missing measurements! Statistics will calculated only for objects with measurements available.
2024-10-23 01:12:34 INFO: 01:12:34.333 [task-runner-6-1] [WARN ] q.o.features.DelaunayTriangulation - Missing measurements: [ROI: 1.00 m per pixel: Residual: Haralick Correlation (F2), ROI: 1.00 m per pixel: Residual: Haralick Information measure of correlation 1 (F11), ROI: 1.00 m per pixel: Residual: Haralick Information measure of correlation 2 (F12), ROI: 1.00 m per pixel: OD Sum: Haralick Correlation (F2), ROI: 1.00 m per pixel: OD Sum: Haralick Information measure of correlation 1 (F11), ROI: 1.00 m per pixel: Green: Haralick Correlation (F2), ROI: 1.00 m per pixel: Green: Haralick Information measure of correlation 1 (F11)]
2024-10-23 01:12:34 INFO: 01:12:34.355 [main] [INFO ] q.l.p.CommandLineTaskRunner$CommandLineProgressMonitor - Delaunay triangulation calculated for Annotation (208946 objects) (100%)
2024-10-23 01:12:34 INFO: 01:12:34.355 [main] [INFO ] q.l.p.CommandLineTaskRunner$CommandLineProgressMonitor - Processing complete in 121.78 seconds
2024-10-23 01:12:34 INFO: 01:12:34.355 [main] [INFO ] q.l.p.CommandLineTaskRunner$CommandLineProgressMonitor - Tasks completed!
2024-10-23 01:14:56 INFO: TCGA-GI-A2C8-01Z-00-DX1.09BD8AC9-645A-4C8B-9B36-77D833BDBA09
2024-10-23 01:14:56 INFO: QuPath subprocess completed.
2024-10-23 01:15:07 INFO: QuPath image extraction completed successfully. Output directory: /home/ilants/Documents/jupyter_test/single_image_multiple_params/exp_sigmaMicrons_1.25
2024-10-23 01:15:07 INFO: Summary table saved to: /home/ilants/Documents/jupyter_test/single_image_multiple_params/exp_sigmaMicrons_1.25/Summary_Table.csv
2024-10-23 01:15:07 INFO: Experiment completed successfully.
