2024-10-22 23:02:52 INFO: Starting experiment with for threshold with value of 0.15
2024-10-22 23:02:52 INFO: Running with the following configuration:
{'detectionImageBrightfield': 'Hematoxylin OD', 'requestedPixelSizeMicrons': 0.5, 'backgroundRadiusMicrons': 4.0, 'backgroundByReconstruction': True, 'medianRadiusMicrons': 0.0, 'sigmaMicrons': 1.5, 'minAreaMicrons': 10.0, 'maxAreaMicrons': 80.0, 'threshold': 0.15, 'maxBackground': 2.0, 'watershedPostProcess': True, 'cellExpansionMicrons': 5.0, 'includeNuclei': True, 'smoothBoundaries': True, 'makeMeasurements': True, 'backgroundRadiusPixel': 8.0, 'cellExpansionPixel': 10.0, 'medianRadiusPixel': 0.0, 'minAreaPixel': 20.0, 'maxAreaPixel': 160.0}
2024-10-22 23:02:52 INFO: Starting QuPath image extraction with the following parameters: image_dir=/home/ilants/Documents/jupyter_test, output_dir=/home/ilants/Documents/jupyter_test/single_image_multiple_params/exp_threshold_0.15, image_type=svs, groovy_script=/home/ilants/Documents/utls/nucleus_detection_wargs.groovy, config_file=/home/ilants/Documents/jupyter_test/single_image_multiple_params/exp_threshold_0.15/cfg.json, program_path=/home/ilants/Documents/QuPath-v0.5.1-Linux/QuPath/bin/QuPath
2024-10-22 23:02:53 INFO: 23:02:53.673 [main] [INFO ] qupath.lib.gui.prefs.PathPrefs - Setting default Locale to en_US
2024-10-22 23:02:53 INFO: 23:02:53.676 [main] [INFO ] qupath.lib.gui.prefs.PathPrefs - Setting Locale for FORMAT to en_US
2024-10-22 23:02:53 INFO: 23:02:53.676 [main] [INFO ] qupath.lib.gui.prefs.PathPrefs - Setting Locale for DISPLAY to en_US
2024-10-22 23:02:53 INFO: 23:02:53.690 [main] [INFO ] qupath.lib.common.ThreadTools - Setting parallelism to 63
2024-10-22 23:02:53 INFO: 23:02:53.709 [main] [INFO ] qupath.ScriptCommand - Setting tile cache size to 32200.00 MB (25.0% max memory)
2024-10-22 23:02:53 INFO: 23:02:53.751 [main] [INFO ] qupath.lib.scripting.QP - Initializing type adapters
2024-10-22 23:02:53 INFO: Warning: Versions of org.bytedeco:javacpp:1.5.9 and org.bytedeco:opencv:4.6.0-1.5.8 do not match.
2024-10-22 23:02:53 INFO: Warning: Versions of org.bytedeco:javacpp:1.5.9 and org.bytedeco:openblas:0.3.21-1.5.8 do not match.
2024-10-22 23:02:55 INFO: project parameters are: {"detectionImageBrightfield": "Hematoxylin OD","requestedPixelSizeMicrons": 0.5,"backgroundRadiusMicrons": 4.0,"backgroundByReconstruction": true,"medianRadiusMicrons": 0.0,"sigmaMicrons": 1.5,"minAreaMicrons": 10.0,"maxAreaMicrons": 80.0,"threshold": 0.15,"maxBackground": 2.0,"watershedPostProcess": true,"cellExpansionMicrons": 5.0,"includeNuclei": true,"smoothBoundaries": true,"makeMeasurements": true,"backgroundRadiusPixel": 8.0,"cellExpansionPixel": 10.0,"medianRadiusPixel": 0.0,"minAreaPixel": 20.0,"maxAreaPixel": 160.0}
2024-10-22 23:02:55 INFO: New project created at: /home/ilants/Documents/jupyter_test/single_image_multiple_params/exp_threshold_0.15/QPProject
2024-10-22 23:02:55 INFO: Added: /home/ilants/Documents/jupyter_test/TCGA-GI-A2C8-01Z-00-DX1.09BD8AC9-645A-4C8B-9B36-77D833BDBA09.svs
2024-10-22 23:02:55 INFO: /home/ilants/Documents/jupyter_test/TCGA-GI-A2C8-01Z-00-DX1.09BD8AC9-645A-4C8B-9B36-77D833BDBA09.svs
2024-10-22 23:02:55 INFO: 23:02:55.642 [main] [INFO ] q.l.i.s.b.BioFormatsServerOptions - Setting max Bio-Formats readers to 32
2024-10-22 23:02:56 INFO: UriImageSupport (class qupath.lib.images.servers.bioformats.BioFormatsServerBuilder) support=3.0, builders=1
2024-10-22 23:02:56 INFO: true
2024-10-22 23:02:56 INFO: 23:02:56.294 [main] [WARN ] qupath.lib.scripting.QP - createSelectAllObject(boolean) is deprecated, use createFullImageAnnotation(boolean) instead
2024-10-22 23:02:56 INFO: 23:02:56.294 [main] [WARN ] qupath.lib.scripting.QP - createSelectAllObject(boolean, int, int) is deprecated, use createFullImageAnnotation(boolean, int, int) instead
2024-10-22 23:02:56 INFO: 23:02:56.306 [main] [WARN ] q.l.plugins.parameters.ParameterList - Unable to set parameter backgroundRadiusPixel with value 8.0
2024-10-22 23:02:56 INFO: 23:02:56.306 [main] [WARN ] q.l.plugins.parameters.ParameterList - Unable to set parameter cellExpansionPixel with value 10.0
2024-10-22 23:02:56 INFO: 23:02:56.306 [main] [WARN ] q.l.plugins.parameters.ParameterList - Unable to set parameter medianRadiusPixel with value 0.0
2024-10-22 23:02:56 INFO: 23:02:56.306 [main] [WARN ] q.l.plugins.parameters.ParameterList - Unable to set parameter minAreaPixel with value 20.0
2024-10-22 23:02:56 INFO: 23:02:56.306 [main] [WARN ] q.l.plugins.parameters.ParameterList - Unable to set parameter maxAreaPixel with value 160.0
2024-10-22 23:03:08 INFO: 23:03:08.186 [task-runner-1-48] [INFO ] q.lib.plugins.DetectionPluginTools - 0 nuclei detected (processing time: 11.75 seconds)
2024-10-22 23:03:08 INFO: 23:03:08.189 [main] [INFO ] q.l.p.CommandLineTaskRunner$CommandLineProgressMonitor - 0 nuclei detected (1%)
2024-10-22 23:03:09 INFO: 23:03:09.712 [task-runner-1-3] [INFO ] q.lib.plugins.DetectionPluginTools - 0 nuclei detected (processing time: 13.29 seconds)
2024-10-22 23:03:09 INFO: 23:03:09.718 [task-runner-1-1] [INFO ] q.lib.plugins.DetectionPluginTools - 0 nuclei detected (processing time: 13.29 seconds)
2024-10-22 23:03:09 INFO: 23:03:09.720 [task-runner-1-11] [INFO ] q.lib.plugins.DetectionPluginTools - 1 nucleus detected (processing time: 13.29 seconds)
2024-10-22 23:03:09 INFO: 23:03:09.720 [task-runner-1-30] [INFO ] q.lib.plugins.DetectionPluginTools - 1 nucleus detected (processing time: 13.29 seconds)
2024-10-22 23:03:09 INFO: 23:03:09.723 [main] [INFO ] q.l.p.CommandLineTaskRunner$CommandLineProgressMonitor - 1 nucleus detected (2%)
2024-10-22 23:03:09 INFO: 23:03:09.723 [main] [INFO ] q.l.p.CommandLineTaskRunner$CommandLineProgressMonitor - 0 nuclei detected (3%)
2024-10-22 23:03:09 INFO: 23:03:09.723 [main] [INFO ] q.l.p.CommandLineTaskRunner$CommandLineProgressMonitor - 1 nucleus detected (3%)
2024-10-22 23:03:09 INFO: 23:03:09.727 [task-runner-1-14] [INFO ] q.lib.plugins.DetectionPluginTools - 1 nucleus detected (processing time: 13.30 seconds)
2024-10-22 23:03:09 INFO: 23:03:09.728 [main] [INFO ] q.l.p.CommandLineTaskRunner$CommandLineProgressMonitor - 1 nucleus detected (4%)
2024-10-22 23:03:09 INFO: 23:03:09.729 [task-runner-1-13] [INFO ] q.lib.plugins.DetectionPluginTools - 6 nuclei detected (processing time: 13.30 seconds)
2024-10-22 23:03:09 INFO: 23:03:09.729 [main] [INFO ] q.l.p.CommandLineTaskRunner$CommandLineProgressMonitor - 6 nuclei detected (4%)
2024-10-22 23:03:09 INFO: 23:03:09.731 [task-runner-1-9] [INFO ] q.lib.plugins.DetectionPluginTools - 0 nuclei detected (processing time: 13.30 seconds)
2024-10-22 23:03:09 INFO: 23:03:09.731 [main] [INFO ] q.l.p.CommandLineTaskRunner$CommandLineProgressMonitor - 0 nuclei detected (5%)
2024-10-22 23:03:09 INFO: 23:03:09.733 [task-runner-1-10] [INFO ] q.lib.plugins.DetectionPluginTools - 1 nucleus detected (processing time: 13.31 seconds)
2024-10-22 23:03:09 INFO: 23:03:09.734 [main] [INFO ] q.l.p.CommandLineTaskRunner$CommandLineProgressMonitor - 1 nucleus detected (6%)
2024-10-22 23:03:09 INFO: 23:03:09.737 [task-runner-1-4] [INFO ] q.lib.plugins.DetectionPluginTools - 0 nuclei detected (processing time: 13.31 seconds)
2024-10-22 23:03:09 INFO: 23:03:09.737 [main] [INFO ] q.l.p.CommandLineTaskRunner$CommandLineProgressMonitor - 0 nuclei detected (6%)
2024-10-22 23:03:09 INFO: 23:03:09.739 [task-runner-1-16] [INFO ] q.lib.plugins.DetectionPluginTools - 0 nuclei detected (processing time: 13.31 seconds)
2024-10-22 23:03:09 INFO: 23:03:09.740 [main] [INFO ] q.l.p.CommandLineTaskRunner$CommandLineProgressMonitor - 0 nuclei detected (7%)
2024-10-22 23:03:09 INFO: 23:03:09.740 [task-runner-1-32] [INFO ] q.lib.plugins.DetectionPluginTools - 0 nuclei detected (processing time: 13.31 seconds)
2024-10-22 23:03:09 INFO: 23:03:09.741 [main] [INFO ] q.l.p.CommandLineTaskRunner$CommandLineProgressMonitor - 0 nuclei detected (8%)
2024-10-22 23:03:09 INFO: 23:03:09.746 [task-runner-1-17] [INFO ] q.lib.plugins.DetectionPluginTools - 2 nuclei detected (processing time: 13.32 seconds)
2024-10-22 23:03:09 INFO: 23:03:09.747 [main] [INFO ] q.l.p.CommandLineTaskRunner$CommandLineProgressMonitor - 2 nuclei detected (8%)
2024-10-22 23:03:09 INFO: 23:03:09.748 [task-runner-1-29] [INFO ] q.lib.plugins.DetectionPluginTools - 5 nuclei detected (processing time: 13.32 seconds)
2024-10-22 23:03:09 INFO: 23:03:09.751 [main] [INFO ] q.l.p.CommandLineTaskRunner$CommandLineProgressMonitor - 5 nuclei detected (9%)
2024-10-22 23:03:09 INFO: 23:03:09.751 [task-runner-1-15] [INFO ] q.lib.plugins.DetectionPluginTools - 0 nuclei detected (processing time: 13.32 seconds)
2024-10-22 23:03:09 INFO: 23:03:09.751 [main] [INFO ] q.l.p.CommandLineTaskRunner$CommandLineProgressMonitor - 0 nuclei detected (9%)
2024-10-22 23:03:09 INFO: 23:03:09.752 [task-runner-1-12] [INFO ] q.lib.plugins.DetectionPluginTools - 0 nuclei detected (processing time: 13.32 seconds)
2024-10-22 23:03:09 INFO: 23:03:09.752 [main] [INFO ] q.l.p.CommandLineTaskRunner$CommandLineProgressMonitor - 0 nuclei detected (10%)
2024-10-22 23:03:09 INFO: 23:03:09.756 [task-runner-1-27] [INFO ] q.lib.plugins.DetectionPluginTools - 1 nucleus detected (processing time: 13.32 seconds)
2024-10-22 23:03:09 INFO: 23:03:09.756 [main] [INFO ] q.l.p.CommandLineTaskRunner$CommandLineProgressMonitor - 1 nucleus detected (11%)
2024-10-22 23:03:09 INFO: 23:03:09.759 [task-runner-1-6] [INFO ] q.lib.plugins.DetectionPluginTools - 1 nucleus detected (processing time: 13.33 seconds)
2024-10-22 23:03:09 INFO: 23:03:09.767 [task-runner-1-31] [INFO ] q.lib.plugins.DetectionPluginTools - 12 nuclei detected (processing time: 13.33 seconds)
2024-10-22 23:03:09 INFO: 23:03:09.768 [main] [INFO ] q.l.p.CommandLineTaskRunner$CommandLineProgressMonitor - 12 nuclei detected (12%)
2024-10-22 23:03:09 INFO: 23:03:09.788 [task-runner-1-28] [INFO ] q.lib.plugins.DetectionPluginTools - 12 nuclei detected (processing time: 13.35 seconds)
2024-10-22 23:03:09 INFO: 23:03:09.789 [task-runner-1-8] [INFO ] q.lib.plugins.DetectionPluginTools - 0 nuclei detected (processing time: 13.36 seconds)
2024-10-22 23:03:09 INFO: 23:03:09.789 [main] [INFO ] q.l.p.CommandLineTaskRunner$CommandLineProgressMonitor - 0 nuclei detected (13%)
2024-10-22 23:03:09 INFO: 23:03:09.790 [main] [INFO ] q.l.p.CommandLineTaskRunner$CommandLineProgressMonitor - 12 nuclei detected (13%)
2024-10-22 23:03:09 INFO: 23:03:09.810 [task-runner-1-7] [INFO ] q.lib.plugins.DetectionPluginTools - 0 nuclei detected (processing time: 13.38 seconds)
2024-10-22 23:03:09 INFO: 23:03:09.811 [main] [INFO ] q.l.p.CommandLineTaskRunner$CommandLineProgressMonitor - 0 nuclei detected (14%)
2024-10-22 23:03:09 INFO: 23:03:09.830 [task-runner-1-2] [INFO ] q.lib.plugins.DetectionPluginTools - 0 nuclei detected (processing time: 13.40 seconds)
2024-10-22 23:03:09 INFO: 23:03:09.840 [task-runner-1-46] [INFO ] q.lib.plugins.DetectionPluginTools - 31 nuclei detected (processing time: 13.40 seconds)
2024-10-22 23:03:09 INFO: 23:03:09.841 [main] [INFO ] q.l.p.CommandLineTaskRunner$CommandLineProgressMonitor - 31 nuclei detected (15%)
2024-10-22 23:03:09 INFO: 23:03:09.858 [task-runner-1-47] [INFO ] q.lib.plugins.DetectionPluginTools - 3 nuclei detected (processing time: 13.42 seconds)
2024-10-22 23:03:09 INFO: 23:03:09.861 [main] [INFO ] q.l.p.CommandLineTaskRunner$CommandLineProgressMonitor - 3 nuclei detected (16%)
2024-10-22 23:03:09 INFO: 23:03:09.920 [task-runner-1-26] [INFO ] q.lib.plugins.DetectionPluginTools - 37 nuclei detected (processing time: 13.49 seconds)
2024-10-22 23:03:09 INFO: 23:03:09.923 [main] [INFO ] q.l.p.CommandLineTaskRunner$CommandLineProgressMonitor - 37 nuclei detected (16%)
2024-10-22 23:03:09 INFO: 23:03:09.970 [task-runner-1-45] [INFO ] q.lib.plugins.DetectionPluginTools - 80 nuclei detected (processing time: 13.53 seconds)
2024-10-22 23:03:09 INFO: 23:03:09.970 [main] [INFO ] q.l.p.CommandLineTaskRunner$CommandLineProgressMonitor - 80 nuclei detected (17%)
2024-10-22 23:03:09 INFO: 23:03:09.977 [task-runner-1-5] [INFO ] q.lib.plugins.DetectionPluginTools - 50 nuclei detected (processing time: 13.55 seconds)
2024-10-22 23:03:09 INFO: 23:03:09.977 [main] [INFO ] q.l.p.CommandLineTaskRunner$CommandLineProgressMonitor - 50 nuclei detected (18%)
2024-10-22 23:03:10 INFO: 23:03:10.040 [task-runner-1-49] [INFO ] q.lib.plugins.DetectionPluginTools - 114 nuclei detected (processing time: 13.60 seconds)
2024-10-22 23:03:10 INFO: 23:03:10.042 [main] [INFO ] q.l.p.CommandLineTaskRunner$CommandLineProgressMonitor - 114 nuclei detected (18%)
2024-10-22 23:03:10 INFO: 23:03:10.055 [task-runner-1-63] [INFO ] q.lib.plugins.DetectionPluginTools - 93 nuclei detected (processing time: 13.62 seconds)
2024-10-22 23:03:10 INFO: 23:03:10.056 [main] [INFO ] q.l.p.CommandLineTaskRunner$CommandLineProgressMonitor - 93 nuclei detected (19%)
2024-10-22 23:03:10 INFO: 23:03:10.071 [task-runner-1-19] [INFO ] q.lib.plugins.DetectionPluginTools - 127 nuclei detected (processing time: 13.63 seconds)
2024-10-22 23:03:10 INFO: 23:03:10.144 [main] [INFO ] q.l.p.CommandLineTaskRunner$CommandLineProgressMonitor - 127 nuclei detected (19%)
2024-10-22 23:03:10 INFO: 23:03:10.159 [task-runner-1-62] [INFO ] q.lib.plugins.DetectionPluginTools - 169 nuclei detected (processing time: 13.72 seconds)
2024-10-22 23:03:10 INFO: 23:03:10.160 [main] [INFO ] q.l.p.CommandLineTaskRunner$CommandLineProgressMonitor - 169 nuclei detected (20%)
2024-10-22 23:03:10 INFO: 23:03:10.221 [task-runner-1-61] [INFO ] q.lib.plugins.DetectionPluginTools - 154 nuclei detected (processing time: 13.78 seconds)
2024-10-22 23:03:10 INFO: 23:03:10.222 [main] [INFO ] q.l.p.CommandLineTaskRunner$CommandLineProgressMonitor - 154 nuclei detected (21%)
2024-10-22 23:03:10 INFO: 23:03:10.224 [task-runner-1-44] [INFO ] q.lib.plugins.DetectionPluginTools - 173 nuclei detected (processing time: 13.79 seconds)
2024-10-22 23:03:10 INFO: 23:03:10.224 [main] [INFO ] q.l.p.CommandLineTaskRunner$CommandLineProgressMonitor - 173 nuclei detected (21%)
2024-10-22 23:03:10 INFO: 23:03:10.281 [task-runner-1-33] [INFO ] q.lib.plugins.DetectionPluginTools - 227 nuclei detected (processing time: 13.85 seconds)
2024-10-22 23:03:10 INFO: 23:03:10.282 [main] [INFO ] q.l.p.CommandLineTaskRunner$CommandLineProgressMonitor - 227 nuclei detected (22%)
2024-10-22 23:03:10 INFO: 23:03:10.286 [task-runner-1-18] [INFO ] q.lib.plugins.DetectionPluginTools - 211 nuclei detected (processing time: 13.86 seconds)
2024-10-22 23:03:10 INFO: 23:03:10.286 [main] [INFO ] q.l.p.CommandLineTaskRunner$CommandLineProgressMonitor - 211 nuclei detected (23%)
2024-10-22 23:03:10 INFO: 23:03:10.293 [task-runner-1-35] [INFO ] q.lib.plugins.DetectionPluginTools - 236 nuclei detected (processing time: 13.86 seconds)
2024-10-22 23:03:10 INFO: 23:03:10.299 [main] [INFO ] q.l.p.CommandLineTaskRunner$CommandLineProgressMonitor - 236 nuclei detected (23%)
2024-10-22 23:03:10 INFO: 23:03:10.306 [task-runner-1-25] [INFO ] q.lib.plugins.DetectionPluginTools - 295 nuclei detected (processing time: 13.87 seconds)
2024-10-22 23:03:10 INFO: 23:03:10.308 [main] [INFO ] q.l.p.CommandLineTaskRunner$CommandLineProgressMonitor - 295 nuclei detected (24%)
2024-10-22 23:03:10 INFO: 23:03:10.417 [task-runner-1-50] [INFO ] q.lib.plugins.DetectionPluginTools - 259 nuclei detected (processing time: 13.98 seconds)
2024-10-22 23:03:10 INFO: 23:03:10.421 [main] [INFO ] q.l.p.CommandLineTaskRunner$CommandLineProgressMonitor - 259 nuclei detected (24%)
2024-10-22 23:03:10 INFO: 23:03:10.438 [task-runner-1-34] [INFO ] q.lib.plugins.DetectionPluginTools - 349 nuclei detected (processing time: 14.00 seconds)
2024-10-22 23:03:10 INFO: 23:03:10.440 [main] [INFO ] q.l.p.CommandLineTaskRunner$CommandLineProgressMonitor - 349 nuclei detected (25%)
2024-10-22 23:03:10 INFO: 23:03:10.505 [task-runner-1-20] [INFO ] q.lib.plugins.DetectionPluginTools - 644 nuclei detected (processing time: 14.07 seconds)
2024-10-22 23:03:10 INFO: 23:03:10.506 [main] [INFO ] q.l.p.CommandLineTaskRunner$CommandLineProgressMonitor - 644 nuclei detected (26%)
2024-10-22 23:03:10 INFO: 23:03:10.731 [task-runner-1-43] [INFO ] q.lib.plugins.DetectionPluginTools - 839 nuclei detected (processing time: 14.30 seconds)
2024-10-22 23:03:10 INFO: 23:03:10.732 [main] [INFO ] q.l.p.CommandLineTaskRunner$CommandLineProgressMonitor - 839 nuclei detected (26%)
2024-10-22 23:03:10 INFO: 23:03:10.756 [task-runner-1-23] [INFO ] q.lib.plugins.DetectionPluginTools - 851 nuclei detected (processing time: 14.33 seconds)
2024-10-22 23:03:10 INFO: 23:03:10.757 [main] [INFO ] q.l.p.CommandLineTaskRunner$CommandLineProgressMonitor - 851 nuclei detected (27%)
2024-10-22 23:03:13 INFO: 23:03:13.764 [task-runner-1-48] [INFO ] q.lib.plugins.DetectionPluginTools - 0 nuclei detected (processing time: 5.58 seconds)
2024-10-22 23:03:13 INFO: 23:03:13.766 [main] [INFO ] q.l.p.CommandLineTaskRunner$CommandLineProgressMonitor - 0 nuclei detected (28%)
2024-10-22 23:03:14 INFO: 23:03:14.407 [task-runner-1-51] [INFO ] q.lib.plugins.DetectionPluginTools - 738 nuclei detected (processing time: 17.97 seconds)
2024-10-22 23:03:14 INFO: 23:03:14.408 [main] [INFO ] q.l.p.CommandLineTaskRunner$CommandLineProgressMonitor - 738 nuclei detected (28%)
2024-10-22 23:03:14 INFO: 23:03:14.430 [task-runner-1-24] [INFO ] q.lib.plugins.DetectionPluginTools - 908 nuclei detected (processing time: 18.00 seconds)
2024-10-22 23:03:14 INFO: 23:03:14.431 [main] [INFO ] q.l.p.CommandLineTaskRunner$CommandLineProgressMonitor - 908 nuclei detected (29%)
2024-10-22 23:03:14 INFO: 23:03:14.542 [task-runner-1-22] [INFO ] q.lib.plugins.DetectionPluginTools - 1270 nuclei detected (processing time: 18.11 seconds)
2024-10-22 23:03:14 INFO: 23:03:14.543 [task-runner-1-60] [INFO ] q.lib.plugins.DetectionPluginTools - 934 nuclei detected (processing time: 18.10 seconds)
2024-10-22 23:03:14 INFO: 23:03:14.543 [main] [INFO ] q.l.p.CommandLineTaskRunner$CommandLineProgressMonitor - 1270 nuclei detected (29%)
2024-10-22 23:03:14 INFO: 23:03:14.544 [main] [INFO ] q.l.p.CommandLineTaskRunner$CommandLineProgressMonitor - 934 nuclei detected (30%)
2024-10-22 23:03:14 INFO: 23:03:14.766 [task-runner-1-52] [INFO ] q.lib.plugins.DetectionPluginTools - 2245 nuclei detected (processing time: 18.33 seconds)
2024-10-22 23:03:14 INFO: 23:03:14.767 [main] [INFO ] q.l.p.CommandLineTaskRunner$CommandLineProgressMonitor - 2245 nuclei detected (31%)
2024-10-22 23:03:15 INFO: 23:03:15.188 [task-runner-1-40] [INFO ] q.lib.plugins.DetectionPluginTools - 1916 nuclei detected (processing time: 18.75 seconds)
2024-10-22 23:03:15 INFO: 23:03:15.189 [main] [INFO ] q.l.p.CommandLineTaskRunner$CommandLineProgressMonitor - 1916 nuclei detected (31%)
2024-10-22 23:03:15 INFO: 23:03:15.296 [task-runner-1-59] [INFO ] q.lib.plugins.DetectionPluginTools - 2499 nuclei detected (processing time: 18.86 seconds)
2024-10-22 23:03:15 INFO: 23:03:15.297 [main] [INFO ] q.l.p.CommandLineTaskRunner$CommandLineProgressMonitor - 2499 nuclei detected (32%)
2024-10-22 23:03:15 INFO: 23:03:15.323 [task-runner-1-36] [INFO ] q.lib.plugins.DetectionPluginTools - 1885 nuclei detected (processing time: 18.89 seconds)
2024-10-22 23:03:15 INFO: 23:03:15.325 [main] [INFO ] q.l.p.CommandLineTaskRunner$CommandLineProgressMonitor - 1885 nuclei detected (33%)
2024-10-22 23:03:15 INFO: 23:03:15.810 [task-runner-1-21] [INFO ] q.lib.plugins.DetectionPluginTools - 3611 nuclei detected (processing time: 19.38 seconds)
2024-10-22 23:03:15 INFO: 23:03:15.811 [main] [INFO ] q.l.p.CommandLineTaskRunner$CommandLineProgressMonitor - 3611 nuclei detected (33%)
2024-10-22 23:03:15 INFO: 23:03:15.842 [task-runner-1-42] [INFO ] q.lib.plugins.DetectionPluginTools - 2348 nuclei detected (processing time: 19.41 seconds)
2024-10-22 23:03:15 INFO: 23:03:15.843 [main] [INFO ] q.l.p.CommandLineTaskRunner$CommandLineProgressMonitor - 2348 nuclei detected (34%)
2024-10-22 23:03:15 INFO: 23:03:15.990 [task-runner-1-41] [INFO ] q.lib.plugins.DetectionPluginTools - 2174 nuclei detected (processing time: 19.56 seconds)
2024-10-22 23:03:15 INFO: 23:03:15.992 [main] [INFO ] q.l.p.CommandLineTaskRunner$CommandLineProgressMonitor - 2174 nuclei detected (34%)
2024-10-22 23:03:16 INFO: 23:03:16.084 [task-runner-1-58] [INFO ] q.lib.plugins.DetectionPluginTools - 2347 nuclei detected (processing time: 19.65 seconds)
2024-10-22 23:03:16 INFO: 23:03:16.085 [main] [INFO ] q.l.p.CommandLineTaskRunner$CommandLineProgressMonitor - 2347 nuclei detected (35%)
2024-10-22 23:03:16 INFO: 23:03:16.427 [task-runner-1-27] [INFO ] q.lib.plugins.DetectionPluginTools - 0 nuclei detected (processing time: 6.67 seconds)
2024-10-22 23:03:16 INFO: 23:03:16.428 [main] [INFO ] q.l.p.CommandLineTaskRunner$CommandLineProgressMonitor - 0 nuclei detected (36%)
2024-10-22 23:03:16 INFO: 23:03:16.663 [task-runner-1-39] [INFO ] q.lib.plugins.DetectionPluginTools - 2587 nuclei detected (processing time: 20.23 seconds)
2024-10-22 23:03:16 INFO: 23:03:16.665 [main] [INFO ] q.l.p.CommandLineTaskRunner$CommandLineProgressMonitor - 2587 nuclei detected (36%)
2024-10-22 23:03:17 INFO: 23:03:17.241 [task-runner-1-62] [INFO ] q.lib.plugins.DetectionPluginTools - 59 nuclei detected (processing time: 7.08 seconds)
2024-10-22 23:03:17 INFO: 23:03:17.278 [main] [INFO ] q.l.p.CommandLineTaskRunner$CommandLineProgressMonitor - 59 nuclei detected (37%)
2024-10-22 23:03:17 INFO: 23:03:17.444 [task-runner-1-38] [INFO ] q.lib.plugins.DetectionPluginTools - 3627 nuclei detected (processing time: 21.01 seconds)
2024-10-22 23:03:17 INFO: 23:03:17.445 [main] [INFO ] q.l.p.CommandLineTaskRunner$CommandLineProgressMonitor - 3627 nuclei detected (38%)
2024-10-22 23:03:17 INFO: 23:03:17.662 [task-runner-1-61] [INFO ] q.lib.plugins.DetectionPluginTools - 3 nuclei detected (processing time: 7.44 seconds)
2024-10-22 23:03:17 INFO: 23:03:17.670 [task-runner-1-3] [INFO ] q.lib.plugins.DetectionPluginTools - 94 nuclei detected (processing time: 7.96 seconds)
2024-10-22 23:03:17 INFO: 23:03:17.672 [main] [INFO ] q.l.p.CommandLineTaskRunner$CommandLineProgressMonitor - 94 nuclei detected (38%)
2024-10-22 23:03:17 INFO: 23:03:17.685 [main] [INFO ] q.l.p.CommandLineTaskRunner$CommandLineProgressMonitor - 3 nuclei detected (39%)
2024-10-22 23:03:17 INFO: 23:03:17.973 [task-runner-1-31] [INFO ] q.lib.plugins.DetectionPluginTools - 106 nuclei detected (processing time: 8.21 seconds)
2024-10-22 23:03:17 INFO: 23:03:17.974 [main] [INFO ] q.l.p.CommandLineTaskRunner$CommandLineProgressMonitor - 106 nuclei detected (39%)
2024-10-22 23:03:17 INFO: 23:03:17.986 [task-runner-1-12] [INFO ] q.lib.plugins.DetectionPluginTools - 159 nuclei detected (processing time: 8.23 seconds)
2024-10-22 23:03:17 INFO: 23:03:17.986 [main] [INFO ] q.l.p.CommandLineTaskRunner$CommandLineProgressMonitor - 159 nuclei detected (40%)
2024-10-22 23:03:18 INFO: 23:03:18.017 [task-runner-1-6] [INFO ] q.lib.plugins.DetectionPluginTools - 102 nuclei detected (processing time: 8.26 seconds)
2024-10-22 23:03:18 INFO: 23:03:18.018 [main] [INFO ] q.l.p.CommandLineTaskRunner$CommandLineProgressMonitor - 102 nuclei detected (41%)
2024-10-22 23:03:18 INFO: 23:03:18.406 [task-runner-1-11] [INFO ] q.lib.plugins.DetectionPluginTools - 306 nuclei detected (processing time: 8.68 seconds)
2024-10-22 23:03:18 INFO: 23:03:18.407 [main] [INFO ] q.l.p.CommandLineTaskRunner$CommandLineProgressMonitor - 306 nuclei detected (41%)
2024-10-22 23:03:18 INFO: 23:03:18.547 [task-runner-1-57] [INFO ] q.lib.plugins.DetectionPluginTools - 2901 nuclei detected (processing time: 22.11 seconds)
2024-10-22 23:03:18 INFO: 23:03:18.549 [main] [INFO ] q.l.p.CommandLineTaskRunner$CommandLineProgressMonitor - 2901 nuclei detected (42%)
2024-10-22 23:03:18 INFO: 23:03:18.797 [task-runner-1-1] [INFO ] q.lib.plugins.DetectionPluginTools - 362 nuclei detected (processing time: 9.07 seconds)
2024-10-22 23:03:18 INFO: 23:03:18.799 [main] [INFO ] q.l.p.CommandLineTaskRunner$CommandLineProgressMonitor - 362 nuclei detected (43%)
2024-10-22 23:03:18 INFO: 23:03:18.874 [task-runner-1-56] [INFO ] q.lib.plugins.DetectionPluginTools - 3650 nuclei detected (processing time: 22.44 seconds)
2024-10-22 23:03:18 INFO: 23:03:18.875 [main] [INFO ] q.l.p.CommandLineTaskRunner$CommandLineProgressMonitor - 3650 nuclei detected (43%)
2024-10-22 23:03:19 INFO: 23:03:19.036 [task-runner-1-44] [INFO ] q.lib.plugins.DetectionPluginTools - 131 nuclei detected (processing time: 8.81 seconds)
2024-10-22 23:03:19 INFO: 23:03:19.038 [main] [INFO ] q.l.p.CommandLineTaskRunner$CommandLineProgressMonitor - 131 nuclei detected (44%)
2024-10-22 23:03:19 INFO: 23:03:19.069 [task-runner-1-37] [INFO ] q.lib.plugins.DetectionPluginTools - 4209 nuclei detected (processing time: 22.64 seconds)
2024-10-22 23:03:19 INFO: 23:03:19.071 [main] [INFO ] q.l.p.CommandLineTaskRunner$CommandLineProgressMonitor - 4209 nuclei detected (44%)
2024-10-22 23:03:19 INFO: 23:03:19.145 [task-runner-1-33] [INFO ] q.lib.plugins.DetectionPluginTools - 118 nuclei detected (processing time: 8.86 seconds)
2024-10-22 23:03:19 INFO: 23:03:19.149 [main] [INFO ] q.l.p.CommandLineTaskRunner$CommandLineProgressMonitor - 118 nuclei detected (45%)
2024-10-22 23:03:19 INFO: 23:03:19.176 [task-runner-1-18] [INFO ] q.lib.plugins.DetectionPluginTools - 184 nuclei detected (processing time: 8.89 seconds)
2024-10-22 23:03:19 INFO: 23:03:19.178 [main] [INFO ] q.l.p.CommandLineTaskRunner$CommandLineProgressMonitor - 184 nuclei detected (46%)
2024-10-22 23:03:19 INFO: 23:03:19.251 [task-runner-1-55] [INFO ] q.lib.plugins.DetectionPluginTools - 2878 nuclei detected (processing time: 22.81 seconds)
2024-10-22 23:03:19 INFO: 23:03:19.252 [main] [INFO ] q.l.p.CommandLineTaskRunner$CommandLineProgressMonitor - 2878 nuclei detected (46%)
2024-10-22 23:03:19 INFO: 23:03:19.349 [task-runner-1-54] [INFO ] q.lib.plugins.DetectionPluginTools - 4282 nuclei detected (processing time: 22.91 seconds)
2024-10-22 23:03:19 INFO: 23:03:19.351 [main] [INFO ] q.l.p.CommandLineTaskRunner$CommandLineProgressMonitor - 4282 nuclei detected (47%)
2024-10-22 23:03:20 INFO: 23:03:20.182 [task-runner-1-8] [INFO ] q.lib.plugins.DetectionPluginTools - 720 nuclei detected (processing time: 10.39 seconds)
2024-10-22 23:03:20 INFO: 23:03:20.184 [main] [INFO ] q.l.p.CommandLineTaskRunner$CommandLineProgressMonitor - 720 nuclei detected (48%)
2024-10-22 23:03:20 INFO: 23:03:20.712 [task-runner-1-15] [INFO ] q.lib.plugins.DetectionPluginTools - 666 nuclei detected (processing time: 10.96 seconds)
2024-10-22 23:03:20 INFO: 23:03:20.713 [task-runner-1-52] [INFO ] q.lib.plugins.DetectionPluginTools - 0 nuclei detected (processing time: 5.95 seconds)
2024-10-22 23:03:20 INFO: 23:03:20.714 [main] [INFO ] q.l.p.CommandLineTaskRunner$CommandLineProgressMonitor - 666 nuclei detected (48%)
2024-10-22 23:03:20 INFO: 23:03:20.714 [main] [INFO ] q.l.p.CommandLineTaskRunner$CommandLineProgressMonitor - 0 nuclei detected (49%)
2024-10-22 23:03:20 INFO: 23:03:20.877 [task-runner-1-53] [INFO ] q.lib.plugins.DetectionPluginTools - 5746 nuclei detected (processing time: 24.44 seconds)
2024-10-22 23:03:20 INFO: 23:03:20.879 [main] [INFO ] q.l.p.CommandLineTaskRunner$CommandLineProgressMonitor - 5746 nuclei detected (49%)
2024-10-22 23:03:21 INFO: 23:03:21.258 [task-runner-1-22] [INFO ] q.lib.plugins.DetectionPluginTools - 37 nuclei detected (processing time: 6.71 seconds)
2024-10-22 23:03:21 INFO: 23:03:21.262 [main] [INFO ] q.l.p.CommandLineTaskRunner$CommandLineProgressMonitor - 37 nuclei detected (50%)
2024-10-22 23:03:22 INFO: 23:03:22.255 [task-runner-1-19] [INFO ] q.lib.plugins.DetectionPluginTools - 647 nuclei detected (processing time: 12.11 seconds)
2024-10-22 23:03:22 INFO: 23:03:22.257 [main] [INFO ] q.l.p.CommandLineTaskRunner$CommandLineProgressMonitor - 647 nuclei detected (51%)
2024-10-22 23:03:22 INFO: 23:03:22.557 [task-runner-1-40] [INFO ] q.lib.plugins.DetectionPluginTools - 274 nuclei detected (processing time: 7.37 seconds)
2024-10-22 23:03:22 INFO: 23:03:22.559 [main] [INFO ] q.l.p.CommandLineTaskRunner$CommandLineProgressMonitor - 274 nuclei detected (51%)
2024-10-22 23:03:23 INFO: 23:03:23.691 [task-runner-1-29] [INFO ] q.lib.plugins.DetectionPluginTools - 1278 nuclei detected (processing time: 13.94 seconds)
2024-10-22 23:03:23 INFO: 23:03:23.692 [main] [INFO ] q.l.p.CommandLineTaskRunner$CommandLineProgressMonitor - 1278 nuclei detected (52%)
2024-10-22 23:03:23 INFO: 23:03:23.701 [task-runner-1-59] [INFO ] q.lib.plugins.DetectionPluginTools - 205 nuclei detected (processing time: 8.40 seconds)
2024-10-22 23:03:23 INFO: 23:03:23.704 [main] [INFO ] q.l.p.CommandLineTaskRunner$CommandLineProgressMonitor - 205 nuclei detected (53%)
2024-10-22 23:03:24 INFO: 23:03:24.364 [task-runner-1-6] [INFO ] q.lib.plugins.DetectionPluginTools - 0 nuclei detected (processing time: 6.35 seconds)
2024-10-22 23:03:24 INFO: 23:03:24.366 [main] [INFO ] q.l.p.CommandLineTaskRunner$CommandLineProgressMonitor - 0 nuclei detected (53%)
2024-10-22 23:03:24 INFO: 23:03:24.714 [task-runner-1-12] [INFO ] q.lib.plugins.DetectionPluginTools - 0 nuclei detected (processing time: 6.73 seconds)
2024-10-22 23:03:24 INFO: 23:03:24.715 [main] [INFO ] q.l.p.CommandLineTaskRunner$CommandLineProgressMonitor - 0 nuclei detected (54%)
2024-10-22 23:03:24 INFO: 23:03:24.798 [task-runner-1-56] [INFO ] q.lib.plugins.DetectionPluginTools - 2 nuclei detected (processing time: 5.92 seconds)
2024-10-22 23:03:24 INFO: 23:03:24.800 [main] [INFO ] q.l.p.CommandLineTaskRunner$CommandLineProgressMonitor - 2 nuclei detected (54%)
2024-10-22 23:03:25 INFO: 23:03:25.124 [task-runner-1-33] [INFO ] q.lib.plugins.DetectionPluginTools - 0 nuclei detected (processing time: 5.97 seconds)
2024-10-22 23:03:25 INFO: 23:03:25.126 [main] [INFO ] q.l.p.CommandLineTaskRunner$CommandLineProgressMonitor - 0 nuclei detected (55%)
2024-10-22 23:03:25 INFO: 23:03:25.252 [task-runner-1-37] [INFO ] q.lib.plugins.DetectionPluginTools - 0 nuclei detected (processing time: 6.18 seconds)
2024-10-22 23:03:25 INFO: 23:03:25.253 [main] [INFO ] q.l.p.CommandLineTaskRunner$CommandLineProgressMonitor - 0 nuclei detected (56%)
2024-10-22 23:03:25 INFO: 23:03:25.367 [task-runner-1-55] [INFO ] q.lib.plugins.DetectionPluginTools - 17 nuclei detected (processing time: 6.11 seconds)
2024-10-22 23:03:25 INFO: 23:03:25.368 [main] [INFO ] q.l.p.CommandLineTaskRunner$CommandLineProgressMonitor - 17 nuclei detected (56%)
2024-10-22 23:03:25 INFO: 23:03:25.628 [task-runner-1-1] [INFO ] q.lib.plugins.DetectionPluginTools - 97 nuclei detected (processing time: 6.83 seconds)
2024-10-22 23:03:25 INFO: 23:03:25.630 [main] [INFO ] q.l.p.CommandLineTaskRunner$CommandLineProgressMonitor - 97 nuclei detected (57%)
2024-10-22 23:03:25 INFO: 23:03:25.647 [task-runner-1-44] [INFO ] q.lib.plugins.DetectionPluginTools - 8 nuclei detected (processing time: 6.61 seconds)
2024-10-22 23:03:25 INFO: 23:03:25.649 [main] [INFO ] q.l.p.CommandLineTaskRunner$CommandLineProgressMonitor - 8 nuclei detected (57%)
2024-10-22 23:03:25 INFO: 23:03:25.779 [task-runner-1-18] [INFO ] q.lib.plugins.DetectionPluginTools - 0 nuclei detected (processing time: 6.60 seconds)
2024-10-22 23:03:25 INFO: 23:03:25.784 [main] [INFO ] q.l.p.CommandLineTaskRunner$CommandLineProgressMonitor - 0 nuclei detected (58%)
2024-10-22 23:03:26 INFO: 23:03:26.010 [task-runner-1-11] [INFO ] q.lib.plugins.DetectionPluginTools - 104 nuclei detected (processing time: 7.60 seconds)
2024-10-22 23:03:26 INFO: 23:03:26.013 [main] [INFO ] q.l.p.CommandLineTaskRunner$CommandLineProgressMonitor - 104 nuclei detected (59%)
2024-10-22 23:03:26 INFO: 23:03:26.049 [task-runner-1-57] [INFO ] q.lib.plugins.DetectionPluginTools - 63 nuclei detected (processing time: 7.50 seconds)
2024-10-22 23:03:26 INFO: 23:03:26.051 [main] [INFO ] q.l.p.CommandLineTaskRunner$CommandLineProgressMonitor - 63 nuclei detected (59%)
2024-10-22 23:03:26 INFO: 23:03:26.371 [task-runner-1-54] [INFO ] q.lib.plugins.DetectionPluginTools - 337 nuclei detected (processing time: 7.02 seconds)
2024-10-22 23:03:26 INFO: 23:03:26.372 [main] [INFO ] q.l.p.CommandLineTaskRunner$CommandLineProgressMonitor - 337 nuclei detected (60%)
2024-10-22 23:03:26 INFO: 23:03:26.630 [task-runner-1-31] [INFO ] q.lib.plugins.DetectionPluginTools - 1011 nuclei detected (processing time: 8.66 seconds)
2024-10-22 23:03:26 INFO: 23:03:26.633 [main] [INFO ] q.l.p.CommandLineTaskRunner$CommandLineProgressMonitor - 1011 nuclei detected (61%)
2024-10-22 23:03:26 INFO: 23:03:26.641 [task-runner-1-36] [INFO ] q.lib.plugins.DetectionPluginTools - 229 nuclei detected (processing time: 11.32 seconds)
2024-10-22 23:03:26 INFO: 23:03:26.644 [main] [INFO ] q.l.p.CommandLineTaskRunner$CommandLineProgressMonitor - 229 nuclei detected (61%)
2024-10-22 23:03:27 INFO: 23:03:27.248 [task-runner-1-53] [INFO ] q.lib.plugins.DetectionPluginTools - 0 nuclei detected (processing time: 6.37 seconds)
2024-10-22 23:03:27 INFO: 23:03:27.251 [main] [INFO ] q.l.p.CommandLineTaskRunner$CommandLineProgressMonitor - 0 nuclei detected (62%)
2024-10-22 23:03:27 INFO: 23:03:27.552 [task-runner-1-22] [INFO ] q.lib.plugins.DetectionPluginTools - 0 nuclei detected (processing time: 6.29 seconds)
2024-10-22 23:03:27 INFO: 23:03:27.554 [main] [INFO ] q.l.p.CommandLineTaskRunner$CommandLineProgressMonitor - 0 nuclei detected (63%)
2024-10-22 23:03:28 INFO: 23:03:28.059 [task-runner-1-30] [INFO ] q.lib.plugins.DetectionPluginTools - 2444 nuclei detected (processing time: 18.34 seconds)
2024-10-22 23:03:28 INFO: 23:03:28.060 [main] [INFO ] q.l.p.CommandLineTaskRunner$CommandLineProgressMonitor - 2444 nuclei detected (63%)
2024-10-22 23:03:28 INFO: 23:03:28.662 [task-runner-1-19] [INFO ] q.lib.plugins.DetectionPluginTools - 0 nuclei detected (processing time: 6.40 seconds)
2024-10-22 23:03:28 INFO: 23:03:28.663 [main] [INFO ] q.l.p.CommandLineTaskRunner$CommandLineProgressMonitor - 0 nuclei detected (64%)
2024-10-22 23:03:28 INFO: 23:03:28.878 [task-runner-1-60] [INFO ] q.lib.plugins.DetectionPluginTools - 2069 nuclei detected (processing time: 14.34 seconds)
2024-10-22 23:03:28 INFO: 23:03:28.880 [main] [INFO ] q.l.p.CommandLineTaskRunner$CommandLineProgressMonitor - 2069 nuclei detected (64%)
2024-10-22 23:03:29 INFO: 23:03:29.369 [task-runner-1-40] [INFO ] q.lib.plugins.DetectionPluginTools - 6 nuclei detected (processing time: 6.81 seconds)
2024-10-22 23:03:29 INFO: 23:03:29.370 [main] [INFO ] q.l.p.CommandLineTaskRunner$CommandLineProgressMonitor - 6 nuclei detected (65%)
2024-10-22 23:03:29 INFO: 23:03:29.797 [task-runner-1-63] [INFO ] q.lib.plugins.DetectionPluginTools - 2250 nuclei detected (processing time: 19.74 seconds)
2024-10-22 23:03:29 INFO: 23:03:29.798 [main] [INFO ] q.l.p.CommandLineTaskRunner$CommandLineProgressMonitor - 2250 nuclei detected (66%)
2024-10-22 23:03:29 INFO: 23:03:29.984 [task-runner-1-41] [INFO ] q.lib.plugins.DetectionPluginTools - 1155 nuclei detected (processing time: 13.99 seconds)
2024-10-22 23:03:29 INFO: 23:03:29.984 [main] [INFO ] q.l.p.CommandLineTaskRunner$CommandLineProgressMonitor - 1155 nuclei detected (66%)
2024-10-22 23:03:30 INFO: 23:03:30.027 [task-runner-1-58] [INFO ] q.lib.plugins.DetectionPluginTools - 1182 nuclei detected (processing time: 13.94 seconds)
2024-10-22 23:03:30 INFO: 23:03:30.028 [main] [INFO ] q.l.p.CommandLineTaskRunner$CommandLineProgressMonitor - 1182 nuclei detected (67%)
2024-10-22 23:03:30 INFO: 23:03:30.237 [task-runner-1-59] [INFO ] q.lib.plugins.DetectionPluginTools - 0 nuclei detected (processing time: 6.53 seconds)
2024-10-22 23:03:30 INFO: 23:03:30.238 [main] [INFO ] q.l.p.CommandLineTaskRunner$CommandLineProgressMonitor - 0 nuclei detected (68%)
2024-10-22 23:03:30 INFO: 23:03:30.243 [task-runner-1-8] [INFO ] q.lib.plugins.DetectionPluginTools - 1412 nuclei detected (processing time: 10.06 seconds)
2024-10-22 23:03:30 INFO: 23:03:30.243 [main] [INFO ] q.l.p.CommandLineTaskRunner$CommandLineProgressMonitor - 1412 nuclei detected (68%)
2024-10-22 23:03:30 INFO: 23:03:30.269 [task-runner-1-6] [INFO ] q.lib.plugins.DetectionPluginTools - 1 nucleus detected (processing time: 5.90 seconds)
2024-10-22 23:03:30 INFO: 23:03:30.269 [main] [INFO ] q.l.p.CommandLineTaskRunner$CommandLineProgressMonitor - 1 nucleus detected (69%)
2024-10-22 23:03:30 INFO: 23:03:30.279 [task-runner-1-28] [INFO ] q.lib.plugins.DetectionPluginTools - 2746 nuclei detected (processing time: 20.49 seconds)
2024-10-22 23:03:30 INFO: 23:03:30.279 [main] [INFO ] q.l.p.CommandLineTaskRunner$CommandLineProgressMonitor - 2746 nuclei detected (69%)
2024-10-22 23:03:30 INFO: 23:03:30.303 [task-runner-1-29] [INFO ] q.lib.plugins.DetectionPluginTools - 1 nucleus detected (processing time: 6.61 seconds)
2024-10-22 23:03:30 INFO: 23:03:30.304 [main] [INFO ] q.l.p.CommandLineTaskRunner$CommandLineProgressMonitor - 1 nucleus detected (70%)
2024-10-22 23:03:30 INFO: 23:03:30.331 [task-runner-1-17] [INFO ] q.lib.plugins.DetectionPluginTools - 2969 nuclei detected (processing time: 20.58 seconds)
2024-10-22 23:03:30 INFO: 23:03:30.332 [main] [INFO ] q.l.p.CommandLineTaskRunner$CommandLineProgressMonitor - 2969 nuclei detected (71%)
2024-10-22 23:03:30 INFO: 23:03:30.550 [task-runner-1-32] [INFO ] q.lib.plugins.DetectionPluginTools - 3024 nuclei detected (processing time: 20.81 seconds)
2024-10-22 23:03:30 INFO: 23:03:30.551 [main] [INFO ] q.l.p.CommandLineTaskRunner$CommandLineProgressMonitor - 3024 nuclei detected (71%)
2024-10-22 23:03:30 INFO: 23:03:30.617 [task-runner-1-49] [INFO ] q.lib.plugins.DetectionPluginTools - 2614 nuclei detected (processing time: 20.58 seconds)
2024-10-22 23:03:30 INFO: 23:03:30.618 [main] [INFO ] q.l.p.CommandLineTaskRunner$CommandLineProgressMonitor - 2614 nuclei detected (72%)
2024-10-22 23:03:30 INFO: 23:03:30.687 [task-runner-1-34] [INFO ] q.lib.plugins.DetectionPluginTools - 2515 nuclei detected (processing time: 20.25 seconds)
2024-10-22 23:03:30 INFO: 23:03:30.688 [main] [INFO ] q.l.p.CommandLineTaskRunner$CommandLineProgressMonitor - 2515 nuclei detected (73%)
2024-10-22 23:03:30 INFO: 23:03:30.697 [task-runner-1-56] [INFO ] q.lib.plugins.DetectionPluginTools - 0 nuclei detected (processing time: 5.90 seconds)
2024-10-22 23:03:30 INFO: 23:03:30.697 [main] [INFO ] q.l.p.CommandLineTaskRunner$CommandLineProgressMonitor - 0 nuclei detected (73%)
2024-10-22 23:03:30 INFO: 23:03:30.716 [task-runner-1-35] [INFO ] q.lib.plugins.DetectionPluginTools - 2399 nuclei detected (processing time: 20.42 seconds)
2024-10-22 23:03:30 INFO: 23:03:30.717 [main] [INFO ] q.l.p.CommandLineTaskRunner$CommandLineProgressMonitor - 2399 nuclei detected (74%)
2024-10-22 23:03:30 INFO: 23:03:30.731 [task-runner-1-33] [INFO ] q.lib.plugins.DetectionPluginTools - 1 nucleus detected (processing time: 5.61 seconds)
2024-10-22 23:03:30 INFO: 23:03:30.732 [main] [INFO ] q.l.p.CommandLineTaskRunner$CommandLineProgressMonitor - 1 nucleus detected (74%)
2024-10-22 23:03:30 INFO: 23:03:30.770 [task-runner-1-16] [INFO ] q.lib.plugins.DetectionPluginTools - 3181 nuclei detected (processing time: 21.03 seconds)
2024-10-22 23:03:30 INFO: 23:03:30.771 [main] [INFO ] q.l.p.CommandLineTaskRunner$CommandLineProgressMonitor - 3181 nuclei detected (75%)
2024-10-22 23:03:30 INFO: 23:03:30.992 [task-runner-1-12] [INFO ] q.lib.plugins.DetectionPluginTools - 1 nucleus detected (processing time: 6.28 seconds)
2024-10-22 23:03:30 INFO: 23:03:30.992 [main] [INFO ] q.l.p.CommandLineTaskRunner$CommandLineProgressMonitor - 1 nucleus detected (76%)
2024-10-22 23:03:31 INFO: 23:03:31.048 [task-runner-1-18] [INFO ] q.lib.plugins.DetectionPluginTools - 0 nuclei detected (processing time: 5.26 seconds)
2024-10-22 23:03:31 INFO: 23:03:31.049 [main] [INFO ] q.l.p.CommandLineTaskRunner$CommandLineProgressMonitor - 0 nuclei detected (76%)
2024-10-22 23:03:31 INFO: 23:03:31.055 [task-runner-1-5] [INFO ] q.lib.plugins.DetectionPluginTools - 2712 nuclei detected (processing time: 21.08 seconds)
2024-10-22 23:03:31 INFO: 23:03:31.056 [main] [INFO ] q.l.p.CommandLineTaskRunner$CommandLineProgressMonitor - 2712 nuclei detected (77%)
2024-10-22 23:03:31 INFO: 23:03:31.215 [task-runner-1-50] [INFO ] q.lib.plugins.DetectionPluginTools - 2390 nuclei detected (processing time: 20.79 seconds)
2024-10-22 23:03:31 INFO: 23:03:31.216 [main] [INFO ] q.l.p.CommandLineTaskRunner$CommandLineProgressMonitor - 2390 nuclei detected (78%)
2024-10-22 23:03:31 INFO: 23:03:31.328 [task-runner-1-44] [INFO ] q.lib.plugins.DetectionPluginTools - 0 nuclei detected (processing time: 5.68 seconds)
2024-10-22 23:03:31 INFO: 23:03:31.328 [main] [INFO ] q.l.p.CommandLineTaskRunner$CommandLineProgressMonitor - 0 nuclei detected (78%)
2024-10-22 23:03:31 INFO: 23:03:31.388 [task-runner-1-37] [INFO ] q.lib.plugins.DetectionPluginTools - 1 nucleus detected (processing time: 6.13 seconds)
2024-10-22 23:03:31 INFO: 23:03:31.388 [main] [INFO ] q.l.p.CommandLineTaskRunner$CommandLineProgressMonitor - 1 nucleus detected (79%)
2024-10-22 23:03:31 INFO: 23:03:31.390 [task-runner-1-9] [INFO ] q.lib.plugins.DetectionPluginTools - 3553 nuclei detected (processing time: 21.66 seconds)
2024-10-22 23:03:31 INFO: 23:03:31.390 [main] [INFO ] q.l.p.CommandLineTaskRunner$CommandLineProgressMonitor - 3553 nuclei detected (79%)
2024-10-22 23:03:31 INFO: 23:03:31.407 [task-runner-1-55] [INFO ] q.lib.plugins.DetectionPluginTools - 0 nuclei detected (processing time: 6.04 seconds)
2024-10-22 23:03:31 INFO: 23:03:31.407 [main] [INFO ] q.l.p.CommandLineTaskRunner$CommandLineProgressMonitor - 0 nuclei detected (80%)
2024-10-22 23:03:31 INFO: 23:03:31.409 [task-runner-1-7] [INFO ] q.lib.plugins.DetectionPluginTools - 3062 nuclei detected (processing time: 21.60 seconds)
2024-10-22 23:03:31 INFO: 23:03:31.409 [main] [INFO ] q.l.p.CommandLineTaskRunner$CommandLineProgressMonitor - 3062 nuclei detected (81%)
2024-10-22 23:03:31 INFO: 23:03:31.441 [task-runner-1-54] [INFO ] q.lib.plugins.DetectionPluginTools - 0 nuclei detected (processing time: 5.07 seconds)
2024-10-22 23:03:31 INFO: 23:03:31.441 [main] [INFO ] q.l.p.CommandLineTaskRunner$CommandLineProgressMonitor - 0 nuclei detected (81%)
2024-10-22 23:03:31 INFO: 23:03:31.471 [task-runner-1-1] [INFO ] q.lib.plugins.DetectionPluginTools - 0 nuclei detected (processing time: 5.84 seconds)
2024-10-22 23:03:31 INFO: 23:03:31.471 [main] [INFO ] q.l.p.CommandLineTaskRunner$CommandLineProgressMonitor - 0 nuclei detected (82%)
2024-10-22 23:03:31 INFO: 23:03:31.544 [task-runner-1-11] [INFO ] q.lib.plugins.DetectionPluginTools - 0 nuclei detected (processing time: 5.53 seconds)
2024-10-22 23:03:31 INFO: 23:03:31.544 [main] [INFO ] q.l.p.CommandLineTaskRunner$CommandLineProgressMonitor - 0 nuclei detected (83%)
2024-10-22 23:03:31 INFO: 23:03:31.571 [task-runner-1-42] [INFO ] q.lib.plugins.DetectionPluginTools - 1829 nuclei detected (processing time: 15.73 seconds)
2024-10-22 23:03:31 INFO: 23:03:31.572 [main] [INFO ] q.l.p.CommandLineTaskRunner$CommandLineProgressMonitor - 1829 nuclei detected (83%)
2024-10-22 23:03:31 INFO: 23:03:31.598 [task-runner-1-31] [INFO ] q.lib.plugins.DetectionPluginTools - 0 nuclei detected (processing time: 4.96 seconds)
2024-10-22 23:03:31 INFO: 23:03:31.598 [main] [INFO ] q.l.p.CommandLineTaskRunner$CommandLineProgressMonitor - 0 nuclei detected (84%)
2024-10-22 23:03:31 INFO: 23:03:31.798 [task-runner-1-46] [INFO ] q.lib.plugins.DetectionPluginTools - 3410 nuclei detected (processing time: 21.96 seconds)
2024-10-22 23:03:31 INFO: 23:03:31.799 [main] [INFO ] q.l.p.CommandLineTaskRunner$CommandLineProgressMonitor - 3410 nuclei detected (84%)
2024-10-22 23:03:31 INFO: 23:03:31.816 [task-runner-1-45] [INFO ] q.lib.plugins.DetectionPluginTools - 3158 nuclei detected (processing time: 21.85 seconds)
2024-10-22 23:03:31 INFO: 23:03:31.817 [main] [INFO ] q.l.p.CommandLineTaskRunner$CommandLineProgressMonitor - 3158 nuclei detected (85%)
2024-10-22 23:03:31 INFO: 23:03:31.898 [task-runner-1-25] [INFO ] q.lib.plugins.DetectionPluginTools - 3247 nuclei detected (processing time: 21.59 seconds)
2024-10-22 23:03:31 INFO: 23:03:31.898 [main] [INFO ] q.l.p.CommandLineTaskRunner$CommandLineProgressMonitor - 3247 nuclei detected (86%)
2024-10-22 23:03:31 INFO: 23:03:31.921 [task-runner-1-57] [INFO ] q.lib.plugins.DetectionPluginTools - 0 nuclei detected (processing time: 5.87 seconds)
2024-10-22 23:03:31 INFO: 23:03:31.921 [main] [INFO ] q.l.p.CommandLineTaskRunner$CommandLineProgressMonitor - 0 nuclei detected (86%)
2024-10-22 23:03:31 INFO: 23:03:31.938 [task-runner-1-23] [INFO ] q.lib.plugins.DetectionPluginTools - 3162 nuclei detected (processing time: 21.18 seconds)
2024-10-22 23:03:31 INFO: 23:03:31.941 [main] [INFO ] q.l.p.CommandLineTaskRunner$CommandLineProgressMonitor - 3162 nuclei detected (87%)
2024-10-22 23:03:32 INFO: 23:03:32.142 [task-runner-1-52] [INFO ] q.lib.plugins.DetectionPluginTools - 2110 nuclei detected (processing time: 11.43 seconds)
2024-10-22 23:03:32 INFO: 23:03:32.142 [main] [INFO ] q.l.p.CommandLineTaskRunner$CommandLineProgressMonitor - 2110 nuclei detected (88%)
2024-10-22 23:03:32 INFO: 23:03:32.153 [task-runner-1-21] [INFO ] q.lib.plugins.DetectionPluginTools - 1012 nuclei detected (processing time: 16.34 seconds)
2024-10-22 23:03:32 INFO: 23:03:32.153 [main] [INFO ] q.l.p.CommandLineTaskRunner$CommandLineProgressMonitor - 1012 nuclei detected (88%)
2024-10-22 23:03:32 INFO: 23:03:32.156 [task-runner-1-15] [INFO ] q.lib.plugins.DetectionPluginTools - 2501 nuclei detected (processing time: 11.44 seconds)
2024-10-22 23:03:32 INFO: 23:03:32.156 [main] [INFO ] q.l.p.CommandLineTaskRunner$CommandLineProgressMonitor - 2501 nuclei detected (89%)
2024-10-22 23:03:32 INFO: 23:03:32.181 [task-runner-1-47] [INFO ] q.lib.plugins.DetectionPluginTools - 3690 nuclei detected (processing time: 22.32 seconds)
2024-10-22 23:03:32 INFO: 23:03:32.181 [main] [INFO ] q.l.p.CommandLineTaskRunner$CommandLineProgressMonitor - 3690 nuclei detected (89%)
2024-10-22 23:03:32 INFO: 23:03:32.290 [task-runner-1-26] [INFO ] q.lib.plugins.DetectionPluginTools - 3741 nuclei detected (processing time: 22.37 seconds)
2024-10-22 23:03:32 INFO: 23:03:32.290 [main] [INFO ] q.l.p.CommandLineTaskRunner$CommandLineProgressMonitor - 3741 nuclei detected (90%)
2024-10-22 23:03:32 INFO: 23:03:32.292 [task-runner-1-20] [INFO ] q.lib.plugins.DetectionPluginTools - 3292 nuclei detected (processing time: 21.79 seconds)
2024-10-22 23:03:32 INFO: 23:03:32.292 [main] [INFO ] q.l.p.CommandLineTaskRunner$CommandLineProgressMonitor - 3292 nuclei detected (91%)
2024-10-22 23:03:32 INFO: 23:03:32.306 [task-runner-1-4] [INFO ] q.lib.plugins.DetectionPluginTools - 3564 nuclei detected (processing time: 22.57 seconds)
2024-10-22 23:03:32 INFO: 23:03:32.306 [main] [INFO ] q.l.p.CommandLineTaskRunner$CommandLineProgressMonitor - 3564 nuclei detected (91%)
2024-10-22 23:03:32 INFO: 23:03:32.363 [task-runner-1-10] [INFO ] q.lib.plugins.DetectionPluginTools - 3789 nuclei detected (processing time: 22.63 seconds)
2024-10-22 23:03:32 INFO: 23:03:32.363 [main] [INFO ] q.l.p.CommandLineTaskRunner$CommandLineProgressMonitor - 3789 nuclei detected (92%)
2024-10-22 23:03:32 INFO: 23:03:32.364 [task-runner-1-43] [INFO ] q.lib.plugins.DetectionPluginTools - 3113 nuclei detected (processing time: 21.63 seconds)
2024-10-22 23:03:32 INFO: 23:03:32.364 [main] [INFO ] q.l.p.CommandLineTaskRunner$CommandLineProgressMonitor - 3113 nuclei detected (93%)
2024-10-22 23:03:32 INFO: 23:03:32.378 [task-runner-1-27] [INFO ] q.lib.plugins.DetectionPluginTools - 2739 nuclei detected (processing time: 15.95 seconds)
2024-10-22 23:03:32 INFO: 23:03:32.378 [main] [INFO ] q.l.p.CommandLineTaskRunner$CommandLineProgressMonitor - 2739 nuclei detected (93%)
2024-10-22 23:03:32 INFO: 23:03:32.421 [task-runner-1-2] [INFO ] q.lib.plugins.DetectionPluginTools - 4107 nuclei detected (processing time: 22.59 seconds)
2024-10-22 23:03:32 INFO: 23:03:32.421 [main] [INFO ] q.l.p.CommandLineTaskRunner$CommandLineProgressMonitor - 4107 nuclei detected (94%)
2024-10-22 23:03:32 INFO: 23:03:32.687 [task-runner-1-14] [INFO ] q.lib.plugins.DetectionPluginTools - 5054 nuclei detected (processing time: 22.96 seconds)
2024-10-22 23:03:32 INFO: 23:03:32.687 [main] [INFO ] q.l.p.CommandLineTaskRunner$CommandLineProgressMonitor - 5054 nuclei detected (94%)
2024-10-22 23:03:32 INFO: 23:03:32.699 [task-runner-1-13] [INFO ] q.lib.plugins.DetectionPluginTools - 6330 nuclei detected (processing time: 22.97 seconds)
2024-10-22 23:03:32 INFO: 23:03:32.699 [main] [INFO ] q.l.p.CommandLineTaskRunner$CommandLineProgressMonitor - 6330 nuclei detected (95%)
2024-10-22 23:03:32 INFO: 23:03:32.703 [task-runner-1-51] [INFO ] q.lib.plugins.DetectionPluginTools - 3612 nuclei detected (processing time: 18.30 seconds)
2024-10-22 23:03:32 INFO: 23:03:32.703 [main] [INFO ] q.l.p.CommandLineTaskRunner$CommandLineProgressMonitor - 3612 nuclei detected (96%)
2024-10-22 23:03:32 INFO: 23:03:32.740 [task-runner-1-48] [INFO ] q.lib.plugins.DetectionPluginTools - 4219 nuclei detected (processing time: 18.97 seconds)
2024-10-22 23:03:32 INFO: 23:03:32.741 [main] [INFO ] q.l.p.CommandLineTaskRunner$CommandLineProgressMonitor - 4219 nuclei detected (96%)
2024-10-22 23:03:33 INFO: 23:03:33.330 [task-runner-1-24] [INFO ] q.lib.plugins.DetectionPluginTools - 4831 nuclei detected (processing time: 18.90 seconds)
2024-10-22 23:03:33 INFO: 23:03:33.330 [main] [INFO ] q.l.p.CommandLineTaskRunner$CommandLineProgressMonitor - 4831 nuclei detected (97%)
2024-10-22 23:03:33 INFO: 23:03:33.465 [task-runner-1-39] [INFO ] q.lib.plugins.DetectionPluginTools - 3566 nuclei detected (processing time: 16.80 seconds)
2024-10-22 23:03:33 INFO: 23:03:33.466 [main] [INFO ] q.l.p.CommandLineTaskRunner$CommandLineProgressMonitor - 3566 nuclei detected (98%)
2024-10-22 23:03:33 INFO: 23:03:33.991 [task-runner-1-61] [INFO ] q.lib.plugins.DetectionPluginTools - 4207 nuclei detected (processing time: 16.31 seconds)
2024-10-22 23:03:33 INFO: 23:03:33.992 [main] [INFO ] q.l.p.CommandLineTaskRunner$CommandLineProgressMonitor - 4207 nuclei detected (98%)
2024-10-22 23:03:34 INFO: 23:03:34.201 [task-runner-1-38] [INFO ] q.lib.plugins.DetectionPluginTools - 5107 nuclei detected (processing time: 16.76 seconds)
2024-10-22 23:03:34 INFO: 23:03:34.201 [main] [INFO ] q.l.p.CommandLineTaskRunner$CommandLineProgressMonitor - 5107 nuclei detected (99%)
2024-10-22 23:03:34 INFO: 23:03:34.294 [task-runner-1-62] [INFO ] q.lib.plugins.DetectionPluginTools - 4763 nuclei detected (processing time: 17.02 seconds)
2024-10-22 23:03:34 INFO: 23:03:34.294 [main] [INFO ] q.l.p.CommandLineTaskRunner$CommandLineProgressMonitor - 4763 nuclei detected (99%)
2024-10-22 23:03:34 INFO: 23:03:34.381 [task-runner-1-3] [INFO ] q.lib.plugins.DetectionPluginTools - 5113 nuclei detected (processing time: 16.71 seconds)
2024-10-22 23:03:34 INFO: 23:03:34.381 [main] [INFO ] q.l.p.CommandLineTaskRunner$CommandLineProgressMonitor - 5113 nuclei detected (100%)
2024-10-22 23:03:34 INFO: 23:03:34.382 [main] [INFO ] q.l.p.CommandLineTaskRunner$CommandLineProgressMonitor - Processing complete in 37.96 seconds
2024-10-22 23:03:34 INFO: 23:03:34.382 [main] [INFO ] q.l.p.CommandLineTaskRunner$CommandLineProgressMonitor - Tasks completed!
2024-10-22 23:03:42 INFO: 23:03:42.603 [main] [WARN ] q.l.p.objects.SmoothFeaturesPlugin - Smoothing using annotations
2024-10-22 23:03:45 INFO: 23:03:45.478 [main] [INFO ] q.l.p.CommandLineTaskRunner$CommandLineProgressMonitor - Completed (100%)
2024-10-22 23:03:45 INFO: 23:03:45.479 [main] [INFO ] q.l.p.CommandLineTaskRunner$CommandLineProgressMonitor - Processing complete in 2.88 seconds
2024-10-22 23:03:45 INFO: 23:03:45.479 [main] [INFO ] q.l.p.CommandLineTaskRunner$CommandLineProgressMonitor - Tasks completed!
2024-10-22 23:03:45 INFO: 23:03:45.480 [main] [WARN ] q.l.p.objects.SmoothFeaturesPlugin - Smoothing using annotations
2024-10-22 23:03:50 INFO: 23:03:50.997 [main] [INFO ] q.l.p.CommandLineTaskRunner$CommandLineProgressMonitor - Completed (100%)
2024-10-22 23:03:50 INFO: 23:03:50.997 [main] [INFO ] q.l.p.CommandLineTaskRunner$CommandLineProgressMonitor - Processing complete in 5.52 seconds
2024-10-22 23:03:51 INFO: 23:03:50.997 [main] [INFO ] q.l.p.CommandLineTaskRunner$CommandLineProgressMonitor - Tasks completed!
2024-10-22 23:03:51 INFO: 23:03:50.999 [main] [WARN ] q.l.p.objects.SmoothFeaturesPlugin - Smoothing using annotations
2024-10-22 23:04:05 INFO: 23:04:05.842 [main] [INFO ] q.l.p.CommandLineTaskRunner$CommandLineProgressMonitor - Completed (100%)
2024-10-22 23:04:05 INFO: 23:04:05.842 [main] [INFO ] q.l.p.CommandLineTaskRunner$CommandLineProgressMonitor - Processing complete in 14.84 seconds
2024-10-22 23:04:05 INFO: 23:04:05.842 [main] [INFO ] q.l.p.CommandLineTaskRunner$CommandLineProgressMonitor - Tasks completed!
2024-10-22 23:04:06 INFO: 23:04:06.029 [task-runner-5-2] [INFO ] q.l.a.IntensityFeaturesPlugin - Splitting Rectangle (0, 0, 63784, 39311) into 40 tiles for intensity measurements
2024-10-22 23:04:06 INFO: 23:04:06.169 [main] [INFO ] q.l.p.CommandLineTaskRunner$CommandLineProgressMonitor - Completed (0%)
2024-10-22 23:04:06 INFO: 23:04:06.993 [main] [INFO ] q.l.p.CommandLineTaskRunner$CommandLineProgressMonitor - Completed (1%)
2024-10-22 23:04:07 INFO: 23:04:07.406 [main] [INFO ] q.l.p.CommandLineTaskRunner$CommandLineProgressMonitor - Completed (2%)
2024-10-22 23:04:07 INFO: 23:04:07.564 [main] [INFO ] q.l.p.CommandLineTaskRunner$CommandLineProgressMonitor - Completed (3%)
2024-10-22 23:04:07 INFO: 23:04:07.979 [main] [INFO ] q.l.p.CommandLineTaskRunner$CommandLineProgressMonitor - Completed (4%)
2024-10-22 23:04:08 INFO: 23:04:08.104 [main] [INFO ] q.l.p.CommandLineTaskRunner$CommandLineProgressMonitor - Completed (5%)
2024-10-22 23:04:08 INFO: 23:04:08.203 [main] [INFO ] q.l.p.CommandLineTaskRunner$CommandLineProgressMonitor - Completed (6%)
2024-10-22 23:04:08 INFO: 23:04:08.291 [main] [INFO ] q.l.p.CommandLineTaskRunner$CommandLineProgressMonitor - Completed (7%)
2024-10-22 23:04:08 INFO: 23:04:08.401 [main] [INFO ] q.l.p.CommandLineTaskRunner$CommandLineProgressMonitor - Completed (8%)
2024-10-22 23:04:08 INFO: 23:04:08.514 [main] [INFO ] q.l.p.CommandLineTaskRunner$CommandLineProgressMonitor - Completed (9%)
2024-10-22 23:04:08 INFO: 23:04:08.655 [main] [INFO ] q.l.p.CommandLineTaskRunner$CommandLineProgressMonitor - Completed (10%)
2024-10-22 23:04:09 INFO: 23:04:09.022 [main] [INFO ] q.l.p.CommandLineTaskRunner$CommandLineProgressMonitor - Completed (11%)
2024-10-22 23:04:09 INFO: 23:04:09.113 [main] [INFO ] q.l.p.CommandLineTaskRunner$CommandLineProgressMonitor - Completed (12%)
2024-10-22 23:04:09 INFO: 23:04:09.246 [main] [INFO ] q.l.p.CommandLineTaskRunner$CommandLineProgressMonitor - Completed (13%)
2024-10-22 23:04:09 INFO: 23:04:09.381 [main] [INFO ] q.l.p.CommandLineTaskRunner$CommandLineProgressMonitor - Completed (14%)
2024-10-22 23:04:09 INFO: 23:04:09.521 [main] [INFO ] q.l.p.CommandLineTaskRunner$CommandLineProgressMonitor - Completed (15%)
2024-10-22 23:04:09 INFO: 23:04:09.625 [main] [INFO ] q.l.p.CommandLineTaskRunner$CommandLineProgressMonitor - Completed (16%)
2024-10-22 23:04:09 INFO: 23:04:09.970 [main] [INFO ] q.l.p.CommandLineTaskRunner$CommandLineProgressMonitor - Completed (17%)
2024-10-22 23:04:10 INFO: 23:04:10.100 [main] [INFO ] q.l.p.CommandLineTaskRunner$CommandLineProgressMonitor - Completed (18%)
2024-10-22 23:04:10 INFO: 23:04:10.219 [main] [INFO ] q.l.p.CommandLineTaskRunner$CommandLineProgressMonitor - Completed (19%)
2024-10-22 23:04:10 INFO: 23:04:10.305 [main] [INFO ] q.l.p.CommandLineTaskRunner$CommandLineProgressMonitor - Completed (20%)
2024-10-22 23:04:10 INFO: 23:04:10.385 [main] [INFO ] q.l.p.CommandLineTaskRunner$CommandLineProgressMonitor - Completed (21%)
2024-10-22 23:04:10 INFO: 23:04:10.478 [main] [INFO ] q.l.p.CommandLineTaskRunner$CommandLineProgressMonitor - Completed (22%)
2024-10-22 23:04:10 INFO: 23:04:10.562 [main] [INFO ] q.l.p.CommandLineTaskRunner$CommandLineProgressMonitor - Completed (23%)
2024-10-22 23:04:10 INFO: 23:04:10.898 [main] [INFO ] q.l.p.CommandLineTaskRunner$CommandLineProgressMonitor - Completed (24%)
2024-10-22 23:04:11 INFO: 23:04:11.003 [main] [INFO ] q.l.p.CommandLineTaskRunner$CommandLineProgressMonitor - Completed (25%)
2024-10-22 23:04:11 INFO: 23:04:11.107 [main] [INFO ] q.l.p.CommandLineTaskRunner$CommandLineProgressMonitor - Completed (26%)
2024-10-22 23:04:11 INFO: 23:04:11.426 [main] [INFO ] q.l.p.CommandLineTaskRunner$CommandLineProgressMonitor - Completed (27%)
2024-10-22 23:04:11 INFO: 23:04:11.537 [main] [INFO ] q.l.p.CommandLineTaskRunner$CommandLineProgressMonitor - Completed (28%)
2024-10-22 23:04:11 INFO: 23:04:11.649 [main] [INFO ] q.l.p.CommandLineTaskRunner$CommandLineProgressMonitor - Completed (29%)
2024-10-22 23:04:11 INFO: 23:04:11.770 [main] [INFO ] q.l.p.CommandLineTaskRunner$CommandLineProgressMonitor - Completed (30%)
2024-10-22 23:04:11 INFO: 23:04:11.860 [main] [INFO ] q.l.p.CommandLineTaskRunner$CommandLineProgressMonitor - Completed (31%)
2024-10-22 23:04:11 INFO: 23:04:11.945 [main] [INFO ] q.l.p.CommandLineTaskRunner$CommandLineProgressMonitor - Completed (32%)
2024-10-22 23:04:12 INFO: 23:04:12.054 [main] [INFO ] q.l.p.CommandLineTaskRunner$CommandLineProgressMonitor - Completed (33%)
2024-10-22 23:04:12 INFO: 23:04:12.360 [main] [INFO ] q.l.p.CommandLineTaskRunner$CommandLineProgressMonitor - Completed (34%)
2024-10-22 23:04:12 INFO: 23:04:12.443 [main] [INFO ] q.l.p.CommandLineTaskRunner$CommandLineProgressMonitor - Completed (35%)
2024-10-22 23:04:12 INFO: 23:04:12.523 [main] [INFO ] q.l.p.CommandLineTaskRunner$CommandLineProgressMonitor - Completed (36%)
2024-10-22 23:04:12 INFO: 23:04:12.610 [main] [INFO ] q.l.p.CommandLineTaskRunner$CommandLineProgressMonitor - Completed (37%)
2024-10-22 23:04:12 INFO: 23:04:12.704 [main] [INFO ] q.l.p.CommandLineTaskRunner$CommandLineProgressMonitor - Completed (38%)
2024-10-22 23:04:12 INFO: 23:04:12.793 [main] [INFO ] q.l.p.CommandLineTaskRunner$CommandLineProgressMonitor - Completed (39%)
2024-10-22 23:04:12 INFO: 23:04:12.878 [main] [INFO ] q.l.p.CommandLineTaskRunner$CommandLineProgressMonitor - Completed (40%)
2024-10-22 23:04:12 INFO: 23:04:12.962 [main] [INFO ] q.l.p.CommandLineTaskRunner$CommandLineProgressMonitor - Completed (41%)
2024-10-22 23:04:13 INFO: 23:04:13.049 [main] [INFO ] q.l.p.CommandLineTaskRunner$CommandLineProgressMonitor - Completed (42%)
2024-10-22 23:04:13 INFO: 23:04:13.325 [main] [INFO ] q.l.p.CommandLineTaskRunner$CommandLineProgressMonitor - Completed (43%)
2024-10-22 23:04:13 INFO: 23:04:13.415 [main] [INFO ] q.l.p.CommandLineTaskRunner$CommandLineProgressMonitor - Completed (44%)
2024-10-22 23:04:13 INFO: 23:04:13.500 [main] [INFO ] q.l.p.CommandLineTaskRunner$CommandLineProgressMonitor - Completed (45%)
2024-10-22 23:04:13 INFO: 23:04:13.588 [main] [INFO ] q.l.p.CommandLineTaskRunner$CommandLineProgressMonitor - Completed (46%)
2024-10-22 23:04:13 INFO: 23:04:13.693 [main] [INFO ] q.l.p.CommandLineTaskRunner$CommandLineProgressMonitor - Completed (47%)
2024-10-22 23:04:13 INFO: 23:04:13.811 [main] [INFO ] q.l.p.CommandLineTaskRunner$CommandLineProgressMonitor - Completed (48%)
2024-10-22 23:04:13 INFO: 23:04:13.904 [main] [INFO ] q.l.p.CommandLineTaskRunner$CommandLineProgressMonitor - Completed (49%)
2024-10-22 23:04:13 INFO: 23:04:13.992 [main] [INFO ] q.l.p.CommandLineTaskRunner$CommandLineProgressMonitor - Completed (50%)
2024-10-22 23:04:14 INFO: 23:04:14.084 [main] [INFO ] q.l.p.CommandLineTaskRunner$CommandLineProgressMonitor - Completed (51%)
2024-10-22 23:04:14 INFO: 23:04:14.164 [main] [INFO ] q.l.p.CommandLineTaskRunner$CommandLineProgressMonitor - Completed (52%)
2024-10-22 23:04:14 INFO: 23:04:14.255 [main] [INFO ] q.l.p.CommandLineTaskRunner$CommandLineProgressMonitor - Completed (53%)
2024-10-22 23:04:14 INFO: 23:04:14.340 [main] [INFO ] q.l.p.CommandLineTaskRunner$CommandLineProgressMonitor - Completed (54%)
2024-10-22 23:04:14 INFO: 23:04:14.446 [main] [INFO ] q.l.p.CommandLineTaskRunner$CommandLineProgressMonitor - Completed (55%)
2024-10-22 23:04:14 INFO: 23:04:14.557 [main] [INFO ] q.l.p.CommandLineTaskRunner$CommandLineProgressMonitor - Completed (56%)
2024-10-22 23:04:14 INFO: 23:04:14.644 [main] [INFO ] q.l.p.CommandLineTaskRunner$CommandLineProgressMonitor - Completed (57%)
2024-10-22 23:04:14 INFO: 23:04:14.916 [main] [INFO ] q.l.p.CommandLineTaskRunner$CommandLineProgressMonitor - Completed (58%)
2024-10-22 23:04:15 INFO: 23:04:15.005 [main] [INFO ] q.l.p.CommandLineTaskRunner$CommandLineProgressMonitor - Completed (59%)
2024-10-22 23:04:15 INFO: 23:04:15.090 [main] [INFO ] q.l.p.CommandLineTaskRunner$CommandLineProgressMonitor - Completed (60%)
2024-10-22 23:04:15 INFO: 23:04:15.177 [main] [INFO ] q.l.p.CommandLineTaskRunner$CommandLineProgressMonitor - Completed (61%)
2024-10-22 23:04:15 INFO: 23:04:15.265 [main] [INFO ] q.l.p.CommandLineTaskRunner$CommandLineProgressMonitor - Completed (62%)
2024-10-22 23:04:15 INFO: 23:04:15.364 [main] [INFO ] q.l.p.CommandLineTaskRunner$CommandLineProgressMonitor - Completed (63%)
2024-10-22 23:04:15 INFO: 23:04:15.482 [main] [INFO ] q.l.p.CommandLineTaskRunner$CommandLineProgressMonitor - Completed (64%)
2024-10-22 23:04:15 INFO: 23:04:15.577 [main] [INFO ] q.l.p.CommandLineTaskRunner$CommandLineProgressMonitor - Completed (65%)
2024-10-22 23:04:15 INFO: 23:04:15.665 [main] [INFO ] q.l.p.CommandLineTaskRunner$CommandLineProgressMonitor - Completed (66%)
2024-10-22 23:04:15 INFO: 23:04:15.752 [main] [INFO ] q.l.p.CommandLineTaskRunner$CommandLineProgressMonitor - Completed (67%)
2024-10-22 23:04:15 INFO: 23:04:15.845 [main] [INFO ] q.l.p.CommandLineTaskRunner$CommandLineProgressMonitor - Completed (68%)
2024-10-22 23:04:15 INFO: 23:04:15.940 [main] [INFO ] q.l.p.CommandLineTaskRunner$CommandLineProgressMonitor - Completed (69%)
2024-10-22 23:04:16 INFO: 23:04:16.024 [main] [INFO ] q.l.p.CommandLineTaskRunner$CommandLineProgressMonitor - Completed (70%)
2024-10-22 23:04:16 INFO: 23:04:16.112 [main] [INFO ] q.l.p.CommandLineTaskRunner$CommandLineProgressMonitor - Completed (71%)
2024-10-22 23:04:16 INFO: 23:04:16.206 [main] [INFO ] q.l.p.CommandLineTaskRunner$CommandLineProgressMonitor - Completed (72%)
2024-10-22 23:04:16 INFO: 23:04:16.289 [main] [INFO ] q.l.p.CommandLineTaskRunner$CommandLineProgressMonitor - Completed (73%)
2024-10-22 23:04:16 INFO: 23:04:16.414 [main] [INFO ] q.l.p.CommandLineTaskRunner$CommandLineProgressMonitor - Completed (74%)
2024-10-22 23:04:16 INFO: 23:04:16.543 [main] [INFO ] q.l.p.CommandLineTaskRunner$CommandLineProgressMonitor - Completed (75%)
2024-10-22 23:04:16 INFO: 23:04:16.675 [main] [INFO ] q.l.p.CommandLineTaskRunner$CommandLineProgressMonitor - Completed (76%)
2024-10-22 23:04:16 INFO: 23:04:16.810 [main] [INFO ] q.l.p.CommandLineTaskRunner$CommandLineProgressMonitor - Completed (77%)
2024-10-22 23:04:16 INFO: 23:04:16.953 [main] [INFO ] q.l.p.CommandLineTaskRunner$CommandLineProgressMonitor - Completed (78%)
2024-10-22 23:04:17 INFO: 23:04:17.087 [main] [INFO ] q.l.p.CommandLineTaskRunner$CommandLineProgressMonitor - Completed (79%)
2024-10-22 23:04:17 INFO: 23:04:17.230 [main] [INFO ] q.l.p.CommandLineTaskRunner$CommandLineProgressMonitor - Completed (80%)
2024-10-22 23:04:17 INFO: 23:04:17.371 [main] [INFO ] q.l.p.CommandLineTaskRunner$CommandLineProgressMonitor - Completed (81%)
2024-10-22 23:04:17 INFO: 23:04:17.557 [main] [INFO ] q.l.p.CommandLineTaskRunner$CommandLineProgressMonitor - Completed (82%)
2024-10-22 23:04:17 INFO: 23:04:17.807 [main] [INFO ] q.l.p.CommandLineTaskRunner$CommandLineProgressMonitor - Completed (83%)
2024-10-22 23:04:17 INFO: 23:04:17.921 [main] [INFO ] q.l.p.CommandLineTaskRunner$CommandLineProgressMonitor - Completed (84%)
2024-10-22 23:04:18 INFO: 23:04:18.019 [main] [INFO ] q.l.p.CommandLineTaskRunner$CommandLineProgressMonitor - Completed (85%)
2024-10-22 23:04:18 INFO: 23:04:18.120 [main] [INFO ] q.l.p.CommandLineTaskRunner$CommandLineProgressMonitor - Completed (86%)
2024-10-22 23:04:18 INFO: 23:04:18.207 [main] [INFO ] q.l.p.CommandLineTaskRunner$CommandLineProgressMonitor - Completed (87%)
2024-10-22 23:04:18 INFO: 23:04:18.299 [main] [INFO ] q.l.p.CommandLineTaskRunner$CommandLineProgressMonitor - Completed (88%)
2024-10-22 23:04:18 INFO: 23:04:18.381 [main] [INFO ] q.l.p.CommandLineTaskRunner$CommandLineProgressMonitor - Completed (89%)
2024-10-22 23:04:18 INFO: 23:04:18.466 [main] [INFO ] q.l.p.CommandLineTaskRunner$CommandLineProgressMonitor - Completed (90%)
2024-10-22 23:04:18 INFO: 23:04:18.551 [main] [INFO ] q.l.p.CommandLineTaskRunner$CommandLineProgressMonitor - Completed (91%)
2024-10-22 23:04:18 INFO: 23:04:18.631 [main] [INFO ] q.l.p.CommandLineTaskRunner$CommandLineProgressMonitor - Completed (92%)
2024-10-22 23:04:18 INFO: 23:04:18.717 [main] [INFO ] q.l.p.CommandLineTaskRunner$CommandLineProgressMonitor - Completed (93%)
2024-10-22 23:04:18 INFO: 23:04:18.796 [main] [INFO ] q.l.p.CommandLineTaskRunner$CommandLineProgressMonitor - Completed (94%)
2024-10-22 23:04:18 INFO: 23:04:18.880 [main] [INFO ] q.l.p.CommandLineTaskRunner$CommandLineProgressMonitor - Completed (95%)
2024-10-22 23:04:18 INFO: 23:04:18.960 [main] [INFO ] q.l.p.CommandLineTaskRunner$CommandLineProgressMonitor - Completed (96%)
2024-10-22 23:04:19 INFO: 23:04:19.048 [main] [INFO ] q.l.p.CommandLineTaskRunner$CommandLineProgressMonitor - Completed (97%)
2024-10-22 23:04:19 INFO: 23:04:19.148 [main] [INFO ] q.l.p.CommandLineTaskRunner$CommandLineProgressMonitor - Completed (98%)
2024-10-22 23:04:19 INFO: 23:04:19.234 [main] [INFO ] q.l.p.CommandLineTaskRunner$CommandLineProgressMonitor - Completed (99%)
2024-10-22 23:04:19 INFO: 23:04:19.322 [main] [INFO ] q.l.p.CommandLineTaskRunner$CommandLineProgressMonitor - Completed (100%)
2024-10-22 23:05:16 INFO: 23:05:16.138 [main] [INFO ] q.l.p.CommandLineTaskRunner$CommandLineProgressMonitor - Completed (100%)
2024-10-22 23:05:16 INFO: 23:05:16.140 [main] [INFO ] q.l.p.CommandLineTaskRunner$CommandLineProgressMonitor - Processing complete in 70.12 seconds
2024-10-22 23:05:16 INFO: 23:05:16.140 [main] [INFO ] q.l.p.CommandLineTaskRunner$CommandLineProgressMonitor - Tasks completed!
2024-10-22 23:07:07 INFO: 23:07:07.106 [task-runner-6-1] [WARN ] q.o.features.DelaunayTriangulation - Some objects have missing measurements! Statistics will calculated only for objects with measurements available.
2024-10-22 23:07:07 INFO: 23:07:07.107 [task-runner-6-1] [WARN ] q.o.features.DelaunayTriangulation - Missing measurements: [ROI: 1.00 m per pixel: Residual: Haralick Correlation (F2), ROI: 1.00 m per pixel: Residual: Haralick Information measure of correlation 1 (F11), ROI: 1.00 m per pixel: Residual: Haralick Information measure of correlation 2 (F12), ROI: 1.00 m per pixel: OD Sum: Haralick Correlation (F2), ROI: 1.00 m per pixel: OD Sum: Haralick Information measure of correlation 1 (F11)]
2024-10-22 23:07:07 INFO: 23:07:07.128 [main] [INFO ] q.l.p.CommandLineTaskRunner$CommandLineProgressMonitor - Delaunay triangulation calculated for Annotation (177883 objects) (100%)
2024-10-22 23:07:07 INFO: 23:07:07.129 [main] [INFO ] q.l.p.CommandLineTaskRunner$CommandLineProgressMonitor - Processing complete in 110.93 seconds
2024-10-22 23:07:07 INFO: 23:07:07.129 [main] [INFO ] q.l.p.CommandLineTaskRunner$CommandLineProgressMonitor - Tasks completed!
2024-10-22 23:09:11 INFO: TCGA-GI-A2C8-01Z-00-DX1.09BD8AC9-645A-4C8B-9B36-77D833BDBA09
2024-10-22 23:09:11 INFO: QuPath subprocess completed.
2024-10-22 23:09:21 INFO: QuPath image extraction completed successfully. Output directory: /home/ilants/Documents/jupyter_test/single_image_multiple_params/exp_threshold_0.15
2024-10-22 23:09:21 INFO: Summary table saved to: /home/ilants/Documents/jupyter_test/single_image_multiple_params/exp_threshold_0.15/Summary_Table.csv
2024-10-22 23:09:21 INFO: Experiment completed successfully.
