2024-10-22 23:45:58 INFO: Starting experiment with for backgroundRadiusMicrons with value of 12.0
2024-10-22 23:45:58 INFO: Running with the following configuration:
{'detectionImageBrightfield': 'Hematoxylin OD', 'requestedPixelSizeMicrons': 0.5, 'backgroundRadiusMicrons': 12.0, 'backgroundByReconstruction': True, 'medianRadiusMicrons': 0.0, 'sigmaMicrons': 1.5, 'minAreaMicrons': 10.0, 'maxAreaMicrons': 80.0, 'threshold': 0.1, 'maxBackground': 2.0, 'watershedPostProcess': True, 'cellExpansionMicrons': 5.0, 'includeNuclei': True, 'smoothBoundaries': True, 'makeMeasurements': True, 'backgroundRadiusPixel': 8.0, 'cellExpansionPixel': 10.0, 'medianRadiusPixel': 0.0, 'minAreaPixel': 20.0, 'maxAreaPixel': 160.0}
2024-10-22 23:45:58 INFO: Starting QuPath image extraction with the following parameters: image_dir=/home/ilants/Documents/jupyter_test, output_dir=/home/ilants/Documents/jupyter_test/single_image_multiple_params/exp_backgroundRadiusMicrons_12.0, image_type=svs, groovy_script=/home/ilants/Documents/utls/nucleus_detection_wargs.groovy, config_file=/home/ilants/Documents/jupyter_test/single_image_multiple_params/exp_backgroundRadiusMicrons_12.0/cfg.json, program_path=/home/ilants/Documents/QuPath-v0.5.1-Linux/QuPath/bin/QuPath
2024-10-22 23:45:59 INFO: 23:45:59.460 [main] [INFO ] qupath.lib.gui.prefs.PathPrefs - Setting default Locale to en_US
2024-10-22 23:45:59 INFO: 23:45:59.464 [main] [INFO ] qupath.lib.gui.prefs.PathPrefs - Setting Locale for FORMAT to en_US
2024-10-22 23:45:59 INFO: 23:45:59.464 [main] [INFO ] qupath.lib.gui.prefs.PathPrefs - Setting Locale for DISPLAY to en_US
2024-10-22 23:45:59 INFO: 23:45:59.477 [main] [INFO ] qupath.lib.common.ThreadTools - Setting parallelism to 63
2024-10-22 23:45:59 INFO: 23:45:59.496 [main] [INFO ] qupath.ScriptCommand - Setting tile cache size to 32200.00 MB (25.0% max memory)
2024-10-22 23:45:59 INFO: 23:45:59.543 [main] [INFO ] qupath.lib.scripting.QP - Initializing type adapters
2024-10-22 23:45:59 INFO: Warning: Versions of org.bytedeco:javacpp:1.5.9 and org.bytedeco:opencv:4.6.0-1.5.8 do not match.
2024-10-22 23:45:59 INFO: Warning: Versions of org.bytedeco:javacpp:1.5.9 and org.bytedeco:openblas:0.3.21-1.5.8 do not match.
2024-10-22 23:46:01 INFO: project parameters are: {"detectionImageBrightfield": "Hematoxylin OD","requestedPixelSizeMicrons": 0.5,"backgroundRadiusMicrons": 12.0,"backgroundByReconstruction": true,"medianRadiusMicrons": 0.0,"sigmaMicrons": 1.5,"minAreaMicrons": 10.0,"maxAreaMicrons": 80.0,"threshold": 0.1,"maxBackground": 2.0,"watershedPostProcess": true,"cellExpansionMicrons": 5.0,"includeNuclei": true,"smoothBoundaries": true,"makeMeasurements": true,"backgroundRadiusPixel": 8.0,"cellExpansionPixel": 10.0,"medianRadiusPixel": 0.0,"minAreaPixel": 20.0,"maxAreaPixel": 160.0}
2024-10-22 23:46:01 INFO: New project created at: /home/ilants/Documents/jupyter_test/single_image_multiple_params/exp_backgroundRadiusMicrons_12.0/QPProject
2024-10-22 23:46:01 INFO: Added: /home/ilants/Documents/jupyter_test/TCGA-GI-A2C8-01Z-00-DX1.09BD8AC9-645A-4C8B-9B36-77D833BDBA09.svs
2024-10-22 23:46:01 INFO: /home/ilants/Documents/jupyter_test/TCGA-GI-A2C8-01Z-00-DX1.09BD8AC9-645A-4C8B-9B36-77D833BDBA09.svs
2024-10-22 23:46:01 INFO: 23:46:01.463 [main] [INFO ] q.l.i.s.b.BioFormatsServerOptions - Setting max Bio-Formats readers to 32
2024-10-22 23:46:01 INFO: UriImageSupport (class qupath.lib.images.servers.bioformats.BioFormatsServerBuilder) support=3.0, builders=1
2024-10-22 23:46:01 INFO: true
2024-10-22 23:46:02 INFO: 23:46:02.132 [main] [WARN ] qupath.lib.scripting.QP - createSelectAllObject(boolean) is deprecated, use createFullImageAnnotation(boolean) instead
2024-10-22 23:46:02 INFO: 23:46:02.132 [main] [WARN ] qupath.lib.scripting.QP - createSelectAllObject(boolean, int, int) is deprecated, use createFullImageAnnotation(boolean, int, int) instead
2024-10-22 23:46:02 INFO: 23:46:02.143 [main] [WARN ] q.l.plugins.parameters.ParameterList - Unable to set parameter backgroundRadiusPixel with value 8.0
2024-10-22 23:46:02 INFO: 23:46:02.143 [main] [WARN ] q.l.plugins.parameters.ParameterList - Unable to set parameter cellExpansionPixel with value 10.0
2024-10-22 23:46:02 INFO: 23:46:02.143 [main] [WARN ] q.l.plugins.parameters.ParameterList - Unable to set parameter medianRadiusPixel with value 0.0
2024-10-22 23:46:02 INFO: 23:46:02.143 [main] [WARN ] q.l.plugins.parameters.ParameterList - Unable to set parameter minAreaPixel with value 20.0
2024-10-22 23:46:02 INFO: 23:46:02.143 [main] [WARN ] q.l.plugins.parameters.ParameterList - Unable to set parameter maxAreaPixel with value 160.0
2024-10-22 23:46:18 INFO: 23:46:18.229 [task-runner-1-16] [INFO ] q.lib.plugins.DetectionPluginTools - 0 nuclei detected (processing time: 15.96 seconds)
2024-10-22 23:46:18 INFO: 23:46:18.231 [main] [INFO ] q.l.p.CommandLineTaskRunner$CommandLineProgressMonitor - 0 nuclei detected (1%)
2024-10-22 23:46:18 INFO: 23:46:18.233 [task-runner-1-48] [INFO ] q.lib.plugins.DetectionPluginTools - 0 nuclei detected (processing time: 15.96 seconds)
2024-10-22 23:46:18 INFO: 23:46:18.233 [task-runner-1-12] [INFO ] q.lib.plugins.DetectionPluginTools - 0 nuclei detected (processing time: 15.97 seconds)
2024-10-22 23:46:18 INFO: 23:46:18.233 [main] [INFO ] q.l.p.CommandLineTaskRunner$CommandLineProgressMonitor - 0 nuclei detected (2%)
2024-10-22 23:46:18 INFO: 23:46:18.235 [task-runner-1-3] [INFO ] q.lib.plugins.DetectionPluginTools - 0 nuclei detected (processing time: 15.97 seconds)
2024-10-22 23:46:18 INFO: 23:46:18.235 [task-runner-1-32] [INFO ] q.lib.plugins.DetectionPluginTools - 0 nuclei detected (processing time: 15.97 seconds)
2024-10-22 23:46:18 INFO: 23:46:18.235 [main] [INFO ] q.l.p.CommandLineTaskRunner$CommandLineProgressMonitor - 0 nuclei detected (3%)
2024-10-22 23:46:18 INFO: 23:46:18.237 [task-runner-1-9] [INFO ] q.lib.plugins.DetectionPluginTools - 0 nuclei detected (processing time: 15.97 seconds)
2024-10-22 23:46:18 INFO: 23:46:18.238 [main] [INFO ] q.l.p.CommandLineTaskRunner$CommandLineProgressMonitor - 0 nuclei detected (4%)
2024-10-22 23:46:18 INFO: 23:46:18.238 [task-runner-1-1] [INFO ] q.lib.plugins.DetectionPluginTools - 0 nuclei detected (processing time: 15.97 seconds)
2024-10-22 23:46:18 INFO: 23:46:18.241 [task-runner-1-7] [INFO ] q.lib.plugins.DetectionPluginTools - 1 nucleus detected (processing time: 15.98 seconds)
2024-10-22 23:46:18 INFO: 23:46:18.241 [task-runner-1-11] [INFO ] q.lib.plugins.DetectionPluginTools - 1 nucleus detected (processing time: 15.98 seconds)
2024-10-22 23:46:18 INFO: 23:46:18.241 [main] [INFO ] q.l.p.CommandLineTaskRunner$CommandLineProgressMonitor - 1 nucleus detected (4%)
2024-10-22 23:46:18 INFO: 23:46:18.241 [main] [INFO ] q.l.p.CommandLineTaskRunner$CommandLineProgressMonitor - 1 nucleus detected (5%)
2024-10-22 23:46:18 INFO: 23:46:18.242 [task-runner-1-30] [INFO ] q.lib.plugins.DetectionPluginTools - 1 nucleus detected (processing time: 15.97 seconds)
2024-10-22 23:46:18 INFO: 23:46:18.242 [main] [INFO ] q.l.p.CommandLineTaskRunner$CommandLineProgressMonitor - 1 nucleus detected (6%)
2024-10-22 23:46:18 INFO: 23:46:18.243 [task-runner-1-14] [INFO ] q.lib.plugins.DetectionPluginTools - 2 nuclei detected (processing time: 15.98 seconds)
2024-10-22 23:46:18 INFO: 23:46:18.243 [main] [INFO ] q.l.p.CommandLineTaskRunner$CommandLineProgressMonitor - 2 nuclei detected (6%)
2024-10-22 23:46:18 INFO: 23:46:18.245 [main] [INFO ] q.l.p.CommandLineTaskRunner$CommandLineProgressMonitor - 0 nuclei detected (7%)
2024-10-22 23:46:18 INFO: 23:46:18.245 [task-runner-1-17] [INFO ] q.lib.plugins.DetectionPluginTools - 3 nuclei detected (processing time: 15.98 seconds)
2024-10-22 23:46:18 INFO: 23:46:18.246 [main] [INFO ] q.l.p.CommandLineTaskRunner$CommandLineProgressMonitor - 3 nuclei detected (8%)
2024-10-22 23:46:18 INFO: 23:46:18.246 [task-runner-1-10] [INFO ] q.lib.plugins.DetectionPluginTools - 1 nucleus detected (processing time: 15.98 seconds)
2024-10-22 23:46:18 INFO: 23:46:18.246 [main] [INFO ] q.l.p.CommandLineTaskRunner$CommandLineProgressMonitor - 1 nucleus detected (8%)
2024-10-22 23:46:18 INFO: 23:46:18.375 [task-runner-1-29] [INFO ] q.lib.plugins.DetectionPluginTools - 5 nuclei detected (processing time: 16.11 seconds)
2024-10-22 23:46:18 INFO: 23:46:18.375 [task-runner-1-47] [INFO ] q.lib.plugins.DetectionPluginTools - 7 nuclei detected (processing time: 16.10 seconds)
2024-10-22 23:46:18 INFO: 23:46:18.376 [main] [INFO ] q.l.p.CommandLineTaskRunner$CommandLineProgressMonitor - 5 nuclei detected (9%)
2024-10-22 23:46:18 INFO: 23:46:18.376 [main] [INFO ] q.l.p.CommandLineTaskRunner$CommandLineProgressMonitor - 7 nuclei detected (9%)
2024-10-22 23:46:18 INFO: 23:46:18.379 [task-runner-1-13] [INFO ] q.lib.plugins.DetectionPluginTools - 9 nuclei detected (processing time: 16.11 seconds)
2024-10-22 23:46:18 INFO: 23:46:18.379 [main] [INFO ] q.l.p.CommandLineTaskRunner$CommandLineProgressMonitor - 9 nuclei detected (10%)
2024-10-22 23:46:18 INFO: 23:46:18.411 [task-runner-1-31] [INFO ] q.lib.plugins.DetectionPluginTools - 19 nuclei detected (processing time: 16.14 seconds)
2024-10-22 23:46:18 INFO: 23:46:18.413 [main] [INFO ] q.l.p.CommandLineTaskRunner$CommandLineProgressMonitor - 19 nuclei detected (11%)
2024-10-22 23:46:18 INFO: 23:46:18.440 [task-runner-1-28] [INFO ] q.lib.plugins.DetectionPluginTools - 27 nuclei detected (processing time: 16.17 seconds)
2024-10-22 23:46:18 INFO: 23:46:18.441 [main] [INFO ] q.l.p.CommandLineTaskRunner$CommandLineProgressMonitor - 27 nuclei detected (11%)
2024-10-22 23:46:18 INFO: 23:46:18.591 [task-runner-1-26] [INFO ] q.lib.plugins.DetectionPluginTools - 91 nuclei detected (processing time: 16.32 seconds)
2024-10-22 23:46:18 INFO: 23:46:18.593 [main] [INFO ] q.l.p.CommandLineTaskRunner$CommandLineProgressMonitor - 91 nuclei detected (12%)
2024-10-22 23:46:18 INFO: 23:46:18.596 [task-runner-1-5] [INFO ] q.lib.plugins.DetectionPluginTools - 69 nuclei detected (processing time: 16.33 seconds)
2024-10-22 23:46:18 INFO: 23:46:18.596 [main] [INFO ] q.l.p.CommandLineTaskRunner$CommandLineProgressMonitor - 69 nuclei detected (13%)
2024-10-22 23:46:18 INFO: 23:46:18.765 [task-runner-1-49] [INFO ] q.lib.plugins.DetectionPluginTools - 137 nuclei detected (processing time: 16.49 seconds)
2024-10-22 23:46:18 INFO: 23:46:18.779 [main] [INFO ] q.l.p.CommandLineTaskRunner$CommandLineProgressMonitor - 137 nuclei detected (13%)
2024-10-22 23:46:18 INFO: 23:46:18.780 [task-runner-1-45] [INFO ] q.lib.plugins.DetectionPluginTools - 161 nuclei detected (processing time: 16.51 seconds)
2024-10-22 23:46:18 INFO: 23:46:18.791 [task-runner-1-63] [INFO ] q.lib.plugins.DetectionPluginTools - 159 nuclei detected (processing time: 16.51 seconds)
2024-10-22 23:46:18 INFO: 23:46:18.791 [main] [INFO ] q.l.p.CommandLineTaskRunner$CommandLineProgressMonitor - 161 nuclei detected (14%)
2024-10-22 23:46:18 INFO: 23:46:18.792 [main] [INFO ] q.l.p.CommandLineTaskRunner$CommandLineProgressMonitor - 159 nuclei detected (14%)
2024-10-22 23:46:18 INFO: 23:46:18.822 [task-runner-1-19] [INFO ] q.lib.plugins.DetectionPluginTools - 166 nuclei detected (processing time: 16.55 seconds)
2024-10-22 23:46:18 INFO: 23:46:18.825 [main] [INFO ] q.l.p.CommandLineTaskRunner$CommandLineProgressMonitor - 166 nuclei detected (15%)
2024-10-22 23:46:18 INFO: 23:46:18.847 [task-runner-1-62] [INFO ] q.lib.plugins.DetectionPluginTools - 229 nuclei detected (processing time: 16.57 seconds)
2024-10-22 23:46:18 INFO: 23:46:18.848 [main] [INFO ] q.l.p.CommandLineTaskRunner$CommandLineProgressMonitor - 229 nuclei detected (16%)
2024-10-22 23:46:18 INFO: 23:46:18.940 [task-runner-1-61] [INFO ] q.lib.plugins.DetectionPluginTools - 234 nuclei detected (processing time: 16.67 seconds)
2024-10-22 23:46:18 INFO: 23:46:18.940 [main] [INFO ] q.l.p.CommandLineTaskRunner$CommandLineProgressMonitor - 234 nuclei detected (16%)
2024-10-22 23:46:18 INFO: 23:46:18.944 [task-runner-1-18] [INFO ] q.lib.plugins.DetectionPluginTools - 279 nuclei detected (processing time: 16.68 seconds)
2024-10-22 23:46:18 INFO: 23:46:18.946 [main] [INFO ] q.l.p.CommandLineTaskRunner$CommandLineProgressMonitor - 279 nuclei detected (17%)
2024-10-22 23:46:18 INFO: 23:46:18.965 [task-runner-1-35] [INFO ] q.lib.plugins.DetectionPluginTools - 304 nuclei detected (processing time: 16.70 seconds)
2024-10-22 23:46:18 INFO: 23:46:18.966 [main] [INFO ] q.l.p.CommandLineTaskRunner$CommandLineProgressMonitor - 304 nuclei detected (18%)
2024-10-22 23:46:18 INFO: 23:46:18.980 [task-runner-1-44] [INFO ] q.lib.plugins.DetectionPluginTools - 353 nuclei detected (processing time: 16.71 seconds)
2024-10-22 23:46:18 INFO: 23:46:18.981 [main] [INFO ] q.l.p.CommandLineTaskRunner$CommandLineProgressMonitor - 353 nuclei detected (18%)
2024-10-22 23:46:19 INFO: 23:46:19.122 [task-runner-1-25] [INFO ] q.lib.plugins.DetectionPluginTools - 533 nuclei detected (processing time: 16.85 seconds)
2024-10-22 23:46:19 INFO: 23:46:19.123 [main] [INFO ] q.l.p.CommandLineTaskRunner$CommandLineProgressMonitor - 533 nuclei detected (19%)
2024-10-22 23:46:19 INFO: 23:46:19.142 [task-runner-1-34] [INFO ] q.lib.plugins.DetectionPluginTools - 484 nuclei detected (processing time: 16.86 seconds)
2024-10-22 23:46:19 INFO: 23:46:19.225 [main] [INFO ] q.l.p.CommandLineTaskRunner$CommandLineProgressMonitor - 484 nuclei detected (19%)
2024-10-22 23:46:19 INFO: 23:46:19.237 [task-runner-1-50] [INFO ] q.lib.plugins.DetectionPluginTools - 365 nuclei detected (processing time: 16.96 seconds)
2024-10-22 23:46:19 INFO: 23:46:19.240 [main] [INFO ] q.l.p.CommandLineTaskRunner$CommandLineProgressMonitor - 365 nuclei detected (20%)
2024-10-22 23:46:19 INFO: 23:46:19.259 [task-runner-1-20] [INFO ] q.lib.plugins.DetectionPluginTools - 743 nuclei detected (processing time: 16.99 seconds)
2024-10-22 23:46:19 INFO: 23:46:19.262 [main] [INFO ] q.l.p.CommandLineTaskRunner$CommandLineProgressMonitor - 743 nuclei detected (21%)
2024-10-22 23:46:19 INFO: 23:46:19.284 [task-runner-1-8] [INFO ] q.lib.plugins.DetectionPluginTools - 2 nuclei detected (processing time: 17.02 seconds)
2024-10-22 23:46:19 INFO: 23:46:19.285 [main] [INFO ] q.l.p.CommandLineTaskRunner$CommandLineProgressMonitor - 2 nuclei detected (21%)
2024-10-22 23:46:19 INFO: 23:46:19.286 [task-runner-1-2] [INFO ] q.lib.plugins.DetectionPluginTools - 2 nuclei detected (processing time: 17.02 seconds)
2024-10-22 23:46:19 INFO: 23:46:19.286 [task-runner-1-4] [INFO ] q.lib.plugins.DetectionPluginTools - 0 nuclei detected (processing time: 17.02 seconds)
2024-10-22 23:46:19 INFO: 23:46:19.286 [main] [INFO ] q.l.p.CommandLineTaskRunner$CommandLineProgressMonitor - 2 nuclei detected (22%)
2024-10-22 23:46:19 INFO: 23:46:19.286 [main] [INFO ] q.l.p.CommandLineTaskRunner$CommandLineProgressMonitor - 0 nuclei detected (23%)
2024-10-22 23:46:19 INFO: 23:46:19.288 [task-runner-1-6] [INFO ] q.lib.plugins.DetectionPluginTools - 6 nuclei detected (processing time: 17.02 seconds)
2024-10-22 23:46:19 INFO: 23:46:19.288 [main] [INFO ] q.l.p.CommandLineTaskRunner$CommandLineProgressMonitor - 6 nuclei detected (23%)
2024-10-22 23:46:19 INFO: 23:46:19.290 [task-runner-1-15] [INFO ] q.lib.plugins.DetectionPluginTools - 0 nuclei detected (processing time: 17.02 seconds)
2024-10-22 23:46:19 INFO: 23:46:19.290 [main] [INFO ] q.l.p.CommandLineTaskRunner$CommandLineProgressMonitor - 0 nuclei detected (24%)
2024-10-22 23:46:19 INFO: 23:46:19.286 [task-runner-1-27] [INFO ] q.lib.plugins.DetectionPluginTools - 1 nucleus detected (processing time: 17.02 seconds)
2024-10-22 23:46:19 INFO: 23:46:19.302 [main] [INFO ] q.l.p.CommandLineTaskRunner$CommandLineProgressMonitor - 1 nucleus detected (24%)
2024-10-22 23:46:19 INFO: 23:46:19.339 [task-runner-1-46] [INFO ] q.lib.plugins.DetectionPluginTools - 58 nuclei detected (processing time: 17.07 seconds)
2024-10-22 23:46:19 INFO: 23:46:19.341 [main] [INFO ] q.l.p.CommandLineTaskRunner$CommandLineProgressMonitor - 58 nuclei detected (25%)
2024-10-22 23:46:19 INFO: 23:46:19.491 [task-runner-1-33] [INFO ] q.lib.plugins.DetectionPluginTools - 244 nuclei detected (processing time: 17.22 seconds)
2024-10-22 23:46:19 INFO: 23:46:19.492 [main] [INFO ] q.l.p.CommandLineTaskRunner$CommandLineProgressMonitor - 244 nuclei detected (26%)
2024-10-22 23:46:19 INFO: 23:46:19.699 [task-runner-1-51] [INFO ] q.lib.plugins.DetectionPluginTools - 1001 nuclei detected (processing time: 17.43 seconds)
2024-10-22 23:46:19 INFO: 23:46:19.700 [main] [INFO ] q.l.p.CommandLineTaskRunner$CommandLineProgressMonitor - 1001 nuclei detected (26%)
2024-10-22 23:46:19 INFO: 23:46:19.864 [task-runner-1-23] [INFO ] q.lib.plugins.DetectionPluginTools - 1397 nuclei detected (processing time: 17.60 seconds)
2024-10-22 23:46:19 INFO: 23:46:19.865 [main] [INFO ] q.l.p.CommandLineTaskRunner$CommandLineProgressMonitor - 1397 nuclei detected (27%)
2024-10-22 23:46:20 INFO: 23:46:20.129 [task-runner-1-24] [INFO ] q.lib.plugins.DetectionPluginTools - 1184 nuclei detected (processing time: 17.86 seconds)
2024-10-22 23:46:20 INFO: 23:46:20.132 [main] [INFO ] q.l.p.CommandLineTaskRunner$CommandLineProgressMonitor - 1184 nuclei detected (28%)
2024-10-22 23:46:20 INFO: 23:46:20.169 [task-runner-1-43] [INFO ] q.lib.plugins.DetectionPluginTools - 1416 nuclei detected (processing time: 17.90 seconds)
2024-10-22 23:46:20 INFO: 23:46:20.170 [main] [INFO ] q.l.p.CommandLineTaskRunner$CommandLineProgressMonitor - 1416 nuclei detected (28%)
2024-10-22 23:46:20 INFO: 23:46:20.411 [task-runner-1-22] [INFO ] q.lib.plugins.DetectionPluginTools - 1749 nuclei detected (processing time: 18.14 seconds)
2024-10-22 23:46:20 INFO: 23:46:20.412 [main] [INFO ] q.l.p.CommandLineTaskRunner$CommandLineProgressMonitor - 1749 nuclei detected (29%)
2024-10-22 23:46:21 INFO: 23:46:21.552 [task-runner-1-60] [INFO ] q.lib.plugins.DetectionPluginTools - 2022 nuclei detected (processing time: 19.28 seconds)
2024-10-22 23:46:21 INFO: 23:46:21.554 [main] [INFO ] q.l.p.CommandLineTaskRunner$CommandLineProgressMonitor - 2022 nuclei detected (29%)
2024-10-22 23:46:23 INFO: 23:46:23.005 [task-runner-1-21] [INFO ] q.lib.plugins.DetectionPluginTools - 4223 nuclei detected (processing time: 20.74 seconds)
2024-10-22 23:46:23 INFO: 23:46:23.006 [main] [INFO ] q.l.p.CommandLineTaskRunner$CommandLineProgressMonitor - 4223 nuclei detected (30%)
2024-10-22 23:46:23 INFO: 23:46:23.899 [task-runner-1-36] [INFO ] q.lib.plugins.DetectionPluginTools - 3082 nuclei detected (processing time: 21.63 seconds)
2024-10-22 23:46:23 INFO: 23:46:23.900 [main] [INFO ] q.l.p.CommandLineTaskRunner$CommandLineProgressMonitor - 3082 nuclei detected (31%)
2024-10-22 23:46:24 INFO: 23:46:24.418 [task-runner-1-52] [INFO ] q.lib.plugins.DetectionPluginTools - 3080 nuclei detected (processing time: 22.15 seconds)
2024-10-22 23:46:24 INFO: 23:46:24.418 [main] [INFO ] q.l.p.CommandLineTaskRunner$CommandLineProgressMonitor - 3080 nuclei detected (31%)
2024-10-22 23:46:25 INFO: 23:46:25.276 [task-runner-1-40] [INFO ] q.lib.plugins.DetectionPluginTools - 3239 nuclei detected (processing time: 23.01 seconds)
2024-10-22 23:46:25 INFO: 23:46:25.276 [main] [INFO ] q.l.p.CommandLineTaskRunner$CommandLineProgressMonitor - 3239 nuclei detected (32%)
2024-10-22 23:46:25 INFO: 23:46:25.826 [task-runner-1-59] [INFO ] q.lib.plugins.DetectionPluginTools - 4247 nuclei detected (processing time: 23.55 seconds)
2024-10-22 23:46:25 INFO: 23:46:25.826 [main] [INFO ] q.l.p.CommandLineTaskRunner$CommandLineProgressMonitor - 4247 nuclei detected (33%)
2024-10-22 23:46:25 INFO: 23:46:25.844 [task-runner-1-39] [INFO ] q.lib.plugins.DetectionPluginTools - 3805 nuclei detected (processing time: 23.57 seconds)
2024-10-22 23:46:25 INFO: 23:46:25.845 [main] [INFO ] q.l.p.CommandLineTaskRunner$CommandLineProgressMonitor - 3805 nuclei detected (33%)
2024-10-22 23:46:26 INFO: 23:46:26.321 [task-runner-1-41] [INFO ] q.lib.plugins.DetectionPluginTools - 3225 nuclei detected (processing time: 24.05 seconds)
2024-10-22 23:46:26 INFO: 23:46:26.322 [main] [INFO ] q.l.p.CommandLineTaskRunner$CommandLineProgressMonitor - 3225 nuclei detected (34%)
2024-10-22 23:46:26 INFO: 23:46:26.507 [task-runner-1-58] [INFO ] q.lib.plugins.DetectionPluginTools - 3450 nuclei detected (processing time: 24.23 seconds)
2024-10-22 23:46:26 INFO: 23:46:26.508 [main] [INFO ] q.l.p.CommandLineTaskRunner$CommandLineProgressMonitor - 3450 nuclei detected (34%)
2024-10-22 23:46:26 INFO: 23:46:26.538 [task-runner-1-42] [INFO ] q.lib.plugins.DetectionPluginTools - 3141 nuclei detected (processing time: 24.27 seconds)
2024-10-22 23:46:26 INFO: 23:46:26.540 [main] [INFO ] q.l.p.CommandLineTaskRunner$CommandLineProgressMonitor - 3141 nuclei detected (35%)
2024-10-22 23:46:26 INFO: 23:46:26.584 [task-runner-1-38] [INFO ] q.lib.plugins.DetectionPluginTools - 4438 nuclei detected (processing time: 24.31 seconds)
2024-10-22 23:46:26 INFO: 23:46:26.585 [main] [INFO ] q.l.p.CommandLineTaskRunner$CommandLineProgressMonitor - 4438 nuclei detected (36%)
2024-10-22 23:46:27 INFO: 23:46:27.007 [task-runner-1-55] [INFO ] q.lib.plugins.DetectionPluginTools - 3901 nuclei detected (processing time: 24.73 seconds)
2024-10-22 23:46:27 INFO: 23:46:27.009 [main] [INFO ] q.l.p.CommandLineTaskRunner$CommandLineProgressMonitor - 3901 nuclei detected (36%)
2024-10-22 23:46:27 INFO: 23:46:27.387 [task-runner-1-16] [INFO ] q.lib.plugins.DetectionPluginTools - 1 nucleus detected (processing time: 9.16 seconds)
2024-10-22 23:46:27 INFO: 23:46:27.388 [main] [INFO ] q.l.p.CommandLineTaskRunner$CommandLineProgressMonitor - 1 nucleus detected (37%)
2024-10-22 23:46:27 INFO: 23:46:27.478 [task-runner-1-57] [INFO ] q.lib.plugins.DetectionPluginTools - 4984 nuclei detected (processing time: 25.21 seconds)
2024-10-22 23:46:27 INFO: 23:46:27.479 [main] [INFO ] q.l.p.CommandLineTaskRunner$CommandLineProgressMonitor - 4984 nuclei detected (38%)
2024-10-22 23:46:27 INFO: 23:46:27.569 [task-runner-1-56] [INFO ] q.lib.plugins.DetectionPluginTools - 4500 nuclei detected (processing time: 25.30 seconds)
2024-10-22 23:46:27 INFO: 23:46:27.571 [main] [INFO ] q.l.p.CommandLineTaskRunner$CommandLineProgressMonitor - 4500 nuclei detected (38%)
2024-10-22 23:46:27 INFO: 23:46:27.857 [task-runner-1-54] [INFO ] q.lib.plugins.DetectionPluginTools - 5757 nuclei detected (processing time: 25.59 seconds)
2024-10-22 23:46:27 INFO: 23:46:27.858 [main] [INFO ] q.l.p.CommandLineTaskRunner$CommandLineProgressMonitor - 5757 nuclei detected (39%)
2024-10-22 23:46:28 INFO: 23:46:28.122 [task-runner-1-31] [INFO ] q.lib.plugins.DetectionPluginTools - 0 nuclei detected (processing time: 9.71 seconds)
2024-10-22 23:46:28 INFO: 23:46:28.124 [main] [INFO ] q.l.p.CommandLineTaskRunner$CommandLineProgressMonitor - 0 nuclei detected (39%)
2024-10-22 23:46:28 INFO: 23:46:28.198 [task-runner-1-37] [INFO ] q.lib.plugins.DetectionPluginTools - 6720 nuclei detected (processing time: 25.93 seconds)
2024-10-22 23:46:28 INFO: 23:46:28.200 [main] [INFO ] q.l.p.CommandLineTaskRunner$CommandLineProgressMonitor - 6720 nuclei detected (40%)
2024-10-22 23:46:28 INFO: 23:46:28.902 [task-runner-1-26] [INFO ] q.lib.plugins.DetectionPluginTools - 146 nuclei detected (processing time: 10.31 seconds)
2024-10-22 23:46:28 INFO: 23:46:28.905 [main] [INFO ] q.l.p.CommandLineTaskRunner$CommandLineProgressMonitor - 146 nuclei detected (41%)
2024-10-22 23:46:28 INFO: 23:46:28.979 [task-runner-1-53] [INFO ] q.lib.plugins.DetectionPluginTools - 8121 nuclei detected (processing time: 26.71 seconds)
2024-10-22 23:46:28 INFO: 23:46:28.980 [main] [INFO ] q.l.p.CommandLineTaskRunner$CommandLineProgressMonitor - 8121 nuclei detected (41%)
2024-10-22 23:46:29 INFO: 23:46:29.253 [task-runner-1-48] [INFO ] q.lib.plugins.DetectionPluginTools - 129 nuclei detected (processing time: 11.02 seconds)
2024-10-22 23:46:29 INFO: 23:46:29.254 [main] [INFO ] q.l.p.CommandLineTaskRunner$CommandLineProgressMonitor - 129 nuclei detected (42%)
2024-10-22 23:46:29 INFO: 23:46:29.282 [task-runner-1-50] [INFO ] q.lib.plugins.DetectionPluginTools - 116 nuclei detected (processing time: 10.04 seconds)
2024-10-22 23:46:29 INFO: 23:46:29.282 [main] [INFO ] q.l.p.CommandLineTaskRunner$CommandLineProgressMonitor - 116 nuclei detected (43%)
2024-10-22 23:46:29 INFO: 23:46:29.288 [task-runner-1-4] [INFO ] q.lib.plugins.DetectionPluginTools - 155 nuclei detected (processing time: 10.00 seconds)
2024-10-22 23:46:29 INFO: 23:46:29.289 [main] [INFO ] q.l.p.CommandLineTaskRunner$CommandLineProgressMonitor - 155 nuclei detected (43%)
2024-10-22 23:46:29 INFO: 23:46:29.315 [task-runner-1-12] [INFO ] q.lib.plugins.DetectionPluginTools - 495 nuclei detected (processing time: 11.08 seconds)
2024-10-22 23:46:29 INFO: 23:46:29.316 [main] [INFO ] q.l.p.CommandLineTaskRunner$CommandLineProgressMonitor - 495 nuclei detected (44%)
2024-10-22 23:46:29 INFO: 23:46:29.333 [task-runner-1-20] [INFO ] q.lib.plugins.DetectionPluginTools - 3 nuclei detected (processing time: 10.07 seconds)
2024-10-22 23:46:29 INFO: 23:46:29.343 [main] [INFO ] q.l.p.CommandLineTaskRunner$CommandLineProgressMonitor - 3 nuclei detected (44%)
2024-10-22 23:46:29 INFO: 23:46:29.428 [task-runner-1-13] [INFO ] q.lib.plugins.DetectionPluginTools - 233 nuclei detected (processing time: 11.05 seconds)
2024-10-22 23:46:29 INFO: 23:46:29.437 [task-runner-1-28] [INFO ] q.lib.plugins.DetectionPluginTools - 119 nuclei detected (processing time: 11.00 seconds)
2024-10-22 23:46:29 INFO: 23:46:29.447 [main] [INFO ] q.l.p.CommandLineTaskRunner$CommandLineProgressMonitor - 233 nuclei detected (45%)
2024-10-22 23:46:29 INFO: 23:46:29.448 [main] [INFO ] q.l.p.CommandLineTaskRunner$CommandLineProgressMonitor - 119 nuclei detected (46%)
2024-10-22 23:46:30 INFO: 23:46:30.560 [task-runner-1-2] [INFO ] q.lib.plugins.DetectionPluginTools - 254 nuclei detected (processing time: 11.27 seconds)
2024-10-22 23:46:30 INFO: 23:46:30.562 [main] [INFO ] q.l.p.CommandLineTaskRunner$CommandLineProgressMonitor - 254 nuclei detected (46%)
2024-10-22 23:46:30 INFO: 23:46:30.655 [task-runner-1-32] [INFO ] q.lib.plugins.DetectionPluginTools - 610 nuclei detected (processing time: 12.42 seconds)
2024-10-22 23:46:30 INFO: 23:46:30.656 [main] [INFO ] q.l.p.CommandLineTaskRunner$CommandLineProgressMonitor - 610 nuclei detected (47%)
2024-10-22 23:46:31 INFO: 23:46:31.112 [task-runner-1-21] [INFO ] q.lib.plugins.DetectionPluginTools - 69 nuclei detected (processing time: 8.11 seconds)
2024-10-22 23:46:31 INFO: 23:46:31.114 [main] [INFO ] q.l.p.CommandLineTaskRunner$CommandLineProgressMonitor - 69 nuclei detected (48%)
2024-10-22 23:46:31 INFO: 23:46:31.289 [task-runner-1-8] [INFO ] q.lib.plugins.DetectionPluginTools - 157 nuclei detected (processing time: 12.00 seconds)
2024-10-22 23:46:31 INFO: 23:46:31.291 [main] [INFO ] q.l.p.CommandLineTaskRunner$CommandLineProgressMonitor - 157 nuclei detected (48%)
2024-10-22 23:46:31 INFO: 23:46:31.985 [task-runner-1-34] [INFO ] q.lib.plugins.DetectionPluginTools - 1114 nuclei detected (processing time: 12.76 seconds)
2024-10-22 23:46:31 INFO: 23:46:31.985 [main] [INFO ] q.l.p.CommandLineTaskRunner$CommandLineProgressMonitor - 1114 nuclei detected (49%)
2024-10-22 23:46:32 INFO: 23:46:32.108 [task-runner-1-5] [INFO ] q.lib.plugins.DetectionPluginTools - 1084 nuclei detected (processing time: 13.51 seconds)
2024-10-22 23:46:32 INFO: 23:46:32.108 [main] [INFO ] q.l.p.CommandLineTaskRunner$CommandLineProgressMonitor - 1084 nuclei detected (49%)
2024-10-22 23:46:32 INFO: 23:46:32.342 [task-runner-1-36] [INFO ] q.lib.plugins.DetectionPluginTools - 1 nucleus detected (processing time: 8.44 seconds)
2024-10-22 23:46:32 INFO: 23:46:32.343 [main] [INFO ] q.l.p.CommandLineTaskRunner$CommandLineProgressMonitor - 1 nucleus detected (50%)
2024-10-22 23:46:32 INFO: 23:46:32.912 [task-runner-1-47] [INFO ] q.lib.plugins.DetectionPluginTools - 826 nuclei detected (processing time: 14.54 seconds)
2024-10-22 23:46:32 INFO: 23:46:32.914 [main] [INFO ] q.l.p.CommandLineTaskRunner$CommandLineProgressMonitor - 826 nuclei detected (51%)
2024-10-22 23:46:33 INFO: 23:46:33.934 [task-runner-1-52] [INFO ] q.lib.plugins.DetectionPluginTools - 398 nuclei detected (processing time: 9.52 seconds)
2024-10-22 23:46:33 INFO: 23:46:33.936 [main] [INFO ] q.l.p.CommandLineTaskRunner$CommandLineProgressMonitor - 398 nuclei detected (51%)
2024-10-22 23:46:34 INFO: 23:46:34.876 [task-runner-1-40] [INFO ] q.lib.plugins.DetectionPluginTools - 285 nuclei detected (processing time: 9.60 seconds)
2024-10-22 23:46:34 INFO: 23:46:34.878 [main] [INFO ] q.l.p.CommandLineTaskRunner$CommandLineProgressMonitor - 285 nuclei detected (52%)
2024-10-22 23:46:35 INFO: 23:46:35.533 [task-runner-1-37] [INFO ] q.lib.plugins.DetectionPluginTools - 0 nuclei detected (processing time: 7.33 seconds)
2024-10-22 23:46:35 INFO: 23:46:35.534 [main] [INFO ] q.l.p.CommandLineTaskRunner$CommandLineProgressMonitor - 0 nuclei detected (53%)
2024-10-22 23:46:35 INFO: 23:46:35.725 [task-runner-1-59] [INFO ] q.lib.plugins.DetectionPluginTools - 346 nuclei detected (processing time: 9.90 seconds)
2024-10-22 23:46:35 INFO: 23:46:35.726 [main] [INFO ] q.l.p.CommandLineTaskRunner$CommandLineProgressMonitor - 346 nuclei detected (53%)
2024-10-22 23:46:36 INFO: 23:46:36.032 [task-runner-1-29] [INFO ] q.lib.plugins.DetectionPluginTools - 1773 nuclei detected (processing time: 17.66 seconds)
2024-10-22 23:46:36 INFO: 23:46:36.034 [main] [INFO ] q.l.p.CommandLineTaskRunner$CommandLineProgressMonitor - 1773 nuclei detected (54%)
2024-10-22 23:46:36 INFO: 23:46:36.616 [task-runner-1-4] [INFO ] q.lib.plugins.DetectionPluginTools - 3 nuclei detected (processing time: 7.33 seconds)
2024-10-22 23:46:36 INFO: 23:46:36.618 [main] [INFO ] q.l.p.CommandLineTaskRunner$CommandLineProgressMonitor - 3 nuclei detected (54%)
2024-10-22 23:46:36 INFO: 23:46:36.845 [task-runner-1-12] [INFO ] q.lib.plugins.DetectionPluginTools - 12 nuclei detected (processing time: 7.53 seconds)
2024-10-22 23:46:36 INFO: 23:46:36.849 [main] [INFO ] q.l.p.CommandLineTaskRunner$CommandLineProgressMonitor - 12 nuclei detected (55%)
2024-10-22 23:46:37 INFO: 23:46:37.493 [task-runner-1-26] [INFO ] q.lib.plugins.DetectionPluginTools - 0 nuclei detected (processing time: 8.59 seconds)
2024-10-22 23:46:37 INFO: 23:46:37.494 [main] [INFO ] q.l.p.CommandLineTaskRunner$CommandLineProgressMonitor - 0 nuclei detected (56%)
2024-10-22 23:46:37 INFO: 23:46:37.496 [task-runner-1-60] [INFO ] q.lib.plugins.DetectionPluginTools - 2527 nuclei detected (processing time: 15.94 seconds)
2024-10-22 23:46:37 INFO: 23:46:37.498 [main] [INFO ] q.l.p.CommandLineTaskRunner$CommandLineProgressMonitor - 2527 nuclei detected (56%)
2024-10-22 23:46:37 INFO: 23:46:37.691 [task-runner-1-13] [INFO ] q.lib.plugins.DetectionPluginTools - 0 nuclei detected (processing time: 8.24 seconds)
2024-10-22 23:46:37 INFO: 23:46:37.692 [main] [INFO ] q.l.p.CommandLineTaskRunner$CommandLineProgressMonitor - 0 nuclei detected (57%)
2024-10-22 23:46:37 INFO: 23:46:37.891 [task-runner-1-20] [INFO ] q.lib.plugins.DetectionPluginTools - 0 nuclei detected (processing time: 8.55 seconds)
2024-10-22 23:46:38 INFO: 23:46:38.829 [task-runner-1-50] [INFO ] q.lib.plugins.DetectionPluginTools - 114 nuclei detected (processing time: 9.55 seconds)
2024-10-22 23:46:38 INFO: 23:46:38.830 [main] [INFO ] q.l.p.CommandLineTaskRunner$CommandLineProgressMonitor - 114 nuclei detected (58%)
2024-10-22 23:46:38 INFO: 23:46:38.834 [task-runner-1-39] [INFO ] q.lib.plugins.DetectionPluginTools - 1431 nuclei detected (processing time: 12.99 seconds)
2024-10-22 23:46:38 INFO: 23:46:38.835 [main] [INFO ] q.l.p.CommandLineTaskRunner$CommandLineProgressMonitor - 1431 nuclei detected (59%)
2024-10-22 23:46:38 INFO: 23:46:38.950 [task-runner-1-28] [INFO ] q.lib.plugins.DetectionPluginTools - 0 nuclei detected (processing time: 9.50 seconds)
2024-10-22 23:46:38 INFO: 23:46:38.952 [main] [INFO ] q.l.p.CommandLineTaskRunner$CommandLineProgressMonitor - 0 nuclei detected (59%)
2024-10-22 23:46:39 INFO: 23:46:39.242 [task-runner-1-31] [INFO ] q.lib.plugins.DetectionPluginTools - 1714 nuclei detected (processing time: 11.12 seconds)
2024-10-22 23:46:39 INFO: 23:46:39.244 [main] [INFO ] q.l.p.CommandLineTaskRunner$CommandLineProgressMonitor - 1714 nuclei detected (60%)
2024-10-22 23:46:39 INFO: 23:46:39.502 [task-runner-1-48] [INFO ] q.lib.plugins.DetectionPluginTools - 82 nuclei detected (processing time: 10.25 seconds)
2024-10-22 23:46:39 INFO: 23:46:39.505 [main] [INFO ] q.l.p.CommandLineTaskRunner$CommandLineProgressMonitor - 82 nuclei detected (61%)
2024-10-22 23:46:39 INFO: 23:46:39.564 [task-runner-1-53] [INFO ] q.lib.plugins.DetectionPluginTools - 115 nuclei detected (processing time: 10.58 seconds)
2024-10-22 23:46:39 INFO: 23:46:39.566 [main] [INFO ] q.l.p.CommandLineTaskRunner$CommandLineProgressMonitor - 115 nuclei detected (61%)
2024-10-22 23:46:40 INFO: 23:46:40.032 [task-runner-1-32] [INFO ] q.lib.plugins.DetectionPluginTools - 488 nuclei detected (processing time: 9.38 seconds)
2024-10-22 23:46:40 INFO: 23:46:40.032 [task-runner-1-5] [INFO ] q.lib.plugins.DetectionPluginTools - 0 nuclei detected (processing time: 7.92 seconds)
2024-10-22 23:46:40 INFO: 23:46:40.033 [main] [INFO ] q.l.p.CommandLineTaskRunner$CommandLineProgressMonitor - 488 nuclei detected (62%)
2024-10-22 23:46:40 INFO: 23:46:40.033 [main] [INFO ] q.l.p.CommandLineTaskRunner$CommandLineProgressMonitor - 0 nuclei detected (63%)
2024-10-22 23:46:40 INFO: 23:46:40.399 [task-runner-1-2] [INFO ] q.lib.plugins.DetectionPluginTools - 39 nuclei detected (processing time: 9.84 seconds)
2024-10-22 23:46:40 INFO: 23:46:40.399 [main] [INFO ] q.l.p.CommandLineTaskRunner$CommandLineProgressMonitor - 39 nuclei detected (63%)
2024-10-22 23:46:40 INFO: 23:46:40.402 [task-runner-1-3] [INFO ] q.lib.plugins.DetectionPluginTools - 3979 nuclei detected (processing time: 22.17 seconds)
2024-10-22 23:46:40 INFO: 23:46:40.403 [main] [INFO ] q.l.p.CommandLineTaskRunner$CommandLineProgressMonitor - 3979 nuclei detected (64%)
2024-10-22 23:46:40 INFO: 23:46:40.519 [task-runner-1-36] [INFO ] q.lib.plugins.DetectionPluginTools - 0 nuclei detected (processing time: 8.18 seconds)
2024-10-22 23:46:40 INFO: 23:46:40.521 [main] [INFO ] q.l.p.CommandLineTaskRunner$CommandLineProgressMonitor - 0 nuclei detected (64%)
2024-10-22 23:46:40 INFO: 23:46:40.858 [task-runner-1-42] [INFO ] q.lib.plugins.DetectionPluginTools - 1832 nuclei detected (processing time: 14.32 seconds)
2024-10-22 23:46:40 INFO: 23:46:40.859 [main] [INFO ] q.l.p.CommandLineTaskRunner$CommandLineProgressMonitor - 1832 nuclei detected (65%)
2024-10-22 23:46:41 INFO: 23:46:41.275 [task-runner-1-58] [INFO ] q.lib.plugins.DetectionPluginTools - 1491 nuclei detected (processing time: 14.77 seconds)
2024-10-22 23:46:41 INFO: 23:46:41.275 [main] [INFO ] q.l.p.CommandLineTaskRunner$CommandLineProgressMonitor - 1491 nuclei detected (66%)
2024-10-22 23:46:41 INFO: 23:46:41.938 [task-runner-1-47] [INFO ] q.lib.plugins.DetectionPluginTools - 0 nuclei detected (processing time: 9.02 seconds)
2024-10-22 23:46:41 INFO: 23:46:41.939 [main] [INFO ] q.l.p.CommandLineTaskRunner$CommandLineProgressMonitor - 0 nuclei detected (66%)
2024-10-22 23:46:41 INFO: 23:46:41.993 [task-runner-1-6] [INFO ] q.lib.plugins.DetectionPluginTools - 3696 nuclei detected (processing time: 22.71 seconds)
2024-10-22 23:46:41 INFO: 23:46:41.994 [main] [INFO ] q.l.p.CommandLineTaskRunner$CommandLineProgressMonitor - 3696 nuclei detected (67%)
2024-10-22 23:46:42 INFO: 23:46:42.030 [task-runner-1-17] [INFO ] q.lib.plugins.DetectionPluginTools - 4037 nuclei detected (processing time: 23.78 seconds)
2024-10-22 23:46:42 INFO: 23:46:42.030 [main] [INFO ] q.l.p.CommandLineTaskRunner$CommandLineProgressMonitor - 4037 nuclei detected (68%)
2024-10-22 23:46:42 INFO: 23:46:42.172 [task-runner-1-49] [INFO ] q.lib.plugins.DetectionPluginTools - 4711 nuclei detected (processing time: 23.39 seconds)
2024-10-22 23:46:42 INFO: 23:46:42.172 [main] [INFO ] q.l.p.CommandLineTaskRunner$CommandLineProgressMonitor - 4711 nuclei detected (68%)
2024-10-22 23:46:42 INFO: 23:46:42.252 [task-runner-1-52] [INFO ] q.lib.plugins.DetectionPluginTools - 9 nuclei detected (processing time: 8.32 seconds)
2024-10-22 23:46:42 INFO: 23:46:42.252 [main] [INFO ] q.l.p.CommandLineTaskRunner$CommandLineProgressMonitor - 9 nuclei detected (69%)
2024-10-22 23:46:42 INFO: 23:46:42.283 [task-runner-1-10] [INFO ] q.lib.plugins.DetectionPluginTools - 3911 nuclei detected (processing time: 24.04 seconds)
2024-10-22 23:46:42 INFO: 23:46:42.284 [main] [INFO ] q.l.p.CommandLineTaskRunner$CommandLineProgressMonitor - 3911 nuclei detected (69%)
2024-10-22 23:46:42 INFO: 23:46:42.616 [task-runner-1-19] [INFO ] q.lib.plugins.DetectionPluginTools - 4547 nuclei detected (processing time: 23.79 seconds)
2024-10-22 23:46:42 INFO: 23:46:42.617 [main] [INFO ] q.l.p.CommandLineTaskRunner$CommandLineProgressMonitor - 4547 nuclei detected (70%)
2024-10-22 23:46:42 INFO: 23:46:42.704 [task-runner-1-25] [INFO ] q.lib.plugins.DetectionPluginTools - 2763 nuclei detected (processing time: 23.58 seconds)
2024-10-22 23:46:42 INFO: 23:46:42.704 [main] [INFO ] q.l.p.CommandLineTaskRunner$CommandLineProgressMonitor - 2763 nuclei detected (71%)
2024-10-22 23:46:42 INFO: 23:46:42.746 [task-runner-1-40] [INFO ] q.lib.plugins.DetectionPluginTools - 1 nucleus detected (processing time: 7.87 seconds)
2024-10-22 23:46:42 INFO: 23:46:42.747 [main] [INFO ] q.l.p.CommandLineTaskRunner$CommandLineProgressMonitor - 1 nucleus detected (71%)
2024-10-22 23:46:42 INFO: 23:46:42.783 [task-runner-1-27] [INFO ] q.lib.plugins.DetectionPluginTools - 3069 nuclei detected (processing time: 23.48 seconds)
2024-10-22 23:46:42 INFO: 23:46:42.784 [main] [INFO ] q.l.p.CommandLineTaskRunner$CommandLineProgressMonitor - 3069 nuclei detected (72%)
2024-10-22 23:46:42 INFO: 23:46:42.866 [task-runner-1-44] [INFO ] q.lib.plugins.DetectionPluginTools - 3652 nuclei detected (processing time: 23.89 seconds)
2024-10-22 23:46:42 INFO: 23:46:42.867 [main] [INFO ] q.l.p.CommandLineTaskRunner$CommandLineProgressMonitor - 3652 nuclei detected (73%)
2024-10-22 23:46:42 INFO: 23:46:42.873 [task-runner-1-41] [INFO ] q.lib.plugins.DetectionPluginTools - 2791 nuclei detected (processing time: 16.55 seconds)
2024-10-22 23:46:42 INFO: 23:46:42.873 [main] [INFO ] q.l.p.CommandLineTaskRunner$CommandLineProgressMonitor - 2791 nuclei detected (73%)
2024-10-22 23:46:43 INFO: 23:46:43.164 [task-runner-1-18] [INFO ] q.lib.plugins.DetectionPluginTools - 4256 nuclei detected (processing time: 24.22 seconds)
2024-10-22 23:46:43 INFO: 23:46:43.165 [main] [INFO ] q.l.p.CommandLineTaskRunner$CommandLineProgressMonitor - 4256 nuclei detected (74%)
2024-10-22 23:46:43 INFO: 23:46:43.238 [task-runner-1-37] [INFO ] q.lib.plugins.DetectionPluginTools - 0 nuclei detected (processing time: 7.70 seconds)
2024-10-22 23:46:43 INFO: 23:46:43.239 [main] [INFO ] q.l.p.CommandLineTaskRunner$CommandLineProgressMonitor - 0 nuclei detected (74%)
2024-10-22 23:46:43 INFO: 23:46:43.318 [task-runner-1-30] [INFO ] q.lib.plugins.DetectionPluginTools - 4703 nuclei detected (processing time: 25.08 seconds)
2024-10-22 23:46:43 INFO: 23:46:43.318 [main] [INFO ] q.l.p.CommandLineTaskRunner$CommandLineProgressMonitor - 4703 nuclei detected (75%)
2024-10-22 23:46:43 INFO: 23:46:43.332 [task-runner-1-51] [INFO ] q.lib.plugins.DetectionPluginTools - 4097 nuclei detected (processing time: 23.63 seconds)
2024-10-22 23:46:43 INFO: 23:46:43.333 [main] [INFO ] q.l.p.CommandLineTaskRunner$CommandLineProgressMonitor - 4097 nuclei detected (76%)
2024-10-22 23:46:43 INFO: 23:46:43.346 [task-runner-1-63] [INFO ] q.lib.plugins.DetectionPluginTools - 4804 nuclei detected (processing time: 24.55 seconds)
2024-10-22 23:46:43 INFO: 23:46:43.347 [main] [INFO ] q.l.p.CommandLineTaskRunner$CommandLineProgressMonitor - 4804 nuclei detected (76%)
2024-10-22 23:46:43 INFO: 23:46:43.402 [task-runner-1-7] [INFO ] q.lib.plugins.DetectionPluginTools - 4616 nuclei detected (processing time: 25.16 seconds)
2024-10-22 23:46:43 INFO: 23:46:43.403 [main] [INFO ] q.l.p.CommandLineTaskRunner$CommandLineProgressMonitor - 4616 nuclei detected (77%)
2024-10-22 23:46:43 INFO: 23:46:43.408 [task-runner-1-23] [INFO ] q.lib.plugins.DetectionPluginTools - 4663 nuclei detected (processing time: 23.54 seconds)
2024-10-22 23:46:43 INFO: 23:46:43.409 [main] [INFO ] q.l.p.CommandLineTaskRunner$CommandLineProgressMonitor - 4663 nuclei detected (78%)
2024-10-22 23:46:43 INFO: 23:46:43.425 [task-runner-1-21] [INFO ] q.lib.plugins.DetectionPluginTools - 2213 nuclei detected (processing time: 12.31 seconds)
2024-10-22 23:46:43 INFO: 23:46:43.425 [main] [INFO ] q.l.p.CommandLineTaskRunner$CommandLineProgressMonitor - 2213 nuclei detected (78%)
2024-10-22 23:46:43 INFO: 23:46:43.561 [task-runner-1-15] [INFO ] q.lib.plugins.DetectionPluginTools - 4285 nuclei detected (processing time: 24.27 seconds)
2024-10-22 23:46:43 INFO: 23:46:43.562 [main] [INFO ] q.l.p.CommandLineTaskRunner$CommandLineProgressMonitor - 4285 nuclei detected (79%)
2024-10-22 23:46:43 INFO: 23:46:43.621 [task-runner-1-14] [INFO ] q.lib.plugins.DetectionPluginTools - 4314 nuclei detected (processing time: 25.38 seconds)
2024-10-22 23:46:43 INFO: 23:46:43.621 [main] [INFO ] q.l.p.CommandLineTaskRunner$CommandLineProgressMonitor - 4314 nuclei detected (79%)
2024-10-22 23:46:43 INFO: 23:46:43.729 [task-runner-1-45] [INFO ] q.lib.plugins.DetectionPluginTools - 4878 nuclei detected (processing time: 24.94 seconds)
2024-10-22 23:46:43 INFO: 23:46:43.730 [main] [INFO ] q.l.p.CommandLineTaskRunner$CommandLineProgressMonitor - 4878 nuclei detected (80%)
2024-10-22 23:46:43 INFO: 23:46:43.771 [task-runner-1-46] [INFO ] q.lib.plugins.DetectionPluginTools - 4882 nuclei detected (processing time: 24.43 seconds)
2024-10-22 23:46:43 INFO: 23:46:43.772 [main] [INFO ] q.l.p.CommandLineTaskRunner$CommandLineProgressMonitor - 4882 nuclei detected (81%)
2024-10-22 23:46:43 INFO: 23:46:43.810 [task-runner-1-1] [INFO ] q.lib.plugins.DetectionPluginTools - 4405 nuclei detected (processing time: 25.56 seconds)
2024-10-22 23:46:43 INFO: 23:46:43.810 [main] [INFO ] q.l.p.CommandLineTaskRunner$CommandLineProgressMonitor - 4405 nuclei detected (81%)
2024-10-22 23:46:43 INFO: 23:46:43.869 [task-runner-1-33] [INFO ] q.lib.plugins.DetectionPluginTools - 5183 nuclei detected (processing time: 24.38 seconds)
2024-10-22 23:46:43 INFO: 23:46:43.869 [main] [INFO ] q.l.p.CommandLineTaskRunner$CommandLineProgressMonitor - 5183 nuclei detected (82%)
2024-10-22 23:46:43 INFO: 23:46:43.892 [task-runner-1-62] [INFO ] q.lib.plugins.DetectionPluginTools - 4510 nuclei detected (processing time: 25.04 seconds)
2024-10-22 23:46:43 INFO: 23:46:43.893 [main] [INFO ] q.l.p.CommandLineTaskRunner$CommandLineProgressMonitor - 4510 nuclei detected (83%)
2024-10-22 23:46:44 INFO: 23:46:44.022 [task-runner-1-9] [INFO ] q.lib.plugins.DetectionPluginTools - 5905 nuclei detected (processing time: 25.78 seconds)
2024-10-22 23:46:44 INFO: 23:46:44.023 [main] [INFO ] q.l.p.CommandLineTaskRunner$CommandLineProgressMonitor - 5905 nuclei detected (83%)
2024-10-22 23:46:44 INFO: 23:46:44.040 [task-runner-1-11] [INFO ] q.lib.plugins.DetectionPluginTools - 8908 nuclei detected (processing time: 25.80 seconds)
2024-10-22 23:46:44 INFO: 23:46:44.040 [main] [INFO ] q.l.p.CommandLineTaskRunner$CommandLineProgressMonitor - 8908 nuclei detected (84%)
2024-10-22 23:46:44 INFO: 23:46:44.158 [task-runner-1-61] [INFO ] q.lib.plugins.DetectionPluginTools - 4527 nuclei detected (processing time: 25.22 seconds)
2024-10-22 23:46:44 INFO: 23:46:44.159 [task-runner-1-59] [INFO ] q.lib.plugins.DetectionPluginTools - 1 nucleus detected (processing time: 8.43 seconds)
2024-10-22 23:46:44 INFO: 23:46:44.159 [main] [INFO ] q.l.p.CommandLineTaskRunner$CommandLineProgressMonitor - 4527 nuclei detected (84%)
2024-10-22 23:46:44 INFO: 23:46:44.159 [main] [INFO ] q.l.p.CommandLineTaskRunner$CommandLineProgressMonitor - 1 nucleus detected (85%)
2024-10-22 23:46:44 INFO: 23:46:44.380 [task-runner-1-35] [INFO ] q.lib.plugins.DetectionPluginTools - 5215 nuclei detected (processing time: 25.41 seconds)
2024-10-22 23:46:44 INFO: 23:46:44.380 [main] [INFO ] q.l.p.CommandLineTaskRunner$CommandLineProgressMonitor - 5215 nuclei detected (86%)
2024-10-22 23:46:44 INFO: 23:46:44.389 [task-runner-1-26] [INFO ] q.lib.plugins.DetectionPluginTools - 1 nucleus detected (processing time: 6.89 seconds)
2024-10-22 23:46:44 INFO: 23:46:44.389 [main] [INFO ] q.l.p.CommandLineTaskRunner$CommandLineProgressMonitor - 1 nucleus detected (86%)
2024-10-22 23:46:44 INFO: 23:46:44.405 [task-runner-1-43] [INFO ] q.lib.plugins.DetectionPluginTools - 4316 nuclei detected (processing time: 24.24 seconds)
2024-10-22 23:46:44 INFO: 23:46:44.406 [main] [INFO ] q.l.p.CommandLineTaskRunner$CommandLineProgressMonitor - 4316 nuclei detected (87%)
2024-10-22 23:46:44 INFO: 23:46:44.464 [task-runner-1-24] [INFO ] q.lib.plugins.DetectionPluginTools - 5381 nuclei detected (processing time: 24.33 seconds)
2024-10-22 23:46:44 INFO: 23:46:44.465 [main] [INFO ] q.l.p.CommandLineTaskRunner$CommandLineProgressMonitor - 5381 nuclei detected (88%)
2024-10-22 23:46:44 INFO: 23:46:44.550 [task-runner-1-12] [INFO ] q.lib.plugins.DetectionPluginTools - 1 nucleus detected (processing time: 7.70 seconds)
2024-10-22 23:46:44 INFO: 23:46:44.551 [main] [INFO ] q.l.p.CommandLineTaskRunner$CommandLineProgressMonitor - 1 nucleus detected (88%)
2024-10-22 23:46:44 INFO: 23:46:44.576 [task-runner-1-22] [INFO ] q.lib.plugins.DetectionPluginTools - 5672 nuclei detected (processing time: 24.16 seconds)
2024-10-22 23:46:44 INFO: 23:46:44.576 [main] [INFO ] q.l.p.CommandLineTaskRunner$CommandLineProgressMonitor - 5672 nuclei detected (89%)
2024-10-22 23:46:44 INFO: 23:46:44.592 [task-runner-1-4] [INFO ] q.lib.plugins.DetectionPluginTools - 0 nuclei detected (processing time: 7.97 seconds)
2024-10-22 23:46:44 INFO: 23:46:44.592 [main] [INFO ] q.l.p.CommandLineTaskRunner$CommandLineProgressMonitor - 0 nuclei detected (89%)
2024-10-22 23:46:44 INFO: 23:46:44.687 [task-runner-1-8] [INFO ] q.lib.plugins.DetectionPluginTools - 3322 nuclei detected (processing time: 13.40 seconds)
2024-10-22 23:46:44 INFO: 23:46:44.688 [main] [INFO ] q.l.p.CommandLineTaskRunner$CommandLineProgressMonitor - 3322 nuclei detected (90%)
2024-10-22 23:46:44 INFO: 23:46:44.743 [task-runner-1-38] [INFO ] q.lib.plugins.DetectionPluginTools - 3331 nuclei detected (processing time: 18.16 seconds)
2024-10-22 23:46:44 INFO: 23:46:44.743 [main] [INFO ] q.l.p.CommandLineTaskRunner$CommandLineProgressMonitor - 3331 nuclei detected (91%)
2024-10-22 23:46:44 INFO: 23:46:44.803 [task-runner-1-29] [INFO ] q.lib.plugins.DetectionPluginTools - 1 nucleus detected (processing time: 8.77 seconds)
2024-10-22 23:46:44 INFO: 23:46:44.803 [main] [INFO ] q.l.p.CommandLineTaskRunner$CommandLineProgressMonitor - 1 nucleus detected (91%)
2024-10-22 23:46:44 INFO: 23:46:44.923 [task-runner-1-60] [INFO ] q.lib.plugins.DetectionPluginTools - 0 nuclei detected (processing time: 7.43 seconds)
2024-10-22 23:46:44 INFO: 23:46:44.924 [main] [INFO ] q.l.p.CommandLineTaskRunner$CommandLineProgressMonitor - 0 nuclei detected (92%)
2024-10-22 23:46:45 INFO: 23:46:45.121 [task-runner-1-28] [INFO ] q.lib.plugins.DetectionPluginTools - 0 nuclei detected (processing time: 6.17 seconds)
2024-10-22 23:46:45 INFO: 23:46:45.121 [main] [INFO ] q.l.p.CommandLineTaskRunner$CommandLineProgressMonitor - 0 nuclei detected (93%)
2024-10-22 23:46:45 INFO: 23:46:45.238 [task-runner-1-34] [INFO ] q.lib.plugins.DetectionPluginTools - 4244 nuclei detected (processing time: 13.25 seconds)
2024-10-22 23:46:45 INFO: 23:46:45.238 [main] [INFO ] q.l.p.CommandLineTaskRunner$CommandLineProgressMonitor - 4244 nuclei detected (93%)
2024-10-22 23:46:45 INFO: 23:46:45.244 [task-runner-1-31] [INFO ] q.lib.plugins.DetectionPluginTools - 0 nuclei detected (processing time: 6.00 seconds)
2024-10-22 23:46:45 INFO: 23:46:45.244 [main] [INFO ] q.l.p.CommandLineTaskRunner$CommandLineProgressMonitor - 0 nuclei detected (94%)
2024-10-22 23:46:45 INFO: 23:46:45.245 [task-runner-1-20] [INFO ] q.lib.plugins.DetectionPluginTools - 0 nuclei detected (processing time: 7.35 seconds)
2024-10-22 23:46:45 INFO: 23:46:45.324 [task-runner-1-39] [INFO ] q.lib.plugins.DetectionPluginTools - 0 nuclei detected (processing time: 6.49 seconds)
2024-10-22 23:46:45 INFO: 23:46:45.324 [main] [INFO ] q.l.p.CommandLineTaskRunner$CommandLineProgressMonitor - 0 nuclei detected (95%)
2024-10-22 23:46:45 INFO: 23:46:45.478 [task-runner-1-50] [INFO ] q.lib.plugins.DetectionPluginTools - 0 nuclei detected (processing time: 6.65 seconds)
2024-10-22 23:46:45 INFO: 23:46:45.478 [main] [INFO ] q.l.p.CommandLineTaskRunner$CommandLineProgressMonitor - 0 nuclei detected (96%)
2024-10-22 23:46:45 INFO: 23:46:45.665 [task-runner-1-13] [INFO ] q.lib.plugins.DetectionPluginTools - 1 nucleus detected (processing time: 7.97 seconds)
2024-10-22 23:46:45 INFO: 23:46:45.665 [main] [INFO ] q.l.p.CommandLineTaskRunner$CommandLineProgressMonitor - 1 nucleus detected (96%)
2024-10-22 23:46:46 INFO: 23:46:46.160 [task-runner-1-48] [INFO ] q.lib.plugins.DetectionPluginTools - 0 nuclei detected (processing time: 6.66 seconds)
2024-10-22 23:46:46 INFO: 23:46:46.160 [main] [INFO ] q.l.p.CommandLineTaskRunner$CommandLineProgressMonitor - 0 nuclei detected (97%)
2024-10-22 23:46:46 INFO: 23:46:46.480 [task-runner-1-55] [INFO ] q.lib.plugins.DetectionPluginTools - 4339 nuclei detected (processing time: 19.47 seconds)
2024-10-22 23:46:46 INFO: 23:46:46.481 [main] [INFO ] q.l.p.CommandLineTaskRunner$CommandLineProgressMonitor - 4339 nuclei detected (98%)
2024-10-22 23:46:46 INFO: 23:46:46.576 [task-runner-1-16] [INFO ] q.lib.plugins.DetectionPluginTools - 6923 nuclei detected (processing time: 19.19 seconds)
2024-10-22 23:46:46 INFO: 23:46:46.576 [main] [INFO ] q.l.p.CommandLineTaskRunner$CommandLineProgressMonitor - 6923 nuclei detected (98%)
2024-10-22 23:46:46 INFO: 23:46:46.984 [task-runner-1-57] [INFO ] q.lib.plugins.DetectionPluginTools - 7985 nuclei detected (processing time: 19.51 seconds)
2024-10-22 23:46:46 INFO: 23:46:46.985 [main] [INFO ] q.l.p.CommandLineTaskRunner$CommandLineProgressMonitor - 7985 nuclei detected (99%)
2024-10-22 23:46:47 INFO: 23:46:47.202 [task-runner-1-54] [INFO ] q.lib.plugins.DetectionPluginTools - 5891 nuclei detected (processing time: 19.34 seconds)
2024-10-22 23:46:47 INFO: 23:46:47.205 [main] [INFO ] q.l.p.CommandLineTaskRunner$CommandLineProgressMonitor - 5891 nuclei detected (99%)
2024-10-22 23:46:47 INFO: 23:46:47.784 [task-runner-1-56] [INFO ] q.lib.plugins.DetectionPluginTools - 8299 nuclei detected (processing time: 20.21 seconds)
2024-10-22 23:46:47 INFO: 23:46:47.785 [main] [INFO ] q.l.p.CommandLineTaskRunner$CommandLineProgressMonitor - 8299 nuclei detected (100%)
2024-10-22 23:46:47 INFO: 23:46:47.785 [main] [INFO ] q.l.p.CommandLineTaskRunner$CommandLineProgressMonitor - Processing complete in 45.52 seconds
2024-10-22 23:46:47 INFO: 23:46:47.785 [main] [INFO ] q.l.p.CommandLineTaskRunner$CommandLineProgressMonitor - Tasks completed!
2024-10-22 23:47:00 INFO: 23:47:00.531 [main] [WARN ] q.l.p.objects.SmoothFeaturesPlugin - Smoothing using annotations
2024-10-22 23:47:04 INFO: 23:47:04.832 [main] [INFO ] q.l.p.CommandLineTaskRunner$CommandLineProgressMonitor - Completed (100%)
2024-10-22 23:47:04 INFO: 23:47:04.832 [main] [INFO ] q.l.p.CommandLineTaskRunner$CommandLineProgressMonitor - Processing complete in 4.30 seconds
2024-10-22 23:47:04 INFO: 23:47:04.832 [main] [INFO ] q.l.p.CommandLineTaskRunner$CommandLineProgressMonitor - Tasks completed!
2024-10-22 23:47:04 INFO: 23:47:04.834 [main] [WARN ] q.l.p.objects.SmoothFeaturesPlugin - Smoothing using annotations
2024-10-22 23:47:13 INFO: 23:47:13.307 [main] [INFO ] q.l.p.CommandLineTaskRunner$CommandLineProgressMonitor - Completed (100%)
2024-10-22 23:47:13 INFO: 23:47:13.307 [main] [INFO ] q.l.p.CommandLineTaskRunner$CommandLineProgressMonitor - Processing complete in 8.47 seconds
2024-10-22 23:47:13 INFO: 23:47:13.307 [main] [INFO ] q.l.p.CommandLineTaskRunner$CommandLineProgressMonitor - Tasks completed!
2024-10-22 23:47:13 INFO: 23:47:13.309 [main] [WARN ] q.l.p.objects.SmoothFeaturesPlugin - Smoothing using annotations
2024-10-22 23:47:42 INFO: 23:47:42.148 [main] [INFO ] q.l.p.CommandLineTaskRunner$CommandLineProgressMonitor - Completed (100%)
2024-10-22 23:47:42 INFO: 23:47:42.149 [main] [INFO ] q.l.p.CommandLineTaskRunner$CommandLineProgressMonitor - Processing complete in 28.84 seconds
2024-10-22 23:47:42 INFO: 23:47:42.149 [main] [INFO ] q.l.p.CommandLineTaskRunner$CommandLineProgressMonitor - Tasks completed!
2024-10-22 23:47:42 INFO: 23:47:42.396 [task-runner-5-2] [INFO ] q.l.a.IntensityFeaturesPlugin - Splitting Rectangle (0, 0, 63784, 39311) into 40 tiles for intensity measurements
2024-10-22 23:47:42 INFO: 23:47:42.756 [main] [INFO ] q.l.p.CommandLineTaskRunner$CommandLineProgressMonitor - Completed (0%)
2024-10-22 23:47:43 INFO: 23:47:43.766 [main] [INFO ] q.l.p.CommandLineTaskRunner$CommandLineProgressMonitor - Completed (1%)
2024-10-22 23:47:44 INFO: 23:47:44.027 [main] [INFO ] q.l.p.CommandLineTaskRunner$CommandLineProgressMonitor - Completed (2%)
2024-10-22 23:47:44 INFO: 23:47:44.249 [main] [INFO ] q.l.p.CommandLineTaskRunner$CommandLineProgressMonitor - Completed (3%)
2024-10-22 23:47:44 INFO: 23:47:44.480 [main] [INFO ] q.l.p.CommandLineTaskRunner$CommandLineProgressMonitor - Completed (4%)
2024-10-22 23:47:44 INFO: 23:47:44.721 [main] [INFO ] q.l.p.CommandLineTaskRunner$CommandLineProgressMonitor - Completed (5%)
2024-10-22 23:47:44 INFO: 23:47:44.898 [main] [INFO ] q.l.p.CommandLineTaskRunner$CommandLineProgressMonitor - Completed (6%)
2024-10-22 23:47:45 INFO: 23:47:45.092 [main] [INFO ] q.l.p.CommandLineTaskRunner$CommandLineProgressMonitor - Completed (7%)
2024-10-22 23:47:45 INFO: 23:47:45.268 [main] [INFO ] q.l.p.CommandLineTaskRunner$CommandLineProgressMonitor - Completed (8%)
2024-10-22 23:47:45 INFO: 23:47:45.450 [main] [INFO ] q.l.p.CommandLineTaskRunner$CommandLineProgressMonitor - Completed (9%)
2024-10-22 23:47:46 INFO: 23:47:46.057 [main] [INFO ] q.l.p.CommandLineTaskRunner$CommandLineProgressMonitor - Completed (10%)
2024-10-22 23:47:46 INFO: 23:47:46.227 [main] [INFO ] q.l.p.CommandLineTaskRunner$CommandLineProgressMonitor - Completed (11%)
2024-10-22 23:47:46 INFO: 23:47:46.401 [main] [INFO ] q.l.p.CommandLineTaskRunner$CommandLineProgressMonitor - Completed (12%)
2024-10-22 23:47:46 INFO: 23:47:46.927 [main] [INFO ] q.l.p.CommandLineTaskRunner$CommandLineProgressMonitor - Completed (13%)
2024-10-22 23:47:47 INFO: 23:47:47.052 [main] [INFO ] q.l.p.CommandLineTaskRunner$CommandLineProgressMonitor - Completed (14%)
2024-10-22 23:47:47 INFO: 23:47:47.213 [main] [INFO ] q.l.p.CommandLineTaskRunner$CommandLineProgressMonitor - Completed (15%)
2024-10-22 23:47:47 INFO: 23:47:47.611 [main] [INFO ] q.l.p.CommandLineTaskRunner$CommandLineProgressMonitor - Completed (16%)
2024-10-22 23:47:47 INFO: 23:47:47.788 [main] [INFO ] q.l.p.CommandLineTaskRunner$CommandLineProgressMonitor - Completed (17%)
2024-10-22 23:47:47 INFO: 23:47:47.943 [main] [INFO ] q.l.p.CommandLineTaskRunner$CommandLineProgressMonitor - Completed (18%)
2024-10-22 23:47:48 INFO: 23:47:48.086 [main] [INFO ] q.l.p.CommandLineTaskRunner$CommandLineProgressMonitor - Completed (19%)
2024-10-22 23:47:48 INFO: 23:47:48.227 [main] [INFO ] q.l.p.CommandLineTaskRunner$CommandLineProgressMonitor - Completed (20%)
2024-10-22 23:47:48 INFO: 23:47:48.362 [main] [INFO ] q.l.p.CommandLineTaskRunner$CommandLineProgressMonitor - Completed (21%)
2024-10-22 23:47:48 INFO: 23:47:48.479 [main] [INFO ] q.l.p.CommandLineTaskRunner$CommandLineProgressMonitor - Completed (22%)
2024-10-22 23:47:48 INFO: 23:47:48.592 [main] [INFO ] q.l.p.CommandLineTaskRunner$CommandLineProgressMonitor - Completed (23%)
2024-10-22 23:47:48 INFO: 23:47:48.717 [main] [INFO ] q.l.p.CommandLineTaskRunner$CommandLineProgressMonitor - Completed (24%)
2024-10-22 23:47:48 INFO: 23:47:48.827 [main] [INFO ] q.l.p.CommandLineTaskRunner$CommandLineProgressMonitor - Completed (25%)
2024-10-22 23:47:48 INFO: 23:47:48.938 [main] [INFO ] q.l.p.CommandLineTaskRunner$CommandLineProgressMonitor - Completed (26%)
2024-10-22 23:47:49 INFO: 23:47:49.054 [main] [INFO ] q.l.p.CommandLineTaskRunner$CommandLineProgressMonitor - Completed (27%)
2024-10-22 23:47:49 INFO: 23:47:49.175 [main] [INFO ] q.l.p.CommandLineTaskRunner$CommandLineProgressMonitor - Completed (28%)
2024-10-22 23:47:49 INFO: 23:47:49.290 [main] [INFO ] q.l.p.CommandLineTaskRunner$CommandLineProgressMonitor - Completed (29%)
2024-10-22 23:47:49 INFO: 23:47:49.491 [main] [INFO ] q.l.p.CommandLineTaskRunner$CommandLineProgressMonitor - Completed (30%)
2024-10-22 23:47:49 INFO: 23:47:49.629 [main] [INFO ] q.l.p.CommandLineTaskRunner$CommandLineProgressMonitor - Completed (31%)
2024-10-22 23:47:49 INFO: 23:47:49.742 [main] [INFO ] q.l.p.CommandLineTaskRunner$CommandLineProgressMonitor - Completed (32%)
2024-10-22 23:47:49 INFO: 23:47:49.864 [main] [INFO ] q.l.p.CommandLineTaskRunner$CommandLineProgressMonitor - Completed (33%)
2024-10-22 23:47:49 INFO: 23:47:49.982 [main] [INFO ] q.l.p.CommandLineTaskRunner$CommandLineProgressMonitor - Completed (34%)
2024-10-22 23:47:50 INFO: 23:47:50.095 [main] [INFO ] q.l.p.CommandLineTaskRunner$CommandLineProgressMonitor - Completed (35%)
2024-10-22 23:47:50 INFO: 23:47:50.204 [main] [INFO ] q.l.p.CommandLineTaskRunner$CommandLineProgressMonitor - Completed (36%)
2024-10-22 23:47:50 INFO: 23:47:50.312 [main] [INFO ] q.l.p.CommandLineTaskRunner$CommandLineProgressMonitor - Completed (37%)
2024-10-22 23:47:50 INFO: 23:47:50.431 [main] [INFO ] q.l.p.CommandLineTaskRunner$CommandLineProgressMonitor - Completed (38%)
2024-10-22 23:47:50 INFO: 23:47:50.547 [main] [INFO ] q.l.p.CommandLineTaskRunner$CommandLineProgressMonitor - Completed (39%)
2024-10-22 23:47:50 INFO: 23:47:50.664 [main] [INFO ] q.l.p.CommandLineTaskRunner$CommandLineProgressMonitor - Completed (40%)
2024-10-22 23:47:50 INFO: 23:47:50.777 [main] [INFO ] q.l.p.CommandLineTaskRunner$CommandLineProgressMonitor - Completed (41%)
2024-10-22 23:47:50 INFO: 23:47:50.901 [main] [INFO ] q.l.p.CommandLineTaskRunner$CommandLineProgressMonitor - Completed (42%)
2024-10-22 23:47:51 INFO: 23:47:51.019 [main] [INFO ] q.l.p.CommandLineTaskRunner$CommandLineProgressMonitor - Completed (43%)
2024-10-22 23:47:51 INFO: 23:47:51.138 [main] [INFO ] q.l.p.CommandLineTaskRunner$CommandLineProgressMonitor - Completed (44%)
2024-10-22 23:47:51 INFO: 23:47:51.265 [main] [INFO ] q.l.p.CommandLineTaskRunner$CommandLineProgressMonitor - Completed (45%)
2024-10-22 23:47:51 INFO: 23:47:51.386 [main] [INFO ] q.l.p.CommandLineTaskRunner$CommandLineProgressMonitor - Completed (46%)
2024-10-22 23:47:51 INFO: 23:47:51.541 [main] [INFO ] q.l.p.CommandLineTaskRunner$CommandLineProgressMonitor - Completed (47%)
2024-10-22 23:47:51 INFO: 23:47:51.686 [main] [INFO ] q.l.p.CommandLineTaskRunner$CommandLineProgressMonitor - Completed (48%)
2024-10-22 23:47:51 INFO: 23:47:51.835 [main] [INFO ] q.l.p.CommandLineTaskRunner$CommandLineProgressMonitor - Completed (49%)
2024-10-22 23:47:52 INFO: 23:47:52.042 [main] [INFO ] q.l.p.CommandLineTaskRunner$CommandLineProgressMonitor - Completed (50%)
2024-10-22 23:47:52 INFO: 23:47:52.160 [main] [INFO ] q.l.p.CommandLineTaskRunner$CommandLineProgressMonitor - Completed (51%)
2024-10-22 23:47:52 INFO: 23:47:52.278 [main] [INFO ] q.l.p.CommandLineTaskRunner$CommandLineProgressMonitor - Completed (52%)
2024-10-22 23:47:52 INFO: 23:47:52.396 [main] [INFO ] q.l.p.CommandLineTaskRunner$CommandLineProgressMonitor - Completed (53%)
2024-10-22 23:47:52 INFO: 23:47:52.515 [main] [INFO ] q.l.p.CommandLineTaskRunner$CommandLineProgressMonitor - Completed (54%)
2024-10-22 23:47:52 INFO: 23:47:52.629 [main] [INFO ] q.l.p.CommandLineTaskRunner$CommandLineProgressMonitor - Completed (55%)
2024-10-22 23:47:52 INFO: 23:47:52.746 [main] [INFO ] q.l.p.CommandLineTaskRunner$CommandLineProgressMonitor - Completed (56%)
2024-10-22 23:47:52 INFO: 23:47:52.859 [main] [INFO ] q.l.p.CommandLineTaskRunner$CommandLineProgressMonitor - Completed (57%)
2024-10-22 23:47:52 INFO: 23:47:52.975 [main] [INFO ] q.l.p.CommandLineTaskRunner$CommandLineProgressMonitor - Completed (58%)
2024-10-22 23:47:53 INFO: 23:47:53.091 [main] [INFO ] q.l.p.CommandLineTaskRunner$CommandLineProgressMonitor - Completed (59%)
2024-10-22 23:47:53 INFO: 23:47:53.210 [main] [INFO ] q.l.p.CommandLineTaskRunner$CommandLineProgressMonitor - Completed (60%)
2024-10-22 23:47:53 INFO: 23:47:53.318 [main] [INFO ] q.l.p.CommandLineTaskRunner$CommandLineProgressMonitor - Completed (61%)
2024-10-22 23:47:53 INFO: 23:47:53.440 [main] [INFO ] q.l.p.CommandLineTaskRunner$CommandLineProgressMonitor - Completed (62%)
2024-10-22 23:47:53 INFO: 23:47:53.567 [main] [INFO ] q.l.p.CommandLineTaskRunner$CommandLineProgressMonitor - Completed (63%)
2024-10-22 23:47:53 INFO: 23:47:53.714 [main] [INFO ] q.l.p.CommandLineTaskRunner$CommandLineProgressMonitor - Completed (64%)
2024-10-22 23:47:53 INFO: 23:47:53.834 [main] [INFO ] q.l.p.CommandLineTaskRunner$CommandLineProgressMonitor - Completed (65%)
2024-10-22 23:47:53 INFO: 23:47:53.953 [main] [INFO ] q.l.p.CommandLineTaskRunner$CommandLineProgressMonitor - Completed (66%)
2024-10-22 23:47:54 INFO: 23:47:54.071 [main] [INFO ] q.l.p.CommandLineTaskRunner$CommandLineProgressMonitor - Completed (67%)
2024-10-22 23:47:54 INFO: 23:47:54.185 [main] [INFO ] q.l.p.CommandLineTaskRunner$CommandLineProgressMonitor - Completed (68%)
2024-10-22 23:47:54 INFO: 23:47:54.423 [main] [INFO ] q.l.p.CommandLineTaskRunner$CommandLineProgressMonitor - Completed (69%)
2024-10-22 23:47:54 INFO: 23:47:54.542 [main] [INFO ] q.l.p.CommandLineTaskRunner$CommandLineProgressMonitor - Completed (70%)
2024-10-22 23:47:54 INFO: 23:47:54.658 [main] [INFO ] q.l.p.CommandLineTaskRunner$CommandLineProgressMonitor - Completed (71%)
2024-10-22 23:47:54 INFO: 23:47:54.775 [main] [INFO ] q.l.p.CommandLineTaskRunner$CommandLineProgressMonitor - Completed (72%)
2024-10-22 23:47:54 INFO: 23:47:54.886 [main] [INFO ] q.l.p.CommandLineTaskRunner$CommandLineProgressMonitor - Completed (73%)
2024-10-22 23:47:55 INFO: 23:47:55.005 [main] [INFO ] q.l.p.CommandLineTaskRunner$CommandLineProgressMonitor - Completed (74%)
2024-10-22 23:47:55 INFO: 23:47:55.122 [main] [INFO ] q.l.p.CommandLineTaskRunner$CommandLineProgressMonitor - Completed (75%)
2024-10-22 23:47:55 INFO: 23:47:55.235 [main] [INFO ] q.l.p.CommandLineTaskRunner$CommandLineProgressMonitor - Completed (76%)
2024-10-22 23:47:55 INFO: 23:47:55.350 [main] [INFO ] q.l.p.CommandLineTaskRunner$CommandLineProgressMonitor - Completed (77%)
2024-10-22 23:47:55 INFO: 23:47:55.476 [main] [INFO ] q.l.p.CommandLineTaskRunner$CommandLineProgressMonitor - Completed (78%)
2024-10-22 23:47:55 INFO: 23:47:55.586 [main] [INFO ] q.l.p.CommandLineTaskRunner$CommandLineProgressMonitor - Completed (79%)
2024-10-22 23:47:55 INFO: 23:47:55.709 [main] [INFO ] q.l.p.CommandLineTaskRunner$CommandLineProgressMonitor - Completed (80%)
2024-10-22 23:47:55 INFO: 23:47:55.857 [main] [INFO ] q.l.p.CommandLineTaskRunner$CommandLineProgressMonitor - Completed (81%)
2024-10-22 23:47:55 INFO: 23:47:55.980 [main] [INFO ] q.l.p.CommandLineTaskRunner$CommandLineProgressMonitor - Completed (82%)
2024-10-22 23:47:56 INFO: 23:47:56.100 [main] [INFO ] q.l.p.CommandLineTaskRunner$CommandLineProgressMonitor - Completed (83%)
2024-10-22 23:47:56 INFO: 23:47:56.224 [main] [INFO ] q.l.p.CommandLineTaskRunner$CommandLineProgressMonitor - Completed (84%)
2024-10-22 23:47:56 INFO: 23:47:56.339 [main] [INFO ] q.l.p.CommandLineTaskRunner$CommandLineProgressMonitor - Completed (85%)
2024-10-22 23:47:56 INFO: 23:47:56.453 [main] [INFO ] q.l.p.CommandLineTaskRunner$CommandLineProgressMonitor - Completed (86%)
2024-10-22 23:47:56 INFO: 23:47:56.586 [main] [INFO ] q.l.p.CommandLineTaskRunner$CommandLineProgressMonitor - Completed (87%)
2024-10-22 23:47:56 INFO: 23:47:56.683 [main] [INFO ] q.l.p.CommandLineTaskRunner$CommandLineProgressMonitor - Completed (88%)
2024-10-22 23:47:56 INFO: 23:47:56.793 [main] [INFO ] q.l.p.CommandLineTaskRunner$CommandLineProgressMonitor - Completed (89%)
2024-10-22 23:47:56 INFO: 23:47:56.986 [main] [INFO ] q.l.p.CommandLineTaskRunner$CommandLineProgressMonitor - Completed (90%)
2024-10-22 23:47:57 INFO: 23:47:57.170 [main] [INFO ] q.l.p.CommandLineTaskRunner$CommandLineProgressMonitor - Completed (91%)
2024-10-22 23:47:57 INFO: 23:47:57.347 [main] [INFO ] q.l.p.CommandLineTaskRunner$CommandLineProgressMonitor - Completed (92%)
2024-10-22 23:47:57 INFO: 23:47:57.534 [main] [INFO ] q.l.p.CommandLineTaskRunner$CommandLineProgressMonitor - Completed (93%)
2024-10-22 23:47:57 INFO: 23:47:57.719 [main] [INFO ] q.l.p.CommandLineTaskRunner$CommandLineProgressMonitor - Completed (94%)
2024-10-22 23:47:57 INFO: 23:47:57.894 [main] [INFO ] q.l.p.CommandLineTaskRunner$CommandLineProgressMonitor - Completed (95%)
2024-10-22 23:47:58 INFO: 23:47:58.153 [main] [INFO ] q.l.p.CommandLineTaskRunner$CommandLineProgressMonitor - Completed (96%)
2024-10-22 23:47:58 INFO: 23:47:58.274 [main] [INFO ] q.l.p.CommandLineTaskRunner$CommandLineProgressMonitor - Completed (97%)
2024-10-22 23:47:58 INFO: 23:47:58.391 [main] [INFO ] q.l.p.CommandLineTaskRunner$CommandLineProgressMonitor - Completed (98%)
2024-10-22 23:47:58 INFO: 23:47:58.500 [main] [INFO ] q.l.p.CommandLineTaskRunner$CommandLineProgressMonitor - Completed (99%)
2024-10-22 23:47:58 INFO: 23:47:58.610 [main] [INFO ] q.l.p.CommandLineTaskRunner$CommandLineProgressMonitor - Completed (100%)
2024-10-22 23:48:58 INFO: 23:48:58.517 [main] [INFO ] q.l.p.CommandLineTaskRunner$CommandLineProgressMonitor - Completed (100%)
2024-10-22 23:48:58 INFO: 23:48:58.520 [main] [INFO ] q.l.p.CommandLineTaskRunner$CommandLineProgressMonitor - Processing complete in 76.13 seconds
2024-10-22 23:48:58 INFO: 23:48:58.520 [main] [INFO ] q.l.p.CommandLineTaskRunner$CommandLineProgressMonitor - Tasks completed!
2024-10-22 23:51:33 INFO: 23:51:33.386 [task-runner-6-1] [WARN ] q.o.features.DelaunayTriangulation - Some objects have missing measurements! Statistics will calculated only for objects with measurements available.
2024-10-22 23:51:33 INFO: 23:51:33.387 [task-runner-6-1] [WARN ] q.o.features.DelaunayTriangulation - Missing measurements: [ROI: 1.00 m per pixel: Residual: Haralick Correlation (F2), ROI: 1.00 m per pixel: Residual: Haralick Information measure of correlation 1 (F11), ROI: 1.00 m per pixel: Residual: Haralick Information measure of correlation 2 (F12), ROI: 1.00 m per pixel: Hematoxylin: Haralick Information measure of correlation 2 (F12)]
2024-10-22 23:51:33 INFO: 23:51:33.420 [main] [INFO ] q.l.p.CommandLineTaskRunner$CommandLineProgressMonitor - Delaunay triangulation calculated for Annotation (248513 objects) (100%)
2024-10-22 23:51:33 INFO: 23:51:33.421 [main] [INFO ] q.l.p.CommandLineTaskRunner$CommandLineProgressMonitor - Processing complete in 154.84 seconds
2024-10-22 23:51:33 INFO: 23:51:33.421 [main] [INFO ] q.l.p.CommandLineTaskRunner$CommandLineProgressMonitor - Tasks completed!
2024-10-22 23:54:20 INFO: TCGA-GI-A2C8-01Z-00-DX1.09BD8AC9-645A-4C8B-9B36-77D833BDBA09
2024-10-22 23:54:20 INFO: QuPath subprocess completed.
2024-10-22 23:54:33 INFO: QuPath image extraction completed successfully. Output directory: /home/ilants/Documents/jupyter_test/single_image_multiple_params/exp_backgroundRadiusMicrons_12.0
2024-10-22 23:54:33 INFO: Summary table saved to: /home/ilants/Documents/jupyter_test/single_image_multiple_params/exp_backgroundRadiusMicrons_12.0/Summary_Table.csv
2024-10-22 23:54:33 INFO: Experiment completed successfully.
