2024-10-23 02:56:28 INFO: Starting experiment with for maxAreaMicrons with value of 30.0
2024-10-23 02:56:28 INFO: Running with the following configuration:
{'detectionImageBrightfield': 'Hematoxylin OD', 'requestedPixelSizeMicrons': 0.5, 'backgroundRadiusMicrons': 4.0, 'backgroundByReconstruction': True, 'medianRadiusMicrons': 0.0, 'sigmaMicrons': 1.5, 'minAreaMicrons': 10.0, 'maxAreaMicrons': 30.0, 'threshold': 0.1, 'maxBackground': 2.0, 'watershedPostProcess': True, 'cellExpansionMicrons': 5.0, 'includeNuclei': True, 'smoothBoundaries': True, 'makeMeasurements': True, 'backgroundRadiusPixel': 8.0, 'cellExpansionPixel': 10.0, 'medianRadiusPixel': 0.0, 'minAreaPixel': 20.0, 'maxAreaPixel': 160.0}
2024-10-23 02:56:28 INFO: Starting QuPath image extraction with the following parameters: image_dir=/home/ilants/Documents/jupyter_test, output_dir=/home/ilants/Documents/jupyter_test/single_image_multiple_params/exp_maxAreaMicrons_30.0, image_type=svs, groovy_script=/home/ilants/Documents/utls/nucleus_detection_wargs.groovy, config_file=/home/ilants/Documents/jupyter_test/single_image_multiple_params/exp_maxAreaMicrons_30.0/cfg.json, program_path=/home/ilants/Documents/QuPath-v0.5.1-Linux/QuPath/bin/QuPath
2024-10-23 02:56:29 INFO: 02:56:29.455 [main] [INFO ] qupath.lib.gui.prefs.PathPrefs - Setting default Locale to en_US
2024-10-23 02:56:29 INFO: 02:56:29.458 [main] [INFO ] qupath.lib.gui.prefs.PathPrefs - Setting Locale for FORMAT to en_US
2024-10-23 02:56:29 INFO: 02:56:29.458 [main] [INFO ] qupath.lib.gui.prefs.PathPrefs - Setting Locale for DISPLAY to en_US
2024-10-23 02:56:29 INFO: 02:56:29.472 [main] [INFO ] qupath.lib.common.ThreadTools - Setting parallelism to 63
2024-10-23 02:56:29 INFO: 02:56:29.489 [main] [INFO ] qupath.ScriptCommand - Setting tile cache size to 32200.00 MB (25.0% max memory)
2024-10-23 02:56:29 INFO: 02:56:29.538 [main] [INFO ] qupath.lib.scripting.QP - Initializing type adapters
2024-10-23 02:56:29 INFO: Warning: Versions of org.bytedeco:javacpp:1.5.9 and org.bytedeco:opencv:4.6.0-1.5.8 do not match.
2024-10-23 02:56:29 INFO: Warning: Versions of org.bytedeco:javacpp:1.5.9 and org.bytedeco:openblas:0.3.21-1.5.8 do not match.
2024-10-23 02:56:31 INFO: project parameters are: {"detectionImageBrightfield": "Hematoxylin OD","requestedPixelSizeMicrons": 0.5,"backgroundRadiusMicrons": 4.0,"backgroundByReconstruction": true,"medianRadiusMicrons": 0.0,"sigmaMicrons": 1.5,"minAreaMicrons": 10.0,"maxAreaMicrons": 30.0,"threshold": 0.1,"maxBackground": 2.0,"watershedPostProcess": true,"cellExpansionMicrons": 5.0,"includeNuclei": true,"smoothBoundaries": true,"makeMeasurements": true,"backgroundRadiusPixel": 8.0,"cellExpansionPixel": 10.0,"medianRadiusPixel": 0.0,"minAreaPixel": 20.0,"maxAreaPixel": 160.0}
2024-10-23 02:56:31 INFO: New project created at: /home/ilants/Documents/jupyter_test/single_image_multiple_params/exp_maxAreaMicrons_30.0/QPProject
2024-10-23 02:56:31 INFO: Added: /home/ilants/Documents/jupyter_test/TCGA-GI-A2C8-01Z-00-DX1.09BD8AC9-645A-4C8B-9B36-77D833BDBA09.svs
2024-10-23 02:56:31 INFO: /home/ilants/Documents/jupyter_test/TCGA-GI-A2C8-01Z-00-DX1.09BD8AC9-645A-4C8B-9B36-77D833BDBA09.svs
2024-10-23 02:56:31 INFO: 02:56:31.521 [main] [INFO ] q.l.i.s.b.BioFormatsServerOptions - Setting max Bio-Formats readers to 32
2024-10-23 02:56:32 INFO: UriImageSupport (class qupath.lib.images.servers.bioformats.BioFormatsServerBuilder) support=3.0, builders=1
2024-10-23 02:56:32 INFO: true
2024-10-23 02:56:32 INFO: 02:56:32.168 [main] [WARN ] qupath.lib.scripting.QP - createSelectAllObject(boolean) is deprecated, use createFullImageAnnotation(boolean) instead
2024-10-23 02:56:32 INFO: 02:56:32.168 [main] [WARN ] qupath.lib.scripting.QP - createSelectAllObject(boolean, int, int) is deprecated, use createFullImageAnnotation(boolean, int, int) instead
2024-10-23 02:56:32 INFO: 02:56:32.178 [main] [WARN ] q.l.plugins.parameters.ParameterList - Unable to set parameter backgroundRadiusPixel with value 8.0
2024-10-23 02:56:32 INFO: 02:56:32.178 [main] [WARN ] q.l.plugins.parameters.ParameterList - Unable to set parameter cellExpansionPixel with value 10.0
2024-10-23 02:56:32 INFO: 02:56:32.178 [main] [WARN ] q.l.plugins.parameters.ParameterList - Unable to set parameter medianRadiusPixel with value 0.0
2024-10-23 02:56:32 INFO: 02:56:32.178 [main] [WARN ] q.l.plugins.parameters.ParameterList - Unable to set parameter minAreaPixel with value 20.0
2024-10-23 02:56:32 INFO: 02:56:32.178 [main] [WARN ] q.l.plugins.parameters.ParameterList - Unable to set parameter maxAreaPixel with value 160.0
2024-10-23 02:56:43 INFO: 02:56:43.583 [task-runner-1-32] [INFO ] q.lib.plugins.DetectionPluginTools - 0 nuclei detected (processing time: 11.27 seconds)
2024-10-23 02:56:43 INFO: 02:56:43.583 [task-runner-1-15] [INFO ] q.lib.plugins.DetectionPluginTools - 0 nuclei detected (processing time: 11.28 seconds)
2024-10-23 02:56:43 INFO: 02:56:43.583 [task-runner-1-48] [INFO ] q.lib.plugins.DetectionPluginTools - 0 nuclei detected (processing time: 11.27 seconds)
2024-10-23 02:56:43 INFO: 02:56:43.583 [task-runner-1-9] [INFO ] q.lib.plugins.DetectionPluginTools - 0 nuclei detected (processing time: 11.28 seconds)
2024-10-23 02:56:43 INFO: 02:56:43.583 [task-runner-1-3] [INFO ] q.lib.plugins.DetectionPluginTools - 0 nuclei detected (processing time: 11.28 seconds)
2024-10-23 02:56:43 INFO: 02:56:43.583 [task-runner-1-4] [INFO ] q.lib.plugins.DetectionPluginTools - 0 nuclei detected (processing time: 11.28 seconds)
2024-10-23 02:56:43 INFO: 02:56:43.587 [main] [INFO ] q.l.p.CommandLineTaskRunner$CommandLineProgressMonitor - 0 nuclei detected (1%)
2024-10-23 02:56:43 INFO: 02:56:43.587 [main] [INFO ] q.l.p.CommandLineTaskRunner$CommandLineProgressMonitor - 0 nuclei detected (2%)
2024-10-23 02:56:43 INFO: 02:56:43.587 [main] [INFO ] q.l.p.CommandLineTaskRunner$CommandLineProgressMonitor - 0 nuclei detected (3%)
2024-10-23 02:56:43 INFO: 02:56:43.587 [main] [INFO ] q.l.p.CommandLineTaskRunner$CommandLineProgressMonitor - 0 nuclei detected (4%)
2024-10-23 02:56:43 INFO: 02:56:43.596 [task-runner-1-1] [INFO ] q.lib.plugins.DetectionPluginTools - 0 nuclei detected (processing time: 11.29 seconds)
2024-10-23 02:56:43 INFO: 02:56:43.599 [task-runner-1-16] [INFO ] q.lib.plugins.DetectionPluginTools - 0 nuclei detected (processing time: 11.29 seconds)
2024-10-23 02:56:43 INFO: 02:56:43.600 [main] [INFO ] q.l.p.CommandLineTaskRunner$CommandLineProgressMonitor - 0 nuclei detected (5%)
2024-10-23 02:56:43 INFO: 02:56:43.599 [task-runner-1-12] [INFO ] q.lib.plugins.DetectionPluginTools - 0 nuclei detected (processing time: 11.29 seconds)
2024-10-23 02:56:43 INFO: 02:56:43.606 [main] [INFO ] q.l.p.CommandLineTaskRunner$CommandLineProgressMonitor - 0 nuclei detected (6%)
2024-10-23 02:56:43 INFO: 02:56:43.823 [task-runner-1-11] [INFO ] q.lib.plugins.DetectionPluginTools - 0 nuclei detected (processing time: 11.52 seconds)
2024-10-23 02:56:44 INFO: 02:56:44.945 [task-runner-1-27] [INFO ] q.lib.plugins.DetectionPluginTools - 0 nuclei detected (processing time: 12.64 seconds)
2024-10-23 02:56:44 INFO: 02:56:44.946 [main] [INFO ] q.l.p.CommandLineTaskRunner$CommandLineProgressMonitor - 0 nuclei detected (7%)
2024-10-23 02:56:45 INFO: 02:56:45.129 [task-runner-1-10] [INFO ] q.lib.plugins.DetectionPluginTools - 0 nuclei detected (processing time: 12.82 seconds)
2024-10-23 02:56:45 INFO: 02:56:45.130 [main] [INFO ] q.l.p.CommandLineTaskRunner$CommandLineProgressMonitor - 0 nuclei detected (8%)
2024-10-23 02:56:45 INFO: 02:56:45.995 [task-runner-1-7] [INFO ] q.lib.plugins.DetectionPluginTools - 1 nucleus detected (processing time: 13.69 seconds)
2024-10-23 02:56:45 INFO: 02:56:45.997 [main] [INFO ] q.l.p.CommandLineTaskRunner$CommandLineProgressMonitor - 1 nucleus detected (8%)
2024-10-23 02:56:46 INFO: 02:56:46.001 [task-runner-1-29] [INFO ] q.lib.plugins.DetectionPluginTools - 2 nuclei detected (processing time: 13.69 seconds)
2024-10-23 02:56:46 INFO: 02:56:46.002 [main] [INFO ] q.l.p.CommandLineTaskRunner$CommandLineProgressMonitor - 2 nuclei detected (9%)
2024-10-23 02:56:46 INFO: 02:56:46.005 [task-runner-1-8] [INFO ] q.lib.plugins.DetectionPluginTools - 2 nuclei detected (processing time: 13.70 seconds)
2024-10-23 02:56:46 INFO: 02:56:46.006 [task-runner-1-17] [INFO ] q.lib.plugins.DetectionPluginTools - 3 nuclei detected (processing time: 13.70 seconds)
2024-10-23 02:56:46 INFO: 02:56:46.006 [main] [INFO ] q.l.p.CommandLineTaskRunner$CommandLineProgressMonitor - 3 nuclei detected (10%)
2024-10-23 02:56:46 INFO: 02:56:46.006 [task-runner-1-2] [INFO ] q.lib.plugins.DetectionPluginTools - 2 nuclei detected (processing time: 13.70 seconds)
2024-10-23 02:56:46 INFO: 02:56:46.007 [main] [INFO ] q.l.p.CommandLineTaskRunner$CommandLineProgressMonitor - 2 nuclei detected (11%)
2024-10-23 02:56:46 INFO: 02:56:46.012 [task-runner-1-30] [INFO ] q.lib.plugins.DetectionPluginTools - 1 nucleus detected (processing time: 13.70 seconds)
2024-10-23 02:56:46 INFO: 02:56:46.011 [task-runner-1-14] [INFO ] q.lib.plugins.DetectionPluginTools - 2 nuclei detected (processing time: 13.70 seconds)
2024-10-23 02:56:46 INFO: 02:56:46.012 [main] [INFO ] q.l.p.CommandLineTaskRunner$CommandLineProgressMonitor - 1 nucleus detected (11%)
2024-10-23 02:56:46 INFO: 02:56:46.012 [main] [INFO ] q.l.p.CommandLineTaskRunner$CommandLineProgressMonitor - 2 nuclei detected (12%)
2024-10-23 02:56:46 INFO: 02:56:46.017 [task-runner-1-6] [INFO ] q.lib.plugins.DetectionPluginTools - 6 nuclei detected (processing time: 13.71 seconds)
2024-10-23 02:56:46 INFO: 02:56:46.018 [main] [INFO ] q.l.p.CommandLineTaskRunner$CommandLineProgressMonitor - 6 nuclei detected (13%)
2024-10-23 02:56:46 INFO: 02:56:46.034 [task-runner-1-13] [INFO ] q.lib.plugins.DetectionPluginTools - 8 nuclei detected (processing time: 13.73 seconds)
2024-10-23 02:56:46 INFO: 02:56:46.034 [task-runner-1-31] [INFO ] q.lib.plugins.DetectionPluginTools - 9 nuclei detected (processing time: 13.72 seconds)
2024-10-23 02:56:46 INFO: 02:56:46.036 [main] [INFO ] q.l.p.CommandLineTaskRunner$CommandLineProgressMonitor - 8 nuclei detected (13%)
2024-10-23 02:56:46 INFO: 02:56:46.036 [main] [INFO ] q.l.p.CommandLineTaskRunner$CommandLineProgressMonitor - 9 nuclei detected (14%)
2024-10-23 02:56:46 INFO: 02:56:46.037 [task-runner-1-47] [INFO ] q.lib.plugins.DetectionPluginTools - 7 nuclei detected (processing time: 13.72 seconds)
2024-10-23 02:56:46 INFO: 02:56:46.037 [main] [INFO ] q.l.p.CommandLineTaskRunner$CommandLineProgressMonitor - 7 nuclei detected (14%)
2024-10-23 02:56:46 INFO: 02:56:46.095 [task-runner-1-28] [INFO ] q.lib.plugins.DetectionPluginTools - 17 nuclei detected (processing time: 13.79 seconds)
2024-10-23 02:56:46 INFO: 02:56:46.097 [main] [INFO ] q.l.p.CommandLineTaskRunner$CommandLineProgressMonitor - 17 nuclei detected (15%)
2024-10-23 02:56:46 INFO: 02:56:46.114 [task-runner-1-26] [INFO ] q.lib.plugins.DetectionPluginTools - 36 nuclei detected (processing time: 13.80 seconds)
2024-10-23 02:56:46 INFO: 02:56:46.115 [main] [INFO ] q.l.p.CommandLineTaskRunner$CommandLineProgressMonitor - 36 nuclei detected (16%)
2024-10-23 02:56:46 INFO: 02:56:46.137 [task-runner-1-46] [INFO ] q.lib.plugins.DetectionPluginTools - 43 nuclei detected (processing time: 13.82 seconds)
2024-10-23 02:56:46 INFO: 02:56:46.139 [main] [INFO ] q.l.p.CommandLineTaskRunner$CommandLineProgressMonitor - 43 nuclei detected (16%)
2024-10-23 02:56:46 INFO: 02:56:46.144 [task-runner-1-5] [INFO ] q.lib.plugins.DetectionPluginTools - 50 nuclei detected (processing time: 13.84 seconds)
2024-10-23 02:56:46 INFO: 02:56:46.145 [main] [INFO ] q.l.p.CommandLineTaskRunner$CommandLineProgressMonitor - 50 nuclei detected (17%)
2024-10-23 02:56:46 INFO: 02:56:46.214 [task-runner-1-49] [INFO ] q.lib.plugins.DetectionPluginTools - 87 nuclei detected (processing time: 13.90 seconds)
2024-10-23 02:56:46 INFO: 02:56:46.215 [main] [INFO ] q.l.p.CommandLineTaskRunner$CommandLineProgressMonitor - 87 nuclei detected (18%)
2024-10-23 02:56:46 INFO: 02:56:46.213 [task-runner-1-45] [INFO ] q.lib.plugins.DetectionPluginTools - 85 nuclei detected (processing time: 13.90 seconds)
2024-10-23 02:56:46 INFO: 02:56:46.228 [main] [INFO ] q.l.p.CommandLineTaskRunner$CommandLineProgressMonitor - 85 nuclei detected (18%)
2024-10-23 02:56:46 INFO: 02:56:46.259 [task-runner-1-63] [INFO ] q.lib.plugins.DetectionPluginTools - 125 nuclei detected (processing time: 13.94 seconds)
2024-10-23 02:56:46 INFO: 02:56:46.261 [main] [INFO ] q.l.p.CommandLineTaskRunner$CommandLineProgressMonitor - 125 nuclei detected (19%)
2024-10-23 02:56:46 INFO: 02:56:46.268 [task-runner-1-19] [INFO ] q.lib.plugins.DetectionPluginTools - 131 nuclei detected (processing time: 13.96 seconds)
2024-10-23 02:56:46 INFO: 02:56:46.270 [main] [INFO ] q.l.p.CommandLineTaskRunner$CommandLineProgressMonitor - 131 nuclei detected (19%)
2024-10-23 02:56:46 INFO: 02:56:46.395 [task-runner-1-62] [INFO ] q.lib.plugins.DetectionPluginTools - 155 nuclei detected (processing time: 14.08 seconds)
2024-10-23 02:56:46 INFO: 02:56:46.396 [main] [INFO ] q.l.p.CommandLineTaskRunner$CommandLineProgressMonitor - 155 nuclei detected (20%)
2024-10-23 02:56:46 INFO: 02:56:46.406 [task-runner-1-33] [INFO ] q.lib.plugins.DetectionPluginTools - 192 nuclei detected (processing time: 14.10 seconds)
2024-10-23 02:56:46 INFO: 02:56:46.407 [main] [INFO ] q.l.p.CommandLineTaskRunner$CommandLineProgressMonitor - 192 nuclei detected (21%)
2024-10-23 02:56:46 INFO: 02:56:46.402 [task-runner-1-61] [INFO ] q.lib.plugins.DetectionPluginTools - 170 nuclei detected (processing time: 14.09 seconds)
2024-10-23 02:56:46 INFO: 02:56:46.410 [main] [INFO ] q.l.p.CommandLineTaskRunner$CommandLineProgressMonitor - 170 nuclei detected (21%)
2024-10-23 02:56:46 INFO: 02:56:46.433 [task-runner-1-18] [INFO ] q.lib.plugins.DetectionPluginTools - 224 nuclei detected (processing time: 14.12 seconds)
2024-10-23 02:56:46 INFO: 02:56:46.434 [task-runner-1-35] [INFO ] q.lib.plugins.DetectionPluginTools - 197 nuclei detected (processing time: 14.12 seconds)
2024-10-23 02:56:46 INFO: 02:56:46.434 [main] [INFO ] q.l.p.CommandLineTaskRunner$CommandLineProgressMonitor - 224 nuclei detected (22%)
2024-10-23 02:56:46 INFO: 02:56:46.435 [main] [INFO ] q.l.p.CommandLineTaskRunner$CommandLineProgressMonitor - 197 nuclei detected (23%)
2024-10-23 02:56:46 INFO: 02:56:46.439 [task-runner-1-44] [INFO ] q.lib.plugins.DetectionPluginTools - 224 nuclei detected (processing time: 14.13 seconds)
2024-10-23 02:56:46 INFO: 02:56:46.440 [main] [INFO ] q.l.p.CommandLineTaskRunner$CommandLineProgressMonitor - 224 nuclei detected (23%)
2024-10-23 02:56:46 INFO: 02:56:46.443 [task-runner-1-50] [INFO ] q.lib.plugins.DetectionPluginTools - 241 nuclei detected (processing time: 14.13 seconds)
2024-10-23 02:56:46 INFO: 02:56:46.444 [main] [INFO ] q.l.p.CommandLineTaskRunner$CommandLineProgressMonitor - 241 nuclei detected (24%)
2024-10-23 02:56:46 INFO: 02:56:46.458 [task-runner-1-25] [INFO ] q.lib.plugins.DetectionPluginTools - 258 nuclei detected (processing time: 14.15 seconds)
2024-10-23 02:56:46 INFO: 02:56:46.459 [main] [INFO ] q.l.p.CommandLineTaskRunner$CommandLineProgressMonitor - 258 nuclei detected (24%)
2024-10-23 02:56:46 INFO: 02:56:46.482 [task-runner-1-34] [INFO ] q.lib.plugins.DetectionPluginTools - 323 nuclei detected (processing time: 14.17 seconds)
2024-10-23 02:56:46 INFO: 02:56:46.483 [main] [INFO ] q.l.p.CommandLineTaskRunner$CommandLineProgressMonitor - 323 nuclei detected (25%)
2024-10-23 02:56:49 INFO: 02:56:49.230 [task-runner-1-20] [INFO ] q.lib.plugins.DetectionPluginTools - 633 nuclei detected (processing time: 16.92 seconds)
2024-10-23 02:56:49 INFO: 02:56:49.232 [main] [INFO ] q.l.p.CommandLineTaskRunner$CommandLineProgressMonitor - 633 nuclei detected (26%)
2024-10-23 02:56:49 INFO: 02:56:49.251 [task-runner-1-43] [INFO ] q.lib.plugins.DetectionPluginTools - 652 nuclei detected (processing time: 16.94 seconds)
2024-10-23 02:56:49 INFO: 02:56:49.252 [main] [INFO ] q.l.p.CommandLineTaskRunner$CommandLineProgressMonitor - 652 nuclei detected (26%)
2024-10-23 02:56:49 INFO: 02:56:49.268 [task-runner-1-24] [INFO ] q.lib.plugins.DetectionPluginTools - 836 nuclei detected (processing time: 16.96 seconds)
2024-10-23 02:56:49 INFO: 02:56:49.269 [main] [INFO ] q.l.p.CommandLineTaskRunner$CommandLineProgressMonitor - 836 nuclei detected (27%)
2024-10-23 02:56:49 INFO: 02:56:49.275 [task-runner-1-23] [INFO ] q.lib.plugins.DetectionPluginTools - 740 nuclei detected (processing time: 16.97 seconds)
2024-10-23 02:56:49 INFO: 02:56:49.278 [main] [INFO ] q.l.p.CommandLineTaskRunner$CommandLineProgressMonitor - 740 nuclei detected (28%)
2024-10-23 02:56:49 INFO: 02:56:49.295 [task-runner-1-51] [INFO ] q.lib.plugins.DetectionPluginTools - 639 nuclei detected (processing time: 16.98 seconds)
2024-10-23 02:56:49 INFO: 02:56:49.296 [main] [INFO ] q.l.p.CommandLineTaskRunner$CommandLineProgressMonitor - 639 nuclei detected (28%)
2024-10-23 02:56:49 INFO: 02:56:49.313 [task-runner-1-60] [INFO ] q.lib.plugins.DetectionPluginTools - 799 nuclei detected (processing time: 17.00 seconds)
2024-10-23 02:56:49 INFO: 02:56:49.315 [main] [INFO ] q.l.p.CommandLineTaskRunner$CommandLineProgressMonitor - 799 nuclei detected (29%)
2024-10-23 02:56:49 INFO: 02:56:49.341 [task-runner-1-22] [INFO ] q.lib.plugins.DetectionPluginTools - 987 nuclei detected (processing time: 17.03 seconds)
2024-10-23 02:56:49 INFO: 02:56:49.342 [main] [INFO ] q.l.p.CommandLineTaskRunner$CommandLineProgressMonitor - 987 nuclei detected (29%)
2024-10-23 02:56:50 INFO: 02:56:50.321 [task-runner-1-36] [INFO ] q.lib.plugins.DetectionPluginTools - 1589 nuclei detected (processing time: 18.01 seconds)
2024-10-23 02:56:50 INFO: 02:56:50.323 [main] [INFO ] q.l.p.CommandLineTaskRunner$CommandLineProgressMonitor - 1589 nuclei detected (30%)
2024-10-23 02:56:50 INFO: 02:56:50.377 [task-runner-1-59] [INFO ] q.lib.plugins.DetectionPluginTools - 2001 nuclei detected (processing time: 18.06 seconds)
2024-10-23 02:56:50 INFO: 02:56:50.378 [main] [INFO ] q.l.p.CommandLineTaskRunner$CommandLineProgressMonitor - 2001 nuclei detected (31%)
2024-10-23 02:56:50 INFO: 02:56:50.554 [task-runner-1-32] [INFO ] q.lib.plugins.DetectionPluginTools - 1 nucleus detected (processing time: 6.97 seconds)
2024-10-23 02:56:50 INFO: 02:56:50.555 [main] [INFO ] q.l.p.CommandLineTaskRunner$CommandLineProgressMonitor - 1 nucleus detected (31%)
2024-10-23 02:56:51 INFO: 02:56:51.112 [task-runner-1-40] [INFO ] q.lib.plugins.DetectionPluginTools - 1443 nuclei detected (processing time: 18.80 seconds)
2024-10-23 02:56:51 INFO: 02:56:51.112 [main] [INFO ] q.l.p.CommandLineTaskRunner$CommandLineProgressMonitor - 1443 nuclei detected (32%)
2024-10-23 02:56:51 INFO: 02:56:51.254 [task-runner-1-42] [INFO ] q.lib.plugins.DetectionPluginTools - 1772 nuclei detected (processing time: 18.94 seconds)
2024-10-23 02:56:51 INFO: 02:56:51.256 [main] [INFO ] q.l.p.CommandLineTaskRunner$CommandLineProgressMonitor - 1772 nuclei detected (33%)
2024-10-23 02:56:51 INFO: 02:56:51.412 [task-runner-1-52] [INFO ] q.lib.plugins.DetectionPluginTools - 1779 nuclei detected (processing time: 19.10 seconds)
2024-10-23 02:56:51 INFO: 02:56:51.413 [main] [INFO ] q.l.p.CommandLineTaskRunner$CommandLineProgressMonitor - 1779 nuclei detected (33%)
2024-10-23 02:56:51 INFO: 02:56:51.512 [task-runner-1-3] [INFO ] q.lib.plugins.DetectionPluginTools - 259 nuclei detected (processing time: 7.92 seconds)
2024-10-23 02:56:51 INFO: 02:56:51.513 [main] [INFO ] q.l.p.CommandLineTaskRunner$CommandLineProgressMonitor - 259 nuclei detected (34%)
2024-10-23 02:56:51 INFO: 02:56:51.575 [task-runner-1-41] [INFO ] q.lib.plugins.DetectionPluginTools - 1497 nuclei detected (processing time: 19.26 seconds)
2024-10-23 02:56:51 INFO: 02:56:51.576 [main] [INFO ] q.l.p.CommandLineTaskRunner$CommandLineProgressMonitor - 1497 nuclei detected (34%)
2024-10-23 02:56:51 INFO: 02:56:51.648 [task-runner-1-48] [INFO ] q.lib.plugins.DetectionPluginTools - 82 nuclei detected (processing time: 8.06 seconds)
2024-10-23 02:56:51 INFO: 02:56:51.649 [main] [INFO ] q.l.p.CommandLineTaskRunner$CommandLineProgressMonitor - 82 nuclei detected (35%)
2024-10-23 02:56:52 INFO: 02:56:52.029 [task-runner-1-39] [INFO ] q.lib.plugins.DetectionPluginTools - 1719 nuclei detected (processing time: 19.72 seconds)
2024-10-23 02:56:52 INFO: 02:56:52.031 [main] [INFO ] q.l.p.CommandLineTaskRunner$CommandLineProgressMonitor - 1719 nuclei detected (36%)
2024-10-23 02:56:52 INFO: 02:56:52.116 [task-runner-1-58] [INFO ] q.lib.plugins.DetectionPluginTools - 1678 nuclei detected (processing time: 19.80 seconds)
2024-10-23 02:56:52 INFO: 02:56:52.118 [main] [INFO ] q.l.p.CommandLineTaskRunner$CommandLineProgressMonitor - 1678 nuclei detected (36%)
2024-10-23 02:56:52 INFO: 02:56:52.176 [task-runner-1-9] [INFO ] q.lib.plugins.DetectionPluginTools - 342 nuclei detected (processing time: 8.59 seconds)
2024-10-23 02:56:52 INFO: 02:56:52.177 [main] [INFO ] q.l.p.CommandLineTaskRunner$CommandLineProgressMonitor - 342 nuclei detected (37%)
2024-10-23 02:56:52 INFO: 02:56:52.227 [task-runner-1-21] [INFO ] q.lib.plugins.DetectionPluginTools - 3310 nuclei detected (processing time: 19.92 seconds)
2024-10-23 02:56:52 INFO: 02:56:52.229 [main] [INFO ] q.l.p.CommandLineTaskRunner$CommandLineProgressMonitor - 3310 nuclei detected (38%)
2024-10-23 02:56:52 INFO: 02:56:52.490 [task-runner-1-2] [INFO ] q.lib.plugins.DetectionPluginTools - 0 nuclei detected (processing time: 6.48 seconds)
2024-10-23 02:56:52 INFO: 02:56:52.492 [main] [INFO ] q.l.p.CommandLineTaskRunner$CommandLineProgressMonitor - 0 nuclei detected (38%)
2024-10-23 02:56:52 INFO: 02:56:52.521 [task-runner-1-57] [INFO ] q.lib.plugins.DetectionPluginTools - 1840 nuclei detected (processing time: 20.21 seconds)
2024-10-23 02:56:52 INFO: 02:56:52.522 [main] [INFO ] q.l.p.CommandLineTaskRunner$CommandLineProgressMonitor - 1840 nuclei detected (39%)
2024-10-23 02:56:53 INFO: 02:56:53.106 [task-runner-1-56] [INFO ] q.lib.plugins.DetectionPluginTools - 2387 nuclei detected (processing time: 20.79 seconds)
2024-10-23 02:56:53 INFO: 02:56:53.109 [main] [INFO ] q.l.p.CommandLineTaskRunner$CommandLineProgressMonitor - 2387 nuclei detected (39%)
2024-10-23 02:56:53 INFO: 02:56:53.333 [task-runner-1-14] [INFO ] q.lib.plugins.DetectionPluginTools - 102 nuclei detected (processing time: 7.32 seconds)
2024-10-23 02:56:53 INFO: 02:56:53.338 [main] [INFO ] q.l.p.CommandLineTaskRunner$CommandLineProgressMonitor - 102 nuclei detected (40%)
2024-10-23 02:56:53 INFO: 02:56:53.664 [task-runner-1-30] [INFO ] q.lib.plugins.DetectionPluginTools - 80 nuclei detected (processing time: 7.65 seconds)
2024-10-23 02:56:53 INFO: 02:56:53.670 [main] [INFO ] q.l.p.CommandLineTaskRunner$CommandLineProgressMonitor - 80 nuclei detected (41%)
2024-10-23 02:56:54 INFO: 02:56:54.090 [task-runner-1-62] [INFO ] q.lib.plugins.DetectionPluginTools - 86 nuclei detected (processing time: 7.69 seconds)
2024-10-23 02:56:54 INFO: 02:56:54.091 [main] [INFO ] q.l.p.CommandLineTaskRunner$CommandLineProgressMonitor - 86 nuclei detected (41%)
2024-10-23 02:56:54 INFO: 02:56:54.182 [task-runner-1-33] [INFO ] q.lib.plugins.DetectionPluginTools - 2 nuclei detected (processing time: 7.78 seconds)
2024-10-23 02:56:54 INFO: 02:56:54.184 [main] [INFO ] q.l.p.CommandLineTaskRunner$CommandLineProgressMonitor - 2 nuclei detected (42%)
2024-10-23 02:56:54 INFO: 02:56:54.209 [task-runner-1-17] [INFO ] q.lib.plugins.DetectionPluginTools - 169 nuclei detected (processing time: 8.20 seconds)
2024-10-23 02:56:54 INFO: 02:56:54.210 [main] [INFO ] q.l.p.CommandLineTaskRunner$CommandLineProgressMonitor - 169 nuclei detected (43%)
2024-10-23 02:56:54 INFO: 02:56:54.286 [task-runner-1-38] [INFO ] q.lib.plugins.DetectionPluginTools - 2724 nuclei detected (processing time: 21.97 seconds)
2024-10-23 02:56:54 INFO: 02:56:54.290 [main] [INFO ] q.l.p.CommandLineTaskRunner$CommandLineProgressMonitor - 2724 nuclei detected (43%)
2024-10-23 02:56:54 INFO: 02:56:54.353 [task-runner-1-35] [INFO ] q.lib.plugins.DetectionPluginTools - 187 nuclei detected (processing time: 7.92 seconds)
2024-10-23 02:56:54 INFO: 02:56:54.355 [main] [INFO ] q.l.p.CommandLineTaskRunner$CommandLineProgressMonitor - 187 nuclei detected (44%)
2024-10-23 02:56:54 INFO: 02:56:54.368 [task-runner-1-61] [INFO ] q.lib.plugins.DetectionPluginTools - 103 nuclei detected (processing time: 7.96 seconds)
2024-10-23 02:56:54 INFO: 02:56:54.370 [main] [INFO ] q.l.p.CommandLineTaskRunner$CommandLineProgressMonitor - 103 nuclei detected (44%)
2024-10-23 02:56:54 INFO: 02:56:54.785 [task-runner-1-18] [INFO ] q.lib.plugins.DetectionPluginTools - 123 nuclei detected (processing time: 8.35 seconds)
2024-10-23 02:56:54 INFO: 02:56:54.787 [main] [INFO ] q.l.p.CommandLineTaskRunner$CommandLineProgressMonitor - 123 nuclei detected (45%)
2024-10-23 02:56:54 INFO: 02:56:54.794 [task-runner-1-37] [INFO ] q.lib.plugins.DetectionPluginTools - 3619 nuclei detected (processing time: 22.48 seconds)
2024-10-23 02:56:54 INFO: 02:56:54.795 [main] [INFO ] q.l.p.CommandLineTaskRunner$CommandLineProgressMonitor - 3619 nuclei detected (46%)
2024-10-23 02:56:54 INFO: 02:56:54.890 [task-runner-1-54] [INFO ] q.lib.plugins.DetectionPluginTools - 3392 nuclei detected (processing time: 22.58 seconds)
2024-10-23 02:56:54 INFO: 02:56:54.891 [main] [INFO ] q.l.p.CommandLineTaskRunner$CommandLineProgressMonitor - 3392 nuclei detected (46%)
2024-10-23 02:56:55 INFO: 02:56:55.170 [task-runner-1-6] [INFO ] q.lib.plugins.DetectionPluginTools - 693 nuclei detected (processing time: 9.15 seconds)
2024-10-23 02:56:55 INFO: 02:56:55.171 [main] [INFO ] q.l.p.CommandLineTaskRunner$CommandLineProgressMonitor - 693 nuclei detected (47%)
2024-10-23 02:56:55 INFO: 02:56:55.319 [task-runner-1-55] [INFO ] q.lib.plugins.DetectionPluginTools - 2046 nuclei detected (processing time: 23.01 seconds)
2024-10-23 02:56:55 INFO: 02:56:55.321 [main] [INFO ] q.l.p.CommandLineTaskRunner$CommandLineProgressMonitor - 2046 nuclei detected (48%)
2024-10-23 02:56:56 INFO: 02:56:56.316 [task-runner-1-8] [INFO ] q.lib.plugins.DetectionPluginTools - 597 nuclei detected (processing time: 10.31 seconds)
2024-10-23 02:56:56 INFO: 02:56:56.318 [main] [INFO ] q.l.p.CommandLineTaskRunner$CommandLineProgressMonitor - 597 nuclei detected (48%)
2024-10-23 02:56:56 INFO: 02:56:56.565 [task-runner-1-59] [INFO ] q.lib.plugins.DetectionPluginTools - 1 nucleus detected (processing time: 6.19 seconds)
2024-10-23 02:56:56 INFO: 02:56:56.567 [main] [INFO ] q.l.p.CommandLineTaskRunner$CommandLineProgressMonitor - 1 nucleus detected (49%)
2024-10-23 02:56:56 INFO: 02:56:56.968 [task-runner-1-36] [INFO ] q.lib.plugins.DetectionPluginTools - 40 nuclei detected (processing time: 6.64 seconds)
2024-10-23 02:56:56 INFO: 02:56:56.969 [main] [INFO ] q.l.p.CommandLineTaskRunner$CommandLineProgressMonitor - 40 nuclei detected (49%)
2024-10-23 02:56:57 INFO: 02:56:57.087 [task-runner-1-53] [INFO ] q.lib.plugins.DetectionPluginTools - 4837 nuclei detected (processing time: 24.77 seconds)
2024-10-23 02:56:57 INFO: 02:56:57.088 [main] [INFO ] q.l.p.CommandLineTaskRunner$CommandLineProgressMonitor - 4837 nuclei detected (50%)
2024-10-23 02:56:58 INFO: 02:56:58.807 [task-runner-1-32] [INFO ] q.lib.plugins.DetectionPluginTools - 270 nuclei detected (processing time: 8.25 seconds)
2024-10-23 02:56:58 INFO: 02:56:58.809 [main] [INFO ] q.l.p.CommandLineTaskRunner$CommandLineProgressMonitor - 270 nuclei detected (51%)
2024-10-23 02:56:58 INFO: 02:56:58.816 [task-runner-1-19] [INFO ] q.lib.plugins.DetectionPluginTools - 611 nuclei detected (processing time: 12.55 seconds)
2024-10-23 02:56:58 INFO: 02:56:58.818 [main] [INFO ] q.l.p.CommandLineTaskRunner$CommandLineProgressMonitor - 611 nuclei detected (51%)
2024-10-23 02:56:58 INFO: 02:56:58.961 [task-runner-1-29] [INFO ] q.lib.plugins.DetectionPluginTools - 1119 nuclei detected (processing time: 12.96 seconds)
2024-10-23 02:56:58 INFO: 02:56:58.963 [main] [INFO ] q.l.p.CommandLineTaskRunner$CommandLineProgressMonitor - 1119 nuclei detected (52%)
2024-10-23 02:56:59 INFO: 02:56:59.557 [task-runner-1-15] [INFO ] q.lib.plugins.DetectionPluginTools - 1804 nuclei detected (processing time: 15.97 seconds)
2024-10-23 02:56:59 INFO: 02:56:59.558 [main] [INFO ] q.l.p.CommandLineTaskRunner$CommandLineProgressMonitor - 1804 nuclei detected (53%)
2024-10-23 02:56:59 INFO: 02:56:59.563 [task-runner-1-30] [INFO ] q.lib.plugins.DetectionPluginTools - 0 nuclei detected (processing time: 5.89 seconds)
2024-10-23 02:56:59 INFO: 02:56:59.564 [main] [INFO ] q.l.p.CommandLineTaskRunner$CommandLineProgressMonitor - 0 nuclei detected (53%)
2024-10-23 02:56:59 INFO: 02:56:59.871 [task-runner-1-40] [INFO ] q.lib.plugins.DetectionPluginTools - 187 nuclei detected (processing time: 8.76 seconds)
2024-10-23 02:56:59 INFO: 02:56:59.874 [main] [INFO ] q.l.p.CommandLineTaskRunner$CommandLineProgressMonitor - 187 nuclei detected (54%)
2024-10-23 02:56:59 INFO: 02:56:59.957 [task-runner-1-14] [INFO ] q.lib.plugins.DetectionPluginTools - 0 nuclei detected (processing time: 6.62 seconds)
2024-10-23 02:56:59 INFO: 02:56:59.959 [main] [INFO ] q.l.p.CommandLineTaskRunner$CommandLineProgressMonitor - 0 nuclei detected (54%)
2024-10-23 02:57:00 INFO: 02:57:00.111 [task-runner-1-18] [INFO ] q.lib.plugins.DetectionPluginTools - 0 nuclei detected (processing time: 5.32 seconds)
2024-10-23 02:57:00 INFO: 02:57:00.111 [main] [INFO ] q.l.p.CommandLineTaskRunner$CommandLineProgressMonitor - 0 nuclei detected (55%)
2024-10-23 02:57:00 INFO: 02:57:00.183 [task-runner-1-61] [INFO ] q.lib.plugins.DetectionPluginTools - 0 nuclei detected (processing time: 5.81 seconds)
2024-10-23 02:57:00 INFO: 02:57:00.184 [main] [INFO ] q.l.p.CommandLineTaskRunner$CommandLineProgressMonitor - 0 nuclei detected (56%)
2024-10-23 02:57:00 INFO: 02:57:00.284 [task-runner-1-37] [INFO ] q.lib.plugins.DetectionPluginTools - 0 nuclei detected (processing time: 5.49 seconds)
2024-10-23 02:57:00 INFO: 02:57:00.448 [task-runner-1-17] [INFO ] q.lib.plugins.DetectionPluginTools - 98 nuclei detected (processing time: 6.24 seconds)
2024-10-23 02:57:00 INFO: 02:57:00.451 [main] [INFO ] q.l.p.CommandLineTaskRunner$CommandLineProgressMonitor - 98 nuclei detected (57%)
2024-10-23 02:57:00 INFO: 02:57:00.629 [task-runner-1-33] [INFO ] q.lib.plugins.DetectionPluginTools - 58 nuclei detected (processing time: 6.44 seconds)
2024-10-23 02:57:00 INFO: 02:57:00.631 [main] [INFO ] q.l.p.CommandLineTaskRunner$CommandLineProgressMonitor - 58 nuclei detected (57%)
2024-10-23 02:57:00 INFO: 02:57:00.688 [task-runner-1-35] [INFO ] q.lib.plugins.DetectionPluginTools - 9 nuclei detected (processing time: 6.33 seconds)
2024-10-23 02:57:00 INFO: 02:57:00.693 [main] [INFO ] q.l.p.CommandLineTaskRunner$CommandLineProgressMonitor - 9 nuclei detected (58%)
2024-10-23 02:57:00 INFO: 02:57:00.941 [task-runner-1-38] [INFO ] q.lib.plugins.DetectionPluginTools - 3 nuclei detected (processing time: 6.65 seconds)
2024-10-23 02:57:00 INFO: 02:57:00.944 [main] [INFO ] q.l.p.CommandLineTaskRunner$CommandLineProgressMonitor - 3 nuclei detected (59%)
2024-10-23 02:57:00 INFO: 02:57:00.967 [task-runner-1-6] [INFO ] q.lib.plugins.DetectionPluginTools - 306 nuclei detected (processing time: 5.80 seconds)
2024-10-23 02:57:00 INFO: 02:57:00.970 [main] [INFO ] q.l.p.CommandLineTaskRunner$CommandLineProgressMonitor - 306 nuclei detected (59%)
2024-10-23 02:57:01 INFO: 02:57:01.291 [task-runner-1-62] [INFO ] q.lib.plugins.DetectionPluginTools - 84 nuclei detected (processing time: 7.20 seconds)
2024-10-23 02:57:01 INFO: 02:57:01.299 [main] [INFO ] q.l.p.CommandLineTaskRunner$CommandLineProgressMonitor - 84 nuclei detected (60%)
2024-10-23 02:57:01 INFO: 02:57:01.328 [task-runner-1-54] [INFO ] q.lib.plugins.DetectionPluginTools - 22 nuclei detected (processing time: 6.44 seconds)
2024-10-23 02:57:01 INFO: 02:57:01.332 [main] [INFO ] q.l.p.CommandLineTaskRunner$CommandLineProgressMonitor - 22 nuclei detected (61%)
2024-10-23 02:57:02 INFO: 02:57:02.042 [task-runner-1-42] [INFO ] q.lib.plugins.DetectionPluginTools - 265 nuclei detected (processing time: 10.78 seconds)
2024-10-23 02:57:02 INFO: 02:57:02.044 [main] [INFO ] q.l.p.CommandLineTaskRunner$CommandLineProgressMonitor - 265 nuclei detected (61%)
2024-10-23 02:57:02 INFO: 02:57:02.584 [task-runner-1-56] [INFO ] q.lib.plugins.DetectionPluginTools - 871 nuclei detected (processing time: 9.47 seconds)
2024-10-23 02:57:02 INFO: 02:57:02.586 [main] [INFO ] q.l.p.CommandLineTaskRunner$CommandLineProgressMonitor - 871 nuclei detected (62%)
2024-10-23 02:57:02 INFO: 02:57:02.663 [task-runner-1-16] [INFO ] q.lib.plugins.DetectionPluginTools - 2448 nuclei detected (processing time: 19.06 seconds)
2024-10-23 02:57:02 INFO: 02:57:02.664 [main] [INFO ] q.l.p.CommandLineTaskRunner$CommandLineProgressMonitor - 2448 nuclei detected (63%)
2024-10-23 02:57:03 INFO: 02:57:03.623 [task-runner-1-22] [INFO ] q.lib.plugins.DetectionPluginTools - 1730 nuclei detected (processing time: 14.28 seconds)
2024-10-23 02:57:03 INFO: 02:57:03.624 [main] [INFO ] q.l.p.CommandLineTaskRunner$CommandLineProgressMonitor - 1730 nuclei detected (63%)
2024-10-23 02:57:04 INFO: 02:57:04.152 [task-runner-1-36] [INFO ] q.lib.plugins.DetectionPluginTools - 0 nuclei detected (processing time: 7.18 seconds)
2024-10-23 02:57:04 INFO: 02:57:04.153 [main] [INFO ] q.l.p.CommandLineTaskRunner$CommandLineProgressMonitor - 0 nuclei detected (64%)
2024-10-23 02:57:04 INFO: 02:57:04.196 [task-runner-1-12] [INFO ] q.lib.plugins.DetectionPluginTools - 2489 nuclei detected (processing time: 20.59 seconds)
2024-10-23 02:57:04 INFO: 02:57:04.197 [main] [INFO ] q.l.p.CommandLineTaskRunner$CommandLineProgressMonitor - 2489 nuclei detected (64%)
2024-10-23 02:57:04 INFO: 02:57:04.227 [task-runner-1-53] [INFO ] q.lib.plugins.DetectionPluginTools - 0 nuclei detected (processing time: 7.14 seconds)
2024-10-23 02:57:04 INFO: 02:57:04.228 [main] [INFO ] q.l.p.CommandLineTaskRunner$CommandLineProgressMonitor - 0 nuclei detected (65%)
2024-10-23 02:57:04 INFO: 02:57:04.295 [task-runner-1-13] [INFO ] q.lib.plugins.DetectionPluginTools - 2216 nuclei detected (processing time: 18.26 seconds)
2024-10-23 02:57:04 INFO: 02:57:04.296 [main] [INFO ] q.l.p.CommandLineTaskRunner$CommandLineProgressMonitor - 2216 nuclei detected (66%)
2024-10-23 02:57:04 INFO: 02:57:04.306 [task-runner-1-11] [INFO ] q.lib.plugins.DetectionPluginTools - 2366 nuclei detected (processing time: 20.48 seconds)
2024-10-23 02:57:04 INFO: 02:57:04.307 [main] [INFO ] q.l.p.CommandLineTaskRunner$CommandLineProgressMonitor - 2366 nuclei detected (66%)
2024-10-23 02:57:04 INFO: 02:57:04.449 [task-runner-1-32] [INFO ] q.lib.plugins.DetectionPluginTools - 0 nuclei detected (processing time: 5.64 seconds)
2024-10-23 02:57:04 INFO: 02:57:04.449 [main] [INFO ] q.l.p.CommandLineTaskRunner$CommandLineProgressMonitor - 0 nuclei detected (67%)
2024-10-23 02:57:04 INFO: 02:57:04.621 [task-runner-1-7] [INFO ] q.lib.plugins.DetectionPluginTools - 2196 nuclei detected (processing time: 18.62 seconds)
2024-10-23 02:57:04 INFO: 02:57:04.621 [main] [INFO ] q.l.p.CommandLineTaskRunner$CommandLineProgressMonitor - 2196 nuclei detected (68%)
2024-10-23 02:57:04 INFO: 02:57:04.623 [task-runner-1-48] [INFO ] q.lib.plugins.DetectionPluginTools - 980 nuclei detected (processing time: 12.97 seconds)
2024-10-23 02:57:04 INFO: 02:57:04.624 [main] [INFO ] q.l.p.CommandLineTaskRunner$CommandLineProgressMonitor - 980 nuclei detected (68%)
2024-10-23 02:57:04 INFO: 02:57:04.630 [task-runner-1-10] [INFO ] q.lib.plugins.DetectionPluginTools - 2143 nuclei detected (processing time: 19.50 seconds)
2024-10-23 02:57:04 INFO: 02:57:04.631 [main] [INFO ] q.l.p.CommandLineTaskRunner$CommandLineProgressMonitor - 2143 nuclei detected (69%)
2024-10-23 02:57:04 INFO: 02:57:04.714 [task-runner-1-27] [INFO ] q.lib.plugins.DetectionPluginTools - 2200 nuclei detected (processing time: 19.77 seconds)
2024-10-23 02:57:04 INFO: 02:57:04.714 [main] [INFO ] q.l.p.CommandLineTaskRunner$CommandLineProgressMonitor - 2200 nuclei detected (69%)
2024-10-23 02:57:05 INFO: 02:57:05.074 [task-runner-1-3] [INFO ] q.lib.plugins.DetectionPluginTools - 1517 nuclei detected (processing time: 13.56 seconds)
2024-10-23 02:57:05 INFO: 02:57:05.075 [main] [INFO ] q.l.p.CommandLineTaskRunner$CommandLineProgressMonitor - 1517 nuclei detected (70%)
2024-10-23 02:57:05 INFO: 02:57:05.160 [task-runner-1-45] [INFO ] q.lib.plugins.DetectionPluginTools - 1837 nuclei detected (processing time: 18.93 seconds)
2024-10-23 02:57:05 INFO: 02:57:05.160 [main] [INFO ] q.l.p.CommandLineTaskRunner$CommandLineProgressMonitor - 1837 nuclei detected (71%)
2024-10-23 02:57:05 INFO: 02:57:05.312 [task-runner-1-49] [INFO ] q.lib.plugins.DetectionPluginTools - 1831 nuclei detected (processing time: 19.10 seconds)
2024-10-23 02:57:05 INFO: 02:57:05.313 [main] [INFO ] q.l.p.CommandLineTaskRunner$CommandLineProgressMonitor - 1831 nuclei detected (71%)
2024-10-23 02:57:05 INFO: 02:57:05.343 [task-runner-1-29] [INFO ] q.lib.plugins.DetectionPluginTools - 1 nucleus detected (processing time: 6.38 seconds)
2024-10-23 02:57:05 INFO: 02:57:05.344 [main] [INFO ] q.l.p.CommandLineTaskRunner$CommandLineProgressMonitor - 1 nucleus detected (72%)
2024-10-23 02:57:05 INFO: 02:57:05.365 [task-runner-1-63] [INFO ] q.lib.plugins.DetectionPluginTools - 1775 nuclei detected (processing time: 19.10 seconds)
2024-10-23 02:57:05 INFO: 02:57:05.366 [main] [INFO ] q.l.p.CommandLineTaskRunner$CommandLineProgressMonitor - 1775 nuclei detected (73%)
2024-10-23 02:57:05 INFO: 02:57:05.382 [task-runner-1-55] [INFO ] q.lib.plugins.DetectionPluginTools - 1217 nuclei detected (processing time: 10.06 seconds)
2024-10-23 02:57:05 INFO: 02:57:05.382 [main] [INFO ] q.l.p.CommandLineTaskRunner$CommandLineProgressMonitor - 1217 nuclei detected (73%)
2024-10-23 02:57:05 INFO: 02:57:05.542 [task-runner-1-5] [INFO ] q.lib.plugins.DetectionPluginTools - 2140 nuclei detected (processing time: 19.40 seconds)
2024-10-23 02:57:05 INFO: 02:57:05.542 [main] [INFO ] q.l.p.CommandLineTaskRunner$CommandLineProgressMonitor - 2140 nuclei detected (74%)
2024-10-23 02:57:05 INFO: 02:57:05.711 [task-runner-1-44] [INFO ] q.lib.plugins.DetectionPluginTools - 1953 nuclei detected (processing time: 19.27 seconds)
2024-10-23 02:57:05 INFO: 02:57:05.711 [main] [INFO ] q.l.p.CommandLineTaskRunner$CommandLineProgressMonitor - 1953 nuclei detected (74%)
2024-10-23 02:57:05 INFO: 02:57:05.712 [task-runner-1-30] [INFO ] q.lib.plugins.DetectionPluginTools - 1 nucleus detected (processing time: 6.15 seconds)
2024-10-23 02:57:05 INFO: 02:57:05.713 [main] [INFO ] q.l.p.CommandLineTaskRunner$CommandLineProgressMonitor - 1 nucleus detected (75%)
2024-10-23 02:57:05 INFO: 02:57:05.718 [task-runner-1-25] [INFO ] q.lib.plugins.DetectionPluginTools - 1770 nuclei detected (processing time: 19.26 seconds)
2024-10-23 02:57:05 INFO: 02:57:05.718 [main] [INFO ] q.l.p.CommandLineTaskRunner$CommandLineProgressMonitor - 1770 nuclei detected (76%)
2024-10-23 02:57:05 INFO: 02:57:05.737 [task-runner-1-46] [INFO ] q.lib.plugins.DetectionPluginTools - 2544 nuclei detected (processing time: 19.60 seconds)
2024-10-23 02:57:05 INFO: 02:57:05.737 [main] [INFO ] q.l.p.CommandLineTaskRunner$CommandLineProgressMonitor - 2544 nuclei detected (76%)
2024-10-23 02:57:05 INFO: 02:57:05.753 [task-runner-1-19] [INFO ] q.lib.plugins.DetectionPluginTools - 6 nuclei detected (processing time: 6.93 seconds)
2024-10-23 02:57:05 INFO: 02:57:05.753 [main] [INFO ] q.l.p.CommandLineTaskRunner$CommandLineProgressMonitor - 6 nuclei detected (77%)
2024-10-23 02:57:05 INFO: 02:57:05.759 [task-runner-1-61] [INFO ] q.lib.plugins.DetectionPluginTools - 1 nucleus detected (processing time: 5.58 seconds)
2024-10-23 02:57:05 INFO: 02:57:05.760 [main] [INFO ] q.l.p.CommandLineTaskRunner$CommandLineProgressMonitor - 1 nucleus detected (78%)
2024-10-23 02:57:05 INFO: 02:57:05.772 [task-runner-1-26] [INFO ] q.lib.plugins.DetectionPluginTools - 2514 nuclei detected (processing time: 19.66 seconds)
2024-10-23 02:57:05 INFO: 02:57:05.773 [main] [INFO ] q.l.p.CommandLineTaskRunner$CommandLineProgressMonitor - 2514 nuclei detected (78%)
2024-10-23 02:57:05 INFO: 02:57:05.799 [task-runner-1-28] [INFO ] q.lib.plugins.DetectionPluginTools - 2674 nuclei detected (processing time: 19.70 seconds)
2024-10-23 02:57:05 INFO: 02:57:05.800 [main] [INFO ] q.l.p.CommandLineTaskRunner$CommandLineProgressMonitor - 2674 nuclei detected (79%)
2024-10-23 02:57:05 INFO: 02:57:05.804 [task-runner-1-41] [INFO ] q.lib.plugins.DetectionPluginTools - 1007 nuclei detected (processing time: 14.23 seconds)
2024-10-23 02:57:05 INFO: 02:57:05.805 [main] [INFO ] q.l.p.CommandLineTaskRunner$CommandLineProgressMonitor - 1007 nuclei detected (79%)
2024-10-23 02:57:05 INFO: 02:57:05.828 [task-runner-1-18] [INFO ] q.lib.plugins.DetectionPluginTools - 1 nucleus detected (processing time: 5.72 seconds)
2024-10-23 02:57:05 INFO: 02:57:05.829 [main] [INFO ] q.l.p.CommandLineTaskRunner$CommandLineProgressMonitor - 1 nucleus detected (80%)
2024-10-23 02:57:05 INFO: 02:57:05.866 [task-runner-1-17] [INFO ] q.lib.plugins.DetectionPluginTools - 1 nucleus detected (processing time: 5.42 seconds)
2024-10-23 02:57:05 INFO: 02:57:05.867 [main] [INFO ] q.l.p.CommandLineTaskRunner$CommandLineProgressMonitor - 1 nucleus detected (81%)
2024-10-23 02:57:05 INFO: 02:57:05.870 [task-runner-1-4] [INFO ] q.lib.plugins.DetectionPluginTools - 3932 nuclei detected (processing time: 22.28 seconds)
2024-10-23 02:57:05 INFO: 02:57:05.870 [main] [INFO ] q.l.p.CommandLineTaskRunner$CommandLineProgressMonitor - 3932 nuclei detected (81%)
2024-10-23 02:57:05 INFO: 02:57:05.899 [task-runner-1-50] [INFO ] q.lib.plugins.DetectionPluginTools - 2400 nuclei detected (processing time: 19.46 seconds)
2024-10-23 02:57:05 INFO: 02:57:05.899 [main] [INFO ] q.l.p.CommandLineTaskRunner$CommandLineProgressMonitor - 2400 nuclei detected (82%)
2024-10-23 02:57:05 INFO: 02:57:05.954 [task-runner-1-15] [INFO ] q.lib.plugins.DetectionPluginTools - 0 nuclei detected (processing time: 6.40 seconds)
2024-10-23 02:57:05 INFO: 02:57:05.955 [main] [INFO ] q.l.p.CommandLineTaskRunner$CommandLineProgressMonitor - 0 nuclei detected (83%)
2024-10-23 02:57:05 INFO: 02:57:05.989 [task-runner-1-35] [INFO ] q.lib.plugins.DetectionPluginTools - 0 nuclei detected (processing time: 5.30 seconds)
2024-10-23 02:57:05 INFO: 02:57:05.990 [task-runner-1-31] [INFO ] q.lib.plugins.DetectionPluginTools - 2454 nuclei detected (processing time: 19.95 seconds)
2024-10-23 02:57:05 INFO: 02:57:05.991 [main] [INFO ] q.l.p.CommandLineTaskRunner$CommandLineProgressMonitor - 2454 nuclei detected (84%)
2024-10-23 02:57:06 INFO: 02:57:06.090 [task-runner-1-34] [INFO ] q.lib.plugins.DetectionPluginTools - 1823 nuclei detected (processing time: 19.61 seconds)
2024-10-23 02:57:06 INFO: 02:57:06.090 [main] [INFO ] q.l.p.CommandLineTaskRunner$CommandLineProgressMonitor - 1823 nuclei detected (84%)
2024-10-23 02:57:06 INFO: 02:57:06.139 [task-runner-1-20] [INFO ] q.lib.plugins.DetectionPluginTools - 2137 nuclei detected (processing time: 16.91 seconds)
2024-10-23 02:57:06 INFO: 02:57:06.139 [main] [INFO ] q.l.p.CommandLineTaskRunner$CommandLineProgressMonitor - 2137 nuclei detected (85%)
2024-10-23 02:57:06 INFO: 02:57:06.217 [task-runner-1-6] [INFO ] q.lib.plugins.DetectionPluginTools - 0 nuclei detected (processing time: 5.25 seconds)
2024-10-23 02:57:06 INFO: 02:57:06.217 [main] [INFO ] q.l.p.CommandLineTaskRunner$CommandLineProgressMonitor - 0 nuclei detected (86%)
2024-10-23 02:57:06 INFO: 02:57:06.234 [task-runner-1-37] [INFO ] q.lib.plugins.DetectionPluginTools - 0 nuclei detected (processing time: 5.95 seconds)
2024-10-23 02:57:06 INFO: 02:57:06.259 [task-runner-1-40] [INFO ] q.lib.plugins.DetectionPluginTools - 1 nucleus detected (processing time: 6.39 seconds)
2024-10-23 02:57:06 INFO: 02:57:06.259 [task-runner-1-38] [INFO ] q.lib.plugins.DetectionPluginTools - 0 nuclei detected (processing time: 5.31 seconds)
2024-10-23 02:57:06 INFO: 02:57:06.259 [main] [INFO ] q.l.p.CommandLineTaskRunner$CommandLineProgressMonitor - 1 nucleus detected (87%)
2024-10-23 02:57:06 INFO: 02:57:06.259 [main] [INFO ] q.l.p.CommandLineTaskRunner$CommandLineProgressMonitor - 0 nuclei detected (88%)
2024-10-23 02:57:06 INFO: 02:57:06.266 [task-runner-1-33] [INFO ] q.lib.plugins.DetectionPluginTools - 0 nuclei detected (processing time: 5.64 seconds)
2024-10-23 02:57:06 INFO: 02:57:06.280 [task-runner-1-14] [INFO ] q.lib.plugins.DetectionPluginTools - 0 nuclei detected (processing time: 6.32 seconds)
2024-10-23 02:57:06 INFO: 02:57:06.281 [main] [INFO ] q.l.p.CommandLineTaskRunner$CommandLineProgressMonitor - 0 nuclei detected (89%)
2024-10-23 02:57:06 INFO: 02:57:06.417 [task-runner-1-1] [INFO ] q.lib.plugins.DetectionPluginTools - 5076 nuclei detected (processing time: 22.82 seconds)
2024-10-23 02:57:06 INFO: 02:57:06.417 [main] [INFO ] q.l.p.CommandLineTaskRunner$CommandLineProgressMonitor - 5076 nuclei detected (89%)
2024-10-23 02:57:06 INFO: 02:57:06.452 [task-runner-1-62] [INFO ] q.lib.plugins.DetectionPluginTools - 0 nuclei detected (processing time: 5.15 seconds)
2024-10-23 02:57:06 INFO: 02:57:06.452 [main] [INFO ] q.l.p.CommandLineTaskRunner$CommandLineProgressMonitor - 0 nuclei detected (90%)
2024-10-23 02:57:06 INFO: 02:57:06.607 [task-runner-1-47] [INFO ] q.lib.plugins.DetectionPluginTools - 3495 nuclei detected (processing time: 20.57 seconds)
2024-10-23 02:57:06 INFO: 02:57:06.608 [main] [INFO ] q.l.p.CommandLineTaskRunner$CommandLineProgressMonitor - 3495 nuclei detected (91%)
2024-10-23 02:57:06 INFO: 02:57:06.652 [task-runner-1-54] [INFO ] q.lib.plugins.DetectionPluginTools - 0 nuclei detected (processing time: 5.32 seconds)
2024-10-23 02:57:06 INFO: 02:57:06.652 [main] [INFO ] q.l.p.CommandLineTaskRunner$CommandLineProgressMonitor - 0 nuclei detected (91%)
2024-10-23 02:57:06 INFO: 02:57:06.713 [task-runner-1-39] [INFO ] q.lib.plugins.DetectionPluginTools - 2153 nuclei detected (processing time: 14.68 seconds)
2024-10-23 02:57:06 INFO: 02:57:06.713 [main] [INFO ] q.l.p.CommandLineTaskRunner$CommandLineProgressMonitor - 2153 nuclei detected (92%)
2024-10-23 02:57:06 INFO: 02:57:06.914 [task-runner-1-43] [INFO ] q.lib.plugins.DetectionPluginTools - 2185 nuclei detected (processing time: 17.66 seconds)
2024-10-23 02:57:06 INFO: 02:57:06.915 [main] [INFO ] q.l.p.CommandLineTaskRunner$CommandLineProgressMonitor - 2185 nuclei detected (93%)
2024-10-23 02:57:06 INFO: 02:57:06.942 [task-runner-1-52] [INFO ] q.lib.plugins.DetectionPluginTools - 911 nuclei detected (processing time: 15.53 seconds)
2024-10-23 02:57:06 INFO: 02:57:06.943 [main] [INFO ] q.l.p.CommandLineTaskRunner$CommandLineProgressMonitor - 911 nuclei detected (93%)
2024-10-23 02:57:06 INFO: 02:57:06.997 [task-runner-1-24] [INFO ] q.lib.plugins.DetectionPluginTools - 2250 nuclei detected (processing time: 17.73 seconds)
2024-10-23 02:57:06 INFO: 02:57:06.997 [main] [INFO ] q.l.p.CommandLineTaskRunner$CommandLineProgressMonitor - 2250 nuclei detected (94%)
2024-10-23 02:57:07 INFO: 02:57:07.203 [task-runner-1-8] [INFO ] q.lib.plugins.DetectionPluginTools - 1513 nuclei detected (processing time: 10.89 seconds)
2024-10-23 02:57:07 INFO: 02:57:07.203 [main] [INFO ] q.l.p.CommandLineTaskRunner$CommandLineProgressMonitor - 1513 nuclei detected (94%)
2024-10-23 02:57:07 INFO: 02:57:07.488 [task-runner-1-59] [INFO ] q.lib.plugins.DetectionPluginTools - 1892 nuclei detected (processing time: 10.92 seconds)
2024-10-23 02:57:07 INFO: 02:57:07.488 [main] [INFO ] q.l.p.CommandLineTaskRunner$CommandLineProgressMonitor - 1892 nuclei detected (95%)
2024-10-23 02:57:07 INFO: 02:57:07.542 [task-runner-1-51] [INFO ] q.lib.plugins.DetectionPluginTools - 2466 nuclei detected (processing time: 18.25 seconds)
2024-10-23 02:57:07 INFO: 02:57:07.542 [main] [INFO ] q.l.p.CommandLineTaskRunner$CommandLineProgressMonitor - 2466 nuclei detected (96%)
2024-10-23 02:57:07 INFO: 02:57:07.575 [task-runner-1-23] [INFO ] q.lib.plugins.DetectionPluginTools - 2664 nuclei detected (processing time: 18.30 seconds)
2024-10-23 02:57:07 INFO: 02:57:07.576 [main] [INFO ] q.l.p.CommandLineTaskRunner$CommandLineProgressMonitor - 2664 nuclei detected (96%)
2024-10-23 02:57:07 INFO: 02:57:07.597 [task-runner-1-58] [INFO ] q.lib.plugins.DetectionPluginTools - 2714 nuclei detected (processing time: 15.48 seconds)
2024-10-23 02:57:07 INFO: 02:57:07.598 [main] [INFO ] q.l.p.CommandLineTaskRunner$CommandLineProgressMonitor - 2714 nuclei detected (97%)
2024-10-23 02:57:07 INFO: 02:57:07.666 [task-runner-1-60] [INFO ] q.lib.plugins.DetectionPluginTools - 3165 nuclei detected (processing time: 18.35 seconds)
2024-10-23 02:57:07 INFO: 02:57:07.666 [main] [INFO ] q.l.p.CommandLineTaskRunner$CommandLineProgressMonitor - 3165 nuclei detected (98%)
2024-10-23 02:57:08 INFO: 02:57:08.294 [task-runner-1-9] [INFO ] q.lib.plugins.DetectionPluginTools - 3609 nuclei detected (processing time: 16.12 seconds)
2024-10-23 02:57:08 INFO: 02:57:08.295 [main] [INFO ] q.l.p.CommandLineTaskRunner$CommandLineProgressMonitor - 3609 nuclei detected (98%)
2024-10-23 02:57:08 INFO: 02:57:08.407 [task-runner-1-57] [INFO ] q.lib.plugins.DetectionPluginTools - 3190 nuclei detected (processing time: 15.89 seconds)
2024-10-23 02:57:08 INFO: 02:57:08.407 [main] [INFO ] q.l.p.CommandLineTaskRunner$CommandLineProgressMonitor - 3190 nuclei detected (99%)
2024-10-23 02:57:08 INFO: 02:57:08.457 [task-runner-1-21] [INFO ] q.lib.plugins.DetectionPluginTools - 3770 nuclei detected (processing time: 16.23 seconds)
2024-10-23 02:57:08 INFO: 02:57:08.457 [main] [INFO ] q.l.p.CommandLineTaskRunner$CommandLineProgressMonitor - 3770 nuclei detected (99%)
2024-10-23 02:57:08 INFO: 02:57:08.557 [task-runner-1-2] [INFO ] q.lib.plugins.DetectionPluginTools - 3414 nuclei detected (processing time: 16.07 seconds)
2024-10-23 02:57:08 INFO: 02:57:08.557 [main] [INFO ] q.l.p.CommandLineTaskRunner$CommandLineProgressMonitor - 3414 nuclei detected (100%)
2024-10-23 02:57:08 INFO: 02:57:08.558 [main] [INFO ] q.l.p.CommandLineTaskRunner$CommandLineProgressMonitor - Processing complete in 36.25 seconds
2024-10-23 02:57:08 INFO: 02:57:08.558 [main] [INFO ] q.l.p.CommandLineTaskRunner$CommandLineProgressMonitor - Tasks completed!
2024-10-23 02:57:14 INFO: 02:57:14.217 [main] [WARN ] q.l.p.objects.SmoothFeaturesPlugin - Smoothing using annotations
2024-10-23 02:57:16 INFO: 02:57:16.432 [main] [INFO ] q.l.p.CommandLineTaskRunner$CommandLineProgressMonitor - Completed (100%)
2024-10-23 02:57:16 INFO: 02:57:16.432 [main] [INFO ] q.l.p.CommandLineTaskRunner$CommandLineProgressMonitor - Processing complete in 2.21 seconds
2024-10-23 02:57:16 INFO: 02:57:16.432 [main] [INFO ] q.l.p.CommandLineTaskRunner$CommandLineProgressMonitor - Tasks completed!
2024-10-23 02:57:16 INFO: 02:57:16.434 [main] [WARN ] q.l.p.objects.SmoothFeaturesPlugin - Smoothing using annotations
2024-10-23 02:57:20 INFO: 02:57:20.247 [main] [INFO ] q.l.p.CommandLineTaskRunner$CommandLineProgressMonitor - Completed (100%)
2024-10-23 02:57:20 INFO: 02:57:20.247 [main] [INFO ] q.l.p.CommandLineTaskRunner$CommandLineProgressMonitor - Processing complete in 3.81 seconds
2024-10-23 02:57:20 INFO: 02:57:20.247 [main] [INFO ] q.l.p.CommandLineTaskRunner$CommandLineProgressMonitor - Tasks completed!
2024-10-23 02:57:20 INFO: 02:57:20.249 [main] [WARN ] q.l.p.objects.SmoothFeaturesPlugin - Smoothing using annotations
2024-10-23 02:57:29 INFO: 02:57:29.249 [main] [INFO ] q.l.p.CommandLineTaskRunner$CommandLineProgressMonitor - Completed (100%)
2024-10-23 02:57:29 INFO: 02:57:29.249 [main] [INFO ] q.l.p.CommandLineTaskRunner$CommandLineProgressMonitor - Processing complete in 9.00 seconds
2024-10-23 02:57:29 INFO: 02:57:29.249 [main] [INFO ] q.l.p.CommandLineTaskRunner$CommandLineProgressMonitor - Tasks completed!
2024-10-23 02:57:29 INFO: 02:57:29.408 [task-runner-5-2] [INFO ] q.l.a.IntensityFeaturesPlugin - Splitting Rectangle (0, 0, 63784, 39311) into 40 tiles for intensity measurements
2024-10-23 02:57:29 INFO: 02:57:29.545 [main] [INFO ] q.l.p.CommandLineTaskRunner$CommandLineProgressMonitor - Completed (0%)
2024-10-23 02:57:30 INFO: 02:57:30.356 [main] [INFO ] q.l.p.CommandLineTaskRunner$CommandLineProgressMonitor - Completed (1%)
2024-10-23 02:57:30 INFO: 02:57:30.606 [main] [INFO ] q.l.p.CommandLineTaskRunner$CommandLineProgressMonitor - Completed (2%)
2024-10-23 02:57:30 INFO: 02:57:30.825 [main] [INFO ] q.l.p.CommandLineTaskRunner$CommandLineProgressMonitor - Completed (3%)
2024-10-23 02:57:30 INFO: 02:57:30.911 [main] [INFO ] q.l.p.CommandLineTaskRunner$CommandLineProgressMonitor - Completed (4%)
2024-10-23 02:57:31 INFO: 02:57:31.003 [main] [INFO ] q.l.p.CommandLineTaskRunner$CommandLineProgressMonitor - Completed (5%)
2024-10-23 02:57:31 INFO: 02:57:31.101 [main] [INFO ] q.l.p.CommandLineTaskRunner$CommandLineProgressMonitor - Completed (6%)
2024-10-23 02:57:31 INFO: 02:57:31.185 [main] [INFO ] q.l.p.CommandLineTaskRunner$CommandLineProgressMonitor - Completed (7%)
2024-10-23 02:57:31 INFO: 02:57:31.255 [main] [INFO ] q.l.p.CommandLineTaskRunner$CommandLineProgressMonitor - Completed (8%)
2024-10-23 02:57:31 INFO: 02:57:31.325 [main] [INFO ] q.l.p.CommandLineTaskRunner$CommandLineProgressMonitor - Completed (9%)
2024-10-23 02:57:31 INFO: 02:57:31.389 [main] [INFO ] q.l.p.CommandLineTaskRunner$CommandLineProgressMonitor - Completed (10%)
2024-10-23 02:57:31 INFO: 02:57:31.466 [main] [INFO ] q.l.p.CommandLineTaskRunner$CommandLineProgressMonitor - Completed (11%)
2024-10-23 02:57:31 INFO: 02:57:31.565 [main] [INFO ] q.l.p.CommandLineTaskRunner$CommandLineProgressMonitor - Completed (12%)
2024-10-23 02:57:31 INFO: 02:57:31.641 [main] [INFO ] q.l.p.CommandLineTaskRunner$CommandLineProgressMonitor - Completed (13%)
2024-10-23 02:57:31 INFO: 02:57:31.925 [main] [INFO ] q.l.p.CommandLineTaskRunner$CommandLineProgressMonitor - Completed (14%)
2024-10-23 02:57:32 INFO: 02:57:32.001 [main] [INFO ] q.l.p.CommandLineTaskRunner$CommandLineProgressMonitor - Completed (15%)
2024-10-23 02:57:32 INFO: 02:57:32.119 [main] [INFO ] q.l.p.CommandLineTaskRunner$CommandLineProgressMonitor - Completed (16%)
2024-10-23 02:57:32 INFO: 02:57:32.202 [main] [INFO ] q.l.p.CommandLineTaskRunner$CommandLineProgressMonitor - Completed (17%)
2024-10-23 02:57:32 INFO: 02:57:32.272 [main] [INFO ] q.l.p.CommandLineTaskRunner$CommandLineProgressMonitor - Completed (18%)
2024-10-23 02:57:32 INFO: 02:57:32.334 [main] [INFO ] q.l.p.CommandLineTaskRunner$CommandLineProgressMonitor - Completed (19%)
2024-10-23 02:57:32 INFO: 02:57:32.395 [main] [INFO ] q.l.p.CommandLineTaskRunner$CommandLineProgressMonitor - Completed (20%)
2024-10-23 02:57:32 INFO: 02:57:32.467 [main] [INFO ] q.l.p.CommandLineTaskRunner$CommandLineProgressMonitor - Completed (21%)
2024-10-23 02:57:32 INFO: 02:57:32.538 [main] [INFO ] q.l.p.CommandLineTaskRunner$CommandLineProgressMonitor - Completed (22%)
2024-10-23 02:57:32 INFO: 02:57:32.602 [main] [INFO ] q.l.p.CommandLineTaskRunner$CommandLineProgressMonitor - Completed (23%)
2024-10-23 02:57:32 INFO: 02:57:32.674 [main] [INFO ] q.l.p.CommandLineTaskRunner$CommandLineProgressMonitor - Completed (24%)
2024-10-23 02:57:32 INFO: 02:57:32.745 [main] [INFO ] q.l.p.CommandLineTaskRunner$CommandLineProgressMonitor - Completed (25%)
2024-10-23 02:57:33 INFO: 02:57:33.035 [main] [INFO ] q.l.p.CommandLineTaskRunner$CommandLineProgressMonitor - Completed (26%)
2024-10-23 02:57:33 INFO: 02:57:33.108 [main] [INFO ] q.l.p.CommandLineTaskRunner$CommandLineProgressMonitor - Completed (27%)
2024-10-23 02:57:33 INFO: 02:57:33.181 [main] [INFO ] q.l.p.CommandLineTaskRunner$CommandLineProgressMonitor - Completed (28%)
2024-10-23 02:57:33 INFO: 02:57:33.256 [main] [INFO ] q.l.p.CommandLineTaskRunner$CommandLineProgressMonitor - Completed (29%)
2024-10-23 02:57:33 INFO: 02:57:33.336 [main] [INFO ] q.l.p.CommandLineTaskRunner$CommandLineProgressMonitor - Completed (30%)
2024-10-23 02:57:33 INFO: 02:57:33.452 [main] [INFO ] q.l.p.CommandLineTaskRunner$CommandLineProgressMonitor - Completed (31%)
2024-10-23 02:57:33 INFO: 02:57:33.527 [main] [INFO ] q.l.p.CommandLineTaskRunner$CommandLineProgressMonitor - Completed (32%)
2024-10-23 02:57:33 INFO: 02:57:33.590 [main] [INFO ] q.l.p.CommandLineTaskRunner$CommandLineProgressMonitor - Completed (33%)
2024-10-23 02:57:33 INFO: 02:57:33.661 [main] [INFO ] q.l.p.CommandLineTaskRunner$CommandLineProgressMonitor - Completed (34%)
2024-10-23 02:57:33 INFO: 02:57:33.793 [main] [INFO ] q.l.p.CommandLineTaskRunner$CommandLineProgressMonitor - Completed (35%)
2024-10-23 02:57:34 INFO: 02:57:34.194 [main] [INFO ] q.l.p.CommandLineTaskRunner$CommandLineProgressMonitor - Completed (36%)
2024-10-23 02:57:34 INFO: 02:57:34.258 [main] [INFO ] q.l.p.CommandLineTaskRunner$CommandLineProgressMonitor - Completed (37%)
2024-10-23 02:57:34 INFO: 02:57:34.322 [main] [INFO ] q.l.p.CommandLineTaskRunner$CommandLineProgressMonitor - Completed (38%)
2024-10-23 02:57:34 INFO: 02:57:34.391 [main] [INFO ] q.l.p.CommandLineTaskRunner$CommandLineProgressMonitor - Completed (39%)
2024-10-23 02:57:34 INFO: 02:57:34.459 [main] [INFO ] q.l.p.CommandLineTaskRunner$CommandLineProgressMonitor - Completed (40%)
2024-10-23 02:57:34 INFO: 02:57:34.524 [main] [INFO ] q.l.p.CommandLineTaskRunner$CommandLineProgressMonitor - Completed (41%)
2024-10-23 02:57:34 INFO: 02:57:34.597 [main] [INFO ] q.l.p.CommandLineTaskRunner$CommandLineProgressMonitor - Completed (42%)
2024-10-23 02:57:34 INFO: 02:57:34.665 [main] [INFO ] q.l.p.CommandLineTaskRunner$CommandLineProgressMonitor - Completed (43%)
2024-10-23 02:57:34 INFO: 02:57:34.741 [main] [INFO ] q.l.p.CommandLineTaskRunner$CommandLineProgressMonitor - Completed (44%)
2024-10-23 02:57:34 INFO: 02:57:34.814 [main] [INFO ] q.l.p.CommandLineTaskRunner$CommandLineProgressMonitor - Completed (45%)
2024-10-23 02:57:34 INFO: 02:57:34.887 [main] [INFO ] q.l.p.CommandLineTaskRunner$CommandLineProgressMonitor - Completed (46%)
2024-10-23 02:57:34 INFO: 02:57:34.962 [main] [INFO ] q.l.p.CommandLineTaskRunner$CommandLineProgressMonitor - Completed (47%)
2024-10-23 02:57:35 INFO: 02:57:35.046 [main] [INFO ] q.l.p.CommandLineTaskRunner$CommandLineProgressMonitor - Completed (48%)
2024-10-23 02:57:35 INFO: 02:57:35.137 [main] [INFO ] q.l.p.CommandLineTaskRunner$CommandLineProgressMonitor - Completed (49%)
2024-10-23 02:57:35 INFO: 02:57:35.210 [main] [INFO ] q.l.p.CommandLineTaskRunner$CommandLineProgressMonitor - Completed (50%)
2024-10-23 02:57:35 INFO: 02:57:35.277 [main] [INFO ] q.l.p.CommandLineTaskRunner$CommandLineProgressMonitor - Completed (51%)
2024-10-23 02:57:35 INFO: 02:57:35.344 [main] [INFO ] q.l.p.CommandLineTaskRunner$CommandLineProgressMonitor - Completed (52%)
2024-10-23 02:57:35 INFO: 02:57:35.581 [main] [INFO ] q.l.p.CommandLineTaskRunner$CommandLineProgressMonitor - Completed (53%)
2024-10-23 02:57:35 INFO: 02:57:35.661 [main] [INFO ] q.l.p.CommandLineTaskRunner$CommandLineProgressMonitor - Completed (54%)
2024-10-23 02:57:35 INFO: 02:57:35.737 [main] [INFO ] q.l.p.CommandLineTaskRunner$CommandLineProgressMonitor - Completed (55%)
2024-10-23 02:57:35 INFO: 02:57:35.822 [main] [INFO ] q.l.p.CommandLineTaskRunner$CommandLineProgressMonitor - Completed (56%)
2024-10-23 02:57:35 INFO: 02:57:35.898 [main] [INFO ] q.l.p.CommandLineTaskRunner$CommandLineProgressMonitor - Completed (57%)
2024-10-23 02:57:35 INFO: 02:57:35.975 [main] [INFO ] q.l.p.CommandLineTaskRunner$CommandLineProgressMonitor - Completed (58%)
2024-10-23 02:57:36 INFO: 02:57:36.058 [main] [INFO ] q.l.p.CommandLineTaskRunner$CommandLineProgressMonitor - Completed (59%)
2024-10-23 02:57:36 INFO: 02:57:36.141 [main] [INFO ] q.l.p.CommandLineTaskRunner$CommandLineProgressMonitor - Completed (60%)
2024-10-23 02:57:36 INFO: 02:57:36.214 [main] [INFO ] q.l.p.CommandLineTaskRunner$CommandLineProgressMonitor - Completed (61%)
2024-10-23 02:57:36 INFO: 02:57:36.284 [main] [INFO ] q.l.p.CommandLineTaskRunner$CommandLineProgressMonitor - Completed (62%)
2024-10-23 02:57:36 INFO: 02:57:36.362 [main] [INFO ] q.l.p.CommandLineTaskRunner$CommandLineProgressMonitor - Completed (63%)
2024-10-23 02:57:36 INFO: 02:57:36.433 [main] [INFO ] q.l.p.CommandLineTaskRunner$CommandLineProgressMonitor - Completed (64%)
2024-10-23 02:57:36 INFO: 02:57:36.528 [main] [INFO ] q.l.p.CommandLineTaskRunner$CommandLineProgressMonitor - Completed (65%)
2024-10-23 02:57:36 INFO: 02:57:36.601 [main] [INFO ] q.l.p.CommandLineTaskRunner$CommandLineProgressMonitor - Completed (66%)
2024-10-23 02:57:36 INFO: 02:57:36.672 [main] [INFO ] q.l.p.CommandLineTaskRunner$CommandLineProgressMonitor - Completed (67%)
2024-10-23 02:57:36 INFO: 02:57:36.742 [main] [INFO ] q.l.p.CommandLineTaskRunner$CommandLineProgressMonitor - Completed (68%)
2024-10-23 02:57:36 INFO: 02:57:36.816 [main] [INFO ] q.l.p.CommandLineTaskRunner$CommandLineProgressMonitor - Completed (69%)
2024-10-23 02:57:36 INFO: 02:57:36.896 [main] [INFO ] q.l.p.CommandLineTaskRunner$CommandLineProgressMonitor - Completed (70%)
2024-10-23 02:57:36 INFO: 02:57:36.962 [main] [INFO ] q.l.p.CommandLineTaskRunner$CommandLineProgressMonitor - Completed (71%)
2024-10-23 02:57:37 INFO: 02:57:37.032 [main] [INFO ] q.l.p.CommandLineTaskRunner$CommandLineProgressMonitor - Completed (72%)
2024-10-23 02:57:37 INFO: 02:57:37.101 [main] [INFO ] q.l.p.CommandLineTaskRunner$CommandLineProgressMonitor - Completed (73%)
2024-10-23 02:57:37 INFO: 02:57:37.172 [main] [INFO ] q.l.p.CommandLineTaskRunner$CommandLineProgressMonitor - Completed (74%)
2024-10-23 02:57:37 INFO: 02:57:37.243 [main] [INFO ] q.l.p.CommandLineTaskRunner$CommandLineProgressMonitor - Completed (75%)
2024-10-23 02:57:37 INFO: 02:57:37.315 [main] [INFO ] q.l.p.CommandLineTaskRunner$CommandLineProgressMonitor - Completed (76%)
2024-10-23 02:57:37 INFO: 02:57:37.386 [main] [INFO ] q.l.p.CommandLineTaskRunner$CommandLineProgressMonitor - Completed (77%)
2024-10-23 02:57:37 INFO: 02:57:37.454 [main] [INFO ] q.l.p.CommandLineTaskRunner$CommandLineProgressMonitor - Completed (78%)
2024-10-23 02:57:37 INFO: 02:57:37.522 [main] [INFO ] q.l.p.CommandLineTaskRunner$CommandLineProgressMonitor - Completed (79%)
2024-10-23 02:57:37 INFO: 02:57:37.593 [main] [INFO ] q.l.p.CommandLineTaskRunner$CommandLineProgressMonitor - Completed (80%)
2024-10-23 02:57:37 INFO: 02:57:37.676 [main] [INFO ] q.l.p.CommandLineTaskRunner$CommandLineProgressMonitor - Completed (81%)
2024-10-23 02:57:37 INFO: 02:57:37.768 [main] [INFO ] q.l.p.CommandLineTaskRunner$CommandLineProgressMonitor - Completed (82%)
2024-10-23 02:57:37 INFO: 02:57:37.843 [main] [INFO ] q.l.p.CommandLineTaskRunner$CommandLineProgressMonitor - Completed (83%)
2024-10-23 02:57:37 INFO: 02:57:37.921 [main] [INFO ] q.l.p.CommandLineTaskRunner$CommandLineProgressMonitor - Completed (84%)
2024-10-23 02:57:38 INFO: 02:57:38.058 [main] [INFO ] q.l.p.CommandLineTaskRunner$CommandLineProgressMonitor - Completed (85%)
2024-10-23 02:57:38 INFO: 02:57:38.129 [main] [INFO ] q.l.p.CommandLineTaskRunner$CommandLineProgressMonitor - Completed (86%)
2024-10-23 02:57:38 INFO: 02:57:38.197 [main] [INFO ] q.l.p.CommandLineTaskRunner$CommandLineProgressMonitor - Completed (87%)
2024-10-23 02:57:38 INFO: 02:57:38.263 [main] [INFO ] q.l.p.CommandLineTaskRunner$CommandLineProgressMonitor - Completed (88%)
2024-10-23 02:57:38 INFO: 02:57:38.329 [main] [INFO ] q.l.p.CommandLineTaskRunner$CommandLineProgressMonitor - Completed (89%)
2024-10-23 02:57:38 INFO: 02:57:38.400 [main] [INFO ] q.l.p.CommandLineTaskRunner$CommandLineProgressMonitor - Completed (90%)
2024-10-23 02:57:38 INFO: 02:57:38.466 [main] [INFO ] q.l.p.CommandLineTaskRunner$CommandLineProgressMonitor - Completed (91%)
2024-10-23 02:57:38 INFO: 02:57:38.530 [main] [INFO ] q.l.p.CommandLineTaskRunner$CommandLineProgressMonitor - Completed (92%)
2024-10-23 02:57:38 INFO: 02:57:38.597 [main] [INFO ] q.l.p.CommandLineTaskRunner$CommandLineProgressMonitor - Completed (93%)
2024-10-23 02:57:38 INFO: 02:57:38.660 [main] [INFO ] q.l.p.CommandLineTaskRunner$CommandLineProgressMonitor - Completed (94%)
2024-10-23 02:57:38 INFO: 02:57:38.726 [main] [INFO ] q.l.p.CommandLineTaskRunner$CommandLineProgressMonitor - Completed (95%)
2024-10-23 02:57:38 INFO: 02:57:38.794 [main] [INFO ] q.l.p.CommandLineTaskRunner$CommandLineProgressMonitor - Completed (96%)
2024-10-23 02:57:38 INFO: 02:57:38.858 [main] [INFO ] q.l.p.CommandLineTaskRunner$CommandLineProgressMonitor - Completed (97%)
2024-10-23 02:57:38 INFO: 02:57:38.938 [main] [INFO ] q.l.p.CommandLineTaskRunner$CommandLineProgressMonitor - Completed (98%)
2024-10-23 02:57:39 INFO: 02:57:39.008 [main] [INFO ] q.l.p.CommandLineTaskRunner$CommandLineProgressMonitor - Completed (99%)
2024-10-23 02:57:39 INFO: 02:57:39.077 [main] [INFO ] q.l.p.CommandLineTaskRunner$CommandLineProgressMonitor - Completed (100%)
2024-10-23 02:58:37 INFO: 02:58:37.158 [main] [INFO ] q.l.p.CommandLineTaskRunner$CommandLineProgressMonitor - Completed (100%)
2024-10-23 02:58:37 INFO: 02:58:37.159 [main] [INFO ] q.l.p.CommandLineTaskRunner$CommandLineProgressMonitor - Processing complete in 67.76 seconds
2024-10-23 02:58:37 INFO: 02:58:37.159 [main] [INFO ] q.l.p.CommandLineTaskRunner$CommandLineProgressMonitor - Tasks completed!
2024-10-23 03:00:00 INFO: 03:00:00.908 [task-runner-6-1] [WARN ] q.o.features.DelaunayTriangulation - Some objects have missing measurements! Statistics will calculated only for objects with measurements available.
2024-10-23 03:00:00 INFO: 03:00:00.909 [task-runner-6-1] [WARN ] q.o.features.DelaunayTriangulation - Missing measurements: [ROI: 1.00 m per pixel: Residual: Haralick Correlation (F2), ROI: 1.00 m per pixel: Residual: Haralick Information measure of correlation 1 (F11), ROI: 1.00 m per pixel: Residual: Haralick Information measure of correlation 2 (F12)]
2024-10-23 03:00:00 INFO: 03:00:00.937 [main] [INFO ] q.l.p.CommandLineTaskRunner$CommandLineProgressMonitor - Delaunay triangulation calculated for Annotation (134738 objects) (100%)
2024-10-23 03:00:00 INFO: 03:00:00.938 [main] [INFO ] q.l.p.CommandLineTaskRunner$CommandLineProgressMonitor - Processing complete in 83.73 seconds
2024-10-23 03:00:00 INFO: 03:00:00.938 [main] [INFO ] q.l.p.CommandLineTaskRunner$CommandLineProgressMonitor - Tasks completed!
2024-10-23 03:01:38 INFO: TCGA-GI-A2C8-01Z-00-DX1.09BD8AC9-645A-4C8B-9B36-77D833BDBA09
2024-10-23 03:01:38 INFO: QuPath subprocess completed.
2024-10-23 03:01:45 INFO: QuPath image extraction completed successfully. Output directory: /home/ilants/Documents/jupyter_test/single_image_multiple_params/exp_maxAreaMicrons_30.0
2024-10-23 03:01:45 INFO: Summary table saved to: /home/ilants/Documents/jupyter_test/single_image_multiple_params/exp_maxAreaMicrons_30.0/Summary_Table.csv
2024-10-23 03:01:45 INFO: Experiment completed successfully.
