2024-10-23 03:50:39 INFO: Starting experiment with for maxAreaMicrons with value of 110.0
2024-10-23 03:50:39 INFO: Running with the following configuration:
{'detectionImageBrightfield': 'Hematoxylin OD', 'requestedPixelSizeMicrons': 0.5, 'backgroundRadiusMicrons': 4.0, 'backgroundByReconstruction': True, 'medianRadiusMicrons': 0.0, 'sigmaMicrons': 1.5, 'minAreaMicrons': 10.0, 'maxAreaMicrons': 110.0, 'threshold': 0.1, 'maxBackground': 2.0, 'watershedPostProcess': True, 'cellExpansionMicrons': 5.0, 'includeNuclei': True, 'smoothBoundaries': True, 'makeMeasurements': True, 'backgroundRadiusPixel': 8.0, 'cellExpansionPixel': 10.0, 'medianRadiusPixel': 0.0, 'minAreaPixel': 20.0, 'maxAreaPixel': 160.0}
2024-10-23 03:50:39 INFO: Starting QuPath image extraction with the following parameters: image_dir=/home/ilants/Documents/jupyter_test, output_dir=/home/ilants/Documents/jupyter_test/single_image_multiple_params/exp_maxAreaMicrons_110.0, image_type=svs, groovy_script=/home/ilants/Documents/utls/nucleus_detection_wargs.groovy, config_file=/home/ilants/Documents/jupyter_test/single_image_multiple_params/exp_maxAreaMicrons_110.0/cfg.json, program_path=/home/ilants/Documents/QuPath-v0.5.1-Linux/QuPath/bin/QuPath
2024-10-23 03:50:40 INFO: 03:50:40.227 [main] [INFO ] qupath.lib.gui.prefs.PathPrefs - Setting default Locale to en_US
2024-10-23 03:50:40 INFO: 03:50:40.231 [main] [INFO ] qupath.lib.gui.prefs.PathPrefs - Setting Locale for FORMAT to en_US
2024-10-23 03:50:40 INFO: 03:50:40.231 [main] [INFO ] qupath.lib.gui.prefs.PathPrefs - Setting Locale for DISPLAY to en_US
2024-10-23 03:50:40 INFO: 03:50:40.245 [main] [INFO ] qupath.lib.common.ThreadTools - Setting parallelism to 63
2024-10-23 03:50:40 INFO: 03:50:40.263 [main] [INFO ] qupath.ScriptCommand - Setting tile cache size to 32200.00 MB (25.0% max memory)
2024-10-23 03:50:40 INFO: 03:50:40.310 [main] [INFO ] qupath.lib.scripting.QP - Initializing type adapters
2024-10-23 03:50:40 INFO: Warning: Versions of org.bytedeco:javacpp:1.5.9 and org.bytedeco:opencv:4.6.0-1.5.8 do not match.
2024-10-23 03:50:40 INFO: Warning: Versions of org.bytedeco:javacpp:1.5.9 and org.bytedeco:openblas:0.3.21-1.5.8 do not match.
2024-10-23 03:50:41 INFO: project parameters are: {"detectionImageBrightfield": "Hematoxylin OD","requestedPixelSizeMicrons": 0.5,"backgroundRadiusMicrons": 4.0,"backgroundByReconstruction": true,"medianRadiusMicrons": 0.0,"sigmaMicrons": 1.5,"minAreaMicrons": 10.0,"maxAreaMicrons": 110.0,"threshold": 0.1,"maxBackground": 2.0,"watershedPostProcess": true,"cellExpansionMicrons": 5.0,"includeNuclei": true,"smoothBoundaries": true,"makeMeasurements": true,"backgroundRadiusPixel": 8.0,"cellExpansionPixel": 10.0,"medianRadiusPixel": 0.0,"minAreaPixel": 20.0,"maxAreaPixel": 160.0}
2024-10-23 03:50:41 INFO: New project created at: /home/ilants/Documents/jupyter_test/single_image_multiple_params/exp_maxAreaMicrons_110.0/QPProject
2024-10-23 03:50:41 INFO: Added: /home/ilants/Documents/jupyter_test/TCGA-GI-A2C8-01Z-00-DX1.09BD8AC9-645A-4C8B-9B36-77D833BDBA09.svs
2024-10-23 03:50:41 INFO: /home/ilants/Documents/jupyter_test/TCGA-GI-A2C8-01Z-00-DX1.09BD8AC9-645A-4C8B-9B36-77D833BDBA09.svs
2024-10-23 03:50:42 INFO: 03:50:42.248 [main] [INFO ] q.l.i.s.b.BioFormatsServerOptions - Setting max Bio-Formats readers to 32
2024-10-23 03:50:42 INFO: UriImageSupport (class qupath.lib.images.servers.bioformats.BioFormatsServerBuilder) support=3.0, builders=1
2024-10-23 03:50:42 INFO: true
2024-10-23 03:50:42 INFO: 03:50:42.908 [main] [WARN ] qupath.lib.scripting.QP - createSelectAllObject(boolean) is deprecated, use createFullImageAnnotation(boolean) instead
2024-10-23 03:50:42 INFO: 03:50:42.909 [main] [WARN ] qupath.lib.scripting.QP - createSelectAllObject(boolean, int, int) is deprecated, use createFullImageAnnotation(boolean, int, int) instead
2024-10-23 03:50:42 INFO: 03:50:42.919 [main] [WARN ] q.l.plugins.parameters.ParameterList - Unable to set parameter backgroundRadiusPixel with value 8.0
2024-10-23 03:50:42 INFO: 03:50:42.919 [main] [WARN ] q.l.plugins.parameters.ParameterList - Unable to set parameter cellExpansionPixel with value 10.0
2024-10-23 03:50:42 INFO: 03:50:42.919 [main] [WARN ] q.l.plugins.parameters.ParameterList - Unable to set parameter medianRadiusPixel with value 0.0
2024-10-23 03:50:42 INFO: 03:50:42.920 [main] [WARN ] q.l.plugins.parameters.ParameterList - Unable to set parameter minAreaPixel with value 20.0
2024-10-23 03:50:42 INFO: 03:50:42.920 [main] [WARN ] q.l.plugins.parameters.ParameterList - Unable to set parameter maxAreaPixel with value 160.0
2024-10-23 03:50:55 INFO: 03:50:55.502 [task-runner-1-32] [INFO ] q.lib.plugins.DetectionPluginTools - 0 nuclei detected (processing time: 12.45 seconds)
2024-10-23 03:50:55 INFO: 03:50:55.502 [task-runner-1-3] [INFO ] q.lib.plugins.DetectionPluginTools - 0 nuclei detected (processing time: 12.45 seconds)
2024-10-23 03:50:55 INFO: 03:50:55.512 [main] [INFO ] q.l.p.CommandLineTaskRunner$CommandLineProgressMonitor - 0 nuclei detected (1%)
2024-10-23 03:50:55 INFO: 03:50:55.512 [task-runner-1-9] [INFO ] q.lib.plugins.DetectionPluginTools - 0 nuclei detected (processing time: 12.46 seconds)
2024-10-23 03:50:55 INFO: 03:50:55.516 [main] [INFO ] q.l.p.CommandLineTaskRunner$CommandLineProgressMonitor - 0 nuclei detected (2%)
2024-10-23 03:50:55 INFO: 03:50:55.521 [task-runner-1-16] [INFO ] q.lib.plugins.DetectionPluginTools - 0 nuclei detected (processing time: 12.47 seconds)
2024-10-23 03:50:55 INFO: 03:50:55.522 [main] [INFO ] q.l.p.CommandLineTaskRunner$CommandLineProgressMonitor - 0 nuclei detected (3%)
2024-10-23 03:50:55 INFO: 03:50:55.908 [task-runner-1-12] [INFO ] q.lib.plugins.DetectionPluginTools - 0 nuclei detected (processing time: 12.86 seconds)
2024-10-23 03:50:55 INFO: 03:50:55.913 [task-runner-1-4] [INFO ] q.lib.plugins.DetectionPluginTools - 0 nuclei detected (processing time: 12.86 seconds)
2024-10-23 03:50:55 INFO: 03:50:55.914 [task-runner-1-1] [INFO ] q.lib.plugins.DetectionPluginTools - 0 nuclei detected (processing time: 12.87 seconds)
2024-10-23 03:50:55 INFO: 03:50:55.914 [task-runner-1-7] [INFO ] q.lib.plugins.DetectionPluginTools - 1 nucleus detected (processing time: 12.86 seconds)
2024-10-23 03:50:55 INFO: 03:50:55.914 [task-runner-1-48] [INFO ] q.lib.plugins.DetectionPluginTools - 0 nuclei detected (processing time: 12.86 seconds)
2024-10-23 03:50:55 INFO: 03:50:55.915 [task-runner-1-27] [INFO ] q.lib.plugins.DetectionPluginTools - 1 nucleus detected (processing time: 12.86 seconds)
2024-10-23 03:50:55 INFO: 03:50:55.915 [task-runner-1-17] [INFO ] q.lib.plugins.DetectionPluginTools - 3 nuclei detected (processing time: 12.86 seconds)
2024-10-23 03:50:55 INFO: 03:50:55.918 [task-runner-1-11] [INFO ] q.lib.plugins.DetectionPluginTools - 1 nucleus detected (processing time: 12.87 seconds)
2024-10-23 03:50:55 INFO: 03:50:55.920 [task-runner-1-30] [INFO ] q.lib.plugins.DetectionPluginTools - 1 nucleus detected (processing time: 12.87 seconds)
2024-10-23 03:50:55 INFO: 03:50:55.921 [task-runner-1-47] [INFO ] q.lib.plugins.DetectionPluginTools - 7 nuclei detected (processing time: 12.87 seconds)
2024-10-23 03:50:55 INFO: 03:50:55.922 [task-runner-1-2] [INFO ] q.lib.plugins.DetectionPluginTools - 2 nuclei detected (processing time: 12.87 seconds)
2024-10-23 03:50:55 INFO: 03:50:55.922 [task-runner-1-10] [INFO ] q.lib.plugins.DetectionPluginTools - 1 nucleus detected (processing time: 12.87 seconds)
2024-10-23 03:50:55 INFO: 03:50:55.923 [task-runner-1-8] [INFO ] q.lib.plugins.DetectionPluginTools - 2 nuclei detected (processing time: 12.87 seconds)
2024-10-23 03:50:55 INFO: 03:50:55.922 [task-runner-1-14] [INFO ] q.lib.plugins.DetectionPluginTools - 2 nuclei detected (processing time: 12.87 seconds)
2024-10-23 03:50:55 INFO: 03:50:55.915 [main] [INFO ] q.l.p.CommandLineTaskRunner$CommandLineProgressMonitor - 0 nuclei detected (4%)
2024-10-23 03:50:55 INFO: 03:50:55.915 [task-runner-1-15] [INFO ] q.lib.plugins.DetectionPluginTools - 0 nuclei detected (processing time: 12.86 seconds)
2024-10-23 03:50:55 INFO: 03:50:55.930 [task-runner-1-13] [INFO ] q.lib.plugins.DetectionPluginTools - 8 nuclei detected (processing time: 12.88 seconds)
2024-10-23 03:50:55 INFO: 03:50:55.926 [main] [INFO ] q.l.p.CommandLineTaskRunner$CommandLineProgressMonitor - 1 nucleus detected (5%)
2024-10-23 03:50:55 INFO: 03:50:55.934 [main] [INFO ] q.l.p.CommandLineTaskRunner$CommandLineProgressMonitor - 0 nuclei detected (6%)
2024-10-23 03:50:55 INFO: 03:50:55.934 [main] [INFO ] q.l.p.CommandLineTaskRunner$CommandLineProgressMonitor - 1 nucleus detected (6%)
2024-10-23 03:50:55 INFO: 03:50:55.934 [main] [INFO ] q.l.p.CommandLineTaskRunner$CommandLineProgressMonitor - 3 nuclei detected (7%)
2024-10-23 03:50:55 INFO: 03:50:55.934 [main] [INFO ] q.l.p.CommandLineTaskRunner$CommandLineProgressMonitor - 1 nucleus detected (8%)
2024-10-23 03:50:55 INFO: 03:50:55.934 [main] [INFO ] q.l.p.CommandLineTaskRunner$CommandLineProgressMonitor - 7 nuclei detected (9%)
2024-10-23 03:50:55 INFO: 03:50:55.934 [main] [INFO ] q.l.p.CommandLineTaskRunner$CommandLineProgressMonitor - 2 nuclei detected (9%)
2024-10-23 03:50:55 INFO: 03:50:55.934 [main] [INFO ] q.l.p.CommandLineTaskRunner$CommandLineProgressMonitor - 1 nucleus detected (10%)
2024-10-23 03:50:55 INFO: 03:50:55.934 [main] [INFO ] q.l.p.CommandLineTaskRunner$CommandLineProgressMonitor - 2 nuclei detected (11%)
2024-10-23 03:50:55 INFO: 03:50:55.934 [main] [INFO ] q.l.p.CommandLineTaskRunner$CommandLineProgressMonitor - 0 nuclei detected (12%)
2024-10-23 03:50:55 INFO: 03:50:55.935 [task-runner-1-29] [INFO ] q.lib.plugins.DetectionPluginTools - 5 nuclei detected (processing time: 12.88 seconds)
2024-10-23 03:50:55 INFO: 03:50:55.937 [task-runner-1-31] [INFO ] q.lib.plugins.DetectionPluginTools - 13 nuclei detected (processing time: 12.88 seconds)
2024-10-23 03:50:55 INFO: 03:50:55.946 [task-runner-1-6] [INFO ] q.lib.plugins.DetectionPluginTools - 6 nuclei detected (processing time: 12.90 seconds)
2024-10-23 03:50:55 INFO: 03:50:55.948 [main] [INFO ] q.l.p.CommandLineTaskRunner$CommandLineProgressMonitor - 8 nuclei detected (13%)
2024-10-23 03:50:55 INFO: 03:50:55.948 [main] [INFO ] q.l.p.CommandLineTaskRunner$CommandLineProgressMonitor - 6 nuclei detected (13%)
2024-10-23 03:50:55 INFO: 03:50:55.953 [main] [INFO ] q.l.p.CommandLineTaskRunner$CommandLineProgressMonitor - 13 nuclei detected (14%)
2024-10-23 03:50:55 INFO: 03:50:55.953 [main] [INFO ] q.l.p.CommandLineTaskRunner$CommandLineProgressMonitor - 5 nuclei detected (14%)
2024-10-23 03:50:56 INFO: 03:50:56.041 [task-runner-1-28] [INFO ] q.lib.plugins.DetectionPluginTools - 22 nuclei detected (processing time: 12.99 seconds)
2024-10-23 03:50:56 INFO: 03:50:56.043 [main] [INFO ] q.l.p.CommandLineTaskRunner$CommandLineProgressMonitor - 22 nuclei detected (15%)
2024-10-23 03:50:56 INFO: 03:50:56.049 [task-runner-1-26] [INFO ] q.lib.plugins.DetectionPluginTools - 50 nuclei detected (processing time: 13.00 seconds)
2024-10-23 03:50:56 INFO: 03:50:56.050 [main] [INFO ] q.l.p.CommandLineTaskRunner$CommandLineProgressMonitor - 50 nuclei detected (16%)
2024-10-23 03:50:56 INFO: 03:50:56.097 [task-runner-1-5] [INFO ] q.lib.plugins.DetectionPluginTools - 61 nuclei detected (processing time: 13.05 seconds)
2024-10-23 03:50:56 INFO: 03:50:56.099 [main] [INFO ] q.l.p.CommandLineTaskRunner$CommandLineProgressMonitor - 61 nuclei detected (16%)
2024-10-23 03:50:56 INFO: 03:50:56.101 [task-runner-1-46] [INFO ] q.lib.plugins.DetectionPluginTools - 58 nuclei detected (processing time: 13.05 seconds)
2024-10-23 03:50:56 INFO: 03:50:56.104 [main] [INFO ] q.l.p.CommandLineTaskRunner$CommandLineProgressMonitor - 58 nuclei detected (17%)
2024-10-23 03:50:56 INFO: 03:50:56.119 [task-runner-1-45] [INFO ] q.lib.plugins.DetectionPluginTools - 115 nuclei detected (processing time: 13.06 seconds)
2024-10-23 03:50:56 INFO: 03:50:56.120 [main] [INFO ] q.l.p.CommandLineTaskRunner$CommandLineProgressMonitor - 115 nuclei detected (18%)
2024-10-23 03:50:56 INFO: 03:50:56.127 [task-runner-1-63] [INFO ] q.lib.plugins.DetectionPluginTools - 150 nuclei detected (processing time: 13.07 seconds)
2024-10-23 03:50:56 INFO: 03:50:56.128 [main] [INFO ] q.l.p.CommandLineTaskRunner$CommandLineProgressMonitor - 150 nuclei detected (18%)
2024-10-23 03:50:56 INFO: 03:50:56.145 [task-runner-1-49] [INFO ] q.lib.plugins.DetectionPluginTools - 131 nuclei detected (processing time: 13.09 seconds)
2024-10-23 03:50:56 INFO: 03:50:56.147 [main] [INFO ] q.l.p.CommandLineTaskRunner$CommandLineProgressMonitor - 131 nuclei detected (19%)
2024-10-23 03:50:56 INFO: 03:50:56.208 [task-runner-1-19] [INFO ] q.lib.plugins.DetectionPluginTools - 153 nuclei detected (processing time: 13.16 seconds)
2024-10-23 03:50:56 INFO: 03:50:56.210 [main] [INFO ] q.l.p.CommandLineTaskRunner$CommandLineProgressMonitor - 153 nuclei detected (19%)
2024-10-23 03:50:56 INFO: 03:50:56.212 [task-runner-1-33] [INFO ] q.lib.plugins.DetectionPluginTools - 238 nuclei detected (processing time: 13.16 seconds)
2024-10-23 03:50:56 INFO: 03:50:56.213 [main] [INFO ] q.l.p.CommandLineTaskRunner$CommandLineProgressMonitor - 238 nuclei detected (20%)
2024-10-23 03:50:56 INFO: 03:50:56.231 [task-runner-1-44] [INFO ] q.lib.plugins.DetectionPluginTools - 276 nuclei detected (processing time: 13.18 seconds)
2024-10-23 03:50:56 INFO: 03:50:56.235 [main] [INFO ] q.l.p.CommandLineTaskRunner$CommandLineProgressMonitor - 276 nuclei detected (21%)
2024-10-23 03:50:58 INFO: 03:50:58.908 [task-runner-1-18] [INFO ] q.lib.plugins.DetectionPluginTools - 252 nuclei detected (processing time: 15.86 seconds)
2024-10-23 03:50:58 INFO: 03:50:58.910 [main] [INFO ] q.l.p.CommandLineTaskRunner$CommandLineProgressMonitor - 252 nuclei detected (21%)
2024-10-23 03:50:58 INFO: 03:50:58.929 [task-runner-1-62] [INFO ] q.lib.plugins.DetectionPluginTools - 219 nuclei detected (processing time: 15.87 seconds)
2024-10-23 03:50:58 INFO: 03:50:58.931 [main] [INFO ] q.l.p.CommandLineTaskRunner$CommandLineProgressMonitor - 219 nuclei detected (22%)
2024-10-23 03:50:58 INFO: 03:50:58.979 [task-runner-1-61] [INFO ] q.lib.plugins.DetectionPluginTools - 211 nuclei detected (processing time: 15.92 seconds)
2024-10-23 03:50:58 INFO: 03:50:58.981 [main] [INFO ] q.l.p.CommandLineTaskRunner$CommandLineProgressMonitor - 211 nuclei detected (23%)
2024-10-23 03:50:59 INFO: 03:50:59.017 [task-runner-1-35] [INFO ] q.lib.plugins.DetectionPluginTools - 289 nuclei detected (processing time: 15.96 seconds)
2024-10-23 03:50:59 INFO: 03:50:59.019 [main] [INFO ] q.l.p.CommandLineTaskRunner$CommandLineProgressMonitor - 289 nuclei detected (23%)
2024-10-23 03:50:59 INFO: 03:50:59.058 [task-runner-1-25] [INFO ] q.lib.plugins.DetectionPluginTools - 358 nuclei detected (processing time: 16.01 seconds)
2024-10-23 03:50:59 INFO: 03:50:59.060 [main] [INFO ] q.l.p.CommandLineTaskRunner$CommandLineProgressMonitor - 358 nuclei detected (24%)
2024-10-23 03:50:59 INFO: 03:50:59.086 [task-runner-1-50] [INFO ] q.lib.plugins.DetectionPluginTools - 331 nuclei detected (processing time: 16.03 seconds)
2024-10-23 03:50:59 INFO: 03:50:59.088 [main] [INFO ] q.l.p.CommandLineTaskRunner$CommandLineProgressMonitor - 331 nuclei detected (24%)
2024-10-23 03:50:59 INFO: 03:50:59.366 [task-runner-1-34] [INFO ] q.lib.plugins.DetectionPluginTools - 407 nuclei detected (processing time: 16.31 seconds)
2024-10-23 03:50:59 INFO: 03:50:59.366 [main] [INFO ] q.l.p.CommandLineTaskRunner$CommandLineProgressMonitor - 407 nuclei detected (25%)
2024-10-23 03:50:59 INFO: 03:50:59.421 [task-runner-1-20] [INFO ] q.lib.plugins.DetectionPluginTools - 688 nuclei detected (processing time: 16.37 seconds)
2024-10-23 03:50:59 INFO: 03:50:59.438 [main] [INFO ] q.l.p.CommandLineTaskRunner$CommandLineProgressMonitor - 688 nuclei detected (26%)
2024-10-23 03:50:59 INFO: 03:50:59.599 [task-runner-1-51] [INFO ] q.lib.plugins.DetectionPluginTools - 891 nuclei detected (processing time: 16.54 seconds)
2024-10-23 03:50:59 INFO: 03:50:59.600 [main] [INFO ] q.l.p.CommandLineTaskRunner$CommandLineProgressMonitor - 891 nuclei detected (26%)
2024-10-23 03:50:59 INFO: 03:50:59.710 [task-runner-1-23] [INFO ] q.lib.plugins.DetectionPluginTools - 1028 nuclei detected (processing time: 16.66 seconds)
2024-10-23 03:50:59 INFO: 03:50:59.711 [task-runner-1-43] [INFO ] q.lib.plugins.DetectionPluginTools - 1014 nuclei detected (processing time: 16.66 seconds)
2024-10-23 03:50:59 INFO: 03:50:59.711 [main] [INFO ] q.l.p.CommandLineTaskRunner$CommandLineProgressMonitor - 1028 nuclei detected (27%)
2024-10-23 03:50:59 INFO: 03:50:59.711 [main] [INFO ] q.l.p.CommandLineTaskRunner$CommandLineProgressMonitor - 1014 nuclei detected (28%)
2024-10-23 03:50:59 INFO: 03:50:59.738 [task-runner-1-24] [INFO ] q.lib.plugins.DetectionPluginTools - 1026 nuclei detected (processing time: 16.69 seconds)
2024-10-23 03:50:59 INFO: 03:50:59.754 [main] [INFO ] q.l.p.CommandLineTaskRunner$CommandLineProgressMonitor - 1026 nuclei detected (28%)
2024-10-23 03:50:59 INFO: 03:50:59.787 [task-runner-1-60] [INFO ] q.lib.plugins.DetectionPluginTools - 1168 nuclei detected (processing time: 16.73 seconds)
2024-10-23 03:50:59 INFO: 03:50:59.791 [main] [INFO ] q.l.p.CommandLineTaskRunner$CommandLineProgressMonitor - 1168 nuclei detected (29%)
2024-10-23 03:50:59 INFO: 03:50:59.897 [task-runner-1-22] [INFO ] q.lib.plugins.DetectionPluginTools - 1424 nuclei detected (processing time: 16.84 seconds)
2024-10-23 03:50:59 INFO: 03:50:59.899 [main] [INFO ] q.l.p.CommandLineTaskRunner$CommandLineProgressMonitor - 1424 nuclei detected (29%)
2024-10-23 03:51:00 INFO: 03:51:00.874 [task-runner-1-36] [INFO ] q.lib.plugins.DetectionPluginTools - 2111 nuclei detected (processing time: 17.82 seconds)
2024-10-23 03:51:00 INFO: 03:51:00.875 [main] [INFO ] q.l.p.CommandLineTaskRunner$CommandLineProgressMonitor - 2111 nuclei detected (30%)
2024-10-23 03:51:01 INFO: 03:51:01.636 [task-runner-1-32] [INFO ] q.lib.plugins.DetectionPluginTools - 1 nucleus detected (processing time: 6.13 seconds)
2024-10-23 03:51:01 INFO: 03:51:01.638 [main] [INFO ] q.l.p.CommandLineTaskRunner$CommandLineProgressMonitor - 1 nucleus detected (31%)
2024-10-23 03:51:02 INFO: 03:51:02.185 [task-runner-1-59] [INFO ] q.lib.plugins.DetectionPluginTools - 2835 nuclei detected (processing time: 19.13 seconds)
2024-10-23 03:51:02 INFO: 03:51:02.186 [main] [INFO ] q.l.p.CommandLineTaskRunner$CommandLineProgressMonitor - 2835 nuclei detected (31%)
2024-10-23 03:51:02 INFO: 03:51:02.477 [task-runner-1-8] [INFO ] q.lib.plugins.DetectionPluginTools - 0 nuclei detected (processing time: 6.55 seconds)
2024-10-23 03:51:02 INFO: 03:51:02.479 [main] [INFO ] q.l.p.CommandLineTaskRunner$CommandLineProgressMonitor - 0 nuclei detected (32%)
2024-10-23 03:51:02 INFO: 03:51:02.600 [task-runner-1-41] [INFO ] q.lib.plugins.DetectionPluginTools - 2584 nuclei detected (processing time: 19.55 seconds)
2024-10-23 03:51:02 INFO: 03:51:02.607 [main] [INFO ] q.l.p.CommandLineTaskRunner$CommandLineProgressMonitor - 2584 nuclei detected (33%)
2024-10-23 03:51:03 INFO: 03:51:03.321 [task-runner-1-3] [INFO ] q.lib.plugins.DetectionPluginTools - 117 nuclei detected (processing time: 7.81 seconds)
2024-10-23 03:51:03 INFO: 03:51:03.323 [main] [INFO ] q.l.p.CommandLineTaskRunner$CommandLineProgressMonitor - 117 nuclei detected (33%)
2024-10-23 03:51:03 INFO: 03:51:03.414 [task-runner-1-9] [INFO ] q.lib.plugins.DetectionPluginTools - 387 nuclei detected (processing time: 7.90 seconds)
2024-10-23 03:51:03 INFO: 03:51:03.415 [main] [INFO ] q.l.p.CommandLineTaskRunner$CommandLineProgressMonitor - 387 nuclei detected (34%)
2024-10-23 03:51:03 INFO: 03:51:03.472 [task-runner-1-42] [INFO ] q.lib.plugins.DetectionPluginTools - 2736 nuclei detected (processing time: 20.42 seconds)
2024-10-23 03:51:03 INFO: 03:51:03.473 [main] [INFO ] q.l.p.CommandLineTaskRunner$CommandLineProgressMonitor - 2736 nuclei detected (34%)
2024-10-23 03:51:03 INFO: 03:51:03.529 [task-runner-1-14] [INFO ] q.lib.plugins.DetectionPluginTools - 117 nuclei detected (processing time: 7.60 seconds)
2024-10-23 03:51:03 INFO: 03:51:03.531 [main] [INFO ] q.l.p.CommandLineTaskRunner$CommandLineProgressMonitor - 117 nuclei detected (35%)
2024-10-23 03:51:03 INFO: 03:51:03.624 [task-runner-1-33] [INFO ] q.lib.plugins.DetectionPluginTools - 110 nuclei detected (processing time: 7.41 seconds)
2024-10-23 03:51:03 INFO: 03:51:03.626 [main] [INFO ] q.l.p.CommandLineTaskRunner$CommandLineProgressMonitor - 110 nuclei detected (36%)
2024-10-23 03:51:03 INFO: 03:51:03.628 [task-runner-1-15] [INFO ] q.lib.plugins.DetectionPluginTools - 140 nuclei detected (processing time: 7.70 seconds)
2024-10-23 03:51:03 INFO: 03:51:03.628 [main] [INFO ] q.l.p.CommandLineTaskRunner$CommandLineProgressMonitor - 140 nuclei detected (36%)
2024-10-23 03:51:03 INFO: 03:51:03.670 [task-runner-1-10] [INFO ] q.lib.plugins.DetectionPluginTools - 217 nuclei detected (processing time: 7.75 seconds)
2024-10-23 03:51:03 INFO: 03:51:03.671 [main] [INFO ] q.l.p.CommandLineTaskRunner$CommandLineProgressMonitor - 217 nuclei detected (37%)
2024-10-23 03:51:03 INFO: 03:51:03.882 [task-runner-1-44] [INFO ] q.lib.plugins.DetectionPluginTools - 3 nuclei detected (processing time: 7.65 seconds)
2024-10-23 03:51:03 INFO: 03:51:03.883 [main] [INFO ] q.l.p.CommandLineTaskRunner$CommandLineProgressMonitor - 3 nuclei detected (38%)
2024-10-23 03:51:04 INFO: 03:51:04.005 [task-runner-1-21] [INFO ] q.lib.plugins.DetectionPluginTools - 3815 nuclei detected (processing time: 20.95 seconds)
2024-10-23 03:51:04 INFO: 03:51:04.006 [main] [INFO ] q.l.p.CommandLineTaskRunner$CommandLineProgressMonitor - 3815 nuclei detected (38%)
2024-10-23 03:51:04 INFO: 03:51:04.049 [task-runner-1-40] [INFO ] q.lib.plugins.DetectionPluginTools - 2187 nuclei detected (processing time: 20.99 seconds)
2024-10-23 03:51:04 INFO: 03:51:04.051 [main] [INFO ] q.l.p.CommandLineTaskRunner$CommandLineProgressMonitor - 2187 nuclei detected (39%)
2024-10-23 03:51:04 INFO: 03:51:04.057 [task-runner-1-52] [INFO ] q.lib.plugins.DetectionPluginTools - 2635 nuclei detected (processing time: 21.00 seconds)
2024-10-23 03:51:04 INFO: 03:51:04.058 [main] [INFO ] q.l.p.CommandLineTaskRunner$CommandLineProgressMonitor - 2635 nuclei detected (39%)
2024-10-23 03:51:04 INFO: 03:51:04.106 [task-runner-1-16] [INFO ] q.lib.plugins.DetectionPluginTools - 498 nuclei detected (processing time: 8.58 seconds)
2024-10-23 03:51:04 INFO: 03:51:04.107 [main] [INFO ] q.l.p.CommandLineTaskRunner$CommandLineProgressMonitor - 498 nuclei detected (40%)
2024-10-23 03:51:04 INFO: 03:51:04.867 [task-runner-1-58] [INFO ] q.lib.plugins.DetectionPluginTools - 2781 nuclei detected (processing time: 21.81 seconds)
2024-10-23 03:51:04 INFO: 03:51:04.868 [main] [INFO ] q.l.p.CommandLineTaskRunner$CommandLineProgressMonitor - 2781 nuclei detected (41%)
2024-10-23 03:51:05 INFO: 03:51:05.378 [task-runner-1-39] [INFO ] q.lib.plugins.DetectionPluginTools - 3035 nuclei detected (processing time: 22.32 seconds)
2024-10-23 03:51:05 INFO: 03:51:05.379 [main] [INFO ] q.l.p.CommandLineTaskRunner$CommandLineProgressMonitor - 3035 nuclei detected (41%)
2024-10-23 03:51:05 INFO: 03:51:05.645 [task-runner-1-6] [INFO ] q.lib.plugins.DetectionPluginTools - 870 nuclei detected (processing time: 9.70 seconds)
2024-10-23 03:51:05 INFO: 03:51:05.647 [main] [INFO ] q.l.p.CommandLineTaskRunner$CommandLineProgressMonitor - 870 nuclei detected (42%)
2024-10-23 03:51:06 INFO: 03:51:06.183 [task-runner-1-55] [INFO ] q.lib.plugins.DetectionPluginTools - 3374 nuclei detected (processing time: 23.12 seconds)
2024-10-23 03:51:06 INFO: 03:51:06.183 [main] [INFO ] q.l.p.CommandLineTaskRunner$CommandLineProgressMonitor - 3374 nuclei detected (43%)
2024-10-23 03:51:06 INFO: 03:51:06.258 [task-runner-1-61] [INFO ] q.lib.plugins.DetectionPluginTools - 247 nuclei detected (processing time: 7.28 seconds)
2024-10-23 03:51:06 INFO: 03:51:06.289 [main] [INFO ] q.l.p.CommandLineTaskRunner$CommandLineProgressMonitor - 247 nuclei detected (43%)
2024-10-23 03:51:06 INFO: 03:51:06.799 [task-runner-1-62] [INFO ] q.lib.plugins.DetectionPluginTools - 150 nuclei detected (processing time: 7.87 seconds)
2024-10-23 03:51:06 INFO: 03:51:06.804 [main] [INFO ] q.l.p.CommandLineTaskRunner$CommandLineProgressMonitor - 150 nuclei detected (44%)
2024-10-23 03:51:06 INFO: 03:51:06.893 [task-runner-1-18] [INFO ] q.lib.plugins.DetectionPluginTools - 152 nuclei detected (processing time: 7.98 seconds)
2024-10-23 03:51:06 INFO: 03:51:06.895 [main] [INFO ] q.l.p.CommandLineTaskRunner$CommandLineProgressMonitor - 152 nuclei detected (44%)
2024-10-23 03:51:06 INFO: 03:51:06.965 [task-runner-1-37] [INFO ] q.lib.plugins.DetectionPluginTools - 4555 nuclei detected (processing time: 23.91 seconds)
2024-10-23 03:51:06 INFO: 03:51:06.969 [main] [INFO ] q.l.p.CommandLineTaskRunner$CommandLineProgressMonitor - 4555 nuclei detected (45%)
2024-10-23 03:51:07 INFO: 03:51:07.000 [task-runner-1-2] [INFO ] q.lib.plugins.DetectionPluginTools - 748 nuclei detected (processing time: 11.08 seconds)
2024-10-23 03:51:07 INFO: 03:51:07.002 [main] [INFO ] q.l.p.CommandLineTaskRunner$CommandLineProgressMonitor - 748 nuclei detected (46%)
2024-10-23 03:51:07 INFO: 03:51:07.234 [task-runner-1-36] [INFO ] q.lib.plugins.DetectionPluginTools - 45 nuclei detected (processing time: 6.36 seconds)
2024-10-23 03:51:07 INFO: 03:51:07.240 [main] [INFO ] q.l.p.CommandLineTaskRunner$CommandLineProgressMonitor - 45 nuclei detected (46%)
2024-10-23 03:51:07 INFO: 03:51:07.376 [task-runner-1-38] [INFO ] q.lib.plugins.DetectionPluginTools - 3945 nuclei detected (processing time: 24.32 seconds)
2024-10-23 03:51:07 INFO: 03:51:07.378 [main] [INFO ] q.l.p.CommandLineTaskRunner$CommandLineProgressMonitor - 3945 nuclei detected (47%)
2024-10-23 03:51:07 INFO: 03:51:07.737 [task-runner-1-57] [INFO ] q.lib.plugins.DetectionPluginTools - 3453 nuclei detected (processing time: 24.68 seconds)
2024-10-23 03:51:07 INFO: 03:51:07.740 [main] [INFO ] q.l.p.CommandLineTaskRunner$CommandLineProgressMonitor - 3453 nuclei detected (48%)
2024-10-23 03:51:07 INFO: 03:51:07.766 [task-runner-1-56] [INFO ] q.lib.plugins.DetectionPluginTools - 4172 nuclei detected (processing time: 24.71 seconds)
2024-10-23 03:51:07 INFO: 03:51:07.769 [main] [INFO ] q.l.p.CommandLineTaskRunner$CommandLineProgressMonitor - 4172 nuclei detected (48%)
2024-10-23 03:51:08 INFO: 03:51:08.243 [task-runner-1-32] [INFO ] q.lib.plugins.DetectionPluginTools - 1 nucleus detected (processing time: 6.60 seconds)
2024-10-23 03:51:08 INFO: 03:51:08.248 [main] [INFO ] q.l.p.CommandLineTaskRunner$CommandLineProgressMonitor - 1 nucleus detected (49%)
2024-10-23 03:51:08 INFO: 03:51:08.283 [task-runner-1-19] [INFO ] q.lib.plugins.DetectionPluginTools - 797 nuclei detected (processing time: 12.07 seconds)
2024-10-23 03:51:08 INFO: 03:51:08.285 [main] [INFO ] q.l.p.CommandLineTaskRunner$CommandLineProgressMonitor - 797 nuclei detected (49%)
2024-10-23 03:51:08 INFO: 03:51:08.604 [task-runner-1-54] [INFO ] q.lib.plugins.DetectionPluginTools - 4734 nuclei detected (processing time: 25.55 seconds)
2024-10-23 03:51:08 INFO: 03:51:08.606 [main] [INFO ] q.l.p.CommandLineTaskRunner$CommandLineProgressMonitor - 4734 nuclei detected (50%)
2024-10-23 03:51:09 INFO: 03:51:09.019 [task-runner-1-53] [INFO ] q.lib.plugins.DetectionPluginTools - 6170 nuclei detected (processing time: 25.96 seconds)
2024-10-23 03:51:09 INFO: 03:51:09.023 [main] [INFO ] q.l.p.CommandLineTaskRunner$CommandLineProgressMonitor - 6170 nuclei detected (51%)
2024-10-23 03:51:09 INFO: 03:51:09.875 [task-runner-1-59] [INFO ] q.lib.plugins.DetectionPluginTools - 343 nuclei detected (processing time: 7.69 seconds)
2024-10-23 03:51:09 INFO: 03:51:09.876 [main] [INFO ] q.l.p.CommandLineTaskRunner$CommandLineProgressMonitor - 343 nuclei detected (51%)
2024-10-23 03:51:09 INFO: 03:51:09.979 [task-runner-1-47] [INFO ] q.lib.plugins.DetectionPluginTools - 1478 nuclei detected (processing time: 14.06 seconds)
2024-10-23 03:51:09 INFO: 03:51:09.982 [main] [INFO ] q.l.p.CommandLineTaskRunner$CommandLineProgressMonitor - 1478 nuclei detected (52%)
2024-10-23 03:51:10 INFO: 03:51:10.252 [task-runner-1-16] [INFO ] q.lib.plugins.DetectionPluginTools - 0 nuclei detected (processing time: 6.15 seconds)
2024-10-23 03:51:10 INFO: 03:51:10.256 [main] [INFO ] q.l.p.CommandLineTaskRunner$CommandLineProgressMonitor - 0 nuclei detected (53%)
2024-10-23 03:51:10 INFO: 03:51:10.460 [task-runner-1-8] [INFO ] q.lib.plugins.DetectionPluginTools - 263 nuclei detected (processing time: 7.98 seconds)
2024-10-23 03:51:10 INFO: 03:51:10.462 [main] [INFO ] q.l.p.CommandLineTaskRunner$CommandLineProgressMonitor - 263 nuclei detected (53%)
2024-10-23 03:51:11 INFO: 03:51:11.578 [task-runner-1-58] [INFO ] q.lib.plugins.DetectionPluginTools - 0 nuclei detected (processing time: 6.71 seconds)
2024-10-23 03:51:11 INFO: 03:51:11.580 [main] [INFO ] q.l.p.CommandLineTaskRunner$CommandLineProgressMonitor - 0 nuclei detected (54%)
2024-10-23 03:51:12 INFO: 03:51:12.193 [task-runner-1-41] [INFO ] q.lib.plugins.DetectionPluginTools - 310 nuclei detected (processing time: 9.59 seconds)
2024-10-23 03:51:12 INFO: 03:51:12.195 [main] [INFO ] q.l.p.CommandLineTaskRunner$CommandLineProgressMonitor - 310 nuclei detected (54%)
2024-10-23 03:51:12 INFO: 03:51:12.415 [task-runner-1-37] [INFO ] q.lib.plugins.DetectionPluginTools - 0 nuclei detected (processing time: 5.44 seconds)
2024-10-23 03:51:12 INFO: 03:51:12.416 [main] [INFO ] q.l.p.CommandLineTaskRunner$CommandLineProgressMonitor - 0 nuclei detected (55%)
2024-10-23 03:51:12 INFO: 03:51:12.505 [task-runner-1-6] [INFO ] q.lib.plugins.DetectionPluginTools - 81 nuclei detected (processing time: 6.86 seconds)
2024-10-23 03:51:12 INFO: 03:51:12.507 [main] [INFO ] q.l.p.CommandLineTaskRunner$CommandLineProgressMonitor - 81 nuclei detected (56%)
2024-10-23 03:51:12 INFO: 03:51:12.512 [task-runner-1-61] [INFO ] q.lib.plugins.DetectionPluginTools - 3 nuclei detected (processing time: 6.22 seconds)
2024-10-23 03:51:12 INFO: 03:51:12.513 [main] [INFO ] q.l.p.CommandLineTaskRunner$CommandLineProgressMonitor - 3 nuclei detected (56%)
2024-10-23 03:51:12 INFO: 03:51:12.961 [task-runner-1-18] [INFO ] q.lib.plugins.DetectionPluginTools - 0 nuclei detected (processing time: 6.07 seconds)
2024-10-23 03:51:12 INFO: 03:51:12.962 [main] [INFO ] q.l.p.CommandLineTaskRunner$CommandLineProgressMonitor - 0 nuclei detected (57%)
2024-10-23 03:51:13 INFO: 03:51:13.029 [task-runner-1-2] [INFO ] q.lib.plugins.DetectionPluginTools - 0 nuclei detected (processing time: 6.03 seconds)
2024-10-23 03:51:13 INFO: 03:51:13.109 [task-runner-1-39] [INFO ] q.lib.plugins.DetectionPluginTools - 112 nuclei detected (processing time: 7.73 seconds)
2024-10-23 03:51:13 INFO: 03:51:13.111 [main] [INFO ] q.l.p.CommandLineTaskRunner$CommandLineProgressMonitor - 112 nuclei detected (58%)
2024-10-23 03:51:13 INFO: 03:51:13.154 [task-runner-1-36] [INFO ] q.lib.plugins.DetectionPluginTools - 24 nuclei detected (processing time: 5.92 seconds)
2024-10-23 03:51:13 INFO: 03:51:13.155 [main] [INFO ] q.l.p.CommandLineTaskRunner$CommandLineProgressMonitor - 24 nuclei detected (59%)
2024-10-23 03:51:13 INFO: 03:51:13.317 [task-runner-1-62] [INFO ] q.lib.plugins.DetectionPluginTools - 12 nuclei detected (processing time: 6.51 seconds)
2024-10-23 03:51:13 INFO: 03:51:13.320 [main] [INFO ] q.l.p.CommandLineTaskRunner$CommandLineProgressMonitor - 12 nuclei detected (59%)
2024-10-23 03:51:13 INFO: 03:51:13.673 [task-runner-1-55] [INFO ] q.lib.plugins.DetectionPluginTools - 111 nuclei detected (processing time: 7.49 seconds)
2024-10-23 03:51:13 INFO: 03:51:13.678 [main] [INFO ] q.l.p.CommandLineTaskRunner$CommandLineProgressMonitor - 111 nuclei detected (60%)
2024-10-23 03:51:13 INFO: 03:51:13.752 [task-runner-1-38] [INFO ] q.lib.plugins.DetectionPluginTools - 364 nuclei detected (processing time: 6.37 seconds)
2024-10-23 03:51:13 INFO: 03:51:13.754 [main] [INFO ] q.l.p.CommandLineTaskRunner$CommandLineProgressMonitor - 364 nuclei detected (61%)
2024-10-23 03:51:13 INFO: 03:51:13.783 [task-runner-1-22] [INFO ] q.lib.plugins.DetectionPluginTools - 2336 nuclei detected (processing time: 13.88 seconds)
2024-10-23 03:51:13 INFO: 03:51:13.785 [main] [INFO ] q.l.p.CommandLineTaskRunner$CommandLineProgressMonitor - 2336 nuclei detected (61%)
2024-10-23 03:51:14 INFO: 03:51:14.151 [task-runner-1-52] [INFO ] q.lib.plugins.DetectionPluginTools - 1131 nuclei detected (processing time: 10.09 seconds)
2024-10-23 03:51:14 INFO: 03:51:14.152 [main] [INFO ] q.l.p.CommandLineTaskRunner$CommandLineProgressMonitor - 1131 nuclei detected (62%)
2024-10-23 03:51:14 INFO: 03:51:14.257 [task-runner-1-19] [INFO ] q.lib.plugins.DetectionPluginTools - 0 nuclei detected (processing time: 5.97 seconds)
2024-10-23 03:51:14 INFO: 03:51:14.259 [main] [INFO ] q.l.p.CommandLineTaskRunner$CommandLineProgressMonitor - 0 nuclei detected (63%)
2024-10-23 03:51:14 INFO: 03:51:14.505 [task-runner-1-54] [INFO ] q.lib.plugins.DetectionPluginTools - 0 nuclei detected (processing time: 5.90 seconds)
2024-10-23 03:51:14 INFO: 03:51:14.622 [task-runner-1-12] [INFO ] q.lib.plugins.DetectionPluginTools - 2817 nuclei detected (processing time: 18.71 seconds)
2024-10-23 03:51:14 INFO: 03:51:14.624 [main] [INFO ] q.l.p.CommandLineTaskRunner$CommandLineProgressMonitor - 2817 nuclei detected (64%)
2024-10-23 03:51:14 INFO: 03:51:14.763 [task-runner-1-53] [INFO ] q.lib.plugins.DetectionPluginTools - 0 nuclei detected (processing time: 5.74 seconds)
2024-10-23 03:51:14 INFO: 03:51:14.764 [main] [INFO ] q.l.p.CommandLineTaskRunner$CommandLineProgressMonitor - 0 nuclei detected (64%)
2024-10-23 03:51:15 INFO: 03:51:15.597 [task-runner-1-59] [INFO ] q.lib.plugins.DetectionPluginTools - 8 nuclei detected (processing time: 5.72 seconds)
2024-10-23 03:51:15 INFO: 03:51:15.598 [main] [INFO ] q.l.p.CommandLineTaskRunner$CommandLineProgressMonitor - 8 nuclei detected (65%)
2024-10-23 03:51:15 INFO: 03:51:15.943 [task-runner-1-13] [INFO ] q.lib.plugins.DetectionPluginTools - 3225 nuclei detected (processing time: 20.00 seconds)
2024-10-23 03:51:15 INFO: 03:51:15.944 [main] [INFO ] q.l.p.CommandLineTaskRunner$CommandLineProgressMonitor - 3225 nuclei detected (66%)
2024-10-23 03:51:16 INFO: 03:51:16.130 [task-runner-1-16] [INFO ] q.lib.plugins.DetectionPluginTools - 0 nuclei detected (processing time: 5.87 seconds)
2024-10-23 03:51:16 INFO: 03:51:16.131 [main] [INFO ] q.l.p.CommandLineTaskRunner$CommandLineProgressMonitor - 0 nuclei detected (66%)
2024-10-23 03:51:16 INFO: 03:51:16.161 [task-runner-1-47] [INFO ] q.lib.plugins.DetectionPluginTools - 1 nucleus detected (processing time: 6.18 seconds)
2024-10-23 03:51:16 INFO: 03:51:16.162 [main] [INFO ] q.l.p.CommandLineTaskRunner$CommandLineProgressMonitor - 1 nucleus detected (67%)
2024-10-23 03:51:16 INFO: 03:51:16.578 [task-runner-1-8] [INFO ] q.lib.plugins.DetectionPluginTools - 1 nucleus detected (processing time: 6.12 seconds)
2024-10-23 03:51:16 INFO: 03:51:16.579 [main] [INFO ] q.l.p.CommandLineTaskRunner$CommandLineProgressMonitor - 1 nucleus detected (68%)
2024-10-23 03:51:16 INFO: 03:51:16.736 [task-runner-1-14] [INFO ] q.lib.plugins.DetectionPluginTools - 1400 nuclei detected (processing time: 13.21 seconds)
2024-10-23 03:51:16 INFO: 03:51:16.736 [main] [INFO ] q.l.p.CommandLineTaskRunner$CommandLineProgressMonitor - 1400 nuclei detected (68%)
2024-10-23 03:51:16 INFO: 03:51:16.892 [task-runner-1-49] [INFO ] q.lib.plugins.DetectionPluginTools - 2592 nuclei detected (processing time: 20.75 seconds)
2024-10-23 03:51:16 INFO: 03:51:16.892 [main] [INFO ] q.l.p.CommandLineTaskRunner$CommandLineProgressMonitor - 2592 nuclei detected (69%)
2024-10-23 03:51:17 INFO: 03:51:17.101 [task-runner-1-30] [INFO ] q.lib.plugins.DetectionPluginTools - 3433 nuclei detected (processing time: 21.18 seconds)
2024-10-23 03:51:17 INFO: 03:51:17.102 [main] [INFO ] q.l.p.CommandLineTaskRunner$CommandLineProgressMonitor - 3433 nuclei detected (69%)
2024-10-23 03:51:17 INFO: 03:51:17.218 [task-runner-1-58] [INFO ] q.lib.plugins.DetectionPluginTools - 1 nucleus detected (processing time: 5.64 seconds)
2024-10-23 03:51:17 INFO: 03:51:17.218 [main] [INFO ] q.l.p.CommandLineTaskRunner$CommandLineProgressMonitor - 1 nucleus detected (70%)
2024-10-23 03:51:17 INFO: 03:51:17.317 [task-runner-1-39] [INFO ] q.lib.plugins.DetectionPluginTools - 0 nuclei detected (processing time: 4.21 seconds)
2024-10-23 03:51:17 INFO: 03:51:17.318 [main] [INFO ] q.l.p.CommandLineTaskRunner$CommandLineProgressMonitor - 0 nuclei detected (71%)
2024-10-23 03:51:17 INFO: 03:51:17.573 [task-runner-1-27] [INFO ] q.lib.plugins.DetectionPluginTools - 3799 nuclei detected (processing time: 21.66 seconds)
2024-10-23 03:51:17 INFO: 03:51:17.574 [main] [INFO ] q.l.p.CommandLineTaskRunner$CommandLineProgressMonitor - 3799 nuclei detected (71%)
2024-10-23 03:51:17 INFO: 03:51:17.642 [task-runner-1-31] [INFO ] q.lib.plugins.DetectionPluginTools - 3547 nuclei detected (processing time: 21.69 seconds)
2024-10-23 03:51:17 INFO: 03:51:17.643 [main] [INFO ] q.l.p.CommandLineTaskRunner$CommandLineProgressMonitor - 3547 nuclei detected (72%)
2024-10-23 03:51:17 INFO: 03:51:17.724 [task-runner-1-11] [INFO ] q.lib.plugins.DetectionPluginTools - 3561 nuclei detected (processing time: 21.81 seconds)
2024-10-23 03:51:17 INFO: 03:51:17.725 [main] [INFO ] q.l.p.CommandLineTaskRunner$CommandLineProgressMonitor - 3561 nuclei detected (73%)
2024-10-23 03:51:17 INFO: 03:51:17.809 [task-runner-1-63] [INFO ] q.lib.plugins.DetectionPluginTools - 3035 nuclei detected (processing time: 21.68 seconds)
2024-10-23 03:51:17 INFO: 03:51:17.809 [main] [INFO ] q.l.p.CommandLineTaskRunner$CommandLineProgressMonitor - 3035 nuclei detected (73%)
2024-10-23 03:51:17 INFO: 03:51:17.839 [task-runner-1-38] [INFO ] q.lib.plugins.DetectionPluginTools - 0 nuclei detected (processing time: 4.09 seconds)
2024-10-23 03:51:17 INFO: 03:51:17.839 [main] [INFO ] q.l.p.CommandLineTaskRunner$CommandLineProgressMonitor - 0 nuclei detected (74%)
2024-10-23 03:51:17 INFO: 03:51:17.878 [task-runner-1-42] [INFO ] q.lib.plugins.DetectionPluginTools - 1375 nuclei detected (processing time: 14.40 seconds)
2024-10-23 03:51:17 INFO: 03:51:17.878 [main] [INFO ] q.l.p.CommandLineTaskRunner$CommandLineProgressMonitor - 1375 nuclei detected (74%)
2024-10-23 03:51:17 INFO: 03:51:17.989 [task-runner-1-7] [INFO ] q.lib.plugins.DetectionPluginTools - 4209 nuclei detected (processing time: 22.08 seconds)
2024-10-23 03:51:17 INFO: 03:51:17.990 [main] [INFO ] q.l.p.CommandLineTaskRunner$CommandLineProgressMonitor - 4209 nuclei detected (75%)
2024-10-23 03:51:18 INFO: 03:51:18.074 [task-runner-1-5] [INFO ] q.lib.plugins.DetectionPluginTools - 4369 nuclei detected (processing time: 21.98 seconds)
2024-10-23 03:51:18 INFO: 03:51:18.075 [main] [INFO ] q.l.p.CommandLineTaskRunner$CommandLineProgressMonitor - 4369 nuclei detected (76%)
2024-10-23 03:51:18 INFO: 03:51:18.083 [task-runner-1-18] [INFO ] q.lib.plugins.DetectionPluginTools - 1 nucleus detected (processing time: 5.12 seconds)
2024-10-23 03:51:18 INFO: 03:51:18.084 [main] [INFO ] q.l.p.CommandLineTaskRunner$CommandLineProgressMonitor - 1 nucleus detected (76%)
2024-10-23 03:51:18 INFO: 03:51:18.087 [task-runner-1-36] [INFO ] q.lib.plugins.DetectionPluginTools - 0 nuclei detected (processing time: 4.93 seconds)
2024-10-23 03:51:18 INFO: 03:51:18.088 [main] [INFO ] q.l.p.CommandLineTaskRunner$CommandLineProgressMonitor - 0 nuclei detected (77%)
2024-10-23 03:51:18 INFO: 03:51:18.128 [task-runner-1-57] [INFO ] q.lib.plugins.DetectionPluginTools - 1587 nuclei detected (processing time: 10.39 seconds)
2024-10-23 03:51:18 INFO: 03:51:18.129 [main] [INFO ] q.l.p.CommandLineTaskRunner$CommandLineProgressMonitor - 1587 nuclei detected (78%)
2024-10-23 03:51:18 INFO: 03:51:18.156 [task-runner-1-17] [INFO ] q.lib.plugins.DetectionPluginTools - 4148 nuclei detected (processing time: 22.24 seconds)
2024-10-23 03:51:18 INFO: 03:51:18.157 [main] [INFO ] q.l.p.CommandLineTaskRunner$CommandLineProgressMonitor - 4148 nuclei detected (78%)
2024-10-23 03:51:18 INFO: 03:51:18.229 [task-runner-1-37] [INFO ] q.lib.plugins.DetectionPluginTools - 1 nucleus detected (processing time: 5.81 seconds)
2024-10-23 03:51:18 INFO: 03:51:18.230 [main] [INFO ] q.l.p.CommandLineTaskRunner$CommandLineProgressMonitor - 1 nucleus detected (79%)
2024-10-23 03:51:18 INFO: 03:51:18.276 [task-runner-1-62] [INFO ] q.lib.plugins.DetectionPluginTools - 0 nuclei detected (processing time: 4.96 seconds)
2024-10-23 03:51:18 INFO: 03:51:18.276 [main] [INFO ] q.l.p.CommandLineTaskRunner$CommandLineProgressMonitor - 0 nuclei detected (79%)
2024-10-23 03:51:18 INFO: 03:51:18.280 [task-runner-1-2] [INFO ] q.lib.plugins.DetectionPluginTools - 0 nuclei detected (processing time: 5.25 seconds)
2024-10-23 03:51:18 INFO: 03:51:18.281 [main] [INFO ] q.l.p.CommandLineTaskRunner$CommandLineProgressMonitor - 0 nuclei detected (80%)
2024-10-23 03:51:18 INFO: 03:51:18.319 [task-runner-1-35] [INFO ] q.lib.plugins.DetectionPluginTools - 2735 nuclei detected (processing time: 19.30 seconds)
2024-10-23 03:51:18 INFO: 03:51:18.319 [main] [INFO ] q.l.p.CommandLineTaskRunner$CommandLineProgressMonitor - 2735 nuclei detected (81%)
2024-10-23 03:51:18 INFO: 03:51:18.337 [task-runner-1-45] [INFO ] q.lib.plugins.DetectionPluginTools - 3207 nuclei detected (processing time: 22.22 seconds)
2024-10-23 03:51:18 INFO: 03:51:18.338 [main] [INFO ] q.l.p.CommandLineTaskRunner$CommandLineProgressMonitor - 3207 nuclei detected (81%)
2024-10-23 03:51:18 INFO: 03:51:18.380 [task-runner-1-61] [INFO ] q.lib.plugins.DetectionPluginTools - 0 nuclei detected (processing time: 5.87 seconds)
2024-10-23 03:51:18 INFO: 03:51:18.380 [main] [INFO ] q.l.p.CommandLineTaskRunner$CommandLineProgressMonitor - 0 nuclei detected (82%)
2024-10-23 03:51:18 INFO: 03:51:18.402 [task-runner-1-41] [INFO ] q.lib.plugins.DetectionPluginTools - 0 nuclei detected (processing time: 6.21 seconds)
2024-10-23 03:51:18 INFO: 03:51:18.402 [main] [INFO ] q.l.p.CommandLineTaskRunner$CommandLineProgressMonitor - 0 nuclei detected (83%)
2024-10-23 03:51:18 INFO: 03:51:18.569 [task-runner-1-6] [INFO ] q.lib.plugins.DetectionPluginTools - 1 nucleus detected (processing time: 6.06 seconds)
2024-10-23 03:51:18 INFO: 03:51:18.570 [main] [INFO ] q.l.p.CommandLineTaskRunner$CommandLineProgressMonitor - 1 nucleus detected (83%)
2024-10-23 03:51:18 INFO: 03:51:18.665 [task-runner-1-3] [INFO ] q.lib.plugins.DetectionPluginTools - 1192 nuclei detected (processing time: 15.34 seconds)
2024-10-23 03:51:18 INFO: 03:51:18.666 [main] [INFO ] q.l.p.CommandLineTaskRunner$CommandLineProgressMonitor - 1192 nuclei detected (84%)
2024-10-23 03:51:18 INFO: 03:51:18.754 [task-runner-1-9] [INFO ] q.lib.plugins.DetectionPluginTools - 2138 nuclei detected (processing time: 15.34 seconds)
2024-10-23 03:51:18 INFO: 03:51:18.754 [main] [INFO ] q.l.p.CommandLineTaskRunner$CommandLineProgressMonitor - 2138 nuclei detected (84%)
2024-10-23 03:51:18 INFO: 03:51:18.772 [task-runner-1-28] [INFO ] q.lib.plugins.DetectionPluginTools - 3952 nuclei detected (processing time: 22.73 seconds)
2024-10-23 03:51:18 INFO: 03:51:18.773 [main] [INFO ] q.l.p.CommandLineTaskRunner$CommandLineProgressMonitor - 3952 nuclei detected (85%)
2024-10-23 03:51:18 INFO: 03:51:18.783 [task-runner-1-26] [INFO ] q.lib.plugins.DetectionPluginTools - 4318 nuclei detected (processing time: 22.73 seconds)
2024-10-23 03:51:18 INFO: 03:51:18.784 [main] [INFO ] q.l.p.CommandLineTaskRunner$CommandLineProgressMonitor - 4318 nuclei detected (86%)
2024-10-23 03:51:18 INFO: 03:51:18.892 [task-runner-1-55] [INFO ] q.lib.plugins.DetectionPluginTools - 0 nuclei detected (processing time: 5.21 seconds)
2024-10-23 03:51:18 INFO: 03:51:18.893 [main] [INFO ] q.l.p.CommandLineTaskRunner$CommandLineProgressMonitor - 0 nuclei detected (86%)
2024-10-23 03:51:18 INFO: 03:51:18.899 [task-runner-1-50] [INFO ] q.lib.plugins.DetectionPluginTools - 2832 nuclei detected (processing time: 19.81 seconds)
2024-10-23 03:51:18 INFO: 03:51:18.899 [main] [INFO ] q.l.p.CommandLineTaskRunner$CommandLineProgressMonitor - 2832 nuclei detected (87%)
2024-10-23 03:51:19 INFO: 03:51:19.021 [task-runner-1-25] [INFO ] q.lib.plugins.DetectionPluginTools - 3748 nuclei detected (processing time: 19.96 seconds)
2024-10-23 03:51:19 INFO: 03:51:19.022 [main] [INFO ] q.l.p.CommandLineTaskRunner$CommandLineProgressMonitor - 3748 nuclei detected (88%)
2024-10-23 03:51:19 INFO: 03:51:19.031 [task-runner-1-46] [INFO ] q.lib.plugins.DetectionPluginTools - 3726 nuclei detected (processing time: 22.93 seconds)
2024-10-23 03:51:19 INFO: 03:51:19.031 [main] [INFO ] q.l.p.CommandLineTaskRunner$CommandLineProgressMonitor - 3726 nuclei detected (88%)
2024-10-23 03:51:19 INFO: 03:51:19.051 [task-runner-1-48] [INFO ] q.lib.plugins.DetectionPluginTools - 4432 nuclei detected (processing time: 23.14 seconds)
2024-10-23 03:51:19 INFO: 03:51:19.051 [main] [INFO ] q.l.p.CommandLineTaskRunner$CommandLineProgressMonitor - 4432 nuclei detected (89%)
2024-10-23 03:51:19 INFO: 03:51:19.156 [task-runner-1-4] [INFO ] q.lib.plugins.DetectionPluginTools - 5548 nuclei detected (processing time: 23.24 seconds)
2024-10-23 03:51:19 INFO: 03:51:19.157 [main] [INFO ] q.l.p.CommandLineTaskRunner$CommandLineProgressMonitor - 5548 nuclei detected (89%)
2024-10-23 03:51:19 INFO: 03:51:19.286 [task-runner-1-1] [INFO ] q.lib.plugins.DetectionPluginTools - 6771 nuclei detected (processing time: 23.37 seconds)
2024-10-23 03:51:19 INFO: 03:51:19.287 [main] [INFO ] q.l.p.CommandLineTaskRunner$CommandLineProgressMonitor - 6771 nuclei detected (90%)
2024-10-23 03:51:19 INFO: 03:51:19.349 [task-runner-1-33] [INFO ] q.lib.plugins.DetectionPluginTools - 3124 nuclei detected (processing time: 15.72 seconds)
2024-10-23 03:51:19 INFO: 03:51:19.350 [main] [INFO ] q.l.p.CommandLineTaskRunner$CommandLineProgressMonitor - 3124 nuclei detected (91%)
2024-10-23 03:51:19 INFO: 03:51:19.486 [task-runner-1-56] [INFO ] q.lib.plugins.DetectionPluginTools - 2401 nuclei detected (processing time: 11.72 seconds)
2024-10-23 03:51:19 INFO: 03:51:19.486 [main] [INFO ] q.l.p.CommandLineTaskRunner$CommandLineProgressMonitor - 2401 nuclei detected (91%)
2024-10-23 03:51:19 INFO: 03:51:19.527 [task-runner-1-34] [INFO ] q.lib.plugins.DetectionPluginTools - 2983 nuclei detected (processing time: 20.16 seconds)
2024-10-23 03:51:19 INFO: 03:51:19.527 [main] [INFO ] q.l.p.CommandLineTaskRunner$CommandLineProgressMonitor - 2983 nuclei detected (92%)
2024-10-23 03:51:19 INFO: 03:51:19.551 [task-runner-1-29] [INFO ] q.lib.plugins.DetectionPluginTools - 4631 nuclei detected (processing time: 23.60 seconds)
2024-10-23 03:51:19 INFO: 03:51:19.551 [main] [INFO ] q.l.p.CommandLineTaskRunner$CommandLineProgressMonitor - 4631 nuclei detected (93%)
2024-10-23 03:51:19 INFO: 03:51:19.621 [task-runner-1-51] [INFO ] q.lib.plugins.DetectionPluginTools - 3772 nuclei detected (processing time: 20.02 seconds)
2024-10-23 03:51:19 INFO: 03:51:19.621 [main] [INFO ] q.l.p.CommandLineTaskRunner$CommandLineProgressMonitor - 3772 nuclei detected (93%)
2024-10-23 03:51:19 INFO: 03:51:19.756 [task-runner-1-32] [INFO ] q.lib.plugins.DetectionPluginTools - 2832 nuclei detected (processing time: 11.51 seconds)
2024-10-23 03:51:19 INFO: 03:51:19.756 [main] [INFO ] q.l.p.CommandLineTaskRunner$CommandLineProgressMonitor - 2832 nuclei detected (94%)
2024-10-23 03:51:19 INFO: 03:51:19.864 [task-runner-1-24] [INFO ] q.lib.plugins.DetectionPluginTools - 4186 nuclei detected (processing time: 20.11 seconds)
2024-10-23 03:51:19 INFO: 03:51:19.865 [main] [INFO ] q.l.p.CommandLineTaskRunner$CommandLineProgressMonitor - 4186 nuclei detected (94%)
2024-10-23 03:51:20 INFO: 03:51:20.051 [task-runner-1-20] [INFO ] q.lib.plugins.DetectionPluginTools - 3859 nuclei detected (processing time: 20.61 seconds)
2024-10-23 03:51:20 INFO: 03:51:20.052 [main] [INFO ] q.l.p.CommandLineTaskRunner$CommandLineProgressMonitor - 3859 nuclei detected (95%)
2024-10-23 03:51:20 INFO: 03:51:20.094 [task-runner-1-43] [INFO ] q.lib.plugins.DetectionPluginTools - 3813 nuclei detected (processing time: 20.38 seconds)
2024-10-23 03:51:20 INFO: 03:51:20.094 [main] [INFO ] q.l.p.CommandLineTaskRunner$CommandLineProgressMonitor - 3813 nuclei detected (96%)
2024-10-23 03:51:20 INFO: 03:51:20.172 [task-runner-1-60] [INFO ] q.lib.plugins.DetectionPluginTools - 5430 nuclei detected (processing time: 20.38 seconds)
2024-10-23 03:51:20 INFO: 03:51:20.172 [main] [INFO ] q.l.p.CommandLineTaskRunner$CommandLineProgressMonitor - 5430 nuclei detected (96%)
2024-10-23 03:51:20 INFO: 03:51:20.383 [task-runner-1-23] [INFO ] q.lib.plugins.DetectionPluginTools - 4889 nuclei detected (processing time: 20.67 seconds)
2024-10-23 03:51:20 INFO: 03:51:20.384 [main] [INFO ] q.l.p.CommandLineTaskRunner$CommandLineProgressMonitor - 4889 nuclei detected (97%)
2024-10-23 03:51:20 INFO: 03:51:20.601 [task-runner-1-15] [INFO ] q.lib.plugins.DetectionPluginTools - 4068 nuclei detected (processing time: 16.97 seconds)
2024-10-23 03:51:20 INFO: 03:51:20.601 [main] [INFO ] q.l.p.CommandLineTaskRunner$CommandLineProgressMonitor - 4068 nuclei detected (98%)
2024-10-23 03:51:20 INFO: 03:51:20.907 [task-runner-1-10] [INFO ] q.lib.plugins.DetectionPluginTools - 5346 nuclei detected (processing time: 17.24 seconds)
2024-10-23 03:51:20 INFO: 03:51:20.908 [main] [INFO ] q.l.p.CommandLineTaskRunner$CommandLineProgressMonitor - 5346 nuclei detected (98%)
2024-10-23 03:51:21 INFO: 03:51:21.032 [task-runner-1-21] [INFO ] q.lib.plugins.DetectionPluginTools - 5848 nuclei detected (processing time: 17.03 seconds)
2024-10-23 03:51:21 INFO: 03:51:21.032 [main] [INFO ] q.l.p.CommandLineTaskRunner$CommandLineProgressMonitor - 5848 nuclei detected (99%)
2024-10-23 03:51:21 INFO: 03:51:21.297 [task-runner-1-40] [INFO ] q.lib.plugins.DetectionPluginTools - 4886 nuclei detected (processing time: 17.25 seconds)
2024-10-23 03:51:21 INFO: 03:51:21.297 [main] [INFO ] q.l.p.CommandLineTaskRunner$CommandLineProgressMonitor - 4886 nuclei detected (99%)
2024-10-23 03:51:21 INFO: 03:51:21.673 [task-runner-1-44] [INFO ] q.lib.plugins.DetectionPluginTools - 5766 nuclei detected (processing time: 17.79 seconds)
2024-10-23 03:51:21 INFO: 03:51:21.674 [main] [INFO ] q.l.p.CommandLineTaskRunner$CommandLineProgressMonitor - 5766 nuclei detected (100%)
2024-10-23 03:51:21 INFO: 03:51:21.674 [main] [INFO ] q.l.p.CommandLineTaskRunner$CommandLineProgressMonitor - Processing complete in 38.63 seconds
2024-10-23 03:51:21 INFO: 03:51:21.674 [main] [INFO ] q.l.p.CommandLineTaskRunner$CommandLineProgressMonitor - Tasks completed!
2024-10-23 03:51:30 INFO: 03:51:30.944 [main] [WARN ] q.l.p.objects.SmoothFeaturesPlugin - Smoothing using annotations
2024-10-23 03:51:34 INFO: 03:51:34.756 [main] [INFO ] q.l.p.CommandLineTaskRunner$CommandLineProgressMonitor - Completed (100%)
2024-10-23 03:51:34 INFO: 03:51:34.756 [main] [INFO ] q.l.p.CommandLineTaskRunner$CommandLineProgressMonitor - Processing complete in 3.81 seconds
2024-10-23 03:51:34 INFO: 03:51:34.756 [main] [INFO ] q.l.p.CommandLineTaskRunner$CommandLineProgressMonitor - Tasks completed!
2024-10-23 03:51:34 INFO: 03:51:34.758 [main] [WARN ] q.l.p.objects.SmoothFeaturesPlugin - Smoothing using annotations
2024-10-23 03:51:41 INFO: 03:51:41.465 [main] [INFO ] q.l.p.CommandLineTaskRunner$CommandLineProgressMonitor - Completed (100%)
2024-10-23 03:51:41 INFO: 03:51:41.466 [main] [INFO ] q.l.p.CommandLineTaskRunner$CommandLineProgressMonitor - Processing complete in 6.71 seconds
2024-10-23 03:51:41 INFO: 03:51:41.466 [main] [INFO ] q.l.p.CommandLineTaskRunner$CommandLineProgressMonitor - Tasks completed!
2024-10-23 03:51:41 INFO: 03:51:41.468 [main] [WARN ] q.l.p.objects.SmoothFeaturesPlugin - Smoothing using annotations
2024-10-23 03:51:59 INFO: 03:51:59.888 [main] [INFO ] q.l.p.CommandLineTaskRunner$CommandLineProgressMonitor - Completed (100%)
2024-10-23 03:51:59 INFO: 03:51:59.888 [main] [INFO ] q.l.p.CommandLineTaskRunner$CommandLineProgressMonitor - Processing complete in 18.42 seconds
2024-10-23 03:51:59 INFO: 03:51:59.888 [main] [INFO ] q.l.p.CommandLineTaskRunner$CommandLineProgressMonitor - Tasks completed!
2024-10-23 03:52:00 INFO: 03:52:00.094 [task-runner-5-2] [INFO ] q.l.a.IntensityFeaturesPlugin - Splitting Rectangle (0, 0, 63784, 39311) into 40 tiles for intensity measurements
2024-10-23 03:52:00 INFO: 03:52:00.314 [main] [INFO ] q.l.p.CommandLineTaskRunner$CommandLineProgressMonitor - Completed (0%)
2024-10-23 03:52:01 INFO: 03:52:01.088 [main] [INFO ] q.l.p.CommandLineTaskRunner$CommandLineProgressMonitor - Completed (1%)
2024-10-23 03:52:01 INFO: 03:52:01.409 [main] [INFO ] q.l.p.CommandLineTaskRunner$CommandLineProgressMonitor - Completed (2%)
2024-10-23 03:52:01 INFO: 03:52:01.660 [main] [INFO ] q.l.p.CommandLineTaskRunner$CommandLineProgressMonitor - Completed (3%)
2024-10-23 03:52:01 INFO: 03:52:01.800 [main] [INFO ] q.l.p.CommandLineTaskRunner$CommandLineProgressMonitor - Completed (4%)
2024-10-23 03:52:01 INFO: 03:52:01.949 [main] [INFO ] q.l.p.CommandLineTaskRunner$CommandLineProgressMonitor - Completed (5%)
2024-10-23 03:52:02 INFO: 03:52:02.389 [main] [INFO ] q.l.p.CommandLineTaskRunner$CommandLineProgressMonitor - Completed (6%)
2024-10-23 03:52:02 INFO: 03:52:02.499 [main] [INFO ] q.l.p.CommandLineTaskRunner$CommandLineProgressMonitor - Completed (7%)
2024-10-23 03:52:02 INFO: 03:52:02.601 [main] [INFO ] q.l.p.CommandLineTaskRunner$CommandLineProgressMonitor - Completed (8%)
2024-10-23 03:52:02 INFO: 03:52:02.704 [main] [INFO ] q.l.p.CommandLineTaskRunner$CommandLineProgressMonitor - Completed (9%)
2024-10-23 03:52:02 INFO: 03:52:02.806 [main] [INFO ] q.l.p.CommandLineTaskRunner$CommandLineProgressMonitor - Completed (10%)
2024-10-23 03:52:03 INFO: 03:52:03.263 [main] [INFO ] q.l.p.CommandLineTaskRunner$CommandLineProgressMonitor - Completed (11%)
2024-10-23 03:52:03 INFO: 03:52:03.374 [main] [INFO ] q.l.p.CommandLineTaskRunner$CommandLineProgressMonitor - Completed (12%)
2024-10-23 03:52:03 INFO: 03:52:03.481 [main] [INFO ] q.l.p.CommandLineTaskRunner$CommandLineProgressMonitor - Completed (13%)
2024-10-23 03:52:03 INFO: 03:52:03.595 [main] [INFO ] q.l.p.CommandLineTaskRunner$CommandLineProgressMonitor - Completed (14%)
2024-10-23 03:52:03 INFO: 03:52:03.753 [main] [INFO ] q.l.p.CommandLineTaskRunner$CommandLineProgressMonitor - Completed (15%)
2024-10-23 03:52:03 INFO: 03:52:03.855 [main] [INFO ] q.l.p.CommandLineTaskRunner$CommandLineProgressMonitor - Completed (16%)
2024-10-23 03:52:04 INFO: 03:52:04.306 [main] [INFO ] q.l.p.CommandLineTaskRunner$CommandLineProgressMonitor - Completed (17%)
2024-10-23 03:52:04 INFO: 03:52:04.420 [main] [INFO ] q.l.p.CommandLineTaskRunner$CommandLineProgressMonitor - Completed (18%)
2024-10-23 03:52:04 INFO: 03:52:04.528 [main] [INFO ] q.l.p.CommandLineTaskRunner$CommandLineProgressMonitor - Completed (19%)
2024-10-23 03:52:04 INFO: 03:52:04.647 [main] [INFO ] q.l.p.CommandLineTaskRunner$CommandLineProgressMonitor - Completed (20%)
2024-10-23 03:52:04 INFO: 03:52:04.756 [main] [INFO ] q.l.p.CommandLineTaskRunner$CommandLineProgressMonitor - Completed (21%)
2024-10-23 03:52:05 INFO: 03:52:05.153 [main] [INFO ] q.l.p.CommandLineTaskRunner$CommandLineProgressMonitor - Completed (22%)
2024-10-23 03:52:05 INFO: 03:52:05.427 [main] [INFO ] q.l.p.CommandLineTaskRunner$CommandLineProgressMonitor - Completed (23%)
2024-10-23 03:52:05 INFO: 03:52:05.527 [main] [INFO ] q.l.p.CommandLineTaskRunner$CommandLineProgressMonitor - Completed (24%)
2024-10-23 03:52:05 INFO: 03:52:05.620 [main] [INFO ] q.l.p.CommandLineTaskRunner$CommandLineProgressMonitor - Completed (25%)
2024-10-23 03:52:05 INFO: 03:52:05.718 [main] [INFO ] q.l.p.CommandLineTaskRunner$CommandLineProgressMonitor - Completed (26%)
2024-10-23 03:52:05 INFO: 03:52:05.823 [main] [INFO ] q.l.p.CommandLineTaskRunner$CommandLineProgressMonitor - Completed (27%)
2024-10-23 03:52:05 INFO: 03:52:05.924 [main] [INFO ] q.l.p.CommandLineTaskRunner$CommandLineProgressMonitor - Completed (28%)
2024-10-23 03:52:06 INFO: 03:52:06.105 [main] [INFO ] q.l.p.CommandLineTaskRunner$CommandLineProgressMonitor - Completed (29%)
2024-10-23 03:52:06 INFO: 03:52:06.259 [main] [INFO ] q.l.p.CommandLineTaskRunner$CommandLineProgressMonitor - Completed (30%)
2024-10-23 03:52:06 INFO: 03:52:06.359 [main] [INFO ] q.l.p.CommandLineTaskRunner$CommandLineProgressMonitor - Completed (31%)
2024-10-23 03:52:06 INFO: 03:52:06.456 [main] [INFO ] q.l.p.CommandLineTaskRunner$CommandLineProgressMonitor - Completed (32%)
2024-10-23 03:52:06 INFO: 03:52:06.551 [main] [INFO ] q.l.p.CommandLineTaskRunner$CommandLineProgressMonitor - Completed (33%)
2024-10-23 03:52:06 INFO: 03:52:06.656 [main] [INFO ] q.l.p.CommandLineTaskRunner$CommandLineProgressMonitor - Completed (34%)
2024-10-23 03:52:06 INFO: 03:52:06.750 [main] [INFO ] q.l.p.CommandLineTaskRunner$CommandLineProgressMonitor - Completed (35%)
2024-10-23 03:52:06 INFO: 03:52:06.849 [main] [INFO ] q.l.p.CommandLineTaskRunner$CommandLineProgressMonitor - Completed (36%)
2024-10-23 03:52:06 INFO: 03:52:06.948 [main] [INFO ] q.l.p.CommandLineTaskRunner$CommandLineProgressMonitor - Completed (37%)
2024-10-23 03:52:07 INFO: 03:52:07.050 [main] [INFO ] q.l.p.CommandLineTaskRunner$CommandLineProgressMonitor - Completed (38%)
2024-10-23 03:52:07 INFO: 03:52:07.147 [main] [INFO ] q.l.p.CommandLineTaskRunner$CommandLineProgressMonitor - Completed (39%)
2024-10-23 03:52:07 INFO: 03:52:07.280 [main] [INFO ] q.l.p.CommandLineTaskRunner$CommandLineProgressMonitor - Completed (40%)
2024-10-23 03:52:07 INFO: 03:52:07.384 [main] [INFO ] q.l.p.CommandLineTaskRunner$CommandLineProgressMonitor - Completed (41%)
2024-10-23 03:52:07 INFO: 03:52:07.479 [main] [INFO ] q.l.p.CommandLineTaskRunner$CommandLineProgressMonitor - Completed (42%)
2024-10-23 03:52:07 INFO: 03:52:07.574 [main] [INFO ] q.l.p.CommandLineTaskRunner$CommandLineProgressMonitor - Completed (43%)
2024-10-23 03:52:07 INFO: 03:52:07.677 [main] [INFO ] q.l.p.CommandLineTaskRunner$CommandLineProgressMonitor - Completed (44%)
2024-10-23 03:52:07 INFO: 03:52:07.777 [main] [INFO ] q.l.p.CommandLineTaskRunner$CommandLineProgressMonitor - Completed (45%)
2024-10-23 03:52:07 INFO: 03:52:07.890 [main] [INFO ] q.l.p.CommandLineTaskRunner$CommandLineProgressMonitor - Completed (46%)
2024-10-23 03:52:08 INFO: 03:52:08.021 [main] [INFO ] q.l.p.CommandLineTaskRunner$CommandLineProgressMonitor - Completed (47%)
2024-10-23 03:52:08 INFO: 03:52:08.139 [main] [INFO ] q.l.p.CommandLineTaskRunner$CommandLineProgressMonitor - Completed (48%)
2024-10-23 03:52:08 INFO: 03:52:08.240 [main] [INFO ] q.l.p.CommandLineTaskRunner$CommandLineProgressMonitor - Completed (49%)
2024-10-23 03:52:08 INFO: 03:52:08.340 [main] [INFO ] q.l.p.CommandLineTaskRunner$CommandLineProgressMonitor - Completed (50%)
2024-10-23 03:52:08 INFO: 03:52:08.436 [main] [INFO ] q.l.p.CommandLineTaskRunner$CommandLineProgressMonitor - Completed (51%)
2024-10-23 03:52:08 INFO: 03:52:08.542 [main] [INFO ] q.l.p.CommandLineTaskRunner$CommandLineProgressMonitor - Completed (52%)
2024-10-23 03:52:08 INFO: 03:52:08.640 [main] [INFO ] q.l.p.CommandLineTaskRunner$CommandLineProgressMonitor - Completed (53%)
2024-10-23 03:52:08 INFO: 03:52:08.735 [main] [INFO ] q.l.p.CommandLineTaskRunner$CommandLineProgressMonitor - Completed (54%)
2024-10-23 03:52:08 INFO: 03:52:08.873 [main] [INFO ] q.l.p.CommandLineTaskRunner$CommandLineProgressMonitor - Completed (55%)
2024-10-23 03:52:08 INFO: 03:52:08.972 [main] [INFO ] q.l.p.CommandLineTaskRunner$CommandLineProgressMonitor - Completed (56%)
2024-10-23 03:52:09 INFO: 03:52:09.066 [main] [INFO ] q.l.p.CommandLineTaskRunner$CommandLineProgressMonitor - Completed (57%)
2024-10-23 03:52:09 INFO: 03:52:09.170 [main] [INFO ] q.l.p.CommandLineTaskRunner$CommandLineProgressMonitor - Completed (58%)
2024-10-23 03:52:09 INFO: 03:52:09.264 [main] [INFO ] q.l.p.CommandLineTaskRunner$CommandLineProgressMonitor - Completed (59%)
2024-10-23 03:52:09 INFO: 03:52:09.362 [main] [INFO ] q.l.p.CommandLineTaskRunner$CommandLineProgressMonitor - Completed (60%)
2024-10-23 03:52:09 INFO: 03:52:09.463 [main] [INFO ] q.l.p.CommandLineTaskRunner$CommandLineProgressMonitor - Completed (61%)
2024-10-23 03:52:09 INFO: 03:52:09.571 [main] [INFO ] q.l.p.CommandLineTaskRunner$CommandLineProgressMonitor - Completed (62%)
2024-10-23 03:52:09 INFO: 03:52:09.689 [main] [INFO ] q.l.p.CommandLineTaskRunner$CommandLineProgressMonitor - Completed (63%)
2024-10-23 03:52:09 INFO: 03:52:09.820 [main] [INFO ] q.l.p.CommandLineTaskRunner$CommandLineProgressMonitor - Completed (64%)
2024-10-23 03:52:09 INFO: 03:52:09.922 [main] [INFO ] q.l.p.CommandLineTaskRunner$CommandLineProgressMonitor - Completed (65%)
2024-10-23 03:52:10 INFO: 03:52:10.023 [main] [INFO ] q.l.p.CommandLineTaskRunner$CommandLineProgressMonitor - Completed (66%)
2024-10-23 03:52:10 INFO: 03:52:10.123 [main] [INFO ] q.l.p.CommandLineTaskRunner$CommandLineProgressMonitor - Completed (67%)
2024-10-23 03:52:10 INFO: 03:52:10.222 [main] [INFO ] q.l.p.CommandLineTaskRunner$CommandLineProgressMonitor - Completed (68%)
2024-10-23 03:52:10 INFO: 03:52:10.356 [main] [INFO ] q.l.p.CommandLineTaskRunner$CommandLineProgressMonitor - Completed (69%)
2024-10-23 03:52:10 INFO: 03:52:10.514 [main] [INFO ] q.l.p.CommandLineTaskRunner$CommandLineProgressMonitor - Completed (70%)
2024-10-23 03:52:10 INFO: 03:52:10.667 [main] [INFO ] q.l.p.CommandLineTaskRunner$CommandLineProgressMonitor - Completed (71%)
2024-10-23 03:52:10 INFO: 03:52:10.830 [main] [INFO ] q.l.p.CommandLineTaskRunner$CommandLineProgressMonitor - Completed (72%)
2024-10-23 03:52:10 INFO: 03:52:10.981 [main] [INFO ] q.l.p.CommandLineTaskRunner$CommandLineProgressMonitor - Completed (73%)
2024-10-23 03:52:11 INFO: 03:52:11.138 [main] [INFO ] q.l.p.CommandLineTaskRunner$CommandLineProgressMonitor - Completed (74%)
2024-10-23 03:52:11 INFO: 03:52:11.302 [main] [INFO ] q.l.p.CommandLineTaskRunner$CommandLineProgressMonitor - Completed (75%)
2024-10-23 03:52:11 INFO: 03:52:11.456 [main] [INFO ] q.l.p.CommandLineTaskRunner$CommandLineProgressMonitor - Completed (76%)
2024-10-23 03:52:11 INFO: 03:52:11.623 [main] [INFO ] q.l.p.CommandLineTaskRunner$CommandLineProgressMonitor - Completed (77%)
2024-10-23 03:52:11 INFO: 03:52:11.784 [main] [INFO ] q.l.p.CommandLineTaskRunner$CommandLineProgressMonitor - Completed (78%)
2024-10-23 03:52:11 INFO: 03:52:11.938 [main] [INFO ] q.l.p.CommandLineTaskRunner$CommandLineProgressMonitor - Completed (79%)
2024-10-23 03:52:12 INFO: 03:52:12.173 [main] [INFO ] q.l.p.CommandLineTaskRunner$CommandLineProgressMonitor - Completed (80%)
2024-10-23 03:52:12 INFO: 03:52:12.340 [main] [INFO ] q.l.p.CommandLineTaskRunner$CommandLineProgressMonitor - Completed (81%)
2024-10-23 03:52:12 INFO: 03:52:12.549 [main] [INFO ] q.l.p.CommandLineTaskRunner$CommandLineProgressMonitor - Completed (82%)
2024-10-23 03:52:12 INFO: 03:52:12.703 [main] [INFO ] q.l.p.CommandLineTaskRunner$CommandLineProgressMonitor - Completed (83%)
2024-10-23 03:52:12 INFO: 03:52:12.843 [main] [INFO ] q.l.p.CommandLineTaskRunner$CommandLineProgressMonitor - Completed (84%)
2024-10-23 03:52:12 INFO: 03:52:12.991 [main] [INFO ] q.l.p.CommandLineTaskRunner$CommandLineProgressMonitor - Completed (85%)
2024-10-23 03:52:13 INFO: 03:52:13.148 [main] [INFO ] q.l.p.CommandLineTaskRunner$CommandLineProgressMonitor - Completed (86%)
2024-10-23 03:52:13 INFO: 03:52:13.319 [main] [INFO ] q.l.p.CommandLineTaskRunner$CommandLineProgressMonitor - Completed (87%)
2024-10-23 03:52:13 INFO: 03:52:13.468 [main] [INFO ] q.l.p.CommandLineTaskRunner$CommandLineProgressMonitor - Completed (88%)
2024-10-23 03:52:13 INFO: 03:52:13.626 [main] [INFO ] q.l.p.CommandLineTaskRunner$CommandLineProgressMonitor - Completed (89%)
2024-10-23 03:52:13 INFO: 03:52:13.782 [main] [INFO ] q.l.p.CommandLineTaskRunner$CommandLineProgressMonitor - Completed (90%)
2024-10-23 03:52:13 INFO: 03:52:13.935 [main] [INFO ] q.l.p.CommandLineTaskRunner$CommandLineProgressMonitor - Completed (91%)
2024-10-23 03:52:14 INFO: 03:52:14.076 [main] [INFO ] q.l.p.CommandLineTaskRunner$CommandLineProgressMonitor - Completed (92%)
2024-10-23 03:52:14 INFO: 03:52:14.201 [main] [INFO ] q.l.p.CommandLineTaskRunner$CommandLineProgressMonitor - Completed (93%)
2024-10-23 03:52:14 INFO: 03:52:14.316 [main] [INFO ] q.l.p.CommandLineTaskRunner$CommandLineProgressMonitor - Completed (94%)
2024-10-23 03:52:14 INFO: 03:52:14.442 [main] [INFO ] q.l.p.CommandLineTaskRunner$CommandLineProgressMonitor - Completed (95%)
2024-10-23 03:52:14 INFO: 03:52:14.561 [main] [INFO ] q.l.p.CommandLineTaskRunner$CommandLineProgressMonitor - Completed (96%)
2024-10-23 03:52:14 INFO: 03:52:14.691 [main] [INFO ] q.l.p.CommandLineTaskRunner$CommandLineProgressMonitor - Completed (97%)
2024-10-23 03:52:14 INFO: 03:52:14.866 [main] [INFO ] q.l.p.CommandLineTaskRunner$CommandLineProgressMonitor - Completed (98%)
2024-10-23 03:52:15 INFO: 03:52:15.028 [main] [INFO ] q.l.p.CommandLineTaskRunner$CommandLineProgressMonitor - Completed (99%)
2024-10-23 03:52:15 INFO: 03:52:15.182 [main] [INFO ] q.l.p.CommandLineTaskRunner$CommandLineProgressMonitor - Completed (100%)
2024-10-23 03:53:10 INFO: 03:53:10.779 [main] [INFO ] q.l.p.CommandLineTaskRunner$CommandLineProgressMonitor - Completed (100%)
2024-10-23 03:53:10 INFO: 03:53:10.780 [main] [INFO ] q.l.p.CommandLineTaskRunner$CommandLineProgressMonitor - Processing complete in 70.70 seconds
2024-10-23 03:53:10 INFO: 03:53:10.780 [main] [INFO ] q.l.p.CommandLineTaskRunner$CommandLineProgressMonitor - Tasks completed!
2024-10-23 03:55:25 INFO: 03:55:25.296 [task-runner-6-1] [WARN ] q.o.features.DelaunayTriangulation - Some objects have missing measurements! Statistics will calculated only for objects with measurements available.
2024-10-23 03:55:25 INFO: 03:55:25.297 [task-runner-6-1] [WARN ] q.o.features.DelaunayTriangulation - Missing measurements: [ROI: 1.00 m per pixel: Residual: Haralick Correlation (F2), ROI: 1.00 m per pixel: Residual: Haralick Information measure of correlation 1 (F11), ROI: 1.00 m per pixel: Residual: Haralick Information measure of correlation 2 (F12)]
2024-10-23 03:55:25 INFO: 03:55:25.346 [main] [INFO ] q.l.p.CommandLineTaskRunner$CommandLineProgressMonitor - Delaunay triangulation calculated for Annotation (204502 objects) (100%)
2024-10-23 03:55:25 INFO: 03:55:25.346 [main] [INFO ] q.l.p.CommandLineTaskRunner$CommandLineProgressMonitor - Processing complete in 134.52 seconds
2024-10-23 03:55:25 INFO: 03:55:25.346 [main] [INFO ] q.l.p.CommandLineTaskRunner$CommandLineProgressMonitor - Tasks completed!
2024-10-23 03:57:48 INFO: TCGA-GI-A2C8-01Z-00-DX1.09BD8AC9-645A-4C8B-9B36-77D833BDBA09
2024-10-23 03:57:48 INFO: QuPath subprocess completed.
2024-10-23 03:57:58 INFO: QuPath image extraction completed successfully. Output directory: /home/ilants/Documents/jupyter_test/single_image_multiple_params/exp_maxAreaMicrons_110.0
2024-10-23 03:57:58 INFO: Summary table saved to: /home/ilants/Documents/jupyter_test/single_image_multiple_params/exp_maxAreaMicrons_110.0/Summary_Table.csv
2024-10-23 03:57:58 INFO: Experiment completed successfully.
