2024-10-22 22:41:20 INFO: Starting experiment with for threshold with value of 0.075
2024-10-22 22:41:20 INFO: Running with the following configuration:
{'detectionImageBrightfield': 'Hematoxylin OD', 'requestedPixelSizeMicrons': 0.5, 'backgroundRadiusMicrons': 4.0, 'backgroundByReconstruction': True, 'medianRadiusMicrons': 0.0, 'sigmaMicrons': 1.5, 'minAreaMicrons': 10.0, 'maxAreaMicrons': 80.0, 'threshold': 0.075, 'maxBackground': 2.0, 'watershedPostProcess': True, 'cellExpansionMicrons': 5.0, 'includeNuclei': True, 'smoothBoundaries': True, 'makeMeasurements': True, 'backgroundRadiusPixel': 8.0, 'cellExpansionPixel': 10.0, 'medianRadiusPixel': 0.0, 'minAreaPixel': 20.0, 'maxAreaPixel': 160.0}
2024-10-22 22:41:20 INFO: Starting QuPath image extraction with the following parameters: image_dir=/home/ilants/Documents/jupyter_test, output_dir=/home/ilants/Documents/jupyter_test/single_image_multiple_params/exp_threshold_0.075, image_type=svs, groovy_script=/home/ilants/Documents/utls/nucleus_detection_wargs.groovy, config_file=/home/ilants/Documents/jupyter_test/single_image_multiple_params/exp_threshold_0.075/cfg.json, program_path=/home/ilants/Documents/QuPath-v0.5.1-Linux/QuPath/bin/QuPath
2024-10-22 22:41:21 INFO: 22:41:21.579 [main] [INFO ] qupath.lib.gui.prefs.PathPrefs - Setting default Locale to en_US
2024-10-22 22:41:21 INFO: 22:41:21.582 [main] [INFO ] qupath.lib.gui.prefs.PathPrefs - Setting Locale for FORMAT to en_US
2024-10-22 22:41:21 INFO: 22:41:21.582 [main] [INFO ] qupath.lib.gui.prefs.PathPrefs - Setting Locale for DISPLAY to en_US
2024-10-22 22:41:21 INFO: 22:41:21.596 [main] [INFO ] qupath.lib.common.ThreadTools - Setting parallelism to 63
2024-10-22 22:41:21 INFO: 22:41:21.613 [main] [INFO ] qupath.ScriptCommand - Setting tile cache size to 32200.00 MB (25.0% max memory)
2024-10-22 22:41:21 INFO: 22:41:21.661 [main] [INFO ] qupath.lib.scripting.QP - Initializing type adapters
2024-10-22 22:41:21 INFO: Warning: Versions of org.bytedeco:javacpp:1.5.9 and org.bytedeco:opencv:4.6.0-1.5.8 do not match.
2024-10-22 22:41:21 INFO: Warning: Versions of org.bytedeco:javacpp:1.5.9 and org.bytedeco:openblas:0.3.21-1.5.8 do not match.
2024-10-22 22:41:23 INFO: project parameters are: {"detectionImageBrightfield": "Hematoxylin OD","requestedPixelSizeMicrons": 0.5,"backgroundRadiusMicrons": 4.0,"backgroundByReconstruction": true,"medianRadiusMicrons": 0.0,"sigmaMicrons": 1.5,"minAreaMicrons": 10.0,"maxAreaMicrons": 80.0,"threshold": 0.075,"maxBackground": 2.0,"watershedPostProcess": true,"cellExpansionMicrons": 5.0,"includeNuclei": true,"smoothBoundaries": true,"makeMeasurements": true,"backgroundRadiusPixel": 8.0,"cellExpansionPixel": 10.0,"medianRadiusPixel": 0.0,"minAreaPixel": 20.0,"maxAreaPixel": 160.0}
2024-10-22 22:41:23 INFO: New project created at: /home/ilants/Documents/jupyter_test/single_image_multiple_params/exp_threshold_0.075/QPProject
2024-10-22 22:41:23 INFO: Added: /home/ilants/Documents/jupyter_test/TCGA-GI-A2C8-01Z-00-DX1.09BD8AC9-645A-4C8B-9B36-77D833BDBA09.svs
2024-10-22 22:41:23 INFO: /home/ilants/Documents/jupyter_test/TCGA-GI-A2C8-01Z-00-DX1.09BD8AC9-645A-4C8B-9B36-77D833BDBA09.svs
2024-10-22 22:41:23 INFO: 22:41:23.619 [main] [INFO ] q.l.i.s.b.BioFormatsServerOptions - Setting max Bio-Formats readers to 32
2024-10-22 22:41:24 INFO: UriImageSupport (class qupath.lib.images.servers.bioformats.BioFormatsServerBuilder) support=3.0, builders=1
2024-10-22 22:41:24 INFO: true
2024-10-22 22:41:24 INFO: 22:41:24.295 [main] [WARN ] qupath.lib.scripting.QP - createSelectAllObject(boolean) is deprecated, use createFullImageAnnotation(boolean) instead
2024-10-22 22:41:24 INFO: 22:41:24.296 [main] [WARN ] qupath.lib.scripting.QP - createSelectAllObject(boolean, int, int) is deprecated, use createFullImageAnnotation(boolean, int, int) instead
2024-10-22 22:41:24 INFO: 22:41:24.307 [main] [WARN ] q.l.plugins.parameters.ParameterList - Unable to set parameter backgroundRadiusPixel with value 8.0
2024-10-22 22:41:24 INFO: 22:41:24.307 [main] [WARN ] q.l.plugins.parameters.ParameterList - Unable to set parameter cellExpansionPixel with value 10.0
2024-10-22 22:41:24 INFO: 22:41:24.307 [main] [WARN ] q.l.plugins.parameters.ParameterList - Unable to set parameter medianRadiusPixel with value 0.0
2024-10-22 22:41:24 INFO: 22:41:24.307 [main] [WARN ] q.l.plugins.parameters.ParameterList - Unable to set parameter minAreaPixel with value 20.0
2024-10-22 22:41:24 INFO: 22:41:24.307 [main] [WARN ] q.l.plugins.parameters.ParameterList - Unable to set parameter maxAreaPixel with value 160.0
2024-10-22 22:41:35 INFO: 22:41:35.630 [task-runner-1-3] [INFO ] q.lib.plugins.DetectionPluginTools - 0 nuclei detected (processing time: 11.20 seconds)
2024-10-22 22:41:35 INFO: 22:41:35.629 [task-runner-1-16] [INFO ] q.lib.plugins.DetectionPluginTools - 0 nuclei detected (processing time: 11.20 seconds)
2024-10-22 22:41:35 INFO: 22:41:35.631 [task-runner-1-12] [INFO ] q.lib.plugins.DetectionPluginTools - 0 nuclei detected (processing time: 11.20 seconds)
2024-10-22 22:41:35 INFO: 22:41:35.634 [main] [INFO ] q.l.p.CommandLineTaskRunner$CommandLineProgressMonitor - 0 nuclei detected (1%)
2024-10-22 22:41:35 INFO: 22:41:35.634 [main] [INFO ] q.l.p.CommandLineTaskRunner$CommandLineProgressMonitor - 0 nuclei detected (2%)
2024-10-22 22:41:36 INFO: 22:41:36.561 [task-runner-1-1] [INFO ] q.lib.plugins.DetectionPluginTools - 1 nucleus detected (processing time: 12.13 seconds)
2024-10-22 22:41:36 INFO: 22:41:36.561 [main] [INFO ] q.l.p.CommandLineTaskRunner$CommandLineProgressMonitor - 1 nucleus detected (3%)
2024-10-22 22:41:39 INFO: 22:41:39.535 [task-runner-1-48] [INFO ] q.lib.plugins.DetectionPluginTools - 0 nuclei detected (processing time: 15.10 seconds)
2024-10-22 22:41:39 INFO: 22:41:39.536 [main] [INFO ] q.l.p.CommandLineTaskRunner$CommandLineProgressMonitor - 0 nuclei detected (3%)
2024-10-22 22:41:39 INFO: 22:41:39.540 [task-runner-1-27] [INFO ] q.lib.plugins.DetectionPluginTools - 1 nucleus detected (processing time: 15.11 seconds)
2024-10-22 22:41:39 INFO: 22:41:39.540 [main] [INFO ] q.l.p.CommandLineTaskRunner$CommandLineProgressMonitor - 1 nucleus detected (4%)
2024-10-22 22:41:39 INFO: 22:41:39.541 [task-runner-1-15] [INFO ] q.lib.plugins.DetectionPluginTools - 2 nuclei detected (processing time: 15.11 seconds)
2024-10-22 22:41:39 INFO: 22:41:39.541 [main] [INFO ] q.l.p.CommandLineTaskRunner$CommandLineProgressMonitor - 2 nuclei detected (4%)
2024-10-22 22:41:39 INFO: 22:41:39.541 [task-runner-1-32] [INFO ] q.lib.plugins.DetectionPluginTools - 1 nucleus detected (processing time: 15.11 seconds)
2024-10-22 22:41:39 INFO: 22:41:39.541 [main] [INFO ] q.l.p.CommandLineTaskRunner$CommandLineProgressMonitor - 1 nucleus detected (5%)
2024-10-22 22:41:39 INFO: 22:41:39.541 [task-runner-1-2] [INFO ] q.lib.plugins.DetectionPluginTools - 4 nuclei detected (processing time: 15.11 seconds)
2024-10-22 22:41:39 INFO: 22:41:39.542 [task-runner-1-7] [INFO ] q.lib.plugins.DetectionPluginTools - 2 nuclei detected (processing time: 15.11 seconds)
2024-10-22 22:41:39 INFO: 22:41:39.542 [main] [INFO ] q.l.p.CommandLineTaskRunner$CommandLineProgressMonitor - 4 nuclei detected (6%)
2024-10-22 22:41:39 INFO: 22:41:39.542 [main] [INFO ] q.l.p.CommandLineTaskRunner$CommandLineProgressMonitor - 2 nuclei detected (6%)
2024-10-22 22:41:39 INFO: 22:41:39.543 [task-runner-1-10] [INFO ] q.lib.plugins.DetectionPluginTools - 1 nucleus detected (processing time: 15.11 seconds)
2024-10-22 22:41:39 INFO: 22:41:39.543 [main] [INFO ] q.l.p.CommandLineTaskRunner$CommandLineProgressMonitor - 1 nucleus detected (7%)
2024-10-22 22:41:39 INFO: 22:41:39.543 [task-runner-1-8] [INFO ] q.lib.plugins.DetectionPluginTools - 2 nuclei detected (processing time: 15.11 seconds)
2024-10-22 22:41:39 INFO: 22:41:39.543 [main] [INFO ] q.l.p.CommandLineTaskRunner$CommandLineProgressMonitor - 2 nuclei detected (8%)
2024-10-22 22:41:39 INFO: 22:41:39.549 [task-runner-1-9] [INFO ] q.lib.plugins.DetectionPluginTools - 1 nucleus detected (processing time: 15.12 seconds)
2024-10-22 22:41:39 INFO: 22:41:39.549 [main] [INFO ] q.l.p.CommandLineTaskRunner$CommandLineProgressMonitor - 1 nucleus detected (8%)
2024-10-22 22:41:39 INFO: 22:41:39.551 [task-runner-1-30] [INFO ] q.lib.plugins.DetectionPluginTools - 1 nucleus detected (processing time: 15.12 seconds)
2024-10-22 22:41:39 INFO: 22:41:39.551 [main] [INFO ] q.l.p.CommandLineTaskRunner$CommandLineProgressMonitor - 1 nucleus detected (9%)
2024-10-22 22:41:39 INFO: 22:41:39.556 [task-runner-1-17] [INFO ] q.lib.plugins.DetectionPluginTools - 5 nuclei detected (processing time: 15.12 seconds)
2024-10-22 22:41:39 INFO: 22:41:39.556 [main] [INFO ] q.l.p.CommandLineTaskRunner$CommandLineProgressMonitor - 5 nuclei detected (9%)
2024-10-22 22:41:39 INFO: 22:41:39.556 [task-runner-1-11] [INFO ] q.lib.plugins.DetectionPluginTools - 1 nucleus detected (processing time: 15.13 seconds)
2024-10-22 22:41:39 INFO: 22:41:39.556 [main] [INFO ] q.l.p.CommandLineTaskRunner$CommandLineProgressMonitor - 1 nucleus detected (10%)
2024-10-22 22:41:39 INFO: 22:41:39.556 [task-runner-1-4] [INFO ] q.lib.plugins.DetectionPluginTools - 1 nucleus detected (processing time: 15.13 seconds)
2024-10-22 22:41:39 INFO: 22:41:39.557 [main] [INFO ] q.l.p.CommandLineTaskRunner$CommandLineProgressMonitor - 1 nucleus detected (11%)
2024-10-22 22:41:39 INFO: 22:41:39.568 [task-runner-1-14] [INFO ] q.lib.plugins.DetectionPluginTools - 8 nuclei detected (processing time: 15.14 seconds)
2024-10-22 22:41:39 INFO: 22:41:39.568 [main] [INFO ] q.l.p.CommandLineTaskRunner$CommandLineProgressMonitor - 8 nuclei detected (11%)
2024-10-22 22:41:39 INFO: 22:41:39.572 [task-runner-1-47] [INFO ] q.lib.plugins.DetectionPluginTools - 9 nuclei detected (processing time: 15.13 seconds)
2024-10-22 22:41:39 INFO: 22:41:39.573 [main] [INFO ] q.l.p.CommandLineTaskRunner$CommandLineProgressMonitor - 9 nuclei detected (12%)
2024-10-22 22:41:39 INFO: 22:41:39.576 [task-runner-1-13] [INFO ] q.lib.plugins.DetectionPluginTools - 12 nuclei detected (processing time: 15.15 seconds)
2024-10-22 22:41:39 INFO: 22:41:39.576 [task-runner-1-29] [INFO ] q.lib.plugins.DetectionPluginTools - 6 nuclei detected (processing time: 15.14 seconds)
2024-10-22 22:41:39 INFO: 22:41:39.577 [main] [INFO ] q.l.p.CommandLineTaskRunner$CommandLineProgressMonitor - 6 nuclei detected (13%)
2024-10-22 22:41:39 INFO: 22:41:39.577 [main] [INFO ] q.l.p.CommandLineTaskRunner$CommandLineProgressMonitor - 12 nuclei detected (13%)
2024-10-22 22:41:39 INFO: 22:41:39.584 [task-runner-1-6] [INFO ] q.lib.plugins.DetectionPluginTools - 12 nuclei detected (processing time: 15.16 seconds)
2024-10-22 22:41:39 INFO: 22:41:39.585 [main] [INFO ] q.l.p.CommandLineTaskRunner$CommandLineProgressMonitor - 12 nuclei detected (14%)
2024-10-22 22:41:39 INFO: 22:41:39.585 [task-runner-1-31] [INFO ] q.lib.plugins.DetectionPluginTools - 15 nuclei detected (processing time: 15.15 seconds)
2024-10-22 22:41:39 INFO: 22:41:39.585 [main] [INFO ] q.l.p.CommandLineTaskRunner$CommandLineProgressMonitor - 15 nuclei detected (14%)
2024-10-22 22:41:39 INFO: 22:41:39.644 [task-runner-1-28] [INFO ] q.lib.plugins.DetectionPluginTools - 32 nuclei detected (processing time: 15.21 seconds)
2024-10-22 22:41:39 INFO: 22:41:39.651 [main] [INFO ] q.l.p.CommandLineTaskRunner$CommandLineProgressMonitor - 32 nuclei detected (15%)
2024-10-22 22:41:39 INFO: 22:41:39.683 [task-runner-1-26] [INFO ] q.lib.plugins.DetectionPluginTools - 53 nuclei detected (processing time: 15.25 seconds)
2024-10-22 22:41:39 INFO: 22:41:39.688 [main] [INFO ] q.l.p.CommandLineTaskRunner$CommandLineProgressMonitor - 53 nuclei detected (16%)
2024-10-22 22:41:39 INFO: 22:41:39.702 [task-runner-1-5] [INFO ] q.lib.plugins.DetectionPluginTools - 72 nuclei detected (processing time: 15.27 seconds)
2024-10-22 22:41:39 INFO: 22:41:39.711 [main] [INFO ] q.l.p.CommandLineTaskRunner$CommandLineProgressMonitor - 72 nuclei detected (16%)
2024-10-22 22:41:39 INFO: 22:41:39.745 [task-runner-1-46] [INFO ] q.lib.plugins.DetectionPluginTools - 78 nuclei detected (processing time: 15.31 seconds)
2024-10-22 22:41:39 INFO: 22:41:39.746 [main] [INFO ] q.l.p.CommandLineTaskRunner$CommandLineProgressMonitor - 78 nuclei detected (17%)
2024-10-22 22:41:39 INFO: 22:41:39.942 [task-runner-1-49] [INFO ] q.lib.plugins.DetectionPluginTools - 157 nuclei detected (processing time: 15.50 seconds)
2024-10-22 22:41:39 INFO: 22:41:39.942 [main] [INFO ] q.l.p.CommandLineTaskRunner$CommandLineProgressMonitor - 157 nuclei detected (18%)
2024-10-22 22:41:39 INFO: 22:41:39.944 [task-runner-1-45] [INFO ] q.lib.plugins.DetectionPluginTools - 170 nuclei detected (processing time: 15.51 seconds)
2024-10-22 22:41:39 INFO: 22:41:39.945 [main] [INFO ] q.l.p.CommandLineTaskRunner$CommandLineProgressMonitor - 170 nuclei detected (18%)
2024-10-22 22:41:39 INFO: 22:41:39.959 [task-runner-1-19] [INFO ] q.lib.plugins.DetectionPluginTools - 197 nuclei detected (processing time: 15.53 seconds)
2024-10-22 22:41:39 INFO: 22:41:39.961 [main] [INFO ] q.l.p.CommandLineTaskRunner$CommandLineProgressMonitor - 197 nuclei detected (19%)
2024-10-22 22:41:40 INFO: 22:41:40.051 [task-runner-1-63] [INFO ] q.lib.plugins.DetectionPluginTools - 212 nuclei detected (processing time: 15.61 seconds)
2024-10-22 22:41:40 INFO: 22:41:40.052 [main] [INFO ] q.l.p.CommandLineTaskRunner$CommandLineProgressMonitor - 212 nuclei detected (19%)
2024-10-22 22:41:40 INFO: 22:41:40.105 [task-runner-1-33] [INFO ] q.lib.plugins.DetectionPluginTools - 256 nuclei detected (processing time: 15.65 seconds)
2024-10-22 22:41:40 INFO: 22:41:40.107 [main] [INFO ] q.l.p.CommandLineTaskRunner$CommandLineProgressMonitor - 256 nuclei detected (20%)
2024-10-22 22:41:40 INFO: 22:41:40.104 [task-runner-1-18] [INFO ] q.lib.plugins.DetectionPluginTools - 296 nuclei detected (processing time: 15.67 seconds)
2024-10-22 22:41:40 INFO: 22:41:40.113 [main] [INFO ] q.l.p.CommandLineTaskRunner$CommandLineProgressMonitor - 296 nuclei detected (21%)
2024-10-22 22:41:40 INFO: 22:41:40.213 [task-runner-1-62] [INFO ] q.lib.plugins.DetectionPluginTools - 313 nuclei detected (processing time: 15.77 seconds)
2024-10-22 22:41:40 INFO: 22:41:40.214 [main] [INFO ] q.l.p.CommandLineTaskRunner$CommandLineProgressMonitor - 313 nuclei detected (21%)
2024-10-22 22:41:40 INFO: 22:41:40.253 [task-runner-1-50] [INFO ] q.lib.plugins.DetectionPluginTools - 409 nuclei detected (processing time: 15.81 seconds)
2024-10-22 22:41:40 INFO: 22:41:40.255 [main] [INFO ] q.l.p.CommandLineTaskRunner$CommandLineProgressMonitor - 409 nuclei detected (22%)
2024-10-22 22:41:40 INFO: 22:41:40.269 [task-runner-1-61] [INFO ] q.lib.plugins.DetectionPluginTools - 356 nuclei detected (processing time: 15.83 seconds)
2024-10-22 22:41:40 INFO: 22:41:40.271 [main] [INFO ] q.l.p.CommandLineTaskRunner$CommandLineProgressMonitor - 356 nuclei detected (23%)
2024-10-22 22:41:40 INFO: 22:41:40.278 [task-runner-1-34] [INFO ] q.lib.plugins.DetectionPluginTools - 479 nuclei detected (processing time: 15.84 seconds)
2024-10-22 22:41:40 INFO: 22:41:40.280 [main] [INFO ] q.l.p.CommandLineTaskRunner$CommandLineProgressMonitor - 479 nuclei detected (23%)
2024-10-22 22:41:40 INFO: 22:41:40.278 [task-runner-1-25] [INFO ] q.lib.plugins.DetectionPluginTools - 434 nuclei detected (processing time: 15.85 seconds)
2024-10-22 22:41:40 INFO: 22:41:40.284 [main] [INFO ] q.l.p.CommandLineTaskRunner$CommandLineProgressMonitor - 434 nuclei detected (24%)
2024-10-22 22:41:40 INFO: 22:41:40.320 [task-runner-1-35] [INFO ] q.lib.plugins.DetectionPluginTools - 375 nuclei detected (processing time: 15.88 seconds)
2024-10-22 22:41:40 INFO: 22:41:40.321 [main] [INFO ] q.l.p.CommandLineTaskRunner$CommandLineProgressMonitor - 375 nuclei detected (24%)
2024-10-22 22:41:40 INFO: 22:41:40.329 [task-runner-1-44] [INFO ] q.lib.plugins.DetectionPluginTools - 444 nuclei detected (processing time: 15.89 seconds)
2024-10-22 22:41:40 INFO: 22:41:40.330 [main] [INFO ] q.l.p.CommandLineTaskRunner$CommandLineProgressMonitor - 444 nuclei detected (25%)
2024-10-22 22:41:40 INFO: 22:41:40.400 [task-runner-1-20] [INFO ] q.lib.plugins.DetectionPluginTools - 745 nuclei detected (processing time: 15.97 seconds)
2024-10-22 22:41:40 INFO: 22:41:40.402 [main] [INFO ] q.l.p.CommandLineTaskRunner$CommandLineProgressMonitor - 745 nuclei detected (26%)
2024-10-22 22:41:40 INFO: 22:41:40.723 [task-runner-1-51] [INFO ] q.lib.plugins.DetectionPluginTools - 1084 nuclei detected (processing time: 16.28 seconds)
2024-10-22 22:41:40 INFO: 22:41:40.724 [main] [INFO ] q.l.p.CommandLineTaskRunner$CommandLineProgressMonitor - 1084 nuclei detected (26%)
2024-10-22 22:41:40 INFO: 22:41:40.731 [task-runner-1-24] [INFO ] q.lib.plugins.DetectionPluginTools - 1151 nuclei detected (processing time: 16.30 seconds)
2024-10-22 22:41:40 INFO: 22:41:40.731 [main] [INFO ] q.l.p.CommandLineTaskRunner$CommandLineProgressMonitor - 1151 nuclei detected (27%)
2024-10-22 22:41:40 INFO: 22:41:40.761 [task-runner-1-23] [INFO ] q.lib.plugins.DetectionPluginTools - 1187 nuclei detected (processing time: 16.33 seconds)
2024-10-22 22:41:40 INFO: 22:41:40.762 [main] [INFO ] q.l.p.CommandLineTaskRunner$CommandLineProgressMonitor - 1187 nuclei detected (28%)
2024-10-22 22:41:40 INFO: 22:41:40.945 [task-runner-1-43] [INFO ] q.lib.plugins.DetectionPluginTools - 1228 nuclei detected (processing time: 16.51 seconds)
2024-10-22 22:41:40 INFO: 22:41:40.945 [main] [INFO ] q.l.p.CommandLineTaskRunner$CommandLineProgressMonitor - 1228 nuclei detected (28%)
2024-10-22 22:41:40 INFO: 22:41:40.956 [task-runner-1-60] [INFO ] q.lib.plugins.DetectionPluginTools - 1425 nuclei detected (processing time: 16.51 seconds)
2024-10-22 22:41:40 INFO: 22:41:40.957 [main] [INFO ] q.l.p.CommandLineTaskRunner$CommandLineProgressMonitor - 1425 nuclei detected (29%)
2024-10-22 22:41:40 INFO: 22:41:40.965 [task-runner-1-22] [INFO ] q.lib.plugins.DetectionPluginTools - 1515 nuclei detected (processing time: 16.53 seconds)
2024-10-22 22:41:40 INFO: 22:41:40.966 [main] [INFO ] q.l.p.CommandLineTaskRunner$CommandLineProgressMonitor - 1515 nuclei detected (29%)
2024-10-22 22:41:41 INFO: 22:41:41.050 [task-runner-1-3] [INFO ] q.lib.plugins.DetectionPluginTools - 1 nucleus detected (processing time: 5.42 seconds)
2024-10-22 22:41:41 INFO: 22:41:41.051 [main] [INFO ] q.l.p.CommandLineTaskRunner$CommandLineProgressMonitor - 1 nucleus detected (30%)
2024-10-22 22:41:41 INFO: 22:41:41.570 [task-runner-1-36] [INFO ] q.lib.plugins.DetectionPluginTools - 2347 nuclei detected (processing time: 17.13 seconds)
2024-10-22 22:41:41 INFO: 22:41:41.571 [main] [INFO ] q.l.p.CommandLineTaskRunner$CommandLineProgressMonitor - 2347 nuclei detected (31%)
2024-10-22 22:41:43 INFO: 22:41:43.318 [task-runner-1-12] [INFO ] q.lib.plugins.DetectionPluginTools - 132 nuclei detected (processing time: 7.68 seconds)
2024-10-22 22:41:43 INFO: 22:41:43.319 [main] [INFO ] q.l.p.CommandLineTaskRunner$CommandLineProgressMonitor - 132 nuclei detected (31%)
2024-10-22 22:41:43 INFO: 22:41:43.694 [task-runner-1-16] [INFO ] q.lib.plugins.DetectionPluginTools - 445 nuclei detected (processing time: 8.06 seconds)
2024-10-22 22:41:43 INFO: 22:41:43.696 [main] [INFO ] q.l.p.CommandLineTaskRunner$CommandLineProgressMonitor - 445 nuclei detected (32%)
2024-10-22 22:41:43 INFO: 22:41:43.985 [task-runner-1-21] [INFO ] q.lib.plugins.DetectionPluginTools - 3948 nuclei detected (processing time: 19.55 seconds)
2024-10-22 22:41:43 INFO: 22:41:43.987 [main] [INFO ] q.l.p.CommandLineTaskRunner$CommandLineProgressMonitor - 3948 nuclei detected (33%)
2024-10-22 22:41:44 INFO: 22:41:44.990 [task-runner-1-42] [INFO ] q.lib.plugins.DetectionPluginTools - 3026 nuclei detected (processing time: 20.55 seconds)
2024-10-22 22:41:44 INFO: 22:41:44.991 [main] [INFO ] q.l.p.CommandLineTaskRunner$CommandLineProgressMonitor - 3026 nuclei detected (33%)
2024-10-22 22:41:45 INFO: 22:41:45.081 [task-runner-1-52] [INFO ] q.lib.plugins.DetectionPluginTools - 2968 nuclei detected (processing time: 20.64 seconds)
2024-10-22 22:41:45 INFO: 22:41:45.084 [main] [INFO ] q.l.p.CommandLineTaskRunner$CommandLineProgressMonitor - 2968 nuclei detected (34%)
2024-10-22 22:41:45 INFO: 22:41:45.201 [task-runner-1-58] [INFO ] q.lib.plugins.DetectionPluginTools - 3072 nuclei detected (processing time: 20.76 seconds)
2024-10-22 22:41:45 INFO: 22:41:45.202 [main] [INFO ] q.l.p.CommandLineTaskRunner$CommandLineProgressMonitor - 3072 nuclei detected (34%)
2024-10-22 22:41:45 INFO: 22:41:45.230 [task-runner-1-59] [INFO ] q.lib.plugins.DetectionPluginTools - 3135 nuclei detected (processing time: 20.79 seconds)
2024-10-22 22:41:45 INFO: 22:41:45.231 [main] [INFO ] q.l.p.CommandLineTaskRunner$CommandLineProgressMonitor - 3135 nuclei detected (35%)
2024-10-22 22:41:45 INFO: 22:41:45.484 [task-runner-1-40] [INFO ] q.lib.plugins.DetectionPluginTools - 2487 nuclei detected (processing time: 21.05 seconds)
2024-10-22 22:41:45 INFO: 22:41:45.485 [main] [INFO ] q.l.p.CommandLineTaskRunner$CommandLineProgressMonitor - 2487 nuclei detected (36%)
2024-10-22 22:41:45 INFO: 22:41:45.853 [task-runner-1-41] [INFO ] q.lib.plugins.DetectionPluginTools - 2855 nuclei detected (processing time: 21.42 seconds)
2024-10-22 22:41:45 INFO: 22:41:45.859 [main] [INFO ] q.l.p.CommandLineTaskRunner$CommandLineProgressMonitor - 2855 nuclei detected (36%)
2024-10-22 22:41:46 INFO: 22:41:46.014 [task-runner-1-1] [INFO ] q.lib.plugins.DetectionPluginTools - 645 nuclei detected (processing time: 9.45 seconds)
2024-10-22 22:41:46 INFO: 22:41:46.035 [main] [INFO ] q.l.p.CommandLineTaskRunner$CommandLineProgressMonitor - 645 nuclei detected (37%)
2024-10-22 22:41:46 INFO: 22:41:46.066 [task-runner-1-4] [INFO ] q.lib.plugins.DetectionPluginTools - 0 nuclei detected (processing time: 6.51 seconds)
2024-10-22 22:41:46 INFO: 22:41:46.067 [main] [INFO ] q.l.p.CommandLineTaskRunner$CommandLineProgressMonitor - 0 nuclei detected (38%)
2024-10-22 22:41:46 INFO: 22:41:46.645 [task-runner-1-39] [INFO ] q.lib.plugins.DetectionPluginTools - 3291 nuclei detected (processing time: 22.21 seconds)
2024-10-22 22:41:46 INFO: 22:41:46.647 [main] [INFO ] q.l.p.CommandLineTaskRunner$CommandLineProgressMonitor - 3291 nuclei detected (38%)
2024-10-22 22:41:46 INFO: 22:41:46.819 [task-runner-1-57] [INFO ] q.lib.plugins.DetectionPluginTools - 3726 nuclei detected (processing time: 22.38 seconds)
2024-10-22 22:41:46 INFO: 22:41:46.821 [main] [INFO ] q.l.p.CommandLineTaskRunner$CommandLineProgressMonitor - 3726 nuclei detected (39%)
2024-10-22 22:41:47 INFO: 22:41:47.248 [task-runner-1-38] [INFO ] q.lib.plugins.DetectionPluginTools - 4159 nuclei detected (processing time: 22.81 seconds)
2024-10-22 22:41:47 INFO: 22:41:47.249 [main] [INFO ] q.l.p.CommandLineTaskRunner$CommandLineProgressMonitor - 4159 nuclei detected (39%)
2024-10-22 22:41:47 INFO: 22:41:47.339 [task-runner-1-18] [INFO ] q.lib.plugins.DetectionPluginTools - 3 nuclei detected (processing time: 7.22 seconds)
2024-10-22 22:41:47 INFO: 22:41:47.341 [main] [INFO ] q.l.p.CommandLineTaskRunner$CommandLineProgressMonitor - 3 nuclei detected (40%)
2024-10-22 22:41:47 INFO: 22:41:47.515 [task-runner-1-47] [INFO ] q.lib.plugins.DetectionPluginTools - 211 nuclei detected (processing time: 7.94 seconds)
2024-10-22 22:41:47 INFO: 22:41:47.517 [main] [INFO ] q.l.p.CommandLineTaskRunner$CommandLineProgressMonitor - 211 nuclei detected (41%)
2024-10-22 22:41:47 INFO: 22:41:47.676 [task-runner-1-14] [INFO ] q.lib.plugins.DetectionPluginTools - 129 nuclei detected (processing time: 8.11 seconds)
2024-10-22 22:41:47 INFO: 22:41:47.677 [main] [INFO ] q.l.p.CommandLineTaskRunner$CommandLineProgressMonitor - 129 nuclei detected (41%)
2024-10-22 22:41:47 INFO: 22:41:47.848 [task-runner-1-37] [INFO ] q.lib.plugins.DetectionPluginTools - 4865 nuclei detected (processing time: 23.41 seconds)
2024-10-22 22:41:47 INFO: 22:41:47.850 [main] [INFO ] q.l.p.CommandLineTaskRunner$CommandLineProgressMonitor - 4865 nuclei detected (42%)
2024-10-22 22:41:48 INFO: 22:41:48.127 [task-runner-1-36] [INFO ] q.lib.plugins.DetectionPluginTools - 1 nucleus detected (processing time: 6.56 seconds)
2024-10-22 22:41:48 INFO: 22:41:48.129 [main] [INFO ] q.l.p.CommandLineTaskRunner$CommandLineProgressMonitor - 1 nucleus detected (43%)
2024-10-22 22:41:48 INFO: 22:41:48.467 [task-runner-1-56] [INFO ] q.lib.plugins.DetectionPluginTools - 4464 nuclei detected (processing time: 24.03 seconds)
2024-10-22 22:41:48 INFO: 22:41:48.468 [main] [INFO ] q.l.p.CommandLineTaskRunner$CommandLineProgressMonitor - 4464 nuclei detected (43%)
2024-10-22 22:41:48 INFO: 22:41:48.498 [task-runner-1-3] [INFO ] q.lib.plugins.DetectionPluginTools - 58 nuclei detected (processing time: 7.45 seconds)
2024-10-22 22:41:48 INFO: 22:41:48.500 [main] [INFO ] q.l.p.CommandLineTaskRunner$CommandLineProgressMonitor - 58 nuclei detected (44%)
2024-10-22 22:41:48 INFO: 22:41:48.538 [task-runner-1-11] [INFO ] q.lib.plugins.DetectionPluginTools - 319 nuclei detected (processing time: 8.98 seconds)
2024-10-22 22:41:48 INFO: 22:41:48.542 [main] [INFO ] q.l.p.CommandLineTaskRunner$CommandLineProgressMonitor - 319 nuclei detected (44%)
2024-10-22 22:41:48 INFO: 22:41:48.625 [task-runner-1-33] [INFO ] q.lib.plugins.DetectionPluginTools - 188 nuclei detected (processing time: 8.52 seconds)
2024-10-22 22:41:48 INFO: 22:41:48.627 [main] [INFO ] q.l.p.CommandLineTaskRunner$CommandLineProgressMonitor - 188 nuclei detected (45%)
2024-10-22 22:41:48 INFO: 22:41:48.719 [task-runner-1-55] [INFO ] q.lib.plugins.DetectionPluginTools - 3716 nuclei detected (processing time: 24.28 seconds)
2024-10-22 22:41:48 INFO: 22:41:48.721 [main] [INFO ] q.l.p.CommandLineTaskRunner$CommandLineProgressMonitor - 3716 nuclei detected (46%)
2024-10-22 22:41:48 INFO: 22:41:48.805 [task-runner-1-50] [INFO ] q.lib.plugins.DetectionPluginTools - 204 nuclei detected (processing time: 8.55 seconds)
2024-10-22 22:41:48 INFO: 22:41:48.806 [main] [INFO ] q.l.p.CommandLineTaskRunner$CommandLineProgressMonitor - 204 nuclei detected (46%)
2024-10-22 22:41:48 INFO: 22:41:48.812 [task-runner-1-62] [INFO ] q.lib.plugins.DetectionPluginTools - 169 nuclei detected (processing time: 8.60 seconds)
2024-10-22 22:41:48 INFO: 22:41:48.815 [main] [INFO ] q.l.p.CommandLineTaskRunner$CommandLineProgressMonitor - 169 nuclei detected (47%)
2024-10-22 22:41:49 INFO: 22:41:49.204 [task-runner-1-54] [INFO ] q.lib.plugins.DetectionPluginTools - 5057 nuclei detected (processing time: 24.76 seconds)
2024-10-22 22:41:49 INFO: 22:41:49.205 [main] [INFO ] q.l.p.CommandLineTaskRunner$CommandLineProgressMonitor - 5057 nuclei detected (48%)
2024-10-22 22:41:49 INFO: 22:41:49.762 [task-runner-1-61] [INFO ] q.lib.plugins.DetectionPluginTools - 352 nuclei detected (processing time: 9.49 seconds)
2024-10-22 22:41:49 INFO: 22:41:49.764 [main] [INFO ] q.l.p.CommandLineTaskRunner$CommandLineProgressMonitor - 352 nuclei detected (48%)
2024-10-22 22:41:50 INFO: 22:41:50.395 [task-runner-1-13] [INFO ] q.lib.plugins.DetectionPluginTools - 1013 nuclei detected (processing time: 10.82 seconds)
2024-10-22 22:41:50 INFO: 22:41:50.397 [main] [INFO ] q.l.p.CommandLineTaskRunner$CommandLineProgressMonitor - 1013 nuclei detected (49%)
2024-10-22 22:41:50 INFO: 22:41:50.473 [task-runner-1-17] [INFO ] q.lib.plugins.DetectionPluginTools - 891 nuclei detected (processing time: 10.92 seconds)
2024-10-22 22:41:50 INFO: 22:41:50.493 [main] [INFO ] q.l.p.CommandLineTaskRunner$CommandLineProgressMonitor - 891 nuclei detected (49%)
2024-10-22 22:41:51 INFO: 22:41:51.076 [task-runner-1-53] [INFO ] q.lib.plugins.DetectionPluginTools - 6431 nuclei detected (processing time: 26.64 seconds)
2024-10-22 22:41:51 INFO: 22:41:51.077 [main] [INFO ] q.l.p.CommandLineTaskRunner$CommandLineProgressMonitor - 6431 nuclei detected (50%)
2024-10-22 22:41:51 INFO: 22:41:51.106 [task-runner-1-12] [INFO ] q.lib.plugins.DetectionPluginTools - 410 nuclei detected (processing time: 7.79 seconds)
2024-10-22 22:41:51 INFO: 22:41:51.107 [main] [INFO ] q.l.p.CommandLineTaskRunner$CommandLineProgressMonitor - 410 nuclei detected (51%)
2024-10-22 22:41:51 INFO: 22:41:51.603 [task-runner-1-16] [INFO ] q.lib.plugins.DetectionPluginTools - 343 nuclei detected (processing time: 7.91 seconds)
2024-10-22 22:41:51 INFO: 22:41:51.614 [main] [INFO ] q.l.p.CommandLineTaskRunner$CommandLineProgressMonitor - 343 nuclei detected (51%)
2024-10-22 22:41:52 INFO: 22:41:52.169 [task-runner-1-63] [INFO ] q.lib.plugins.DetectionPluginTools - 999 nuclei detected (processing time: 12.12 seconds)
2024-10-22 22:41:52 INFO: 22:41:52.171 [main] [INFO ] q.l.p.CommandLineTaskRunner$CommandLineProgressMonitor - 999 nuclei detected (52%)
2024-10-22 22:41:53 INFO: 22:41:53.015 [task-runner-1-18] [INFO ] q.lib.plugins.DetectionPluginTools - 0 nuclei detected (processing time: 5.67 seconds)
2024-10-22 22:41:53 INFO: 22:41:53.018 [main] [INFO ] q.l.p.CommandLineTaskRunner$CommandLineProgressMonitor - 0 nuclei detected (53%)
2024-10-22 22:41:53 INFO: 22:41:53.935 [task-runner-1-21] [INFO ] q.lib.plugins.DetectionPluginTools - 441 nuclei detected (processing time: 9.95 seconds)
2024-10-22 22:41:53 INFO: 22:41:53.937 [main] [INFO ] q.l.p.CommandLineTaskRunner$CommandLineProgressMonitor - 441 nuclei detected (53%)
2024-10-22 22:41:53 INFO: 22:41:53.952 [task-runner-1-47] [INFO ] q.lib.plugins.DetectionPluginTools - 0 nuclei detected (processing time: 6.43 seconds)
2024-10-22 22:41:53 INFO: 22:41:53.954 [main] [INFO ] q.l.p.CommandLineTaskRunner$CommandLineProgressMonitor - 0 nuclei detected (54%)
2024-10-22 22:41:54 INFO: 22:41:54.730 [task-runner-1-36] [INFO ] q.lib.plugins.DetectionPluginTools - 127 nuclei detected (processing time: 6.60 seconds)
2024-10-22 22:41:54 INFO: 22:41:54.733 [main] [INFO ] q.l.p.CommandLineTaskRunner$CommandLineProgressMonitor - 127 nuclei detected (54%)
2024-10-22 22:41:54 INFO: 22:41:54.735 [task-runner-1-30] [INFO ] q.lib.plugins.DetectionPluginTools - 1699 nuclei detected (processing time: 15.18 seconds)
2024-10-22 22:41:54 INFO: 22:41:54.736 [main] [INFO ] q.l.p.CommandLineTaskRunner$CommandLineProgressMonitor - 1699 nuclei detected (55%)
2024-10-22 22:41:54 INFO: 22:41:54.796 [task-runner-1-11] [INFO ] q.lib.plugins.DetectionPluginTools - 0 nuclei detected (processing time: 6.25 seconds)
2024-10-22 22:41:54 INFO: 22:41:54.803 [main] [INFO ] q.l.p.CommandLineTaskRunner$CommandLineProgressMonitor - 0 nuclei detected (56%)
2024-10-22 22:41:54 INFO: 22:41:54.907 [task-runner-1-56] [INFO ] q.lib.plugins.DetectionPluginTools - 5 nuclei detected (processing time: 6.44 seconds)
2024-10-22 22:41:54 INFO: 22:41:54.909 [main] [INFO ] q.l.p.CommandLineTaskRunner$CommandLineProgressMonitor - 5 nuclei detected (56%)
2024-10-22 22:41:54 INFO: 22:41:54.969 [task-runner-1-33] [INFO ] q.lib.plugins.DetectionPluginTools - 0 nuclei detected (processing time: 6.34 seconds)
2024-10-22 22:41:54 INFO: 22:41:54.969 [task-runner-1-14] [INFO ] q.lib.plugins.DetectionPluginTools - 119 nuclei detected (processing time: 7.29 seconds)
2024-10-22 22:41:54 INFO: 22:41:54.970 [main] [INFO ] q.l.p.CommandLineTaskRunner$CommandLineProgressMonitor - 0 nuclei detected (57%)
2024-10-22 22:41:54 INFO: 22:41:54.971 [main] [INFO ] q.l.p.CommandLineTaskRunner$CommandLineProgressMonitor - 119 nuclei detected (57%)
2024-10-22 22:41:55 INFO: 22:41:55.094 [task-runner-1-37] [INFO ] q.lib.plugins.DetectionPluginTools - 86 nuclei detected (processing time: 7.24 seconds)
2024-10-22 22:41:55 INFO: 22:41:55.098 [main] [INFO ] q.l.p.CommandLineTaskRunner$CommandLineProgressMonitor - 86 nuclei detected (58%)
2024-10-22 22:41:55 INFO: 22:41:55.386 [task-runner-1-38] [INFO ] q.lib.plugins.DetectionPluginTools - 1238 nuclei detected (processing time: 8.14 seconds)
2024-10-22 22:41:55 INFO: 22:41:55.388 [main] [INFO ] q.l.p.CommandLineTaskRunner$CommandLineProgressMonitor - 1238 nuclei detected (59%)
2024-10-22 22:41:55 INFO: 22:41:55.609 [task-runner-1-55] [INFO ] q.lib.plugins.DetectionPluginTools - 0 nuclei detected (processing time: 6.89 seconds)
2024-10-22 22:41:55 INFO: 22:41:55.610 [main] [INFO ] q.l.p.CommandLineTaskRunner$CommandLineProgressMonitor - 0 nuclei detected (59%)
2024-10-22 22:41:55 INFO: 22:41:55.644 [task-runner-1-50] [INFO ] q.lib.plugins.DetectionPluginTools - 29 nuclei detected (processing time: 6.84 seconds)
2024-10-22 22:41:55 INFO: 22:41:55.648 [main] [INFO ] q.l.p.CommandLineTaskRunner$CommandLineProgressMonitor - 29 nuclei detected (60%)
2024-10-22 22:41:55 INFO: 22:41:55.736 [task-runner-1-3] [INFO ] q.lib.plugins.DetectionPluginTools - 17 nuclei detected (processing time: 7.24 seconds)
2024-10-22 22:41:55 INFO: 22:41:55.740 [main] [INFO ] q.l.p.CommandLineTaskRunner$CommandLineProgressMonitor - 17 nuclei detected (61%)
2024-10-22 22:41:55 INFO: 22:41:55.868 [task-runner-1-22] [INFO ] q.lib.plugins.DetectionPluginTools - 2591 nuclei detected (processing time: 14.90 seconds)
2024-10-22 22:41:55 INFO: 22:41:55.869 [main] [INFO ] q.l.p.CommandLineTaskRunner$CommandLineProgressMonitor - 2591 nuclei detected (61%)
2024-10-22 22:41:56 INFO: 22:41:56.338 [task-runner-1-62] [INFO ] q.lib.plugins.DetectionPluginTools - 388 nuclei detected (processing time: 7.52 seconds)
2024-10-22 22:41:56 INFO: 22:41:56.341 [main] [INFO ] q.l.p.CommandLineTaskRunner$CommandLineProgressMonitor - 388 nuclei detected (62%)
2024-10-22 22:41:56 INFO: 22:41:56.758 [task-runner-1-53] [INFO ] q.lib.plugins.DetectionPluginTools - 0 nuclei detected (processing time: 5.68 seconds)
2024-10-22 22:41:56 INFO: 22:41:56.759 [task-runner-1-17] [INFO ] q.lib.plugins.DetectionPluginTools - 0 nuclei detected (processing time: 6.27 seconds)
2024-10-22 22:41:56 INFO: 22:41:56.760 [main] [INFO ] q.l.p.CommandLineTaskRunner$CommandLineProgressMonitor - 0 nuclei detected (63%)
2024-10-22 22:41:57 INFO: 22:41:57.112 [task-runner-1-12] [INFO ] q.lib.plugins.DetectionPluginTools - 0 nuclei detected (processing time: 6.00 seconds)
2024-10-22 22:41:57 INFO: 22:41:57.112 [main] [INFO ] q.l.p.CommandLineTaskRunner$CommandLineProgressMonitor - 0 nuclei detected (64%)
2024-10-22 22:41:57 INFO: 22:41:57.630 [task-runner-1-48] [INFO ] q.lib.plugins.DetectionPluginTools - 3107 nuclei detected (processing time: 18.09 seconds)
2024-10-22 22:41:57 INFO: 22:41:57.631 [main] [INFO ] q.l.p.CommandLineTaskRunner$CommandLineProgressMonitor - 3107 nuclei detected (64%)
2024-10-22 22:41:57 INFO: 22:41:57.701 [task-runner-1-63] [INFO ] q.lib.plugins.DetectionPluginTools - 1 nucleus detected (processing time: 5.53 seconds)
2024-10-22 22:41:57 INFO: 22:41:57.702 [main] [INFO ] q.l.p.CommandLineTaskRunner$CommandLineProgressMonitor - 1 nucleus detected (65%)
2024-10-22 22:41:58 INFO: 22:41:58.004 [task-runner-1-16] [INFO ] q.lib.plugins.DetectionPluginTools - 10 nuclei detected (processing time: 6.39 seconds)
2024-10-22 22:41:58 INFO: 22:41:58.006 [main] [INFO ] q.l.p.CommandLineTaskRunner$CommandLineProgressMonitor - 10 nuclei detected (66%)
2024-10-22 22:41:58 INFO: 22:41:58.923 [task-runner-1-49] [INFO ] q.lib.plugins.DetectionPluginTools - 3463 nuclei detected (processing time: 18.98 seconds)
2024-10-22 22:41:58 INFO: 22:41:58.925 [main] [INFO ] q.l.p.CommandLineTaskRunner$CommandLineProgressMonitor - 3463 nuclei detected (66%)
2024-10-22 22:41:59 INFO: 22:41:59.128 [task-runner-1-18] [INFO ] q.lib.plugins.DetectionPluginTools - 0 nuclei detected (processing time: 6.11 seconds)
2024-10-22 22:41:59 INFO: 22:41:59.129 [main] [INFO ] q.l.p.CommandLineTaskRunner$CommandLineProgressMonitor - 0 nuclei detected (67%)
2024-10-22 22:41:59 INFO: 22:41:59.148 [task-runner-1-59] [INFO ] q.lib.plugins.DetectionPluginTools - 1640 nuclei detected (processing time: 13.92 seconds)
2024-10-22 22:41:59 INFO: 22:41:59.148 [main] [INFO ] q.l.p.CommandLineTaskRunner$CommandLineProgressMonitor - 1640 nuclei detected (68%)
2024-10-22 22:41:59 INFO: 22:41:59.187 [task-runner-1-58] [INFO ] q.lib.plugins.DetectionPluginTools - 1571 nuclei detected (processing time: 13.99 seconds)
2024-10-22 22:41:59 INFO: 22:41:59.189 [main] [INFO ] q.l.p.CommandLineTaskRunner$CommandLineProgressMonitor - 1571 nuclei detected (68%)
2024-10-22 22:41:59 INFO: 22:41:59.464 [task-runner-1-54] [INFO ] q.lib.plugins.DetectionPluginTools - 1694 nuclei detected (processing time: 10.26 seconds)
2024-10-22 22:41:59 INFO: 22:41:59.465 [main] [INFO ] q.l.p.CommandLineTaskRunner$CommandLineProgressMonitor - 1694 nuclei detected (69%)
2024-10-22 22:41:59 INFO: 22:41:59.540 [task-runner-1-19] [INFO ] q.lib.plugins.DetectionPluginTools - 2917 nuclei detected (processing time: 19.58 seconds)
2024-10-22 22:41:59 INFO: 22:41:59.541 [main] [INFO ] q.l.p.CommandLineTaskRunner$CommandLineProgressMonitor - 2917 nuclei detected (69%)
2024-10-22 22:41:59 INFO: 22:41:59.996 [task-runner-1-9] [INFO ] q.lib.plugins.DetectionPluginTools - 3731 nuclei detected (processing time: 20.45 seconds)
2024-10-22 22:41:59 INFO: 22:41:59.997 [main] [INFO ] q.l.p.CommandLineTaskRunner$CommandLineProgressMonitor - 3731 nuclei detected (70%)
2024-10-22 22:42:00 INFO: 22:42:00.136 [task-runner-1-47] [INFO ] q.lib.plugins.DetectionPluginTools - 1 nucleus detected (processing time: 6.18 seconds)
2024-10-22 22:42:00 INFO: 22:42:00.136 [task-runner-1-21] [INFO ] q.lib.plugins.DetectionPluginTools - 1 nucleus detected (processing time: 6.20 seconds)
2024-10-22 22:42:00 INFO: 22:42:00.137 [main] [INFO ] q.l.p.CommandLineTaskRunner$CommandLineProgressMonitor - 1 nucleus detected (71%)
2024-10-22 22:42:00 INFO: 22:42:00.289 [task-runner-1-37] [INFO ] q.lib.plugins.DetectionPluginTools - 0 nuclei detected (processing time: 5.19 seconds)
2024-10-22 22:42:00 INFO: 22:42:00.289 [main] [INFO ] q.l.p.CommandLineTaskRunner$CommandLineProgressMonitor - 0 nuclei detected (72%)
2024-10-22 22:42:00 INFO: 22:42:00.376 [task-runner-1-8] [INFO ] q.lib.plugins.DetectionPluginTools - 3829 nuclei detected (processing time: 20.83 seconds)
2024-10-22 22:42:00 INFO: 22:42:00.377 [main] [INFO ] q.l.p.CommandLineTaskRunner$CommandLineProgressMonitor - 3829 nuclei detected (73%)
2024-10-22 22:42:00 INFO: 22:42:00.453 [task-runner-1-36] [INFO ] q.lib.plugins.DetectionPluginTools - 0 nuclei detected (processing time: 5.72 seconds)
2024-10-22 22:42:00 INFO: 22:42:00.454 [main] [INFO ] q.l.p.CommandLineTaskRunner$CommandLineProgressMonitor - 0 nuclei detected (73%)
2024-10-22 22:42:00 INFO: 22:42:00.469 [task-runner-1-10] [INFO ] q.lib.plugins.DetectionPluginTools - 4105 nuclei detected (processing time: 20.93 seconds)
2024-10-22 22:42:00 INFO: 22:42:00.469 [main] [INFO ] q.l.p.CommandLineTaskRunner$CommandLineProgressMonitor - 4105 nuclei detected (74%)
2024-10-22 22:42:00 INFO: 22:42:00.547 [task-runner-1-46] [INFO ] q.lib.plugins.DetectionPluginTools - 4051 nuclei detected (processing time: 20.80 seconds)
2024-10-22 22:42:00 INFO: 22:42:00.548 [main] [INFO ] q.l.p.CommandLineTaskRunner$CommandLineProgressMonitor - 4051 nuclei detected (74%)
2024-10-22 22:42:00 INFO: 22:42:00.750 [task-runner-1-14] [INFO ] q.lib.plugins.DetectionPluginTools - 0 nuclei detected (processing time: 5.78 seconds)
2024-10-22 22:42:00 INFO: 22:42:00.750 [main] [INFO ] q.l.p.CommandLineTaskRunner$CommandLineProgressMonitor - 0 nuclei detected (75%)
2024-10-22 22:42:00 INFO: 22:42:00.923 [task-runner-1-52] [INFO ] q.lib.plugins.DetectionPluginTools - 2388 nuclei detected (processing time: 15.84 seconds)
2024-10-22 22:42:00 INFO: 22:42:00.924 [main] [INFO ] q.l.p.CommandLineTaskRunner$CommandLineProgressMonitor - 2388 nuclei detected (76%)
2024-10-22 22:42:00 INFO: 22:42:00.938 [task-runner-1-42] [INFO ] q.lib.plugins.DetectionPluginTools - 1395 nuclei detected (processing time: 15.95 seconds)
2024-10-22 22:42:00 INFO: 22:42:00.939 [main] [INFO ] q.l.p.CommandLineTaskRunner$CommandLineProgressMonitor - 1395 nuclei detected (76%)
2024-10-22 22:42:00 INFO: 22:42:00.942 [task-runner-1-55] [INFO ] q.lib.plugins.DetectionPluginTools - 0 nuclei detected (processing time: 5.33 seconds)
2024-10-22 22:42:00 INFO: 22:42:00.943 [main] [INFO ] q.l.p.CommandLineTaskRunner$CommandLineProgressMonitor - 0 nuclei detected (77%)
2024-10-22 22:42:00 INFO: 22:42:00.959 [task-runner-1-50] [INFO ] q.lib.plugins.DetectionPluginTools - 0 nuclei detected (processing time: 5.31 seconds)
2024-10-22 22:42:00 INFO: 22:42:00.959 [main] [INFO ] q.l.p.CommandLineTaskRunner$CommandLineProgressMonitor - 0 nuclei detected (78%)
2024-10-22 22:42:00 INFO: 22:42:00.992 [task-runner-1-34] [INFO ] q.lib.plugins.DetectionPluginTools - 3037 nuclei detected (processing time: 20.71 seconds)
2024-10-22 22:42:00 INFO: 22:42:00.992 [main] [INFO ] q.l.p.CommandLineTaskRunner$CommandLineProgressMonitor - 3037 nuclei detected (78%)
2024-10-22 22:42:01 INFO: 22:42:01.016 [task-runner-1-29] [INFO ] q.lib.plugins.DetectionPluginTools - 3556 nuclei detected (processing time: 21.44 seconds)
2024-10-22 22:42:01 INFO: 22:42:01.016 [main] [INFO ] q.l.p.CommandLineTaskRunner$CommandLineProgressMonitor - 3556 nuclei detected (79%)
2024-10-22 22:42:01 INFO: 22:42:01.093 [task-runner-1-11] [INFO ] q.lib.plugins.DetectionPluginTools - 1 nucleus detected (processing time: 6.29 seconds)
2024-10-22 22:42:01 INFO: 22:42:01.094 [main] [INFO ] q.l.p.CommandLineTaskRunner$CommandLineProgressMonitor - 1 nucleus detected (79%)
2024-10-22 22:42:01 INFO: 22:42:01.122 [task-runner-1-30] [INFO ] q.lib.plugins.DetectionPluginTools - 2 nuclei detected (processing time: 6.39 seconds)
2024-10-22 22:42:01 INFO: 22:42:01.123 [main] [INFO ] q.l.p.CommandLineTaskRunner$CommandLineProgressMonitor - 2 nuclei detected (80%)
2024-10-22 22:42:01 INFO: 22:42:01.164 [task-runner-1-38] [INFO ] q.lib.plugins.DetectionPluginTools - 0 nuclei detected (processing time: 5.78 seconds)
2024-10-22 22:42:01 INFO: 22:42:01.164 [main] [INFO ] q.l.p.CommandLineTaskRunner$CommandLineProgressMonitor - 0 nuclei detected (81%)
2024-10-22 22:42:01 INFO: 22:42:01.180 [task-runner-1-7] [INFO ] q.lib.plugins.DetectionPluginTools - 4441 nuclei detected (processing time: 21.64 seconds)
2024-10-22 22:42:01 INFO: 22:42:01.181 [main] [INFO ] q.l.p.CommandLineTaskRunner$CommandLineProgressMonitor - 4441 nuclei detected (81%)
2024-10-22 22:42:01 INFO: 22:42:01.186 [task-runner-1-56] [INFO ] q.lib.plugins.DetectionPluginTools - 0 nuclei detected (processing time: 6.28 seconds)
2024-10-22 22:42:01 INFO: 22:42:01.186 [main] [INFO ] q.l.p.CommandLineTaskRunner$CommandLineProgressMonitor - 0 nuclei detected (82%)
2024-10-22 22:42:01 INFO: 22:42:01.289 [task-runner-1-45] [INFO ] q.lib.plugins.DetectionPluginTools - 3302 nuclei detected (processing time: 21.34 seconds)
2024-10-22 22:42:01 INFO: 22:42:01.290 [main] [INFO ] q.l.p.CommandLineTaskRunner$CommandLineProgressMonitor - 3302 nuclei detected (83%)
2024-10-22 22:42:01 INFO: 22:42:01.311 [task-runner-1-33] [INFO ] q.lib.plugins.DetectionPluginTools - 1 nucleus detected (processing time: 6.34 seconds)
2024-10-22 22:42:01 INFO: 22:42:01.311 [main] [INFO ] q.l.p.CommandLineTaskRunner$CommandLineProgressMonitor - 1 nucleus detected (83%)
2024-10-22 22:42:01 INFO: 22:42:01.319 [task-runner-1-31] [INFO ] q.lib.plugins.DetectionPluginTools - 5050 nuclei detected (processing time: 21.73 seconds)
2024-10-22 22:42:01 INFO: 22:42:01.319 [main] [INFO ] q.l.p.CommandLineTaskRunner$CommandLineProgressMonitor - 5050 nuclei detected (84%)
2024-10-22 22:42:01 INFO: 22:42:01.441 [task-runner-1-32] [INFO ] q.lib.plugins.DetectionPluginTools - 4595 nuclei detected (processing time: 21.90 seconds)
2024-10-22 22:42:01 INFO: 22:42:01.441 [main] [INFO ] q.l.p.CommandLineTaskRunner$CommandLineProgressMonitor - 4595 nuclei detected (84%)
2024-10-22 22:42:01 INFO: 22:42:01.473 [task-runner-1-51] [INFO ] q.lib.plugins.DetectionPluginTools - 4102 nuclei detected (processing time: 20.75 seconds)
2024-10-22 22:42:01 INFO: 22:42:01.474 [main] [INFO ] q.l.p.CommandLineTaskRunner$CommandLineProgressMonitor - 4102 nuclei detected (85%)
2024-10-22 22:42:01 INFO: 22:42:01.479 [task-runner-1-6] [INFO ] q.lib.plugins.DetectionPluginTools - 4033 nuclei detected (processing time: 21.89 seconds)
2024-10-22 22:42:01 INFO: 22:42:01.480 [main] [INFO ] q.l.p.CommandLineTaskRunner$CommandLineProgressMonitor - 4033 nuclei detected (86%)
2024-10-22 22:42:01 INFO: 22:42:01.483 [task-runner-1-44] [INFO ] q.lib.plugins.DetectionPluginTools - 3339 nuclei detected (processing time: 21.15 seconds)
2024-10-22 22:42:01 INFO: 22:42:01.484 [main] [INFO ] q.l.p.CommandLineTaskRunner$CommandLineProgressMonitor - 3339 nuclei detected (86%)
2024-10-22 22:42:01 INFO: 22:42:01.488 [task-runner-1-35] [INFO ] q.lib.plugins.DetectionPluginTools - 3195 nuclei detected (processing time: 21.17 seconds)
2024-10-22 22:42:01 INFO: 22:42:01.489 [main] [INFO ] q.l.p.CommandLineTaskRunner$CommandLineProgressMonitor - 3195 nuclei detected (87%)
2024-10-22 22:42:01 INFO: 22:42:01.504 [task-runner-1-3] [INFO ] q.lib.plugins.DetectionPluginTools - 0 nuclei detected (processing time: 5.76 seconds)
2024-10-22 22:42:01 INFO: 22:42:01.504 [main] [INFO ] q.l.p.CommandLineTaskRunner$CommandLineProgressMonitor - 0 nuclei detected (88%)
2024-10-22 22:42:01 INFO: 22:42:01.508 [task-runner-1-5] [INFO ] q.lib.plugins.DetectionPluginTools - 4668 nuclei detected (processing time: 21.80 seconds)
2024-10-22 22:42:01 INFO: 22:42:01.508 [main] [INFO ] q.l.p.CommandLineTaskRunner$CommandLineProgressMonitor - 4668 nuclei detected (88%)
2024-10-22 22:42:01 INFO: 22:42:01.634 [task-runner-1-28] [INFO ] q.lib.plugins.DetectionPluginTools - 4340 nuclei detected (processing time: 21.98 seconds)
2024-10-22 22:42:01 INFO: 22:42:01.635 [task-runner-1-26] [INFO ] q.lib.plugins.DetectionPluginTools - 4636 nuclei detected (processing time: 21.95 seconds)
2024-10-22 22:42:01 INFO: 22:42:01.635 [main] [INFO ] q.l.p.CommandLineTaskRunner$CommandLineProgressMonitor - 4340 nuclei detected (89%)
2024-10-22 22:42:01 INFO: 22:42:01.635 [main] [INFO ] q.l.p.CommandLineTaskRunner$CommandLineProgressMonitor - 4636 nuclei detected (89%)
2024-10-22 22:42:01 INFO: 22:42:01.668 [task-runner-1-24] [INFO ] q.lib.plugins.DetectionPluginTools - 4164 nuclei detected (processing time: 20.94 seconds)
2024-10-22 22:42:01 INFO: 22:42:01.668 [main] [INFO ] q.l.p.CommandLineTaskRunner$CommandLineProgressMonitor - 4164 nuclei detected (90%)
2024-10-22 22:42:01 INFO: 22:42:01.756 [task-runner-1-40] [INFO ] q.lib.plugins.DetectionPluginTools - 3390 nuclei detected (processing time: 16.27 seconds)
2024-10-22 22:42:01 INFO: 22:42:01.757 [main] [INFO ] q.l.p.CommandLineTaskRunner$CommandLineProgressMonitor - 3390 nuclei detected (91%)
2024-10-22 22:42:01 INFO: 22:42:01.939 [task-runner-1-25] [INFO ] q.lib.plugins.DetectionPluginTools - 4051 nuclei detected (processing time: 21.66 seconds)
2024-10-22 22:42:01 INFO: 22:42:01.939 [main] [INFO ] q.l.p.CommandLineTaskRunner$CommandLineProgressMonitor - 4051 nuclei detected (91%)
2024-10-22 22:42:01 INFO: 22:42:01.977 [task-runner-1-20] [INFO ] q.lib.plugins.DetectionPluginTools - 4121 nuclei detected (processing time: 21.57 seconds)
2024-10-22 22:42:01 INFO: 22:42:01.977 [main] [INFO ] q.l.p.CommandLineTaskRunner$CommandLineProgressMonitor - 4121 nuclei detected (92%)
2024-10-22 22:42:01 INFO: 22:42:01.978 [task-runner-1-2] [INFO ] q.lib.plugins.DetectionPluginTools - 4732 nuclei detected (processing time: 22.44 seconds)
2024-10-22 22:42:01 INFO: 22:42:01.978 [main] [INFO ] q.l.p.CommandLineTaskRunner$CommandLineProgressMonitor - 4732 nuclei detected (93%)
2024-10-22 22:42:02 INFO: 22:42:02.115 [task-runner-1-61] [INFO ] q.lib.plugins.DetectionPluginTools - 2583 nuclei detected (processing time: 12.35 seconds)
2024-10-22 22:42:02 INFO: 22:42:02.115 [main] [INFO ] q.l.p.CommandLineTaskRunner$CommandLineProgressMonitor - 2583 nuclei detected (93%)
2024-10-22 22:42:02 INFO: 22:42:02.169 [task-runner-1-13] [INFO ] q.lib.plugins.DetectionPluginTools - 3012 nuclei detected (processing time: 11.77 seconds)
2024-10-22 22:42:02 INFO: 22:42:02.170 [main] [INFO ] q.l.p.CommandLineTaskRunner$CommandLineProgressMonitor - 3012 nuclei detected (94%)
2024-10-22 22:42:02 INFO: 22:42:02.343 [task-runner-1-15] [INFO ] q.lib.plugins.DetectionPluginTools - 7082 nuclei detected (processing time: 22.80 seconds)
2024-10-22 22:42:02 INFO: 22:42:02.344 [main] [INFO ] q.l.p.CommandLineTaskRunner$CommandLineProgressMonitor - 7082 nuclei detected (94%)
2024-10-22 22:42:02 INFO: 22:42:02.469 [task-runner-1-43] [INFO ] q.lib.plugins.DetectionPluginTools - 4437 nuclei detected (processing time: 21.52 seconds)
2024-10-22 22:42:02 INFO: 22:42:02.469 [main] [INFO ] q.l.p.CommandLineTaskRunner$CommandLineProgressMonitor - 4437 nuclei detected (95%)
2024-10-22 22:42:02 INFO: 22:42:02.516 [task-runner-1-23] [INFO ] q.lib.plugins.DetectionPluginTools - 5175 nuclei detected (processing time: 21.75 seconds)
2024-10-22 22:42:02 INFO: 22:42:02.517 [main] [INFO ] q.l.p.CommandLineTaskRunner$CommandLineProgressMonitor - 5175 nuclei detected (96%)
2024-10-22 22:42:02 INFO: 22:42:02.562 [task-runner-1-27] [INFO ] q.lib.plugins.DetectionPluginTools - 5878 nuclei detected (processing time: 23.02 seconds)
2024-10-22 22:42:02 INFO: 22:42:02.563 [main] [INFO ] q.l.p.CommandLineTaskRunner$CommandLineProgressMonitor - 5878 nuclei detected (96%)
2024-10-22 22:42:02 INFO: 22:42:02.638 [task-runner-1-60] [INFO ] q.lib.plugins.DetectionPluginTools - 5700 nuclei detected (processing time: 21.68 seconds)
2024-10-22 22:42:02 INFO: 22:42:02.639 [main] [INFO ] q.l.p.CommandLineTaskRunner$CommandLineProgressMonitor - 5700 nuclei detected (97%)
2024-10-22 22:42:03 INFO: 22:42:03.022 [task-runner-1-41] [INFO ] q.lib.plugins.DetectionPluginTools - 4373 nuclei detected (processing time: 17.16 seconds)
2024-10-22 22:42:03 INFO: 22:42:03.022 [main] [INFO ] q.l.p.CommandLineTaskRunner$CommandLineProgressMonitor - 4373 nuclei detected (98%)
2024-10-22 22:42:03 INFO: 22:42:03.427 [task-runner-1-1] [INFO ] q.lib.plugins.DetectionPluginTools - 5678 nuclei detected (processing time: 17.40 seconds)
2024-10-22 22:42:03 INFO: 22:42:03.427 [main] [INFO ] q.l.p.CommandLineTaskRunner$CommandLineProgressMonitor - 5678 nuclei detected (98%)
2024-10-22 22:42:03 INFO: 22:42:03.868 [task-runner-1-4] [INFO ] q.lib.plugins.DetectionPluginTools - 6191 nuclei detected (processing time: 17.80 seconds)
2024-10-22 22:42:03 INFO: 22:42:03.869 [main] [INFO ] q.l.p.CommandLineTaskRunner$CommandLineProgressMonitor - 6191 nuclei detected (99%)
2024-10-22 22:42:03 INFO: 22:42:03.953 [task-runner-1-57] [INFO ] q.lib.plugins.DetectionPluginTools - 5314 nuclei detected (processing time: 17.13 seconds)
2024-10-22 22:42:03 INFO: 22:42:03.953 [main] [INFO ] q.l.p.CommandLineTaskRunner$CommandLineProgressMonitor - 5314 nuclei detected (99%)
2024-10-22 22:42:03 INFO: 22:42:03.968 [task-runner-1-39] [INFO ] q.lib.plugins.DetectionPluginTools - 6188 nuclei detected (processing time: 17.32 seconds)
2024-10-22 22:42:03 INFO: 22:42:03.969 [main] [INFO ] q.l.p.CommandLineTaskRunner$CommandLineProgressMonitor - 6188 nuclei detected (100%)
2024-10-22 22:42:03 INFO: 22:42:03.969 [main] [INFO ] q.l.p.CommandLineTaskRunner$CommandLineProgressMonitor - Processing complete in 39.54 seconds
2024-10-22 22:42:03 INFO: 22:42:03.969 [main] [INFO ] q.l.p.CommandLineTaskRunner$CommandLineProgressMonitor - Tasks completed!
2024-10-22 22:42:13 INFO: 22:42:13.733 [main] [WARN ] q.l.p.objects.SmoothFeaturesPlugin - Smoothing using annotations
2024-10-22 22:42:17 INFO: 22:42:17.690 [main] [INFO ] q.l.p.CommandLineTaskRunner$CommandLineProgressMonitor - Completed (100%)
2024-10-22 22:42:17 INFO: 22:42:17.691 [main] [INFO ] q.l.p.CommandLineTaskRunner$CommandLineProgressMonitor - Processing complete in 3.96 seconds
2024-10-22 22:42:17 INFO: 22:42:17.691 [main] [INFO ] q.l.p.CommandLineTaskRunner$CommandLineProgressMonitor - Tasks completed!
2024-10-22 22:42:17 INFO: 22:42:17.692 [main] [WARN ] q.l.p.objects.SmoothFeaturesPlugin - Smoothing using annotations
2024-10-22 22:42:25 INFO: 22:42:25.415 [main] [INFO ] q.l.p.CommandLineTaskRunner$CommandLineProgressMonitor - Completed (100%)
2024-10-22 22:42:25 INFO: 22:42:25.415 [main] [INFO ] q.l.p.CommandLineTaskRunner$CommandLineProgressMonitor - Processing complete in 7.72 seconds
2024-10-22 22:42:25 INFO: 22:42:25.416 [main] [INFO ] q.l.p.CommandLineTaskRunner$CommandLineProgressMonitor - Tasks completed!
2024-10-22 22:42:25 INFO: 22:42:25.417 [main] [WARN ] q.l.p.objects.SmoothFeaturesPlugin - Smoothing using annotations
2024-10-22 22:42:46 INFO: 22:42:46.119 [main] [INFO ] q.l.p.CommandLineTaskRunner$CommandLineProgressMonitor - Completed (100%)
2024-10-22 22:42:46 INFO: 22:42:46.119 [main] [INFO ] q.l.p.CommandLineTaskRunner$CommandLineProgressMonitor - Processing complete in 20.70 seconds
2024-10-22 22:42:46 INFO: 22:42:46.119 [main] [INFO ] q.l.p.CommandLineTaskRunner$CommandLineProgressMonitor - Tasks completed!
2024-10-22 22:42:46 INFO: 22:42:46.340 [task-runner-5-2] [INFO ] q.l.a.IntensityFeaturesPlugin - Splitting Rectangle (0, 0, 63784, 39311) into 40 tiles for intensity measurements
2024-10-22 22:42:46 INFO: 22:42:46.595 [main] [INFO ] q.l.p.CommandLineTaskRunner$CommandLineProgressMonitor - Completed (0%)
2024-10-22 22:42:47 INFO: 22:42:47.601 [main] [INFO ] q.l.p.CommandLineTaskRunner$CommandLineProgressMonitor - Completed (1%)
2024-10-22 22:42:48 INFO: 22:42:48.026 [main] [INFO ] q.l.p.CommandLineTaskRunner$CommandLineProgressMonitor - Completed (2%)
2024-10-22 22:42:48 INFO: 22:42:48.239 [main] [INFO ] q.l.p.CommandLineTaskRunner$CommandLineProgressMonitor - Completed (3%)
2024-10-22 22:42:48 INFO: 22:42:48.370 [main] [INFO ] q.l.p.CommandLineTaskRunner$CommandLineProgressMonitor - Completed (4%)
2024-10-22 22:42:48 INFO: 22:42:48.916 [main] [INFO ] q.l.p.CommandLineTaskRunner$CommandLineProgressMonitor - Completed (5%)
2024-10-22 22:42:49 INFO: 22:42:49.026 [main] [INFO ] q.l.p.CommandLineTaskRunner$CommandLineProgressMonitor - Completed (6%)
2024-10-22 22:42:49 INFO: 22:42:49.140 [main] [INFO ] q.l.p.CommandLineTaskRunner$CommandLineProgressMonitor - Completed (7%)
2024-10-22 22:42:49 INFO: 22:42:49.241 [main] [INFO ] q.l.p.CommandLineTaskRunner$CommandLineProgressMonitor - Completed (8%)
2024-10-22 22:42:49 INFO: 22:42:49.344 [main] [INFO ] q.l.p.CommandLineTaskRunner$CommandLineProgressMonitor - Completed (9%)
2024-10-22 22:42:49 INFO: 22:42:49.451 [main] [INFO ] q.l.p.CommandLineTaskRunner$CommandLineProgressMonitor - Completed (10%)
2024-10-22 22:42:49 INFO: 22:42:49.602 [main] [INFO ] q.l.p.CommandLineTaskRunner$CommandLineProgressMonitor - Completed (11%)
2024-10-22 22:42:49 INFO: 22:42:49.741 [main] [INFO ] q.l.p.CommandLineTaskRunner$CommandLineProgressMonitor - Completed (12%)
2024-10-22 22:42:49 INFO: 22:42:49.850 [main] [INFO ] q.l.p.CommandLineTaskRunner$CommandLineProgressMonitor - Completed (13%)
2024-10-22 22:42:49 INFO: 22:42:49.964 [main] [INFO ] q.l.p.CommandLineTaskRunner$CommandLineProgressMonitor - Completed (14%)
2024-10-22 22:42:50 INFO: 22:42:50.150 [main] [INFO ] q.l.p.CommandLineTaskRunner$CommandLineProgressMonitor - Completed (15%)
2024-10-22 22:42:50 INFO: 22:42:50.268 [main] [INFO ] q.l.p.CommandLineTaskRunner$CommandLineProgressMonitor - Completed (16%)
2024-10-22 22:42:50 INFO: 22:42:50.427 [main] [INFO ] q.l.p.CommandLineTaskRunner$CommandLineProgressMonitor - Completed (17%)
2024-10-22 22:42:50 INFO: 22:42:50.567 [main] [INFO ] q.l.p.CommandLineTaskRunner$CommandLineProgressMonitor - Completed (18%)
2024-10-22 22:42:50 INFO: 22:42:50.709 [main] [INFO ] q.l.p.CommandLineTaskRunner$CommandLineProgressMonitor - Completed (19%)
2024-10-22 22:42:50 INFO: 22:42:50.838 [main] [INFO ] q.l.p.CommandLineTaskRunner$CommandLineProgressMonitor - Completed (20%)
2024-10-22 22:42:50 INFO: 22:42:50.964 [main] [INFO ] q.l.p.CommandLineTaskRunner$CommandLineProgressMonitor - Completed (21%)
2024-10-22 22:42:51 INFO: 22:42:51.086 [main] [INFO ] q.l.p.CommandLineTaskRunner$CommandLineProgressMonitor - Completed (22%)
2024-10-22 22:42:51 INFO: 22:42:51.235 [main] [INFO ] q.l.p.CommandLineTaskRunner$CommandLineProgressMonitor - Completed (23%)
2024-10-22 22:42:51 INFO: 22:42:51.592 [main] [INFO ] q.l.p.CommandLineTaskRunner$CommandLineProgressMonitor - Completed (24%)
2024-10-22 22:42:51 INFO: 22:42:51.764 [main] [INFO ] q.l.p.CommandLineTaskRunner$CommandLineProgressMonitor - Completed (25%)
2024-10-22 22:42:51 INFO: 22:42:51.919 [main] [INFO ] q.l.p.CommandLineTaskRunner$CommandLineProgressMonitor - Completed (26%)
2024-10-22 22:42:52 INFO: 22:42:52.099 [main] [INFO ] q.l.p.CommandLineTaskRunner$CommandLineProgressMonitor - Completed (27%)
2024-10-22 22:42:52 INFO: 22:42:52.268 [main] [INFO ] q.l.p.CommandLineTaskRunner$CommandLineProgressMonitor - Completed (28%)
2024-10-22 22:42:52 INFO: 22:42:52.455 [main] [INFO ] q.l.p.CommandLineTaskRunner$CommandLineProgressMonitor - Completed (29%)
2024-10-22 22:42:52 INFO: 22:42:52.632 [main] [INFO ] q.l.p.CommandLineTaskRunner$CommandLineProgressMonitor - Completed (30%)
2024-10-22 22:42:52 INFO: 22:42:52.873 [main] [INFO ] q.l.p.CommandLineTaskRunner$CommandLineProgressMonitor - Completed (31%)
2024-10-22 22:42:53 INFO: 22:42:53.042 [main] [INFO ] q.l.p.CommandLineTaskRunner$CommandLineProgressMonitor - Completed (32%)
2024-10-22 22:42:53 INFO: 22:42:53.211 [main] [INFO ] q.l.p.CommandLineTaskRunner$CommandLineProgressMonitor - Completed (33%)
2024-10-22 22:42:53 INFO: 22:42:53.368 [main] [INFO ] q.l.p.CommandLineTaskRunner$CommandLineProgressMonitor - Completed (34%)
2024-10-22 22:42:53 INFO: 22:42:53.521 [main] [INFO ] q.l.p.CommandLineTaskRunner$CommandLineProgressMonitor - Completed (35%)
2024-10-22 22:42:53 INFO: 22:42:53.674 [main] [INFO ] q.l.p.CommandLineTaskRunner$CommandLineProgressMonitor - Completed (36%)
2024-10-22 22:42:53 INFO: 22:42:53.789 [main] [INFO ] q.l.p.CommandLineTaskRunner$CommandLineProgressMonitor - Completed (37%)
2024-10-22 22:42:53 INFO: 22:42:53.903 [main] [INFO ] q.l.p.CommandLineTaskRunner$CommandLineProgressMonitor - Completed (38%)
2024-10-22 22:42:54 INFO: 22:42:54.017 [main] [INFO ] q.l.p.CommandLineTaskRunner$CommandLineProgressMonitor - Completed (39%)
2024-10-22 22:42:54 INFO: 22:42:54.129 [main] [INFO ] q.l.p.CommandLineTaskRunner$CommandLineProgressMonitor - Completed (40%)
2024-10-22 22:42:54 INFO: 22:42:54.264 [main] [INFO ] q.l.p.CommandLineTaskRunner$CommandLineProgressMonitor - Completed (41%)
2024-10-22 22:42:54 INFO: 22:42:54.433 [main] [INFO ] q.l.p.CommandLineTaskRunner$CommandLineProgressMonitor - Completed (42%)
2024-10-22 22:42:54 INFO: 22:42:54.561 [main] [INFO ] q.l.p.CommandLineTaskRunner$CommandLineProgressMonitor - Completed (43%)
2024-10-22 22:42:54 INFO: 22:42:54.682 [main] [INFO ] q.l.p.CommandLineTaskRunner$CommandLineProgressMonitor - Completed (44%)
2024-10-22 22:42:54 INFO: 22:42:54.805 [main] [INFO ] q.l.p.CommandLineTaskRunner$CommandLineProgressMonitor - Completed (45%)
2024-10-22 22:42:54 INFO: 22:42:54.937 [main] [INFO ] q.l.p.CommandLineTaskRunner$CommandLineProgressMonitor - Completed (46%)
2024-10-22 22:42:55 INFO: 22:42:55.104 [main] [INFO ] q.l.p.CommandLineTaskRunner$CommandLineProgressMonitor - Completed (47%)
2024-10-22 22:42:55 INFO: 22:42:55.232 [main] [INFO ] q.l.p.CommandLineTaskRunner$CommandLineProgressMonitor - Completed (48%)
2024-10-22 22:42:55 INFO: 22:42:55.351 [main] [INFO ] q.l.p.CommandLineTaskRunner$CommandLineProgressMonitor - Completed (49%)
2024-10-22 22:42:55 INFO: 22:42:55.462 [main] [INFO ] q.l.p.CommandLineTaskRunner$CommandLineProgressMonitor - Completed (50%)
2024-10-22 22:42:55 INFO: 22:42:55.569 [main] [INFO ] q.l.p.CommandLineTaskRunner$CommandLineProgressMonitor - Completed (51%)
2024-10-22 22:42:55 INFO: 22:42:55.686 [main] [INFO ] q.l.p.CommandLineTaskRunner$CommandLineProgressMonitor - Completed (52%)
2024-10-22 22:42:55 INFO: 22:42:55.794 [main] [INFO ] q.l.p.CommandLineTaskRunner$CommandLineProgressMonitor - Completed (53%)
2024-10-22 22:42:55 INFO: 22:42:55.903 [main] [INFO ] q.l.p.CommandLineTaskRunner$CommandLineProgressMonitor - Completed (54%)
2024-10-22 22:42:56 INFO: 22:42:56.008 [main] [INFO ] q.l.p.CommandLineTaskRunner$CommandLineProgressMonitor - Completed (55%)
2024-10-22 22:42:56 INFO: 22:42:56.110 [main] [INFO ] q.l.p.CommandLineTaskRunner$CommandLineProgressMonitor - Completed (56%)
2024-10-22 22:42:56 INFO: 22:42:56.210 [main] [INFO ] q.l.p.CommandLineTaskRunner$CommandLineProgressMonitor - Completed (57%)
2024-10-22 22:42:56 INFO: 22:42:56.315 [main] [INFO ] q.l.p.CommandLineTaskRunner$CommandLineProgressMonitor - Completed (58%)
2024-10-22 22:42:56 INFO: 22:42:56.418 [main] [INFO ] q.l.p.CommandLineTaskRunner$CommandLineProgressMonitor - Completed (59%)
2024-10-22 22:42:56 INFO: 22:42:56.536 [main] [INFO ] q.l.p.CommandLineTaskRunner$CommandLineProgressMonitor - Completed (60%)
2024-10-22 22:42:56 INFO: 22:42:56.651 [main] [INFO ] q.l.p.CommandLineTaskRunner$CommandLineProgressMonitor - Completed (61%)
2024-10-22 22:42:56 INFO: 22:42:56.764 [main] [INFO ] q.l.p.CommandLineTaskRunner$CommandLineProgressMonitor - Completed (62%)
2024-10-22 22:42:56 INFO: 22:42:56.952 [main] [INFO ] q.l.p.CommandLineTaskRunner$CommandLineProgressMonitor - Completed (63%)
2024-10-22 22:42:57 INFO: 22:42:57.184 [main] [INFO ] q.l.p.CommandLineTaskRunner$CommandLineProgressMonitor - Completed (64%)
2024-10-22 22:42:57 INFO: 22:42:57.414 [main] [INFO ] q.l.p.CommandLineTaskRunner$CommandLineProgressMonitor - Completed (65%)
2024-10-22 22:42:57 INFO: 22:42:57.591 [main] [INFO ] q.l.p.CommandLineTaskRunner$CommandLineProgressMonitor - Completed (66%)
2024-10-22 22:42:57 INFO: 22:42:57.765 [main] [INFO ] q.l.p.CommandLineTaskRunner$CommandLineProgressMonitor - Completed (67%)
2024-10-22 22:42:57 INFO: 22:42:57.944 [main] [INFO ] q.l.p.CommandLineTaskRunner$CommandLineProgressMonitor - Completed (68%)
2024-10-22 22:42:58 INFO: 22:42:58.121 [main] [INFO ] q.l.p.CommandLineTaskRunner$CommandLineProgressMonitor - Completed (69%)
2024-10-22 22:42:58 INFO: 22:42:58.292 [main] [INFO ] q.l.p.CommandLineTaskRunner$CommandLineProgressMonitor - Completed (70%)
2024-10-22 22:42:58 INFO: 22:42:58.511 [main] [INFO ] q.l.p.CommandLineTaskRunner$CommandLineProgressMonitor - Completed (71%)
2024-10-22 22:42:58 INFO: 22:42:58.618 [main] [INFO ] q.l.p.CommandLineTaskRunner$CommandLineProgressMonitor - Completed (72%)
2024-10-22 22:42:58 INFO: 22:42:58.720 [main] [INFO ] q.l.p.CommandLineTaskRunner$CommandLineProgressMonitor - Completed (73%)
2024-10-22 22:42:58 INFO: 22:42:58.827 [main] [INFO ] q.l.p.CommandLineTaskRunner$CommandLineProgressMonitor - Completed (74%)
2024-10-22 22:42:58 INFO: 22:42:58.935 [main] [INFO ] q.l.p.CommandLineTaskRunner$CommandLineProgressMonitor - Completed (75%)
2024-10-22 22:42:59 INFO: 22:42:59.039 [main] [INFO ] q.l.p.CommandLineTaskRunner$CommandLineProgressMonitor - Completed (76%)
2024-10-22 22:42:59 INFO: 22:42:59.145 [main] [INFO ] q.l.p.CommandLineTaskRunner$CommandLineProgressMonitor - Completed (77%)
2024-10-22 22:42:59 INFO: 22:42:59.247 [main] [INFO ] q.l.p.CommandLineTaskRunner$CommandLineProgressMonitor - Completed (78%)
2024-10-22 22:42:59 INFO: 22:42:59.352 [main] [INFO ] q.l.p.CommandLineTaskRunner$CommandLineProgressMonitor - Completed (79%)
2024-10-22 22:42:59 INFO: 22:42:59.457 [main] [INFO ] q.l.p.CommandLineTaskRunner$CommandLineProgressMonitor - Completed (80%)
2024-10-22 22:42:59 INFO: 22:42:59.562 [main] [INFO ] q.l.p.CommandLineTaskRunner$CommandLineProgressMonitor - Completed (81%)
2024-10-22 22:42:59 INFO: 22:42:59.714 [main] [INFO ] q.l.p.CommandLineTaskRunner$CommandLineProgressMonitor - Completed (82%)
2024-10-22 22:42:59 INFO: 22:42:59.827 [main] [INFO ] q.l.p.CommandLineTaskRunner$CommandLineProgressMonitor - Completed (83%)
2024-10-22 22:42:59 INFO: 22:42:59.938 [main] [INFO ] q.l.p.CommandLineTaskRunner$CommandLineProgressMonitor - Completed (84%)
2024-10-22 22:43:00 INFO: 22:43:00.043 [main] [INFO ] q.l.p.CommandLineTaskRunner$CommandLineProgressMonitor - Completed (85%)
2024-10-22 22:43:00 INFO: 22:43:00.155 [main] [INFO ] q.l.p.CommandLineTaskRunner$CommandLineProgressMonitor - Completed (86%)
2024-10-22 22:43:00 INFO: 22:43:00.259 [main] [INFO ] q.l.p.CommandLineTaskRunner$CommandLineProgressMonitor - Completed (87%)
2024-10-22 22:43:00 INFO: 22:43:00.367 [main] [INFO ] q.l.p.CommandLineTaskRunner$CommandLineProgressMonitor - Completed (88%)
2024-10-22 22:43:00 INFO: 22:43:00.488 [main] [INFO ] q.l.p.CommandLineTaskRunner$CommandLineProgressMonitor - Completed (89%)
2024-10-22 22:43:00 INFO: 22:43:00.589 [main] [INFO ] q.l.p.CommandLineTaskRunner$CommandLineProgressMonitor - Completed (90%)
2024-10-22 22:43:00 INFO: 22:43:00.692 [main] [INFO ] q.l.p.CommandLineTaskRunner$CommandLineProgressMonitor - Completed (91%)
2024-10-22 22:43:00 INFO: 22:43:00.795 [main] [INFO ] q.l.p.CommandLineTaskRunner$CommandLineProgressMonitor - Completed (92%)
2024-10-22 22:43:00 INFO: 22:43:00.894 [main] [INFO ] q.l.p.CommandLineTaskRunner$CommandLineProgressMonitor - Completed (93%)
2024-10-22 22:43:00 INFO: 22:43:00.997 [main] [INFO ] q.l.p.CommandLineTaskRunner$CommandLineProgressMonitor - Completed (94%)
2024-10-22 22:43:01 INFO: 22:43:01.174 [main] [INFO ] q.l.p.CommandLineTaskRunner$CommandLineProgressMonitor - Completed (95%)
2024-10-22 22:43:01 INFO: 22:43:01.274 [main] [INFO ] q.l.p.CommandLineTaskRunner$CommandLineProgressMonitor - Completed (96%)
2024-10-22 22:43:01 INFO: 22:43:01.387 [main] [INFO ] q.l.p.CommandLineTaskRunner$CommandLineProgressMonitor - Completed (97%)
2024-10-22 22:43:01 INFO: 22:43:01.507 [main] [INFO ] q.l.p.CommandLineTaskRunner$CommandLineProgressMonitor - Completed (98%)
2024-10-22 22:43:01 INFO: 22:43:01.611 [main] [INFO ] q.l.p.CommandLineTaskRunner$CommandLineProgressMonitor - Completed (99%)
2024-10-22 22:43:01 INFO: 22:43:01.717 [main] [INFO ] q.l.p.CommandLineTaskRunner$CommandLineProgressMonitor - Completed (100%)
2024-10-22 22:43:57 INFO: 22:43:57.239 [main] [INFO ] q.l.p.CommandLineTaskRunner$CommandLineProgressMonitor - Completed (100%)
2024-10-22 22:43:57 INFO: 22:43:57.241 [main] [INFO ] q.l.p.CommandLineTaskRunner$CommandLineProgressMonitor - Processing complete in 70.91 seconds
2024-10-22 22:43:57 INFO: 22:43:57.241 [main] [INFO ] q.l.p.CommandLineTaskRunner$CommandLineProgressMonitor - Tasks completed!
2024-10-22 22:46:17 INFO: 22:46:17.446 [task-runner-6-1] [WARN ] q.o.features.DelaunayTriangulation - Some objects have missing measurements! Statistics will calculated only for objects with measurements available.
2024-10-22 22:46:17 INFO: 22:46:17.447 [task-runner-6-1] [WARN ] q.o.features.DelaunayTriangulation - Missing measurements: [ROI: 1.00 m per pixel: Residual: Haralick Correlation (F2), ROI: 1.00 m per pixel: Residual: Haralick Information measure of correlation 1 (F11), ROI: 1.00 m per pixel: Eosin: Haralick Correlation (F2), ROI: 1.00 m per pixel: Eosin: Haralick Information measure of correlation 1 (F11), ROI: 1.00 m per pixel: Hematoxylin: Haralick Correlation (F2), ROI: 1.00 m per pixel: Hematoxylin: Haralick Information measure of correlation 1 (F11), ROI: 1.00 m per pixel: Residual: Haralick Information measure of correlation 2 (F12)]
2024-10-22 22:46:17 INFO: 22:46:17.489 [main] [INFO ] q.l.p.CommandLineTaskRunner$CommandLineProgressMonitor - Delaunay triangulation calculated for Annotation (222828 objects) (100%)
2024-10-22 22:46:17 INFO: 22:46:17.489 [main] [INFO ] q.l.p.CommandLineTaskRunner$CommandLineProgressMonitor - Processing complete in 140.19 seconds
2024-10-22 22:46:17 INFO: 22:46:17.489 [main] [INFO ] q.l.p.CommandLineTaskRunner$CommandLineProgressMonitor - Tasks completed!
2024-10-22 22:48:48 INFO: TCGA-GI-A2C8-01Z-00-DX1.09BD8AC9-645A-4C8B-9B36-77D833BDBA09
2024-10-22 22:48:48 INFO: QuPath subprocess completed.
2024-10-22 22:49:00 INFO: QuPath image extraction completed successfully. Output directory: /home/ilants/Documents/jupyter_test/single_image_multiple_params/exp_threshold_0.075
2024-10-22 22:49:00 INFO: Summary table saved to: /home/ilants/Documents/jupyter_test/single_image_multiple_params/exp_threshold_0.075/Summary_Table.csv
2024-10-22 22:49:01 INFO: Experiment completed successfully.
