2024-10-23 00:40:32 INFO: Starting experiment with for sigmaMicrons with value of 0.25
2024-10-23 00:40:32 INFO: Running with the following configuration:
{'detectionImageBrightfield': 'Hematoxylin OD', 'requestedPixelSizeMicrons': 0.5, 'backgroundRadiusMicrons': 4.0, 'backgroundByReconstruction': True, 'medianRadiusMicrons': 0.0, 'sigmaMicrons': 0.25, 'minAreaMicrons': 10.0, 'maxAreaMicrons': 80.0, 'threshold': 0.1, 'maxBackground': 2.0, 'watershedPostProcess': True, 'cellExpansionMicrons': 5.0, 'includeNuclei': True, 'smoothBoundaries': True, 'makeMeasurements': True, 'backgroundRadiusPixel': 8.0, 'cellExpansionPixel': 10.0, 'medianRadiusPixel': 0.0, 'minAreaPixel': 20.0, 'maxAreaPixel': 160.0}
2024-10-23 00:40:32 INFO: Starting QuPath image extraction with the following parameters: image_dir=/home/ilants/Documents/jupyter_test, output_dir=/home/ilants/Documents/jupyter_test/single_image_multiple_params/exp_sigmaMicrons_0.25, image_type=svs, groovy_script=/home/ilants/Documents/utls/nucleus_detection_wargs.groovy, config_file=/home/ilants/Documents/jupyter_test/single_image_multiple_params/exp_sigmaMicrons_0.25/cfg.json, program_path=/home/ilants/Documents/QuPath-v0.5.1-Linux/QuPath/bin/QuPath
2024-10-23 00:40:33 INFO: 00:40:33.875 [main] [INFO ] qupath.lib.gui.prefs.PathPrefs - Setting default Locale to en_US
2024-10-23 00:40:33 INFO: 00:40:33.878 [main] [INFO ] qupath.lib.gui.prefs.PathPrefs - Setting Locale for FORMAT to en_US
2024-10-23 00:40:33 INFO: 00:40:33.879 [main] [INFO ] qupath.lib.gui.prefs.PathPrefs - Setting Locale for DISPLAY to en_US
2024-10-23 00:40:33 INFO: 00:40:33.892 [main] [INFO ] qupath.lib.common.ThreadTools - Setting parallelism to 63
2024-10-23 00:40:33 INFO: 00:40:33.909 [main] [INFO ] qupath.ScriptCommand - Setting tile cache size to 32200.00 MB (25.0% max memory)
2024-10-23 00:40:33 INFO: 00:40:33.959 [main] [INFO ] qupath.lib.scripting.QP - Initializing type adapters
2024-10-23 00:40:34 INFO: Warning: Versions of org.bytedeco:javacpp:1.5.9 and org.bytedeco:opencv:4.6.0-1.5.8 do not match.
2024-10-23 00:40:34 INFO: Warning: Versions of org.bytedeco:javacpp:1.5.9 and org.bytedeco:openblas:0.3.21-1.5.8 do not match.
2024-10-23 00:40:35 INFO: project parameters are: {"detectionImageBrightfield": "Hematoxylin OD","requestedPixelSizeMicrons": 0.5,"backgroundRadiusMicrons": 4.0,"backgroundByReconstruction": true,"medianRadiusMicrons": 0.0,"sigmaMicrons": 0.25,"minAreaMicrons": 10.0,"maxAreaMicrons": 80.0,"threshold": 0.1,"maxBackground": 2.0,"watershedPostProcess": true,"cellExpansionMicrons": 5.0,"includeNuclei": true,"smoothBoundaries": true,"makeMeasurements": true,"backgroundRadiusPixel": 8.0,"cellExpansionPixel": 10.0,"medianRadiusPixel": 0.0,"minAreaPixel": 20.0,"maxAreaPixel": 160.0}
2024-10-23 00:40:35 INFO: New project created at: /home/ilants/Documents/jupyter_test/single_image_multiple_params/exp_sigmaMicrons_0.25/QPProject
2024-10-23 00:40:35 INFO: Added: /home/ilants/Documents/jupyter_test/TCGA-GI-A2C8-01Z-00-DX1.09BD8AC9-645A-4C8B-9B36-77D833BDBA09.svs
2024-10-23 00:40:35 INFO: /home/ilants/Documents/jupyter_test/TCGA-GI-A2C8-01Z-00-DX1.09BD8AC9-645A-4C8B-9B36-77D833BDBA09.svs
2024-10-23 00:40:35 INFO: 00:40:35.917 [main] [INFO ] q.l.i.s.b.BioFormatsServerOptions - Setting max Bio-Formats readers to 32
2024-10-23 00:40:36 INFO: UriImageSupport (class qupath.lib.images.servers.bioformats.BioFormatsServerBuilder) support=3.0, builders=1
2024-10-23 00:40:36 INFO: true
2024-10-23 00:40:36 INFO: 00:40:36.592 [main] [WARN ] qupath.lib.scripting.QP - createSelectAllObject(boolean) is deprecated, use createFullImageAnnotation(boolean) instead
2024-10-23 00:40:36 INFO: 00:40:36.592 [main] [WARN ] qupath.lib.scripting.QP - createSelectAllObject(boolean, int, int) is deprecated, use createFullImageAnnotation(boolean, int, int) instead
2024-10-23 00:40:36 INFO: 00:40:36.602 [main] [WARN ] q.l.plugins.parameters.ParameterList - Unable to set parameter backgroundRadiusPixel with value 8.0
2024-10-23 00:40:36 INFO: 00:40:36.602 [main] [WARN ] q.l.plugins.parameters.ParameterList - Unable to set parameter cellExpansionPixel with value 10.0
2024-10-23 00:40:36 INFO: 00:40:36.603 [main] [WARN ] q.l.plugins.parameters.ParameterList - Unable to set parameter medianRadiusPixel with value 0.0
2024-10-23 00:40:36 INFO: 00:40:36.603 [main] [WARN ] q.l.plugins.parameters.ParameterList - Unable to set parameter minAreaPixel with value 20.0
2024-10-23 00:40:36 INFO: 00:40:36.603 [main] [WARN ] q.l.plugins.parameters.ParameterList - Unable to set parameter maxAreaPixel with value 160.0
2024-10-23 00:40:49 INFO: 00:40:49.935 [task-runner-1-12] [INFO ] q.lib.plugins.DetectionPluginTools - 0 nuclei detected (processing time: 13.21 seconds)
2024-10-23 00:40:49 INFO: 00:40:49.935 [task-runner-1-17] [INFO ] q.lib.plugins.DetectionPluginTools - 0 nuclei detected (processing time: 13.21 seconds)
2024-10-23 00:40:49 INFO: 00:40:49.937 [main] [INFO ] q.l.p.CommandLineTaskRunner$CommandLineProgressMonitor - 0 nuclei detected (1%)
2024-10-23 00:40:49 INFO: 00:40:49.939 [task-runner-1-3] [INFO ] q.lib.plugins.DetectionPluginTools - 0 nuclei detected (processing time: 13.21 seconds)
2024-10-23 00:40:49 INFO: 00:40:49.939 [main] [INFO ] q.l.p.CommandLineTaskRunner$CommandLineProgressMonitor - 0 nuclei detected (2%)
2024-10-23 00:40:49 INFO: 00:40:49.940 [task-runner-1-9] [INFO ] q.lib.plugins.DetectionPluginTools - 0 nuclei detected (processing time: 13.21 seconds)
2024-10-23 00:40:49 INFO: 00:40:49.941 [main] [INFO ] q.l.p.CommandLineTaskRunner$CommandLineProgressMonitor - 0 nuclei detected (3%)
2024-10-23 00:40:49 INFO: 00:40:49.942 [task-runner-1-6] [INFO ] q.lib.plugins.DetectionPluginTools - 2 nuclei detected (processing time: 13.22 seconds)
2024-10-23 00:40:49 INFO: 00:40:49.943 [main] [INFO ] q.l.p.CommandLineTaskRunner$CommandLineProgressMonitor - 2 nuclei detected (3%)
2024-10-23 00:40:49 INFO: 00:40:49.943 [task-runner-1-14] [INFO ] q.lib.plugins.DetectionPluginTools - 4 nuclei detected (processing time: 13.22 seconds)
2024-10-23 00:40:49 INFO: 00:40:49.944 [main] [INFO ] q.l.p.CommandLineTaskRunner$CommandLineProgressMonitor - 4 nuclei detected (4%)
2024-10-23 00:40:49 INFO: 00:40:49.946 [task-runner-1-1] [INFO ] q.lib.plugins.DetectionPluginTools - 0 nuclei detected (processing time: 13.22 seconds)
2024-10-23 00:40:49 INFO: 00:40:49.946 [main] [INFO ] q.l.p.CommandLineTaskRunner$CommandLineProgressMonitor - 0 nuclei detected (4%)
2024-10-23 00:40:49 INFO: 00:40:49.946 [task-runner-1-11] [INFO ] q.lib.plugins.DetectionPluginTools - 1 nucleus detected (processing time: 13.22 seconds)
2024-10-23 00:40:49 INFO: 00:40:49.947 [main] [INFO ] q.l.p.CommandLineTaskRunner$CommandLineProgressMonitor - 1 nucleus detected (5%)
2024-10-23 00:40:49 INFO: 00:40:49.947 [task-runner-1-7] [INFO ] q.lib.plugins.DetectionPluginTools - 0 nuclei detected (processing time: 13.22 seconds)
2024-10-23 00:40:49 INFO: 00:40:49.947 [main] [INFO ] q.l.p.CommandLineTaskRunner$CommandLineProgressMonitor - 0 nuclei detected (6%)
2024-10-23 00:40:49 INFO: 00:40:49.947 [task-runner-1-8] [INFO ] q.lib.plugins.DetectionPluginTools - 0 nuclei detected (processing time: 13.22 seconds)
2024-10-23 00:40:49 INFO: 00:40:49.948 [task-runner-1-32] [INFO ] q.lib.plugins.DetectionPluginTools - 0 nuclei detected (processing time: 13.22 seconds)
2024-10-23 00:40:49 INFO: 00:40:49.948 [main] [INFO ] q.l.p.CommandLineTaskRunner$CommandLineProgressMonitor - 0 nuclei detected (7%)
2024-10-23 00:40:49 INFO: 00:40:49.949 [task-runner-1-4] [INFO ] q.lib.plugins.DetectionPluginTools - 0 nuclei detected (processing time: 13.22 seconds)
2024-10-23 00:40:49 INFO: 00:40:49.949 [task-runner-1-10] [INFO ] q.lib.plugins.DetectionPluginTools - 0 nuclei detected (processing time: 13.22 seconds)
2024-10-23 00:40:49 INFO: 00:40:49.949 [task-runner-1-2] [INFO ] q.lib.plugins.DetectionPluginTools - 0 nuclei detected (processing time: 13.22 seconds)
2024-10-23 00:40:49 INFO: 00:40:49.949 [main] [INFO ] q.l.p.CommandLineTaskRunner$CommandLineProgressMonitor - 0 nuclei detected (8%)
2024-10-23 00:40:49 INFO: 00:40:49.949 [main] [INFO ] q.l.p.CommandLineTaskRunner$CommandLineProgressMonitor - 0 nuclei detected (9%)
2024-10-23 00:40:49 INFO: 00:40:49.953 [task-runner-1-30] [INFO ] q.lib.plugins.DetectionPluginTools - 2 nuclei detected (processing time: 13.22 seconds)
2024-10-23 00:40:50 INFO: 00:40:49.953 [main] [INFO ] q.l.p.CommandLineTaskRunner$CommandLineProgressMonitor - 2 nuclei detected (9%)
2024-10-23 00:40:50 INFO: 00:40:49.954 [task-runner-1-47] [INFO ] q.lib.plugins.DetectionPluginTools - 6 nuclei detected (processing time: 13.22 seconds)
2024-10-23 00:40:50 INFO: 00:40:49.954 [main] [INFO ] q.l.p.CommandLineTaskRunner$CommandLineProgressMonitor - 6 nuclei detected (10%)
2024-10-23 00:40:50 INFO: 00:40:49.955 [task-runner-1-29] [INFO ] q.lib.plugins.DetectionPluginTools - 3 nuclei detected (processing time: 13.22 seconds)
2024-10-23 00:40:50 INFO: 00:40:49.956 [main] [INFO ] q.l.p.CommandLineTaskRunner$CommandLineProgressMonitor - 3 nuclei detected (11%)
2024-10-23 00:40:50 INFO: 00:40:50.004 [task-runner-1-28] [INFO ] q.lib.plugins.DetectionPluginTools - 22 nuclei detected (processing time: 13.27 seconds)
2024-10-23 00:40:50 INFO: 00:40:50.005 [main] [INFO ] q.l.p.CommandLineTaskRunner$CommandLineProgressMonitor - 22 nuclei detected (11%)
2024-10-23 00:40:50 INFO: 00:40:50.116 [task-runner-1-46] [INFO ] q.lib.plugins.DetectionPluginTools - 55 nuclei detected (processing time: 13.38 seconds)
2024-10-23 00:40:50 INFO: 00:40:50.117 [main] [INFO ] q.l.p.CommandLineTaskRunner$CommandLineProgressMonitor - 55 nuclei detected (12%)
2024-10-23 00:40:50 INFO: 00:40:50.168 [task-runner-1-18] [INFO ] q.lib.plugins.DetectionPluginTools - 118 nuclei detected (processing time: 13.44 seconds)
2024-10-23 00:40:50 INFO: 00:40:50.169 [main] [INFO ] q.l.p.CommandLineTaskRunner$CommandLineProgressMonitor - 118 nuclei detected (13%)
2024-10-23 00:40:50 INFO: 00:40:50.188 [task-runner-1-19] [INFO ] q.lib.plugins.DetectionPluginTools - 115 nuclei detected (processing time: 13.46 seconds)
2024-10-23 00:40:50 INFO: 00:40:50.189 [main] [INFO ] q.l.p.CommandLineTaskRunner$CommandLineProgressMonitor - 115 nuclei detected (13%)
2024-10-23 00:40:50 INFO: 00:40:50.215 [task-runner-1-33] [INFO ] q.lib.plugins.DetectionPluginTools - 167 nuclei detected (processing time: 13.48 seconds)
2024-10-23 00:40:50 INFO: 00:40:50.217 [main] [INFO ] q.l.p.CommandLineTaskRunner$CommandLineProgressMonitor - 167 nuclei detected (14%)
2024-10-23 00:40:50 INFO: 00:40:50.238 [task-runner-1-25] [INFO ] q.lib.plugins.DetectionPluginTools - 213 nuclei detected (processing time: 13.51 seconds)
2024-10-23 00:40:50 INFO: 00:40:50.238 [main] [INFO ] q.l.p.CommandLineTaskRunner$CommandLineProgressMonitor - 213 nuclei detected (14%)
2024-10-23 00:40:50 INFO: 00:40:50.253 [task-runner-1-34] [INFO ] q.lib.plugins.DetectionPluginTools - 223 nuclei detected (processing time: 13.52 seconds)
2024-10-23 00:40:50 INFO: 00:40:50.254 [main] [INFO ] q.l.p.CommandLineTaskRunner$CommandLineProgressMonitor - 223 nuclei detected (15%)
2024-10-23 00:40:50 INFO: 00:40:50.257 [task-runner-1-63] [INFO ] q.lib.plugins.DetectionPluginTools - 212 nuclei detected (processing time: 13.52 seconds)
2024-10-23 00:40:50 INFO: 00:40:50.257 [main] [INFO ] q.l.p.CommandLineTaskRunner$CommandLineProgressMonitor - 212 nuclei detected (16%)
2024-10-23 00:40:50 INFO: 00:40:50.352 [task-runner-1-44] [INFO ] q.lib.plugins.DetectionPluginTools - 389 nuclei detected (processing time: 13.62 seconds)
2024-10-23 00:40:50 INFO: 00:40:50.353 [main] [INFO ] q.l.p.CommandLineTaskRunner$CommandLineProgressMonitor - 389 nuclei detected (16%)
2024-10-23 00:40:53 INFO: 00:40:53.041 [task-runner-1-16] [INFO ] q.lib.plugins.DetectionPluginTools - 0 nuclei detected (processing time: 16.31 seconds)
2024-10-23 00:40:53 INFO: 00:40:53.042 [main] [INFO ] q.l.p.CommandLineTaskRunner$CommandLineProgressMonitor - 0 nuclei detected (17%)
2024-10-23 00:40:53 INFO: 00:40:53.054 [task-runner-1-5] [INFO ] q.lib.plugins.DetectionPluginTools - 31 nuclei detected (processing time: 16.33 seconds)
2024-10-23 00:40:53 INFO: 00:40:53.055 [main] [INFO ] q.l.p.CommandLineTaskRunner$CommandLineProgressMonitor - 31 nuclei detected (18%)
2024-10-23 00:40:53 INFO: 00:40:53.068 [task-runner-1-27] [INFO ] q.lib.plugins.DetectionPluginTools - 0 nuclei detected (processing time: 16.34 seconds)
2024-10-23 00:40:53 INFO: 00:40:53.068 [main] [INFO ] q.l.p.CommandLineTaskRunner$CommandLineProgressMonitor - 0 nuclei detected (18%)
2024-10-23 00:40:53 INFO: 00:40:53.069 [task-runner-1-15] [INFO ] q.lib.plugins.DetectionPluginTools - 0 nuclei detected (processing time: 16.34 seconds)
2024-10-23 00:40:53 INFO: 00:40:53.069 [main] [INFO ] q.l.p.CommandLineTaskRunner$CommandLineProgressMonitor - 0 nuclei detected (19%)
2024-10-23 00:40:53 INFO: 00:40:53.080 [task-runner-1-31] [INFO ] q.lib.plugins.DetectionPluginTools - 11 nuclei detected (processing time: 16.35 seconds)
2024-10-23 00:40:53 INFO: 00:40:53.080 [main] [INFO ] q.l.p.CommandLineTaskRunner$CommandLineProgressMonitor - 11 nuclei detected (19%)
2024-10-23 00:40:53 INFO: 00:40:53.082 [task-runner-1-13] [INFO ] q.lib.plugins.DetectionPluginTools - 4 nuclei detected (processing time: 16.35 seconds)
2024-10-23 00:40:53 INFO: 00:40:53.083 [main] [INFO ] q.l.p.CommandLineTaskRunner$CommandLineProgressMonitor - 4 nuclei detected (20%)
2024-10-23 00:40:53 INFO: 00:40:53.085 [task-runner-1-48] [INFO ] q.lib.plugins.DetectionPluginTools - 0 nuclei detected (processing time: 16.35 seconds)
2024-10-23 00:40:53 INFO: 00:40:53.086 [main] [INFO ] q.l.p.CommandLineTaskRunner$CommandLineProgressMonitor - 0 nuclei detected (21%)
2024-10-23 00:40:53 INFO: 00:40:53.113 [task-runner-1-26] [INFO ] q.lib.plugins.DetectionPluginTools - 28 nuclei detected (processing time: 16.38 seconds)
2024-10-23 00:40:53 INFO: 00:40:53.113 [main] [INFO ] q.l.p.CommandLineTaskRunner$CommandLineProgressMonitor - 28 nuclei detected (21%)
2024-10-23 00:40:53 INFO: 00:40:53.165 [task-runner-1-45] [INFO ] q.lib.plugins.DetectionPluginTools - 144 nuclei detected (processing time: 16.43 seconds)
2024-10-23 00:40:53 INFO: 00:40:53.166 [main] [INFO ] q.l.p.CommandLineTaskRunner$CommandLineProgressMonitor - 144 nuclei detected (22%)
2024-10-23 00:40:53 INFO: 00:40:53.204 [task-runner-1-49] [INFO ] q.lib.plugins.DetectionPluginTools - 114 nuclei detected (processing time: 16.47 seconds)
2024-10-23 00:40:53 INFO: 00:40:53.205 [main] [INFO ] q.l.p.CommandLineTaskRunner$CommandLineProgressMonitor - 114 nuclei detected (23%)
2024-10-23 00:40:53 INFO: 00:40:53.215 [task-runner-1-35] [INFO ] q.lib.plugins.DetectionPluginTools - 196 nuclei detected (processing time: 16.48 seconds)
2024-10-23 00:40:53 INFO: 00:40:53.216 [main] [INFO ] q.l.p.CommandLineTaskRunner$CommandLineProgressMonitor - 196 nuclei detected (23%)
2024-10-23 00:40:53 INFO: 00:40:53.240 [task-runner-1-50] [INFO ] q.lib.plugins.DetectionPluginTools - 193 nuclei detected (processing time: 16.51 seconds)
2024-10-23 00:40:53 INFO: 00:40:53.241 [main] [INFO ] q.l.p.CommandLineTaskRunner$CommandLineProgressMonitor - 193 nuclei detected (24%)
2024-10-23 00:40:53 INFO: 00:40:53.263 [task-runner-1-20] [INFO ] q.lib.plugins.DetectionPluginTools - 325 nuclei detected (processing time: 16.53 seconds)
2024-10-23 00:40:53 INFO: 00:40:53.264 [main] [INFO ] q.l.p.CommandLineTaskRunner$CommandLineProgressMonitor - 325 nuclei detected (24%)
2024-10-23 00:40:53 INFO: 00:40:53.382 [task-runner-1-61] [INFO ] q.lib.plugins.DetectionPluginTools - 352 nuclei detected (processing time: 16.65 seconds)
2024-10-23 00:40:53 INFO: 00:40:53.383 [main] [INFO ] q.l.p.CommandLineTaskRunner$CommandLineProgressMonitor - 352 nuclei detected (25%)
2024-10-23 00:40:53 INFO: 00:40:53.411 [task-runner-1-62] [INFO ] q.lib.plugins.DetectionPluginTools - 327 nuclei detected (processing time: 16.68 seconds)
2024-10-23 00:40:53 INFO: 00:40:53.412 [main] [INFO ] q.l.p.CommandLineTaskRunner$CommandLineProgressMonitor - 327 nuclei detected (26%)
2024-10-23 00:40:53 INFO: 00:40:53.767 [task-runner-1-43] [INFO ] q.lib.plugins.DetectionPluginTools - 670 nuclei detected (processing time: 17.03 seconds)
2024-10-23 00:40:53 INFO: 00:40:53.768 [main] [INFO ] q.l.p.CommandLineTaskRunner$CommandLineProgressMonitor - 670 nuclei detected (26%)
2024-10-23 00:40:54 INFO: 00:40:54.794 [task-runner-1-12] [INFO ] q.lib.plugins.DetectionPluginTools - 0 nuclei detected (processing time: 4.86 seconds)
2024-10-23 00:40:54 INFO: 00:40:54.794 [main] [INFO ] q.l.p.CommandLineTaskRunner$CommandLineProgressMonitor - 0 nuclei detected (27%)
2024-10-23 00:40:55 INFO: 00:40:55.320 [task-runner-1-29] [INFO ] q.lib.plugins.DetectionPluginTools - 0 nuclei detected (processing time: 5.36 seconds)
2024-10-23 00:40:55 INFO: 00:40:55.321 [main] [INFO ] q.l.p.CommandLineTaskRunner$CommandLineProgressMonitor - 0 nuclei detected (28%)
2024-10-23 00:40:55 INFO: 00:40:55.501 [task-runner-1-23] [INFO ] q.lib.plugins.DetectionPluginTools - 568 nuclei detected (processing time: 18.77 seconds)
2024-10-23 00:40:55 INFO: 00:40:55.502 [main] [INFO ] q.l.p.CommandLineTaskRunner$CommandLineProgressMonitor - 568 nuclei detected (28%)
2024-10-23 00:40:56 INFO: 00:40:56.050 [task-runner-1-24] [INFO ] q.lib.plugins.DetectionPluginTools - 563 nuclei detected (processing time: 19.32 seconds)
2024-10-23 00:40:56 INFO: 00:40:56.051 [main] [INFO ] q.l.p.CommandLineTaskRunner$CommandLineProgressMonitor - 563 nuclei detected (29%)
2024-10-23 00:40:57 INFO: 00:40:57.519 [task-runner-1-60] [INFO ] q.lib.plugins.DetectionPluginTools - 790 nuclei detected (processing time: 20.79 seconds)
2024-10-23 00:40:57 INFO: 00:40:57.520 [main] [INFO ] q.l.p.CommandLineTaskRunner$CommandLineProgressMonitor - 790 nuclei detected (29%)
2024-10-23 00:40:58 INFO: 00:40:58.455 [task-runner-1-48] [INFO ] q.lib.plugins.DetectionPluginTools - 1 nucleus detected (processing time: 5.37 seconds)
2024-10-23 00:40:58 INFO: 00:40:58.456 [main] [INFO ] q.l.p.CommandLineTaskRunner$CommandLineProgressMonitor - 1 nucleus detected (30%)
2024-10-23 00:40:59 INFO: 00:40:59.380 [task-runner-1-51] [INFO ] q.lib.plugins.DetectionPluginTools - 453 nuclei detected (processing time: 22.65 seconds)
2024-10-23 00:40:59 INFO: 00:40:59.381 [main] [INFO ] q.l.p.CommandLineTaskRunner$CommandLineProgressMonitor - 453 nuclei detected (31%)
2024-10-23 00:40:59 INFO: 00:40:59.902 [task-runner-1-17] [INFO ] q.lib.plugins.DetectionPluginTools - 92 nuclei detected (processing time: 9.97 seconds)
2024-10-23 00:40:59 INFO: 00:40:59.902 [main] [INFO ] q.l.p.CommandLineTaskRunner$CommandLineProgressMonitor - 92 nuclei detected (31%)
2024-10-23 00:41:00 INFO: 00:41:00.046 [task-runner-1-28] [INFO ] q.lib.plugins.DetectionPluginTools - 92 nuclei detected (processing time: 10.04 seconds)
2024-10-23 00:41:00 INFO: 00:41:00.046 [main] [INFO ] q.l.p.CommandLineTaskRunner$CommandLineProgressMonitor - 92 nuclei detected (32%)
2024-10-23 00:41:00 INFO: 00:41:00.981 [task-runner-1-46] [INFO ] q.lib.plugins.DetectionPluginTools - 136 nuclei detected (processing time: 10.86 seconds)
2024-10-23 00:41:00 INFO: 00:41:00.982 [main] [INFO ] q.l.p.CommandLineTaskRunner$CommandLineProgressMonitor - 136 nuclei detected (33%)
2024-10-23 00:41:01 INFO: 00:41:01.197 [task-runner-1-22] [INFO ] q.lib.plugins.DetectionPluginTools - 664 nuclei detected (processing time: 24.47 seconds)
2024-10-23 00:41:01 INFO: 00:41:01.197 [main] [INFO ] q.l.p.CommandLineTaskRunner$CommandLineProgressMonitor - 664 nuclei detected (33%)
2024-10-23 00:41:01 INFO: 00:41:01.210 [task-runner-1-47] [INFO ] q.lib.plugins.DetectionPluginTools - 247 nuclei detected (processing time: 11.26 seconds)
2024-10-23 00:41:01 INFO: 00:41:01.210 [main] [INFO ] q.l.p.CommandLineTaskRunner$CommandLineProgressMonitor - 247 nuclei detected (34%)
2024-10-23 00:41:02 INFO: 00:41:02.142 [task-runner-1-13] [INFO ] q.lib.plugins.DetectionPluginTools - 122 nuclei detected (processing time: 9.06 seconds)
2024-10-23 00:41:02 INFO: 00:41:02.143 [main] [INFO ] q.l.p.CommandLineTaskRunner$CommandLineProgressMonitor - 122 nuclei detected (34%)
2024-10-23 00:41:03 INFO: 00:41:03.408 [task-runner-1-3] [INFO ] q.lib.plugins.DetectionPluginTools - 223 nuclei detected (processing time: 13.47 seconds)
2024-10-23 00:41:03 INFO: 00:41:03.409 [main] [INFO ] q.l.p.CommandLineTaskRunner$CommandLineProgressMonitor - 223 nuclei detected (35%)
2024-10-23 00:41:03 INFO: 00:41:03.677 [task-runner-1-45] [INFO ] q.lib.plugins.DetectionPluginTools - 125 nuclei detected (processing time: 10.51 seconds)
2024-10-23 00:41:03 INFO: 00:41:03.678 [main] [INFO ] q.l.p.CommandLineTaskRunner$CommandLineProgressMonitor - 125 nuclei detected (36%)
2024-10-23 00:41:03 INFO: 00:41:03.689 [task-runner-1-9] [INFO ] q.lib.plugins.DetectionPluginTools - 312 nuclei detected (processing time: 13.75 seconds)
2024-10-23 00:41:03 INFO: 00:41:03.690 [main] [INFO ] q.l.p.CommandLineTaskRunner$CommandLineProgressMonitor - 312 nuclei detected (36%)
2024-10-23 00:41:04 INFO: 00:41:04.446 [task-runner-1-26] [INFO ] q.lib.plugins.DetectionPluginTools - 112 nuclei detected (processing time: 11.33 seconds)
2024-10-23 00:41:04 INFO: 00:41:04.447 [main] [INFO ] q.l.p.CommandLineTaskRunner$CommandLineProgressMonitor - 112 nuclei detected (37%)
2024-10-23 00:41:04 INFO: 00:41:04.975 [task-runner-1-51] [INFO ] q.lib.plugins.DetectionPluginTools - 0 nuclei detected (processing time: 5.59 seconds)
2024-10-23 00:41:04 INFO: 00:41:04.975 [main] [INFO ] q.l.p.CommandLineTaskRunner$CommandLineProgressMonitor - 0 nuclei detected (38%)
2024-10-23 00:41:05 INFO: 00:41:05.323 [task-runner-1-48] [INFO ] q.lib.plugins.DetectionPluginTools - 29 nuclei detected (processing time: 6.87 seconds)
2024-10-23 00:41:05 INFO: 00:41:05.324 [main] [INFO ] q.l.p.CommandLineTaskRunner$CommandLineProgressMonitor - 29 nuclei detected (38%)
2024-10-23 00:41:06 INFO: 00:41:06.297 [task-runner-1-49] [INFO ] q.lib.plugins.DetectionPluginTools - 174 nuclei detected (processing time: 13.09 seconds)
2024-10-23 00:41:06 INFO: 00:41:06.297 [main] [INFO ] q.l.p.CommandLineTaskRunner$CommandLineProgressMonitor - 174 nuclei detected (39%)
2024-10-23 00:41:07 INFO: 00:41:07.847 [task-runner-1-18] [INFO ] q.lib.plugins.DetectionPluginTools - 404 nuclei detected (processing time: 17.68 seconds)
2024-10-23 00:41:07 INFO: 00:41:07.848 [main] [INFO ] q.l.p.CommandLineTaskRunner$CommandLineProgressMonitor - 404 nuclei detected (39%)
2024-10-23 00:41:11 INFO: 00:41:11.135 [task-runner-1-30] [INFO ] q.lib.plugins.DetectionPluginTools - 539 nuclei detected (processing time: 21.18 seconds)
2024-10-23 00:41:11 INFO: 00:41:11.136 [main] [INFO ] q.l.p.CommandLineTaskRunner$CommandLineProgressMonitor - 539 nuclei detected (40%)
2024-10-23 00:41:12 INFO: 00:41:12.945 [task-runner-1-17] [INFO ] q.lib.plugins.DetectionPluginTools - 173 nuclei detected (processing time: 13.04 seconds)
2024-10-23 00:41:12 INFO: 00:41:12.946 [main] [INFO ] q.l.p.CommandLineTaskRunner$CommandLineProgressMonitor - 173 nuclei detected (41%)
2024-10-23 00:41:13 INFO: 00:41:13.267 [task-runner-1-28] [INFO ] q.lib.plugins.DetectionPluginTools - 165 nuclei detected (processing time: 13.22 seconds)
2024-10-23 00:41:13 INFO: 00:41:13.267 [main] [INFO ] q.l.p.CommandLineTaskRunner$CommandLineProgressMonitor - 165 nuclei detected (41%)
2024-10-23 00:41:15 INFO: 00:41:15.627 [task-runner-1-59] [INFO ] q.lib.plugins.DetectionPluginTools - 1506 nuclei detected (processing time: 38.89 seconds)
2024-10-23 00:41:15 INFO: 00:41:15.628 [main] [INFO ] q.l.p.CommandLineTaskRunner$CommandLineProgressMonitor - 1506 nuclei detected (42%)
2024-10-23 00:41:15 INFO: 00:41:15.803 [task-runner-1-30] [INFO ] q.lib.plugins.DetectionPluginTools - 0 nuclei detected (processing time: 4.67 seconds)
2024-10-23 00:41:15 INFO: 00:41:15.803 [main] [INFO ] q.l.p.CommandLineTaskRunner$CommandLineProgressMonitor - 0 nuclei detected (43%)
2024-10-23 00:41:17 INFO: 00:41:17.430 [task-runner-1-36] [INFO ] q.lib.plugins.DetectionPluginTools - 1008 nuclei detected (processing time: 40.70 seconds)
2024-10-23 00:41:17 INFO: 00:41:17.430 [main] [INFO ] q.l.p.CommandLineTaskRunner$CommandLineProgressMonitor - 1008 nuclei detected (43%)
2024-10-23 00:41:17 INFO: 00:41:17.798 [task-runner-1-17] [INFO ] q.lib.plugins.DetectionPluginTools - 0 nuclei detected (processing time: 4.85 seconds)
2024-10-23 00:41:17 INFO: 00:41:17.798 [main] [INFO ] q.l.p.CommandLineTaskRunner$CommandLineProgressMonitor - 0 nuclei detected (44%)
2024-10-23 00:41:18 INFO: 00:41:18.949 [task-runner-1-31] [INFO ] q.lib.plugins.DetectionPluginTools - 543 nuclei detected (processing time: 25.87 seconds)
2024-10-23 00:41:18 INFO: 00:41:18.950 [main] [INFO ] q.l.p.CommandLineTaskRunner$CommandLineProgressMonitor - 543 nuclei detected (44%)
2024-10-23 00:41:19 INFO: 00:41:19.885 [task-runner-1-42] [INFO ] q.lib.plugins.DetectionPluginTools - 1470 nuclei detected (processing time: 43.15 seconds)
2024-10-23 00:41:19 INFO: 00:41:19.885 [main] [INFO ] q.l.p.CommandLineTaskRunner$CommandLineProgressMonitor - 1470 nuclei detected (45%)
2024-10-23 00:41:20 INFO: 00:41:20.874 [task-runner-1-52] [INFO ] q.lib.plugins.DetectionPluginTools - 1171 nuclei detected (processing time: 44.14 seconds)
2024-10-23 00:41:20 INFO: 00:41:20.874 [main] [INFO ] q.l.p.CommandLineTaskRunner$CommandLineProgressMonitor - 1171 nuclei detected (46%)
2024-10-23 00:41:21 INFO: 00:41:21.579 [task-runner-1-40] [INFO ] q.lib.plugins.DetectionPluginTools - 1250 nuclei detected (processing time: 44.85 seconds)
2024-10-23 00:41:21 INFO: 00:41:21.580 [main] [INFO ] q.l.p.CommandLineTaskRunner$CommandLineProgressMonitor - 1250 nuclei detected (46%)
2024-10-23 00:41:21 INFO: 00:41:21.741 [task-runner-1-21] [INFO ] q.lib.plugins.DetectionPluginTools - 1702 nuclei detected (processing time: 45.01 seconds)
2024-10-23 00:41:21 INFO: 00:41:21.742 [main] [INFO ] q.l.p.CommandLineTaskRunner$CommandLineProgressMonitor - 1702 nuclei detected (47%)
2024-10-23 00:41:22 INFO: 00:41:22.153 [task-runner-1-28] [INFO ] q.lib.plugins.DetectionPluginTools - 75 nuclei detected (processing time: 8.89 seconds)
2024-10-23 00:41:22 INFO: 00:41:22.154 [main] [INFO ] q.l.p.CommandLineTaskRunner$CommandLineProgressMonitor - 75 nuclei detected (48%)
2024-10-23 00:41:22 INFO: 00:41:22.468 [task-runner-1-46] [INFO ] q.lib.plugins.DetectionPluginTools - 191 nuclei detected (processing time: 21.49 seconds)
2024-10-23 00:41:22 INFO: 00:41:22.468 [main] [INFO ] q.l.p.CommandLineTaskRunner$CommandLineProgressMonitor - 191 nuclei detected (48%)
2024-10-23 00:41:23 INFO: 00:41:23.483 [task-runner-1-36] [INFO ] q.lib.plugins.DetectionPluginTools - 2 nuclei detected (processing time: 6.05 seconds)
2024-10-23 00:41:23 INFO: 00:41:23.484 [main] [INFO ] q.l.p.CommandLineTaskRunner$CommandLineProgressMonitor - 2 nuclei detected (49%)
2024-10-23 00:41:23 INFO: 00:41:23.912 [task-runner-1-59] [INFO ] q.lib.plugins.DetectionPluginTools - 47 nuclei detected (processing time: 8.28 seconds)
2024-10-23 00:41:23 INFO: 00:41:23.913 [main] [INFO ] q.l.p.CommandLineTaskRunner$CommandLineProgressMonitor - 47 nuclei detected (49%)
2024-10-23 00:41:24 INFO: 00:41:24.019 [task-runner-1-17] [INFO ] q.lib.plugins.DetectionPluginTools - 6 nuclei detected (processing time: 6.22 seconds)
2024-10-23 00:41:24 INFO: 00:41:24.019 [main] [INFO ] q.l.p.CommandLineTaskRunner$CommandLineProgressMonitor - 6 nuclei detected (50%)
2024-10-23 00:41:24 INFO: 00:41:24.091 [task-runner-1-18] [INFO ] q.lib.plugins.DetectionPluginTools - 537 nuclei detected (processing time: 16.24 seconds)
2024-10-23 00:41:24 INFO: 00:41:24.091 [main] [INFO ] q.l.p.CommandLineTaskRunner$CommandLineProgressMonitor - 537 nuclei detected (51%)
2024-10-23 00:41:24 INFO: 00:41:24.191 [task-runner-1-42] [INFO ] q.lib.plugins.DetectionPluginTools - 0 nuclei detected (processing time: 4.31 seconds)
2024-10-23 00:41:24 INFO: 00:41:24.191 [main] [INFO ] q.l.p.CommandLineTaskRunner$CommandLineProgressMonitor - 0 nuclei detected (51%)
2024-10-23 00:41:24 INFO: 00:41:24.667 [task-runner-1-31] [INFO ] q.lib.plugins.DetectionPluginTools - 0 nuclei detected (processing time: 5.72 seconds)
2024-10-23 00:41:24 INFO: 00:41:24.668 [main] [INFO ] q.l.p.CommandLineTaskRunner$CommandLineProgressMonitor - 0 nuclei detected (52%)
2024-10-23 00:41:25 INFO: 00:41:25.329 [task-runner-1-30] [INFO ] q.lib.plugins.DetectionPluginTools - 48 nuclei detected (processing time: 9.53 seconds)
2024-10-23 00:41:25 INFO: 00:41:25.330 [main] [INFO ] q.l.p.CommandLineTaskRunner$CommandLineProgressMonitor - 48 nuclei detected (53%)
2024-10-23 00:41:25 INFO: 00:41:25.345 [task-runner-1-52] [INFO ] q.lib.plugins.DetectionPluginTools - 0 nuclei detected (processing time: 4.47 seconds)
2024-10-23 00:41:25 INFO: 00:41:25.346 [main] [INFO ] q.l.p.CommandLineTaskRunner$CommandLineProgressMonitor - 0 nuclei detected (53%)
2024-10-23 00:41:25 INFO: 00:41:25.778 [task-runner-1-41] [INFO ] q.lib.plugins.DetectionPluginTools - 1435 nuclei detected (processing time: 49.05 seconds)
2024-10-23 00:41:25 INFO: 00:41:25.779 [main] [INFO ] q.l.p.CommandLineTaskRunner$CommandLineProgressMonitor - 1435 nuclei detected (54%)
2024-10-23 00:41:26 INFO: 00:41:26.473 [task-runner-1-40] [INFO ] q.lib.plugins.DetectionPluginTools - 11 nuclei detected (processing time: 4.89 seconds)
2024-10-23 00:41:26 INFO: 00:41:26.473 [main] [INFO ] q.l.p.CommandLineTaskRunner$CommandLineProgressMonitor - 11 nuclei detected (54%)
2024-10-23 00:41:27 INFO: 00:41:27.393 [task-runner-1-2] [INFO ] q.lib.plugins.DetectionPluginTools - 840 nuclei detected (processing time: 37.44 seconds)
2024-10-23 00:41:27 INFO: 00:41:27.394 [main] [INFO ] q.l.p.CommandLineTaskRunner$CommandLineProgressMonitor - 840 nuclei detected (55%)
2024-10-23 00:41:28 INFO: 00:41:28.510 [task-runner-1-39] [INFO ] q.lib.plugins.DetectionPluginTools - 1571 nuclei detected (processing time: 51.78 seconds)
2024-10-23 00:41:28 INFO: 00:41:28.510 [main] [INFO ] q.l.p.CommandLineTaskRunner$CommandLineProgressMonitor - 1571 nuclei detected (56%)
2024-10-23 00:41:28 INFO: 00:41:28.752 [task-runner-1-18] [INFO ] q.lib.plugins.DetectionPluginTools - 0 nuclei detected (processing time: 4.66 seconds)
2024-10-23 00:41:28 INFO: 00:41:28.752 [main] [INFO ] q.l.p.CommandLineTaskRunner$CommandLineProgressMonitor - 0 nuclei detected (56%)
2024-10-23 00:41:28 INFO: 00:41:28.887 [task-runner-1-58] [INFO ] q.lib.plugins.DetectionPluginTools - 1312 nuclei detected (processing time: 52.15 seconds)
2024-10-23 00:41:28 INFO: 00:41:28.888 [main] [INFO ] q.l.p.CommandLineTaskRunner$CommandLineProgressMonitor - 1312 nuclei detected (57%)
2024-10-23 00:41:28 INFO: 00:41:28.888 [task-runner-1-31] [INFO ] q.lib.plugins.DetectionPluginTools - 1 nucleus detected (processing time: 4.22 seconds)
2024-10-23 00:41:28 INFO: 00:41:28.889 [main] [INFO ] q.l.p.CommandLineTaskRunner$CommandLineProgressMonitor - 1 nucleus detected (57%)
2024-10-23 00:41:28 INFO: 00:41:28.940 [task-runner-1-59] [INFO ] q.lib.plugins.DetectionPluginTools - 0 nuclei detected (processing time: 5.03 seconds)
2024-10-23 00:41:28 INFO: 00:41:28.941 [main] [INFO ] q.l.p.CommandLineTaskRunner$CommandLineProgressMonitor - 0 nuclei detected (58%)
2024-10-23 00:41:29 INFO: 00:41:29.500 [task-runner-1-55] [INFO ] q.lib.plugins.DetectionPluginTools - 1591 nuclei detected (processing time: 52.77 seconds)
2024-10-23 00:41:29 INFO: 00:41:29.502 [main] [INFO ] q.l.p.CommandLineTaskRunner$CommandLineProgressMonitor - 1591 nuclei detected (59%)
2024-10-23 00:41:29 INFO: 00:41:29.517 [task-runner-1-42] [INFO ] q.lib.plugins.DetectionPluginTools - 5 nuclei detected (processing time: 5.33 seconds)
2024-10-23 00:41:29 INFO: 00:41:29.517 [main] [INFO ] q.l.p.CommandLineTaskRunner$CommandLineProgressMonitor - 5 nuclei detected (59%)
2024-10-23 00:41:29 INFO: 00:41:29.552 [task-runner-1-17] [INFO ] q.lib.plugins.DetectionPluginTools - 0 nuclei detected (processing time: 5.53 seconds)
2024-10-23 00:41:29 INFO: 00:41:29.552 [main] [INFO ] q.l.p.CommandLineTaskRunner$CommandLineProgressMonitor - 0 nuclei detected (60%)
2024-10-23 00:41:30 INFO: 00:41:30.228 [task-runner-1-30] [INFO ] q.lib.plugins.DetectionPluginTools - 0 nuclei detected (processing time: 4.90 seconds)
2024-10-23 00:41:30 INFO: 00:41:30.229 [main] [INFO ] q.l.p.CommandLineTaskRunner$CommandLineProgressMonitor - 0 nuclei detected (61%)
2024-10-23 00:41:30 INFO: 00:41:30.493 [task-runner-1-52] [INFO ] q.lib.plugins.DetectionPluginTools - 0 nuclei detected (processing time: 5.15 seconds)
2024-10-23 00:41:30 INFO: 00:41:30.768 [task-runner-1-21] [INFO ] q.lib.plugins.DetectionPluginTools - 157 nuclei detected (processing time: 9.03 seconds)
2024-10-23 00:41:30 INFO: 00:41:30.769 [main] [INFO ] q.l.p.CommandLineTaskRunner$CommandLineProgressMonitor - 157 nuclei detected (62%)
2024-10-23 00:41:30 INFO: 00:41:30.817 [task-runner-1-41] [INFO ] q.lib.plugins.DetectionPluginTools - 0 nuclei detected (processing time: 5.04 seconds)
2024-10-23 00:41:30 INFO: 00:41:30.817 [main] [INFO ] q.l.p.CommandLineTaskRunner$CommandLineProgressMonitor - 0 nuclei detected (63%)
2024-10-23 00:41:31 INFO: 00:41:31.438 [task-runner-1-60] [INFO ] q.lib.plugins.DetectionPluginTools - 1143 nuclei detected (processing time: 33.92 seconds)
2024-10-23 00:41:31 INFO: 00:41:31.440 [main] [INFO ] q.l.p.CommandLineTaskRunner$CommandLineProgressMonitor - 1143 nuclei detected (63%)
2024-10-23 00:41:31 INFO: 00:41:31.503 [task-runner-1-40] [INFO ] q.lib.plugins.DetectionPluginTools - 0 nuclei detected (processing time: 5.03 seconds)
2024-10-23 00:41:31 INFO: 00:41:31.504 [main] [INFO ] q.l.p.CommandLineTaskRunner$CommandLineProgressMonitor - 0 nuclei detected (64%)
2024-10-23 00:41:31 INFO: 00:41:31.748 [task-runner-1-57] [INFO ] q.lib.plugins.DetectionPluginTools - 1609 nuclei detected (processing time: 55.01 seconds)
2024-10-23 00:41:31 INFO: 00:41:31.750 [main] [INFO ] q.l.p.CommandLineTaskRunner$CommandLineProgressMonitor - 1609 nuclei detected (64%)
2024-10-23 00:41:32 INFO: 00:41:32.392 [task-runner-1-2] [INFO ] q.lib.plugins.DetectionPluginTools - 0 nuclei detected (processing time: 5.00 seconds)
2024-10-23 00:41:32 INFO: 00:41:32.392 [main] [INFO ] q.l.p.CommandLineTaskRunner$CommandLineProgressMonitor - 0 nuclei detected (65%)
2024-10-23 00:41:33 INFO: 00:41:33.519 [task-runner-1-39] [INFO ] q.lib.plugins.DetectionPluginTools - 0 nuclei detected (processing time: 5.01 seconds)
2024-10-23 00:41:33 INFO: 00:41:33.520 [main] [INFO ] q.l.p.CommandLineTaskRunner$CommandLineProgressMonitor - 0 nuclei detected (66%)
2024-10-23 00:41:33 INFO: 00:41:33.619 [task-runner-1-18] [INFO ] q.lib.plugins.DetectionPluginTools - 0 nuclei detected (processing time: 4.87 seconds)
2024-10-23 00:41:33 INFO: 00:41:33.833 [task-runner-1-31] [INFO ] q.lib.plugins.DetectionPluginTools - 0 nuclei detected (processing time: 4.94 seconds)
2024-10-23 00:41:33 INFO: 00:41:33.834 [main] [INFO ] q.l.p.CommandLineTaskRunner$CommandLineProgressMonitor - 0 nuclei detected (67%)
2024-10-23 00:41:34 INFO: 00:41:34.031 [task-runner-1-59] [INFO ] q.lib.plugins.DetectionPluginTools - 0 nuclei detected (processing time: 5.09 seconds)
2024-10-23 00:41:34 INFO: 00:41:34.031 [main] [INFO ] q.l.p.CommandLineTaskRunner$CommandLineProgressMonitor - 0 nuclei detected (68%)
2024-10-23 00:41:34 INFO: 00:41:34.147 [task-runner-1-42] [INFO ] q.lib.plugins.DetectionPluginTools - 0 nuclei detected (processing time: 4.63 seconds)
2024-10-23 00:41:34 INFO: 00:41:34.245 [task-runner-1-58] [INFO ] q.lib.plugins.DetectionPluginTools - 0 nuclei detected (processing time: 5.36 seconds)
2024-10-23 00:41:34 INFO: 00:41:34.245 [main] [INFO ] q.l.p.CommandLineTaskRunner$CommandLineProgressMonitor - 0 nuclei detected (69%)
2024-10-23 00:41:34 INFO: 00:41:34.303 [task-runner-1-55] [INFO ] q.lib.plugins.DetectionPluginTools - 0 nuclei detected (processing time: 4.80 seconds)
2024-10-23 00:41:34 INFO: 00:41:34.731 [task-runner-1-17] [INFO ] q.lib.plugins.DetectionPluginTools - 0 nuclei detected (processing time: 5.18 seconds)
2024-10-23 00:41:34 INFO: 00:41:34.732 [main] [INFO ] q.l.p.CommandLineTaskRunner$CommandLineProgressMonitor - 0 nuclei detected (70%)
2024-10-23 00:41:34 INFO: 00:41:34.740 [task-runner-1-56] [INFO ] q.lib.plugins.DetectionPluginTools - 1880 nuclei detected (processing time: 58.01 seconds)
2024-10-23 00:41:34 INFO: 00:41:34.741 [main] [INFO ] q.l.p.CommandLineTaskRunner$CommandLineProgressMonitor - 1880 nuclei detected (71%)
2024-10-23 00:41:34 INFO: 00:41:34.805 [task-runner-1-54] [INFO ] q.lib.plugins.DetectionPluginTools - 2067 nuclei detected (processing time: 58.07 seconds)
2024-10-23 00:41:34 INFO: 00:41:34.805 [main] [INFO ] q.l.p.CommandLineTaskRunner$CommandLineProgressMonitor - 2067 nuclei detected (71%)
2024-10-23 00:41:34 INFO: 00:41:34.868 [task-runner-1-30] [INFO ] q.lib.plugins.DetectionPluginTools - 0 nuclei detected (processing time: 4.64 seconds)
2024-10-23 00:41:34 INFO: 00:41:34.868 [main] [INFO ] q.l.p.CommandLineTaskRunner$CommandLineProgressMonitor - 0 nuclei detected (72%)
2024-10-23 00:41:36 INFO: 00:41:36.048 [task-runner-1-38] [INFO ] q.lib.plugins.DetectionPluginTools - 1695 nuclei detected (processing time: 59.32 seconds)
2024-10-23 00:41:36 INFO: 00:41:36.049 [main] [INFO ] q.l.p.CommandLineTaskRunner$CommandLineProgressMonitor - 1695 nuclei detected (73%)
2024-10-23 00:41:36 INFO: 00:41:36.795 [task-runner-1-37] [INFO ] q.lib.plugins.DetectionPluginTools - 1868 nuclei detected (processing time: 60.06 seconds)
2024-10-23 00:41:36 INFO: 00:41:36.795 [main] [INFO ] q.l.p.CommandLineTaskRunner$CommandLineProgressMonitor - 1868 nuclei detected (73%)
2024-10-23 00:41:37 INFO: 00:41:37.393 [task-runner-1-3] [INFO ] q.lib.plugins.DetectionPluginTools - 695 nuclei detected (processing time: 33.98 seconds)
2024-10-23 00:41:37 INFO: 00:41:37.393 [main] [INFO ] q.l.p.CommandLineTaskRunner$CommandLineProgressMonitor - 695 nuclei detected (74%)
2024-10-23 00:41:37 INFO: 00:41:37.780 [task-runner-1-13] [INFO ] q.lib.plugins.DetectionPluginTools - 667 nuclei detected (processing time: 35.64 seconds)
2024-10-23 00:41:37 INFO: 00:41:37.781 [main] [INFO ] q.l.p.CommandLineTaskRunner$CommandLineProgressMonitor - 667 nuclei detected (74%)
2024-10-23 00:41:37 INFO: 00:41:37.846 [task-runner-1-22] [INFO ] q.lib.plugins.DetectionPluginTools - 604 nuclei detected (processing time: 36.65 seconds)
2024-10-23 00:41:37 INFO: 00:41:37.847 [main] [INFO ] q.l.p.CommandLineTaskRunner$CommandLineProgressMonitor - 604 nuclei detected (75%)
2024-10-23 00:41:39 INFO: 00:41:39.765 [task-runner-1-53] [INFO ] q.lib.plugins.DetectionPluginTools - 2497 nuclei detected (processing time: 63.03 seconds)
2024-10-23 00:41:39 INFO: 00:41:39.765 [main] [INFO ] q.l.p.CommandLineTaskRunner$CommandLineProgressMonitor - 2497 nuclei detected (76%)
2024-10-23 00:41:39 INFO: 00:41:39.840 [task-runner-1-28] [INFO ] q.lib.plugins.DetectionPluginTools - 598 nuclei detected (processing time: 17.69 seconds)
2024-10-23 00:41:39 INFO: 00:41:39.841 [main] [INFO ] q.l.p.CommandLineTaskRunner$CommandLineProgressMonitor - 598 nuclei detected (76%)
2024-10-23 00:41:40 INFO: 00:41:40.812 [task-runner-1-47] [INFO ] q.lib.plugins.DetectionPluginTools - 1046 nuclei detected (processing time: 39.60 seconds)
2024-10-23 00:41:40 INFO: 00:41:40.813 [main] [INFO ] q.l.p.CommandLineTaskRunner$CommandLineProgressMonitor - 1046 nuclei detected (77%)
2024-10-23 00:41:40 INFO: 00:41:40.936 [task-runner-1-6] [INFO ] q.lib.plugins.DetectionPluginTools - 1211 nuclei detected (processing time: 50.99 seconds)
2024-10-23 00:41:40 INFO: 00:41:40.936 [main] [INFO ] q.l.p.CommandLineTaskRunner$CommandLineProgressMonitor - 1211 nuclei detected (78%)
2024-10-23 00:41:41 INFO: 00:41:41.744 [task-runner-1-10] [INFO ] q.lib.plugins.DetectionPluginTools - 1706 nuclei detected (processing time: 51.79 seconds)
2024-10-23 00:41:41 INFO: 00:41:41.744 [main] [INFO ] q.l.p.CommandLineTaskRunner$CommandLineProgressMonitor - 1706 nuclei detected (78%)
2024-10-23 00:41:42 INFO: 00:41:42.473 [task-runner-1-19] [INFO ] q.lib.plugins.DetectionPluginTools - 1400 nuclei detected (processing time: 52.29 seconds)
2024-10-23 00:41:42 INFO: 00:41:42.474 [main] [INFO ] q.l.p.CommandLineTaskRunner$CommandLineProgressMonitor - 1400 nuclei detected (79%)
2024-10-23 00:41:44 INFO: 00:41:44.305 [task-runner-1-5] [INFO ] q.lib.plugins.DetectionPluginTools - 1505 nuclei detected (processing time: 51.25 seconds)
2024-10-23 00:41:44 INFO: 00:41:44.305 [main] [INFO ] q.l.p.CommandLineTaskRunner$CommandLineProgressMonitor - 1505 nuclei detected (79%)
2024-10-23 00:41:44 INFO: 00:41:44.401 [task-runner-1-27] [INFO ] q.lib.plugins.DetectionPluginTools - 1542 nuclei detected (processing time: 51.33 seconds)
2024-10-23 00:41:44 INFO: 00:41:44.401 [main] [INFO ] q.l.p.CommandLineTaskRunner$CommandLineProgressMonitor - 1542 nuclei detected (80%)
2024-10-23 00:41:44 INFO: 00:41:44.515 [task-runner-1-45] [INFO ] q.lib.plugins.DetectionPluginTools - 1481 nuclei detected (processing time: 40.84 seconds)
2024-10-23 00:41:44 INFO: 00:41:44.515 [main] [INFO ] q.l.p.CommandLineTaskRunner$CommandLineProgressMonitor - 1481 nuclei detected (81%)
2024-10-23 00:41:44 INFO: 00:41:44.641 [task-runner-1-4] [INFO ] q.lib.plugins.DetectionPluginTools - 1664 nuclei detected (processing time: 54.69 seconds)
2024-10-23 00:41:44 INFO: 00:41:44.641 [main] [INFO ] q.l.p.CommandLineTaskRunner$CommandLineProgressMonitor - 1664 nuclei detected (81%)
2024-10-23 00:41:44 INFO: 00:41:44.746 [task-runner-1-11] [INFO ] q.lib.plugins.DetectionPluginTools - 1995 nuclei detected (processing time: 54.80 seconds)
2024-10-23 00:41:44 INFO: 00:41:44.747 [main] [INFO ] q.l.p.CommandLineTaskRunner$CommandLineProgressMonitor - 1995 nuclei detected (82%)
2024-10-23 00:41:44 INFO: 00:41:44.765 [task-runner-1-62] [INFO ] q.lib.plugins.DetectionPluginTools - 1790 nuclei detected (processing time: 51.35 seconds)
2024-10-23 00:41:44 INFO: 00:41:44.766 [main] [INFO ] q.l.p.CommandLineTaskRunner$CommandLineProgressMonitor - 1790 nuclei detected (83%)
2024-10-23 00:41:44 INFO: 00:41:44.806 [task-runner-1-32] [INFO ] q.lib.plugins.DetectionPluginTools - 1828 nuclei detected (processing time: 54.86 seconds)
2024-10-23 00:41:44 INFO: 00:41:44.806 [main] [INFO ] q.l.p.CommandLineTaskRunner$CommandLineProgressMonitor - 1828 nuclei detected (83%)
2024-10-23 00:41:44 INFO: 00:41:44.813 [task-runner-1-16] [INFO ] q.lib.plugins.DetectionPluginTools - 1711 nuclei detected (processing time: 51.77 seconds)
2024-10-23 00:41:44 INFO: 00:41:44.814 [main] [INFO ] q.l.p.CommandLineTaskRunner$CommandLineProgressMonitor - 1711 nuclei detected (84%)
2024-10-23 00:41:44 INFO: 00:41:44.818 [task-runner-1-33] [INFO ] q.lib.plugins.DetectionPluginTools - 1534 nuclei detected (processing time: 54.60 seconds)
2024-10-23 00:41:44 INFO: 00:41:44.818 [main] [INFO ] q.l.p.CommandLineTaskRunner$CommandLineProgressMonitor - 1534 nuclei detected (84%)
2024-10-23 00:41:44 INFO: 00:41:44.904 [task-runner-1-34] [INFO ] q.lib.plugins.DetectionPluginTools - 1939 nuclei detected (processing time: 54.65 seconds)
2024-10-23 00:41:44 INFO: 00:41:44.904 [main] [INFO ] q.l.p.CommandLineTaskRunner$CommandLineProgressMonitor - 1939 nuclei detected (85%)
2024-10-23 00:41:44 INFO: 00:41:44.917 [task-runner-1-46] [INFO ] q.lib.plugins.DetectionPluginTools - 1055 nuclei detected (processing time: 22.45 seconds)
2024-10-23 00:41:44 INFO: 00:41:44.918 [main] [INFO ] q.l.p.CommandLineTaskRunner$CommandLineProgressMonitor - 1055 nuclei detected (86%)
2024-10-23 00:41:45 INFO: 00:41:45.011 [task-runner-1-36] [INFO ] q.lib.plugins.DetectionPluginTools - 1273 nuclei detected (processing time: 21.53 seconds)
2024-10-23 00:41:45 INFO: 00:41:45.012 [main] [INFO ] q.l.p.CommandLineTaskRunner$CommandLineProgressMonitor - 1273 nuclei detected (86%)
2024-10-23 00:41:45 INFO: 00:41:45.089 [task-runner-1-61] [INFO ] q.lib.plugins.DetectionPluginTools - 1551 nuclei detected (processing time: 51.71 seconds)
2024-10-23 00:41:45 INFO: 00:41:45.090 [main] [INFO ] q.l.p.CommandLineTaskRunner$CommandLineProgressMonitor - 1551 nuclei detected (87%)
2024-10-23 00:41:45 INFO: 00:41:45.156 [task-runner-1-8] [INFO ] q.lib.plugins.DetectionPluginTools - 1900 nuclei detected (processing time: 55.21 seconds)
2024-10-23 00:41:45 INFO: 00:41:45.156 [main] [INFO ] q.l.p.CommandLineTaskRunner$CommandLineProgressMonitor - 1900 nuclei detected (88%)
2024-10-23 00:41:45 INFO: 00:41:45.164 [task-runner-1-15] [INFO ] q.lib.plugins.DetectionPluginTools - 1299 nuclei detected (processing time: 52.10 seconds)
2024-10-23 00:41:45 INFO: 00:41:45.164 [main] [INFO ] q.l.p.CommandLineTaskRunner$CommandLineProgressMonitor - 1299 nuclei detected (88%)
2024-10-23 00:41:45 INFO: 00:41:45.217 [task-runner-1-12] [INFO ] q.lib.plugins.DetectionPluginTools - 1771 nuclei detected (processing time: 50.42 seconds)
2024-10-23 00:41:45 INFO: 00:41:45.218 [main] [INFO ] q.l.p.CommandLineTaskRunner$CommandLineProgressMonitor - 1771 nuclei detected (89%)
2024-10-23 00:41:45 INFO: 00:41:45.502 [task-runner-1-25] [INFO ] q.lib.plugins.DetectionPluginTools - 2075 nuclei detected (processing time: 55.26 seconds)
2024-10-23 00:41:45 INFO: 00:41:45.503 [main] [INFO ] q.l.p.CommandLineTaskRunner$CommandLineProgressMonitor - 2075 nuclei detected (89%)
2024-10-23 00:41:45 INFO: 00:41:45.520 [task-runner-1-20] [INFO ] q.lib.plugins.DetectionPluginTools - 1482 nuclei detected (processing time: 52.26 seconds)
2024-10-23 00:41:45 INFO: 00:41:45.521 [main] [INFO ] q.l.p.CommandLineTaskRunner$CommandLineProgressMonitor - 1482 nuclei detected (90%)
2024-10-23 00:41:45 INFO: 00:41:45.530 [task-runner-1-35] [INFO ] q.lib.plugins.DetectionPluginTools - 1294 nuclei detected (processing time: 52.31 seconds)
2024-10-23 00:41:45 INFO: 00:41:45.530 [main] [INFO ] q.l.p.CommandLineTaskRunner$CommandLineProgressMonitor - 1294 nuclei detected (91%)
2024-10-23 00:41:45 INFO: 00:41:45.622 [task-runner-1-50] [INFO ] q.lib.plugins.DetectionPluginTools - 1647 nuclei detected (processing time: 52.38 seconds)
2024-10-23 00:41:45 INFO: 00:41:45.622 [main] [INFO ] q.l.p.CommandLineTaskRunner$CommandLineProgressMonitor - 1647 nuclei detected (91%)
2024-10-23 00:41:45 INFO: 00:41:45.790 [task-runner-1-1] [INFO ] q.lib.plugins.DetectionPluginTools - 3066 nuclei detected (processing time: 55.84 seconds)
2024-10-23 00:41:45 INFO: 00:41:45.791 [main] [INFO ] q.l.p.CommandLineTaskRunner$CommandLineProgressMonitor - 3066 nuclei detected (92%)
2024-10-23 00:41:45 INFO: 00:41:45.828 [task-runner-1-43] [INFO ] q.lib.plugins.DetectionPluginTools - 1757 nuclei detected (processing time: 52.06 seconds)
2024-10-23 00:41:45 INFO: 00:41:45.829 [main] [INFO ] q.l.p.CommandLineTaskRunner$CommandLineProgressMonitor - 1757 nuclei detected (93%)
2024-10-23 00:41:45 INFO: 00:41:45.856 [task-runner-1-63] [INFO ] q.lib.plugins.DetectionPluginTools - 1979 nuclei detected (processing time: 55.60 seconds)
2024-10-23 00:41:45 INFO: 00:41:45.857 [main] [INFO ] q.l.p.CommandLineTaskRunner$CommandLineProgressMonitor - 1979 nuclei detected (93%)
2024-10-23 00:41:45 INFO: 00:41:45.903 [task-runner-1-7] [INFO ] q.lib.plugins.DetectionPluginTools - 1941 nuclei detected (processing time: 55.96 seconds)
2024-10-23 00:41:45 INFO: 00:41:45.903 [main] [INFO ] q.l.p.CommandLineTaskRunner$CommandLineProgressMonitor - 1941 nuclei detected (94%)
2024-10-23 00:41:45 INFO: 00:41:45.905 [task-runner-1-23] [INFO ] q.lib.plugins.DetectionPluginTools - 1875 nuclei detected (processing time: 50.40 seconds)
2024-10-23 00:41:45 INFO: 00:41:45.905 [main] [INFO ] q.l.p.CommandLineTaskRunner$CommandLineProgressMonitor - 1875 nuclei detected (94%)
2024-10-23 00:41:45 INFO: 00:41:45.941 [task-runner-1-29] [INFO ] q.lib.plugins.DetectionPluginTools - 2147 nuclei detected (processing time: 50.62 seconds)
2024-10-23 00:41:45 INFO: 00:41:45.941 [main] [INFO ] q.l.p.CommandLineTaskRunner$CommandLineProgressMonitor - 2147 nuclei detected (95%)
2024-10-23 00:41:45 INFO: 00:41:45.973 [task-runner-1-9] [INFO ] q.lib.plugins.DetectionPluginTools - 1950 nuclei detected (processing time: 42.28 seconds)
2024-10-23 00:41:45 INFO: 00:41:45.973 [main] [INFO ] q.l.p.CommandLineTaskRunner$CommandLineProgressMonitor - 1950 nuclei detected (96%)
2024-10-23 00:41:46 INFO: 00:41:46.066 [task-runner-1-44] [INFO ] q.lib.plugins.DetectionPluginTools - 2020 nuclei detected (processing time: 55.71 seconds)
2024-10-23 00:41:46 INFO: 00:41:46.066 [main] [INFO ] q.l.p.CommandLineTaskRunner$CommandLineProgressMonitor - 2020 nuclei detected (96%)
2024-10-23 00:41:46 INFO: 00:41:46.231 [task-runner-1-14] [INFO ] q.lib.plugins.DetectionPluginTools - 2248 nuclei detected (processing time: 56.29 seconds)
2024-10-23 00:41:46 INFO: 00:41:46.232 [main] [INFO ] q.l.p.CommandLineTaskRunner$CommandLineProgressMonitor - 2248 nuclei detected (97%)
2024-10-23 00:41:46 INFO: 00:41:46.233 [task-runner-1-24] [INFO ] q.lib.plugins.DetectionPluginTools - 2301 nuclei detected (processing time: 50.18 seconds)
2024-10-23 00:41:46 INFO: 00:41:46.233 [main] [INFO ] q.l.p.CommandLineTaskRunner$CommandLineProgressMonitor - 2301 nuclei detected (98%)
2024-10-23 00:41:46 INFO: 00:41:46.594 [task-runner-1-51] [INFO ] q.lib.plugins.DetectionPluginTools - 2479 nuclei detected (processing time: 41.62 seconds)
2024-10-23 00:41:46 INFO: 00:41:46.594 [main] [INFO ] q.l.p.CommandLineTaskRunner$CommandLineProgressMonitor - 2479 nuclei detected (98%)
2024-10-23 00:41:46 INFO: 00:41:46.921 [task-runner-1-26] [INFO ] q.lib.plugins.DetectionPluginTools - 2420 nuclei detected (processing time: 42.48 seconds)
2024-10-23 00:41:46 INFO: 00:41:46.921 [main] [INFO ] q.l.p.CommandLineTaskRunner$CommandLineProgressMonitor - 2420 nuclei detected (99%)
2024-10-23 00:41:46 INFO: 00:41:46.991 [task-runner-1-49] [INFO ] q.lib.plugins.DetectionPluginTools - 2181 nuclei detected (processing time: 40.69 seconds)
2024-10-23 00:41:46 INFO: 00:41:46.992 [main] [INFO ] q.l.p.CommandLineTaskRunner$CommandLineProgressMonitor - 2181 nuclei detected (99%)
2024-10-23 00:41:47 INFO: 00:41:47.286 [task-runner-1-48] [INFO ] q.lib.plugins.DetectionPluginTools - 2427 nuclei detected (processing time: 41.96 seconds)
2024-10-23 00:41:47 INFO: 00:41:47.286 [main] [INFO ] q.l.p.CommandLineTaskRunner$CommandLineProgressMonitor - 2427 nuclei detected (100%)
2024-10-23 00:41:47 INFO: 00:41:47.286 [main] [INFO ] q.l.p.CommandLineTaskRunner$CommandLineProgressMonitor - Processing complete in 70.56 seconds
2024-10-23 00:41:47 INFO: 00:41:47.286 [main] [INFO ] q.l.p.CommandLineTaskRunner$CommandLineProgressMonitor - Tasks completed!
2024-10-23 00:41:51 INFO: 00:41:51.638 [main] [WARN ] q.l.p.objects.SmoothFeaturesPlugin - Smoothing using annotations
2024-10-23 00:41:53 INFO: 00:41:53.020 [main] [INFO ] q.l.p.CommandLineTaskRunner$CommandLineProgressMonitor - Completed (100%)
2024-10-23 00:41:53 INFO: 00:41:53.020 [main] [INFO ] q.l.p.CommandLineTaskRunner$CommandLineProgressMonitor - Processing complete in 1.38 seconds
2024-10-23 00:41:53 INFO: 00:41:53.020 [main] [INFO ] q.l.p.CommandLineTaskRunner$CommandLineProgressMonitor - Tasks completed!
2024-10-23 00:41:53 INFO: 00:41:53.023 [main] [WARN ] q.l.p.objects.SmoothFeaturesPlugin - Smoothing using annotations
2024-10-23 00:41:55 INFO: 00:41:55.214 [main] [INFO ] q.l.p.CommandLineTaskRunner$CommandLineProgressMonitor - Completed (100%)
2024-10-23 00:41:55 INFO: 00:41:55.214 [main] [INFO ] q.l.p.CommandLineTaskRunner$CommandLineProgressMonitor - Processing complete in 2.19 seconds
2024-10-23 00:41:55 INFO: 00:41:55.214 [main] [INFO ] q.l.p.CommandLineTaskRunner$CommandLineProgressMonitor - Tasks completed!
2024-10-23 00:41:55 INFO: 00:41:55.217 [main] [WARN ] q.l.p.objects.SmoothFeaturesPlugin - Smoothing using annotations
2024-10-23 00:42:00 INFO: 00:42:00.156 [main] [INFO ] q.l.p.CommandLineTaskRunner$CommandLineProgressMonitor - Completed (100%)
2024-10-23 00:42:00 INFO: 00:42:00.156 [main] [INFO ] q.l.p.CommandLineTaskRunner$CommandLineProgressMonitor - Processing complete in 4.94 seconds
2024-10-23 00:42:00 INFO: 00:42:00.156 [main] [INFO ] q.l.p.CommandLineTaskRunner$CommandLineProgressMonitor - Tasks completed!
2024-10-23 00:42:00 INFO: 00:42:00.272 [task-runner-5-2] [INFO ] q.l.a.IntensityFeaturesPlugin - Splitting Rectangle (0, 0, 63784, 39311) into 40 tiles for intensity measurements
2024-10-23 00:42:00 INFO: 00:42:00.372 [main] [INFO ] q.l.p.CommandLineTaskRunner$CommandLineProgressMonitor - Completed (0%)
2024-10-23 00:42:01 INFO: 00:42:01.253 [main] [INFO ] q.l.p.CommandLineTaskRunner$CommandLineProgressMonitor - Completed (1%)
2024-10-23 00:42:01 INFO: 00:42:01.451 [main] [INFO ] q.l.p.CommandLineTaskRunner$CommandLineProgressMonitor - Completed (2%)
2024-10-23 00:42:01 INFO: 00:42:01.542 [main] [INFO ] q.l.p.CommandLineTaskRunner$CommandLineProgressMonitor - Completed (3%)
2024-10-23 00:42:01 INFO: 00:42:01.620 [main] [INFO ] q.l.p.CommandLineTaskRunner$CommandLineProgressMonitor - Completed (4%)
2024-10-23 00:42:01 INFO: 00:42:01.705 [main] [INFO ] q.l.p.CommandLineTaskRunner$CommandLineProgressMonitor - Completed (5%)
2024-10-23 00:42:01 INFO: 00:42:01.772 [main] [INFO ] q.l.p.CommandLineTaskRunner$CommandLineProgressMonitor - Completed (6%)
2024-10-23 00:42:01 INFO: 00:42:01.829 [main] [INFO ] q.l.p.CommandLineTaskRunner$CommandLineProgressMonitor - Completed (7%)
2024-10-23 00:42:01 INFO: 00:42:01.890 [main] [INFO ] q.l.p.CommandLineTaskRunner$CommandLineProgressMonitor - Completed (8%)
2024-10-23 00:42:01 INFO: 00:42:01.944 [main] [INFO ] q.l.p.CommandLineTaskRunner$CommandLineProgressMonitor - Completed (9%)
2024-10-23 00:42:02 INFO: 00:42:02.000 [main] [INFO ] q.l.p.CommandLineTaskRunner$CommandLineProgressMonitor - Completed (10%)
2024-10-23 00:42:02 INFO: 00:42:02.056 [main] [INFO ] q.l.p.CommandLineTaskRunner$CommandLineProgressMonitor - Completed (11%)
2024-10-23 00:42:02 INFO: 00:42:02.114 [main] [INFO ] q.l.p.CommandLineTaskRunner$CommandLineProgressMonitor - Completed (12%)
2024-10-23 00:42:02 INFO: 00:42:02.382 [main] [INFO ] q.l.p.CommandLineTaskRunner$CommandLineProgressMonitor - Completed (13%)
2024-10-23 00:42:02 INFO: 00:42:02.443 [main] [INFO ] q.l.p.CommandLineTaskRunner$CommandLineProgressMonitor - Completed (14%)
2024-10-23 00:42:02 INFO: 00:42:02.507 [main] [INFO ] q.l.p.CommandLineTaskRunner$CommandLineProgressMonitor - Completed (15%)
2024-10-23 00:42:02 INFO: 00:42:02.615 [main] [INFO ] q.l.p.CommandLineTaskRunner$CommandLineProgressMonitor - Completed (16%)
2024-10-23 00:42:02 INFO: 00:42:02.686 [main] [INFO ] q.l.p.CommandLineTaskRunner$CommandLineProgressMonitor - Completed (17%)
2024-10-23 00:42:02 INFO: 00:42:02.744 [main] [INFO ] q.l.p.CommandLineTaskRunner$CommandLineProgressMonitor - Completed (18%)
2024-10-23 00:42:02 INFO: 00:42:02.798 [main] [INFO ] q.l.p.CommandLineTaskRunner$CommandLineProgressMonitor - Completed (19%)
2024-10-23 00:42:02 INFO: 00:42:02.855 [main] [INFO ] q.l.p.CommandLineTaskRunner$CommandLineProgressMonitor - Completed (20%)
2024-10-23 00:42:02 INFO: 00:42:02.905 [main] [INFO ] q.l.p.CommandLineTaskRunner$CommandLineProgressMonitor - Completed (21%)
2024-10-23 00:42:02 INFO: 00:42:02.963 [main] [INFO ] q.l.p.CommandLineTaskRunner$CommandLineProgressMonitor - Completed (22%)
2024-10-23 00:42:03 INFO: 00:42:03.015 [main] [INFO ] q.l.p.CommandLineTaskRunner$CommandLineProgressMonitor - Completed (23%)
2024-10-23 00:42:03 INFO: 00:42:03.071 [main] [INFO ] q.l.p.CommandLineTaskRunner$CommandLineProgressMonitor - Completed (24%)
2024-10-23 00:42:03 INFO: 00:42:03.122 [main] [INFO ] q.l.p.CommandLineTaskRunner$CommandLineProgressMonitor - Completed (25%)
2024-10-23 00:42:03 INFO: 00:42:03.178 [main] [INFO ] q.l.p.CommandLineTaskRunner$CommandLineProgressMonitor - Completed (26%)
2024-10-23 00:42:03 INFO: 00:42:03.233 [main] [INFO ] q.l.p.CommandLineTaskRunner$CommandLineProgressMonitor - Completed (27%)
2024-10-23 00:42:03 INFO: 00:42:03.314 [main] [INFO ] q.l.p.CommandLineTaskRunner$CommandLineProgressMonitor - Completed (28%)
2024-10-23 00:42:03 INFO: 00:42:03.372 [main] [INFO ] q.l.p.CommandLineTaskRunner$CommandLineProgressMonitor - Completed (29%)
2024-10-23 00:42:03 INFO: 00:42:03.675 [main] [INFO ] q.l.p.CommandLineTaskRunner$CommandLineProgressMonitor - Completed (30%)
2024-10-23 00:42:03 INFO: 00:42:03.756 [main] [INFO ] q.l.p.CommandLineTaskRunner$CommandLineProgressMonitor - Completed (31%)
2024-10-23 00:42:03 INFO: 00:42:03.818 [main] [INFO ] q.l.p.CommandLineTaskRunner$CommandLineProgressMonitor - Completed (32%)
2024-10-23 00:42:03 INFO: 00:42:03.874 [main] [INFO ] q.l.p.CommandLineTaskRunner$CommandLineProgressMonitor - Completed (33%)
2024-10-23 00:42:03 INFO: 00:42:03.927 [main] [INFO ] q.l.p.CommandLineTaskRunner$CommandLineProgressMonitor - Completed (34%)
2024-10-23 00:42:03 INFO: 00:42:03.983 [main] [INFO ] q.l.p.CommandLineTaskRunner$CommandLineProgressMonitor - Completed (35%)
2024-10-23 00:42:04 INFO: 00:42:04.031 [main] [INFO ] q.l.p.CommandLineTaskRunner$CommandLineProgressMonitor - Completed (36%)
2024-10-23 00:42:04 INFO: 00:42:04.085 [main] [INFO ] q.l.p.CommandLineTaskRunner$CommandLineProgressMonitor - Completed (37%)
2024-10-23 00:42:04 INFO: 00:42:04.138 [main] [INFO ] q.l.p.CommandLineTaskRunner$CommandLineProgressMonitor - Completed (38%)
2024-10-23 00:42:04 INFO: 00:42:04.199 [main] [INFO ] q.l.p.CommandLineTaskRunner$CommandLineProgressMonitor - Completed (39%)
2024-10-23 00:42:04 INFO: 00:42:04.251 [main] [INFO ] q.l.p.CommandLineTaskRunner$CommandLineProgressMonitor - Completed (40%)
2024-10-23 00:42:04 INFO: 00:42:04.300 [main] [INFO ] q.l.p.CommandLineTaskRunner$CommandLineProgressMonitor - Completed (41%)
2024-10-23 00:42:04 INFO: 00:42:04.356 [main] [INFO ] q.l.p.CommandLineTaskRunner$CommandLineProgressMonitor - Completed (42%)
2024-10-23 00:42:04 INFO: 00:42:04.407 [main] [INFO ] q.l.p.CommandLineTaskRunner$CommandLineProgressMonitor - Completed (43%)
2024-10-23 00:42:04 INFO: 00:42:04.459 [main] [INFO ] q.l.p.CommandLineTaskRunner$CommandLineProgressMonitor - Completed (44%)
2024-10-23 00:42:04 INFO: 00:42:04.928 [main] [INFO ] q.l.p.CommandLineTaskRunner$CommandLineProgressMonitor - Completed (45%)
2024-10-23 00:42:04 INFO: 00:42:04.984 [main] [INFO ] q.l.p.CommandLineTaskRunner$CommandLineProgressMonitor - Completed (46%)
2024-10-23 00:42:05 INFO: 00:42:05.056 [main] [INFO ] q.l.p.CommandLineTaskRunner$CommandLineProgressMonitor - Completed (47%)
2024-10-23 00:42:05 INFO: 00:42:05.131 [main] [INFO ] q.l.p.CommandLineTaskRunner$CommandLineProgressMonitor - Completed (48%)
2024-10-23 00:42:05 INFO: 00:42:05.211 [main] [INFO ] q.l.p.CommandLineTaskRunner$CommandLineProgressMonitor - Completed (49%)
2024-10-23 00:42:05 INFO: 00:42:05.266 [main] [INFO ] q.l.p.CommandLineTaskRunner$CommandLineProgressMonitor - Completed (50%)
2024-10-23 00:42:05 INFO: 00:42:05.325 [main] [INFO ] q.l.p.CommandLineTaskRunner$CommandLineProgressMonitor - Completed (51%)
2024-10-23 00:42:05 INFO: 00:42:05.378 [main] [INFO ] q.l.p.CommandLineTaskRunner$CommandLineProgressMonitor - Completed (52%)
2024-10-23 00:42:05 INFO: 00:42:05.436 [main] [INFO ] q.l.p.CommandLineTaskRunner$CommandLineProgressMonitor - Completed (53%)
2024-10-23 00:42:05 INFO: 00:42:05.487 [main] [INFO ] q.l.p.CommandLineTaskRunner$CommandLineProgressMonitor - Completed (54%)
2024-10-23 00:42:05 INFO: 00:42:05.541 [main] [INFO ] q.l.p.CommandLineTaskRunner$CommandLineProgressMonitor - Completed (55%)
2024-10-23 00:42:05 INFO: 00:42:05.593 [main] [INFO ] q.l.p.CommandLineTaskRunner$CommandLineProgressMonitor - Completed (56%)
2024-10-23 00:42:05 INFO: 00:42:05.648 [main] [INFO ] q.l.p.CommandLineTaskRunner$CommandLineProgressMonitor - Completed (57%)
2024-10-23 00:42:05 INFO: 00:42:05.699 [main] [INFO ] q.l.p.CommandLineTaskRunner$CommandLineProgressMonitor - Completed (58%)
2024-10-23 00:42:05 INFO: 00:42:05.749 [main] [INFO ] q.l.p.CommandLineTaskRunner$CommandLineProgressMonitor - Completed (59%)
2024-10-23 00:42:05 INFO: 00:42:05.806 [main] [INFO ] q.l.p.CommandLineTaskRunner$CommandLineProgressMonitor - Completed (60%)
2024-10-23 00:42:06 INFO: 00:42:06.032 [main] [INFO ] q.l.p.CommandLineTaskRunner$CommandLineProgressMonitor - Completed (61%)
2024-10-23 00:42:06 INFO: 00:42:06.091 [main] [INFO ] q.l.p.CommandLineTaskRunner$CommandLineProgressMonitor - Completed (62%)
2024-10-23 00:42:06 INFO: 00:42:06.153 [main] [INFO ] q.l.p.CommandLineTaskRunner$CommandLineProgressMonitor - Completed (63%)
2024-10-23 00:42:06 INFO: 00:42:06.216 [main] [INFO ] q.l.p.CommandLineTaskRunner$CommandLineProgressMonitor - Completed (64%)
2024-10-23 00:42:06 INFO: 00:42:06.292 [main] [INFO ] q.l.p.CommandLineTaskRunner$CommandLineProgressMonitor - Completed (65%)
2024-10-23 00:42:06 INFO: 00:42:06.359 [main] [INFO ] q.l.p.CommandLineTaskRunner$CommandLineProgressMonitor - Completed (66%)
2024-10-23 00:42:06 INFO: 00:42:06.412 [main] [INFO ] q.l.p.CommandLineTaskRunner$CommandLineProgressMonitor - Completed (67%)
2024-10-23 00:42:06 INFO: 00:42:06.467 [main] [INFO ] q.l.p.CommandLineTaskRunner$CommandLineProgressMonitor - Completed (68%)
2024-10-23 00:42:06 INFO: 00:42:06.522 [main] [INFO ] q.l.p.CommandLineTaskRunner$CommandLineProgressMonitor - Completed (69%)
2024-10-23 00:42:06 INFO: 00:42:06.576 [main] [INFO ] q.l.p.CommandLineTaskRunner$CommandLineProgressMonitor - Completed (70%)
2024-10-23 00:42:06 INFO: 00:42:06.630 [main] [INFO ] q.l.p.CommandLineTaskRunner$CommandLineProgressMonitor - Completed (71%)
2024-10-23 00:42:06 INFO: 00:42:06.680 [main] [INFO ] q.l.p.CommandLineTaskRunner$CommandLineProgressMonitor - Completed (72%)
2024-10-23 00:42:06 INFO: 00:42:06.738 [main] [INFO ] q.l.p.CommandLineTaskRunner$CommandLineProgressMonitor - Completed (73%)
2024-10-23 00:42:06 INFO: 00:42:06.789 [main] [INFO ] q.l.p.CommandLineTaskRunner$CommandLineProgressMonitor - Completed (74%)
2024-10-23 00:42:06 INFO: 00:42:06.847 [main] [INFO ] q.l.p.CommandLineTaskRunner$CommandLineProgressMonitor - Completed (75%)
2024-10-23 00:42:06 INFO: 00:42:06.901 [main] [INFO ] q.l.p.CommandLineTaskRunner$CommandLineProgressMonitor - Completed (76%)
2024-10-23 00:42:06 INFO: 00:42:06.953 [main] [INFO ] q.l.p.CommandLineTaskRunner$CommandLineProgressMonitor - Completed (77%)
2024-10-23 00:42:07 INFO: 00:42:07.005 [main] [INFO ] q.l.p.CommandLineTaskRunner$CommandLineProgressMonitor - Completed (78%)
2024-10-23 00:42:07 INFO: 00:42:07.057 [main] [INFO ] q.l.p.CommandLineTaskRunner$CommandLineProgressMonitor - Completed (79%)
2024-10-23 00:42:07 INFO: 00:42:07.109 [main] [INFO ] q.l.p.CommandLineTaskRunner$CommandLineProgressMonitor - Completed (80%)
2024-10-23 00:42:07 INFO: 00:42:07.162 [main] [INFO ] q.l.p.CommandLineTaskRunner$CommandLineProgressMonitor - Completed (81%)
2024-10-23 00:42:07 INFO: 00:42:07.218 [main] [INFO ] q.l.p.CommandLineTaskRunner$CommandLineProgressMonitor - Completed (82%)
2024-10-23 00:42:07 INFO: 00:42:07.318 [main] [INFO ] q.l.p.CommandLineTaskRunner$CommandLineProgressMonitor - Completed (83%)
2024-10-23 00:42:07 INFO: 00:42:07.407 [main] [INFO ] q.l.p.CommandLineTaskRunner$CommandLineProgressMonitor - Completed (84%)
2024-10-23 00:42:07 INFO: 00:42:07.500 [main] [INFO ] q.l.p.CommandLineTaskRunner$CommandLineProgressMonitor - Completed (85%)
2024-10-23 00:42:07 INFO: 00:42:07.589 [main] [INFO ] q.l.p.CommandLineTaskRunner$CommandLineProgressMonitor - Completed (86%)
2024-10-23 00:42:07 INFO: 00:42:07.666 [main] [INFO ] q.l.p.CommandLineTaskRunner$CommandLineProgressMonitor - Completed (87%)
2024-10-23 00:42:07 INFO: 00:42:07.752 [main] [INFO ] q.l.p.CommandLineTaskRunner$CommandLineProgressMonitor - Completed (88%)
2024-10-23 00:42:07 INFO: 00:42:07.832 [main] [INFO ] q.l.p.CommandLineTaskRunner$CommandLineProgressMonitor - Completed (89%)
2024-10-23 00:42:07 INFO: 00:42:07.918 [main] [INFO ] q.l.p.CommandLineTaskRunner$CommandLineProgressMonitor - Completed (90%)
2024-10-23 00:42:08 INFO: 00:42:08.002 [main] [INFO ] q.l.p.CommandLineTaskRunner$CommandLineProgressMonitor - Completed (91%)
2024-10-23 00:42:08 INFO: 00:42:08.182 [main] [INFO ] q.l.p.CommandLineTaskRunner$CommandLineProgressMonitor - Completed (92%)
2024-10-23 00:42:08 INFO: 00:42:08.232 [main] [INFO ] q.l.p.CommandLineTaskRunner$CommandLineProgressMonitor - Completed (93%)
2024-10-23 00:42:08 INFO: 00:42:08.288 [main] [INFO ] q.l.p.CommandLineTaskRunner$CommandLineProgressMonitor - Completed (94%)
2024-10-23 00:42:08 INFO: 00:42:08.344 [main] [INFO ] q.l.p.CommandLineTaskRunner$CommandLineProgressMonitor - Completed (95%)
2024-10-23 00:42:08 INFO: 00:42:08.398 [main] [INFO ] q.l.p.CommandLineTaskRunner$CommandLineProgressMonitor - Completed (96%)
2024-10-23 00:42:08 INFO: 00:42:08.452 [main] [INFO ] q.l.p.CommandLineTaskRunner$CommandLineProgressMonitor - Completed (97%)
2024-10-23 00:42:08 INFO: 00:42:08.515 [main] [INFO ] q.l.p.CommandLineTaskRunner$CommandLineProgressMonitor - Completed (98%)
2024-10-23 00:42:08 INFO: 00:42:08.570 [main] [INFO ] q.l.p.CommandLineTaskRunner$CommandLineProgressMonitor - Completed (99%)
2024-10-23 00:42:08 INFO: 00:42:08.624 [main] [INFO ] q.l.p.CommandLineTaskRunner$CommandLineProgressMonitor - Completed (100%)
2024-10-23 00:43:09 INFO: 00:43:09.426 [main] [INFO ] q.l.p.CommandLineTaskRunner$CommandLineProgressMonitor - Completed (100%)
2024-10-23 00:43:09 INFO: 00:43:09.427 [main] [INFO ] q.l.p.CommandLineTaskRunner$CommandLineProgressMonitor - Processing complete in 69.16 seconds
2024-10-23 00:43:09 INFO: 00:43:09.427 [main] [INFO ] q.l.p.CommandLineTaskRunner$CommandLineProgressMonitor - Tasks completed!
2024-10-23 00:44:08 INFO: 00:44:08.205 [task-runner-6-1] [WARN ] q.o.features.DelaunayTriangulation - Some objects have missing measurements! Statistics will calculated only for objects with measurements available.
2024-10-23 00:44:08 INFO: 00:44:08.205 [task-runner-6-1] [WARN ] q.o.features.DelaunayTriangulation - Missing measurements: [ROI: 1.00 m per pixel: Residual: Haralick Correlation (F2), ROI: 1.00 m per pixel: Residual: Haralick Information measure of correlation 1 (F11), ROI: 1.00 m per pixel: Residual: Haralick Information measure of correlation 2 (F12), ROI: 1.00 m per pixel: OD Sum: Haralick Correlation (F2), ROI: 1.00 m per pixel: OD Sum: Haralick Information measure of correlation 1 (F11)]
2024-10-23 00:44:08 INFO: 00:44:08.226 [main] [INFO ] q.l.p.CommandLineTaskRunner$CommandLineProgressMonitor - Delaunay triangulation calculated for Annotation (98235 objects) (100%)
2024-10-23 00:44:08 INFO: 00:44:08.226 [main] [INFO ] q.l.p.CommandLineTaskRunner$CommandLineProgressMonitor - Processing complete in 58.78 seconds
2024-10-23 00:44:08 INFO: 00:44:08.226 [main] [INFO ] q.l.p.CommandLineTaskRunner$CommandLineProgressMonitor - Tasks completed!
2024-10-23 00:45:24 INFO: TCGA-GI-A2C8-01Z-00-DX1.09BD8AC9-645A-4C8B-9B36-77D833BDBA09
2024-10-23 00:45:24 INFO: QuPath subprocess completed.
2024-10-23 00:45:29 INFO: QuPath image extraction completed successfully. Output directory: /home/ilants/Documents/jupyter_test/single_image_multiple_params/exp_sigmaMicrons_0.25
2024-10-23 00:45:29 INFO: Summary table saved to: /home/ilants/Documents/jupyter_test/single_image_multiple_params/exp_sigmaMicrons_0.25/Summary_Table.csv
2024-10-23 00:45:29 INFO: Experiment completed successfully.
