2024-10-22 23:16:25 INFO: Starting experiment with for backgroundRadiusMicrons with value of 4.0
2024-10-22 23:16:25 INFO: Running with the following configuration:
{'detectionImageBrightfield': 'Hematoxylin OD', 'requestedPixelSizeMicrons': 0.5, 'backgroundRadiusMicrons': 4.0, 'backgroundByReconstruction': True, 'medianRadiusMicrons': 0.0, 'sigmaMicrons': 1.5, 'minAreaMicrons': 10.0, 'maxAreaMicrons': 80.0, 'threshold': 0.1, 'maxBackground': 2.0, 'watershedPostProcess': True, 'cellExpansionMicrons': 5.0, 'includeNuclei': True, 'smoothBoundaries': True, 'makeMeasurements': True, 'backgroundRadiusPixel': 8.0, 'cellExpansionPixel': 10.0, 'medianRadiusPixel': 0.0, 'minAreaPixel': 20.0, 'maxAreaPixel': 160.0}
2024-10-22 23:16:25 INFO: Starting QuPath image extraction with the following parameters: image_dir=/home/ilants/Documents/jupyter_test, output_dir=/home/ilants/Documents/jupyter_test/single_image_multiple_params/exp_backgroundRadiusMicrons_4.0, image_type=svs, groovy_script=/home/ilants/Documents/utls/nucleus_detection_wargs.groovy, config_file=/home/ilants/Documents/jupyter_test/single_image_multiple_params/exp_backgroundRadiusMicrons_4.0/cfg.json, program_path=/home/ilants/Documents/QuPath-v0.5.1-Linux/QuPath/bin/QuPath
2024-10-22 23:16:26 INFO: 23:16:26.413 [main] [INFO ] qupath.lib.gui.prefs.PathPrefs - Setting default Locale to en_US
2024-10-22 23:16:26 INFO: 23:16:26.417 [main] [INFO ] qupath.lib.gui.prefs.PathPrefs - Setting Locale for FORMAT to en_US
2024-10-22 23:16:26 INFO: 23:16:26.417 [main] [INFO ] qupath.lib.gui.prefs.PathPrefs - Setting Locale for DISPLAY to en_US
2024-10-22 23:16:26 INFO: 23:16:26.431 [main] [INFO ] qupath.lib.common.ThreadTools - Setting parallelism to 63
2024-10-22 23:16:26 INFO: 23:16:26.449 [main] [INFO ] qupath.ScriptCommand - Setting tile cache size to 32200.00 MB (25.0% max memory)
2024-10-22 23:16:26 INFO: 23:16:26.497 [main] [INFO ] qupath.lib.scripting.QP - Initializing type adapters
2024-10-22 23:16:26 INFO: Warning: Versions of org.bytedeco:javacpp:1.5.9 and org.bytedeco:opencv:4.6.0-1.5.8 do not match.
2024-10-22 23:16:26 INFO: Warning: Versions of org.bytedeco:javacpp:1.5.9 and org.bytedeco:openblas:0.3.21-1.5.8 do not match.
2024-10-22 23:16:28 INFO: project parameters are: {"detectionImageBrightfield": "Hematoxylin OD","requestedPixelSizeMicrons": 0.5,"backgroundRadiusMicrons": 4.0,"backgroundByReconstruction": true,"medianRadiusMicrons": 0.0,"sigmaMicrons": 1.5,"minAreaMicrons": 10.0,"maxAreaMicrons": 80.0,"threshold": 0.1,"maxBackground": 2.0,"watershedPostProcess": true,"cellExpansionMicrons": 5.0,"includeNuclei": true,"smoothBoundaries": true,"makeMeasurements": true,"backgroundRadiusPixel": 8.0,"cellExpansionPixel": 10.0,"medianRadiusPixel": 0.0,"minAreaPixel": 20.0,"maxAreaPixel": 160.0}
2024-10-22 23:16:28 INFO: New project created at: /home/ilants/Documents/jupyter_test/single_image_multiple_params/exp_backgroundRadiusMicrons_4.0/QPProject
2024-10-22 23:16:28 INFO: Added: /home/ilants/Documents/jupyter_test/TCGA-GI-A2C8-01Z-00-DX1.09BD8AC9-645A-4C8B-9B36-77D833BDBA09.svs
2024-10-22 23:16:28 INFO: /home/ilants/Documents/jupyter_test/TCGA-GI-A2C8-01Z-00-DX1.09BD8AC9-645A-4C8B-9B36-77D833BDBA09.svs
2024-10-22 23:16:28 INFO: 23:16:28.422 [main] [INFO ] q.l.i.s.b.BioFormatsServerOptions - Setting max Bio-Formats readers to 32
2024-10-22 23:16:28 INFO: UriImageSupport (class qupath.lib.images.servers.bioformats.BioFormatsServerBuilder) support=3.0, builders=1
2024-10-22 23:16:28 INFO: true
2024-10-22 23:16:29 INFO: 23:16:29.080 [main] [WARN ] qupath.lib.scripting.QP - createSelectAllObject(boolean) is deprecated, use createFullImageAnnotation(boolean) instead
2024-10-22 23:16:29 INFO: 23:16:29.080 [main] [WARN ] qupath.lib.scripting.QP - createSelectAllObject(boolean, int, int) is deprecated, use createFullImageAnnotation(boolean, int, int) instead
2024-10-22 23:16:29 INFO: 23:16:29.090 [main] [WARN ] q.l.plugins.parameters.ParameterList - Unable to set parameter backgroundRadiusPixel with value 8.0
2024-10-22 23:16:29 INFO: 23:16:29.091 [main] [WARN ] q.l.plugins.parameters.ParameterList - Unable to set parameter cellExpansionPixel with value 10.0
2024-10-22 23:16:29 INFO: 23:16:29.091 [main] [WARN ] q.l.plugins.parameters.ParameterList - Unable to set parameter medianRadiusPixel with value 0.0
2024-10-22 23:16:29 INFO: 23:16:29.091 [main] [WARN ] q.l.plugins.parameters.ParameterList - Unable to set parameter minAreaPixel with value 20.0
2024-10-22 23:16:29 INFO: 23:16:29.091 [main] [WARN ] q.l.plugins.parameters.ParameterList - Unable to set parameter maxAreaPixel with value 160.0
2024-10-22 23:16:40 INFO: 23:16:40.906 [task-runner-1-4] [INFO ] q.lib.plugins.DetectionPluginTools - 0 nuclei detected (processing time: 11.69 seconds)
2024-10-22 23:16:41 INFO: 23:16:40.906 [task-runner-1-12] [INFO ] q.lib.plugins.DetectionPluginTools - 0 nuclei detected (processing time: 11.69 seconds)
2024-10-22 23:16:41 INFO: 23:16:40.908 [task-runner-1-16] [INFO ] q.lib.plugins.DetectionPluginTools - 0 nuclei detected (processing time: 11.69 seconds)
2024-10-22 23:16:41 INFO: 23:16:40.906 [task-runner-1-32] [INFO ] q.lib.plugins.DetectionPluginTools - 0 nuclei detected (processing time: 11.69 seconds)
2024-10-22 23:16:41 INFO: 23:16:41.010 [task-runner-1-3] [INFO ] q.lib.plugins.DetectionPluginTools - 0 nuclei detected (processing time: 11.80 seconds)
2024-10-22 23:16:41 INFO: 23:16:41.016 [main] [INFO ] q.l.p.CommandLineTaskRunner$CommandLineProgressMonitor - 0 nuclei detected (1%)
2024-10-22 23:16:41 INFO: 23:16:41.016 [main] [INFO ] q.l.p.CommandLineTaskRunner$CommandLineProgressMonitor - 0 nuclei detected (2%)
2024-10-22 23:16:41 INFO: 23:16:41.016 [main] [INFO ] q.l.p.CommandLineTaskRunner$CommandLineProgressMonitor - 0 nuclei detected (3%)
2024-10-22 23:16:41 INFO: 23:16:41.021 [task-runner-1-15] [INFO ] q.lib.plugins.DetectionPluginTools - 0 nuclei detected (processing time: 11.81 seconds)
2024-10-22 23:16:41 INFO: 23:16:41.021 [main] [INFO ] q.l.p.CommandLineTaskRunner$CommandLineProgressMonitor - 0 nuclei detected (4%)
2024-10-22 23:16:41 INFO: 23:16:41.355 [task-runner-1-48] [INFO ] q.lib.plugins.DetectionPluginTools - 0 nuclei detected (processing time: 12.13 seconds)
2024-10-22 23:16:41 INFO: 23:16:41.444 [task-runner-1-27] [INFO ] q.lib.plugins.DetectionPluginTools - 1 nucleus detected (processing time: 12.23 seconds)
2024-10-22 23:16:41 INFO: 23:16:41.446 [main] [INFO ] q.l.p.CommandLineTaskRunner$CommandLineProgressMonitor - 1 nucleus detected (5%)
2024-10-22 23:16:44 INFO: 23:16:44.052 [task-runner-1-1] [INFO ] q.lib.plugins.DetectionPluginTools - 0 nuclei detected (processing time: 14.84 seconds)
2024-10-22 23:16:44 INFO: 23:16:44.053 [main] [INFO ] q.l.p.CommandLineTaskRunner$CommandLineProgressMonitor - 0 nuclei detected (6%)
2024-10-22 23:16:44 INFO: 23:16:44.058 [task-runner-1-11] [INFO ] q.lib.plugins.DetectionPluginTools - 1 nucleus detected (processing time: 14.84 seconds)
2024-10-22 23:16:44 INFO: 23:16:44.060 [task-runner-1-9] [INFO ] q.lib.plugins.DetectionPluginTools - 0 nuclei detected (processing time: 14.85 seconds)
2024-10-22 23:16:44 INFO: 23:16:44.061 [main] [INFO ] q.l.p.CommandLineTaskRunner$CommandLineProgressMonitor - 1 nucleus detected (6%)
2024-10-22 23:16:44 INFO: 23:16:44.061 [task-runner-1-17] [INFO ] q.lib.plugins.DetectionPluginTools - 3 nuclei detected (processing time: 14.85 seconds)
2024-10-22 23:16:44 INFO: 23:16:44.061 [task-runner-1-10] [INFO ] q.lib.plugins.DetectionPluginTools - 1 nucleus detected (processing time: 14.85 seconds)
2024-10-22 23:16:44 INFO: 23:16:44.061 [task-runner-1-14] [INFO ] q.lib.plugins.DetectionPluginTools - 2 nuclei detected (processing time: 14.85 seconds)
2024-10-22 23:16:44 INFO: 23:16:44.062 [main] [INFO ] q.l.p.CommandLineTaskRunner$CommandLineProgressMonitor - 0 nuclei detected (7%)
2024-10-22 23:16:44 INFO: 23:16:44.062 [main] [INFO ] q.l.p.CommandLineTaskRunner$CommandLineProgressMonitor - 3 nuclei detected (8%)
2024-10-22 23:16:44 INFO: 23:16:44.062 [main] [INFO ] q.l.p.CommandLineTaskRunner$CommandLineProgressMonitor - 1 nucleus detected (8%)
2024-10-22 23:16:44 INFO: 23:16:44.062 [main] [INFO ] q.l.p.CommandLineTaskRunner$CommandLineProgressMonitor - 2 nuclei detected (9%)
2024-10-22 23:16:44 INFO: 23:16:44.064 [task-runner-1-47] [INFO ] q.lib.plugins.DetectionPluginTools - 7 nuclei detected (processing time: 14.84 seconds)
2024-10-22 23:16:44 INFO: 23:16:44.064 [main] [INFO ] q.l.p.CommandLineTaskRunner$CommandLineProgressMonitor - 7 nuclei detected (9%)
2024-10-22 23:16:44 INFO: 23:16:44.066 [task-runner-1-30] [INFO ] q.lib.plugins.DetectionPluginTools - 1 nucleus detected (processing time: 14.85 seconds)
2024-10-22 23:16:44 INFO: 23:16:44.066 [main] [INFO ] q.l.p.CommandLineTaskRunner$CommandLineProgressMonitor - 1 nucleus detected (10%)
2024-10-22 23:16:44 INFO: 23:16:44.066 [task-runner-1-2] [INFO ] q.lib.plugins.DetectionPluginTools - 2 nuclei detected (processing time: 14.85 seconds)
2024-10-22 23:16:44 INFO: 23:16:44.066 [main] [INFO ] q.l.p.CommandLineTaskRunner$CommandLineProgressMonitor - 2 nuclei detected (11%)
2024-10-22 23:16:44 INFO: 23:16:44.069 [task-runner-1-7] [INFO ] q.lib.plugins.DetectionPluginTools - 1 nucleus detected (processing time: 14.86 seconds)
2024-10-22 23:16:44 INFO: 23:16:44.069 [task-runner-1-8] [INFO ] q.lib.plugins.DetectionPluginTools - 2 nuclei detected (processing time: 14.86 seconds)
2024-10-22 23:16:44 INFO: 23:16:44.069 [main] [INFO ] q.l.p.CommandLineTaskRunner$CommandLineProgressMonitor - 1 nucleus detected (11%)
2024-10-22 23:16:44 INFO: 23:16:44.069 [main] [INFO ] q.l.p.CommandLineTaskRunner$CommandLineProgressMonitor - 2 nuclei detected (12%)
2024-10-22 23:16:44 INFO: 23:16:44.085 [task-runner-1-6] [INFO ] q.lib.plugins.DetectionPluginTools - 6 nuclei detected (processing time: 14.87 seconds)
2024-10-22 23:16:44 INFO: 23:16:44.086 [main] [INFO ] q.l.p.CommandLineTaskRunner$CommandLineProgressMonitor - 6 nuclei detected (13%)
2024-10-22 23:16:44 INFO: 23:16:44.092 [task-runner-1-31] [INFO ] q.lib.plugins.DetectionPluginTools - 13 nuclei detected (processing time: 14.87 seconds)
2024-10-22 23:16:44 INFO: 23:16:44.092 [main] [INFO ] q.l.p.CommandLineTaskRunner$CommandLineProgressMonitor - 13 nuclei detected (13%)
2024-10-22 23:16:44 INFO: 23:16:44.097 [task-runner-1-29] [INFO ] q.lib.plugins.DetectionPluginTools - 5 nuclei detected (processing time: 14.88 seconds)
2024-10-22 23:16:44 INFO: 23:16:44.098 [main] [INFO ] q.l.p.CommandLineTaskRunner$CommandLineProgressMonitor - 5 nuclei detected (14%)
2024-10-22 23:16:44 INFO: 23:16:44.107 [task-runner-1-13] [INFO ] q.lib.plugins.DetectionPluginTools - 8 nuclei detected (processing time: 14.89 seconds)
2024-10-22 23:16:44 INFO: 23:16:44.108 [main] [INFO ] q.l.p.CommandLineTaskRunner$CommandLineProgressMonitor - 8 nuclei detected (14%)
2024-10-22 23:16:44 INFO: 23:16:44.109 [task-runner-1-28] [INFO ] q.lib.plugins.DetectionPluginTools - 21 nuclei detected (processing time: 14.88 seconds)
2024-10-22 23:16:44 INFO: 23:16:44.109 [main] [INFO ] q.l.p.CommandLineTaskRunner$CommandLineProgressMonitor - 21 nuclei detected (15%)
2024-10-22 23:16:44 INFO: 23:16:44.195 [task-runner-1-26] [INFO ] q.lib.plugins.DetectionPluginTools - 50 nuclei detected (processing time: 14.98 seconds)
2024-10-22 23:16:44 INFO: 23:16:44.196 [main] [INFO ] q.l.p.CommandLineTaskRunner$CommandLineProgressMonitor - 50 nuclei detected (16%)
2024-10-22 23:16:44 INFO: 23:16:44.201 [task-runner-1-46] [INFO ] q.lib.plugins.DetectionPluginTools - 58 nuclei detected (processing time: 14.98 seconds)
2024-10-22 23:16:44 INFO: 23:16:44.211 [main] [INFO ] q.l.p.CommandLineTaskRunner$CommandLineProgressMonitor - 58 nuclei detected (16%)
2024-10-22 23:16:44 INFO: 23:16:44.263 [task-runner-1-5] [INFO ] q.lib.plugins.DetectionPluginTools - 61 nuclei detected (processing time: 15.05 seconds)
2024-10-22 23:16:44 INFO: 23:16:44.264 [main] [INFO ] q.l.p.CommandLineTaskRunner$CommandLineProgressMonitor - 61 nuclei detected (17%)
2024-10-22 23:16:44 INFO: 23:16:44.308 [task-runner-1-45] [INFO ] q.lib.plugins.DetectionPluginTools - 115 nuclei detected (processing time: 15.09 seconds)
2024-10-22 23:16:44 INFO: 23:16:44.309 [main] [INFO ] q.l.p.CommandLineTaskRunner$CommandLineProgressMonitor - 115 nuclei detected (18%)
2024-10-22 23:16:44 INFO: 23:16:44.323 [task-runner-1-19] [INFO ] q.lib.plugins.DetectionPluginTools - 153 nuclei detected (processing time: 15.11 seconds)
2024-10-22 23:16:44 INFO: 23:16:44.324 [main] [INFO ] q.l.p.CommandLineTaskRunner$CommandLineProgressMonitor - 153 nuclei detected (18%)
2024-10-22 23:16:44 INFO: 23:16:44.327 [task-runner-1-63] [INFO ] q.lib.plugins.DetectionPluginTools - 150 nuclei detected (processing time: 15.10 seconds)
2024-10-22 23:16:44 INFO: 23:16:44.328 [main] [INFO ] q.l.p.CommandLineTaskRunner$CommandLineProgressMonitor - 150 nuclei detected (19%)
2024-10-22 23:16:44 INFO: 23:16:44.375 [task-runner-1-49] [INFO ] q.lib.plugins.DetectionPluginTools - 131 nuclei detected (processing time: 15.15 seconds)
2024-10-22 23:16:44 INFO: 23:16:44.376 [main] [INFO ] q.l.p.CommandLineTaskRunner$CommandLineProgressMonitor - 131 nuclei detected (19%)
2024-10-22 23:16:44 INFO: 23:16:44.552 [task-runner-1-25] [INFO ] q.lib.plugins.DetectionPluginTools - 355 nuclei detected (processing time: 15.33 seconds)
2024-10-22 23:16:44 INFO: 23:16:44.553 [main] [INFO ] q.l.p.CommandLineTaskRunner$CommandLineProgressMonitor - 355 nuclei detected (20%)
2024-10-22 23:16:44 INFO: 23:16:44.560 [task-runner-1-18] [INFO ] q.lib.plugins.DetectionPluginTools - 252 nuclei detected (processing time: 15.34 seconds)
2024-10-22 23:16:44 INFO: 23:16:44.561 [main] [INFO ] q.l.p.CommandLineTaskRunner$CommandLineProgressMonitor - 252 nuclei detected (21%)
2024-10-22 23:16:44 INFO: 23:16:44.646 [task-runner-1-20] [INFO ] q.lib.plugins.DetectionPluginTools - 688 nuclei detected (processing time: 15.43 seconds)
2024-10-22 23:16:44 INFO: 23:16:44.647 [main] [INFO ] q.l.p.CommandLineTaskRunner$CommandLineProgressMonitor - 688 nuclei detected (21%)
2024-10-22 23:16:44 INFO: 23:16:44.872 [task-runner-1-35] [INFO ] q.lib.plugins.DetectionPluginTools - 288 nuclei detected (processing time: 15.65 seconds)
2024-10-22 23:16:44 INFO: 23:16:44.876 [main] [INFO ] q.l.p.CommandLineTaskRunner$CommandLineProgressMonitor - 288 nuclei detected (22%)
2024-10-22 23:16:44 INFO: 23:16:44.881 [task-runner-1-44] [INFO ] q.lib.plugins.DetectionPluginTools - 276 nuclei detected (processing time: 15.66 seconds)
2024-10-22 23:16:44 INFO: 23:16:44.881 [main] [INFO ] q.l.p.CommandLineTaskRunner$CommandLineProgressMonitor - 276 nuclei detected (23%)
2024-10-22 23:16:44 INFO: 23:16:44.952 [task-runner-1-61] [INFO ] q.lib.plugins.DetectionPluginTools - 210 nuclei detected (processing time: 15.73 seconds)
2024-10-22 23:16:44 INFO: 23:16:44.956 [main] [INFO ] q.l.p.CommandLineTaskRunner$CommandLineProgressMonitor - 210 nuclei detected (23%)
2024-10-22 23:16:44 INFO: 23:16:44.985 [task-runner-1-34] [INFO ] q.lib.plugins.DetectionPluginTools - 407 nuclei detected (processing time: 15.77 seconds)
2024-10-22 23:16:44 INFO: 23:16:44.986 [main] [INFO ] q.l.p.CommandLineTaskRunner$CommandLineProgressMonitor - 407 nuclei detected (24%)
2024-10-22 23:16:45 INFO: 23:16:44.990 [task-runner-1-33] [INFO ] q.lib.plugins.DetectionPluginTools - 237 nuclei detected (processing time: 15.77 seconds)
2024-10-22 23:16:45 INFO: 23:16:45.000 [main] [INFO ] q.l.p.CommandLineTaskRunner$CommandLineProgressMonitor - 237 nuclei detected (24%)
2024-10-22 23:16:45 INFO: 23:16:45.055 [task-runner-1-50] [INFO ] q.lib.plugins.DetectionPluginTools - 331 nuclei detected (processing time: 15.83 seconds)
2024-10-22 23:16:45 INFO: 23:16:45.057 [main] [INFO ] q.l.p.CommandLineTaskRunner$CommandLineProgressMonitor - 331 nuclei detected (25%)
2024-10-22 23:16:45 INFO: 23:16:45.067 [task-runner-1-62] [INFO ] q.lib.plugins.DetectionPluginTools - 219 nuclei detected (processing time: 15.84 seconds)
2024-10-22 23:16:45 INFO: 23:16:45.069 [main] [INFO ] q.l.p.CommandLineTaskRunner$CommandLineProgressMonitor - 219 nuclei detected (26%)
2024-10-22 23:16:45 INFO: 23:16:45.524 [task-runner-1-43] [INFO ] q.lib.plugins.DetectionPluginTools - 1000 nuclei detected (processing time: 16.30 seconds)
2024-10-22 23:16:45 INFO: 23:16:45.526 [main] [INFO ] q.l.p.CommandLineTaskRunner$CommandLineProgressMonitor - 1000 nuclei detected (26%)
2024-10-22 23:16:45 INFO: 23:16:45.584 [task-runner-1-51] [INFO ] q.lib.plugins.DetectionPluginTools - 890 nuclei detected (processing time: 16.36 seconds)
2024-10-22 23:16:45 INFO: 23:16:45.587 [main] [INFO ] q.l.p.CommandLineTaskRunner$CommandLineProgressMonitor - 890 nuclei detected (27%)
2024-10-22 23:16:45 INFO: 23:16:45.613 [task-runner-1-23] [INFO ] q.lib.plugins.DetectionPluginTools - 1019 nuclei detected (processing time: 16.39 seconds)
2024-10-22 23:16:45 INFO: 23:16:45.615 [main] [INFO ] q.l.p.CommandLineTaskRunner$CommandLineProgressMonitor - 1019 nuclei detected (28%)
2024-10-22 23:16:45 INFO: 23:16:45.621 [task-runner-1-24] [INFO ] q.lib.plugins.DetectionPluginTools - 1021 nuclei detected (processing time: 16.40 seconds)
2024-10-22 23:16:45 INFO: 23:16:45.624 [main] [INFO ] q.l.p.CommandLineTaskRunner$CommandLineProgressMonitor - 1021 nuclei detected (28%)
2024-10-22 23:16:45 INFO: 23:16:45.720 [task-runner-1-22] [INFO ] q.lib.plugins.DetectionPluginTools - 1415 nuclei detected (processing time: 16.50 seconds)
2024-10-22 23:16:45 INFO: 23:16:45.722 [main] [INFO ] q.l.p.CommandLineTaskRunner$CommandLineProgressMonitor - 1415 nuclei detected (29%)
2024-10-22 23:16:45 INFO: 23:16:45.746 [task-runner-1-60] [INFO ] q.lib.plugins.DetectionPluginTools - 1147 nuclei detected (processing time: 16.52 seconds)
2024-10-22 23:16:45 INFO: 23:16:45.754 [main] [INFO ] q.l.p.CommandLineTaskRunner$CommandLineProgressMonitor - 1147 nuclei detected (29%)
2024-10-22 23:16:46 INFO: 23:16:46.113 [task-runner-1-36] [INFO ] q.lib.plugins.DetectionPluginTools - 2090 nuclei detected (processing time: 16.89 seconds)
2024-10-22 23:16:46 INFO: 23:16:46.114 [main] [INFO ] q.l.p.CommandLineTaskRunner$CommandLineProgressMonitor - 2090 nuclei detected (30%)
2024-10-22 23:16:47 INFO: 23:16:47.644 [task-runner-1-12] [INFO ] q.lib.plugins.DetectionPluginTools - 1 nucleus detected (processing time: 6.63 seconds)
2024-10-22 23:16:47 INFO: 23:16:47.646 [main] [INFO ] q.l.p.CommandLineTaskRunner$CommandLineProgressMonitor - 1 nucleus detected (31%)
2024-10-22 23:16:49 INFO: 23:16:49.253 [task-runner-1-4] [INFO ] q.lib.plugins.DetectionPluginTools - 117 nuclei detected (processing time: 8.24 seconds)
2024-10-22 23:16:49 INFO: 23:16:49.258 [main] [INFO ] q.l.p.CommandLineTaskRunner$CommandLineProgressMonitor - 117 nuclei detected (31%)
2024-10-22 23:16:49 INFO: 23:16:49.358 [task-runner-1-16] [INFO ] q.lib.plugins.DetectionPluginTools - 385 nuclei detected (processing time: 8.35 seconds)
2024-10-22 23:16:49 INFO: 23:16:49.359 [main] [INFO ] q.l.p.CommandLineTaskRunner$CommandLineProgressMonitor - 385 nuclei detected (32%)
2024-10-22 23:16:49 INFO: 23:16:49.792 [task-runner-1-59] [INFO ] q.lib.plugins.DetectionPluginTools - 2800 nuclei detected (processing time: 20.57 seconds)
2024-10-22 23:16:49 INFO: 23:16:49.793 [main] [INFO ] q.l.p.CommandLineTaskRunner$CommandLineProgressMonitor - 2800 nuclei detected (33%)
2024-10-22 23:16:49 INFO: 23:16:49.913 [task-runner-1-52] [INFO ] q.lib.plugins.DetectionPluginTools - 2602 nuclei detected (processing time: 20.69 seconds)
2024-10-22 23:16:49 INFO: 23:16:49.914 [main] [INFO ] q.l.p.CommandLineTaskRunner$CommandLineProgressMonitor - 2602 nuclei detected (33%)
2024-10-22 23:16:50 INFO: 23:16:50.056 [task-runner-1-40] [INFO ] q.lib.plugins.DetectionPluginTools - 2163 nuclei detected (processing time: 20.83 seconds)
2024-10-22 23:16:50 INFO: 23:16:50.058 [main] [INFO ] q.l.p.CommandLineTaskRunner$CommandLineProgressMonitor - 2163 nuclei detected (34%)
2024-10-22 23:16:50 INFO: 23:16:50.357 [task-runner-1-42] [INFO ] q.lib.plugins.DetectionPluginTools - 2702 nuclei detected (processing time: 21.14 seconds)
2024-10-22 23:16:50 INFO: 23:16:50.361 [main] [INFO ] q.l.p.CommandLineTaskRunner$CommandLineProgressMonitor - 2702 nuclei detected (34%)
2024-10-22 23:16:50 INFO: 23:16:50.546 [task-runner-1-32] [INFO ] q.lib.plugins.DetectionPluginTools - 495 nuclei detected (processing time: 9.54 seconds)
2024-10-22 23:16:50 INFO: 23:16:50.548 [main] [INFO ] q.l.p.CommandLineTaskRunner$CommandLineProgressMonitor - 495 nuclei detected (35%)
2024-10-22 23:16:50 INFO: 23:16:50.692 [task-runner-1-21] [INFO ] q.lib.plugins.DetectionPluginTools - 3809 nuclei detected (processing time: 21.48 seconds)
2024-10-22 23:16:50 INFO: 23:16:50.699 [main] [INFO ] q.l.p.CommandLineTaskRunner$CommandLineProgressMonitor - 3809 nuclei detected (36%)
2024-10-22 23:16:50 INFO: 23:16:50.969 [task-runner-1-39] [INFO ] q.lib.plugins.DetectionPluginTools - 2983 nuclei detected (processing time: 21.75 seconds)
2024-10-22 23:16:50 INFO: 23:16:50.971 [main] [INFO ] q.l.p.CommandLineTaskRunner$CommandLineProgressMonitor - 2983 nuclei detected (36%)
2024-10-22 23:16:50 INFO: 23:16:50.992 [task-runner-1-2] [INFO ] q.lib.plugins.DetectionPluginTools - 0 nuclei detected (processing time: 6.93 seconds)
2024-10-22 23:16:51 INFO: 23:16:51.011 [main] [INFO ] q.l.p.CommandLineTaskRunner$CommandLineProgressMonitor - 0 nuclei detected (37%)
2024-10-22 23:16:51 INFO: 23:16:51.242 [task-runner-1-58] [INFO ] q.lib.plugins.DetectionPluginTools - 2731 nuclei detected (processing time: 22.02 seconds)
2024-10-22 23:16:51 INFO: 23:16:51.244 [main] [INFO ] q.l.p.CommandLineTaskRunner$CommandLineProgressMonitor - 2731 nuclei detected (38%)
2024-10-22 23:16:51 INFO: 23:16:51.338 [task-runner-1-57] [INFO ] q.lib.plugins.DetectionPluginTools - 3348 nuclei detected (processing time: 22.11 seconds)
2024-10-22 23:16:51 INFO: 23:16:51.343 [main] [INFO ] q.l.p.CommandLineTaskRunner$CommandLineProgressMonitor - 3348 nuclei detected (38%)
2024-10-22 23:16:51 INFO: 23:16:51.553 [task-runner-1-41] [INFO ] q.lib.plugins.DetectionPluginTools - 2538 nuclei detected (processing time: 22.33 seconds)
2024-10-22 23:16:51 INFO: 23:16:51.555 [main] [INFO ] q.l.p.CommandLineTaskRunner$CommandLineProgressMonitor - 2538 nuclei detected (39%)
2024-10-22 23:16:51 INFO: 23:16:51.864 [task-runner-1-55] [INFO ] q.lib.plugins.DetectionPluginTools - 3329 nuclei detected (processing time: 22.64 seconds)
2024-10-22 23:16:51 INFO: 23:16:51.865 [main] [INFO ] q.l.p.CommandLineTaskRunner$CommandLineProgressMonitor - 3329 nuclei detected (39%)
2024-10-22 23:16:52 INFO: 23:16:52.009 [task-runner-1-30] [INFO ] q.lib.plugins.DetectionPluginTools - 217 nuclei detected (processing time: 7.94 seconds)
2024-10-22 23:16:52 INFO: 23:16:52.011 [main] [INFO ] q.l.p.CommandLineTaskRunner$CommandLineProgressMonitor - 217 nuclei detected (40%)
2024-10-22 23:16:52 INFO: 23:16:52.135 [task-runner-1-25] [INFO ] q.lib.plugins.DetectionPluginTools - 110 nuclei detected (processing time: 7.58 seconds)
2024-10-22 23:16:52 INFO: 23:16:52.137 [main] [INFO ] q.l.p.CommandLineTaskRunner$CommandLineProgressMonitor - 110 nuclei detected (41%)
2024-10-22 23:16:52 INFO: 23:16:52.241 [task-runner-1-38] [INFO ] q.lib.plugins.DetectionPluginTools - 3909 nuclei detected (processing time: 23.02 seconds)
2024-10-22 23:16:52 INFO: 23:16:52.242 [main] [INFO ] q.l.p.CommandLineTaskRunner$CommandLineProgressMonitor - 3909 nuclei detected (41%)
2024-10-22 23:16:52 INFO: 23:16:52.288 [task-runner-1-7] [INFO ] q.lib.plugins.DetectionPluginTools - 117 nuclei detected (processing time: 8.22 seconds)
2024-10-22 23:16:52 INFO: 23:16:52.291 [main] [INFO ] q.l.p.CommandLineTaskRunner$CommandLineProgressMonitor - 117 nuclei detected (42%)
2024-10-22 23:16:52 INFO: 23:16:52.393 [task-runner-1-8] [INFO ] q.lib.plugins.DetectionPluginTools - 140 nuclei detected (processing time: 8.32 seconds)
2024-10-22 23:16:52 INFO: 23:16:52.394 [main] [INFO ] q.l.p.CommandLineTaskRunner$CommandLineProgressMonitor - 140 nuclei detected (43%)
2024-10-22 23:16:52 INFO: 23:16:52.426 [task-runner-1-18] [INFO ] q.lib.plugins.DetectionPluginTools - 3 nuclei detected (processing time: 7.87 seconds)
2024-10-22 23:16:52 INFO: 23:16:52.427 [main] [INFO ] q.l.p.CommandLineTaskRunner$CommandLineProgressMonitor - 3 nuclei detected (43%)
2024-10-22 23:16:52 INFO: 23:16:52.743 [task-runner-1-56] [INFO ] q.lib.plugins.DetectionPluginTools - 4090 nuclei detected (processing time: 23.52 seconds)
2024-10-22 23:16:52 INFO: 23:16:52.745 [main] [INFO ] q.l.p.CommandLineTaskRunner$CommandLineProgressMonitor - 4090 nuclei detected (44%)
2024-10-22 23:16:52 INFO: 23:16:52.816 [task-runner-1-35] [INFO ] q.lib.plugins.DetectionPluginTools - 150 nuclei detected (processing time: 7.94 seconds)
2024-10-22 23:16:52 INFO: 23:16:52.819 [main] [INFO ] q.l.p.CommandLineTaskRunner$CommandLineProgressMonitor - 150 nuclei detected (44%)
2024-10-22 23:16:53 INFO: 23:16:53.639 [task-runner-1-37] [INFO ] q.lib.plugins.DetectionPluginTools - 4544 nuclei detected (processing time: 24.42 seconds)
2024-10-22 23:16:53 INFO: 23:16:53.640 [main] [INFO ] q.l.p.CommandLineTaskRunner$CommandLineProgressMonitor - 4544 nuclei detected (45%)
2024-10-22 23:16:53 INFO: 23:16:53.737 [task-runner-1-44] [INFO ] q.lib.plugins.DetectionPluginTools - 246 nuclei detected (processing time: 8.86 seconds)
2024-10-22 23:16:53 INFO: 23:16:53.738 [main] [INFO ] q.l.p.CommandLineTaskRunner$CommandLineProgressMonitor - 246 nuclei detected (46%)
2024-10-22 23:16:53 INFO: 23:16:53.775 [task-runner-1-36] [INFO ] q.lib.plugins.DetectionPluginTools - 45 nuclei detected (processing time: 7.66 seconds)
2024-10-22 23:16:53 INFO: 23:16:53.777 [main] [INFO ] q.l.p.CommandLineTaskRunner$CommandLineProgressMonitor - 45 nuclei detected (46%)
2024-10-22 23:16:53 INFO: 23:16:53.797 [task-runner-1-20] [INFO ] q.lib.plugins.DetectionPluginTools - 152 nuclei detected (processing time: 9.15 seconds)
2024-10-22 23:16:53 INFO: 23:16:53.798 [main] [INFO ] q.l.p.CommandLineTaskRunner$CommandLineProgressMonitor - 152 nuclei detected (47%)
2024-10-22 23:16:54 INFO: 23:16:54.249 [task-runner-1-6] [INFO ] q.lib.plugins.DetectionPluginTools - 869 nuclei detected (processing time: 10.16 seconds)
2024-10-22 23:16:54 INFO: 23:16:54.251 [main] [INFO ] q.l.p.CommandLineTaskRunner$CommandLineProgressMonitor - 869 nuclei detected (48%)
2024-10-22 23:16:54 INFO: 23:16:54.255 [task-runner-1-53] [INFO ] q.lib.plugins.DetectionPluginTools - 6137 nuclei detected (processing time: 25.03 seconds)
2024-10-22 23:16:54 INFO: 23:16:54.256 [main] [INFO ] q.l.p.CommandLineTaskRunner$CommandLineProgressMonitor - 6137 nuclei detected (48%)
2024-10-22 23:16:54 INFO: 23:16:54.315 [task-runner-1-54] [INFO ] q.lib.plugins.DetectionPluginTools - 4689 nuclei detected (processing time: 25.09 seconds)
2024-10-22 23:16:54 INFO: 23:16:54.316 [main] [INFO ] q.l.p.CommandLineTaskRunner$CommandLineProgressMonitor - 4689 nuclei detected (49%)
2024-10-22 23:16:54 INFO: 23:16:54.945 [task-runner-1-12] [INFO ] q.lib.plugins.DetectionPluginTools - 1 nucleus detected (processing time: 7.30 seconds)
2024-10-22 23:16:54 INFO: 23:16:54.948 [main] [INFO ] q.l.p.CommandLineTaskRunner$CommandLineProgressMonitor - 1 nucleus detected (49%)
2024-10-22 23:16:55 INFO: 23:16:55.806 [task-runner-1-47] [INFO ] q.lib.plugins.DetectionPluginTools - 747 nuclei detected (processing time: 11.74 seconds)
2024-10-22 23:16:55 INFO: 23:16:55.808 [main] [INFO ] q.l.p.CommandLineTaskRunner$CommandLineProgressMonitor - 747 nuclei detected (50%)
2024-10-22 23:16:55 INFO: 23:16:55.964 [task-runner-1-49] [INFO ] q.lib.plugins.DetectionPluginTools - 795 nuclei detected (processing time: 11.59 seconds)
2024-10-22 23:16:55 INFO: 23:16:55.965 [main] [INFO ] q.l.p.CommandLineTaskRunner$CommandLineProgressMonitor - 795 nuclei detected (51%)
2024-10-22 23:16:57 INFO: 23:16:57.430 [task-runner-1-4] [INFO ] q.lib.plugins.DetectionPluginTools - 343 nuclei detected (processing time: 8.17 seconds)
2024-10-22 23:16:57 INFO: 23:16:57.432 [main] [INFO ] q.l.p.CommandLineTaskRunner$CommandLineProgressMonitor - 343 nuclei detected (51%)
2024-10-22 23:16:57 INFO: 23:16:57.894 [task-runner-1-30] [INFO ] q.lib.plugins.DetectionPluginTools - 0 nuclei detected (processing time: 5.88 seconds)
2024-10-22 23:16:57 INFO: 23:16:57.895 [main] [INFO ] q.l.p.CommandLineTaskRunner$CommandLineProgressMonitor - 0 nuclei detected (52%)
2024-10-22 23:16:57 INFO: 23:16:57.917 [task-runner-1-25] [INFO ] q.lib.plugins.DetectionPluginTools - 0 nuclei detected (processing time: 5.78 seconds)
2024-10-22 23:16:57 INFO: 23:16:57.918 [main] [INFO ] q.l.p.CommandLineTaskRunner$CommandLineProgressMonitor - 0 nuclei detected (53%)
2024-10-22 23:16:57 INFO: 23:16:57.966 [task-runner-1-16] [INFO ] q.lib.plugins.DetectionPluginTools - 261 nuclei detected (processing time: 8.61 seconds)
2024-10-22 23:16:57 INFO: 23:16:57.968 [main] [INFO ] q.l.p.CommandLineTaskRunner$CommandLineProgressMonitor - 261 nuclei detected (53%)
2024-10-22 23:16:58 INFO: 23:16:58.779 [task-runner-1-18] [INFO ] q.lib.plugins.DetectionPluginTools - 3 nuclei detected (processing time: 6.35 seconds)
2024-10-22 23:16:58 INFO: 23:16:58.781 [main] [INFO ] q.l.p.CommandLineTaskRunner$CommandLineProgressMonitor - 3 nuclei detected (54%)
2024-10-22 23:16:58 INFO: 23:16:58.818 [task-runner-1-56] [INFO ] q.lib.plugins.DetectionPluginTools - 12 nuclei detected (processing time: 6.07 seconds)
2024-10-22 23:16:58 INFO: 23:16:58.819 [main] [INFO ] q.l.p.CommandLineTaskRunner$CommandLineProgressMonitor - 12 nuclei detected (54%)
2024-10-22 23:16:58 INFO: 23:16:58.894 [task-runner-1-35] [INFO ] q.lib.plugins.DetectionPluginTools - 0 nuclei detected (processing time: 6.07 seconds)
2024-10-22 23:16:58 INFO: 23:16:58.895 [main] [INFO ] q.l.p.CommandLineTaskRunner$CommandLineProgressMonitor - 0 nuclei detected (55%)
2024-10-22 23:16:59 INFO: 23:16:59.009 [task-runner-1-3] [INFO ] q.lib.plugins.DetectionPluginTools - 2775 nuclei detected (processing time: 18.00 seconds)
2024-10-22 23:16:59 INFO: 23:16:59.010 [main] [INFO ] q.l.p.CommandLineTaskRunner$CommandLineProgressMonitor - 2775 nuclei detected (56%)
2024-10-22 23:16:59 INFO: 23:16:59.055 [task-runner-1-8] [INFO ] q.lib.plugins.DetectionPluginTools - 111 nuclei detected (processing time: 6.66 seconds)
2024-10-22 23:16:59 INFO: 23:16:59.056 [main] [INFO ] q.l.p.CommandLineTaskRunner$CommandLineProgressMonitor - 111 nuclei detected (56%)
2024-10-22 23:16:59 INFO: 23:16:59.463 [task-runner-1-14] [INFO ] q.lib.plugins.DetectionPluginTools - 1457 nuclei detected (processing time: 15.40 seconds)
2024-10-22 23:16:59 INFO: 23:16:59.466 [main] [INFO ] q.l.p.CommandLineTaskRunner$CommandLineProgressMonitor - 1457 nuclei detected (57%)
2024-10-22 23:16:59 INFO: 23:16:59.488 [task-runner-1-7] [INFO ] q.lib.plugins.DetectionPluginTools - 81 nuclei detected (processing time: 7.20 seconds)
2024-10-22 23:16:59 INFO: 23:16:59.492 [main] [INFO ] q.l.p.CommandLineTaskRunner$CommandLineProgressMonitor - 81 nuclei detected (57%)
2024-10-22 23:16:59 INFO: 23:16:59.681 [task-runner-1-38] [INFO ] q.lib.plugins.DetectionPluginTools - 112 nuclei detected (processing time: 7.44 seconds)
2024-10-22 23:16:59 INFO: 23:16:59.682 [main] [INFO ] q.l.p.CommandLineTaskRunner$CommandLineProgressMonitor - 112 nuclei detected (58%)
2024-10-22 23:16:59 INFO: 23:16:59.972 [task-runner-1-37] [INFO ] q.lib.plugins.DetectionPluginTools - 0 nuclei detected (processing time: 6.33 seconds)
2024-10-22 23:16:59 INFO: 23:16:59.973 [main] [INFO ] q.l.p.CommandLineTaskRunner$CommandLineProgressMonitor - 0 nuclei detected (59%)
2024-10-22 23:17:00 INFO: 23:17:00.079 [task-runner-1-44] [INFO ] q.lib.plugins.DetectionPluginTools - 0 nuclei detected (processing time: 6.34 seconds)
2024-10-22 23:17:00 INFO: 23:17:00.539 [task-runner-1-59] [INFO ] q.lib.plugins.DetectionPluginTools - 310 nuclei detected (processing time: 10.75 seconds)
2024-10-22 23:17:00 INFO: 23:17:00.541 [main] [INFO ] q.l.p.CommandLineTaskRunner$CommandLineProgressMonitor - 310 nuclei detected (60%)
2024-10-22 23:17:00 INFO: 23:17:00.581 [task-runner-1-36] [INFO ] q.lib.plugins.DetectionPluginTools - 23 nuclei detected (processing time: 6.80 seconds)
2024-10-22 23:17:00 INFO: 23:17:00.582 [main] [INFO ] q.l.p.CommandLineTaskRunner$CommandLineProgressMonitor - 23 nuclei detected (61%)
2024-10-22 23:17:00 INFO: 23:17:00.939 [task-runner-1-12] [INFO ] q.lib.plugins.DetectionPluginTools - 0 nuclei detected (processing time: 5.99 seconds)
2024-10-22 23:17:00 INFO: 23:17:00.941 [main] [INFO ] q.l.p.CommandLineTaskRunner$CommandLineProgressMonitor - 0 nuclei detected (61%)
2024-10-22 23:17:01 INFO: 23:17:01.190 [task-runner-1-60] [INFO ] q.lib.plugins.DetectionPluginTools - 2324 nuclei detected (processing time: 15.44 seconds)
2024-10-22 23:17:01 INFO: 23:17:01.191 [main] [INFO ] q.l.p.CommandLineTaskRunner$CommandLineProgressMonitor - 2324 nuclei detected (62%)
2024-10-22 23:17:01 INFO: 23:17:01.456 [task-runner-1-20] [INFO ] q.lib.plugins.DetectionPluginTools - 362 nuclei detected (processing time: 7.66 seconds)
2024-10-22 23:17:01 INFO: 23:17:01.458 [main] [INFO ] q.l.p.CommandLineTaskRunner$CommandLineProgressMonitor - 362 nuclei detected (63%)
2024-10-22 23:17:01 INFO: 23:17:01.712 [task-runner-1-47] [INFO ] q.lib.plugins.DetectionPluginTools - 0 nuclei detected (processing time: 5.90 seconds)
2024-10-22 23:17:01 INFO: 23:17:01.713 [main] [INFO ] q.l.p.CommandLineTaskRunner$CommandLineProgressMonitor - 0 nuclei detected (63%)
2024-10-22 23:17:01 INFO: 23:17:01.811 [task-runner-1-55] [INFO ] q.lib.plugins.DetectionPluginTools - 1125 nuclei detected (processing time: 9.95 seconds)
2024-10-22 23:17:01 INFO: 23:17:01.812 [main] [INFO ] q.l.p.CommandLineTaskRunner$CommandLineProgressMonitor - 1125 nuclei detected (64%)
2024-10-22 23:17:02 INFO: 23:17:02.029 [task-runner-1-49] [INFO ] q.lib.plugins.DetectionPluginTools - 0 nuclei detected (processing time: 6.06 seconds)
2024-10-22 23:17:02 INFO: 23:17:02.030 [main] [INFO ] q.l.p.CommandLineTaskRunner$CommandLineProgressMonitor - 0 nuclei detected (64%)
2024-10-22 23:17:02 INFO: 23:17:02.277 [task-runner-1-27] [INFO ] q.lib.plugins.DetectionPluginTools - 4132 nuclei detected (processing time: 20.83 seconds)
2024-10-22 23:17:02 INFO: 23:17:02.278 [main] [INFO ] q.l.p.CommandLineTaskRunner$CommandLineProgressMonitor - 4132 nuclei detected (65%)
2024-10-22 23:17:03 INFO: 23:17:03.312 [task-runner-1-32] [INFO ] q.lib.plugins.DetectionPluginTools - 1384 nuclei detected (processing time: 12.76 seconds)
2024-10-22 23:17:03 INFO: 23:17:03.313 [main] [INFO ] q.l.p.CommandLineTaskRunner$CommandLineProgressMonitor - 1384 nuclei detected (66%)
2024-10-22 23:17:03 INFO: 23:17:03.498 [task-runner-1-6] [INFO ] q.lib.plugins.DetectionPluginTools - 1571 nuclei detected (processing time: 9.25 seconds)
2024-10-22 23:17:03 INFO: 23:17:03.499 [main] [INFO ] q.l.p.CommandLineTaskRunner$CommandLineProgressMonitor - 1571 nuclei detected (66%)
2024-10-22 23:17:03 INFO: 23:17:03.695 [task-runner-1-4] [INFO ] q.lib.plugins.DetectionPluginTools - 8 nuclei detected (processing time: 6.26 seconds)
2024-10-22 23:17:03 INFO: 23:17:03.696 [main] [INFO ] q.l.p.CommandLineTaskRunner$CommandLineProgressMonitor - 8 nuclei detected (67%)
2024-10-22 23:17:03 INFO: 23:17:03.800 [task-runner-1-25] [INFO ] q.lib.plugins.DetectionPluginTools - 0 nuclei detected (processing time: 5.88 seconds)
2024-10-22 23:17:03 INFO: 23:17:03.800 [main] [INFO ] q.l.p.CommandLineTaskRunner$CommandLineProgressMonitor - 0 nuclei detected (68%)
2024-10-22 23:17:03 INFO: 23:17:03.909 [task-runner-1-30] [INFO ] q.lib.plugins.DetectionPluginTools - 1 nucleus detected (processing time: 6.01 seconds)
2024-10-22 23:17:03 INFO: 23:17:03.910 [main] [INFO ] q.l.p.CommandLineTaskRunner$CommandLineProgressMonitor - 1 nucleus detected (68%)
2024-10-22 23:17:03 INFO: 23:17:03.919 [task-runner-1-42] [INFO ] q.lib.plugins.DetectionPluginTools - 1370 nuclei detected (processing time: 13.56 seconds)
2024-10-22 23:17:03 INFO: 23:17:03.920 [main] [INFO ] q.l.p.CommandLineTaskRunner$CommandLineProgressMonitor - 1370 nuclei detected (69%)
2024-10-22 23:17:03 INFO: 23:17:03.961 [task-runner-1-56] [INFO ] q.lib.plugins.DetectionPluginTools - 0 nuclei detected (processing time: 5.14 seconds)
2024-10-22 23:17:03 INFO: 23:17:03.962 [main] [INFO ] q.l.p.CommandLineTaskRunner$CommandLineProgressMonitor - 0 nuclei detected (69%)
2024-10-22 23:17:04 INFO: 23:17:04.133 [task-runner-1-15] [INFO ] q.lib.plugins.DetectionPluginTools - 5496 nuclei detected (processing time: 23.11 seconds)
2024-10-22 23:17:04 INFO: 23:17:04.134 [main] [INFO ] q.l.p.CommandLineTaskRunner$CommandLineProgressMonitor - 5496 nuclei detected (70%)
2024-10-22 23:17:04 INFO: 23:17:04.235 [task-runner-1-16] [INFO ] q.lib.plugins.DetectionPluginTools - 1 nucleus detected (processing time: 6.27 seconds)
2024-10-22 23:17:04 INFO: 23:17:04.236 [main] [INFO ] q.l.p.CommandLineTaskRunner$CommandLineProgressMonitor - 1 nucleus detected (71%)
2024-10-22 23:17:04 INFO: 23:17:04.529 [task-runner-1-19] [INFO ] q.lib.plugins.DetectionPluginTools - 2958 nuclei detected (processing time: 20.21 seconds)
2024-10-22 23:17:04 INFO: 23:17:04.530 [main] [INFO ] q.l.p.CommandLineTaskRunner$CommandLineProgressMonitor - 2958 nuclei detected (71%)
2024-10-22 23:17:04 INFO: 23:17:04.547 [task-runner-1-29] [INFO ] q.lib.plugins.DetectionPluginTools - 3507 nuclei detected (processing time: 20.45 seconds)
2024-10-22 23:17:04 INFO: 23:17:04.547 [main] [INFO ] q.l.p.CommandLineTaskRunner$CommandLineProgressMonitor - 3507 nuclei detected (72%)
2024-10-22 23:17:04 INFO: 23:17:04.566 [task-runner-1-33] [INFO ] q.lib.plugins.DetectionPluginTools - 2806 nuclei detected (processing time: 19.57 seconds)
2024-10-22 23:17:04 INFO: 23:17:04.567 [main] [INFO ] q.l.p.CommandLineTaskRunner$CommandLineProgressMonitor - 2806 nuclei detected (73%)
2024-10-22 23:17:04 INFO: 23:17:04.576 [task-runner-1-61] [INFO ] q.lib.plugins.DetectionPluginTools - 2708 nuclei detected (processing time: 19.62 seconds)
2024-10-22 23:17:04 INFO: 23:17:04.577 [main] [INFO ] q.l.p.CommandLineTaskRunner$CommandLineProgressMonitor - 2708 nuclei detected (73%)
2024-10-22 23:17:04 INFO: 23:17:04.672 [task-runner-1-31] [INFO ] q.lib.plugins.DetectionPluginTools - 3191 nuclei detected (processing time: 20.58 seconds)
2024-10-22 23:17:04 INFO: 23:17:04.673 [main] [INFO ] q.l.p.CommandLineTaskRunner$CommandLineProgressMonitor - 3191 nuclei detected (74%)
2024-10-22 23:17:04 INFO: 23:17:04.803 [task-runner-1-3] [INFO ] q.lib.plugins.DetectionPluginTools - 1 nucleus detected (processing time: 5.79 seconds)
2024-10-22 23:17:04 INFO: 23:17:04.804 [main] [INFO ] q.l.p.CommandLineTaskRunner$CommandLineProgressMonitor - 1 nucleus detected (74%)
2024-10-22 23:17:04 INFO: 23:17:04.819 [task-runner-1-18] [INFO ] q.lib.plugins.DetectionPluginTools - 1 nucleus detected (processing time: 6.04 seconds)
2024-10-22 23:17:04 INFO: 23:17:04.820 [main] [INFO ] q.l.p.CommandLineTaskRunner$CommandLineProgressMonitor - 1 nucleus detected (75%)
2024-10-22 23:17:04 INFO: 23:17:04.908 [task-runner-1-35] [INFO ] q.lib.plugins.DetectionPluginTools - 1 nucleus detected (processing time: 6.01 seconds)
2024-10-22 23:17:04 INFO: 23:17:04.909 [main] [INFO ] q.l.p.CommandLineTaskRunner$CommandLineProgressMonitor - 1 nucleus detected (76%)
2024-10-22 23:17:04 INFO: 23:17:04.998 [task-runner-1-14] [INFO ] q.lib.plugins.DetectionPluginTools - 1 nucleus detected (processing time: 5.53 seconds)
2024-10-22 23:17:05 INFO: 23:17:05.003 [task-runner-1-8] [INFO ] q.lib.plugins.DetectionPluginTools - 0 nuclei detected (processing time: 5.95 seconds)
2024-10-22 23:17:05 INFO: 23:17:05.003 [main] [INFO ] q.l.p.CommandLineTaskRunner$CommandLineProgressMonitor - 0 nuclei detected (77%)
2024-10-22 23:17:05 INFO: 23:17:05.033 [task-runner-1-17] [INFO ] q.lib.plugins.DetectionPluginTools - 3482 nuclei detected (processing time: 20.97 seconds)
2024-10-22 23:17:05 INFO: 23:17:05.033 [main] [INFO ] q.l.p.CommandLineTaskRunner$CommandLineProgressMonitor - 3482 nuclei detected (78%)
2024-10-22 23:17:05 INFO: 23:17:05.056 [task-runner-1-11] [INFO ] q.lib.plugins.DetectionPluginTools - 4065 nuclei detected (processing time: 21.00 seconds)
2024-10-22 23:17:05 INFO: 23:17:05.057 [main] [INFO ] q.l.p.CommandLineTaskRunner$CommandLineProgressMonitor - 4065 nuclei detected (78%)
2024-10-22 23:17:05 INFO: 23:17:05.078 [task-runner-1-10] [INFO ] q.lib.plugins.DetectionPluginTools - 3365 nuclei detected (processing time: 21.02 seconds)
2024-10-22 23:17:05 INFO: 23:17:05.079 [main] [INFO ] q.l.p.CommandLineTaskRunner$CommandLineProgressMonitor - 3365 nuclei detected (79%)
2024-10-22 23:17:05 INFO: 23:17:05.155 [task-runner-1-50] [INFO ] q.lib.plugins.DetectionPluginTools - 2931 nuclei detected (processing time: 20.09 seconds)
2024-10-22 23:17:05 INFO: 23:17:05.156 [main] [INFO ] q.l.p.CommandLineTaskRunner$CommandLineProgressMonitor - 2931 nuclei detected (79%)
2024-10-22 23:17:05 INFO: 23:17:05.156 [task-runner-1-63] [INFO ] q.lib.plugins.DetectionPluginTools - 2551 nuclei detected (processing time: 20.83 seconds)
2024-10-22 23:17:05 INFO: 23:17:05.156 [main] [INFO ] q.l.p.CommandLineTaskRunner$CommandLineProgressMonitor - 2551 nuclei detected (80%)
2024-10-22 23:17:05 INFO: 23:17:05.363 [task-runner-1-7] [INFO ] q.lib.plugins.DetectionPluginTools - 0 nuclei detected (processing time: 5.87 seconds)
2024-10-22 23:17:05 INFO: 23:17:05.364 [main] [INFO ] q.l.p.CommandLineTaskRunner$CommandLineProgressMonitor - 0 nuclei detected (81%)
2024-10-22 23:17:05 INFO: 23:17:05.368 [task-runner-1-46] [INFO ] q.lib.plugins.DetectionPluginTools - 4267 nuclei detected (processing time: 21.16 seconds)
2024-10-22 23:17:05 INFO: 23:17:05.369 [main] [INFO ] q.l.p.CommandLineTaskRunner$CommandLineProgressMonitor - 4267 nuclei detected (81%)
2024-10-22 23:17:05 INFO: 23:17:05.423 [task-runner-1-44] [INFO ] q.lib.plugins.DetectionPluginTools - 0 nuclei detected (processing time: 5.34 seconds)
2024-10-22 23:17:05 INFO: 23:17:05.423 [main] [INFO ] q.l.p.CommandLineTaskRunner$CommandLineProgressMonitor - 0 nuclei detected (82%)
2024-10-22 23:17:05 INFO: 23:17:05.466 [task-runner-1-1] [INFO ] q.lib.plugins.DetectionPluginTools - 4331 nuclei detected (processing time: 21.41 seconds)
2024-10-22 23:17:05 INFO: 23:17:05.467 [main] [INFO ] q.l.p.CommandLineTaskRunner$CommandLineProgressMonitor - 4331 nuclei detected (83%)
2024-10-22 23:17:05 INFO: 23:17:05.475 [task-runner-1-9] [INFO ] q.lib.plugins.DetectionPluginTools - 3716 nuclei detected (processing time: 21.41 seconds)
2024-10-22 23:17:05 INFO: 23:17:05.475 [main] [INFO ] q.l.p.CommandLineTaskRunner$CommandLineProgressMonitor - 3716 nuclei detected (83%)
2024-10-22 23:17:05 INFO: 23:17:05.533 [task-runner-1-37] [INFO ] q.lib.plugins.DetectionPluginTools - 0 nuclei detected (processing time: 5.56 seconds)
2024-10-22 23:17:05 INFO: 23:17:05.533 [main] [INFO ] q.l.p.CommandLineTaskRunner$CommandLineProgressMonitor - 0 nuclei detected (84%)
2024-10-22 23:17:05 INFO: 23:17:05.570 [task-runner-1-38] [INFO ] q.lib.plugins.DetectionPluginTools - 0 nuclei detected (processing time: 5.89 seconds)
2024-10-22 23:17:05 INFO: 23:17:05.586 [task-runner-1-40] [INFO ] q.lib.plugins.DetectionPluginTools - 2121 nuclei detected (processing time: 15.53 seconds)
2024-10-22 23:17:05 INFO: 23:17:05.587 [main] [INFO ] q.l.p.CommandLineTaskRunner$CommandLineProgressMonitor - 2121 nuclei detected (85%)
2024-10-22 23:17:05 INFO: 23:17:05.663 [task-runner-1-45] [INFO ] q.lib.plugins.DetectionPluginTools - 3133 nuclei detected (processing time: 21.35 seconds)
2024-10-22 23:17:05 INFO: 23:17:05.664 [main] [INFO ] q.l.p.CommandLineTaskRunner$CommandLineProgressMonitor - 3133 nuclei detected (86%)
2024-10-22 23:17:05 INFO: 23:17:05.717 [task-runner-1-5] [INFO ] q.lib.plugins.DetectionPluginTools - 3646 nuclei detected (processing time: 21.45 seconds)
2024-10-22 23:17:05 INFO: 23:17:05.718 [main] [INFO ] q.l.p.CommandLineTaskRunner$CommandLineProgressMonitor - 3646 nuclei detected (86%)
2024-10-22 23:17:05 INFO: 23:17:05.781 [task-runner-1-59] [INFO ] q.lib.plugins.DetectionPluginTools - 0 nuclei detected (processing time: 5.24 seconds)
2024-10-22 23:17:05 INFO: 23:17:05.781 [main] [INFO ] q.l.p.CommandLineTaskRunner$CommandLineProgressMonitor - 0 nuclei detected (87%)
2024-10-22 23:17:05 INFO: 23:17:05.794 [task-runner-1-13] [INFO ] q.lib.plugins.DetectionPluginTools - 4590 nuclei detected (processing time: 21.69 seconds)
2024-10-22 23:17:05 INFO: 23:17:05.794 [main] [INFO ] q.l.p.CommandLineTaskRunner$CommandLineProgressMonitor - 4590 nuclei detected (88%)
2024-10-22 23:17:05 INFO: 23:17:05.883 [task-runner-1-28] [INFO ] q.lib.plugins.DetectionPluginTools - 3893 nuclei detected (processing time: 21.77 seconds)
2024-10-22 23:17:05 INFO: 23:17:05.884 [main] [INFO ] q.l.p.CommandLineTaskRunner$CommandLineProgressMonitor - 3893 nuclei detected (88%)
2024-10-22 23:17:05 INFO: 23:17:05.904 [task-runner-1-34] [INFO ] q.lib.plugins.DetectionPluginTools - 3697 nuclei detected (processing time: 20.92 seconds)
2024-10-22 23:17:05 INFO: 23:17:05.909 [main] [INFO ] q.l.p.CommandLineTaskRunner$CommandLineProgressMonitor - 3697 nuclei detected (89%)
2024-10-22 23:17:05 INFO: 23:17:05.967 [task-runner-1-48] [INFO ] q.lib.plugins.DetectionPluginTools - 6734 nuclei detected (processing time: 24.61 seconds)
2024-10-22 23:17:05 INFO: 23:17:05.967 [main] [INFO ] q.l.p.CommandLineTaskRunner$CommandLineProgressMonitor - 6734 nuclei detected (89%)
2024-10-22 23:17:06 INFO: 23:17:06.010 [task-runner-1-26] [INFO ] q.lib.plugins.DetectionPluginTools - 4224 nuclei detected (processing time: 21.81 seconds)
2024-10-22 23:17:06 INFO: 23:17:06.010 [main] [INFO ] q.l.p.CommandLineTaskRunner$CommandLineProgressMonitor - 4224 nuclei detected (90%)
2024-10-22 23:17:06 INFO: 23:17:06.031 [task-runner-1-62] [INFO ] q.lib.plugins.DetectionPluginTools - 3788 nuclei detected (processing time: 20.96 seconds)
2024-10-22 23:17:06 INFO: 23:17:06.032 [main] [INFO ] q.l.p.CommandLineTaskRunner$CommandLineProgressMonitor - 3788 nuclei detected (91%)
2024-10-22 23:17:06 INFO: 23:17:06.061 [task-runner-1-36] [INFO ] q.lib.plugins.DetectionPluginTools - 0 nuclei detected (processing time: 5.48 seconds)
2024-10-22 23:17:06 INFO: 23:17:06.062 [main] [INFO ] q.l.p.CommandLineTaskRunner$CommandLineProgressMonitor - 0 nuclei detected (91%)
2024-10-22 23:17:06 INFO: 23:17:06.070 [task-runner-1-52] [INFO ] q.lib.plugins.DetectionPluginTools - 1186 nuclei detected (processing time: 16.15 seconds)
2024-10-22 23:17:06 INFO: 23:17:06.070 [main] [INFO ] q.l.p.CommandLineTaskRunner$CommandLineProgressMonitor - 1186 nuclei detected (92%)
2024-10-22 23:17:06 INFO: 23:17:06.232 [task-runner-1-54] [INFO ] q.lib.plugins.DetectionPluginTools - 2807 nuclei detected (processing time: 11.92 seconds)
2024-10-22 23:17:06 INFO: 23:17:06.232 [main] [INFO ] q.l.p.CommandLineTaskRunner$CommandLineProgressMonitor - 2807 nuclei detected (93%)
2024-10-22 23:17:06 INFO: 23:17:06.402 [task-runner-1-51] [INFO ] q.lib.plugins.DetectionPluginTools - 3719 nuclei detected (processing time: 20.82 seconds)
2024-10-22 23:17:06 INFO: 23:17:06.403 [main] [INFO ] q.l.p.CommandLineTaskRunner$CommandLineProgressMonitor - 3719 nuclei detected (93%)
2024-10-22 23:17:06 INFO: 23:17:06.415 [task-runner-1-24] [INFO ] q.lib.plugins.DetectionPluginTools - 4088 nuclei detected (processing time: 20.79 seconds)
2024-10-22 23:17:06 INFO: 23:17:06.415 [main] [INFO ] q.l.p.CommandLineTaskRunner$CommandLineProgressMonitor - 4088 nuclei detected (94%)
2024-10-22 23:17:06 INFO: 23:17:06.462 [task-runner-1-43] [INFO ] q.lib.plugins.DetectionPluginTools - 3697 nuclei detected (processing time: 20.94 seconds)
2024-10-22 23:17:06 INFO: 23:17:06.463 [main] [INFO ] q.l.p.CommandLineTaskRunner$CommandLineProgressMonitor - 3697 nuclei detected (94%)
2024-10-22 23:17:06 INFO: 23:17:06.506 [task-runner-1-53] [INFO ] q.lib.plugins.DetectionPluginTools - 2378 nuclei detected (processing time: 12.25 seconds)
2024-10-22 23:17:06 INFO: 23:17:06.507 [main] [INFO ] q.l.p.CommandLineTaskRunner$CommandLineProgressMonitor - 2378 nuclei detected (95%)
2024-10-22 23:17:06 INFO: 23:17:06.683 [task-runner-1-21] [INFO ] q.lib.plugins.DetectionPluginTools - 3097 nuclei detected (processing time: 15.99 seconds)
2024-10-22 23:17:06 INFO: 23:17:06.683 [main] [INFO ] q.l.p.CommandLineTaskRunner$CommandLineProgressMonitor - 3097 nuclei detected (96%)
2024-10-22 23:17:06 INFO: 23:17:06.761 [task-runner-1-23] [INFO ] q.lib.plugins.DetectionPluginTools - 4767 nuclei detected (processing time: 21.15 seconds)
2024-10-22 23:17:06 INFO: 23:17:06.762 [main] [INFO ] q.l.p.CommandLineTaskRunner$CommandLineProgressMonitor - 4767 nuclei detected (96%)
2024-10-22 23:17:06 INFO: 23:17:06.851 [task-runner-1-22] [INFO ] q.lib.plugins.DetectionPluginTools - 5329 nuclei detected (processing time: 21.13 seconds)
2024-10-22 23:17:06 INFO: 23:17:06.852 [main] [INFO ] q.l.p.CommandLineTaskRunner$CommandLineProgressMonitor - 5329 nuclei detected (97%)
2024-10-22 23:17:07 INFO: 23:17:07.347 [task-runner-1-39] [INFO ] q.lib.plugins.DetectionPluginTools - 4014 nuclei detected (processing time: 16.38 seconds)
2024-10-22 23:17:07 INFO: 23:17:07.347 [main] [INFO ] q.l.p.CommandLineTaskRunner$CommandLineProgressMonitor - 4014 nuclei detected (98%)
2024-10-22 23:17:07 INFO: 23:17:07.889 [task-runner-1-2] [INFO ] q.lib.plugins.DetectionPluginTools - 5283 nuclei detected (processing time: 16.88 seconds)
2024-10-22 23:17:07 INFO: 23:17:07.889 [main] [INFO ] q.l.p.CommandLineTaskRunner$CommandLineProgressMonitor - 5283 nuclei detected (98%)
2024-10-22 23:17:08 INFO: 23:17:08.119 [task-runner-1-41] [INFO ] q.lib.plugins.DetectionPluginTools - 4823 nuclei detected (processing time: 16.56 seconds)
2024-10-22 23:17:08 INFO: 23:17:08.119 [main] [INFO ] q.l.p.CommandLineTaskRunner$CommandLineProgressMonitor - 4823 nuclei detected (99%)
2024-10-22 23:17:08 INFO: 23:17:08.532 [task-runner-1-58] [INFO ] q.lib.plugins.DetectionPluginTools - 5693 nuclei detected (processing time: 17.29 seconds)
2024-10-22 23:17:08 INFO: 23:17:08.533 [main] [INFO ] q.l.p.CommandLineTaskRunner$CommandLineProgressMonitor - 5693 nuclei detected (99%)
2024-10-22 23:17:08 INFO: 23:17:08.565 [task-runner-1-57] [INFO ] q.lib.plugins.DetectionPluginTools - 5773 nuclei detected (processing time: 17.22 seconds)
2024-10-22 23:17:08 INFO: 23:17:08.566 [main] [INFO ] q.l.p.CommandLineTaskRunner$CommandLineProgressMonitor - 5773 nuclei detected (100%)
2024-10-22 23:17:08 INFO: 23:17:08.566 [main] [INFO ] q.l.p.CommandLineTaskRunner$CommandLineProgressMonitor - Processing complete in 39.36 seconds
2024-10-22 23:17:08 INFO: 23:17:08.566 [main] [INFO ] q.l.p.CommandLineTaskRunner$CommandLineProgressMonitor - Tasks completed!
2024-10-22 23:17:17 INFO: 23:17:17.889 [main] [WARN ] q.l.p.objects.SmoothFeaturesPlugin - Smoothing using annotations
2024-10-22 23:17:21 INFO: 23:17:21.457 [main] [INFO ] q.l.p.CommandLineTaskRunner$CommandLineProgressMonitor - Completed (100%)
2024-10-22 23:17:21 INFO: 23:17:21.457 [main] [INFO ] q.l.p.CommandLineTaskRunner$CommandLineProgressMonitor - Processing complete in 3.57 seconds
2024-10-22 23:17:21 INFO: 23:17:21.457 [main] [INFO ] q.l.p.CommandLineTaskRunner$CommandLineProgressMonitor - Tasks completed!
2024-10-22 23:17:21 INFO: 23:17:21.459 [main] [WARN ] q.l.p.objects.SmoothFeaturesPlugin - Smoothing using annotations
2024-10-22 23:17:28 INFO: 23:17:28.039 [main] [INFO ] q.l.p.CommandLineTaskRunner$CommandLineProgressMonitor - Completed (100%)
2024-10-22 23:17:28 INFO: 23:17:28.039 [main] [INFO ] q.l.p.CommandLineTaskRunner$CommandLineProgressMonitor - Processing complete in 6.58 seconds
2024-10-22 23:17:28 INFO: 23:17:28.039 [main] [INFO ] q.l.p.CommandLineTaskRunner$CommandLineProgressMonitor - Tasks completed!
2024-10-22 23:17:28 INFO: 23:17:28.041 [main] [WARN ] q.l.p.objects.SmoothFeaturesPlugin - Smoothing using annotations
2024-10-22 23:17:45 INFO: 23:17:45.662 [main] [INFO ] q.l.p.CommandLineTaskRunner$CommandLineProgressMonitor - Completed (100%)
2024-10-22 23:17:45 INFO: 23:17:45.662 [main] [INFO ] q.l.p.CommandLineTaskRunner$CommandLineProgressMonitor - Processing complete in 17.62 seconds
2024-10-22 23:17:45 INFO: 23:17:45.663 [main] [INFO ] q.l.p.CommandLineTaskRunner$CommandLineProgressMonitor - Tasks completed!
2024-10-22 23:17:45 INFO: 23:17:45.895 [task-runner-5-2] [INFO ] q.l.a.IntensityFeaturesPlugin - Splitting Rectangle (0, 0, 63784, 39311) into 40 tiles for intensity measurements
2024-10-22 23:17:46 INFO: 23:17:46.113 [main] [INFO ] q.l.p.CommandLineTaskRunner$CommandLineProgressMonitor - Completed (0%)
2024-10-22 23:17:46 INFO: 23:17:46.940 [main] [INFO ] q.l.p.CommandLineTaskRunner$CommandLineProgressMonitor - Completed (1%)
2024-10-22 23:17:47 INFO: 23:17:47.559 [main] [INFO ] q.l.p.CommandLineTaskRunner$CommandLineProgressMonitor - Completed (2%)
2024-10-22 23:17:47 INFO: 23:17:47.670 [main] [INFO ] q.l.p.CommandLineTaskRunner$CommandLineProgressMonitor - Completed (3%)
2024-10-22 23:17:47 INFO: 23:17:47.801 [main] [INFO ] q.l.p.CommandLineTaskRunner$CommandLineProgressMonitor - Completed (4%)
2024-10-22 23:17:47 INFO: 23:17:47.940 [main] [INFO ] q.l.p.CommandLineTaskRunner$CommandLineProgressMonitor - Completed (5%)
2024-10-22 23:17:48 INFO: 23:17:48.404 [main] [INFO ] q.l.p.CommandLineTaskRunner$CommandLineProgressMonitor - Completed (6%)
2024-10-22 23:17:48 INFO: 23:17:48.498 [main] [INFO ] q.l.p.CommandLineTaskRunner$CommandLineProgressMonitor - Completed (7%)
2024-10-22 23:17:48 INFO: 23:17:48.593 [main] [INFO ] q.l.p.CommandLineTaskRunner$CommandLineProgressMonitor - Completed (8%)
2024-10-22 23:17:48 INFO: 23:17:48.685 [main] [INFO ] q.l.p.CommandLineTaskRunner$CommandLineProgressMonitor - Completed (9%)
2024-10-22 23:17:48 INFO: 23:17:48.787 [main] [INFO ] q.l.p.CommandLineTaskRunner$CommandLineProgressMonitor - Completed (10%)
2024-10-22 23:17:48 INFO: 23:17:48.887 [main] [INFO ] q.l.p.CommandLineTaskRunner$CommandLineProgressMonitor - Completed (11%)
2024-10-22 23:17:49 INFO: 23:17:49.336 [main] [INFO ] q.l.p.CommandLineTaskRunner$CommandLineProgressMonitor - Completed (12%)
2024-10-22 23:17:49 INFO: 23:17:49.464 [main] [INFO ] q.l.p.CommandLineTaskRunner$CommandLineProgressMonitor - Completed (13%)
2024-10-22 23:17:49 INFO: 23:17:49.594 [main] [INFO ] q.l.p.CommandLineTaskRunner$CommandLineProgressMonitor - Completed (14%)
2024-10-22 23:17:49 INFO: 23:17:49.767 [main] [INFO ] q.l.p.CommandLineTaskRunner$CommandLineProgressMonitor - Completed (15%)
2024-10-22 23:17:49 INFO: 23:17:49.896 [main] [INFO ] q.l.p.CommandLineTaskRunner$CommandLineProgressMonitor - Completed (16%)
2024-10-22 23:17:50 INFO: 23:17:50.289 [main] [INFO ] q.l.p.CommandLineTaskRunner$CommandLineProgressMonitor - Completed (17%)
2024-10-22 23:17:50 INFO: 23:17:50.389 [main] [INFO ] q.l.p.CommandLineTaskRunner$CommandLineProgressMonitor - Completed (18%)
2024-10-22 23:17:50 INFO: 23:17:50.494 [main] [INFO ] q.l.p.CommandLineTaskRunner$CommandLineProgressMonitor - Completed (19%)
2024-10-22 23:17:50 INFO: 23:17:50.599 [main] [INFO ] q.l.p.CommandLineTaskRunner$CommandLineProgressMonitor - Completed (20%)
2024-10-22 23:17:50 INFO: 23:17:50.712 [main] [INFO ] q.l.p.CommandLineTaskRunner$CommandLineProgressMonitor - Completed (21%)
2024-10-22 23:17:51 INFO: 23:17:51.086 [main] [INFO ] q.l.p.CommandLineTaskRunner$CommandLineProgressMonitor - Completed (22%)
2024-10-22 23:17:51 INFO: 23:17:51.191 [main] [INFO ] q.l.p.CommandLineTaskRunner$CommandLineProgressMonitor - Completed (23%)
2024-10-22 23:17:51 INFO: 23:17:51.297 [main] [INFO ] q.l.p.CommandLineTaskRunner$CommandLineProgressMonitor - Completed (24%)
2024-10-22 23:17:51 INFO: 23:17:51.411 [main] [INFO ] q.l.p.CommandLineTaskRunner$CommandLineProgressMonitor - Completed (25%)
2024-10-22 23:17:51 INFO: 23:17:51.767 [main] [INFO ] q.l.p.CommandLineTaskRunner$CommandLineProgressMonitor - Completed (26%)
2024-10-22 23:17:51 INFO: 23:17:51.874 [main] [INFO ] q.l.p.CommandLineTaskRunner$CommandLineProgressMonitor - Completed (27%)
2024-10-22 23:17:52 INFO: 23:17:52.029 [main] [INFO ] q.l.p.CommandLineTaskRunner$CommandLineProgressMonitor - Completed (28%)
2024-10-22 23:17:52 INFO: 23:17:52.251 [main] [INFO ] q.l.p.CommandLineTaskRunner$CommandLineProgressMonitor - Completed (29%)
2024-10-22 23:17:52 INFO: 23:17:52.465 [main] [INFO ] q.l.p.CommandLineTaskRunner$CommandLineProgressMonitor - Completed (30%)
2024-10-22 23:17:52 INFO: 23:17:52.616 [main] [INFO ] q.l.p.CommandLineTaskRunner$CommandLineProgressMonitor - Completed (31%)
2024-10-22 23:17:52 INFO: 23:17:52.764 [main] [INFO ] q.l.p.CommandLineTaskRunner$CommandLineProgressMonitor - Completed (32%)
2024-10-22 23:17:52 INFO: 23:17:52.893 [main] [INFO ] q.l.p.CommandLineTaskRunner$CommandLineProgressMonitor - Completed (33%)
2024-10-22 23:17:53 INFO: 23:17:53.091 [main] [INFO ] q.l.p.CommandLineTaskRunner$CommandLineProgressMonitor - Completed (34%)
2024-10-22 23:17:53 INFO: 23:17:53.201 [main] [INFO ] q.l.p.CommandLineTaskRunner$CommandLineProgressMonitor - Completed (35%)
2024-10-22 23:17:53 INFO: 23:17:53.323 [main] [INFO ] q.l.p.CommandLineTaskRunner$CommandLineProgressMonitor - Completed (36%)
2024-10-22 23:17:53 INFO: 23:17:53.430 [main] [INFO ] q.l.p.CommandLineTaskRunner$CommandLineProgressMonitor - Completed (37%)
2024-10-22 23:17:53 INFO: 23:17:53.546 [main] [INFO ] q.l.p.CommandLineTaskRunner$CommandLineProgressMonitor - Completed (38%)
2024-10-22 23:17:53 INFO: 23:17:53.648 [main] [INFO ] q.l.p.CommandLineTaskRunner$CommandLineProgressMonitor - Completed (39%)
2024-10-22 23:17:53 INFO: 23:17:53.742 [main] [INFO ] q.l.p.CommandLineTaskRunner$CommandLineProgressMonitor - Completed (40%)
2024-10-22 23:17:53 INFO: 23:17:53.836 [main] [INFO ] q.l.p.CommandLineTaskRunner$CommandLineProgressMonitor - Completed (41%)
2024-10-22 23:17:53 INFO: 23:17:53.934 [main] [INFO ] q.l.p.CommandLineTaskRunner$CommandLineProgressMonitor - Completed (42%)
2024-10-22 23:17:54 INFO: 23:17:54.030 [main] [INFO ] q.l.p.CommandLineTaskRunner$CommandLineProgressMonitor - Completed (43%)
2024-10-22 23:17:54 INFO: 23:17:54.133 [main] [INFO ] q.l.p.CommandLineTaskRunner$CommandLineProgressMonitor - Completed (44%)
2024-10-22 23:17:54 INFO: 23:17:54.272 [main] [INFO ] q.l.p.CommandLineTaskRunner$CommandLineProgressMonitor - Completed (45%)
2024-10-22 23:17:54 INFO: 23:17:54.404 [main] [INFO ] q.l.p.CommandLineTaskRunner$CommandLineProgressMonitor - Completed (46%)
2024-10-22 23:17:54 INFO: 23:17:54.544 [main] [INFO ] q.l.p.CommandLineTaskRunner$CommandLineProgressMonitor - Completed (47%)
2024-10-22 23:17:54 INFO: 23:17:54.666 [main] [INFO ] q.l.p.CommandLineTaskRunner$CommandLineProgressMonitor - Completed (48%)
2024-10-22 23:17:54 INFO: 23:17:54.772 [main] [INFO ] q.l.p.CommandLineTaskRunner$CommandLineProgressMonitor - Completed (49%)
2024-10-22 23:17:54 INFO: 23:17:54.880 [main] [INFO ] q.l.p.CommandLineTaskRunner$CommandLineProgressMonitor - Completed (50%)
2024-10-22 23:17:54 INFO: 23:17:54.976 [main] [INFO ] q.l.p.CommandLineTaskRunner$CommandLineProgressMonitor - Completed (51%)
2024-10-22 23:17:55 INFO: 23:17:55.070 [main] [INFO ] q.l.p.CommandLineTaskRunner$CommandLineProgressMonitor - Completed (52%)
2024-10-22 23:17:55 INFO: 23:17:55.167 [main] [INFO ] q.l.p.CommandLineTaskRunner$CommandLineProgressMonitor - Completed (53%)
2024-10-22 23:17:55 INFO: 23:17:55.264 [main] [INFO ] q.l.p.CommandLineTaskRunner$CommandLineProgressMonitor - Completed (54%)
2024-10-22 23:17:55 INFO: 23:17:55.357 [main] [INFO ] q.l.p.CommandLineTaskRunner$CommandLineProgressMonitor - Completed (55%)
2024-10-22 23:17:55 INFO: 23:17:55.449 [main] [INFO ] q.l.p.CommandLineTaskRunner$CommandLineProgressMonitor - Completed (56%)
2024-10-22 23:17:55 INFO: 23:17:55.544 [main] [INFO ] q.l.p.CommandLineTaskRunner$CommandLineProgressMonitor - Completed (57%)
2024-10-22 23:17:55 INFO: 23:17:55.683 [main] [INFO ] q.l.p.CommandLineTaskRunner$CommandLineProgressMonitor - Completed (58%)
2024-10-22 23:17:55 INFO: 23:17:55.797 [main] [INFO ] q.l.p.CommandLineTaskRunner$CommandLineProgressMonitor - Completed (59%)
2024-10-22 23:17:55 INFO: 23:17:55.906 [main] [INFO ] q.l.p.CommandLineTaskRunner$CommandLineProgressMonitor - Completed (60%)
2024-10-22 23:17:56 INFO: 23:17:56.044 [main] [INFO ] q.l.p.CommandLineTaskRunner$CommandLineProgressMonitor - Completed (61%)
2024-10-22 23:17:56 INFO: 23:17:56.211 [main] [INFO ] q.l.p.CommandLineTaskRunner$CommandLineProgressMonitor - Completed (62%)
2024-10-22 23:17:56 INFO: 23:17:56.373 [main] [INFO ] q.l.p.CommandLineTaskRunner$CommandLineProgressMonitor - Completed (63%)
2024-10-22 23:17:56 INFO: 23:17:56.537 [main] [INFO ] q.l.p.CommandLineTaskRunner$CommandLineProgressMonitor - Completed (64%)
2024-10-22 23:17:56 INFO: 23:17:56.663 [main] [INFO ] q.l.p.CommandLineTaskRunner$CommandLineProgressMonitor - Completed (65%)
2024-10-22 23:17:56 INFO: 23:17:56.792 [main] [INFO ] q.l.p.CommandLineTaskRunner$CommandLineProgressMonitor - Completed (66%)
2024-10-22 23:17:56 INFO: 23:17:56.922 [main] [INFO ] q.l.p.CommandLineTaskRunner$CommandLineProgressMonitor - Completed (67%)
2024-10-22 23:17:57 INFO: 23:17:57.117 [main] [INFO ] q.l.p.CommandLineTaskRunner$CommandLineProgressMonitor - Completed (68%)
2024-10-22 23:17:57 INFO: 23:17:57.228 [main] [INFO ] q.l.p.CommandLineTaskRunner$CommandLineProgressMonitor - Completed (69%)
2024-10-22 23:17:57 INFO: 23:17:57.327 [main] [INFO ] q.l.p.CommandLineTaskRunner$CommandLineProgressMonitor - Completed (70%)
2024-10-22 23:17:57 INFO: 23:17:57.437 [main] [INFO ] q.l.p.CommandLineTaskRunner$CommandLineProgressMonitor - Completed (71%)
2024-10-22 23:17:57 INFO: 23:17:57.541 [main] [INFO ] q.l.p.CommandLineTaskRunner$CommandLineProgressMonitor - Completed (72%)
2024-10-22 23:17:57 INFO: 23:17:57.634 [main] [INFO ] q.l.p.CommandLineTaskRunner$CommandLineProgressMonitor - Completed (73%)
2024-10-22 23:17:57 INFO: 23:17:57.728 [main] [INFO ] q.l.p.CommandLineTaskRunner$CommandLineProgressMonitor - Completed (74%)
2024-10-22 23:17:57 INFO: 23:17:57.825 [main] [INFO ] q.l.p.CommandLineTaskRunner$CommandLineProgressMonitor - Completed (75%)
2024-10-22 23:17:57 INFO: 23:17:57.914 [main] [INFO ] q.l.p.CommandLineTaskRunner$CommandLineProgressMonitor - Completed (76%)
2024-10-22 23:17:58 INFO: 23:17:58.012 [main] [INFO ] q.l.p.CommandLineTaskRunner$CommandLineProgressMonitor - Completed (77%)
2024-10-22 23:17:58 INFO: 23:17:58.108 [main] [INFO ] q.l.p.CommandLineTaskRunner$CommandLineProgressMonitor - Completed (78%)
2024-10-22 23:17:58 INFO: 23:17:58.198 [main] [INFO ] q.l.p.CommandLineTaskRunner$CommandLineProgressMonitor - Completed (79%)
2024-10-22 23:17:58 INFO: 23:17:58.298 [main] [INFO ] q.l.p.CommandLineTaskRunner$CommandLineProgressMonitor - Completed (80%)
2024-10-22 23:17:58 INFO: 23:17:58.397 [main] [INFO ] q.l.p.CommandLineTaskRunner$CommandLineProgressMonitor - Completed (81%)
2024-10-22 23:17:58 INFO: 23:17:58.534 [main] [INFO ] q.l.p.CommandLineTaskRunner$CommandLineProgressMonitor - Completed (82%)
2024-10-22 23:17:58 INFO: 23:17:58.631 [main] [INFO ] q.l.p.CommandLineTaskRunner$CommandLineProgressMonitor - Completed (83%)
2024-10-22 23:17:58 INFO: 23:17:58.737 [main] [INFO ] q.l.p.CommandLineTaskRunner$CommandLineProgressMonitor - Completed (84%)
2024-10-22 23:17:58 INFO: 23:17:58.832 [main] [INFO ] q.l.p.CommandLineTaskRunner$CommandLineProgressMonitor - Completed (85%)
2024-10-22 23:17:58 INFO: 23:17:58.928 [main] [INFO ] q.l.p.CommandLineTaskRunner$CommandLineProgressMonitor - Completed (86%)
2024-10-22 23:17:59 INFO: 23:17:59.037 [main] [INFO ] q.l.p.CommandLineTaskRunner$CommandLineProgressMonitor - Completed (87%)
2024-10-22 23:17:59 INFO: 23:17:59.235 [main] [INFO ] q.l.p.CommandLineTaskRunner$CommandLineProgressMonitor - Completed (88%)
2024-10-22 23:17:59 INFO: 23:17:59.344 [main] [INFO ] q.l.p.CommandLineTaskRunner$CommandLineProgressMonitor - Completed (89%)
2024-10-22 23:17:59 INFO: 23:17:59.445 [main] [INFO ] q.l.p.CommandLineTaskRunner$CommandLineProgressMonitor - Completed (90%)
2024-10-22 23:17:59 INFO: 23:17:59.554 [main] [INFO ] q.l.p.CommandLineTaskRunner$CommandLineProgressMonitor - Completed (91%)
2024-10-22 23:17:59 INFO: 23:17:59.654 [main] [INFO ] q.l.p.CommandLineTaskRunner$CommandLineProgressMonitor - Completed (92%)
2024-10-22 23:17:59 INFO: 23:17:59.748 [main] [INFO ] q.l.p.CommandLineTaskRunner$CommandLineProgressMonitor - Completed (93%)
2024-10-22 23:17:59 INFO: 23:17:59.837 [main] [INFO ] q.l.p.CommandLineTaskRunner$CommandLineProgressMonitor - Completed (94%)
2024-10-22 23:17:59 INFO: 23:17:59.929 [main] [INFO ] q.l.p.CommandLineTaskRunner$CommandLineProgressMonitor - Completed (95%)
2024-10-22 23:18:00 INFO: 23:18:00.018 [main] [INFO ] q.l.p.CommandLineTaskRunner$CommandLineProgressMonitor - Completed (96%)
2024-10-22 23:18:00 INFO: 23:18:00.115 [main] [INFO ] q.l.p.CommandLineTaskRunner$CommandLineProgressMonitor - Completed (97%)
2024-10-22 23:18:00 INFO: 23:18:00.227 [main] [INFO ] q.l.p.CommandLineTaskRunner$CommandLineProgressMonitor - Completed (98%)
2024-10-22 23:18:00 INFO: 23:18:00.323 [main] [INFO ] q.l.p.CommandLineTaskRunner$CommandLineProgressMonitor - Completed (99%)
2024-10-22 23:18:00 INFO: 23:18:00.420 [main] [INFO ] q.l.p.CommandLineTaskRunner$CommandLineProgressMonitor - Completed (100%)
2024-10-22 23:18:58 INFO: 23:18:58.708 [main] [INFO ] q.l.p.CommandLineTaskRunner$CommandLineProgressMonitor - Completed (100%)
2024-10-22 23:18:58 INFO: 23:18:58.710 [main] [INFO ] q.l.p.CommandLineTaskRunner$CommandLineProgressMonitor - Processing complete in 72.82 seconds
2024-10-22 23:18:58 INFO: 23:18:58.710 [main] [INFO ] q.l.p.CommandLineTaskRunner$CommandLineProgressMonitor - Tasks completed!
2024-10-22 23:20:59 INFO: 23:20:59.020 [task-runner-6-1] [WARN ] q.o.features.DelaunayTriangulation - Some objects have missing measurements! Statistics will calculated only for objects with measurements available.
2024-10-22 23:20:59 INFO: 23:20:59.020 [task-runner-6-1] [WARN ] q.o.features.DelaunayTriangulation - Missing measurements: [ROI: 1.00 m per pixel: Residual: Haralick Correlation (F2), ROI: 1.00 m per pixel: Residual: Haralick Information measure of correlation 1 (F11), ROI: 1.00 m per pixel: Residual: Haralick Information measure of correlation 2 (F12)]
2024-10-22 23:20:59 INFO: 23:20:59.049 [main] [INFO ] q.l.p.CommandLineTaskRunner$CommandLineProgressMonitor - Delaunay triangulation calculated for Annotation (201685 objects) (100%)
2024-10-22 23:20:59 INFO: 23:20:59.049 [main] [INFO ] q.l.p.CommandLineTaskRunner$CommandLineProgressMonitor - Processing complete in 120.28 seconds
2024-10-22 23:20:59 INFO: 23:20:59.050 [main] [INFO ] q.l.p.CommandLineTaskRunner$CommandLineProgressMonitor - Tasks completed!
2024-10-22 23:23:14 INFO: TCGA-GI-A2C8-01Z-00-DX1.09BD8AC9-645A-4C8B-9B36-77D833BDBA09
2024-10-22 23:23:14 INFO: QuPath subprocess completed.
2024-10-22 23:23:25 INFO: QuPath image extraction completed successfully. Output directory: /home/ilants/Documents/jupyter_test/single_image_multiple_params/exp_backgroundRadiusMicrons_4.0
2024-10-22 23:23:25 INFO: Summary table saved to: /home/ilants/Documents/jupyter_test/single_image_multiple_params/exp_backgroundRadiusMicrons_4.0/Summary_Table.csv
2024-10-22 23:23:25 INFO: Experiment completed successfully.
