2024-10-23 00:14:42 INFO: Starting experiment with for backgroundRadiusMicrons with value of 18.0
2024-10-23 00:14:42 INFO: Running with the following configuration:
{'detectionImageBrightfield': 'Hematoxylin OD', 'requestedPixelSizeMicrons': 0.5, 'backgroundRadiusMicrons': 18.0, 'backgroundByReconstruction': True, 'medianRadiusMicrons': 0.0, 'sigmaMicrons': 1.5, 'minAreaMicrons': 10.0, 'maxAreaMicrons': 80.0, 'threshold': 0.1, 'maxBackground': 2.0, 'watershedPostProcess': True, 'cellExpansionMicrons': 5.0, 'includeNuclei': True, 'smoothBoundaries': True, 'makeMeasurements': True, 'backgroundRadiusPixel': 8.0, 'cellExpansionPixel': 10.0, 'medianRadiusPixel': 0.0, 'minAreaPixel': 20.0, 'maxAreaPixel': 160.0}
2024-10-23 00:14:42 INFO: Starting QuPath image extraction with the following parameters: image_dir=/home/ilants/Documents/jupyter_test, output_dir=/home/ilants/Documents/jupyter_test/single_image_multiple_params/exp_backgroundRadiusMicrons_18.0, image_type=svs, groovy_script=/home/ilants/Documents/utls/nucleus_detection_wargs.groovy, config_file=/home/ilants/Documents/jupyter_test/single_image_multiple_params/exp_backgroundRadiusMicrons_18.0/cfg.json, program_path=/home/ilants/Documents/QuPath-v0.5.1-Linux/QuPath/bin/QuPath
2024-10-23 00:14:43 INFO: 00:14:43.631 [main] [INFO ] qupath.lib.gui.prefs.PathPrefs - Setting default Locale to en_US
2024-10-23 00:14:43 INFO: 00:14:43.634 [main] [INFO ] qupath.lib.gui.prefs.PathPrefs - Setting Locale for FORMAT to en_US
2024-10-23 00:14:43 INFO: 00:14:43.635 [main] [INFO ] qupath.lib.gui.prefs.PathPrefs - Setting Locale for DISPLAY to en_US
2024-10-23 00:14:43 INFO: 00:14:43.648 [main] [INFO ] qupath.lib.common.ThreadTools - Setting parallelism to 63
2024-10-23 00:14:43 INFO: 00:14:43.666 [main] [INFO ] qupath.ScriptCommand - Setting tile cache size to 32200.00 MB (25.0% max memory)
2024-10-23 00:14:43 INFO: 00:14:43.713 [main] [INFO ] qupath.lib.scripting.QP - Initializing type adapters
2024-10-23 00:14:43 INFO: Warning: Versions of org.bytedeco:javacpp:1.5.9 and org.bytedeco:opencv:4.6.0-1.5.8 do not match.
2024-10-23 00:14:43 INFO: Warning: Versions of org.bytedeco:javacpp:1.5.9 and org.bytedeco:openblas:0.3.21-1.5.8 do not match.
2024-10-23 00:14:45 INFO: project parameters are: {"detectionImageBrightfield": "Hematoxylin OD","requestedPixelSizeMicrons": 0.5,"backgroundRadiusMicrons": 18.0,"backgroundByReconstruction": true,"medianRadiusMicrons": 0.0,"sigmaMicrons": 1.5,"minAreaMicrons": 10.0,"maxAreaMicrons": 80.0,"threshold": 0.1,"maxBackground": 2.0,"watershedPostProcess": true,"cellExpansionMicrons": 5.0,"includeNuclei": true,"smoothBoundaries": true,"makeMeasurements": true,"backgroundRadiusPixel": 8.0,"cellExpansionPixel": 10.0,"medianRadiusPixel": 0.0,"minAreaPixel": 20.0,"maxAreaPixel": 160.0}
2024-10-23 00:14:45 INFO: New project created at: /home/ilants/Documents/jupyter_test/single_image_multiple_params/exp_backgroundRadiusMicrons_18.0/QPProject
2024-10-23 00:14:45 INFO: Added: /home/ilants/Documents/jupyter_test/TCGA-GI-A2C8-01Z-00-DX1.09BD8AC9-645A-4C8B-9B36-77D833BDBA09.svs
2024-10-23 00:14:45 INFO: /home/ilants/Documents/jupyter_test/TCGA-GI-A2C8-01Z-00-DX1.09BD8AC9-645A-4C8B-9B36-77D833BDBA09.svs
2024-10-23 00:14:45 INFO: 00:14:45.641 [main] [INFO ] q.l.i.s.b.BioFormatsServerOptions - Setting max Bio-Formats readers to 32
2024-10-23 00:14:46 INFO: UriImageSupport (class qupath.lib.images.servers.bioformats.BioFormatsServerBuilder) support=3.0, builders=1
2024-10-23 00:14:46 INFO: true
2024-10-23 00:14:46 INFO: 00:14:46.297 [main] [WARN ] qupath.lib.scripting.QP - createSelectAllObject(boolean) is deprecated, use createFullImageAnnotation(boolean) instead
2024-10-23 00:14:46 INFO: 00:14:46.297 [main] [WARN ] qupath.lib.scripting.QP - createSelectAllObject(boolean, int, int) is deprecated, use createFullImageAnnotation(boolean, int, int) instead
2024-10-23 00:14:46 INFO: 00:14:46.307 [main] [WARN ] q.l.plugins.parameters.ParameterList - Unable to set parameter backgroundRadiusPixel with value 8.0
2024-10-23 00:14:46 INFO: 00:14:46.308 [main] [WARN ] q.l.plugins.parameters.ParameterList - Unable to set parameter cellExpansionPixel with value 10.0
2024-10-23 00:14:46 INFO: 00:14:46.308 [main] [WARN ] q.l.plugins.parameters.ParameterList - Unable to set parameter medianRadiusPixel with value 0.0
2024-10-23 00:14:46 INFO: 00:14:46.308 [main] [WARN ] q.l.plugins.parameters.ParameterList - Unable to set parameter minAreaPixel with value 20.0
2024-10-23 00:14:46 INFO: 00:14:46.308 [main] [WARN ] q.l.plugins.parameters.ParameterList - Unable to set parameter maxAreaPixel with value 160.0
2024-10-23 00:15:03 INFO: 00:15:03.990 [task-runner-1-1] [INFO ] q.lib.plugins.DetectionPluginTools - 0 nuclei detected (processing time: 17.57 seconds)
2024-10-23 00:15:03 INFO: 00:15:03.992 [task-runner-1-48] [INFO ] q.lib.plugins.DetectionPluginTools - 0 nuclei detected (processing time: 17.56 seconds)
2024-10-23 00:15:03 INFO: 00:15:03.992 [task-runner-1-9] [INFO ] q.lib.plugins.DetectionPluginTools - 0 nuclei detected (processing time: 17.57 seconds)
2024-10-23 00:15:03 INFO: 00:15:03.992 [main] [INFO ] q.l.p.CommandLineTaskRunner$CommandLineProgressMonitor - 0 nuclei detected (1%)
2024-10-23 00:15:03 INFO: 00:15:03.990 [task-runner-1-4] [INFO ] q.lib.plugins.DetectionPluginTools - 0 nuclei detected (processing time: 17.57 seconds)
2024-10-23 00:15:03 INFO: 00:15:03.993 [task-runner-1-15] [INFO ] q.lib.plugins.DetectionPluginTools - 0 nuclei detected (processing time: 17.57 seconds)
2024-10-23 00:15:03 INFO: 00:15:03.993 [main] [INFO ] q.l.p.CommandLineTaskRunner$CommandLineProgressMonitor - 0 nuclei detected (2%)
2024-10-23 00:15:04 INFO: 00:15:03.993 [main] [INFO ] q.l.p.CommandLineTaskRunner$CommandLineProgressMonitor - 0 nuclei detected (3%)
2024-10-23 00:15:04 INFO: 00:15:04.001 [task-runner-1-7] [INFO ] q.lib.plugins.DetectionPluginTools - 1 nucleus detected (processing time: 17.58 seconds)
2024-10-23 00:15:04 INFO: 00:15:04.001 [task-runner-1-27] [INFO ] q.lib.plugins.DetectionPluginTools - 1 nucleus detected (processing time: 17.57 seconds)
2024-10-23 00:15:04 INFO: 00:15:04.001 [task-runner-1-11] [INFO ] q.lib.plugins.DetectionPluginTools - 1 nucleus detected (processing time: 17.58 seconds)
2024-10-23 00:15:04 INFO: 00:15:04.001 [main] [INFO ] q.l.p.CommandLineTaskRunner$CommandLineProgressMonitor - 1 nucleus detected (4%)
2024-10-23 00:15:04 INFO: 00:15:04.001 [main] [INFO ] q.l.p.CommandLineTaskRunner$CommandLineProgressMonitor - 1 nucleus detected (5%)
2024-10-23 00:15:04 INFO: 00:15:04.002 [task-runner-1-2] [INFO ] q.lib.plugins.DetectionPluginTools - 2 nuclei detected (processing time: 17.58 seconds)
2024-10-23 00:15:04 INFO: 00:15:04.002 [main] [INFO ] q.l.p.CommandLineTaskRunner$CommandLineProgressMonitor - 2 nuclei detected (6%)
2024-10-23 00:15:04 INFO: 00:15:04.004 [task-runner-1-12] [INFO ] q.lib.plugins.DetectionPluginTools - 0 nuclei detected (processing time: 17.58 seconds)
2024-10-23 00:15:04 INFO: 00:15:04.004 [main] [INFO ] q.l.p.CommandLineTaskRunner$CommandLineProgressMonitor - 0 nuclei detected (6%)
2024-10-23 00:15:04 INFO: 00:15:04.005 [task-runner-1-17] [INFO ] q.lib.plugins.DetectionPluginTools - 3 nuclei detected (processing time: 17.58 seconds)
2024-10-23 00:15:04 INFO: 00:15:04.005 [main] [INFO ] q.l.p.CommandLineTaskRunner$CommandLineProgressMonitor - 3 nuclei detected (7%)
2024-10-23 00:15:04 INFO: 00:15:04.016 [task-runner-1-6] [INFO ] q.lib.plugins.DetectionPluginTools - 6 nuclei detected (processing time: 17.59 seconds)
2024-10-23 00:15:04 INFO: 00:15:04.016 [main] [INFO ] q.l.p.CommandLineTaskRunner$CommandLineProgressMonitor - 6 nuclei detected (8%)
2024-10-23 00:15:04 INFO: 00:15:04.018 [task-runner-1-13] [INFO ] q.lib.plugins.DetectionPluginTools - 9 nuclei detected (processing time: 17.59 seconds)
2024-10-23 00:15:04 INFO: 00:15:04.063 [task-runner-1-8] [INFO ] q.lib.plugins.DetectionPluginTools - 2 nuclei detected (processing time: 17.64 seconds)
2024-10-23 00:15:04 INFO: 00:15:04.018 [main] [INFO ] q.l.p.CommandLineTaskRunner$CommandLineProgressMonitor - 9 nuclei detected (8%)
2024-10-23 00:15:04 INFO: 00:15:04.064 [main] [INFO ] q.l.p.CommandLineTaskRunner$CommandLineProgressMonitor - 2 nuclei detected (9%)
2024-10-23 00:15:04 INFO: 00:15:04.071 [task-runner-1-32] [INFO ] q.lib.plugins.DetectionPluginTools - 0 nuclei detected (processing time: 17.64 seconds)
2024-10-23 00:15:04 INFO: 00:15:04.072 [main] [INFO ] q.l.p.CommandLineTaskRunner$CommandLineProgressMonitor - 0 nuclei detected (9%)
2024-10-23 00:15:04 INFO: 00:15:04.192 [task-runner-1-46] [INFO ] q.lib.plugins.DetectionPluginTools - 58 nuclei detected (processing time: 17.76 seconds)
2024-10-23 00:15:04 INFO: 00:15:04.193 [main] [INFO ] q.l.p.CommandLineTaskRunner$CommandLineProgressMonitor - 58 nuclei detected (10%)
2024-10-23 00:15:04 INFO: 00:15:04.270 [task-runner-1-63] [INFO ] q.lib.plugins.DetectionPluginTools - 159 nuclei detected (processing time: 17.84 seconds)
2024-10-23 00:15:04 INFO: 00:15:04.272 [main] [INFO ] q.l.p.CommandLineTaskRunner$CommandLineProgressMonitor - 159 nuclei detected (11%)
2024-10-23 00:15:04 INFO: 00:15:04.286 [task-runner-1-49] [INFO ] q.lib.plugins.DetectionPluginTools - 137 nuclei detected (processing time: 17.85 seconds)
2024-10-23 00:15:04 INFO: 00:15:04.287 [main] [INFO ] q.l.p.CommandLineTaskRunner$CommandLineProgressMonitor - 137 nuclei detected (11%)
2024-10-23 00:15:04 INFO: 00:15:04.289 [task-runner-1-45] [INFO ] q.lib.plugins.DetectionPluginTools - 161 nuclei detected (processing time: 17.86 seconds)
2024-10-23 00:15:04 INFO: 00:15:04.301 [main] [INFO ] q.l.p.CommandLineTaskRunner$CommandLineProgressMonitor - 161 nuclei detected (12%)
2024-10-23 00:15:04 INFO: 00:15:04.343 [task-runner-1-62] [INFO ] q.lib.plugins.DetectionPluginTools - 229 nuclei detected (processing time: 17.91 seconds)
2024-10-23 00:15:04 INFO: 00:15:04.346 [main] [INFO ] q.l.p.CommandLineTaskRunner$CommandLineProgressMonitor - 229 nuclei detected (13%)
2024-10-23 00:15:04 INFO: 00:15:04.378 [task-runner-1-33] [INFO ] q.lib.plugins.DetectionPluginTools - 244 nuclei detected (processing time: 17.94 seconds)
2024-10-23 00:15:04 INFO: 00:15:04.379 [main] [INFO ] q.l.p.CommandLineTaskRunner$CommandLineProgressMonitor - 244 nuclei detected (13%)
2024-10-23 00:15:04 INFO: 00:15:04.398 [task-runner-1-50] [INFO ] q.lib.plugins.DetectionPluginTools - 365 nuclei detected (processing time: 17.97 seconds)
2024-10-23 00:15:04 INFO: 00:15:04.399 [main] [INFO ] q.l.p.CommandLineTaskRunner$CommandLineProgressMonitor - 365 nuclei detected (14%)
2024-10-23 00:15:04 INFO: 00:15:04.514 [task-runner-1-44] [INFO ] q.lib.plugins.DetectionPluginTools - 353 nuclei detected (processing time: 18.08 seconds)
2024-10-23 00:15:04 INFO: 00:15:04.516 [main] [INFO ] q.l.p.CommandLineTaskRunner$CommandLineProgressMonitor - 353 nuclei detected (14%)
2024-10-23 00:15:04 INFO: 00:15:04.523 [task-runner-1-34] [INFO ] q.lib.plugins.DetectionPluginTools - 484 nuclei detected (processing time: 18.09 seconds)
2024-10-23 00:15:04 INFO: 00:15:04.523 [main] [INFO ] q.l.p.CommandLineTaskRunner$CommandLineProgressMonitor - 484 nuclei detected (15%)
2024-10-23 00:15:04 INFO: 00:15:04.539 [task-runner-1-25] [INFO ] q.lib.plugins.DetectionPluginTools - 533 nuclei detected (processing time: 18.11 seconds)
2024-10-23 00:15:04 INFO: 00:15:04.540 [main] [INFO ] q.l.p.CommandLineTaskRunner$CommandLineProgressMonitor - 533 nuclei detected (16%)
2024-10-23 00:15:04 INFO: 00:15:04.630 [task-runner-1-20] [INFO ] q.lib.plugins.DetectionPluginTools - 743 nuclei detected (processing time: 18.20 seconds)
2024-10-23 00:15:04 INFO: 00:15:04.632 [main] [INFO ] q.l.p.CommandLineTaskRunner$CommandLineProgressMonitor - 743 nuclei detected (16%)
2024-10-23 00:15:06 INFO: 00:15:06.552 [task-runner-1-10] [INFO ] q.lib.plugins.DetectionPluginTools - 1 nucleus detected (processing time: 20.13 seconds)
2024-10-23 00:15:06 INFO: 00:15:06.550 [task-runner-1-16] [INFO ] q.lib.plugins.DetectionPluginTools - 0 nuclei detected (processing time: 20.12 seconds)
2024-10-23 00:15:06 INFO: 00:15:06.553 [task-runner-1-47] [INFO ] q.lib.plugins.DetectionPluginTools - 7 nuclei detected (processing time: 20.12 seconds)
2024-10-23 00:15:06 INFO: 00:15:06.553 [task-runner-1-29] [INFO ] q.lib.plugins.DetectionPluginTools - 5 nuclei detected (processing time: 20.12 seconds)
2024-10-23 00:15:06 INFO: 00:15:06.556 [task-runner-1-30] [INFO ] q.lib.plugins.DetectionPluginTools - 1 nucleus detected (processing time: 20.13 seconds)
2024-10-23 00:15:06 INFO: 00:15:06.558 [task-runner-1-3] [INFO ] q.lib.plugins.DetectionPluginTools - 0 nuclei detected (processing time: 20.14 seconds)
2024-10-23 00:15:06 INFO: 00:15:06.559 [task-runner-1-14] [INFO ] q.lib.plugins.DetectionPluginTools - 2 nuclei detected (processing time: 20.13 seconds)
2024-10-23 00:15:06 INFO: 00:15:06.564 [main] [INFO ] q.l.p.CommandLineTaskRunner$CommandLineProgressMonitor - 2 nuclei detected (17%)
2024-10-23 00:15:06 INFO: 00:15:06.564 [main] [INFO ] q.l.p.CommandLineTaskRunner$CommandLineProgressMonitor - 1 nucleus detected (18%)
2024-10-23 00:15:06 INFO: 00:15:06.564 [main] [INFO ] q.l.p.CommandLineTaskRunner$CommandLineProgressMonitor - 7 nuclei detected (18%)
2024-10-23 00:15:06 INFO: 00:15:06.564 [main] [INFO ] q.l.p.CommandLineTaskRunner$CommandLineProgressMonitor - 0 nuclei detected (19%)
2024-10-23 00:15:06 INFO: 00:15:06.564 [main] [INFO ] q.l.p.CommandLineTaskRunner$CommandLineProgressMonitor - 1 nucleus detected (19%)
2024-10-23 00:15:06 INFO: 00:15:06.564 [main] [INFO ] q.l.p.CommandLineTaskRunner$CommandLineProgressMonitor - 0 nuclei detected (20%)
2024-10-23 00:15:06 INFO: 00:15:06.564 [main] [INFO ] q.l.p.CommandLineTaskRunner$CommandLineProgressMonitor - 5 nuclei detected (21%)
2024-10-23 00:15:06 INFO: 00:15:06.591 [task-runner-1-31] [INFO ] q.lib.plugins.DetectionPluginTools - 19 nuclei detected (processing time: 20.16 seconds)
2024-10-23 00:15:06 INFO: 00:15:06.593 [main] [INFO ] q.l.p.CommandLineTaskRunner$CommandLineProgressMonitor - 19 nuclei detected (21%)
2024-10-23 00:15:06 INFO: 00:15:06.599 [task-runner-1-28] [INFO ] q.lib.plugins.DetectionPluginTools - 27 nuclei detected (processing time: 20.17 seconds)
2024-10-23 00:15:06 INFO: 00:15:06.600 [main] [INFO ] q.l.p.CommandLineTaskRunner$CommandLineProgressMonitor - 27 nuclei detected (22%)
2024-10-23 00:15:06 INFO: 00:15:06.632 [task-runner-1-5] [INFO ] q.lib.plugins.DetectionPluginTools - 69 nuclei detected (processing time: 20.21 seconds)
2024-10-23 00:15:06 INFO: 00:15:06.634 [main] [INFO ] q.l.p.CommandLineTaskRunner$CommandLineProgressMonitor - 69 nuclei detected (23%)
2024-10-23 00:15:06 INFO: 00:15:06.665 [task-runner-1-26] [INFO ] q.lib.plugins.DetectionPluginTools - 91 nuclei detected (processing time: 20.24 seconds)
2024-10-23 00:15:06 INFO: 00:15:06.667 [main] [INFO ] q.l.p.CommandLineTaskRunner$CommandLineProgressMonitor - 91 nuclei detected (23%)
2024-10-23 00:15:06 INFO: 00:15:06.919 [task-runner-1-19] [INFO ] q.lib.plugins.DetectionPluginTools - 166 nuclei detected (processing time: 20.49 seconds)
2024-10-23 00:15:06 INFO: 00:15:06.922 [main] [INFO ] q.l.p.CommandLineTaskRunner$CommandLineProgressMonitor - 166 nuclei detected (24%)
2024-10-23 00:15:06 INFO: 00:15:06.945 [task-runner-1-18] [INFO ] q.lib.plugins.DetectionPluginTools - 279 nuclei detected (processing time: 20.52 seconds)
2024-10-23 00:15:06 INFO: 00:15:06.947 [main] [INFO ] q.l.p.CommandLineTaskRunner$CommandLineProgressMonitor - 279 nuclei detected (24%)
2024-10-23 00:15:07 INFO: 00:15:07.046 [task-runner-1-61] [INFO ] q.lib.plugins.DetectionPluginTools - 234 nuclei detected (processing time: 20.61 seconds)
2024-10-23 00:15:07 INFO: 00:15:07.048 [main] [INFO ] q.l.p.CommandLineTaskRunner$CommandLineProgressMonitor - 234 nuclei detected (25%)
2024-10-23 00:15:07 INFO: 00:15:07.052 [task-runner-1-35] [INFO ] q.lib.plugins.DetectionPluginTools - 304 nuclei detected (processing time: 20.62 seconds)
2024-10-23 00:15:07 INFO: 00:15:07.053 [main] [INFO ] q.l.p.CommandLineTaskRunner$CommandLineProgressMonitor - 304 nuclei detected (26%)
2024-10-23 00:15:07 INFO: 00:15:07.430 [task-runner-1-51] [INFO ] q.lib.plugins.DetectionPluginTools - 1001 nuclei detected (processing time: 21.00 seconds)
2024-10-23 00:15:07 INFO: 00:15:07.432 [main] [INFO ] q.l.p.CommandLineTaskRunner$CommandLineProgressMonitor - 1001 nuclei detected (26%)
2024-10-23 00:15:07 INFO: 00:15:07.477 [task-runner-1-24] [INFO ] q.lib.plugins.DetectionPluginTools - 1184 nuclei detected (processing time: 21.04 seconds)
2024-10-23 00:15:07 INFO: 00:15:07.482 [main] [INFO ] q.l.p.CommandLineTaskRunner$CommandLineProgressMonitor - 1184 nuclei detected (27%)
2024-10-23 00:15:07 INFO: 00:15:07.671 [task-runner-1-23] [INFO ] q.lib.plugins.DetectionPluginTools - 1544 nuclei detected (processing time: 21.24 seconds)
2024-10-23 00:15:07 INFO: 00:15:07.672 [main] [INFO ] q.l.p.CommandLineTaskRunner$CommandLineProgressMonitor - 1544 nuclei detected (28%)
2024-10-23 00:15:07 INFO: 00:15:07.825 [task-runner-1-43] [INFO ] q.lib.plugins.DetectionPluginTools - 1752 nuclei detected (processing time: 21.39 seconds)
2024-10-23 00:15:07 INFO: 00:15:07.826 [main] [INFO ] q.l.p.CommandLineTaskRunner$CommandLineProgressMonitor - 1752 nuclei detected (28%)
2024-10-23 00:15:08 INFO: 00:15:08.006 [task-runner-1-22] [INFO ] q.lib.plugins.DetectionPluginTools - 1954 nuclei detected (processing time: 21.58 seconds)
2024-10-23 00:15:08 INFO: 00:15:08.007 [main] [INFO ] q.l.p.CommandLineTaskRunner$CommandLineProgressMonitor - 1954 nuclei detected (29%)
2024-10-23 00:15:08 INFO: 00:15:08.143 [task-runner-1-60] [INFO ] q.lib.plugins.DetectionPluginTools - 2022 nuclei detected (processing time: 21.71 seconds)
2024-10-23 00:15:08 INFO: 00:15:08.144 [main] [INFO ] q.l.p.CommandLineTaskRunner$CommandLineProgressMonitor - 2022 nuclei detected (29%)
2024-10-23 00:15:09 INFO: 00:15:09.760 [task-runner-1-36] [INFO ] q.lib.plugins.DetectionPluginTools - 3082 nuclei detected (processing time: 23.33 seconds)
2024-10-23 00:15:09 INFO: 00:15:09.762 [main] [INFO ] q.l.p.CommandLineTaskRunner$CommandLineProgressMonitor - 3082 nuclei detected (30%)
2024-10-23 00:15:10 INFO: 00:15:10.121 [task-runner-1-21] [INFO ] q.lib.plugins.DetectionPluginTools - 4223 nuclei detected (processing time: 23.70 seconds)
2024-10-23 00:15:10 INFO: 00:15:10.122 [main] [INFO ] q.l.p.CommandLineTaskRunner$CommandLineProgressMonitor - 4223 nuclei detected (31%)
2024-10-23 00:15:11 INFO: 00:15:11.373 [task-runner-1-52] [INFO ] q.lib.plugins.DetectionPluginTools - 4031 nuclei detected (processing time: 24.94 seconds)
2024-10-23 00:15:11 INFO: 00:15:11.375 [main] [INFO ] q.l.p.CommandLineTaskRunner$CommandLineProgressMonitor - 4031 nuclei detected (31%)
2024-10-23 00:15:11 INFO: 00:15:11.740 [task-runner-1-40] [INFO ] q.lib.plugins.DetectionPluginTools - 3540 nuclei detected (processing time: 25.31 seconds)
2024-10-23 00:15:11 INFO: 00:15:11.740 [main] [INFO ] q.l.p.CommandLineTaskRunner$CommandLineProgressMonitor - 3540 nuclei detected (32%)
2024-10-23 00:15:11 INFO: 00:15:11.755 [task-runner-1-42] [INFO ] q.lib.plugins.DetectionPluginTools - 3986 nuclei detected (processing time: 25.33 seconds)
2024-10-23 00:15:11 INFO: 00:15:11.756 [main] [INFO ] q.l.p.CommandLineTaskRunner$CommandLineProgressMonitor - 3986 nuclei detected (33%)
2024-10-23 00:15:12 INFO: 00:15:12.438 [task-runner-1-59] [INFO ] q.lib.plugins.DetectionPluginTools - 4405 nuclei detected (processing time: 26.00 seconds)
2024-10-23 00:15:12 INFO: 00:15:12.439 [main] [INFO ] q.l.p.CommandLineTaskRunner$CommandLineProgressMonitor - 4405 nuclei detected (33%)
2024-10-23 00:15:12 INFO: 00:15:12.744 [task-runner-1-58] [INFO ] q.lib.plugins.DetectionPluginTools - 4201 nuclei detected (processing time: 26.31 seconds)
2024-10-23 00:15:12 INFO: 00:15:12.747 [main] [INFO ] q.l.p.CommandLineTaskRunner$CommandLineProgressMonitor - 4201 nuclei detected (34%)
2024-10-23 00:15:13 INFO: 00:15:13.831 [task-runner-1-41] [INFO ] q.lib.plugins.DetectionPluginTools - 5100 nuclei detected (processing time: 27.40 seconds)
2024-10-23 00:15:13 INFO: 00:15:13.834 [main] [INFO ] q.l.p.CommandLineTaskRunner$CommandLineProgressMonitor - 5100 nuclei detected (34%)
2024-10-23 00:15:13 INFO: 00:15:13.907 [task-runner-1-39] [INFO ] q.lib.plugins.DetectionPluginTools - 5512 nuclei detected (processing time: 27.48 seconds)
2024-10-23 00:15:13 INFO: 00:15:13.908 [main] [INFO ] q.l.p.CommandLineTaskRunner$CommandLineProgressMonitor - 5512 nuclei detected (35%)
2024-10-23 00:15:14 INFO: 00:15:14.202 [task-runner-1-38] [INFO ] q.lib.plugins.DetectionPluginTools - 6033 nuclei detected (processing time: 27.77 seconds)
2024-10-23 00:15:14 INFO: 00:15:14.203 [main] [INFO ] q.l.p.CommandLineTaskRunner$CommandLineProgressMonitor - 6033 nuclei detected (36%)
2024-10-23 00:15:14 INFO: 00:15:14.700 [task-runner-1-55] [INFO ] q.lib.plugins.DetectionPluginTools - 6371 nuclei detected (processing time: 28.27 seconds)
2024-10-23 00:15:14 INFO: 00:15:14.702 [main] [INFO ] q.l.p.CommandLineTaskRunner$CommandLineProgressMonitor - 6371 nuclei detected (36%)
2024-10-23 00:15:14 INFO: 00:15:14.983 [task-runner-1-48] [INFO ] q.lib.plugins.DetectionPluginTools - 129 nuclei detected (processing time: 10.99 seconds)
2024-10-23 00:15:14 INFO: 00:15:14.986 [main] [INFO ] q.l.p.CommandLineTaskRunner$CommandLineProgressMonitor - 129 nuclei detected (37%)
2024-10-23 00:15:14 INFO: 00:15:14.987 [task-runner-1-37] [INFO ] q.lib.plugins.DetectionPluginTools - 7014 nuclei detected (processing time: 28.56 seconds)
2024-10-23 00:15:14 INFO: 00:15:14.989 [main] [INFO ] q.l.p.CommandLineTaskRunner$CommandLineProgressMonitor - 7014 nuclei detected (38%)
2024-10-23 00:15:15 INFO: 00:15:15.309 [task-runner-1-1] [INFO ] q.lib.plugins.DetectionPluginTools - 1 nucleus detected (processing time: 11.32 seconds)
2024-10-23 00:15:15 INFO: 00:15:15.311 [main] [INFO ] q.l.p.CommandLineTaskRunner$CommandLineProgressMonitor - 1 nucleus detected (38%)
2024-10-23 00:15:15 INFO: 00:15:15.477 [task-runner-1-63] [INFO ] q.lib.plugins.DetectionPluginTools - 0 nuclei detected (processing time: 11.21 seconds)
2024-10-23 00:15:15 INFO: 00:15:15.478 [main] [INFO ] q.l.p.CommandLineTaskRunner$CommandLineProgressMonitor - 0 nuclei detected (39%)
2024-10-23 00:15:16 INFO: 00:15:16.052 [task-runner-1-46] [INFO ] q.lib.plugins.DetectionPluginTools - 233 nuclei detected (processing time: 11.86 seconds)
2024-10-23 00:15:16 INFO: 00:15:16.056 [main] [INFO ] q.l.p.CommandLineTaskRunner$CommandLineProgressMonitor - 233 nuclei detected (39%)
2024-10-23 00:15:16 INFO: 00:15:16.342 [task-runner-1-57] [INFO ] q.lib.plugins.DetectionPluginTools - 7159 nuclei detected (processing time: 29.91 seconds)
2024-10-23 00:15:16 INFO: 00:15:16.343 [main] [INFO ] q.l.p.CommandLineTaskRunner$CommandLineProgressMonitor - 7159 nuclei detected (40%)
2024-10-23 00:15:16 INFO: 00:15:16.344 [task-runner-1-45] [INFO ] q.lib.plugins.DetectionPluginTools - 146 nuclei detected (processing time: 12.05 seconds)
2024-10-23 00:15:16 INFO: 00:15:16.345 [main] [INFO ] q.l.p.CommandLineTaskRunner$CommandLineProgressMonitor - 146 nuclei detected (41%)
2024-10-23 00:15:16 INFO: 00:15:16.357 [task-runner-1-4] [INFO ] q.lib.plugins.DetectionPluginTools - 495 nuclei detected (processing time: 12.36 seconds)
2024-10-23 00:15:16 INFO: 00:15:16.358 [main] [INFO ] q.l.p.CommandLineTaskRunner$CommandLineProgressMonitor - 495 nuclei detected (41%)
2024-10-23 00:15:16 INFO: 00:15:16.369 [task-runner-1-54] [INFO ] q.lib.plugins.DetectionPluginTools - 8202 nuclei detected (processing time: 29.94 seconds)
2024-10-23 00:15:16 INFO: 00:15:16.370 [main] [INFO ] q.l.p.CommandLineTaskRunner$CommandLineProgressMonitor - 8202 nuclei detected (42%)
2024-10-23 00:15:16 INFO: 00:15:16.375 [task-runner-1-49] [INFO ] q.lib.plugins.DetectionPluginTools - 119 nuclei detected (processing time: 12.09 seconds)
2024-10-23 00:15:16 INFO: 00:15:16.376 [main] [INFO ] q.l.p.CommandLineTaskRunner$CommandLineProgressMonitor - 119 nuclei detected (43%)
2024-10-23 00:15:16 INFO: 00:15:16.748 [task-runner-1-14] [INFO ] q.lib.plugins.DetectionPluginTools - 3 nuclei detected (processing time: 10.18 seconds)
2024-10-23 00:15:16 INFO: 00:15:16.749 [main] [INFO ] q.l.p.CommandLineTaskRunner$CommandLineProgressMonitor - 3 nuclei detected (43%)
2024-10-23 00:15:16 INFO: 00:15:16.785 [task-runner-1-56] [INFO ] q.lib.plugins.DetectionPluginTools - 7936 nuclei detected (processing time: 30.35 seconds)
2024-10-23 00:15:16 INFO: 00:15:16.786 [main] [INFO ] q.l.p.CommandLineTaskRunner$CommandLineProgressMonitor - 7936 nuclei detected (44%)
2024-10-23 00:15:16 INFO: 00:15:16.861 [task-runner-1-29] [INFO ] q.lib.plugins.DetectionPluginTools - 116 nuclei detected (processing time: 10.30 seconds)
2024-10-23 00:15:16 INFO: 00:15:16.862 [main] [INFO ] q.l.p.CommandLineTaskRunner$CommandLineProgressMonitor - 116 nuclei detected (44%)
2024-10-23 00:15:16 INFO: 00:15:16.938 [task-runner-1-15] [INFO ] q.lib.plugins.DetectionPluginTools - 610 nuclei detected (processing time: 12.95 seconds)
2024-10-23 00:15:16 INFO: 00:15:16.939 [main] [INFO ] q.l.p.CommandLineTaskRunner$CommandLineProgressMonitor - 610 nuclei detected (45%)
2024-10-23 00:15:17 INFO: 00:15:17.009 [task-runner-1-53] [INFO ] q.lib.plugins.DetectionPluginTools - 9191 nuclei detected (processing time: 30.58 seconds)
2024-10-23 00:15:17 INFO: 00:15:17.011 [main] [INFO ] q.l.p.CommandLineTaskRunner$CommandLineProgressMonitor - 9191 nuclei detected (46%)
2024-10-23 00:15:18 INFO: 00:15:18.197 [task-runner-1-62] [INFO ] q.lib.plugins.DetectionPluginTools - 1084 nuclei detected (processing time: 13.85 seconds)
2024-10-23 00:15:18 INFO: 00:15:18.199 [main] [INFO ] q.l.p.CommandLineTaskRunner$CommandLineProgressMonitor - 1084 nuclei detected (46%)
2024-10-23 00:15:18 INFO: 00:15:18.445 [task-runner-1-5] [INFO ] q.lib.plugins.DetectionPluginTools - 254 nuclei detected (processing time: 11.81 seconds)
2024-10-23 00:15:18 INFO: 00:15:18.449 [main] [INFO ] q.l.p.CommandLineTaskRunner$CommandLineProgressMonitor - 254 nuclei detected (47%)
2024-10-23 00:15:18 INFO: 00:15:18.497 [task-runner-1-31] [INFO ] q.lib.plugins.DetectionPluginTools - 157 nuclei detected (processing time: 11.91 seconds)
2024-10-23 00:15:18 INFO: 00:15:18.499 [main] [INFO ] q.l.p.CommandLineTaskRunner$CommandLineProgressMonitor - 157 nuclei detected (48%)
2024-10-23 00:15:18 INFO: 00:15:18.616 [task-runner-1-28] [INFO ] q.lib.plugins.DetectionPluginTools - 155 nuclei detected (processing time: 12.02 seconds)
2024-10-23 00:15:18 INFO: 00:15:18.619 [main] [INFO ] q.l.p.CommandLineTaskRunner$CommandLineProgressMonitor - 155 nuclei detected (48%)
2024-10-23 00:15:19 INFO: 00:15:19.072 [task-runner-1-32] [INFO ] q.lib.plugins.DetectionPluginTools - 826 nuclei detected (processing time: 15.00 seconds)
2024-10-23 00:15:19 INFO: 00:15:19.074 [main] [INFO ] q.l.p.CommandLineTaskRunner$CommandLineProgressMonitor - 826 nuclei detected (49%)
2024-10-23 00:15:19 INFO: 00:15:19.542 [task-runner-1-21] [INFO ] q.lib.plugins.DetectionPluginTools - 1 nucleus detected (processing time: 9.42 seconds)
2024-10-23 00:15:19 INFO: 00:15:19.543 [main] [INFO ] q.l.p.CommandLineTaskRunner$CommandLineProgressMonitor - 1 nucleus detected (49%)
2024-10-23 00:15:20 INFO: 00:15:20.139 [task-runner-1-36] [INFO ] q.lib.plugins.DetectionPluginTools - 69 nuclei detected (processing time: 10.38 seconds)
2024-10-23 00:15:20 INFO: 00:15:20.140 [main] [INFO ] q.l.p.CommandLineTaskRunner$CommandLineProgressMonitor - 69 nuclei detected (50%)
2024-10-23 00:15:21 INFO: 00:15:21.780 [task-runner-1-16] [INFO ] q.lib.plugins.DetectionPluginTools - 1114 nuclei detected (processing time: 15.22 seconds)
2024-10-23 00:15:21 INFO: 00:15:21.781 [main] [INFO ] q.l.p.CommandLineTaskRunner$CommandLineProgressMonitor - 1114 nuclei detected (51%)
2024-10-23 00:15:22 INFO: 00:15:22.359 [task-runner-1-8] [INFO ] q.lib.plugins.DetectionPluginTools - 1773 nuclei detected (processing time: 18.30 seconds)
2024-10-23 00:15:22 INFO: 00:15:22.361 [main] [INFO ] q.l.p.CommandLineTaskRunner$CommandLineProgressMonitor - 1773 nuclei detected (51%)
2024-10-23 00:15:23 INFO: 00:15:23.518 [task-runner-1-52] [INFO ] q.lib.plugins.DetectionPluginTools - 398 nuclei detected (processing time: 12.14 seconds)
2024-10-23 00:15:23 INFO: 00:15:23.521 [main] [INFO ] q.l.p.CommandLineTaskRunner$CommandLineProgressMonitor - 398 nuclei detected (52%)
2024-10-23 00:15:23 INFO: 00:15:23.782 [task-runner-1-42] [INFO ] q.lib.plugins.DetectionPluginTools - 346 nuclei detected (processing time: 12.03 seconds)
2024-10-23 00:15:23 INFO: 00:15:23.785 [main] [INFO ] q.l.p.CommandLineTaskRunner$CommandLineProgressMonitor - 346 nuclei detected (53%)
2024-10-23 00:15:23 INFO: 00:15:23.802 [task-runner-1-40] [INFO ] q.lib.plugins.DetectionPluginTools - 285 nuclei detected (processing time: 12.06 seconds)
2024-10-23 00:15:23 INFO: 00:15:23.804 [main] [INFO ] q.l.p.CommandLineTaskRunner$CommandLineProgressMonitor - 285 nuclei detected (53%)
2024-10-23 00:15:25 INFO: 00:15:25.384 [task-runner-1-60] [INFO ] q.lib.plugins.DetectionPluginTools - 3505 nuclei detected (processing time: 17.24 seconds)
2024-10-23 00:15:25 INFO: 00:15:25.387 [main] [INFO ] q.l.p.CommandLineTaskRunner$CommandLineProgressMonitor - 3505 nuclei detected (54%)
2024-10-23 00:15:25 INFO: 00:15:25.804 [task-runner-1-45] [INFO ] q.lib.plugins.DetectionPluginTools - 0 nuclei detected (processing time: 9.46 seconds)
2024-10-23 00:15:25 INFO: 00:15:25.806 [main] [INFO ] q.l.p.CommandLineTaskRunner$CommandLineProgressMonitor - 0 nuclei detected (54%)
2024-10-23 00:15:25 INFO: 00:15:25.928 [task-runner-1-57] [INFO ] q.lib.plugins.DetectionPluginTools - 0 nuclei detected (processing time: 9.59 seconds)
2024-10-23 00:15:25 INFO: 00:15:25.929 [main] [INFO ] q.l.p.CommandLineTaskRunner$CommandLineProgressMonitor - 0 nuclei detected (55%)
2024-10-23 00:15:26 INFO: 00:15:26.163 [task-runner-1-14] [INFO ] q.lib.plugins.DetectionPluginTools - 3 nuclei detected (processing time: 9.41 seconds)
2024-10-23 00:15:26 INFO: 00:15:26.164 [main] [INFO ] q.l.p.CommandLineTaskRunner$CommandLineProgressMonitor - 3 nuclei detected (56%)
2024-10-23 00:15:26 INFO: 00:15:26.625 [task-runner-1-59] [INFO ] q.lib.plugins.DetectionPluginTools - 1469 nuclei detected (processing time: 14.19 seconds)
2024-10-23 00:15:26 INFO: 00:15:26.627 [main] [INFO ] q.l.p.CommandLineTaskRunner$CommandLineProgressMonitor - 1469 nuclei detected (56%)
2024-10-23 00:15:26 INFO: 00:15:26.987 [task-runner-1-29] [INFO ] q.lib.plugins.DetectionPluginTools - 0 nuclei detected (processing time: 10.13 seconds)
2024-10-23 00:15:26 INFO: 00:15:26.989 [main] [INFO ] q.l.p.CommandLineTaskRunner$CommandLineProgressMonitor - 0 nuclei detected (57%)
2024-10-23 00:15:27 INFO: 00:15:27.020 [task-runner-1-56] [INFO ] q.lib.plugins.DetectionPluginTools - 12 nuclei detected (processing time: 10.23 seconds)
2024-10-23 00:15:27 INFO: 00:15:27.022 [main] [INFO ] q.l.p.CommandLineTaskRunner$CommandLineProgressMonitor - 12 nuclei detected (57%)
2024-10-23 00:15:27 INFO: 00:15:27.152 [task-runner-1-9] [INFO ] q.lib.plugins.DetectionPluginTools - 4675 nuclei detected (processing time: 23.16 seconds)
2024-10-23 00:15:27 INFO: 00:15:27.152 [main] [INFO ] q.l.p.CommandLineTaskRunner$CommandLineProgressMonitor - 4675 nuclei detected (58%)
2024-10-23 00:15:27 INFO: 00:15:27.898 [task-runner-1-15] [INFO ] q.lib.plugins.DetectionPluginTools - 0 nuclei detected (processing time: 10.96 seconds)
2024-10-23 00:15:27 INFO: 00:15:27.901 [main] [INFO ] q.l.p.CommandLineTaskRunner$CommandLineProgressMonitor - 0 nuclei detected (59%)
2024-10-23 00:15:28 INFO: 00:15:28.147 [task-runner-1-41] [INFO ] q.lib.plugins.DetectionPluginTools - 1607 nuclei detected (processing time: 14.31 seconds)
2024-10-23 00:15:28 INFO: 00:15:28.149 [main] [INFO ] q.l.p.CommandLineTaskRunner$CommandLineProgressMonitor - 1607 nuclei detected (59%)
2024-10-23 00:15:28 INFO: 00:15:28.216 [task-runner-1-49] [INFO ] q.lib.plugins.DetectionPluginTools - 114 nuclei detected (processing time: 11.84 seconds)
2024-10-23 00:15:28 INFO: 00:15:28.217 [main] [INFO ] q.l.p.CommandLineTaskRunner$CommandLineProgressMonitor - 114 nuclei detected (60%)
2024-10-23 00:15:28 INFO: 00:15:28.458 [task-runner-1-26] [INFO ] q.lib.plugins.DetectionPluginTools - 3697 nuclei detected (processing time: 21.79 seconds)
2024-10-23 00:15:28 INFO: 00:15:28.460 [main] [INFO ] q.l.p.CommandLineTaskRunner$CommandLineProgressMonitor - 3697 nuclei detected (61%)
2024-10-23 00:15:28 INFO: 00:15:28.868 [task-runner-1-46] [INFO ] q.lib.plugins.DetectionPluginTools - 1731 nuclei detected (processing time: 12.81 seconds)
2024-10-23 00:15:28 INFO: 00:15:28.870 [main] [INFO ] q.l.p.CommandLineTaskRunner$CommandLineProgressMonitor - 1731 nuclei detected (61%)
2024-10-23 00:15:28 INFO: 00:15:28.899 [task-runner-1-21] [INFO ] q.lib.plugins.DetectionPluginTools - 0 nuclei detected (processing time: 9.36 seconds)
2024-10-23 00:15:28 INFO: 00:15:28.900 [main] [INFO ] q.l.p.CommandLineTaskRunner$CommandLineProgressMonitor - 0 nuclei detected (62%)
2024-10-23 00:15:29 INFO: 00:15:29.235 [task-runner-1-36] [INFO ] q.lib.plugins.DetectionPluginTools - 0 nuclei detected (processing time: 9.10 seconds)
2024-10-23 00:15:29 INFO: 00:15:29.236 [main] [INFO ] q.l.p.CommandLineTaskRunner$CommandLineProgressMonitor - 0 nuclei detected (63%)
2024-10-23 00:15:29 INFO: 00:15:29.420 [task-runner-1-18] [INFO ] q.lib.plugins.DetectionPluginTools - 3679 nuclei detected (processing time: 22.47 seconds)
2024-10-23 00:15:29 INFO: 00:15:29.421 [main] [INFO ] q.l.p.CommandLineTaskRunner$CommandLineProgressMonitor - 3679 nuclei detected (63%)
2024-10-23 00:15:29 INFO: 00:15:29.471 [task-runner-1-44] [INFO ] q.lib.plugins.DetectionPluginTools - 8799 nuclei detected (processing time: 24.96 seconds)
2024-10-23 00:15:29 INFO: 00:15:29.472 [task-runner-1-13] [INFO ] q.lib.plugins.DetectionPluginTools - 5589 nuclei detected (processing time: 25.45 seconds)
2024-10-23 00:15:29 INFO: 00:15:29.473 [main] [INFO ] q.l.p.CommandLineTaskRunner$CommandLineProgressMonitor - 5589 nuclei detected (64%)
2024-10-23 00:15:29 INFO: 00:15:29.473 [main] [INFO ] q.l.p.CommandLineTaskRunner$CommandLineProgressMonitor - 8799 nuclei detected (64%)
2024-10-23 00:15:29 INFO: 00:15:29.550 [task-runner-1-33] [INFO ] q.lib.plugins.DetectionPluginTools - 5575 nuclei detected (processing time: 25.17 seconds)
2024-10-23 00:15:29 INFO: 00:15:29.551 [main] [INFO ] q.l.p.CommandLineTaskRunner$CommandLineProgressMonitor - 5575 nuclei detected (65%)
2024-10-23 00:15:29 INFO: 00:15:29.595 [task-runner-1-54] [INFO ] q.lib.plugins.DetectionPluginTools - 82 nuclei detected (processing time: 13.23 seconds)
2024-10-23 00:15:29 INFO: 00:15:29.595 [main] [INFO ] q.l.p.CommandLineTaskRunner$CommandLineProgressMonitor - 82 nuclei detected (66%)
2024-10-23 00:15:29 INFO: 00:15:29.651 [task-runner-1-53] [INFO ] q.lib.plugins.DetectionPluginTools - 0 nuclei detected (processing time: 12.64 seconds)
2024-10-23 00:15:29 INFO: 00:15:29.652 [main] [INFO ] q.l.p.CommandLineTaskRunner$CommandLineProgressMonitor - 0 nuclei detected (66%)
2024-10-23 00:15:29 INFO: 00:15:29.668 [task-runner-1-39] [INFO ] q.lib.plugins.DetectionPluginTools - 1832 nuclei detected (processing time: 15.76 seconds)
2024-10-23 00:15:29 INFO: 00:15:29.669 [main] [INFO ] q.l.p.CommandLineTaskRunner$CommandLineProgressMonitor - 1832 nuclei detected (67%)
2024-10-23 00:15:29 INFO: 00:15:29.905 [task-runner-1-5] [INFO ] q.lib.plugins.DetectionPluginTools - 488 nuclei detected (processing time: 11.46 seconds)
2024-10-23 00:15:29 INFO: 00:15:29.906 [main] [INFO ] q.l.p.CommandLineTaskRunner$CommandLineProgressMonitor - 488 nuclei detected (68%)
2024-10-23 00:15:30 INFO: 00:15:30.067 [task-runner-1-4] [INFO ] q.lib.plugins.DetectionPluginTools - 115 nuclei detected (processing time: 13.71 seconds)
2024-10-23 00:15:30 INFO: 00:15:30.067 [main] [INFO ] q.l.p.CommandLineTaskRunner$CommandLineProgressMonitor - 115 nuclei detected (68%)
2024-10-23 00:15:30 INFO: 00:15:30.669 [task-runner-1-62] [INFO ] q.lib.plugins.DetectionPluginTools - 39 nuclei detected (processing time: 12.47 seconds)
2024-10-23 00:15:30 INFO: 00:15:30.669 [main] [INFO ] q.l.p.CommandLineTaskRunner$CommandLineProgressMonitor - 39 nuclei detected (69%)
2024-10-23 00:15:30 INFO: 00:15:30.743 [task-runner-1-58] [INFO ] q.lib.plugins.DetectionPluginTools - 2916 nuclei detected (processing time: 18.00 seconds)
2024-10-23 00:15:30 INFO: 00:15:30.744 [main] [INFO ] q.l.p.CommandLineTaskRunner$CommandLineProgressMonitor - 2916 nuclei detected (69%)
2024-10-23 00:15:30 INFO: 00:15:30.836 [task-runner-1-10] [INFO ] q.lib.plugins.DetectionPluginTools - 4026 nuclei detected (processing time: 24.27 seconds)
2024-10-23 00:15:30 INFO: 00:15:30.837 [main] [INFO ] q.l.p.CommandLineTaskRunner$CommandLineProgressMonitor - 4026 nuclei detected (70%)
2024-10-23 00:15:31 INFO: 00:15:31.062 [task-runner-1-16] [INFO ] q.lib.plugins.DetectionPluginTools - 0 nuclei detected (processing time: 9.28 seconds)
2024-10-23 00:15:31 INFO: 00:15:31.063 [main] [INFO ] q.l.p.CommandLineTaskRunner$CommandLineProgressMonitor - 0 nuclei detected (71%)
2024-10-23 00:15:31 INFO: 00:15:31.234 [task-runner-1-47] [INFO ] q.lib.plugins.DetectionPluginTools - 4500 nuclei detected (processing time: 24.67 seconds)
2024-10-23 00:15:31 INFO: 00:15:31.234 [main] [INFO ] q.l.p.CommandLineTaskRunner$CommandLineProgressMonitor - 4500 nuclei detected (71%)
2024-10-23 00:15:31 INFO: 00:15:31.272 [task-runner-1-24] [INFO ] q.lib.plugins.DetectionPluginTools - 5059 nuclei detected (processing time: 23.79 seconds)
2024-10-23 00:15:31 INFO: 00:15:31.273 [main] [INFO ] q.l.p.CommandLineTaskRunner$CommandLineProgressMonitor - 5059 nuclei detected (72%)
2024-10-23 00:15:31 INFO: 00:15:31.710 [task-runner-1-6] [INFO ] q.lib.plugins.DetectionPluginTools - 6030 nuclei detected (processing time: 27.69 seconds)
2024-10-23 00:15:31 INFO: 00:15:31.710 [main] [INFO ] q.l.p.CommandLineTaskRunner$CommandLineProgressMonitor - 6030 nuclei detected (73%)
2024-10-23 00:15:31 INFO: 00:15:31.728 [task-runner-1-31] [INFO ] q.lib.plugins.DetectionPluginTools - 2213 nuclei detected (processing time: 13.23 seconds)
2024-10-23 00:15:31 INFO: 00:15:31.728 [main] [INFO ] q.l.p.CommandLineTaskRunner$CommandLineProgressMonitor - 2213 nuclei detected (73%)
2024-10-23 00:15:31 INFO: 00:15:31.941 [task-runner-1-2] [INFO ] q.lib.plugins.DetectionPluginTools - 8883 nuclei detected (processing time: 27.94 seconds)
2024-10-23 00:15:31 INFO: 00:15:31.942 [main] [INFO ] q.l.p.CommandLineTaskRunner$CommandLineProgressMonitor - 8883 nuclei detected (74%)
2024-10-23 00:15:31 INFO: 00:15:31.979 [task-runner-1-3] [INFO ] q.lib.plugins.DetectionPluginTools - 6193 nuclei detected (processing time: 25.42 seconds)
2024-10-23 00:15:31 INFO: 00:15:31.980 [main] [INFO ] q.l.p.CommandLineTaskRunner$CommandLineProgressMonitor - 6193 nuclei detected (74%)
2024-10-23 00:15:32 INFO: 00:15:32.121 [task-runner-1-8] [INFO ] q.lib.plugins.DetectionPluginTools - 9 nuclei detected (processing time: 9.76 seconds)
2024-10-23 00:15:32 INFO: 00:15:32.121 [main] [INFO ] q.l.p.CommandLineTaskRunner$CommandLineProgressMonitor - 9 nuclei detected (75%)
2024-10-23 00:15:32 INFO: 00:15:32.159 [task-runner-1-30] [INFO ] q.lib.plugins.DetectionPluginTools - 6631 nuclei detected (processing time: 25.60 seconds)
2024-10-23 00:15:32 INFO: 00:15:32.160 [main] [INFO ] q.l.p.CommandLineTaskRunner$CommandLineProgressMonitor - 6631 nuclei detected (76%)
2024-10-23 00:15:32 INFO: 00:15:32.201 [task-runner-1-34] [INFO ] q.lib.plugins.DetectionPluginTools - 8152 nuclei detected (processing time: 27.68 seconds)
2024-10-23 00:15:32 INFO: 00:15:32.202 [main] [INFO ] q.l.p.CommandLineTaskRunner$CommandLineProgressMonitor - 8152 nuclei detected (76%)
2024-10-23 00:15:32 INFO: 00:15:32.329 [task-runner-1-12] [INFO ] q.lib.plugins.DetectionPluginTools - 8215 nuclei detected (processing time: 28.32 seconds)
2024-10-23 00:15:32 INFO: 00:15:32.329 [main] [INFO ] q.l.p.CommandLineTaskRunner$CommandLineProgressMonitor - 8215 nuclei detected (77%)
2024-10-23 00:15:32 INFO: 00:15:32.343 [task-runner-1-52] [INFO ] q.lib.plugins.DetectionPluginTools - 1 nucleus detected (processing time: 8.82 seconds)
2024-10-23 00:15:32 INFO: 00:15:32.343 [main] [INFO ] q.l.p.CommandLineTaskRunner$CommandLineProgressMonitor - 1 nucleus detected (78%)
2024-10-23 00:15:32 INFO: 00:15:32.346 [task-runner-1-20] [INFO ] q.lib.plugins.DetectionPluginTools - 6849 nuclei detected (processing time: 27.71 seconds)
2024-10-23 00:15:32 INFO: 00:15:32.346 [main] [INFO ] q.l.p.CommandLineTaskRunner$CommandLineProgressMonitor - 6849 nuclei detected (78%)
2024-10-23 00:15:32 INFO: 00:15:32.523 [task-runner-1-25] [INFO ] q.lib.plugins.DetectionPluginTools - 7894 nuclei detected (processing time: 27.98 seconds)
2024-10-23 00:15:32 INFO: 00:15:32.523 [main] [INFO ] q.l.p.CommandLineTaskRunner$CommandLineProgressMonitor - 7894 nuclei detected (79%)
2024-10-23 00:15:32 INFO: 00:15:32.793 [task-runner-1-19] [INFO ] q.lib.plugins.DetectionPluginTools - 8486 nuclei detected (processing time: 25.87 seconds)
2024-10-23 00:15:32 INFO: 00:15:32.793 [main] [INFO ] q.l.p.CommandLineTaskRunner$CommandLineProgressMonitor - 8486 nuclei detected (79%)
2024-10-23 00:15:32 INFO: 00:15:32.998 [task-runner-1-40] [INFO ] q.lib.plugins.DetectionPluginTools - 1 nucleus detected (processing time: 9.20 seconds)
2024-10-23 00:15:32 INFO: 00:15:32.998 [main] [INFO ] q.l.p.CommandLineTaskRunner$CommandLineProgressMonitor - 1 nucleus detected (80%)
2024-10-23 00:15:33 INFO: 00:15:33.013 [task-runner-1-11] [INFO ] q.lib.plugins.DetectionPluginTools - 7428 nuclei detected (processing time: 29.01 seconds)
2024-10-23 00:15:33 INFO: 00:15:33.013 [main] [INFO ] q.l.p.CommandLineTaskRunner$CommandLineProgressMonitor - 7428 nuclei detected (81%)
2024-10-23 00:15:33 INFO: 00:15:33.274 [task-runner-1-7] [INFO ] q.lib.plugins.DetectionPluginTools - 9273 nuclei detected (processing time: 29.27 seconds)
2024-10-23 00:15:33 INFO: 00:15:33.274 [main] [INFO ] q.l.p.CommandLineTaskRunner$CommandLineProgressMonitor - 9273 nuclei detected (81%)
2024-10-23 00:15:33 INFO: 00:15:33.314 [task-runner-1-61] [INFO ] q.lib.plugins.DetectionPluginTools - 6027 nuclei detected (processing time: 26.27 seconds)
2024-10-23 00:15:33 INFO: 00:15:33.314 [main] [INFO ] q.l.p.CommandLineTaskRunner$CommandLineProgressMonitor - 6027 nuclei detected (82%)
2024-10-23 00:15:33 INFO: 00:15:33.398 [task-runner-1-60] [INFO ] q.lib.plugins.DetectionPluginTools - 1 nucleus detected (processing time: 8.01 seconds)
2024-10-23 00:15:33 INFO: 00:15:33.399 [main] [INFO ] q.l.p.CommandLineTaskRunner$CommandLineProgressMonitor - 1 nucleus detected (83%)
2024-10-23 00:15:33 INFO: 00:15:33.469 [task-runner-1-27] [INFO ] q.lib.plugins.DetectionPluginTools - 9707 nuclei detected (processing time: 29.47 seconds)
2024-10-23 00:15:33 INFO: 00:15:33.469 [main] [INFO ] q.l.p.CommandLineTaskRunner$CommandLineProgressMonitor - 9707 nuclei detected (83%)
2024-10-23 00:15:33 INFO: 00:15:33.472 [task-runner-1-17] [INFO ] q.lib.plugins.DetectionPluginTools - 7650 nuclei detected (processing time: 29.47 seconds)
2024-10-23 00:15:33 INFO: 00:15:33.472 [main] [INFO ] q.l.p.CommandLineTaskRunner$CommandLineProgressMonitor - 7650 nuclei detected (84%)
2024-10-23 00:15:33 INFO: 00:15:33.574 [task-runner-1-38] [INFO ] q.lib.plugins.DetectionPluginTools - 4581 nuclei detected (processing time: 19.37 seconds)
2024-10-23 00:15:33 INFO: 00:15:33.574 [main] [INFO ] q.l.p.CommandLineTaskRunner$CommandLineProgressMonitor - 4581 nuclei detected (84%)
2024-10-23 00:15:33 INFO: 00:15:33.612 [task-runner-1-22] [INFO ] q.lib.plugins.DetectionPluginTools - 8179 nuclei detected (processing time: 25.61 seconds)
2024-10-23 00:15:33 INFO: 00:15:33.613 [main] [INFO ] q.l.p.CommandLineTaskRunner$CommandLineProgressMonitor - 8179 nuclei detected (85%)
2024-10-23 00:15:33 INFO: 00:15:33.637 [task-runner-1-50] [INFO ] q.lib.plugins.DetectionPluginTools - 9043 nuclei detected (processing time: 29.24 seconds)
2024-10-23 00:15:33 INFO: 00:15:33.638 [main] [INFO ] q.l.p.CommandLineTaskRunner$CommandLineProgressMonitor - 9043 nuclei detected (86%)
2024-10-23 00:15:33 INFO: 00:15:33.735 [task-runner-1-23] [INFO ] q.lib.plugins.DetectionPluginTools - 8780 nuclei detected (processing time: 26.06 seconds)
2024-10-23 00:15:33 INFO: 00:15:33.735 [main] [INFO ] q.l.p.CommandLineTaskRunner$CommandLineProgressMonitor - 8780 nuclei detected (86%)
2024-10-23 00:15:33 INFO: 00:15:33.833 [task-runner-1-51] [INFO ] q.lib.plugins.DetectionPluginTools - 7161 nuclei detected (processing time: 26.40 seconds)
2024-10-23 00:15:33 INFO: 00:15:33.833 [main] [INFO ] q.l.p.CommandLineTaskRunner$CommandLineProgressMonitor - 7161 nuclei detected (87%)
2024-10-23 00:15:33 INFO: 00:15:33.834 [task-runner-1-28] [INFO ] q.lib.plugins.DetectionPluginTools - 3322 nuclei detected (processing time: 15.22 seconds)
2024-10-23 00:15:33 INFO: 00:15:33.834 [main] [INFO ] q.l.p.CommandLineTaskRunner$CommandLineProgressMonitor - 3322 nuclei detected (88%)
2024-10-23 00:15:33 INFO: 00:15:33.876 [task-runner-1-32] [INFO ] q.lib.plugins.DetectionPluginTools - 4438 nuclei detected (processing time: 14.80 seconds)
2024-10-23 00:15:33 INFO: 00:15:33.876 [main] [INFO ] q.l.p.CommandLineTaskRunner$CommandLineProgressMonitor - 4438 nuclei detected (88%)
2024-10-23 00:15:33 INFO: 00:15:33.916 [task-runner-1-35] [INFO ] q.lib.plugins.DetectionPluginTools - 7722 nuclei detected (processing time: 26.86 seconds)
2024-10-23 00:15:33 INFO: 00:15:33.916 [main] [INFO ] q.l.p.CommandLineTaskRunner$CommandLineProgressMonitor - 7722 nuclei detected (89%)
2024-10-23 00:15:33 INFO: 00:15:33.958 [task-runner-1-42] [INFO ] q.lib.plugins.DetectionPluginTools - 0 nuclei detected (processing time: 10.17 seconds)
2024-10-23 00:15:33 INFO: 00:15:33.958 [main] [INFO ] q.l.p.CommandLineTaskRunner$CommandLineProgressMonitor - 0 nuclei detected (89%)
2024-10-23 00:15:34 INFO: 00:15:34.303 [task-runner-1-43] [INFO ] q.lib.plugins.DetectionPluginTools - 7930 nuclei detected (processing time: 26.48 seconds)
2024-10-23 00:15:34 INFO: 00:15:34.304 [main] [INFO ] q.l.p.CommandLineTaskRunner$CommandLineProgressMonitor - 7930 nuclei detected (90%)
2024-10-23 00:15:34 INFO: 00:15:34.358 [task-runner-1-14] [INFO ] q.lib.plugins.DetectionPluginTools - 1 nucleus detected (processing time: 8.19 seconds)
2024-10-23 00:15:34 INFO: 00:15:34.359 [main] [INFO ] q.l.p.CommandLineTaskRunner$CommandLineProgressMonitor - 1 nucleus detected (91%)
2024-10-23 00:15:34 INFO: 00:15:34.601 [task-runner-1-59] [INFO ] q.lib.plugins.DetectionPluginTools - 0 nuclei detected (processing time: 7.97 seconds)
2024-10-23 00:15:34 INFO: 00:15:34.602 [main] [INFO ] q.l.p.CommandLineTaskRunner$CommandLineProgressMonitor - 0 nuclei detected (91%)
2024-10-23 00:15:34 INFO: 00:15:34.642 [task-runner-1-57] [INFO ] q.lib.plugins.DetectionPluginTools - 1 nucleus detected (processing time: 8.71 seconds)
2024-10-23 00:15:34 INFO: 00:15:34.643 [main] [INFO ] q.l.p.CommandLineTaskRunner$CommandLineProgressMonitor - 1 nucleus detected (92%)
2024-10-23 00:15:34 INFO: 00:15:34.780 [task-runner-1-9] [INFO ] q.lib.plugins.DetectionPluginTools - 0 nuclei detected (processing time: 7.63 seconds)
2024-10-23 00:15:34 INFO: 00:15:34.781 [main] [INFO ] q.l.p.CommandLineTaskRunner$CommandLineProgressMonitor - 0 nuclei detected (93%)
2024-10-23 00:15:34 INFO: 00:15:34.838 [task-runner-1-55] [INFO ] q.lib.plugins.DetectionPluginTools - 6438 nuclei detected (processing time: 20.14 seconds)
2024-10-23 00:15:34 INFO: 00:15:34.839 [main] [INFO ] q.l.p.CommandLineTaskRunner$CommandLineProgressMonitor - 6438 nuclei detected (93%)
2024-10-23 00:15:34 INFO: 00:15:34.918 [task-runner-1-45] [INFO ] q.lib.plugins.DetectionPluginTools - 0 nuclei detected (processing time: 9.11 seconds)
2024-10-23 00:15:34 INFO: 00:15:34.918 [main] [INFO ] q.l.p.CommandLineTaskRunner$CommandLineProgressMonitor - 0 nuclei detected (94%)
2024-10-23 00:15:35 INFO: 00:15:35.119 [task-runner-1-37] [INFO ] q.lib.plugins.DetectionPluginTools - 7837 nuclei detected (processing time: 20.13 seconds)
2024-10-23 00:15:35 INFO: 00:15:35.119 [main] [INFO ] q.l.p.CommandLineTaskRunner$CommandLineProgressMonitor - 7837 nuclei detected (94%)
2024-10-23 00:15:35 INFO: 00:15:35.310 [task-runner-1-26] [INFO ] q.lib.plugins.DetectionPluginTools - 0 nuclei detected (processing time: 6.85 seconds)
2024-10-23 00:15:35 INFO: 00:15:35.310 [main] [INFO ] q.l.p.CommandLineTaskRunner$CommandLineProgressMonitor - 0 nuclei detected (95%)
2024-10-23 00:15:35 INFO: 00:15:35.520 [task-runner-1-41] [INFO ] q.lib.plugins.DetectionPluginTools - 0 nuclei detected (processing time: 7.37 seconds)
2024-10-23 00:15:35 INFO: 00:15:35.520 [main] [INFO ] q.l.p.CommandLineTaskRunner$CommandLineProgressMonitor - 0 nuclei detected (96%)
2024-10-23 00:15:35 INFO: 00:15:35.575 [task-runner-1-15] [INFO ] q.lib.plugins.DetectionPluginTools - 0 nuclei detected (processing time: 7.67 seconds)
2024-10-23 00:15:35 INFO: 00:15:35.780 [task-runner-1-56] [INFO ] q.lib.plugins.DetectionPluginTools - 0 nuclei detected (processing time: 8.76 seconds)
2024-10-23 00:15:35 INFO: 00:15:35.781 [main] [INFO ] q.l.p.CommandLineTaskRunner$CommandLineProgressMonitor - 0 nuclei detected (97%)
2024-10-23 00:15:35 INFO: 00:15:35.797 [task-runner-1-1] [INFO ] q.lib.plugins.DetectionPluginTools - 9270 nuclei detected (processing time: 20.49 seconds)
2024-10-23 00:15:35 INFO: 00:15:35.798 [main] [INFO ] q.l.p.CommandLineTaskRunner$CommandLineProgressMonitor - 9270 nuclei detected (98%)
2024-10-23 00:15:35 INFO: 00:15:35.820 [task-runner-1-49] [INFO ] q.lib.plugins.DetectionPluginTools - 0 nuclei detected (processing time: 7.60 seconds)
2024-10-23 00:15:35 INFO: 00:15:35.820 [main] [INFO ] q.l.p.CommandLineTaskRunner$CommandLineProgressMonitor - 0 nuclei detected (98%)
2024-10-23 00:15:35 INFO: 00:15:35.822 [task-runner-1-29] [INFO ] q.lib.plugins.DetectionPluginTools - 1 nucleus detected (processing time: 8.83 seconds)
2024-10-23 00:15:35 INFO: 00:15:35.822 [main] [INFO ] q.l.p.CommandLineTaskRunner$CommandLineProgressMonitor - 1 nucleus detected (99%)
2024-10-23 00:15:36 INFO: 00:15:36.831 [task-runner-1-63] [INFO ] q.lib.plugins.DetectionPluginTools - 8007 nuclei detected (processing time: 21.35 seconds)
2024-10-23 00:15:36 INFO: 00:15:36.832 [main] [INFO ] q.l.p.CommandLineTaskRunner$CommandLineProgressMonitor - 8007 nuclei detected (99%)
2024-10-23 00:15:37 INFO: 00:15:37.127 [task-runner-1-48] [INFO ] q.lib.plugins.DetectionPluginTools - 8962 nuclei detected (processing time: 22.14 seconds)
2024-10-23 00:15:37 INFO: 00:15:37.127 [main] [INFO ] q.l.p.CommandLineTaskRunner$CommandLineProgressMonitor - 8962 nuclei detected (100%)
2024-10-23 00:15:37 INFO: 00:15:37.127 [main] [INFO ] q.l.p.CommandLineTaskRunner$CommandLineProgressMonitor - Processing complete in 50.71 seconds
2024-10-23 00:15:37 INFO: 00:15:37.128 [main] [INFO ] q.l.p.CommandLineTaskRunner$CommandLineProgressMonitor - Tasks completed!
2024-10-23 00:15:53 INFO: 00:15:53.051 [main] [WARN ] q.l.p.objects.SmoothFeaturesPlugin - Smoothing using annotations
2024-10-23 00:16:00 INFO: 00:16:00.646 [main] [INFO ] q.l.p.CommandLineTaskRunner$CommandLineProgressMonitor - Completed (100%)
2024-10-23 00:16:00 INFO: 00:16:00.647 [main] [INFO ] q.l.p.CommandLineTaskRunner$CommandLineProgressMonitor - Processing complete in 7.60 seconds
2024-10-23 00:16:00 INFO: 00:16:00.647 [main] [INFO ] q.l.p.CommandLineTaskRunner$CommandLineProgressMonitor - Tasks completed!
2024-10-23 00:16:00 INFO: 00:16:00.649 [main] [WARN ] q.l.p.objects.SmoothFeaturesPlugin - Smoothing using annotations
2024-10-23 00:16:16 INFO: 00:16:16.467 [main] [INFO ] q.l.p.CommandLineTaskRunner$CommandLineProgressMonitor - Completed (100%)
2024-10-23 00:16:16 INFO: 00:16:16.467 [main] [INFO ] q.l.p.CommandLineTaskRunner$CommandLineProgressMonitor - Processing complete in 15.82 seconds
2024-10-23 00:16:16 INFO: 00:16:16.467 [main] [INFO ] q.l.p.CommandLineTaskRunner$CommandLineProgressMonitor - Tasks completed!
2024-10-23 00:16:16 INFO: 00:16:16.469 [main] [WARN ] q.l.p.objects.SmoothFeaturesPlugin - Smoothing using annotations
2024-10-23 00:17:06 INFO: 00:17:06.222 [main] [INFO ] q.l.p.CommandLineTaskRunner$CommandLineProgressMonitor - Completed (100%)
2024-10-23 00:17:06 INFO: 00:17:06.223 [main] [INFO ] q.l.p.CommandLineTaskRunner$CommandLineProgressMonitor - Processing complete in 49.75 seconds
2024-10-23 00:17:06 INFO: 00:17:06.223 [main] [INFO ] q.l.p.CommandLineTaskRunner$CommandLineProgressMonitor - Tasks completed!
2024-10-23 00:17:06 INFO: 00:17:06.514 [task-runner-5-2] [INFO ] q.l.a.IntensityFeaturesPlugin - Splitting Rectangle (0, 0, 63784, 39311) into 40 tiles for intensity measurements
2024-10-23 00:17:06 INFO: 00:17:06.780 [main] [INFO ] q.l.p.CommandLineTaskRunner$CommandLineProgressMonitor - Completed (0%)
2024-10-23 00:17:07 INFO: 00:17:07.746 [main] [INFO ] q.l.p.CommandLineTaskRunner$CommandLineProgressMonitor - Completed (1%)
2024-10-23 00:17:08 INFO: 00:17:08.129 [main] [INFO ] q.l.p.CommandLineTaskRunner$CommandLineProgressMonitor - Completed (2%)
2024-10-23 00:17:08 INFO: 00:17:08.365 [main] [INFO ] q.l.p.CommandLineTaskRunner$CommandLineProgressMonitor - Completed (3%)
2024-10-23 00:17:08 INFO: 00:17:08.651 [main] [INFO ] q.l.p.CommandLineTaskRunner$CommandLineProgressMonitor - Completed (4%)
2024-10-23 00:17:08 INFO: 00:17:08.906 [main] [INFO ] q.l.p.CommandLineTaskRunner$CommandLineProgressMonitor - Completed (5%)
2024-10-23 00:17:09 INFO: 00:17:09.131 [main] [INFO ] q.l.p.CommandLineTaskRunner$CommandLineProgressMonitor - Completed (6%)
2024-10-23 00:17:09 INFO: 00:17:09.363 [main] [INFO ] q.l.p.CommandLineTaskRunner$CommandLineProgressMonitor - Completed (7%)
2024-10-23 00:17:10 INFO: 00:17:10.045 [main] [INFO ] q.l.p.CommandLineTaskRunner$CommandLineProgressMonitor - Completed (8%)
2024-10-23 00:17:10 INFO: 00:17:10.191 [main] [INFO ] q.l.p.CommandLineTaskRunner$CommandLineProgressMonitor - Completed (9%)
2024-10-23 00:17:10 INFO: 00:17:10.864 [main] [INFO ] q.l.p.CommandLineTaskRunner$CommandLineProgressMonitor - Completed (10%)
2024-10-23 00:17:11 INFO: 00:17:11.013 [main] [INFO ] q.l.p.CommandLineTaskRunner$CommandLineProgressMonitor - Completed (11%)
2024-10-23 00:17:11 INFO: 00:17:11.188 [main] [INFO ] q.l.p.CommandLineTaskRunner$CommandLineProgressMonitor - Completed (12%)
2024-10-23 00:17:11 INFO: 00:17:11.364 [main] [INFO ] q.l.p.CommandLineTaskRunner$CommandLineProgressMonitor - Completed (13%)
2024-10-23 00:17:11 INFO: 00:17:11.782 [main] [INFO ] q.l.p.CommandLineTaskRunner$CommandLineProgressMonitor - Completed (14%)
2024-10-23 00:17:11 INFO: 00:17:11.933 [main] [INFO ] q.l.p.CommandLineTaskRunner$CommandLineProgressMonitor - Completed (15%)
2024-10-23 00:17:12 INFO: 00:17:12.078 [main] [INFO ] q.l.p.CommandLineTaskRunner$CommandLineProgressMonitor - Completed (16%)
2024-10-23 00:17:12 INFO: 00:17:12.222 [main] [INFO ] q.l.p.CommandLineTaskRunner$CommandLineProgressMonitor - Completed (17%)
2024-10-23 00:17:12 INFO: 00:17:12.367 [main] [INFO ] q.l.p.CommandLineTaskRunner$CommandLineProgressMonitor - Completed (18%)
2024-10-23 00:17:12 INFO: 00:17:12.510 [main] [INFO ] q.l.p.CommandLineTaskRunner$CommandLineProgressMonitor - Completed (19%)
2024-10-23 00:17:12 INFO: 00:17:12.692 [main] [INFO ] q.l.p.CommandLineTaskRunner$CommandLineProgressMonitor - Completed (20%)
2024-10-23 00:17:12 INFO: 00:17:12.839 [main] [INFO ] q.l.p.CommandLineTaskRunner$CommandLineProgressMonitor - Completed (21%)
2024-10-23 00:17:13 INFO: 00:17:13.003 [main] [INFO ] q.l.p.CommandLineTaskRunner$CommandLineProgressMonitor - Completed (22%)
2024-10-23 00:17:13 INFO: 00:17:13.143 [main] [INFO ] q.l.p.CommandLineTaskRunner$CommandLineProgressMonitor - Completed (23%)
2024-10-23 00:17:13 INFO: 00:17:13.282 [main] [INFO ] q.l.p.CommandLineTaskRunner$CommandLineProgressMonitor - Completed (24%)
2024-10-23 00:17:13 INFO: 00:17:13.426 [main] [INFO ] q.l.p.CommandLineTaskRunner$CommandLineProgressMonitor - Completed (25%)
2024-10-23 00:17:13 INFO: 00:17:13.580 [main] [INFO ] q.l.p.CommandLineTaskRunner$CommandLineProgressMonitor - Completed (26%)
2024-10-23 00:17:13 INFO: 00:17:13.734 [main] [INFO ] q.l.p.CommandLineTaskRunner$CommandLineProgressMonitor - Completed (27%)
2024-10-23 00:17:13 INFO: 00:17:13.949 [main] [INFO ] q.l.p.CommandLineTaskRunner$CommandLineProgressMonitor - Completed (28%)
2024-10-23 00:17:14 INFO: 00:17:14.116 [main] [INFO ] q.l.p.CommandLineTaskRunner$CommandLineProgressMonitor - Completed (29%)
2024-10-23 00:17:14 INFO: 00:17:14.273 [main] [INFO ] q.l.p.CommandLineTaskRunner$CommandLineProgressMonitor - Completed (30%)
2024-10-23 00:17:14 INFO: 00:17:14.421 [main] [INFO ] q.l.p.CommandLineTaskRunner$CommandLineProgressMonitor - Completed (31%)
2024-10-23 00:17:14 INFO: 00:17:14.562 [main] [INFO ] q.l.p.CommandLineTaskRunner$CommandLineProgressMonitor - Completed (32%)
2024-10-23 00:17:14 INFO: 00:17:14.709 [main] [INFO ] q.l.p.CommandLineTaskRunner$CommandLineProgressMonitor - Completed (33%)
2024-10-23 00:17:14 INFO: 00:17:14.878 [main] [INFO ] q.l.p.CommandLineTaskRunner$CommandLineProgressMonitor - Completed (34%)
2024-10-23 00:17:15 INFO: 00:17:15.162 [main] [INFO ] q.l.p.CommandLineTaskRunner$CommandLineProgressMonitor - Completed (35%)
2024-10-23 00:17:15 INFO: 00:17:15.405 [main] [INFO ] q.l.p.CommandLineTaskRunner$CommandLineProgressMonitor - Completed (36%)
2024-10-23 00:17:15 INFO: 00:17:15.697 [main] [INFO ] q.l.p.CommandLineTaskRunner$CommandLineProgressMonitor - Completed (37%)
2024-10-23 00:17:15 INFO: 00:17:15.850 [main] [INFO ] q.l.p.CommandLineTaskRunner$CommandLineProgressMonitor - Completed (38%)
2024-10-23 00:17:16 INFO: 00:17:16.016 [main] [INFO ] q.l.p.CommandLineTaskRunner$CommandLineProgressMonitor - Completed (39%)
2024-10-23 00:17:16 INFO: 00:17:16.161 [main] [INFO ] q.l.p.CommandLineTaskRunner$CommandLineProgressMonitor - Completed (40%)
2024-10-23 00:17:16 INFO: 00:17:16.299 [main] [INFO ] q.l.p.CommandLineTaskRunner$CommandLineProgressMonitor - Completed (41%)
2024-10-23 00:17:16 INFO: 00:17:16.441 [main] [INFO ] q.l.p.CommandLineTaskRunner$CommandLineProgressMonitor - Completed (42%)
2024-10-23 00:17:16 INFO: 00:17:16.584 [main] [INFO ] q.l.p.CommandLineTaskRunner$CommandLineProgressMonitor - Completed (43%)
2024-10-23 00:17:16 INFO: 00:17:16.727 [main] [INFO ] q.l.p.CommandLineTaskRunner$CommandLineProgressMonitor - Completed (44%)
2024-10-23 00:17:16 INFO: 00:17:16.875 [main] [INFO ] q.l.p.CommandLineTaskRunner$CommandLineProgressMonitor - Completed (45%)
2024-10-23 00:17:17 INFO: 00:17:17.041 [main] [INFO ] q.l.p.CommandLineTaskRunner$CommandLineProgressMonitor - Completed (46%)
2024-10-23 00:17:17 INFO: 00:17:17.239 [main] [INFO ] q.l.p.CommandLineTaskRunner$CommandLineProgressMonitor - Completed (47%)
2024-10-23 00:17:17 INFO: 00:17:17.388 [main] [INFO ] q.l.p.CommandLineTaskRunner$CommandLineProgressMonitor - Completed (48%)
2024-10-23 00:17:17 INFO: 00:17:17.533 [main] [INFO ] q.l.p.CommandLineTaskRunner$CommandLineProgressMonitor - Completed (49%)
2024-10-23 00:17:17 INFO: 00:17:17.674 [main] [INFO ] q.l.p.CommandLineTaskRunner$CommandLineProgressMonitor - Completed (50%)
2024-10-23 00:17:17 INFO: 00:17:17.816 [main] [INFO ] q.l.p.CommandLineTaskRunner$CommandLineProgressMonitor - Completed (51%)
2024-10-23 00:17:17 INFO: 00:17:17.952 [main] [INFO ] q.l.p.CommandLineTaskRunner$CommandLineProgressMonitor - Completed (52%)
2024-10-23 00:17:18 INFO: 00:17:18.095 [main] [INFO ] q.l.p.CommandLineTaskRunner$CommandLineProgressMonitor - Completed (53%)
2024-10-23 00:17:18 INFO: 00:17:18.308 [main] [INFO ] q.l.p.CommandLineTaskRunner$CommandLineProgressMonitor - Completed (54%)
2024-10-23 00:17:18 INFO: 00:17:18.477 [main] [INFO ] q.l.p.CommandLineTaskRunner$CommandLineProgressMonitor - Completed (55%)
2024-10-23 00:17:18 INFO: 00:17:18.820 [main] [INFO ] q.l.p.CommandLineTaskRunner$CommandLineProgressMonitor - Completed (56%)
2024-10-23 00:17:18 INFO: 00:17:18.990 [main] [INFO ] q.l.p.CommandLineTaskRunner$CommandLineProgressMonitor - Completed (57%)
2024-10-23 00:17:19 INFO: 00:17:19.195 [main] [INFO ] q.l.p.CommandLineTaskRunner$CommandLineProgressMonitor - Completed (58%)
2024-10-23 00:17:19 INFO: 00:17:19.346 [main] [INFO ] q.l.p.CommandLineTaskRunner$CommandLineProgressMonitor - Completed (59%)
2024-10-23 00:17:19 INFO: 00:17:19.492 [main] [INFO ] q.l.p.CommandLineTaskRunner$CommandLineProgressMonitor - Completed (60%)
2024-10-23 00:17:19 INFO: 00:17:19.636 [main] [INFO ] q.l.p.CommandLineTaskRunner$CommandLineProgressMonitor - Completed (61%)
2024-10-23 00:17:19 INFO: 00:17:19.790 [main] [INFO ] q.l.p.CommandLineTaskRunner$CommandLineProgressMonitor - Completed (62%)
2024-10-23 00:17:19 INFO: 00:17:19.942 [main] [INFO ] q.l.p.CommandLineTaskRunner$CommandLineProgressMonitor - Completed (63%)
2024-10-23 00:17:20 INFO: 00:17:20.097 [main] [INFO ] q.l.p.CommandLineTaskRunner$CommandLineProgressMonitor - Completed (64%)
2024-10-23 00:17:20 INFO: 00:17:20.296 [main] [INFO ] q.l.p.CommandLineTaskRunner$CommandLineProgressMonitor - Completed (65%)
2024-10-23 00:17:20 INFO: 00:17:20.449 [main] [INFO ] q.l.p.CommandLineTaskRunner$CommandLineProgressMonitor - Completed (66%)
2024-10-23 00:17:20 INFO: 00:17:20.584 [main] [INFO ] q.l.p.CommandLineTaskRunner$CommandLineProgressMonitor - Completed (67%)
2024-10-23 00:17:20 INFO: 00:17:20.722 [main] [INFO ] q.l.p.CommandLineTaskRunner$CommandLineProgressMonitor - Completed (68%)
2024-10-23 00:17:20 INFO: 00:17:20.876 [main] [INFO ] q.l.p.CommandLineTaskRunner$CommandLineProgressMonitor - Completed (69%)
2024-10-23 00:17:21 INFO: 00:17:21.035 [main] [INFO ] q.l.p.CommandLineTaskRunner$CommandLineProgressMonitor - Completed (70%)
2024-10-23 00:17:21 INFO: 00:17:21.247 [main] [INFO ] q.l.p.CommandLineTaskRunner$CommandLineProgressMonitor - Completed (71%)
2024-10-23 00:17:21 INFO: 00:17:21.401 [main] [INFO ] q.l.p.CommandLineTaskRunner$CommandLineProgressMonitor - Completed (72%)
2024-10-23 00:17:21 INFO: 00:17:21.565 [main] [INFO ] q.l.p.CommandLineTaskRunner$CommandLineProgressMonitor - Completed (73%)
2024-10-23 00:17:21 INFO: 00:17:21.706 [main] [INFO ] q.l.p.CommandLineTaskRunner$CommandLineProgressMonitor - Completed (74%)
2024-10-23 00:17:21 INFO: 00:17:21.853 [main] [INFO ] q.l.p.CommandLineTaskRunner$CommandLineProgressMonitor - Completed (75%)
2024-10-23 00:17:22 INFO: 00:17:22.003 [main] [INFO ] q.l.p.CommandLineTaskRunner$CommandLineProgressMonitor - Completed (76%)
2024-10-23 00:17:22 INFO: 00:17:22.145 [main] [INFO ] q.l.p.CommandLineTaskRunner$CommandLineProgressMonitor - Completed (77%)
2024-10-23 00:17:22 INFO: 00:17:22.295 [main] [INFO ] q.l.p.CommandLineTaskRunner$CommandLineProgressMonitor - Completed (78%)
2024-10-23 00:17:22 INFO: 00:17:22.439 [main] [INFO ] q.l.p.CommandLineTaskRunner$CommandLineProgressMonitor - Completed (79%)
2024-10-23 00:17:22 INFO: 00:17:22.584 [main] [INFO ] q.l.p.CommandLineTaskRunner$CommandLineProgressMonitor - Completed (80%)
2024-10-23 00:17:22 INFO: 00:17:22.728 [main] [INFO ] q.l.p.CommandLineTaskRunner$CommandLineProgressMonitor - Completed (81%)
2024-10-23 00:17:22 INFO: 00:17:22.873 [main] [INFO ] q.l.p.CommandLineTaskRunner$CommandLineProgressMonitor - Completed (82%)
2024-10-23 00:17:23 INFO: 00:17:23.020 [main] [INFO ] q.l.p.CommandLineTaskRunner$CommandLineProgressMonitor - Completed (83%)
2024-10-23 00:17:23 INFO: 00:17:23.229 [main] [INFO ] q.l.p.CommandLineTaskRunner$CommandLineProgressMonitor - Completed (84%)
2024-10-23 00:17:23 INFO: 00:17:23.393 [main] [INFO ] q.l.p.CommandLineTaskRunner$CommandLineProgressMonitor - Completed (85%)
2024-10-23 00:17:23 INFO: 00:17:23.552 [main] [INFO ] q.l.p.CommandLineTaskRunner$CommandLineProgressMonitor - Completed (86%)
2024-10-23 00:17:23 INFO: 00:17:23.704 [main] [INFO ] q.l.p.CommandLineTaskRunner$CommandLineProgressMonitor - Completed (87%)
2024-10-23 00:17:23 INFO: 00:17:23.906 [main] [INFO ] q.l.p.CommandLineTaskRunner$CommandLineProgressMonitor - Completed (88%)
2024-10-23 00:17:24 INFO: 00:17:24.147 [main] [INFO ] q.l.p.CommandLineTaskRunner$CommandLineProgressMonitor - Completed (89%)
2024-10-23 00:17:24 INFO: 00:17:24.383 [main] [INFO ] q.l.p.CommandLineTaskRunner$CommandLineProgressMonitor - Completed (90%)
2024-10-23 00:17:24 INFO: 00:17:24.617 [main] [INFO ] q.l.p.CommandLineTaskRunner$CommandLineProgressMonitor - Completed (91%)
2024-10-23 00:17:24 INFO: 00:17:24.843 [main] [INFO ] q.l.p.CommandLineTaskRunner$CommandLineProgressMonitor - Completed (92%)
2024-10-23 00:17:25 INFO: 00:17:25.044 [main] [INFO ] q.l.p.CommandLineTaskRunner$CommandLineProgressMonitor - Completed (93%)
2024-10-23 00:17:25 INFO: 00:17:25.232 [main] [INFO ] q.l.p.CommandLineTaskRunner$CommandLineProgressMonitor - Completed (94%)
2024-10-23 00:17:25 INFO: 00:17:25.419 [main] [INFO ] q.l.p.CommandLineTaskRunner$CommandLineProgressMonitor - Completed (95%)
2024-10-23 00:17:25 INFO: 00:17:25.606 [main] [INFO ] q.l.p.CommandLineTaskRunner$CommandLineProgressMonitor - Completed (96%)
2024-10-23 00:17:25 INFO: 00:17:25.792 [main] [INFO ] q.l.p.CommandLineTaskRunner$CommandLineProgressMonitor - Completed (97%)
2024-10-23 00:17:26 INFO: 00:17:26.014 [main] [INFO ] q.l.p.CommandLineTaskRunner$CommandLineProgressMonitor - Completed (98%)
2024-10-23 00:17:26 INFO: 00:17:26.211 [main] [INFO ] q.l.p.CommandLineTaskRunner$CommandLineProgressMonitor - Completed (99%)
2024-10-23 00:17:26 INFO: 00:17:26.406 [main] [INFO ] q.l.p.CommandLineTaskRunner$CommandLineProgressMonitor - Completed (100%)
2024-10-23 00:18:23 INFO: 00:18:23.011 [main] [INFO ] q.l.p.CommandLineTaskRunner$CommandLineProgressMonitor - Completed (100%)
2024-10-23 00:18:23 INFO: 00:18:23.013 [main] [INFO ] q.l.p.CommandLineTaskRunner$CommandLineProgressMonitor - Processing complete in 76.51 seconds
2024-10-23 00:18:23 INFO: 00:18:23.013 [main] [INFO ] q.l.p.CommandLineTaskRunner$CommandLineProgressMonitor - Tasks completed!
2024-10-23 00:21:46 INFO: 00:21:46.932 [task-runner-6-1] [WARN ] q.o.features.DelaunayTriangulation - Some objects have missing measurements! Statistics will calculated only for objects with measurements available.
2024-10-23 00:21:46 INFO: 00:21:46.932 [task-runner-6-1] [WARN ] q.o.features.DelaunayTriangulation - Missing measurements: [ROI: 1.00 m per pixel: Residual: Haralick Correlation (F2), ROI: 1.00 m per pixel: Residual: Haralick Information measure of correlation 1 (F11), ROI: 1.00 m per pixel: Hematoxylin: Haralick Information measure of correlation 2 (F12), ROI: 1.00 m per pixel: Hematoxylin: Haralick Correlation (F2), ROI: 1.00 m per pixel: Hematoxylin: Haralick Information measure of correlation 1 (F11), ROI: 1.00 m per pixel: Residual: Haralick Information measure of correlation 2 (F12)]
2024-10-23 00:21:46 INFO: 00:21:46.991 [main] [INFO ] q.l.p.CommandLineTaskRunner$CommandLineProgressMonitor - Delaunay triangulation calculated for Annotation (334368 objects) (100%)
2024-10-23 00:21:46 INFO: 00:21:46.991 [main] [INFO ] q.l.p.CommandLineTaskRunner$CommandLineProgressMonitor - Processing complete in 203.92 seconds
2024-10-23 00:21:46 INFO: 00:21:46.992 [main] [INFO ] q.l.p.CommandLineTaskRunner$CommandLineProgressMonitor - Tasks completed!
2024-10-23 00:25:36 INFO: TCGA-GI-A2C8-01Z-00-DX1.09BD8AC9-645A-4C8B-9B36-77D833BDBA09
2024-10-23 00:25:36 INFO: QuPath subprocess completed.
2024-10-23 00:25:54 INFO: QuPath image extraction completed successfully. Output directory: /home/ilants/Documents/jupyter_test/single_image_multiple_params/exp_backgroundRadiusMicrons_18.0
2024-10-23 00:25:54 INFO: Summary table saved to: /home/ilants/Documents/jupyter_test/single_image_multiple_params/exp_backgroundRadiusMicrons_18.0/Summary_Table.csv
2024-10-23 00:25:54 INFO: Experiment completed successfully.
