2024-10-22 21:27:22 INFO: Starting experiment with for threshold with value of 0.0025
2024-10-22 21:27:22 INFO: Running with the following configuration:
{'detectionImageBrightfield': 'Hematoxylin OD', 'requestedPixelSizeMicrons': 0.5, 'backgroundRadiusMicrons': 4.0, 'backgroundByReconstruction': True, 'medianRadiusMicrons': 0.0, 'sigmaMicrons': 1.5, 'minAreaMicrons': 10.0, 'maxAreaMicrons': 80.0, 'threshold': 0.0025, 'maxBackground': 2.0, 'watershedPostProcess': True, 'cellExpansionMicrons': 5.0, 'includeNuclei': True, 'smoothBoundaries': True, 'makeMeasurements': True, 'backgroundRadiusPixel': 8.0, 'cellExpansionPixel': 10.0, 'medianRadiusPixel': 0.0, 'minAreaPixel': 20.0, 'maxAreaPixel': 160.0}
2024-10-22 21:27:22 INFO: Starting QuPath image extraction with the following parameters: image_dir=/home/ilants/Documents/jupyter_test, output_dir=/home/ilants/Documents/jupyter_test/single_image_multiple_params/exp_threshold_0.0025, image_type=svs, groovy_script=/home/ilants/Documents/utls/nucleus_detection_wargs.groovy, config_file=/home/ilants/Documents/jupyter_test/single_image_multiple_params/exp_threshold_0.0025/cfg.json, program_path=/home/ilants/Documents/QuPath-v0.5.1-Linux/QuPath/bin/QuPath
2024-10-22 21:27:23 INFO: 21:27:23.797 [main] [INFO ] qupath.lib.gui.prefs.PathPrefs - Setting default Locale to en_US
2024-10-22 21:27:23 INFO: 21:27:23.800 [main] [INFO ] qupath.lib.gui.prefs.PathPrefs - Setting Locale for FORMAT to en_US
2024-10-22 21:27:23 INFO: 21:27:23.800 [main] [INFO ] qupath.lib.gui.prefs.PathPrefs - Setting Locale for DISPLAY to en_US
2024-10-22 21:27:23 INFO: 21:27:23.814 [main] [INFO ] qupath.lib.common.ThreadTools - Setting parallelism to 63
2024-10-22 21:27:23 INFO: 21:27:23.832 [main] [INFO ] qupath.ScriptCommand - Setting tile cache size to 32200.00 MB (25.0% max memory)
2024-10-22 21:27:23 INFO: 21:27:23.890 [main] [INFO ] qupath.lib.scripting.QP - Initializing type adapters
2024-10-22 21:27:23 INFO: Warning: Versions of org.bytedeco:javacpp:1.5.9 and org.bytedeco:opencv:4.6.0-1.5.8 do not match.
2024-10-22 21:27:23 INFO: Warning: Versions of org.bytedeco:javacpp:1.5.9 and org.bytedeco:openblas:0.3.21-1.5.8 do not match.
2024-10-22 21:27:25 INFO: project parameters are: {"detectionImageBrightfield": "Hematoxylin OD","requestedPixelSizeMicrons": 0.5,"backgroundRadiusMicrons": 4.0,"backgroundByReconstruction": true,"medianRadiusMicrons": 0.0,"sigmaMicrons": 1.5,"minAreaMicrons": 10.0,"maxAreaMicrons": 80.0,"threshold": 0.0025,"maxBackground": 2.0,"watershedPostProcess": true,"cellExpansionMicrons": 5.0,"includeNuclei": true,"smoothBoundaries": true,"makeMeasurements": true,"backgroundRadiusPixel": 8.0,"cellExpansionPixel": 10.0,"medianRadiusPixel": 0.0,"minAreaPixel": 20.0,"maxAreaPixel": 160.0}
2024-10-22 21:27:25 INFO: New project created at: /home/ilants/Documents/jupyter_test/single_image_multiple_params/exp_threshold_0.0025/QPProject
2024-10-22 21:27:25 INFO: Added: /home/ilants/Documents/jupyter_test/TCGA-GI-A2C8-01Z-00-DX1.09BD8AC9-645A-4C8B-9B36-77D833BDBA09.svs
2024-10-22 21:27:25 INFO: /home/ilants/Documents/jupyter_test/TCGA-GI-A2C8-01Z-00-DX1.09BD8AC9-645A-4C8B-9B36-77D833BDBA09.svs
2024-10-22 21:27:25 INFO: 21:27:25.815 [main] [INFO ] q.l.i.s.b.BioFormatsServerOptions - Setting max Bio-Formats readers to 32
2024-10-22 21:27:26 INFO: UriImageSupport (class qupath.lib.images.servers.bioformats.BioFormatsServerBuilder) support=3.0, builders=1
2024-10-22 21:27:26 INFO: true
2024-10-22 21:27:26 INFO: 21:27:26.457 [main] [WARN ] qupath.lib.scripting.QP - createSelectAllObject(boolean) is deprecated, use createFullImageAnnotation(boolean) instead
2024-10-22 21:27:26 INFO: 21:27:26.457 [main] [WARN ] qupath.lib.scripting.QP - createSelectAllObject(boolean, int, int) is deprecated, use createFullImageAnnotation(boolean, int, int) instead
2024-10-22 21:27:26 INFO: 21:27:26.467 [main] [WARN ] q.l.plugins.parameters.ParameterList - Unable to set parameter backgroundRadiusPixel with value 8.0
2024-10-22 21:27:26 INFO: 21:27:26.467 [main] [WARN ] q.l.plugins.parameters.ParameterList - Unable to set parameter cellExpansionPixel with value 10.0
2024-10-22 21:27:26 INFO: 21:27:26.467 [main] [WARN ] q.l.plugins.parameters.ParameterList - Unable to set parameter medianRadiusPixel with value 0.0
2024-10-22 21:27:26 INFO: 21:27:26.467 [main] [WARN ] q.l.plugins.parameters.ParameterList - Unable to set parameter minAreaPixel with value 20.0
2024-10-22 21:27:26 INFO: 21:27:26.467 [main] [WARN ] q.l.plugins.parameters.ParameterList - Unable to set parameter maxAreaPixel with value 160.0
2024-10-22 21:27:40 INFO: 21:27:40.237 [task-runner-1-32] [INFO ] q.lib.plugins.DetectionPluginTools - 11 nuclei detected (processing time: 13.65 seconds)
2024-10-22 21:27:40 INFO: 21:27:40.239 [main] [INFO ] q.l.p.CommandLineTaskRunner$CommandLineProgressMonitor - 11 nuclei detected (1%)
2024-10-22 21:27:40 INFO: 21:27:40.250 [task-runner-1-12] [INFO ] q.lib.plugins.DetectionPluginTools - 18 nuclei detected (processing time: 13.67 seconds)
2024-10-22 21:27:40 INFO: 21:27:40.262 [task-runner-1-48] [INFO ] q.lib.plugins.DetectionPluginTools - 21 nuclei detected (processing time: 13.67 seconds)
2024-10-22 21:27:40 INFO: 21:27:40.263 [task-runner-1-3] [INFO ] q.lib.plugins.DetectionPluginTools - 25 nuclei detected (processing time: 13.68 seconds)
2024-10-22 21:27:40 INFO: 21:27:40.263 [main] [INFO ] q.l.p.CommandLineTaskRunner$CommandLineProgressMonitor - 21 nuclei detected (1%)
2024-10-22 21:27:40 INFO: 21:27:40.264 [main] [INFO ] q.l.p.CommandLineTaskRunner$CommandLineProgressMonitor - 18 nuclei detected (2%)
2024-10-22 21:27:40 INFO: 21:27:40.264 [main] [INFO ] q.l.p.CommandLineTaskRunner$CommandLineProgressMonitor - 25 nuclei detected (3%)
2024-10-22 21:27:40 INFO: 21:27:40.265 [task-runner-1-10] [INFO ] q.lib.plugins.DetectionPluginTools - 24 nuclei detected (processing time: 13.68 seconds)
2024-10-22 21:27:40 INFO: 21:27:40.266 [main] [INFO ] q.l.p.CommandLineTaskRunner$CommandLineProgressMonitor - 24 nuclei detected (3%)
2024-10-22 21:27:40 INFO: 21:27:40.276 [task-runner-1-11] [INFO ] q.lib.plugins.DetectionPluginTools - 28 nuclei detected (processing time: 13.69 seconds)
2024-10-22 21:27:40 INFO: 21:27:40.277 [main] [INFO ] q.l.p.CommandLineTaskRunner$CommandLineProgressMonitor - 28 nuclei detected (4%)
2024-10-22 21:27:40 INFO: 21:27:40.289 [task-runner-1-30] [INFO ] q.lib.plugins.DetectionPluginTools - 19 nuclei detected (processing time: 13.70 seconds)
2024-10-22 21:27:40 INFO: 21:27:40.290 [main] [INFO ] q.l.p.CommandLineTaskRunner$CommandLineProgressMonitor - 19 nuclei detected (4%)
2024-10-22 21:27:40 INFO: 21:27:40.293 [task-runner-1-8] [INFO ] q.lib.plugins.DetectionPluginTools - 29 nuclei detected (processing time: 13.71 seconds)
2024-10-22 21:27:40 INFO: 21:27:40.293 [task-runner-1-16] [INFO ] q.lib.plugins.DetectionPluginTools - 24 nuclei detected (processing time: 13.71 seconds)
2024-10-22 21:27:40 INFO: 21:27:40.294 [main] [INFO ] q.l.p.CommandLineTaskRunner$CommandLineProgressMonitor - 29 nuclei detected (5%)
2024-10-22 21:27:40 INFO: 21:27:40.294 [main] [INFO ] q.l.p.CommandLineTaskRunner$CommandLineProgressMonitor - 24 nuclei detected (6%)
2024-10-22 21:27:40 INFO: 21:27:40.297 [task-runner-1-29] [INFO ] q.lib.plugins.DetectionPluginTools - 39 nuclei detected (processing time: 13.71 seconds)
2024-10-22 21:27:40 INFO: 21:27:40.297 [main] [INFO ] q.l.p.CommandLineTaskRunner$CommandLineProgressMonitor - 39 nuclei detected (6%)
2024-10-22 21:27:40 INFO: 21:27:40.313 [task-runner-1-31] [INFO ] q.lib.plugins.DetectionPluginTools - 41 nuclei detected (processing time: 13.72 seconds)
2024-10-22 21:27:40 INFO: 21:27:40.314 [main] [INFO ] q.l.p.CommandLineTaskRunner$CommandLineProgressMonitor - 41 nuclei detected (7%)
2024-10-22 21:27:42 INFO: 21:27:42.314 [task-runner-1-9] [INFO ] q.lib.plugins.DetectionPluginTools - 27 nuclei detected (processing time: 15.73 seconds)
2024-10-22 21:27:42 INFO: 21:27:42.315 [main] [INFO ] q.l.p.CommandLineTaskRunner$CommandLineProgressMonitor - 27 nuclei detected (8%)
2024-10-22 21:27:42 INFO: 21:27:42.321 [task-runner-1-47] [INFO ] q.lib.plugins.DetectionPluginTools - 34 nuclei detected (processing time: 15.73 seconds)
2024-10-22 21:27:42 INFO: 21:27:42.323 [main] [INFO ] q.l.p.CommandLineTaskRunner$CommandLineProgressMonitor - 34 nuclei detected (8%)
2024-10-22 21:27:42 INFO: 21:27:42.322 [task-runner-1-1] [INFO ] q.lib.plugins.DetectionPluginTools - 43 nuclei detected (processing time: 15.74 seconds)
2024-10-22 21:27:42 INFO: 21:27:42.322 [task-runner-1-27] [INFO ] q.lib.plugins.DetectionPluginTools - 28 nuclei detected (processing time: 15.73 seconds)
2024-10-22 21:27:42 INFO: 21:27:42.326 [task-runner-1-2] [INFO ] q.lib.plugins.DetectionPluginTools - 43 nuclei detected (processing time: 15.74 seconds)
2024-10-22 21:27:42 INFO: 21:27:42.327 [main] [INFO ] q.l.p.CommandLineTaskRunner$CommandLineProgressMonitor - 43 nuclei detected (9%)
2024-10-22 21:27:42 INFO: 21:27:42.327 [main] [INFO ] q.l.p.CommandLineTaskRunner$CommandLineProgressMonitor - 28 nuclei detected (9%)
2024-10-22 21:27:42 INFO: 21:27:42.327 [main] [INFO ] q.l.p.CommandLineTaskRunner$CommandLineProgressMonitor - 43 nuclei detected (10%)
2024-10-22 21:27:42 INFO: 21:27:42.336 [task-runner-1-4] [INFO ] q.lib.plugins.DetectionPluginTools - 38 nuclei detected (processing time: 15.75 seconds)
2024-10-22 21:27:42 INFO: 21:27:42.337 [main] [INFO ] q.l.p.CommandLineTaskRunner$CommandLineProgressMonitor - 38 nuclei detected (11%)
2024-10-22 21:27:42 INFO: 21:27:42.342 [task-runner-1-15] [INFO ] q.lib.plugins.DetectionPluginTools - 39 nuclei detected (processing time: 15.76 seconds)
2024-10-22 21:27:42 INFO: 21:27:42.343 [main] [INFO ] q.l.p.CommandLineTaskRunner$CommandLineProgressMonitor - 39 nuclei detected (11%)
2024-10-22 21:27:42 INFO: 21:27:42.344 [task-runner-1-14] [INFO ] q.lib.plugins.DetectionPluginTools - 31 nuclei detected (processing time: 15.76 seconds)
2024-10-22 21:27:42 INFO: 21:27:42.344 [main] [INFO ] q.l.p.CommandLineTaskRunner$CommandLineProgressMonitor - 31 nuclei detected (12%)
2024-10-22 21:27:42 INFO: 21:27:42.369 [task-runner-1-7] [INFO ] q.lib.plugins.DetectionPluginTools - 42 nuclei detected (processing time: 15.79 seconds)
2024-10-22 21:27:42 INFO: 21:27:42.370 [task-runner-1-13] [INFO ] q.lib.plugins.DetectionPluginTools - 53 nuclei detected (processing time: 15.78 seconds)
2024-10-22 21:27:42 INFO: 21:27:42.370 [main] [INFO ] q.l.p.CommandLineTaskRunner$CommandLineProgressMonitor - 53 nuclei detected (13%)
2024-10-22 21:27:42 INFO: 21:27:42.374 [main] [INFO ] q.l.p.CommandLineTaskRunner$CommandLineProgressMonitor - 42 nuclei detected (13%)
2024-10-22 21:27:42 INFO: 21:27:42.382 [task-runner-1-17] [INFO ] q.lib.plugins.DetectionPluginTools - 41 nuclei detected (processing time: 15.80 seconds)
2024-10-22 21:27:42 INFO: 21:27:42.384 [main] [INFO ] q.l.p.CommandLineTaskRunner$CommandLineProgressMonitor - 41 nuclei detected (14%)
2024-10-22 21:27:42 INFO: 21:27:42.460 [task-runner-1-28] [INFO ] q.lib.plugins.DetectionPluginTools - 125 nuclei detected (processing time: 15.87 seconds)
2024-10-22 21:27:42 INFO: 21:27:42.460 [main] [INFO ] q.l.p.CommandLineTaskRunner$CommandLineProgressMonitor - 125 nuclei detected (14%)
2024-10-22 21:27:42 INFO: 21:27:42.482 [task-runner-1-6] [INFO ] q.lib.plugins.DetectionPluginTools - 100 nuclei detected (processing time: 15.90 seconds)
2024-10-22 21:27:42 INFO: 21:27:42.483 [main] [INFO ] q.l.p.CommandLineTaskRunner$CommandLineProgressMonitor - 100 nuclei detected (15%)
2024-10-22 21:27:42 INFO: 21:27:42.652 [task-runner-1-26] [INFO ] q.lib.plugins.DetectionPluginTools - 251 nuclei detected (processing time: 16.06 seconds)
2024-10-22 21:27:42 INFO: 21:27:42.653 [main] [INFO ] q.l.p.CommandLineTaskRunner$CommandLineProgressMonitor - 251 nuclei detected (16%)
2024-10-22 21:27:42 INFO: 21:27:42.825 [task-runner-1-46] [INFO ] q.lib.plugins.DetectionPluginTools - 261 nuclei detected (processing time: 16.23 seconds)
2024-10-22 21:27:42 INFO: 21:27:42.828 [main] [INFO ] q.l.p.CommandLineTaskRunner$CommandLineProgressMonitor - 261 nuclei detected (16%)
2024-10-22 21:27:43 INFO: 21:27:43.086 [task-runner-1-5] [INFO ] q.lib.plugins.DetectionPluginTools - 466 nuclei detected (processing time: 16.50 seconds)
2024-10-22 21:27:43 INFO: 21:27:43.090 [main] [INFO ] q.l.p.CommandLineTaskRunner$CommandLineProgressMonitor - 466 nuclei detected (17%)
2024-10-22 21:27:43 INFO: 21:27:43.702 [task-runner-1-18] [INFO ] q.lib.plugins.DetectionPluginTools - 1349 nuclei detected (processing time: 17.12 seconds)
2024-10-22 21:27:43 INFO: 21:27:43.704 [main] [INFO ] q.l.p.CommandLineTaskRunner$CommandLineProgressMonitor - 1349 nuclei detected (18%)
2024-10-22 21:27:43 INFO: 21:27:43.729 [task-runner-1-45] [INFO ] q.lib.plugins.DetectionPluginTools - 1002 nuclei detected (processing time: 17.14 seconds)
2024-10-22 21:27:43 INFO: 21:27:43.732 [main] [INFO ] q.l.p.CommandLineTaskRunner$CommandLineProgressMonitor - 1002 nuclei detected (18%)
2024-10-22 21:27:43 INFO: 21:27:43.947 [task-runner-1-25] [INFO ] q.lib.plugins.DetectionPluginTools - 1970 nuclei detected (processing time: 17.36 seconds)
2024-10-22 21:27:43 INFO: 21:27:43.949 [main] [INFO ] q.l.p.CommandLineTaskRunner$CommandLineProgressMonitor - 1970 nuclei detected (19%)
2024-10-22 21:27:43 INFO: 21:27:43.958 [task-runner-1-19] [INFO ] q.lib.plugins.DetectionPluginTools - 1925 nuclei detected (processing time: 17.37 seconds)
2024-10-22 21:27:43 INFO: 21:27:43.960 [main] [INFO ] q.l.p.CommandLineTaskRunner$CommandLineProgressMonitor - 1925 nuclei detected (19%)
2024-10-22 21:27:43 INFO: 21:27:43.985 [task-runner-1-49] [INFO ] q.lib.plugins.DetectionPluginTools - 1877 nuclei detected (processing time: 17.39 seconds)
2024-10-22 21:27:43 INFO: 21:27:43.986 [main] [INFO ] q.l.p.CommandLineTaskRunner$CommandLineProgressMonitor - 1877 nuclei detected (20%)
2024-10-22 21:27:43 INFO: 21:27:43.997 [task-runner-1-20] [INFO ] q.lib.plugins.DetectionPluginTools - 2411 nuclei detected (processing time: 17.41 seconds)
2024-10-22 21:27:44 INFO: 21:27:43.998 [main] [INFO ] q.l.p.CommandLineTaskRunner$CommandLineProgressMonitor - 2411 nuclei detected (21%)
2024-10-22 21:27:44 INFO: 21:27:44.018 [task-runner-1-63] [INFO ] q.lib.plugins.DetectionPluginTools - 1617 nuclei detected (processing time: 17.42 seconds)
2024-10-22 21:27:44 INFO: 21:27:44.020 [main] [INFO ] q.l.p.CommandLineTaskRunner$CommandLineProgressMonitor - 1617 nuclei detected (21%)
2024-10-22 21:27:44 INFO: 21:27:44.402 [task-runner-1-50] [INFO ] q.lib.plugins.DetectionPluginTools - 2456 nuclei detected (processing time: 17.81 seconds)
2024-10-22 21:27:44 INFO: 21:27:44.403 [main] [INFO ] q.l.p.CommandLineTaskRunner$CommandLineProgressMonitor - 2456 nuclei detected (22%)
2024-10-22 21:27:44 INFO: 21:27:44.406 [task-runner-1-33] [INFO ] q.lib.plugins.DetectionPluginTools - 2447 nuclei detected (processing time: 17.82 seconds)
2024-10-22 21:27:44 INFO: 21:27:44.407 [main] [INFO ] q.l.p.CommandLineTaskRunner$CommandLineProgressMonitor - 2447 nuclei detected (23%)
2024-10-22 21:27:45 INFO: 21:27:45.224 [task-runner-1-44] [INFO ] q.lib.plugins.DetectionPluginTools - 2453 nuclei detected (processing time: 18.63 seconds)
2024-10-22 21:27:45 INFO: 21:27:45.227 [main] [INFO ] q.l.p.CommandLineTaskRunner$CommandLineProgressMonitor - 2453 nuclei detected (23%)
2024-10-22 21:27:45 INFO: 21:27:45.244 [task-runner-1-35] [INFO ] q.lib.plugins.DetectionPluginTools - 3070 nuclei detected (processing time: 18.65 seconds)
2024-10-22 21:27:45 INFO: 21:27:45.246 [main] [INFO ] q.l.p.CommandLineTaskRunner$CommandLineProgressMonitor - 3070 nuclei detected (24%)
2024-10-22 21:27:45 INFO: 21:27:45.270 [task-runner-1-61] [INFO ] q.lib.plugins.DetectionPluginTools - 2314 nuclei detected (processing time: 18.68 seconds)
2024-10-22 21:27:45 INFO: 21:27:45.272 [main] [INFO ] q.l.p.CommandLineTaskRunner$CommandLineProgressMonitor - 2314 nuclei detected (24%)
2024-10-22 21:27:45 INFO: 21:27:45.366 [task-runner-1-62] [INFO ] q.lib.plugins.DetectionPluginTools - 2347 nuclei detected (processing time: 18.77 seconds)
2024-10-22 21:27:45 INFO: 21:27:45.367 [main] [INFO ] q.l.p.CommandLineTaskRunner$CommandLineProgressMonitor - 2347 nuclei detected (25%)
2024-10-22 21:27:45 INFO: 21:27:45.875 [task-runner-1-34] [INFO ] q.lib.plugins.DetectionPluginTools - 3041 nuclei detected (processing time: 19.29 seconds)
2024-10-22 21:27:45 INFO: 21:27:45.877 [main] [INFO ] q.l.p.CommandLineTaskRunner$CommandLineProgressMonitor - 3041 nuclei detected (26%)
2024-10-22 21:27:46 INFO: 21:27:46.128 [task-runner-1-43] [INFO ] q.lib.plugins.DetectionPluginTools - 3750 nuclei detected (processing time: 19.54 seconds)
2024-10-22 21:27:46 INFO: 21:27:46.131 [main] [INFO ] q.l.p.CommandLineTaskRunner$CommandLineProgressMonitor - 3750 nuclei detected (26%)
2024-10-22 21:27:46 INFO: 21:27:46.138 [task-runner-1-23] [INFO ] q.lib.plugins.DetectionPluginTools - 4190 nuclei detected (processing time: 19.55 seconds)
2024-10-22 21:27:46 INFO: 21:27:46.140 [main] [INFO ] q.l.p.CommandLineTaskRunner$CommandLineProgressMonitor - 4190 nuclei detected (27%)
2024-10-22 21:27:46 INFO: 21:27:46.308 [task-runner-1-24] [INFO ] q.lib.plugins.DetectionPluginTools - 4497 nuclei detected (processing time: 19.72 seconds)
2024-10-22 21:27:46 INFO: 21:27:46.309 [main] [INFO ] q.l.p.CommandLineTaskRunner$CommandLineProgressMonitor - 4497 nuclei detected (28%)
2024-10-22 21:27:46 INFO: 21:27:46.897 [task-runner-1-32] [INFO ] q.lib.plugins.DetectionPluginTools - 21 nuclei detected (processing time: 6.66 seconds)
2024-10-22 21:27:46 INFO: 21:27:46.898 [main] [INFO ] q.l.p.CommandLineTaskRunner$CommandLineProgressMonitor - 21 nuclei detected (28%)
2024-10-22 21:27:47 INFO: 21:27:47.000 [task-runner-1-51] [INFO ] q.lib.plugins.DetectionPluginTools - 4725 nuclei detected (processing time: 20.41 seconds)
2024-10-22 21:27:47 INFO: 21:27:47.001 [main] [INFO ] q.l.p.CommandLineTaskRunner$CommandLineProgressMonitor - 4725 nuclei detected (29%)
2024-10-22 21:27:47 INFO: 21:27:47.758 [task-runner-1-22] [INFO ] q.lib.plugins.DetectionPluginTools - 5401 nuclei detected (processing time: 21.17 seconds)
2024-10-22 21:27:47 INFO: 21:27:47.759 [main] [INFO ] q.l.p.CommandLineTaskRunner$CommandLineProgressMonitor - 5401 nuclei detected (29%)
2024-10-22 21:27:47 INFO: 21:27:47.959 [task-runner-1-60] [INFO ] q.lib.plugins.DetectionPluginTools - 4352 nuclei detected (processing time: 21.37 seconds)
2024-10-22 21:27:47 INFO: 21:27:47.960 [main] [INFO ] q.l.p.CommandLineTaskRunner$CommandLineProgressMonitor - 4352 nuclei detected (30%)
2024-10-22 21:27:48 INFO: 21:27:48.215 [task-runner-1-4] [INFO ] q.lib.plugins.DetectionPluginTools - 35 nuclei detected (processing time: 5.88 seconds)
2024-10-22 21:27:48 INFO: 21:27:48.219 [main] [INFO ] q.l.p.CommandLineTaskRunner$CommandLineProgressMonitor - 35 nuclei detected (31%)
2024-10-22 21:27:50 INFO: 21:27:50.135 [task-runner-1-20] [INFO ] q.lib.plugins.DetectionPluginTools - 40 nuclei detected (processing time: 6.14 seconds)
2024-10-22 21:27:50 INFO: 21:27:50.137 [main] [INFO ] q.l.p.CommandLineTaskRunner$CommandLineProgressMonitor - 40 nuclei detected (31%)
2024-10-22 21:27:51 INFO: 21:27:51.372 [task-runner-1-12] [INFO ] q.lib.plugins.DetectionPluginTools - 2069 nuclei detected (processing time: 11.11 seconds)
2024-10-22 21:27:51 INFO: 21:27:51.373 [main] [INFO ] q.l.p.CommandLineTaskRunner$CommandLineProgressMonitor - 2069 nuclei detected (32%)
2024-10-22 21:27:51 INFO: 21:27:51.651 [task-runner-1-48] [INFO ] q.lib.plugins.DetectionPluginTools - 2052 nuclei detected (processing time: 11.39 seconds)
2024-10-22 21:27:51 INFO: 21:27:51.652 [main] [INFO ] q.l.p.CommandLineTaskRunner$CommandLineProgressMonitor - 2052 nuclei detected (33%)
2024-10-22 21:27:52 INFO: 21:27:52.356 [task-runner-1-3] [INFO ] q.lib.plugins.DetectionPluginTools - 2436 nuclei detected (processing time: 12.09 seconds)
2024-10-22 21:27:52 INFO: 21:27:52.358 [main] [INFO ] q.l.p.CommandLineTaskRunner$CommandLineProgressMonitor - 2436 nuclei detected (33%)
2024-10-22 21:27:52 INFO: 21:27:52.435 [task-runner-1-49] [INFO ] q.lib.plugins.DetectionPluginTools - 675 nuclei detected (processing time: 8.45 seconds)
2024-10-22 21:27:52 INFO: 21:27:52.436 [main] [INFO ] q.l.p.CommandLineTaskRunner$CommandLineProgressMonitor - 675 nuclei detected (34%)
2024-10-22 21:27:52 INFO: 21:27:52.725 [task-runner-1-15] [INFO ] q.lib.plugins.DetectionPluginTools - 2030 nuclei detected (processing time: 10.38 seconds)
2024-10-22 21:27:52 INFO: 21:27:52.726 [main] [INFO ] q.l.p.CommandLineTaskRunner$CommandLineProgressMonitor - 2030 nuclei detected (34%)
2024-10-22 21:27:52 INFO: 21:27:52.899 [task-runner-1-36] [INFO ] q.lib.plugins.DetectionPluginTools - 8294 nuclei detected (processing time: 26.31 seconds)
2024-10-22 21:27:52 INFO: 21:27:52.902 [main] [INFO ] q.l.p.CommandLineTaskRunner$CommandLineProgressMonitor - 8294 nuclei detected (35%)
2024-10-22 21:27:53 INFO: 21:27:53.705 [task-runner-1-59] [INFO ] q.lib.plugins.DetectionPluginTools - 7513 nuclei detected (processing time: 27.11 seconds)
2024-10-22 21:27:53 INFO: 21:27:53.707 [main] [INFO ] q.l.p.CommandLineTaskRunner$CommandLineProgressMonitor - 7513 nuclei detected (36%)
2024-10-22 21:27:53 INFO: 21:27:53.740 [task-runner-1-14] [INFO ] q.lib.plugins.DetectionPluginTools - 1952 nuclei detected (processing time: 11.40 seconds)
2024-10-22 21:27:53 INFO: 21:27:53.744 [main] [INFO ] q.l.p.CommandLineTaskRunner$CommandLineProgressMonitor - 1952 nuclei detected (36%)
2024-10-22 21:27:53 INFO: 21:27:53.927 [task-runner-1-1] [INFO ] q.lib.plugins.DetectionPluginTools - 2076 nuclei detected (processing time: 11.60 seconds)
2024-10-22 21:27:53 INFO: 21:27:53.930 [main] [INFO ] q.l.p.CommandLineTaskRunner$CommandLineProgressMonitor - 2076 nuclei detected (37%)
2024-10-22 21:27:54 INFO: 21:27:54.110 [task-runner-1-42] [INFO ] q.lib.plugins.DetectionPluginTools - 8392 nuclei detected (processing time: 27.52 seconds)
2024-10-22 21:27:54 INFO: 21:27:54.111 [main] [INFO ] q.l.p.CommandLineTaskRunner$CommandLineProgressMonitor - 8392 nuclei detected (38%)
2024-10-22 21:27:54 INFO: 21:27:54.294 [task-runner-1-21] [INFO ] q.lib.plugins.DetectionPluginTools - 8693 nuclei detected (processing time: 27.71 seconds)
2024-10-22 21:27:54 INFO: 21:27:54.295 [main] [INFO ] q.l.p.CommandLineTaskRunner$CommandLineProgressMonitor - 8693 nuclei detected (38%)
2024-10-22 21:27:54 INFO: 21:27:54.394 [task-runner-1-52] [INFO ] q.lib.plugins.DetectionPluginTools - 8244 nuclei detected (processing time: 27.80 seconds)
2024-10-22 21:27:54 INFO: 21:27:54.398 [main] [INFO ] q.l.p.CommandLineTaskRunner$CommandLineProgressMonitor - 8244 nuclei detected (39%)
2024-10-22 21:27:54 INFO: 21:27:54.759 [task-runner-1-13] [INFO ] q.lib.plugins.DetectionPluginTools - 2846 nuclei detected (processing time: 12.39 seconds)
2024-10-22 21:27:54 INFO: 21:27:54.761 [main] [INFO ] q.l.p.CommandLineTaskRunner$CommandLineProgressMonitor - 2846 nuclei detected (39%)
2024-10-22 21:27:55 INFO: 21:27:55.039 [task-runner-1-4] [INFO ] q.lib.plugins.DetectionPluginTools - 30 nuclei detected (processing time: 6.82 seconds)
2024-10-22 21:27:55 INFO: 21:27:55.042 [main] [INFO ] q.l.p.CommandLineTaskRunner$CommandLineProgressMonitor - 30 nuclei detected (40%)
2024-10-22 21:27:55 INFO: 21:27:55.061 [task-runner-1-60] [INFO ] q.lib.plugins.DetectionPluginTools - 212 nuclei detected (processing time: 7.10 seconds)
2024-10-22 21:27:55 INFO: 21:27:55.063 [main] [INFO ] q.l.p.CommandLineTaskRunner$CommandLineProgressMonitor - 212 nuclei detected (41%)
2024-10-22 21:27:55 INFO: 21:27:55.268 [task-runner-1-50] [INFO ] q.lib.plugins.DetectionPluginTools - 1832 nuclei detected (processing time: 10.86 seconds)
2024-10-22 21:27:55 INFO: 21:27:55.269 [main] [INFO ] q.l.p.CommandLineTaskRunner$CommandLineProgressMonitor - 1832 nuclei detected (41%)
2024-10-22 21:27:55 INFO: 21:27:55.343 [task-runner-1-39] [INFO ] q.lib.plugins.DetectionPluginTools - 9315 nuclei detected (processing time: 28.75 seconds)
2024-10-22 21:27:55 INFO: 21:27:55.345 [main] [INFO ] q.l.p.CommandLineTaskRunner$CommandLineProgressMonitor - 9315 nuclei detected (42%)
2024-10-22 21:27:55 INFO: 21:27:55.668 [task-runner-1-63] [INFO ] q.lib.plugins.DetectionPluginTools - 2222 nuclei detected (processing time: 11.65 seconds)
2024-10-22 21:27:55 INFO: 21:27:55.671 [main] [INFO ] q.l.p.CommandLineTaskRunner$CommandLineProgressMonitor - 2222 nuclei detected (43%)
2024-10-22 21:27:55 INFO: 21:27:55.866 [task-runner-1-33] [INFO ] q.lib.plugins.DetectionPluginTools - 1746 nuclei detected (processing time: 11.46 seconds)
2024-10-22 21:27:55 INFO: 21:27:55.868 [main] [INFO ] q.l.p.CommandLineTaskRunner$CommandLineProgressMonitor - 1746 nuclei detected (43%)
2024-10-22 21:27:56 INFO: 21:27:56.590 [task-runner-1-40] [INFO ] q.lib.plugins.DetectionPluginTools - 8857 nuclei detected (processing time: 30.00 seconds)
2024-10-22 21:27:56 INFO: 21:27:56.591 [main] [INFO ] q.l.p.CommandLineTaskRunner$CommandLineProgressMonitor - 8857 nuclei detected (44%)
2024-10-22 21:27:56 INFO: 21:27:56.725 [task-runner-1-57] [INFO ] q.lib.plugins.DetectionPluginTools - 9014 nuclei detected (processing time: 30.13 seconds)
2024-10-22 21:27:56 INFO: 21:27:56.725 [main] [INFO ] q.l.p.CommandLineTaskRunner$CommandLineProgressMonitor - 9014 nuclei detected (44%)
2024-10-22 21:27:57 INFO: 21:27:57.145 [task-runner-1-55] [INFO ] q.lib.plugins.DetectionPluginTools - 9660 nuclei detected (processing time: 30.55 seconds)
2024-10-22 21:27:57 INFO: 21:27:57.147 [main] [INFO ] q.l.p.CommandLineTaskRunner$CommandLineProgressMonitor - 9660 nuclei detected (45%)
2024-10-22 21:27:57 INFO: 21:27:57.691 [task-runner-1-54] [INFO ] q.lib.plugins.DetectionPluginTools - 10097 nuclei detected (processing time: 31.10 seconds)
2024-10-22 21:27:57 INFO: 21:27:57.692 [main] [INFO ] q.l.p.CommandLineTaskRunner$CommandLineProgressMonitor - 10097 nuclei detected (46%)
2024-10-22 21:27:57 INFO: 21:27:57.826 [task-runner-1-38] [INFO ] q.lib.plugins.DetectionPluginTools - 10217 nuclei detected (processing time: 31.24 seconds)
2024-10-22 21:27:57 INFO: 21:27:57.828 [main] [INFO ] q.l.p.CommandLineTaskRunner$CommandLineProgressMonitor - 10217 nuclei detected (46%)
2024-10-22 21:27:57 INFO: 21:27:57.939 [task-runner-1-53] [INFO ] q.lib.plugins.DetectionPluginTools - 10547 nuclei detected (processing time: 31.35 seconds)
2024-10-22 21:27:57 INFO: 21:27:57.940 [main] [INFO ] q.l.p.CommandLineTaskRunner$CommandLineProgressMonitor - 10547 nuclei detected (47%)
2024-10-22 21:27:58 INFO: 21:27:58.185 [task-runner-1-58] [INFO ] q.lib.plugins.DetectionPluginTools - 9763 nuclei detected (processing time: 31.59 seconds)
2024-10-22 21:27:58 INFO: 21:27:58.186 [main] [INFO ] q.l.p.CommandLineTaskRunner$CommandLineProgressMonitor - 9763 nuclei detected (48%)
2024-10-22 21:27:58 INFO: 21:27:58.329 [task-runner-1-56] [INFO ] q.lib.plugins.DetectionPluginTools - 9094 nuclei detected (processing time: 31.74 seconds)
2024-10-22 21:27:58 INFO: 21:27:58.331 [main] [INFO ] q.l.p.CommandLineTaskRunner$CommandLineProgressMonitor - 9094 nuclei detected (48%)
2024-10-22 21:27:58 INFO: 21:27:58.866 [task-runner-1-41] [INFO ] q.lib.plugins.DetectionPluginTools - 9755 nuclei detected (processing time: 32.28 seconds)
2024-10-22 21:27:58 INFO: 21:27:58.868 [main] [INFO ] q.l.p.CommandLineTaskRunner$CommandLineProgressMonitor - 9755 nuclei detected (49%)
2024-10-22 21:27:59 INFO: 21:27:59.288 [task-runner-1-37] [INFO ] q.lib.plugins.DetectionPluginTools - 10353 nuclei detected (processing time: 32.70 seconds)
2024-10-22 21:27:59 INFO: 21:27:59.290 [main] [INFO ] q.l.p.CommandLineTaskRunner$CommandLineProgressMonitor - 10353 nuclei detected (49%)
2024-10-22 21:27:59 INFO: 21:27:59.326 [task-runner-1-2] [INFO ] q.lib.plugins.DetectionPluginTools - 4205 nuclei detected (processing time: 17.00 seconds)
2024-10-22 21:27:59 INFO: 21:27:59.328 [main] [INFO ] q.l.p.CommandLineTaskRunner$CommandLineProgressMonitor - 4205 nuclei detected (50%)
2024-10-22 21:28:00 INFO: 21:28:00.950 [task-runner-1-19] [INFO ] q.lib.plugins.DetectionPluginTools - 3909 nuclei detected (processing time: 16.99 seconds)
2024-10-22 21:28:00 INFO: 21:28:00.952 [main] [INFO ] q.l.p.CommandLineTaskRunner$CommandLineProgressMonitor - 3909 nuclei detected (51%)
2024-10-22 21:28:01 INFO: 21:28:01.354 [task-runner-1-60] [INFO ] q.lib.plugins.DetectionPluginTools - 40 nuclei detected (processing time: 6.29 seconds)
2024-10-22 21:28:01 INFO: 21:28:01.356 [main] [INFO ] q.l.p.CommandLineTaskRunner$CommandLineProgressMonitor - 40 nuclei detected (51%)
2024-10-22 21:28:01 INFO: 21:28:01.742 [task-runner-1-4] [INFO ] q.lib.plugins.DetectionPluginTools - 32 nuclei detected (processing time: 6.70 seconds)
2024-10-22 21:28:01 INFO: 21:28:01.743 [main] [INFO ] q.l.p.CommandLineTaskRunner$CommandLineProgressMonitor - 32 nuclei detected (52%)
2024-10-22 21:28:02 INFO: 21:28:02.110 [task-runner-1-20] [INFO ] q.lib.plugins.DetectionPluginTools - 2308 nuclei detected (processing time: 11.97 seconds)
2024-10-22 21:28:02 INFO: 21:28:02.112 [main] [INFO ] q.l.p.CommandLineTaskRunner$CommandLineProgressMonitor - 2308 nuclei detected (53%)
2024-10-22 21:28:02 INFO: 21:28:02.882 [task-runner-1-33] [INFO ] q.lib.plugins.DetectionPluginTools - 151 nuclei detected (processing time: 7.01 seconds)
2024-10-22 21:28:02 INFO: 21:28:02.884 [main] [INFO ] q.l.p.CommandLineTaskRunner$CommandLineProgressMonitor - 151 nuclei detected (53%)
2024-10-22 21:28:03 INFO: 21:28:03.182 [task-runner-1-55] [INFO ] q.lib.plugins.DetectionPluginTools - 45 nuclei detected (processing time: 6.03 seconds)
2024-10-22 21:28:03 INFO: 21:28:03.183 [main] [INFO ] q.l.p.CommandLineTaskRunner$CommandLineProgressMonitor - 45 nuclei detected (54%)
2024-10-22 21:28:03 INFO: 21:28:03.659 [task-runner-1-40] [INFO ] q.lib.plugins.DetectionPluginTools - 159 nuclei detected (processing time: 7.07 seconds)
2024-10-22 21:28:03 INFO: 21:28:03.660 [main] [INFO ] q.l.p.CommandLineTaskRunner$CommandLineProgressMonitor - 159 nuclei detected (54%)
2024-10-22 21:28:03 INFO: 21:28:03.715 [task-runner-1-57] [INFO ] q.lib.plugins.DetectionPluginTools - 52 nuclei detected (processing time: 6.99 seconds)
2024-10-22 21:28:03 INFO: 21:28:03.716 [main] [INFO ] q.l.p.CommandLineTaskRunner$CommandLineProgressMonitor - 52 nuclei detected (55%)
2024-10-22 21:28:03 INFO: 21:28:03.891 [task-runner-1-54] [INFO ] q.lib.plugins.DetectionPluginTools - 49 nuclei detected (processing time: 6.20 seconds)
2024-10-22 21:28:03 INFO: 21:28:03.892 [main] [INFO ] q.l.p.CommandLineTaskRunner$CommandLineProgressMonitor - 49 nuclei detected (56%)
2024-10-22 21:28:03 INFO: 21:28:03.929 [task-runner-1-38] [INFO ] q.lib.plugins.DetectionPluginTools - 100 nuclei detected (processing time: 6.10 seconds)
2024-10-22 21:28:03 INFO: 21:28:03.931 [main] [INFO ] q.l.p.CommandLineTaskRunner$CommandLineProgressMonitor - 100 nuclei detected (56%)
2024-10-22 21:28:04 INFO: 21:28:04.131 [task-runner-1-12] [INFO ] q.lib.plugins.DetectionPluginTools - 2390 nuclei detected (processing time: 12.76 seconds)
2024-10-22 21:28:04 INFO: 21:28:04.132 [main] [INFO ] q.l.p.CommandLineTaskRunner$CommandLineProgressMonitor - 2390 nuclei detected (57%)
2024-10-22 21:28:04 INFO: 21:28:04.312 [task-runner-1-27] [INFO ] q.lib.plugins.DetectionPluginTools - 6144 nuclei detected (processing time: 21.99 seconds)
2024-10-22 21:28:04 INFO: 21:28:04.314 [main] [INFO ] q.l.p.CommandLineTaskRunner$CommandLineProgressMonitor - 6144 nuclei detected (57%)
2024-10-22 21:28:04 INFO: 21:28:04.699 [task-runner-1-63] [INFO ] q.lib.plugins.DetectionPluginTools - 1124 nuclei detected (processing time: 9.03 seconds)
2024-10-22 21:28:04 INFO: 21:28:04.700 [main] [INFO ] q.l.p.CommandLineTaskRunner$CommandLineProgressMonitor - 1124 nuclei detected (58%)
2024-10-22 21:28:04 INFO: 21:28:04.781 [task-runner-1-50] [INFO ] q.lib.plugins.DetectionPluginTools - 1498 nuclei detected (processing time: 9.51 seconds)
2024-10-22 21:28:04 INFO: 21:28:04.784 [main] [INFO ] q.l.p.CommandLineTaskRunner$CommandLineProgressMonitor - 1498 nuclei detected (59%)
2024-10-22 21:28:04 INFO: 21:28:04.913 [task-runner-1-39] [INFO ] q.lib.plugins.DetectionPluginTools - 1288 nuclei detected (processing time: 9.57 seconds)
2024-10-22 21:28:04 INFO: 21:28:04.914 [main] [INFO ] q.l.p.CommandLineTaskRunner$CommandLineProgressMonitor - 1288 nuclei detected (59%)
2024-10-22 21:28:05 INFO: 21:28:05.242 [task-runner-1-10] [INFO ] q.lib.plugins.DetectionPluginTools - 8468 nuclei detected (processing time: 24.98 seconds)
2024-10-22 21:28:05 INFO: 21:28:05.244 [main] [INFO ] q.l.p.CommandLineTaskRunner$CommandLineProgressMonitor - 8468 nuclei detected (60%)
2024-10-22 21:28:05 INFO: 21:28:05.422 [task-runner-1-13] [INFO ] q.lib.plugins.DetectionPluginTools - 1992 nuclei detected (processing time: 10.66 seconds)
2024-10-22 21:28:05 INFO: 21:28:05.426 [main] [INFO ] q.l.p.CommandLineTaskRunner$CommandLineProgressMonitor - 1992 nuclei detected (61%)
2024-10-22 21:28:05 INFO: 21:28:05.539 [task-runner-1-53] [INFO ] q.lib.plugins.DetectionPluginTools - 646 nuclei detected (processing time: 7.60 seconds)
2024-10-22 21:28:05 INFO: 21:28:05.540 [main] [INFO ] q.l.p.CommandLineTaskRunner$CommandLineProgressMonitor - 646 nuclei detected (61%)
2024-10-22 21:28:05 INFO: 21:28:05.709 [task-runner-1-2] [INFO ] q.lib.plugins.DetectionPluginTools - 32 nuclei detected (processing time: 6.38 seconds)
2024-10-22 21:28:05 INFO: 21:28:05.710 [main] [INFO ] q.l.p.CommandLineTaskRunner$CommandLineProgressMonitor - 32 nuclei detected (62%)
2024-10-22 21:28:05 INFO: 21:28:05.857 [task-runner-1-37] [INFO ] q.lib.plugins.DetectionPluginTools - 32 nuclei detected (processing time: 6.57 seconds)
2024-10-22 21:28:05 INFO: 21:28:05.861 [main] [INFO ] q.l.p.CommandLineTaskRunner$CommandLineProgressMonitor - 32 nuclei detected (63%)
2024-10-22 21:28:06 INFO: 21:28:06.470 [task-runner-1-19] [INFO ] q.lib.plugins.DetectionPluginTools - 33 nuclei detected (processing time: 5.52 seconds)
2024-10-22 21:28:06 INFO: 21:28:06.472 [main] [INFO ] q.l.p.CommandLineTaskRunner$CommandLineProgressMonitor - 33 nuclei detected (63%)
2024-10-22 21:28:07 INFO: 21:28:07.571 [task-runner-1-48] [INFO ] q.lib.plugins.DetectionPluginTools - 3816 nuclei detected (processing time: 15.92 seconds)
2024-10-22 21:28:07 INFO: 21:28:07.575 [main] [INFO ] q.l.p.CommandLineTaskRunner$CommandLineProgressMonitor - 3816 nuclei detected (64%)
2024-10-22 21:28:08 INFO: 21:28:08.245 [task-runner-1-60] [INFO ] q.lib.plugins.DetectionPluginTools - 321 nuclei detected (processing time: 6.89 seconds)
2024-10-22 21:28:08 INFO: 21:28:08.246 [main] [INFO ] q.l.p.CommandLineTaskRunner$CommandLineProgressMonitor - 321 nuclei detected (64%)
2024-10-22 21:28:08 INFO: 21:28:08.369 [task-runner-1-30] [INFO ] q.lib.plugins.DetectionPluginTools - 10083 nuclei detected (processing time: 28.08 seconds)
2024-10-22 21:28:08 INFO: 21:28:08.369 [main] [INFO ] q.l.p.CommandLineTaskRunner$CommandLineProgressMonitor - 10083 nuclei detected (65%)
2024-10-22 21:28:08 INFO: 21:28:08.461 [task-runner-1-47] [INFO ] q.lib.plugins.DetectionPluginTools - 8878 nuclei detected (processing time: 26.14 seconds)
2024-10-22 21:28:08 INFO: 21:28:08.463 [main] [INFO ] q.l.p.CommandLineTaskRunner$CommandLineProgressMonitor - 8878 nuclei detected (66%)
2024-10-22 21:28:08 INFO: 21:28:08.473 [task-runner-1-8] [INFO ] q.lib.plugins.DetectionPluginTools - 9016 nuclei detected (processing time: 28.18 seconds)
2024-10-22 21:28:08 INFO: 21:28:08.474 [main] [INFO ] q.l.p.CommandLineTaskRunner$CommandLineProgressMonitor - 9016 nuclei detected (66%)
2024-10-22 21:28:08 INFO: 21:28:08.475 [task-runner-1-22] [INFO ] q.lib.plugins.DetectionPluginTools - 5189 nuclei detected (processing time: 20.72 seconds)
2024-10-22 21:28:08 INFO: 21:28:08.475 [main] [INFO ] q.l.p.CommandLineTaskRunner$CommandLineProgressMonitor - 5189 nuclei detected (67%)
2024-10-22 21:28:08 INFO: 21:28:08.763 [task-runner-1-16] [INFO ] q.lib.plugins.DetectionPluginTools - 9275 nuclei detected (processing time: 28.47 seconds)
2024-10-22 21:28:08 INFO: 21:28:08.763 [main] [INFO ] q.l.p.CommandLineTaskRunner$CommandLineProgressMonitor - 9275 nuclei detected (68%)
2024-10-22 21:28:09 INFO: 21:28:09.077 [task-runner-1-4] [INFO ] q.lib.plugins.DetectionPluginTools - 51 nuclei detected (processing time: 7.33 seconds)
2024-10-22 21:28:09 INFO: 21:28:09.078 [main] [INFO ] q.l.p.CommandLineTaskRunner$CommandLineProgressMonitor - 51 nuclei detected (68%)
2024-10-22 21:28:09 INFO: 21:28:09.340 [task-runner-1-20] [INFO ] q.lib.plugins.DetectionPluginTools - 54 nuclei detected (processing time: 7.23 seconds)
2024-10-22 21:28:09 INFO: 21:28:09.340 [main] [INFO ] q.l.p.CommandLineTaskRunner$CommandLineProgressMonitor - 54 nuclei detected (69%)
2024-10-22 21:28:09 INFO: 21:28:09.774 [task-runner-1-40] [INFO ] q.lib.plugins.DetectionPluginTools - 37 nuclei detected (processing time: 6.11 seconds)
2024-10-22 21:28:09 INFO: 21:28:09.774 [task-runner-1-33] [INFO ] q.lib.plugins.DetectionPluginTools - 63 nuclei detected (processing time: 6.89 seconds)
2024-10-22 21:28:09 INFO: 21:28:09.774 [main] [INFO ] q.l.p.CommandLineTaskRunner$CommandLineProgressMonitor - 37 nuclei detected (69%)
2024-10-22 21:28:09 INFO: 21:28:09.774 [main] [INFO ] q.l.p.CommandLineTaskRunner$CommandLineProgressMonitor - 63 nuclei detected (70%)
2024-10-22 21:28:10 INFO: 21:28:10.253 [task-runner-1-11] [INFO ] q.lib.plugins.DetectionPluginTools - 9962 nuclei detected (processing time: 29.98 seconds)
2024-10-22 21:28:10 INFO: 21:28:10.254 [main] [INFO ] q.l.p.CommandLineTaskRunner$CommandLineProgressMonitor - 9962 nuclei detected (71%)
2024-10-22 21:28:10 INFO: 21:28:10.338 [task-runner-1-55] [INFO ] q.lib.plugins.DetectionPluginTools - 66 nuclei detected (processing time: 7.15 seconds)
2024-10-22 21:28:10 INFO: 21:28:10.339 [main] [INFO ] q.l.p.CommandLineTaskRunner$CommandLineProgressMonitor - 66 nuclei detected (71%)
2024-10-22 21:28:10 INFO: 21:28:10.375 [task-runner-1-29] [INFO ] q.lib.plugins.DetectionPluginTools - 9142 nuclei detected (processing time: 30.08 seconds)
2024-10-22 21:28:10 INFO: 21:28:10.375 [main] [INFO ] q.l.p.CommandLineTaskRunner$CommandLineProgressMonitor - 9142 nuclei detected (72%)
2024-10-22 21:28:10 INFO: 21:28:10.380 [task-runner-1-57] [INFO ] q.lib.plugins.DetectionPluginTools - 34 nuclei detected (processing time: 6.66 seconds)
2024-10-22 21:28:10 INFO: 21:28:10.380 [main] [INFO ] q.l.p.CommandLineTaskRunner$CommandLineProgressMonitor - 34 nuclei detected (73%)
2024-10-22 21:28:10 INFO: 21:28:10.421 [task-runner-1-38] [INFO ] q.lib.plugins.DetectionPluginTools - 51 nuclei detected (processing time: 6.49 seconds)
2024-10-22 21:28:10 INFO: 21:28:10.422 [main] [INFO ] q.l.p.CommandLineTaskRunner$CommandLineProgressMonitor - 51 nuclei detected (73%)
2024-10-22 21:28:10 INFO: 21:28:10.502 [task-runner-1-54] [INFO ] q.lib.plugins.DetectionPluginTools - 43 nuclei detected (processing time: 6.61 seconds)
2024-10-22 21:28:10 INFO: 21:28:10.503 [main] [INFO ] q.l.p.CommandLineTaskRunner$CommandLineProgressMonitor - 43 nuclei detected (74%)
2024-10-22 21:28:10 INFO: 21:28:10.653 [task-runner-1-31] [INFO ] q.lib.plugins.DetectionPluginTools - 9276 nuclei detected (processing time: 30.34 seconds)
2024-10-22 21:28:10 INFO: 21:28:10.654 [main] [INFO ] q.l.p.CommandLineTaskRunner$CommandLineProgressMonitor - 9276 nuclei detected (74%)
2024-10-22 21:28:10 INFO: 21:28:10.669 [task-runner-1-12] [INFO ] q.lib.plugins.DetectionPluginTools - 55 nuclei detected (processing time: 6.54 seconds)
2024-10-22 21:28:10 INFO: 21:28:10.669 [main] [INFO ] q.l.p.CommandLineTaskRunner$CommandLineProgressMonitor - 55 nuclei detected (75%)
2024-10-22 21:28:10 INFO: 21:28:10.749 [task-runner-1-27] [INFO ] q.lib.plugins.DetectionPluginTools - 54 nuclei detected (processing time: 6.43 seconds)
2024-10-22 21:28:10 INFO: 21:28:10.750 [main] [INFO ] q.l.p.CommandLineTaskRunner$CommandLineProgressMonitor - 54 nuclei detected (76%)
2024-10-22 21:28:11 INFO: 21:28:11.105 [task-runner-1-39] [INFO ] q.lib.plugins.DetectionPluginTools - 31 nuclei detected (processing time: 6.19 seconds)
2024-10-22 21:28:11 INFO: 21:28:11.106 [main] [INFO ] q.l.p.CommandLineTaskRunner$CommandLineProgressMonitor - 31 nuclei detected (76%)
2024-10-22 21:28:11 INFO: 21:28:11.116 [task-runner-1-50] [INFO ] q.lib.plugins.DetectionPluginTools - 38 nuclei detected (processing time: 6.33 seconds)
2024-10-22 21:28:11 INFO: 21:28:11.116 [main] [INFO ] q.l.p.CommandLineTaskRunner$CommandLineProgressMonitor - 38 nuclei detected (77%)
2024-10-22 21:28:11 INFO: 21:28:11.439 [task-runner-1-58] [INFO ] q.lib.plugins.DetectionPluginTools - 2739 nuclei detected (processing time: 13.25 seconds)
2024-10-22 21:28:11 INFO: 21:28:11.440 [main] [INFO ] q.l.p.CommandLineTaskRunner$CommandLineProgressMonitor - 2739 nuclei detected (78%)
2024-10-22 21:28:11 INFO: 21:28:11.492 [task-runner-1-10] [INFO ] q.lib.plugins.DetectionPluginTools - 27 nuclei detected (processing time: 6.25 seconds)
2024-10-22 21:28:11 INFO: 21:28:11.493 [main] [INFO ] q.l.p.CommandLineTaskRunner$CommandLineProgressMonitor - 27 nuclei detected (78%)
2024-10-22 21:28:11 INFO: 21:28:11.753 [task-runner-1-63] [INFO ] q.lib.plugins.DetectionPluginTools - 46 nuclei detected (processing time: 7.05 seconds)
2024-10-22 21:28:11 INFO: 21:28:11.754 [main] [INFO ] q.l.p.CommandLineTaskRunner$CommandLineProgressMonitor - 46 nuclei detected (79%)
2024-10-22 21:28:12 INFO: 21:28:12.376 [task-runner-1-13] [INFO ] q.lib.plugins.DetectionPluginTools - 57 nuclei detected (processing time: 6.95 seconds)
2024-10-22 21:28:12 INFO: 21:28:12.377 [main] [INFO ] q.l.p.CommandLineTaskRunner$CommandLineProgressMonitor - 57 nuclei detected (79%)
2024-10-22 21:28:12 INFO: 21:28:12.644 [task-runner-1-18] [INFO ] q.lib.plugins.DetectionPluginTools - 9174 nuclei detected (processing time: 28.94 seconds)
2024-10-22 21:28:12 INFO: 21:28:12.644 [main] [INFO ] q.l.p.CommandLineTaskRunner$CommandLineProgressMonitor - 9174 nuclei detected (80%)
2024-10-22 21:28:12 INFO: 21:28:12.794 [task-runner-1-45] [INFO ] q.lib.plugins.DetectionPluginTools - 9371 nuclei detected (processing time: 29.06 seconds)
2024-10-22 21:28:12 INFO: 21:28:12.794 [main] [INFO ] q.l.p.CommandLineTaskRunner$CommandLineProgressMonitor - 9371 nuclei detected (81%)
2024-10-22 21:28:12 INFO: 21:28:12.801 [task-runner-1-26] [INFO ] q.lib.plugins.DetectionPluginTools - 9092 nuclei detected (processing time: 30.15 seconds)
2024-10-22 21:28:12 INFO: 21:28:12.802 [main] [INFO ] q.l.p.CommandLineTaskRunner$CommandLineProgressMonitor - 9092 nuclei detected (81%)
2024-10-22 21:28:12 INFO: 21:28:12.845 [task-runner-1-7] [INFO ] q.lib.plugins.DetectionPluginTools - 9597 nuclei detected (processing time: 30.47 seconds)
2024-10-22 21:28:12 INFO: 21:28:12.845 [main] [INFO ] q.l.p.CommandLineTaskRunner$CommandLineProgressMonitor - 9597 nuclei detected (82%)
2024-10-22 21:28:12 INFO: 21:28:12.896 [task-runner-1-46] [INFO ] q.lib.plugins.DetectionPluginTools - 8910 nuclei detected (processing time: 30.07 seconds)
2024-10-22 21:28:12 INFO: 21:28:12.896 [main] [INFO ] q.l.p.CommandLineTaskRunner$CommandLineProgressMonitor - 8910 nuclei detected (83%)
2024-10-22 21:28:12 INFO: 21:28:12.912 [task-runner-1-25] [INFO ] q.lib.plugins.DetectionPluginTools - 9795 nuclei detected (processing time: 28.96 seconds)
2024-10-22 21:28:12 INFO: 21:28:12.913 [main] [INFO ] q.l.p.CommandLineTaskRunner$CommandLineProgressMonitor - 9795 nuclei detected (83%)
2024-10-22 21:28:13 INFO: 21:28:13.031 [task-runner-1-36] [INFO ] q.lib.plugins.DetectionPluginTools - 6145 nuclei detected (processing time: 20.13 seconds)
2024-10-22 21:28:13 INFO: 21:28:13.032 [main] [INFO ] q.l.p.CommandLineTaskRunner$CommandLineProgressMonitor - 6145 nuclei detected (84%)
2024-10-22 21:28:13 INFO: 21:28:13.233 [task-runner-1-61] [INFO ] q.lib.plugins.DetectionPluginTools - 9691 nuclei detected (processing time: 27.96 seconds)
2024-10-22 21:28:13 INFO: 21:28:13.234 [main] [INFO ] q.l.p.CommandLineTaskRunner$CommandLineProgressMonitor - 9691 nuclei detected (84%)
2024-10-22 21:28:13 INFO: 21:28:13.366 [task-runner-1-17] [INFO ] q.lib.plugins.DetectionPluginTools - 10081 nuclei detected (processing time: 30.98 seconds)
2024-10-22 21:28:13 INFO: 21:28:13.366 [main] [INFO ] q.l.p.CommandLineTaskRunner$CommandLineProgressMonitor - 10081 nuclei detected (85%)
2024-10-22 21:28:13 INFO: 21:28:13.441 [task-runner-1-9] [INFO ] q.lib.plugins.DetectionPluginTools - 9389 nuclei detected (processing time: 31.13 seconds)
2024-10-22 21:28:13 INFO: 21:28:13.442 [main] [INFO ] q.l.p.CommandLineTaskRunner$CommandLineProgressMonitor - 9389 nuclei detected (86%)
2024-10-22 21:28:13 INFO: 21:28:13.594 [task-runner-1-15] [INFO ] q.lib.plugins.DetectionPluginTools - 6405 nuclei detected (processing time: 20.87 seconds)
2024-10-22 21:28:13 INFO: 21:28:13.594 [main] [INFO ] q.l.p.CommandLineTaskRunner$CommandLineProgressMonitor - 6405 nuclei detected (86%)
2024-10-22 21:28:13 INFO: 21:28:13.720 [task-runner-1-6] [INFO ] q.lib.plugins.DetectionPluginTools - 9674 nuclei detected (processing time: 31.24 seconds)
2024-10-22 21:28:13 INFO: 21:28:13.720 [main] [INFO ] q.l.p.CommandLineTaskRunner$CommandLineProgressMonitor - 9674 nuclei detected (87%)
2024-10-22 21:28:13 INFO: 21:28:13.793 [task-runner-1-5] [INFO ] q.lib.plugins.DetectionPluginTools - 9045 nuclei detected (processing time: 30.70 seconds)
2024-10-22 21:28:13 INFO: 21:28:13.793 [main] [INFO ] q.l.p.CommandLineTaskRunner$CommandLineProgressMonitor - 9045 nuclei detected (88%)
2024-10-22 21:28:13 INFO: 21:28:13.847 [task-runner-1-44] [INFO ] q.lib.plugins.DetectionPluginTools - 9905 nuclei detected (processing time: 28.62 seconds)
2024-10-22 21:28:13 INFO: 21:28:13.847 [main] [INFO ] q.l.p.CommandLineTaskRunner$CommandLineProgressMonitor - 9905 nuclei detected (88%)
2024-10-22 21:28:14 INFO: 21:28:14.367 [task-runner-1-35] [INFO ] q.lib.plugins.DetectionPluginTools - 9801 nuclei detected (processing time: 29.12 seconds)
2024-10-22 21:28:14 INFO: 21:28:14.368 [main] [INFO ] q.l.p.CommandLineTaskRunner$CommandLineProgressMonitor - 9801 nuclei detected (89%)
2024-10-22 21:28:14 INFO: 21:28:14.490 [task-runner-1-28] [INFO ] q.lib.plugins.DetectionPluginTools - 9854 nuclei detected (processing time: 32.03 seconds)
2024-10-22 21:28:14 INFO: 21:28:14.490 [main] [INFO ] q.l.p.CommandLineTaskRunner$CommandLineProgressMonitor - 9854 nuclei detected (89%)
2024-10-22 21:28:14 INFO: 21:28:14.493 [task-runner-1-43] [INFO ] q.lib.plugins.DetectionPluginTools - 9176 nuclei detected (processing time: 28.36 seconds)
2024-10-22 21:28:14 INFO: 21:28:14.493 [main] [INFO ] q.l.p.CommandLineTaskRunner$CommandLineProgressMonitor - 9176 nuclei detected (90%)
2024-10-22 21:28:14 INFO: 21:28:14.499 [task-runner-1-34] [INFO ] q.lib.plugins.DetectionPluginTools - 9135 nuclei detected (processing time: 28.62 seconds)
2024-10-22 21:28:14 INFO: 21:28:14.499 [main] [INFO ] q.l.p.CommandLineTaskRunner$CommandLineProgressMonitor - 9135 nuclei detected (91%)
2024-10-22 21:28:14 INFO: 21:28:14.583 [task-runner-1-51] [INFO ] q.lib.plugins.DetectionPluginTools - 8690 nuclei detected (processing time: 27.58 seconds)
2024-10-22 21:28:14 INFO: 21:28:14.584 [main] [INFO ] q.l.p.CommandLineTaskRunner$CommandLineProgressMonitor - 8690 nuclei detected (91%)
2024-10-22 21:28:14 INFO: 21:28:14.636 [task-runner-1-41] [INFO ] q.lib.plugins.DetectionPluginTools - 4833 nuclei detected (processing time: 15.77 seconds)
2024-10-22 21:28:14 INFO: 21:28:14.637 [main] [INFO ] q.l.p.CommandLineTaskRunner$CommandLineProgressMonitor - 4833 nuclei detected (92%)
2024-10-22 21:28:14 INFO: 21:28:14.722 [task-runner-1-3] [INFO ] q.lib.plugins.DetectionPluginTools - 6564 nuclei detected (processing time: 22.36 seconds)
2024-10-22 21:28:14 INFO: 21:28:14.723 [main] [INFO ] q.l.p.CommandLineTaskRunner$CommandLineProgressMonitor - 6564 nuclei detected (93%)
2024-10-22 21:28:14 INFO: 21:28:14.763 [task-runner-1-56] [INFO ] q.lib.plugins.DetectionPluginTools - 4987 nuclei detected (processing time: 16.43 seconds)
2024-10-22 21:28:14 INFO: 21:28:14.763 [main] [INFO ] q.l.p.CommandLineTaskRunner$CommandLineProgressMonitor - 4987 nuclei detected (93%)
2024-10-22 21:28:14 INFO: 21:28:14.908 [task-runner-1-49] [INFO ] q.lib.plugins.DetectionPluginTools - 7894 nuclei detected (processing time: 22.47 seconds)
2024-10-22 21:28:14 INFO: 21:28:14.908 [main] [INFO ] q.l.p.CommandLineTaskRunner$CommandLineProgressMonitor - 7894 nuclei detected (94%)
2024-10-22 21:28:14 INFO: 21:28:14.929 [task-runner-1-59] [INFO ] q.lib.plugins.DetectionPluginTools - 7448 nuclei detected (processing time: 21.22 seconds)
2024-10-22 21:28:14 INFO: 21:28:14.929 [main] [INFO ] q.l.p.CommandLineTaskRunner$CommandLineProgressMonitor - 7448 nuclei detected (94%)
2024-10-22 21:28:14 INFO: 21:28:14.989 [task-runner-1-32] [INFO ] q.lib.plugins.DetectionPluginTools - 8944 nuclei detected (processing time: 28.09 seconds)
2024-10-22 21:28:14 INFO: 21:28:14.989 [main] [INFO ] q.l.p.CommandLineTaskRunner$CommandLineProgressMonitor - 8944 nuclei detected (95%)
2024-10-22 21:28:15 INFO: 21:28:15.013 [task-runner-1-62] [INFO ] q.lib.plugins.DetectionPluginTools - 9625 nuclei detected (processing time: 29.65 seconds)
2024-10-22 21:28:15 INFO: 21:28:15.013 [main] [INFO ] q.l.p.CommandLineTaskRunner$CommandLineProgressMonitor - 9625 nuclei detected (96%)
2024-10-22 21:28:15 INFO: 21:28:15.201 [task-runner-1-24] [INFO ] q.lib.plugins.DetectionPluginTools - 8772 nuclei detected (processing time: 28.89 seconds)
2024-10-22 21:28:15 INFO: 21:28:15.202 [main] [INFO ] q.l.p.CommandLineTaskRunner$CommandLineProgressMonitor - 8772 nuclei detected (96%)
2024-10-22 21:28:15 INFO: 21:28:15.215 [task-runner-1-23] [INFO ] q.lib.plugins.DetectionPluginTools - 8966 nuclei detected (processing time: 29.08 seconds)
2024-10-22 21:28:15 INFO: 21:28:15.215 [main] [INFO ] q.l.p.CommandLineTaskRunner$CommandLineProgressMonitor - 8966 nuclei detected (97%)
2024-10-22 21:28:15 INFO: 21:28:15.626 [task-runner-1-14] [INFO ] q.lib.plugins.DetectionPluginTools - 8483 nuclei detected (processing time: 21.88 seconds)
2024-10-22 21:28:15 INFO: 21:28:15.627 [main] [INFO ] q.l.p.CommandLineTaskRunner$CommandLineProgressMonitor - 8483 nuclei detected (98%)
2024-10-22 21:28:16 INFO: 21:28:16.290 [task-runner-1-21] [INFO ] q.lib.plugins.DetectionPluginTools - 9197 nuclei detected (processing time: 21.99 seconds)
2024-10-22 21:28:16 INFO: 21:28:16.291 [main] [INFO ] q.l.p.CommandLineTaskRunner$CommandLineProgressMonitor - 9197 nuclei detected (98%)
2024-10-22 21:28:16 INFO: 21:28:16.905 [task-runner-1-42] [INFO ] q.lib.plugins.DetectionPluginTools - 9382 nuclei detected (processing time: 22.79 seconds)
2024-10-22 21:28:16 INFO: 21:28:16.905 [main] [INFO ] q.l.p.CommandLineTaskRunner$CommandLineProgressMonitor - 9382 nuclei detected (99%)
2024-10-22 21:28:17 INFO: 21:28:17.012 [task-runner-1-52] [INFO ] q.lib.plugins.DetectionPluginTools - 9156 nuclei detected (processing time: 22.61 seconds)
2024-10-22 21:28:17 INFO: 21:28:17.012 [main] [INFO ] q.l.p.CommandLineTaskRunner$CommandLineProgressMonitor - 9156 nuclei detected (99%)
2024-10-22 21:28:17 INFO: 21:28:17.045 [task-runner-1-1] [INFO ] q.lib.plugins.DetectionPluginTools - 9162 nuclei detected (processing time: 23.11 seconds)
2024-10-22 21:28:17 INFO: 21:28:17.045 [main] [INFO ] q.l.p.CommandLineTaskRunner$CommandLineProgressMonitor - 9162 nuclei detected (100%)
2024-10-22 21:28:17 INFO: 21:28:17.045 [main] [INFO ] q.l.p.CommandLineTaskRunner$CommandLineProgressMonitor - Processing complete in 50.47 seconds
2024-10-22 21:28:17 INFO: 21:28:17.045 [main] [INFO ] q.l.p.CommandLineTaskRunner$CommandLineProgressMonitor - Tasks completed!
2024-10-22 21:28:42 INFO: 21:28:42.511 [main] [WARN ] q.l.p.objects.SmoothFeaturesPlugin - Smoothing using annotations
2024-10-22 21:28:55 INFO: 21:28:55.000 [main] [INFO ] q.l.p.CommandLineTaskRunner$CommandLineProgressMonitor - Completed (100%)
2024-10-22 21:28:55 INFO: 21:28:55.002 [main] [INFO ] q.l.p.CommandLineTaskRunner$CommandLineProgressMonitor - Processing complete in 12.49 seconds
2024-10-22 21:28:55 INFO: 21:28:55.002 [main] [INFO ] q.l.p.CommandLineTaskRunner$CommandLineProgressMonitor - Tasks completed!
2024-10-22 21:28:55 INFO: 21:28:55.010 [main] [WARN ] q.l.p.objects.SmoothFeaturesPlugin - Smoothing using annotations
2024-10-22 21:29:22 INFO: 21:29:22.229 [main] [INFO ] q.l.p.CommandLineTaskRunner$CommandLineProgressMonitor - Completed (100%)
2024-10-22 21:29:22 INFO: 21:29:22.229 [main] [INFO ] q.l.p.CommandLineTaskRunner$CommandLineProgressMonitor - Processing complete in 27.22 seconds
2024-10-22 21:29:22 INFO: 21:29:22.229 [main] [INFO ] q.l.p.CommandLineTaskRunner$CommandLineProgressMonitor - Tasks completed!
2024-10-22 21:29:22 INFO: 21:29:22.231 [main] [WARN ] q.l.p.objects.SmoothFeaturesPlugin - Smoothing using annotations
2024-10-22 21:30:50 INFO: 21:30:50.310 [main] [INFO ] q.l.p.CommandLineTaskRunner$CommandLineProgressMonitor - Completed (100%)
2024-10-22 21:30:50 INFO: 21:30:50.311 [main] [INFO ] q.l.p.CommandLineTaskRunner$CommandLineProgressMonitor - Processing complete in 88.08 seconds
2024-10-22 21:30:50 INFO: 21:30:50.311 [main] [INFO ] q.l.p.CommandLineTaskRunner$CommandLineProgressMonitor - Tasks completed!
2024-10-22 21:30:50 INFO: 21:30:50.745 [task-runner-5-2] [INFO ] q.l.a.IntensityFeaturesPlugin - Splitting Rectangle (0, 0, 63784, 39311) into 40 tiles for intensity measurements
2024-10-22 21:30:51 INFO: 21:30:51.197 [main] [INFO ] q.l.p.CommandLineTaskRunner$CommandLineProgressMonitor - Completed (0%)
2024-10-22 21:30:52 INFO: 21:30:52.065 [main] [INFO ] q.l.p.CommandLineTaskRunner$CommandLineProgressMonitor - Completed (1%)
2024-10-22 21:30:52 INFO: 21:30:52.872 [main] [INFO ] q.l.p.CommandLineTaskRunner$CommandLineProgressMonitor - Completed (2%)
2024-10-22 21:30:53 INFO: 21:30:53.345 [main] [INFO ] q.l.p.CommandLineTaskRunner$CommandLineProgressMonitor - Completed (3%)
2024-10-22 21:30:54 INFO: 21:30:54.451 [main] [INFO ] q.l.p.CommandLineTaskRunner$CommandLineProgressMonitor - Completed (4%)
2024-10-22 21:30:54 INFO: 21:30:54.729 [main] [INFO ] q.l.p.CommandLineTaskRunner$CommandLineProgressMonitor - Completed (5%)
2024-10-22 21:30:55 INFO: 21:30:55.905 [main] [INFO ] q.l.p.CommandLineTaskRunner$CommandLineProgressMonitor - Completed (6%)
2024-10-22 21:30:56 INFO: 21:30:56.209 [main] [INFO ] q.l.p.CommandLineTaskRunner$CommandLineProgressMonitor - Completed (7%)
2024-10-22 21:30:56 INFO: 21:30:56.498 [main] [INFO ] q.l.p.CommandLineTaskRunner$CommandLineProgressMonitor - Completed (8%)
2024-10-22 21:30:56 INFO: 21:30:56.897 [main] [INFO ] q.l.p.CommandLineTaskRunner$CommandLineProgressMonitor - Completed (9%)
2024-10-22 21:30:57 INFO: 21:30:57.304 [main] [INFO ] q.l.p.CommandLineTaskRunner$CommandLineProgressMonitor - Completed (10%)
2024-10-22 21:30:57 INFO: 21:30:57.569 [main] [INFO ] q.l.p.CommandLineTaskRunner$CommandLineProgressMonitor - Completed (11%)
2024-10-22 21:30:57 INFO: 21:30:57.840 [main] [INFO ] q.l.p.CommandLineTaskRunner$CommandLineProgressMonitor - Completed (12%)
2024-10-22 21:30:58 INFO: 21:30:58.145 [main] [INFO ] q.l.p.CommandLineTaskRunner$CommandLineProgressMonitor - Completed (13%)
2024-10-22 21:30:58 INFO: 21:30:58.413 [main] [INFO ] q.l.p.CommandLineTaskRunner$CommandLineProgressMonitor - Completed (14%)
2024-10-22 21:30:58 INFO: 21:30:58.682 [main] [INFO ] q.l.p.CommandLineTaskRunner$CommandLineProgressMonitor - Completed (15%)
2024-10-22 21:30:58 INFO: 21:30:58.969 [main] [INFO ] q.l.p.CommandLineTaskRunner$CommandLineProgressMonitor - Completed (16%)
2024-10-22 21:30:59 INFO: 21:30:59.243 [main] [INFO ] q.l.p.CommandLineTaskRunner$CommandLineProgressMonitor - Completed (17%)
2024-10-22 21:30:59 INFO: 21:30:59.615 [main] [INFO ] q.l.p.CommandLineTaskRunner$CommandLineProgressMonitor - Completed (18%)
2024-10-22 21:31:00 INFO: 21:31:00.070 [main] [INFO ] q.l.p.CommandLineTaskRunner$CommandLineProgressMonitor - Completed (19%)
2024-10-22 21:31:00 INFO: 21:31:00.370 [main] [INFO ] q.l.p.CommandLineTaskRunner$CommandLineProgressMonitor - Completed (20%)
2024-10-22 21:31:00 INFO: 21:31:00.656 [main] [INFO ] q.l.p.CommandLineTaskRunner$CommandLineProgressMonitor - Completed (21%)
2024-10-22 21:31:00 INFO: 21:31:00.942 [main] [INFO ] q.l.p.CommandLineTaskRunner$CommandLineProgressMonitor - Completed (22%)
2024-10-22 21:31:01 INFO: 21:31:01.194 [main] [INFO ] q.l.p.CommandLineTaskRunner$CommandLineProgressMonitor - Completed (23%)
2024-10-22 21:31:01 INFO: 21:31:01.418 [main] [INFO ] q.l.p.CommandLineTaskRunner$CommandLineProgressMonitor - Completed (24%)
2024-10-22 21:31:01 INFO: 21:31:01.732 [main] [INFO ] q.l.p.CommandLineTaskRunner$CommandLineProgressMonitor - Completed (25%)
2024-10-22 21:31:02 INFO: 21:31:02.132 [main] [INFO ] q.l.p.CommandLineTaskRunner$CommandLineProgressMonitor - Completed (26%)
2024-10-22 21:31:02 INFO: 21:31:02.537 [main] [INFO ] q.l.p.CommandLineTaskRunner$CommandLineProgressMonitor - Completed (27%)
2024-10-22 21:31:02 INFO: 21:31:02.967 [main] [INFO ] q.l.p.CommandLineTaskRunner$CommandLineProgressMonitor - Completed (28%)
2024-10-22 21:31:03 INFO: 21:31:03.358 [main] [INFO ] q.l.p.CommandLineTaskRunner$CommandLineProgressMonitor - Completed (29%)
2024-10-22 21:31:03 INFO: 21:31:03.741 [main] [INFO ] q.l.p.CommandLineTaskRunner$CommandLineProgressMonitor - Completed (30%)
2024-10-22 21:31:04 INFO: 21:31:04.134 [main] [INFO ] q.l.p.CommandLineTaskRunner$CommandLineProgressMonitor - Completed (31%)
2024-10-22 21:31:04 INFO: 21:31:04.540 [main] [INFO ] q.l.p.CommandLineTaskRunner$CommandLineProgressMonitor - Completed (32%)
2024-10-22 21:31:04 INFO: 21:31:04.884 [main] [INFO ] q.l.p.CommandLineTaskRunner$CommandLineProgressMonitor - Completed (33%)
2024-10-22 21:31:05 INFO: 21:31:05.281 [main] [INFO ] q.l.p.CommandLineTaskRunner$CommandLineProgressMonitor - Completed (34%)
2024-10-22 21:31:05 INFO: 21:31:05.567 [main] [INFO ] q.l.p.CommandLineTaskRunner$CommandLineProgressMonitor - Completed (35%)
2024-10-22 21:31:05 INFO: 21:31:05.839 [main] [INFO ] q.l.p.CommandLineTaskRunner$CommandLineProgressMonitor - Completed (36%)
2024-10-22 21:31:06 INFO: 21:31:06.106 [main] [INFO ] q.l.p.CommandLineTaskRunner$CommandLineProgressMonitor - Completed (37%)
2024-10-22 21:31:06 INFO: 21:31:06.360 [main] [INFO ] q.l.p.CommandLineTaskRunner$CommandLineProgressMonitor - Completed (38%)
2024-10-22 21:31:06 INFO: 21:31:06.592 [main] [INFO ] q.l.p.CommandLineTaskRunner$CommandLineProgressMonitor - Completed (39%)
2024-10-22 21:31:06 INFO: 21:31:06.823 [main] [INFO ] q.l.p.CommandLineTaskRunner$CommandLineProgressMonitor - Completed (40%)
2024-10-22 21:31:07 INFO: 21:31:07.051 [main] [INFO ] q.l.p.CommandLineTaskRunner$CommandLineProgressMonitor - Completed (41%)
2024-10-22 21:31:07 INFO: 21:31:07.274 [main] [INFO ] q.l.p.CommandLineTaskRunner$CommandLineProgressMonitor - Completed (42%)
2024-10-22 21:31:07 INFO: 21:31:07.503 [main] [INFO ] q.l.p.CommandLineTaskRunner$CommandLineProgressMonitor - Completed (43%)
2024-10-22 21:31:07 INFO: 21:31:07.730 [main] [INFO ] q.l.p.CommandLineTaskRunner$CommandLineProgressMonitor - Completed (44%)
2024-10-22 21:31:07 INFO: 21:31:07.959 [main] [INFO ] q.l.p.CommandLineTaskRunner$CommandLineProgressMonitor - Completed (45%)
2024-10-22 21:31:08 INFO: 21:31:08.181 [main] [INFO ] q.l.p.CommandLineTaskRunner$CommandLineProgressMonitor - Completed (46%)
2024-10-22 21:31:08 INFO: 21:31:08.409 [main] [INFO ] q.l.p.CommandLineTaskRunner$CommandLineProgressMonitor - Completed (47%)
2024-10-22 21:31:08 INFO: 21:31:08.639 [main] [INFO ] q.l.p.CommandLineTaskRunner$CommandLineProgressMonitor - Completed (48%)
2024-10-22 21:31:09 INFO: 21:31:09.020 [main] [INFO ] q.l.p.CommandLineTaskRunner$CommandLineProgressMonitor - Completed (49%)
2024-10-22 21:31:09 INFO: 21:31:09.393 [main] [INFO ] q.l.p.CommandLineTaskRunner$CommandLineProgressMonitor - Completed (50%)
2024-10-22 21:31:09 INFO: 21:31:09.756 [main] [INFO ] q.l.p.CommandLineTaskRunner$CommandLineProgressMonitor - Completed (51%)
2024-10-22 21:31:10 INFO: 21:31:10.065 [main] [INFO ] q.l.p.CommandLineTaskRunner$CommandLineProgressMonitor - Completed (52%)
2024-10-22 21:31:10 INFO: 21:31:10.339 [main] [INFO ] q.l.p.CommandLineTaskRunner$CommandLineProgressMonitor - Completed (53%)
2024-10-22 21:31:10 INFO: 21:31:10.586 [main] [INFO ] q.l.p.CommandLineTaskRunner$CommandLineProgressMonitor - Completed (54%)
2024-10-22 21:31:10 INFO: 21:31:10.825 [main] [INFO ] q.l.p.CommandLineTaskRunner$CommandLineProgressMonitor - Completed (55%)
2024-10-22 21:31:11 INFO: 21:31:11.057 [main] [INFO ] q.l.p.CommandLineTaskRunner$CommandLineProgressMonitor - Completed (56%)
2024-10-22 21:31:11 INFO: 21:31:11.298 [main] [INFO ] q.l.p.CommandLineTaskRunner$CommandLineProgressMonitor - Completed (57%)
2024-10-22 21:31:11 INFO: 21:31:11.536 [main] [INFO ] q.l.p.CommandLineTaskRunner$CommandLineProgressMonitor - Completed (58%)
2024-10-22 21:31:11 INFO: 21:31:11.776 [main] [INFO ] q.l.p.CommandLineTaskRunner$CommandLineProgressMonitor - Completed (59%)
2024-10-22 21:31:12 INFO: 21:31:12.012 [main] [INFO ] q.l.p.CommandLineTaskRunner$CommandLineProgressMonitor - Completed (60%)
2024-10-22 21:31:12 INFO: 21:31:12.266 [main] [INFO ] q.l.p.CommandLineTaskRunner$CommandLineProgressMonitor - Completed (61%)
2024-10-22 21:31:12 INFO: 21:31:12.635 [main] [INFO ] q.l.p.CommandLineTaskRunner$CommandLineProgressMonitor - Completed (62%)
2024-10-22 21:31:12 INFO: 21:31:12.930 [main] [INFO ] q.l.p.CommandLineTaskRunner$CommandLineProgressMonitor - Completed (63%)
2024-10-22 21:31:13 INFO: 21:31:13.214 [main] [INFO ] q.l.p.CommandLineTaskRunner$CommandLineProgressMonitor - Completed (64%)
2024-10-22 21:31:13 INFO: 21:31:13.505 [main] [INFO ] q.l.p.CommandLineTaskRunner$CommandLineProgressMonitor - Completed (65%)
2024-10-22 21:31:13 INFO: 21:31:13.770 [main] [INFO ] q.l.p.CommandLineTaskRunner$CommandLineProgressMonitor - Completed (66%)
2024-10-22 21:31:14 INFO: 21:31:14.031 [main] [INFO ] q.l.p.CommandLineTaskRunner$CommandLineProgressMonitor - Completed (67%)
2024-10-22 21:31:14 INFO: 21:31:14.283 [main] [INFO ] q.l.p.CommandLineTaskRunner$CommandLineProgressMonitor - Completed (68%)
2024-10-22 21:31:14 INFO: 21:31:14.513 [main] [INFO ] q.l.p.CommandLineTaskRunner$CommandLineProgressMonitor - Completed (69%)
2024-10-22 21:31:14 INFO: 21:31:14.745 [main] [INFO ] q.l.p.CommandLineTaskRunner$CommandLineProgressMonitor - Completed (70%)
2024-10-22 21:31:14 INFO: 21:31:14.979 [main] [INFO ] q.l.p.CommandLineTaskRunner$CommandLineProgressMonitor - Completed (71%)
2024-10-22 21:31:15 INFO: 21:31:15.212 [main] [INFO ] q.l.p.CommandLineTaskRunner$CommandLineProgressMonitor - Completed (72%)
2024-10-22 21:31:15 INFO: 21:31:15.445 [main] [INFO ] q.l.p.CommandLineTaskRunner$CommandLineProgressMonitor - Completed (73%)
2024-10-22 21:31:15 INFO: 21:31:15.687 [main] [INFO ] q.l.p.CommandLineTaskRunner$CommandLineProgressMonitor - Completed (74%)
2024-10-22 21:31:15 INFO: 21:31:15.929 [main] [INFO ] q.l.p.CommandLineTaskRunner$CommandLineProgressMonitor - Completed (75%)
2024-10-22 21:31:16 INFO: 21:31:16.184 [main] [INFO ] q.l.p.CommandLineTaskRunner$CommandLineProgressMonitor - Completed (76%)
2024-10-22 21:31:16 INFO: 21:31:16.457 [main] [INFO ] q.l.p.CommandLineTaskRunner$CommandLineProgressMonitor - Completed (77%)
2024-10-22 21:31:16 INFO: 21:31:16.827 [main] [INFO ] q.l.p.CommandLineTaskRunner$CommandLineProgressMonitor - Completed (78%)
2024-10-22 21:31:17 INFO: 21:31:17.141 [main] [INFO ] q.l.p.CommandLineTaskRunner$CommandLineProgressMonitor - Completed (79%)
2024-10-22 21:31:17 INFO: 21:31:17.448 [main] [INFO ] q.l.p.CommandLineTaskRunner$CommandLineProgressMonitor - Completed (80%)
2024-10-22 21:31:17 INFO: 21:31:17.757 [main] [INFO ] q.l.p.CommandLineTaskRunner$CommandLineProgressMonitor - Completed (81%)
2024-10-22 21:31:18 INFO: 21:31:18.067 [main] [INFO ] q.l.p.CommandLineTaskRunner$CommandLineProgressMonitor - Completed (82%)
2024-10-22 21:31:18 INFO: 21:31:18.380 [main] [INFO ] q.l.p.CommandLineTaskRunner$CommandLineProgressMonitor - Completed (83%)
2024-10-22 21:31:18 INFO: 21:31:18.698 [main] [INFO ] q.l.p.CommandLineTaskRunner$CommandLineProgressMonitor - Completed (84%)
2024-10-22 21:31:19 INFO: 21:31:19.089 [main] [INFO ] q.l.p.CommandLineTaskRunner$CommandLineProgressMonitor - Completed (85%)
2024-10-22 21:31:19 INFO: 21:31:19.575 [main] [INFO ] q.l.p.CommandLineTaskRunner$CommandLineProgressMonitor - Completed (86%)
2024-10-22 21:31:19 INFO: 21:31:19.849 [main] [INFO ] q.l.p.CommandLineTaskRunner$CommandLineProgressMonitor - Completed (87%)
2024-10-22 21:31:20 INFO: 21:31:20.118 [main] [INFO ] q.l.p.CommandLineTaskRunner$CommandLineProgressMonitor - Completed (88%)
2024-10-22 21:31:20 INFO: 21:31:20.388 [main] [INFO ] q.l.p.CommandLineTaskRunner$CommandLineProgressMonitor - Completed (89%)
2024-10-22 21:31:20 INFO: 21:31:20.617 [main] [INFO ] q.l.p.CommandLineTaskRunner$CommandLineProgressMonitor - Completed (90%)
2024-10-22 21:31:20 INFO: 21:31:20.848 [main] [INFO ] q.l.p.CommandLineTaskRunner$CommandLineProgressMonitor - Completed (91%)
2024-10-22 21:31:21 INFO: 21:31:21.076 [main] [INFO ] q.l.p.CommandLineTaskRunner$CommandLineProgressMonitor - Completed (92%)
2024-10-22 21:31:21 INFO: 21:31:21.312 [main] [INFO ] q.l.p.CommandLineTaskRunner$CommandLineProgressMonitor - Completed (93%)
2024-10-22 21:31:21 INFO: 21:31:21.547 [main] [INFO ] q.l.p.CommandLineTaskRunner$CommandLineProgressMonitor - Completed (94%)
2024-10-22 21:31:21 INFO: 21:31:21.777 [main] [INFO ] q.l.p.CommandLineTaskRunner$CommandLineProgressMonitor - Completed (95%)
2024-10-22 21:31:22 INFO: 21:31:22.010 [main] [INFO ] q.l.p.CommandLineTaskRunner$CommandLineProgressMonitor - Completed (96%)
2024-10-22 21:31:22 INFO: 21:31:22.241 [main] [INFO ] q.l.p.CommandLineTaskRunner$CommandLineProgressMonitor - Completed (97%)
2024-10-22 21:31:22 INFO: 21:31:22.482 [main] [INFO ] q.l.p.CommandLineTaskRunner$CommandLineProgressMonitor - Completed (98%)
2024-10-22 21:31:22 INFO: 21:31:22.751 [main] [INFO ] q.l.p.CommandLineTaskRunner$CommandLineProgressMonitor - Completed (99%)
2024-10-22 21:31:23 INFO: 21:31:23.012 [main] [INFO ] q.l.p.CommandLineTaskRunner$CommandLineProgressMonitor - Completed (100%)
2024-10-22 21:32:06 INFO: 21:32:06.104 [main] [INFO ] q.l.p.CommandLineTaskRunner$CommandLineProgressMonitor - Completed (100%)
2024-10-22 21:32:06 INFO: 21:32:06.104 [main] [INFO ] q.l.p.CommandLineTaskRunner$CommandLineProgressMonitor - Processing complete in 75.38 seconds
2024-10-22 21:32:06 INFO: 21:32:06.105 [main] [INFO ] q.l.p.CommandLineTaskRunner$CommandLineProgressMonitor - Tasks completed!
2024-10-22 21:37:32 INFO: 21:37:32.008 [task-runner-6-1] [WARN ] q.o.features.DelaunayTriangulation - Some objects have missing measurements! Statistics will calculated only for objects with measurements available.
2024-10-22 21:37:32 INFO: 21:37:32.008 [task-runner-6-1] [WARN ] q.o.features.DelaunayTriangulation - Missing measurements: [ROI: 1.00 m per pixel: Residual: Haralick Correlation (F2), ROI: 1.00 m per pixel: Residual: Haralick Information measure of correlation 1 (F11), ROI: 1.00 m per pixel: Hematoxylin: Haralick Correlation (F2), ROI: 1.00 m per pixel: Hematoxylin: Haralick Information measure of correlation 1 (F11), ROI: 1.00 m per pixel: Eosin: Haralick Correlation (F2), ROI: 1.00 m per pixel: Eosin: Haralick Information measure of correlation 1 (F11), ROI: 1.00 m per pixel: Red: Haralick Correlation (F2), ROI: 1.00 m per pixel: Red: Haralick Information measure of correlation 1 (F11), ROI: 1.00 m per pixel: Saturation: Haralick Correlation (F2), ROI: 1.00 m per pixel: Saturation: Haralick Information measure of correlation 1 (F11), ROI: 1.00 m per pixel: Brightness: Haralick Correlation (F2), ROI: 1.00 m per pixel: Brightness: Haralick Information measure of correlation 1 (F11), ROI: 1.00 m per pixel: Blue: Haralick Correlation (F2), ROI: 1.00 m per pixel: Blue: Haralick Information measure of correlation 1 (F11), ROI: 1.00 m per pixel: OD Sum: Haralick Correlation (F2), ROI: 1.00 m per pixel: OD Sum: Haralick Information measure of correlation 1 (F11), ROI: 1.00 m per pixel: Green: Haralick Correlation (F2), ROI: 1.00 m per pixel: Green: Haralick Information measure of correlation 1 (F11), ROI: 1.00 m per pixel: Hematoxylin: Haralick Information measure of correlation 2 (F12), ROI: 1.00 m per pixel: Residual: Haralick Information measure of correlation 2 (F12), ROI: 1.00 m per pixel: Eosin: Haralick Information measure of correlation 2 (F12)]
2024-10-22 21:37:32 INFO: 21:37:32.106 [main] [INFO ] q.l.p.CommandLineTaskRunner$CommandLineProgressMonitor - Delaunay triangulation calculated for Annotation (548806 objects) (100%)
2024-10-22 21:37:32 INFO: 21:37:32.106 [main] [INFO ] q.l.p.CommandLineTaskRunner$CommandLineProgressMonitor - Processing complete in 325.95 seconds
2024-10-22 21:37:32 INFO: 21:37:32.106 [main] [INFO ] q.l.p.CommandLineTaskRunner$CommandLineProgressMonitor - Tasks completed!
2024-10-22 21:43:33 INFO: TCGA-GI-A2C8-01Z-00-DX1.09BD8AC9-645A-4C8B-9B36-77D833BDBA09
2024-10-22 21:43:33 INFO: QuPath subprocess completed.
2024-10-22 21:44:05 INFO: QuPath image extraction completed successfully. Output directory: /home/ilants/Documents/jupyter_test/single_image_multiple_params/exp_threshold_0.0025
2024-10-22 21:44:05 INFO: Summary table saved to: /home/ilants/Documents/jupyter_test/single_image_multiple_params/exp_threshold_0.0025/Summary_Table.csv
2024-10-22 21:44:05 INFO: Experiment completed successfully.
