2024-10-23 00:04:07 INFO: Starting experiment with for backgroundRadiusMicrons with value of 16.0
2024-10-23 00:04:07 INFO: Running with the following configuration:
{'detectionImageBrightfield': 'Hematoxylin OD', 'requestedPixelSizeMicrons': 0.5, 'backgroundRadiusMicrons': 16.0, 'backgroundByReconstruction': True, 'medianRadiusMicrons': 0.0, 'sigmaMicrons': 1.5, 'minAreaMicrons': 10.0, 'maxAreaMicrons': 80.0, 'threshold': 0.1, 'maxBackground': 2.0, 'watershedPostProcess': True, 'cellExpansionMicrons': 5.0, 'includeNuclei': True, 'smoothBoundaries': True, 'makeMeasurements': True, 'backgroundRadiusPixel': 8.0, 'cellExpansionPixel': 10.0, 'medianRadiusPixel': 0.0, 'minAreaPixel': 20.0, 'maxAreaPixel': 160.0}
2024-10-23 00:04:07 INFO: Starting QuPath image extraction with the following parameters: image_dir=/home/ilants/Documents/jupyter_test, output_dir=/home/ilants/Documents/jupyter_test/single_image_multiple_params/exp_backgroundRadiusMicrons_16.0, image_type=svs, groovy_script=/home/ilants/Documents/utls/nucleus_detection_wargs.groovy, config_file=/home/ilants/Documents/jupyter_test/single_image_multiple_params/exp_backgroundRadiusMicrons_16.0/cfg.json, program_path=/home/ilants/Documents/QuPath-v0.5.1-Linux/QuPath/bin/QuPath
2024-10-23 00:04:08 INFO: 00:04:08.154 [main] [INFO ] qupath.lib.gui.prefs.PathPrefs - Setting default Locale to en_US
2024-10-23 00:04:08 INFO: 00:04:08.158 [main] [INFO ] qupath.lib.gui.prefs.PathPrefs - Setting Locale for FORMAT to en_US
2024-10-23 00:04:08 INFO: 00:04:08.158 [main] [INFO ] qupath.lib.gui.prefs.PathPrefs - Setting Locale for DISPLAY to en_US
2024-10-23 00:04:08 INFO: 00:04:08.172 [main] [INFO ] qupath.lib.common.ThreadTools - Setting parallelism to 63
2024-10-23 00:04:08 INFO: 00:04:08.191 [main] [INFO ] qupath.ScriptCommand - Setting tile cache size to 32200.00 MB (25.0% max memory)
2024-10-23 00:04:08 INFO: 00:04:08.237 [main] [INFO ] qupath.lib.scripting.QP - Initializing type adapters
2024-10-23 00:04:08 INFO: Warning: Versions of org.bytedeco:javacpp:1.5.9 and org.bytedeco:opencv:4.6.0-1.5.8 do not match.
2024-10-23 00:04:08 INFO: Warning: Versions of org.bytedeco:javacpp:1.5.9 and org.bytedeco:openblas:0.3.21-1.5.8 do not match.
2024-10-23 00:04:09 INFO: project parameters are: {"detectionImageBrightfield": "Hematoxylin OD","requestedPixelSizeMicrons": 0.5,"backgroundRadiusMicrons": 16.0,"backgroundByReconstruction": true,"medianRadiusMicrons": 0.0,"sigmaMicrons": 1.5,"minAreaMicrons": 10.0,"maxAreaMicrons": 80.0,"threshold": 0.1,"maxBackground": 2.0,"watershedPostProcess": true,"cellExpansionMicrons": 5.0,"includeNuclei": true,"smoothBoundaries": true,"makeMeasurements": true,"backgroundRadiusPixel": 8.0,"cellExpansionPixel": 10.0,"medianRadiusPixel": 0.0,"minAreaPixel": 20.0,"maxAreaPixel": 160.0}
2024-10-23 00:04:09 INFO: New project created at: /home/ilants/Documents/jupyter_test/single_image_multiple_params/exp_backgroundRadiusMicrons_16.0/QPProject
2024-10-23 00:04:09 INFO: Added: /home/ilants/Documents/jupyter_test/TCGA-GI-A2C8-01Z-00-DX1.09BD8AC9-645A-4C8B-9B36-77D833BDBA09.svs
2024-10-23 00:04:09 INFO: /home/ilants/Documents/jupyter_test/TCGA-GI-A2C8-01Z-00-DX1.09BD8AC9-645A-4C8B-9B36-77D833BDBA09.svs
2024-10-23 00:04:10 INFO: 00:04:10.187 [main] [INFO ] q.l.i.s.b.BioFormatsServerOptions - Setting max Bio-Formats readers to 32
2024-10-23 00:04:10 INFO: UriImageSupport (class qupath.lib.images.servers.bioformats.BioFormatsServerBuilder) support=3.0, builders=1
2024-10-23 00:04:10 INFO: true
2024-10-23 00:04:10 INFO: 00:04:10.876 [main] [WARN ] qupath.lib.scripting.QP - createSelectAllObject(boolean) is deprecated, use createFullImageAnnotation(boolean) instead
2024-10-23 00:04:10 INFO: 00:04:10.876 [main] [WARN ] qupath.lib.scripting.QP - createSelectAllObject(boolean, int, int) is deprecated, use createFullImageAnnotation(boolean, int, int) instead
2024-10-23 00:04:10 INFO: 00:04:10.887 [main] [WARN ] q.l.plugins.parameters.ParameterList - Unable to set parameter backgroundRadiusPixel with value 8.0
2024-10-23 00:04:10 INFO: 00:04:10.887 [main] [WARN ] q.l.plugins.parameters.ParameterList - Unable to set parameter cellExpansionPixel with value 10.0
2024-10-23 00:04:10 INFO: 00:04:10.887 [main] [WARN ] q.l.plugins.parameters.ParameterList - Unable to set parameter medianRadiusPixel with value 0.0
2024-10-23 00:04:10 INFO: 00:04:10.887 [main] [WARN ] q.l.plugins.parameters.ParameterList - Unable to set parameter minAreaPixel with value 20.0
2024-10-23 00:04:10 INFO: 00:04:10.887 [main] [WARN ] q.l.plugins.parameters.ParameterList - Unable to set parameter maxAreaPixel with value 160.0
2024-10-23 00:04:25 INFO: 00:04:25.380 [task-runner-1-48] [INFO ] q.lib.plugins.DetectionPluginTools - 0 nuclei detected (processing time: 14.35 seconds)
2024-10-23 00:04:25 INFO: 00:04:25.382 [main] [INFO ] q.l.p.CommandLineTaskRunner$CommandLineProgressMonitor - 0 nuclei detected (1%)
2024-10-23 00:04:26 INFO: 00:04:26.036 [task-runner-1-9] [INFO ] q.lib.plugins.DetectionPluginTools - 0 nuclei detected (processing time: 15.01 seconds)
2024-10-23 00:04:27 INFO: 00:04:27.252 [task-runner-1-12] [INFO ] q.lib.plugins.DetectionPluginTools - 0 nuclei detected (processing time: 16.23 seconds)
2024-10-23 00:04:27 INFO: 00:04:27.253 [task-runner-1-1] [INFO ] q.lib.plugins.DetectionPluginTools - 0 nuclei detected (processing time: 16.23 seconds)
2024-10-23 00:04:27 INFO: 00:04:27.254 [main] [INFO ] q.l.p.CommandLineTaskRunner$CommandLineProgressMonitor - 0 nuclei detected (2%)
2024-10-23 00:04:27 INFO: 00:04:27.254 [main] [INFO ] q.l.p.CommandLineTaskRunner$CommandLineProgressMonitor - 0 nuclei detected (3%)
2024-10-23 00:04:27 INFO: 00:04:27.257 [task-runner-1-4] [INFO ] q.lib.plugins.DetectionPluginTools - 0 nuclei detected (processing time: 16.23 seconds)
2024-10-23 00:04:27 INFO: 00:04:27.257 [task-runner-1-3] [INFO ] q.lib.plugins.DetectionPluginTools - 0 nuclei detected (processing time: 16.23 seconds)
2024-10-23 00:04:27 INFO: 00:04:27.258 [main] [INFO ] q.l.p.CommandLineTaskRunner$CommandLineProgressMonitor - 0 nuclei detected (4%)
2024-10-23 00:04:27 INFO: 00:04:27.259 [task-runner-1-11] [INFO ] q.lib.plugins.DetectionPluginTools - 1 nucleus detected (processing time: 16.24 seconds)
2024-10-23 00:04:27 INFO: 00:04:27.260 [main] [INFO ] q.l.p.CommandLineTaskRunner$CommandLineProgressMonitor - 1 nucleus detected (4%)
2024-10-23 00:04:27 INFO: 00:04:27.261 [task-runner-1-7] [INFO ] q.lib.plugins.DetectionPluginTools - 1 nucleus detected (processing time: 16.24 seconds)
2024-10-23 00:04:27 INFO: 00:04:27.261 [main] [INFO ] q.l.p.CommandLineTaskRunner$CommandLineProgressMonitor - 1 nucleus detected (5%)
2024-10-23 00:04:27 INFO: 00:04:27.262 [task-runner-1-17] [INFO ] q.lib.plugins.DetectionPluginTools - 3 nuclei detected (processing time: 16.24 seconds)
2024-10-23 00:04:27 INFO: 00:04:27.262 [main] [INFO ] q.l.p.CommandLineTaskRunner$CommandLineProgressMonitor - 3 nuclei detected (6%)
2024-10-23 00:04:27 INFO: 00:04:27.262 [task-runner-1-27] [INFO ] q.lib.plugins.DetectionPluginTools - 1 nucleus detected (processing time: 16.24 seconds)
2024-10-23 00:04:27 INFO: 00:04:27.263 [task-runner-1-32] [INFO ] q.lib.plugins.DetectionPluginTools - 0 nuclei detected (processing time: 16.23 seconds)
2024-10-23 00:04:27 INFO: 00:04:27.263 [main] [INFO ] q.l.p.CommandLineTaskRunner$CommandLineProgressMonitor - 1 nucleus detected (6%)
2024-10-23 00:04:27 INFO: 00:04:27.263 [main] [INFO ] q.l.p.CommandLineTaskRunner$CommandLineProgressMonitor - 0 nuclei detected (7%)
2024-10-23 00:04:27 INFO: 00:04:27.265 [task-runner-1-10] [INFO ] q.lib.plugins.DetectionPluginTools - 1 nucleus detected (processing time: 16.24 seconds)
2024-10-23 00:04:27 INFO: 00:04:27.265 [task-runner-1-8] [INFO ] q.lib.plugins.DetectionPluginTools - 2 nuclei detected (processing time: 16.24 seconds)
2024-10-23 00:04:27 INFO: 00:04:27.268 [main] [INFO ] q.l.p.CommandLineTaskRunner$CommandLineProgressMonitor - 1 nucleus detected (8%)
2024-10-23 00:04:27 INFO: 00:04:27.268 [main] [INFO ] q.l.p.CommandLineTaskRunner$CommandLineProgressMonitor - 2 nuclei detected (8%)
2024-10-23 00:04:27 INFO: 00:04:27.277 [task-runner-1-29] [INFO ] q.lib.plugins.DetectionPluginTools - 5 nuclei detected (processing time: 16.25 seconds)
2024-10-23 00:04:27 INFO: 00:04:27.277 [main] [INFO ] q.l.p.CommandLineTaskRunner$CommandLineProgressMonitor - 5 nuclei detected (9%)
2024-10-23 00:04:27 INFO: 00:04:27.280 [task-runner-1-47] [INFO ] q.lib.plugins.DetectionPluginTools - 7 nuclei detected (processing time: 16.25 seconds)
2024-10-23 00:04:27 INFO: 00:04:27.290 [main] [INFO ] q.l.p.CommandLineTaskRunner$CommandLineProgressMonitor - 7 nuclei detected (9%)
2024-10-23 00:04:27 INFO: 00:04:27.300 [task-runner-1-13] [INFO ] q.lib.plugins.DetectionPluginTools - 9 nuclei detected (processing time: 16.28 seconds)
2024-10-23 00:04:27 INFO: 00:04:27.300 [main] [INFO ] q.l.p.CommandLineTaskRunner$CommandLineProgressMonitor - 9 nuclei detected (10%)
2024-10-23 00:04:27 INFO: 00:04:27.303 [task-runner-1-6] [INFO ] q.lib.plugins.DetectionPluginTools - 6 nuclei detected (processing time: 16.28 seconds)
2024-10-23 00:04:27 INFO: 00:04:27.304 [main] [INFO ] q.l.p.CommandLineTaskRunner$CommandLineProgressMonitor - 6 nuclei detected (11%)
2024-10-23 00:04:27 INFO: 00:04:27.337 [task-runner-1-28] [INFO ] q.lib.plugins.DetectionPluginTools - 27 nuclei detected (processing time: 16.31 seconds)
2024-10-23 00:04:27 INFO: 00:04:27.340 [main] [INFO ] q.l.p.CommandLineTaskRunner$CommandLineProgressMonitor - 27 nuclei detected (11%)
2024-10-23 00:04:27 INFO: 00:04:27.470 [task-runner-1-46] [INFO ] q.lib.plugins.DetectionPluginTools - 58 nuclei detected (processing time: 16.44 seconds)
2024-10-23 00:04:27 INFO: 00:04:27.472 [main] [INFO ] q.l.p.CommandLineTaskRunner$CommandLineProgressMonitor - 58 nuclei detected (12%)
2024-10-23 00:04:27 INFO: 00:04:27.507 [task-runner-1-5] [INFO ] q.lib.plugins.DetectionPluginTools - 69 nuclei detected (processing time: 16.48 seconds)
2024-10-23 00:04:27 INFO: 00:04:27.509 [main] [INFO ] q.l.p.CommandLineTaskRunner$CommandLineProgressMonitor - 69 nuclei detected (13%)
2024-10-23 00:04:27 INFO: 00:04:27.523 [task-runner-1-26] [INFO ] q.lib.plugins.DetectionPluginTools - 91 nuclei detected (processing time: 16.50 seconds)
2024-10-23 00:04:27 INFO: 00:04:27.525 [main] [INFO ] q.l.p.CommandLineTaskRunner$CommandLineProgressMonitor - 91 nuclei detected (13%)
2024-10-23 00:04:27 INFO: 00:04:27.644 [task-runner-1-45] [INFO ] q.lib.plugins.DetectionPluginTools - 161 nuclei detected (processing time: 16.61 seconds)
2024-10-23 00:04:27 INFO: 00:04:27.646 [main] [INFO ] q.l.p.CommandLineTaskRunner$CommandLineProgressMonitor - 161 nuclei detected (14%)
2024-10-23 00:04:27 INFO: 00:04:27.653 [task-runner-1-19] [INFO ] q.lib.plugins.DetectionPluginTools - 166 nuclei detected (processing time: 16.63 seconds)
2024-10-23 00:04:27 INFO: 00:04:27.653 [main] [INFO ] q.l.p.CommandLineTaskRunner$CommandLineProgressMonitor - 166 nuclei detected (14%)
2024-10-23 00:04:27 INFO: 00:04:27.654 [task-runner-1-63] [INFO ] q.lib.plugins.DetectionPluginTools - 159 nuclei detected (processing time: 16.62 seconds)
2024-10-23 00:04:27 INFO: 00:04:27.654 [main] [INFO ] q.l.p.CommandLineTaskRunner$CommandLineProgressMonitor - 159 nuclei detected (15%)
2024-10-23 00:04:27 INFO: 00:04:27.663 [task-runner-1-62] [INFO ] q.lib.plugins.DetectionPluginTools - 229 nuclei detected (processing time: 16.63 seconds)
2024-10-23 00:04:27 INFO: 00:04:27.664 [main] [INFO ] q.l.p.CommandLineTaskRunner$CommandLineProgressMonitor - 229 nuclei detected (16%)
2024-10-23 00:04:27 INFO: 00:04:27.666 [task-runner-1-49] [INFO ] q.lib.plugins.DetectionPluginTools - 137 nuclei detected (processing time: 16.61 seconds)
2024-10-23 00:04:27 INFO: 00:04:27.667 [main] [INFO ] q.l.p.CommandLineTaskRunner$CommandLineProgressMonitor - 137 nuclei detected (16%)
2024-10-23 00:04:27 INFO: 00:04:27.708 [task-runner-1-61] [INFO ] q.lib.plugins.DetectionPluginTools - 234 nuclei detected (processing time: 16.67 seconds)
2024-10-23 00:04:27 INFO: 00:04:27.710 [main] [INFO ] q.l.p.CommandLineTaskRunner$CommandLineProgressMonitor - 234 nuclei detected (17%)
2024-10-23 00:04:27 INFO: 00:04:27.744 [task-runner-1-33] [INFO ] q.lib.plugins.DetectionPluginTools - 244 nuclei detected (processing time: 16.72 seconds)
2024-10-23 00:04:27 INFO: 00:04:27.746 [main] [INFO ] q.l.p.CommandLineTaskRunner$CommandLineProgressMonitor - 244 nuclei detected (18%)
2024-10-23 00:04:27 INFO: 00:04:27.773 [task-runner-1-35] [INFO ] q.lib.plugins.DetectionPluginTools - 304 nuclei detected (processing time: 16.75 seconds)
2024-10-23 00:04:27 INFO: 00:04:27.779 [main] [INFO ] q.l.p.CommandLineTaskRunner$CommandLineProgressMonitor - 304 nuclei detected (18%)
2024-10-23 00:04:27 INFO: 00:04:27.783 [task-runner-1-18] [INFO ] q.lib.plugins.DetectionPluginTools - 279 nuclei detected (processing time: 16.76 seconds)
2024-10-23 00:04:27 INFO: 00:04:27.786 [main] [INFO ] q.l.p.CommandLineTaskRunner$CommandLineProgressMonitor - 279 nuclei detected (19%)
2024-10-23 00:04:27 INFO: 00:04:27.842 [task-runner-1-50] [INFO ] q.lib.plugins.DetectionPluginTools - 365 nuclei detected (processing time: 16.81 seconds)
2024-10-23 00:04:27 INFO: 00:04:27.843 [main] [INFO ] q.l.p.CommandLineTaskRunner$CommandLineProgressMonitor - 365 nuclei detected (19%)
2024-10-23 00:04:27 INFO: 00:04:27.866 [task-runner-1-44] [INFO ] q.lib.plugins.DetectionPluginTools - 353 nuclei detected (processing time: 16.82 seconds)
2024-10-23 00:04:27 INFO: 00:04:27.868 [main] [INFO ] q.l.p.CommandLineTaskRunner$CommandLineProgressMonitor - 353 nuclei detected (20%)
2024-10-23 00:04:27 INFO: 00:04:27.888 [task-runner-1-34] [INFO ] q.lib.plugins.DetectionPluginTools - 484 nuclei detected (processing time: 16.86 seconds)
2024-10-23 00:04:27 INFO: 00:04:27.889 [main] [INFO ] q.l.p.CommandLineTaskRunner$CommandLineProgressMonitor - 484 nuclei detected (21%)
2024-10-23 00:04:27 INFO: 00:04:27.930 [task-runner-1-25] [INFO ] q.lib.plugins.DetectionPluginTools - 533 nuclei detected (processing time: 16.90 seconds)
2024-10-23 00:04:27 INFO: 00:04:27.931 [main] [INFO ] q.l.p.CommandLineTaskRunner$CommandLineProgressMonitor - 533 nuclei detected (21%)
2024-10-23 00:04:28 INFO: 00:04:28.853 [task-runner-1-15] [INFO ] q.lib.plugins.DetectionPluginTools - 0 nuclei detected (processing time: 17.83 seconds)
2024-10-23 00:04:28 INFO: 00:04:28.854 [main] [INFO ] q.l.p.CommandLineTaskRunner$CommandLineProgressMonitor - 0 nuclei detected (22%)
2024-10-23 00:04:28 INFO: 00:04:28.860 [task-runner-1-2] [INFO ] q.lib.plugins.DetectionPluginTools - 2 nuclei detected (processing time: 17.84 seconds)
2024-10-23 00:04:28 INFO: 00:04:28.867 [main] [INFO ] q.l.p.CommandLineTaskRunner$CommandLineProgressMonitor - 2 nuclei detected (23%)
2024-10-23 00:04:28 INFO: 00:04:28.862 [task-runner-1-30] [INFO ] q.lib.plugins.DetectionPluginTools - 1 nucleus detected (processing time: 17.83 seconds)
2024-10-23 00:04:28 INFO: 00:04:28.861 [task-runner-1-14] [INFO ] q.lib.plugins.DetectionPluginTools - 2 nuclei detected (processing time: 17.84 seconds)
2024-10-23 00:04:28 INFO: 00:04:28.868 [main] [INFO ] q.l.p.CommandLineTaskRunner$CommandLineProgressMonitor - 1 nucleus detected (23%)
2024-10-23 00:04:28 INFO: 00:04:28.868 [main] [INFO ] q.l.p.CommandLineTaskRunner$CommandLineProgressMonitor - 2 nuclei detected (24%)
2024-10-23 00:04:28 INFO: 00:04:28.869 [task-runner-1-31] [INFO ] q.lib.plugins.DetectionPluginTools - 19 nuclei detected (processing time: 17.84 seconds)
2024-10-23 00:04:28 INFO: 00:04:28.869 [main] [INFO ] q.l.p.CommandLineTaskRunner$CommandLineProgressMonitor - 19 nuclei detected (24%)
2024-10-23 00:04:28 INFO: 00:04:28.878 [task-runner-1-16] [INFO ] q.lib.plugins.DetectionPluginTools - 0 nuclei detected (processing time: 17.85 seconds)
2024-10-23 00:04:28 INFO: 00:04:28.878 [main] [INFO ] q.l.p.CommandLineTaskRunner$CommandLineProgressMonitor - 0 nuclei detected (25%)
2024-10-23 00:04:29 INFO: 00:04:29.021 [task-runner-1-20] [INFO ] q.lib.plugins.DetectionPluginTools - 743 nuclei detected (processing time: 18.00 seconds)
2024-10-23 00:04:29 INFO: 00:04:29.023 [main] [INFO ] q.l.p.CommandLineTaskRunner$CommandLineProgressMonitor - 743 nuclei detected (26%)
2024-10-23 00:04:29 INFO: 00:04:29.246 [task-runner-1-24] [INFO ] q.lib.plugins.DetectionPluginTools - 1184 nuclei detected (processing time: 18.22 seconds)
2024-10-23 00:04:29 INFO: 00:04:29.247 [main] [INFO ] q.l.p.CommandLineTaskRunner$CommandLineProgressMonitor - 1184 nuclei detected (26%)
2024-10-23 00:04:29 INFO: 00:04:29.346 [task-runner-1-23] [INFO ] q.lib.plugins.DetectionPluginTools - 1544 nuclei detected (processing time: 18.32 seconds)
2024-10-23 00:04:29 INFO: 00:04:29.348 [main] [INFO ] q.l.p.CommandLineTaskRunner$CommandLineProgressMonitor - 1544 nuclei detected (27%)
2024-10-23 00:04:29 INFO: 00:04:29.858 [task-runner-1-51] [INFO ] q.lib.plugins.DetectionPluginTools - 1001 nuclei detected (processing time: 18.83 seconds)
2024-10-23 00:04:29 INFO: 00:04:29.860 [main] [INFO ] q.l.p.CommandLineTaskRunner$CommandLineProgressMonitor - 1001 nuclei detected (28%)
2024-10-23 00:04:30 INFO: 00:04:30.093 [task-runner-1-22] [INFO ] q.lib.plugins.DetectionPluginTools - 1954 nuclei detected (processing time: 19.07 seconds)
2024-10-23 00:04:30 INFO: 00:04:30.094 [main] [INFO ] q.l.p.CommandLineTaskRunner$CommandLineProgressMonitor - 1954 nuclei detected (28%)
2024-10-23 00:04:30 INFO: 00:04:30.101 [task-runner-1-43] [INFO ] q.lib.plugins.DetectionPluginTools - 1752 nuclei detected (processing time: 19.07 seconds)
2024-10-23 00:04:30 INFO: 00:04:30.102 [main] [INFO ] q.l.p.CommandLineTaskRunner$CommandLineProgressMonitor - 1752 nuclei detected (29%)
2024-10-23 00:04:30 INFO: 00:04:30.505 [task-runner-1-60] [INFO ] q.lib.plugins.DetectionPluginTools - 2022 nuclei detected (processing time: 19.47 seconds)
2024-10-23 00:04:30 INFO: 00:04:30.506 [main] [INFO ] q.l.p.CommandLineTaskRunner$CommandLineProgressMonitor - 2022 nuclei detected (29%)
2024-10-23 00:04:34 INFO: 00:04:34.060 [task-runner-1-21] [INFO ] q.lib.plugins.DetectionPluginTools - 4223 nuclei detected (processing time: 23.03 seconds)
2024-10-23 00:04:34 INFO: 00:04:34.061 [main] [INFO ] q.l.p.CommandLineTaskRunner$CommandLineProgressMonitor - 4223 nuclei detected (30%)
2024-10-23 00:04:34 INFO: 00:04:34.099 [task-runner-1-36] [INFO ] q.lib.plugins.DetectionPluginTools - 3082 nuclei detected (processing time: 23.07 seconds)
2024-10-23 00:04:34 INFO: 00:04:34.100 [main] [INFO ] q.l.p.CommandLineTaskRunner$CommandLineProgressMonitor - 3082 nuclei detected (31%)
2024-10-23 00:04:34 INFO: 00:04:34.520 [task-runner-1-40] [INFO ] q.lib.plugins.DetectionPluginTools - 3540 nuclei detected (processing time: 23.49 seconds)
2024-10-23 00:04:34 INFO: 00:04:34.521 [main] [INFO ] q.l.p.CommandLineTaskRunner$CommandLineProgressMonitor - 3540 nuclei detected (31%)
2024-10-23 00:04:34 INFO: 00:04:34.905 [task-runner-1-42] [INFO ] q.lib.plugins.DetectionPluginTools - 3986 nuclei detected (processing time: 23.87 seconds)
2024-10-23 00:04:34 INFO: 00:04:34.906 [main] [INFO ] q.l.p.CommandLineTaskRunner$CommandLineProgressMonitor - 3986 nuclei detected (32%)
2024-10-23 00:04:34 INFO: 00:04:34.931 [task-runner-1-59] [INFO ] q.lib.plugins.DetectionPluginTools - 4247 nuclei detected (processing time: 23.90 seconds)
2024-10-23 00:04:34 INFO: 00:04:34.933 [main] [INFO ] q.l.p.CommandLineTaskRunner$CommandLineProgressMonitor - 4247 nuclei detected (33%)
2024-10-23 00:04:35 INFO: 00:04:35.008 [task-runner-1-52] [INFO ] q.lib.plugins.DetectionPluginTools - 4031 nuclei detected (processing time: 23.98 seconds)
2024-10-23 00:04:35 INFO: 00:04:35.009 [main] [INFO ] q.l.p.CommandLineTaskRunner$CommandLineProgressMonitor - 4031 nuclei detected (33%)
2024-10-23 00:04:36 INFO: 00:04:36.260 [task-runner-1-58] [INFO ] q.lib.plugins.DetectionPluginTools - 4201 nuclei detected (processing time: 25.23 seconds)
2024-10-23 00:04:36 INFO: 00:04:36.261 [main] [INFO ] q.l.p.CommandLineTaskRunner$CommandLineProgressMonitor - 4201 nuclei detected (34%)
2024-10-23 00:04:36 INFO: 00:04:36.772 [task-runner-1-48] [INFO ] q.lib.plugins.DetectionPluginTools - 1 nucleus detected (processing time: 11.39 seconds)
2024-10-23 00:04:36 INFO: 00:04:36.773 [main] [INFO ] q.l.p.CommandLineTaskRunner$CommandLineProgressMonitor - 1 nucleus detected (34%)
2024-10-23 00:04:37 INFO: 00:04:37.434 [task-runner-1-41] [INFO ] q.lib.plugins.DetectionPluginTools - 4397 nuclei detected (processing time: 26.40 seconds)
2024-10-23 00:04:37 INFO: 00:04:37.435 [main] [INFO ] q.l.p.CommandLineTaskRunner$CommandLineProgressMonitor - 4397 nuclei detected (35%)
2024-10-23 00:04:37 INFO: 00:04:37.508 [task-runner-1-37] [INFO ] q.lib.plugins.DetectionPluginTools - 6847 nuclei detected (processing time: 26.48 seconds)
2024-10-23 00:04:37 INFO: 00:04:37.509 [main] [INFO ] q.l.p.CommandLineTaskRunner$CommandLineProgressMonitor - 6847 nuclei detected (36%)
2024-10-23 00:04:37 INFO: 00:04:37.882 [task-runner-1-9] [INFO ] q.lib.plugins.DetectionPluginTools - 129 nuclei detected (processing time: 11.84 seconds)
2024-10-23 00:04:37 INFO: 00:04:37.884 [main] [INFO ] q.l.p.CommandLineTaskRunner$CommandLineProgressMonitor - 129 nuclei detected (36%)
2024-10-23 00:04:38 INFO: 00:04:38.017 [task-runner-1-6] [INFO ] q.lib.plugins.DetectionPluginTools - 0 nuclei detected (processing time: 10.71 seconds)
2024-10-23 00:04:38 INFO: 00:04:38.020 [main] [INFO ] q.l.p.CommandLineTaskRunner$CommandLineProgressMonitor - 0 nuclei detected (37%)
2024-10-23 00:04:38 INFO: 00:04:38.148 [task-runner-1-39] [INFO ] q.lib.plugins.DetectionPluginTools - 5507 nuclei detected (processing time: 27.12 seconds)
2024-10-23 00:04:38 INFO: 00:04:38.150 [main] [INFO ] q.l.p.CommandLineTaskRunner$CommandLineProgressMonitor - 5507 nuclei detected (38%)
2024-10-23 00:04:38 INFO: 00:04:38.201 [task-runner-1-34] [INFO ] q.lib.plugins.DetectionPluginTools - 3 nuclei detected (processing time: 10.31 seconds)
2024-10-23 00:04:38 INFO: 00:04:38.202 [main] [INFO ] q.l.p.CommandLineTaskRunner$CommandLineProgressMonitor - 3 nuclei detected (38%)
2024-10-23 00:04:39 INFO: 00:04:39.018 [task-runner-1-55] [INFO ] q.lib.plugins.DetectionPluginTools - 6166 nuclei detected (processing time: 27.99 seconds)
2024-10-23 00:04:39 INFO: 00:04:39.019 [main] [INFO ] q.l.p.CommandLineTaskRunner$CommandLineProgressMonitor - 6166 nuclei detected (39%)
2024-10-23 00:04:39 INFO: 00:04:39.068 [task-runner-1-38] [INFO ] q.lib.plugins.DetectionPluginTools - 5952 nuclei detected (processing time: 28.04 seconds)
2024-10-23 00:04:39 INFO: 00:04:39.069 [main] [INFO ] q.l.p.CommandLineTaskRunner$CommandLineProgressMonitor - 5952 nuclei detected (39%)
2024-10-23 00:04:39 INFO: 00:04:39.213 [task-runner-1-46] [INFO ] q.lib.plugins.DetectionPluginTools - 146 nuclei detected (processing time: 11.74 seconds)
2024-10-23 00:04:39 INFO: 00:04:39.214 [main] [INFO ] q.l.p.CommandLineTaskRunner$CommandLineProgressMonitor - 146 nuclei detected (40%)
2024-10-23 00:04:39 INFO: 00:04:39.275 [task-runner-1-54] [INFO ] q.lib.plugins.DetectionPluginTools - 8055 nuclei detected (processing time: 28.24 seconds)
2024-10-23 00:04:39 INFO: 00:04:39.277 [main] [INFO ] q.l.p.CommandLineTaskRunner$CommandLineProgressMonitor - 8055 nuclei detected (41%)
2024-10-23 00:04:39 INFO: 00:04:39.438 [task-runner-1-1] [INFO ] q.lib.plugins.DetectionPluginTools - 495 nuclei detected (processing time: 12.18 seconds)
2024-10-23 00:04:39 INFO: 00:04:39.439 [main] [INFO ] q.l.p.CommandLineTaskRunner$CommandLineProgressMonitor - 495 nuclei detected (41%)
2024-10-23 00:04:39 INFO: 00:04:39.500 [task-runner-1-28] [INFO ] q.lib.plugins.DetectionPluginTools - 119 nuclei detected (processing time: 12.16 seconds)
2024-10-23 00:04:39 INFO: 00:04:39.501 [main] [INFO ] q.l.p.CommandLineTaskRunner$CommandLineProgressMonitor - 119 nuclei detected (42%)
2024-10-23 00:04:39 INFO: 00:04:39.527 [task-runner-1-57] [INFO ] q.lib.plugins.DetectionPluginTools - 6190 nuclei detected (processing time: 28.49 seconds)
2024-10-23 00:04:39 INFO: 00:04:39.528 [main] [INFO ] q.l.p.CommandLineTaskRunner$CommandLineProgressMonitor - 6190 nuclei detected (43%)
2024-10-23 00:04:39 INFO: 00:04:39.544 [task-runner-1-44] [INFO ] q.lib.plugins.DetectionPluginTools - 116 nuclei detected (processing time: 11.68 seconds)
2024-10-23 00:04:39 INFO: 00:04:39.546 [main] [INFO ] q.l.p.CommandLineTaskRunner$CommandLineProgressMonitor - 116 nuclei detected (43%)
2024-10-23 00:04:39 INFO: 00:04:39.608 [task-runner-1-12] [INFO ] q.lib.plugins.DetectionPluginTools - 610 nuclei detected (processing time: 12.35 seconds)
2024-10-23 00:04:39 INFO: 00:04:39.610 [main] [INFO ] q.l.p.CommandLineTaskRunner$CommandLineProgressMonitor - 610 nuclei detected (44%)
2024-10-23 00:04:39 INFO: 00:04:39.704 [task-runner-1-13] [INFO ] q.lib.plugins.DetectionPluginTools - 233 nuclei detected (processing time: 12.40 seconds)
2024-10-23 00:04:39 INFO: 00:04:39.705 [main] [INFO ] q.l.p.CommandLineTaskRunner$CommandLineProgressMonitor - 233 nuclei detected (44%)
2024-10-23 00:04:40 INFO: 00:04:40.812 [task-runner-1-25] [INFO ] q.lib.plugins.DetectionPluginTools - 157 nuclei detected (processing time: 12.88 seconds)
2024-10-23 00:04:40 INFO: 00:04:40.813 [main] [INFO ] q.l.p.CommandLineTaskRunner$CommandLineProgressMonitor - 157 nuclei detected (45%)
2024-10-23 00:04:40 INFO: 00:04:40.853 [task-runner-1-15] [INFO ] q.lib.plugins.DetectionPluginTools - 155 nuclei detected (processing time: 12.00 seconds)
2024-10-23 00:04:40 INFO: 00:04:40.855 [main] [INFO ] q.l.p.CommandLineTaskRunner$CommandLineProgressMonitor - 155 nuclei detected (46%)
2024-10-23 00:04:41 INFO: 00:04:41.030 [task-runner-1-5] [INFO ] q.lib.plugins.DetectionPluginTools - 1084 nuclei detected (processing time: 13.52 seconds)
2024-10-23 00:04:41 INFO: 00:04:41.032 [main] [INFO ] q.l.p.CommandLineTaskRunner$CommandLineProgressMonitor - 1084 nuclei detected (46%)
2024-10-23 00:04:41 INFO: 00:04:41.488 [task-runner-1-2] [INFO ] q.lib.plugins.DetectionPluginTools - 254 nuclei detected (processing time: 12.62 seconds)
2024-10-23 00:04:41 INFO: 00:04:41.491 [main] [INFO ] q.l.p.CommandLineTaskRunner$CommandLineProgressMonitor - 254 nuclei detected (47%)
2024-10-23 00:04:41 INFO: 00:04:41.531 [task-runner-1-56] [INFO ] q.lib.plugins.DetectionPluginTools - 7661 nuclei detected (processing time: 30.50 seconds)
2024-10-23 00:04:41 INFO: 00:04:41.534 [main] [INFO ] q.l.p.CommandLineTaskRunner$CommandLineProgressMonitor - 7661 nuclei detected (48%)
2024-10-23 00:04:42 INFO: 00:04:42.181 [task-runner-1-53] [INFO ] q.lib.plugins.DetectionPluginTools - 9027 nuclei detected (processing time: 31.15 seconds)
2024-10-23 00:04:42 INFO: 00:04:42.183 [main] [INFO ] q.l.p.CommandLineTaskRunner$CommandLineProgressMonitor - 9027 nuclei detected (48%)
2024-10-23 00:04:43 INFO: 00:04:43.131 [task-runner-1-47] [INFO ] q.lib.plugins.DetectionPluginTools - 826 nuclei detected (processing time: 15.84 seconds)
2024-10-23 00:04:43 INFO: 00:04:43.135 [main] [INFO ] q.l.p.CommandLineTaskRunner$CommandLineProgressMonitor - 826 nuclei detected (49%)
2024-10-23 00:04:43 INFO: 00:04:43.752 [task-runner-1-36] [INFO ] q.lib.plugins.DetectionPluginTools - 1 nucleus detected (processing time: 9.65 seconds)
2024-10-23 00:04:43 INFO: 00:04:43.753 [main] [INFO ] q.l.p.CommandLineTaskRunner$CommandLineProgressMonitor - 1 nucleus detected (49%)
2024-10-23 00:04:43 INFO: 00:04:43.910 [task-runner-1-21] [INFO ] q.lib.plugins.DetectionPluginTools - 69 nuclei detected (processing time: 9.85 seconds)
2024-10-23 00:04:43 INFO: 00:04:43.911 [main] [INFO ] q.l.p.CommandLineTaskRunner$CommandLineProgressMonitor - 69 nuclei detected (50%)
2024-10-23 00:04:44 INFO: 00:04:44.295 [task-runner-1-50] [INFO ] q.lib.plugins.DetectionPluginTools - 1114 nuclei detected (processing time: 16.45 seconds)
2024-10-23 00:04:44 INFO: 00:04:44.296 [main] [INFO ] q.l.p.CommandLineTaskRunner$CommandLineProgressMonitor - 1114 nuclei detected (51%)
2024-10-23 00:04:44 INFO: 00:04:44.564 [task-runner-1-29] [INFO ] q.lib.plugins.DetectionPluginTools - 1773 nuclei detected (processing time: 17.29 seconds)
2024-10-23 00:04:44 INFO: 00:04:44.565 [main] [INFO ] q.l.p.CommandLineTaskRunner$CommandLineProgressMonitor - 1773 nuclei detected (51%)
2024-10-23 00:04:45 INFO: 00:04:45.485 [task-runner-1-42] [INFO ] q.lib.plugins.DetectionPluginTools - 285 nuclei detected (processing time: 10.58 seconds)
2024-10-23 00:04:45 INFO: 00:04:45.487 [main] [INFO ] q.l.p.CommandLineTaskRunner$CommandLineProgressMonitor - 285 nuclei detected (52%)
2024-10-23 00:04:46 INFO: 00:04:46.358 [task-runner-1-40] [INFO ] q.lib.plugins.DetectionPluginTools - 398 nuclei detected (processing time: 11.84 seconds)
2024-10-23 00:04:46 INFO: 00:04:46.369 [main] [INFO ] q.l.p.CommandLineTaskRunner$CommandLineProgressMonitor - 398 nuclei detected (53%)
2024-10-23 00:04:46 INFO: 00:04:46.753 [task-runner-1-59] [INFO ] q.lib.plugins.DetectionPluginTools - 346 nuclei detected (processing time: 11.82 seconds)
2024-10-23 00:04:46 INFO: 00:04:46.756 [main] [INFO ] q.l.p.CommandLineTaskRunner$CommandLineProgressMonitor - 346 nuclei detected (53%)
2024-10-23 00:04:48 INFO: 00:04:48.240 [task-runner-1-54] [INFO ] q.lib.plugins.DetectionPluginTools - 0 nuclei detected (processing time: 8.96 seconds)
2024-10-23 00:04:48 INFO: 00:04:48.242 [main] [INFO ] q.l.p.CommandLineTaskRunner$CommandLineProgressMonitor - 0 nuclei detected (54%)
2024-10-23 00:04:48 INFO: 00:04:48.275 [task-runner-1-44] [INFO ] q.lib.plugins.DetectionPluginTools - 3 nuclei detected (processing time: 8.73 seconds)
2024-10-23 00:04:48 INFO: 00:04:48.276 [main] [INFO ] q.l.p.CommandLineTaskRunner$CommandLineProgressMonitor - 3 nuclei detected (54%)
2024-10-23 00:04:48 INFO: 00:04:48.290 [task-runner-1-46] [INFO ] q.lib.plugins.DetectionPluginTools - 0 nuclei detected (processing time: 9.08 seconds)
2024-10-23 00:04:48 INFO: 00:04:48.293 [main] [INFO ] q.l.p.CommandLineTaskRunner$CommandLineProgressMonitor - 0 nuclei detected (55%)
2024-10-23 00:04:49 INFO: 00:04:49.068 [task-runner-1-12] [INFO ] q.lib.plugins.DetectionPluginTools - 12 nuclei detected (processing time: 9.46 seconds)
2024-10-23 00:04:49 INFO: 00:04:49.069 [main] [INFO ] q.l.p.CommandLineTaskRunner$CommandLineProgressMonitor - 12 nuclei detected (56%)
2024-10-23 00:04:49 INFO: 00:04:49.245 [task-runner-1-52] [INFO ] q.lib.plugins.DetectionPluginTools - 1435 nuclei detected (processing time: 14.24 seconds)
2024-10-23 00:04:49 INFO: 00:04:49.247 [main] [INFO ] q.l.p.CommandLineTaskRunner$CommandLineProgressMonitor - 1435 nuclei detected (56%)
2024-10-23 00:04:49 INFO: 00:04:49.732 [task-runner-1-57] [INFO ] q.lib.plugins.DetectionPluginTools - 114 nuclei detected (processing time: 10.20 seconds)
2024-10-23 00:04:49 INFO: 00:04:49.737 [main] [INFO ] q.l.p.CommandLineTaskRunner$CommandLineProgressMonitor - 114 nuclei detected (57%)
2024-10-23 00:04:49 INFO: 00:04:49.791 [task-runner-1-13] [INFO ] q.lib.plugins.DetectionPluginTools - 0 nuclei detected (processing time: 10.09 seconds)
2024-10-23 00:04:49 INFO: 00:04:49.792 [main] [INFO ] q.l.p.CommandLineTaskRunner$CommandLineProgressMonitor - 0 nuclei detected (57%)
2024-10-23 00:04:50 INFO: 00:04:50.141 [task-runner-1-60] [INFO ] q.lib.plugins.DetectionPluginTools - 3505 nuclei detected (processing time: 19.64 seconds)
2024-10-23 00:04:50 INFO: 00:04:50.142 [main] [INFO ] q.l.p.CommandLineTaskRunner$CommandLineProgressMonitor - 3505 nuclei detected (58%)
2024-10-23 00:04:50 INFO: 00:04:50.377 [task-runner-1-4] [INFO ] q.lib.plugins.DetectionPluginTools - 4675 nuclei detected (processing time: 23.12 seconds)
2024-10-23 00:04:50 INFO: 00:04:50.381 [main] [INFO ] q.l.p.CommandLineTaskRunner$CommandLineProgressMonitor - 4675 nuclei detected (59%)
2024-10-23 00:04:51 INFO: 00:04:51.110 [task-runner-1-1] [INFO ] q.lib.plugins.DetectionPluginTools - 115 nuclei detected (processing time: 11.67 seconds)
2024-10-23 00:04:51 INFO: 00:04:51.113 [main] [INFO ] q.l.p.CommandLineTaskRunner$CommandLineProgressMonitor - 115 nuclei detected (59%)
2024-10-23 00:04:51 INFO: 00:04:51.749 [task-runner-1-28] [INFO ] q.lib.plugins.DetectionPluginTools - 82 nuclei detected (processing time: 12.25 seconds)
2024-10-23 00:04:51 INFO: 00:04:51.754 [main] [INFO ] q.l.p.CommandLineTaskRunner$CommandLineProgressMonitor - 82 nuclei detected (60%)
2024-10-23 00:04:51 INFO: 00:04:51.862 [task-runner-1-18] [INFO ] q.lib.plugins.DetectionPluginTools - 4026 nuclei detected (processing time: 24.08 seconds)
2024-10-23 00:04:51 INFO: 00:04:51.865 [main] [INFO ] q.l.p.CommandLineTaskRunner$CommandLineProgressMonitor - 4026 nuclei detected (61%)
2024-10-23 00:04:51 INFO: 00:04:51.896 [task-runner-1-14] [INFO ] q.lib.plugins.DetectionPluginTools - 3697 nuclei detected (processing time: 23.03 seconds)
2024-10-23 00:04:51 INFO: 00:04:51.900 [main] [INFO ] q.l.p.CommandLineTaskRunner$CommandLineProgressMonitor - 3697 nuclei detected (61%)
2024-10-23 00:04:52 INFO: 00:04:52.037 [task-runner-1-35] [INFO ] q.lib.plugins.DetectionPluginTools - 4371 nuclei detected (processing time: 24.26 seconds)
2024-10-23 00:04:52 INFO: 00:04:52.038 [main] [INFO ] q.l.p.CommandLineTaskRunner$CommandLineProgressMonitor - 4371 nuclei detected (62%)
2024-10-23 00:04:52 INFO: 00:04:52.298 [task-runner-1-15] [INFO ] q.lib.plugins.DetectionPluginTools - 0 nuclei detected (processing time: 11.44 seconds)
2024-10-23 00:04:52 INFO: 00:04:52.299 [main] [INFO ] q.l.p.CommandLineTaskRunner$CommandLineProgressMonitor - 0 nuclei detected (63%)
2024-10-23 00:04:52 INFO: 00:04:52.391 [task-runner-1-25] [INFO ] q.lib.plugins.DetectionPluginTools - 0 nuclei detected (processing time: 11.58 seconds)
2024-10-23 00:04:52 INFO: 00:04:52.655 [task-runner-1-48] [INFO ] q.lib.plugins.DetectionPluginTools - 1566 nuclei detected (processing time: 15.88 seconds)
2024-10-23 00:04:52 INFO: 00:04:52.656 [main] [INFO ] q.l.p.CommandLineTaskRunner$CommandLineProgressMonitor - 1566 nuclei detected (64%)
2024-10-23 00:04:52 INFO: 00:04:52.896 [task-runner-1-5] [INFO ] q.lib.plugins.DetectionPluginTools - 39 nuclei detected (processing time: 11.86 seconds)
2024-10-23 00:04:52 INFO: 00:04:52.897 [main] [INFO ] q.l.p.CommandLineTaskRunner$CommandLineProgressMonitor - 39 nuclei detected (64%)
2024-10-23 00:04:52 INFO: 00:04:52.931 [task-runner-1-2] [INFO ] q.lib.plugins.DetectionPluginTools - 488 nuclei detected (processing time: 11.44 seconds)
2024-10-23 00:04:52 INFO: 00:04:52.931 [main] [INFO ] q.l.p.CommandLineTaskRunner$CommandLineProgressMonitor - 488 nuclei detected (65%)
2024-10-23 00:04:52 INFO: 00:04:52.987 [task-runner-1-38] [INFO ] q.lib.plugins.DetectionPluginTools - 1731 nuclei detected (processing time: 13.92 seconds)
2024-10-23 00:04:52 INFO: 00:04:52.988 [main] [INFO ] q.l.p.CommandLineTaskRunner$CommandLineProgressMonitor - 1731 nuclei detected (66%)
2024-10-23 00:04:53 INFO: 00:04:53.198 [task-runner-1-21] [INFO ] q.lib.plugins.DetectionPluginTools - 0 nuclei detected (processing time: 9.29 seconds)
2024-10-23 00:04:53 INFO: 00:04:53.199 [main] [INFO ] q.l.p.CommandLineTaskRunner$CommandLineProgressMonitor - 0 nuclei detected (66%)
2024-10-23 00:04:53 INFO: 00:04:53.310 [task-runner-1-41] [INFO ] q.lib.plugins.DetectionPluginTools - 1832 nuclei detected (processing time: 15.88 seconds)
2024-10-23 00:04:53 INFO: 00:04:53.311 [main] [INFO ] q.l.p.CommandLineTaskRunner$CommandLineProgressMonitor - 1832 nuclei detected (67%)
2024-10-23 00:04:53 INFO: 00:04:53.342 [task-runner-1-50] [INFO ] q.lib.plugins.DetectionPluginTools - 0 nuclei detected (processing time: 9.05 seconds)
2024-10-23 00:04:53 INFO: 00:04:53.343 [main] [INFO ] q.l.p.CommandLineTaskRunner$CommandLineProgressMonitor - 0 nuclei detected (68%)
2024-10-23 00:04:53 INFO: 00:04:53.365 [task-runner-1-31] [INFO ] q.lib.plugins.DetectionPluginTools - 3645 nuclei detected (processing time: 24.50 seconds)
2024-10-23 00:04:53 INFO: 00:04:53.366 [main] [INFO ] q.l.p.CommandLineTaskRunner$CommandLineProgressMonitor - 3645 nuclei detected (68%)
2024-10-23 00:04:53 INFO: 00:04:53.503 [task-runner-1-3] [INFO ] q.lib.plugins.DetectionPluginTools - 6953 nuclei detected (processing time: 26.25 seconds)
2024-10-23 00:04:53 INFO: 00:04:53.503 [main] [INFO ] q.l.p.CommandLineTaskRunner$CommandLineProgressMonitor - 6953 nuclei detected (69%)
2024-10-23 00:04:53 INFO: 00:04:53.831 [task-runner-1-8] [INFO ] q.lib.plugins.DetectionPluginTools - 5588 nuclei detected (processing time: 26.57 seconds)
2024-10-23 00:04:53 INFO: 00:04:53.832 [main] [INFO ] q.l.p.CommandLineTaskRunner$CommandLineProgressMonitor - 5588 nuclei detected (69%)
2024-10-23 00:04:53 INFO: 00:04:53.905 [task-runner-1-36] [INFO ] q.lib.plugins.DetectionPluginTools - 0 nuclei detected (processing time: 10.15 seconds)
2024-10-23 00:04:53 INFO: 00:04:53.906 [main] [INFO ] q.l.p.CommandLineTaskRunner$CommandLineProgressMonitor - 0 nuclei detected (70%)
2024-10-23 00:04:54 INFO: 00:04:54.292 [task-runner-1-49] [INFO ] q.lib.plugins.DetectionPluginTools - 5685 nuclei detected (processing time: 26.63 seconds)
2024-10-23 00:04:54 INFO: 00:04:54.292 [main] [INFO ] q.l.p.CommandLineTaskRunner$CommandLineProgressMonitor - 5685 nuclei detected (71%)
2024-10-23 00:04:54 INFO: 00:04:54.322 [task-runner-1-10] [INFO ] q.lib.plugins.DetectionPluginTools - 5445 nuclei detected (processing time: 27.06 seconds)
2024-10-23 00:04:54 INFO: 00:04:54.323 [main] [INFO ] q.l.p.CommandLineTaskRunner$CommandLineProgressMonitor - 5445 nuclei detected (71%)
2024-10-23 00:04:54 INFO: 00:04:54.398 [task-runner-1-58] [INFO ] q.lib.plugins.DetectionPluginTools - 2916 nuclei detected (processing time: 18.14 seconds)
2024-10-23 00:04:54 INFO: 00:04:54.398 [main] [INFO ] q.l.p.CommandLineTaskRunner$CommandLineProgressMonitor - 2916 nuclei detected (72%)
2024-10-23 00:04:54 INFO: 00:04:54.422 [task-runner-1-42] [INFO ] q.lib.plugins.DetectionPluginTools - 1 nucleus detected (processing time: 8.94 seconds)
2024-10-23 00:04:54 INFO: 00:04:54.422 [main] [INFO ] q.l.p.CommandLineTaskRunner$CommandLineProgressMonitor - 1 nucleus detected (73%)
2024-10-23 00:04:54 INFO: 00:04:54.469 [task-runner-1-26] [INFO ] q.lib.plugins.DetectionPluginTools - 5575 nuclei detected (processing time: 26.95 seconds)
2024-10-23 00:04:54 INFO: 00:04:54.469 [main] [INFO ] q.l.p.CommandLineTaskRunner$CommandLineProgressMonitor - 5575 nuclei detected (73%)
2024-10-23 00:04:54 INFO: 00:04:54.553 [task-runner-1-61] [INFO ] q.lib.plugins.DetectionPluginTools - 5614 nuclei detected (processing time: 26.84 seconds)
2024-10-23 00:04:54 INFO: 00:04:54.553 [main] [INFO ] q.l.p.CommandLineTaskRunner$CommandLineProgressMonitor - 5614 nuclei detected (74%)
2024-10-23 00:04:54 INFO: 00:04:54.612 [task-runner-1-33] [INFO ] q.lib.plugins.DetectionPluginTools - 6142 nuclei detected (processing time: 26.87 seconds)
2024-10-23 00:04:54 INFO: 00:04:54.612 [main] [INFO ] q.l.p.CommandLineTaskRunner$CommandLineProgressMonitor - 6142 nuclei detected (74%)
2024-10-23 00:04:54 INFO: 00:04:54.679 [task-runner-1-29] [INFO ] q.lib.plugins.DetectionPluginTools - 9 nuclei detected (processing time: 10.11 seconds)
2024-10-23 00:04:54 INFO: 00:04:54.679 [main] [INFO ] q.l.p.CommandLineTaskRunner$CommandLineProgressMonitor - 9 nuclei detected (75%)
2024-10-23 00:04:55 INFO: 00:04:55.092 [task-runner-1-27] [INFO ] q.lib.plugins.DetectionPluginTools - 7210 nuclei detected (processing time: 27.83 seconds)
2024-10-23 00:04:55 INFO: 00:04:55.093 [main] [INFO ] q.l.p.CommandLineTaskRunner$CommandLineProgressMonitor - 7210 nuclei detected (76%)
2024-10-23 00:04:55 INFO: 00:04:55.329 [task-runner-1-7] [INFO ] q.lib.plugins.DetectionPluginTools - 6134 nuclei detected (processing time: 28.07 seconds)
2024-10-23 00:04:55 INFO: 00:04:55.329 [main] [INFO ] q.l.p.CommandLineTaskRunner$CommandLineProgressMonitor - 6134 nuclei detected (76%)
2024-10-23 00:04:55 INFO: 00:04:55.421 [task-runner-1-11] [INFO ] q.lib.plugins.DetectionPluginTools - 9588 nuclei detected (processing time: 28.16 seconds)
2024-10-23 00:04:55 INFO: 00:04:55.421 [main] [INFO ] q.l.p.CommandLineTaskRunner$CommandLineProgressMonitor - 9588 nuclei detected (77%)
2024-10-23 00:04:55 INFO: 00:04:55.554 [task-runner-1-63] [INFO ] q.lib.plugins.DetectionPluginTools - 7142 nuclei detected (processing time: 27.90 seconds)
2024-10-23 00:04:55 INFO: 00:04:55.555 [main] [INFO ] q.l.p.CommandLineTaskRunner$CommandLineProgressMonitor - 7142 nuclei detected (78%)
2024-10-23 00:04:55 INFO: 00:04:55.559 [task-runner-1-56] [INFO ] q.lib.plugins.DetectionPluginTools - 2213 nuclei detected (processing time: 14.03 seconds)
2024-10-23 00:04:55 INFO: 00:04:55.559 [main] [INFO ] q.l.p.CommandLineTaskRunner$CommandLineProgressMonitor - 2213 nuclei detected (78%)
2024-10-23 00:04:55 INFO: 00:04:55.639 [task-runner-1-43] [INFO ] q.lib.plugins.DetectionPluginTools - 8169 nuclei detected (processing time: 25.54 seconds)
2024-10-23 00:04:55 INFO: 00:04:55.639 [main] [INFO ] q.l.p.CommandLineTaskRunner$CommandLineProgressMonitor - 8169 nuclei detected (79%)
2024-10-23 00:04:55 INFO: 00:04:55.663 [task-runner-1-40] [INFO ] q.lib.plugins.DetectionPluginTools - 0 nuclei detected (processing time: 9.29 seconds)
2024-10-23 00:04:55 INFO: 00:04:55.663 [main] [INFO ] q.l.p.CommandLineTaskRunner$CommandLineProgressMonitor - 0 nuclei detected (79%)
2024-10-23 00:04:55 INFO: 00:04:55.677 [task-runner-1-20] [INFO ] q.lib.plugins.DetectionPluginTools - 7123 nuclei detected (processing time: 26.65 seconds)
2024-10-23 00:04:55 INFO: 00:04:55.677 [main] [INFO ] q.l.p.CommandLineTaskRunner$CommandLineProgressMonitor - 7123 nuclei detected (80%)
2024-10-23 00:04:55 INFO: 00:04:55.678 [task-runner-1-22] [INFO ] q.lib.plugins.DetectionPluginTools - 6391 nuclei detected (processing time: 25.58 seconds)
2024-10-23 00:04:55 INFO: 00:04:55.678 [main] [INFO ] q.l.p.CommandLineTaskRunner$CommandLineProgressMonitor - 6391 nuclei detected (81%)
2024-10-23 00:04:55 INFO: 00:04:55.696 [task-runner-1-23] [INFO ] q.lib.plugins.DetectionPluginTools - 5048 nuclei detected (processing time: 26.35 seconds)
2024-10-23 00:04:55 INFO: 00:04:55.696 [main] [INFO ] q.l.p.CommandLineTaskRunner$CommandLineProgressMonitor - 5048 nuclei detected (81%)
2024-10-23 00:04:55 INFO: 00:04:55.720 [task-runner-1-62] [INFO ] q.lib.plugins.DetectionPluginTools - 4514 nuclei detected (processing time: 28.06 seconds)
2024-10-23 00:04:55 INFO: 00:04:55.720 [main] [INFO ] q.l.p.CommandLineTaskRunner$CommandLineProgressMonitor - 4514 nuclei detected (82%)
2024-10-23 00:04:55 INFO: 00:04:55.781 [task-runner-1-16] [INFO ] q.lib.plugins.DetectionPluginTools - 5924 nuclei detected (processing time: 26.90 seconds)
2024-10-23 00:04:55 INFO: 00:04:55.782 [main] [INFO ] q.l.p.CommandLineTaskRunner$CommandLineProgressMonitor - 5924 nuclei detected (83%)
2024-10-23 00:04:56 INFO: 00:04:56.155 [task-runner-1-19] [INFO ] q.lib.plugins.DetectionPluginTools - 8382 nuclei detected (processing time: 28.50 seconds)
2024-10-23 00:04:56 INFO: 00:04:56.156 [main] [INFO ] q.l.p.CommandLineTaskRunner$CommandLineProgressMonitor - 8382 nuclei detected (83%)
2024-10-23 00:04:56 INFO: 00:04:56.204 [task-runner-1-32] [INFO ] q.lib.plugins.DetectionPluginTools - 8109 nuclei detected (processing time: 28.94 seconds)
2024-10-23 00:04:56 INFO: 00:04:56.204 [main] [INFO ] q.l.p.CommandLineTaskRunner$CommandLineProgressMonitor - 8109 nuclei detected (84%)
2024-10-23 00:04:56 INFO: 00:04:56.209 [task-runner-1-37] [INFO ] q.lib.plugins.DetectionPluginTools - 4581 nuclei detected (processing time: 18.70 seconds)
2024-10-23 00:04:56 INFO: 00:04:56.209 [main] [INFO ] q.l.p.CommandLineTaskRunner$CommandLineProgressMonitor - 4581 nuclei detected (84%)
2024-10-23 00:04:56 INFO: 00:04:56.244 [task-runner-1-59] [INFO ] q.lib.plugins.DetectionPluginTools - 1 nucleus detected (processing time: 9.49 seconds)
2024-10-23 00:04:56 INFO: 00:04:56.245 [main] [INFO ] q.l.p.CommandLineTaskRunner$CommandLineProgressMonitor - 1 nucleus detected (85%)
2024-10-23 00:04:56 INFO: 00:04:56.282 [task-runner-1-45] [INFO ] q.lib.plugins.DetectionPluginTools - 8113 nuclei detected (processing time: 28.64 seconds)
2024-10-23 00:04:56 INFO: 00:04:56.282 [main] [INFO ] q.l.p.CommandLineTaskRunner$CommandLineProgressMonitor - 8113 nuclei detected (86%)
2024-10-23 00:04:56 INFO: 00:04:56.328 [task-runner-1-24] [INFO ] q.lib.plugins.DetectionPluginTools - 6879 nuclei detected (processing time: 27.08 seconds)
2024-10-23 00:04:56 INFO: 00:04:56.329 [main] [INFO ] q.l.p.CommandLineTaskRunner$CommandLineProgressMonitor - 6879 nuclei detected (86%)
2024-10-23 00:04:56 INFO: 00:04:56.520 [task-runner-1-17] [INFO ] q.lib.plugins.DetectionPluginTools - 8789 nuclei detected (processing time: 29.26 seconds)
2024-10-23 00:04:56 INFO: 00:04:56.520 [main] [INFO ] q.l.p.CommandLineTaskRunner$CommandLineProgressMonitor - 8789 nuclei detected (87%)
2024-10-23 00:04:56 INFO: 00:04:56.726 [task-runner-1-54] [INFO ] q.lib.plugins.DetectionPluginTools - 1 nucleus detected (processing time: 8.48 seconds)
2024-10-23 00:04:56 INFO: 00:04:56.726 [main] [INFO ] q.l.p.CommandLineTaskRunner$CommandLineProgressMonitor - 1 nucleus detected (88%)
2024-10-23 00:04:56 INFO: 00:04:56.831 [task-runner-1-53] [INFO ] q.lib.plugins.DetectionPluginTools - 3322 nuclei detected (processing time: 14.65 seconds)
2024-10-23 00:04:56 INFO: 00:04:56.831 [main] [INFO ] q.l.p.CommandLineTaskRunner$CommandLineProgressMonitor - 3322 nuclei detected (88%)
2024-10-23 00:04:56 INFO: 00:04:56.877 [task-runner-1-46] [INFO ] q.lib.plugins.DetectionPluginTools - 1 nucleus detected (processing time: 8.59 seconds)
2024-10-23 00:04:56 INFO: 00:04:56.877 [main] [INFO ] q.l.p.CommandLineTaskRunner$CommandLineProgressMonitor - 1 nucleus detected (89%)
2024-10-23 00:04:56 INFO: 00:04:56.893 [task-runner-1-52] [INFO ] q.lib.plugins.DetectionPluginTools - 0 nuclei detected (processing time: 7.65 seconds)
2024-10-23 00:04:56 INFO: 00:04:56.893 [main] [INFO ] q.l.p.CommandLineTaskRunner$CommandLineProgressMonitor - 0 nuclei detected (89%)
2024-10-23 00:04:56 INFO: 00:04:56.916 [task-runner-1-30] [INFO ] q.lib.plugins.DetectionPluginTools - 8180 nuclei detected (processing time: 28.05 seconds)
2024-10-23 00:04:56 INFO: 00:04:56.916 [main] [INFO ] q.l.p.CommandLineTaskRunner$CommandLineProgressMonitor - 8180 nuclei detected (90%)
2024-10-23 00:04:56 INFO: 00:04:56.969 [task-runner-1-9] [INFO ] q.lib.plugins.DetectionPluginTools - 6428 nuclei detected (processing time: 19.08 seconds)
2024-10-23 00:04:56 INFO: 00:04:56.970 [main] [INFO ] q.l.p.CommandLineTaskRunner$CommandLineProgressMonitor - 6428 nuclei detected (91%)
2024-10-23 00:04:57 INFO: 00:04:57.198 [task-runner-1-51] [INFO ] q.lib.plugins.DetectionPluginTools - 8661 nuclei detected (processing time: 27.34 seconds)
2024-10-23 00:04:57 INFO: 00:04:57.199 [main] [INFO ] q.l.p.CommandLineTaskRunner$CommandLineProgressMonitor - 8661 nuclei detected (91%)
2024-10-23 00:04:57 INFO: 00:04:57.206 [task-runner-1-12] [INFO ] q.lib.plugins.DetectionPluginTools - 1 nucleus detected (processing time: 8.14 seconds)
2024-10-23 00:04:57 INFO: 00:04:57.207 [main] [INFO ] q.l.p.CommandLineTaskRunner$CommandLineProgressMonitor - 1 nucleus detected (92%)
2024-10-23 00:04:57 INFO: 00:04:57.317 [task-runner-1-44] [INFO ] q.lib.plugins.DetectionPluginTools - 0 nuclei detected (processing time: 9.04 seconds)
2024-10-23 00:04:57 INFO: 00:04:57.318 [main] [INFO ] q.l.p.CommandLineTaskRunner$CommandLineProgressMonitor - 0 nuclei detected (93%)
2024-10-23 00:04:57 INFO: 00:04:57.383 [task-runner-1-4] [INFO ] q.lib.plugins.DetectionPluginTools - 0 nuclei detected (processing time: 7.00 seconds)
2024-10-23 00:04:57 INFO: 00:04:57.488 [task-runner-1-47] [INFO ] q.lib.plugins.DetectionPluginTools - 4438 nuclei detected (processing time: 14.35 seconds)
2024-10-23 00:04:57 INFO: 00:04:57.488 [main] [INFO ] q.l.p.CommandLineTaskRunner$CommandLineProgressMonitor - 4438 nuclei detected (94%)
2024-10-23 00:04:57 INFO: 00:04:57.736 [task-runner-1-60] [INFO ] q.lib.plugins.DetectionPluginTools - 0 nuclei detected (processing time: 7.59 seconds)
2024-10-23 00:04:57 INFO: 00:04:57.737 [main] [INFO ] q.l.p.CommandLineTaskRunner$CommandLineProgressMonitor - 0 nuclei detected (94%)
2024-10-23 00:04:57 INFO: 00:04:57.924 [task-runner-1-57] [INFO ] q.lib.plugins.DetectionPluginTools - 1 nucleus detected (processing time: 8.19 seconds)
2024-10-23 00:04:57 INFO: 00:04:57.924 [main] [INFO ] q.l.p.CommandLineTaskRunner$CommandLineProgressMonitor - 1 nucleus detected (95%)
2024-10-23 00:04:57 INFO: 00:04:57.930 [task-runner-1-13] [INFO ] q.lib.plugins.DetectionPluginTools - 0 nuclei detected (processing time: 8.14 seconds)
2024-10-23 00:04:57 INFO: 00:04:57.930 [main] [INFO ] q.l.p.CommandLineTaskRunner$CommandLineProgressMonitor - 0 nuclei detected (96%)
2024-10-23 00:04:58 INFO: 00:04:58.091 [task-runner-1-1] [INFO ] q.lib.plugins.DetectionPluginTools - 0 nuclei detected (processing time: 6.98 seconds)
2024-10-23 00:04:58 INFO: 00:04:58.527 [task-runner-1-18] [INFO ] q.lib.plugins.DetectionPluginTools - 0 nuclei detected (processing time: 6.66 seconds)
2024-10-23 00:04:58 INFO: 00:04:58.527 [main] [INFO ] q.l.p.CommandLineTaskRunner$CommandLineProgressMonitor - 0 nuclei detected (97%)
2024-10-23 00:04:58 INFO: 00:04:58.583 [task-runner-1-28] [INFO ] q.lib.plugins.DetectionPluginTools - 0 nuclei detected (processing time: 6.83 seconds)
2024-10-23 00:04:58 INFO: 00:04:58.583 [main] [INFO ] q.l.p.CommandLineTaskRunner$CommandLineProgressMonitor - 0 nuclei detected (98%)
2024-10-23 00:04:58 INFO: 00:04:58.956 [task-runner-1-6] [INFO ] q.lib.plugins.DetectionPluginTools - 7837 nuclei detected (processing time: 20.94 seconds)
2024-10-23 00:04:58 INFO: 00:04:58.957 [main] [INFO ] q.l.p.CommandLineTaskRunner$CommandLineProgressMonitor - 7837 nuclei detected (98%)
2024-10-23 00:04:59 INFO: 00:04:59.209 [task-runner-1-55] [INFO ] q.lib.plugins.DetectionPluginTools - 8007 nuclei detected (processing time: 20.19 seconds)
2024-10-23 00:04:59 INFO: 00:04:59.209 [main] [INFO ] q.l.p.CommandLineTaskRunner$CommandLineProgressMonitor - 8007 nuclei detected (99%)
2024-10-23 00:04:59 INFO: 00:04:59.596 [task-runner-1-39] [INFO ] q.lib.plugins.DetectionPluginTools - 8881 nuclei detected (processing time: 21.44 seconds)
2024-10-23 00:04:59 INFO: 00:04:59.596 [main] [INFO ] q.l.p.CommandLineTaskRunner$CommandLineProgressMonitor - 8881 nuclei detected (99%)
2024-10-23 00:04:59 INFO: 00:04:59.775 [task-runner-1-34] [INFO ] q.lib.plugins.DetectionPluginTools - 9079 nuclei detected (processing time: 21.57 seconds)
2024-10-23 00:04:59 INFO: 00:04:59.775 [main] [INFO ] q.l.p.CommandLineTaskRunner$CommandLineProgressMonitor - 9079 nuclei detected (100%)
2024-10-23 00:04:59 INFO: 00:04:59.775 [main] [INFO ] q.l.p.CommandLineTaskRunner$CommandLineProgressMonitor - Processing complete in 48.76 seconds
2024-10-23 00:04:59 INFO: 00:04:59.775 [main] [INFO ] q.l.p.CommandLineTaskRunner$CommandLineProgressMonitor - Tasks completed!
2024-10-23 00:05:20 INFO: 00:05:20.013 [main] [WARN ] q.l.p.objects.SmoothFeaturesPlugin - Smoothing using annotations
2024-10-23 00:05:26 INFO: 00:05:26.757 [main] [INFO ] q.l.p.CommandLineTaskRunner$CommandLineProgressMonitor - Completed (100%)
2024-10-23 00:05:26 INFO: 00:05:26.757 [main] [INFO ] q.l.p.CommandLineTaskRunner$CommandLineProgressMonitor - Processing complete in 6.74 seconds
2024-10-23 00:05:26 INFO: 00:05:26.757 [main] [INFO ] q.l.p.CommandLineTaskRunner$CommandLineProgressMonitor - Tasks completed!
2024-10-23 00:05:26 INFO: 00:05:26.759 [main] [WARN ] q.l.p.objects.SmoothFeaturesPlugin - Smoothing using annotations
2024-10-23 00:05:39 INFO: 00:05:39.373 [main] [INFO ] q.l.p.CommandLineTaskRunner$CommandLineProgressMonitor - Completed (100%)
2024-10-23 00:05:39 INFO: 00:05:39.374 [main] [INFO ] q.l.p.CommandLineTaskRunner$CommandLineProgressMonitor - Processing complete in 12.62 seconds
2024-10-23 00:05:39 INFO: 00:05:39.374 [main] [INFO ] q.l.p.CommandLineTaskRunner$CommandLineProgressMonitor - Tasks completed!
2024-10-23 00:05:39 INFO: 00:05:39.376 [main] [WARN ] q.l.p.objects.SmoothFeaturesPlugin - Smoothing using annotations
2024-10-23 00:06:19 INFO: 00:06:19.575 [main] [INFO ] q.l.p.CommandLineTaskRunner$CommandLineProgressMonitor - Completed (100%)
2024-10-23 00:06:19 INFO: 00:06:19.575 [main] [INFO ] q.l.p.CommandLineTaskRunner$CommandLineProgressMonitor - Processing complete in 40.20 seconds
2024-10-23 00:06:19 INFO: 00:06:19.576 [main] [INFO ] q.l.p.CommandLineTaskRunner$CommandLineProgressMonitor - Tasks completed!
2024-10-23 00:06:19 INFO: 00:06:19.866 [task-runner-5-2] [INFO ] q.l.a.IntensityFeaturesPlugin - Splitting Rectangle (0, 0, 63784, 39311) into 40 tiles for intensity measurements
2024-10-23 00:06:20 INFO: 00:06:20.183 [main] [INFO ] q.l.p.CommandLineTaskRunner$CommandLineProgressMonitor - Completed (0%)
2024-10-23 00:06:20 INFO: 00:06:20.889 [main] [INFO ] q.l.p.CommandLineTaskRunner$CommandLineProgressMonitor - Completed (1%)
2024-10-23 00:06:21 INFO: 00:06:21.340 [main] [INFO ] q.l.p.CommandLineTaskRunner$CommandLineProgressMonitor - Completed (2%)
2024-10-23 00:06:22 INFO: 00:06:22.224 [main] [INFO ] q.l.p.CommandLineTaskRunner$CommandLineProgressMonitor - Completed (3%)
2024-10-23 00:06:22 INFO: 00:06:22.426 [main] [INFO ] q.l.p.CommandLineTaskRunner$CommandLineProgressMonitor - Completed (4%)
2024-10-23 00:06:22 INFO: 00:06:22.582 [main] [INFO ] q.l.p.CommandLineTaskRunner$CommandLineProgressMonitor - Completed (5%)
2024-10-23 00:06:22 INFO: 00:06:22.761 [main] [INFO ] q.l.p.CommandLineTaskRunner$CommandLineProgressMonitor - Completed (6%)
2024-10-23 00:06:22 INFO: 00:06:22.941 [main] [INFO ] q.l.p.CommandLineTaskRunner$CommandLineProgressMonitor - Completed (7%)
2024-10-23 00:06:23 INFO: 00:06:23.653 [main] [INFO ] q.l.p.CommandLineTaskRunner$CommandLineProgressMonitor - Completed (8%)
2024-10-23 00:06:23 INFO: 00:06:23.799 [main] [INFO ] q.l.p.CommandLineTaskRunner$CommandLineProgressMonitor - Completed (9%)
2024-10-23 00:06:23 INFO: 00:06:23.957 [main] [INFO ] q.l.p.CommandLineTaskRunner$CommandLineProgressMonitor - Completed (10%)
2024-10-23 00:06:24 INFO: 00:06:24.649 [main] [INFO ] q.l.p.CommandLineTaskRunner$CommandLineProgressMonitor - Completed (11%)
2024-10-23 00:06:24 INFO: 00:06:24.835 [main] [INFO ] q.l.p.CommandLineTaskRunner$CommandLineProgressMonitor - Completed (12%)
2024-10-23 00:06:25 INFO: 00:06:25.024 [main] [INFO ] q.l.p.CommandLineTaskRunner$CommandLineProgressMonitor - Completed (13%)
2024-10-23 00:06:25 INFO: 00:06:25.262 [main] [INFO ] q.l.p.CommandLineTaskRunner$CommandLineProgressMonitor - Completed (14%)
2024-10-23 00:06:25 INFO: 00:06:25.554 [main] [INFO ] q.l.p.CommandLineTaskRunner$CommandLineProgressMonitor - Completed (15%)
2024-10-23 00:06:25 INFO: 00:06:25.840 [main] [INFO ] q.l.p.CommandLineTaskRunner$CommandLineProgressMonitor - Completed (16%)
2024-10-23 00:06:26 INFO: 00:06:26.006 [main] [INFO ] q.l.p.CommandLineTaskRunner$CommandLineProgressMonitor - Completed (17%)
2024-10-23 00:06:26 INFO: 00:06:26.174 [main] [INFO ] q.l.p.CommandLineTaskRunner$CommandLineProgressMonitor - Completed (18%)
2024-10-23 00:06:26 INFO: 00:06:26.331 [main] [INFO ] q.l.p.CommandLineTaskRunner$CommandLineProgressMonitor - Completed (19%)
2024-10-23 00:06:26 INFO: 00:06:26.469 [main] [INFO ] q.l.p.CommandLineTaskRunner$CommandLineProgressMonitor - Completed (20%)
2024-10-23 00:06:26 INFO: 00:06:26.620 [main] [INFO ] q.l.p.CommandLineTaskRunner$CommandLineProgressMonitor - Completed (21%)
2024-10-23 00:06:26 INFO: 00:06:26.783 [main] [INFO ] q.l.p.CommandLineTaskRunner$CommandLineProgressMonitor - Completed (22%)
2024-10-23 00:06:26 INFO: 00:06:26.958 [main] [INFO ] q.l.p.CommandLineTaskRunner$CommandLineProgressMonitor - Completed (23%)
2024-10-23 00:06:27 INFO: 00:06:27.126 [main] [INFO ] q.l.p.CommandLineTaskRunner$CommandLineProgressMonitor - Completed (24%)
2024-10-23 00:06:27 INFO: 00:06:27.278 [main] [INFO ] q.l.p.CommandLineTaskRunner$CommandLineProgressMonitor - Completed (25%)
2024-10-23 00:06:27 INFO: 00:06:27.444 [main] [INFO ] q.l.p.CommandLineTaskRunner$CommandLineProgressMonitor - Completed (26%)
2024-10-23 00:06:27 INFO: 00:06:27.653 [main] [INFO ] q.l.p.CommandLineTaskRunner$CommandLineProgressMonitor - Completed (27%)
2024-10-23 00:06:27 INFO: 00:06:27.888 [main] [INFO ] q.l.p.CommandLineTaskRunner$CommandLineProgressMonitor - Completed (28%)
2024-10-23 00:06:28 INFO: 00:06:28.234 [main] [INFO ] q.l.p.CommandLineTaskRunner$CommandLineProgressMonitor - Completed (29%)
2024-10-23 00:06:28 INFO: 00:06:28.411 [main] [INFO ] q.l.p.CommandLineTaskRunner$CommandLineProgressMonitor - Completed (30%)
2024-10-23 00:06:28 INFO: 00:06:28.585 [main] [INFO ] q.l.p.CommandLineTaskRunner$CommandLineProgressMonitor - Completed (31%)
2024-10-23 00:06:28 INFO: 00:06:28.750 [main] [INFO ] q.l.p.CommandLineTaskRunner$CommandLineProgressMonitor - Completed (32%)
2024-10-23 00:06:28 INFO: 00:06:28.890 [main] [INFO ] q.l.p.CommandLineTaskRunner$CommandLineProgressMonitor - Completed (33%)
2024-10-23 00:06:29 INFO: 00:06:29.040 [main] [INFO ] q.l.p.CommandLineTaskRunner$CommandLineProgressMonitor - Completed (34%)
2024-10-23 00:06:29 INFO: 00:06:29.207 [main] [INFO ] q.l.p.CommandLineTaskRunner$CommandLineProgressMonitor - Completed (35%)
2024-10-23 00:06:29 INFO: 00:06:29.366 [main] [INFO ] q.l.p.CommandLineTaskRunner$CommandLineProgressMonitor - Completed (36%)
2024-10-23 00:06:29 INFO: 00:06:29.529 [main] [INFO ] q.l.p.CommandLineTaskRunner$CommandLineProgressMonitor - Completed (37%)
2024-10-23 00:06:29 INFO: 00:06:29.679 [main] [INFO ] q.l.p.CommandLineTaskRunner$CommandLineProgressMonitor - Completed (38%)
2024-10-23 00:06:29 INFO: 00:06:29.826 [main] [INFO ] q.l.p.CommandLineTaskRunner$CommandLineProgressMonitor - Completed (39%)
2024-10-23 00:06:29 INFO: 00:06:29.972 [main] [INFO ] q.l.p.CommandLineTaskRunner$CommandLineProgressMonitor - Completed (40%)
2024-10-23 00:06:30 INFO: 00:06:30.112 [main] [INFO ] q.l.p.CommandLineTaskRunner$CommandLineProgressMonitor - Completed (41%)
2024-10-23 00:06:30 INFO: 00:06:30.266 [main] [INFO ] q.l.p.CommandLineTaskRunner$CommandLineProgressMonitor - Completed (42%)
2024-10-23 00:06:30 INFO: 00:06:30.486 [main] [INFO ] q.l.p.CommandLineTaskRunner$CommandLineProgressMonitor - Completed (43%)
2024-10-23 00:06:30 INFO: 00:06:30.723 [main] [INFO ] q.l.p.CommandLineTaskRunner$CommandLineProgressMonitor - Completed (44%)
2024-10-23 00:06:31 INFO: 00:06:31.012 [main] [INFO ] q.l.p.CommandLineTaskRunner$CommandLineProgressMonitor - Completed (45%)
2024-10-23 00:06:31 INFO: 00:06:31.272 [main] [INFO ] q.l.p.CommandLineTaskRunner$CommandLineProgressMonitor - Completed (46%)
2024-10-23 00:06:31 INFO: 00:06:31.533 [main] [INFO ] q.l.p.CommandLineTaskRunner$CommandLineProgressMonitor - Completed (47%)
2024-10-23 00:06:31 INFO: 00:06:31.722 [main] [INFO ] q.l.p.CommandLineTaskRunner$CommandLineProgressMonitor - Completed (48%)
2024-10-23 00:06:31 INFO: 00:06:31.989 [main] [INFO ] q.l.p.CommandLineTaskRunner$CommandLineProgressMonitor - Completed (49%)
2024-10-23 00:06:32 INFO: 00:06:32.155 [main] [INFO ] q.l.p.CommandLineTaskRunner$CommandLineProgressMonitor - Completed (50%)
2024-10-23 00:06:32 INFO: 00:06:32.324 [main] [INFO ] q.l.p.CommandLineTaskRunner$CommandLineProgressMonitor - Completed (51%)
2024-10-23 00:06:32 INFO: 00:06:32.485 [main] [INFO ] q.l.p.CommandLineTaskRunner$CommandLineProgressMonitor - Completed (52%)
2024-10-23 00:06:32 INFO: 00:06:32.629 [main] [INFO ] q.l.p.CommandLineTaskRunner$CommandLineProgressMonitor - Completed (53%)
2024-10-23 00:06:32 INFO: 00:06:32.770 [main] [INFO ] q.l.p.CommandLineTaskRunner$CommandLineProgressMonitor - Completed (54%)
2024-10-23 00:06:32 INFO: 00:06:32.943 [main] [INFO ] q.l.p.CommandLineTaskRunner$CommandLineProgressMonitor - Completed (55%)
2024-10-23 00:06:33 INFO: 00:06:33.108 [main] [INFO ] q.l.p.CommandLineTaskRunner$CommandLineProgressMonitor - Completed (56%)
2024-10-23 00:06:33 INFO: 00:06:33.269 [main] [INFO ] q.l.p.CommandLineTaskRunner$CommandLineProgressMonitor - Completed (57%)
2024-10-23 00:06:33 INFO: 00:06:33.419 [main] [INFO ] q.l.p.CommandLineTaskRunner$CommandLineProgressMonitor - Completed (58%)
2024-10-23 00:06:33 INFO: 00:06:33.570 [main] [INFO ] q.l.p.CommandLineTaskRunner$CommandLineProgressMonitor - Completed (59%)
2024-10-23 00:06:33 INFO: 00:06:33.757 [main] [INFO ] q.l.p.CommandLineTaskRunner$CommandLineProgressMonitor - Completed (60%)
2024-10-23 00:06:33 INFO: 00:06:33.931 [main] [INFO ] q.l.p.CommandLineTaskRunner$CommandLineProgressMonitor - Completed (61%)
2024-10-23 00:06:34 INFO: 00:06:34.119 [main] [INFO ] q.l.p.CommandLineTaskRunner$CommandLineProgressMonitor - Completed (62%)
2024-10-23 00:06:34 INFO: 00:06:34.301 [main] [INFO ] q.l.p.CommandLineTaskRunner$CommandLineProgressMonitor - Completed (63%)
2024-10-23 00:06:34 INFO: 00:06:34.491 [main] [INFO ] q.l.p.CommandLineTaskRunner$CommandLineProgressMonitor - Completed (64%)
2024-10-23 00:06:34 INFO: 00:06:34.640 [main] [INFO ] q.l.p.CommandLineTaskRunner$CommandLineProgressMonitor - Completed (65%)
2024-10-23 00:06:34 INFO: 00:06:34.778 [main] [INFO ] q.l.p.CommandLineTaskRunner$CommandLineProgressMonitor - Completed (66%)
2024-10-23 00:06:35 INFO: 00:06:35.020 [main] [INFO ] q.l.p.CommandLineTaskRunner$CommandLineProgressMonitor - Completed (67%)
2024-10-23 00:06:35 INFO: 00:06:35.198 [main] [INFO ] q.l.p.CommandLineTaskRunner$CommandLineProgressMonitor - Completed (68%)
2024-10-23 00:06:35 INFO: 00:06:35.365 [main] [INFO ] q.l.p.CommandLineTaskRunner$CommandLineProgressMonitor - Completed (69%)
2024-10-23 00:06:35 INFO: 00:06:35.530 [main] [INFO ] q.l.p.CommandLineTaskRunner$CommandLineProgressMonitor - Completed (70%)
2024-10-23 00:06:35 INFO: 00:06:35.682 [main] [INFO ] q.l.p.CommandLineTaskRunner$CommandLineProgressMonitor - Completed (71%)
2024-10-23 00:06:35 INFO: 00:06:35.816 [main] [INFO ] q.l.p.CommandLineTaskRunner$CommandLineProgressMonitor - Completed (72%)
2024-10-23 00:06:35 INFO: 00:06:35.995 [main] [INFO ] q.l.p.CommandLineTaskRunner$CommandLineProgressMonitor - Completed (73%)
2024-10-23 00:06:36 INFO: 00:06:36.176 [main] [INFO ] q.l.p.CommandLineTaskRunner$CommandLineProgressMonitor - Completed (74%)
2024-10-23 00:06:36 INFO: 00:06:36.365 [main] [INFO ] q.l.p.CommandLineTaskRunner$CommandLineProgressMonitor - Completed (75%)
2024-10-23 00:06:36 INFO: 00:06:36.550 [main] [INFO ] q.l.p.CommandLineTaskRunner$CommandLineProgressMonitor - Completed (76%)
2024-10-23 00:06:36 INFO: 00:06:36.723 [main] [INFO ] q.l.p.CommandLineTaskRunner$CommandLineProgressMonitor - Completed (77%)
2024-10-23 00:06:36 INFO: 00:06:36.864 [main] [INFO ] q.l.p.CommandLineTaskRunner$CommandLineProgressMonitor - Completed (78%)
2024-10-23 00:06:37 INFO: 00:06:37.014 [main] [INFO ] q.l.p.CommandLineTaskRunner$CommandLineProgressMonitor - Completed (79%)
2024-10-23 00:06:37 INFO: 00:06:37.154 [main] [INFO ] q.l.p.CommandLineTaskRunner$CommandLineProgressMonitor - Completed (80%)
2024-10-23 00:06:37 INFO: 00:06:37.302 [main] [INFO ] q.l.p.CommandLineTaskRunner$CommandLineProgressMonitor - Completed (81%)
2024-10-23 00:06:37 INFO: 00:06:37.446 [main] [INFO ] q.l.p.CommandLineTaskRunner$CommandLineProgressMonitor - Completed (82%)
2024-10-23 00:06:37 INFO: 00:06:37.637 [main] [INFO ] q.l.p.CommandLineTaskRunner$CommandLineProgressMonitor - Completed (83%)
2024-10-23 00:06:37 INFO: 00:06:37.791 [main] [INFO ] q.l.p.CommandLineTaskRunner$CommandLineProgressMonitor - Completed (84%)
2024-10-23 00:06:38 INFO: 00:06:38.061 [main] [INFO ] q.l.p.CommandLineTaskRunner$CommandLineProgressMonitor - Completed (85%)
2024-10-23 00:06:38 INFO: 00:06:38.236 [main] [INFO ] q.l.p.CommandLineTaskRunner$CommandLineProgressMonitor - Completed (86%)
2024-10-23 00:06:38 INFO: 00:06:38.408 [main] [INFO ] q.l.p.CommandLineTaskRunner$CommandLineProgressMonitor - Completed (87%)
2024-10-23 00:06:38 INFO: 00:06:38.578 [main] [INFO ] q.l.p.CommandLineTaskRunner$CommandLineProgressMonitor - Completed (88%)
2024-10-23 00:06:38 INFO: 00:06:38.733 [main] [INFO ] q.l.p.CommandLineTaskRunner$CommandLineProgressMonitor - Completed (89%)
2024-10-23 00:06:38 INFO: 00:06:38.913 [main] [INFO ] q.l.p.CommandLineTaskRunner$CommandLineProgressMonitor - Completed (90%)
2024-10-23 00:06:39 INFO: 00:06:39.101 [main] [INFO ] q.l.p.CommandLineTaskRunner$CommandLineProgressMonitor - Completed (91%)
2024-10-23 00:06:39 INFO: 00:06:39.277 [main] [INFO ] q.l.p.CommandLineTaskRunner$CommandLineProgressMonitor - Completed (92%)
2024-10-23 00:06:39 INFO: 00:06:39.430 [main] [INFO ] q.l.p.CommandLineTaskRunner$CommandLineProgressMonitor - Completed (93%)
2024-10-23 00:06:39 INFO: 00:06:39.586 [main] [INFO ] q.l.p.CommandLineTaskRunner$CommandLineProgressMonitor - Completed (94%)
2024-10-23 00:06:39 INFO: 00:06:39.743 [main] [INFO ] q.l.p.CommandLineTaskRunner$CommandLineProgressMonitor - Completed (95%)
2024-10-23 00:06:39 INFO: 00:06:39.902 [main] [INFO ] q.l.p.CommandLineTaskRunner$CommandLineProgressMonitor - Completed (96%)
2024-10-23 00:06:40 INFO: 00:06:40.059 [main] [INFO ] q.l.p.CommandLineTaskRunner$CommandLineProgressMonitor - Completed (97%)
2024-10-23 00:06:40 INFO: 00:06:40.238 [main] [INFO ] q.l.p.CommandLineTaskRunner$CommandLineProgressMonitor - Completed (98%)
2024-10-23 00:06:40 INFO: 00:06:40.397 [main] [INFO ] q.l.p.CommandLineTaskRunner$CommandLineProgressMonitor - Completed (99%)
2024-10-23 00:06:40 INFO: 00:06:40.557 [main] [INFO ] q.l.p.CommandLineTaskRunner$CommandLineProgressMonitor - Completed (100%)
2024-10-23 00:07:34 INFO: 00:07:34.681 [main] [INFO ] q.l.p.CommandLineTaskRunner$CommandLineProgressMonitor - Completed (100%)
2024-10-23 00:07:34 INFO: 00:07:34.683 [main] [INFO ] q.l.p.CommandLineTaskRunner$CommandLineProgressMonitor - Processing complete in 74.83 seconds
2024-10-23 00:07:34 INFO: 00:07:34.683 [main] [INFO ] q.l.p.CommandLineTaskRunner$CommandLineProgressMonitor - Tasks completed!
2024-10-23 00:10:50 INFO: 00:10:50.488 [task-runner-6-1] [WARN ] q.o.features.DelaunayTriangulation - Some objects have missing measurements! Statistics will calculated only for objects with measurements available.
2024-10-23 00:10:50 INFO: 00:10:50.489 [task-runner-6-1] [WARN ] q.o.features.DelaunayTriangulation - Missing measurements: [ROI: 1.00 m per pixel: Residual: Haralick Correlation (F2), ROI: 1.00 m per pixel: Residual: Haralick Information measure of correlation 1 (F11), ROI: 1.00 m per pixel: Hematoxylin: Haralick Correlation (F2), ROI: 1.00 m per pixel: Hematoxylin: Haralick Information measure of correlation 1 (F11), ROI: 1.00 m per pixel: Residual: Haralick Information measure of correlation 2 (F12), ROI: 1.00 m per pixel: Red: Haralick Correlation (F2), ROI: 1.00 m per pixel: Red: Haralick Information measure of correlation 1 (F11), ROI: 1.00 m per pixel: Brightness: Haralick Correlation (F2), ROI: 1.00 m per pixel: Brightness: Haralick Information measure of correlation 1 (F11), ROI: 1.00 m per pixel: Hematoxylin: Haralick Information measure of correlation 2 (F12)]
2024-10-23 00:10:50 INFO: 00:10:50.551 [main] [INFO ] q.l.p.CommandLineTaskRunner$CommandLineProgressMonitor - Delaunay triangulation calculated for Annotation (317655 objects) (100%)
2024-10-23 00:10:50 INFO: 00:10:50.552 [main] [INFO ] q.l.p.CommandLineTaskRunner$CommandLineProgressMonitor - Processing complete in 195.80 seconds
2024-10-23 00:10:50 INFO: 00:10:50.552 [main] [INFO ] q.l.p.CommandLineTaskRunner$CommandLineProgressMonitor - Tasks completed!
2024-10-23 00:14:25 INFO: TCGA-GI-A2C8-01Z-00-DX1.09BD8AC9-645A-4C8B-9B36-77D833BDBA09
2024-10-23 00:14:25 INFO: QuPath subprocess completed.
2024-10-23 00:14:42 INFO: QuPath image extraction completed successfully. Output directory: /home/ilants/Documents/jupyter_test/single_image_multiple_params/exp_backgroundRadiusMicrons_16.0
2024-10-23 00:14:42 INFO: Summary table saved to: /home/ilants/Documents/jupyter_test/single_image_multiple_params/exp_backgroundRadiusMicrons_16.0/Summary_Table.csv
2024-10-23 00:14:42 INFO: Experiment completed successfully.
