2024-10-23 02:32:50 INFO: Starting experiment with for minAreaMicrons with value of 12.0
2024-10-23 02:32:50 INFO: Running with the following configuration:
{'detectionImageBrightfield': 'Hematoxylin OD', 'requestedPixelSizeMicrons': 0.5, 'backgroundRadiusMicrons': 4.0, 'backgroundByReconstruction': True, 'medianRadiusMicrons': 0.0, 'sigmaMicrons': 1.5, 'minAreaMicrons': 12.0, 'maxAreaMicrons': 80.0, 'threshold': 0.1, 'maxBackground': 2.0, 'watershedPostProcess': True, 'cellExpansionMicrons': 5.0, 'includeNuclei': True, 'smoothBoundaries': True, 'makeMeasurements': True, 'backgroundRadiusPixel': 8.0, 'cellExpansionPixel': 10.0, 'medianRadiusPixel': 0.0, 'minAreaPixel': 20.0, 'maxAreaPixel': 160.0}
2024-10-23 02:32:50 INFO: Starting QuPath image extraction with the following parameters: image_dir=/home/ilants/Documents/jupyter_test, output_dir=/home/ilants/Documents/jupyter_test/single_image_multiple_params/exp_minAreaMicrons_12.0, image_type=svs, groovy_script=/home/ilants/Documents/utls/nucleus_detection_wargs.groovy, config_file=/home/ilants/Documents/jupyter_test/single_image_multiple_params/exp_minAreaMicrons_12.0/cfg.json, program_path=/home/ilants/Documents/QuPath-v0.5.1-Linux/QuPath/bin/QuPath
2024-10-23 02:32:51 INFO: 02:32:51.604 [main] [INFO ] qupath.lib.gui.prefs.PathPrefs - Setting default Locale to en_US
2024-10-23 02:32:51 INFO: 02:32:51.607 [main] [INFO ] qupath.lib.gui.prefs.PathPrefs - Setting Locale for FORMAT to en_US
2024-10-23 02:32:51 INFO: 02:32:51.607 [main] [INFO ] qupath.lib.gui.prefs.PathPrefs - Setting Locale for DISPLAY to en_US
2024-10-23 02:32:51 INFO: 02:32:51.620 [main] [INFO ] qupath.lib.common.ThreadTools - Setting parallelism to 63
2024-10-23 02:32:51 INFO: 02:32:51.639 [main] [INFO ] qupath.ScriptCommand - Setting tile cache size to 32200.00 MB (25.0% max memory)
2024-10-23 02:32:51 INFO: 02:32:51.699 [main] [INFO ] qupath.lib.scripting.QP - Initializing type adapters
2024-10-23 02:32:51 INFO: Warning: Versions of org.bytedeco:javacpp:1.5.9 and org.bytedeco:opencv:4.6.0-1.5.8 do not match.
2024-10-23 02:32:51 INFO: Warning: Versions of org.bytedeco:javacpp:1.5.9 and org.bytedeco:openblas:0.3.21-1.5.8 do not match.
2024-10-23 02:32:53 INFO: project parameters are: {"detectionImageBrightfield": "Hematoxylin OD","requestedPixelSizeMicrons": 0.5,"backgroundRadiusMicrons": 4.0,"backgroundByReconstruction": true,"medianRadiusMicrons": 0.0,"sigmaMicrons": 1.5,"minAreaMicrons": 12.0,"maxAreaMicrons": 80.0,"threshold": 0.1,"maxBackground": 2.0,"watershedPostProcess": true,"cellExpansionMicrons": 5.0,"includeNuclei": true,"smoothBoundaries": true,"makeMeasurements": true,"backgroundRadiusPixel": 8.0,"cellExpansionPixel": 10.0,"medianRadiusPixel": 0.0,"minAreaPixel": 20.0,"maxAreaPixel": 160.0}
2024-10-23 02:32:53 INFO: New project created at: /home/ilants/Documents/jupyter_test/single_image_multiple_params/exp_minAreaMicrons_12.0/QPProject
2024-10-23 02:32:53 INFO: Added: /home/ilants/Documents/jupyter_test/TCGA-GI-A2C8-01Z-00-DX1.09BD8AC9-645A-4C8B-9B36-77D833BDBA09.svs
2024-10-23 02:32:53 INFO: /home/ilants/Documents/jupyter_test/TCGA-GI-A2C8-01Z-00-DX1.09BD8AC9-645A-4C8B-9B36-77D833BDBA09.svs
2024-10-23 02:32:53 INFO: 02:32:53.596 [main] [INFO ] q.l.i.s.b.BioFormatsServerOptions - Setting max Bio-Formats readers to 32
2024-10-23 02:32:54 INFO: UriImageSupport (class qupath.lib.images.servers.bioformats.BioFormatsServerBuilder) support=3.0, builders=1
2024-10-23 02:32:54 INFO: true
2024-10-23 02:32:54 INFO: 02:32:54.304 [main] [WARN ] qupath.lib.scripting.QP - createSelectAllObject(boolean) is deprecated, use createFullImageAnnotation(boolean) instead
2024-10-23 02:32:54 INFO: 02:32:54.304 [main] [WARN ] qupath.lib.scripting.QP - createSelectAllObject(boolean, int, int) is deprecated, use createFullImageAnnotation(boolean, int, int) instead
2024-10-23 02:32:54 INFO: 02:32:54.315 [main] [WARN ] q.l.plugins.parameters.ParameterList - Unable to set parameter backgroundRadiusPixel with value 8.0
2024-10-23 02:32:54 INFO: 02:32:54.315 [main] [WARN ] q.l.plugins.parameters.ParameterList - Unable to set parameter cellExpansionPixel with value 10.0
2024-10-23 02:32:54 INFO: 02:32:54.315 [main] [WARN ] q.l.plugins.parameters.ParameterList - Unable to set parameter medianRadiusPixel with value 0.0
2024-10-23 02:32:54 INFO: 02:32:54.315 [main] [WARN ] q.l.plugins.parameters.ParameterList - Unable to set parameter minAreaPixel with value 20.0
2024-10-23 02:32:54 INFO: 02:32:54.315 [main] [WARN ] q.l.plugins.parameters.ParameterList - Unable to set parameter maxAreaPixel with value 160.0
2024-10-23 02:33:06 INFO: 02:33:06.846 [task-runner-1-3] [INFO ] q.lib.plugins.DetectionPluginTools - 0 nuclei detected (processing time: 12.41 seconds)
2024-10-23 02:33:06 INFO: 02:33:06.846 [task-runner-1-16] [INFO ] q.lib.plugins.DetectionPluginTools - 0 nuclei detected (processing time: 12.41 seconds)
2024-10-23 02:33:06 INFO: 02:33:06.846 [task-runner-1-32] [INFO ] q.lib.plugins.DetectionPluginTools - 0 nuclei detected (processing time: 12.40 seconds)
2024-10-23 02:33:06 INFO: 02:33:06.846 [task-runner-1-1] [INFO ] q.lib.plugins.DetectionPluginTools - 0 nuclei detected (processing time: 12.41 seconds)
2024-10-23 02:33:06 INFO: 02:33:06.846 [task-runner-1-12] [INFO ] q.lib.plugins.DetectionPluginTools - 0 nuclei detected (processing time: 12.41 seconds)
2024-10-23 02:33:06 INFO: 02:33:06.846 [task-runner-1-48] [INFO ] q.lib.plugins.DetectionPluginTools - 0 nuclei detected (processing time: 12.40 seconds)
2024-10-23 02:33:06 INFO: 02:33:06.848 [main] [INFO ] q.l.p.CommandLineTaskRunner$CommandLineProgressMonitor - 0 nuclei detected (1%)
2024-10-23 02:33:06 INFO: 02:33:06.848 [main] [INFO ] q.l.p.CommandLineTaskRunner$CommandLineProgressMonitor - 0 nuclei detected (2%)
2024-10-23 02:33:06 INFO: 02:33:06.848 [main] [INFO ] q.l.p.CommandLineTaskRunner$CommandLineProgressMonitor - 0 nuclei detected (3%)
2024-10-23 02:33:06 INFO: 02:33:06.848 [main] [INFO ] q.l.p.CommandLineTaskRunner$CommandLineProgressMonitor - 0 nuclei detected (4%)
2024-10-23 02:33:06 INFO: 02:33:06.850 [task-runner-1-9] [INFO ] q.lib.plugins.DetectionPluginTools - 0 nuclei detected (processing time: 12.41 seconds)
2024-10-23 02:33:06 INFO: 02:33:06.851 [task-runner-1-15] [INFO ] q.lib.plugins.DetectionPluginTools - 0 nuclei detected (processing time: 12.41 seconds)
2024-10-23 02:33:06 INFO: 02:33:06.852 [main] [INFO ] q.l.p.CommandLineTaskRunner$CommandLineProgressMonitor - 0 nuclei detected (5%)
2024-10-23 02:33:07 INFO: 02:33:07.133 [task-runner-1-4] [INFO ] q.lib.plugins.DetectionPluginTools - 0 nuclei detected (processing time: 12.70 seconds)
2024-10-23 02:33:07 INFO: 02:33:07.134 [main] [INFO ] q.l.p.CommandLineTaskRunner$CommandLineProgressMonitor - 0 nuclei detected (6%)
2024-10-23 02:33:07 INFO: 02:33:07.253 [task-runner-1-7] [INFO ] q.lib.plugins.DetectionPluginTools - 1 nucleus detected (processing time: 12.82 seconds)
2024-10-23 02:33:07 INFO: 02:33:07.254 [main] [INFO ] q.l.p.CommandLineTaskRunner$CommandLineProgressMonitor - 1 nucleus detected (6%)
2024-10-23 02:33:07 INFO: 02:33:07.545 [task-runner-1-2] [INFO ] q.lib.plugins.DetectionPluginTools - 2 nuclei detected (processing time: 13.11 seconds)
2024-10-23 02:33:07 INFO: 02:33:07.545 [main] [INFO ] q.l.p.CommandLineTaskRunner$CommandLineProgressMonitor - 2 nuclei detected (7%)
2024-10-23 02:33:07 INFO: 02:33:07.696 [task-runner-1-11] [INFO ] q.lib.plugins.DetectionPluginTools - 1 nucleus detected (processing time: 13.26 seconds)
2024-10-23 02:33:07 INFO: 02:33:07.696 [main] [INFO ] q.l.p.CommandLineTaskRunner$CommandLineProgressMonitor - 1 nucleus detected (8%)
2024-10-23 02:33:09 INFO: 02:33:09.745 [task-runner-1-10] [INFO ] q.lib.plugins.DetectionPluginTools - 1 nucleus detected (processing time: 15.31 seconds)
2024-10-23 02:33:09 INFO: 02:33:09.746 [task-runner-1-30] [INFO ] q.lib.plugins.DetectionPluginTools - 1 nucleus detected (processing time: 15.30 seconds)
2024-10-23 02:33:09 INFO: 02:33:09.747 [main] [INFO ] q.l.p.CommandLineTaskRunner$CommandLineProgressMonitor - 1 nucleus detected (9%)
2024-10-23 02:33:09 INFO: 02:33:09.758 [task-runner-1-27] [INFO ] q.lib.plugins.DetectionPluginTools - 1 nucleus detected (processing time: 15.32 seconds)
2024-10-23 02:33:09 INFO: 02:33:09.758 [task-runner-1-14] [INFO ] q.lib.plugins.DetectionPluginTools - 2 nuclei detected (processing time: 15.32 seconds)
2024-10-23 02:33:09 INFO: 02:33:09.760 [main] [INFO ] q.l.p.CommandLineTaskRunner$CommandLineProgressMonitor - 2 nuclei detected (10%)
2024-10-23 02:33:09 INFO: 02:33:09.763 [task-runner-1-29] [INFO ] q.lib.plugins.DetectionPluginTools - 5 nuclei detected (processing time: 15.32 seconds)
2024-10-23 02:33:09 INFO: 02:33:09.763 [main] [INFO ] q.l.p.CommandLineTaskRunner$CommandLineProgressMonitor - 5 nuclei detected (11%)
2024-10-23 02:33:09 INFO: 02:33:09.766 [task-runner-1-6] [INFO ] q.lib.plugins.DetectionPluginTools - 4 nuclei detected (processing time: 15.33 seconds)
2024-10-23 02:33:09 INFO: 02:33:09.770 [main] [INFO ] q.l.p.CommandLineTaskRunner$CommandLineProgressMonitor - 4 nuclei detected (11%)
2024-10-23 02:33:09 INFO: 02:33:09.771 [task-runner-1-17] [INFO ] q.lib.plugins.DetectionPluginTools - 1 nucleus detected (processing time: 15.33 seconds)
2024-10-23 02:33:09 INFO: 02:33:09.771 [main] [INFO ] q.l.p.CommandLineTaskRunner$CommandLineProgressMonitor - 1 nucleus detected (12%)
2024-10-23 02:33:09 INFO: 02:33:09.778 [task-runner-1-8] [INFO ] q.lib.plugins.DetectionPluginTools - 1 nucleus detected (processing time: 15.34 seconds)
2024-10-23 02:33:09 INFO: 02:33:09.779 [main] [INFO ] q.l.p.CommandLineTaskRunner$CommandLineProgressMonitor - 1 nucleus detected (13%)
2024-10-23 02:33:09 INFO: 02:33:09.803 [task-runner-1-31] [INFO ] q.lib.plugins.DetectionPluginTools - 13 nuclei detected (processing time: 15.36 seconds)
2024-10-23 02:33:09 INFO: 02:33:09.805 [main] [INFO ] q.l.p.CommandLineTaskRunner$CommandLineProgressMonitor - 13 nuclei detected (13%)
2024-10-23 02:33:09 INFO: 02:33:09.820 [task-runner-1-13] [INFO ] q.lib.plugins.DetectionPluginTools - 8 nuclei detected (processing time: 15.38 seconds)
2024-10-23 02:33:09 INFO: 02:33:09.821 [main] [INFO ] q.l.p.CommandLineTaskRunner$CommandLineProgressMonitor - 8 nuclei detected (14%)
2024-10-23 02:33:09 INFO: 02:33:09.850 [task-runner-1-47] [INFO ] q.lib.plugins.DetectionPluginTools - 7 nuclei detected (processing time: 15.40 seconds)
2024-10-23 02:33:09 INFO: 02:33:09.852 [main] [INFO ] q.l.p.CommandLineTaskRunner$CommandLineProgressMonitor - 7 nuclei detected (14%)
2024-10-23 02:33:09 INFO: 02:33:09.964 [task-runner-1-28] [INFO ] q.lib.plugins.DetectionPluginTools - 20 nuclei detected (processing time: 15.52 seconds)
2024-10-23 02:33:09 INFO: 02:33:09.964 [main] [INFO ] q.l.p.CommandLineTaskRunner$CommandLineProgressMonitor - 20 nuclei detected (15%)
2024-10-23 02:33:09 INFO: 02:33:09.993 [task-runner-1-26] [INFO ] q.lib.plugins.DetectionPluginTools - 46 nuclei detected (processing time: 15.55 seconds)
2024-10-23 02:33:09 INFO: 02:33:09.994 [main] [INFO ] q.l.p.CommandLineTaskRunner$CommandLineProgressMonitor - 46 nuclei detected (16%)
2024-10-23 02:33:09 INFO: 02:33:09.996 [task-runner-1-5] [INFO ] q.lib.plugins.DetectionPluginTools - 57 nuclei detected (processing time: 15.56 seconds)
2024-10-23 02:33:10 INFO: 02:33:09.997 [main] [INFO ] q.l.p.CommandLineTaskRunner$CommandLineProgressMonitor - 57 nuclei detected (16%)
2024-10-23 02:33:10 INFO: 02:33:10.067 [task-runner-1-46] [INFO ] q.lib.plugins.DetectionPluginTools - 55 nuclei detected (processing time: 15.62 seconds)
2024-10-23 02:33:10 INFO: 02:33:10.068 [main] [INFO ] q.l.p.CommandLineTaskRunner$CommandLineProgressMonitor - 55 nuclei detected (17%)
2024-10-23 02:33:10 INFO: 02:33:10.088 [task-runner-1-45] [INFO ] q.lib.plugins.DetectionPluginTools - 108 nuclei detected (processing time: 15.64 seconds)
2024-10-23 02:33:10 INFO: 02:33:10.089 [main] [INFO ] q.l.p.CommandLineTaskRunner$CommandLineProgressMonitor - 108 nuclei detected (18%)
2024-10-23 02:33:10 INFO: 02:33:10.130 [task-runner-1-63] [INFO ] q.lib.plugins.DetectionPluginTools - 139 nuclei detected (processing time: 15.68 seconds)
2024-10-23 02:33:10 INFO: 02:33:10.139 [main] [INFO ] q.l.p.CommandLineTaskRunner$CommandLineProgressMonitor - 139 nuclei detected (18%)
2024-10-23 02:33:10 INFO: 02:33:10.230 [task-runner-1-49] [INFO ] q.lib.plugins.DetectionPluginTools - 130 nuclei detected (processing time: 15.78 seconds)
2024-10-23 02:33:10 INFO: 02:33:10.231 [main] [INFO ] q.l.p.CommandLineTaskRunner$CommandLineProgressMonitor - 130 nuclei detected (19%)
2024-10-23 02:33:10 INFO: 02:33:10.248 [task-runner-1-33] [INFO ] q.lib.plugins.DetectionPluginTools - 219 nuclei detected (processing time: 15.80 seconds)
2024-10-23 02:33:10 INFO: 02:33:10.250 [main] [INFO ] q.l.p.CommandLineTaskRunner$CommandLineProgressMonitor - 219 nuclei detected (19%)
2024-10-23 02:33:10 INFO: 02:33:10.263 [task-runner-1-18] [INFO ] q.lib.plugins.DetectionPluginTools - 219 nuclei detected (processing time: 15.82 seconds)
2024-10-23 02:33:10 INFO: 02:33:10.266 [task-runner-1-61] [INFO ] q.lib.plugins.DetectionPluginTools - 191 nuclei detected (processing time: 15.82 seconds)
2024-10-23 02:33:10 INFO: 02:33:10.266 [main] [INFO ] q.l.p.CommandLineTaskRunner$CommandLineProgressMonitor - 219 nuclei detected (20%)
2024-10-23 02:33:10 INFO: 02:33:10.267 [main] [INFO ] q.l.p.CommandLineTaskRunner$CommandLineProgressMonitor - 191 nuclei detected (21%)
2024-10-23 02:33:10 INFO: 02:33:10.275 [task-runner-1-62] [INFO ] q.lib.plugins.DetectionPluginTools - 209 nuclei detected (processing time: 15.82 seconds)
2024-10-23 02:33:10 INFO: 02:33:10.276 [main] [INFO ] q.l.p.CommandLineTaskRunner$CommandLineProgressMonitor - 209 nuclei detected (21%)
2024-10-23 02:33:10 INFO: 02:33:10.280 [task-runner-1-19] [INFO ] q.lib.plugins.DetectionPluginTools - 139 nuclei detected (processing time: 15.84 seconds)
2024-10-23 02:33:10 INFO: 02:33:10.288 [main] [INFO ] q.l.p.CommandLineTaskRunner$CommandLineProgressMonitor - 139 nuclei detected (22%)
2024-10-23 02:33:10 INFO: 02:33:10.295 [task-runner-1-44] [INFO ] q.lib.plugins.DetectionPluginTools - 255 nuclei detected (processing time: 15.85 seconds)
2024-10-23 02:33:10 INFO: 02:33:10.304 [main] [INFO ] q.l.p.CommandLineTaskRunner$CommandLineProgressMonitor - 255 nuclei detected (23%)
2024-10-23 02:33:10 INFO: 02:33:10.499 [task-runner-1-35] [INFO ] q.lib.plugins.DetectionPluginTools - 280 nuclei detected (processing time: 16.05 seconds)
2024-10-23 02:33:10 INFO: 02:33:10.501 [main] [INFO ] q.l.p.CommandLineTaskRunner$CommandLineProgressMonitor - 280 nuclei detected (23%)
2024-10-23 02:33:10 INFO: 02:33:10.528 [task-runner-1-25] [INFO ] q.lib.plugins.DetectionPluginTools - 331 nuclei detected (processing time: 16.09 seconds)
2024-10-23 02:33:10 INFO: 02:33:10.530 [main] [INFO ] q.l.p.CommandLineTaskRunner$CommandLineProgressMonitor - 331 nuclei detected (24%)
2024-10-23 02:33:10 INFO: 02:33:10.537 [task-runner-1-34] [INFO ] q.lib.plugins.DetectionPluginTools - 370 nuclei detected (processing time: 16.09 seconds)
2024-10-23 02:33:10 INFO: 02:33:10.540 [task-runner-1-50] [INFO ] q.lib.plugins.DetectionPluginTools - 305 nuclei detected (processing time: 16.09 seconds)
2024-10-23 02:33:10 INFO: 02:33:10.546 [main] [INFO ] q.l.p.CommandLineTaskRunner$CommandLineProgressMonitor - 370 nuclei detected (24%)
2024-10-23 02:33:10 INFO: 02:33:10.546 [main] [INFO ] q.l.p.CommandLineTaskRunner$CommandLineProgressMonitor - 305 nuclei detected (25%)
2024-10-23 02:33:10 INFO: 02:33:10.641 [task-runner-1-20] [INFO ] q.lib.plugins.DetectionPluginTools - 609 nuclei detected (processing time: 16.20 seconds)
2024-10-23 02:33:10 INFO: 02:33:10.644 [main] [INFO ] q.l.p.CommandLineTaskRunner$CommandLineProgressMonitor - 609 nuclei detected (26%)
2024-10-23 02:33:10 INFO: 02:33:10.726 [task-runner-1-51] [INFO ] q.lib.plugins.DetectionPluginTools - 834 nuclei detected (processing time: 16.28 seconds)
2024-10-23 02:33:10 INFO: 02:33:10.727 [main] [INFO ] q.l.p.CommandLineTaskRunner$CommandLineProgressMonitor - 834 nuclei detected (26%)
2024-10-23 02:33:10 INFO: 02:33:10.769 [task-runner-1-23] [INFO ] q.lib.plugins.DetectionPluginTools - 947 nuclei detected (processing time: 16.33 seconds)
2024-10-23 02:33:10 INFO: 02:33:10.770 [main] [INFO ] q.l.p.CommandLineTaskRunner$CommandLineProgressMonitor - 947 nuclei detected (27%)
2024-10-23 02:33:10 INFO: 02:33:10.778 [task-runner-1-24] [INFO ] q.lib.plugins.DetectionPluginTools - 907 nuclei detected (processing time: 16.34 seconds)
2024-10-23 02:33:10 INFO: 02:33:10.779 [main] [INFO ] q.l.p.CommandLineTaskRunner$CommandLineProgressMonitor - 907 nuclei detected (28%)
2024-10-23 02:33:10 INFO: 02:33:10.780 [task-runner-1-43] [INFO ] q.lib.plugins.DetectionPluginTools - 937 nuclei detected (processing time: 16.33 seconds)
2024-10-23 02:33:10 INFO: 02:33:10.781 [main] [INFO ] q.l.p.CommandLineTaskRunner$CommandLineProgressMonitor - 937 nuclei detected (28%)
2024-10-23 02:33:10 INFO: 02:33:10.809 [task-runner-1-60] [INFO ] q.lib.plugins.DetectionPluginTools - 1073 nuclei detected (processing time: 16.36 seconds)
2024-10-23 02:33:10 INFO: 02:33:10.811 [main] [INFO ] q.l.p.CommandLineTaskRunner$CommandLineProgressMonitor - 1073 nuclei detected (29%)
2024-10-23 02:33:10 INFO: 02:33:10.844 [task-runner-1-22] [INFO ] q.lib.plugins.DetectionPluginTools - 1329 nuclei detected (processing time: 16.40 seconds)
2024-10-23 02:33:10 INFO: 02:33:10.845 [main] [INFO ] q.l.p.CommandLineTaskRunner$CommandLineProgressMonitor - 1329 nuclei detected (29%)
2024-10-23 02:33:13 INFO: 02:33:13.084 [task-runner-1-1] [INFO ] q.lib.plugins.DetectionPluginTools - 1 nucleus detected (processing time: 6.24 seconds)
2024-10-23 02:33:13 INFO: 02:33:13.085 [main] [INFO ] q.l.p.CommandLineTaskRunner$CommandLineProgressMonitor - 1 nucleus detected (30%)
2024-10-23 02:33:14 INFO: 02:33:14.287 [task-runner-1-36] [INFO ] q.lib.plugins.DetectionPluginTools - 1954 nuclei detected (processing time: 19.84 seconds)
2024-10-23 02:33:14 INFO: 02:33:14.288 [main] [INFO ] q.l.p.CommandLineTaskRunner$CommandLineProgressMonitor - 1954 nuclei detected (31%)
2024-10-23 02:33:14 INFO: 02:33:14.306 [task-runner-1-16] [INFO ] q.lib.plugins.DetectionPluginTools - 361 nuclei detected (processing time: 7.46 seconds)
2024-10-23 02:33:14 INFO: 02:33:14.307 [main] [INFO ] q.l.p.CommandLineTaskRunner$CommandLineProgressMonitor - 361 nuclei detected (31%)
2024-10-23 02:33:14 INFO: 02:33:14.828 [task-runner-1-48] [INFO ] q.lib.plugins.DetectionPluginTools - 114 nuclei detected (processing time: 7.98 seconds)
2024-10-23 02:33:14 INFO: 02:33:14.830 [task-runner-1-40] [INFO ] q.lib.plugins.DetectionPluginTools - 2038 nuclei detected (processing time: 20.38 seconds)
2024-10-23 02:33:14 INFO: 02:33:14.846 [main] [INFO ] q.l.p.CommandLineTaskRunner$CommandLineProgressMonitor - 2038 nuclei detected (32%)
2024-10-23 02:33:14 INFO: 02:33:14.847 [main] [INFO ] q.l.p.CommandLineTaskRunner$CommandLineProgressMonitor - 114 nuclei detected (33%)
2024-10-23 02:33:14 INFO: 02:33:14.977 [task-runner-1-21] [INFO ] q.lib.plugins.DetectionPluginTools - 3464 nuclei detected (processing time: 20.54 seconds)
2024-10-23 02:33:14 INFO: 02:33:14.979 [main] [INFO ] q.l.p.CommandLineTaskRunner$CommandLineProgressMonitor - 3464 nuclei detected (33%)
2024-10-23 02:33:15 INFO: 02:33:15.278 [task-runner-1-52] [INFO ] q.lib.plugins.DetectionPluginTools - 2470 nuclei detected (processing time: 20.83 seconds)
2024-10-23 02:33:15 INFO: 02:33:15.278 [main] [INFO ] q.l.p.CommandLineTaskRunner$CommandLineProgressMonitor - 2470 nuclei detected (34%)
2024-10-23 02:33:15 INFO: 02:33:15.626 [task-runner-1-59] [INFO ] q.lib.plugins.DetectionPluginTools - 2609 nuclei detected (processing time: 21.18 seconds)
2024-10-23 02:33:15 INFO: 02:33:15.629 [main] [INFO ] q.l.p.CommandLineTaskRunner$CommandLineProgressMonitor - 2609 nuclei detected (34%)
2024-10-23 02:33:15 INFO: 02:33:15.734 [task-runner-1-29] [INFO ] q.lib.plugins.DetectionPluginTools - 0 nuclei detected (processing time: 5.97 seconds)
2024-10-23 02:33:15 INFO: 02:33:15.736 [main] [INFO ] q.l.p.CommandLineTaskRunner$CommandLineProgressMonitor - 0 nuclei detected (35%)
2024-10-23 02:33:15 INFO: 02:33:15.738 [task-runner-1-3] [INFO ] q.lib.plugins.DetectionPluginTools - 471 nuclei detected (processing time: 8.89 seconds)
2024-10-23 02:33:15 INFO: 02:33:15.740 [main] [INFO ] q.l.p.CommandLineTaskRunner$CommandLineProgressMonitor - 471 nuclei detected (36%)
2024-10-23 02:33:15 INFO: 02:33:15.818 [task-runner-1-42] [INFO ] q.lib.plugins.DetectionPluginTools - 2564 nuclei detected (processing time: 21.37 seconds)
2024-10-23 02:33:15 INFO: 02:33:15.819 [main] [INFO ] q.l.p.CommandLineTaskRunner$CommandLineProgressMonitor - 2564 nuclei detected (36%)
2024-10-23 02:33:15 INFO: 02:33:15.855 [task-runner-1-41] [INFO ] q.lib.plugins.DetectionPluginTools - 2423 nuclei detected (processing time: 21.41 seconds)
2024-10-23 02:33:15 INFO: 02:33:15.857 [main] [INFO ] q.l.p.CommandLineTaskRunner$CommandLineProgressMonitor - 2423 nuclei detected (37%)
2024-10-23 02:33:16 INFO: 02:33:16.858 [task-runner-1-57] [INFO ] q.lib.plugins.DetectionPluginTools - 3211 nuclei detected (processing time: 22.41 seconds)
2024-10-23 02:33:16 INFO: 02:33:16.865 [main] [INFO ] q.l.p.CommandLineTaskRunner$CommandLineProgressMonitor - 3211 nuclei detected (38%)
2024-10-23 02:33:16 INFO: 02:33:16.880 [task-runner-1-61] [INFO ] q.lib.plugins.DetectionPluginTools - 2 nuclei detected (processing time: 6.61 seconds)
2024-10-23 02:33:16 INFO: 02:33:16.883 [main] [INFO ] q.l.p.CommandLineTaskRunner$CommandLineProgressMonitor - 2 nuclei detected (38%)
2024-10-23 02:33:17 INFO: 02:33:17.242 [task-runner-1-6] [INFO ] q.lib.plugins.DetectionPluginTools - 115 nuclei detected (processing time: 7.47 seconds)
2024-10-23 02:33:17 INFO: 02:33:17.244 [main] [INFO ] q.l.p.CommandLineTaskRunner$CommandLineProgressMonitor - 115 nuclei detected (39%)
2024-10-23 02:33:17 INFO: 02:33:17.245 [task-runner-1-39] [INFO ] q.lib.plugins.DetectionPluginTools - 2859 nuclei detected (processing time: 22.80 seconds)
2024-10-23 02:33:17 INFO: 02:33:17.246 [main] [INFO ] q.l.p.CommandLineTaskRunner$CommandLineProgressMonitor - 2859 nuclei detected (39%)
2024-10-23 02:33:17 INFO: 02:33:17.276 [task-runner-1-37] [INFO ] q.lib.plugins.DetectionPluginTools - 4243 nuclei detected (processing time: 22.83 seconds)
2024-10-23 02:33:17 INFO: 02:33:17.278 [main] [INFO ] q.l.p.CommandLineTaskRunner$CommandLineProgressMonitor - 4243 nuclei detected (40%)
2024-10-23 02:33:17 INFO: 02:33:17.375 [task-runner-1-17] [INFO ] q.lib.plugins.DetectionPluginTools - 132 nuclei detected (processing time: 7.60 seconds)
2024-10-23 02:33:17 INFO: 02:33:17.390 [main] [INFO ] q.l.p.CommandLineTaskRunner$CommandLineProgressMonitor - 132 nuclei detected (41%)
2024-10-23 02:33:17 INFO: 02:33:17.463 [task-runner-1-14] [INFO ] q.lib.plugins.DetectionPluginTools - 209 nuclei detected (processing time: 7.70 seconds)
2024-10-23 02:33:17 INFO: 02:33:17.466 [main] [INFO ] q.l.p.CommandLineTaskRunner$CommandLineProgressMonitor - 209 nuclei detected (41%)
2024-10-23 02:33:17 INFO: 02:33:17.480 [task-runner-1-38] [INFO ] q.lib.plugins.DetectionPluginTools - 3718 nuclei detected (processing time: 23.03 seconds)
2024-10-23 02:33:17 INFO: 02:33:17.489 [main] [INFO ] q.l.p.CommandLineTaskRunner$CommandLineProgressMonitor - 3718 nuclei detected (42%)
2024-10-23 02:33:17 INFO: 02:33:17.970 [task-runner-1-58] [INFO ] q.lib.plugins.DetectionPluginTools - 2585 nuclei detected (processing time: 23.52 seconds)
2024-10-23 02:33:17 INFO: 02:33:17.971 [main] [INFO ] q.l.p.CommandLineTaskRunner$CommandLineProgressMonitor - 2585 nuclei detected (43%)
2024-10-23 02:33:18 INFO: 02:33:18.091 [task-runner-1-18] [INFO ] q.lib.plugins.DetectionPluginTools - 105 nuclei detected (processing time: 7.83 seconds)
2024-10-23 02:33:18 INFO: 02:33:18.093 [main] [INFO ] q.l.p.CommandLineTaskRunner$CommandLineProgressMonitor - 105 nuclei detected (43%)
2024-10-23 02:33:18 INFO: 02:33:18.199 [task-runner-1-44] [INFO ] q.lib.plugins.DetectionPluginTools - 231 nuclei detected (processing time: 7.89 seconds)
2024-10-23 02:33:18 INFO: 02:33:18.200 [main] [INFO ] q.l.p.CommandLineTaskRunner$CommandLineProgressMonitor - 231 nuclei detected (44%)
2024-10-23 02:33:18 INFO: 02:33:18.349 [task-runner-1-19] [INFO ] q.lib.plugins.DetectionPluginTools - 144 nuclei detected (processing time: 8.06 seconds)
2024-10-23 02:33:18 INFO: 02:33:18.350 [main] [INFO ] q.l.p.CommandLineTaskRunner$CommandLineProgressMonitor - 144 nuclei detected (44%)
2024-10-23 02:33:18 INFO: 02:33:18.416 [task-runner-1-55] [INFO ] q.lib.plugins.DetectionPluginTools - 3137 nuclei detected (processing time: 23.97 seconds)
2024-10-23 02:33:18 INFO: 02:33:18.418 [main] [INFO ] q.l.p.CommandLineTaskRunner$CommandLineProgressMonitor - 3137 nuclei detected (45%)
2024-10-23 02:33:18 INFO: 02:33:18.444 [task-runner-1-62] [INFO ] q.lib.plugins.DetectionPluginTools - 144 nuclei detected (processing time: 8.17 seconds)
2024-10-23 02:33:18 INFO: 02:33:18.447 [main] [INFO ] q.l.p.CommandLineTaskRunner$CommandLineProgressMonitor - 144 nuclei detected (46%)
2024-10-23 02:33:19 INFO: 02:33:19.485 [task-runner-1-8] [INFO ] q.lib.plugins.DetectionPluginTools - 768 nuclei detected (processing time: 9.71 seconds)
2024-10-23 02:33:19 INFO: 02:33:19.487 [main] [INFO ] q.l.p.CommandLineTaskRunner$CommandLineProgressMonitor - 768 nuclei detected (46%)
2024-10-23 02:33:19 INFO: 02:33:19.567 [task-runner-1-56] [INFO ] q.lib.plugins.DetectionPluginTools - 3892 nuclei detected (processing time: 25.12 seconds)
2024-10-23 02:33:19 INFO: 02:33:19.570 [main] [INFO ] q.l.p.CommandLineTaskRunner$CommandLineProgressMonitor - 3892 nuclei detected (47%)
2024-10-23 02:33:19 INFO: 02:33:19.635 [task-runner-1-1] [INFO ] q.lib.plugins.DetectionPluginTools - 38 nuclei detected (processing time: 6.55 seconds)
2024-10-23 02:33:19 INFO: 02:33:19.638 [main] [INFO ] q.l.p.CommandLineTaskRunner$CommandLineProgressMonitor - 38 nuclei detected (48%)
2024-10-23 02:33:20 INFO: 02:33:20.560 [task-runner-1-54] [INFO ] q.lib.plugins.DetectionPluginTools - 4421 nuclei detected (processing time: 26.11 seconds)
2024-10-23 02:33:20 INFO: 02:33:20.562 [main] [INFO ] q.l.p.CommandLineTaskRunner$CommandLineProgressMonitor - 4421 nuclei detected (48%)
2024-10-23 02:33:21 INFO: 02:33:21.080 [task-runner-1-53] [INFO ] q.lib.plugins.DetectionPluginTools - 5761 nuclei detected (processing time: 26.63 seconds)
2024-10-23 02:33:21 INFO: 02:33:21.083 [main] [INFO ] q.l.p.CommandLineTaskRunner$CommandLineProgressMonitor - 5761 nuclei detected (49%)
2024-10-23 02:33:21 INFO: 02:33:21.122 [task-runner-1-27] [INFO ] q.lib.plugins.DetectionPluginTools - 693 nuclei detected (processing time: 11.36 seconds)
2024-10-23 02:33:21 INFO: 02:33:21.124 [main] [INFO ] q.l.p.CommandLineTaskRunner$CommandLineProgressMonitor - 693 nuclei detected (49%)
2024-10-23 02:33:21 INFO: 02:33:21.396 [task-runner-1-36] [INFO ] q.lib.plugins.DetectionPluginTools - 1 nucleus detected (processing time: 7.11 seconds)
2024-10-23 02:33:21 INFO: 02:33:21.397 [main] [INFO ] q.l.p.CommandLineTaskRunner$CommandLineProgressMonitor - 1 nucleus detected (50%)
2024-10-23 02:33:22 INFO: 02:33:22.022 [task-runner-1-33] [INFO ] q.lib.plugins.DetectionPluginTools - 753 nuclei detected (processing time: 11.77 seconds)
2024-10-23 02:33:22 INFO: 02:33:22.032 [main] [INFO ] q.l.p.CommandLineTaskRunner$CommandLineProgressMonitor - 753 nuclei detected (51%)
2024-10-23 02:33:22 INFO: 02:33:22.282 [task-runner-1-16] [INFO ] q.lib.plugins.DetectionPluginTools - 309 nuclei detected (processing time: 7.98 seconds)
2024-10-23 02:33:22 INFO: 02:33:22.284 [main] [INFO ] q.l.p.CommandLineTaskRunner$CommandLineProgressMonitor - 309 nuclei detected (51%)
2024-10-23 02:33:22 INFO: 02:33:22.922 [task-runner-1-48] [INFO ] q.lib.plugins.DetectionPluginTools - 248 nuclei detected (processing time: 8.08 seconds)
2024-10-23 02:33:22 INFO: 02:33:22.924 [main] [INFO ] q.l.p.CommandLineTaskRunner$CommandLineProgressMonitor - 248 nuclei detected (52%)
2024-10-23 02:33:23 INFO: 02:33:23.448 [task-runner-1-30] [INFO ] q.lib.plugins.DetectionPluginTools - 1375 nuclei detected (processing time: 13.70 seconds)
2024-10-23 02:33:23 INFO: 02:33:23.452 [main] [INFO ] q.l.p.CommandLineTaskRunner$CommandLineProgressMonitor - 1375 nuclei detected (53%)
2024-10-23 02:33:23 INFO: 02:33:23.567 [task-runner-1-17] [INFO ] q.lib.plugins.DetectionPluginTools - 0 nuclei detected (processing time: 6.18 seconds)
2024-10-23 02:33:23 INFO: 02:33:23.569 [main] [INFO ] q.l.p.CommandLineTaskRunner$CommandLineProgressMonitor - 0 nuclei detected (53%)
2024-10-23 02:33:23 INFO: 02:33:23.745 [task-runner-1-12] [INFO ] q.lib.plugins.DetectionPluginTools - 2619 nuclei detected (processing time: 16.90 seconds)
2024-10-23 02:33:23 INFO: 02:33:23.747 [main] [INFO ] q.l.p.CommandLineTaskRunner$CommandLineProgressMonitor - 2619 nuclei detected (54%)
2024-10-23 02:33:23 INFO: 02:33:23.865 [task-runner-1-37] [INFO ] q.lib.plugins.DetectionPluginTools - 0 nuclei detected (processing time: 6.59 seconds)
2024-10-23 02:33:23 INFO: 02:33:23.866 [main] [INFO ] q.l.p.CommandLineTaskRunner$CommandLineProgressMonitor - 0 nuclei detected (54%)
2024-10-23 02:33:23 INFO: 02:33:23.985 [task-runner-1-18] [INFO ] q.lib.plugins.DetectionPluginTools - 3 nuclei detected (processing time: 5.89 seconds)
2024-10-23 02:33:23 INFO: 02:33:23.987 [main] [INFO ] q.l.p.CommandLineTaskRunner$CommandLineProgressMonitor - 3 nuclei detected (55%)
2024-10-23 02:33:24 INFO: 02:33:24.579 [task-runner-1-14] [INFO ] q.lib.plugins.DetectionPluginTools - 106 nuclei detected (processing time: 7.11 seconds)
2024-10-23 02:33:24 INFO: 02:33:24.581 [main] [INFO ] q.l.p.CommandLineTaskRunner$CommandLineProgressMonitor - 106 nuclei detected (56%)
2024-10-23 02:33:24 INFO: 02:33:24.583 [task-runner-1-44] [INFO ] q.lib.plugins.DetectionPluginTools - 10 nuclei detected (processing time: 6.38 seconds)
2024-10-23 02:33:24 INFO: 02:33:24.584 [main] [INFO ] q.l.p.CommandLineTaskRunner$CommandLineProgressMonitor - 10 nuclei detected (56%)
2024-10-23 02:33:24 INFO: 02:33:24.602 [task-runner-1-58] [INFO ] q.lib.plugins.DetectionPluginTools - 89 nuclei detected (processing time: 6.63 seconds)
2024-10-23 02:33:24 INFO: 02:33:24.604 [main] [INFO ] q.l.p.CommandLineTaskRunner$CommandLineProgressMonitor - 89 nuclei detected (57%)
2024-10-23 02:33:24 INFO: 02:33:24.646 [task-runner-1-38] [INFO ] q.lib.plugins.DetectionPluginTools - 78 nuclei detected (processing time: 7.16 seconds)
2024-10-23 02:33:24 INFO: 02:33:24.647 [main] [INFO ] q.l.p.CommandLineTaskRunner$CommandLineProgressMonitor - 78 nuclei detected (57%)
2024-10-23 02:33:25 INFO: 02:33:25.355 [task-runner-1-40] [INFO ] q.lib.plugins.DetectionPluginTools - 285 nuclei detected (processing time: 10.51 seconds)
2024-10-23 02:33:25 INFO: 02:33:25.356 [task-runner-1-55] [INFO ] q.lib.plugins.DetectionPluginTools - 0 nuclei detected (processing time: 6.94 seconds)
2024-10-23 02:33:25 INFO: 02:33:25.357 [main] [INFO ] q.l.p.CommandLineTaskRunner$CommandLineProgressMonitor - 285 nuclei detected (58%)
2024-10-23 02:33:25 INFO: 02:33:25.358 [main] [INFO ] q.l.p.CommandLineTaskRunner$CommandLineProgressMonitor - 0 nuclei detected (59%)
2024-10-23 02:33:25 INFO: 02:33:25.429 [task-runner-1-19] [INFO ] q.lib.plugins.DetectionPluginTools - 0 nuclei detected (processing time: 7.08 seconds)
2024-10-23 02:33:25 INFO: 02:33:25.436 [task-runner-1-8] [INFO ] q.lib.plugins.DetectionPluginTools - 21 nuclei detected (processing time: 5.95 seconds)
2024-10-23 02:33:25 INFO: 02:33:25.438 [main] [INFO ] q.l.p.CommandLineTaskRunner$CommandLineProgressMonitor - 21 nuclei detected (60%)
2024-10-23 02:33:25 INFO: 02:33:25.440 [task-runner-1-62] [INFO ] q.lib.plugins.DetectionPluginTools - 0 nuclei detected (processing time: 6.99 seconds)
2024-10-23 02:33:25 INFO: 02:33:25.441 [main] [INFO ] q.l.p.CommandLineTaskRunner$CommandLineProgressMonitor - 0 nuclei detected (61%)
2024-10-23 02:33:26 INFO: 02:33:26.494 [task-runner-1-39] [INFO ] q.lib.plugins.DetectionPluginTools - 997 nuclei detected (processing time: 9.25 seconds)
2024-10-23 02:33:26 INFO: 02:33:26.497 [main] [INFO ] q.l.p.CommandLineTaskRunner$CommandLineProgressMonitor - 997 nuclei detected (61%)
2024-10-23 02:33:26 INFO: 02:33:26.653 [task-runner-1-56] [INFO ] q.lib.plugins.DetectionPluginTools - 325 nuclei detected (processing time: 7.08 seconds)
2024-10-23 02:33:26 INFO: 02:33:26.654 [main] [INFO ] q.l.p.CommandLineTaskRunner$CommandLineProgressMonitor - 325 nuclei detected (62%)
2024-10-23 02:33:26 INFO: 02:33:26.868 [task-runner-1-15] [INFO ] q.lib.plugins.DetectionPluginTools - 3931 nuclei detected (processing time: 20.02 seconds)
2024-10-23 02:33:26 INFO: 02:33:26.869 [main] [INFO ] q.l.p.CommandLineTaskRunner$CommandLineProgressMonitor - 3931 nuclei detected (63%)
2024-10-23 02:33:27 INFO: 02:33:27.059 [task-runner-1-22] [INFO ] q.lib.plugins.DetectionPluginTools - 2151 nuclei detected (processing time: 16.21 seconds)
2024-10-23 02:33:27 INFO: 02:33:27.060 [main] [INFO ] q.l.p.CommandLineTaskRunner$CommandLineProgressMonitor - 2151 nuclei detected (63%)
2024-10-23 02:33:27 INFO: 02:33:27.804 [task-runner-1-27] [INFO ] q.lib.plugins.DetectionPluginTools - 0 nuclei detected (processing time: 6.68 seconds)
2024-10-23 02:33:27 INFO: 02:33:27.805 [main] [INFO ] q.l.p.CommandLineTaskRunner$CommandLineProgressMonitor - 0 nuclei detected (64%)
2024-10-23 02:33:27 INFO: 02:33:27.913 [task-runner-1-36] [INFO ] q.lib.plugins.DetectionPluginTools - 0 nuclei detected (processing time: 6.51 seconds)
2024-10-23 02:33:28 INFO: 02:33:28.188 [task-runner-1-29] [INFO ] q.lib.plugins.DetectionPluginTools - 1277 nuclei detected (processing time: 12.45 seconds)
2024-10-23 02:33:28 INFO: 02:33:28.190 [main] [INFO ] q.l.p.CommandLineTaskRunner$CommandLineProgressMonitor - 1277 nuclei detected (65%)
2024-10-23 02:33:28 INFO: 02:33:28.333 [task-runner-1-33] [INFO ] q.lib.plugins.DetectionPluginTools - 0 nuclei detected (processing time: 6.30 seconds)
2024-10-23 02:33:28 INFO: 02:33:28.334 [main] [INFO ] q.l.p.CommandLineTaskRunner$CommandLineProgressMonitor - 0 nuclei detected (66%)
2024-10-23 02:33:28 INFO: 02:33:28.531 [task-runner-1-16] [INFO ] q.lib.plugins.DetectionPluginTools - 8 nuclei detected (processing time: 6.25 seconds)
2024-10-23 02:33:28 INFO: 02:33:28.532 [main] [INFO ] q.l.p.CommandLineTaskRunner$CommandLineProgressMonitor - 8 nuclei detected (66%)
2024-10-23 02:33:28 INFO: 02:33:28.997 [task-runner-1-59] [INFO ] q.lib.plugins.DetectionPluginTools - 1270 nuclei detected (processing time: 13.37 seconds)
2024-10-23 02:33:28 INFO: 02:33:28.998 [main] [INFO ] q.l.p.CommandLineTaskRunner$CommandLineProgressMonitor - 1270 nuclei detected (67%)
2024-10-23 02:33:29 INFO: 02:33:29.054 [task-runner-1-48] [INFO ] q.lib.plugins.DetectionPluginTools - 1 nucleus detected (processing time: 6.13 seconds)
2024-10-23 02:33:29 INFO: 02:33:29.054 [main] [INFO ] q.l.p.CommandLineTaskRunner$CommandLineProgressMonitor - 1 nucleus detected (68%)
2024-10-23 02:33:29 INFO: 02:33:29.501 [task-runner-1-45] [INFO ] q.lib.plugins.DetectionPluginTools - 2982 nuclei detected (processing time: 19.41 seconds)
2024-10-23 02:33:29 INFO: 02:33:29.501 [main] [INFO ] q.l.p.CommandLineTaskRunner$CommandLineProgressMonitor - 2982 nuclei detected (68%)
2024-10-23 02:33:29 INFO: 02:33:29.524 [task-runner-1-10] [INFO ] q.lib.plugins.DetectionPluginTools - 3174 nuclei detected (processing time: 19.78 seconds)
2024-10-23 02:33:29 INFO: 02:33:29.525 [main] [INFO ] q.l.p.CommandLineTaskRunner$CommandLineProgressMonitor - 3174 nuclei detected (69%)
2024-10-23 02:33:29 INFO: 02:33:29.615 [task-runner-1-12] [INFO ] q.lib.plugins.DetectionPluginTools - 1 nucleus detected (processing time: 5.87 seconds)
2024-10-23 02:33:29 INFO: 02:33:29.615 [main] [INFO ] q.l.p.CommandLineTaskRunner$CommandLineProgressMonitor - 1 nucleus detected (69%)
2024-10-23 02:33:29 INFO: 02:33:29.617 [task-runner-1-31] [INFO ] q.lib.plugins.DetectionPluginTools - 2988 nuclei detected (processing time: 19.81 seconds)
2024-10-23 02:33:29 INFO: 02:33:29.617 [main] [INFO ] q.l.p.CommandLineTaskRunner$CommandLineProgressMonitor - 2988 nuclei detected (70%)
2024-10-23 02:33:29 INFO: 02:33:29.657 [task-runner-1-30] [INFO ] q.lib.plugins.DetectionPluginTools - 0 nuclei detected (processing time: 6.20 seconds)
2024-10-23 02:33:29 INFO: 02:33:29.657 [main] [INFO ] q.l.p.CommandLineTaskRunner$CommandLineProgressMonitor - 0 nuclei detected (71%)
2024-10-23 02:33:29 INFO: 02:33:29.890 [task-runner-1-4] [INFO ] q.lib.plugins.DetectionPluginTools - 4129 nuclei detected (processing time: 22.76 seconds)
2024-10-23 02:33:29 INFO: 02:33:29.891 [main] [INFO ] q.l.p.CommandLineTaskRunner$CommandLineProgressMonitor - 4129 nuclei detected (71%)
2024-10-23 02:33:29 INFO: 02:33:29.906 [task-runner-1-63] [INFO ] q.lib.plugins.DetectionPluginTools - 2807 nuclei detected (processing time: 19.77 seconds)
2024-10-23 02:33:29 INFO: 02:33:29.907 [main] [INFO ] q.l.p.CommandLineTaskRunner$CommandLineProgressMonitor - 2807 nuclei detected (72%)
2024-10-23 02:33:29 INFO: 02:33:29.979 [task-runner-1-1] [INFO ] q.lib.plugins.DetectionPluginTools - 1404 nuclei detected (processing time: 10.34 seconds)
2024-10-23 02:33:29 INFO: 02:33:29.980 [main] [INFO ] q.l.p.CommandLineTaskRunner$CommandLineProgressMonitor - 1404 nuclei detected (73%)
2024-10-23 02:33:29 INFO: 02:33:29.996 [task-runner-1-17] [INFO ] q.lib.plugins.DetectionPluginTools - 1 nucleus detected (processing time: 6.43 seconds)
2024-10-23 02:33:29 INFO: 02:33:29.996 [main] [INFO ] q.l.p.CommandLineTaskRunner$CommandLineProgressMonitor - 1 nucleus detected (73%)
2024-10-23 02:33:30 INFO: 02:33:30.077 [task-runner-1-2] [INFO ] q.lib.plugins.DetectionPluginTools - 3519 nuclei detected (processing time: 22.53 seconds)
2024-10-23 02:33:30 INFO: 02:33:30.078 [main] [INFO ] q.l.p.CommandLineTaskRunner$CommandLineProgressMonitor - 3519 nuclei detected (74%)
2024-10-23 02:33:30 INFO: 02:33:30.198 [task-runner-1-49] [INFO ] q.lib.plugins.DetectionPluginTools - 2424 nuclei detected (processing time: 19.97 seconds)
2024-10-23 02:33:30 INFO: 02:33:30.199 [main] [INFO ] q.l.p.CommandLineTaskRunner$CommandLineProgressMonitor - 2424 nuclei detected (74%)
2024-10-23 02:33:30 INFO: 02:33:30.207 [task-runner-1-35] [INFO ] q.lib.plugins.DetectionPluginTools - 2504 nuclei detected (processing time: 19.71 seconds)
2024-10-23 02:33:30 INFO: 02:33:30.208 [main] [INFO ] q.l.p.CommandLineTaskRunner$CommandLineProgressMonitor - 2504 nuclei detected (75%)
2024-10-23 02:33:30 INFO: 02:33:30.214 [task-runner-1-37] [INFO ] q.lib.plugins.DetectionPluginTools - 0 nuclei detected (processing time: 6.35 seconds)
2024-10-23 02:33:30 INFO: 02:33:30.215 [main] [INFO ] q.l.p.CommandLineTaskRunner$CommandLineProgressMonitor - 0 nuclei detected (76%)
2024-10-23 02:33:30 INFO: 02:33:30.235 [task-runner-1-44] [INFO ] q.lib.plugins.DetectionPluginTools - 0 nuclei detected (processing time: 5.65 seconds)
2024-10-23 02:33:30 INFO: 02:33:30.470 [task-runner-1-18] [INFO ] q.lib.plugins.DetectionPluginTools - 1 nucleus detected (processing time: 6.48 seconds)
2024-10-23 02:33:30 INFO: 02:33:30.471 [main] [INFO ] q.l.p.CommandLineTaskRunner$CommandLineProgressMonitor - 1 nucleus detected (77%)
2024-10-23 02:33:30 INFO: 02:33:30.501 [task-runner-1-11] [INFO ] q.lib.plugins.DetectionPluginTools - 3288 nuclei detected (processing time: 22.81 seconds)
2024-10-23 02:33:30 INFO: 02:33:30.502 [main] [INFO ] q.l.p.CommandLineTaskRunner$CommandLineProgressMonitor - 3288 nuclei detected (78%)
2024-10-23 02:33:30 INFO: 02:33:30.722 [task-runner-1-7] [INFO ] q.lib.plugins.DetectionPluginTools - 3857 nuclei detected (processing time: 23.47 seconds)
2024-10-23 02:33:30 INFO: 02:33:30.723 [main] [INFO ] q.l.p.CommandLineTaskRunner$CommandLineProgressMonitor - 3857 nuclei detected (78%)
2024-10-23 02:33:30 INFO: 02:33:30.729 [task-runner-1-8] [INFO ] q.lib.plugins.DetectionPluginTools - 0 nuclei detected (processing time: 5.29 seconds)
2024-10-23 02:33:30 INFO: 02:33:30.729 [main] [INFO ] q.l.p.CommandLineTaskRunner$CommandLineProgressMonitor - 0 nuclei detected (79%)
2024-10-23 02:33:30 INFO: 02:33:30.735 [task-runner-1-55] [INFO ] q.lib.plugins.DetectionPluginTools - 0 nuclei detected (processing time: 5.38 seconds)
2024-10-23 02:33:30 INFO: 02:33:30.763 [task-runner-1-58] [INFO ] q.lib.plugins.DetectionPluginTools - 1 nucleus detected (processing time: 6.16 seconds)
2024-10-23 02:33:30 INFO: 02:33:30.763 [main] [INFO ] q.l.p.CommandLineTaskRunner$CommandLineProgressMonitor - 1 nucleus detected (80%)
2024-10-23 02:33:30 INFO: 02:33:30.773 [task-runner-1-32] [INFO ] q.lib.plugins.DetectionPluginTools - 5205 nuclei detected (processing time: 23.92 seconds)
2024-10-23 02:33:30 INFO: 02:33:30.773 [main] [INFO ] q.l.p.CommandLineTaskRunner$CommandLineProgressMonitor - 5205 nuclei detected (81%)
2024-10-23 02:33:30 INFO: 02:33:30.796 [task-runner-1-9] [INFO ] q.lib.plugins.DetectionPluginTools - 6304 nuclei detected (processing time: 23.95 seconds)
2024-10-23 02:33:30 INFO: 02:33:30.796 [main] [INFO ] q.l.p.CommandLineTaskRunner$CommandLineProgressMonitor - 6304 nuclei detected (81%)
2024-10-23 02:33:30 INFO: 02:33:30.811 [task-runner-1-14] [INFO ] q.lib.plugins.DetectionPluginTools - 1 nucleus detected (processing time: 6.23 seconds)
2024-10-23 02:33:30 INFO: 02:33:30.812 [main] [INFO ] q.l.p.CommandLineTaskRunner$CommandLineProgressMonitor - 1 nucleus detected (82%)
2024-10-23 02:33:30 INFO: 02:33:30.820 [task-runner-1-38] [INFO ] q.lib.plugins.DetectionPluginTools - 0 nuclei detected (processing time: 6.17 seconds)
2024-10-23 02:33:30 INFO: 02:33:30.820 [main] [INFO ] q.l.p.CommandLineTaskRunner$CommandLineProgressMonitor - 0 nuclei detected (83%)
2024-10-23 02:33:30 INFO: 02:33:30.827 [task-runner-1-26] [INFO ] q.lib.plugins.DetectionPluginTools - 4014 nuclei detected (processing time: 20.83 seconds)
2024-10-23 02:33:30 INFO: 02:33:30.828 [main] [INFO ] q.l.p.CommandLineTaskRunner$CommandLineProgressMonitor - 4014 nuclei detected (83%)
2024-10-23 02:33:30 INFO: 02:33:30.977 [task-runner-1-40] [INFO ] q.lib.plugins.DetectionPluginTools - 0 nuclei detected (processing time: 5.62 seconds)
2024-10-23 02:33:30 INFO: 02:33:30.977 [main] [INFO ] q.l.p.CommandLineTaskRunner$CommandLineProgressMonitor - 0 nuclei detected (84%)
2024-10-23 02:33:31 INFO: 02:33:31.013 [task-runner-1-34] [INFO ] q.lib.plugins.DetectionPluginTools - 2649 nuclei detected (processing time: 20.47 seconds)
2024-10-23 02:33:31 INFO: 02:33:31.013 [main] [INFO ] q.l.p.CommandLineTaskRunner$CommandLineProgressMonitor - 2649 nuclei detected (84%)
2024-10-23 02:33:31 INFO: 02:33:31.064 [task-runner-1-46] [INFO ] q.lib.plugins.DetectionPluginTools - 3444 nuclei detected (processing time: 21.00 seconds)
2024-10-23 02:33:31 INFO: 02:33:31.064 [main] [INFO ] q.l.p.CommandLineTaskRunner$CommandLineProgressMonitor - 3444 nuclei detected (85%)
2024-10-23 02:33:31 INFO: 02:33:31.094 [task-runner-1-50] [INFO ] q.lib.plugins.DetectionPluginTools - 2787 nuclei detected (processing time: 20.55 seconds)
2024-10-23 02:33:31 INFO: 02:33:31.094 [main] [INFO ] q.l.p.CommandLineTaskRunner$CommandLineProgressMonitor - 2787 nuclei detected (86%)
2024-10-23 02:33:31 INFO: 02:33:31.158 [task-runner-1-13] [INFO ] q.lib.plugins.DetectionPluginTools - 3275 nuclei detected (processing time: 21.34 seconds)
2024-10-23 02:33:31 INFO: 02:33:31.159 [main] [INFO ] q.l.p.CommandLineTaskRunner$CommandLineProgressMonitor - 3275 nuclei detected (86%)
2024-10-23 02:33:31 INFO: 02:33:31.184 [task-runner-1-25] [INFO ] q.lib.plugins.DetectionPluginTools - 3476 nuclei detected (processing time: 20.65 seconds)
2024-10-23 02:33:31 INFO: 02:33:31.184 [main] [INFO ] q.l.p.CommandLineTaskRunner$CommandLineProgressMonitor - 3476 nuclei detected (87%)
2024-10-23 02:33:31 INFO: 02:33:31.231 [task-runner-1-62] [INFO ] q.lib.plugins.DetectionPluginTools - 0 nuclei detected (processing time: 5.79 seconds)
2024-10-23 02:33:31 INFO: 02:33:31.232 [main] [INFO ] q.l.p.CommandLineTaskRunner$CommandLineProgressMonitor - 0 nuclei detected (88%)
2024-10-23 02:33:31 INFO: 02:33:31.232 [task-runner-1-5] [INFO ] q.lib.plugins.DetectionPluginTools - 4024 nuclei detected (processing time: 21.24 seconds)
2024-10-23 02:33:31 INFO: 02:33:31.232 [main] [INFO ] q.l.p.CommandLineTaskRunner$CommandLineProgressMonitor - 4024 nuclei detected (88%)
2024-10-23 02:33:31 INFO: 02:33:31.265 [task-runner-1-21] [INFO ] q.lib.plugins.DetectionPluginTools - 1065 nuclei detected (processing time: 16.29 seconds)
2024-10-23 02:33:31 INFO: 02:33:31.266 [main] [INFO ] q.l.p.CommandLineTaskRunner$CommandLineProgressMonitor - 1065 nuclei detected (89%)
2024-10-23 02:33:31 INFO: 02:33:31.381 [task-runner-1-47] [INFO ] q.lib.plugins.DetectionPluginTools - 4250 nuclei detected (processing time: 21.53 seconds)
2024-10-23 02:33:31 INFO: 02:33:31.382 [main] [INFO ] q.l.p.CommandLineTaskRunner$CommandLineProgressMonitor - 4250 nuclei detected (89%)
2024-10-23 02:33:31 INFO: 02:33:31.426 [task-runner-1-19] [INFO ] q.lib.plugins.DetectionPluginTools - 0 nuclei detected (processing time: 6.00 seconds)
2024-10-23 02:33:31 INFO: 02:33:31.427 [main] [INFO ] q.l.p.CommandLineTaskRunner$CommandLineProgressMonitor - 0 nuclei detected (90%)
2024-10-23 02:33:31 INFO: 02:33:31.565 [task-runner-1-54] [INFO ] q.lib.plugins.DetectionPluginTools - 2252 nuclei detected (processing time: 11.00 seconds)
2024-10-23 02:33:31 INFO: 02:33:31.565 [main] [INFO ] q.l.p.CommandLineTaskRunner$CommandLineProgressMonitor - 2252 nuclei detected (91%)
2024-10-23 02:33:31 INFO: 02:33:31.593 [task-runner-1-52] [INFO ] q.lib.plugins.DetectionPluginTools - 1934 nuclei detected (processing time: 16.32 seconds)
2024-10-23 02:33:31 INFO: 02:33:31.594 [main] [INFO ] q.l.p.CommandLineTaskRunner$CommandLineProgressMonitor - 1934 nuclei detected (91%)
2024-10-23 02:33:31 INFO: 02:33:31.626 [task-runner-1-23] [INFO ] q.lib.plugins.DetectionPluginTools - 3477 nuclei detected (processing time: 20.86 seconds)
2024-10-23 02:33:31 INFO: 02:33:31.626 [main] [INFO ] q.l.p.CommandLineTaskRunner$CommandLineProgressMonitor - 3477 nuclei detected (92%)
2024-10-23 02:33:31 INFO: 02:33:31.731 [task-runner-1-20] [INFO ] q.lib.plugins.DetectionPluginTools - 3624 nuclei detected (processing time: 21.09 seconds)
2024-10-23 02:33:31 INFO: 02:33:31.731 [main] [INFO ] q.l.p.CommandLineTaskRunner$CommandLineProgressMonitor - 3624 nuclei detected (93%)
2024-10-23 02:33:31 INFO: 02:33:31.965 [task-runner-1-28] [INFO ] q.lib.plugins.DetectionPluginTools - 3631 nuclei detected (processing time: 22.00 seconds)
2024-10-23 02:33:31 INFO: 02:33:31.965 [main] [INFO ] q.l.p.CommandLineTaskRunner$CommandLineProgressMonitor - 3631 nuclei detected (93%)
2024-10-23 02:33:32 INFO: 02:33:32.030 [task-runner-1-51] [INFO ] q.lib.plugins.DetectionPluginTools - 3530 nuclei detected (processing time: 21.30 seconds)
2024-10-23 02:33:32 INFO: 02:33:32.030 [main] [INFO ] q.l.p.CommandLineTaskRunner$CommandLineProgressMonitor - 3530 nuclei detected (94%)
2024-10-23 02:33:32 INFO: 02:33:32.116 [task-runner-1-43] [INFO ] q.lib.plugins.DetectionPluginTools - 3875 nuclei detected (processing time: 21.34 seconds)
2024-10-23 02:33:32 INFO: 02:33:32.116 [main] [INFO ] q.l.p.CommandLineTaskRunner$CommandLineProgressMonitor - 3875 nuclei detected (94%)
2024-10-23 02:33:32 INFO: 02:33:32.375 [task-runner-1-3] [INFO ] q.lib.plugins.DetectionPluginTools - 2869 nuclei detected (processing time: 16.63 seconds)
2024-10-23 02:33:32 INFO: 02:33:32.375 [main] [INFO ] q.l.p.CommandLineTaskRunner$CommandLineProgressMonitor - 2869 nuclei detected (95%)
2024-10-23 02:33:32 INFO: 02:33:32.510 [task-runner-1-60] [INFO ] q.lib.plugins.DetectionPluginTools - 5036 nuclei detected (processing time: 21.70 seconds)
2024-10-23 02:33:32 INFO: 02:33:32.510 [main] [INFO ] q.l.p.CommandLineTaskRunner$CommandLineProgressMonitor - 5036 nuclei detected (96%)
2024-10-23 02:33:32 INFO: 02:33:32.596 [task-runner-1-53] [INFO ] q.lib.plugins.DetectionPluginTools - 2613 nuclei detected (processing time: 11.51 seconds)
2024-10-23 02:33:32 INFO: 02:33:32.596 [main] [INFO ] q.l.p.CommandLineTaskRunner$CommandLineProgressMonitor - 2613 nuclei detected (96%)
2024-10-23 02:33:32 INFO: 02:33:32.829 [task-runner-1-42] [INFO ] q.lib.plugins.DetectionPluginTools - 3744 nuclei detected (processing time: 17.01 seconds)
2024-10-23 02:33:32 INFO: 02:33:32.829 [main] [INFO ] q.l.p.CommandLineTaskRunner$CommandLineProgressMonitor - 3744 nuclei detected (97%)
2024-10-23 02:33:33 INFO: 02:33:33.046 [task-runner-1-24] [INFO ] q.lib.plugins.DetectionPluginTools - 4503 nuclei detected (processing time: 22.27 seconds)
2024-10-23 02:33:33 INFO: 02:33:33.047 [main] [INFO ] q.l.p.CommandLineTaskRunner$CommandLineProgressMonitor - 4503 nuclei detected (98%)
2024-10-23 02:33:33 INFO: 02:33:33.888 [task-runner-1-41] [INFO ] q.lib.plugins.DetectionPluginTools - 4936 nuclei detected (processing time: 18.03 seconds)
2024-10-23 02:33:33 INFO: 02:33:33.888 [main] [INFO ] q.l.p.CommandLineTaskRunner$CommandLineProgressMonitor - 4936 nuclei detected (98%)
2024-10-23 02:33:33 INFO: 02:33:33.991 [task-runner-1-6] [INFO ] q.lib.plugins.DetectionPluginTools - 4504 nuclei detected (processing time: 16.75 seconds)
2024-10-23 02:33:33 INFO: 02:33:33.991 [main] [INFO ] q.l.p.CommandLineTaskRunner$CommandLineProgressMonitor - 4504 nuclei detected (99%)
2024-10-23 02:33:34 INFO: 02:33:34.380 [task-runner-1-57] [INFO ] q.lib.plugins.DetectionPluginTools - 5273 nuclei detected (processing time: 17.51 seconds)
2024-10-23 02:33:34 INFO: 02:33:34.380 [main] [INFO ] q.l.p.CommandLineTaskRunner$CommandLineProgressMonitor - 5273 nuclei detected (99%)
2024-10-23 02:33:34 INFO: 02:33:34.699 [task-runner-1-61] [INFO ] q.lib.plugins.DetectionPluginTools - 5452 nuclei detected (processing time: 17.82 seconds)
2024-10-23 02:33:34 INFO: 02:33:34.700 [main] [INFO ] q.l.p.CommandLineTaskRunner$CommandLineProgressMonitor - 5452 nuclei detected (100%)
2024-10-23 02:33:34 INFO: 02:33:34.700 [main] [INFO ] q.l.p.CommandLineTaskRunner$CommandLineProgressMonitor - Processing complete in 40.27 seconds
2024-10-23 02:33:34 INFO: 02:33:34.700 [main] [INFO ] q.l.p.CommandLineTaskRunner$CommandLineProgressMonitor - Tasks completed!
2024-10-23 02:33:46 INFO: 02:33:46.034 [main] [WARN ] q.l.p.objects.SmoothFeaturesPlugin - Smoothing using annotations
2024-10-23 02:33:50 INFO: 02:33:50.541 [main] [INFO ] q.l.p.CommandLineTaskRunner$CommandLineProgressMonitor - Completed (100%)
2024-10-23 02:33:50 INFO: 02:33:50.541 [main] [INFO ] q.l.p.CommandLineTaskRunner$CommandLineProgressMonitor - Processing complete in 4.51 seconds
2024-10-23 02:33:50 INFO: 02:33:50.541 [main] [INFO ] q.l.p.CommandLineTaskRunner$CommandLineProgressMonitor - Tasks completed!
2024-10-23 02:33:50 INFO: 02:33:50.543 [main] [WARN ] q.l.p.objects.SmoothFeaturesPlugin - Smoothing using annotations
2024-10-23 02:33:57 INFO: 02:33:57.392 [main] [INFO ] q.l.p.CommandLineTaskRunner$CommandLineProgressMonitor - Completed (100%)
2024-10-23 02:33:57 INFO: 02:33:57.393 [main] [INFO ] q.l.p.CommandLineTaskRunner$CommandLineProgressMonitor - Processing complete in 6.85 seconds
2024-10-23 02:33:57 INFO: 02:33:57.393 [main] [INFO ] q.l.p.CommandLineTaskRunner$CommandLineProgressMonitor - Tasks completed!
2024-10-23 02:33:57 INFO: 02:33:57.394 [main] [WARN ] q.l.p.objects.SmoothFeaturesPlugin - Smoothing using annotations
2024-10-23 02:34:14 INFO: 02:34:14.705 [main] [INFO ] q.l.p.CommandLineTaskRunner$CommandLineProgressMonitor - Completed (100%)
2024-10-23 02:34:14 INFO: 02:34:14.705 [main] [INFO ] q.l.p.CommandLineTaskRunner$CommandLineProgressMonitor - Processing complete in 17.31 seconds
2024-10-23 02:34:14 INFO: 02:34:14.705 [main] [INFO ] q.l.p.CommandLineTaskRunner$CommandLineProgressMonitor - Tasks completed!
2024-10-23 02:34:14 INFO: 02:34:14.908 [task-runner-5-2] [INFO ] q.l.a.IntensityFeaturesPlugin - Splitting Rectangle (0, 0, 63784, 39311) into 40 tiles for intensity measurements
2024-10-23 02:34:15 INFO: 02:34:15.135 [main] [INFO ] q.l.p.CommandLineTaskRunner$CommandLineProgressMonitor - Completed (0%)
2024-10-23 02:34:15 INFO: 02:34:15.957 [main] [INFO ] q.l.p.CommandLineTaskRunner$CommandLineProgressMonitor - Completed (1%)
2024-10-23 02:34:16 INFO: 02:34:16.336 [main] [INFO ] q.l.p.CommandLineTaskRunner$CommandLineProgressMonitor - Completed (2%)
2024-10-23 02:34:16 INFO: 02:34:16.590 [main] [INFO ] q.l.p.CommandLineTaskRunner$CommandLineProgressMonitor - Completed (3%)
2024-10-23 02:34:17 INFO: 02:34:17.079 [main] [INFO ] q.l.p.CommandLineTaskRunner$CommandLineProgressMonitor - Completed (4%)
2024-10-23 02:34:17 INFO: 02:34:17.231 [main] [INFO ] q.l.p.CommandLineTaskRunner$CommandLineProgressMonitor - Completed (5%)
2024-10-23 02:34:17 INFO: 02:34:17.341 [main] [INFO ] q.l.p.CommandLineTaskRunner$CommandLineProgressMonitor - Completed (6%)
2024-10-23 02:34:17 INFO: 02:34:17.462 [main] [INFO ] q.l.p.CommandLineTaskRunner$CommandLineProgressMonitor - Completed (7%)
2024-10-23 02:34:17 INFO: 02:34:17.556 [main] [INFO ] q.l.p.CommandLineTaskRunner$CommandLineProgressMonitor - Completed (8%)
2024-10-23 02:34:17 INFO: 02:34:17.653 [main] [INFO ] q.l.p.CommandLineTaskRunner$CommandLineProgressMonitor - Completed (9%)
2024-10-23 02:34:18 INFO: 02:34:18.083 [main] [INFO ] q.l.p.CommandLineTaskRunner$CommandLineProgressMonitor - Completed (10%)
2024-10-23 02:34:18 INFO: 02:34:18.191 [main] [INFO ] q.l.p.CommandLineTaskRunner$CommandLineProgressMonitor - Completed (11%)
2024-10-23 02:34:18 INFO: 02:34:18.312 [main] [INFO ] q.l.p.CommandLineTaskRunner$CommandLineProgressMonitor - Completed (12%)
2024-10-23 02:34:18 INFO: 02:34:18.414 [main] [INFO ] q.l.p.CommandLineTaskRunner$CommandLineProgressMonitor - Completed (13%)
2024-10-23 02:34:18 INFO: 02:34:18.514 [main] [INFO ] q.l.p.CommandLineTaskRunner$CommandLineProgressMonitor - Completed (14%)
2024-10-23 02:34:18 INFO: 02:34:18.975 [main] [INFO ] q.l.p.CommandLineTaskRunner$CommandLineProgressMonitor - Completed (15%)
2024-10-23 02:34:19 INFO: 02:34:19.084 [main] [INFO ] q.l.p.CommandLineTaskRunner$CommandLineProgressMonitor - Completed (16%)
2024-10-23 02:34:19 INFO: 02:34:19.198 [main] [INFO ] q.l.p.CommandLineTaskRunner$CommandLineProgressMonitor - Completed (17%)
2024-10-23 02:34:19 INFO: 02:34:19.293 [main] [INFO ] q.l.p.CommandLineTaskRunner$CommandLineProgressMonitor - Completed (18%)
2024-10-23 02:34:19 INFO: 02:34:19.380 [main] [INFO ] q.l.p.CommandLineTaskRunner$CommandLineProgressMonitor - Completed (19%)
2024-10-23 02:34:19 INFO: 02:34:19.745 [main] [INFO ] q.l.p.CommandLineTaskRunner$CommandLineProgressMonitor - Completed (20%)
2024-10-23 02:34:19 INFO: 02:34:19.849 [main] [INFO ] q.l.p.CommandLineTaskRunner$CommandLineProgressMonitor - Completed (21%)
2024-10-23 02:34:19 INFO: 02:34:19.961 [main] [INFO ] q.l.p.CommandLineTaskRunner$CommandLineProgressMonitor - Completed (22%)
2024-10-23 02:34:20 INFO: 02:34:20.057 [main] [INFO ] q.l.p.CommandLineTaskRunner$CommandLineProgressMonitor - Completed (23%)
2024-10-23 02:34:20 INFO: 02:34:20.294 [main] [INFO ] q.l.p.CommandLineTaskRunner$CommandLineProgressMonitor - Completed (24%)
2024-10-23 02:34:20 INFO: 02:34:20.534 [main] [INFO ] q.l.p.CommandLineTaskRunner$CommandLineProgressMonitor - Completed (25%)
2024-10-23 02:34:20 INFO: 02:34:20.639 [main] [INFO ] q.l.p.CommandLineTaskRunner$CommandLineProgressMonitor - Completed (26%)
2024-10-23 02:34:20 INFO: 02:34:20.771 [main] [INFO ] q.l.p.CommandLineTaskRunner$CommandLineProgressMonitor - Completed (27%)
2024-10-23 02:34:20 INFO: 02:34:20.908 [main] [INFO ] q.l.p.CommandLineTaskRunner$CommandLineProgressMonitor - Completed (28%)
2024-10-23 02:34:21 INFO: 02:34:21.064 [main] [INFO ] q.l.p.CommandLineTaskRunner$CommandLineProgressMonitor - Completed (29%)
2024-10-23 02:34:21 INFO: 02:34:21.189 [main] [INFO ] q.l.p.CommandLineTaskRunner$CommandLineProgressMonitor - Completed (30%)
2024-10-23 02:34:21 INFO: 02:34:21.309 [main] [INFO ] q.l.p.CommandLineTaskRunner$CommandLineProgressMonitor - Completed (31%)
2024-10-23 02:34:21 INFO: 02:34:21.411 [main] [INFO ] q.l.p.CommandLineTaskRunner$CommandLineProgressMonitor - Completed (32%)
2024-10-23 02:34:21 INFO: 02:34:21.519 [main] [INFO ] q.l.p.CommandLineTaskRunner$CommandLineProgressMonitor - Completed (33%)
2024-10-23 02:34:21 INFO: 02:34:21.614 [main] [INFO ] q.l.p.CommandLineTaskRunner$CommandLineProgressMonitor - Completed (34%)
2024-10-23 02:34:21 INFO: 02:34:21.716 [main] [INFO ] q.l.p.CommandLineTaskRunner$CommandLineProgressMonitor - Completed (35%)
2024-10-23 02:34:21 INFO: 02:34:21.810 [main] [INFO ] q.l.p.CommandLineTaskRunner$CommandLineProgressMonitor - Completed (36%)
2024-10-23 02:34:21 INFO: 02:34:21.917 [main] [INFO ] q.l.p.CommandLineTaskRunner$CommandLineProgressMonitor - Completed (37%)
2024-10-23 02:34:22 INFO: 02:34:22.065 [main] [INFO ] q.l.p.CommandLineTaskRunner$CommandLineProgressMonitor - Completed (38%)
2024-10-23 02:34:22 INFO: 02:34:22.211 [main] [INFO ] q.l.p.CommandLineTaskRunner$CommandLineProgressMonitor - Completed (39%)
2024-10-23 02:34:22 INFO: 02:34:22.440 [main] [INFO ] q.l.p.CommandLineTaskRunner$CommandLineProgressMonitor - Completed (40%)
2024-10-23 02:34:22 INFO: 02:34:22.555 [main] [INFO ] q.l.p.CommandLineTaskRunner$CommandLineProgressMonitor - Completed (41%)
2024-10-23 02:34:22 INFO: 02:34:22.665 [main] [INFO ] q.l.p.CommandLineTaskRunner$CommandLineProgressMonitor - Completed (42%)
2024-10-23 02:34:22 INFO: 02:34:22.775 [main] [INFO ] q.l.p.CommandLineTaskRunner$CommandLineProgressMonitor - Completed (43%)
2024-10-23 02:34:22 INFO: 02:34:22.889 [main] [INFO ] q.l.p.CommandLineTaskRunner$CommandLineProgressMonitor - Completed (44%)
2024-10-23 02:34:23 INFO: 02:34:23.009 [main] [INFO ] q.l.p.CommandLineTaskRunner$CommandLineProgressMonitor - Completed (45%)
2024-10-23 02:34:23 INFO: 02:34:23.119 [main] [INFO ] q.l.p.CommandLineTaskRunner$CommandLineProgressMonitor - Completed (46%)
2024-10-23 02:34:23 INFO: 02:34:23.249 [main] [INFO ] q.l.p.CommandLineTaskRunner$CommandLineProgressMonitor - Completed (47%)
2024-10-23 02:34:23 INFO: 02:34:23.369 [main] [INFO ] q.l.p.CommandLineTaskRunner$CommandLineProgressMonitor - Completed (48%)
2024-10-23 02:34:23 INFO: 02:34:23.475 [main] [INFO ] q.l.p.CommandLineTaskRunner$CommandLineProgressMonitor - Completed (49%)
2024-10-23 02:34:23 INFO: 02:34:23.579 [main] [INFO ] q.l.p.CommandLineTaskRunner$CommandLineProgressMonitor - Completed (50%)
2024-10-23 02:34:23 INFO: 02:34:23.686 [main] [INFO ] q.l.p.CommandLineTaskRunner$CommandLineProgressMonitor - Completed (51%)
2024-10-23 02:34:23 INFO: 02:34:23.782 [main] [INFO ] q.l.p.CommandLineTaskRunner$CommandLineProgressMonitor - Completed (52%)
2024-10-23 02:34:23 INFO: 02:34:23.877 [main] [INFO ] q.l.p.CommandLineTaskRunner$CommandLineProgressMonitor - Completed (53%)
2024-10-23 02:34:23 INFO: 02:34:23.989 [main] [INFO ] q.l.p.CommandLineTaskRunner$CommandLineProgressMonitor - Completed (54%)
2024-10-23 02:34:24 INFO: 02:34:24.095 [main] [INFO ] q.l.p.CommandLineTaskRunner$CommandLineProgressMonitor - Completed (55%)
2024-10-23 02:34:24 INFO: 02:34:24.201 [main] [INFO ] q.l.p.CommandLineTaskRunner$CommandLineProgressMonitor - Completed (56%)
2024-10-23 02:34:24 INFO: 02:34:24.313 [main] [INFO ] q.l.p.CommandLineTaskRunner$CommandLineProgressMonitor - Completed (57%)
2024-10-23 02:34:24 INFO: 02:34:24.482 [main] [INFO ] q.l.p.CommandLineTaskRunner$CommandLineProgressMonitor - Completed (58%)
2024-10-23 02:34:24 INFO: 02:34:24.577 [main] [INFO ] q.l.p.CommandLineTaskRunner$CommandLineProgressMonitor - Completed (59%)
2024-10-23 02:34:24 INFO: 02:34:24.673 [main] [INFO ] q.l.p.CommandLineTaskRunner$CommandLineProgressMonitor - Completed (60%)
2024-10-23 02:34:24 INFO: 02:34:24.769 [main] [INFO ] q.l.p.CommandLineTaskRunner$CommandLineProgressMonitor - Completed (61%)
2024-10-23 02:34:24 INFO: 02:34:24.880 [main] [INFO ] q.l.p.CommandLineTaskRunner$CommandLineProgressMonitor - Completed (62%)
2024-10-23 02:34:24 INFO: 02:34:24.988 [main] [INFO ] q.l.p.CommandLineTaskRunner$CommandLineProgressMonitor - Completed (63%)
2024-10-23 02:34:25 INFO: 02:34:25.128 [main] [INFO ] q.l.p.CommandLineTaskRunner$CommandLineProgressMonitor - Completed (64%)
2024-10-23 02:34:25 INFO: 02:34:25.238 [main] [INFO ] q.l.p.CommandLineTaskRunner$CommandLineProgressMonitor - Completed (65%)
2024-10-23 02:34:25 INFO: 02:34:25.337 [main] [INFO ] q.l.p.CommandLineTaskRunner$CommandLineProgressMonitor - Completed (66%)
2024-10-23 02:34:25 INFO: 02:34:25.436 [main] [INFO ] q.l.p.CommandLineTaskRunner$CommandLineProgressMonitor - Completed (67%)
2024-10-23 02:34:25 INFO: 02:34:25.531 [main] [INFO ] q.l.p.CommandLineTaskRunner$CommandLineProgressMonitor - Completed (68%)
2024-10-23 02:34:25 INFO: 02:34:25.625 [main] [INFO ] q.l.p.CommandLineTaskRunner$CommandLineProgressMonitor - Completed (69%)
2024-10-23 02:34:25 INFO: 02:34:25.717 [main] [INFO ] q.l.p.CommandLineTaskRunner$CommandLineProgressMonitor - Completed (70%)
2024-10-23 02:34:25 INFO: 02:34:25.829 [main] [INFO ] q.l.p.CommandLineTaskRunner$CommandLineProgressMonitor - Completed (71%)
2024-10-23 02:34:25 INFO: 02:34:25.938 [main] [INFO ] q.l.p.CommandLineTaskRunner$CommandLineProgressMonitor - Completed (72%)
2024-10-23 02:34:26 INFO: 02:34:26.050 [main] [INFO ] q.l.p.CommandLineTaskRunner$CommandLineProgressMonitor - Completed (73%)
2024-10-23 02:34:26 INFO: 02:34:26.160 [main] [INFO ] q.l.p.CommandLineTaskRunner$CommandLineProgressMonitor - Completed (74%)
2024-10-23 02:34:26 INFO: 02:34:26.259 [main] [INFO ] q.l.p.CommandLineTaskRunner$CommandLineProgressMonitor - Completed (75%)
2024-10-23 02:34:26 INFO: 02:34:26.358 [main] [INFO ] q.l.p.CommandLineTaskRunner$CommandLineProgressMonitor - Completed (76%)
2024-10-23 02:34:26 INFO: 02:34:26.467 [main] [INFO ] q.l.p.CommandLineTaskRunner$CommandLineProgressMonitor - Completed (77%)
2024-10-23 02:34:26 INFO: 02:34:26.581 [main] [INFO ] q.l.p.CommandLineTaskRunner$CommandLineProgressMonitor - Completed (78%)
2024-10-23 02:34:26 INFO: 02:34:26.686 [main] [INFO ] q.l.p.CommandLineTaskRunner$CommandLineProgressMonitor - Completed (79%)
2024-10-23 02:34:26 INFO: 02:34:26.779 [main] [INFO ] q.l.p.CommandLineTaskRunner$CommandLineProgressMonitor - Completed (80%)
2024-10-23 02:34:26 INFO: 02:34:26.873 [main] [INFO ] q.l.p.CommandLineTaskRunner$CommandLineProgressMonitor - Completed (81%)
2024-10-23 02:34:27 INFO: 02:34:27.011 [main] [INFO ] q.l.p.CommandLineTaskRunner$CommandLineProgressMonitor - Completed (82%)
2024-10-23 02:34:27 INFO: 02:34:27.121 [main] [INFO ] q.l.p.CommandLineTaskRunner$CommandLineProgressMonitor - Completed (83%)
2024-10-23 02:34:27 INFO: 02:34:27.354 [main] [INFO ] q.l.p.CommandLineTaskRunner$CommandLineProgressMonitor - Completed (84%)
2024-10-23 02:34:27 INFO: 02:34:27.459 [main] [INFO ] q.l.p.CommandLineTaskRunner$CommandLineProgressMonitor - Completed (85%)
2024-10-23 02:34:27 INFO: 02:34:27.557 [main] [INFO ] q.l.p.CommandLineTaskRunner$CommandLineProgressMonitor - Completed (86%)
2024-10-23 02:34:27 INFO: 02:34:27.654 [main] [INFO ] q.l.p.CommandLineTaskRunner$CommandLineProgressMonitor - Completed (87%)
2024-10-23 02:34:27 INFO: 02:34:27.754 [main] [INFO ] q.l.p.CommandLineTaskRunner$CommandLineProgressMonitor - Completed (88%)
2024-10-23 02:34:27 INFO: 02:34:27.856 [main] [INFO ] q.l.p.CommandLineTaskRunner$CommandLineProgressMonitor - Completed (89%)
2024-10-23 02:34:27 INFO: 02:34:27.958 [main] [INFO ] q.l.p.CommandLineTaskRunner$CommandLineProgressMonitor - Completed (90%)
2024-10-23 02:34:28 INFO: 02:34:28.067 [main] [INFO ] q.l.p.CommandLineTaskRunner$CommandLineProgressMonitor - Completed (91%)
2024-10-23 02:34:28 INFO: 02:34:28.165 [main] [INFO ] q.l.p.CommandLineTaskRunner$CommandLineProgressMonitor - Completed (92%)
2024-10-23 02:34:28 INFO: 02:34:28.254 [main] [INFO ] q.l.p.CommandLineTaskRunner$CommandLineProgressMonitor - Completed (93%)
2024-10-23 02:34:28 INFO: 02:34:28.348 [main] [INFO ] q.l.p.CommandLineTaskRunner$CommandLineProgressMonitor - Completed (94%)
2024-10-23 02:34:28 INFO: 02:34:28.440 [main] [INFO ] q.l.p.CommandLineTaskRunner$CommandLineProgressMonitor - Completed (95%)
2024-10-23 02:34:28 INFO: 02:34:28.539 [main] [INFO ] q.l.p.CommandLineTaskRunner$CommandLineProgressMonitor - Completed (96%)
2024-10-23 02:34:28 INFO: 02:34:28.631 [main] [INFO ] q.l.p.CommandLineTaskRunner$CommandLineProgressMonitor - Completed (97%)
2024-10-23 02:34:28 INFO: 02:34:28.760 [main] [INFO ] q.l.p.CommandLineTaskRunner$CommandLineProgressMonitor - Completed (98%)
2024-10-23 02:34:28 INFO: 02:34:28.875 [main] [INFO ] q.l.p.CommandLineTaskRunner$CommandLineProgressMonitor - Completed (99%)
2024-10-23 02:34:28 INFO: 02:34:28.989 [main] [INFO ] q.l.p.CommandLineTaskRunner$CommandLineProgressMonitor - Completed (100%)
2024-10-23 02:35:24 INFO: 02:35:24.017 [main] [INFO ] q.l.p.CommandLineTaskRunner$CommandLineProgressMonitor - Completed (100%)
2024-10-23 02:35:24 INFO: 02:35:24.018 [main] [INFO ] q.l.p.CommandLineTaskRunner$CommandLineProgressMonitor - Processing complete in 69.12 seconds
2024-10-23 02:35:24 INFO: 02:35:24.019 [main] [INFO ] q.l.p.CommandLineTaskRunner$CommandLineProgressMonitor - Tasks completed!
2024-10-23 02:37:20 INFO: 02:37:20.071 [task-runner-6-1] [WARN ] q.o.features.DelaunayTriangulation - Some objects have missing measurements! Statistics will calculated only for objects with measurements available.
2024-10-23 02:37:20 INFO: 02:37:20.071 [task-runner-6-1] [WARN ] q.o.features.DelaunayTriangulation - Missing measurements: [ROI: 1.00 m per pixel: Residual: Haralick Correlation (F2), ROI: 1.00 m per pixel: Residual: Haralick Information measure of correlation 1 (F11), ROI: 1.00 m per pixel: Residual: Haralick Information measure of correlation 2 (F12)]
2024-10-23 02:37:20 INFO: 02:37:20.107 [main] [INFO ] q.l.p.CommandLineTaskRunner$CommandLineProgressMonitor - Delaunay triangulation calculated for Annotation (189576 objects) (100%)
2024-10-23 02:37:20 INFO: 02:37:20.107 [main] [INFO ] q.l.p.CommandLineTaskRunner$CommandLineProgressMonitor - Processing complete in 116.02 seconds
2024-10-23 02:37:20 INFO: 02:37:20.107 [main] [INFO ] q.l.p.CommandLineTaskRunner$CommandLineProgressMonitor - Tasks completed!
2024-10-23 02:39:30 INFO: TCGA-GI-A2C8-01Z-00-DX1.09BD8AC9-645A-4C8B-9B36-77D833BDBA09
2024-10-23 02:39:30 INFO: QuPath subprocess completed.
2024-10-23 02:39:40 INFO: QuPath image extraction completed successfully. Output directory: /home/ilants/Documents/jupyter_test/single_image_multiple_params/exp_minAreaMicrons_12.0
2024-10-23 02:39:40 INFO: Summary table saved to: /home/ilants/Documents/jupyter_test/single_image_multiple_params/exp_minAreaMicrons_12.0/Summary_Table.csv
2024-10-23 02:39:40 INFO: Experiment completed successfully.
